38.0 APEX_CODE,FINEST;APEX_PROFILING,INFO;CALLOUT,INFO;DB,INFO;SYSTEM,DEBUG;VALIDATION,INFO;VISUALFORCE,INFO;WAVE,INFO;WORKFLOW,INFO
15:12:45.0 (65557)|USER_INFO|[EXTERNAL]|005N00000057PfO|thomas.remy+kddi_gwdev01@globalway.co.jp|Japan Standard Time|GMT+09:00
15:12:45.0 (106708)|EXECUTION_STARTED
15:12:45.0 (111432)|CODE_UNIT_STARTED|[EXTERNAL]|066N0000000M59u|VF: /apex/saReport
15:12:45.0 (274271)|VF_DESERIALIZE_VIEWSTATE_BEGIN|066N0000000M59u
15:12:45.0 (4160252)|HEAP_ALLOCATE|[72]|Bytes:3
15:12:45.0 (4197021)|HEAP_ALLOCATE|[77]|Bytes:152
15:12:45.0 (4213715)|HEAP_ALLOCATE|[342]|Bytes:408
15:12:45.0 (4228041)|HEAP_ALLOCATE|[355]|Bytes:408
15:12:45.0 (4239648)|HEAP_ALLOCATE|[467]|Bytes:48
15:12:45.0 (4264856)|HEAP_ALLOCATE|[139]|Bytes:6
15:12:45.0 (4607469)|HEAP_ALLOCATE|[50]|Bytes:5
15:12:45.0 (4632064)|HEAP_ALLOCATE|[56]|Bytes:5
15:12:45.0 (4641280)|HEAP_ALLOCATE|[64]|Bytes:7
15:12:45.0 (5646379)|VARIABLE_SCOPE_BEGIN|[5]|saReportCtrl.CASES_CHARACTER|String|false|true
15:12:45.0 (5659692)|VARIABLE_SCOPE_BEGIN|[8]|saReportCtrl.SEARCH_COUNT_NUMBER100|String|false|true
15:12:45.0 (5666225)|VARIABLE_SCOPE_BEGIN|[6]|saReportCtrl.SEARCH_COUNT_NUMBER20|String|false|true
15:12:45.0 (5672641)|VARIABLE_SCOPE_BEGIN|[7]|saReportCtrl.SEARCH_COUNT_NUMBER50|String|false|true
15:12:45.0 (5679207)|VARIABLE_SCOPE_BEGIN|[13]|saReportCtrl.SORTED_BY_FAVORITES_LABEL|String|false|true
15:12:45.0 (5686048)|VARIABLE_SCOPE_BEGIN|[19]|saReportCtrl.SORTED_BY_FAVORITES_VALUE|String|false|true
15:12:45.0 (5693445)|VARIABLE_SCOPE_BEGIN|[11]|saReportCtrl.SORTED_BY_NEWS_LABEL|String|false|true
15:12:45.0 (5699603)|VARIABLE_SCOPE_BEGIN|[17]|saReportCtrl.SORTED_BY_NEWS_VALUE|String|false|true
15:12:45.0 (5705644)|VARIABLE_SCOPE_BEGIN|[10]|saReportCtrl.SORTED_BY_NONE_LABEL|String|false|true
15:12:45.0 (5711788)|VARIABLE_SCOPE_BEGIN|[16]|saReportCtrl.SORTED_BY_NONE_VALUE|String|false|true
15:12:45.0 (5718371)|VARIABLE_SCOPE_BEGIN|[12]|saReportCtrl.SORTED_BY_NUMBER_OF_VIEWS_LABEL|String|false|true
15:12:45.0 (5724865)|VARIABLE_SCOPE_BEGIN|[18]|saReportCtrl.SORTED_BY_NUMBER_OF_VIEWS_VALUE|String|false|true
15:12:45.0 (5731196)|VARIABLE_SCOPE_BEGIN|[14]|saReportCtrl.SORTED_BY_RELEASE_DATES_LABEL|String|false|true
15:12:45.0 (5737747)|VARIABLE_SCOPE_BEGIN|[20]|saReportCtrl.SORTED_BY_RELEASE_DATES_VALUE|String|false|true
15:12:45.0 (7443088)|VARIABLE_SCOPE_BEGIN|[7]|auMainTopCompCtrl.TYPE_SCREEN_CX_SCREEN|Integer|false|true
15:12:45.0 (7455540)|VARIABLE_SCOPE_BEGIN|[8]|auMainTopCompCtrl.TYPE_SCREEN_CX_TIMELINE|Integer|false|true
15:12:45.0 (7462595)|VARIABLE_SCOPE_BEGIN|[9]|auMainTopCompCtrl.TYPE_SCREEN_EVENT_SCHEDULE|Integer|false|true
15:12:45.0 (7468823)|VARIABLE_SCOPE_BEGIN|[10]|auMainTopCompCtrl.TYPE_SCREEN_EVENT_SCHEDULE_LIST|Integer|false|true
15:12:45.0 (7475468)|VARIABLE_SCOPE_BEGIN|[11]|auMainTopCompCtrl.TYPE_SCREEN_KNOWLEDGE_DASHBOARD|Integer|false|true
15:12:45.0 (7481721)|VARIABLE_SCOPE_BEGIN|[12]|auMainTopCompCtrl.TYPE_SCREEN_KNOWLEDGE_LIST|Integer|false|true
15:12:45.0 (7488122)|VARIABLE_SCOPE_BEGIN|[15]|auMainTopCompCtrl.TYPE_SCREEN_SA_CHATTER|Integer|false|true
15:12:45.0 (7494255)|VARIABLE_SCOPE_BEGIN|[16]|auMainTopCompCtrl.TYPE_SCREEN_SA_DAILYREPORT|Integer|false|true
15:12:45.0 (7505862)|VARIABLE_SCOPE_BEGIN|[18]|auMainTopCompCtrl.TYPE_SCREEN_SA_DOCUMENTS|Integer|false|true
15:12:45.0 (7512097)|VARIABLE_SCOPE_BEGIN|[17]|auMainTopCompCtrl.TYPE_SCREEN_SA_ENQUETE|Integer|false|true
15:12:45.0 (7518374)|VARIABLE_SCOPE_BEGIN|[20]|auMainTopCompCtrl.TYPE_SCREEN_SA_LINKS|Integer|false|true
15:12:45.0 (7525134)|VARIABLE_SCOPE_BEGIN|[13]|auMainTopCompCtrl.TYPE_SCREEN_SA_MESSAGES|Integer|false|true
15:12:45.0 (7531687)|VARIABLE_SCOPE_BEGIN|[19]|auMainTopCompCtrl.TYPE_SCREEN_SA_RANKING|Integer|false|true
15:12:45.0 (7538360)|VARIABLE_SCOPE_BEGIN|[14]|auMainTopCompCtrl.TYPE_SCREEN_SA_REPORTS|Integer|false|true
15:12:45.0 (7544532)|VARIABLE_SCOPE_BEGIN|[4]|auMainTopCompCtrl.TYPE_SCREEN_STPD_EVENT|Integer|false|true
15:12:45.0 (7550793)|VARIABLE_SCOPE_BEGIN|[6]|auMainTopCompCtrl.TYPE_SCREEN_STPD_SCREEN|Integer|false|true
15:12:45.0 (7557016)|VARIABLE_SCOPE_BEGIN|[5]|auMainTopCompCtrl.TYPE_SCREEN_STPD_TIMELINE|Integer|false|true
15:12:45.0 (7563310)|VARIABLE_SCOPE_BEGIN|[3]|auMainTopCompCtrl.TYPE_SCREEN_SWITCH|Integer|false|true
15:12:45.0 (8755680)|VF_DESERIALIZE_VIEWSTATE_END
15:12:45.0 (11510672)|SYSTEM_MODE_ENTER|true
15:12:45.0 (11556151)|HEAP_ALLOCATE|[EXTERNAL]|Bytes:284
15:12:45.0 (11568973)|HEAP_ALLOCATE|[EXTERNAL]|Bytes:114
15:12:45.0 (11582603)|METHOD_ENTRY|[1]|01pN0000000Mill|auMainTopCompCtrl.auMainTopCompCtrl()
15:12:45.0 (11588396)|STATEMENT_EXECUTE|[1]
15:12:45.0 (11594641)|STATEMENT_EXECUTE|[1]
15:12:45.0 (11596565)|STATEMENT_EXECUTE|[3]
15:12:45.0 (11603816)|HEAP_ALLOCATE|[3]|Bytes:4
15:12:45.0 (11632505)|VARIABLE_ASSIGNMENT|[3]|auMainTopCompCtrl.TYPE_SCREEN_SWITCH|0
15:12:45.0 (11638242)|STATEMENT_EXECUTE|[4]
15:12:45.0 (11641315)|HEAP_ALLOCATE|[4]|Bytes:4
15:12:45.0 (11648935)|VARIABLE_ASSIGNMENT|[4]|auMainTopCompCtrl.TYPE_SCREEN_STPD_EVENT|11
15:12:45.0 (11652950)|STATEMENT_EXECUTE|[5]
15:12:45.0 (11654945)|HEAP_ALLOCATE|[5]|Bytes:4
15:12:45.0 (11661332)|VARIABLE_ASSIGNMENT|[5]|auMainTopCompCtrl.TYPE_SCREEN_STPD_TIMELINE|12
15:12:45.0 (11665075)|STATEMENT_EXECUTE|[6]
15:12:45.0 (11666849)|HEAP_ALLOCATE|[6]|Bytes:4
15:12:45.0 (11672827)|VARIABLE_ASSIGNMENT|[6]|auMainTopCompCtrl.TYPE_SCREEN_STPD_SCREEN|13
15:12:45.0 (11676627)|STATEMENT_EXECUTE|[7]
15:12:45.0 (11678518)|HEAP_ALLOCATE|[7]|Bytes:4
15:12:45.0 (11684111)|VARIABLE_ASSIGNMENT|[7]|auMainTopCompCtrl.TYPE_SCREEN_CX_SCREEN|21
15:12:45.0 (11687449)|STATEMENT_EXECUTE|[8]
15:12:45.0 (11690214)|HEAP_ALLOCATE|[8]|Bytes:4
15:12:45.0 (11695193)|VARIABLE_ASSIGNMENT|[8]|auMainTopCompCtrl.TYPE_SCREEN_CX_TIMELINE|22
15:12:45.0 (11698902)|STATEMENT_EXECUTE|[9]
15:12:45.0 (11701060)|HEAP_ALLOCATE|[9]|Bytes:4
15:12:45.0 (11706043)|VARIABLE_ASSIGNMENT|[9]|auMainTopCompCtrl.TYPE_SCREEN_EVENT_SCHEDULE|31
15:12:45.0 (11709642)|STATEMENT_EXECUTE|[10]
15:12:45.0 (11711931)|HEAP_ALLOCATE|[10]|Bytes:4
15:12:45.0 (11717296)|VARIABLE_ASSIGNMENT|[10]|auMainTopCompCtrl.TYPE_SCREEN_EVENT_SCHEDULE_LIST|32
15:12:45.0 (11721392)|STATEMENT_EXECUTE|[11]
15:12:45.0 (11723378)|HEAP_ALLOCATE|[11]|Bytes:4
15:12:45.0 (11728543)|VARIABLE_ASSIGNMENT|[11]|auMainTopCompCtrl.TYPE_SCREEN_KNOWLEDGE_DASHBOARD|41
15:12:45.0 (11731924)|STATEMENT_EXECUTE|[12]
15:12:45.0 (11733854)|HEAP_ALLOCATE|[12]|Bytes:4
15:12:45.0 (11739159)|VARIABLE_ASSIGNMENT|[12]|auMainTopCompCtrl.TYPE_SCREEN_KNOWLEDGE_LIST|42
15:12:45.0 (11742738)|STATEMENT_EXECUTE|[13]
15:12:45.0 (11744757)|HEAP_ALLOCATE|[13]|Bytes:4
15:12:45.0 (11750349)|VARIABLE_ASSIGNMENT|[13]|auMainTopCompCtrl.TYPE_SCREEN_SA_MESSAGES|51
15:12:45.0 (11754007)|STATEMENT_EXECUTE|[14]
15:12:45.0 (11756184)|HEAP_ALLOCATE|[14]|Bytes:4
15:12:45.0 (11761888)|VARIABLE_ASSIGNMENT|[14]|auMainTopCompCtrl.TYPE_SCREEN_SA_REPORTS|52
15:12:45.0 (11765319)|STATEMENT_EXECUTE|[15]
15:12:45.0 (11767329)|HEAP_ALLOCATE|[15]|Bytes:4
15:12:45.0 (11772436)|VARIABLE_ASSIGNMENT|[15]|auMainTopCompCtrl.TYPE_SCREEN_SA_CHATTER|53
15:12:45.0 (11776094)|STATEMENT_EXECUTE|[16]
15:12:45.0 (11778002)|HEAP_ALLOCATE|[16]|Bytes:4
15:12:45.0 (11783580)|VARIABLE_ASSIGNMENT|[16]|auMainTopCompCtrl.TYPE_SCREEN_SA_DAILYREPORT|54
15:12:45.0 (11786958)|STATEMENT_EXECUTE|[17]
15:12:45.0 (11788868)|HEAP_ALLOCATE|[17]|Bytes:4
15:12:45.0 (11794037)|VARIABLE_ASSIGNMENT|[17]|auMainTopCompCtrl.TYPE_SCREEN_SA_ENQUETE|55
15:12:45.0 (11797301)|STATEMENT_EXECUTE|[18]
15:12:45.0 (11799399)|HEAP_ALLOCATE|[18]|Bytes:4
15:12:45.0 (11804593)|VARIABLE_ASSIGNMENT|[18]|auMainTopCompCtrl.TYPE_SCREEN_SA_DOCUMENTS|56
15:12:45.0 (11807963)|STATEMENT_EXECUTE|[19]
15:12:45.0 (11809965)|HEAP_ALLOCATE|[19]|Bytes:4
15:12:45.0 (11815520)|VARIABLE_ASSIGNMENT|[19]|auMainTopCompCtrl.TYPE_SCREEN_SA_RANKING|57
15:12:45.0 (11818872)|STATEMENT_EXECUTE|[20]
15:12:45.0 (11820653)|HEAP_ALLOCATE|[20]|Bytes:4
15:12:45.0 (11825976)|VARIABLE_ASSIGNMENT|[20]|auMainTopCompCtrl.TYPE_SCREEN_SA_LINKS|58
15:12:45.0 (11835646)|METHOD_EXIT|[1]|auMainTopCompCtrl
15:12:45.0 (11841206)|HEAP_ALLOCATE|[EXTERNAL]|Bytes:40
15:12:45.0 (11853596)|VARIABLE_ASSIGNMENT|[EXTERNAL]|this.iCountComments|null|0x3b74b696
15:12:45.0 (11924831)|SYSTEM_MODE_ENTER|true
15:12:45.0 (11942992)|HEAP_ALLOCATE|[EXTERNAL]|Bytes:40
15:12:45.0 (11952595)|VARIABLE_ASSIGNMENT|[EXTERNAL]|this.iCountLikes|null|0x3b74b696
15:12:45.0 (12151630)|SYSTEM_MODE_ENTER|true
15:12:45.0 (12410824)|HEAP_ALLOCATE|[EXTERNAL]|Bytes:644
15:12:45.0 (12424924)|HEAP_ALLOCATE|[EXTERNAL]|Bytes:167
15:12:45.0 (12430198)|HEAP_ALLOCATE|[EXTERNAL]|Bytes:138
15:12:45.0 (12437271)|HEAP_ALLOCATE|[EXTERNAL]|Bytes:1
15:12:45.0 (12450057)|VARIABLE_ASSIGNMENT|[EXTERNAL]|saReportCtrl.CASES_CHARACTER|"件"
15:12:45.0 (12455838)|HEAP_ALLOCATE|[EXTERNAL]|Bytes:4
15:12:45.0 (12462395)|VARIABLE_ASSIGNMENT|[EXTERNAL]|saReportCtrl.SEARCH_COUNT_NUMBER100|"100件"
15:12:45.0 (12466744)|HEAP_ALLOCATE|[EXTERNAL]|Bytes:3
15:12:45.0 (12472106)|VARIABLE_ASSIGNMENT|[EXTERNAL]|saReportCtrl.SEARCH_COUNT_NUMBER20|"20件"
15:12:45.0 (12476103)|HEAP_ALLOCATE|[EXTERNAL]|Bytes:3
15:12:45.0 (12481336)|VARIABLE_ASSIGNMENT|[EXTERNAL]|saReportCtrl.SEARCH_COUNT_NUMBER50|"50件"
15:12:45.0 (12485291)|HEAP_ALLOCATE|[EXTERNAL]|Bytes:4
15:12:45.0 (12491122)|VARIABLE_ASSIGNMENT|[EXTERNAL]|saReportCtrl.SORTED_BY_FAVORITES_LABEL|"いいね順"
15:12:45.0 (12494986)|HEAP_ALLOCATE|[EXTERNAL]|Bytes:4
15:12:45.0 (12505306)|VARIABLE_ASSIGNMENT|[EXTERNAL]|saReportCtrl.SORTED_BY_FAVORITES_VALUE|"いいね順"
15:12:45.0 (12509950)|HEAP_ALLOCATE|[EXTERNAL]|Bytes:3
15:12:45.0 (12515881)|VARIABLE_ASSIGNMENT|[EXTERNAL]|saReportCtrl.SORTED_BY_NEWS_LABEL|"NEW"
15:12:45.0 (12519640)|HEAP_ALLOCATE|[EXTERNAL]|Bytes:3
15:12:45.0 (12525270)|VARIABLE_ASSIGNMENT|[EXTERNAL]|saReportCtrl.SORTED_BY_NEWS_VALUE|"NEW"
15:12:45.0 (12529262)|HEAP_ALLOCATE|[EXTERNAL]|Bytes:1
15:12:45.0 (12534751)|VARIABLE_ASSIGNMENT|[EXTERNAL]|saReportCtrl.SORTED_BY_NONE_LABEL|" "
15:12:45.0 (12538401)|HEAP_ALLOCATE|[EXTERNAL]|Bytes:1
15:12:45.0 (12543684)|VARIABLE_ASSIGNMENT|[EXTERNAL]|saReportCtrl.SORTED_BY_NONE_VALUE|" "
15:12:45.0 (12547565)|HEAP_ALLOCATE|[EXTERNAL]|Bytes:4
15:12:45.0 (12553279)|VARIABLE_ASSIGNMENT|[EXTERNAL]|saReportCtrl.SORTED_BY_NUMBER_OF_VIEWS_LABEL|"閲覧数順"
15:12:45.0 (12557139)|HEAP_ALLOCATE|[EXTERNAL]|Bytes:4
15:12:45.0 (12562647)|VARIABLE_ASSIGNMENT|[EXTERNAL]|saReportCtrl.SORTED_BY_NUMBER_OF_VIEWS_VALUE|"閲覧数順"
15:12:45.0 (12566631)|HEAP_ALLOCATE|[EXTERNAL]|Bytes:4
15:12:45.0 (12572301)|VARIABLE_ASSIGNMENT|[EXTERNAL]|saReportCtrl.SORTED_BY_RELEASE_DATES_LABEL|"公開日時"
15:12:45.0 (12576016)|HEAP_ALLOCATE|[EXTERNAL]|Bytes:4
15:12:45.0 (12581490)|VARIABLE_ASSIGNMENT|[EXTERNAL]|saReportCtrl.SORTED_BY_RELEASE_DATES_VALUE|"公開日時"
15:12:45.0 (12589686)|METHOD_ENTRY|[1]|01pN0000000aEUV|saReportCtrl.saReportCtrl()
15:12:45.0 (12594938)|STATEMENT_EXECUTE|[1]
15:12:45.0 (12598550)|STATEMENT_EXECUTE|[1]
15:12:45.0 (12615693)|SYSTEM_MODE_ENTER|false
15:12:45.0 (12632325)|HEAP_ALLOCATE|[EXTERNAL]|Bytes:5
15:12:45.0 (12640543)|SYSTEM_MODE_EXIT|false
15:12:45.0 (12649336)|METHOD_EXIT|[1]|saReportCtrl
15:12:45.0 (12655273)|HEAP_ALLOCATE|[EXTERNAL]|Bytes:120
15:12:45.0 (12663176)|VARIABLE_SCOPE_BEGIN|[62]|this|saReportCtrl|true|false
15:12:45.0 (12788641)|VARIABLE_ASSIGNMENT|[62]|this|{"categoryDataOptions":"0xb54f1dd","countDataOptions":"0x57fbb230","currentDay":"2018-03-12T06:12:41.394Z","currentDayMinusSeven":"2018-03-05T06:12:41.394Z","filterDateEnd":"","filterDateStart":"","filteredRecords":"0x49a57e5f","filterKeywords":"","isFromHome":false,"isGoodSelected":false,"isNew":false,"isTrySelected":false,"isVeryGoodSelected":false,"listOfCategory":"0xdfe6301","listOfSAReports":"0x2188a17a","reportComments":"0x2b68ed49","reportGoodViews":"0x49dd39fd","reportManagedViews":"0x37c5adac","selectedCategoryData":"新iPhone","selectedCountData":"20","selectedSortData":" ","sortDataOptions":"0x53a2595f"}|0x440013f1
15:12:45.0 (12822351)|SYSTEM_MODE_ENTER|false
15:12:45.0 (12829600)|HEAP_ALLOCATE|[62]|Bytes:5
15:12:45.0 (12835021)|STATEMENT_EXECUTE|[62]
15:12:45.0 (12837030)|STATEMENT_EXECUTE|[62]
15:12:45.0 (12843755)|SYSTEM_MODE_EXIT|false
15:12:45.0 (12917034)|SYSTEM_MODE_ENTER|true
15:12:45.0 (12938616)|HEAP_ALLOCATE|[EXTERNAL]|Bytes:8
15:12:45.0 (12944284)|HEAP_ALLOCATE|[EXTERNAL]|Bytes:40
15:12:45.0 (12953680)|VARIABLE_ASSIGNMENT|[EXTERNAL]|this.iTypeOfScreen|52|0x3b74b696
15:12:45.0 (13093296)|SYSTEM_MODE_ENTER|true
15:12:45.0 (13266122)|SYSTEM_MODE_ENTER|true
15:12:45.0 (15970806)|SYSTEM_MODE_ENTER|true
15:12:45.0 (16038468)|SYSTEM_MODE_ENTER|true
15:12:45.0 (16140584)|SYSTEM_MODE_ENTER|true
15:12:45.0 (16237167)|SYSTEM_MODE_ENTER|true
15:12:45.0 (16379195)|SYSTEM_MODE_ENTER|true
15:12:45.0 (16491633)|SYSTEM_MODE_ENTER|true
15:12:45.0 (16589194)|SYSTEM_MODE_ENTER|true
15:12:45.0 (16674314)|SYSTEM_MODE_ENTER|true
15:12:45.0 (16793572)|SYSTEM_MODE_ENTER|true
15:12:45.0 (16851550)|SYSTEM_MODE_ENTER|true
15:12:45.0 (16902688)|SYSTEM_MODE_ENTER|true
15:12:45.0 (16952174)|SYSTEM_MODE_ENTER|true
15:12:45.0 (17001322)|SYSTEM_MODE_ENTER|true
15:12:45.0 (17056154)|SYSTEM_MODE_ENTER|true
15:12:45.0 (17105117)|SYSTEM_MODE_ENTER|true
15:12:45.0 (18182723)|SYSTEM_MODE_ENTER|true
15:12:45.0 (18300842)|SYSTEM_MODE_ENTER|true
15:12:45.0 (18389346)|SYSTEM_MODE_ENTER|true
15:12:45.0 (19204698)|SYSTEM_MODE_ENTER|true
15:12:45.0 (19233315)|HEAP_ALLOCATE|[EXTERNAL]|Bytes:5
15:12:45.0 (19240761)|HEAP_ALLOCATE|[EXTERNAL]|Bytes:120
15:12:45.0 (19253281)|VARIABLE_ASSIGNMENT|[EXTERNAL]|this.isFromHome|false|0x440013f1
15:12:45.0 (19289798)|SYSTEM_MODE_ENTER|true
15:12:45.0 (19308085)|HEAP_ALLOCATE|[EXTERNAL]|Bytes:120
15:12:45.0 (19318638)|VARIABLE_ASSIGNMENT|[EXTERNAL]|this.filterKeywords|""|0x440013f1
15:12:45.0 (19347884)|SYSTEM_MODE_ENTER|true
15:12:45.0 (19363101)|HEAP_ALLOCATE|[EXTERNAL]|Bytes:120
15:12:45.0 (19371660)|VARIABLE_ASSIGNMENT|[EXTERNAL]|this.filterDateStart|""|0x440013f1
15:12:45.0 (19398494)|SYSTEM_MODE_ENTER|true
15:12:45.0 (19413282)|HEAP_ALLOCATE|[EXTERNAL]|Bytes:120
15:12:45.0 (19421073)|VARIABLE_ASSIGNMENT|[EXTERNAL]|this.filterDateEnd|""|0x440013f1
15:12:45.0 (19447182)|SYSTEM_MODE_ENTER|true
15:12:45.0 (19461064)|HEAP_ALLOCATE|[EXTERNAL]|Bytes:120
15:12:45.0 (19470188)|VARIABLE_ASSIGNMENT|[EXTERNAL]|this.selectedCategoryData|""|0x440013f1
15:12:45.0 (19496820)|SYSTEM_MODE_ENTER|true
15:12:45.0 (19516348)|HEAP_ALLOCATE|[EXTERNAL]|Bytes:120
15:12:45.0 (19525557)|VARIABLE_ASSIGNMENT|[EXTERNAL]|this.selectedSortData|""|0x440013f1
15:12:45.0 (19551714)|SYSTEM_MODE_ENTER|true
15:12:45.0 (19565728)|HEAP_ALLOCATE|[EXTERNAL]|Bytes:120
15:12:45.0 (19574184)|VARIABLE_ASSIGNMENT|[EXTERNAL]|this.selectedCountData|""|0x440013f1
15:12:45.0 (19626993)|SYSTEM_MODE_ENTER|true
15:12:45.0 (19642257)|HEAP_ALLOCATE|[EXTERNAL]|Bytes:40
15:12:45.0 (19650949)|VARIABLE_ASSIGNMENT|[EXTERNAL]|this.iCountComments|null|0x3b74b696
15:12:45.0 (19684442)|SYSTEM_MODE_ENTER|true
15:12:45.0 (19697269)|HEAP_ALLOCATE|[EXTERNAL]|Bytes:40
15:12:45.0 (19704629)|VARIABLE_ASSIGNMENT|[EXTERNAL]|this.iCountLikes|null|0x3b74b696
15:12:45.0 (19759915)|SYSTEM_MODE_ENTER|true
15:12:45.0 (19793465)|HEAP_ALLOCATE|[EXTERNAL]|Bytes:120
15:12:45.0 (19801630)|VARIABLE_SCOPE_BEGIN|[62]|this|saReportCtrl|true|false
15:12:45.0 (19887913)|VARIABLE_ASSIGNMENT|[62]|this|{"categoryDataOptions":"0xb54f1dd","countDataOptions":"0x57fbb230","currentDay":"2018-03-12T06:12:41.394Z","currentDayMinusSeven":"2018-03-05T06:12:41.394Z","filterDateEnd":"","filterDateStart":"","filteredRecords":"0x49a57e5f","filterKeywords":"","isFromHome":false,"isGoodSelected":false,"isNew":false,"isTrySelected":false,"isVeryGoodSelected":false,"listOfCategory":"0xdfe6301","listOfSAReports":"0x2188a17a","reportComments":"0x2b68ed49","reportGoodViews":"0x49dd39fd","reportManagedViews":"0x37c5adac","selectedCategoryData":"","selectedCountData":"","selectedSortData":"","sortDataOptions":"0x53a2595f"}|0x440013f1
15:12:45.0 (19916532)|SYSTEM_MODE_ENTER|false
15:12:45.0 (19924634)|HEAP_ALLOCATE|[62]|Bytes:5
15:12:45.0 (19930720)|STATEMENT_EXECUTE|[62]
15:12:45.0 (19932809)|STATEMENT_EXECUTE|[62]
15:12:45.0 (19937864)|SYSTEM_MODE_EXIT|false
15:12:45.0 (19987470)|SYSTEM_MODE_ENTER|true
15:12:45.0 (20005067)|HEAP_ALLOCATE|[EXTERNAL]|Bytes:8
15:12:45.0 (20010624)|HEAP_ALLOCATE|[EXTERNAL]|Bytes:40
15:12:45.0 (20019107)|VARIABLE_ASSIGNMENT|[EXTERNAL]|this.iTypeOfScreen|52|0x3b74b696
15:12:45.0 (21002216)|SYSTEM_MODE_ENTER|true
15:12:45.0 (21025296)|HEAP_ALLOCATE|[EXTERNAL]|Bytes:120
15:12:45.0 (21038807)|VARIABLE_ASSIGNMENT|[EXTERNAL]|this.filterKeywords|""|0x440013f1
15:12:45.0 (21072720)|SYSTEM_MODE_ENTER|true
15:12:45.0 (21089411)|HEAP_ALLOCATE|[EXTERNAL]|Bytes:120
15:12:45.0 (21099010)|VARIABLE_ASSIGNMENT|[EXTERNAL]|this.filterDateStart|""|0x440013f1
15:12:45.0 (21127795)|SYSTEM_MODE_ENTER|true
15:12:45.0 (21142629)|HEAP_ALLOCATE|[EXTERNAL]|Bytes:120
15:12:45.0 (21151038)|VARIABLE_ASSIGNMENT|[EXTERNAL]|this.filterDateEnd|""|0x440013f1
15:12:45.0 (21185008)|SYSTEM_MODE_ENTER|true
15:12:45.0 (21199990)|HEAP_ALLOCATE|[EXTERNAL]|Bytes:7
15:12:45.0 (21204898)|HEAP_ALLOCATE|[EXTERNAL]|Bytes:120
15:12:45.0 (21214474)|VARIABLE_ASSIGNMENT|[EXTERNAL]|this.selectedCategoryData|"新iPhone"|0x440013f1
15:12:45.0 (21244026)|SYSTEM_MODE_ENTER|true
15:12:45.0 (21258198)|HEAP_ALLOCATE|[EXTERNAL]|Bytes:1
15:12:45.0 (21262602)|HEAP_ALLOCATE|[EXTERNAL]|Bytes:120
15:12:45.0 (21270759)|VARIABLE_ASSIGNMENT|[EXTERNAL]|this.selectedSortData|" "|0x440013f1
15:12:45.0 (21297529)|SYSTEM_MODE_ENTER|true
15:12:45.0 (21331377)|HEAP_ALLOCATE|[EXTERNAL]|Bytes:2
15:12:45.0 (21336442)|HEAP_ALLOCATE|[EXTERNAL]|Bytes:120
15:12:45.0 (21345504)|VARIABLE_ASSIGNMENT|[EXTERNAL]|this.selectedCountData|"20"|0x440013f1
15:12:45.0 (21956077)|SYSTEM_MODE_ENTER|true
15:12:45.0 (22013211)|SYSTEM_MODE_ENTER|true
15:12:45.0 (22077191)|SYSTEM_MODE_ENTER|true
15:12:45.0 (22132545)|SYSTEM_MODE_ENTER|true
15:12:45.0 (22199151)|SYSTEM_MODE_ENTER|true
15:12:45.0 (40957750)|SYSTEM_MODE_ENTER|true
15:12:45.0 (40997956)|HEAP_ALLOCATE|[EXTERNAL]|Bytes:40
15:12:45.0 (41019819)|VARIABLE_ASSIGNMENT|[EXTERNAL]|this.iCountComments|null|0x3b74b696
15:12:45.0 (41074821)|SYSTEM_MODE_ENTER|true
15:12:45.0 (41091300)|HEAP_ALLOCATE|[EXTERNAL]|Bytes:40
15:12:45.0 (41100705)|VARIABLE_ASSIGNMENT|[EXTERNAL]|this.iCountLikes|null|0x3b74b696
15:12:45.0 (41189239)|SYSTEM_MODE_ENTER|true
15:12:45.0 (41237691)|HEAP_ALLOCATE|[EXTERNAL]|Bytes:120
15:12:45.0 (41248706)|VARIABLE_SCOPE_BEGIN|[62]|this|saReportCtrl|true|false
15:12:45.0 (41374511)|VARIABLE_ASSIGNMENT|[62]|this|{"categoryDataOptions":"0xb54f1dd","countDataOptions":"0x57fbb230","currentDay":"2018-03-12T06:12:41.394Z","currentDayMinusSeven":"2018-03-05T06:12:41.394Z","filterDateEnd":"","filterDateStart":"","filteredRecords":"0x49a57e5f","filterKeywords":"","isFromHome":false,"isGoodSelected":false,"isNew":false,"isTrySelected":false,"isVeryGoodSelected":false,"listOfCategory":"0xdfe6301","listOfSAReports":"0x2188a17a","reportComments":"0x2b68ed49","reportGoodViews":"0x49dd39fd","reportManagedViews":"0x37c5adac","selectedCategoryData":"新iPhone","selectedCountData":"20","selectedSortData":" ","sortDataOptions":"0x53a2595f"}|0x440013f1
15:12:45.0 (41403578)|SYSTEM_MODE_ENTER|false
15:12:45.0 (41412520)|HEAP_ALLOCATE|[62]|Bytes:5
15:12:45.0 (41419217)|STATEMENT_EXECUTE|[62]
15:12:45.0 (41421884)|STATEMENT_EXECUTE|[62]
15:12:45.0 (41427816)|SYSTEM_MODE_EXIT|false
15:12:45.0 (41483964)|SYSTEM_MODE_ENTER|true
15:12:45.0 (41507064)|HEAP_ALLOCATE|[EXTERNAL]|Bytes:8
15:12:45.0 (41512587)|HEAP_ALLOCATE|[EXTERNAL]|Bytes:40
15:12:45.0 (41522384)|VARIABLE_ASSIGNMENT|[EXTERNAL]|this.iTypeOfScreen|52|0x3b74b696
15:12:45.0 (41621523)|SYSTEM_MODE_ENTER|true
15:12:45.0 (41768684)|SYSTEM_MODE_ENTER|true
15:12:45.0 (43600019)|SYSTEM_MODE_ENTER|true
15:12:45.0 (43672914)|SYSTEM_MODE_ENTER|true
15:12:45.0 (43756401)|SYSTEM_MODE_ENTER|true
15:12:45.0 (43834799)|SYSTEM_MODE_ENTER|true
15:12:45.0 (43962148)|SYSTEM_MODE_ENTER|true
15:12:45.0 (44049578)|SYSTEM_MODE_ENTER|true
15:12:45.0 (44152242)|SYSTEM_MODE_ENTER|true
15:12:45.0 (44248443)|SYSTEM_MODE_ENTER|true
15:12:45.0 (49506980)|VF_SERIALIZE_VIEWSTATE_BEGIN|066N0000000M59u
15:12:45.0 (54229673)|VF_SERIALIZE_VIEWSTATE_END
15:12:45.58 (58086516)|CUMULATIVE_LIMIT_USAGE
15:12:45.58 (58086516)|LIMIT_USAGE_FOR_NS|(default)|
  Number of SOQL queries: 0 out of 100
  Number of query rows: 0 out of 50000
  Number of SOSL queries: 0 out of 20
  Number of DML statements: 0 out of 150
  Number of DML rows: 0 out of 10000
  Maximum CPU time: 0 out of 10000
  Maximum heap size: 0 out of 6000000
  Number of callouts: 0 out of 100
  Number of Email Invocations: 0 out of 10
  Number of future calls: 0 out of 50
  Number of queueable jobs added to the queue: 0 out of 50
  Number of Mobile Apex push calls: 0 out of 10

15:12:45.58 (58086516)|CUMULATIVE_LIMIT_USAGE_END

15:12:45.0 (58125475)|CODE_UNIT_FINISHED|VF: /apex/saReport
15:12:45.0 (58874251)|EXECUTION_FINISHED
