42.0 APEX_CODE,FINEST;APEX_PROFILING,INFO;CALLOUT,INFO;DB,INFO;NBA,INFO;SYSTEM,DEBUG;VALIDATION,INFO;VISUALFORCE,INFO;WAVE,INFO;WORKFLOW,INFO
10:56:36.0 (78083)|USER_INFO|[EXTERNAL]|005N00000057PfO|thomas.remy+kddi_gwdev01@globalway.co.jp|Japan Standard Time|GMT+09:00
10:56:36.0 (115539)|EXECUTION_STARTED
10:56:36.0 (121068)|CODE_UNIT_STARTED|[EXTERNAL]|066N0000000M4pW|VF: /apex/sadailyreport
10:56:36.0 (271245)|VF_DESERIALIZE_VIEWSTATE_BEGIN|066N0000000M4pW
10:56:36.0 (3582143)|HEAP_ALLOCATE|[72]|Bytes:3
10:56:36.0 (3634836)|HEAP_ALLOCATE|[77]|Bytes:152
10:56:36.0 (3651619)|HEAP_ALLOCATE|[342]|Bytes:408
10:56:36.0 (3667723)|HEAP_ALLOCATE|[355]|Bytes:408
10:56:36.0 (3688172)|HEAP_ALLOCATE|[467]|Bytes:48
10:56:36.0 (3716379)|HEAP_ALLOCATE|[139]|Bytes:6
10:56:36.0 (4572335)|HEAP_ALLOCATE|[50]|Bytes:5
10:56:36.0 (4603356)|HEAP_ALLOCATE|[56]|Bytes:5
10:56:36.0 (4613266)|HEAP_ALLOCATE|[64]|Bytes:7
10:56:36.0 (5323464)|VARIABLE_SCOPE_BEGIN|[3]|saDailyReportCtrl.SOURCE|String|false|true
10:56:36.0 (5335670)|VARIABLE_SCOPE_BEGIN|[4]|saDailyReportCtrl.SOURCE_ID|String|false|true
10:56:36.0 (6334153)|VARIABLE_SCOPE_BEGIN|[25]|auMainTopCompCtrl.TYPE_SCREEN_ACCOUNT_LIST|Integer|false|true
10:56:36.0 (6345440)|VARIABLE_SCOPE_BEGIN|[26]|auMainTopCompCtrl.TYPE_SCREEN_ACTIVITY_LIST|Integer|false|true
10:56:36.0 (6352123)|VARIABLE_SCOPE_BEGIN|[7]|auMainTopCompCtrl.TYPE_SCREEN_CX_SCREEN|Integer|false|true
10:56:36.0 (6358855)|VARIABLE_SCOPE_BEGIN|[8]|auMainTopCompCtrl.TYPE_SCREEN_CX_TIMELINE|Integer|false|true
10:56:36.0 (6366057)|VARIABLE_SCOPE_BEGIN|[9]|auMainTopCompCtrl.TYPE_SCREEN_EVENT_SCHEDULE|Integer|false|true
10:56:36.0 (6372234)|VARIABLE_SCOPE_BEGIN|[10]|auMainTopCompCtrl.TYPE_SCREEN_EVENT_SCHEDULE_LIST|Integer|false|true
10:56:36.0 (6378156)|VARIABLE_SCOPE_BEGIN|[27]|auMainTopCompCtrl.TYPE_SCREEN_FILE_LIST|Integer|false|true
10:56:36.0 (6383678)|VARIABLE_SCOPE_BEGIN|[24]|auMainTopCompCtrl.TYPE_SCREEN_HONBU_DIRECT|Integer|false|true
10:56:36.0 (6389526)|VARIABLE_SCOPE_BEGIN|[11]|auMainTopCompCtrl.TYPE_SCREEN_KNOWLEDGE_DASHBOARD|Integer|false|true
10:56:36.0 (6395186)|VARIABLE_SCOPE_BEGIN|[12]|auMainTopCompCtrl.TYPE_SCREEN_KNOWLEDGE_LIST|Integer|false|true
10:56:36.0 (6400969)|VARIABLE_SCOPE_BEGIN|[15]|auMainTopCompCtrl.TYPE_SCREEN_SA_CHATTER|Integer|false|true
10:56:36.0 (6406812)|VARIABLE_SCOPE_BEGIN|[16]|auMainTopCompCtrl.TYPE_SCREEN_SA_DAILYREPORT|Integer|false|true
10:56:36.0 (6412794)|VARIABLE_SCOPE_BEGIN|[22]|auMainTopCompCtrl.TYPE_SCREEN_SA_DAILYREPORTLIST|Integer|false|true
10:56:36.0 (6419583)|VARIABLE_SCOPE_BEGIN|[18]|auMainTopCompCtrl.TYPE_SCREEN_SA_DOCUMENTS|Integer|false|true
10:56:36.0 (6425558)|VARIABLE_SCOPE_BEGIN|[17]|auMainTopCompCtrl.TYPE_SCREEN_SA_ENQUETE|Integer|false|true
10:56:36.0 (6431407)|VARIABLE_SCOPE_BEGIN|[20]|auMainTopCompCtrl.TYPE_SCREEN_SA_LINKS|Integer|false|true
10:56:36.0 (6437575)|VARIABLE_SCOPE_BEGIN|[13]|auMainTopCompCtrl.TYPE_SCREEN_SA_MESSAGES|Integer|false|true
10:56:36.0 (6444645)|VARIABLE_SCOPE_BEGIN|[19]|auMainTopCompCtrl.TYPE_SCREEN_SA_RANKING|Integer|false|true
10:56:36.0 (6450939)|VARIABLE_SCOPE_BEGIN|[14]|auMainTopCompCtrl.TYPE_SCREEN_SA_REPORTS|Integer|false|true
10:56:36.0 (6457496)|VARIABLE_SCOPE_BEGIN|[23]|auMainTopCompCtrl.TYPE_SCREEN_SA_TODO|Integer|false|true
10:56:36.0 (6463719)|VARIABLE_SCOPE_BEGIN|[21]|auMainTopCompCtrl.TYPE_SCREEN_SA_USRSETTINGS|Integer|false|true
10:56:36.0 (6469902)|VARIABLE_SCOPE_BEGIN|[4]|auMainTopCompCtrl.TYPE_SCREEN_STPD_EVENT|Integer|false|true
10:56:36.0 (6476340)|VARIABLE_SCOPE_BEGIN|[6]|auMainTopCompCtrl.TYPE_SCREEN_STPD_SCREEN|Integer|false|true
10:56:36.0 (6482655)|VARIABLE_SCOPE_BEGIN|[5]|auMainTopCompCtrl.TYPE_SCREEN_STPD_TIMELINE|Integer|false|true
10:56:36.0 (6489251)|VARIABLE_SCOPE_BEGIN|[3]|auMainTopCompCtrl.TYPE_SCREEN_SWITCH|Integer|false|true
10:56:36.0 (7608368)|VF_DESERIALIZE_VIEWSTATE_END
10:56:36.0 (9547236)|SYSTEM_MODE_ENTER|true
10:56:36.0 (9765927)|HEAP_ALLOCATE|[EXTERNAL]|Bytes:284
10:56:36.0 (9778453)|HEAP_ALLOCATE|[EXTERNAL]|Bytes:150
10:56:36.0 (9791643)|METHOD_ENTRY|[1]|01pN0000000Mill|auMainTopCompCtrl.auMainTopCompCtrl()
10:56:36.0 (9798123)|STATEMENT_EXECUTE|[1]
10:56:36.0 (9803653)|STATEMENT_EXECUTE|[1]
10:56:36.0 (9805346)|STATEMENT_EXECUTE|[3]
10:56:36.0 (9812050)|HEAP_ALLOCATE|[3]|Bytes:4
10:56:36.0 (9837011)|VARIABLE_ASSIGNMENT|[3]|auMainTopCompCtrl.TYPE_SCREEN_SWITCH|0
10:56:36.0 (9842466)|STATEMENT_EXECUTE|[4]
10:56:36.0 (9845174)|HEAP_ALLOCATE|[4]|Bytes:4
10:56:36.0 (9853321)|VARIABLE_ASSIGNMENT|[4]|auMainTopCompCtrl.TYPE_SCREEN_STPD_EVENT|11
10:56:36.0 (9857803)|STATEMENT_EXECUTE|[5]
10:56:36.0 (9859999)|HEAP_ALLOCATE|[5]|Bytes:4
10:56:36.0 (9867579)|VARIABLE_ASSIGNMENT|[5]|auMainTopCompCtrl.TYPE_SCREEN_STPD_TIMELINE|12
10:56:36.0 (9871951)|STATEMENT_EXECUTE|[6]
10:56:36.0 (9873792)|HEAP_ALLOCATE|[6]|Bytes:4
10:56:36.0 (9880088)|VARIABLE_ASSIGNMENT|[6]|auMainTopCompCtrl.TYPE_SCREEN_STPD_SCREEN|13
10:56:36.0 (9884161)|STATEMENT_EXECUTE|[7]
10:56:36.0 (9886195)|HEAP_ALLOCATE|[7]|Bytes:4
10:56:36.0 (9891328)|VARIABLE_ASSIGNMENT|[7]|auMainTopCompCtrl.TYPE_SCREEN_CX_SCREEN|21
10:56:36.0 (9895046)|STATEMENT_EXECUTE|[8]
10:56:36.0 (9897099)|HEAP_ALLOCATE|[8]|Bytes:4
10:56:36.0 (9902354)|VARIABLE_ASSIGNMENT|[8]|auMainTopCompCtrl.TYPE_SCREEN_CX_TIMELINE|22
10:56:36.0 (9906539)|STATEMENT_EXECUTE|[9]
10:56:36.0 (9908565)|HEAP_ALLOCATE|[9]|Bytes:4
10:56:36.0 (9913853)|VARIABLE_ASSIGNMENT|[9]|auMainTopCompCtrl.TYPE_SCREEN_EVENT_SCHEDULE|31
10:56:36.0 (9918042)|STATEMENT_EXECUTE|[10]
10:56:36.0 (9920149)|HEAP_ALLOCATE|[10]|Bytes:4
10:56:36.0 (9925931)|VARIABLE_ASSIGNMENT|[10]|auMainTopCompCtrl.TYPE_SCREEN_EVENT_SCHEDULE_LIST|32
10:56:36.0 (9930558)|STATEMENT_EXECUTE|[11]
10:56:36.0 (9932813)|HEAP_ALLOCATE|[11]|Bytes:4
10:56:36.0 (9938185)|VARIABLE_ASSIGNMENT|[11]|auMainTopCompCtrl.TYPE_SCREEN_KNOWLEDGE_DASHBOARD|41
10:56:36.0 (9941577)|STATEMENT_EXECUTE|[12]
10:56:36.0 (9943441)|HEAP_ALLOCATE|[12]|Bytes:4
10:56:36.0 (9949459)|VARIABLE_ASSIGNMENT|[12]|auMainTopCompCtrl.TYPE_SCREEN_KNOWLEDGE_LIST|42
10:56:36.0 (9953263)|STATEMENT_EXECUTE|[13]
10:56:36.0 (9955217)|HEAP_ALLOCATE|[13]|Bytes:4
10:56:36.0 (9960895)|VARIABLE_ASSIGNMENT|[13]|auMainTopCompCtrl.TYPE_SCREEN_SA_MESSAGES|51
10:56:36.0 (9964579)|STATEMENT_EXECUTE|[14]
10:56:36.0 (9966428)|HEAP_ALLOCATE|[14]|Bytes:4
10:56:36.0 (9972649)|VARIABLE_ASSIGNMENT|[14]|auMainTopCompCtrl.TYPE_SCREEN_SA_REPORTS|52
10:56:36.0 (9977071)|STATEMENT_EXECUTE|[15]
10:56:36.0 (9978916)|HEAP_ALLOCATE|[15]|Bytes:4
10:56:36.0 (9984532)|VARIABLE_ASSIGNMENT|[15]|auMainTopCompCtrl.TYPE_SCREEN_SA_CHATTER|53
10:56:36.0 (9988235)|STATEMENT_EXECUTE|[16]
10:56:36.0 (9990198)|HEAP_ALLOCATE|[16]|Bytes:4
10:56:36.0 (9995934)|VARIABLE_ASSIGNMENT|[16]|auMainTopCompCtrl.TYPE_SCREEN_SA_DAILYREPORT|54
10:56:36.0 (9999642)|STATEMENT_EXECUTE|[17]
10:56:36.0 (10001486)|HEAP_ALLOCATE|[17]|Bytes:4
10:56:36.0 (10007954)|VARIABLE_ASSIGNMENT|[17]|auMainTopCompCtrl.TYPE_SCREEN_SA_ENQUETE|55
10:56:36.0 (10012465)|STATEMENT_EXECUTE|[18]
10:56:36.0 (10014531)|HEAP_ALLOCATE|[18]|Bytes:4
10:56:36.0 (10020593)|VARIABLE_ASSIGNMENT|[18]|auMainTopCompCtrl.TYPE_SCREEN_SA_DOCUMENTS|56
10:56:36.0 (10024622)|STATEMENT_EXECUTE|[19]
10:56:36.0 (10026598)|HEAP_ALLOCATE|[19]|Bytes:4
10:56:36.0 (10032231)|VARIABLE_ASSIGNMENT|[19]|auMainTopCompCtrl.TYPE_SCREEN_SA_RANKING|57
10:56:36.0 (10035650)|STATEMENT_EXECUTE|[20]
10:56:36.0 (10037696)|HEAP_ALLOCATE|[20]|Bytes:4
10:56:36.0 (10043481)|VARIABLE_ASSIGNMENT|[20]|auMainTopCompCtrl.TYPE_SCREEN_SA_LINKS|58
10:56:36.0 (10047482)|STATEMENT_EXECUTE|[21]
10:56:36.0 (10049593)|HEAP_ALLOCATE|[21]|Bytes:4
10:56:36.0 (10055400)|VARIABLE_ASSIGNMENT|[21]|auMainTopCompCtrl.TYPE_SCREEN_SA_USRSETTINGS|59
10:56:36.0 (10059499)|STATEMENT_EXECUTE|[22]
10:56:36.0 (10061281)|HEAP_ALLOCATE|[22]|Bytes:4
10:56:36.0 (10066906)|VARIABLE_ASSIGNMENT|[22]|auMainTopCompCtrl.TYPE_SCREEN_SA_DAILYREPORTLIST|60
10:56:36.0 (10070521)|STATEMENT_EXECUTE|[23]
10:56:36.0 (10072460)|HEAP_ALLOCATE|[23]|Bytes:4
10:56:36.0 (10079780)|VARIABLE_ASSIGNMENT|[23]|auMainTopCompCtrl.TYPE_SCREEN_SA_TODO|61
10:56:36.0 (10084002)|STATEMENT_EXECUTE|[24]
10:56:36.0 (10086104)|HEAP_ALLOCATE|[24]|Bytes:4
10:56:36.0 (10091678)|VARIABLE_ASSIGNMENT|[24]|auMainTopCompCtrl.TYPE_SCREEN_HONBU_DIRECT|71
10:56:36.0 (10095713)|STATEMENT_EXECUTE|[25]
10:56:36.0 (10097649)|HEAP_ALLOCATE|[25]|Bytes:4
10:56:36.0 (10102512)|VARIABLE_ASSIGNMENT|[25]|auMainTopCompCtrl.TYPE_SCREEN_ACCOUNT_LIST|81
10:56:36.0 (10106339)|STATEMENT_EXECUTE|[26]
10:56:36.0 (10108222)|HEAP_ALLOCATE|[26]|Bytes:4
10:56:36.0 (10113282)|VARIABLE_ASSIGNMENT|[26]|auMainTopCompCtrl.TYPE_SCREEN_ACTIVITY_LIST|82
10:56:36.0 (10117210)|STATEMENT_EXECUTE|[27]
10:56:36.0 (10119006)|HEAP_ALLOCATE|[27]|Bytes:4
10:56:36.0 (10125269)|VARIABLE_ASSIGNMENT|[27]|auMainTopCompCtrl.TYPE_SCREEN_FILE_LIST|83
10:56:36.0 (10132709)|METHOD_EXIT|[1]|auMainTopCompCtrl
10:56:36.0 (10139125)|HEAP_ALLOCATE|[EXTERNAL]|Bytes:40
10:56:36.0 (10147007)|VARIABLE_SCOPE_BEGIN|[80]|this|auMainTopCompCtrl|true|false
10:56:36.0 (10208192)|VARIABLE_ASSIGNMENT|[80]|this|{"currentUser":"0x4667048d","iTypeOfScreen":54,"urlReportsSFA":"https://cs6.lightnin (84 more) ..."}|0x9141c88
10:56:36.0 (10221443)|STATEMENT_EXECUTE|[80]
10:56:36.0 (10223117)|STATEMENT_EXECUTE|[81]
10:56:36.0 (10271131)|VARIABLE_ASSIGNMENT|[EXTERNAL]|this|{"currentUser":"0x4667048d","iTypeOfScreen":54,"urlReportsSFA":"https://cs6.lightnin (84 more) ..."}|0x9141c88
10:56:36.0 (10320627)|VARIABLE_ASSIGNMENT|[EXTERNAL]|this|{"currentUser":"0x4667048d","iTypeOfScreen":54,"urlReportsSFA":"https://cs6.lightnin (84 more) ..."}|0x9141c88
10:56:36.0 (10357725)|VARIABLE_ASSIGNMENT|[EXTERNAL]|this|{"currentUser":"0x4667048d","iTypeOfScreen":54,"urlReportsSFA":"https://cs6.lightnin (84 more) ..."}|0x9141c88
10:56:36.0 (10392342)|VARIABLE_ASSIGNMENT|[EXTERNAL]|this|{"currentUser":"0x4667048d","iTypeOfScreen":54,"urlReportsSFA":"https://cs6.lightnin (84 more) ..."}|0x9141c88
10:56:36.0 (10416626)|HEAP_ALLOCATE|[81]|Bytes:5
10:56:36.0 (10522475)|SYSTEM_MODE_ENTER|true
10:56:36.0 (10555886)|HEAP_ALLOCATE|[EXTERNAL]|Bytes:40
10:56:36.0 (10562442)|VARIABLE_SCOPE_BEGIN|[98]|this|auMainTopCompCtrl|true|false
10:56:36.0 (10593792)|VARIABLE_ASSIGNMENT|[98]|this|{"currentUser":"0x4667048d","iTypeOfScreen":54,"urlReportsSFA":"https://cs6.lightnin (84 more) ..."}|0x9141c88
10:56:36.0 (10603615)|STATEMENT_EXECUTE|[98]
10:56:36.0 (10605357)|STATEMENT_EXECUTE|[99]
10:56:36.0 (10637549)|VARIABLE_ASSIGNMENT|[EXTERNAL]|this|{"currentUser":"0x4667048d","iTypeOfScreen":54,"urlReportsSFA":"https://cs6.lightnin (84 more) ..."}|0x9141c88
10:56:36.0 (10652789)|HEAP_ALLOCATE|[99]|Bytes:5
10:56:36.0 (10743357)|SYSTEM_MODE_ENTER|true
10:56:36.0 (10766413)|HEAP_ALLOCATE|[EXTERNAL]|Bytes:40
10:56:36.0 (10778070)|VARIABLE_ASSIGNMENT|[EXTERNAL]|this.iCountComments|null|0x9141c88
10:56:36.0 (10824261)|SYSTEM_MODE_ENTER|true
10:56:36.0 (10837813)|HEAP_ALLOCATE|[EXTERNAL]|Bytes:40
10:56:36.0 (10845584)|VARIABLE_ASSIGNMENT|[EXTERNAL]|this.iCountLikes|null|0x9141c88
10:56:36.0 (10928666)|SYSTEM_MODE_ENTER|true
10:56:36.0 (10965198)|HEAP_ALLOCATE|[EXTERNAL]|Bytes:26
10:56:36.0 (10973076)|HEAP_ALLOCATE|[EXTERNAL]|Bytes:460
10:56:36.0 (10977840)|HEAP_ALLOCATE|[EXTERNAL]|Bytes:113
10:56:36.0 (10981771)|HEAP_ALLOCATE|[EXTERNAL]|Bytes:39
10:56:36.0 (10985327)|HEAP_ALLOCATE|[EXTERNAL]|Bytes:3
10:56:36.0 (10995028)|VARIABLE_ASSIGNMENT|[EXTERNAL]|saDailyReportCtrl.SOURCE|"src"
10:56:36.0 (10999799)|HEAP_ALLOCATE|[EXTERNAL]|Bytes:2
10:56:36.0 (11006309)|VARIABLE_ASSIGNMENT|[EXTERNAL]|saDailyReportCtrl.SOURCE_ID|"id"
10:56:36.0 (11015757)|METHOD_ENTRY|[1]|01pN0000000aE0W|saDailyReportCtrl.saDailyReportCtrl()
10:56:36.0 (11020946)|STATEMENT_EXECUTE|[1]
10:56:36.0 (11024067)|STATEMENT_EXECUTE|[1]
10:56:36.0 (11032635)|SYSTEM_MODE_ENTER|false
10:56:36.0 (11040200)|HEAP_ALLOCATE|[EXTERNAL]|Bytes:5
10:56:36.0 (11045264)|STATEMENT_EXECUTE|[651]
10:56:36.0 (11047244)|STATEMENT_EXECUTE|[678]
10:56:36.0 (11052365)|SYSTEM_MODE_EXIT|false
10:56:36.0 (11060096)|METHOD_EXIT|[1]|saDailyReportCtrl
10:56:36.0 (11064909)|HEAP_ALLOCATE|[EXTERNAL]|Bytes:76
10:56:36.0 (11070269)|VARIABLE_SCOPE_BEGIN|[92]|this|saDailyReportCtrl|true|false
10:56:36.0 (11400219)|VARIABLE_ASSIGNMENT|[92]|this|{"BusinessLocationName":"","currentInquiryReply":"0x33954316","currentInquiryReplyDetail":"0x1a4cf9b0","dailyReportId":"a0IN0000006RUllMAG","dCurrentDay":"2018-06-30T00:00:00Z","dCurrentMonth":"2018-07-01T00:00:00Z","iCurrentDay":0,"idBusinessLocation":"","isIPhone":false,"isPreview":true,"lsBusinessLocation":"0x64f1c518","messageError":"","messageQuestion":"","mpQuestions":"0xf10d81f","myUser":"0x1684b718","sourceOfTheCall":"preview"}|0x5b560b82
10:56:36.0 (11421314)|SYSTEM_MODE_ENTER|false
10:56:36.0 (11428757)|HEAP_ALLOCATE|[92]|Bytes:5
10:56:36.0 (11434285)|STATEMENT_EXECUTE|[92]
10:56:36.0 (11436681)|STATEMENT_EXECUTE|[92]
10:56:36.0 (11441696)|SYSTEM_MODE_EXIT|false
10:56:36.0 (11505327)|SYSTEM_MODE_ENTER|true
10:56:36.0 (11523627)|HEAP_ALLOCATE|[EXTERNAL]|Bytes:8
10:56:36.0 (11529082)|HEAP_ALLOCATE|[EXTERNAL]|Bytes:40
10:56:36.0 (11538808)|VARIABLE_ASSIGNMENT|[EXTERNAL]|this.iTypeOfScreen|54|0x9141c88
10:56:36.0 (11693802)|SYSTEM_MODE_ENTER|true
10:56:36.0 (11785781)|SYSTEM_MODE_ENTER|true
10:56:36.0 (11871316)|SYSTEM_MODE_ENTER|true
10:56:36.0 (12064303)|SYSTEM_MODE_ENTER|true
10:56:36.0 (13354479)|SYSTEM_MODE_ENTER|true
10:56:36.0 (15330502)|SYSTEM_MODE_ENTER|true
10:56:36.0 (15384694)|SYSTEM_MODE_ENTER|true
10:56:36.0 (15427046)|SYSTEM_MODE_ENTER|true
10:56:36.0 (15466116)|SYSTEM_MODE_ENTER|true
10:56:36.0 (15503958)|SYSTEM_MODE_ENTER|true
10:56:36.0 (15557660)|SYSTEM_MODE_ENTER|true
10:56:36.0 (15593669)|HEAP_ALLOCATE|[EXTERNAL]|Bytes:40
10:56:36.0 (15601346)|VARIABLE_SCOPE_BEGIN|[80]|this|auMainTopCompCtrl|true|false
10:56:36.0 (15638991)|VARIABLE_ASSIGNMENT|[80]|this|{"currentUser":"0x4667048d","iTypeOfScreen":54,"urlReportsSFA":"https://cs6.lightnin (84 more) ..."}|0x9141c88
10:56:36.0 (15649274)|STATEMENT_EXECUTE|[80]
10:56:36.0 (15651197)|STATEMENT_EXECUTE|[81]
10:56:36.0 (15687542)|VARIABLE_ASSIGNMENT|[EXTERNAL]|this|{"currentUser":"0x4667048d","iTypeOfScreen":54,"urlReportsSFA":"https://cs6.lightnin (84 more) ..."}|0x9141c88
10:56:36.0 (15725588)|VARIABLE_ASSIGNMENT|[EXTERNAL]|this|{"currentUser":"0x4667048d","iTypeOfScreen":54,"urlReportsSFA":"https://cs6.lightnin (84 more) ..."}|0x9141c88
10:56:36.0 (15756678)|VARIABLE_ASSIGNMENT|[EXTERNAL]|this|{"currentUser":"0x4667048d","iTypeOfScreen":54,"urlReportsSFA":"https://cs6.lightnin (84 more) ..."}|0x9141c88
10:56:36.0 (15785874)|VARIABLE_ASSIGNMENT|[EXTERNAL]|this|{"currentUser":"0x4667048d","iTypeOfScreen":54,"urlReportsSFA":"https://cs6.lightnin (84 more) ..."}|0x9141c88
10:56:36.0 (15799113)|HEAP_ALLOCATE|[81]|Bytes:5
10:56:36.0 (15853424)|SYSTEM_MODE_ENTER|true
10:56:36.0 (15884003)|HEAP_ALLOCATE|[EXTERNAL]|Bytes:40
10:56:36.0 (15889972)|VARIABLE_SCOPE_BEGIN|[98]|this|auMainTopCompCtrl|true|false
10:56:36.0 (15918877)|VARIABLE_ASSIGNMENT|[98]|this|{"currentUser":"0x4667048d","iTypeOfScreen":54,"urlReportsSFA":"https://cs6.lightnin (84 more) ..."}|0x9141c88
10:56:36.0 (15927126)|STATEMENT_EXECUTE|[98]
10:56:36.0 (15928958)|STATEMENT_EXECUTE|[99]
10:56:36.0 (15954285)|VARIABLE_ASSIGNMENT|[EXTERNAL]|this|{"currentUser":"0x4667048d","iTypeOfScreen":54,"urlReportsSFA":"https://cs6.lightnin (84 more) ..."}|0x9141c88
10:56:36.0 (15967340)|HEAP_ALLOCATE|[99]|Bytes:5
10:56:36.0 (18859751)|SYSTEM_MODE_ENTER|true
10:56:36.0 (18882962)|HEAP_ALLOCATE|[EXTERNAL]|Bytes:16
10:56:36.0 (18889042)|HEAP_ALLOCATE|[EXTERNAL]|Bytes:76
10:56:36.0 (18901724)|VARIABLE_ASSIGNMENT|[EXTERNAL]|this.messageError|"正しいデーターを入れてください。"|0x5b560b82
10:56:36.0 (18935900)|SYSTEM_MODE_ENTER|true
10:56:36.0 (18949774)|HEAP_ALLOCATE|[EXTERNAL]|Bytes:76
10:56:36.0 (18958046)|VARIABLE_ASSIGNMENT|[EXTERNAL]|this.messageQuestion|""|0x5b560b82
10:56:36.0 (18983179)|SYSTEM_MODE_ENTER|true
10:56:36.0 (18997700)|HEAP_ALLOCATE|[EXTERNAL]|Bytes:5
10:56:36.0 (19001981)|HEAP_ALLOCATE|[EXTERNAL]|Bytes:76
10:56:36.0 (19009427)|VARIABLE_ASSIGNMENT|[EXTERNAL]|this.isPreview|true|0x5b560b82
10:56:36.0 (19033993)|SYSTEM_MODE_ENTER|true
10:56:36.0 (19045930)|HEAP_ALLOCATE|[EXTERNAL]|Bytes:76
10:56:36.0 (19052976)|VARIABLE_ASSIGNMENT|[EXTERNAL]|this.idBusinessLocation|""|0x5b560b82
10:56:36.0 (19076306)|SYSTEM_MODE_ENTER|true
10:56:36.0 (19087847)|HEAP_ALLOCATE|[EXTERNAL]|Bytes:8
10:56:36.0 (19091765)|HEAP_ALLOCATE|[EXTERNAL]|Bytes:76
10:56:36.0 (19097949)|VARIABLE_ASSIGNMENT|[EXTERNAL]|this.iCurrentDay|0|0x5b560b82
10:56:36.0 (19181621)|SYSTEM_MODE_ENTER|true
10:56:36.0 (19195663)|HEAP_ALLOCATE|[EXTERNAL]|Bytes:40
10:56:36.0 (19204335)|VARIABLE_ASSIGNMENT|[EXTERNAL]|this.iCountComments|null|0x9141c88
10:56:36.0 (19236276)|SYSTEM_MODE_ENTER|true
10:56:36.0 (19247367)|HEAP_ALLOCATE|[EXTERNAL]|Bytes:40
10:56:36.0 (19254230)|VARIABLE_ASSIGNMENT|[EXTERNAL]|this.iCountLikes|null|0x9141c88
10:56:36.0 (19292082)|SYSTEM_MODE_ENTER|true
10:56:36.0 (19326089)|HEAP_ALLOCATE|[EXTERNAL]|Bytes:76
10:56:36.0 (19332357)|VARIABLE_SCOPE_BEGIN|[92]|this|saDailyReportCtrl|true|false
10:56:36.0 (19506370)|VARIABLE_ASSIGNMENT|[92]|this|{"BusinessLocationName":"","currentInquiryReply":"0x33954316","currentInquiryReplyDetail":"0x1a4cf9b0","dailyReportId":"a0IN0000006RUllMAG","dCurrentDay":"2018-06-30T00:00:00Z","dCurrentMonth":"2018-07-01T00:00:00Z","iCurrentDay":0,"idBusinessLocation":"","isIPhone":false,"isPreview":true,"lsBusinessLocation":"0x64f1c518","messageError":"正しいデーターを入れてください。","messageQuestion":"","mpQuestions":"0xf10d81f","myUser":"0x1684b718","sourceOfTheCall":"preview"}|0x5b560b82
10:56:36.0 (19526164)|SYSTEM_MODE_ENTER|false
10:56:36.0 (19533070)|HEAP_ALLOCATE|[92]|Bytes:5
10:56:36.0 (19538478)|STATEMENT_EXECUTE|[92]
10:56:36.0 (19540290)|STATEMENT_EXECUTE|[92]
10:56:36.0 (19544480)|SYSTEM_MODE_EXIT|false
10:56:36.0 (19589973)|SYSTEM_MODE_ENTER|true
10:56:36.0 (19604506)|HEAP_ALLOCATE|[EXTERNAL]|Bytes:8
10:56:36.0 (19608834)|HEAP_ALLOCATE|[EXTERNAL]|Bytes:40
10:56:36.0 (19617884)|VARIABLE_ASSIGNMENT|[EXTERNAL]|this.iTypeOfScreen|54|0x9141c88
10:56:36.0 (19764691)|SYSTEM_MODE_ENTER|true
10:56:36.0 (22293927)|HEAP_ALLOCATE|[EXTERNAL]|Bytes:76
10:56:36.0 (22304772)|VARIABLE_SCOPE_BEGIN|[199]|this|saDailyReportCtrl|true|false
10:56:36.0 (22474263)|VARIABLE_ASSIGNMENT|[199]|this|{"BusinessLocationName":"","currentInquiryReply":"0x33954316","currentInquiryReplyDetail":"0x1a4cf9b0","dailyReportId":"a0IN0000006RUllMAG","dCurrentDay":"2018-06-30T00:00:00Z","dCurrentMonth":"2018-07-01T00:00:00Z","iCurrentDay":0,"idBusinessLocation":"","isIPhone":false,"isPreview":true,"lsBusinessLocation":"0x64f1c518","messageError":"正しいデーターを入れてください。","messageQuestion":"","mpQuestions":"0xf10d81f","myUser":"0x1684b718","sourceOfTheCall":"preview"}|0x5b560b82
10:56:36.0 (22495459)|SYSTEM_MODE_ENTER|false
10:56:36.0 (22503338)|HEAP_ALLOCATE|[201]|Bytes:5
10:56:36.0 (22509181)|STATEMENT_EXECUTE|[199]
10:56:36.0 (22511290)|STATEMENT_EXECUTE|[201]
10:56:36.0 (22675637)|VARIABLE_ASSIGNMENT|[EXTERNAL]|this|{"BusinessLocationName":"","currentInquiryReply":"0x33954316","currentInquiryReplyDetail":"0x1a4cf9b0","dailyReportId":"a0IN0000006RUllMAG","dCurrentDay":"2018-06-30T00:00:00Z","dCurrentMonth":"2018-07-01T00:00:00Z","iCurrentDay":0,"idBusinessLocation":"","isIPhone":false,"isPreview":true,"lsBusinessLocation":"0x64f1c518","messageError":"正しいデーターを入れてください。","messageQuestion":"","mpQuestions":"0xf10d81f","myUser":"0x1684b718","sourceOfTheCall":"preview"}|0x5b560b82
10:56:36.0 (22697006)|VARIABLE_ASSIGNMENT|[EXTERNAL]|value|""
10:56:36.0 (22709282)|VARIABLE_ASSIGNMENT|[6]|this.messageError|""|0x5b560b82
10:56:36.0 (22721580)|STATEMENT_EXECUTE|[202]
10:56:36.0 (22865487)|VARIABLE_ASSIGNMENT|[EXTERNAL]|this|{"BusinessLocationName":"","currentInquiryReply":"0x33954316","currentInquiryReplyDetail":"0x1a4cf9b0","dailyReportId":"a0IN0000006RUllMAG","dCurrentDay":"2018-06-30T00:00:00Z","dCurrentMonth":"2018-07-01T00:00:00Z","iCurrentDay":0,"idBusinessLocation":"","isIPhone":false,"isPreview":true,"lsBusinessLocation":"0x64f1c518","messageError":"","messageQuestion":"","mpQuestions":"0xf10d81f","myUser":"0x1684b718","sourceOfTheCall":"preview"}|0x5b560b82
10:56:36.0 (22879612)|VARIABLE_ASSIGNMENT|[EXTERNAL]|value|""
10:56:36.0 (22889420)|VARIABLE_ASSIGNMENT|[7]|this.messageQuestion|""|0x5b560b82
10:56:36.0 (22899409)|STATEMENT_EXECUTE|[204]
10:56:36.0 (22901101)|STATEMENT_EXECUTE|[204]
10:56:36.0 (22902662)|STATEMENT_EXECUTE|[206]
10:56:36.0 (23098064)|VARIABLE_ASSIGNMENT|[EXTERNAL]|this|{"BusinessLocationName":"","currentInquiryReply":"0x33954316","currentInquiryReplyDetail":"0x1a4cf9b0","dailyReportId":"a0IN0000006RUllMAG","dCurrentDay":"2018-06-30T00:00:00Z","dCurrentMonth":"2018-07-01T00:00:00Z","iCurrentDay":0,"idBusinessLocation":"","isIPhone":false,"isPreview":true,"lsBusinessLocation":"0x64f1c518","messageError":"","messageQuestion":"","mpQuestions":"0xf10d81f","myUser":"0x1684b718","sourceOfTheCall":"preview"}|0x5b560b82
10:56:36.0 (23152818)|HEAP_ALLOCATE|[206]|Bytes:4
10:56:36.0 (23187151)|VARIABLE_ASSIGNMENT|[206]|this.dCurrentDay|"2018-06-30T00:00:00.000Z"|0x5b560b82
10:56:36.0 (23194036)|STATEMENT_EXECUTE|[208]
10:56:36.0 (23208569)|HEAP_ALLOCATE|[208]|Bytes:4
10:56:36.0 (23420159)|VARIABLE_ASSIGNMENT|[EXTERNAL]|this|{"BusinessLocationName":"","currentInquiryReply":"0x33954316","currentInquiryReplyDetail":"0x1a4cf9b0","dailyReportId":"a0IN0000006RUllMAG","dCurrentDay":"2018-06-30T00:00:00Z","dCurrentMonth":"2018-07-01T00:00:00Z","iCurrentDay":0,"idBusinessLocation":"","isIPhone":false,"isPreview":true,"lsBusinessLocation":"0x64f1c518","messageError":"","messageQuestion":"","mpQuestions":"0xf10d81f","myUser":"0x1684b718","sourceOfTheCall":"preview"}|0x5b560b82
10:56:36.0 (23435482)|HEAP_ALLOCATE|[EXTERNAL]|Bytes:4
10:56:36.0 (23447571)|VARIABLE_ASSIGNMENT|[EXTERNAL]|value|[]|0xea0ae7
10:56:36.0 (23458546)|VARIABLE_ASSIGNMENT|[22]|this.currentInquiryReplyDetail|[]|0x5b560b82
10:56:36.0 (23468676)|STATEMENT_EXECUTE|[209]
10:56:36.0 (23481181)|HEAP_ALLOCATE|[209]|Bytes:4
10:56:36.0 (23655824)|VARIABLE_ASSIGNMENT|[EXTERNAL]|this|{"BusinessLocationName":"","currentInquiryReply":"0x33954316","currentInquiryReplyDetail":"0xea0ae7","dailyReportId":"a0IN0000006RUllMAG","dCurrentDay":"2018-06-30T00:00:00Z","dCurrentMonth":"2018-07-01T00:00:00Z","iCurrentDay":0,"idBusinessLocation":"","isIPhone":false,"isPreview":true,"lsBusinessLocation":"0x64f1c518","messageError":"","messageQuestion":"","mpQuestions":"0xf10d81f","myUser":"0x1684b718","sourceOfTheCall":"preview"}|0x5b560b82
10:56:36.0 (23676252)|VARIABLE_ASSIGNMENT|[EXTERNAL]|value|{}|0x6402c80f
10:56:36.0 (23692815)|VARIABLE_ASSIGNMENT|[24]|this.mpQuestions|{}|0x5b560b82
10:56:36.0 (23702935)|STATEMENT_EXECUTE|[211]
10:56:36.0 (23845946)|VARIABLE_ASSIGNMENT|[EXTERNAL]|this|{"BusinessLocationName":"","currentInquiryReply":"0x33954316","currentInquiryReplyDetail":"0xea0ae7","dailyReportId":"a0IN0000006RUllMAG","dCurrentDay":"2018-06-30T00:00:00Z","dCurrentMonth":"2018-07-01T00:00:00Z","iCurrentDay":0,"idBusinessLocation":"","isIPhone":false,"isPreview":true,"lsBusinessLocation":"0x64f1c518","messageError":"","messageQuestion":"","mpQuestions":"0x6402c80f","myUser":"0x1684b718","sourceOfTheCall":"preview"}|0x5b560b82
10:56:36.0 (23861367)|VARIABLE_ASSIGNMENT|[EXTERNAL]|value|""
10:56:36.0 (23870744)|VARIABLE_ASSIGNMENT|[23]|this.BusinessLocationName|""|0x5b560b82
10:56:36.0 (23883572)|HEAP_ALLOCATE|[212]|Bytes:81
10:56:36.0 (23900022)|HEAP_ALLOCATE|[212]|Bytes:4
10:56:36.0 (23908910)|HEAP_ALLOCATE|[212]|Bytes:7
10:56:36.0 (24053435)|VARIABLE_ASSIGNMENT|[EXTERNAL]|this|{"BusinessLocationName":"","currentInquiryReply":"0x33954316","currentInquiryReplyDetail":"0xea0ae7","dailyReportId":"a0IN0000006RUllMAG","dCurrentDay":"2018-06-30T00:00:00Z","dCurrentMonth":"2018-07-01T00:00:00Z","iCurrentDay":0,"idBusinessLocation":"","isIPhone":false,"isPreview":true,"lsBusinessLocation":"0x64f1c518","messageError":"","messageQuestion":"","mpQuestions":"0x6402c80f","myUser":"0x1684b718","sourceOfTheCall":"preview"}|0x5b560b82
10:56:36.0 (24414527)|SOQL_EXECUTE_BEGIN|[212]|Aggregations:0|SELECT Id, BusinessLocationName__c FROM saBusinessLocation__c 
10:56:36.0 (25847371)|SOQL_EXECUTE_END|[212]|Rows:0
10:56:36.0 (26009182)|HEAP_ALLOCATE|[212]|Bytes:54
10:56:36.0 (26019490)|HEAP_ALLOCATE|[212]|Bytes:8
10:56:36.0 (26044602)|SYSTEM_METHOD_ENTRY|[7]|QueryLocatorIterator.QueryLocatorIterator()
10:56:36.0 (26049367)|STATEMENT_EXECUTE|[7]
10:56:36.0 (26057082)|SYSTEM_METHOD_EXIT|[7]|QueryLocatorIterator
10:56:36.0 (26064598)|HEAP_ALLOCATE|[212]|Bytes:28
10:56:36.0 (26080086)|HEAP_ALLOCATE|[212]|Bytes:8
10:56:36.0 (26084066)|HEAP_ALLOCATE|[212]|Bytes:8
10:56:36.0 (26089308)|VARIABLE_SCOPE_BEGIN|[15]|this|Database.QueryLocatorIterator|true|false
10:56:36.0 (26114326)|VARIABLE_ASSIGNMENT|[15]|this|{}|0x45f072ff
10:56:36.0 (26121943)|VARIABLE_SCOPE_BEGIN|[15]|values|List<SObject>|true|false
10:56:36.0 (26130174)|VARIABLE_ASSIGNMENT|[15]|values|null|
10:56:36.0 (26134864)|VARIABLE_SCOPE_BEGIN|[15]|ql|Database.QueryLocator|true|false
10:56:36.0 (26151859)|VARIABLE_ASSIGNMENT|[15]|ql|{"query":"SELECT Id, BusinessL (61 more) ..."}|0x8d8cf3
10:56:36.0 (26157887)|VARIABLE_SCOPE_BEGIN|[15]|totalNumRecords|Integer|false|false
10:56:36.0 (26166304)|VARIABLE_ASSIGNMENT|[15]|totalNumRecords|0
10:56:36.0 (26171357)|VARIABLE_SCOPE_BEGIN|[15]|queryMoreSize|Integer|false|false
10:56:36.0 (26179065)|VARIABLE_ASSIGNMENT|[15]|queryMoreSize|50000
10:56:36.0 (26252719)|HEAP_ALLOCATE|[212]|Bytes:28
10:56:36.0 (26274605)|METHOD_ENTRY|[212]||Database.QueryLocatorIterator.hasNext()
10:56:36.0 (26295011)|METHOD_EXIT|[212]||Database.QueryLocatorIterator.hasNext()
10:56:36.0 (26328840)|VARIABLE_ASSIGNMENT|[212]|bl|null|
10:56:36.0 (26335605)|STATEMENT_EXECUTE|[212]
10:56:36.0 (26351953)|STATEMENT_EXECUTE|[219]
10:56:36.0 (26355309)|HEAP_ALLOCATE|[219]|Bytes:195
10:56:36.0 (26368708)|HEAP_ALLOCATE|[219]|Bytes:4
10:56:36.0 (26392685)|HEAP_ALLOCATE|[219]|Bytes:7
10:56:36.0 (26424398)|HEAP_ALLOCATE|[223]|Bytes:89
10:56:36.0 (26433282)|SYSTEM_METHOD_ENTRY|[1]|UserInfo.UserInfo()
10:56:36.0 (26437028)|STATEMENT_EXECUTE|[1]
10:56:36.0 (26441553)|SYSTEM_METHOD_EXIT|[1]|UserInfo
10:56:36.0 (26451870)|METHOD_ENTRY|[223]||System.UserInfo.getUserId()
10:56:36.0 (26487030)|METHOD_EXIT|[223]||System.UserInfo.getUserId()
10:56:36.0 (27005206)|SOQL_EXECUTE_BEGIN|[219]|Aggregations:0|SELECT Id, saBusinessLocation__c, Status__c, saInquiry__c, Comment__c FROM saInquiryReply__c WHERE (saInquiry__r.Type__c = 'DAILY_REPORT' AND DailyReportDate__c = :tmpVar1 AND User__c = :tmpVar2)
10:56:36.0 (32521591)|SOQL_EXECUTE_END|[219]|Rows:0
10:56:36.0 (32546798)|HEAP_ALLOCATE|[219]|Bytes:4
10:56:36.0 (32560322)|HEAP_ALLOCATE|[219]|Bytes:0
10:56:36.0 (32623432)|HEAP_ALLOCATE|[219]|Bytes:4
10:56:36.0 (32638128)|VARIABLE_SCOPE_BEGIN|[219]|lsInqRep|List<saInquiryReply__c>|true|false
10:56:36.0 (32654206)|VARIABLE_ASSIGNMENT|[219]|lsInqRep|[]|0x7e5bc33f
10:56:36.0 (32714842)|STATEMENT_EXECUTE|[225]
10:56:36.0 (32717424)|STATEMENT_EXECUTE|[227]
10:56:36.0 (32721451)|HEAP_ALLOCATE|[227]|Bytes:207
10:56:36.0 (32735776)|HEAP_ALLOCATE|[227]|Bytes:4
10:56:36.0 (32933274)|VARIABLE_ASSIGNMENT|[EXTERNAL]|this|{"BusinessLocationName":"","currentInquiryReply":"0x33954316","currentInquiryReplyDetail":"0xea0ae7","dailyReportId":"a0IN0000006RUllMAG","dCurrentDay":"2018-06-30T00:00:00Z","dCurrentMonth":"2018-07-01T00:00:00Z","iCurrentDay":0,"idBusinessLocation":"","isIPhone":false,"isPreview":true,"lsBusinessLocation":"0x64f1c518","messageError":"","messageQuestion":"","mpQuestions":"0x6402c80f","myUser":"0x1684b718","sourceOfTheCall":"preview"}|0x5b560b82
10:56:36.0 (32960424)|HEAP_ALLOCATE|[227]|Bytes:7
10:56:36.0 (32970493)|METHOD_ENTRY|[232]||System.UserInfo.getUserId()
10:56:36.0 (32991522)|METHOD_EXIT|[232]||System.UserInfo.getUserId()
10:56:36.0 (33309606)|SOQL_EXECUTE_BEGIN|[227]|Aggregations:0|SELECT Id, saBusinessLocation__c, Status__c FROM saInquiryReply__c WHERE (saInquiry__r.Type__c = 'DAILY_REPORT' AND DailyReportDate__c = :tmpVar1 AND saBusinessLocation__c = :tmpVar2 AND User__c != :tmpVar3)
10:56:36.0 (36031423)|SOQL_EXECUTE_END|[227]|Rows:0
10:56:36.0 (36054239)|HEAP_ALLOCATE|[227]|Bytes:4
10:56:36.0 (36067646)|HEAP_ALLOCATE|[227]|Bytes:0
10:56:36.0 (36091311)|HEAP_ALLOCATE|[227]|Bytes:4
10:56:36.0 (36102471)|VARIABLE_SCOPE_BEGIN|[227]|lsInqOtherPeople|List<saInquiryReply__c>|true|false
10:56:36.0 (36119721)|VARIABLE_ASSIGNMENT|[227]|lsInqOtherPeople|[]|0xcfe06d8
10:56:36.0 (36153521)|STATEMENT_EXECUTE|[234]
10:56:36.0 (36155983)|STATEMENT_EXECUTE|[240]
10:56:36.0 (36158896)|VARIABLE_SCOPE_BEGIN|[240]|lsTemplate|List<saInquiryReply__c>|true|false
10:56:36.0 (36169841)|VARIABLE_ASSIGNMENT|[240]|lsTemplate|null|
10:56:36.0 (36349873)|VARIABLE_ASSIGNMENT|[EXTERNAL]|this|{"BusinessLocationName":"","currentInquiryReply":"0x33954316","currentInquiryReplyDetail":"0xea0ae7","dailyReportId":"a0IN0000006RUllMAG","dCurrentDay":"2018-06-30T00:00:00Z","dCurrentMonth":"2018-07-01T00:00:00Z","iCurrentDay":0,"idBusinessLocation":"","isIPhone":false,"isPreview":true,"lsBusinessLocation":"0x64f1c518","messageError":"","messageQuestion":"","mpQuestions":"0x6402c80f","myUser":"0x1684b718","sourceOfTheCall":"preview"}|0x5b560b82
10:56:36.0 (36373347)|STATEMENT_EXECUTE|[252]
10:56:36.0 (36375440)|STATEMENT_EXECUTE|[253]
10:56:36.0 (36379061)|HEAP_ALLOCATE|[253]|Bytes:393
10:56:36.0 (36392799)|HEAP_ALLOCATE|[253]|Bytes:4
10:56:36.0 (36423295)|METHOD_ENTRY|[259]||System.UserInfo.getUserId()
10:56:36.0 (36447653)|METHOD_EXIT|[259]||System.UserInfo.getUserId()
10:56:36.0 (36904893)|SOQL_EXECUTE_BEGIN|[253]|Aggregations:0|SELECT Id, saBusinessLocation__c, Status__c, saInquiry__c, Comment__c FROM saInquiryReply__c WHERE (saInquiry__r.Type__c = 'DAILY_REPORT' AND (saInquiry__r.ValidFrom__c = NULL OR saInquiry__r.ValidFrom__c <= :tmpVar1) AND (saInquiry__r.ValidTo__c = NULL OR saInquiry__r.ValidTo__c >= :tmpVar2) AND DailyReportDate__c = NULL AND User__c = :tmpVar3) ORDER BY CreatedDate DESC NULLS FIRST LIMIT 1
10:56:36.0 (41134543)|SOQL_EXECUTE_END|[253]|Rows:1
10:56:36.0 (41155343)|HEAP_ALLOCATE|[253]|Bytes:8
10:56:36.0 (41168836)|HEAP_ALLOCATE|[253]|Bytes:89
10:56:36.0 (41193630)|HEAP_ALLOCATE|[253]|Bytes:8
10:56:36.0 (41224837)|VARIABLE_ASSIGNMENT|[253]|lsTemplate|[{"Id":"a0KN0000007Kg4nMAC","Status__c":"WAITING_REPLY","saInquiry__c":"a0IN0000006RUllMAG"}]|0x76e2f99e
10:56:36.0 (41232369)|STATEMENT_EXECUTE|[264]
10:56:36.0 (41236195)|HEAP_ALLOCATE|[264]|Bytes:11
10:56:36.0 (41342003)|HEAP_ALLOCATE|[264]|Bytes:101
10:56:36.0 (41367733)|HEAP_ALLOCATE|[264]|Bytes:112
10:56:36.0 (41389269)|USER_DEBUG|[264]|DEBUG|Template : (saInquiryReply__c:{Id=a0KN0000007Kg4nMAC, Status__c=WAITING_REPLY, saInquiry__c=a0IN0000006RUllMAG})
10:56:36.0 (41418683)|STATEMENT_EXECUTE|[265]
10:56:36.0 (41421079)|STATEMENT_EXECUTE|[271]
10:56:36.0 (41438753)|HEAP_ALLOCATE|[271]|Bytes:16
10:56:36.0 (41474263)|VARIABLE_SCOPE_BEGIN|[271]|idInquiry|Id|false|false
10:56:36.0 (41551871)|VARIABLE_ASSIGNMENT|[271]|idInquiry|"a0IN0000006RUllMAG"
10:56:36.0 (41559199)|STATEMENT_EXECUTE|[272]
10:56:36.0 (41578295)|HEAP_ALLOCATE|[272]|Bytes:4
10:56:36.0 (41854340)|VARIABLE_ASSIGNMENT|[EXTERNAL]|this|{"BusinessLocationName":"","currentInquiryReply":"0x33954316","currentInquiryReplyDetail":"0xea0ae7","dailyReportId":"a0IN0000006RUllMAG","dCurrentDay":"2018-06-30T00:00:00Z","dCurrentMonth":"2018-07-01T00:00:00Z","iCurrentDay":0,"idBusinessLocation":"","isIPhone":false,"isPreview":true,"lsBusinessLocation":"0x64f1c518","messageError":"","messageQuestion":"","mpQuestions":"0x6402c80f","myUser":"0x1684b718","sourceOfTheCall":"preview"}|0x5b560b82
10:56:36.0 (41875037)|VARIABLE_ASSIGNMENT|[EXTERNAL]|value|{}|0x32e5c00f
10:56:36.0 (41889381)|VARIABLE_ASSIGNMENT|[21]|this.currentInquiryReply|{}|0x5b560b82
10:56:36.0 (41902247)|STATEMENT_EXECUTE|[273]
10:56:36.0 (42053240)|VARIABLE_ASSIGNMENT|[EXTERNAL]|this|{"BusinessLocationName":"","currentInquiryReply":"0x32e5c00f","currentInquiryReplyDetail":"0xea0ae7","dailyReportId":"a0IN0000006RUllMAG","dCurrentDay":"2018-06-30T00:00:00Z","dCurrentMonth":"2018-07-01T00:00:00Z","iCurrentDay":0,"idBusinessLocation":"","isIPhone":false,"isPreview":true,"lsBusinessLocation":"0x64f1c518","messageError":"","messageQuestion":"","mpQuestions":"0x6402c80f","myUser":"0x1684b718","sourceOfTheCall":"preview"}|0x5b560b82
10:56:36.0 (42146044)|VARIABLE_ASSIGNMENT|[273]|this.saInquiry__c|"a0IN0000006RUllMAG"|0x32e5c00f
10:56:36.0 (42311343)|VARIABLE_ASSIGNMENT|[EXTERNAL]|this|{"BusinessLocationName":"","currentInquiryReply":"0x32e5c00f","currentInquiryReplyDetail":"0xea0ae7","dailyReportId":"a0IN0000006RUllMAG","dCurrentDay":"2018-06-30T00:00:00Z","dCurrentMonth":"2018-07-01T00:00:00Z","iCurrentDay":0,"idBusinessLocation":"","isIPhone":false,"isPreview":true,"lsBusinessLocation":"0x64f1c518","messageError":"","messageQuestion":"","mpQuestions":"0x6402c80f","myUser":"0x1684b718","sourceOfTheCall":"preview"}|0x5b560b82
10:56:36.0 (42331670)|STATEMENT_EXECUTE|[277]
10:56:36.0 (42334226)|STATEMENT_EXECUTE|[280]
10:56:36.0 (42340612)|METHOD_ENTRY|[280]||System.UserInfo.getUserId()
10:56:36.0 (42362927)|METHOD_EXIT|[280]||System.UserInfo.getUserId()
10:56:36.0 (42378661)|HEAP_ALLOCATE|[280]|Bytes:4
10:56:36.0 (42524700)|VARIABLE_ASSIGNMENT|[EXTERNAL]|this|{"BusinessLocationName":"","currentInquiryReply":"0x32e5c00f","currentInquiryReplyDetail":"0xea0ae7","dailyReportId":"a0IN0000006RUllMAG","dCurrentDay":"2018-06-30T00:00:00Z","dCurrentMonth":"2018-07-01T00:00:00Z","iCurrentDay":0,"idBusinessLocation":"","isIPhone":false,"isPreview":true,"lsBusinessLocation":"0x64f1c518","messageError":"","messageQuestion":"","mpQuestions":"0x6402c80f","myUser":"0x1684b718","sourceOfTheCall":"preview"}|0x5b560b82
10:56:36.0 (42586596)|VARIABLE_ASSIGNMENT|[280]|this.User__c|"005N00000057PfOIAU"|0x32e5c00f
10:56:36.0 (42594514)|STATEMENT_EXECUTE|[281]
10:56:36.0 (42751917)|VARIABLE_ASSIGNMENT|[EXTERNAL]|this|{"BusinessLocationName":"","currentInquiryReply":"0x32e5c00f","currentInquiryReplyDetail":"0xea0ae7","dailyReportId":"a0IN0000006RUllMAG","dCurrentDay":"2018-06-30T00:00:00Z","dCurrentMonth":"2018-07-01T00:00:00Z","iCurrentDay":0,"idBusinessLocation":"","isIPhone":false,"isPreview":true,"lsBusinessLocation":"0x64f1c518","messageError":"","messageQuestion":"","mpQuestions":"0x6402c80f","myUser":"0x1684b718","sourceOfTheCall":"preview"}|0x5b560b82
10:56:36.0 (42822182)|VARIABLE_ASSIGNMENT|[281]|this.DailyReportDate__c|"2018-06-30T00:00:00.000Z"|0x32e5c00f
10:56:36.0 (42829952)|STATEMENT_EXECUTE|[282]
10:56:36.0 (42834042)|HEAP_ALLOCATE|[282]|Bytes:13
10:56:36.0 (42987441)|VARIABLE_ASSIGNMENT|[EXTERNAL]|this|{"BusinessLocationName":"","currentInquiryReply":"0x32e5c00f","currentInquiryReplyDetail":"0xea0ae7","dailyReportId":"a0IN0000006RUllMAG","dCurrentDay":"2018-06-30T00:00:00Z","dCurrentMonth":"2018-07-01T00:00:00Z","iCurrentDay":0,"idBusinessLocation":"","isIPhone":false,"isPreview":true,"lsBusinessLocation":"0x64f1c518","messageError":"","messageQuestion":"","mpQuestions":"0x6402c80f","myUser":"0x1684b718","sourceOfTheCall":"preview"}|0x5b560b82
10:56:36.0 (43037127)|VARIABLE_ASSIGNMENT|[282]|this.Status__c|"WAITING_REPLY"|0x32e5c00f
10:56:36.0 (43044757)|STATEMENT_EXECUTE|[283]
10:56:36.0 (43196442)|VARIABLE_ASSIGNMENT|[EXTERNAL]|this|{"BusinessLocationName":"","currentInquiryReply":"0x32e5c00f","currentInquiryReplyDetail":"0xea0ae7","dailyReportId":"a0IN0000006RUllMAG","dCurrentDay":"2018-06-30T00:00:00Z","dCurrentMonth":"2018-07-01T00:00:00Z","iCurrentDay":0,"idBusinessLocation":"","isIPhone":false,"isPreview":true,"lsBusinessLocation":"0x64f1c518","messageError":"","messageQuestion":"","mpQuestions":"0x6402c80f","myUser":"0x1684b718","sourceOfTheCall":"preview"}|0x5b560b82
10:56:36.0 (43241386)|VARIABLE_ASSIGNMENT|[283]|this.Comment__c|""|0x32e5c00f
10:56:36.0 (43248866)|STATEMENT_EXECUTE|[285]
10:56:36.0 (43252609)|HEAP_ALLOCATE|[285]|Bytes:625
10:56:36.0 (43267338)|HEAP_ALLOCATE|[285]|Bytes:4
10:56:36.0 (43829214)|SOQL_EXECUTE_BEGIN|[285]|Aggregations:0|SELECT Id, QuestionLabel__c, AnswerType__c, NumberPossibleReplies__c, IsShortReply__c, SortNo__c, IsRequired__c, Reply01Label__c, Reply02Label__c, Reply03Label__c, Reply04Label__c, Reply05Label__c, Reply06Label__c, Reply07Label__c, Reply08Label__c, Reply09Label__c, Reply10Label__c, Reply11Label__c, Reply12Label__c, Reply13Label__c, Reply14Label__c, Reply15Label__c, Reply16Label__c, Reply17Label__c, Reply18Label__c, Reply19Label__c, Reply20Label__c, Reply21Label__c, Reply22Label__c, Reply23Label__c, Reply24Label__c, Reply25Label__c FROM saInquiryDetail__c WHERE saInquiry__c = :tmpVar1 ORDER BY SortNo__c ASC NULLS FIRST
10:56:36.0 (53769165)|SOQL_EXECUTE_END|[285]|Rows:1
10:56:36.0 (53793782)|HEAP_ALLOCATE|[285]|Bytes:8
10:56:36.0 (53818676)|HEAP_ALLOCATE|[285]|Bytes:282
10:56:36.0 (53870607)|HEAP_ALLOCATE|[285]|Bytes:8
10:56:36.0 (53889736)|VARIABLE_SCOPE_BEGIN|[285]|lsTmpQuest|List<saInquiryDetail__c>|true|false
10:56:36.0 (53931165)|VARIABLE_ASSIGNMENT|[285]|lsTmpQuest|[{"Id":"a0JN0000008h2r2MAA","QuestionLabel__c":"Works?","AnswerType__c":"CHECKBOX","NumberPossibleReplies__c":2,"IsShortReply__c":true,"SortNo__c":0,"IsRequired__c":false,"Reply01Label__c":"Yes!","Reply02Label__c":"No!"}]|0x35516d84
10:56:36.0 (54110096)|HEAP_ALLOCATE|[295]|Bytes:5
10:56:36.0 (54133320)|HEAP_ALLOCATE|[295]|Bytes:40
10:56:36.0 (54143987)|VARIABLE_SCOPE_BEGIN|[295]|quest|saInquiryDetail__c|true|false
10:56:36.0 (54171737)|VARIABLE_ASSIGNMENT|[295]|quest|{"Id":"a0JN0000008h2r2MAA","QuestionLabel__c":"Works?","AnswerType__c":"CHECKBOX","NumberPossibleReplies__c":2,"IsShortReply__c":true,"SortNo__c":0,"IsRequired__c":false,"Reply01Label__c":"Yes!","Reply02Label__c":"No!"}|0x74fc5683
10:56:36.0 (54181212)|STATEMENT_EXECUTE|[295]
10:56:36.0 (54183282)|STATEMENT_EXECUTE|[296]
10:56:36.0 (54208099)|HEAP_ALLOCATE|[296]|Bytes:4
10:56:36.0 (54289514)|VARIABLE_SCOPE_BEGIN|[296]|questReply|saInquiryReplyDetail__c|true|false
10:56:36.0 (54304208)|VARIABLE_ASSIGNMENT|[296]|questReply|{}|0x4aff38d5
10:56:36.0 (54310824)|STATEMENT_EXECUTE|[297]
10:56:36.0 (54405583)|VARIABLE_ASSIGNMENT|[297]|this.saInquiryDetail__c|"a0JN0000008h2r2MAA"|0x4aff38d5
10:56:36.0 (54413694)|STATEMENT_EXECUTE|[298]
10:56:36.0 (54617706)|VARIABLE_ASSIGNMENT|[EXTERNAL]|this|{"BusinessLocationName":"","currentInquiryReply":"0x32e5c00f","currentInquiryReplyDetail":"0xea0ae7","dailyReportId":"a0IN0000006RUllMAG","dCurrentDay":"2018-06-30T00:00:00Z","dCurrentMonth":"2018-07-01T00:00:00Z","iCurrentDay":0,"idBusinessLocation":"","isIPhone":false,"isPreview":true,"lsBusinessLocation":"0x64f1c518","messageError":"","messageQuestion":"","mpQuestions":"0x6402c80f","myUser":"0x1684b718","sourceOfTheCall":"preview"}|0x5b560b82
10:56:36.0 (54653079)|HEAP_ALLOCATE|[EXTERNAL]|Bytes:4
10:56:36.0 (54662247)|STATEMENT_EXECUTE|[299]
10:56:36.0 (54821908)|VARIABLE_ASSIGNMENT|[EXTERNAL]|this|{"BusinessLocationName":"","currentInquiryReply":"0x32e5c00f","currentInquiryReplyDetail":"0xea0ae7","dailyReportId":"a0IN0000006RUllMAG","dCurrentDay":"2018-06-30T00:00:00Z","dCurrentMonth":"2018-07-01T00:00:00Z","iCurrentDay":0,"idBusinessLocation":"","isIPhone":false,"isPreview":true,"lsBusinessLocation":"0x64f1c518","messageError":"","messageQuestion":"","mpQuestions":"0x6402c80f","myUser":"0x1684b718","sourceOfTheCall":"preview"}|0x5b560b82
10:56:36.0 (54860590)|HEAP_ALLOCATE|[EXTERNAL]|Bytes:-4
10:56:36.0 (54878572)|HEAP_ALLOCATE|[295]|Bytes:5
10:56:36.0 (54892599)|VARIABLE_ASSIGNMENT|[295]|quest|null|
10:56:36.0 (54904172)|SYSTEM_MODE_EXIT|false
10:56:36.0 (70845078)|SYSTEM_MODE_ENTER|true
10:56:36.0 (70872671)|HEAP_ALLOCATE|[EXTERNAL]|Bytes:40
10:56:36.0 (70888194)|VARIABLE_ASSIGNMENT|[EXTERNAL]|this.iCountComments|null|0x9141c88
10:56:36.0 (70935524)|SYSTEM_MODE_ENTER|true
10:56:36.0 (70949437)|HEAP_ALLOCATE|[EXTERNAL]|Bytes:40
10:56:36.0 (70958098)|VARIABLE_ASSIGNMENT|[EXTERNAL]|this.iCountLikes|null|0x9141c88
10:56:36.0 (71026755)|SYSTEM_MODE_ENTER|true
10:56:36.0 (71068440)|HEAP_ALLOCATE|[EXTERNAL]|Bytes:76
10:56:36.0 (71076722)|VARIABLE_SCOPE_BEGIN|[92]|this|saDailyReportCtrl|true|false
10:56:36.0 (71299313)|VARIABLE_ASSIGNMENT|[92]|this|{"BusinessLocationName":"","currentInquiryReply":"0x32e5c00f","currentInquiryReplyDetail":"0xea0ae7","dailyReportId":"a0IN0000006RUllMAG","dCurrentDay":"2018-06-30T00:00:00Z","dCurrentMonth":"2018-07-01T00:00:00Z","iCurrentDay":0,"idBusinessLocation":"","isIPhone":false,"isPreview":true,"lsBusinessLocation":"0x64f1c518","messageError":"","messageQuestion":"","mpQuestions":"0x6402c80f","myUser":"0x1684b718","sourceOfTheCall":"preview"}|0x5b560b82
10:56:36.0 (71320195)|SYSTEM_MODE_ENTER|false
10:56:36.0 (71328680)|HEAP_ALLOCATE|[92]|Bytes:5
10:56:36.0 (71334772)|STATEMENT_EXECUTE|[92]
10:56:36.0 (71336691)|STATEMENT_EXECUTE|[92]
10:56:36.0 (71341530)|SYSTEM_MODE_EXIT|false
10:56:36.0 (71392410)|SYSTEM_MODE_ENTER|true
10:56:36.0 (71409468)|HEAP_ALLOCATE|[EXTERNAL]|Bytes:8
10:56:36.0 (71414772)|HEAP_ALLOCATE|[EXTERNAL]|Bytes:40
10:56:36.0 (71424680)|VARIABLE_ASSIGNMENT|[EXTERNAL]|this.iTypeOfScreen|54|0x9141c88
10:56:36.0 (71496598)|SYSTEM_MODE_ENTER|true
10:56:36.0 (71531330)|HEAP_ALLOCATE|[EXTERNAL]|Bytes:40
10:56:36.0 (71538332)|VARIABLE_SCOPE_BEGIN|[80]|this|auMainTopCompCtrl|true|false
10:56:36.0 (71577212)|VARIABLE_ASSIGNMENT|[80]|this|{"currentUser":"0x4667048d","iTypeOfScreen":54,"urlReportsSFA":"https://cs6.lightnin (84 more) ..."}|0x9141c88
10:56:36.0 (71587459)|STATEMENT_EXECUTE|[80]
10:56:36.0 (71589308)|STATEMENT_EXECUTE|[81]
10:56:36.0 (71621308)|VARIABLE_ASSIGNMENT|[EXTERNAL]|this|{"currentUser":"0x4667048d","iTypeOfScreen":54,"urlReportsSFA":"https://cs6.lightnin (84 more) ..."}|0x9141c88
10:56:36.0 (71659897)|VARIABLE_ASSIGNMENT|[EXTERNAL]|this|{"currentUser":"0x4667048d","iTypeOfScreen":54,"urlReportsSFA":"https://cs6.lightnin (84 more) ..."}|0x9141c88
10:56:36.0 (71697578)|VARIABLE_ASSIGNMENT|[EXTERNAL]|this|{"currentUser":"0x4667048d","iTypeOfScreen":54,"urlReportsSFA":"https://cs6.lightnin (84 more) ..."}|0x9141c88
10:56:36.0 (71731064)|VARIABLE_ASSIGNMENT|[EXTERNAL]|this|{"currentUser":"0x4667048d","iTypeOfScreen":54,"urlReportsSFA":"https://cs6.lightnin (84 more) ..."}|0x9141c88
10:56:36.0 (71745319)|HEAP_ALLOCATE|[81]|Bytes:5
10:56:36.0 (71817020)|SYSTEM_MODE_ENTER|true
10:56:36.0 (71848006)|HEAP_ALLOCATE|[EXTERNAL]|Bytes:40
10:56:36.0 (71855168)|VARIABLE_SCOPE_BEGIN|[98]|this|auMainTopCompCtrl|true|false
10:56:36.0 (71885896)|VARIABLE_ASSIGNMENT|[98]|this|{"currentUser":"0x4667048d","iTypeOfScreen":54,"urlReportsSFA":"https://cs6.lightnin (84 more) ..."}|0x9141c88
10:56:36.0 (71895092)|STATEMENT_EXECUTE|[98]
10:56:36.0 (71896876)|STATEMENT_EXECUTE|[99]
10:56:36.0 (71923310)|VARIABLE_ASSIGNMENT|[EXTERNAL]|this|{"currentUser":"0x4667048d","iTypeOfScreen":54,"urlReportsSFA":"https://cs6.lightnin (84 more) ..."}|0x9141c88
10:56:36.0 (71936831)|HEAP_ALLOCATE|[99]|Bytes:5
10:56:36.0 (72020431)|SYSTEM_MODE_ENTER|true
10:56:36.0 (72118476)|SYSTEM_MODE_ENTER|true
10:56:36.0 (72224769)|SYSTEM_MODE_ENTER|true
10:56:36.0 (72402316)|SYSTEM_MODE_ENTER|true
10:56:36.0 (74903156)|SYSTEM_MODE_ENTER|true
10:56:36.0 (74986779)|SYSTEM_MODE_ENTER|true
10:56:36.0 (75650738)|SYSTEM_MODE_ENTER|true
10:56:36.0 (75694997)|HEAP_ALLOCATE|[EXTERNAL]|Bytes:76
10:56:36.0 (75704283)|VARIABLE_SCOPE_BEGIN|[141]|this|saDailyReportCtrl|true|false
10:56:36.0 (75882136)|VARIABLE_ASSIGNMENT|[141]|this|{"BusinessLocationName":"","currentInquiryReply":"0x32e5c00f","currentInquiryReplyDetail":"0xea0ae7","dailyReportId":"a0IN0000006RUllMAG","dCurrentDay":"2018-06-30T00:00:00Z","dCurrentMonth":"2018-07-01T00:00:00Z","iCurrentDay":0,"idBusinessLocation":"","isIPhone":false,"isPreview":true,"lsBusinessLocation":"0x64f1c518","messageError":"","messageQuestion":"","mpQuestions":"0x6402c80f","myUser":"0x1684b718","sourceOfTheCall":"preview"}|0x5b560b82
10:56:36.0 (75902950)|SYSTEM_MODE_ENTER|false
10:56:36.0 (75910793)|HEAP_ALLOCATE|[142]|Bytes:5
10:56:36.0 (75916571)|STATEMENT_EXECUTE|[141]
10:56:36.0 (75918494)|STATEMENT_EXECUTE|[142]
10:56:36.0 (75976554)|HEAP_ALLOCATE|[142]|Bytes:4
10:56:36.0 (75988107)|HEAP_ALLOCATE|[142]|Bytes:1
10:56:36.0 (76009763)|HEAP_ALLOCATE|[142]|Bytes:1
10:56:36.0 (76019055)|HEAP_ALLOCATE|[142]|Bytes:1
10:56:36.0 (76044155)|HEAP_ALLOCATE|[142]|Bytes:2
10:56:36.0 (76058753)|HEAP_ALLOCATE|[142]|Bytes:9
10:56:36.0 (76064973)|HEAP_ALLOCATE|[142]|Bytes:10
10:56:36.0 (76071081)|SYSTEM_MODE_EXIT|false
10:56:36.0 (76251844)|SYSTEM_MODE_ENTER|true
10:56:36.0 (76690141)|SYSTEM_MODE_ENTER|true
10:56:36.0 (91458114)|VF_SERIALIZE_VIEWSTATE_BEGIN|066N0000000M4pW
10:56:36.0 (95037897)|VF_SERIALIZE_VIEWSTATE_END
10:56:36.98 (98372638)|CUMULATIVE_LIMIT_USAGE
10:56:36.98 (98372638)|LIMIT_USAGE_FOR_NS|(default)|
  Number of SOQL queries: 5 out of 100
  Number of query rows: 2 out of 50000
  Number of SOSL queries: 0 out of 20
  Number of DML statements: 0 out of 150
  Number of DML rows: 0 out of 10000
  Maximum CPU time: 0 out of 10000
  Maximum heap size: 0 out of 6000000
  Number of callouts: 0 out of 100
  Number of Email Invocations: 0 out of 10
  Number of future calls: 0 out of 50
  Number of queueable jobs added to the queue: 0 out of 50
  Number of Mobile Apex push calls: 0 out of 10

10:56:36.98 (98372638)|CUMULATIVE_LIMIT_USAGE_END

10:56:36.0 (98410590)|CODE_UNIT_FINISHED|VF: /apex/sadailyreport
10:56:36.0 (99160204)|EXECUTION_FINISHED
