42.0 APEX_CODE,FINEST;APEX_PROFILING,INFO;CALLOUT,INFO;DB,INFO;NBA,INFO;SYSTEM,DEBUG;VALIDATION,INFO;VISUALFORCE,INFO;WAVE,INFO;WORKFLOW,INFO
11:55:33.0 (81731)|USER_INFO|[EXTERNAL]|005N00000057PfO|thomas.remy+kddi_gwdev01@globalway.co.jp|Japan Standard Time|GMT+09:00
11:55:33.0 (122012)|EXECUTION_STARTED
11:55:33.0 (127805)|CODE_UNIT_STARTED|[EXTERNAL]|066N0000000M4pW|VF: /apex/sadailyreport
11:55:33.0 (291266)|VF_DESERIALIZE_VIEWSTATE_BEGIN|066N0000000M4pW
11:55:33.0 (4168036)|HEAP_ALLOCATE|[72]|Bytes:3
11:55:33.0 (4214883)|HEAP_ALLOCATE|[77]|Bytes:152
11:55:33.0 (4233065)|HEAP_ALLOCATE|[342]|Bytes:408
11:55:33.0 (4247679)|HEAP_ALLOCATE|[355]|Bytes:408
11:55:33.0 (4260800)|HEAP_ALLOCATE|[467]|Bytes:48
11:55:33.0 (4292440)|HEAP_ALLOCATE|[139]|Bytes:6
11:55:33.0 (5251665)|HEAP_ALLOCATE|[50]|Bytes:5
11:55:33.0 (5279273)|HEAP_ALLOCATE|[56]|Bytes:5
11:55:33.0 (5289504)|HEAP_ALLOCATE|[64]|Bytes:7
11:55:33.0 (6040261)|VARIABLE_SCOPE_BEGIN|[3]|saDailyReportCtrl.SOURCE|String|false|true
11:55:33.0 (6053023)|VARIABLE_SCOPE_BEGIN|[4]|saDailyReportCtrl.SOURCE_ID|String|false|true
11:55:33.0 (7122184)|VARIABLE_SCOPE_BEGIN|[25]|auMainTopCompCtrl.TYPE_SCREEN_ACCOUNT_LIST|Integer|false|true
11:55:33.0 (7133842)|VARIABLE_SCOPE_BEGIN|[26]|auMainTopCompCtrl.TYPE_SCREEN_ACTIVITY_LIST|Integer|false|true
11:55:33.0 (7140438)|VARIABLE_SCOPE_BEGIN|[7]|auMainTopCompCtrl.TYPE_SCREEN_CX_SCREEN|Integer|false|true
11:55:33.0 (7146449)|VARIABLE_SCOPE_BEGIN|[8]|auMainTopCompCtrl.TYPE_SCREEN_CX_TIMELINE|Integer|false|true
11:55:33.0 (7153018)|VARIABLE_SCOPE_BEGIN|[9]|auMainTopCompCtrl.TYPE_SCREEN_EVENT_SCHEDULE|Integer|false|true
11:55:33.0 (7159073)|VARIABLE_SCOPE_BEGIN|[10]|auMainTopCompCtrl.TYPE_SCREEN_EVENT_SCHEDULE_LIST|Integer|false|true
11:55:33.0 (7165465)|VARIABLE_SCOPE_BEGIN|[27]|auMainTopCompCtrl.TYPE_SCREEN_FILE_LIST|Integer|false|true
11:55:33.0 (7172184)|VARIABLE_SCOPE_BEGIN|[24]|auMainTopCompCtrl.TYPE_SCREEN_HONBU_DIRECT|Integer|false|true
11:55:33.0 (7177908)|VARIABLE_SCOPE_BEGIN|[11]|auMainTopCompCtrl.TYPE_SCREEN_KNOWLEDGE_DASHBOARD|Integer|false|true
11:55:33.0 (7183546)|VARIABLE_SCOPE_BEGIN|[12]|auMainTopCompCtrl.TYPE_SCREEN_KNOWLEDGE_LIST|Integer|false|true
11:55:33.0 (7189186)|VARIABLE_SCOPE_BEGIN|[15]|auMainTopCompCtrl.TYPE_SCREEN_SA_CHATTER|Integer|false|true
11:55:33.0 (7195009)|VARIABLE_SCOPE_BEGIN|[16]|auMainTopCompCtrl.TYPE_SCREEN_SA_DAILYREPORT|Integer|false|true
11:55:33.0 (7200643)|VARIABLE_SCOPE_BEGIN|[22]|auMainTopCompCtrl.TYPE_SCREEN_SA_DAILYREPORTLIST|Integer|false|true
11:55:33.0 (7209180)|VARIABLE_SCOPE_BEGIN|[18]|auMainTopCompCtrl.TYPE_SCREEN_SA_DOCUMENTS|Integer|false|true
11:55:33.0 (7219977)|VARIABLE_SCOPE_BEGIN|[17]|auMainTopCompCtrl.TYPE_SCREEN_SA_ENQUETE|Integer|false|true
11:55:33.0 (7227139)|VARIABLE_SCOPE_BEGIN|[20]|auMainTopCompCtrl.TYPE_SCREEN_SA_LINKS|Integer|false|true
11:55:33.0 (7234186)|VARIABLE_SCOPE_BEGIN|[13]|auMainTopCompCtrl.TYPE_SCREEN_SA_MESSAGES|Integer|false|true
11:55:33.0 (7240657)|VARIABLE_SCOPE_BEGIN|[19]|auMainTopCompCtrl.TYPE_SCREEN_SA_RANKING|Integer|false|true
11:55:33.0 (7246783)|VARIABLE_SCOPE_BEGIN|[14]|auMainTopCompCtrl.TYPE_SCREEN_SA_REPORTS|Integer|false|true
11:55:33.0 (7252830)|VARIABLE_SCOPE_BEGIN|[23]|auMainTopCompCtrl.TYPE_SCREEN_SA_TODO|Integer|false|true
11:55:33.0 (7259185)|VARIABLE_SCOPE_BEGIN|[21]|auMainTopCompCtrl.TYPE_SCREEN_SA_USRSETTINGS|Integer|false|true
11:55:33.0 (7265227)|VARIABLE_SCOPE_BEGIN|[4]|auMainTopCompCtrl.TYPE_SCREEN_STPD_EVENT|Integer|false|true
11:55:33.0 (7271684)|VARIABLE_SCOPE_BEGIN|[6]|auMainTopCompCtrl.TYPE_SCREEN_STPD_SCREEN|Integer|false|true
11:55:33.0 (7277835)|VARIABLE_SCOPE_BEGIN|[5]|auMainTopCompCtrl.TYPE_SCREEN_STPD_TIMELINE|Integer|false|true
11:55:33.0 (7284091)|VARIABLE_SCOPE_BEGIN|[3]|auMainTopCompCtrl.TYPE_SCREEN_SWITCH|Integer|false|true
11:55:33.0 (8436996)|VF_DESERIALIZE_VIEWSTATE_END
11:55:33.0 (10632619)|SYSTEM_MODE_ENTER|true
11:55:33.0 (10931845)|HEAP_ALLOCATE|[EXTERNAL]|Bytes:284
11:55:33.0 (10945587)|HEAP_ALLOCATE|[EXTERNAL]|Bytes:156
11:55:33.0 (10958998)|METHOD_ENTRY|[1]|01pN0000000Mill|auMainTopCompCtrl.auMainTopCompCtrl()
11:55:33.0 (10966348)|STATEMENT_EXECUTE|[1]
11:55:33.0 (10971790)|STATEMENT_EXECUTE|[1]
11:55:33.0 (10973803)|STATEMENT_EXECUTE|[3]
11:55:33.0 (10980542)|HEAP_ALLOCATE|[3]|Bytes:4
11:55:33.0 (11005693)|VARIABLE_ASSIGNMENT|[3]|auMainTopCompCtrl.TYPE_SCREEN_SWITCH|0
11:55:33.0 (11011390)|STATEMENT_EXECUTE|[4]
11:55:33.0 (11014083)|HEAP_ALLOCATE|[4]|Bytes:4
11:55:33.0 (11022115)|VARIABLE_ASSIGNMENT|[4]|auMainTopCompCtrl.TYPE_SCREEN_STPD_EVENT|11
11:55:33.0 (11026838)|STATEMENT_EXECUTE|[5]
11:55:33.0 (11029442)|HEAP_ALLOCATE|[5]|Bytes:4
11:55:33.0 (11036134)|VARIABLE_ASSIGNMENT|[5]|auMainTopCompCtrl.TYPE_SCREEN_STPD_TIMELINE|12
11:55:33.0 (11040188)|STATEMENT_EXECUTE|[6]
11:55:33.0 (11042340)|HEAP_ALLOCATE|[6]|Bytes:4
11:55:33.0 (11049195)|VARIABLE_ASSIGNMENT|[6]|auMainTopCompCtrl.TYPE_SCREEN_STPD_SCREEN|13
11:55:33.0 (11052938)|STATEMENT_EXECUTE|[7]
11:55:33.0 (11055103)|HEAP_ALLOCATE|[7]|Bytes:4
11:55:33.0 (11060376)|VARIABLE_ASSIGNMENT|[7]|auMainTopCompCtrl.TYPE_SCREEN_CX_SCREEN|21
11:55:33.0 (11063697)|STATEMENT_EXECUTE|[8]
11:55:33.0 (11065540)|HEAP_ALLOCATE|[8]|Bytes:4
11:55:33.0 (11070837)|VARIABLE_ASSIGNMENT|[8]|auMainTopCompCtrl.TYPE_SCREEN_CX_TIMELINE|22
11:55:33.0 (11074610)|STATEMENT_EXECUTE|[9]
11:55:33.0 (11076671)|HEAP_ALLOCATE|[9]|Bytes:4
11:55:33.0 (11082422)|VARIABLE_ASSIGNMENT|[9]|auMainTopCompCtrl.TYPE_SCREEN_EVENT_SCHEDULE|31
11:55:33.0 (11086433)|STATEMENT_EXECUTE|[10]
11:55:33.0 (11088496)|HEAP_ALLOCATE|[10]|Bytes:4
11:55:33.0 (11094252)|VARIABLE_ASSIGNMENT|[10]|auMainTopCompCtrl.TYPE_SCREEN_EVENT_SCHEDULE_LIST|32
11:55:33.0 (11098215)|STATEMENT_EXECUTE|[11]
11:55:33.0 (11100661)|HEAP_ALLOCATE|[11]|Bytes:4
11:55:33.0 (11106482)|VARIABLE_ASSIGNMENT|[11]|auMainTopCompCtrl.TYPE_SCREEN_KNOWLEDGE_DASHBOARD|41
11:55:33.0 (11110660)|STATEMENT_EXECUTE|[12]
11:55:33.0 (11112557)|HEAP_ALLOCATE|[12]|Bytes:4
11:55:33.0 (11118504)|VARIABLE_ASSIGNMENT|[12]|auMainTopCompCtrl.TYPE_SCREEN_KNOWLEDGE_LIST|42
11:55:33.0 (11122354)|STATEMENT_EXECUTE|[13]
11:55:33.0 (11124426)|HEAP_ALLOCATE|[13]|Bytes:4
11:55:33.0 (11130244)|VARIABLE_ASSIGNMENT|[13]|auMainTopCompCtrl.TYPE_SCREEN_SA_MESSAGES|51
11:55:33.0 (11134297)|STATEMENT_EXECUTE|[14]
11:55:33.0 (11136279)|HEAP_ALLOCATE|[14]|Bytes:4
11:55:33.0 (11142781)|VARIABLE_ASSIGNMENT|[14]|auMainTopCompCtrl.TYPE_SCREEN_SA_REPORTS|52
11:55:33.0 (11146166)|STATEMENT_EXECUTE|[15]
11:55:33.0 (11148451)|HEAP_ALLOCATE|[15]|Bytes:4
11:55:33.0 (11154149)|VARIABLE_ASSIGNMENT|[15]|auMainTopCompCtrl.TYPE_SCREEN_SA_CHATTER|53
11:55:33.0 (11157796)|STATEMENT_EXECUTE|[16]
11:55:33.0 (11160490)|HEAP_ALLOCATE|[16]|Bytes:4
11:55:33.0 (11166341)|VARIABLE_ASSIGNMENT|[16]|auMainTopCompCtrl.TYPE_SCREEN_SA_DAILYREPORT|54
11:55:33.0 (11169776)|STATEMENT_EXECUTE|[17]
11:55:33.0 (11171757)|HEAP_ALLOCATE|[17]|Bytes:4
11:55:33.0 (11183120)|VARIABLE_ASSIGNMENT|[17]|auMainTopCompCtrl.TYPE_SCREEN_SA_ENQUETE|55
11:55:33.0 (11187285)|STATEMENT_EXECUTE|[18]
11:55:33.0 (11189477)|HEAP_ALLOCATE|[18]|Bytes:4
11:55:33.0 (11195673)|VARIABLE_ASSIGNMENT|[18]|auMainTopCompCtrl.TYPE_SCREEN_SA_DOCUMENTS|56
11:55:33.0 (11199557)|STATEMENT_EXECUTE|[19]
11:55:33.0 (11201613)|HEAP_ALLOCATE|[19]|Bytes:4
11:55:33.0 (11210170)|VARIABLE_ASSIGNMENT|[19]|auMainTopCompCtrl.TYPE_SCREEN_SA_RANKING|57
11:55:33.0 (11214349)|STATEMENT_EXECUTE|[20]
11:55:33.0 (11216357)|HEAP_ALLOCATE|[20]|Bytes:4
11:55:33.0 (11222600)|VARIABLE_ASSIGNMENT|[20]|auMainTopCompCtrl.TYPE_SCREEN_SA_LINKS|58
11:55:33.0 (11226500)|STATEMENT_EXECUTE|[21]
11:55:33.0 (11228327)|HEAP_ALLOCATE|[21]|Bytes:4
11:55:33.0 (11234797)|VARIABLE_ASSIGNMENT|[21]|auMainTopCompCtrl.TYPE_SCREEN_SA_USRSETTINGS|59
11:55:33.0 (11238855)|STATEMENT_EXECUTE|[22]
11:55:33.0 (11241015)|HEAP_ALLOCATE|[22]|Bytes:4
11:55:33.0 (11246824)|VARIABLE_ASSIGNMENT|[22]|auMainTopCompCtrl.TYPE_SCREEN_SA_DAILYREPORTLIST|60
11:55:33.0 (11250489)|STATEMENT_EXECUTE|[23]
11:55:33.0 (11252651)|HEAP_ALLOCATE|[23]|Bytes:4
11:55:33.0 (11260363)|VARIABLE_ASSIGNMENT|[23]|auMainTopCompCtrl.TYPE_SCREEN_SA_TODO|61
11:55:33.0 (11264284)|STATEMENT_EXECUTE|[24]
11:55:33.0 (11266392)|HEAP_ALLOCATE|[24]|Bytes:4
11:55:33.0 (11272555)|VARIABLE_ASSIGNMENT|[24]|auMainTopCompCtrl.TYPE_SCREEN_HONBU_DIRECT|71
11:55:33.0 (11276359)|STATEMENT_EXECUTE|[25]
11:55:33.0 (11278340)|HEAP_ALLOCATE|[25]|Bytes:4
11:55:33.0 (11283375)|VARIABLE_ASSIGNMENT|[25]|auMainTopCompCtrl.TYPE_SCREEN_ACCOUNT_LIST|81
11:55:33.0 (11287078)|STATEMENT_EXECUTE|[26]
11:55:33.0 (11288948)|HEAP_ALLOCATE|[26]|Bytes:4
11:55:33.0 (11293806)|VARIABLE_ASSIGNMENT|[26]|auMainTopCompCtrl.TYPE_SCREEN_ACTIVITY_LIST|82
11:55:33.0 (11297317)|STATEMENT_EXECUTE|[27]
11:55:33.0 (11299631)|HEAP_ALLOCATE|[27]|Bytes:4
11:55:33.0 (11305277)|VARIABLE_ASSIGNMENT|[27]|auMainTopCompCtrl.TYPE_SCREEN_FILE_LIST|83
11:55:33.0 (11313092)|METHOD_EXIT|[1]|auMainTopCompCtrl
11:55:33.0 (11319518)|HEAP_ALLOCATE|[EXTERNAL]|Bytes:44
11:55:33.0 (11326349)|VARIABLE_SCOPE_BEGIN|[88]|this|auMainTopCompCtrl|true|false
11:55:33.0 (11388412)|VARIABLE_ASSIGNMENT|[88]|this|{"currentUser":"0x319f13ac","isSAUser":false,"iTypeOfScreen":54,"urlReportsSFA":"https://cs6.lightnin (84 more) ..."}|0x25e4bec2
11:55:33.0 (11400087)|STATEMENT_EXECUTE|[88]
11:55:33.0 (11401844)|STATEMENT_EXECUTE|[89]
11:55:33.0 (11452004)|VARIABLE_ASSIGNMENT|[EXTERNAL]|this|{"currentUser":"0x319f13ac","isSAUser":false,"iTypeOfScreen":54,"urlReportsSFA":"https://cs6.lightnin (84 more) ..."}|0x25e4bec2
11:55:33.0 (11508246)|VARIABLE_ASSIGNMENT|[EXTERNAL]|this|{"currentUser":"0x319f13ac","isSAUser":false,"iTypeOfScreen":54,"urlReportsSFA":"https://cs6.lightnin (84 more) ..."}|0x25e4bec2
11:55:33.0 (11547592)|VARIABLE_ASSIGNMENT|[EXTERNAL]|this|{"currentUser":"0x319f13ac","isSAUser":false,"iTypeOfScreen":54,"urlReportsSFA":"https://cs6.lightnin (84 more) ..."}|0x25e4bec2
11:55:33.0 (11584919)|VARIABLE_ASSIGNMENT|[EXTERNAL]|this|{"currentUser":"0x319f13ac","isSAUser":false,"iTypeOfScreen":54,"urlReportsSFA":"https://cs6.lightnin (84 more) ..."}|0x25e4bec2
11:55:33.0 (11605516)|HEAP_ALLOCATE|[89]|Bytes:5
11:55:33.0 (11712911)|SYSTEM_MODE_ENTER|true
11:55:33.0 (11747624)|HEAP_ALLOCATE|[EXTERNAL]|Bytes:44
11:55:33.0 (11754353)|VARIABLE_SCOPE_BEGIN|[106]|this|auMainTopCompCtrl|true|false
11:55:33.0 (11787236)|VARIABLE_ASSIGNMENT|[106]|this|{"currentUser":"0x319f13ac","isSAUser":false,"iTypeOfScreen":54,"urlReportsSFA":"https://cs6.lightnin (84 more) ..."}|0x25e4bec2
11:55:33.0 (11797284)|STATEMENT_EXECUTE|[106]
11:55:33.0 (11799187)|STATEMENT_EXECUTE|[107]
11:55:33.0 (11832654)|VARIABLE_ASSIGNMENT|[EXTERNAL]|this|{"currentUser":"0x319f13ac","isSAUser":false,"iTypeOfScreen":54,"urlReportsSFA":"https://cs6.lightnin (84 more) ..."}|0x25e4bec2
11:55:33.0 (11847597)|HEAP_ALLOCATE|[107]|Bytes:5
11:55:33.0 (11907314)|SYSTEM_MODE_ENTER|true
11:55:33.0 (11936245)|HEAP_ALLOCATE|[EXTERNAL]|Bytes:44
11:55:33.0 (11942020)|VARIABLE_SCOPE_BEGIN|[110]|this|auMainTopCompCtrl|true|false
11:55:33.0 (11972943)|VARIABLE_ASSIGNMENT|[110]|this|{"currentUser":"0x319f13ac","isSAUser":false,"iTypeOfScreen":54,"urlReportsSFA":"https://cs6.lightnin (84 more) ..."}|0x25e4bec2
11:55:33.0 (11982340)|STATEMENT_EXECUTE|[110]
11:55:33.0 (11984301)|STATEMENT_EXECUTE|[111]
11:55:33.0 (12016378)|VARIABLE_ASSIGNMENT|[EXTERNAL]|this|{"currentUser":"0x319f13ac","isSAUser":false,"iTypeOfScreen":54,"urlReportsSFA":"https://cs6.lightnin (84 more) ..."}|0x25e4bec2
11:55:33.0 (12030318)|HEAP_ALLOCATE|[111]|Bytes:5
11:55:33.0 (12085456)|SYSTEM_MODE_ENTER|true
11:55:33.0 (12112030)|HEAP_ALLOCATE|[EXTERNAL]|Bytes:44
11:55:33.0 (12117613)|VARIABLE_SCOPE_BEGIN|[114]|this|auMainTopCompCtrl|true|false
11:55:33.0 (12148531)|VARIABLE_ASSIGNMENT|[114]|this|{"currentUser":"0x319f13ac","isSAUser":false,"iTypeOfScreen":54,"urlReportsSFA":"https://cs6.lightnin (84 more) ..."}|0x25e4bec2
11:55:33.0 (12157692)|STATEMENT_EXECUTE|[114]
11:55:33.0 (12159842)|STATEMENT_EXECUTE|[115]
11:55:33.0 (12192040)|VARIABLE_ASSIGNMENT|[EXTERNAL]|this|{"currentUser":"0x319f13ac","isSAUser":false,"iTypeOfScreen":54,"urlReportsSFA":"https://cs6.lightnin (84 more) ..."}|0x25e4bec2
11:55:33.0 (12208221)|HEAP_ALLOCATE|[115]|Bytes:5
11:55:33.0 (12294436)|SYSTEM_MODE_ENTER|true
11:55:33.0 (12318284)|HEAP_ALLOCATE|[EXTERNAL]|Bytes:44
11:55:33.0 (12330240)|VARIABLE_ASSIGNMENT|[EXTERNAL]|this.iCountComments|null|0x25e4bec2
11:55:33.0 (12380645)|SYSTEM_MODE_ENTER|true
11:55:33.0 (12394671)|HEAP_ALLOCATE|[EXTERNAL]|Bytes:44
11:55:33.0 (12402143)|VARIABLE_ASSIGNMENT|[EXTERNAL]|this.iCountLikes|null|0x25e4bec2
11:55:33.0 (12491086)|SYSTEM_MODE_ENTER|true
11:55:33.0 (12528318)|HEAP_ALLOCATE|[EXTERNAL]|Bytes:26
11:55:33.0 (12536447)|HEAP_ALLOCATE|[EXTERNAL]|Bytes:460
11:55:33.0 (12540874)|HEAP_ALLOCATE|[EXTERNAL]|Bytes:111
11:55:33.0 (12544329)|HEAP_ALLOCATE|[EXTERNAL]|Bytes:33
11:55:33.0 (12548713)|HEAP_ALLOCATE|[EXTERNAL]|Bytes:3
11:55:33.0 (12557274)|VARIABLE_ASSIGNMENT|[EXTERNAL]|saDailyReportCtrl.SOURCE|"src"
11:55:33.0 (12562059)|HEAP_ALLOCATE|[EXTERNAL]|Bytes:2
11:55:33.0 (12568088)|VARIABLE_ASSIGNMENT|[EXTERNAL]|saDailyReportCtrl.SOURCE_ID|"id"
11:55:33.0 (12576360)|METHOD_ENTRY|[1]|01pN0000000aE0W|saDailyReportCtrl.saDailyReportCtrl()
11:55:33.0 (12581011)|STATEMENT_EXECUTE|[1]
11:55:33.0 (12584185)|STATEMENT_EXECUTE|[1]
11:55:33.0 (12591909)|SYSTEM_MODE_ENTER|false
11:55:33.0 (12598596)|HEAP_ALLOCATE|[EXTERNAL]|Bytes:5
11:55:33.0 (12603236)|STATEMENT_EXECUTE|[644]
11:55:33.0 (12605076)|STATEMENT_EXECUTE|[671]
11:55:33.0 (12610637)|SYSTEM_MODE_EXIT|false
11:55:33.0 (12618141)|METHOD_EXIT|[1]|saDailyReportCtrl
11:55:33.0 (12623406)|HEAP_ALLOCATE|[EXTERNAL]|Bytes:76
11:55:33.0 (12628617)|VARIABLE_SCOPE_BEGIN|[84]|this|saDailyReportCtrl|true|false
11:55:33.0 (12962705)|VARIABLE_ASSIGNMENT|[84]|this|{"BusinessLocationName":"","currentInquiryReply":"0x4a7e52c3","currentInquiryReplyDetail":"0x4a6ce7e0","dailyReportId":"a0IN0000006RUlWMAW","dCurrentDay":"2018-06-30T00:00:00Z","dCurrentMonth":"2018-07-01T00:00:00Z","iCurrentDay":0,"idBusinessLocation":"","isIPhone":false,"isPreview":true,"lsBusinessLocation":"0x3279f72","messageError":"","messageQuestion":"","mpQuestions":"0x708cef27","myUser":"0x48dc53bf"}|0x3458e019
11:55:33.0 (12983103)|SYSTEM_MODE_ENTER|false
11:55:33.0 (12990190)|HEAP_ALLOCATE|[84]|Bytes:5
11:55:33.0 (12995924)|STATEMENT_EXECUTE|[84]
11:55:33.0 (12997794)|STATEMENT_EXECUTE|[84]
11:55:33.0 (13002585)|SYSTEM_MODE_EXIT|false
11:55:33.0 (13067357)|SYSTEM_MODE_ENTER|true
11:55:33.0 (13086684)|HEAP_ALLOCATE|[EXTERNAL]|Bytes:8
11:55:33.0 (13091626)|HEAP_ALLOCATE|[EXTERNAL]|Bytes:44
11:55:33.0 (13100947)|VARIABLE_ASSIGNMENT|[EXTERNAL]|this.iTypeOfScreen|54|0x25e4bec2
11:55:33.0 (13257268)|SYSTEM_MODE_ENTER|true
11:55:33.0 (13350392)|SYSTEM_MODE_ENTER|true
11:55:33.0 (13433525)|SYSTEM_MODE_ENTER|true
11:55:33.0 (13637440)|SYSTEM_MODE_ENTER|true
11:55:33.0 (14967268)|SYSTEM_MODE_ENTER|true
11:55:33.0 (17031500)|SYSTEM_MODE_ENTER|true
11:55:33.0 (17088321)|SYSTEM_MODE_ENTER|true
11:55:33.0 (17130451)|SYSTEM_MODE_ENTER|true
11:55:33.0 (17171744)|SYSTEM_MODE_ENTER|true
11:55:33.0 (17211933)|SYSTEM_MODE_ENTER|true
11:55:33.0 (17264206)|SYSTEM_MODE_ENTER|true
11:55:33.0 (17301513)|HEAP_ALLOCATE|[EXTERNAL]|Bytes:44
11:55:33.0 (17308757)|VARIABLE_SCOPE_BEGIN|[88]|this|auMainTopCompCtrl|true|false
11:55:33.0 (17348806)|VARIABLE_ASSIGNMENT|[88]|this|{"currentUser":"0x319f13ac","isSAUser":false,"iTypeOfScreen":54,"urlReportsSFA":"https://cs6.lightnin (84 more) ..."}|0x25e4bec2
11:55:33.0 (17359526)|STATEMENT_EXECUTE|[88]
11:55:33.0 (17361403)|STATEMENT_EXECUTE|[89]
11:55:33.0 (17393715)|VARIABLE_ASSIGNMENT|[EXTERNAL]|this|{"currentUser":"0x319f13ac","isSAUser":false,"iTypeOfScreen":54,"urlReportsSFA":"https://cs6.lightnin (84 more) ..."}|0x25e4bec2
11:55:33.0 (17433252)|VARIABLE_ASSIGNMENT|[EXTERNAL]|this|{"currentUser":"0x319f13ac","isSAUser":false,"iTypeOfScreen":54,"urlReportsSFA":"https://cs6.lightnin (84 more) ..."}|0x25e4bec2
11:55:33.0 (17471608)|VARIABLE_ASSIGNMENT|[EXTERNAL]|this|{"currentUser":"0x319f13ac","isSAUser":false,"iTypeOfScreen":54,"urlReportsSFA":"https://cs6.lightnin (84 more) ..."}|0x25e4bec2
11:55:33.0 (17504748)|VARIABLE_ASSIGNMENT|[EXTERNAL]|this|{"currentUser":"0x319f13ac","isSAUser":false,"iTypeOfScreen":54,"urlReportsSFA":"https://cs6.lightnin (84 more) ..."}|0x25e4bec2
11:55:33.0 (17518081)|HEAP_ALLOCATE|[89]|Bytes:5
11:55:33.0 (17569833)|SYSTEM_MODE_ENTER|true
11:55:33.0 (17602016)|HEAP_ALLOCATE|[EXTERNAL]|Bytes:44
11:55:33.0 (17607964)|VARIABLE_SCOPE_BEGIN|[106]|this|auMainTopCompCtrl|true|false
11:55:33.0 (17639586)|VARIABLE_ASSIGNMENT|[106]|this|{"currentUser":"0x319f13ac","isSAUser":false,"iTypeOfScreen":54,"urlReportsSFA":"https://cs6.lightnin (84 more) ..."}|0x25e4bec2
11:55:33.0 (17649045)|STATEMENT_EXECUTE|[106]
11:55:33.0 (17650890)|STATEMENT_EXECUTE|[107]
11:55:33.0 (17677264)|VARIABLE_ASSIGNMENT|[EXTERNAL]|this|{"currentUser":"0x319f13ac","isSAUser":false,"iTypeOfScreen":54,"urlReportsSFA":"https://cs6.lightnin (84 more) ..."}|0x25e4bec2
11:55:33.0 (17690253)|HEAP_ALLOCATE|[107]|Bytes:5
11:55:33.0 (17735961)|SYSTEM_MODE_ENTER|true
11:55:33.0 (17765026)|HEAP_ALLOCATE|[EXTERNAL]|Bytes:44
11:55:33.0 (17770760)|VARIABLE_SCOPE_BEGIN|[110]|this|auMainTopCompCtrl|true|false
11:55:33.0 (17800894)|VARIABLE_ASSIGNMENT|[110]|this|{"currentUser":"0x319f13ac","isSAUser":false,"iTypeOfScreen":54,"urlReportsSFA":"https://cs6.lightnin (84 more) ..."}|0x25e4bec2
11:55:33.0 (17809109)|STATEMENT_EXECUTE|[110]
11:55:33.0 (17810826)|STATEMENT_EXECUTE|[111]
11:55:33.0 (17836696)|VARIABLE_ASSIGNMENT|[EXTERNAL]|this|{"currentUser":"0x319f13ac","isSAUser":false,"iTypeOfScreen":54,"urlReportsSFA":"https://cs6.lightnin (84 more) ..."}|0x25e4bec2
11:55:33.0 (17849612)|HEAP_ALLOCATE|[111]|Bytes:5
11:55:33.0 (17891643)|SYSTEM_MODE_ENTER|true
11:55:33.0 (17918398)|HEAP_ALLOCATE|[EXTERNAL]|Bytes:44
11:55:33.0 (17923485)|VARIABLE_SCOPE_BEGIN|[114]|this|auMainTopCompCtrl|true|false
11:55:33.0 (17953076)|VARIABLE_ASSIGNMENT|[114]|this|{"currentUser":"0x319f13ac","isSAUser":false,"iTypeOfScreen":54,"urlReportsSFA":"https://cs6.lightnin (84 more) ..."}|0x25e4bec2
11:55:33.0 (17961618)|STATEMENT_EXECUTE|[114]
11:55:33.0 (17963276)|STATEMENT_EXECUTE|[115]
11:55:33.0 (17989507)|VARIABLE_ASSIGNMENT|[EXTERNAL]|this|{"currentUser":"0x319f13ac","isSAUser":false,"iTypeOfScreen":54,"urlReportsSFA":"https://cs6.lightnin (84 more) ..."}|0x25e4bec2
11:55:33.0 (18002617)|HEAP_ALLOCATE|[115]|Bytes:5
11:55:33.0 (21033653)|SYSTEM_MODE_ENTER|true
11:55:33.0 (21060102)|HEAP_ALLOCATE|[EXTERNAL]|Bytes:16
11:55:33.0 (21066119)|HEAP_ALLOCATE|[EXTERNAL]|Bytes:76
11:55:33.0 (21078392)|VARIABLE_ASSIGNMENT|[EXTERNAL]|this.messageError|"正しいデーターを入れてください。"|0x3458e019
11:55:33.0 (21112803)|SYSTEM_MODE_ENTER|true
11:55:33.0 (21127961)|HEAP_ALLOCATE|[EXTERNAL]|Bytes:76
11:55:33.0 (21136106)|VARIABLE_ASSIGNMENT|[EXTERNAL]|this.messageQuestion|""|0x3458e019
11:55:33.0 (21160999)|SYSTEM_MODE_ENTER|true
11:55:33.0 (21175716)|HEAP_ALLOCATE|[EXTERNAL]|Bytes:5
11:55:33.0 (21179970)|HEAP_ALLOCATE|[EXTERNAL]|Bytes:76
11:55:33.0 (21187059)|VARIABLE_ASSIGNMENT|[EXTERNAL]|this.isPreview|true|0x3458e019
11:55:33.0 (21213914)|SYSTEM_MODE_ENTER|true
11:55:33.0 (21226395)|HEAP_ALLOCATE|[EXTERNAL]|Bytes:76
11:55:33.0 (21233995)|VARIABLE_ASSIGNMENT|[EXTERNAL]|this.idBusinessLocation|""|0x3458e019
11:55:33.0 (21258053)|SYSTEM_MODE_ENTER|true
11:55:33.0 (21270924)|HEAP_ALLOCATE|[EXTERNAL]|Bytes:8
11:55:33.0 (21274805)|HEAP_ALLOCATE|[EXTERNAL]|Bytes:76
11:55:33.0 (21281480)|VARIABLE_ASSIGNMENT|[EXTERNAL]|this.iCurrentDay|0|0x3458e019
11:55:33.0 (21385231)|SYSTEM_MODE_ENTER|true
11:55:33.0 (21400095)|HEAP_ALLOCATE|[EXTERNAL]|Bytes:44
11:55:33.0 (21408521)|VARIABLE_ASSIGNMENT|[EXTERNAL]|this.iCountComments|null|0x25e4bec2
11:55:33.0 (21439916)|SYSTEM_MODE_ENTER|true
11:55:33.0 (21451266)|HEAP_ALLOCATE|[EXTERNAL]|Bytes:44
11:55:33.0 (21463351)|VARIABLE_ASSIGNMENT|[EXTERNAL]|this.iCountLikes|null|0x25e4bec2
11:55:33.0 (21501175)|SYSTEM_MODE_ENTER|true
11:55:33.0 (21536662)|HEAP_ALLOCATE|[EXTERNAL]|Bytes:76
11:55:33.0 (21543156)|VARIABLE_SCOPE_BEGIN|[84]|this|saDailyReportCtrl|true|false
11:55:33.0 (21728090)|VARIABLE_ASSIGNMENT|[84]|this|{"BusinessLocationName":"","currentInquiryReply":"0x4a7e52c3","currentInquiryReplyDetail":"0x4a6ce7e0","dailyReportId":"a0IN0000006RUlWMAW","dCurrentDay":"2018-06-30T00:00:00Z","dCurrentMonth":"2018-07-01T00:00:00Z","iCurrentDay":0,"idBusinessLocation":"","isIPhone":false,"isPreview":true,"lsBusinessLocation":"0x3279f72","messageError":"正しいデーターを入れてください。","messageQuestion":"","mpQuestions":"0x708cef27","myUser":"0x48dc53bf"}|0x3458e019
11:55:33.0 (21748239)|SYSTEM_MODE_ENTER|false
11:55:33.0 (21755176)|HEAP_ALLOCATE|[84]|Bytes:5
11:55:33.0 (21760544)|STATEMENT_EXECUTE|[84]
11:55:33.0 (21762386)|STATEMENT_EXECUTE|[84]
11:55:33.0 (21767191)|SYSTEM_MODE_EXIT|false
11:55:33.0 (21812313)|SYSTEM_MODE_ENTER|true
11:55:33.0 (21827840)|HEAP_ALLOCATE|[EXTERNAL]|Bytes:8
11:55:33.0 (21832186)|HEAP_ALLOCATE|[EXTERNAL]|Bytes:44
11:55:33.0 (21840767)|VARIABLE_ASSIGNMENT|[EXTERNAL]|this.iTypeOfScreen|54|0x25e4bec2
11:55:33.0 (21987484)|SYSTEM_MODE_ENTER|true
11:55:33.0 (24470707)|HEAP_ALLOCATE|[EXTERNAL]|Bytes:76
11:55:33.0 (24481450)|VARIABLE_SCOPE_BEGIN|[191]|this|saDailyReportCtrl|true|false
11:55:33.0 (24649679)|VARIABLE_ASSIGNMENT|[191]|this|{"BusinessLocationName":"","currentInquiryReply":"0x4a7e52c3","currentInquiryReplyDetail":"0x4a6ce7e0","dailyReportId":"a0IN0000006RUlWMAW","dCurrentDay":"2018-06-30T00:00:00Z","dCurrentMonth":"2018-07-01T00:00:00Z","iCurrentDay":0,"idBusinessLocation":"","isIPhone":false,"isPreview":true,"lsBusinessLocation":"0x3279f72","messageError":"正しいデーターを入れてください。","messageQuestion":"","mpQuestions":"0x708cef27","myUser":"0x48dc53bf"}|0x3458e019
11:55:33.0 (24669925)|SYSTEM_MODE_ENTER|false
11:55:33.0 (24677392)|HEAP_ALLOCATE|[193]|Bytes:5
11:55:33.0 (24683836)|STATEMENT_EXECUTE|[191]
11:55:33.0 (24685738)|STATEMENT_EXECUTE|[193]
11:55:33.0 (24851144)|VARIABLE_ASSIGNMENT|[EXTERNAL]|this|{"BusinessLocationName":"","currentInquiryReply":"0x4a7e52c3","currentInquiryReplyDetail":"0x4a6ce7e0","dailyReportId":"a0IN0000006RUlWMAW","dCurrentDay":"2018-06-30T00:00:00Z","dCurrentMonth":"2018-07-01T00:00:00Z","iCurrentDay":0,"idBusinessLocation":"","isIPhone":false,"isPreview":true,"lsBusinessLocation":"0x3279f72","messageError":"正しいデーターを入れてください。","messageQuestion":"","mpQuestions":"0x708cef27","myUser":"0x48dc53bf"}|0x3458e019
11:55:33.0 (24867234)|VARIABLE_ASSIGNMENT|[EXTERNAL]|value|""
11:55:33.0 (24878880)|VARIABLE_ASSIGNMENT|[6]|this.messageError|""|0x3458e019
11:55:33.0 (24890146)|STATEMENT_EXECUTE|[194]
11:55:33.0 (25031368)|VARIABLE_ASSIGNMENT|[EXTERNAL]|this|{"BusinessLocationName":"","currentInquiryReply":"0x4a7e52c3","currentInquiryReplyDetail":"0x4a6ce7e0","dailyReportId":"a0IN0000006RUlWMAW","dCurrentDay":"2018-06-30T00:00:00Z","dCurrentMonth":"2018-07-01T00:00:00Z","iCurrentDay":0,"idBusinessLocation":"","isIPhone":false,"isPreview":true,"lsBusinessLocation":"0x3279f72","messageError":"","messageQuestion":"","mpQuestions":"0x708cef27","myUser":"0x48dc53bf"}|0x3458e019
11:55:33.0 (25045397)|VARIABLE_ASSIGNMENT|[EXTERNAL]|value|""
11:55:33.0 (25054601)|VARIABLE_ASSIGNMENT|[7]|this.messageQuestion|""|0x3458e019
11:55:33.0 (25064495)|STATEMENT_EXECUTE|[196]
11:55:33.0 (25066310)|STATEMENT_EXECUTE|[196]
11:55:33.0 (25067804)|STATEMENT_EXECUTE|[198]
11:55:33.0 (25265287)|VARIABLE_ASSIGNMENT|[EXTERNAL]|this|{"BusinessLocationName":"","currentInquiryReply":"0x4a7e52c3","currentInquiryReplyDetail":"0x4a6ce7e0","dailyReportId":"a0IN0000006RUlWMAW","dCurrentDay":"2018-06-30T00:00:00Z","dCurrentMonth":"2018-07-01T00:00:00Z","iCurrentDay":0,"idBusinessLocation":"","isIPhone":false,"isPreview":true,"lsBusinessLocation":"0x3279f72","messageError":"","messageQuestion":"","mpQuestions":"0x708cef27","myUser":"0x48dc53bf"}|0x3458e019
11:55:33.0 (25323515)|HEAP_ALLOCATE|[198]|Bytes:4
11:55:33.0 (25359677)|VARIABLE_ASSIGNMENT|[198]|this.dCurrentDay|"2018-06-30T00:00:00.000Z"|0x3458e019
11:55:33.0 (25366087)|STATEMENT_EXECUTE|[200]
11:55:33.0 (25384884)|HEAP_ALLOCATE|[200]|Bytes:4
11:55:33.0 (25611976)|VARIABLE_ASSIGNMENT|[EXTERNAL]|this|{"BusinessLocationName":"","currentInquiryReply":"0x4a7e52c3","currentInquiryReplyDetail":"0x4a6ce7e0","dailyReportId":"a0IN0000006RUlWMAW","dCurrentDay":"2018-06-30T00:00:00Z","dCurrentMonth":"2018-07-01T00:00:00Z","iCurrentDay":0,"idBusinessLocation":"","isIPhone":false,"isPreview":true,"lsBusinessLocation":"0x3279f72","messageError":"","messageQuestion":"","mpQuestions":"0x708cef27","myUser":"0x48dc53bf"}|0x3458e019
11:55:33.0 (25626577)|HEAP_ALLOCATE|[EXTERNAL]|Bytes:4
11:55:33.0 (25637485)|VARIABLE_ASSIGNMENT|[EXTERNAL]|value|[]|0x77f229fc
11:55:33.0 (25648646)|VARIABLE_ASSIGNMENT|[22]|this.currentInquiryReplyDetail|[]|0x3458e019
11:55:33.0 (25658263)|STATEMENT_EXECUTE|[201]
11:55:33.0 (25674471)|HEAP_ALLOCATE|[201]|Bytes:4
11:55:33.0 (25849658)|VARIABLE_ASSIGNMENT|[EXTERNAL]|this|{"BusinessLocationName":"","currentInquiryReply":"0x4a7e52c3","currentInquiryReplyDetail":"0x77f229fc","dailyReportId":"a0IN0000006RUlWMAW","dCurrentDay":"2018-06-30T00:00:00Z","dCurrentMonth":"2018-07-01T00:00:00Z","iCurrentDay":0,"idBusinessLocation":"","isIPhone":false,"isPreview":true,"lsBusinessLocation":"0x3279f72","messageError":"","messageQuestion":"","mpQuestions":"0x708cef27","myUser":"0x48dc53bf"}|0x3458e019
11:55:33.0 (25870801)|VARIABLE_ASSIGNMENT|[EXTERNAL]|value|{}|0xa94ede4
11:55:33.0 (25882042)|VARIABLE_ASSIGNMENT|[24]|this.mpQuestions|{}|0x3458e019
11:55:33.0 (25892112)|STATEMENT_EXECUTE|[203]
11:55:33.0 (26031988)|VARIABLE_ASSIGNMENT|[EXTERNAL]|this|{"BusinessLocationName":"","currentInquiryReply":"0x4a7e52c3","currentInquiryReplyDetail":"0x77f229fc","dailyReportId":"a0IN0000006RUlWMAW","dCurrentDay":"2018-06-30T00:00:00Z","dCurrentMonth":"2018-07-01T00:00:00Z","iCurrentDay":0,"idBusinessLocation":"","isIPhone":false,"isPreview":true,"lsBusinessLocation":"0x3279f72","messageError":"","messageQuestion":"","mpQuestions":"0xa94ede4","myUser":"0x48dc53bf"}|0x3458e019
11:55:33.0 (26046710)|VARIABLE_ASSIGNMENT|[EXTERNAL]|value|""
11:55:33.0 (26055210)|VARIABLE_ASSIGNMENT|[23]|this.BusinessLocationName|""|0x3458e019
11:55:33.0 (26067307)|HEAP_ALLOCATE|[204]|Bytes:81
11:55:33.0 (26084808)|HEAP_ALLOCATE|[204]|Bytes:4
11:55:33.0 (26093866)|HEAP_ALLOCATE|[204]|Bytes:7
11:55:33.0 (26236606)|VARIABLE_ASSIGNMENT|[EXTERNAL]|this|{"BusinessLocationName":"","currentInquiryReply":"0x4a7e52c3","currentInquiryReplyDetail":"0x77f229fc","dailyReportId":"a0IN0000006RUlWMAW","dCurrentDay":"2018-06-30T00:00:00Z","dCurrentMonth":"2018-07-01T00:00:00Z","iCurrentDay":0,"idBusinessLocation":"","isIPhone":false,"isPreview":true,"lsBusinessLocation":"0x3279f72","messageError":"","messageQuestion":"","mpQuestions":"0xa94ede4","myUser":"0x48dc53bf"}|0x3458e019
11:55:33.0 (26609917)|SOQL_EXECUTE_BEGIN|[204]|Aggregations:0|SELECT Id, BusinessLocationName__c FROM saBusinessLocation__c 
11:55:33.0 (28022742)|SOQL_EXECUTE_END|[204]|Rows:0
11:55:33.0 (28194258)|HEAP_ALLOCATE|[204]|Bytes:54
11:55:33.0 (28205068)|HEAP_ALLOCATE|[204]|Bytes:8
11:55:33.0 (28237189)|SYSTEM_METHOD_ENTRY|[7]|QueryLocatorIterator.QueryLocatorIterator()
11:55:33.0 (28242949)|STATEMENT_EXECUTE|[7]
11:55:33.0 (28249959)|SYSTEM_METHOD_EXIT|[7]|QueryLocatorIterator
11:55:33.0 (28257299)|HEAP_ALLOCATE|[204]|Bytes:28
11:55:33.0 (28272713)|HEAP_ALLOCATE|[204]|Bytes:8
11:55:33.0 (28276583)|HEAP_ALLOCATE|[204]|Bytes:8
11:55:33.0 (28283481)|VARIABLE_SCOPE_BEGIN|[15]|this|Database.QueryLocatorIterator|true|false
11:55:33.0 (28308975)|VARIABLE_ASSIGNMENT|[15]|this|{}|0x6431d5df
11:55:33.0 (28315346)|VARIABLE_SCOPE_BEGIN|[15]|values|List<SObject>|true|false
11:55:33.0 (28323535)|VARIABLE_ASSIGNMENT|[15]|values|null|
11:55:33.0 (28327794)|VARIABLE_SCOPE_BEGIN|[15]|ql|Database.QueryLocator|true|false
11:55:33.0 (28346349)|VARIABLE_ASSIGNMENT|[15]|ql|{"query":"SELECT Id, BusinessL (61 more) ..."}|0x62999591
11:55:33.0 (28352414)|VARIABLE_SCOPE_BEGIN|[15]|totalNumRecords|Integer|false|false
11:55:33.0 (28360307)|VARIABLE_ASSIGNMENT|[15]|totalNumRecords|0
11:55:33.0 (28364261)|VARIABLE_SCOPE_BEGIN|[15]|queryMoreSize|Integer|false|false
11:55:33.0 (28370939)|VARIABLE_ASSIGNMENT|[15]|queryMoreSize|50000
11:55:33.0 (28446304)|HEAP_ALLOCATE|[204]|Bytes:28
11:55:33.0 (28472020)|METHOD_ENTRY|[204]||Database.QueryLocatorIterator.hasNext()
11:55:33.0 (28492912)|METHOD_EXIT|[204]||Database.QueryLocatorIterator.hasNext()
11:55:33.0 (28528188)|VARIABLE_ASSIGNMENT|[204]|bl|null|
11:55:33.0 (28535489)|STATEMENT_EXECUTE|[204]
11:55:33.0 (28551646)|STATEMENT_EXECUTE|[211]
11:55:33.0 (28555252)|HEAP_ALLOCATE|[211]|Bytes:195
11:55:33.0 (28571319)|HEAP_ALLOCATE|[211]|Bytes:4
11:55:33.0 (28595460)|HEAP_ALLOCATE|[211]|Bytes:7
11:55:33.0 (28629393)|HEAP_ALLOCATE|[215]|Bytes:89
11:55:33.0 (28638123)|SYSTEM_METHOD_ENTRY|[1]|UserInfo.UserInfo()
11:55:33.0 (28642323)|STATEMENT_EXECUTE|[1]
11:55:33.0 (28647092)|SYSTEM_METHOD_EXIT|[1]|UserInfo
11:55:33.0 (28656682)|METHOD_ENTRY|[215]||System.UserInfo.getUserId()
11:55:33.0 (28694180)|METHOD_EXIT|[215]||System.UserInfo.getUserId()
11:55:33.0 (29233649)|SOQL_EXECUTE_BEGIN|[211]|Aggregations:0|SELECT Id, saBusinessLocation__c, Status__c, saInquiry__c, Comment__c FROM saInquiryReply__c WHERE (saInquiry__r.Type__c = 'DAILY_REPORT' AND DailyReportDate__c = :tmpVar1 AND User__c = :tmpVar2)
11:55:33.0 (34639722)|SOQL_EXECUTE_END|[211]|Rows:0
11:55:33.0 (34665729)|HEAP_ALLOCATE|[211]|Bytes:4
11:55:33.0 (34679083)|HEAP_ALLOCATE|[211]|Bytes:0
11:55:33.0 (34746018)|HEAP_ALLOCATE|[211]|Bytes:4
11:55:33.0 (34759529)|VARIABLE_SCOPE_BEGIN|[211]|lsInqRep|List<saInquiryReply__c>|true|false
11:55:33.0 (34776118)|VARIABLE_ASSIGNMENT|[211]|lsInqRep|[]|0x58d7cf6c
11:55:33.0 (34839667)|STATEMENT_EXECUTE|[217]
11:55:33.0 (34842099)|STATEMENT_EXECUTE|[219]
11:55:33.0 (34846003)|HEAP_ALLOCATE|[219]|Bytes:207
11:55:33.0 (34860066)|HEAP_ALLOCATE|[219]|Bytes:4
11:55:33.0 (35070577)|VARIABLE_ASSIGNMENT|[EXTERNAL]|this|{"BusinessLocationName":"","currentInquiryReply":"0x4a7e52c3","currentInquiryReplyDetail":"0x77f229fc","dailyReportId":"a0IN0000006RUlWMAW","dCurrentDay":"2018-06-30T00:00:00Z","dCurrentMonth":"2018-07-01T00:00:00Z","iCurrentDay":0,"idBusinessLocation":"","isIPhone":false,"isPreview":true,"lsBusinessLocation":"0x3279f72","messageError":"","messageQuestion":"","mpQuestions":"0xa94ede4","myUser":"0x48dc53bf"}|0x3458e019
11:55:33.0 (35097710)|HEAP_ALLOCATE|[219]|Bytes:7
11:55:33.0 (35107391)|METHOD_ENTRY|[224]||System.UserInfo.getUserId()
11:55:33.0 (35130508)|METHOD_EXIT|[224]||System.UserInfo.getUserId()
11:55:33.0 (35460937)|SOQL_EXECUTE_BEGIN|[219]|Aggregations:0|SELECT Id, saBusinessLocation__c, Status__c FROM saInquiryReply__c WHERE (saInquiry__r.Type__c = 'DAILY_REPORT' AND DailyReportDate__c = :tmpVar1 AND saBusinessLocation__c = :tmpVar2 AND User__c != :tmpVar3)
11:55:33.0 (38103377)|SOQL_EXECUTE_END|[219]|Rows:0
11:55:33.0 (38126252)|HEAP_ALLOCATE|[219]|Bytes:4
11:55:33.0 (38139733)|HEAP_ALLOCATE|[219]|Bytes:0
11:55:33.0 (38164458)|HEAP_ALLOCATE|[219]|Bytes:4
11:55:33.0 (38175762)|VARIABLE_SCOPE_BEGIN|[219]|lsInqOtherPeople|List<saInquiryReply__c>|true|false
11:55:33.0 (38190810)|VARIABLE_ASSIGNMENT|[219]|lsInqOtherPeople|[]|0x3a3ca89
11:55:33.0 (38226644)|STATEMENT_EXECUTE|[226]
11:55:33.0 (38229103)|STATEMENT_EXECUTE|[232]
11:55:33.0 (38232070)|VARIABLE_SCOPE_BEGIN|[232]|lsTemplate|List<saInquiryReply__c>|true|false
11:55:33.0 (38242951)|VARIABLE_ASSIGNMENT|[232]|lsTemplate|null|
11:55:33.0 (38421323)|VARIABLE_ASSIGNMENT|[EXTERNAL]|this|{"BusinessLocationName":"","currentInquiryReply":"0x4a7e52c3","currentInquiryReplyDetail":"0x77f229fc","dailyReportId":"a0IN0000006RUlWMAW","dCurrentDay":"2018-06-30T00:00:00Z","dCurrentMonth":"2018-07-01T00:00:00Z","iCurrentDay":0,"idBusinessLocation":"","isIPhone":false,"isPreview":true,"lsBusinessLocation":"0x3279f72","messageError":"","messageQuestion":"","mpQuestions":"0xa94ede4","myUser":"0x48dc53bf"}|0x3458e019
11:55:33.0 (38443051)|STATEMENT_EXECUTE|[244]
11:55:33.0 (38445080)|STATEMENT_EXECUTE|[245]
11:55:33.0 (38448798)|HEAP_ALLOCATE|[245]|Bytes:393
11:55:33.0 (38469861)|HEAP_ALLOCATE|[245]|Bytes:4
11:55:33.0 (38501740)|METHOD_ENTRY|[251]||System.UserInfo.getUserId()
11:55:33.0 (38525736)|METHOD_EXIT|[251]||System.UserInfo.getUserId()
11:55:33.0 (38971084)|SOQL_EXECUTE_BEGIN|[245]|Aggregations:0|SELECT Id, saBusinessLocation__c, Status__c, saInquiry__c, Comment__c FROM saInquiryReply__c WHERE (saInquiry__r.Type__c = 'DAILY_REPORT' AND (saInquiry__r.ValidFrom__c = NULL OR saInquiry__r.ValidFrom__c <= :tmpVar1) AND (saInquiry__r.ValidTo__c = NULL OR saInquiry__r.ValidTo__c >= :tmpVar2) AND DailyReportDate__c = NULL AND User__c = :tmpVar3) ORDER BY CreatedDate DESC NULLS FIRST LIMIT 1
11:55:33.0 (43358633)|SOQL_EXECUTE_END|[245]|Rows:1
11:55:33.0 (43380586)|HEAP_ALLOCATE|[245]|Bytes:8
11:55:33.0 (43394899)|HEAP_ALLOCATE|[245]|Bytes:89
11:55:33.0 (43419829)|HEAP_ALLOCATE|[245]|Bytes:8
11:55:33.0 (43451152)|VARIABLE_ASSIGNMENT|[245]|lsTemplate|[{"Id":"a0KN0000007Kg4nMAC","Status__c":"WAITING_REPLY","saInquiry__c":"a0IN0000006RUllMAG"}]|0x2d106f91
11:55:33.0 (43463686)|STATEMENT_EXECUTE|[256]
11:55:33.0 (43467496)|HEAP_ALLOCATE|[256]|Bytes:11
11:55:33.0 (43562252)|HEAP_ALLOCATE|[256]|Bytes:101
11:55:33.0 (43583153)|HEAP_ALLOCATE|[256]|Bytes:112
11:55:33.0 (43603021)|USER_DEBUG|[256]|DEBUG|Template : (saInquiryReply__c:{Id=a0KN0000007Kg4nMAC, Status__c=WAITING_REPLY, saInquiry__c=a0IN0000006RUllMAG})
11:55:33.0 (43632610)|STATEMENT_EXECUTE|[257]
11:55:33.0 (43634974)|STATEMENT_EXECUTE|[263]
11:55:33.0 (43646037)|HEAP_ALLOCATE|[263]|Bytes:16
11:55:33.0 (43672768)|VARIABLE_SCOPE_BEGIN|[263]|idInquiry|Id|false|false
11:55:33.0 (43749091)|VARIABLE_ASSIGNMENT|[263]|idInquiry|"a0IN0000006RUllMAG"
11:55:33.0 (43755937)|STATEMENT_EXECUTE|[264]
11:55:33.0 (43775835)|HEAP_ALLOCATE|[264]|Bytes:4
11:55:33.0 (44021808)|VARIABLE_ASSIGNMENT|[EXTERNAL]|this|{"BusinessLocationName":"","currentInquiryReply":"0x4a7e52c3","currentInquiryReplyDetail":"0x77f229fc","dailyReportId":"a0IN0000006RUlWMAW","dCurrentDay":"2018-06-30T00:00:00Z","dCurrentMonth":"2018-07-01T00:00:00Z","iCurrentDay":0,"idBusinessLocation":"","isIPhone":false,"isPreview":true,"lsBusinessLocation":"0x3279f72","messageError":"","messageQuestion":"","mpQuestions":"0xa94ede4","myUser":"0x48dc53bf"}|0x3458e019
11:55:33.0 (44042601)|VARIABLE_ASSIGNMENT|[EXTERNAL]|value|{}|0x6ed4e8e0
11:55:33.0 (44056643)|VARIABLE_ASSIGNMENT|[21]|this.currentInquiryReply|{}|0x3458e019
11:55:33.0 (44068082)|STATEMENT_EXECUTE|[265]
11:55:33.0 (44216118)|VARIABLE_ASSIGNMENT|[EXTERNAL]|this|{"BusinessLocationName":"","currentInquiryReply":"0x6ed4e8e0","currentInquiryReplyDetail":"0x77f229fc","dailyReportId":"a0IN0000006RUlWMAW","dCurrentDay":"2018-06-30T00:00:00Z","dCurrentMonth":"2018-07-01T00:00:00Z","iCurrentDay":0,"idBusinessLocation":"","isIPhone":false,"isPreview":true,"lsBusinessLocation":"0x3279f72","messageError":"","messageQuestion":"","mpQuestions":"0xa94ede4","myUser":"0x48dc53bf"}|0x3458e019
11:55:33.0 (44303769)|VARIABLE_ASSIGNMENT|[265]|this.saInquiry__c|"a0IN0000006RUllMAG"|0x6ed4e8e0
11:55:33.0 (44462211)|VARIABLE_ASSIGNMENT|[EXTERNAL]|this|{"BusinessLocationName":"","currentInquiryReply":"0x6ed4e8e0","currentInquiryReplyDetail":"0x77f229fc","dailyReportId":"a0IN0000006RUlWMAW","dCurrentDay":"2018-06-30T00:00:00Z","dCurrentMonth":"2018-07-01T00:00:00Z","iCurrentDay":0,"idBusinessLocation":"","isIPhone":false,"isPreview":true,"lsBusinessLocation":"0x3279f72","messageError":"","messageQuestion":"","mpQuestions":"0xa94ede4","myUser":"0x48dc53bf"}|0x3458e019
11:55:33.0 (44481608)|STATEMENT_EXECUTE|[269]
11:55:33.0 (44483871)|STATEMENT_EXECUTE|[272]
11:55:33.0 (44489850)|METHOD_ENTRY|[272]||System.UserInfo.getUserId()
11:55:33.0 (44513410)|METHOD_EXIT|[272]||System.UserInfo.getUserId()
11:55:33.0 (44527771)|HEAP_ALLOCATE|[272]|Bytes:4
11:55:33.0 (44669411)|VARIABLE_ASSIGNMENT|[EXTERNAL]|this|{"BusinessLocationName":"","currentInquiryReply":"0x6ed4e8e0","currentInquiryReplyDetail":"0x77f229fc","dailyReportId":"a0IN0000006RUlWMAW","dCurrentDay":"2018-06-30T00:00:00Z","dCurrentMonth":"2018-07-01T00:00:00Z","iCurrentDay":0,"idBusinessLocation":"","isIPhone":false,"isPreview":true,"lsBusinessLocation":"0x3279f72","messageError":"","messageQuestion":"","mpQuestions":"0xa94ede4","myUser":"0x48dc53bf"}|0x3458e019
11:55:33.0 (44727452)|VARIABLE_ASSIGNMENT|[272]|this.User__c|"005N00000057PfOIAU"|0x6ed4e8e0
11:55:33.0 (44734228)|STATEMENT_EXECUTE|[273]
11:55:33.0 (44881685)|VARIABLE_ASSIGNMENT|[EXTERNAL]|this|{"BusinessLocationName":"","currentInquiryReply":"0x6ed4e8e0","currentInquiryReplyDetail":"0x77f229fc","dailyReportId":"a0IN0000006RUlWMAW","dCurrentDay":"2018-06-30T00:00:00Z","dCurrentMonth":"2018-07-01T00:00:00Z","iCurrentDay":0,"idBusinessLocation":"","isIPhone":false,"isPreview":true,"lsBusinessLocation":"0x3279f72","messageError":"","messageQuestion":"","mpQuestions":"0xa94ede4","myUser":"0x48dc53bf"}|0x3458e019
11:55:33.0 (44947422)|VARIABLE_ASSIGNMENT|[273]|this.DailyReportDate__c|"2018-06-30T00:00:00.000Z"|0x6ed4e8e0
11:55:33.0 (44955066)|STATEMENT_EXECUTE|[274]
11:55:33.0 (44959096)|HEAP_ALLOCATE|[274]|Bytes:13
11:55:33.0 (45106117)|VARIABLE_ASSIGNMENT|[EXTERNAL]|this|{"BusinessLocationName":"","currentInquiryReply":"0x6ed4e8e0","currentInquiryReplyDetail":"0x77f229fc","dailyReportId":"a0IN0000006RUlWMAW","dCurrentDay":"2018-06-30T00:00:00Z","dCurrentMonth":"2018-07-01T00:00:00Z","iCurrentDay":0,"idBusinessLocation":"","isIPhone":false,"isPreview":true,"lsBusinessLocation":"0x3279f72","messageError":"","messageQuestion":"","mpQuestions":"0xa94ede4","myUser":"0x48dc53bf"}|0x3458e019
11:55:33.0 (45154666)|VARIABLE_ASSIGNMENT|[274]|this.Status__c|"WAITING_REPLY"|0x6ed4e8e0
11:55:33.0 (45161533)|STATEMENT_EXECUTE|[275]
11:55:33.0 (45305883)|VARIABLE_ASSIGNMENT|[EXTERNAL]|this|{"BusinessLocationName":"","currentInquiryReply":"0x6ed4e8e0","currentInquiryReplyDetail":"0x77f229fc","dailyReportId":"a0IN0000006RUlWMAW","dCurrentDay":"2018-06-30T00:00:00Z","dCurrentMonth":"2018-07-01T00:00:00Z","iCurrentDay":0,"idBusinessLocation":"","isIPhone":false,"isPreview":true,"lsBusinessLocation":"0x3279f72","messageError":"","messageQuestion":"","mpQuestions":"0xa94ede4","myUser":"0x48dc53bf"}|0x3458e019
11:55:33.0 (45350342)|VARIABLE_ASSIGNMENT|[275]|this.Comment__c|""|0x6ed4e8e0
11:55:33.0 (45357543)|STATEMENT_EXECUTE|[277]
11:55:33.0 (45360969)|HEAP_ALLOCATE|[277]|Bytes:625
11:55:33.0 (45375829)|HEAP_ALLOCATE|[277]|Bytes:4
11:55:33.0 (46321284)|SOQL_EXECUTE_BEGIN|[277]|Aggregations:0|SELECT Id, QuestionLabel__c, AnswerType__c, NumberPossibleReplies__c, IsShortReply__c, SortNo__c, IsRequired__c, Reply01Label__c, Reply02Label__c, Reply03Label__c, Reply04Label__c, Reply05Label__c, Reply06Label__c, Reply07Label__c, Reply08Label__c, Reply09Label__c, Reply10Label__c, Reply11Label__c, Reply12Label__c, Reply13Label__c, Reply14Label__c, Reply15Label__c, Reply16Label__c, Reply17Label__c, Reply18Label__c, Reply19Label__c, Reply20Label__c, Reply21Label__c, Reply22Label__c, Reply23Label__c, Reply24Label__c, Reply25Label__c FROM saInquiryDetail__c WHERE saInquiry__c = :tmpVar1 ORDER BY SortNo__c ASC NULLS FIRST
11:55:33.0 (57310271)|SOQL_EXECUTE_END|[277]|Rows:1
11:55:33.0 (57341245)|HEAP_ALLOCATE|[277]|Bytes:8
11:55:33.0 (57372282)|HEAP_ALLOCATE|[277]|Bytes:282
11:55:33.0 (57439846)|HEAP_ALLOCATE|[277]|Bytes:8
11:55:33.0 (57464974)|VARIABLE_SCOPE_BEGIN|[277]|lsTmpQuest|List<saInquiryDetail__c>|true|false
11:55:33.0 (57526648)|VARIABLE_ASSIGNMENT|[277]|lsTmpQuest|[{"Id":"a0JN0000008h2r2MAA","QuestionLabel__c":"Works?","AnswerType__c":"CHECKBOX","NumberPossibleReplies__c":2,"IsShortReply__c":true,"SortNo__c":0,"IsRequired__c":false,"Reply01Label__c":"Yes!","Reply02Label__c":"No!"}]|0x4cfb63da
11:55:33.0 (57656345)|HEAP_ALLOCATE|[287]|Bytes:5
11:55:33.0 (57676355)|HEAP_ALLOCATE|[287]|Bytes:40
11:55:33.0 (57686702)|VARIABLE_SCOPE_BEGIN|[287]|quest|saInquiryDetail__c|true|false
11:55:33.0 (57714126)|VARIABLE_ASSIGNMENT|[287]|quest|{"Id":"a0JN0000008h2r2MAA","QuestionLabel__c":"Works?","AnswerType__c":"CHECKBOX","NumberPossibleReplies__c":2,"IsShortReply__c":true,"SortNo__c":0,"IsRequired__c":false,"Reply01Label__c":"Yes!","Reply02Label__c":"No!"}|0x6c4913ca
11:55:33.0 (57723758)|STATEMENT_EXECUTE|[287]
11:55:33.0 (57726225)|STATEMENT_EXECUTE|[288]
11:55:33.0 (57752607)|HEAP_ALLOCATE|[288]|Bytes:4
11:55:33.0 (57835432)|VARIABLE_SCOPE_BEGIN|[288]|questReply|saInquiryReplyDetail__c|true|false
11:55:33.0 (57851563)|VARIABLE_ASSIGNMENT|[288]|questReply|{}|0x7b3b582a
11:55:33.0 (57857193)|STATEMENT_EXECUTE|[289]
11:55:33.0 (57962503)|VARIABLE_ASSIGNMENT|[289]|this.saInquiryDetail__c|"a0JN0000008h2r2MAA"|0x7b3b582a
11:55:33.0 (57970220)|STATEMENT_EXECUTE|[290]
11:55:33.0 (58256926)|VARIABLE_ASSIGNMENT|[EXTERNAL]|this|{"BusinessLocationName":"","currentInquiryReply":"0x6ed4e8e0","currentInquiryReplyDetail":"0x77f229fc","dailyReportId":"a0IN0000006RUlWMAW","dCurrentDay":"2018-06-30T00:00:00Z","dCurrentMonth":"2018-07-01T00:00:00Z","iCurrentDay":0,"idBusinessLocation":"","isIPhone":false,"isPreview":true,"lsBusinessLocation":"0x3279f72","messageError":"","messageQuestion":"","mpQuestions":"0xa94ede4","myUser":"0x48dc53bf"}|0x3458e019
11:55:33.0 (58291125)|HEAP_ALLOCATE|[EXTERNAL]|Bytes:4
11:55:33.0 (58299664)|STATEMENT_EXECUTE|[291]
11:55:33.0 (58451076)|VARIABLE_ASSIGNMENT|[EXTERNAL]|this|{"BusinessLocationName":"","currentInquiryReply":"0x6ed4e8e0","currentInquiryReplyDetail":"0x77f229fc","dailyReportId":"a0IN0000006RUlWMAW","dCurrentDay":"2018-06-30T00:00:00Z","dCurrentMonth":"2018-07-01T00:00:00Z","iCurrentDay":0,"idBusinessLocation":"","isIPhone":false,"isPreview":true,"lsBusinessLocation":"0x3279f72","messageError":"","messageQuestion":"","mpQuestions":"0xa94ede4","myUser":"0x48dc53bf"}|0x3458e019
11:55:33.0 (58486262)|HEAP_ALLOCATE|[EXTERNAL]|Bytes:-4
11:55:33.0 (58502370)|HEAP_ALLOCATE|[287]|Bytes:5
11:55:33.0 (58516752)|VARIABLE_ASSIGNMENT|[287]|quest|null|
11:55:33.0 (58526346)|SYSTEM_MODE_EXIT|false
11:55:33.0 (75901970)|SYSTEM_MODE_ENTER|true
11:55:33.0 (75944581)|HEAP_ALLOCATE|[EXTERNAL]|Bytes:44
11:55:33.0 (75967685)|VARIABLE_ASSIGNMENT|[EXTERNAL]|this.iCountComments|null|0x25e4bec2
11:55:33.0 (76025947)|SYSTEM_MODE_ENTER|true
11:55:33.0 (76040831)|HEAP_ALLOCATE|[EXTERNAL]|Bytes:44
11:55:33.0 (76048100)|VARIABLE_ASSIGNMENT|[EXTERNAL]|this.iCountLikes|null|0x25e4bec2
11:55:33.0 (76125517)|SYSTEM_MODE_ENTER|true
11:55:33.0 (76190180)|HEAP_ALLOCATE|[EXTERNAL]|Bytes:76
11:55:33.0 (76200562)|VARIABLE_SCOPE_BEGIN|[84]|this|saDailyReportCtrl|true|false
11:55:33.0 (76547321)|VARIABLE_ASSIGNMENT|[84]|this|{"BusinessLocationName":"","currentInquiryReply":"0x6ed4e8e0","currentInquiryReplyDetail":"0x77f229fc","dailyReportId":"a0IN0000006RUlWMAW","dCurrentDay":"2018-06-30T00:00:00Z","dCurrentMonth":"2018-07-01T00:00:00Z","iCurrentDay":0,"idBusinessLocation":"","isIPhone":false,"isPreview":true,"lsBusinessLocation":"0x3279f72","messageError":"","messageQuestion":"","mpQuestions":"0xa94ede4","myUser":"0x48dc53bf"}|0x3458e019
11:55:33.0 (76574116)|SYSTEM_MODE_ENTER|false
11:55:33.0 (76587246)|HEAP_ALLOCATE|[84]|Bytes:5
11:55:33.0 (76594381)|STATEMENT_EXECUTE|[84]
11:55:33.0 (76597228)|STATEMENT_EXECUTE|[84]
11:55:33.0 (76605982)|SYSTEM_MODE_EXIT|false
11:55:33.0 (76663133)|SYSTEM_MODE_ENTER|true
11:55:33.0 (76682228)|HEAP_ALLOCATE|[EXTERNAL]|Bytes:8
11:55:33.0 (76686619)|HEAP_ALLOCATE|[EXTERNAL]|Bytes:44
11:55:33.0 (76695603)|VARIABLE_ASSIGNMENT|[EXTERNAL]|this.iTypeOfScreen|54|0x25e4bec2
11:55:33.0 (76765570)|SYSTEM_MODE_ENTER|true
11:55:33.0 (76799752)|HEAP_ALLOCATE|[EXTERNAL]|Bytes:44
11:55:33.0 (76806259)|VARIABLE_SCOPE_BEGIN|[88]|this|auMainTopCompCtrl|true|false
11:55:33.0 (76846331)|VARIABLE_ASSIGNMENT|[88]|this|{"currentUser":"0x319f13ac","isSAUser":false,"iTypeOfScreen":54,"urlReportsSFA":"https://cs6.lightnin (84 more) ..."}|0x25e4bec2
11:55:33.0 (76856122)|STATEMENT_EXECUTE|[88]
11:55:33.0 (76857982)|STATEMENT_EXECUTE|[89]
11:55:33.0 (76892976)|VARIABLE_ASSIGNMENT|[EXTERNAL]|this|{"currentUser":"0x319f13ac","isSAUser":false,"iTypeOfScreen":54,"urlReportsSFA":"https://cs6.lightnin (84 more) ..."}|0x25e4bec2
11:55:33.0 (76936585)|VARIABLE_ASSIGNMENT|[EXTERNAL]|this|{"currentUser":"0x319f13ac","isSAUser":false,"iTypeOfScreen":54,"urlReportsSFA":"https://cs6.lightnin (84 more) ..."}|0x25e4bec2
11:55:33.0 (76971226)|VARIABLE_ASSIGNMENT|[EXTERNAL]|this|{"currentUser":"0x319f13ac","isSAUser":false,"iTypeOfScreen":54,"urlReportsSFA":"https://cs6.lightnin (84 more) ..."}|0x25e4bec2
11:55:33.0 (77003129)|VARIABLE_ASSIGNMENT|[EXTERNAL]|this|{"currentUser":"0x319f13ac","isSAUser":false,"iTypeOfScreen":54,"urlReportsSFA":"https://cs6.lightnin (84 more) ..."}|0x25e4bec2
11:55:33.0 (77019479)|HEAP_ALLOCATE|[89]|Bytes:5
11:55:33.0 (77088510)|SYSTEM_MODE_ENTER|true
11:55:33.0 (77120553)|HEAP_ALLOCATE|[EXTERNAL]|Bytes:44
11:55:33.0 (77126616)|VARIABLE_SCOPE_BEGIN|[106]|this|auMainTopCompCtrl|true|false
11:55:33.0 (77157502)|VARIABLE_ASSIGNMENT|[106]|this|{"currentUser":"0x319f13ac","isSAUser":false,"iTypeOfScreen":54,"urlReportsSFA":"https://cs6.lightnin (84 more) ..."}|0x25e4bec2
11:55:33.0 (77184851)|STATEMENT_EXECUTE|[106]
11:55:33.0 (77187437)|STATEMENT_EXECUTE|[107]
11:55:33.0 (77217769)|VARIABLE_ASSIGNMENT|[EXTERNAL]|this|{"currentUser":"0x319f13ac","isSAUser":false,"iTypeOfScreen":54,"urlReportsSFA":"https://cs6.lightnin (84 more) ..."}|0x25e4bec2
11:55:33.0 (77233486)|HEAP_ALLOCATE|[107]|Bytes:5
11:55:33.0 (77322693)|SYSTEM_MODE_ENTER|true
11:55:33.0 (77359342)|HEAP_ALLOCATE|[EXTERNAL]|Bytes:44
11:55:33.0 (77365787)|VARIABLE_SCOPE_BEGIN|[110]|this|auMainTopCompCtrl|true|false
11:55:33.0 (77400309)|VARIABLE_ASSIGNMENT|[110]|this|{"currentUser":"0x319f13ac","isSAUser":false,"iTypeOfScreen":54,"urlReportsSFA":"https://cs6.lightnin (84 more) ..."}|0x25e4bec2
11:55:33.0 (77409873)|STATEMENT_EXECUTE|[110]
11:55:33.0 (77411758)|STATEMENT_EXECUTE|[111]
11:55:33.0 (77443041)|VARIABLE_ASSIGNMENT|[EXTERNAL]|this|{"currentUser":"0x319f13ac","isSAUser":false,"iTypeOfScreen":54,"urlReportsSFA":"https://cs6.lightnin (84 more) ..."}|0x25e4bec2
11:55:33.0 (77459457)|HEAP_ALLOCATE|[111]|Bytes:5
11:55:33.0 (77513029)|SYSTEM_MODE_ENTER|true
11:55:33.0 (77541373)|HEAP_ALLOCATE|[EXTERNAL]|Bytes:44
11:55:33.0 (77547314)|VARIABLE_SCOPE_BEGIN|[114]|this|auMainTopCompCtrl|true|false
11:55:33.0 (77578534)|VARIABLE_ASSIGNMENT|[114]|this|{"currentUser":"0x319f13ac","isSAUser":false,"iTypeOfScreen":54,"urlReportsSFA":"https://cs6.lightnin (84 more) ..."}|0x25e4bec2
11:55:33.0 (77588761)|STATEMENT_EXECUTE|[114]
11:55:33.0 (77590606)|STATEMENT_EXECUTE|[115]
11:55:33.0 (77617488)|VARIABLE_ASSIGNMENT|[EXTERNAL]|this|{"currentUser":"0x319f13ac","isSAUser":false,"iTypeOfScreen":54,"urlReportsSFA":"https://cs6.lightnin (84 more) ..."}|0x25e4bec2
11:55:33.0 (77632111)|HEAP_ALLOCATE|[115]|Bytes:5
11:55:33.0 (77717898)|SYSTEM_MODE_ENTER|true
11:55:33.0 (77821631)|SYSTEM_MODE_ENTER|true
11:55:33.0 (77921643)|SYSTEM_MODE_ENTER|true
11:55:33.0 (78100371)|SYSTEM_MODE_ENTER|true
11:55:33.0 (80725968)|SYSTEM_MODE_ENTER|true
11:55:33.0 (80837145)|SYSTEM_MODE_ENTER|true
11:55:33.0 (81530655)|SYSTEM_MODE_ENTER|true
11:55:33.0 (81586885)|HEAP_ALLOCATE|[EXTERNAL]|Bytes:76
11:55:33.0 (81598142)|VARIABLE_SCOPE_BEGIN|[133]|this|saDailyReportCtrl|true|false
11:55:33.0 (81790455)|VARIABLE_ASSIGNMENT|[133]|this|{"BusinessLocationName":"","currentInquiryReply":"0x6ed4e8e0","currentInquiryReplyDetail":"0x77f229fc","dailyReportId":"a0IN0000006RUlWMAW","dCurrentDay":"2018-06-30T00:00:00Z","dCurrentMonth":"2018-07-01T00:00:00Z","iCurrentDay":0,"idBusinessLocation":"","isIPhone":false,"isPreview":true,"lsBusinessLocation":"0x3279f72","messageError":"","messageQuestion":"","mpQuestions":"0xa94ede4","myUser":"0x48dc53bf"}|0x3458e019
11:55:33.0 (81811192)|SYSTEM_MODE_ENTER|false
11:55:33.0 (81819161)|HEAP_ALLOCATE|[134]|Bytes:5
11:55:33.0 (81826724)|STATEMENT_EXECUTE|[133]
11:55:33.0 (81829292)|STATEMENT_EXECUTE|[134]
11:55:33.0 (81921654)|HEAP_ALLOCATE|[134]|Bytes:4
11:55:33.0 (81939518)|HEAP_ALLOCATE|[134]|Bytes:1
11:55:33.0 (81973361)|HEAP_ALLOCATE|[134]|Bytes:1
11:55:33.0 (81988376)|HEAP_ALLOCATE|[134]|Bytes:1
11:55:33.0 (82015829)|HEAP_ALLOCATE|[134]|Bytes:2
11:55:33.0 (82032968)|HEAP_ALLOCATE|[134]|Bytes:9
11:55:33.0 (82040257)|HEAP_ALLOCATE|[134]|Bytes:10
11:55:33.0 (82047569)|SYSTEM_MODE_EXIT|false
11:55:33.0 (82245631)|SYSTEM_MODE_ENTER|true
11:55:33.0 (82691634)|SYSTEM_MODE_ENTER|true
11:55:33.0 (98487241)|VF_SERIALIZE_VIEWSTATE_BEGIN|066N0000000M4pW
11:55:33.0 (102285518)|VF_SERIALIZE_VIEWSTATE_END
11:55:33.106 (106165487)|CUMULATIVE_LIMIT_USAGE
11:55:33.106 (106165487)|LIMIT_USAGE_FOR_NS|(default)|
  Number of SOQL queries: 5 out of 100
  Number of query rows: 2 out of 50000
  Number of SOSL queries: 0 out of 20
  Number of DML statements: 0 out of 150
  Number of DML rows: 0 out of 10000
  Maximum CPU time: 0 out of 10000
  Maximum heap size: 0 out of 6000000
  Number of callouts: 0 out of 100
  Number of Email Invocations: 0 out of 10
  Number of future calls: 0 out of 50
  Number of queueable jobs added to the queue: 0 out of 50
  Number of Mobile Apex push calls: 0 out of 10

11:55:33.106 (106165487)|CUMULATIVE_LIMIT_USAGE_END

11:55:33.0 (106212552)|CODE_UNIT_FINISHED|VF: /apex/sadailyreport
11:55:33.0 (106962307)|EXECUTION_FINISHED
