42.0 APEX_CODE,FINEST;APEX_PROFILING,INFO;CALLOUT,INFO;DB,INFO;NBA,INFO;SYSTEM,DEBUG;VALIDATION,INFO;VISUALFORCE,INFO;WAVE,INFO;WORKFLOW,INFO
11:04:20.0 (76454)|USER_INFO|[EXTERNAL]|005N00000057PfO|thomas.remy+kddi_gwdev01@globalway.co.jp|Japan Standard Time|GMT+09:00
11:04:20.0 (114249)|EXECUTION_STARTED
11:04:20.0 (118910)|CODE_UNIT_STARTED|[EXTERNAL]|066N0000000M4pW|VF: /apex/sadailyreport
11:04:20.0 (285651)|VF_DESERIALIZE_VIEWSTATE_BEGIN|066N0000000M4pW
11:04:20.0 (4027939)|HEAP_ALLOCATE|[72]|Bytes:3
11:04:20.0 (4063152)|HEAP_ALLOCATE|[77]|Bytes:152
11:04:20.0 (4078595)|HEAP_ALLOCATE|[342]|Bytes:408
11:04:20.0 (4094653)|HEAP_ALLOCATE|[355]|Bytes:408
11:04:20.0 (4109633)|HEAP_ALLOCATE|[467]|Bytes:48
11:04:20.0 (4134164)|HEAP_ALLOCATE|[139]|Bytes:6
11:04:20.0 (4972969)|HEAP_ALLOCATE|[50]|Bytes:5
11:04:20.0 (4996900)|HEAP_ALLOCATE|[56]|Bytes:5
11:04:20.0 (5006606)|HEAP_ALLOCATE|[64]|Bytes:7
11:04:20.0 (5708248)|VARIABLE_SCOPE_BEGIN|[3]|saDailyReportCtrl.SOURCE|String|false|true
11:04:20.0 (5721176)|VARIABLE_SCOPE_BEGIN|[4]|saDailyReportCtrl.SOURCE_ID|String|false|true
11:04:20.0 (6999484)|VARIABLE_SCOPE_BEGIN|[25]|auMainTopCompCtrl.TYPE_SCREEN_ACCOUNT_LIST|Integer|false|true
11:04:20.0 (7011853)|VARIABLE_SCOPE_BEGIN|[26]|auMainTopCompCtrl.TYPE_SCREEN_ACTIVITY_LIST|Integer|false|true
11:04:20.0 (7018989)|VARIABLE_SCOPE_BEGIN|[7]|auMainTopCompCtrl.TYPE_SCREEN_CX_SCREEN|Integer|false|true
11:04:20.0 (7026365)|VARIABLE_SCOPE_BEGIN|[8]|auMainTopCompCtrl.TYPE_SCREEN_CX_TIMELINE|Integer|false|true
11:04:20.0 (7034664)|VARIABLE_SCOPE_BEGIN|[9]|auMainTopCompCtrl.TYPE_SCREEN_EVENT_SCHEDULE|Integer|false|true
11:04:20.0 (7041308)|VARIABLE_SCOPE_BEGIN|[10]|auMainTopCompCtrl.TYPE_SCREEN_EVENT_SCHEDULE_LIST|Integer|false|true
11:04:20.0 (7047660)|VARIABLE_SCOPE_BEGIN|[27]|auMainTopCompCtrl.TYPE_SCREEN_FILE_LIST|Integer|false|true
11:04:20.0 (7053542)|VARIABLE_SCOPE_BEGIN|[24]|auMainTopCompCtrl.TYPE_SCREEN_HONBU_DIRECT|Integer|false|true
11:04:20.0 (7059523)|VARIABLE_SCOPE_BEGIN|[11]|auMainTopCompCtrl.TYPE_SCREEN_KNOWLEDGE_DASHBOARD|Integer|false|true
11:04:20.0 (7065855)|VARIABLE_SCOPE_BEGIN|[12]|auMainTopCompCtrl.TYPE_SCREEN_KNOWLEDGE_LIST|Integer|false|true
11:04:20.0 (7071968)|VARIABLE_SCOPE_BEGIN|[15]|auMainTopCompCtrl.TYPE_SCREEN_SA_CHATTER|Integer|false|true
11:04:20.0 (7078114)|VARIABLE_SCOPE_BEGIN|[16]|auMainTopCompCtrl.TYPE_SCREEN_SA_DAILYREPORT|Integer|false|true
11:04:20.0 (7085094)|VARIABLE_SCOPE_BEGIN|[22]|auMainTopCompCtrl.TYPE_SCREEN_SA_DAILYREPORTLIST|Integer|false|true
11:04:20.0 (7091509)|VARIABLE_SCOPE_BEGIN|[18]|auMainTopCompCtrl.TYPE_SCREEN_SA_DOCUMENTS|Integer|false|true
11:04:20.0 (7097843)|VARIABLE_SCOPE_BEGIN|[17]|auMainTopCompCtrl.TYPE_SCREEN_SA_ENQUETE|Integer|false|true
11:04:20.0 (7103979)|VARIABLE_SCOPE_BEGIN|[20]|auMainTopCompCtrl.TYPE_SCREEN_SA_LINKS|Integer|false|true
11:04:20.0 (7110772)|VARIABLE_SCOPE_BEGIN|[13]|auMainTopCompCtrl.TYPE_SCREEN_SA_MESSAGES|Integer|false|true
11:04:20.0 (7117237)|VARIABLE_SCOPE_BEGIN|[19]|auMainTopCompCtrl.TYPE_SCREEN_SA_RANKING|Integer|false|true
11:04:20.0 (7124043)|VARIABLE_SCOPE_BEGIN|[14]|auMainTopCompCtrl.TYPE_SCREEN_SA_REPORTS|Integer|false|true
11:04:20.0 (7130547)|VARIABLE_SCOPE_BEGIN|[23]|auMainTopCompCtrl.TYPE_SCREEN_SA_TODO|Integer|false|true
11:04:20.0 (7137154)|VARIABLE_SCOPE_BEGIN|[21]|auMainTopCompCtrl.TYPE_SCREEN_SA_USRSETTINGS|Integer|false|true
11:04:20.0 (7143505)|VARIABLE_SCOPE_BEGIN|[4]|auMainTopCompCtrl.TYPE_SCREEN_STPD_EVENT|Integer|false|true
11:04:20.0 (7150637)|VARIABLE_SCOPE_BEGIN|[6]|auMainTopCompCtrl.TYPE_SCREEN_STPD_SCREEN|Integer|false|true
11:04:20.0 (7157137)|VARIABLE_SCOPE_BEGIN|[5]|auMainTopCompCtrl.TYPE_SCREEN_STPD_TIMELINE|Integer|false|true
11:04:20.0 (7163723)|VARIABLE_SCOPE_BEGIN|[3]|auMainTopCompCtrl.TYPE_SCREEN_SWITCH|Integer|false|true
11:04:20.0 (8336737)|VF_DESERIALIZE_VIEWSTATE_END
11:04:20.0 (10419528)|SYSTEM_MODE_ENTER|true
11:04:20.0 (10689695)|HEAP_ALLOCATE|[EXTERNAL]|Bytes:284
11:04:20.0 (10705860)|HEAP_ALLOCATE|[EXTERNAL]|Bytes:150
11:04:20.0 (10724010)|METHOD_ENTRY|[1]|01pN0000000Mill|auMainTopCompCtrl.auMainTopCompCtrl()
11:04:20.0 (10733057)|STATEMENT_EXECUTE|[1]
11:04:20.0 (10740136)|STATEMENT_EXECUTE|[1]
11:04:20.0 (10742611)|STATEMENT_EXECUTE|[3]
11:04:20.0 (10750070)|HEAP_ALLOCATE|[3]|Bytes:4
11:04:20.0 (10783246)|VARIABLE_ASSIGNMENT|[3]|auMainTopCompCtrl.TYPE_SCREEN_SWITCH|0
11:04:20.0 (10791667)|STATEMENT_EXECUTE|[4]
11:04:20.0 (10795471)|HEAP_ALLOCATE|[4]|Bytes:4
11:04:20.0 (10807432)|VARIABLE_ASSIGNMENT|[4]|auMainTopCompCtrl.TYPE_SCREEN_STPD_EVENT|11
11:04:20.0 (10814401)|STATEMENT_EXECUTE|[5]
11:04:20.0 (10817743)|HEAP_ALLOCATE|[5]|Bytes:4
11:04:20.0 (10828539)|VARIABLE_ASSIGNMENT|[5]|auMainTopCompCtrl.TYPE_SCREEN_STPD_TIMELINE|12
11:04:20.0 (10835043)|STATEMENT_EXECUTE|[6]
11:04:20.0 (10837899)|HEAP_ALLOCATE|[6]|Bytes:4
11:04:20.0 (10847860)|VARIABLE_ASSIGNMENT|[6]|auMainTopCompCtrl.TYPE_SCREEN_STPD_SCREEN|13
11:04:20.0 (10853948)|STATEMENT_EXECUTE|[7]
11:04:20.0 (10857500)|HEAP_ALLOCATE|[7]|Bytes:4
11:04:20.0 (10866424)|VARIABLE_ASSIGNMENT|[7]|auMainTopCompCtrl.TYPE_SCREEN_CX_SCREEN|21
11:04:20.0 (10872232)|STATEMENT_EXECUTE|[8]
11:04:20.0 (10875296)|HEAP_ALLOCATE|[8]|Bytes:4
11:04:20.0 (10883796)|VARIABLE_ASSIGNMENT|[8]|auMainTopCompCtrl.TYPE_SCREEN_CX_TIMELINE|22
11:04:20.0 (10889654)|STATEMENT_EXECUTE|[9]
11:04:20.0 (10892589)|HEAP_ALLOCATE|[9]|Bytes:4
11:04:20.0 (10901221)|VARIABLE_ASSIGNMENT|[9]|auMainTopCompCtrl.TYPE_SCREEN_EVENT_SCHEDULE|31
11:04:20.0 (10908127)|STATEMENT_EXECUTE|[10]
11:04:20.0 (10911308)|HEAP_ALLOCATE|[10]|Bytes:4
11:04:20.0 (10920963)|VARIABLE_ASSIGNMENT|[10]|auMainTopCompCtrl.TYPE_SCREEN_EVENT_SCHEDULE_LIST|32
11:04:20.0 (10927783)|STATEMENT_EXECUTE|[11]
11:04:20.0 (10931091)|HEAP_ALLOCATE|[11]|Bytes:4
11:04:20.0 (10940645)|VARIABLE_ASSIGNMENT|[11]|auMainTopCompCtrl.TYPE_SCREEN_KNOWLEDGE_DASHBOARD|41
11:04:20.0 (10947253)|STATEMENT_EXECUTE|[12]
11:04:20.0 (10950280)|HEAP_ALLOCATE|[12]|Bytes:4
11:04:20.0 (10959540)|VARIABLE_ASSIGNMENT|[12]|auMainTopCompCtrl.TYPE_SCREEN_KNOWLEDGE_LIST|42
11:04:20.0 (10965514)|STATEMENT_EXECUTE|[13]
11:04:20.0 (10968351)|HEAP_ALLOCATE|[13]|Bytes:4
11:04:20.0 (10977793)|VARIABLE_ASSIGNMENT|[13]|auMainTopCompCtrl.TYPE_SCREEN_SA_MESSAGES|51
11:04:20.0 (10983844)|STATEMENT_EXECUTE|[14]
11:04:20.0 (10986847)|HEAP_ALLOCATE|[14]|Bytes:4
11:04:20.0 (10996670)|VARIABLE_ASSIGNMENT|[14]|auMainTopCompCtrl.TYPE_SCREEN_SA_REPORTS|52
11:04:20.0 (11003401)|STATEMENT_EXECUTE|[15]
11:04:20.0 (11006979)|HEAP_ALLOCATE|[15]|Bytes:4
11:04:20.0 (11016319)|VARIABLE_ASSIGNMENT|[15]|auMainTopCompCtrl.TYPE_SCREEN_SA_CHATTER|53
11:04:20.0 (11022093)|STATEMENT_EXECUTE|[16]
11:04:20.0 (11025775)|HEAP_ALLOCATE|[16]|Bytes:4
11:04:20.0 (11035131)|VARIABLE_ASSIGNMENT|[16]|auMainTopCompCtrl.TYPE_SCREEN_SA_DAILYREPORT|54
11:04:20.0 (11041394)|STATEMENT_EXECUTE|[17]
11:04:20.0 (11044250)|HEAP_ALLOCATE|[17]|Bytes:4
11:04:20.0 (11053803)|VARIABLE_ASSIGNMENT|[17]|auMainTopCompCtrl.TYPE_SCREEN_SA_ENQUETE|55
11:04:20.0 (11060338)|STATEMENT_EXECUTE|[18]
11:04:20.0 (11063162)|HEAP_ALLOCATE|[18]|Bytes:4
11:04:20.0 (11073654)|VARIABLE_ASSIGNMENT|[18]|auMainTopCompCtrl.TYPE_SCREEN_SA_DOCUMENTS|56
11:04:20.0 (11081509)|STATEMENT_EXECUTE|[19]
11:04:20.0 (11084837)|HEAP_ALLOCATE|[19]|Bytes:4
11:04:20.0 (11097660)|VARIABLE_ASSIGNMENT|[19]|auMainTopCompCtrl.TYPE_SCREEN_SA_RANKING|57
11:04:20.0 (11105047)|STATEMENT_EXECUTE|[20]
11:04:20.0 (11107839)|HEAP_ALLOCATE|[20]|Bytes:4
11:04:20.0 (11118359)|VARIABLE_ASSIGNMENT|[20]|auMainTopCompCtrl.TYPE_SCREEN_SA_LINKS|58
11:04:20.0 (11124647)|STATEMENT_EXECUTE|[21]
11:04:20.0 (11127517)|HEAP_ALLOCATE|[21]|Bytes:4
11:04:20.0 (11137416)|VARIABLE_ASSIGNMENT|[21]|auMainTopCompCtrl.TYPE_SCREEN_SA_USRSETTINGS|59
11:04:20.0 (11144405)|STATEMENT_EXECUTE|[22]
11:04:20.0 (11147420)|HEAP_ALLOCATE|[22]|Bytes:4
11:04:20.0 (11156806)|VARIABLE_ASSIGNMENT|[22]|auMainTopCompCtrl.TYPE_SCREEN_SA_DAILYREPORTLIST|60
11:04:20.0 (11162377)|STATEMENT_EXECUTE|[23]
11:04:20.0 (11170504)|HEAP_ALLOCATE|[23]|Bytes:4
11:04:20.0 (11183819)|VARIABLE_ASSIGNMENT|[23]|auMainTopCompCtrl.TYPE_SCREEN_SA_TODO|61
11:04:20.0 (11190311)|STATEMENT_EXECUTE|[24]
11:04:20.0 (11193276)|HEAP_ALLOCATE|[24]|Bytes:4
11:04:20.0 (11202570)|VARIABLE_ASSIGNMENT|[24]|auMainTopCompCtrl.TYPE_SCREEN_HONBU_DIRECT|71
11:04:20.0 (11209249)|STATEMENT_EXECUTE|[25]
11:04:20.0 (11211981)|HEAP_ALLOCATE|[25]|Bytes:4
11:04:20.0 (11219922)|VARIABLE_ASSIGNMENT|[25]|auMainTopCompCtrl.TYPE_SCREEN_ACCOUNT_LIST|81
11:04:20.0 (11226726)|STATEMENT_EXECUTE|[26]
11:04:20.0 (11229657)|HEAP_ALLOCATE|[26]|Bytes:4
11:04:20.0 (11238204)|VARIABLE_ASSIGNMENT|[26]|auMainTopCompCtrl.TYPE_SCREEN_ACTIVITY_LIST|82
11:04:20.0 (11245120)|STATEMENT_EXECUTE|[27]
11:04:20.0 (11248923)|HEAP_ALLOCATE|[27]|Bytes:4
11:04:20.0 (11258490)|VARIABLE_ASSIGNMENT|[27]|auMainTopCompCtrl.TYPE_SCREEN_FILE_LIST|83
11:04:20.0 (11269692)|METHOD_EXIT|[1]|auMainTopCompCtrl
11:04:20.0 (11278246)|HEAP_ALLOCATE|[EXTERNAL]|Bytes:40
11:04:20.0 (11289238)|VARIABLE_SCOPE_BEGIN|[80]|this|auMainTopCompCtrl|true|false
11:04:20.0 (11361691)|VARIABLE_ASSIGNMENT|[80]|this|{"currentUser":"0xff1b188","iTypeOfScreen":54,"urlReportsSFA":"https://cs6.lightnin (84 more) ..."}|0x1d60426a
11:04:20.0 (11377494)|STATEMENT_EXECUTE|[80]
11:04:20.0 (11379908)|STATEMENT_EXECUTE|[81]
11:04:20.0 (11447020)|VARIABLE_ASSIGNMENT|[EXTERNAL]|this|{"currentUser":"0xff1b188","iTypeOfScreen":54,"urlReportsSFA":"https://cs6.lightnin (84 more) ..."}|0x1d60426a
11:04:20.0 (11511738)|VARIABLE_ASSIGNMENT|[EXTERNAL]|this|{"currentUser":"0xff1b188","iTypeOfScreen":54,"urlReportsSFA":"https://cs6.lightnin (84 more) ..."}|0x1d60426a
11:04:20.0 (11566181)|VARIABLE_ASSIGNMENT|[EXTERNAL]|this|{"currentUser":"0xff1b188","iTypeOfScreen":54,"urlReportsSFA":"https://cs6.lightnin (84 more) ..."}|0x1d60426a
11:04:20.0 (11625396)|VARIABLE_ASSIGNMENT|[EXTERNAL]|this|{"currentUser":"0xff1b188","iTypeOfScreen":54,"urlReportsSFA":"https://cs6.lightnin (84 more) ..."}|0x1d60426a
11:04:20.0 (11653041)|HEAP_ALLOCATE|[81]|Bytes:5
11:04:20.0 (11786551)|SYSTEM_MODE_ENTER|true
11:04:20.0 (11847613)|HEAP_ALLOCATE|[EXTERNAL]|Bytes:40
11:04:20.0 (11856612)|VARIABLE_SCOPE_BEGIN|[98]|this|auMainTopCompCtrl|true|false
11:04:20.0 (11898622)|VARIABLE_ASSIGNMENT|[98]|this|{"currentUser":"0xff1b188","iTypeOfScreen":54,"urlReportsSFA":"https://cs6.lightnin (84 more) ..."}|0x1d60426a
11:04:20.0 (11912366)|STATEMENT_EXECUTE|[98]
11:04:20.0 (11915004)|STATEMENT_EXECUTE|[99]
11:04:20.0 (11960680)|VARIABLE_ASSIGNMENT|[EXTERNAL]|this|{"currentUser":"0xff1b188","iTypeOfScreen":54,"urlReportsSFA":"https://cs6.lightnin (84 more) ..."}|0x1d60426a
11:04:20.0 (11981821)|HEAP_ALLOCATE|[99]|Bytes:5
11:04:20.0 (12065985)|SYSTEM_MODE_ENTER|true
11:04:20.0 (12127367)|HEAP_ALLOCATE|[EXTERNAL]|Bytes:40
11:04:20.0 (12136117)|VARIABLE_SCOPE_BEGIN|[102]|this|auMainTopCompCtrl|true|false
11:04:20.0 (12174989)|VARIABLE_ASSIGNMENT|[102]|this|{"currentUser":"0xff1b188","iTypeOfScreen":54,"urlReportsSFA":"https://cs6.lightnin (84 more) ..."}|0x1d60426a
11:04:20.0 (12185935)|STATEMENT_EXECUTE|[102]
11:04:20.0 (12187953)|STATEMENT_EXECUTE|[103]
11:04:20.0 (12223320)|VARIABLE_ASSIGNMENT|[EXTERNAL]|this|{"currentUser":"0xff1b188","iTypeOfScreen":54,"urlReportsSFA":"https://cs6.lightnin (84 more) ..."}|0x1d60426a
11:04:20.0 (12240001)|HEAP_ALLOCATE|[103]|Bytes:5
11:04:20.0 (12325360)|SYSTEM_MODE_ENTER|true
11:04:20.0 (12349785)|HEAP_ALLOCATE|[EXTERNAL]|Bytes:40
11:04:20.0 (12360484)|VARIABLE_ASSIGNMENT|[EXTERNAL]|this.iCountComments|null|0x1d60426a
11:04:20.0 (12402032)|SYSTEM_MODE_ENTER|true
11:04:20.0 (12413985)|HEAP_ALLOCATE|[EXTERNAL]|Bytes:40
11:04:20.0 (12421395)|VARIABLE_ASSIGNMENT|[EXTERNAL]|this.iCountLikes|null|0x1d60426a
11:04:20.0 (12502313)|SYSTEM_MODE_ENTER|true
11:04:20.0 (12558270)|HEAP_ALLOCATE|[EXTERNAL]|Bytes:26
11:04:20.0 (12566133)|HEAP_ALLOCATE|[EXTERNAL]|Bytes:460
11:04:20.0 (12571674)|HEAP_ALLOCATE|[EXTERNAL]|Bytes:113
11:04:20.0 (12575333)|HEAP_ALLOCATE|[EXTERNAL]|Bytes:39
11:04:20.0 (12578881)|HEAP_ALLOCATE|[EXTERNAL]|Bytes:3
11:04:20.0 (12588572)|VARIABLE_ASSIGNMENT|[EXTERNAL]|saDailyReportCtrl.SOURCE|"src"
11:04:20.0 (12593891)|HEAP_ALLOCATE|[EXTERNAL]|Bytes:2
11:04:20.0 (12600062)|VARIABLE_ASSIGNMENT|[EXTERNAL]|saDailyReportCtrl.SOURCE_ID|"id"
11:04:20.0 (12608931)|METHOD_ENTRY|[1]|01pN0000000aE0W|saDailyReportCtrl.saDailyReportCtrl()
11:04:20.0 (12614207)|STATEMENT_EXECUTE|[1]
11:04:20.0 (12617389)|STATEMENT_EXECUTE|[1]
11:04:20.0 (12625192)|SYSTEM_MODE_ENTER|false
11:04:20.0 (12632829)|HEAP_ALLOCATE|[EXTERNAL]|Bytes:5
11:04:20.0 (12637353)|STATEMENT_EXECUTE|[650]
11:04:20.0 (12639297)|STATEMENT_EXECUTE|[677]
11:04:20.0 (12643529)|SYSTEM_MODE_EXIT|false
11:04:20.0 (12650508)|METHOD_EXIT|[1]|saDailyReportCtrl
11:04:20.0 (12655734)|HEAP_ALLOCATE|[EXTERNAL]|Bytes:76
11:04:20.0 (12660860)|VARIABLE_SCOPE_BEGIN|[92]|this|saDailyReportCtrl|true|false
11:04:20.0 (12985219)|VARIABLE_ASSIGNMENT|[92]|this|{"BusinessLocationName":"","currentInquiryReply":"0x64d1652e","currentInquiryReplyDetail":"0x7bbd18cc","dailyReportId":"a0IN0000006RUllMAG","dCurrentDay":"2018-06-30T00:00:00Z","dCurrentMonth":"2018-07-01T00:00:00Z","iCurrentDay":0,"idBusinessLocation":"","isIPhone":false,"isPreview":true,"lsBusinessLocation":"0x79428bc2","messageError":"","messageQuestion":"","mpQuestions":"0x42f9ee1c","myUser":"0x2d6e1b78","sourceOfTheCall":"preview"}|0x1f548a9c
11:04:20.0 (13024703)|SYSTEM_MODE_ENTER|false
11:04:20.0 (13033614)|HEAP_ALLOCATE|[92]|Bytes:5
11:04:20.0 (13038852)|STATEMENT_EXECUTE|[92]
11:04:20.0 (13040766)|STATEMENT_EXECUTE|[92]
11:04:20.0 (13045914)|SYSTEM_MODE_EXIT|false
11:04:20.0 (13117110)|SYSTEM_MODE_ENTER|true
11:04:20.0 (13135839)|HEAP_ALLOCATE|[EXTERNAL]|Bytes:8
11:04:20.0 (13141119)|HEAP_ALLOCATE|[EXTERNAL]|Bytes:40
11:04:20.0 (13150365)|VARIABLE_ASSIGNMENT|[EXTERNAL]|this.iTypeOfScreen|54|0x1d60426a
11:04:20.0 (13314494)|SYSTEM_MODE_ENTER|true
11:04:20.0 (13403785)|SYSTEM_MODE_ENTER|true
11:04:20.0 (13484087)|SYSTEM_MODE_ENTER|true
11:04:20.0 (13670317)|SYSTEM_MODE_ENTER|true
11:04:20.0 (14883613)|SYSTEM_MODE_ENTER|true
11:04:20.0 (16833675)|SYSTEM_MODE_ENTER|true
11:04:20.0 (16884930)|SYSTEM_MODE_ENTER|true
11:04:20.0 (16923602)|SYSTEM_MODE_ENTER|true
11:04:20.0 (16960544)|SYSTEM_MODE_ENTER|true
11:04:20.0 (16995721)|SYSTEM_MODE_ENTER|true
11:04:20.0 (17044535)|SYSTEM_MODE_ENTER|true
11:04:20.0 (17082424)|HEAP_ALLOCATE|[EXTERNAL]|Bytes:40
11:04:20.0 (17090085)|VARIABLE_SCOPE_BEGIN|[80]|this|auMainTopCompCtrl|true|false
11:04:20.0 (17126394)|VARIABLE_ASSIGNMENT|[80]|this|{"currentUser":"0xff1b188","iTypeOfScreen":54,"urlReportsSFA":"https://cs6.lightnin (84 more) ..."}|0x1d60426a
11:04:20.0 (17137127)|STATEMENT_EXECUTE|[80]
11:04:20.0 (17139108)|STATEMENT_EXECUTE|[81]
11:04:20.0 (17174225)|VARIABLE_ASSIGNMENT|[EXTERNAL]|this|{"currentUser":"0xff1b188","iTypeOfScreen":54,"urlReportsSFA":"https://cs6.lightnin (84 more) ..."}|0x1d60426a
11:04:20.0 (17211778)|VARIABLE_ASSIGNMENT|[EXTERNAL]|this|{"currentUser":"0xff1b188","iTypeOfScreen":54,"urlReportsSFA":"https://cs6.lightnin (84 more) ..."}|0x1d60426a
11:04:20.0 (17243389)|VARIABLE_ASSIGNMENT|[EXTERNAL]|this|{"currentUser":"0xff1b188","iTypeOfScreen":54,"urlReportsSFA":"https://cs6.lightnin (84 more) ..."}|0x1d60426a
11:04:20.0 (17273464)|VARIABLE_ASSIGNMENT|[EXTERNAL]|this|{"currentUser":"0xff1b188","iTypeOfScreen":54,"urlReportsSFA":"https://cs6.lightnin (84 more) ..."}|0x1d60426a
11:04:20.0 (17287073)|HEAP_ALLOCATE|[81]|Bytes:5
11:04:20.0 (17336089)|SYSTEM_MODE_ENTER|true
11:04:20.0 (17367072)|HEAP_ALLOCATE|[EXTERNAL]|Bytes:40
11:04:20.0 (17373870)|VARIABLE_SCOPE_BEGIN|[98]|this|auMainTopCompCtrl|true|false
11:04:20.0 (17403798)|VARIABLE_ASSIGNMENT|[98]|this|{"currentUser":"0xff1b188","iTypeOfScreen":54,"urlReportsSFA":"https://cs6.lightnin (84 more) ..."}|0x1d60426a
11:04:20.0 (17412570)|STATEMENT_EXECUTE|[98]
11:04:20.0 (17414369)|STATEMENT_EXECUTE|[99]
11:04:20.0 (17439120)|VARIABLE_ASSIGNMENT|[EXTERNAL]|this|{"currentUser":"0xff1b188","iTypeOfScreen":54,"urlReportsSFA":"https://cs6.lightnin (84 more) ..."}|0x1d60426a
11:04:20.0 (17452819)|HEAP_ALLOCATE|[99]|Bytes:5
11:04:20.0 (17495833)|SYSTEM_MODE_ENTER|true
11:04:20.0 (17523859)|HEAP_ALLOCATE|[EXTERNAL]|Bytes:40
11:04:20.0 (17529533)|VARIABLE_SCOPE_BEGIN|[102]|this|auMainTopCompCtrl|true|false
11:04:20.0 (17558122)|VARIABLE_ASSIGNMENT|[102]|this|{"currentUser":"0xff1b188","iTypeOfScreen":54,"urlReportsSFA":"https://cs6.lightnin (84 more) ..."}|0x1d60426a
11:04:20.0 (17566277)|STATEMENT_EXECUTE|[102]
11:04:20.0 (17568076)|STATEMENT_EXECUTE|[103]
11:04:20.0 (17591989)|VARIABLE_ASSIGNMENT|[EXTERNAL]|this|{"currentUser":"0xff1b188","iTypeOfScreen":54,"urlReportsSFA":"https://cs6.lightnin (84 more) ..."}|0x1d60426a
11:04:20.0 (17605071)|HEAP_ALLOCATE|[103]|Bytes:5
11:04:20.0 (20450253)|SYSTEM_MODE_ENTER|true
11:04:20.0 (20472585)|HEAP_ALLOCATE|[EXTERNAL]|Bytes:16
11:04:20.0 (20478949)|HEAP_ALLOCATE|[EXTERNAL]|Bytes:76
11:04:20.0 (20491033)|VARIABLE_ASSIGNMENT|[EXTERNAL]|this.messageError|"正しいデーターを入れてください。"|0x1f548a9c
11:04:20.0 (20522354)|SYSTEM_MODE_ENTER|true
11:04:20.0 (20536644)|HEAP_ALLOCATE|[EXTERNAL]|Bytes:76
11:04:20.0 (20545430)|VARIABLE_ASSIGNMENT|[EXTERNAL]|this.messageQuestion|""|0x1f548a9c
11:04:20.0 (20569009)|SYSTEM_MODE_ENTER|true
11:04:20.0 (20583080)|HEAP_ALLOCATE|[EXTERNAL]|Bytes:5
11:04:20.0 (20587404)|HEAP_ALLOCATE|[EXTERNAL]|Bytes:76
11:04:20.0 (20593939)|VARIABLE_ASSIGNMENT|[EXTERNAL]|this.isPreview|true|0x1f548a9c
11:04:20.0 (20616440)|SYSTEM_MODE_ENTER|true
11:04:20.0 (20628301)|HEAP_ALLOCATE|[EXTERNAL]|Bytes:76
11:04:20.0 (20636092)|VARIABLE_ASSIGNMENT|[EXTERNAL]|this.idBusinessLocation|""|0x1f548a9c
11:04:20.0 (20657575)|SYSTEM_MODE_ENTER|true
11:04:20.0 (20668198)|HEAP_ALLOCATE|[EXTERNAL]|Bytes:8
11:04:20.0 (20672504)|HEAP_ALLOCATE|[EXTERNAL]|Bytes:76
11:04:20.0 (20679240)|VARIABLE_ASSIGNMENT|[EXTERNAL]|this.iCurrentDay|0|0x1f548a9c
11:04:20.0 (20767872)|SYSTEM_MODE_ENTER|true
11:04:20.0 (20780536)|HEAP_ALLOCATE|[EXTERNAL]|Bytes:40
11:04:20.0 (20788824)|VARIABLE_ASSIGNMENT|[EXTERNAL]|this.iCountComments|null|0x1d60426a
11:04:20.0 (20818939)|SYSTEM_MODE_ENTER|true
11:04:20.0 (20858231)|HEAP_ALLOCATE|[EXTERNAL]|Bytes:40
11:04:20.0 (20866389)|VARIABLE_ASSIGNMENT|[EXTERNAL]|this.iCountLikes|null|0x1d60426a
11:04:20.0 (20904828)|SYSTEM_MODE_ENTER|true
11:04:20.0 (20940133)|HEAP_ALLOCATE|[EXTERNAL]|Bytes:76
11:04:20.0 (20946468)|VARIABLE_SCOPE_BEGIN|[92]|this|saDailyReportCtrl|true|false
11:04:20.0 (21115580)|VARIABLE_ASSIGNMENT|[92]|this|{"BusinessLocationName":"","currentInquiryReply":"0x64d1652e","currentInquiryReplyDetail":"0x7bbd18cc","dailyReportId":"a0IN0000006RUllMAG","dCurrentDay":"2018-06-30T00:00:00Z","dCurrentMonth":"2018-07-01T00:00:00Z","iCurrentDay":0,"idBusinessLocation":"","isIPhone":false,"isPreview":true,"lsBusinessLocation":"0x79428bc2","messageError":"正しいデーターを入れてください。","messageQuestion":"","mpQuestions":"0x42f9ee1c","myUser":"0x2d6e1b78","sourceOfTheCall":"preview"}|0x1f548a9c
11:04:20.0 (21136658)|SYSTEM_MODE_ENTER|false
11:04:20.0 (21143666)|HEAP_ALLOCATE|[92]|Bytes:5
11:04:20.0 (21149072)|STATEMENT_EXECUTE|[92]
11:04:20.0 (21151240)|STATEMENT_EXECUTE|[92]
11:04:20.0 (21155672)|SYSTEM_MODE_EXIT|false
11:04:20.0 (21202361)|SYSTEM_MODE_ENTER|true
11:04:20.0 (21217143)|HEAP_ALLOCATE|[EXTERNAL]|Bytes:8
11:04:20.0 (21221890)|HEAP_ALLOCATE|[EXTERNAL]|Bytes:40
11:04:20.0 (21230025)|VARIABLE_ASSIGNMENT|[EXTERNAL]|this.iTypeOfScreen|54|0x1d60426a
11:04:20.0 (21367896)|SYSTEM_MODE_ENTER|true
11:04:20.0 (23810739)|HEAP_ALLOCATE|[EXTERNAL]|Bytes:76
11:04:20.0 (23821546)|VARIABLE_SCOPE_BEGIN|[199]|this|saDailyReportCtrl|true|false
11:04:20.0 (23988839)|VARIABLE_ASSIGNMENT|[199]|this|{"BusinessLocationName":"","currentInquiryReply":"0x64d1652e","currentInquiryReplyDetail":"0x7bbd18cc","dailyReportId":"a0IN0000006RUllMAG","dCurrentDay":"2018-06-30T00:00:00Z","dCurrentMonth":"2018-07-01T00:00:00Z","iCurrentDay":0,"idBusinessLocation":"","isIPhone":false,"isPreview":true,"lsBusinessLocation":"0x79428bc2","messageError":"正しいデーターを入れてください。","messageQuestion":"","mpQuestions":"0x42f9ee1c","myUser":"0x2d6e1b78","sourceOfTheCall":"preview"}|0x1f548a9c
11:04:20.0 (24011156)|SYSTEM_MODE_ENTER|false
11:04:20.0 (24019179)|HEAP_ALLOCATE|[201]|Bytes:5
11:04:20.0 (24025377)|STATEMENT_EXECUTE|[199]
11:04:20.0 (24027595)|STATEMENT_EXECUTE|[201]
11:04:20.0 (24197621)|VARIABLE_ASSIGNMENT|[EXTERNAL]|this|{"BusinessLocationName":"","currentInquiryReply":"0x64d1652e","currentInquiryReplyDetail":"0x7bbd18cc","dailyReportId":"a0IN0000006RUllMAG","dCurrentDay":"2018-06-30T00:00:00Z","dCurrentMonth":"2018-07-01T00:00:00Z","iCurrentDay":0,"idBusinessLocation":"","isIPhone":false,"isPreview":true,"lsBusinessLocation":"0x79428bc2","messageError":"正しいデーターを入れてください。","messageQuestion":"","mpQuestions":"0x42f9ee1c","myUser":"0x2d6e1b78","sourceOfTheCall":"preview"}|0x1f548a9c
11:04:20.0 (24214722)|VARIABLE_ASSIGNMENT|[EXTERNAL]|value|""
11:04:20.0 (24227017)|VARIABLE_ASSIGNMENT|[6]|this.messageError|""|0x1f548a9c
11:04:20.0 (24238702)|STATEMENT_EXECUTE|[202]
11:04:20.0 (24382514)|VARIABLE_ASSIGNMENT|[EXTERNAL]|this|{"BusinessLocationName":"","currentInquiryReply":"0x64d1652e","currentInquiryReplyDetail":"0x7bbd18cc","dailyReportId":"a0IN0000006RUllMAG","dCurrentDay":"2018-06-30T00:00:00Z","dCurrentMonth":"2018-07-01T00:00:00Z","iCurrentDay":0,"idBusinessLocation":"","isIPhone":false,"isPreview":true,"lsBusinessLocation":"0x79428bc2","messageError":"","messageQuestion":"","mpQuestions":"0x42f9ee1c","myUser":"0x2d6e1b78","sourceOfTheCall":"preview"}|0x1f548a9c
11:04:20.0 (24397890)|VARIABLE_ASSIGNMENT|[EXTERNAL]|value|""
11:04:20.0 (24407216)|VARIABLE_ASSIGNMENT|[7]|this.messageQuestion|""|0x1f548a9c
11:04:20.0 (24417395)|STATEMENT_EXECUTE|[204]
11:04:20.0 (24419151)|STATEMENT_EXECUTE|[204]
11:04:20.0 (24420755)|STATEMENT_EXECUTE|[206]
11:04:20.0 (24609466)|VARIABLE_ASSIGNMENT|[EXTERNAL]|this|{"BusinessLocationName":"","currentInquiryReply":"0x64d1652e","currentInquiryReplyDetail":"0x7bbd18cc","dailyReportId":"a0IN0000006RUllMAG","dCurrentDay":"2018-06-30T00:00:00Z","dCurrentMonth":"2018-07-01T00:00:00Z","iCurrentDay":0,"idBusinessLocation":"","isIPhone":false,"isPreview":true,"lsBusinessLocation":"0x79428bc2","messageError":"","messageQuestion":"","mpQuestions":"0x42f9ee1c","myUser":"0x2d6e1b78","sourceOfTheCall":"preview"}|0x1f548a9c
11:04:20.0 (24664282)|HEAP_ALLOCATE|[206]|Bytes:4
11:04:20.0 (24696733)|VARIABLE_ASSIGNMENT|[206]|this.dCurrentDay|"2018-06-30T00:00:00.000Z"|0x1f548a9c
11:04:20.0 (24704599)|STATEMENT_EXECUTE|[208]
11:04:20.0 (24716897)|HEAP_ALLOCATE|[208]|Bytes:4
11:04:20.0 (24932624)|VARIABLE_ASSIGNMENT|[EXTERNAL]|this|{"BusinessLocationName":"","currentInquiryReply":"0x64d1652e","currentInquiryReplyDetail":"0x7bbd18cc","dailyReportId":"a0IN0000006RUllMAG","dCurrentDay":"2018-06-30T00:00:00Z","dCurrentMonth":"2018-07-01T00:00:00Z","iCurrentDay":0,"idBusinessLocation":"","isIPhone":false,"isPreview":true,"lsBusinessLocation":"0x79428bc2","messageError":"","messageQuestion":"","mpQuestions":"0x42f9ee1c","myUser":"0x2d6e1b78","sourceOfTheCall":"preview"}|0x1f548a9c
11:04:20.0 (24948308)|HEAP_ALLOCATE|[EXTERNAL]|Bytes:4
11:04:20.0 (24959153)|VARIABLE_ASSIGNMENT|[EXTERNAL]|value|[]|0x70e2b054
11:04:20.0 (24970067)|VARIABLE_ASSIGNMENT|[22]|this.currentInquiryReplyDetail|[]|0x1f548a9c
11:04:20.0 (24980622)|STATEMENT_EXECUTE|[209]
11:04:20.0 (24993559)|HEAP_ALLOCATE|[209]|Bytes:4
11:04:20.0 (25174887)|VARIABLE_ASSIGNMENT|[EXTERNAL]|this|{"BusinessLocationName":"","currentInquiryReply":"0x64d1652e","currentInquiryReplyDetail":"0x70e2b054","dailyReportId":"a0IN0000006RUllMAG","dCurrentDay":"2018-06-30T00:00:00Z","dCurrentMonth":"2018-07-01T00:00:00Z","iCurrentDay":0,"idBusinessLocation":"","isIPhone":false,"isPreview":true,"lsBusinessLocation":"0x79428bc2","messageError":"","messageQuestion":"","mpQuestions":"0x42f9ee1c","myUser":"0x2d6e1b78","sourceOfTheCall":"preview"}|0x1f548a9c
11:04:20.0 (25195522)|VARIABLE_ASSIGNMENT|[EXTERNAL]|value|{}|0x72dd2004
11:04:20.0 (25206700)|VARIABLE_ASSIGNMENT|[24]|this.mpQuestions|{}|0x1f548a9c
11:04:20.0 (25217352)|STATEMENT_EXECUTE|[211]
11:04:20.0 (25361477)|VARIABLE_ASSIGNMENT|[EXTERNAL]|this|{"BusinessLocationName":"","currentInquiryReply":"0x64d1652e","currentInquiryReplyDetail":"0x70e2b054","dailyReportId":"a0IN0000006RUllMAG","dCurrentDay":"2018-06-30T00:00:00Z","dCurrentMonth":"2018-07-01T00:00:00Z","iCurrentDay":0,"idBusinessLocation":"","isIPhone":false,"isPreview":true,"lsBusinessLocation":"0x79428bc2","messageError":"","messageQuestion":"","mpQuestions":"0x72dd2004","myUser":"0x2d6e1b78","sourceOfTheCall":"preview"}|0x1f548a9c
11:04:20.0 (25376812)|VARIABLE_ASSIGNMENT|[EXTERNAL]|value|""
11:04:20.0 (25386047)|VARIABLE_ASSIGNMENT|[23]|this.BusinessLocationName|""|0x1f548a9c
11:04:20.0 (25398464)|HEAP_ALLOCATE|[212]|Bytes:81
11:04:20.0 (25415191)|HEAP_ALLOCATE|[212]|Bytes:4
11:04:20.0 (25425592)|HEAP_ALLOCATE|[212]|Bytes:7
11:04:20.0 (25571167)|VARIABLE_ASSIGNMENT|[EXTERNAL]|this|{"BusinessLocationName":"","currentInquiryReply":"0x64d1652e","currentInquiryReplyDetail":"0x70e2b054","dailyReportId":"a0IN0000006RUllMAG","dCurrentDay":"2018-06-30T00:00:00Z","dCurrentMonth":"2018-07-01T00:00:00Z","iCurrentDay":0,"idBusinessLocation":"","isIPhone":false,"isPreview":true,"lsBusinessLocation":"0x79428bc2","messageError":"","messageQuestion":"","mpQuestions":"0x72dd2004","myUser":"0x2d6e1b78","sourceOfTheCall":"preview"}|0x1f548a9c
11:04:20.0 (25911893)|SOQL_EXECUTE_BEGIN|[212]|Aggregations:0|SELECT Id, BusinessLocationName__c FROM saBusinessLocation__c 
11:04:20.0 (27462920)|SOQL_EXECUTE_END|[212]|Rows:0
11:04:20.0 (27642254)|HEAP_ALLOCATE|[212]|Bytes:54
11:04:20.0 (27655302)|HEAP_ALLOCATE|[212]|Bytes:8
11:04:20.0 (27690480)|SYSTEM_METHOD_ENTRY|[7]|QueryLocatorIterator.QueryLocatorIterator()
11:04:20.0 (27698149)|STATEMENT_EXECUTE|[7]
11:04:20.0 (27707980)|SYSTEM_METHOD_EXIT|[7]|QueryLocatorIterator
11:04:20.0 (27717642)|HEAP_ALLOCATE|[212]|Bytes:28
11:04:20.0 (27740257)|HEAP_ALLOCATE|[212]|Bytes:8
11:04:20.0 (27746677)|HEAP_ALLOCATE|[212]|Bytes:8
11:04:20.0 (27753676)|VARIABLE_SCOPE_BEGIN|[15]|this|Database.QueryLocatorIterator|true|false
11:04:20.0 (27789365)|VARIABLE_ASSIGNMENT|[15]|this|{}|0x3a7ab13f
11:04:20.0 (27799706)|VARIABLE_SCOPE_BEGIN|[15]|values|List<SObject>|true|false
11:04:20.0 (27811642)|VARIABLE_ASSIGNMENT|[15]|values|null|
11:04:20.0 (27818952)|VARIABLE_SCOPE_BEGIN|[15]|ql|Database.QueryLocator|true|false
11:04:20.0 (27843427)|VARIABLE_ASSIGNMENT|[15]|ql|{"query":"SELECT Id, BusinessL (61 more) ..."}|0x363313db
11:04:20.0 (27852545)|VARIABLE_SCOPE_BEGIN|[15]|totalNumRecords|Integer|false|false
11:04:20.0 (27864492)|VARIABLE_ASSIGNMENT|[15]|totalNumRecords|0
11:04:20.0 (27871366)|VARIABLE_SCOPE_BEGIN|[15]|queryMoreSize|Integer|false|false
11:04:20.0 (27883089)|VARIABLE_ASSIGNMENT|[15]|queryMoreSize|50000
11:04:20.0 (27984053)|HEAP_ALLOCATE|[212]|Bytes:28
11:04:20.0 (28010265)|METHOD_ENTRY|[212]||Database.QueryLocatorIterator.hasNext()
11:04:20.0 (28037400)|METHOD_EXIT|[212]||Database.QueryLocatorIterator.hasNext()
11:04:20.0 (28077612)|VARIABLE_ASSIGNMENT|[212]|bl|null|
11:04:20.0 (28088794)|STATEMENT_EXECUTE|[212]
11:04:20.0 (28107751)|STATEMENT_EXECUTE|[219]
11:04:20.0 (28112579)|HEAP_ALLOCATE|[219]|Bytes:195
11:04:20.0 (28130422)|HEAP_ALLOCATE|[219]|Bytes:4
11:04:20.0 (28161180)|HEAP_ALLOCATE|[219]|Bytes:7
11:04:20.0 (28209729)|HEAP_ALLOCATE|[223]|Bytes:89
11:04:20.0 (28222011)|SYSTEM_METHOD_ENTRY|[1]|UserInfo.UserInfo()
11:04:20.0 (28228502)|STATEMENT_EXECUTE|[1]
11:04:20.0 (28236355)|SYSTEM_METHOD_EXIT|[1]|UserInfo
11:04:20.0 (28250366)|METHOD_ENTRY|[223]||System.UserInfo.getUserId()
11:04:20.0 (28296756)|METHOD_EXIT|[223]||System.UserInfo.getUserId()
11:04:20.0 (28858652)|SOQL_EXECUTE_BEGIN|[219]|Aggregations:0|SELECT Id, saBusinessLocation__c, Status__c, saInquiry__c, Comment__c FROM saInquiryReply__c WHERE (saInquiry__r.Type__c = 'DAILY_REPORT' AND DailyReportDate__c = :tmpVar1 AND User__c = :tmpVar2)
11:04:20.0 (34057701)|SOQL_EXECUTE_END|[219]|Rows:0
11:04:20.0 (34081549)|HEAP_ALLOCATE|[219]|Bytes:4
11:04:20.0 (34094089)|HEAP_ALLOCATE|[219]|Bytes:0
11:04:20.0 (34151069)|HEAP_ALLOCATE|[219]|Bytes:4
11:04:20.0 (34163467)|VARIABLE_SCOPE_BEGIN|[219]|lsInqRep|List<saInquiryReply__c>|true|false
11:04:20.0 (34184349)|VARIABLE_ASSIGNMENT|[219]|lsInqRep|[]|0x256e0bad
11:04:20.0 (34239622)|STATEMENT_EXECUTE|[225]
11:04:20.0 (34242337)|STATEMENT_EXECUTE|[227]
11:04:20.0 (34245992)|HEAP_ALLOCATE|[227]|Bytes:207
11:04:20.0 (34259473)|HEAP_ALLOCATE|[227]|Bytes:4
11:04:20.0 (34453369)|VARIABLE_ASSIGNMENT|[EXTERNAL]|this|{"BusinessLocationName":"","currentInquiryReply":"0x64d1652e","currentInquiryReplyDetail":"0x70e2b054","dailyReportId":"a0IN0000006RUllMAG","dCurrentDay":"2018-06-30T00:00:00Z","dCurrentMonth":"2018-07-01T00:00:00Z","iCurrentDay":0,"idBusinessLocation":"","isIPhone":false,"isPreview":true,"lsBusinessLocation":"0x79428bc2","messageError":"","messageQuestion":"","mpQuestions":"0x72dd2004","myUser":"0x2d6e1b78","sourceOfTheCall":"preview"}|0x1f548a9c
11:04:20.0 (34481264)|HEAP_ALLOCATE|[227]|Bytes:7
11:04:20.0 (34491377)|METHOD_ENTRY|[232]||System.UserInfo.getUserId()
11:04:20.0 (34512941)|METHOD_EXIT|[232]||System.UserInfo.getUserId()
11:04:20.0 (34811052)|SOQL_EXECUTE_BEGIN|[227]|Aggregations:0|SELECT Id, saBusinessLocation__c, Status__c FROM saInquiryReply__c WHERE (saInquiry__r.Type__c = 'DAILY_REPORT' AND DailyReportDate__c = :tmpVar1 AND saBusinessLocation__c = :tmpVar2 AND User__c != :tmpVar3)
11:04:20.0 (37401217)|SOQL_EXECUTE_END|[227]|Rows:0
11:04:20.0 (37424527)|HEAP_ALLOCATE|[227]|Bytes:4
11:04:20.0 (37437527)|HEAP_ALLOCATE|[227]|Bytes:0
11:04:20.0 (37460640)|HEAP_ALLOCATE|[227]|Bytes:4
11:04:20.0 (37471661)|VARIABLE_SCOPE_BEGIN|[227]|lsInqOtherPeople|List<saInquiryReply__c>|true|false
11:04:20.0 (37487915)|VARIABLE_ASSIGNMENT|[227]|lsInqOtherPeople|[]|0x1aaeb218
11:04:20.0 (37521304)|STATEMENT_EXECUTE|[234]
11:04:20.0 (37523827)|STATEMENT_EXECUTE|[240]
11:04:20.0 (37526743)|VARIABLE_SCOPE_BEGIN|[240]|lsTemplate|List<saInquiryReply__c>|true|false
11:04:20.0 (37537793)|VARIABLE_ASSIGNMENT|[240]|lsTemplate|null|
11:04:20.0 (37715499)|VARIABLE_ASSIGNMENT|[EXTERNAL]|this|{"BusinessLocationName":"","currentInquiryReply":"0x64d1652e","currentInquiryReplyDetail":"0x70e2b054","dailyReportId":"a0IN0000006RUllMAG","dCurrentDay":"2018-06-30T00:00:00Z","dCurrentMonth":"2018-07-01T00:00:00Z","iCurrentDay":0,"idBusinessLocation":"","isIPhone":false,"isPreview":true,"lsBusinessLocation":"0x79428bc2","messageError":"","messageQuestion":"","mpQuestions":"0x72dd2004","myUser":"0x2d6e1b78","sourceOfTheCall":"preview"}|0x1f548a9c
11:04:20.0 (37738125)|STATEMENT_EXECUTE|[252]
11:04:20.0 (37740381)|STATEMENT_EXECUTE|[253]
11:04:20.0 (37744008)|HEAP_ALLOCATE|[253]|Bytes:393
11:04:20.0 (37758126)|HEAP_ALLOCATE|[253]|Bytes:4
11:04:20.0 (37787453)|METHOD_ENTRY|[259]||System.UserInfo.getUserId()
11:04:20.0 (37809863)|METHOD_EXIT|[259]||System.UserInfo.getUserId()
11:04:20.0 (38414342)|SOQL_EXECUTE_BEGIN|[253]|Aggregations:0|SELECT Id, saBusinessLocation__c, Status__c, saInquiry__c, Comment__c FROM saInquiryReply__c WHERE (saInquiry__r.Type__c = 'DAILY_REPORT' AND (saInquiry__r.ValidFrom__c = NULL OR saInquiry__r.ValidFrom__c <= :tmpVar1) AND (saInquiry__r.ValidTo__c = NULL OR saInquiry__r.ValidTo__c >= :tmpVar2) AND DailyReportDate__c = NULL AND User__c = :tmpVar3) ORDER BY CreatedDate DESC NULLS FIRST LIMIT 1
11:04:20.0 (43191827)|SOQL_EXECUTE_END|[253]|Rows:1
11:04:20.0 (43213339)|HEAP_ALLOCATE|[253]|Bytes:8
11:04:20.0 (43227211)|HEAP_ALLOCATE|[253]|Bytes:89
11:04:20.0 (43250920)|HEAP_ALLOCATE|[253]|Bytes:8
11:04:20.0 (43280934)|VARIABLE_ASSIGNMENT|[253]|lsTemplate|[{"Id":"a0KN0000007Kg4nMAC","Status__c":"WAITING_REPLY","saInquiry__c":"a0IN0000006RUllMAG"}]|0x179315c0
11:04:20.0 (43288853)|STATEMENT_EXECUTE|[264]
11:04:20.0 (43292997)|HEAP_ALLOCATE|[264]|Bytes:11
11:04:20.0 (43389064)|HEAP_ALLOCATE|[264]|Bytes:101
11:04:20.0 (43411249)|HEAP_ALLOCATE|[264]|Bytes:112
11:04:20.0 (43430738)|USER_DEBUG|[264]|DEBUG|Template : (saInquiryReply__c:{Id=a0KN0000007Kg4nMAC, Status__c=WAITING_REPLY, saInquiry__c=a0IN0000006RUllMAG})
11:04:20.0 (43461099)|STATEMENT_EXECUTE|[265]
11:04:20.0 (43463469)|STATEMENT_EXECUTE|[271]
11:04:20.0 (43477392)|HEAP_ALLOCATE|[271]|Bytes:16
11:04:20.0 (43508550)|VARIABLE_SCOPE_BEGIN|[271]|idInquiry|Id|false|false
11:04:20.0 (43584152)|VARIABLE_ASSIGNMENT|[271]|idInquiry|"a0IN0000006RUllMAG"
11:04:20.0 (43591551)|STATEMENT_EXECUTE|[272]
11:04:20.0 (43610464)|HEAP_ALLOCATE|[272]|Bytes:4
11:04:20.0 (43912772)|VARIABLE_ASSIGNMENT|[EXTERNAL]|this|{"BusinessLocationName":"","currentInquiryReply":"0x64d1652e","currentInquiryReplyDetail":"0x70e2b054","dailyReportId":"a0IN0000006RUllMAG","dCurrentDay":"2018-06-30T00:00:00Z","dCurrentMonth":"2018-07-01T00:00:00Z","iCurrentDay":0,"idBusinessLocation":"","isIPhone":false,"isPreview":true,"lsBusinessLocation":"0x79428bc2","messageError":"","messageQuestion":"","mpQuestions":"0x72dd2004","myUser":"0x2d6e1b78","sourceOfTheCall":"preview"}|0x1f548a9c
11:04:20.0 (43933330)|VARIABLE_ASSIGNMENT|[EXTERNAL]|value|{}|0x149adfd5
11:04:20.0 (43947479)|VARIABLE_ASSIGNMENT|[21]|this.currentInquiryReply|{}|0x1f548a9c
11:04:20.0 (43960577)|STATEMENT_EXECUTE|[273]
11:04:20.0 (44114108)|VARIABLE_ASSIGNMENT|[EXTERNAL]|this|{"BusinessLocationName":"","currentInquiryReply":"0x149adfd5","currentInquiryReplyDetail":"0x70e2b054","dailyReportId":"a0IN0000006RUllMAG","dCurrentDay":"2018-06-30T00:00:00Z","dCurrentMonth":"2018-07-01T00:00:00Z","iCurrentDay":0,"idBusinessLocation":"","isIPhone":false,"isPreview":true,"lsBusinessLocation":"0x79428bc2","messageError":"","messageQuestion":"","mpQuestions":"0x72dd2004","myUser":"0x2d6e1b78","sourceOfTheCall":"preview"}|0x1f548a9c
11:04:20.0 (44206630)|VARIABLE_ASSIGNMENT|[273]|this.saInquiry__c|"a0IN0000006RUllMAG"|0x149adfd5
11:04:20.0 (44367062)|VARIABLE_ASSIGNMENT|[EXTERNAL]|this|{"BusinessLocationName":"","currentInquiryReply":"0x149adfd5","currentInquiryReplyDetail":"0x70e2b054","dailyReportId":"a0IN0000006RUllMAG","dCurrentDay":"2018-06-30T00:00:00Z","dCurrentMonth":"2018-07-01T00:00:00Z","iCurrentDay":0,"idBusinessLocation":"","isIPhone":false,"isPreview":true,"lsBusinessLocation":"0x79428bc2","messageError":"","messageQuestion":"","mpQuestions":"0x72dd2004","myUser":"0x2d6e1b78","sourceOfTheCall":"preview"}|0x1f548a9c
11:04:20.0 (44387947)|STATEMENT_EXECUTE|[277]
11:04:20.0 (44390295)|STATEMENT_EXECUTE|[280]
11:04:20.0 (44396110)|METHOD_ENTRY|[280]||System.UserInfo.getUserId()
11:04:20.0 (44419482)|METHOD_EXIT|[280]||System.UserInfo.getUserId()
11:04:20.0 (44432177)|HEAP_ALLOCATE|[280]|Bytes:4
11:04:20.0 (44576476)|VARIABLE_ASSIGNMENT|[EXTERNAL]|this|{"BusinessLocationName":"","currentInquiryReply":"0x149adfd5","currentInquiryReplyDetail":"0x70e2b054","dailyReportId":"a0IN0000006RUllMAG","dCurrentDay":"2018-06-30T00:00:00Z","dCurrentMonth":"2018-07-01T00:00:00Z","iCurrentDay":0,"idBusinessLocation":"","isIPhone":false,"isPreview":true,"lsBusinessLocation":"0x79428bc2","messageError":"","messageQuestion":"","mpQuestions":"0x72dd2004","myUser":"0x2d6e1b78","sourceOfTheCall":"preview"}|0x1f548a9c
11:04:20.0 (44634769)|VARIABLE_ASSIGNMENT|[280]|this.User__c|"005N00000057PfOIAU"|0x149adfd5
11:04:20.0 (44643041)|STATEMENT_EXECUTE|[281]
11:04:20.0 (44792473)|VARIABLE_ASSIGNMENT|[EXTERNAL]|this|{"BusinessLocationName":"","currentInquiryReply":"0x149adfd5","currentInquiryReplyDetail":"0x70e2b054","dailyReportId":"a0IN0000006RUllMAG","dCurrentDay":"2018-06-30T00:00:00Z","dCurrentMonth":"2018-07-01T00:00:00Z","iCurrentDay":0,"idBusinessLocation":"","isIPhone":false,"isPreview":true,"lsBusinessLocation":"0x79428bc2","messageError":"","messageQuestion":"","mpQuestions":"0x72dd2004","myUser":"0x2d6e1b78","sourceOfTheCall":"preview"}|0x1f548a9c
11:04:20.0 (44855439)|VARIABLE_ASSIGNMENT|[281]|this.DailyReportDate__c|"2018-06-30T00:00:00.000Z"|0x149adfd5
11:04:20.0 (44863331)|STATEMENT_EXECUTE|[282]
11:04:20.0 (44867378)|HEAP_ALLOCATE|[282]|Bytes:13
11:04:20.0 (45024070)|VARIABLE_ASSIGNMENT|[EXTERNAL]|this|{"BusinessLocationName":"","currentInquiryReply":"0x149adfd5","currentInquiryReplyDetail":"0x70e2b054","dailyReportId":"a0IN0000006RUllMAG","dCurrentDay":"2018-06-30T00:00:00Z","dCurrentMonth":"2018-07-01T00:00:00Z","iCurrentDay":0,"idBusinessLocation":"","isIPhone":false,"isPreview":true,"lsBusinessLocation":"0x79428bc2","messageError":"","messageQuestion":"","mpQuestions":"0x72dd2004","myUser":"0x2d6e1b78","sourceOfTheCall":"preview"}|0x1f548a9c
11:04:20.0 (45075290)|VARIABLE_ASSIGNMENT|[282]|this.Status__c|"WAITING_REPLY"|0x149adfd5
11:04:20.0 (45082932)|STATEMENT_EXECUTE|[283]
11:04:20.0 (45236202)|VARIABLE_ASSIGNMENT|[EXTERNAL]|this|{"BusinessLocationName":"","currentInquiryReply":"0x149adfd5","currentInquiryReplyDetail":"0x70e2b054","dailyReportId":"a0IN0000006RUllMAG","dCurrentDay":"2018-06-30T00:00:00Z","dCurrentMonth":"2018-07-01T00:00:00Z","iCurrentDay":0,"idBusinessLocation":"","isIPhone":false,"isPreview":true,"lsBusinessLocation":"0x79428bc2","messageError":"","messageQuestion":"","mpQuestions":"0x72dd2004","myUser":"0x2d6e1b78","sourceOfTheCall":"preview"}|0x1f548a9c
11:04:20.0 (45281961)|VARIABLE_ASSIGNMENT|[283]|this.Comment__c|""|0x149adfd5
11:04:20.0 (45289714)|STATEMENT_EXECUTE|[285]
11:04:20.0 (45293544)|HEAP_ALLOCATE|[285]|Bytes:625
11:04:20.0 (45308086)|HEAP_ALLOCATE|[285]|Bytes:4
11:04:20.0 (45781170)|SOQL_EXECUTE_BEGIN|[285]|Aggregations:0|SELECT Id, QuestionLabel__c, AnswerType__c, NumberPossibleReplies__c, IsShortReply__c, SortNo__c, IsRequired__c, Reply01Label__c, Reply02Label__c, Reply03Label__c, Reply04Label__c, Reply05Label__c, Reply06Label__c, Reply07Label__c, Reply08Label__c, Reply09Label__c, Reply10Label__c, Reply11Label__c, Reply12Label__c, Reply13Label__c, Reply14Label__c, Reply15Label__c, Reply16Label__c, Reply17Label__c, Reply18Label__c, Reply19Label__c, Reply20Label__c, Reply21Label__c, Reply22Label__c, Reply23Label__c, Reply24Label__c, Reply25Label__c FROM saInquiryDetail__c WHERE saInquiry__c = :tmpVar1 ORDER BY SortNo__c ASC NULLS FIRST
11:04:20.0 (55308971)|SOQL_EXECUTE_END|[285]|Rows:1
11:04:20.0 (55331774)|HEAP_ALLOCATE|[285]|Bytes:8
11:04:20.0 (55354378)|HEAP_ALLOCATE|[285]|Bytes:282
11:04:20.0 (55392128)|HEAP_ALLOCATE|[285]|Bytes:8
11:04:20.0 (55408190)|VARIABLE_SCOPE_BEGIN|[285]|lsTmpQuest|List<saInquiryDetail__c>|true|false
11:04:20.0 (55449947)|VARIABLE_ASSIGNMENT|[285]|lsTmpQuest|[{"Id":"a0JN0000008h2r2MAA","QuestionLabel__c":"Works?","AnswerType__c":"CHECKBOX","NumberPossibleReplies__c":2,"IsShortReply__c":true,"SortNo__c":0,"IsRequired__c":false,"Reply01Label__c":"Yes!","Reply02Label__c":"No!"}]|0xc7fa8f5
11:04:20.0 (55567721)|HEAP_ALLOCATE|[295]|Bytes:5
11:04:20.0 (55590604)|HEAP_ALLOCATE|[295]|Bytes:40
11:04:20.0 (55599644)|VARIABLE_SCOPE_BEGIN|[295]|quest|saInquiryDetail__c|true|false
11:04:20.0 (55625668)|VARIABLE_ASSIGNMENT|[295]|quest|{"Id":"a0JN0000008h2r2MAA","QuestionLabel__c":"Works?","AnswerType__c":"CHECKBOX","NumberPossibleReplies__c":2,"IsShortReply__c":true,"SortNo__c":0,"IsRequired__c":false,"Reply01Label__c":"Yes!","Reply02Label__c":"No!"}|0x2e809a3d
11:04:20.0 (55635264)|STATEMENT_EXECUTE|[295]
11:04:20.0 (55637724)|STATEMENT_EXECUTE|[296]
11:04:20.0 (55659474)|HEAP_ALLOCATE|[296]|Bytes:4
11:04:20.0 (55724409)|VARIABLE_SCOPE_BEGIN|[296]|questReply|saInquiryReplyDetail__c|true|false
11:04:20.0 (55740092)|VARIABLE_ASSIGNMENT|[296]|questReply|{}|0x5f49a718
11:04:20.0 (55746598)|STATEMENT_EXECUTE|[297]
11:04:20.0 (55832225)|VARIABLE_ASSIGNMENT|[297]|this.saInquiryDetail__c|"a0JN0000008h2r2MAA"|0x5f49a718
11:04:20.0 (55840569)|STATEMENT_EXECUTE|[298]
11:04:20.0 (56055272)|VARIABLE_ASSIGNMENT|[EXTERNAL]|this|{"BusinessLocationName":"","currentInquiryReply":"0x149adfd5","currentInquiryReplyDetail":"0x70e2b054","dailyReportId":"a0IN0000006RUllMAG","dCurrentDay":"2018-06-30T00:00:00Z","dCurrentMonth":"2018-07-01T00:00:00Z","iCurrentDay":0,"idBusinessLocation":"","isIPhone":false,"isPreview":true,"lsBusinessLocation":"0x79428bc2","messageError":"","messageQuestion":"","mpQuestions":"0x72dd2004","myUser":"0x2d6e1b78","sourceOfTheCall":"preview"}|0x1f548a9c
11:04:20.0 (56090287)|HEAP_ALLOCATE|[EXTERNAL]|Bytes:4
11:04:20.0 (56099294)|STATEMENT_EXECUTE|[299]
11:04:20.0 (56259289)|VARIABLE_ASSIGNMENT|[EXTERNAL]|this|{"BusinessLocationName":"","currentInquiryReply":"0x149adfd5","currentInquiryReplyDetail":"0x70e2b054","dailyReportId":"a0IN0000006RUllMAG","dCurrentDay":"2018-06-30T00:00:00Z","dCurrentMonth":"2018-07-01T00:00:00Z","iCurrentDay":0,"idBusinessLocation":"","isIPhone":false,"isPreview":true,"lsBusinessLocation":"0x79428bc2","messageError":"","messageQuestion":"","mpQuestions":"0x72dd2004","myUser":"0x2d6e1b78","sourceOfTheCall":"preview"}|0x1f548a9c
11:04:20.0 (56296548)|HEAP_ALLOCATE|[EXTERNAL]|Bytes:-4
11:04:20.0 (56313553)|HEAP_ALLOCATE|[295]|Bytes:5
11:04:20.0 (56327236)|VARIABLE_ASSIGNMENT|[295]|quest|null|
11:04:20.0 (56338060)|SYSTEM_MODE_EXIT|false
11:04:20.0 (75397903)|SYSTEM_MODE_ENTER|true
11:04:20.0 (75433020)|HEAP_ALLOCATE|[EXTERNAL]|Bytes:40
11:04:20.0 (75449400)|VARIABLE_ASSIGNMENT|[EXTERNAL]|this.iCountComments|null|0x1d60426a
11:04:20.0 (75496426)|SYSTEM_MODE_ENTER|true
11:04:20.0 (75509655)|HEAP_ALLOCATE|[EXTERNAL]|Bytes:40
11:04:20.0 (75517292)|VARIABLE_ASSIGNMENT|[EXTERNAL]|this.iCountLikes|null|0x1d60426a
11:04:20.0 (75587966)|SYSTEM_MODE_ENTER|true
11:04:20.0 (75643358)|HEAP_ALLOCATE|[EXTERNAL]|Bytes:76
11:04:20.0 (75653272)|VARIABLE_SCOPE_BEGIN|[92]|this|saDailyReportCtrl|true|false
11:04:20.0 (75891031)|VARIABLE_ASSIGNMENT|[92]|this|{"BusinessLocationName":"","currentInquiryReply":"0x149adfd5","currentInquiryReplyDetail":"0x70e2b054","dailyReportId":"a0IN0000006RUllMAG","dCurrentDay":"2018-06-30T00:00:00Z","dCurrentMonth":"2018-07-01T00:00:00Z","iCurrentDay":0,"idBusinessLocation":"","isIPhone":false,"isPreview":true,"lsBusinessLocation":"0x79428bc2","messageError":"","messageQuestion":"","mpQuestions":"0x72dd2004","myUser":"0x2d6e1b78","sourceOfTheCall":"preview"}|0x1f548a9c
11:04:20.0 (75913472)|SYSTEM_MODE_ENTER|false
11:04:20.0 (75922970)|HEAP_ALLOCATE|[92]|Bytes:5
11:04:20.0 (75929603)|STATEMENT_EXECUTE|[92]
11:04:20.0 (75931514)|STATEMENT_EXECUTE|[92]
11:04:20.0 (75937490)|SYSTEM_MODE_EXIT|false
11:04:20.0 (75988142)|SYSTEM_MODE_ENTER|true
11:04:20.0 (76004703)|HEAP_ALLOCATE|[EXTERNAL]|Bytes:8
11:04:20.0 (76014281)|HEAP_ALLOCATE|[EXTERNAL]|Bytes:40
11:04:20.0 (76024595)|VARIABLE_ASSIGNMENT|[EXTERNAL]|this.iTypeOfScreen|54|0x1d60426a
11:04:20.0 (76093559)|SYSTEM_MODE_ENTER|true
11:04:20.0 (76130715)|HEAP_ALLOCATE|[EXTERNAL]|Bytes:40
11:04:20.0 (76137915)|VARIABLE_SCOPE_BEGIN|[80]|this|auMainTopCompCtrl|true|false
11:04:20.0 (76180353)|VARIABLE_ASSIGNMENT|[80]|this|{"currentUser":"0xff1b188","iTypeOfScreen":54,"urlReportsSFA":"https://cs6.lightnin (84 more) ..."}|0x1d60426a
11:04:20.0 (76190306)|STATEMENT_EXECUTE|[80]
11:04:20.0 (76192175)|STATEMENT_EXECUTE|[81]
11:04:20.0 (76225030)|VARIABLE_ASSIGNMENT|[EXTERNAL]|this|{"currentUser":"0xff1b188","iTypeOfScreen":54,"urlReportsSFA":"https://cs6.lightnin (84 more) ..."}|0x1d60426a
11:04:20.0 (76263425)|VARIABLE_ASSIGNMENT|[EXTERNAL]|this|{"currentUser":"0xff1b188","iTypeOfScreen":54,"urlReportsSFA":"https://cs6.lightnin (84 more) ..."}|0x1d60426a
11:04:20.0 (76295646)|VARIABLE_ASSIGNMENT|[EXTERNAL]|this|{"currentUser":"0xff1b188","iTypeOfScreen":54,"urlReportsSFA":"https://cs6.lightnin (84 more) ..."}|0x1d60426a
11:04:20.0 (76327609)|VARIABLE_ASSIGNMENT|[EXTERNAL]|this|{"currentUser":"0xff1b188","iTypeOfScreen":54,"urlReportsSFA":"https://cs6.lightnin (84 more) ..."}|0x1d60426a
11:04:20.0 (76341710)|HEAP_ALLOCATE|[81]|Bytes:5
11:04:20.0 (76409702)|SYSTEM_MODE_ENTER|true
11:04:20.0 (76442471)|HEAP_ALLOCATE|[EXTERNAL]|Bytes:40
11:04:20.0 (76449285)|VARIABLE_SCOPE_BEGIN|[98]|this|auMainTopCompCtrl|true|false
11:04:20.0 (76479788)|VARIABLE_ASSIGNMENT|[98]|this|{"currentUser":"0xff1b188","iTypeOfScreen":54,"urlReportsSFA":"https://cs6.lightnin (84 more) ..."}|0x1d60426a
11:04:20.0 (76490052)|STATEMENT_EXECUTE|[98]
11:04:20.0 (76492047)|STATEMENT_EXECUTE|[99]
11:04:20.0 (76518083)|VARIABLE_ASSIGNMENT|[EXTERNAL]|this|{"currentUser":"0xff1b188","iTypeOfScreen":54,"urlReportsSFA":"https://cs6.lightnin (84 more) ..."}|0x1d60426a
11:04:20.0 (76533195)|HEAP_ALLOCATE|[99]|Bytes:5
11:04:20.0 (76584137)|SYSTEM_MODE_ENTER|true
11:04:20.0 (76612978)|HEAP_ALLOCATE|[EXTERNAL]|Bytes:40
11:04:20.0 (76619602)|VARIABLE_SCOPE_BEGIN|[102]|this|auMainTopCompCtrl|true|false
11:04:20.0 (76648919)|VARIABLE_ASSIGNMENT|[102]|this|{"currentUser":"0xff1b188","iTypeOfScreen":54,"urlReportsSFA":"https://cs6.lightnin (84 more) ..."}|0x1d60426a
11:04:20.0 (76657866)|STATEMENT_EXECUTE|[102]
11:04:20.0 (76660067)|STATEMENT_EXECUTE|[103]
11:04:20.0 (76685648)|VARIABLE_ASSIGNMENT|[EXTERNAL]|this|{"currentUser":"0xff1b188","iTypeOfScreen":54,"urlReportsSFA":"https://cs6.lightnin (84 more) ..."}|0x1d60426a
11:04:20.0 (76700051)|HEAP_ALLOCATE|[103]|Bytes:5
11:04:20.0 (76779750)|SYSTEM_MODE_ENTER|true
11:04:20.0 (76876192)|SYSTEM_MODE_ENTER|true
11:04:20.0 (76979796)|SYSTEM_MODE_ENTER|true
11:04:20.0 (77160216)|SYSTEM_MODE_ENTER|true
11:04:20.0 (79552915)|SYSTEM_MODE_ENTER|true
11:04:20.0 (79633872)|SYSTEM_MODE_ENTER|true
11:04:20.0 (80413130)|SYSTEM_MODE_ENTER|true
11:04:20.0 (80456701)|HEAP_ALLOCATE|[EXTERNAL]|Bytes:76
11:04:20.0 (80464952)|VARIABLE_SCOPE_BEGIN|[141]|this|saDailyReportCtrl|true|false
11:04:20.0 (80638844)|VARIABLE_ASSIGNMENT|[141]|this|{"BusinessLocationName":"","currentInquiryReply":"0x149adfd5","currentInquiryReplyDetail":"0x70e2b054","dailyReportId":"a0IN0000006RUllMAG","dCurrentDay":"2018-06-30T00:00:00Z","dCurrentMonth":"2018-07-01T00:00:00Z","iCurrentDay":0,"idBusinessLocation":"","isIPhone":false,"isPreview":true,"lsBusinessLocation":"0x79428bc2","messageError":"","messageQuestion":"","mpQuestions":"0x72dd2004","myUser":"0x2d6e1b78","sourceOfTheCall":"preview"}|0x1f548a9c
11:04:20.0 (80660492)|SYSTEM_MODE_ENTER|false
11:04:20.0 (80668172)|HEAP_ALLOCATE|[142]|Bytes:5
11:04:20.0 (80673975)|STATEMENT_EXECUTE|[141]
11:04:20.0 (80676119)|STATEMENT_EXECUTE|[142]
11:04:20.0 (80736442)|HEAP_ALLOCATE|[142]|Bytes:4
11:04:20.0 (80747749)|HEAP_ALLOCATE|[142]|Bytes:1
11:04:20.0 (80767368)|HEAP_ALLOCATE|[142]|Bytes:1
11:04:20.0 (80775664)|HEAP_ALLOCATE|[142]|Bytes:1
11:04:20.0 (80799811)|HEAP_ALLOCATE|[142]|Bytes:2
11:04:20.0 (80814660)|HEAP_ALLOCATE|[142]|Bytes:9
11:04:20.0 (80820990)|HEAP_ALLOCATE|[142]|Bytes:10
11:04:20.0 (80827591)|SYSTEM_MODE_EXIT|false
11:04:20.0 (81001995)|SYSTEM_MODE_ENTER|true
11:04:20.0 (81448301)|SYSTEM_MODE_ENTER|true
11:04:20.0 (96949480)|VF_SERIALIZE_VIEWSTATE_BEGIN|066N0000000M4pW
11:04:20.0 (100860567)|VF_SERIALIZE_VIEWSTATE_END
11:04:20.104 (104419815)|CUMULATIVE_LIMIT_USAGE
11:04:20.104 (104419815)|LIMIT_USAGE_FOR_NS|(default)|
  Number of SOQL queries: 5 out of 100
  Number of query rows: 2 out of 50000
  Number of SOSL queries: 0 out of 20
  Number of DML statements: 0 out of 150
  Number of DML rows: 0 out of 10000
  Maximum CPU time: 0 out of 10000
  Maximum heap size: 0 out of 6000000
  Number of callouts: 0 out of 100
  Number of Email Invocations: 0 out of 10
  Number of future calls: 0 out of 50
  Number of queueable jobs added to the queue: 0 out of 50
  Number of Mobile Apex push calls: 0 out of 10

11:04:20.104 (104419815)|CUMULATIVE_LIMIT_USAGE_END

11:04:20.0 (104463504)|CODE_UNIT_FINISHED|VF: /apex/sadailyreport
11:04:20.0 (105209779)|EXECUTION_FINISHED
