42.0 APEX_CODE,FINEST;APEX_PROFILING,INFO;CALLOUT,INFO;DB,INFO;NBA,INFO;SYSTEM,DEBUG;VALIDATION,INFO;VISUALFORCE,INFO;WAVE,INFO;WORKFLOW,INFO
11:03:04.0 (79554)|USER_INFO|[EXTERNAL]|005N00000057PfO|thomas.remy+kddi_gwdev01@globalway.co.jp|Japan Standard Time|GMT+09:00
11:03:04.0 (117982)|EXECUTION_STARTED
11:03:04.0 (122381)|CODE_UNIT_STARTED|[EXTERNAL]|066N0000000M4pW|VF: /apex/sadailyreport
11:03:04.0 (277484)|VF_DESERIALIZE_VIEWSTATE_BEGIN|066N0000000M4pW
11:03:04.0 (3696227)|HEAP_ALLOCATE|[72]|Bytes:3
11:03:04.0 (3727537)|HEAP_ALLOCATE|[77]|Bytes:152
11:03:04.0 (3742190)|HEAP_ALLOCATE|[342]|Bytes:408
11:03:04.0 (3760212)|HEAP_ALLOCATE|[355]|Bytes:408
11:03:04.0 (3777437)|HEAP_ALLOCATE|[467]|Bytes:48
11:03:04.0 (3802121)|HEAP_ALLOCATE|[139]|Bytes:6
11:03:04.0 (4646431)|HEAP_ALLOCATE|[50]|Bytes:5
11:03:04.0 (4672209)|HEAP_ALLOCATE|[56]|Bytes:5
11:03:04.0 (4684265)|HEAP_ALLOCATE|[64]|Bytes:7
11:03:04.0 (5471271)|VARIABLE_SCOPE_BEGIN|[3]|saDailyReportCtrl.SOURCE|String|false|true
11:03:04.0 (5483489)|VARIABLE_SCOPE_BEGIN|[4]|saDailyReportCtrl.SOURCE_ID|String|false|true
11:03:04.0 (6521102)|VARIABLE_SCOPE_BEGIN|[25]|auMainTopCompCtrl.TYPE_SCREEN_ACCOUNT_LIST|Integer|false|true
11:03:04.0 (6533082)|VARIABLE_SCOPE_BEGIN|[26]|auMainTopCompCtrl.TYPE_SCREEN_ACTIVITY_LIST|Integer|false|true
11:03:04.0 (6539790)|VARIABLE_SCOPE_BEGIN|[7]|auMainTopCompCtrl.TYPE_SCREEN_CX_SCREEN|Integer|false|true
11:03:04.0 (6546818)|VARIABLE_SCOPE_BEGIN|[8]|auMainTopCompCtrl.TYPE_SCREEN_CX_TIMELINE|Integer|false|true
11:03:04.0 (6553662)|VARIABLE_SCOPE_BEGIN|[9]|auMainTopCompCtrl.TYPE_SCREEN_EVENT_SCHEDULE|Integer|false|true
11:03:04.0 (6560396)|VARIABLE_SCOPE_BEGIN|[10]|auMainTopCompCtrl.TYPE_SCREEN_EVENT_SCHEDULE_LIST|Integer|false|true
11:03:04.0 (6567701)|VARIABLE_SCOPE_BEGIN|[27]|auMainTopCompCtrl.TYPE_SCREEN_FILE_LIST|Integer|false|true
11:03:04.0 (6573289)|VARIABLE_SCOPE_BEGIN|[24]|auMainTopCompCtrl.TYPE_SCREEN_HONBU_DIRECT|Integer|false|true
11:03:04.0 (6579127)|VARIABLE_SCOPE_BEGIN|[11]|auMainTopCompCtrl.TYPE_SCREEN_KNOWLEDGE_DASHBOARD|Integer|false|true
11:03:04.0 (6584704)|VARIABLE_SCOPE_BEGIN|[12]|auMainTopCompCtrl.TYPE_SCREEN_KNOWLEDGE_LIST|Integer|false|true
11:03:04.0 (6590376)|VARIABLE_SCOPE_BEGIN|[15]|auMainTopCompCtrl.TYPE_SCREEN_SA_CHATTER|Integer|false|true
11:03:04.0 (6596047)|VARIABLE_SCOPE_BEGIN|[16]|auMainTopCompCtrl.TYPE_SCREEN_SA_DAILYREPORT|Integer|false|true
11:03:04.0 (6601530)|VARIABLE_SCOPE_BEGIN|[22]|auMainTopCompCtrl.TYPE_SCREEN_SA_DAILYREPORTLIST|Integer|false|true
11:03:04.0 (6607800)|VARIABLE_SCOPE_BEGIN|[18]|auMainTopCompCtrl.TYPE_SCREEN_SA_DOCUMENTS|Integer|false|true
11:03:04.0 (6613614)|VARIABLE_SCOPE_BEGIN|[17]|auMainTopCompCtrl.TYPE_SCREEN_SA_ENQUETE|Integer|false|true
11:03:04.0 (6619602)|VARIABLE_SCOPE_BEGIN|[20]|auMainTopCompCtrl.TYPE_SCREEN_SA_LINKS|Integer|false|true
11:03:04.0 (6625612)|VARIABLE_SCOPE_BEGIN|[13]|auMainTopCompCtrl.TYPE_SCREEN_SA_MESSAGES|Integer|false|true
11:03:04.0 (6631610)|VARIABLE_SCOPE_BEGIN|[19]|auMainTopCompCtrl.TYPE_SCREEN_SA_RANKING|Integer|false|true
11:03:04.0 (6637482)|VARIABLE_SCOPE_BEGIN|[14]|auMainTopCompCtrl.TYPE_SCREEN_SA_REPORTS|Integer|false|true
11:03:04.0 (6643361)|VARIABLE_SCOPE_BEGIN|[23]|auMainTopCompCtrl.TYPE_SCREEN_SA_TODO|Integer|false|true
11:03:04.0 (6649448)|VARIABLE_SCOPE_BEGIN|[21]|auMainTopCompCtrl.TYPE_SCREEN_SA_USRSETTINGS|Integer|false|true
11:03:04.0 (6655414)|VARIABLE_SCOPE_BEGIN|[4]|auMainTopCompCtrl.TYPE_SCREEN_STPD_EVENT|Integer|false|true
11:03:04.0 (6661713)|VARIABLE_SCOPE_BEGIN|[6]|auMainTopCompCtrl.TYPE_SCREEN_STPD_SCREEN|Integer|false|true
11:03:04.0 (6667720)|VARIABLE_SCOPE_BEGIN|[5]|auMainTopCompCtrl.TYPE_SCREEN_STPD_TIMELINE|Integer|false|true
11:03:04.0 (6674328)|VARIABLE_SCOPE_BEGIN|[3]|auMainTopCompCtrl.TYPE_SCREEN_SWITCH|Integer|false|true
11:03:04.0 (7850713)|VF_DESERIALIZE_VIEWSTATE_END
11:03:04.0 (10355719)|SYSTEM_MODE_ENTER|true
11:03:04.0 (10577094)|HEAP_ALLOCATE|[EXTERNAL]|Bytes:284
11:03:04.0 (10591727)|HEAP_ALLOCATE|[EXTERNAL]|Bytes:150
11:03:04.0 (10605999)|METHOD_ENTRY|[1]|01pN0000000Mill|auMainTopCompCtrl.auMainTopCompCtrl()
11:03:04.0 (10612158)|STATEMENT_EXECUTE|[1]
11:03:04.0 (10617222)|STATEMENT_EXECUTE|[1]
11:03:04.0 (10619240)|STATEMENT_EXECUTE|[3]
11:03:04.0 (10624534)|HEAP_ALLOCATE|[3]|Bytes:4
11:03:04.0 (10650943)|VARIABLE_ASSIGNMENT|[3]|auMainTopCompCtrl.TYPE_SCREEN_SWITCH|0
11:03:04.0 (10656716)|STATEMENT_EXECUTE|[4]
11:03:04.0 (10659741)|HEAP_ALLOCATE|[4]|Bytes:4
11:03:04.0 (10667554)|VARIABLE_ASSIGNMENT|[4]|auMainTopCompCtrl.TYPE_SCREEN_STPD_EVENT|11
11:03:04.0 (10671916)|STATEMENT_EXECUTE|[5]
11:03:04.0 (10674742)|HEAP_ALLOCATE|[5]|Bytes:4
11:03:04.0 (10681353)|VARIABLE_ASSIGNMENT|[5]|auMainTopCompCtrl.TYPE_SCREEN_STPD_TIMELINE|12
11:03:04.0 (10685449)|STATEMENT_EXECUTE|[6]
11:03:04.0 (10687355)|HEAP_ALLOCATE|[6]|Bytes:4
11:03:04.0 (10694287)|VARIABLE_ASSIGNMENT|[6]|auMainTopCompCtrl.TYPE_SCREEN_STPD_SCREEN|13
11:03:04.0 (10697958)|STATEMENT_EXECUTE|[7]
11:03:04.0 (10699942)|HEAP_ALLOCATE|[7]|Bytes:4
11:03:04.0 (10705004)|VARIABLE_ASSIGNMENT|[7]|auMainTopCompCtrl.TYPE_SCREEN_CX_SCREEN|21
11:03:04.0 (10709104)|STATEMENT_EXECUTE|[8]
11:03:04.0 (10711145)|HEAP_ALLOCATE|[8]|Bytes:4
11:03:04.0 (10716494)|VARIABLE_ASSIGNMENT|[8]|auMainTopCompCtrl.TYPE_SCREEN_CX_TIMELINE|22
11:03:04.0 (10720409)|STATEMENT_EXECUTE|[9]
11:03:04.0 (10722529)|HEAP_ALLOCATE|[9]|Bytes:4
11:03:04.0 (10728210)|VARIABLE_ASSIGNMENT|[9]|auMainTopCompCtrl.TYPE_SCREEN_EVENT_SCHEDULE|31
11:03:04.0 (10732599)|STATEMENT_EXECUTE|[10]
11:03:04.0 (10734617)|HEAP_ALLOCATE|[10]|Bytes:4
11:03:04.0 (10739996)|VARIABLE_ASSIGNMENT|[10]|auMainTopCompCtrl.TYPE_SCREEN_EVENT_SCHEDULE_LIST|32
11:03:04.0 (10743951)|STATEMENT_EXECUTE|[11]
11:03:04.0 (10746061)|HEAP_ALLOCATE|[11]|Bytes:4
11:03:04.0 (10751655)|VARIABLE_ASSIGNMENT|[11]|auMainTopCompCtrl.TYPE_SCREEN_KNOWLEDGE_DASHBOARD|41
11:03:04.0 (10755728)|STATEMENT_EXECUTE|[12]
11:03:04.0 (10757944)|HEAP_ALLOCATE|[12]|Bytes:4
11:03:04.0 (10763715)|VARIABLE_ASSIGNMENT|[12]|auMainTopCompCtrl.TYPE_SCREEN_KNOWLEDGE_LIST|42
11:03:04.0 (10767491)|STATEMENT_EXECUTE|[13]
11:03:04.0 (10770192)|HEAP_ALLOCATE|[13]|Bytes:4
11:03:04.0 (10775955)|VARIABLE_ASSIGNMENT|[13]|auMainTopCompCtrl.TYPE_SCREEN_SA_MESSAGES|51
11:03:04.0 (10780158)|STATEMENT_EXECUTE|[14]
11:03:04.0 (10782089)|HEAP_ALLOCATE|[14]|Bytes:4
11:03:04.0 (10788280)|VARIABLE_ASSIGNMENT|[14]|auMainTopCompCtrl.TYPE_SCREEN_SA_REPORTS|52
11:03:04.0 (10791802)|STATEMENT_EXECUTE|[15]
11:03:04.0 (10793603)|HEAP_ALLOCATE|[15]|Bytes:4
11:03:04.0 (10799138)|VARIABLE_ASSIGNMENT|[15]|auMainTopCompCtrl.TYPE_SCREEN_SA_CHATTER|53
11:03:04.0 (10803133)|STATEMENT_EXECUTE|[16]
11:03:04.0 (10805653)|HEAP_ALLOCATE|[16]|Bytes:4
11:03:04.0 (10811423)|VARIABLE_ASSIGNMENT|[16]|auMainTopCompCtrl.TYPE_SCREEN_SA_DAILYREPORT|54
11:03:04.0 (10815149)|STATEMENT_EXECUTE|[17]
11:03:04.0 (10817049)|HEAP_ALLOCATE|[17]|Bytes:4
11:03:04.0 (10822487)|VARIABLE_ASSIGNMENT|[17]|auMainTopCompCtrl.TYPE_SCREEN_SA_ENQUETE|55
11:03:04.0 (10826455)|STATEMENT_EXECUTE|[18]
11:03:04.0 (10828623)|HEAP_ALLOCATE|[18]|Bytes:4
11:03:04.0 (10834339)|VARIABLE_ASSIGNMENT|[18]|auMainTopCompCtrl.TYPE_SCREEN_SA_DOCUMENTS|56
11:03:04.0 (10837859)|STATEMENT_EXECUTE|[19]
11:03:04.0 (10839867)|HEAP_ALLOCATE|[19]|Bytes:4
11:03:04.0 (10845668)|VARIABLE_ASSIGNMENT|[19]|auMainTopCompCtrl.TYPE_SCREEN_SA_RANKING|57
11:03:04.0 (10850445)|STATEMENT_EXECUTE|[20]
11:03:04.0 (10852463)|HEAP_ALLOCATE|[20]|Bytes:4
11:03:04.0 (10858258)|VARIABLE_ASSIGNMENT|[20]|auMainTopCompCtrl.TYPE_SCREEN_SA_LINKS|58
11:03:04.0 (10861735)|STATEMENT_EXECUTE|[21]
11:03:04.0 (10863938)|HEAP_ALLOCATE|[21]|Bytes:4
11:03:04.0 (10869716)|VARIABLE_ASSIGNMENT|[21]|auMainTopCompCtrl.TYPE_SCREEN_SA_USRSETTINGS|59
11:03:04.0 (10874189)|STATEMENT_EXECUTE|[22]
11:03:04.0 (10876101)|HEAP_ALLOCATE|[22]|Bytes:4
11:03:04.0 (10881947)|VARIABLE_ASSIGNMENT|[22]|auMainTopCompCtrl.TYPE_SCREEN_SA_DAILYREPORTLIST|60
11:03:04.0 (10886177)|STATEMENT_EXECUTE|[23]
11:03:04.0 (10888028)|HEAP_ALLOCATE|[23]|Bytes:4
11:03:04.0 (10896388)|VARIABLE_ASSIGNMENT|[23]|auMainTopCompCtrl.TYPE_SCREEN_SA_TODO|61
11:03:04.0 (10900227)|STATEMENT_EXECUTE|[24]
11:03:04.0 (10902546)|HEAP_ALLOCATE|[24]|Bytes:4
11:03:04.0 (10908069)|VARIABLE_ASSIGNMENT|[24]|auMainTopCompCtrl.TYPE_SCREEN_HONBU_DIRECT|71
11:03:04.0 (10912147)|STATEMENT_EXECUTE|[25]
11:03:04.0 (10914581)|HEAP_ALLOCATE|[25]|Bytes:4
11:03:04.0 (10920390)|VARIABLE_ASSIGNMENT|[25]|auMainTopCompCtrl.TYPE_SCREEN_ACCOUNT_LIST|81
11:03:04.0 (10924147)|STATEMENT_EXECUTE|[26]
11:03:04.0 (10925959)|HEAP_ALLOCATE|[26]|Bytes:4
11:03:04.0 (10931222)|VARIABLE_ASSIGNMENT|[26]|auMainTopCompCtrl.TYPE_SCREEN_ACTIVITY_LIST|82
11:03:04.0 (10935440)|STATEMENT_EXECUTE|[27]
11:03:04.0 (10937769)|HEAP_ALLOCATE|[27]|Bytes:4
11:03:04.0 (10943024)|VARIABLE_ASSIGNMENT|[27]|auMainTopCompCtrl.TYPE_SCREEN_FILE_LIST|83
11:03:04.0 (10951059)|METHOD_EXIT|[1]|auMainTopCompCtrl
11:03:04.0 (10957472)|HEAP_ALLOCATE|[EXTERNAL]|Bytes:40
11:03:04.0 (10964741)|VARIABLE_SCOPE_BEGIN|[80]|this|auMainTopCompCtrl|true|false
11:03:04.0 (11026756)|VARIABLE_ASSIGNMENT|[80]|this|{"currentUser":"0x4120946a","iTypeOfScreen":54,"urlReportsSFA":"https://cs6.lightnin (84 more) ..."}|0x78f7d0ab
11:03:04.0 (11040355)|STATEMENT_EXECUTE|[80]
11:03:04.0 (11042276)|STATEMENT_EXECUTE|[81]
11:03:04.0 (11095160)|VARIABLE_ASSIGNMENT|[EXTERNAL]|this|{"currentUser":"0x4120946a","iTypeOfScreen":54,"urlReportsSFA":"https://cs6.lightnin (84 more) ..."}|0x78f7d0ab
11:03:04.0 (11144738)|VARIABLE_ASSIGNMENT|[EXTERNAL]|this|{"currentUser":"0x4120946a","iTypeOfScreen":54,"urlReportsSFA":"https://cs6.lightnin (84 more) ..."}|0x78f7d0ab
11:03:04.0 (11184808)|VARIABLE_ASSIGNMENT|[EXTERNAL]|this|{"currentUser":"0x4120946a","iTypeOfScreen":54,"urlReportsSFA":"https://cs6.lightnin (84 more) ..."}|0x78f7d0ab
11:03:04.0 (11222945)|VARIABLE_ASSIGNMENT|[EXTERNAL]|this|{"currentUser":"0x4120946a","iTypeOfScreen":54,"urlReportsSFA":"https://cs6.lightnin (84 more) ..."}|0x78f7d0ab
11:03:04.0 (11241242)|HEAP_ALLOCATE|[81]|Bytes:5
11:03:04.0 (11344249)|SYSTEM_MODE_ENTER|true
11:03:04.0 (11377918)|HEAP_ALLOCATE|[EXTERNAL]|Bytes:40
11:03:04.0 (11384523)|VARIABLE_SCOPE_BEGIN|[98]|this|auMainTopCompCtrl|true|false
11:03:04.0 (11417718)|VARIABLE_ASSIGNMENT|[98]|this|{"currentUser":"0x4120946a","iTypeOfScreen":54,"urlReportsSFA":"https://cs6.lightnin (84 more) ..."}|0x78f7d0ab
11:03:04.0 (11432908)|STATEMENT_EXECUTE|[98]
11:03:04.0 (11434979)|STATEMENT_EXECUTE|[99]
11:03:04.0 (11470089)|VARIABLE_ASSIGNMENT|[EXTERNAL]|this|{"currentUser":"0x4120946a","iTypeOfScreen":54,"urlReportsSFA":"https://cs6.lightnin (84 more) ..."}|0x78f7d0ab
11:03:04.0 (11484728)|HEAP_ALLOCATE|[99]|Bytes:5
11:03:04.0 (11545890)|SYSTEM_MODE_ENTER|true
11:03:04.0 (11573712)|HEAP_ALLOCATE|[EXTERNAL]|Bytes:40
11:03:04.0 (11579999)|VARIABLE_SCOPE_BEGIN|[102]|this|auMainTopCompCtrl|true|false
11:03:04.0 (11611840)|VARIABLE_ASSIGNMENT|[102]|this|{"currentUser":"0x4120946a","iTypeOfScreen":54,"urlReportsSFA":"https://cs6.lightnin (84 more) ..."}|0x78f7d0ab
11:03:04.0 (11621179)|STATEMENT_EXECUTE|[102]
11:03:04.0 (11623323)|STATEMENT_EXECUTE|[103]
11:03:04.0 (11656509)|VARIABLE_ASSIGNMENT|[EXTERNAL]|this|{"currentUser":"0x4120946a","iTypeOfScreen":54,"urlReportsSFA":"https://cs6.lightnin (84 more) ..."}|0x78f7d0ab
11:03:04.0 (11670107)|HEAP_ALLOCATE|[103]|Bytes:5
11:03:04.0 (11751317)|SYSTEM_MODE_ENTER|true
11:03:04.0 (11772673)|HEAP_ALLOCATE|[EXTERNAL]|Bytes:40
11:03:04.0 (11784647)|VARIABLE_ASSIGNMENT|[EXTERNAL]|this.iCountComments|null|0x78f7d0ab
11:03:04.0 (11828314)|SYSTEM_MODE_ENTER|true
11:03:04.0 (11840681)|HEAP_ALLOCATE|[EXTERNAL]|Bytes:40
11:03:04.0 (11848665)|VARIABLE_ASSIGNMENT|[EXTERNAL]|this.iCountLikes|null|0x78f7d0ab
11:03:04.0 (11935766)|SYSTEM_MODE_ENTER|true
11:03:04.0 (11983149)|HEAP_ALLOCATE|[EXTERNAL]|Bytes:26
11:03:04.0 (11996199)|HEAP_ALLOCATE|[EXTERNAL]|Bytes:460
11:03:04.0 (12003503)|HEAP_ALLOCATE|[EXTERNAL]|Bytes:113
11:03:04.0 (12009333)|HEAP_ALLOCATE|[EXTERNAL]|Bytes:39
11:03:04.0 (12013351)|HEAP_ALLOCATE|[EXTERNAL]|Bytes:3
11:03:04.0 (12023059)|VARIABLE_ASSIGNMENT|[EXTERNAL]|saDailyReportCtrl.SOURCE|"src"
11:03:04.0 (12027841)|HEAP_ALLOCATE|[EXTERNAL]|Bytes:2
11:03:04.0 (12033981)|VARIABLE_ASSIGNMENT|[EXTERNAL]|saDailyReportCtrl.SOURCE_ID|"id"
11:03:04.0 (12043092)|METHOD_ENTRY|[1]|01pN0000000aE0W|saDailyReportCtrl.saDailyReportCtrl()
11:03:04.0 (12048073)|STATEMENT_EXECUTE|[1]
11:03:04.0 (12051795)|STATEMENT_EXECUTE|[1]
11:03:04.0 (12059743)|SYSTEM_MODE_ENTER|false
11:03:04.0 (12066832)|HEAP_ALLOCATE|[EXTERNAL]|Bytes:5
11:03:04.0 (12071834)|STATEMENT_EXECUTE|[650]
11:03:04.0 (12073530)|STATEMENT_EXECUTE|[677]
11:03:04.0 (12077804)|SYSTEM_MODE_EXIT|false
11:03:04.0 (12084562)|METHOD_EXIT|[1]|saDailyReportCtrl
11:03:04.0 (12089730)|HEAP_ALLOCATE|[EXTERNAL]|Bytes:76
11:03:04.0 (12095202)|VARIABLE_SCOPE_BEGIN|[92]|this|saDailyReportCtrl|true|false
11:03:04.0 (12423784)|VARIABLE_ASSIGNMENT|[92]|this|{"BusinessLocationName":"","currentInquiryReply":"0x3ffffd5","currentInquiryReplyDetail":"0x45cb0589","dailyReportId":"a0IN0000006RUllMAG","dCurrentDay":"2018-06-30T00:00:00Z","dCurrentMonth":"2018-07-01T00:00:00Z","iCurrentDay":0,"idBusinessLocation":"","isIPhone":false,"isPreview":true,"lsBusinessLocation":"0x8d4a9e","messageError":"","messageQuestion":"","mpQuestions":"0x1e05f3f6","myUser":"0x62f8a6b4","sourceOfTheCall":"preview"}|0x5a688fc6
11:03:04.0 (12449748)|SYSTEM_MODE_ENTER|false
11:03:04.0 (12457034)|HEAP_ALLOCATE|[92]|Bytes:5
11:03:04.0 (12462152)|STATEMENT_EXECUTE|[92]
11:03:04.0 (12464148)|STATEMENT_EXECUTE|[92]
11:03:04.0 (12469020)|SYSTEM_MODE_EXIT|false
11:03:04.0 (12532078)|SYSTEM_MODE_ENTER|true
11:03:04.0 (12549811)|HEAP_ALLOCATE|[EXTERNAL]|Bytes:8
11:03:04.0 (12554460)|HEAP_ALLOCATE|[EXTERNAL]|Bytes:40
11:03:04.0 (12564076)|VARIABLE_ASSIGNMENT|[EXTERNAL]|this.iTypeOfScreen|54|0x78f7d0ab
11:03:04.0 (12725697)|SYSTEM_MODE_ENTER|true
11:03:04.0 (12823406)|SYSTEM_MODE_ENTER|true
11:03:04.0 (12906381)|SYSTEM_MODE_ENTER|true
11:03:04.0 (13111309)|SYSTEM_MODE_ENTER|true
11:03:04.0 (14330843)|SYSTEM_MODE_ENTER|true
11:03:04.0 (16199453)|SYSTEM_MODE_ENTER|true
11:03:04.0 (16252524)|SYSTEM_MODE_ENTER|true
11:03:04.0 (16292470)|SYSTEM_MODE_ENTER|true
11:03:04.0 (16329608)|SYSTEM_MODE_ENTER|true
11:03:04.0 (16365096)|SYSTEM_MODE_ENTER|true
11:03:04.0 (16417569)|SYSTEM_MODE_ENTER|true
11:03:04.0 (16460571)|HEAP_ALLOCATE|[EXTERNAL]|Bytes:40
11:03:04.0 (16469183)|VARIABLE_SCOPE_BEGIN|[80]|this|auMainTopCompCtrl|true|false
11:03:04.0 (16510709)|VARIABLE_ASSIGNMENT|[80]|this|{"currentUser":"0x4120946a","iTypeOfScreen":54,"urlReportsSFA":"https://cs6.lightnin (84 more) ..."}|0x78f7d0ab
11:03:04.0 (16521449)|STATEMENT_EXECUTE|[80]
11:03:04.0 (16523376)|STATEMENT_EXECUTE|[81]
11:03:04.0 (16556720)|VARIABLE_ASSIGNMENT|[EXTERNAL]|this|{"currentUser":"0x4120946a","iTypeOfScreen":54,"urlReportsSFA":"https://cs6.lightnin (84 more) ..."}|0x78f7d0ab
11:03:04.0 (16596612)|VARIABLE_ASSIGNMENT|[EXTERNAL]|this|{"currentUser":"0x4120946a","iTypeOfScreen":54,"urlReportsSFA":"https://cs6.lightnin (84 more) ..."}|0x78f7d0ab
11:03:04.0 (16630107)|VARIABLE_ASSIGNMENT|[EXTERNAL]|this|{"currentUser":"0x4120946a","iTypeOfScreen":54,"urlReportsSFA":"https://cs6.lightnin (84 more) ..."}|0x78f7d0ab
11:03:04.0 (16663782)|VARIABLE_ASSIGNMENT|[EXTERNAL]|this|{"currentUser":"0x4120946a","iTypeOfScreen":54,"urlReportsSFA":"https://cs6.lightnin (84 more) ..."}|0x78f7d0ab
11:03:04.0 (16678249)|HEAP_ALLOCATE|[81]|Bytes:5
11:03:04.0 (16729915)|SYSTEM_MODE_ENTER|true
11:03:04.0 (16760007)|HEAP_ALLOCATE|[EXTERNAL]|Bytes:40
11:03:04.0 (16766286)|VARIABLE_SCOPE_BEGIN|[98]|this|auMainTopCompCtrl|true|false
11:03:04.0 (16799089)|VARIABLE_ASSIGNMENT|[98]|this|{"currentUser":"0x4120946a","iTypeOfScreen":54,"urlReportsSFA":"https://cs6.lightnin (84 more) ..."}|0x78f7d0ab
11:03:04.0 (16808883)|STATEMENT_EXECUTE|[98]
11:03:04.0 (16810767)|STATEMENT_EXECUTE|[99]
11:03:04.0 (16838702)|VARIABLE_ASSIGNMENT|[EXTERNAL]|this|{"currentUser":"0x4120946a","iTypeOfScreen":54,"urlReportsSFA":"https://cs6.lightnin (84 more) ..."}|0x78f7d0ab
11:03:04.0 (16852715)|HEAP_ALLOCATE|[99]|Bytes:5
11:03:04.0 (16897515)|SYSTEM_MODE_ENTER|true
11:03:04.0 (16924456)|HEAP_ALLOCATE|[EXTERNAL]|Bytes:40
11:03:04.0 (16930500)|VARIABLE_SCOPE_BEGIN|[102]|this|auMainTopCompCtrl|true|false
11:03:04.0 (16961955)|VARIABLE_ASSIGNMENT|[102]|this|{"currentUser":"0x4120946a","iTypeOfScreen":54,"urlReportsSFA":"https://cs6.lightnin (84 more) ..."}|0x78f7d0ab
11:03:04.0 (16971311)|STATEMENT_EXECUTE|[102]
11:03:04.0 (16972993)|STATEMENT_EXECUTE|[103]
11:03:04.0 (17000128)|VARIABLE_ASSIGNMENT|[EXTERNAL]|this|{"currentUser":"0x4120946a","iTypeOfScreen":54,"urlReportsSFA":"https://cs6.lightnin (84 more) ..."}|0x78f7d0ab
11:03:04.0 (17014657)|HEAP_ALLOCATE|[103]|Bytes:5
11:03:04.0 (19721995)|SYSTEM_MODE_ENTER|true
11:03:04.0 (19747782)|HEAP_ALLOCATE|[EXTERNAL]|Bytes:16
11:03:04.0 (19754078)|HEAP_ALLOCATE|[EXTERNAL]|Bytes:76
11:03:04.0 (19767689)|VARIABLE_ASSIGNMENT|[EXTERNAL]|this.messageError|"正しいデーターを入れてください。"|0x5a688fc6
11:03:04.0 (19800721)|SYSTEM_MODE_ENTER|true
11:03:04.0 (19815712)|HEAP_ALLOCATE|[EXTERNAL]|Bytes:76
11:03:04.0 (19824360)|VARIABLE_ASSIGNMENT|[EXTERNAL]|this.messageQuestion|""|0x5a688fc6
11:03:04.0 (19848374)|SYSTEM_MODE_ENTER|true
11:03:04.0 (19863115)|HEAP_ALLOCATE|[EXTERNAL]|Bytes:5
11:03:04.0 (19867142)|HEAP_ALLOCATE|[EXTERNAL]|Bytes:76
11:03:04.0 (19873890)|VARIABLE_ASSIGNMENT|[EXTERNAL]|this.isPreview|true|0x5a688fc6
11:03:04.0 (19897136)|SYSTEM_MODE_ENTER|true
11:03:04.0 (19908657)|HEAP_ALLOCATE|[EXTERNAL]|Bytes:76
11:03:04.0 (19916613)|VARIABLE_ASSIGNMENT|[EXTERNAL]|this.idBusinessLocation|""|0x5a688fc6
11:03:04.0 (19938598)|SYSTEM_MODE_ENTER|true
11:03:04.0 (19950060)|HEAP_ALLOCATE|[EXTERNAL]|Bytes:8
11:03:04.0 (19954615)|HEAP_ALLOCATE|[EXTERNAL]|Bytes:76
11:03:04.0 (19960984)|VARIABLE_ASSIGNMENT|[EXTERNAL]|this.iCurrentDay|0|0x5a688fc6
11:03:04.0 (20060648)|SYSTEM_MODE_ENTER|true
11:03:04.0 (20074516)|HEAP_ALLOCATE|[EXTERNAL]|Bytes:40
11:03:04.0 (20082305)|VARIABLE_ASSIGNMENT|[EXTERNAL]|this.iCountComments|null|0x78f7d0ab
11:03:04.0 (20113483)|SYSTEM_MODE_ENTER|true
11:03:04.0 (20124067)|HEAP_ALLOCATE|[EXTERNAL]|Bytes:40
11:03:04.0 (20130345)|VARIABLE_ASSIGNMENT|[EXTERNAL]|this.iCountLikes|null|0x78f7d0ab
11:03:04.0 (20168597)|SYSTEM_MODE_ENTER|true
11:03:04.0 (20203771)|HEAP_ALLOCATE|[EXTERNAL]|Bytes:76
11:03:04.0 (20210908)|VARIABLE_SCOPE_BEGIN|[92]|this|saDailyReportCtrl|true|false
11:03:04.0 (20438996)|VARIABLE_ASSIGNMENT|[92]|this|{"BusinessLocationName":"","currentInquiryReply":"0x3ffffd5","currentInquiryReplyDetail":"0x45cb0589","dailyReportId":"a0IN0000006RUllMAG","dCurrentDay":"2018-06-30T00:00:00Z","dCurrentMonth":"2018-07-01T00:00:00Z","iCurrentDay":0,"idBusinessLocation":"","isIPhone":false,"isPreview":true,"lsBusinessLocation":"0x8d4a9e","messageError":"正しいデーターを入れてください。","messageQuestion":"","mpQuestions":"0x1e05f3f6","myUser":"0x62f8a6b4","sourceOfTheCall":"preview"}|0x5a688fc6
11:03:04.0 (20459997)|SYSTEM_MODE_ENTER|false
11:03:04.0 (20467372)|HEAP_ALLOCATE|[92]|Bytes:5
11:03:04.0 (20473278)|STATEMENT_EXECUTE|[92]
11:03:04.0 (20475214)|STATEMENT_EXECUTE|[92]
11:03:04.0 (20479893)|SYSTEM_MODE_EXIT|false
11:03:04.0 (20525242)|SYSTEM_MODE_ENTER|true
11:03:04.0 (20540473)|HEAP_ALLOCATE|[EXTERNAL]|Bytes:8
11:03:04.0 (20544937)|HEAP_ALLOCATE|[EXTERNAL]|Bytes:40
11:03:04.0 (20553537)|VARIABLE_ASSIGNMENT|[EXTERNAL]|this.iTypeOfScreen|54|0x78f7d0ab
11:03:04.0 (20699528)|SYSTEM_MODE_ENTER|true
11:03:04.0 (23004072)|HEAP_ALLOCATE|[EXTERNAL]|Bytes:76
11:03:04.0 (23015232)|VARIABLE_SCOPE_BEGIN|[199]|this|saDailyReportCtrl|true|false
11:03:04.0 (23195729)|VARIABLE_ASSIGNMENT|[199]|this|{"BusinessLocationName":"","currentInquiryReply":"0x3ffffd5","currentInquiryReplyDetail":"0x45cb0589","dailyReportId":"a0IN0000006RUllMAG","dCurrentDay":"2018-06-30T00:00:00Z","dCurrentMonth":"2018-07-01T00:00:00Z","iCurrentDay":0,"idBusinessLocation":"","isIPhone":false,"isPreview":true,"lsBusinessLocation":"0x8d4a9e","messageError":"正しいデーターを入れてください。","messageQuestion":"","mpQuestions":"0x1e05f3f6","myUser":"0x62f8a6b4","sourceOfTheCall":"preview"}|0x5a688fc6
11:03:04.0 (23217879)|SYSTEM_MODE_ENTER|false
11:03:04.0 (23225967)|HEAP_ALLOCATE|[201]|Bytes:5
11:03:04.0 (23232626)|STATEMENT_EXECUTE|[199]
11:03:04.0 (23234768)|STATEMENT_EXECUTE|[201]
11:03:04.0 (23405961)|VARIABLE_ASSIGNMENT|[EXTERNAL]|this|{"BusinessLocationName":"","currentInquiryReply":"0x3ffffd5","currentInquiryReplyDetail":"0x45cb0589","dailyReportId":"a0IN0000006RUllMAG","dCurrentDay":"2018-06-30T00:00:00Z","dCurrentMonth":"2018-07-01T00:00:00Z","iCurrentDay":0,"idBusinessLocation":"","isIPhone":false,"isPreview":true,"lsBusinessLocation":"0x8d4a9e","messageError":"正しいデーターを入れてください。","messageQuestion":"","mpQuestions":"0x1e05f3f6","myUser":"0x62f8a6b4","sourceOfTheCall":"preview"}|0x5a688fc6
11:03:04.0 (23422380)|VARIABLE_ASSIGNMENT|[EXTERNAL]|value|""
11:03:04.0 (23439478)|VARIABLE_ASSIGNMENT|[6]|this.messageError|""|0x5a688fc6
11:03:04.0 (23451251)|STATEMENT_EXECUTE|[202]
11:03:04.0 (23599823)|VARIABLE_ASSIGNMENT|[EXTERNAL]|this|{"BusinessLocationName":"","currentInquiryReply":"0x3ffffd5","currentInquiryReplyDetail":"0x45cb0589","dailyReportId":"a0IN0000006RUllMAG","dCurrentDay":"2018-06-30T00:00:00Z","dCurrentMonth":"2018-07-01T00:00:00Z","iCurrentDay":0,"idBusinessLocation":"","isIPhone":false,"isPreview":true,"lsBusinessLocation":"0x8d4a9e","messageError":"","messageQuestion":"","mpQuestions":"0x1e05f3f6","myUser":"0x62f8a6b4","sourceOfTheCall":"preview"}|0x5a688fc6
11:03:04.0 (23616476)|VARIABLE_ASSIGNMENT|[EXTERNAL]|value|""
11:03:04.0 (23626788)|VARIABLE_ASSIGNMENT|[7]|this.messageQuestion|""|0x5a688fc6
11:03:04.0 (23636913)|STATEMENT_EXECUTE|[204]
11:03:04.0 (23638805)|STATEMENT_EXECUTE|[204]
11:03:04.0 (23640422)|STATEMENT_EXECUTE|[206]
11:03:04.0 (23839342)|VARIABLE_ASSIGNMENT|[EXTERNAL]|this|{"BusinessLocationName":"","currentInquiryReply":"0x3ffffd5","currentInquiryReplyDetail":"0x45cb0589","dailyReportId":"a0IN0000006RUllMAG","dCurrentDay":"2018-06-30T00:00:00Z","dCurrentMonth":"2018-07-01T00:00:00Z","iCurrentDay":0,"idBusinessLocation":"","isIPhone":false,"isPreview":true,"lsBusinessLocation":"0x8d4a9e","messageError":"","messageQuestion":"","mpQuestions":"0x1e05f3f6","myUser":"0x62f8a6b4","sourceOfTheCall":"preview"}|0x5a688fc6
11:03:04.0 (23898932)|HEAP_ALLOCATE|[206]|Bytes:4
11:03:04.0 (23934334)|VARIABLE_ASSIGNMENT|[206]|this.dCurrentDay|"2018-06-30T00:00:00.000Z"|0x5a688fc6
11:03:04.0 (23940807)|STATEMENT_EXECUTE|[208]
11:03:04.0 (23952936)|HEAP_ALLOCATE|[208]|Bytes:4
11:03:04.0 (24170694)|VARIABLE_ASSIGNMENT|[EXTERNAL]|this|{"BusinessLocationName":"","currentInquiryReply":"0x3ffffd5","currentInquiryReplyDetail":"0x45cb0589","dailyReportId":"a0IN0000006RUllMAG","dCurrentDay":"2018-06-30T00:00:00Z","dCurrentMonth":"2018-07-01T00:00:00Z","iCurrentDay":0,"idBusinessLocation":"","isIPhone":false,"isPreview":true,"lsBusinessLocation":"0x8d4a9e","messageError":"","messageQuestion":"","mpQuestions":"0x1e05f3f6","myUser":"0x62f8a6b4","sourceOfTheCall":"preview"}|0x5a688fc6
11:03:04.0 (24187248)|HEAP_ALLOCATE|[EXTERNAL]|Bytes:4
11:03:04.0 (24200102)|VARIABLE_ASSIGNMENT|[EXTERNAL]|value|[]|0x18fc2c84
11:03:04.0 (24210946)|VARIABLE_ASSIGNMENT|[22]|this.currentInquiryReplyDetail|[]|0x5a688fc6
11:03:04.0 (24221338)|STATEMENT_EXECUTE|[209]
11:03:04.0 (24234306)|HEAP_ALLOCATE|[209]|Bytes:4
11:03:04.0 (24413325)|VARIABLE_ASSIGNMENT|[EXTERNAL]|this|{"BusinessLocationName":"","currentInquiryReply":"0x3ffffd5","currentInquiryReplyDetail":"0x18fc2c84","dailyReportId":"a0IN0000006RUllMAG","dCurrentDay":"2018-06-30T00:00:00Z","dCurrentMonth":"2018-07-01T00:00:00Z","iCurrentDay":0,"idBusinessLocation":"","isIPhone":false,"isPreview":true,"lsBusinessLocation":"0x8d4a9e","messageError":"","messageQuestion":"","mpQuestions":"0x1e05f3f6","myUser":"0x62f8a6b4","sourceOfTheCall":"preview"}|0x5a688fc6
11:03:04.0 (24439309)|VARIABLE_ASSIGNMENT|[EXTERNAL]|value|{}|0x9595bba
11:03:04.0 (24451091)|VARIABLE_ASSIGNMENT|[24]|this.mpQuestions|{}|0x5a688fc6
11:03:04.0 (24461513)|STATEMENT_EXECUTE|[211]
11:03:04.0 (24607395)|VARIABLE_ASSIGNMENT|[EXTERNAL]|this|{"BusinessLocationName":"","currentInquiryReply":"0x3ffffd5","currentInquiryReplyDetail":"0x18fc2c84","dailyReportId":"a0IN0000006RUllMAG","dCurrentDay":"2018-06-30T00:00:00Z","dCurrentMonth":"2018-07-01T00:00:00Z","iCurrentDay":0,"idBusinessLocation":"","isIPhone":false,"isPreview":true,"lsBusinessLocation":"0x8d4a9e","messageError":"","messageQuestion":"","mpQuestions":"0x9595bba","myUser":"0x62f8a6b4","sourceOfTheCall":"preview"}|0x5a688fc6
11:03:04.0 (24623183)|VARIABLE_ASSIGNMENT|[EXTERNAL]|value|""
11:03:04.0 (24632061)|VARIABLE_ASSIGNMENT|[23]|this.BusinessLocationName|""|0x5a688fc6
11:03:04.0 (24645369)|HEAP_ALLOCATE|[212]|Bytes:81
11:03:04.0 (24659962)|HEAP_ALLOCATE|[212]|Bytes:4
11:03:04.0 (24669132)|HEAP_ALLOCATE|[212]|Bytes:7
11:03:04.0 (24814475)|VARIABLE_ASSIGNMENT|[EXTERNAL]|this|{"BusinessLocationName":"","currentInquiryReply":"0x3ffffd5","currentInquiryReplyDetail":"0x18fc2c84","dailyReportId":"a0IN0000006RUllMAG","dCurrentDay":"2018-06-30T00:00:00Z","dCurrentMonth":"2018-07-01T00:00:00Z","iCurrentDay":0,"idBusinessLocation":"","isIPhone":false,"isPreview":true,"lsBusinessLocation":"0x8d4a9e","messageError":"","messageQuestion":"","mpQuestions":"0x9595bba","myUser":"0x62f8a6b4","sourceOfTheCall":"preview"}|0x5a688fc6
11:03:04.0 (25124277)|SOQL_EXECUTE_BEGIN|[212]|Aggregations:0|SELECT Id, BusinessLocationName__c FROM saBusinessLocation__c 
11:03:04.0 (26603771)|SOQL_EXECUTE_END|[212]|Rows:0
11:03:04.0 (26801344)|HEAP_ALLOCATE|[212]|Bytes:54
11:03:04.0 (26813601)|HEAP_ALLOCATE|[212]|Bytes:8
11:03:04.0 (26846907)|SYSTEM_METHOD_ENTRY|[7]|QueryLocatorIterator.QueryLocatorIterator()
11:03:04.0 (26852242)|STATEMENT_EXECUTE|[7]
11:03:04.0 (26860843)|SYSTEM_METHOD_EXIT|[7]|QueryLocatorIterator
11:03:04.0 (26870603)|HEAP_ALLOCATE|[212]|Bytes:28
11:03:04.0 (26886606)|HEAP_ALLOCATE|[212]|Bytes:8
11:03:04.0 (26890503)|HEAP_ALLOCATE|[212]|Bytes:8
11:03:04.0 (26895744)|VARIABLE_SCOPE_BEGIN|[15]|this|Database.QueryLocatorIterator|true|false
11:03:04.0 (26926972)|VARIABLE_ASSIGNMENT|[15]|this|{}|0x45a2f2f8
11:03:04.0 (26934318)|VARIABLE_SCOPE_BEGIN|[15]|values|List<SObject>|true|false
11:03:04.0 (26942836)|VARIABLE_ASSIGNMENT|[15]|values|null|
11:03:04.0 (26947535)|VARIABLE_SCOPE_BEGIN|[15]|ql|Database.QueryLocator|true|false
11:03:04.0 (26968341)|VARIABLE_ASSIGNMENT|[15]|ql|{"query":"SELECT Id, BusinessL (61 more) ..."}|0x1965b264
11:03:04.0 (26974908)|VARIABLE_SCOPE_BEGIN|[15]|totalNumRecords|Integer|false|false
11:03:04.0 (26982718)|VARIABLE_ASSIGNMENT|[15]|totalNumRecords|0
11:03:04.0 (26987415)|VARIABLE_SCOPE_BEGIN|[15]|queryMoreSize|Integer|false|false
11:03:04.0 (26994181)|VARIABLE_ASSIGNMENT|[15]|queryMoreSize|50000
11:03:04.0 (27080908)|HEAP_ALLOCATE|[212]|Bytes:28
11:03:04.0 (27102783)|METHOD_ENTRY|[212]||Database.QueryLocatorIterator.hasNext()
11:03:04.0 (27124208)|METHOD_EXIT|[212]||Database.QueryLocatorIterator.hasNext()
11:03:04.0 (27162077)|VARIABLE_ASSIGNMENT|[212]|bl|null|
11:03:04.0 (27170291)|STATEMENT_EXECUTE|[212]
11:03:04.0 (27189291)|STATEMENT_EXECUTE|[219]
11:03:04.0 (27192888)|HEAP_ALLOCATE|[219]|Bytes:195
11:03:04.0 (27207783)|HEAP_ALLOCATE|[219]|Bytes:4
11:03:04.0 (27235634)|HEAP_ALLOCATE|[219]|Bytes:7
11:03:04.0 (27268805)|HEAP_ALLOCATE|[223]|Bytes:89
11:03:04.0 (27278204)|SYSTEM_METHOD_ENTRY|[1]|UserInfo.UserInfo()
11:03:04.0 (27281719)|STATEMENT_EXECUTE|[1]
11:03:04.0 (27286162)|SYSTEM_METHOD_EXIT|[1]|UserInfo
11:03:04.0 (27295157)|METHOD_ENTRY|[223]||System.UserInfo.getUserId()
11:03:04.0 (27334678)|METHOD_EXIT|[223]||System.UserInfo.getUserId()
11:03:04.0 (27864772)|SOQL_EXECUTE_BEGIN|[219]|Aggregations:0|SELECT Id, saBusinessLocation__c, Status__c, saInquiry__c, Comment__c FROM saInquiryReply__c WHERE (saInquiry__r.Type__c = 'DAILY_REPORT' AND DailyReportDate__c = :tmpVar1 AND User__c = :tmpVar2)
11:03:04.0 (33892806)|SOQL_EXECUTE_END|[219]|Rows:0
11:03:04.0 (33917953)|HEAP_ALLOCATE|[219]|Bytes:4
11:03:04.0 (33930509)|HEAP_ALLOCATE|[219]|Bytes:0
11:03:04.0 (33993299)|HEAP_ALLOCATE|[219]|Bytes:4
11:03:04.0 (34009981)|VARIABLE_SCOPE_BEGIN|[219]|lsInqRep|List<saInquiryReply__c>|true|false
11:03:04.0 (34032155)|VARIABLE_ASSIGNMENT|[219]|lsInqRep|[]|0x145a418b
11:03:04.0 (34102706)|STATEMENT_EXECUTE|[225]
11:03:04.0 (34105351)|STATEMENT_EXECUTE|[227]
11:03:04.0 (34109033)|HEAP_ALLOCATE|[227]|Bytes:207
11:03:04.0 (34122197)|HEAP_ALLOCATE|[227]|Bytes:4
11:03:04.0 (34468943)|VARIABLE_ASSIGNMENT|[EXTERNAL]|this|{"BusinessLocationName":"","currentInquiryReply":"0x3ffffd5","currentInquiryReplyDetail":"0x18fc2c84","dailyReportId":"a0IN0000006RUllMAG","dCurrentDay":"2018-06-30T00:00:00Z","dCurrentMonth":"2018-07-01T00:00:00Z","iCurrentDay":0,"idBusinessLocation":"","isIPhone":false,"isPreview":true,"lsBusinessLocation":"0x8d4a9e","messageError":"","messageQuestion":"","mpQuestions":"0x9595bba","myUser":"0x62f8a6b4","sourceOfTheCall":"preview"}|0x5a688fc6
11:03:04.0 (34498143)|HEAP_ALLOCATE|[227]|Bytes:7
11:03:04.0 (34508657)|METHOD_ENTRY|[232]||System.UserInfo.getUserId()
11:03:04.0 (34533437)|METHOD_EXIT|[232]||System.UserInfo.getUserId()
11:03:04.0 (34832562)|SOQL_EXECUTE_BEGIN|[227]|Aggregations:0|SELECT Id, saBusinessLocation__c, Status__c FROM saInquiryReply__c WHERE (saInquiry__r.Type__c = 'DAILY_REPORT' AND DailyReportDate__c = :tmpVar1 AND saBusinessLocation__c = :tmpVar2 AND User__c != :tmpVar3)
11:03:04.0 (37697051)|SOQL_EXECUTE_END|[227]|Rows:0
11:03:04.0 (37719241)|HEAP_ALLOCATE|[227]|Bytes:4
11:03:04.0 (37731638)|HEAP_ALLOCATE|[227]|Bytes:0
11:03:04.0 (37755913)|HEAP_ALLOCATE|[227]|Bytes:4
11:03:04.0 (37766659)|VARIABLE_SCOPE_BEGIN|[227]|lsInqOtherPeople|List<saInquiryReply__c>|true|false
11:03:04.0 (37785155)|VARIABLE_ASSIGNMENT|[227]|lsInqOtherPeople|[]|0x2f39f77a
11:03:04.0 (37821037)|STATEMENT_EXECUTE|[234]
11:03:04.0 (37823607)|STATEMENT_EXECUTE|[240]
11:03:04.0 (37826491)|VARIABLE_SCOPE_BEGIN|[240]|lsTemplate|List<saInquiryReply__c>|true|false
11:03:04.0 (37837521)|VARIABLE_ASSIGNMENT|[240]|lsTemplate|null|
11:03:04.0 (38079610)|VARIABLE_ASSIGNMENT|[EXTERNAL]|this|{"BusinessLocationName":"","currentInquiryReply":"0x3ffffd5","currentInquiryReplyDetail":"0x18fc2c84","dailyReportId":"a0IN0000006RUllMAG","dCurrentDay":"2018-06-30T00:00:00Z","dCurrentMonth":"2018-07-01T00:00:00Z","iCurrentDay":0,"idBusinessLocation":"","isIPhone":false,"isPreview":true,"lsBusinessLocation":"0x8d4a9e","messageError":"","messageQuestion":"","mpQuestions":"0x9595bba","myUser":"0x62f8a6b4","sourceOfTheCall":"preview"}|0x5a688fc6
11:03:04.0 (38103451)|STATEMENT_EXECUTE|[252]
11:03:04.0 (38105615)|STATEMENT_EXECUTE|[253]
11:03:04.0 (38109451)|HEAP_ALLOCATE|[253]|Bytes:393
11:03:04.0 (38123628)|HEAP_ALLOCATE|[253]|Bytes:4
11:03:04.0 (38153922)|METHOD_ENTRY|[259]||System.UserInfo.getUserId()
11:03:04.0 (38178857)|METHOD_EXIT|[259]||System.UserInfo.getUserId()
11:03:04.0 (38604853)|SOQL_EXECUTE_BEGIN|[253]|Aggregations:0|SELECT Id, saBusinessLocation__c, Status__c, saInquiry__c, Comment__c FROM saInquiryReply__c WHERE (saInquiry__r.Type__c = 'DAILY_REPORT' AND (saInquiry__r.ValidFrom__c = NULL OR saInquiry__r.ValidFrom__c <= :tmpVar1) AND (saInquiry__r.ValidTo__c = NULL OR saInquiry__r.ValidTo__c >= :tmpVar2) AND DailyReportDate__c = NULL AND User__c = :tmpVar3) ORDER BY CreatedDate DESC NULLS FIRST LIMIT 1
11:03:04.0 (44656382)|SOQL_EXECUTE_END|[253]|Rows:1
11:03:04.0 (44678235)|HEAP_ALLOCATE|[253]|Bytes:8
11:03:04.0 (44692219)|HEAP_ALLOCATE|[253]|Bytes:89
11:03:04.0 (44718104)|HEAP_ALLOCATE|[253]|Bytes:8
11:03:04.0 (44754097)|VARIABLE_ASSIGNMENT|[253]|lsTemplate|[{"Id":"a0KN0000007Kg4nMAC","Status__c":"WAITING_REPLY","saInquiry__c":"a0IN0000006RUllMAG"}]|0xbd3a4b8
11:03:04.0 (44761526)|STATEMENT_EXECUTE|[264]
11:03:04.0 (44765665)|HEAP_ALLOCATE|[264]|Bytes:11
11:03:04.0 (44865493)|HEAP_ALLOCATE|[264]|Bytes:101
11:03:04.0 (44887923)|HEAP_ALLOCATE|[264]|Bytes:112
11:03:04.0 (44909838)|USER_DEBUG|[264]|DEBUG|Template : (saInquiryReply__c:{Id=a0KN0000007Kg4nMAC, Status__c=WAITING_REPLY, saInquiry__c=a0IN0000006RUllMAG})
11:03:04.0 (44941943)|STATEMENT_EXECUTE|[265]
11:03:04.0 (44944807)|STATEMENT_EXECUTE|[271]
11:03:04.0 (44956353)|HEAP_ALLOCATE|[271]|Bytes:16
11:03:04.0 (44982844)|VARIABLE_SCOPE_BEGIN|[271]|idInquiry|Id|false|false
11:03:04.0 (45083260)|VARIABLE_ASSIGNMENT|[271]|idInquiry|"a0IN0000006RUllMAG"
11:03:04.0 (45090869)|STATEMENT_EXECUTE|[272]
11:03:04.0 (45109119)|HEAP_ALLOCATE|[272]|Bytes:4
11:03:04.0 (45384545)|VARIABLE_ASSIGNMENT|[EXTERNAL]|this|{"BusinessLocationName":"","currentInquiryReply":"0x3ffffd5","currentInquiryReplyDetail":"0x18fc2c84","dailyReportId":"a0IN0000006RUllMAG","dCurrentDay":"2018-06-30T00:00:00Z","dCurrentMonth":"2018-07-01T00:00:00Z","iCurrentDay":0,"idBusinessLocation":"","isIPhone":false,"isPreview":true,"lsBusinessLocation":"0x8d4a9e","messageError":"","messageQuestion":"","mpQuestions":"0x9595bba","myUser":"0x62f8a6b4","sourceOfTheCall":"preview"}|0x5a688fc6
11:03:04.0 (45407109)|VARIABLE_ASSIGNMENT|[EXTERNAL]|value|{}|0x85d0bd
11:03:04.0 (45423528)|VARIABLE_ASSIGNMENT|[21]|this.currentInquiryReply|{}|0x5a688fc6
11:03:04.0 (45440169)|STATEMENT_EXECUTE|[273]
11:03:04.0 (45595021)|VARIABLE_ASSIGNMENT|[EXTERNAL]|this|{"BusinessLocationName":"","currentInquiryReply":"0x85d0bd","currentInquiryReplyDetail":"0x18fc2c84","dailyReportId":"a0IN0000006RUllMAG","dCurrentDay":"2018-06-30T00:00:00Z","dCurrentMonth":"2018-07-01T00:00:00Z","iCurrentDay":0,"idBusinessLocation":"","isIPhone":false,"isPreview":true,"lsBusinessLocation":"0x8d4a9e","messageError":"","messageQuestion":"","mpQuestions":"0x9595bba","myUser":"0x62f8a6b4","sourceOfTheCall":"preview"}|0x5a688fc6
11:03:04.0 (45683016)|VARIABLE_ASSIGNMENT|[273]|this.saInquiry__c|"a0IN0000006RUllMAG"|0x85d0bd
11:03:04.0 (45843502)|VARIABLE_ASSIGNMENT|[EXTERNAL]|this|{"BusinessLocationName":"","currentInquiryReply":"0x85d0bd","currentInquiryReplyDetail":"0x18fc2c84","dailyReportId":"a0IN0000006RUllMAG","dCurrentDay":"2018-06-30T00:00:00Z","dCurrentMonth":"2018-07-01T00:00:00Z","iCurrentDay":0,"idBusinessLocation":"","isIPhone":false,"isPreview":true,"lsBusinessLocation":"0x8d4a9e","messageError":"","messageQuestion":"","mpQuestions":"0x9595bba","myUser":"0x62f8a6b4","sourceOfTheCall":"preview"}|0x5a688fc6
11:03:04.0 (45864004)|STATEMENT_EXECUTE|[277]
11:03:04.0 (45866129)|STATEMENT_EXECUTE|[280]
11:03:04.0 (45872918)|METHOD_ENTRY|[280]||System.UserInfo.getUserId()
11:03:04.0 (45901710)|METHOD_EXIT|[280]||System.UserInfo.getUserId()
11:03:04.0 (45916752)|HEAP_ALLOCATE|[280]|Bytes:4
11:03:04.0 (46061608)|VARIABLE_ASSIGNMENT|[EXTERNAL]|this|{"BusinessLocationName":"","currentInquiryReply":"0x85d0bd","currentInquiryReplyDetail":"0x18fc2c84","dailyReportId":"a0IN0000006RUllMAG","dCurrentDay":"2018-06-30T00:00:00Z","dCurrentMonth":"2018-07-01T00:00:00Z","iCurrentDay":0,"idBusinessLocation":"","isIPhone":false,"isPreview":true,"lsBusinessLocation":"0x8d4a9e","messageError":"","messageQuestion":"","mpQuestions":"0x9595bba","myUser":"0x62f8a6b4","sourceOfTheCall":"preview"}|0x5a688fc6
11:03:04.0 (46120391)|VARIABLE_ASSIGNMENT|[280]|this.User__c|"005N00000057PfOIAU"|0x85d0bd
11:03:04.0 (46127848)|STATEMENT_EXECUTE|[281]
11:03:04.0 (46280245)|VARIABLE_ASSIGNMENT|[EXTERNAL]|this|{"BusinessLocationName":"","currentInquiryReply":"0x85d0bd","currentInquiryReplyDetail":"0x18fc2c84","dailyReportId":"a0IN0000006RUllMAG","dCurrentDay":"2018-06-30T00:00:00Z","dCurrentMonth":"2018-07-01T00:00:00Z","iCurrentDay":0,"idBusinessLocation":"","isIPhone":false,"isPreview":true,"lsBusinessLocation":"0x8d4a9e","messageError":"","messageQuestion":"","mpQuestions":"0x9595bba","myUser":"0x62f8a6b4","sourceOfTheCall":"preview"}|0x5a688fc6
11:03:04.0 (46344100)|VARIABLE_ASSIGNMENT|[281]|this.DailyReportDate__c|"2018-06-30T00:00:00.000Z"|0x85d0bd
11:03:04.0 (46351985)|STATEMENT_EXECUTE|[282]
11:03:04.0 (46356075)|HEAP_ALLOCATE|[282]|Bytes:13
11:03:04.0 (46516811)|VARIABLE_ASSIGNMENT|[EXTERNAL]|this|{"BusinessLocationName":"","currentInquiryReply":"0x85d0bd","currentInquiryReplyDetail":"0x18fc2c84","dailyReportId":"a0IN0000006RUllMAG","dCurrentDay":"2018-06-30T00:00:00Z","dCurrentMonth":"2018-07-01T00:00:00Z","iCurrentDay":0,"idBusinessLocation":"","isIPhone":false,"isPreview":true,"lsBusinessLocation":"0x8d4a9e","messageError":"","messageQuestion":"","mpQuestions":"0x9595bba","myUser":"0x62f8a6b4","sourceOfTheCall":"preview"}|0x5a688fc6
11:03:04.0 (46565781)|VARIABLE_ASSIGNMENT|[282]|this.Status__c|"WAITING_REPLY"|0x85d0bd
11:03:04.0 (46573116)|STATEMENT_EXECUTE|[283]
11:03:04.0 (46723298)|VARIABLE_ASSIGNMENT|[EXTERNAL]|this|{"BusinessLocationName":"","currentInquiryReply":"0x85d0bd","currentInquiryReplyDetail":"0x18fc2c84","dailyReportId":"a0IN0000006RUllMAG","dCurrentDay":"2018-06-30T00:00:00Z","dCurrentMonth":"2018-07-01T00:00:00Z","iCurrentDay":0,"idBusinessLocation":"","isIPhone":false,"isPreview":true,"lsBusinessLocation":"0x8d4a9e","messageError":"","messageQuestion":"","mpQuestions":"0x9595bba","myUser":"0x62f8a6b4","sourceOfTheCall":"preview"}|0x5a688fc6
11:03:04.0 (46767319)|VARIABLE_ASSIGNMENT|[283]|this.Comment__c|""|0x85d0bd
11:03:04.0 (46774207)|STATEMENT_EXECUTE|[285]
11:03:04.0 (46778288)|HEAP_ALLOCATE|[285]|Bytes:625
11:03:04.0 (46793522)|HEAP_ALLOCATE|[285]|Bytes:4
11:03:04.0 (47321732)|SOQL_EXECUTE_BEGIN|[285]|Aggregations:0|SELECT Id, QuestionLabel__c, AnswerType__c, NumberPossibleReplies__c, IsShortReply__c, SortNo__c, IsRequired__c, Reply01Label__c, Reply02Label__c, Reply03Label__c, Reply04Label__c, Reply05Label__c, Reply06Label__c, Reply07Label__c, Reply08Label__c, Reply09Label__c, Reply10Label__c, Reply11Label__c, Reply12Label__c, Reply13Label__c, Reply14Label__c, Reply15Label__c, Reply16Label__c, Reply17Label__c, Reply18Label__c, Reply19Label__c, Reply20Label__c, Reply21Label__c, Reply22Label__c, Reply23Label__c, Reply24Label__c, Reply25Label__c FROM saInquiryDetail__c WHERE saInquiry__c = :tmpVar1 ORDER BY SortNo__c ASC NULLS FIRST
11:03:04.0 (57326030)|SOQL_EXECUTE_END|[285]|Rows:1
11:03:04.0 (57351527)|HEAP_ALLOCATE|[285]|Bytes:8
11:03:04.0 (57377487)|HEAP_ALLOCATE|[285]|Bytes:282
11:03:04.0 (57419119)|HEAP_ALLOCATE|[285]|Bytes:8
11:03:04.0 (57441570)|VARIABLE_SCOPE_BEGIN|[285]|lsTmpQuest|List<saInquiryDetail__c>|true|false
11:03:04.0 (57489829)|VARIABLE_ASSIGNMENT|[285]|lsTmpQuest|[{"Id":"a0JN0000008h2r2MAA","QuestionLabel__c":"Works?","AnswerType__c":"CHECKBOX","NumberPossibleReplies__c":2,"IsShortReply__c":true,"SortNo__c":0,"IsRequired__c":false,"Reply01Label__c":"Yes!","Reply02Label__c":"No!"}]|0x75b0c8e0
11:03:04.0 (57669099)|HEAP_ALLOCATE|[295]|Bytes:5
11:03:04.0 (57688527)|HEAP_ALLOCATE|[295]|Bytes:40
11:03:04.0 (57697439)|VARIABLE_SCOPE_BEGIN|[295]|quest|saInquiryDetail__c|true|false
11:03:04.0 (57724988)|VARIABLE_ASSIGNMENT|[295]|quest|{"Id":"a0JN0000008h2r2MAA","QuestionLabel__c":"Works?","AnswerType__c":"CHECKBOX","NumberPossibleReplies__c":2,"IsShortReply__c":true,"SortNo__c":0,"IsRequired__c":false,"Reply01Label__c":"Yes!","Reply02Label__c":"No!"}|0x6a219b76
11:03:04.0 (57733454)|STATEMENT_EXECUTE|[295]
11:03:04.0 (57735649)|STATEMENT_EXECUTE|[296]
11:03:04.0 (57760760)|HEAP_ALLOCATE|[296]|Bytes:4
11:03:04.0 (57852526)|VARIABLE_SCOPE_BEGIN|[296]|questReply|saInquiryReplyDetail__c|true|false
11:03:04.0 (57869633)|VARIABLE_ASSIGNMENT|[296]|questReply|{}|0x19a5a91a
11:03:04.0 (57875137)|STATEMENT_EXECUTE|[297]
11:03:04.0 (57967208)|VARIABLE_ASSIGNMENT|[297]|this.saInquiryDetail__c|"a0JN0000008h2r2MAA"|0x19a5a91a
11:03:04.0 (57974660)|STATEMENT_EXECUTE|[298]
11:03:04.0 (58232536)|VARIABLE_ASSIGNMENT|[EXTERNAL]|this|{"BusinessLocationName":"","currentInquiryReply":"0x85d0bd","currentInquiryReplyDetail":"0x18fc2c84","dailyReportId":"a0IN0000006RUllMAG","dCurrentDay":"2018-06-30T00:00:00Z","dCurrentMonth":"2018-07-01T00:00:00Z","iCurrentDay":0,"idBusinessLocation":"","isIPhone":false,"isPreview":true,"lsBusinessLocation":"0x8d4a9e","messageError":"","messageQuestion":"","mpQuestions":"0x9595bba","myUser":"0x62f8a6b4","sourceOfTheCall":"preview"}|0x5a688fc6
11:03:04.0 (58265423)|HEAP_ALLOCATE|[EXTERNAL]|Bytes:4
11:03:04.0 (58275019)|STATEMENT_EXECUTE|[299]
11:03:04.0 (58439770)|VARIABLE_ASSIGNMENT|[EXTERNAL]|this|{"BusinessLocationName":"","currentInquiryReply":"0x85d0bd","currentInquiryReplyDetail":"0x18fc2c84","dailyReportId":"a0IN0000006RUllMAG","dCurrentDay":"2018-06-30T00:00:00Z","dCurrentMonth":"2018-07-01T00:00:00Z","iCurrentDay":0,"idBusinessLocation":"","isIPhone":false,"isPreview":true,"lsBusinessLocation":"0x8d4a9e","messageError":"","messageQuestion":"","mpQuestions":"0x9595bba","myUser":"0x62f8a6b4","sourceOfTheCall":"preview"}|0x5a688fc6
11:03:04.0 (58476210)|HEAP_ALLOCATE|[EXTERNAL]|Bytes:-4
11:03:04.0 (58493176)|HEAP_ALLOCATE|[295]|Bytes:5
11:03:04.0 (58507952)|VARIABLE_ASSIGNMENT|[295]|quest|null|
11:03:04.0 (58518287)|SYSTEM_MODE_EXIT|false
11:03:04.0 (75250716)|SYSTEM_MODE_ENTER|true
11:03:04.0 (75283015)|HEAP_ALLOCATE|[EXTERNAL]|Bytes:40
11:03:04.0 (75298397)|VARIABLE_ASSIGNMENT|[EXTERNAL]|this.iCountComments|null|0x78f7d0ab
11:03:04.0 (75345119)|SYSTEM_MODE_ENTER|true
11:03:04.0 (75357445)|HEAP_ALLOCATE|[EXTERNAL]|Bytes:40
11:03:04.0 (75365196)|VARIABLE_ASSIGNMENT|[EXTERNAL]|this.iCountLikes|null|0x78f7d0ab
11:03:04.0 (75442630)|SYSTEM_MODE_ENTER|true
11:03:04.0 (75492600)|HEAP_ALLOCATE|[EXTERNAL]|Bytes:76
11:03:04.0 (75501790)|VARIABLE_SCOPE_BEGIN|[92]|this|saDailyReportCtrl|true|false
11:03:04.0 (75720709)|VARIABLE_ASSIGNMENT|[92]|this|{"BusinessLocationName":"","currentInquiryReply":"0x85d0bd","currentInquiryReplyDetail":"0x18fc2c84","dailyReportId":"a0IN0000006RUllMAG","dCurrentDay":"2018-06-30T00:00:00Z","dCurrentMonth":"2018-07-01T00:00:00Z","iCurrentDay":0,"idBusinessLocation":"","isIPhone":false,"isPreview":true,"lsBusinessLocation":"0x8d4a9e","messageError":"","messageQuestion":"","mpQuestions":"0x9595bba","myUser":"0x62f8a6b4","sourceOfTheCall":"preview"}|0x5a688fc6
11:03:04.0 (75742160)|SYSTEM_MODE_ENTER|false
11:03:04.0 (75749879)|HEAP_ALLOCATE|[92]|Bytes:5
11:03:04.0 (75755784)|STATEMENT_EXECUTE|[92]
11:03:04.0 (75757812)|STATEMENT_EXECUTE|[92]
11:03:04.0 (75763612)|SYSTEM_MODE_EXIT|false
11:03:04.0 (75812955)|SYSTEM_MODE_ENTER|true
11:03:04.0 (75830493)|HEAP_ALLOCATE|[EXTERNAL]|Bytes:8
11:03:04.0 (75834958)|HEAP_ALLOCATE|[EXTERNAL]|Bytes:40
11:03:04.0 (75843913)|VARIABLE_ASSIGNMENT|[EXTERNAL]|this.iTypeOfScreen|54|0x78f7d0ab
11:03:04.0 (75914656)|SYSTEM_MODE_ENTER|true
11:03:04.0 (75949808)|HEAP_ALLOCATE|[EXTERNAL]|Bytes:40
11:03:04.0 (75956506)|VARIABLE_SCOPE_BEGIN|[80]|this|auMainTopCompCtrl|true|false
11:03:04.0 (75996586)|VARIABLE_ASSIGNMENT|[80]|this|{"currentUser":"0x4120946a","iTypeOfScreen":54,"urlReportsSFA":"https://cs6.lightnin (84 more) ..."}|0x78f7d0ab
11:03:04.0 (76007206)|STATEMENT_EXECUTE|[80]
11:03:04.0 (76009634)|STATEMENT_EXECUTE|[81]
11:03:04.0 (76043873)|VARIABLE_ASSIGNMENT|[EXTERNAL]|this|{"currentUser":"0x4120946a","iTypeOfScreen":54,"urlReportsSFA":"https://cs6.lightnin (84 more) ..."}|0x78f7d0ab
11:03:04.0 (76082771)|VARIABLE_ASSIGNMENT|[EXTERNAL]|this|{"currentUser":"0x4120946a","iTypeOfScreen":54,"urlReportsSFA":"https://cs6.lightnin (84 more) ..."}|0x78f7d0ab
11:03:04.0 (76116461)|VARIABLE_ASSIGNMENT|[EXTERNAL]|this|{"currentUser":"0x4120946a","iTypeOfScreen":54,"urlReportsSFA":"https://cs6.lightnin (84 more) ..."}|0x78f7d0ab
11:03:04.0 (76149781)|VARIABLE_ASSIGNMENT|[EXTERNAL]|this|{"currentUser":"0x4120946a","iTypeOfScreen":54,"urlReportsSFA":"https://cs6.lightnin (84 more) ..."}|0x78f7d0ab
11:03:04.0 (76163488)|HEAP_ALLOCATE|[81]|Bytes:5
11:03:04.0 (76228845)|SYSTEM_MODE_ENTER|true
11:03:04.0 (76257895)|HEAP_ALLOCATE|[EXTERNAL]|Bytes:40
11:03:04.0 (76263873)|VARIABLE_SCOPE_BEGIN|[98]|this|auMainTopCompCtrl|true|false
11:03:04.0 (76295099)|VARIABLE_ASSIGNMENT|[98]|this|{"currentUser":"0x4120946a","iTypeOfScreen":54,"urlReportsSFA":"https://cs6.lightnin (84 more) ..."}|0x78f7d0ab
11:03:04.0 (76304983)|STATEMENT_EXECUTE|[98]
11:03:04.0 (76306780)|STATEMENT_EXECUTE|[99]
11:03:04.0 (76333913)|VARIABLE_ASSIGNMENT|[EXTERNAL]|this|{"currentUser":"0x4120946a","iTypeOfScreen":54,"urlReportsSFA":"https://cs6.lightnin (84 more) ..."}|0x78f7d0ab
11:03:04.0 (76347505)|HEAP_ALLOCATE|[99]|Bytes:5
11:03:04.0 (76396599)|SYSTEM_MODE_ENTER|true
11:03:04.0 (76422717)|HEAP_ALLOCATE|[EXTERNAL]|Bytes:40
11:03:04.0 (76434798)|VARIABLE_SCOPE_BEGIN|[102]|this|auMainTopCompCtrl|true|false
11:03:04.0 (76466874)|VARIABLE_ASSIGNMENT|[102]|this|{"currentUser":"0x4120946a","iTypeOfScreen":54,"urlReportsSFA":"https://cs6.lightnin (84 more) ..."}|0x78f7d0ab
11:03:04.0 (76476311)|STATEMENT_EXECUTE|[102]
11:03:04.0 (76478232)|STATEMENT_EXECUTE|[103]
11:03:04.0 (76505024)|VARIABLE_ASSIGNMENT|[EXTERNAL]|this|{"currentUser":"0x4120946a","iTypeOfScreen":54,"urlReportsSFA":"https://cs6.lightnin (84 more) ..."}|0x78f7d0ab
11:03:04.0 (76518372)|HEAP_ALLOCATE|[103]|Bytes:5
11:03:04.0 (76605269)|SYSTEM_MODE_ENTER|true
11:03:04.0 (76704620)|SYSTEM_MODE_ENTER|true
11:03:04.0 (76810937)|SYSTEM_MODE_ENTER|true
11:03:04.0 (77000111)|SYSTEM_MODE_ENTER|true
11:03:04.0 (79282892)|SYSTEM_MODE_ENTER|true
11:03:04.0 (79365456)|SYSTEM_MODE_ENTER|true
11:03:04.0 (79965655)|SYSTEM_MODE_ENTER|true
11:03:04.0 (80003800)|HEAP_ALLOCATE|[EXTERNAL]|Bytes:76
11:03:04.0 (80012882)|VARIABLE_SCOPE_BEGIN|[141]|this|saDailyReportCtrl|true|false
11:03:04.0 (80186559)|VARIABLE_ASSIGNMENT|[141]|this|{"BusinessLocationName":"","currentInquiryReply":"0x85d0bd","currentInquiryReplyDetail":"0x18fc2c84","dailyReportId":"a0IN0000006RUllMAG","dCurrentDay":"2018-06-30T00:00:00Z","dCurrentMonth":"2018-07-01T00:00:00Z","iCurrentDay":0,"idBusinessLocation":"","isIPhone":false,"isPreview":true,"lsBusinessLocation":"0x8d4a9e","messageError":"","messageQuestion":"","mpQuestions":"0x9595bba","myUser":"0x62f8a6b4","sourceOfTheCall":"preview"}|0x5a688fc6
11:03:04.0 (80206590)|SYSTEM_MODE_ENTER|false
11:03:04.0 (80214619)|HEAP_ALLOCATE|[142]|Bytes:5
11:03:04.0 (80220608)|STATEMENT_EXECUTE|[141]
11:03:04.0 (80222635)|STATEMENT_EXECUTE|[142]
11:03:04.0 (80287730)|HEAP_ALLOCATE|[142]|Bytes:4
11:03:04.0 (80299614)|HEAP_ALLOCATE|[142]|Bytes:1
11:03:04.0 (80321283)|HEAP_ALLOCATE|[142]|Bytes:1
11:03:04.0 (80329865)|HEAP_ALLOCATE|[142]|Bytes:1
11:03:04.0 (80356331)|HEAP_ALLOCATE|[142]|Bytes:2
11:03:04.0 (80369910)|HEAP_ALLOCATE|[142]|Bytes:9
11:03:04.0 (80377413)|HEAP_ALLOCATE|[142]|Bytes:10
11:03:04.0 (80384141)|SYSTEM_MODE_EXIT|false
11:03:04.0 (80570005)|SYSTEM_MODE_ENTER|true
11:03:04.0 (80993170)|SYSTEM_MODE_ENTER|true
11:03:04.0 (94658231)|VF_SERIALIZE_VIEWSTATE_BEGIN|066N0000000M4pW
11:03:04.0 (98293783)|VF_SERIALIZE_VIEWSTATE_END
11:03:04.101 (101710181)|CUMULATIVE_LIMIT_USAGE
11:03:04.101 (101710181)|LIMIT_USAGE_FOR_NS|(default)|
  Number of SOQL queries: 5 out of 100
  Number of query rows: 2 out of 50000
  Number of SOSL queries: 0 out of 20
  Number of DML statements: 0 out of 150
  Number of DML rows: 0 out of 10000
  Maximum CPU time: 0 out of 10000
  Maximum heap size: 0 out of 6000000
  Number of callouts: 0 out of 100
  Number of Email Invocations: 0 out of 10
  Number of future calls: 0 out of 50
  Number of queueable jobs added to the queue: 0 out of 50
  Number of Mobile Apex push calls: 0 out of 10

11:03:04.101 (101710181)|CUMULATIVE_LIMIT_USAGE_END

11:03:04.0 (101752087)|CODE_UNIT_FINISHED|VF: /apex/sadailyreport
11:03:04.0 (102436410)|EXECUTION_FINISHED
