42.0 APEX_CODE,FINEST;APEX_PROFILING,INFO;CALLOUT,INFO;DB,INFO;NBA,INFO;SYSTEM,DEBUG;VALIDATION,INFO;VISUALFORCE,INFO;WAVE,INFO;WORKFLOW,INFO
10:51:43.0 (72570)|USER_INFO|[EXTERNAL]|005N00000057PfO|thomas.remy+kddi_gwdev01@globalway.co.jp|Japan Standard Time|GMT+09:00
10:51:43.0 (108444)|EXECUTION_STARTED
10:51:43.0 (112854)|CODE_UNIT_STARTED|[EXTERNAL]|066N0000000M4pW|VF: /apex/sadailyreport
10:51:43.0 (264346)|VF_DESERIALIZE_VIEWSTATE_BEGIN|066N0000000M4pW
10:51:43.0 (3488864)|HEAP_ALLOCATE|[72]|Bytes:3
10:51:43.0 (3528497)|HEAP_ALLOCATE|[77]|Bytes:152
10:51:43.0 (3544917)|HEAP_ALLOCATE|[342]|Bytes:408
10:51:43.0 (3561171)|HEAP_ALLOCATE|[355]|Bytes:408
10:51:43.0 (3576494)|HEAP_ALLOCATE|[467]|Bytes:48
10:51:43.0 (3600997)|HEAP_ALLOCATE|[139]|Bytes:6
10:51:43.0 (4425972)|HEAP_ALLOCATE|[50]|Bytes:5
10:51:43.0 (4450676)|HEAP_ALLOCATE|[56]|Bytes:5
10:51:43.0 (4460337)|HEAP_ALLOCATE|[64]|Bytes:7
10:51:43.0 (5198916)|VARIABLE_SCOPE_BEGIN|[3]|saDailyReportCtrl.SOURCE|String|false|true
10:51:43.0 (5211035)|VARIABLE_SCOPE_BEGIN|[4]|saDailyReportCtrl.SOURCE_ID|String|false|true
10:51:43.0 (6246163)|VARIABLE_SCOPE_BEGIN|[25]|auMainTopCompCtrl.TYPE_SCREEN_ACCOUNT_LIST|Integer|false|true
10:51:43.0 (6257781)|VARIABLE_SCOPE_BEGIN|[26]|auMainTopCompCtrl.TYPE_SCREEN_ACTIVITY_LIST|Integer|false|true
10:51:43.0 (6264126)|VARIABLE_SCOPE_BEGIN|[7]|auMainTopCompCtrl.TYPE_SCREEN_CX_SCREEN|Integer|false|true
10:51:43.0 (6270277)|VARIABLE_SCOPE_BEGIN|[8]|auMainTopCompCtrl.TYPE_SCREEN_CX_TIMELINE|Integer|false|true
10:51:43.0 (6277135)|VARIABLE_SCOPE_BEGIN|[9]|auMainTopCompCtrl.TYPE_SCREEN_EVENT_SCHEDULE|Integer|false|true
10:51:43.0 (6284072)|VARIABLE_SCOPE_BEGIN|[10]|auMainTopCompCtrl.TYPE_SCREEN_EVENT_SCHEDULE_LIST|Integer|false|true
10:51:43.0 (6290482)|VARIABLE_SCOPE_BEGIN|[27]|auMainTopCompCtrl.TYPE_SCREEN_FILE_LIST|Integer|false|true
10:51:43.0 (6296143)|VARIABLE_SCOPE_BEGIN|[24]|auMainTopCompCtrl.TYPE_SCREEN_HONBU_DIRECT|Integer|false|true
10:51:43.0 (6301578)|VARIABLE_SCOPE_BEGIN|[11]|auMainTopCompCtrl.TYPE_SCREEN_KNOWLEDGE_DASHBOARD|Integer|false|true
10:51:43.0 (6307602)|VARIABLE_SCOPE_BEGIN|[12]|auMainTopCompCtrl.TYPE_SCREEN_KNOWLEDGE_LIST|Integer|false|true
10:51:43.0 (6313368)|VARIABLE_SCOPE_BEGIN|[15]|auMainTopCompCtrl.TYPE_SCREEN_SA_CHATTER|Integer|false|true
10:51:43.0 (6318937)|VARIABLE_SCOPE_BEGIN|[16]|auMainTopCompCtrl.TYPE_SCREEN_SA_DAILYREPORT|Integer|false|true
10:51:43.0 (6325031)|VARIABLE_SCOPE_BEGIN|[22]|auMainTopCompCtrl.TYPE_SCREEN_SA_DAILYREPORTLIST|Integer|false|true
10:51:43.0 (6331087)|VARIABLE_SCOPE_BEGIN|[18]|auMainTopCompCtrl.TYPE_SCREEN_SA_DOCUMENTS|Integer|false|true
10:51:43.0 (6337159)|VARIABLE_SCOPE_BEGIN|[17]|auMainTopCompCtrl.TYPE_SCREEN_SA_ENQUETE|Integer|false|true
10:51:43.0 (6342884)|VARIABLE_SCOPE_BEGIN|[20]|auMainTopCompCtrl.TYPE_SCREEN_SA_LINKS|Integer|false|true
10:51:43.0 (6348889)|VARIABLE_SCOPE_BEGIN|[13]|auMainTopCompCtrl.TYPE_SCREEN_SA_MESSAGES|Integer|false|true
10:51:43.0 (6354932)|VARIABLE_SCOPE_BEGIN|[19]|auMainTopCompCtrl.TYPE_SCREEN_SA_RANKING|Integer|false|true
10:51:43.0 (6360825)|VARIABLE_SCOPE_BEGIN|[14]|auMainTopCompCtrl.TYPE_SCREEN_SA_REPORTS|Integer|false|true
10:51:43.0 (6366645)|VARIABLE_SCOPE_BEGIN|[23]|auMainTopCompCtrl.TYPE_SCREEN_SA_TODO|Integer|false|true
10:51:43.0 (6372629)|VARIABLE_SCOPE_BEGIN|[21]|auMainTopCompCtrl.TYPE_SCREEN_SA_USRSETTINGS|Integer|false|true
10:51:43.0 (6378853)|VARIABLE_SCOPE_BEGIN|[4]|auMainTopCompCtrl.TYPE_SCREEN_STPD_EVENT|Integer|false|true
10:51:43.0 (6385229)|VARIABLE_SCOPE_BEGIN|[6]|auMainTopCompCtrl.TYPE_SCREEN_STPD_SCREEN|Integer|false|true
10:51:43.0 (6391239)|VARIABLE_SCOPE_BEGIN|[5]|auMainTopCompCtrl.TYPE_SCREEN_STPD_TIMELINE|Integer|false|true
10:51:43.0 (6397768)|VARIABLE_SCOPE_BEGIN|[3]|auMainTopCompCtrl.TYPE_SCREEN_SWITCH|Integer|false|true
10:51:43.0 (7528909)|VF_DESERIALIZE_VIEWSTATE_END
10:51:43.0 (9845778)|SYSTEM_MODE_ENTER|true
10:51:43.0 (10099549)|HEAP_ALLOCATE|[EXTERNAL]|Bytes:284
10:51:43.0 (10113547)|HEAP_ALLOCATE|[EXTERNAL]|Bytes:146
10:51:43.0 (10127398)|METHOD_ENTRY|[1]|01pN0000000Mill|auMainTopCompCtrl.auMainTopCompCtrl()
10:51:43.0 (10134119)|STATEMENT_EXECUTE|[1]
10:51:43.0 (10139684)|STATEMENT_EXECUTE|[1]
10:51:43.0 (10141139)|STATEMENT_EXECUTE|[3]
10:51:43.0 (10148181)|HEAP_ALLOCATE|[3]|Bytes:4
10:51:43.0 (10175153)|VARIABLE_ASSIGNMENT|[3]|auMainTopCompCtrl.TYPE_SCREEN_SWITCH|0
10:51:43.0 (10181986)|STATEMENT_EXECUTE|[4]
10:51:43.0 (10184947)|HEAP_ALLOCATE|[4]|Bytes:4
10:51:43.0 (10193615)|VARIABLE_ASSIGNMENT|[4]|auMainTopCompCtrl.TYPE_SCREEN_STPD_EVENT|11
10:51:43.0 (10197859)|STATEMENT_EXECUTE|[5]
10:51:43.0 (10200400)|HEAP_ALLOCATE|[5]|Bytes:4
10:51:43.0 (10206767)|VARIABLE_ASSIGNMENT|[5]|auMainTopCompCtrl.TYPE_SCREEN_STPD_TIMELINE|12
10:51:43.0 (10211250)|STATEMENT_EXECUTE|[6]
10:51:43.0 (10213486)|HEAP_ALLOCATE|[6]|Bytes:4
10:51:43.0 (10219388)|VARIABLE_ASSIGNMENT|[6]|auMainTopCompCtrl.TYPE_SCREEN_STPD_SCREEN|13
10:51:43.0 (10223366)|STATEMENT_EXECUTE|[7]
10:51:43.0 (10225208)|HEAP_ALLOCATE|[7]|Bytes:4
10:51:43.0 (10231083)|VARIABLE_ASSIGNMENT|[7]|auMainTopCompCtrl.TYPE_SCREEN_CX_SCREEN|21
10:51:43.0 (10234951)|STATEMENT_EXECUTE|[8]
10:51:43.0 (10237006)|HEAP_ALLOCATE|[8]|Bytes:4
10:51:43.0 (10242244)|VARIABLE_ASSIGNMENT|[8]|auMainTopCompCtrl.TYPE_SCREEN_CX_TIMELINE|22
10:51:43.0 (10246647)|STATEMENT_EXECUTE|[9]
10:51:43.0 (10248654)|HEAP_ALLOCATE|[9]|Bytes:4
10:51:43.0 (10253645)|VARIABLE_ASSIGNMENT|[9]|auMainTopCompCtrl.TYPE_SCREEN_EVENT_SCHEDULE|31
10:51:43.0 (10257244)|STATEMENT_EXECUTE|[10]
10:51:43.0 (10259276)|HEAP_ALLOCATE|[10]|Bytes:4
10:51:43.0 (10264621)|VARIABLE_ASSIGNMENT|[10]|auMainTopCompCtrl.TYPE_SCREEN_EVENT_SCHEDULE_LIST|32
10:51:43.0 (10268543)|STATEMENT_EXECUTE|[11]
10:51:43.0 (10270538)|HEAP_ALLOCATE|[11]|Bytes:4
10:51:43.0 (10275856)|VARIABLE_ASSIGNMENT|[11]|auMainTopCompCtrl.TYPE_SCREEN_KNOWLEDGE_DASHBOARD|41
10:51:43.0 (10279547)|STATEMENT_EXECUTE|[12]
10:51:43.0 (10281364)|HEAP_ALLOCATE|[12]|Bytes:4
10:51:43.0 (10286612)|VARIABLE_ASSIGNMENT|[12]|auMainTopCompCtrl.TYPE_SCREEN_KNOWLEDGE_LIST|42
10:51:43.0 (10290546)|STATEMENT_EXECUTE|[13]
10:51:43.0 (10292564)|HEAP_ALLOCATE|[13]|Bytes:4
10:51:43.0 (10298668)|VARIABLE_ASSIGNMENT|[13]|auMainTopCompCtrl.TYPE_SCREEN_SA_MESSAGES|51
10:51:43.0 (10302629)|STATEMENT_EXECUTE|[14]
10:51:43.0 (10304549)|HEAP_ALLOCATE|[14]|Bytes:4
10:51:43.0 (10310229)|VARIABLE_ASSIGNMENT|[14]|auMainTopCompCtrl.TYPE_SCREEN_SA_REPORTS|52
10:51:43.0 (10314417)|STATEMENT_EXECUTE|[15]
10:51:43.0 (10316320)|HEAP_ALLOCATE|[15]|Bytes:4
10:51:43.0 (10322419)|VARIABLE_ASSIGNMENT|[15]|auMainTopCompCtrl.TYPE_SCREEN_SA_CHATTER|53
10:51:43.0 (10326724)|STATEMENT_EXECUTE|[16]
10:51:43.0 (10329023)|HEAP_ALLOCATE|[16]|Bytes:4
10:51:43.0 (10334258)|VARIABLE_ASSIGNMENT|[16]|auMainTopCompCtrl.TYPE_SCREEN_SA_DAILYREPORT|54
10:51:43.0 (10337565)|STATEMENT_EXECUTE|[17]
10:51:43.0 (10339559)|HEAP_ALLOCATE|[17]|Bytes:4
10:51:43.0 (10345120)|VARIABLE_ASSIGNMENT|[17]|auMainTopCompCtrl.TYPE_SCREEN_SA_ENQUETE|55
10:51:43.0 (10348626)|STATEMENT_EXECUTE|[18]
10:51:43.0 (10350434)|HEAP_ALLOCATE|[18]|Bytes:4
10:51:43.0 (10355804)|VARIABLE_ASSIGNMENT|[18]|auMainTopCompCtrl.TYPE_SCREEN_SA_DOCUMENTS|56
10:51:43.0 (10359016)|STATEMENT_EXECUTE|[19]
10:51:43.0 (10360964)|HEAP_ALLOCATE|[19]|Bytes:4
10:51:43.0 (10366829)|VARIABLE_ASSIGNMENT|[19]|auMainTopCompCtrl.TYPE_SCREEN_SA_RANKING|57
10:51:43.0 (10370019)|STATEMENT_EXECUTE|[20]
10:51:43.0 (10372143)|HEAP_ALLOCATE|[20]|Bytes:4
10:51:43.0 (10377845)|VARIABLE_ASSIGNMENT|[20]|auMainTopCompCtrl.TYPE_SCREEN_SA_LINKS|58
10:51:43.0 (10381197)|STATEMENT_EXECUTE|[21]
10:51:43.0 (10383055)|HEAP_ALLOCATE|[21]|Bytes:4
10:51:43.0 (10388888)|VARIABLE_ASSIGNMENT|[21]|auMainTopCompCtrl.TYPE_SCREEN_SA_USRSETTINGS|59
10:51:43.0 (10392335)|STATEMENT_EXECUTE|[22]
10:51:43.0 (10394149)|HEAP_ALLOCATE|[22]|Bytes:4
10:51:43.0 (10399995)|VARIABLE_ASSIGNMENT|[22]|auMainTopCompCtrl.TYPE_SCREEN_SA_DAILYREPORTLIST|60
10:51:43.0 (10403561)|STATEMENT_EXECUTE|[23]
10:51:43.0 (10405505)|HEAP_ALLOCATE|[23]|Bytes:4
10:51:43.0 (10413141)|VARIABLE_ASSIGNMENT|[23]|auMainTopCompCtrl.TYPE_SCREEN_SA_TODO|61
10:51:43.0 (10417808)|STATEMENT_EXECUTE|[24]
10:51:43.0 (10419959)|HEAP_ALLOCATE|[24]|Bytes:4
10:51:43.0 (10425927)|VARIABLE_ASSIGNMENT|[24]|auMainTopCompCtrl.TYPE_SCREEN_HONBU_DIRECT|71
10:51:43.0 (10430123)|STATEMENT_EXECUTE|[25]
10:51:43.0 (10432075)|HEAP_ALLOCATE|[25]|Bytes:4
10:51:43.0 (10436830)|VARIABLE_ASSIGNMENT|[25]|auMainTopCompCtrl.TYPE_SCREEN_ACCOUNT_LIST|81
10:51:43.0 (10440739)|STATEMENT_EXECUTE|[26]
10:51:43.0 (10442509)|HEAP_ALLOCATE|[26]|Bytes:4
10:51:43.0 (10447252)|VARIABLE_ASSIGNMENT|[26]|auMainTopCompCtrl.TYPE_SCREEN_ACTIVITY_LIST|82
10:51:43.0 (10451114)|STATEMENT_EXECUTE|[27]
10:51:43.0 (10453227)|HEAP_ALLOCATE|[27]|Bytes:4
10:51:43.0 (10458812)|VARIABLE_ASSIGNMENT|[27]|auMainTopCompCtrl.TYPE_SCREEN_FILE_LIST|83
10:51:43.0 (10467073)|METHOD_EXIT|[1]|auMainTopCompCtrl
10:51:43.0 (10474027)|HEAP_ALLOCATE|[EXTERNAL]|Bytes:40
10:51:43.0 (10481169)|VARIABLE_SCOPE_BEGIN|[80]|this|auMainTopCompCtrl|true|false
10:51:43.0 (10543842)|VARIABLE_ASSIGNMENT|[80]|this|{"currentUser":"0xb0c050d","iTypeOfScreen":54,"urlReportsSFA":"https://cs6.lightnin (84 more) ..."}|0x435cc643
10:51:43.0 (10556698)|STATEMENT_EXECUTE|[80]
10:51:43.0 (10558471)|STATEMENT_EXECUTE|[81]
10:51:43.0 (10606809)|VARIABLE_ASSIGNMENT|[EXTERNAL]|this|{"currentUser":"0xb0c050d","iTypeOfScreen":54,"urlReportsSFA":"https://cs6.lightnin (84 more) ..."}|0x435cc643
10:51:43.0 (10698213)|VARIABLE_ASSIGNMENT|[EXTERNAL]|this|{"currentUser":"0xb0c050d","iTypeOfScreen":54,"urlReportsSFA":"https://cs6.lightnin (84 more) ..."}|0x435cc643
10:51:43.0 (10758666)|VARIABLE_ASSIGNMENT|[EXTERNAL]|this|{"currentUser":"0xb0c050d","iTypeOfScreen":54,"urlReportsSFA":"https://cs6.lightnin (84 more) ..."}|0x435cc643
10:51:43.0 (10794948)|VARIABLE_ASSIGNMENT|[EXTERNAL]|this|{"currentUser":"0xb0c050d","iTypeOfScreen":54,"urlReportsSFA":"https://cs6.lightnin (84 more) ..."}|0x435cc643
10:51:43.0 (10817477)|HEAP_ALLOCATE|[81]|Bytes:5
10:51:43.0 (10928663)|SYSTEM_MODE_ENTER|true
10:51:43.0 (10962128)|HEAP_ALLOCATE|[EXTERNAL]|Bytes:40
10:51:43.0 (10968918)|VARIABLE_SCOPE_BEGIN|[99]|this|auMainTopCompCtrl|true|false
10:51:43.0 (11000059)|VARIABLE_ASSIGNMENT|[99]|this|{"currentUser":"0xb0c050d","iTypeOfScreen":54,"urlReportsSFA":"https://cs6.lightnin (84 more) ..."}|0x435cc643
10:51:43.0 (11010294)|STATEMENT_EXECUTE|[99]
10:51:43.0 (11012214)|STATEMENT_EXECUTE|[100]
10:51:43.0 (11044237)|VARIABLE_ASSIGNMENT|[EXTERNAL]|this|{"currentUser":"0xb0c050d","iTypeOfScreen":54,"urlReportsSFA":"https://cs6.lightnin (84 more) ..."}|0x435cc643
10:51:43.0 (11058893)|HEAP_ALLOCATE|[100]|Bytes:5
10:51:43.0 (11140544)|SYSTEM_MODE_ENTER|true
10:51:43.0 (11162690)|HEAP_ALLOCATE|[EXTERNAL]|Bytes:40
10:51:43.0 (11175752)|VARIABLE_ASSIGNMENT|[EXTERNAL]|this.iCountComments|null|0x435cc643
10:51:43.0 (11220516)|SYSTEM_MODE_ENTER|true
10:51:43.0 (11232906)|HEAP_ALLOCATE|[EXTERNAL]|Bytes:40
10:51:43.0 (11240718)|VARIABLE_ASSIGNMENT|[EXTERNAL]|this.iCountLikes|null|0x435cc643
10:51:43.0 (11323436)|SYSTEM_MODE_ENTER|true
10:51:43.0 (11358888)|HEAP_ALLOCATE|[EXTERNAL]|Bytes:26
10:51:43.0 (11367289)|HEAP_ALLOCATE|[EXTERNAL]|Bytes:460
10:51:43.0 (11371818)|HEAP_ALLOCATE|[EXTERNAL]|Bytes:113
10:51:43.0 (11375121)|HEAP_ALLOCATE|[EXTERNAL]|Bytes:39
10:51:43.0 (11379458)|HEAP_ALLOCATE|[EXTERNAL]|Bytes:3
10:51:43.0 (11388595)|VARIABLE_ASSIGNMENT|[EXTERNAL]|saDailyReportCtrl.SOURCE|"src"
10:51:43.0 (11393924)|HEAP_ALLOCATE|[EXTERNAL]|Bytes:2
10:51:43.0 (11399539)|VARIABLE_ASSIGNMENT|[EXTERNAL]|saDailyReportCtrl.SOURCE_ID|"id"
10:51:43.0 (11407905)|METHOD_ENTRY|[1]|01pN0000000aE0W|saDailyReportCtrl.saDailyReportCtrl()
10:51:43.0 (11413728)|STATEMENT_EXECUTE|[1]
10:51:43.0 (11417356)|STATEMENT_EXECUTE|[1]
10:51:43.0 (11424870)|SYSTEM_MODE_ENTER|false
10:51:43.0 (11432699)|HEAP_ALLOCATE|[EXTERNAL]|Bytes:5
10:51:43.0 (11437635)|STATEMENT_EXECUTE|[651]
10:51:43.0 (11439716)|STATEMENT_EXECUTE|[678]
10:51:43.0 (11444506)|SYSTEM_MODE_EXIT|false
10:51:43.0 (11451591)|METHOD_EXIT|[1]|saDailyReportCtrl
10:51:43.0 (11456962)|HEAP_ALLOCATE|[EXTERNAL]|Bytes:76
10:51:43.0 (11461748)|VARIABLE_SCOPE_BEGIN|[92]|this|saDailyReportCtrl|true|false
10:51:43.0 (11810676)|VARIABLE_ASSIGNMENT|[92]|this|{"BusinessLocationName":"","currentInquiryReply":"0x6fb0539d","currentInquiryReplyDetail":"0x4afbeef6","dailyReportId":"a0IN0000006RUllMAG","dCurrentDay":"2018-06-30T00:00:00Z","dCurrentMonth":"2018-07-01T00:00:00Z","iCurrentDay":0,"idBusinessLocation":"","isIPhone":false,"isPreview":true,"lsBusinessLocation":"0x21b4aec9","messageError":"","messageQuestion":"","mpQuestions":"0x6c43cf28","myUser":"0x1825586","sourceOfTheCall":"preview"}|0x59429f08
10:51:43.0 (11831161)|SYSTEM_MODE_ENTER|false
10:51:43.0 (11837981)|HEAP_ALLOCATE|[92]|Bytes:5
10:51:43.0 (11843615)|STATEMENT_EXECUTE|[92]
10:51:43.0 (11845526)|STATEMENT_EXECUTE|[92]
10:51:43.0 (11850957)|SYSTEM_MODE_EXIT|false
10:51:43.0 (11911035)|SYSTEM_MODE_ENTER|true
10:51:43.0 (11934757)|HEAP_ALLOCATE|[EXTERNAL]|Bytes:8
10:51:43.0 (11940122)|HEAP_ALLOCATE|[EXTERNAL]|Bytes:40
10:51:43.0 (11949864)|VARIABLE_ASSIGNMENT|[EXTERNAL]|this.iTypeOfScreen|54|0x435cc643
10:51:43.0 (12127135)|SYSTEM_MODE_ENTER|true
10:51:43.0 (12222015)|SYSTEM_MODE_ENTER|true
10:51:43.0 (12303993)|SYSTEM_MODE_ENTER|true
10:51:43.0 (12493981)|SYSTEM_MODE_ENTER|true
10:51:43.0 (13696620)|SYSTEM_MODE_ENTER|true
10:51:43.0 (15564104)|SYSTEM_MODE_ENTER|true
10:51:43.0 (15614755)|SYSTEM_MODE_ENTER|true
10:51:43.0 (15651857)|SYSTEM_MODE_ENTER|true
10:51:43.0 (15686783)|SYSTEM_MODE_ENTER|true
10:51:43.0 (15719961)|SYSTEM_MODE_ENTER|true
10:51:43.0 (15768608)|SYSTEM_MODE_ENTER|true
10:51:43.0 (15802222)|HEAP_ALLOCATE|[EXTERNAL]|Bytes:40
10:51:43.0 (15809415)|VARIABLE_SCOPE_BEGIN|[80]|this|auMainTopCompCtrl|true|false
10:51:43.0 (15847994)|VARIABLE_ASSIGNMENT|[80]|this|{"currentUser":"0xb0c050d","iTypeOfScreen":54,"urlReportsSFA":"https://cs6.lightnin (84 more) ..."}|0x435cc643
10:51:43.0 (15858431)|STATEMENT_EXECUTE|[80]
10:51:43.0 (15860725)|STATEMENT_EXECUTE|[81]
10:51:43.0 (15891018)|VARIABLE_ASSIGNMENT|[EXTERNAL]|this|{"currentUser":"0xb0c050d","iTypeOfScreen":54,"urlReportsSFA":"https://cs6.lightnin (84 more) ..."}|0x435cc643
10:51:43.0 (15931545)|VARIABLE_ASSIGNMENT|[EXTERNAL]|this|{"currentUser":"0xb0c050d","iTypeOfScreen":54,"urlReportsSFA":"https://cs6.lightnin (84 more) ..."}|0x435cc643
10:51:43.0 (15963860)|VARIABLE_ASSIGNMENT|[EXTERNAL]|this|{"currentUser":"0xb0c050d","iTypeOfScreen":54,"urlReportsSFA":"https://cs6.lightnin (84 more) ..."}|0x435cc643
10:51:43.0 (15993409)|VARIABLE_ASSIGNMENT|[EXTERNAL]|this|{"currentUser":"0xb0c050d","iTypeOfScreen":54,"urlReportsSFA":"https://cs6.lightnin (84 more) ..."}|0x435cc643
10:51:43.0 (16007065)|HEAP_ALLOCATE|[81]|Bytes:5
10:51:43.0 (16055887)|SYSTEM_MODE_ENTER|true
10:51:43.0 (16084040)|HEAP_ALLOCATE|[EXTERNAL]|Bytes:40
10:51:43.0 (16089853)|VARIABLE_SCOPE_BEGIN|[99]|this|auMainTopCompCtrl|true|false
10:51:43.0 (16119049)|VARIABLE_ASSIGNMENT|[99]|this|{"currentUser":"0xb0c050d","iTypeOfScreen":54,"urlReportsSFA":"https://cs6.lightnin (84 more) ..."}|0x435cc643
10:51:43.0 (16128593)|STATEMENT_EXECUTE|[99]
10:51:43.0 (16130340)|STATEMENT_EXECUTE|[100]
10:51:43.0 (16156259)|VARIABLE_ASSIGNMENT|[EXTERNAL]|this|{"currentUser":"0xb0c050d","iTypeOfScreen":54,"urlReportsSFA":"https://cs6.lightnin (84 more) ..."}|0x435cc643
10:51:43.0 (16169646)|HEAP_ALLOCATE|[100]|Bytes:5
10:51:43.0 (18819253)|SYSTEM_MODE_ENTER|true
10:51:43.0 (18842358)|HEAP_ALLOCATE|[EXTERNAL]|Bytes:16
10:51:43.0 (18848594)|HEAP_ALLOCATE|[EXTERNAL]|Bytes:76
10:51:43.0 (18861655)|VARIABLE_ASSIGNMENT|[EXTERNAL]|this.messageError|"正しいデーターを入れてください。"|0x59429f08
10:51:43.0 (18892163)|SYSTEM_MODE_ENTER|true
10:51:43.0 (18905250)|HEAP_ALLOCATE|[EXTERNAL]|Bytes:76
10:51:43.0 (18913533)|VARIABLE_ASSIGNMENT|[EXTERNAL]|this.messageQuestion|""|0x59429f08
10:51:43.0 (18951570)|SYSTEM_MODE_ENTER|true
10:51:43.0 (18967338)|HEAP_ALLOCATE|[EXTERNAL]|Bytes:5
10:51:43.0 (18971778)|HEAP_ALLOCATE|[EXTERNAL]|Bytes:76
10:51:43.0 (18979497)|VARIABLE_ASSIGNMENT|[EXTERNAL]|this.isPreview|true|0x59429f08
10:51:43.0 (19001734)|SYSTEM_MODE_ENTER|true
10:51:43.0 (19013262)|HEAP_ALLOCATE|[EXTERNAL]|Bytes:76
10:51:43.0 (19020281)|VARIABLE_ASSIGNMENT|[EXTERNAL]|this.idBusinessLocation|""|0x59429f08
10:51:43.0 (19042492)|SYSTEM_MODE_ENTER|true
10:51:43.0 (19053895)|HEAP_ALLOCATE|[EXTERNAL]|Bytes:8
10:51:43.0 (19057969)|HEAP_ALLOCATE|[EXTERNAL]|Bytes:76
10:51:43.0 (19064176)|VARIABLE_ASSIGNMENT|[EXTERNAL]|this.iCurrentDay|0|0x59429f08
10:51:43.0 (19141861)|SYSTEM_MODE_ENTER|true
10:51:43.0 (19155032)|HEAP_ALLOCATE|[EXTERNAL]|Bytes:40
10:51:43.0 (19163293)|VARIABLE_ASSIGNMENT|[EXTERNAL]|this.iCountComments|null|0x435cc643
10:51:43.0 (19195177)|SYSTEM_MODE_ENTER|true
10:51:43.0 (19205663)|HEAP_ALLOCATE|[EXTERNAL]|Bytes:40
10:51:43.0 (19212710)|VARIABLE_ASSIGNMENT|[EXTERNAL]|this.iCountLikes|null|0x435cc643
10:51:43.0 (19248298)|SYSTEM_MODE_ENTER|true
10:51:43.0 (19281167)|HEAP_ALLOCATE|[EXTERNAL]|Bytes:76
10:51:43.0 (19287443)|VARIABLE_SCOPE_BEGIN|[92]|this|saDailyReportCtrl|true|false
10:51:43.0 (19494424)|VARIABLE_ASSIGNMENT|[92]|this|{"BusinessLocationName":"","currentInquiryReply":"0x6fb0539d","currentInquiryReplyDetail":"0x4afbeef6","dailyReportId":"a0IN0000006RUllMAG","dCurrentDay":"2018-06-30T00:00:00Z","dCurrentMonth":"2018-07-01T00:00:00Z","iCurrentDay":0,"idBusinessLocation":"","isIPhone":false,"isPreview":true,"lsBusinessLocation":"0x21b4aec9","messageError":"正しいデーターを入れてください。","messageQuestion":"","mpQuestions":"0x6c43cf28","myUser":"0x1825586","sourceOfTheCall":"preview"}|0x59429f08
10:51:43.0 (19514602)|SYSTEM_MODE_ENTER|false
10:51:43.0 (19522073)|HEAP_ALLOCATE|[92]|Bytes:5
10:51:43.0 (19527297)|STATEMENT_EXECUTE|[92]
10:51:43.0 (19529251)|STATEMENT_EXECUTE|[92]
10:51:43.0 (19533718)|SYSTEM_MODE_EXIT|false
10:51:43.0 (19575719)|SYSTEM_MODE_ENTER|true
10:51:43.0 (19589784)|HEAP_ALLOCATE|[EXTERNAL]|Bytes:8
10:51:43.0 (19594499)|HEAP_ALLOCATE|[EXTERNAL]|Bytes:40
10:51:43.0 (19602493)|VARIABLE_ASSIGNMENT|[EXTERNAL]|this.iTypeOfScreen|54|0x435cc643
10:51:43.0 (19738618)|SYSTEM_MODE_ENTER|true
10:51:43.0 (22035940)|HEAP_ALLOCATE|[EXTERNAL]|Bytes:76
10:51:43.0 (22047070)|VARIABLE_SCOPE_BEGIN|[199]|this|saDailyReportCtrl|true|false
10:51:43.0 (22214328)|VARIABLE_ASSIGNMENT|[199]|this|{"BusinessLocationName":"","currentInquiryReply":"0x6fb0539d","currentInquiryReplyDetail":"0x4afbeef6","dailyReportId":"a0IN0000006RUllMAG","dCurrentDay":"2018-06-30T00:00:00Z","dCurrentMonth":"2018-07-01T00:00:00Z","iCurrentDay":0,"idBusinessLocation":"","isIPhone":false,"isPreview":true,"lsBusinessLocation":"0x21b4aec9","messageError":"正しいデーターを入れてください。","messageQuestion":"","mpQuestions":"0x6c43cf28","myUser":"0x1825586","sourceOfTheCall":"preview"}|0x59429f08
10:51:43.0 (22234969)|SYSTEM_MODE_ENTER|false
10:51:43.0 (22243196)|HEAP_ALLOCATE|[201]|Bytes:5
10:51:43.0 (22249019)|STATEMENT_EXECUTE|[199]
10:51:43.0 (22251106)|STATEMENT_EXECUTE|[201]
10:51:43.0 (22412725)|VARIABLE_ASSIGNMENT|[EXTERNAL]|this|{"BusinessLocationName":"","currentInquiryReply":"0x6fb0539d","currentInquiryReplyDetail":"0x4afbeef6","dailyReportId":"a0IN0000006RUllMAG","dCurrentDay":"2018-06-30T00:00:00Z","dCurrentMonth":"2018-07-01T00:00:00Z","iCurrentDay":0,"idBusinessLocation":"","isIPhone":false,"isPreview":true,"lsBusinessLocation":"0x21b4aec9","messageError":"正しいデーターを入れてください。","messageQuestion":"","mpQuestions":"0x6c43cf28","myUser":"0x1825586","sourceOfTheCall":"preview"}|0x59429f08
10:51:43.0 (22429086)|VARIABLE_ASSIGNMENT|[EXTERNAL]|value|""
10:51:43.0 (22441871)|VARIABLE_ASSIGNMENT|[6]|this.messageError|""|0x59429f08
10:51:43.0 (22453398)|STATEMENT_EXECUTE|[202]
10:51:43.0 (22592791)|VARIABLE_ASSIGNMENT|[EXTERNAL]|this|{"BusinessLocationName":"","currentInquiryReply":"0x6fb0539d","currentInquiryReplyDetail":"0x4afbeef6","dailyReportId":"a0IN0000006RUllMAG","dCurrentDay":"2018-06-30T00:00:00Z","dCurrentMonth":"2018-07-01T00:00:00Z","iCurrentDay":0,"idBusinessLocation":"","isIPhone":false,"isPreview":true,"lsBusinessLocation":"0x21b4aec9","messageError":"","messageQuestion":"","mpQuestions":"0x6c43cf28","myUser":"0x1825586","sourceOfTheCall":"preview"}|0x59429f08
10:51:43.0 (22608019)|VARIABLE_ASSIGNMENT|[EXTERNAL]|value|""
10:51:43.0 (22617411)|VARIABLE_ASSIGNMENT|[7]|this.messageQuestion|""|0x59429f08
10:51:43.0 (22626950)|STATEMENT_EXECUTE|[204]
10:51:43.0 (22628675)|STATEMENT_EXECUTE|[204]
10:51:43.0 (22630283)|STATEMENT_EXECUTE|[206]
10:51:43.0 (22817337)|VARIABLE_ASSIGNMENT|[EXTERNAL]|this|{"BusinessLocationName":"","currentInquiryReply":"0x6fb0539d","currentInquiryReplyDetail":"0x4afbeef6","dailyReportId":"a0IN0000006RUllMAG","dCurrentDay":"2018-06-30T00:00:00Z","dCurrentMonth":"2018-07-01T00:00:00Z","iCurrentDay":0,"idBusinessLocation":"","isIPhone":false,"isPreview":true,"lsBusinessLocation":"0x21b4aec9","messageError":"","messageQuestion":"","mpQuestions":"0x6c43cf28","myUser":"0x1825586","sourceOfTheCall":"preview"}|0x59429f08
10:51:43.0 (22870189)|HEAP_ALLOCATE|[206]|Bytes:4
10:51:43.0 (22903626)|VARIABLE_ASSIGNMENT|[206]|this.dCurrentDay|"2018-06-30T00:00:00.000Z"|0x59429f08
10:51:43.0 (22910235)|STATEMENT_EXECUTE|[208]
10:51:43.0 (22931795)|HEAP_ALLOCATE|[208]|Bytes:4
10:51:43.0 (23145940)|VARIABLE_ASSIGNMENT|[EXTERNAL]|this|{"BusinessLocationName":"","currentInquiryReply":"0x6fb0539d","currentInquiryReplyDetail":"0x4afbeef6","dailyReportId":"a0IN0000006RUllMAG","dCurrentDay":"2018-06-30T00:00:00Z","dCurrentMonth":"2018-07-01T00:00:00Z","iCurrentDay":0,"idBusinessLocation":"","isIPhone":false,"isPreview":true,"lsBusinessLocation":"0x21b4aec9","messageError":"","messageQuestion":"","mpQuestions":"0x6c43cf28","myUser":"0x1825586","sourceOfTheCall":"preview"}|0x59429f08
10:51:43.0 (23161399)|HEAP_ALLOCATE|[EXTERNAL]|Bytes:4
10:51:43.0 (23174749)|VARIABLE_ASSIGNMENT|[EXTERNAL]|value|[]|0x6ee5bb73
10:51:43.0 (23186060)|VARIABLE_ASSIGNMENT|[22]|this.currentInquiryReplyDetail|[]|0x59429f08
10:51:43.0 (23195374)|STATEMENT_EXECUTE|[209]
10:51:43.0 (23208486)|HEAP_ALLOCATE|[209]|Bytes:4
10:51:43.0 (23379248)|VARIABLE_ASSIGNMENT|[EXTERNAL]|this|{"BusinessLocationName":"","currentInquiryReply":"0x6fb0539d","currentInquiryReplyDetail":"0x6ee5bb73","dailyReportId":"a0IN0000006RUllMAG","dCurrentDay":"2018-06-30T00:00:00Z","dCurrentMonth":"2018-07-01T00:00:00Z","iCurrentDay":0,"idBusinessLocation":"","isIPhone":false,"isPreview":true,"lsBusinessLocation":"0x21b4aec9","messageError":"","messageQuestion":"","mpQuestions":"0x6c43cf28","myUser":"0x1825586","sourceOfTheCall":"preview"}|0x59429f08
10:51:43.0 (23400333)|VARIABLE_ASSIGNMENT|[EXTERNAL]|value|{}|0x20162ec3
10:51:43.0 (23411887)|VARIABLE_ASSIGNMENT|[24]|this.mpQuestions|{}|0x59429f08
10:51:43.0 (23421183)|STATEMENT_EXECUTE|[211]
10:51:43.0 (23559174)|VARIABLE_ASSIGNMENT|[EXTERNAL]|this|{"BusinessLocationName":"","currentInquiryReply":"0x6fb0539d","currentInquiryReplyDetail":"0x6ee5bb73","dailyReportId":"a0IN0000006RUllMAG","dCurrentDay":"2018-06-30T00:00:00Z","dCurrentMonth":"2018-07-01T00:00:00Z","iCurrentDay":0,"idBusinessLocation":"","isIPhone":false,"isPreview":true,"lsBusinessLocation":"0x21b4aec9","messageError":"","messageQuestion":"","mpQuestions":"0x20162ec3","myUser":"0x1825586","sourceOfTheCall":"preview"}|0x59429f08
10:51:43.0 (23574130)|VARIABLE_ASSIGNMENT|[EXTERNAL]|value|""
10:51:43.0 (23582705)|VARIABLE_ASSIGNMENT|[23]|this.BusinessLocationName|""|0x59429f08
10:51:43.0 (23595106)|HEAP_ALLOCATE|[212]|Bytes:81
10:51:43.0 (23611959)|HEAP_ALLOCATE|[212]|Bytes:4
10:51:43.0 (23621099)|HEAP_ALLOCATE|[212]|Bytes:7
10:51:43.0 (23760360)|VARIABLE_ASSIGNMENT|[EXTERNAL]|this|{"BusinessLocationName":"","currentInquiryReply":"0x6fb0539d","currentInquiryReplyDetail":"0x6ee5bb73","dailyReportId":"a0IN0000006RUllMAG","dCurrentDay":"2018-06-30T00:00:00Z","dCurrentMonth":"2018-07-01T00:00:00Z","iCurrentDay":0,"idBusinessLocation":"","isIPhone":false,"isPreview":true,"lsBusinessLocation":"0x21b4aec9","messageError":"","messageQuestion":"","mpQuestions":"0x20162ec3","myUser":"0x1825586","sourceOfTheCall":"preview"}|0x59429f08
10:51:43.0 (24145468)|SOQL_EXECUTE_BEGIN|[212]|Aggregations:0|SELECT Id, BusinessLocationName__c FROM saBusinessLocation__c 
10:51:43.0 (25698883)|SOQL_EXECUTE_END|[212]|Rows:0
10:51:43.0 (25876051)|HEAP_ALLOCATE|[212]|Bytes:54
10:51:43.0 (25886378)|HEAP_ALLOCATE|[212]|Bytes:8
10:51:43.0 (25914704)|SYSTEM_METHOD_ENTRY|[7]|QueryLocatorIterator.QueryLocatorIterator()
10:51:43.0 (25919597)|STATEMENT_EXECUTE|[7]
10:51:43.0 (25931519)|SYSTEM_METHOD_EXIT|[7]|QueryLocatorIterator
10:51:43.0 (25939850)|HEAP_ALLOCATE|[212]|Bytes:28
10:51:43.0 (25955892)|HEAP_ALLOCATE|[212]|Bytes:8
10:51:43.0 (25959896)|HEAP_ALLOCATE|[212]|Bytes:8
10:51:43.0 (25964844)|VARIABLE_SCOPE_BEGIN|[15]|this|Database.QueryLocatorIterator|true|false
10:51:43.0 (25990730)|VARIABLE_ASSIGNMENT|[15]|this|{}|0x3dea4b14
10:51:43.0 (25998167)|VARIABLE_SCOPE_BEGIN|[15]|values|List<SObject>|true|false
10:51:43.0 (26006683)|VARIABLE_ASSIGNMENT|[15]|values|null|
10:51:43.0 (26012305)|VARIABLE_SCOPE_BEGIN|[15]|ql|Database.QueryLocator|true|false
10:51:43.0 (26031407)|VARIABLE_ASSIGNMENT|[15]|ql|{"query":"SELECT Id, BusinessL (61 more) ..."}|0x75a1ecca
10:51:43.0 (26037646)|VARIABLE_SCOPE_BEGIN|[15]|totalNumRecords|Integer|false|false
10:51:43.0 (26045732)|VARIABLE_ASSIGNMENT|[15]|totalNumRecords|0
10:51:43.0 (26050583)|VARIABLE_SCOPE_BEGIN|[15]|queryMoreSize|Integer|false|false
10:51:43.0 (26057536)|VARIABLE_ASSIGNMENT|[15]|queryMoreSize|50000
10:51:43.0 (26136752)|HEAP_ALLOCATE|[212]|Bytes:28
10:51:43.0 (26158088)|METHOD_ENTRY|[212]||Database.QueryLocatorIterator.hasNext()
10:51:43.0 (26177660)|METHOD_EXIT|[212]||Database.QueryLocatorIterator.hasNext()
10:51:43.0 (26213172)|VARIABLE_ASSIGNMENT|[212]|bl|null|
10:51:43.0 (26220622)|STATEMENT_EXECUTE|[212]
10:51:43.0 (26235956)|STATEMENT_EXECUTE|[219]
10:51:43.0 (26239335)|HEAP_ALLOCATE|[219]|Bytes:195
10:51:43.0 (26251957)|HEAP_ALLOCATE|[219]|Bytes:4
10:51:43.0 (26273975)|HEAP_ALLOCATE|[219]|Bytes:7
10:51:43.0 (26305202)|HEAP_ALLOCATE|[223]|Bytes:89
10:51:43.0 (26314431)|SYSTEM_METHOD_ENTRY|[1]|UserInfo.UserInfo()
10:51:43.0 (26318062)|STATEMENT_EXECUTE|[1]
10:51:43.0 (26322900)|SYSTEM_METHOD_EXIT|[1]|UserInfo
10:51:43.0 (26332521)|METHOD_ENTRY|[223]||System.UserInfo.getUserId()
10:51:43.0 (26367248)|METHOD_EXIT|[223]||System.UserInfo.getUserId()
10:51:43.0 (26847405)|SOQL_EXECUTE_BEGIN|[219]|Aggregations:0|SELECT Id, saBusinessLocation__c, Status__c, saInquiry__c, Comment__c FROM saInquiryReply__c WHERE (saInquiry__r.Type__c = 'DAILY_REPORT' AND DailyReportDate__c = :tmpVar1 AND User__c = :tmpVar2)
10:51:43.0 (31993049)|SOQL_EXECUTE_END|[219]|Rows:0
10:51:43.0 (32016346)|HEAP_ALLOCATE|[219]|Bytes:4
10:51:43.0 (32028963)|HEAP_ALLOCATE|[219]|Bytes:0
10:51:43.0 (32088709)|HEAP_ALLOCATE|[219]|Bytes:4
10:51:43.0 (32102519)|VARIABLE_SCOPE_BEGIN|[219]|lsInqRep|List<saInquiryReply__c>|true|false
10:51:43.0 (32119426)|VARIABLE_ASSIGNMENT|[219]|lsInqRep|[]|0x560d9169
10:51:43.0 (32175492)|STATEMENT_EXECUTE|[225]
10:51:43.0 (32177950)|STATEMENT_EXECUTE|[227]
10:51:43.0 (32181749)|HEAP_ALLOCATE|[227]|Bytes:207
10:51:43.0 (32194675)|HEAP_ALLOCATE|[227]|Bytes:4
10:51:43.0 (32385670)|VARIABLE_ASSIGNMENT|[EXTERNAL]|this|{"BusinessLocationName":"","currentInquiryReply":"0x6fb0539d","currentInquiryReplyDetail":"0x6ee5bb73","dailyReportId":"a0IN0000006RUllMAG","dCurrentDay":"2018-06-30T00:00:00Z","dCurrentMonth":"2018-07-01T00:00:00Z","iCurrentDay":0,"idBusinessLocation":"","isIPhone":false,"isPreview":true,"lsBusinessLocation":"0x21b4aec9","messageError":"","messageQuestion":"","mpQuestions":"0x20162ec3","myUser":"0x1825586","sourceOfTheCall":"preview"}|0x59429f08
10:51:43.0 (32412493)|HEAP_ALLOCATE|[227]|Bytes:7
10:51:43.0 (32422335)|METHOD_ENTRY|[232]||System.UserInfo.getUserId()
10:51:43.0 (32443243)|METHOD_EXIT|[232]||System.UserInfo.getUserId()
10:51:43.0 (32739809)|SOQL_EXECUTE_BEGIN|[227]|Aggregations:0|SELECT Id, saBusinessLocation__c, Status__c FROM saInquiryReply__c WHERE (saInquiry__r.Type__c = 'DAILY_REPORT' AND DailyReportDate__c = :tmpVar1 AND saBusinessLocation__c = :tmpVar2 AND User__c != :tmpVar3)
10:51:43.0 (35356732)|SOQL_EXECUTE_END|[227]|Rows:0
10:51:43.0 (35387118)|HEAP_ALLOCATE|[227]|Bytes:4
10:51:43.0 (35404040)|HEAP_ALLOCATE|[227]|Bytes:0
10:51:43.0 (35433824)|HEAP_ALLOCATE|[227]|Bytes:4
10:51:43.0 (35447578)|VARIABLE_SCOPE_BEGIN|[227]|lsInqOtherPeople|List<saInquiryReply__c>|true|false
10:51:43.0 (35464967)|VARIABLE_ASSIGNMENT|[227]|lsInqOtherPeople|[]|0x4c753f39
10:51:43.0 (35496338)|STATEMENT_EXECUTE|[234]
10:51:43.0 (35498662)|STATEMENT_EXECUTE|[240]
10:51:43.0 (35501252)|VARIABLE_SCOPE_BEGIN|[240]|lsTemplate|List<saInquiryReply__c>|true|false
10:51:43.0 (35512510)|VARIABLE_ASSIGNMENT|[240]|lsTemplate|null|
10:51:43.0 (35687515)|VARIABLE_ASSIGNMENT|[EXTERNAL]|this|{"BusinessLocationName":"","currentInquiryReply":"0x6fb0539d","currentInquiryReplyDetail":"0x6ee5bb73","dailyReportId":"a0IN0000006RUllMAG","dCurrentDay":"2018-06-30T00:00:00Z","dCurrentMonth":"2018-07-01T00:00:00Z","iCurrentDay":0,"idBusinessLocation":"","isIPhone":false,"isPreview":true,"lsBusinessLocation":"0x21b4aec9","messageError":"","messageQuestion":"","mpQuestions":"0x20162ec3","myUser":"0x1825586","sourceOfTheCall":"preview"}|0x59429f08
10:51:43.0 (35709255)|STATEMENT_EXECUTE|[252]
10:51:43.0 (35711214)|STATEMENT_EXECUTE|[253]
10:51:43.0 (35715095)|HEAP_ALLOCATE|[253]|Bytes:393
10:51:43.0 (35728291)|HEAP_ALLOCATE|[253]|Bytes:4
10:51:43.0 (35757844)|METHOD_ENTRY|[259]||System.UserInfo.getUserId()
10:51:43.0 (35779965)|METHOD_EXIT|[259]||System.UserInfo.getUserId()
10:51:43.0 (36206590)|SOQL_EXECUTE_BEGIN|[253]|Aggregations:0|SELECT Id, saBusinessLocation__c, Status__c, saInquiry__c, Comment__c FROM saInquiryReply__c WHERE (saInquiry__r.Type__c = 'DAILY_REPORT' AND (saInquiry__r.ValidFrom__c = NULL OR saInquiry__r.ValidFrom__c <= :tmpVar1) AND (saInquiry__r.ValidTo__c = NULL OR saInquiry__r.ValidTo__c >= :tmpVar2) AND DailyReportDate__c = NULL AND User__c = :tmpVar3) ORDER BY CreatedDate DESC NULLS FIRST LIMIT 1
10:51:43.0 (41008874)|SOQL_EXECUTE_END|[253]|Rows:1
10:51:43.0 (41028760)|HEAP_ALLOCATE|[253]|Bytes:8
10:51:43.0 (41041615)|HEAP_ALLOCATE|[253]|Bytes:89
10:51:43.0 (41065109)|HEAP_ALLOCATE|[253]|Bytes:8
10:51:43.0 (41094892)|VARIABLE_ASSIGNMENT|[253]|lsTemplate|[{"Id":"a0KN0000007Kg4nMAC","Status__c":"WAITING_REPLY","saInquiry__c":"a0IN0000006RUllMAG"}]|0x29f2d792
10:51:43.0 (41102533)|STATEMENT_EXECUTE|[264]
10:51:43.0 (41106344)|HEAP_ALLOCATE|[264]|Bytes:11
10:51:43.0 (41192669)|HEAP_ALLOCATE|[264]|Bytes:101
10:51:43.0 (41216229)|HEAP_ALLOCATE|[264]|Bytes:112
10:51:43.0 (41236150)|USER_DEBUG|[264]|DEBUG|Template : (saInquiryReply__c:{Id=a0KN0000007Kg4nMAC, Status__c=WAITING_REPLY, saInquiry__c=a0IN0000006RUllMAG})
10:51:43.0 (41264607)|STATEMENT_EXECUTE|[265]
10:51:43.0 (41266877)|STATEMENT_EXECUTE|[271]
10:51:43.0 (41281444)|HEAP_ALLOCATE|[271]|Bytes:16
10:51:43.0 (41312605)|VARIABLE_SCOPE_BEGIN|[271]|idInquiry|Id|false|false
10:51:43.0 (41388438)|VARIABLE_ASSIGNMENT|[271]|idInquiry|"a0IN0000006RUllMAG"
10:51:43.0 (41395504)|STATEMENT_EXECUTE|[272]
10:51:43.0 (41414616)|HEAP_ALLOCATE|[272]|Bytes:4
10:51:43.0 (41715027)|VARIABLE_ASSIGNMENT|[EXTERNAL]|this|{"BusinessLocationName":"","currentInquiryReply":"0x6fb0539d","currentInquiryReplyDetail":"0x6ee5bb73","dailyReportId":"a0IN0000006RUllMAG","dCurrentDay":"2018-06-30T00:00:00Z","dCurrentMonth":"2018-07-01T00:00:00Z","iCurrentDay":0,"idBusinessLocation":"","isIPhone":false,"isPreview":true,"lsBusinessLocation":"0x21b4aec9","messageError":"","messageQuestion":"","mpQuestions":"0x20162ec3","myUser":"0x1825586","sourceOfTheCall":"preview"}|0x59429f08
10:51:43.0 (41736122)|VARIABLE_ASSIGNMENT|[EXTERNAL]|value|{}|0x743c715e
10:51:43.0 (41750310)|VARIABLE_ASSIGNMENT|[21]|this.currentInquiryReply|{}|0x59429f08
10:51:43.0 (41762232)|STATEMENT_EXECUTE|[273]
10:51:43.0 (41932319)|VARIABLE_ASSIGNMENT|[EXTERNAL]|this|{"BusinessLocationName":"","currentInquiryReply":"0x743c715e","currentInquiryReplyDetail":"0x6ee5bb73","dailyReportId":"a0IN0000006RUllMAG","dCurrentDay":"2018-06-30T00:00:00Z","dCurrentMonth":"2018-07-01T00:00:00Z","iCurrentDay":0,"idBusinessLocation":"","isIPhone":false,"isPreview":true,"lsBusinessLocation":"0x21b4aec9","messageError":"","messageQuestion":"","mpQuestions":"0x20162ec3","myUser":"0x1825586","sourceOfTheCall":"preview"}|0x59429f08
10:51:43.0 (42048947)|VARIABLE_ASSIGNMENT|[273]|this.saInquiry__c|"a0IN0000006RUllMAG"|0x743c715e
10:51:43.0 (42216231)|VARIABLE_ASSIGNMENT|[EXTERNAL]|this|{"BusinessLocationName":"","currentInquiryReply":"0x743c715e","currentInquiryReplyDetail":"0x6ee5bb73","dailyReportId":"a0IN0000006RUllMAG","dCurrentDay":"2018-06-30T00:00:00Z","dCurrentMonth":"2018-07-01T00:00:00Z","iCurrentDay":0,"idBusinessLocation":"","isIPhone":false,"isPreview":true,"lsBusinessLocation":"0x21b4aec9","messageError":"","messageQuestion":"","mpQuestions":"0x20162ec3","myUser":"0x1825586","sourceOfTheCall":"preview"}|0x59429f08
10:51:43.0 (42236027)|STATEMENT_EXECUTE|[277]
10:51:43.0 (42238249)|STATEMENT_EXECUTE|[280]
10:51:43.0 (42244236)|METHOD_ENTRY|[280]||System.UserInfo.getUserId()
10:51:43.0 (42266714)|METHOD_EXIT|[280]||System.UserInfo.getUserId()
10:51:43.0 (42281411)|HEAP_ALLOCATE|[280]|Bytes:4
10:51:43.0 (42420343)|VARIABLE_ASSIGNMENT|[EXTERNAL]|this|{"BusinessLocationName":"","currentInquiryReply":"0x743c715e","currentInquiryReplyDetail":"0x6ee5bb73","dailyReportId":"a0IN0000006RUllMAG","dCurrentDay":"2018-06-30T00:00:00Z","dCurrentMonth":"2018-07-01T00:00:00Z","iCurrentDay":0,"idBusinessLocation":"","isIPhone":false,"isPreview":true,"lsBusinessLocation":"0x21b4aec9","messageError":"","messageQuestion":"","mpQuestions":"0x20162ec3","myUser":"0x1825586","sourceOfTheCall":"preview"}|0x59429f08
10:51:43.0 (42479662)|VARIABLE_ASSIGNMENT|[280]|this.User__c|"005N00000057PfOIAU"|0x743c715e
10:51:43.0 (42486895)|STATEMENT_EXECUTE|[281]
10:51:43.0 (42635710)|VARIABLE_ASSIGNMENT|[EXTERNAL]|this|{"BusinessLocationName":"","currentInquiryReply":"0x743c715e","currentInquiryReplyDetail":"0x6ee5bb73","dailyReportId":"a0IN0000006RUllMAG","dCurrentDay":"2018-06-30T00:00:00Z","dCurrentMonth":"2018-07-01T00:00:00Z","iCurrentDay":0,"idBusinessLocation":"","isIPhone":false,"isPreview":true,"lsBusinessLocation":"0x21b4aec9","messageError":"","messageQuestion":"","mpQuestions":"0x20162ec3","myUser":"0x1825586","sourceOfTheCall":"preview"}|0x59429f08
10:51:43.0 (42699104)|VARIABLE_ASSIGNMENT|[281]|this.DailyReportDate__c|"2018-06-30T00:00:00.000Z"|0x743c715e
10:51:43.0 (42706758)|STATEMENT_EXECUTE|[282]
10:51:43.0 (42710609)|HEAP_ALLOCATE|[282]|Bytes:13
10:51:43.0 (42901945)|VARIABLE_ASSIGNMENT|[EXTERNAL]|this|{"BusinessLocationName":"","currentInquiryReply":"0x743c715e","currentInquiryReplyDetail":"0x6ee5bb73","dailyReportId":"a0IN0000006RUllMAG","dCurrentDay":"2018-06-30T00:00:00Z","dCurrentMonth":"2018-07-01T00:00:00Z","iCurrentDay":0,"idBusinessLocation":"","isIPhone":false,"isPreview":true,"lsBusinessLocation":"0x21b4aec9","messageError":"","messageQuestion":"","mpQuestions":"0x20162ec3","myUser":"0x1825586","sourceOfTheCall":"preview"}|0x59429f08
10:51:43.0 (42974517)|VARIABLE_ASSIGNMENT|[282]|this.Status__c|"WAITING_REPLY"|0x743c715e
10:51:43.0 (42985550)|STATEMENT_EXECUTE|[283]
10:51:43.0 (43203904)|VARIABLE_ASSIGNMENT|[EXTERNAL]|this|{"BusinessLocationName":"","currentInquiryReply":"0x743c715e","currentInquiryReplyDetail":"0x6ee5bb73","dailyReportId":"a0IN0000006RUllMAG","dCurrentDay":"2018-06-30T00:00:00Z","dCurrentMonth":"2018-07-01T00:00:00Z","iCurrentDay":0,"idBusinessLocation":"","isIPhone":false,"isPreview":true,"lsBusinessLocation":"0x21b4aec9","messageError":"","messageQuestion":"","mpQuestions":"0x20162ec3","myUser":"0x1825586","sourceOfTheCall":"preview"}|0x59429f08
10:51:43.0 (43265122)|VARIABLE_ASSIGNMENT|[283]|this.Comment__c|""|0x743c715e
10:51:43.0 (43273076)|STATEMENT_EXECUTE|[285]
10:51:43.0 (43277626)|HEAP_ALLOCATE|[285]|Bytes:625
10:51:43.0 (43291459)|HEAP_ALLOCATE|[285]|Bytes:4
10:51:43.0 (43863626)|SOQL_EXECUTE_BEGIN|[285]|Aggregations:0|SELECT Id, QuestionLabel__c, AnswerType__c, NumberPossibleReplies__c, IsShortReply__c, SortNo__c, IsRequired__c, Reply01Label__c, Reply02Label__c, Reply03Label__c, Reply04Label__c, Reply05Label__c, Reply06Label__c, Reply07Label__c, Reply08Label__c, Reply09Label__c, Reply10Label__c, Reply11Label__c, Reply12Label__c, Reply13Label__c, Reply14Label__c, Reply15Label__c, Reply16Label__c, Reply17Label__c, Reply18Label__c, Reply19Label__c, Reply20Label__c, Reply21Label__c, Reply22Label__c, Reply23Label__c, Reply24Label__c, Reply25Label__c FROM saInquiryDetail__c WHERE saInquiry__c = :tmpVar1 ORDER BY SortNo__c ASC NULLS FIRST
10:51:43.0 (233908863)|SOQL_EXECUTE_END|[285]|Rows:1
10:51:43.0 (233961229)|HEAP_ALLOCATE|[285]|Bytes:8
10:51:43.0 (233996659)|HEAP_ALLOCATE|[285]|Bytes:282
10:51:43.0 (234104062)|HEAP_ALLOCATE|[285]|Bytes:8
10:51:43.0 (234149035)|VARIABLE_SCOPE_BEGIN|[285]|lsTmpQuest|List<saInquiryDetail__c>|true|false
10:51:43.0 (234223651)|VARIABLE_ASSIGNMENT|[285]|lsTmpQuest|[{"Id":"a0JN0000008h2r2MAA","QuestionLabel__c":"Works?","AnswerType__c":"CHECKBOX","NumberPossibleReplies__c":2,"IsShortReply__c":true,"SortNo__c":0,"IsRequired__c":false,"Reply01Label__c":"Yes!","Reply02Label__c":"No!"}]|0x3f578dcd
10:51:43.0 (234470404)|HEAP_ALLOCATE|[295]|Bytes:5
10:51:43.0 (234502057)|HEAP_ALLOCATE|[295]|Bytes:40
10:51:43.0 (234514029)|VARIABLE_SCOPE_BEGIN|[295]|quest|saInquiryDetail__c|true|false
10:51:43.0 (234544528)|VARIABLE_ASSIGNMENT|[295]|quest|{"Id":"a0JN0000008h2r2MAA","QuestionLabel__c":"Works?","AnswerType__c":"CHECKBOX","NumberPossibleReplies__c":2,"IsShortReply__c":true,"SortNo__c":0,"IsRequired__c":false,"Reply01Label__c":"Yes!","Reply02Label__c":"No!"}|0x27d582b8
10:51:43.0 (234556494)|STATEMENT_EXECUTE|[295]
10:51:43.0 (234559609)|STATEMENT_EXECUTE|[296]
10:51:43.0 (234602134)|HEAP_ALLOCATE|[296]|Bytes:4
10:51:43.0 (234727889)|VARIABLE_SCOPE_BEGIN|[296]|questReply|saInquiryReplyDetail__c|true|false
10:51:43.0 (234752974)|VARIABLE_ASSIGNMENT|[296]|questReply|{}|0x24ef4a6a
10:51:43.0 (234764629)|STATEMENT_EXECUTE|[297]
10:51:43.0 (234942468)|VARIABLE_ASSIGNMENT|[297]|this.saInquiryDetail__c|"a0JN0000008h2r2MAA"|0x24ef4a6a
10:51:43.0 (234951344)|STATEMENT_EXECUTE|[298]
10:51:43.0 (235272615)|VARIABLE_ASSIGNMENT|[EXTERNAL]|this|{"BusinessLocationName":"","currentInquiryReply":"0x743c715e","currentInquiryReplyDetail":"0x6ee5bb73","dailyReportId":"a0IN0000006RUllMAG","dCurrentDay":"2018-06-30T00:00:00Z","dCurrentMonth":"2018-07-01T00:00:00Z","iCurrentDay":0,"idBusinessLocation":"","isIPhone":false,"isPreview":true,"lsBusinessLocation":"0x21b4aec9","messageError":"","messageQuestion":"","mpQuestions":"0x20162ec3","myUser":"0x1825586","sourceOfTheCall":"preview"}|0x59429f08
10:51:43.0 (235318677)|HEAP_ALLOCATE|[EXTERNAL]|Bytes:4
10:51:43.0 (235328219)|STATEMENT_EXECUTE|[299]
10:51:43.0 (235504081)|VARIABLE_ASSIGNMENT|[EXTERNAL]|this|{"BusinessLocationName":"","currentInquiryReply":"0x743c715e","currentInquiryReplyDetail":"0x6ee5bb73","dailyReportId":"a0IN0000006RUllMAG","dCurrentDay":"2018-06-30T00:00:00Z","dCurrentMonth":"2018-07-01T00:00:00Z","iCurrentDay":0,"idBusinessLocation":"","isIPhone":false,"isPreview":true,"lsBusinessLocation":"0x21b4aec9","messageError":"","messageQuestion":"","mpQuestions":"0x20162ec3","myUser":"0x1825586","sourceOfTheCall":"preview"}|0x59429f08
10:51:43.0 (235545566)|HEAP_ALLOCATE|[EXTERNAL]|Bytes:-4
10:51:43.0 (235563202)|HEAP_ALLOCATE|[295]|Bytes:5
10:51:43.0 (235578031)|VARIABLE_ASSIGNMENT|[295]|quest|null|
10:51:43.0 (235589429)|SYSTEM_MODE_EXIT|false
10:51:43.0 (254825691)|SYSTEM_MODE_ENTER|true
10:51:43.0 (254865233)|HEAP_ALLOCATE|[EXTERNAL]|Bytes:40
10:51:43.0 (254889551)|VARIABLE_ASSIGNMENT|[EXTERNAL]|this.iCountComments|null|0x435cc643
10:51:43.0 (254949167)|SYSTEM_MODE_ENTER|true
10:51:43.0 (254965188)|HEAP_ALLOCATE|[EXTERNAL]|Bytes:40
10:51:43.0 (254974332)|VARIABLE_ASSIGNMENT|[EXTERNAL]|this.iCountLikes|null|0x435cc643
10:51:43.0 (255049751)|SYSTEM_MODE_ENTER|true
10:51:43.0 (255101205)|HEAP_ALLOCATE|[EXTERNAL]|Bytes:76
10:51:43.0 (255112478)|VARIABLE_SCOPE_BEGIN|[92]|this|saDailyReportCtrl|true|false
10:51:43.0 (255445952)|VARIABLE_ASSIGNMENT|[92]|this|{"BusinessLocationName":"","currentInquiryReply":"0x743c715e","currentInquiryReplyDetail":"0x6ee5bb73","dailyReportId":"a0IN0000006RUllMAG","dCurrentDay":"2018-06-30T00:00:00Z","dCurrentMonth":"2018-07-01T00:00:00Z","iCurrentDay":0,"idBusinessLocation":"","isIPhone":false,"isPreview":true,"lsBusinessLocation":"0x21b4aec9","messageError":"","messageQuestion":"","mpQuestions":"0x20162ec3","myUser":"0x1825586","sourceOfTheCall":"preview"}|0x59429f08
10:51:43.0 (255468889)|SYSTEM_MODE_ENTER|false
10:51:43.0 (255477496)|HEAP_ALLOCATE|[92]|Bytes:5
10:51:43.0 (255485042)|STATEMENT_EXECUTE|[92]
10:51:43.0 (255487840)|STATEMENT_EXECUTE|[92]
10:51:43.0 (255493985)|SYSTEM_MODE_EXIT|false
10:51:43.0 (255544757)|SYSTEM_MODE_ENTER|true
10:51:43.0 (255561264)|HEAP_ALLOCATE|[EXTERNAL]|Bytes:8
10:51:43.0 (255566189)|HEAP_ALLOCATE|[EXTERNAL]|Bytes:40
10:51:43.0 (255575693)|VARIABLE_ASSIGNMENT|[EXTERNAL]|this.iTypeOfScreen|54|0x435cc643
10:51:43.0 (255645976)|SYSTEM_MODE_ENTER|true
10:51:43.0 (255680592)|HEAP_ALLOCATE|[EXTERNAL]|Bytes:40
10:51:43.0 (255687308)|VARIABLE_SCOPE_BEGIN|[80]|this|auMainTopCompCtrl|true|false
10:51:43.0 (255725171)|VARIABLE_ASSIGNMENT|[80]|this|{"currentUser":"0xb0c050d","iTypeOfScreen":54,"urlReportsSFA":"https://cs6.lightnin (84 more) ..."}|0x435cc643
10:51:43.0 (255735858)|STATEMENT_EXECUTE|[80]
10:51:43.0 (255737752)|STATEMENT_EXECUTE|[81]
10:51:43.0 (255770755)|VARIABLE_ASSIGNMENT|[EXTERNAL]|this|{"currentUser":"0xb0c050d","iTypeOfScreen":54,"urlReportsSFA":"https://cs6.lightnin (84 more) ..."}|0x435cc643
10:51:43.0 (255810588)|VARIABLE_ASSIGNMENT|[EXTERNAL]|this|{"currentUser":"0xb0c050d","iTypeOfScreen":54,"urlReportsSFA":"https://cs6.lightnin (84 more) ..."}|0x435cc643
10:51:43.0 (255841993)|VARIABLE_ASSIGNMENT|[EXTERNAL]|this|{"currentUser":"0xb0c050d","iTypeOfScreen":54,"urlReportsSFA":"https://cs6.lightnin (84 more) ..."}|0x435cc643
10:51:43.0 (255871864)|VARIABLE_ASSIGNMENT|[EXTERNAL]|this|{"currentUser":"0xb0c050d","iTypeOfScreen":54,"urlReportsSFA":"https://cs6.lightnin (84 more) ..."}|0x435cc643
10:51:43.0 (255884851)|HEAP_ALLOCATE|[81]|Bytes:5
10:51:43.0 (255960448)|SYSTEM_MODE_ENTER|true
10:51:43.0 (255991291)|HEAP_ALLOCATE|[EXTERNAL]|Bytes:40
10:51:43.0 (255997423)|VARIABLE_SCOPE_BEGIN|[99]|this|auMainTopCompCtrl|true|false
10:51:43.0 (256026476)|VARIABLE_ASSIGNMENT|[99]|this|{"currentUser":"0xb0c050d","iTypeOfScreen":54,"urlReportsSFA":"https://cs6.lightnin (84 more) ..."}|0x435cc643
10:51:43.0 (256036542)|STATEMENT_EXECUTE|[99]
10:51:43.0 (256038318)|STATEMENT_EXECUTE|[100]
10:51:43.0 (256063688)|VARIABLE_ASSIGNMENT|[EXTERNAL]|this|{"currentUser":"0xb0c050d","iTypeOfScreen":54,"urlReportsSFA":"https://cs6.lightnin (84 more) ..."}|0x435cc643
10:51:43.0 (256077599)|HEAP_ALLOCATE|[100]|Bytes:5
10:51:43.0 (256166050)|SYSTEM_MODE_ENTER|true
10:51:43.0 (256259588)|SYSTEM_MODE_ENTER|true
10:51:43.0 (256361302)|SYSTEM_MODE_ENTER|true
10:51:43.0 (256526949)|SYSTEM_MODE_ENTER|true
10:51:43.0 (259120322)|SYSTEM_MODE_ENTER|true
10:51:43.0 (259201949)|SYSTEM_MODE_ENTER|true
10:51:43.0 (259859327)|SYSTEM_MODE_ENTER|true
10:51:43.0 (259918368)|HEAP_ALLOCATE|[EXTERNAL]|Bytes:76
10:51:43.0 (259926817)|VARIABLE_SCOPE_BEGIN|[141]|this|saDailyReportCtrl|true|false
10:51:43.0 (260106293)|VARIABLE_ASSIGNMENT|[141]|this|{"BusinessLocationName":"","currentInquiryReply":"0x743c715e","currentInquiryReplyDetail":"0x6ee5bb73","dailyReportId":"a0IN0000006RUllMAG","dCurrentDay":"2018-06-30T00:00:00Z","dCurrentMonth":"2018-07-01T00:00:00Z","iCurrentDay":0,"idBusinessLocation":"","isIPhone":false,"isPreview":true,"lsBusinessLocation":"0x21b4aec9","messageError":"","messageQuestion":"","mpQuestions":"0x20162ec3","myUser":"0x1825586","sourceOfTheCall":"preview"}|0x59429f08
10:51:43.0 (260127598)|SYSTEM_MODE_ENTER|false
10:51:43.0 (260135864)|HEAP_ALLOCATE|[142]|Bytes:5
10:51:43.0 (260142310)|STATEMENT_EXECUTE|[141]
10:51:43.0 (260144465)|STATEMENT_EXECUTE|[142]
10:51:43.0 (260205416)|HEAP_ALLOCATE|[142]|Bytes:4
10:51:43.0 (260217197)|HEAP_ALLOCATE|[142]|Bytes:1
10:51:43.0 (260237459)|HEAP_ALLOCATE|[142]|Bytes:1
10:51:43.0 (260245496)|HEAP_ALLOCATE|[142]|Bytes:1
10:51:43.0 (260269243)|HEAP_ALLOCATE|[142]|Bytes:2
10:51:43.0 (260283925)|HEAP_ALLOCATE|[142]|Bytes:9
10:51:43.0 (260290190)|HEAP_ALLOCATE|[142]|Bytes:10
10:51:43.0 (260296122)|SYSTEM_MODE_EXIT|false
10:51:43.0 (260477262)|SYSTEM_MODE_ENTER|true
10:51:43.0 (260909402)|SYSTEM_MODE_ENTER|true
10:51:43.0 (275130403)|VF_SERIALIZE_VIEWSTATE_BEGIN|066N0000000M4pW
10:51:43.0 (279962086)|VF_SERIALIZE_VIEWSTATE_END
10:51:43.283 (283789779)|CUMULATIVE_LIMIT_USAGE
10:51:43.283 (283789779)|LIMIT_USAGE_FOR_NS|(default)|
  Number of SOQL queries: 5 out of 100
  Number of query rows: 2 out of 50000
  Number of SOSL queries: 0 out of 20
  Number of DML statements: 0 out of 150
  Number of DML rows: 0 out of 10000
  Maximum CPU time: 0 out of 10000
  Maximum heap size: 0 out of 6000000
  Number of callouts: 0 out of 100
  Number of Email Invocations: 0 out of 10
  Number of future calls: 0 out of 50
  Number of queueable jobs added to the queue: 0 out of 50
  Number of Mobile Apex push calls: 0 out of 10

10:51:43.283 (283789779)|CUMULATIVE_LIMIT_USAGE_END

10:51:43.0 (283837419)|CODE_UNIT_FINISHED|VF: /apex/sadailyreport
10:51:43.0 (284562753)|EXECUTION_FINISHED
