44.0 APEX_CODE,FINEST;APEX_PROFILING,INFO;CALLOUT,INFO;DB,INFO;NBA,INFO;SYSTEM,DEBUG;VALIDATION,INFO;VISUALFORCE,INFO;WAVE,INFO;WORKFLOW,INFO
14:56:45.0 (373553)|USER_INFO|[EXTERNAL]|005N00000057PfO|thomas.remy+kddi_gwdev01@globalway.co.jp|日本標準時|GMT+09:00
14:56:45.0 (427514)|EXECUTION_STARTED
14:56:45.0 (434386)|CODE_UNIT_STARTED|[EXTERNAL]|VisualForce View State
14:56:45.0 (5064733)|HEAP_ALLOCATE|[72]|Bytes:3
14:56:45.0 (5130041)|HEAP_ALLOCATE|[77]|Bytes:152
14:56:45.0 (5147489)|HEAP_ALLOCATE|[342]|Bytes:408
14:56:45.0 (5160350)|HEAP_ALLOCATE|[355]|Bytes:408
14:56:45.0 (5170613)|HEAP_ALLOCATE|[467]|Bytes:48
14:56:45.0 (5197441)|HEAP_ALLOCATE|[139]|Bytes:6
14:56:45.0 (6639492)|CODE_UNIT_FINISHED|VisualForce View State
14:56:45.0 (7557907)|EXECUTION_FINISHED
14:56:47.576 (2576983330)|USER_INFO|[EXTERNAL]|005N00000057PfO|thomas.remy+kddi_gwdev01@globalway.co.jp|日本標準時|GMT+09:00
14:56:47.576 (2577960876)|SYSTEM_MODE_ENTER|true
14:56:47.576 (2579717233)|HEAP_ALLOCATE|[EXTERNAL]|Bytes:120
14:56:47.576 (2579733651)|HEAP_ALLOCATE|[EXTERNAL]|Bytes:10
14:56:47.594 (2594583674)|CUMULATIVE_LIMIT_USAGE
14:56:47.594 (2594583674)|LIMIT_USAGE_FOR_NS|(default)|
  Number of SOQL queries: 0 out of 100
  Number of query rows: 0 out of 50000
  Number of SOSL queries: 0 out of 20
  Number of DML statements: 0 out of 150
  Number of DML rows: 0 out of 10000
  Maximum CPU time: 0 out of 10000
  Maximum heap size: 0 out of 6000000
  Number of callouts: 0 out of 100
  Number of Email Invocations: 0 out of 10
  Number of future calls: 0 out of 50
  Number of queueable jobs added to the queue: 0 out of 50
  Number of Mobile Apex push calls: 0 out of 10

14:56:47.594 (2594583674)|CUMULATIVE_LIMIT_USAGE_END

