42.0 APEX_CODE,FINEST;APEX_PROFILING,INFO;CALLOUT,INFO;DB,INFO;NBA,INFO;SYSTEM,DEBUG;VALIDATION,INFO;VISUALFORCE,INFO;WAVE,INFO;WORKFLOW,INFO
10:47:29.0 (77835)|USER_INFO|[EXTERNAL]|005N00000057PfO|thomas.remy+kddi_gwdev01@globalway.co.jp|Japan Standard Time|GMT+09:00
10:47:29.0 (114880)|EXECUTION_STARTED
10:47:29.0 (120250)|CODE_UNIT_STARTED|[EXTERNAL]|066N0000000M4pW|VF: /apex/sadailyreport
10:47:29.0 (287289)|VF_DESERIALIZE_VIEWSTATE_BEGIN|066N0000000M4pW
10:47:29.0 (3537491)|HEAP_ALLOCATE|[72]|Bytes:3
10:47:29.0 (3588630)|HEAP_ALLOCATE|[77]|Bytes:152
10:47:29.0 (3606421)|HEAP_ALLOCATE|[342]|Bytes:408
10:47:29.0 (3624769)|HEAP_ALLOCATE|[355]|Bytes:408
10:47:29.0 (3641138)|HEAP_ALLOCATE|[467]|Bytes:48
10:47:29.0 (3669330)|HEAP_ALLOCATE|[139]|Bytes:6
10:47:29.0 (4589081)|HEAP_ALLOCATE|[50]|Bytes:5
10:47:29.0 (4619129)|HEAP_ALLOCATE|[56]|Bytes:5
10:47:29.0 (4628808)|HEAP_ALLOCATE|[64]|Bytes:7
10:47:29.0 (5355360)|VARIABLE_SCOPE_BEGIN|[3]|saDailyReportCtrl.SOURCE|String|false|true
10:47:29.0 (5367520)|VARIABLE_SCOPE_BEGIN|[4]|saDailyReportCtrl.SOURCE_ID|String|false|true
10:47:29.0 (6378611)|VARIABLE_SCOPE_BEGIN|[25]|auMainTopCompCtrl.TYPE_SCREEN_ACCOUNT_LIST|Integer|false|true
10:47:29.0 (6390591)|VARIABLE_SCOPE_BEGIN|[26]|auMainTopCompCtrl.TYPE_SCREEN_ACTIVITY_LIST|Integer|false|true
10:47:29.0 (6397778)|VARIABLE_SCOPE_BEGIN|[7]|auMainTopCompCtrl.TYPE_SCREEN_CX_SCREEN|Integer|false|true
10:47:29.0 (6404086)|VARIABLE_SCOPE_BEGIN|[8]|auMainTopCompCtrl.TYPE_SCREEN_CX_TIMELINE|Integer|false|true
10:47:29.0 (6410638)|VARIABLE_SCOPE_BEGIN|[9]|auMainTopCompCtrl.TYPE_SCREEN_EVENT_SCHEDULE|Integer|false|true
10:47:29.0 (6416736)|VARIABLE_SCOPE_BEGIN|[10]|auMainTopCompCtrl.TYPE_SCREEN_EVENT_SCHEDULE_LIST|Integer|false|true
10:47:29.0 (6423179)|VARIABLE_SCOPE_BEGIN|[27]|auMainTopCompCtrl.TYPE_SCREEN_FILE_LIST|Integer|false|true
10:47:29.0 (6429027)|VARIABLE_SCOPE_BEGIN|[24]|auMainTopCompCtrl.TYPE_SCREEN_HONBU_DIRECT|Integer|false|true
10:47:29.0 (6434962)|VARIABLE_SCOPE_BEGIN|[11]|auMainTopCompCtrl.TYPE_SCREEN_KNOWLEDGE_DASHBOARD|Integer|false|true
10:47:29.0 (6440845)|VARIABLE_SCOPE_BEGIN|[12]|auMainTopCompCtrl.TYPE_SCREEN_KNOWLEDGE_LIST|Integer|false|true
10:47:29.0 (6446738)|VARIABLE_SCOPE_BEGIN|[15]|auMainTopCompCtrl.TYPE_SCREEN_SA_CHATTER|Integer|false|true
10:47:29.0 (6452590)|VARIABLE_SCOPE_BEGIN|[16]|auMainTopCompCtrl.TYPE_SCREEN_SA_DAILYREPORT|Integer|false|true
10:47:29.0 (6458412)|VARIABLE_SCOPE_BEGIN|[22]|auMainTopCompCtrl.TYPE_SCREEN_SA_DAILYREPORTLIST|Integer|false|true
10:47:29.0 (6464939)|VARIABLE_SCOPE_BEGIN|[18]|auMainTopCompCtrl.TYPE_SCREEN_SA_DOCUMENTS|Integer|false|true
10:47:29.0 (6470982)|VARIABLE_SCOPE_BEGIN|[17]|auMainTopCompCtrl.TYPE_SCREEN_SA_ENQUETE|Integer|false|true
10:47:29.0 (6476882)|VARIABLE_SCOPE_BEGIN|[20]|auMainTopCompCtrl.TYPE_SCREEN_SA_LINKS|Integer|false|true
10:47:29.0 (6482966)|VARIABLE_SCOPE_BEGIN|[13]|auMainTopCompCtrl.TYPE_SCREEN_SA_MESSAGES|Integer|false|true
10:47:29.0 (6489323)|VARIABLE_SCOPE_BEGIN|[19]|auMainTopCompCtrl.TYPE_SCREEN_SA_RANKING|Integer|false|true
10:47:29.0 (6495707)|VARIABLE_SCOPE_BEGIN|[14]|auMainTopCompCtrl.TYPE_SCREEN_SA_REPORTS|Integer|false|true
10:47:29.0 (6501951)|VARIABLE_SCOPE_BEGIN|[23]|auMainTopCompCtrl.TYPE_SCREEN_SA_TODO|Integer|false|true
10:47:29.0 (6508232)|VARIABLE_SCOPE_BEGIN|[21]|auMainTopCompCtrl.TYPE_SCREEN_SA_USRSETTINGS|Integer|false|true
10:47:29.0 (6514798)|VARIABLE_SCOPE_BEGIN|[4]|auMainTopCompCtrl.TYPE_SCREEN_STPD_EVENT|Integer|false|true
10:47:29.0 (6521417)|VARIABLE_SCOPE_BEGIN|[6]|auMainTopCompCtrl.TYPE_SCREEN_STPD_SCREEN|Integer|false|true
10:47:29.0 (6528026)|VARIABLE_SCOPE_BEGIN|[5]|auMainTopCompCtrl.TYPE_SCREEN_STPD_TIMELINE|Integer|false|true
10:47:29.0 (6534451)|VARIABLE_SCOPE_BEGIN|[3]|auMainTopCompCtrl.TYPE_SCREEN_SWITCH|Integer|false|true
10:47:29.0 (7652460)|VF_DESERIALIZE_VIEWSTATE_END
10:47:29.0 (9776884)|SYSTEM_MODE_ENTER|true
10:47:29.0 (9987923)|HEAP_ALLOCATE|[EXTERNAL]|Bytes:284
10:47:29.0 (10000433)|HEAP_ALLOCATE|[EXTERNAL]|Bytes:146
10:47:29.0 (10015021)|METHOD_ENTRY|[1]|01pN0000000Mill|auMainTopCompCtrl.auMainTopCompCtrl()
10:47:29.0 (10021564)|STATEMENT_EXECUTE|[1]
10:47:29.0 (10027509)|STATEMENT_EXECUTE|[1]
10:47:29.0 (10029005)|STATEMENT_EXECUTE|[3]
10:47:29.0 (10036010)|HEAP_ALLOCATE|[3]|Bytes:4
10:47:29.0 (10060866)|VARIABLE_ASSIGNMENT|[3]|auMainTopCompCtrl.TYPE_SCREEN_SWITCH|0
10:47:29.0 (10065868)|STATEMENT_EXECUTE|[4]
10:47:29.0 (10068462)|HEAP_ALLOCATE|[4]|Bytes:4
10:47:29.0 (10076249)|VARIABLE_ASSIGNMENT|[4]|auMainTopCompCtrl.TYPE_SCREEN_STPD_EVENT|11
10:47:29.0 (10080673)|STATEMENT_EXECUTE|[5]
10:47:29.0 (10082947)|HEAP_ALLOCATE|[5]|Bytes:4
10:47:29.0 (10089882)|VARIABLE_ASSIGNMENT|[5]|auMainTopCompCtrl.TYPE_SCREEN_STPD_TIMELINE|12
10:47:29.0 (10093857)|STATEMENT_EXECUTE|[6]
10:47:29.0 (10095646)|HEAP_ALLOCATE|[6]|Bytes:4
10:47:29.0 (10102010)|VARIABLE_ASSIGNMENT|[6]|auMainTopCompCtrl.TYPE_SCREEN_STPD_SCREEN|13
10:47:29.0 (10106157)|STATEMENT_EXECUTE|[7]
10:47:29.0 (10108153)|HEAP_ALLOCATE|[7]|Bytes:4
10:47:29.0 (10113059)|VARIABLE_ASSIGNMENT|[7]|auMainTopCompCtrl.TYPE_SCREEN_CX_SCREEN|21
10:47:29.0 (10116540)|STATEMENT_EXECUTE|[8]
10:47:29.0 (10118419)|HEAP_ALLOCATE|[8]|Bytes:4
10:47:29.0 (10123295)|VARIABLE_ASSIGNMENT|[8]|auMainTopCompCtrl.TYPE_SCREEN_CX_TIMELINE|22
10:47:29.0 (10127087)|STATEMENT_EXECUTE|[9]
10:47:29.0 (10129242)|HEAP_ALLOCATE|[9]|Bytes:4
10:47:29.0 (10134431)|VARIABLE_ASSIGNMENT|[9]|auMainTopCompCtrl.TYPE_SCREEN_EVENT_SCHEDULE|31
10:47:29.0 (10138274)|STATEMENT_EXECUTE|[10]
10:47:29.0 (10140279)|HEAP_ALLOCATE|[10]|Bytes:4
10:47:29.0 (10145692)|VARIABLE_ASSIGNMENT|[10]|auMainTopCompCtrl.TYPE_SCREEN_EVENT_SCHEDULE_LIST|32
10:47:29.0 (10149542)|STATEMENT_EXECUTE|[11]
10:47:29.0 (10151527)|HEAP_ALLOCATE|[11]|Bytes:4
10:47:29.0 (10156741)|VARIABLE_ASSIGNMENT|[11]|auMainTopCompCtrl.TYPE_SCREEN_KNOWLEDGE_DASHBOARD|41
10:47:29.0 (10160927)|STATEMENT_EXECUTE|[12]
10:47:29.0 (10162916)|HEAP_ALLOCATE|[12]|Bytes:4
10:47:29.0 (10168803)|VARIABLE_ASSIGNMENT|[12]|auMainTopCompCtrl.TYPE_SCREEN_KNOWLEDGE_LIST|42
10:47:29.0 (10172582)|STATEMENT_EXECUTE|[13]
10:47:29.0 (10174642)|HEAP_ALLOCATE|[13]|Bytes:4
10:47:29.0 (10180212)|VARIABLE_ASSIGNMENT|[13]|auMainTopCompCtrl.TYPE_SCREEN_SA_MESSAGES|51
10:47:29.0 (10183770)|STATEMENT_EXECUTE|[14]
10:47:29.0 (10185542)|HEAP_ALLOCATE|[14]|Bytes:4
10:47:29.0 (10191633)|VARIABLE_ASSIGNMENT|[14]|auMainTopCompCtrl.TYPE_SCREEN_SA_REPORTS|52
10:47:29.0 (10195043)|STATEMENT_EXECUTE|[15]
10:47:29.0 (10197165)|HEAP_ALLOCATE|[15]|Bytes:4
10:47:29.0 (10202280)|VARIABLE_ASSIGNMENT|[15]|auMainTopCompCtrl.TYPE_SCREEN_SA_CHATTER|53
10:47:29.0 (10205636)|STATEMENT_EXECUTE|[16]
10:47:29.0 (10208122)|HEAP_ALLOCATE|[16]|Bytes:4
10:47:29.0 (10214070)|VARIABLE_ASSIGNMENT|[16]|auMainTopCompCtrl.TYPE_SCREEN_SA_DAILYREPORT|54
10:47:29.0 (10217428)|STATEMENT_EXECUTE|[17]
10:47:29.0 (10219463)|HEAP_ALLOCATE|[17]|Bytes:4
10:47:29.0 (10224771)|VARIABLE_ASSIGNMENT|[17]|auMainTopCompCtrl.TYPE_SCREEN_SA_ENQUETE|55
10:47:29.0 (10228308)|STATEMENT_EXECUTE|[18]
10:47:29.0 (10230123)|HEAP_ALLOCATE|[18]|Bytes:4
10:47:29.0 (10235850)|VARIABLE_ASSIGNMENT|[18]|auMainTopCompCtrl.TYPE_SCREEN_SA_DOCUMENTS|56
10:47:29.0 (10239603)|STATEMENT_EXECUTE|[19]
10:47:29.0 (10241899)|HEAP_ALLOCATE|[19]|Bytes:4
10:47:29.0 (10247607)|VARIABLE_ASSIGNMENT|[19]|auMainTopCompCtrl.TYPE_SCREEN_SA_RANKING|57
10:47:29.0 (10251548)|STATEMENT_EXECUTE|[20]
10:47:29.0 (10253625)|HEAP_ALLOCATE|[20]|Bytes:4
10:47:29.0 (10259512)|VARIABLE_ASSIGNMENT|[20]|auMainTopCompCtrl.TYPE_SCREEN_SA_LINKS|58
10:47:29.0 (10262937)|STATEMENT_EXECUTE|[21]
10:47:29.0 (10264855)|HEAP_ALLOCATE|[21]|Bytes:4
10:47:29.0 (10270714)|VARIABLE_ASSIGNMENT|[21]|auMainTopCompCtrl.TYPE_SCREEN_SA_USRSETTINGS|59
10:47:29.0 (10274476)|STATEMENT_EXECUTE|[22]
10:47:29.0 (10276427)|HEAP_ALLOCATE|[22]|Bytes:4
10:47:29.0 (10281778)|VARIABLE_ASSIGNMENT|[22]|auMainTopCompCtrl.TYPE_SCREEN_SA_DAILYREPORTLIST|60
10:47:29.0 (10285088)|STATEMENT_EXECUTE|[23]
10:47:29.0 (10287040)|HEAP_ALLOCATE|[23]|Bytes:4
10:47:29.0 (10294690)|VARIABLE_ASSIGNMENT|[23]|auMainTopCompCtrl.TYPE_SCREEN_SA_TODO|61
10:47:29.0 (10298517)|STATEMENT_EXECUTE|[24]
10:47:29.0 (10300915)|HEAP_ALLOCATE|[24]|Bytes:4
10:47:29.0 (10306221)|VARIABLE_ASSIGNMENT|[24]|auMainTopCompCtrl.TYPE_SCREEN_HONBU_DIRECT|71
10:47:29.0 (10309646)|STATEMENT_EXECUTE|[25]
10:47:29.0 (10311767)|HEAP_ALLOCATE|[25]|Bytes:4
10:47:29.0 (10316894)|VARIABLE_ASSIGNMENT|[25]|auMainTopCompCtrl.TYPE_SCREEN_ACCOUNT_LIST|81
10:47:29.0 (10320984)|STATEMENT_EXECUTE|[26]
10:47:29.0 (10323285)|HEAP_ALLOCATE|[26]|Bytes:4
10:47:29.0 (10328395)|VARIABLE_ASSIGNMENT|[26]|auMainTopCompCtrl.TYPE_SCREEN_ACTIVITY_LIST|82
10:47:29.0 (10332181)|STATEMENT_EXECUTE|[27]
10:47:29.0 (10334596)|HEAP_ALLOCATE|[27]|Bytes:4
10:47:29.0 (10339888)|VARIABLE_ASSIGNMENT|[27]|auMainTopCompCtrl.TYPE_SCREEN_FILE_LIST|83
10:47:29.0 (10348010)|METHOD_EXIT|[1]|auMainTopCompCtrl
10:47:29.0 (10354636)|HEAP_ALLOCATE|[EXTERNAL]|Bytes:40
10:47:29.0 (10361115)|VARIABLE_SCOPE_BEGIN|[80]|this|auMainTopCompCtrl|true|false
10:47:29.0 (10421801)|VARIABLE_ASSIGNMENT|[80]|this|{"currentUser":"0x34779a9e","iTypeOfScreen":54,"urlReportsSFA":"https://cs6.lightnin (84 more) ..."}|0x2ff7078c
10:47:29.0 (10434115)|STATEMENT_EXECUTE|[80]
10:47:29.0 (10435905)|STATEMENT_EXECUTE|[81]
10:47:29.0 (10486595)|VARIABLE_ASSIGNMENT|[EXTERNAL]|this|{"currentUser":"0x34779a9e","iTypeOfScreen":54,"urlReportsSFA":"https://cs6.lightnin (84 more) ..."}|0x2ff7078c
10:47:29.0 (10536700)|VARIABLE_ASSIGNMENT|[EXTERNAL]|this|{"currentUser":"0x34779a9e","iTypeOfScreen":54,"urlReportsSFA":"https://cs6.lightnin (84 more) ..."}|0x2ff7078c
10:47:29.0 (10573287)|VARIABLE_ASSIGNMENT|[EXTERNAL]|this|{"currentUser":"0x34779a9e","iTypeOfScreen":54,"urlReportsSFA":"https://cs6.lightnin (84 more) ..."}|0x2ff7078c
10:47:29.0 (10616118)|VARIABLE_ASSIGNMENT|[EXTERNAL]|this|{"currentUser":"0x34779a9e","iTypeOfScreen":54,"urlReportsSFA":"https://cs6.lightnin (84 more) ..."}|0x2ff7078c
10:47:29.0 (10638855)|HEAP_ALLOCATE|[81]|Bytes:5
10:47:29.0 (10742003)|SYSTEM_MODE_ENTER|true
10:47:29.0 (10775707)|HEAP_ALLOCATE|[EXTERNAL]|Bytes:40
10:47:29.0 (10782290)|VARIABLE_SCOPE_BEGIN|[99]|this|auMainTopCompCtrl|true|false
10:47:29.0 (10813727)|VARIABLE_ASSIGNMENT|[99]|this|{"currentUser":"0x34779a9e","iTypeOfScreen":54,"urlReportsSFA":"https://cs6.lightnin (84 more) ..."}|0x2ff7078c
10:47:29.0 (10822685)|STATEMENT_EXECUTE|[99]
10:47:29.0 (10824481)|STATEMENT_EXECUTE|[100]
10:47:29.0 (10856180)|VARIABLE_ASSIGNMENT|[EXTERNAL]|this|{"currentUser":"0x34779a9e","iTypeOfScreen":54,"urlReportsSFA":"https://cs6.lightnin (84 more) ..."}|0x2ff7078c
10:47:29.0 (10870929)|HEAP_ALLOCATE|[100]|Bytes:5
10:47:29.0 (10950301)|SYSTEM_MODE_ENTER|true
10:47:29.0 (10972195)|HEAP_ALLOCATE|[EXTERNAL]|Bytes:40
10:47:29.0 (10983603)|VARIABLE_ASSIGNMENT|[EXTERNAL]|this.iCountComments|null|0x2ff7078c
10:47:29.0 (11023024)|SYSTEM_MODE_ENTER|true
10:47:29.0 (11036165)|HEAP_ALLOCATE|[EXTERNAL]|Bytes:40
10:47:29.0 (11043621)|VARIABLE_ASSIGNMENT|[EXTERNAL]|this.iCountLikes|null|0x2ff7078c
10:47:29.0 (11123121)|SYSTEM_MODE_ENTER|true
10:47:29.0 (11160767)|HEAP_ALLOCATE|[EXTERNAL]|Bytes:26
10:47:29.0 (11168910)|HEAP_ALLOCATE|[EXTERNAL]|Bytes:460
10:47:29.0 (11173251)|HEAP_ALLOCATE|[EXTERNAL]|Bytes:113
10:47:29.0 (11177134)|HEAP_ALLOCATE|[EXTERNAL]|Bytes:39
10:47:29.0 (11180737)|HEAP_ALLOCATE|[EXTERNAL]|Bytes:3
10:47:29.0 (11189008)|VARIABLE_ASSIGNMENT|[EXTERNAL]|saDailyReportCtrl.SOURCE|"src"
10:47:29.0 (11193567)|HEAP_ALLOCATE|[EXTERNAL]|Bytes:2
10:47:29.0 (11199303)|VARIABLE_ASSIGNMENT|[EXTERNAL]|saDailyReportCtrl.SOURCE_ID|"id"
10:47:29.0 (11206798)|METHOD_ENTRY|[1]|01pN0000000aE0W|saDailyReportCtrl.saDailyReportCtrl()
10:47:29.0 (11211527)|STATEMENT_EXECUTE|[1]
10:47:29.0 (11214714)|STATEMENT_EXECUTE|[1]
10:47:29.0 (11223475)|SYSTEM_MODE_ENTER|false
10:47:29.0 (11231850)|HEAP_ALLOCATE|[EXTERNAL]|Bytes:5
10:47:29.0 (11236893)|STATEMENT_EXECUTE|[651]
10:47:29.0 (11238816)|STATEMENT_EXECUTE|[678]
10:47:29.0 (11243659)|SYSTEM_MODE_EXIT|false
10:47:29.0 (11250172)|METHOD_EXIT|[1]|saDailyReportCtrl
10:47:29.0 (11255283)|HEAP_ALLOCATE|[EXTERNAL]|Bytes:76
10:47:29.0 (11259887)|VARIABLE_SCOPE_BEGIN|[92]|this|saDailyReportCtrl|true|false
10:47:29.0 (11591541)|VARIABLE_ASSIGNMENT|[92]|this|{"BusinessLocationName":"","currentInquiryReply":"0x2842f9b7","currentInquiryReplyDetail":"0x3f9e5054","dailyReportId":"a0IN0000006RUllMAG","dCurrentDay":"2018-06-30T00:00:00Z","dCurrentMonth":"2018-07-01T00:00:00Z","iCurrentDay":0,"idBusinessLocation":"","isIPhone":false,"isPreview":true,"lsBusinessLocation":"0x37b59e53","messageError":"","messageQuestion":"","mpQuestions":"0x4bac0ded","myUser":"0x741cca6e","sourceOfTheCall":"preview"}|0x5de42028
10:47:29.0 (11611405)|SYSTEM_MODE_ENTER|false
10:47:29.0 (11618423)|HEAP_ALLOCATE|[92]|Bytes:5
10:47:29.0 (11623616)|STATEMENT_EXECUTE|[92]
10:47:29.0 (11625487)|STATEMENT_EXECUTE|[92]
10:47:29.0 (11630514)|SYSTEM_MODE_EXIT|false
10:47:29.0 (11689588)|SYSTEM_MODE_ENTER|true
10:47:29.0 (11707383)|HEAP_ALLOCATE|[EXTERNAL]|Bytes:8
10:47:29.0 (11711689)|HEAP_ALLOCATE|[EXTERNAL]|Bytes:40
10:47:29.0 (11721761)|VARIABLE_ASSIGNMENT|[EXTERNAL]|this.iTypeOfScreen|54|0x2ff7078c
10:47:29.0 (11875143)|SYSTEM_MODE_ENTER|true
10:47:29.0 (11969444)|SYSTEM_MODE_ENTER|true
10:47:29.0 (12050865)|SYSTEM_MODE_ENTER|true
10:47:29.0 (12238623)|SYSTEM_MODE_ENTER|true
10:47:29.0 (13397748)|SYSTEM_MODE_ENTER|true
10:47:29.0 (15194807)|SYSTEM_MODE_ENTER|true
10:47:29.0 (15247674)|SYSTEM_MODE_ENTER|true
10:47:29.0 (15288275)|SYSTEM_MODE_ENTER|true
10:47:29.0 (15326523)|SYSTEM_MODE_ENTER|true
10:47:29.0 (15362732)|SYSTEM_MODE_ENTER|true
10:47:29.0 (15409938)|SYSTEM_MODE_ENTER|true
10:47:29.0 (15445847)|HEAP_ALLOCATE|[EXTERNAL]|Bytes:40
10:47:29.0 (15453040)|VARIABLE_SCOPE_BEGIN|[80]|this|auMainTopCompCtrl|true|false
10:47:29.0 (15489710)|VARIABLE_ASSIGNMENT|[80]|this|{"currentUser":"0x34779a9e","iTypeOfScreen":54,"urlReportsSFA":"https://cs6.lightnin (84 more) ..."}|0x2ff7078c
10:47:29.0 (15500187)|STATEMENT_EXECUTE|[80]
10:47:29.0 (15502438)|STATEMENT_EXECUTE|[81]
10:47:29.0 (15532427)|VARIABLE_ASSIGNMENT|[EXTERNAL]|this|{"currentUser":"0x34779a9e","iTypeOfScreen":54,"urlReportsSFA":"https://cs6.lightnin (84 more) ..."}|0x2ff7078c
10:47:29.0 (15568323)|VARIABLE_ASSIGNMENT|[EXTERNAL]|this|{"currentUser":"0x34779a9e","iTypeOfScreen":54,"urlReportsSFA":"https://cs6.lightnin (84 more) ..."}|0x2ff7078c
10:47:29.0 (15604438)|VARIABLE_ASSIGNMENT|[EXTERNAL]|this|{"currentUser":"0x34779a9e","iTypeOfScreen":54,"urlReportsSFA":"https://cs6.lightnin (84 more) ..."}|0x2ff7078c
10:47:29.0 (15634599)|VARIABLE_ASSIGNMENT|[EXTERNAL]|this|{"currentUser":"0x34779a9e","iTypeOfScreen":54,"urlReportsSFA":"https://cs6.lightnin (84 more) ..."}|0x2ff7078c
10:47:29.0 (15647863)|HEAP_ALLOCATE|[81]|Bytes:5
10:47:29.0 (15696406)|SYSTEM_MODE_ENTER|true
10:47:29.0 (15727273)|HEAP_ALLOCATE|[EXTERNAL]|Bytes:40
10:47:29.0 (15732992)|VARIABLE_SCOPE_BEGIN|[99]|this|auMainTopCompCtrl|true|false
10:47:29.0 (15765612)|VARIABLE_ASSIGNMENT|[99]|this|{"currentUser":"0x34779a9e","iTypeOfScreen":54,"urlReportsSFA":"https://cs6.lightnin (84 more) ..."}|0x2ff7078c
10:47:29.0 (15774506)|STATEMENT_EXECUTE|[99]
10:47:29.0 (15776317)|STATEMENT_EXECUTE|[100]
10:47:29.0 (15802270)|VARIABLE_ASSIGNMENT|[EXTERNAL]|this|{"currentUser":"0x34779a9e","iTypeOfScreen":54,"urlReportsSFA":"https://cs6.lightnin (84 more) ..."}|0x2ff7078c
10:47:29.0 (15815294)|HEAP_ALLOCATE|[100]|Bytes:5
10:47:29.0 (18432939)|SYSTEM_MODE_ENTER|true
10:47:29.0 (18455156)|HEAP_ALLOCATE|[EXTERNAL]|Bytes:16
10:47:29.0 (18461372)|HEAP_ALLOCATE|[EXTERNAL]|Bytes:76
10:47:29.0 (18473980)|VARIABLE_ASSIGNMENT|[EXTERNAL]|this.messageError|"正しいデーターを入れてください。"|0x5de42028
10:47:29.0 (18504503)|SYSTEM_MODE_ENTER|true
10:47:29.0 (18517206)|HEAP_ALLOCATE|[EXTERNAL]|Bytes:76
10:47:29.0 (18525745)|VARIABLE_ASSIGNMENT|[EXTERNAL]|this.messageQuestion|""|0x5de42028
10:47:29.0 (18547821)|SYSTEM_MODE_ENTER|true
10:47:29.0 (18561468)|HEAP_ALLOCATE|[EXTERNAL]|Bytes:5
10:47:29.0 (18565494)|HEAP_ALLOCATE|[EXTERNAL]|Bytes:76
10:47:29.0 (18572762)|VARIABLE_ASSIGNMENT|[EXTERNAL]|this.isPreview|true|0x5de42028
10:47:29.0 (18599932)|SYSTEM_MODE_ENTER|true
10:47:29.0 (18610979)|HEAP_ALLOCATE|[EXTERNAL]|Bytes:76
10:47:29.0 (18618535)|VARIABLE_ASSIGNMENT|[EXTERNAL]|this.idBusinessLocation|""|0x5de42028
10:47:29.0 (18639360)|SYSTEM_MODE_ENTER|true
10:47:29.0 (18649890)|HEAP_ALLOCATE|[EXTERNAL]|Bytes:8
10:47:29.0 (18653896)|HEAP_ALLOCATE|[EXTERNAL]|Bytes:76
10:47:29.0 (18660557)|VARIABLE_ASSIGNMENT|[EXTERNAL]|this.iCurrentDay|0|0x5de42028
10:47:29.0 (18736692)|SYSTEM_MODE_ENTER|true
10:47:29.0 (18749222)|HEAP_ALLOCATE|[EXTERNAL]|Bytes:40
10:47:29.0 (18757356)|VARIABLE_ASSIGNMENT|[EXTERNAL]|this.iCountComments|null|0x2ff7078c
10:47:29.0 (18785364)|SYSTEM_MODE_ENTER|true
10:47:29.0 (18795074)|HEAP_ALLOCATE|[EXTERNAL]|Bytes:40
10:47:29.0 (18801917)|VARIABLE_ASSIGNMENT|[EXTERNAL]|this.iCountLikes|null|0x2ff7078c
10:47:29.0 (18836154)|SYSTEM_MODE_ENTER|true
10:47:29.0 (18871881)|HEAP_ALLOCATE|[EXTERNAL]|Bytes:76
10:47:29.0 (18878558)|VARIABLE_SCOPE_BEGIN|[92]|this|saDailyReportCtrl|true|false
10:47:29.0 (19050846)|VARIABLE_ASSIGNMENT|[92]|this|{"BusinessLocationName":"","currentInquiryReply":"0x2842f9b7","currentInquiryReplyDetail":"0x3f9e5054","dailyReportId":"a0IN0000006RUllMAG","dCurrentDay":"2018-06-30T00:00:00Z","dCurrentMonth":"2018-07-01T00:00:00Z","iCurrentDay":0,"idBusinessLocation":"","isIPhone":false,"isPreview":true,"lsBusinessLocation":"0x37b59e53","messageError":"正しいデーターを入れてください。","messageQuestion":"","mpQuestions":"0x4bac0ded","myUser":"0x741cca6e","sourceOfTheCall":"preview"}|0x5de42028
10:47:29.0 (19071499)|SYSTEM_MODE_ENTER|false
10:47:29.0 (19079116)|HEAP_ALLOCATE|[92]|Bytes:5
10:47:29.0 (19084346)|STATEMENT_EXECUTE|[92]
10:47:29.0 (19086174)|STATEMENT_EXECUTE|[92]
10:47:29.0 (19090713)|SYSTEM_MODE_EXIT|false
10:47:29.0 (19130645)|SYSTEM_MODE_ENTER|true
10:47:29.0 (19143904)|HEAP_ALLOCATE|[EXTERNAL]|Bytes:8
10:47:29.0 (19147804)|HEAP_ALLOCATE|[EXTERNAL]|Bytes:40
10:47:29.0 (19156296)|VARIABLE_ASSIGNMENT|[EXTERNAL]|this.iTypeOfScreen|54|0x2ff7078c
10:47:29.0 (19294311)|SYSTEM_MODE_ENTER|true
10:47:29.0 (21566236)|HEAP_ALLOCATE|[EXTERNAL]|Bytes:76
10:47:29.0 (21580990)|VARIABLE_SCOPE_BEGIN|[199]|this|saDailyReportCtrl|true|false
10:47:29.0 (21749701)|VARIABLE_ASSIGNMENT|[199]|this|{"BusinessLocationName":"","currentInquiryReply":"0x2842f9b7","currentInquiryReplyDetail":"0x3f9e5054","dailyReportId":"a0IN0000006RUllMAG","dCurrentDay":"2018-06-30T00:00:00Z","dCurrentMonth":"2018-07-01T00:00:00Z","iCurrentDay":0,"idBusinessLocation":"","isIPhone":false,"isPreview":true,"lsBusinessLocation":"0x37b59e53","messageError":"正しいデーターを入れてください。","messageQuestion":"","mpQuestions":"0x4bac0ded","myUser":"0x741cca6e","sourceOfTheCall":"preview"}|0x5de42028
10:47:29.0 (21770670)|SYSTEM_MODE_ENTER|false
10:47:29.0 (21778253)|HEAP_ALLOCATE|[201]|Bytes:5
10:47:29.0 (21784952)|STATEMENT_EXECUTE|[199]
10:47:29.0 (21786872)|STATEMENT_EXECUTE|[201]
10:47:29.0 (21949383)|VARIABLE_ASSIGNMENT|[EXTERNAL]|this|{"BusinessLocationName":"","currentInquiryReply":"0x2842f9b7","currentInquiryReplyDetail":"0x3f9e5054","dailyReportId":"a0IN0000006RUllMAG","dCurrentDay":"2018-06-30T00:00:00Z","dCurrentMonth":"2018-07-01T00:00:00Z","iCurrentDay":0,"idBusinessLocation":"","isIPhone":false,"isPreview":true,"lsBusinessLocation":"0x37b59e53","messageError":"正しいデーターを入れてください。","messageQuestion":"","mpQuestions":"0x4bac0ded","myUser":"0x741cca6e","sourceOfTheCall":"preview"}|0x5de42028
10:47:29.0 (21966126)|VARIABLE_ASSIGNMENT|[EXTERNAL]|value|""
10:47:29.0 (21977462)|VARIABLE_ASSIGNMENT|[6]|this.messageError|""|0x5de42028
10:47:29.0 (21988768)|STATEMENT_EXECUTE|[202]
10:47:29.0 (22131163)|VARIABLE_ASSIGNMENT|[EXTERNAL]|this|{"BusinessLocationName":"","currentInquiryReply":"0x2842f9b7","currentInquiryReplyDetail":"0x3f9e5054","dailyReportId":"a0IN0000006RUllMAG","dCurrentDay":"2018-06-30T00:00:00Z","dCurrentMonth":"2018-07-01T00:00:00Z","iCurrentDay":0,"idBusinessLocation":"","isIPhone":false,"isPreview":true,"lsBusinessLocation":"0x37b59e53","messageError":"","messageQuestion":"","mpQuestions":"0x4bac0ded","myUser":"0x741cca6e","sourceOfTheCall":"preview"}|0x5de42028
10:47:29.0 (22145721)|VARIABLE_ASSIGNMENT|[EXTERNAL]|value|""
10:47:29.0 (22155764)|VARIABLE_ASSIGNMENT|[7]|this.messageQuestion|""|0x5de42028
10:47:29.0 (22165553)|STATEMENT_EXECUTE|[204]
10:47:29.0 (22167338)|STATEMENT_EXECUTE|[204]
10:47:29.0 (22168811)|STATEMENT_EXECUTE|[206]
10:47:29.0 (22362161)|VARIABLE_ASSIGNMENT|[EXTERNAL]|this|{"BusinessLocationName":"","currentInquiryReply":"0x2842f9b7","currentInquiryReplyDetail":"0x3f9e5054","dailyReportId":"a0IN0000006RUllMAG","dCurrentDay":"2018-06-30T00:00:00Z","dCurrentMonth":"2018-07-01T00:00:00Z","iCurrentDay":0,"idBusinessLocation":"","isIPhone":false,"isPreview":true,"lsBusinessLocation":"0x37b59e53","messageError":"","messageQuestion":"","mpQuestions":"0x4bac0ded","myUser":"0x741cca6e","sourceOfTheCall":"preview"}|0x5de42028
10:47:29.0 (22416344)|HEAP_ALLOCATE|[206]|Bytes:4
10:47:29.0 (22448557)|VARIABLE_ASSIGNMENT|[206]|this.dCurrentDay|"2018-06-30T00:00:00.000Z"|0x5de42028
10:47:29.0 (22455558)|STATEMENT_EXECUTE|[208]
10:47:29.0 (22471496)|HEAP_ALLOCATE|[208]|Bytes:4
10:47:29.0 (22687673)|VARIABLE_ASSIGNMENT|[EXTERNAL]|this|{"BusinessLocationName":"","currentInquiryReply":"0x2842f9b7","currentInquiryReplyDetail":"0x3f9e5054","dailyReportId":"a0IN0000006RUllMAG","dCurrentDay":"2018-06-30T00:00:00Z","dCurrentMonth":"2018-07-01T00:00:00Z","iCurrentDay":0,"idBusinessLocation":"","isIPhone":false,"isPreview":true,"lsBusinessLocation":"0x37b59e53","messageError":"","messageQuestion":"","mpQuestions":"0x4bac0ded","myUser":"0x741cca6e","sourceOfTheCall":"preview"}|0x5de42028
10:47:29.0 (22703202)|HEAP_ALLOCATE|[EXTERNAL]|Bytes:4
10:47:29.0 (22715590)|VARIABLE_ASSIGNMENT|[EXTERNAL]|value|[]|0x6f81821b
10:47:29.0 (22726983)|VARIABLE_ASSIGNMENT|[22]|this.currentInquiryReplyDetail|[]|0x5de42028
10:47:29.0 (22736882)|STATEMENT_EXECUTE|[209]
10:47:29.0 (22750564)|HEAP_ALLOCATE|[209]|Bytes:4
10:47:29.0 (22924097)|VARIABLE_ASSIGNMENT|[EXTERNAL]|this|{"BusinessLocationName":"","currentInquiryReply":"0x2842f9b7","currentInquiryReplyDetail":"0x6f81821b","dailyReportId":"a0IN0000006RUllMAG","dCurrentDay":"2018-06-30T00:00:00Z","dCurrentMonth":"2018-07-01T00:00:00Z","iCurrentDay":0,"idBusinessLocation":"","isIPhone":false,"isPreview":true,"lsBusinessLocation":"0x37b59e53","messageError":"","messageQuestion":"","mpQuestions":"0x4bac0ded","myUser":"0x741cca6e","sourceOfTheCall":"preview"}|0x5de42028
10:47:29.0 (22944153)|VARIABLE_ASSIGNMENT|[EXTERNAL]|value|{}|0x4831304a
10:47:29.0 (22955856)|VARIABLE_ASSIGNMENT|[24]|this.mpQuestions|{}|0x5de42028
10:47:29.0 (22965253)|STATEMENT_EXECUTE|[211]
10:47:29.0 (23107608)|VARIABLE_ASSIGNMENT|[EXTERNAL]|this|{"BusinessLocationName":"","currentInquiryReply":"0x2842f9b7","currentInquiryReplyDetail":"0x6f81821b","dailyReportId":"a0IN0000006RUllMAG","dCurrentDay":"2018-06-30T00:00:00Z","dCurrentMonth":"2018-07-01T00:00:00Z","iCurrentDay":0,"idBusinessLocation":"","isIPhone":false,"isPreview":true,"lsBusinessLocation":"0x37b59e53","messageError":"","messageQuestion":"","mpQuestions":"0x4831304a","myUser":"0x741cca6e","sourceOfTheCall":"preview"}|0x5de42028
10:47:29.0 (23122924)|VARIABLE_ASSIGNMENT|[EXTERNAL]|value|""
10:47:29.0 (23132035)|VARIABLE_ASSIGNMENT|[23]|this.BusinessLocationName|""|0x5de42028
10:47:29.0 (23144369)|HEAP_ALLOCATE|[212]|Bytes:81
10:47:29.0 (23159753)|HEAP_ALLOCATE|[212]|Bytes:4
10:47:29.0 (23169832)|HEAP_ALLOCATE|[212]|Bytes:7
10:47:29.0 (23313933)|VARIABLE_ASSIGNMENT|[EXTERNAL]|this|{"BusinessLocationName":"","currentInquiryReply":"0x2842f9b7","currentInquiryReplyDetail":"0x6f81821b","dailyReportId":"a0IN0000006RUllMAG","dCurrentDay":"2018-06-30T00:00:00Z","dCurrentMonth":"2018-07-01T00:00:00Z","iCurrentDay":0,"idBusinessLocation":"","isIPhone":false,"isPreview":true,"lsBusinessLocation":"0x37b59e53","messageError":"","messageQuestion":"","mpQuestions":"0x4831304a","myUser":"0x741cca6e","sourceOfTheCall":"preview"}|0x5de42028
10:47:29.0 (23643988)|SOQL_EXECUTE_BEGIN|[212]|Aggregations:0|SELECT Id, BusinessLocationName__c FROM saBusinessLocation__c 
10:47:29.0 (25051002)|SOQL_EXECUTE_END|[212]|Rows:0
10:47:29.0 (25196330)|HEAP_ALLOCATE|[212]|Bytes:54
10:47:29.0 (25205506)|HEAP_ALLOCATE|[212]|Bytes:8
10:47:29.0 (25231066)|SYSTEM_METHOD_ENTRY|[7]|QueryLocatorIterator.QueryLocatorIterator()
10:47:29.0 (25235484)|STATEMENT_EXECUTE|[7]
10:47:29.0 (25241870)|SYSTEM_METHOD_EXIT|[7]|QueryLocatorIterator
10:47:29.0 (25249176)|HEAP_ALLOCATE|[212]|Bytes:28
10:47:29.0 (25263029)|HEAP_ALLOCATE|[212]|Bytes:8
10:47:29.0 (25266698)|HEAP_ALLOCATE|[212]|Bytes:8
10:47:29.0 (25271620)|VARIABLE_SCOPE_BEGIN|[15]|this|Database.QueryLocatorIterator|true|false
10:47:29.0 (25296055)|VARIABLE_ASSIGNMENT|[15]|this|{}|0x5b9e78ed
10:47:29.0 (25302679)|VARIABLE_SCOPE_BEGIN|[15]|values|List<SObject>|true|false
10:47:29.0 (25310727)|VARIABLE_ASSIGNMENT|[15]|values|null|
10:47:29.0 (25315169)|VARIABLE_SCOPE_BEGIN|[15]|ql|Database.QueryLocator|true|false
10:47:29.0 (25334158)|VARIABLE_ASSIGNMENT|[15]|ql|{"query":"SELECT Id, BusinessL (61 more) ..."}|0x5589c770
10:47:29.0 (25339794)|VARIABLE_SCOPE_BEGIN|[15]|totalNumRecords|Integer|false|false
10:47:29.0 (25348009)|VARIABLE_ASSIGNMENT|[15]|totalNumRecords|0
10:47:29.0 (25351913)|VARIABLE_SCOPE_BEGIN|[15]|queryMoreSize|Integer|false|false
10:47:29.0 (25358960)|VARIABLE_ASSIGNMENT|[15]|queryMoreSize|50000
10:47:29.0 (25428853)|HEAP_ALLOCATE|[212]|Bytes:28
10:47:29.0 (25446906)|METHOD_ENTRY|[212]||Database.QueryLocatorIterator.hasNext()
10:47:29.0 (25465381)|METHOD_EXIT|[212]||Database.QueryLocatorIterator.hasNext()
10:47:29.0 (25493470)|VARIABLE_ASSIGNMENT|[212]|bl|null|
10:47:29.0 (25500292)|STATEMENT_EXECUTE|[212]
10:47:29.0 (25516672)|STATEMENT_EXECUTE|[219]
10:47:29.0 (25520436)|HEAP_ALLOCATE|[219]|Bytes:195
10:47:29.0 (25533404)|HEAP_ALLOCATE|[219]|Bytes:4
10:47:29.0 (25556431)|HEAP_ALLOCATE|[219]|Bytes:7
10:47:29.0 (25591361)|HEAP_ALLOCATE|[223]|Bytes:89
10:47:29.0 (25600779)|SYSTEM_METHOD_ENTRY|[1]|UserInfo.UserInfo()
10:47:29.0 (25604536)|STATEMENT_EXECUTE|[1]
10:47:29.0 (25608961)|SYSTEM_METHOD_EXIT|[1]|UserInfo
10:47:29.0 (25618660)|METHOD_ENTRY|[223]||System.UserInfo.getUserId()
10:47:29.0 (25652619)|METHOD_EXIT|[223]||System.UserInfo.getUserId()
10:47:29.0 (26115864)|SOQL_EXECUTE_BEGIN|[219]|Aggregations:0|SELECT Id, saBusinessLocation__c, Status__c, saInquiry__c, Comment__c FROM saInquiryReply__c WHERE (saInquiry__r.Type__c = 'DAILY_REPORT' AND DailyReportDate__c = :tmpVar1 AND User__c = :tmpVar2)
10:47:29.0 (31291638)|SOQL_EXECUTE_END|[219]|Rows:0
10:47:29.0 (31314653)|HEAP_ALLOCATE|[219]|Bytes:4
10:47:29.0 (31326556)|HEAP_ALLOCATE|[219]|Bytes:0
10:47:29.0 (31378097)|HEAP_ALLOCATE|[219]|Bytes:4
10:47:29.0 (31389664)|VARIABLE_SCOPE_BEGIN|[219]|lsInqRep|List<saInquiryReply__c>|true|false
10:47:29.0 (31405285)|VARIABLE_ASSIGNMENT|[219]|lsInqRep|[]|0x27be0aa8
10:47:29.0 (31456897)|STATEMENT_EXECUTE|[225]
10:47:29.0 (31459443)|STATEMENT_EXECUTE|[227]
10:47:29.0 (31463575)|HEAP_ALLOCATE|[227]|Bytes:207
10:47:29.0 (31476346)|HEAP_ALLOCATE|[227]|Bytes:4
10:47:29.0 (31670234)|VARIABLE_ASSIGNMENT|[EXTERNAL]|this|{"BusinessLocationName":"","currentInquiryReply":"0x2842f9b7","currentInquiryReplyDetail":"0x6f81821b","dailyReportId":"a0IN0000006RUllMAG","dCurrentDay":"2018-06-30T00:00:00Z","dCurrentMonth":"2018-07-01T00:00:00Z","iCurrentDay":0,"idBusinessLocation":"","isIPhone":false,"isPreview":true,"lsBusinessLocation":"0x37b59e53","messageError":"","messageQuestion":"","mpQuestions":"0x4831304a","myUser":"0x741cca6e","sourceOfTheCall":"preview"}|0x5de42028
10:47:29.0 (31696862)|HEAP_ALLOCATE|[227]|Bytes:7
10:47:29.0 (31706488)|METHOD_ENTRY|[232]||System.UserInfo.getUserId()
10:47:29.0 (31727591)|METHOD_EXIT|[232]||System.UserInfo.getUserId()
10:47:29.0 (32050328)|SOQL_EXECUTE_BEGIN|[227]|Aggregations:0|SELECT Id, saBusinessLocation__c, Status__c FROM saInquiryReply__c WHERE (saInquiry__r.Type__c = 'DAILY_REPORT' AND DailyReportDate__c = :tmpVar1 AND saBusinessLocation__c = :tmpVar2 AND User__c != :tmpVar3)
10:47:29.0 (34542973)|SOQL_EXECUTE_END|[227]|Rows:0
10:47:29.0 (34565841)|HEAP_ALLOCATE|[227]|Bytes:4
10:47:29.0 (34583155)|HEAP_ALLOCATE|[227]|Bytes:0
10:47:29.0 (34606112)|HEAP_ALLOCATE|[227]|Bytes:4
10:47:29.0 (34616600)|VARIABLE_SCOPE_BEGIN|[227]|lsInqOtherPeople|List<saInquiryReply__c>|true|false
10:47:29.0 (34631901)|VARIABLE_ASSIGNMENT|[227]|lsInqOtherPeople|[]|0x33d05252
10:47:29.0 (34665183)|STATEMENT_EXECUTE|[234]
10:47:29.0 (34668641)|STATEMENT_EXECUTE|[240]
10:47:29.0 (34672420)|VARIABLE_SCOPE_BEGIN|[240]|lsTemplate|List<saInquiryReply__c>|true|false
10:47:29.0 (34682591)|VARIABLE_ASSIGNMENT|[240]|lsTemplate|null|
10:47:29.0 (34859752)|VARIABLE_ASSIGNMENT|[EXTERNAL]|this|{"BusinessLocationName":"","currentInquiryReply":"0x2842f9b7","currentInquiryReplyDetail":"0x6f81821b","dailyReportId":"a0IN0000006RUllMAG","dCurrentDay":"2018-06-30T00:00:00Z","dCurrentMonth":"2018-07-01T00:00:00Z","iCurrentDay":0,"idBusinessLocation":"","isIPhone":false,"isPreview":true,"lsBusinessLocation":"0x37b59e53","messageError":"","messageQuestion":"","mpQuestions":"0x4831304a","myUser":"0x741cca6e","sourceOfTheCall":"preview"}|0x5de42028
10:47:29.0 (34881230)|STATEMENT_EXECUTE|[252]
10:47:29.0 (34883157)|STATEMENT_EXECUTE|[253]
10:47:29.0 (34886772)|HEAP_ALLOCATE|[253]|Bytes:393
10:47:29.0 (34900497)|HEAP_ALLOCATE|[253]|Bytes:4
10:47:29.0 (34952135)|METHOD_ENTRY|[259]||System.UserInfo.getUserId()
10:47:29.0 (34986183)|METHOD_EXIT|[259]||System.UserInfo.getUserId()
10:47:29.0 (35402632)|SOQL_EXECUTE_BEGIN|[253]|Aggregations:0|SELECT Id, saBusinessLocation__c, Status__c, saInquiry__c, Comment__c FROM saInquiryReply__c WHERE (saInquiry__r.Type__c = 'DAILY_REPORT' AND (saInquiry__r.ValidFrom__c = NULL OR saInquiry__r.ValidFrom__c <= :tmpVar1) AND (saInquiry__r.ValidTo__c = NULL OR saInquiry__r.ValidTo__c >= :tmpVar2) AND DailyReportDate__c = NULL AND User__c = :tmpVar3) ORDER BY CreatedDate DESC NULLS FIRST LIMIT 1
10:47:29.0 (40890463)|SOQL_EXECUTE_END|[253]|Rows:1
10:47:29.0 (40910664)|HEAP_ALLOCATE|[253]|Bytes:8
10:47:29.0 (40923495)|HEAP_ALLOCATE|[253]|Bytes:89
10:47:29.0 (40946989)|HEAP_ALLOCATE|[253]|Bytes:8
10:47:29.0 (40975114)|VARIABLE_ASSIGNMENT|[253]|lsTemplate|[{"Id":"a0KN0000007Kg4nMAC","Status__c":"WAITING_REPLY","saInquiry__c":"a0IN0000006RUllMAG"}]|0x1c889bc3
10:47:29.0 (40982274)|STATEMENT_EXECUTE|[264]
10:47:29.0 (40986325)|HEAP_ALLOCATE|[264]|Bytes:11
10:47:29.0 (41076741)|HEAP_ALLOCATE|[264]|Bytes:101
10:47:29.0 (41101403)|HEAP_ALLOCATE|[264]|Bytes:112
10:47:29.0 (41118562)|USER_DEBUG|[264]|DEBUG|Template : (saInquiryReply__c:{Id=a0KN0000007Kg4nMAC, Status__c=WAITING_REPLY, saInquiry__c=a0IN0000006RUllMAG})
10:47:29.0 (41146680)|STATEMENT_EXECUTE|[265]
10:47:29.0 (41149187)|STATEMENT_EXECUTE|[271]
10:47:29.0 (41161717)|HEAP_ALLOCATE|[271]|Bytes:16
10:47:29.0 (41186476)|VARIABLE_SCOPE_BEGIN|[271]|idInquiry|Id|false|false
10:47:29.0 (41258240)|VARIABLE_ASSIGNMENT|[271]|idInquiry|"a0IN0000006RUllMAG"
10:47:29.0 (41264845)|STATEMENT_EXECUTE|[272]
10:47:29.0 (41282424)|HEAP_ALLOCATE|[272]|Bytes:4
10:47:29.0 (41525748)|VARIABLE_ASSIGNMENT|[EXTERNAL]|this|{"BusinessLocationName":"","currentInquiryReply":"0x2842f9b7","currentInquiryReplyDetail":"0x6f81821b","dailyReportId":"a0IN0000006RUllMAG","dCurrentDay":"2018-06-30T00:00:00Z","dCurrentMonth":"2018-07-01T00:00:00Z","iCurrentDay":0,"idBusinessLocation":"","isIPhone":false,"isPreview":true,"lsBusinessLocation":"0x37b59e53","messageError":"","messageQuestion":"","mpQuestions":"0x4831304a","myUser":"0x741cca6e","sourceOfTheCall":"preview"}|0x5de42028
10:47:29.0 (41545610)|VARIABLE_ASSIGNMENT|[EXTERNAL]|value|{}|0x5edfca20
10:47:29.0 (41559801)|VARIABLE_ASSIGNMENT|[21]|this.currentInquiryReply|{}|0x5de42028
10:47:29.0 (41570834)|STATEMENT_EXECUTE|[273]
10:47:29.0 (41724278)|VARIABLE_ASSIGNMENT|[EXTERNAL]|this|{"BusinessLocationName":"","currentInquiryReply":"0x5edfca20","currentInquiryReplyDetail":"0x6f81821b","dailyReportId":"a0IN0000006RUllMAG","dCurrentDay":"2018-06-30T00:00:00Z","dCurrentMonth":"2018-07-01T00:00:00Z","iCurrentDay":0,"idBusinessLocation":"","isIPhone":false,"isPreview":true,"lsBusinessLocation":"0x37b59e53","messageError":"","messageQuestion":"","mpQuestions":"0x4831304a","myUser":"0x741cca6e","sourceOfTheCall":"preview"}|0x5de42028
10:47:29.0 (41800789)|VARIABLE_ASSIGNMENT|[273]|this.saInquiry__c|"a0IN0000006RUllMAG"|0x5edfca20
10:47:29.0 (41983709)|VARIABLE_ASSIGNMENT|[EXTERNAL]|this|{"BusinessLocationName":"","currentInquiryReply":"0x5edfca20","currentInquiryReplyDetail":"0x6f81821b","dailyReportId":"a0IN0000006RUllMAG","dCurrentDay":"2018-06-30T00:00:00Z","dCurrentMonth":"2018-07-01T00:00:00Z","iCurrentDay":0,"idBusinessLocation":"","isIPhone":false,"isPreview":true,"lsBusinessLocation":"0x37b59e53","messageError":"","messageQuestion":"","mpQuestions":"0x4831304a","myUser":"0x741cca6e","sourceOfTheCall":"preview"}|0x5de42028
10:47:29.0 (42004810)|STATEMENT_EXECUTE|[277]
10:47:29.0 (42007545)|STATEMENT_EXECUTE|[280]
10:47:29.0 (42014417)|METHOD_ENTRY|[280]||System.UserInfo.getUserId()
10:47:29.0 (42039137)|METHOD_EXIT|[280]||System.UserInfo.getUserId()
10:47:29.0 (42058637)|HEAP_ALLOCATE|[280]|Bytes:4
10:47:29.0 (42202290)|VARIABLE_ASSIGNMENT|[EXTERNAL]|this|{"BusinessLocationName":"","currentInquiryReply":"0x5edfca20","currentInquiryReplyDetail":"0x6f81821b","dailyReportId":"a0IN0000006RUllMAG","dCurrentDay":"2018-06-30T00:00:00Z","dCurrentMonth":"2018-07-01T00:00:00Z","iCurrentDay":0,"idBusinessLocation":"","isIPhone":false,"isPreview":true,"lsBusinessLocation":"0x37b59e53","messageError":"","messageQuestion":"","mpQuestions":"0x4831304a","myUser":"0x741cca6e","sourceOfTheCall":"preview"}|0x5de42028
10:47:29.0 (42261511)|VARIABLE_ASSIGNMENT|[280]|this.User__c|"005N00000057PfOIAU"|0x5edfca20
10:47:29.0 (42269270)|STATEMENT_EXECUTE|[281]
10:47:29.0 (42418488)|VARIABLE_ASSIGNMENT|[EXTERNAL]|this|{"BusinessLocationName":"","currentInquiryReply":"0x5edfca20","currentInquiryReplyDetail":"0x6f81821b","dailyReportId":"a0IN0000006RUllMAG","dCurrentDay":"2018-06-30T00:00:00Z","dCurrentMonth":"2018-07-01T00:00:00Z","iCurrentDay":0,"idBusinessLocation":"","isIPhone":false,"isPreview":true,"lsBusinessLocation":"0x37b59e53","messageError":"","messageQuestion":"","mpQuestions":"0x4831304a","myUser":"0x741cca6e","sourceOfTheCall":"preview"}|0x5de42028
10:47:29.0 (42480880)|VARIABLE_ASSIGNMENT|[281]|this.DailyReportDate__c|"2018-06-30T00:00:00.000Z"|0x5edfca20
10:47:29.0 (42487971)|STATEMENT_EXECUTE|[282]
10:47:29.0 (42492012)|HEAP_ALLOCATE|[282]|Bytes:13
10:47:29.0 (42646493)|VARIABLE_ASSIGNMENT|[EXTERNAL]|this|{"BusinessLocationName":"","currentInquiryReply":"0x5edfca20","currentInquiryReplyDetail":"0x6f81821b","dailyReportId":"a0IN0000006RUllMAG","dCurrentDay":"2018-06-30T00:00:00Z","dCurrentMonth":"2018-07-01T00:00:00Z","iCurrentDay":0,"idBusinessLocation":"","isIPhone":false,"isPreview":true,"lsBusinessLocation":"0x37b59e53","messageError":"","messageQuestion":"","mpQuestions":"0x4831304a","myUser":"0x741cca6e","sourceOfTheCall":"preview"}|0x5de42028
10:47:29.0 (42694186)|VARIABLE_ASSIGNMENT|[282]|this.Status__c|"WAITING_REPLY"|0x5edfca20
10:47:29.0 (42700848)|STATEMENT_EXECUTE|[283]
10:47:29.0 (42846926)|VARIABLE_ASSIGNMENT|[EXTERNAL]|this|{"BusinessLocationName":"","currentInquiryReply":"0x5edfca20","currentInquiryReplyDetail":"0x6f81821b","dailyReportId":"a0IN0000006RUllMAG","dCurrentDay":"2018-06-30T00:00:00Z","dCurrentMonth":"2018-07-01T00:00:00Z","iCurrentDay":0,"idBusinessLocation":"","isIPhone":false,"isPreview":true,"lsBusinessLocation":"0x37b59e53","messageError":"","messageQuestion":"","mpQuestions":"0x4831304a","myUser":"0x741cca6e","sourceOfTheCall":"preview"}|0x5de42028
10:47:29.0 (42890481)|VARIABLE_ASSIGNMENT|[283]|this.Comment__c|""|0x5edfca20
10:47:29.0 (42897245)|STATEMENT_EXECUTE|[285]
10:47:29.0 (42901135)|HEAP_ALLOCATE|[285]|Bytes:625
10:47:29.0 (42916525)|HEAP_ALLOCATE|[285]|Bytes:4
10:47:29.0 (43411394)|SOQL_EXECUTE_BEGIN|[285]|Aggregations:0|SELECT Id, QuestionLabel__c, AnswerType__c, NumberPossibleReplies__c, IsShortReply__c, SortNo__c, IsRequired__c, Reply01Label__c, Reply02Label__c, Reply03Label__c, Reply04Label__c, Reply05Label__c, Reply06Label__c, Reply07Label__c, Reply08Label__c, Reply09Label__c, Reply10Label__c, Reply11Label__c, Reply12Label__c, Reply13Label__c, Reply14Label__c, Reply15Label__c, Reply16Label__c, Reply17Label__c, Reply18Label__c, Reply19Label__c, Reply20Label__c, Reply21Label__c, Reply22Label__c, Reply23Label__c, Reply24Label__c, Reply25Label__c FROM saInquiryDetail__c WHERE saInquiry__c = :tmpVar1 ORDER BY SortNo__c ASC NULLS FIRST
10:47:29.0 (52780405)|SOQL_EXECUTE_END|[285]|Rows:1
10:47:29.0 (52802618)|HEAP_ALLOCATE|[285]|Bytes:8
10:47:29.0 (52825475)|HEAP_ALLOCATE|[285]|Bytes:282
10:47:29.0 (52879138)|HEAP_ALLOCATE|[285]|Bytes:8
10:47:29.0 (52894567)|VARIABLE_SCOPE_BEGIN|[285]|lsTmpQuest|List<saInquiryDetail__c>|true|false
10:47:29.0 (52933634)|VARIABLE_ASSIGNMENT|[285]|lsTmpQuest|[{"Id":"a0JN0000008h2r2MAA","QuestionLabel__c":"Works?","AnswerType__c":"CHECKBOX","NumberPossibleReplies__c":2,"IsShortReply__c":true,"SortNo__c":0,"IsRequired__c":false,"Reply01Label__c":"Yes!","Reply02Label__c":"No!"}]|0x383113d5
10:47:29.0 (53103710)|HEAP_ALLOCATE|[295]|Bytes:5
10:47:29.0 (53124980)|HEAP_ALLOCATE|[295]|Bytes:40
10:47:29.0 (53136071)|VARIABLE_SCOPE_BEGIN|[295]|quest|saInquiryDetail__c|true|false
10:47:29.0 (53162925)|VARIABLE_ASSIGNMENT|[295]|quest|{"Id":"a0JN0000008h2r2MAA","QuestionLabel__c":"Works?","AnswerType__c":"CHECKBOX","NumberPossibleReplies__c":2,"IsShortReply__c":true,"SortNo__c":0,"IsRequired__c":false,"Reply01Label__c":"Yes!","Reply02Label__c":"No!"}|0x6b98bad7
10:47:29.0 (53172243)|STATEMENT_EXECUTE|[295]
10:47:29.0 (53174404)|STATEMENT_EXECUTE|[296]
10:47:29.0 (53198399)|HEAP_ALLOCATE|[296]|Bytes:4
10:47:29.0 (53269453)|VARIABLE_SCOPE_BEGIN|[296]|questReply|saInquiryReplyDetail__c|true|false
10:47:29.0 (53283843)|VARIABLE_ASSIGNMENT|[296]|questReply|{}|0x5b87b3ca
10:47:29.0 (53289522)|STATEMENT_EXECUTE|[297]
10:47:29.0 (53377404)|VARIABLE_ASSIGNMENT|[297]|this.saInquiryDetail__c|"a0JN0000008h2r2MAA"|0x5b87b3ca
10:47:29.0 (53385313)|STATEMENT_EXECUTE|[298]
10:47:29.0 (53582292)|VARIABLE_ASSIGNMENT|[EXTERNAL]|this|{"BusinessLocationName":"","currentInquiryReply":"0x5edfca20","currentInquiryReplyDetail":"0x6f81821b","dailyReportId":"a0IN0000006RUllMAG","dCurrentDay":"2018-06-30T00:00:00Z","dCurrentMonth":"2018-07-01T00:00:00Z","iCurrentDay":0,"idBusinessLocation":"","isIPhone":false,"isPreview":true,"lsBusinessLocation":"0x37b59e53","messageError":"","messageQuestion":"","mpQuestions":"0x4831304a","myUser":"0x741cca6e","sourceOfTheCall":"preview"}|0x5de42028
10:47:29.0 (53614021)|HEAP_ALLOCATE|[EXTERNAL]|Bytes:4
10:47:29.0 (53622399)|STATEMENT_EXECUTE|[299]
10:47:29.0 (53772171)|VARIABLE_ASSIGNMENT|[EXTERNAL]|this|{"BusinessLocationName":"","currentInquiryReply":"0x5edfca20","currentInquiryReplyDetail":"0x6f81821b","dailyReportId":"a0IN0000006RUllMAG","dCurrentDay":"2018-06-30T00:00:00Z","dCurrentMonth":"2018-07-01T00:00:00Z","iCurrentDay":0,"idBusinessLocation":"","isIPhone":false,"isPreview":true,"lsBusinessLocation":"0x37b59e53","messageError":"","messageQuestion":"","mpQuestions":"0x4831304a","myUser":"0x741cca6e","sourceOfTheCall":"preview"}|0x5de42028
10:47:29.0 (53807375)|HEAP_ALLOCATE|[EXTERNAL]|Bytes:-4
10:47:29.0 (53824181)|HEAP_ALLOCATE|[295]|Bytes:5
10:47:29.0 (53837958)|VARIABLE_ASSIGNMENT|[295]|quest|null|
10:47:29.0 (53848617)|SYSTEM_MODE_EXIT|false
10:47:29.0 (70024970)|SYSTEM_MODE_ENTER|true
10:47:29.0 (70065013)|HEAP_ALLOCATE|[EXTERNAL]|Bytes:40
10:47:29.0 (70089158)|VARIABLE_ASSIGNMENT|[EXTERNAL]|this.iCountComments|null|0x2ff7078c
10:47:29.0 (70136614)|SYSTEM_MODE_ENTER|true
10:47:29.0 (70148895)|HEAP_ALLOCATE|[EXTERNAL]|Bytes:40
10:47:29.0 (70156796)|VARIABLE_ASSIGNMENT|[EXTERNAL]|this.iCountLikes|null|0x2ff7078c
10:47:29.0 (70225160)|SYSTEM_MODE_ENTER|true
10:47:29.0 (70284829)|HEAP_ALLOCATE|[EXTERNAL]|Bytes:76
10:47:29.0 (70294991)|VARIABLE_SCOPE_BEGIN|[92]|this|saDailyReportCtrl|true|false
10:47:29.0 (70596299)|VARIABLE_ASSIGNMENT|[92]|this|{"BusinessLocationName":"","currentInquiryReply":"0x5edfca20","currentInquiryReplyDetail":"0x6f81821b","dailyReportId":"a0IN0000006RUllMAG","dCurrentDay":"2018-06-30T00:00:00Z","dCurrentMonth":"2018-07-01T00:00:00Z","iCurrentDay":0,"idBusinessLocation":"","isIPhone":false,"isPreview":true,"lsBusinessLocation":"0x37b59e53","messageError":"","messageQuestion":"","mpQuestions":"0x4831304a","myUser":"0x741cca6e","sourceOfTheCall":"preview"}|0x5de42028
10:47:29.0 (70622851)|SYSTEM_MODE_ENTER|false
10:47:29.0 (70635092)|HEAP_ALLOCATE|[92]|Bytes:5
10:47:29.0 (70642471)|STATEMENT_EXECUTE|[92]
10:47:29.0 (70644915)|STATEMENT_EXECUTE|[92]
10:47:29.0 (70654102)|SYSTEM_MODE_EXIT|false
10:47:29.0 (70704431)|SYSTEM_MODE_ENTER|true
10:47:29.0 (70722594)|HEAP_ALLOCATE|[EXTERNAL]|Bytes:8
10:47:29.0 (70726779)|HEAP_ALLOCATE|[EXTERNAL]|Bytes:40
10:47:29.0 (70736807)|VARIABLE_ASSIGNMENT|[EXTERNAL]|this.iTypeOfScreen|54|0x2ff7078c
10:47:29.0 (70802301)|SYSTEM_MODE_ENTER|true
10:47:29.0 (70838366)|HEAP_ALLOCATE|[EXTERNAL]|Bytes:40
10:47:29.0 (70844930)|VARIABLE_SCOPE_BEGIN|[80]|this|auMainTopCompCtrl|true|false
10:47:29.0 (70883149)|VARIABLE_ASSIGNMENT|[80]|this|{"currentUser":"0x34779a9e","iTypeOfScreen":54,"urlReportsSFA":"https://cs6.lightnin (84 more) ..."}|0x2ff7078c
10:47:29.0 (70892528)|STATEMENT_EXECUTE|[80]
10:47:29.0 (70894444)|STATEMENT_EXECUTE|[81]
10:47:29.0 (70929642)|VARIABLE_ASSIGNMENT|[EXTERNAL]|this|{"currentUser":"0x34779a9e","iTypeOfScreen":54,"urlReportsSFA":"https://cs6.lightnin (84 more) ..."}|0x2ff7078c
10:47:29.0 (70970106)|VARIABLE_ASSIGNMENT|[EXTERNAL]|this|{"currentUser":"0x34779a9e","iTypeOfScreen":54,"urlReportsSFA":"https://cs6.lightnin (84 more) ..."}|0x2ff7078c
10:47:29.0 (71002208)|VARIABLE_ASSIGNMENT|[EXTERNAL]|this|{"currentUser":"0x34779a9e","iTypeOfScreen":54,"urlReportsSFA":"https://cs6.lightnin (84 more) ..."}|0x2ff7078c
10:47:29.0 (71033471)|VARIABLE_ASSIGNMENT|[EXTERNAL]|this|{"currentUser":"0x34779a9e","iTypeOfScreen":54,"urlReportsSFA":"https://cs6.lightnin (84 more) ..."}|0x2ff7078c
10:47:29.0 (71049367)|HEAP_ALLOCATE|[81]|Bytes:5
10:47:29.0 (71113098)|SYSTEM_MODE_ENTER|true
10:47:29.0 (71143636)|HEAP_ALLOCATE|[EXTERNAL]|Bytes:40
10:47:29.0 (71149730)|VARIABLE_SCOPE_BEGIN|[99]|this|auMainTopCompCtrl|true|false
10:47:29.0 (71178534)|VARIABLE_ASSIGNMENT|[99]|this|{"currentUser":"0x34779a9e","iTypeOfScreen":54,"urlReportsSFA":"https://cs6.lightnin (84 more) ..."}|0x2ff7078c
10:47:29.0 (71188011)|STATEMENT_EXECUTE|[99]
10:47:29.0 (71189838)|STATEMENT_EXECUTE|[100]
10:47:29.0 (71215357)|VARIABLE_ASSIGNMENT|[EXTERNAL]|this|{"currentUser":"0x34779a9e","iTypeOfScreen":54,"urlReportsSFA":"https://cs6.lightnin (84 more) ..."}|0x2ff7078c
10:47:29.0 (71229593)|HEAP_ALLOCATE|[100]|Bytes:5
10:47:29.0 (71311190)|SYSTEM_MODE_ENTER|true
10:47:29.0 (71408916)|SYSTEM_MODE_ENTER|true
10:47:29.0 (71511223)|SYSTEM_MODE_ENTER|true
10:47:29.0 (71696555)|SYSTEM_MODE_ENTER|true
10:47:29.0 (73936761)|SYSTEM_MODE_ENTER|true
10:47:29.0 (74019236)|SYSTEM_MODE_ENTER|true
10:47:29.0 (74654405)|SYSTEM_MODE_ENTER|true
10:47:29.0 (74694191)|HEAP_ALLOCATE|[EXTERNAL]|Bytes:76
10:47:29.0 (74702903)|VARIABLE_SCOPE_BEGIN|[141]|this|saDailyReportCtrl|true|false
10:47:29.0 (74873037)|VARIABLE_ASSIGNMENT|[141]|this|{"BusinessLocationName":"","currentInquiryReply":"0x5edfca20","currentInquiryReplyDetail":"0x6f81821b","dailyReportId":"a0IN0000006RUllMAG","dCurrentDay":"2018-06-30T00:00:00Z","dCurrentMonth":"2018-07-01T00:00:00Z","iCurrentDay":0,"idBusinessLocation":"","isIPhone":false,"isPreview":true,"lsBusinessLocation":"0x37b59e53","messageError":"","messageQuestion":"","mpQuestions":"0x4831304a","myUser":"0x741cca6e","sourceOfTheCall":"preview"}|0x5de42028
10:47:29.0 (74894062)|SYSTEM_MODE_ENTER|false
10:47:29.0 (74901955)|HEAP_ALLOCATE|[142]|Bytes:5
10:47:29.0 (74907542)|STATEMENT_EXECUTE|[141]
10:47:29.0 (74909465)|STATEMENT_EXECUTE|[142]
10:47:29.0 (74988242)|HEAP_ALLOCATE|[142]|Bytes:4
10:47:29.0 (74999322)|HEAP_ALLOCATE|[142]|Bytes:1
10:47:29.0 (75020121)|HEAP_ALLOCATE|[142]|Bytes:1
10:47:29.0 (75028539)|HEAP_ALLOCATE|[142]|Bytes:1
10:47:29.0 (75053857)|HEAP_ALLOCATE|[142]|Bytes:2
10:47:29.0 (75070472)|HEAP_ALLOCATE|[142]|Bytes:9
10:47:29.0 (75077304)|HEAP_ALLOCATE|[142]|Bytes:10
10:47:29.0 (75083847)|SYSTEM_MODE_EXIT|false
10:47:29.0 (75263572)|SYSTEM_MODE_ENTER|true
10:47:29.0 (75707550)|SYSTEM_MODE_ENTER|true
10:47:29.0 (89195545)|VF_SERIALIZE_VIEWSTATE_BEGIN|066N0000000M4pW
10:47:29.0 (93021890)|VF_SERIALIZE_VIEWSTATE_END
10:47:29.96 (96327336)|CUMULATIVE_LIMIT_USAGE
10:47:29.96 (96327336)|LIMIT_USAGE_FOR_NS|(default)|
  Number of SOQL queries: 5 out of 100
  Number of query rows: 2 out of 50000
  Number of SOSL queries: 0 out of 20
  Number of DML statements: 0 out of 150
  Number of DML rows: 0 out of 10000
  Maximum CPU time: 0 out of 10000
  Maximum heap size: 0 out of 6000000
  Number of callouts: 0 out of 100
  Number of Email Invocations: 0 out of 10
  Number of future calls: 0 out of 50
  Number of queueable jobs added to the queue: 0 out of 50
  Number of Mobile Apex push calls: 0 out of 10

10:47:29.96 (96327336)|CUMULATIVE_LIMIT_USAGE_END

10:47:29.0 (96358724)|CODE_UNIT_FINISHED|VF: /apex/sadailyreport
10:47:29.0 (97092082)|EXECUTION_FINISHED
