41.0 APEX_CODE,FINEST;APEX_PROFILING,INFO;CALLOUT,INFO;DB,INFO;SYSTEM,DEBUG;VALIDATION,INFO;VISUALFORCE,INFO;WAVE,INFO;WORKFLOW,INFO
16:48:01.0 (238394)|USER_INFO|[EXTERNAL]|005N00000057PfO|thomas.remy+kddi_gwdev01@globalway.co.jp|Japan Standard Time|GMT+09:00
16:48:01.0 (269946)|EXECUTION_STARTED
16:48:01.0 (273572)|CODE_UNIT_STARTED|[EXTERNAL]|066N0000000LKO6|VF: /apex/auScheduleList
16:48:01.0 (1436367)|SYSTEM_MODE_ENTER|true
16:48:01.0 (1622632)|VARIABLE_SCOPE_BEGIN|[7]|auMainTopCompCtrl.TYPE_SCREEN_CX_SCREEN|Integer|false|true
16:48:01.0 (1632681)|VARIABLE_SCOPE_BEGIN|[8]|auMainTopCompCtrl.TYPE_SCREEN_CX_TIMELINE|Integer|false|true
16:48:01.0 (1639604)|VARIABLE_SCOPE_BEGIN|[9]|auMainTopCompCtrl.TYPE_SCREEN_EVENT_SCHEDULE|Integer|false|true
16:48:01.0 (1647024)|VARIABLE_SCOPE_BEGIN|[10]|auMainTopCompCtrl.TYPE_SCREEN_EVENT_SCHEDULE_LIST|Integer|false|true
16:48:01.0 (1653537)|VARIABLE_SCOPE_BEGIN|[11]|auMainTopCompCtrl.TYPE_SCREEN_KNOWLEDGE_DASHBOARD|Integer|false|true
16:48:01.0 (1660057)|VARIABLE_SCOPE_BEGIN|[12]|auMainTopCompCtrl.TYPE_SCREEN_KNOWLEDGE_LIST|Integer|false|true
16:48:01.0 (1666626)|VARIABLE_SCOPE_BEGIN|[4]|auMainTopCompCtrl.TYPE_SCREEN_STPD_EVENT|Integer|false|true
16:48:01.0 (1673898)|VARIABLE_SCOPE_BEGIN|[6]|auMainTopCompCtrl.TYPE_SCREEN_STPD_SCREEN|Integer|false|true
16:48:01.0 (1679515)|VARIABLE_SCOPE_BEGIN|[5]|auMainTopCompCtrl.TYPE_SCREEN_STPD_TIMELINE|Integer|false|true
16:48:01.0 (1685609)|VARIABLE_SCOPE_BEGIN|[3]|auMainTopCompCtrl.TYPE_SCREEN_SWITCH|Integer|false|true
16:48:01.0 (1775762)|HEAP_ALLOCATE|[72]|Bytes:3
16:48:01.0 (1814746)|HEAP_ALLOCATE|[77]|Bytes:152
16:48:01.0 (1828735)|HEAP_ALLOCATE|[342]|Bytes:408
16:48:01.0 (1839387)|HEAP_ALLOCATE|[355]|Bytes:408
16:48:01.0 (1849380)|HEAP_ALLOCATE|[467]|Bytes:48
16:48:01.0 (1874543)|HEAP_ALLOCATE|[139]|Bytes:6
16:48:01.0 (1887341)|HEAP_ALLOCATE|[EXTERNAL]|Bytes:284
16:48:01.0 (1893598)|HEAP_ALLOCATE|[EXTERNAL]|Bytes:84
16:48:01.0 (1902611)|METHOD_ENTRY|[1]|01pN0000000Mill|auMainTopCompCtrl.auMainTopCompCtrl()
16:48:01.0 (1908911)|STATEMENT_EXECUTE|[1]
16:48:01.0 (1914684)|STATEMENT_EXECUTE|[1]
16:48:01.0 (1916333)|STATEMENT_EXECUTE|[3]
16:48:01.0 (1922253)|HEAP_ALLOCATE|[3]|Bytes:4
16:48:01.0 (1944635)|VARIABLE_ASSIGNMENT|[3]|auMainTopCompCtrl.TYPE_SCREEN_SWITCH|0
16:48:01.0 (1949960)|STATEMENT_EXECUTE|[4]
16:48:01.0 (1951990)|HEAP_ALLOCATE|[4]|Bytes:4
16:48:01.0 (1957994)|VARIABLE_ASSIGNMENT|[4]|auMainTopCompCtrl.TYPE_SCREEN_STPD_EVENT|11
16:48:01.0 (1961602)|STATEMENT_EXECUTE|[5]
16:48:01.0 (1963310)|HEAP_ALLOCATE|[5]|Bytes:4
16:48:01.0 (1968594)|VARIABLE_ASSIGNMENT|[5]|auMainTopCompCtrl.TYPE_SCREEN_STPD_TIMELINE|12
16:48:01.0 (1972844)|STATEMENT_EXECUTE|[6]
16:48:01.0 (1974491)|HEAP_ALLOCATE|[6]|Bytes:4
16:48:01.0 (1979625)|VARIABLE_ASSIGNMENT|[6]|auMainTopCompCtrl.TYPE_SCREEN_STPD_SCREEN|13
16:48:01.0 (1982948)|STATEMENT_EXECUTE|[7]
16:48:01.0 (1984512)|HEAP_ALLOCATE|[7]|Bytes:4
16:48:01.0 (1994969)|VARIABLE_ASSIGNMENT|[7]|auMainTopCompCtrl.TYPE_SCREEN_CX_SCREEN|21
16:48:01.0 (1998445)|STATEMENT_EXECUTE|[8]
16:48:01.0 (2000274)|HEAP_ALLOCATE|[8]|Bytes:4
16:48:01.0 (2005637)|VARIABLE_ASSIGNMENT|[8]|auMainTopCompCtrl.TYPE_SCREEN_CX_TIMELINE|22
16:48:01.0 (2008905)|STATEMENT_EXECUTE|[9]
16:48:01.0 (2010693)|HEAP_ALLOCATE|[9]|Bytes:4
16:48:01.0 (2015118)|VARIABLE_ASSIGNMENT|[9]|auMainTopCompCtrl.TYPE_SCREEN_EVENT_SCHEDULE|31
16:48:01.0 (2018964)|STATEMENT_EXECUTE|[10]
16:48:01.0 (2021238)|HEAP_ALLOCATE|[10]|Bytes:4
16:48:01.0 (2026102)|VARIABLE_ASSIGNMENT|[10]|auMainTopCompCtrl.TYPE_SCREEN_EVENT_SCHEDULE_LIST|32
16:48:01.0 (2029976)|STATEMENT_EXECUTE|[11]
16:48:01.0 (2031615)|HEAP_ALLOCATE|[11]|Bytes:4
16:48:01.0 (2036728)|VARIABLE_ASSIGNMENT|[11]|auMainTopCompCtrl.TYPE_SCREEN_KNOWLEDGE_DASHBOARD|41
16:48:01.0 (2039920)|STATEMENT_EXECUTE|[12]
16:48:01.0 (2041473)|HEAP_ALLOCATE|[12]|Bytes:4
16:48:01.0 (2046246)|VARIABLE_ASSIGNMENT|[12]|auMainTopCompCtrl.TYPE_SCREEN_KNOWLEDGE_LIST|42
16:48:01.0 (2053464)|METHOD_EXIT|[1]|auMainTopCompCtrl
16:48:01.0 (2060500)|HEAP_ALLOCATE|[EXTERNAL]|Bytes:40
16:48:01.0 (2067931)|VARIABLE_SCOPE_BEGIN|[31]|this|auMainTopCompCtrl|true|false
16:48:01.0 (2110022)|VARIABLE_ASSIGNMENT|[31]|this|{}|0xc25aff1
16:48:01.0 (2118658)|STATEMENT_EXECUTE|[1]
16:48:01.0 (2119989)|STATEMENT_EXECUTE|[14]
16:48:01.0 (2121282)|STATEMENT_EXECUTE|[15]
16:48:01.0 (2122457)|STATEMENT_EXECUTE|[16]
16:48:01.0 (2123804)|STATEMENT_EXECUTE|[19]
16:48:01.0 (2125042)|STATEMENT_EXECUTE|[20]
16:48:01.0 (2126210)|STATEMENT_EXECUTE|[21]
16:48:01.0 (2127413)|STATEMENT_EXECUTE|[23]
16:48:01.0 (2128558)|STATEMENT_EXECUTE|[24]
16:48:01.0 (2129935)|STATEMENT_EXECUTE|[26]
16:48:01.0 (2136759)|HEAP_ALLOCATE|[32]|Bytes:6
16:48:01.0 (2185530)|STATEMENT_EXECUTE|[31]
16:48:01.0 (2187153)|STATEMENT_EXECUTE|[32]
16:48:01.0 (2239842)|VARIABLE_ASSIGNMENT|[EXTERNAL]|this|{}|0xc25aff1
16:48:01.0 (2249224)|VARIABLE_ASSIGNMENT|[EXTERNAL]|value|0
16:48:01.0 (2255246)|HEAP_ALLOCATE|[19]|Bytes:4
16:48:01.0 (2263285)|VARIABLE_ASSIGNMENT|[19]|this.iTypeOfScreen|0|0xc25aff1
16:48:01.0 (2273161)|STATEMENT_EXECUTE|[34]
16:48:01.0 (19403040)|HEAP_ALLOCATE|[34]|Bytes:112
16:48:01.0 (19569661)|VARIABLE_ASSIGNMENT|[EXTERNAL]|this|{"iTypeOfScreen":0}|0xc25aff1
16:48:01.0 (19587472)|VARIABLE_ASSIGNMENT|[EXTERNAL]|value|"https://cs6.lightnin (84 more) ..."
16:48:01.0 (19604081)|VARIABLE_ASSIGNMENT|[24]|this.urlReportsSFA|"https://cs6.lightnin (84 more) ..."|0xc25aff1
16:48:01.0 (19614178)|STATEMENT_EXECUTE|[36]
16:48:01.0 (19618668)|HEAP_ALLOCATE|[36]|Bytes:161
16:48:01.0 (19635930)|HEAP_ALLOCATE|[36]|Bytes:4
16:48:01.0 (19645255)|HEAP_ALLOCATE|[36]|Bytes:7
16:48:01.0 (19680981)|HEAP_ALLOCATE|[40]|Bytes:85
16:48:01.0 (19693040)|SYSTEM_METHOD_ENTRY|[1]|UserInfo.UserInfo()
16:48:01.0 (19698146)|STATEMENT_EXECUTE|[1]
16:48:01.0 (19704776)|SYSTEM_METHOD_EXIT|[1]|UserInfo
16:48:01.0 (19715272)|METHOD_ENTRY|[40]||System.UserInfo.getUserId()
16:48:01.0 (19805478)|METHOD_EXIT|[40]||System.UserInfo.getUserId()
16:48:01.0 (20208212)|SOQL_EXECUTE_BEGIN|[36]|Aggregations:0|SELECT SmallPhotoUrl, Account.Name, Account.RegionalOfficeId__r.RegionalOfficeName__c, Account.BranchId__r.BranchName__c, Name FROM User WHERE User.ID = :tmpVar1
16:48:01.0 (26737937)|SOQL_EXECUTE_END|[36]|Rows:1
16:48:01.0 (26761471)|HEAP_ALLOCATE|[36]|Bytes:8
16:48:01.0 (26786829)|HEAP_ALLOCATE|[36]|Bytes:115
16:48:01.0 (26850116)|HEAP_ALLOCATE|[36]|Bytes:8
16:48:01.0 (26867064)|HEAP_ALLOCATE|[36]|Bytes:30
16:48:01.0 (26905322)|HEAP_ALLOCATE|[36]|Bytes:16
16:48:01.0 (26976713)|VARIABLE_ASSIGNMENT|[EXTERNAL]|this|{"iTypeOfScreen":0,"urlReportsSFA":"https://cs6.lightnin (84 more) ..."}|0xc25aff1
16:48:01.0 (27002224)|VARIABLE_ASSIGNMENT|[EXTERNAL]|value|{"SmallPhotoUrl":"https://c.cs6.conten (30 more) ...","Name":"Thomas Remy","Id":"005N00000057PfOIAU"}|0xc40ac1
16:48:01.0 (27028882)|VARIABLE_ASSIGNMENT|[23]|this.currentUser|{"SmallPhotoUrl":"https://c.cs6.conten (30 more) ...","Name":"Thomas Remy","Id":"005N00000057PfOIAU"}|0xc25aff1
16:48:01.0 (28102966)|SYSTEM_MODE_ENTER|true
16:48:01.0 (28167663)|HEAP_ALLOCATE|[EXTERNAL]|Bytes:8
16:48:01.0 (28180404)|HEAP_ALLOCATE|[EXTERNAL]|Bytes:476
16:48:01.0 (28188639)|HEAP_ALLOCATE|[EXTERNAL]|Bytes:92
16:48:01.0 (28194972)|HEAP_ALLOCATE|[EXTERNAL]|Bytes:33
16:48:01.0 (28207036)|METHOD_ENTRY|[1]|01pN0000000Z9DF|auScheduleListCtrl.auScheduleListCtrl()
16:48:01.0 (28214754)|STATEMENT_EXECUTE|[1]
16:48:01.0 (28220424)|STATEMENT_EXECUTE|[1]
16:48:01.0 (28234918)|SYSTEM_MODE_ENTER|false
16:48:01.0 (28248928)|HEAP_ALLOCATE|[EXTERNAL]|Bytes:5
16:48:01.0 (28256079)|STATEMENT_EXECUTE|[284]
16:48:01.0 (28261687)|SYSTEM_MODE_EXIT|false
16:48:01.0 (28273341)|METHOD_EXIT|[1]|auScheduleListCtrl
16:48:01.0 (28300403)|HEAP_ALLOCATE|[EXTERNAL]|Bytes:88
16:48:01.0 (28310877)|VARIABLE_SCOPE_BEGIN|[40]|this|auScheduleListCtrl|true|false
16:48:01.0 (28395777)|VARIABLE_ASSIGNMENT|[40]|this|{}|0x4af902aa
16:48:01.0 (28417723)|SYSTEM_MODE_ENTER|false
16:48:01.0 (28426973)|HEAP_ALLOCATE|[42]|Bytes:5
16:48:01.0 (28434455)|STATEMENT_EXECUTE|[1]
16:48:01.0 (28442433)|HEAP_ALLOCATE|[42]|Bytes:5
16:48:01.0 (28448101)|STATEMENT_EXECUTE|[4]
16:48:01.0 (28450421)|STATEMENT_EXECUTE|[6]
16:48:01.0 (28452311)|STATEMENT_EXECUTE|[7]
16:48:01.0 (28454365)|STATEMENT_EXECUTE|[8]
16:48:01.0 (28456358)|STATEMENT_EXECUTE|[9]
16:48:01.0 (28458504)|STATEMENT_EXECUTE|[10]
16:48:01.0 (28460596)|STATEMENT_EXECUTE|[11]
16:48:01.0 (28462326)|STATEMENT_EXECUTE|[12]
16:48:01.0 (28464243)|STATEMENT_EXECUTE|[13]
16:48:01.0 (28465935)|STATEMENT_EXECUTE|[14]
16:48:01.0 (28467608)|STATEMENT_EXECUTE|[15]
16:48:01.0 (28469303)|STATEMENT_EXECUTE|[16]
16:48:01.0 (28471165)|STATEMENT_EXECUTE|[18]
16:48:01.0 (28473038)|STATEMENT_EXECUTE|[19]
16:48:01.0 (28475067)|STATEMENT_EXECUTE|[20]
16:48:01.0 (28476784)|STATEMENT_EXECUTE|[21]
16:48:01.0 (28478354)|STATEMENT_EXECUTE|[23]
16:48:01.0 (28481737)|STATEMENT_EXECUTE|[24]
16:48:01.0 (28483863)|STATEMENT_EXECUTE|[26]
16:48:01.0 (28485504)|STATEMENT_EXECUTE|[27]
16:48:01.0 (28487191)|STATEMENT_EXECUTE|[28]
16:48:01.0 (28510240)|STATEMENT_EXECUTE|[40]
16:48:01.0 (28512499)|STATEMENT_EXECUTE|[42]
16:48:01.0 (28597205)|HEAP_ALLOCATE|[42]|Bytes:51
16:48:01.0 (28659029)|HEAP_ALLOCATE|[42]|Bytes:601
16:48:01.0 (28701807)|HEAP_ALLOCATE|[42]|Bytes:10
16:48:01.0 (28727626)|VARIABLE_SCOPE_BEGIN|[42]|userAgent|String|false|false
16:48:01.0 (28746690)|VARIABLE_ASSIGNMENT|[42]|userAgent|"Mozilla/5.0 (Windows (95 more) ..."
16:48:01.0 (28754060)|STATEMENT_EXECUTE|[43]
16:48:01.0 (28758307)|HEAP_ALLOCATE|[43]|Bytes:6
16:48:01.0 (28873479)|VARIABLE_ASSIGNMENT|[EXTERNAL]|this|{}|0x4af902aa
16:48:01.0 (28890812)|VARIABLE_ASSIGNMENT|[EXTERNAL]|value|false
16:48:01.0 (28901583)|HEAP_ALLOCATE|[4]|Bytes:5
16:48:01.0 (28914344)|VARIABLE_ASSIGNMENT|[4]|this.isIPhone|false|0x4af902aa
16:48:01.0 (28928000)|STATEMENT_EXECUTE|[45]
16:48:01.0 (29092203)|HEAP_ALLOCATE|[45]|Bytes:112
16:48:01.0 (29185119)|VARIABLE_ASSIGNMENT|[EXTERNAL]|this|{"isIPhone":false}|0x4af902aa
16:48:01.0 (29203945)|VARIABLE_ASSIGNMENT|[EXTERNAL]|value|"https://cs6.lightnin (84 more) ..."
16:48:01.0 (29223193)|VARIABLE_ASSIGNMENT|[28]|this.urlReportsSFA|"https://cs6.lightnin (84 more) ..."|0x4af902aa
16:48:01.0 (29238090)|STATEMENT_EXECUTE|[47]
16:48:01.0 (29243341)|HEAP_ALLOCATE|[47]|Bytes:146
16:48:01.0 (29262182)|HEAP_ALLOCATE|[47]|Bytes:4
16:48:01.0 (29278383)|METHOD_ENTRY|[51]||System.UserInfo.getUserId()
16:48:01.0 (29307323)|METHOD_EXIT|[51]||System.UserInfo.getUserId()
16:48:01.0 (29708558)|SOQL_EXECUTE_BEGIN|[47]|Aggregations:0|SELECT Id, Name, SmallPhotoUrl, Account.RegionalOfficeId__r.RegionalOfficeName__c, Account.BranchId__r.BranchName__c FROM USER WHERE Id = :tmpVar1
16:48:01.0 (32762200)|SOQL_EXECUTE_END|[47]|Rows:1
16:48:01.0 (32784566)|HEAP_ALLOCATE|[47]|Bytes:8
16:48:01.0 (32805118)|HEAP_ALLOCATE|[47]|Bytes:115
16:48:01.0 (32839054)|HEAP_ALLOCATE|[47]|Bytes:8
16:48:01.0 (32861783)|HEAP_ALLOCATE|[47]|Bytes:16
16:48:01.0 (32936723)|VARIABLE_ASSIGNMENT|[EXTERNAL]|this|{"isIPhone":false,"urlReportsSFA":"https://cs6.lightnin (84 more) ..."}|0x4af902aa
16:48:01.0 (32954791)|VARIABLE_ASSIGNMENT|[EXTERNAL]|value|{"Id":"005N00000057PfOIAU","Name":"Thomas Remy","SmallPhotoUrl":"https://c.cs6.conten (30 more) ..."}|0x5ba2ad85
16:48:01.0 (32970865)|VARIABLE_ASSIGNMENT|[14]|this.myUser|{"Id":"005N00000057PfOIAU","Name":"Thomas Remy","SmallPhotoUrl":"https://c.cs6.conten (30 more) ..."}|0x4af902aa
16:48:01.0 (32981418)|STATEMENT_EXECUTE|[53]
16:48:01.0 (33081120)|HEAP_ALLOCATE|[53]|Bytes:112
16:48:01.0 (33113304)|HEAP_ALLOCATE|[53]|Bytes:28
16:48:01.0 (33123979)|HEAP_ALLOCATE|[53]|Bytes:8
16:48:01.0 (33133692)|VARIABLE_ASSIGNMENT|[53]|this.dataLimit|200|0x4af902aa
16:48:01.0 (33139819)|STATEMENT_EXECUTE|[55]
16:48:01.0 (33143026)|HEAP_ALLOCATE|[55]|Bytes:7
16:48:01.0 (33207866)|VARIABLE_ASSIGNMENT|[EXTERNAL]|this|{"dataLimit":200,"isIPhone":false,"myUser":"0x5ba2ad85","urlReportsSFA":"https://cs6.lightnin (84 more) ..."}|0x4af902aa
16:48:01.0 (33217685)|VARIABLE_ASSIGNMENT|[EXTERNAL]|value|"private"
16:48:01.0 (33226633)|VARIABLE_ASSIGNMENT|[7]|this.scopeEvents|"private"|0x4af902aa
16:48:01.0 (33235628)|STATEMENT_EXECUTE|[56]
16:48:01.0 (33283127)|VARIABLE_ASSIGNMENT|[EXTERNAL]|this|{"dataLimit":200,"isIPhone":false,"myUser":"0x5ba2ad85","scopeEvents":"private","urlReportsSFA":"https://cs6.lightnin (84 more) ..."}|0x4af902aa
16:48:01.0 (33293444)|VARIABLE_ASSIGNMENT|[EXTERNAL]|value|""
16:48:01.0 (33301002)|VARIABLE_ASSIGNMENT|[8]|this.filterKeyword|""|0x4af902aa
16:48:01.0 (33309032)|STATEMENT_EXECUTE|[57]
16:48:01.0 (33352321)|VARIABLE_ASSIGNMENT|[EXTERNAL]|this|{"dataLimit":200,"filterKeyword":"","isIPhone":false,"myUser":"0x5ba2ad85","scopeEvents":"private","urlReportsSFA":"https://cs6.lightnin (84 more) ..."}|0x4af902aa
16:48:01.0 (33361468)|VARIABLE_ASSIGNMENT|[EXTERNAL]|value|""
16:48:01.0 (33369840)|VARIABLE_ASSIGNMENT|[9]|this.filterDateStart|""|0x4af902aa
16:48:01.0 (33377825)|STATEMENT_EXECUTE|[58]
16:48:01.0 (33422354)|VARIABLE_ASSIGNMENT|[EXTERNAL]|this|{"dataLimit":200,"filterDateStart":"","filterKeyword":"","isIPhone":false,"myUser":"0x5ba2ad85","scopeEvents":"private","urlReportsSFA":"https://cs6.lightnin (84 more) ..."}|0x4af902aa
16:48:01.0 (33432205)|VARIABLE_ASSIGNMENT|[EXTERNAL]|value|""
16:48:01.0 (33439646)|VARIABLE_ASSIGNMENT|[10]|this.filterDateEnd|""|0x4af902aa
16:48:01.0 (33447400)|STATEMENT_EXECUTE|[59]
16:48:01.0 (33479197)|METHOD_ENTRY|[59]|01pN0000000Z9DF|auScheduleListCtrl.getEventSearch()
16:48:01.0 (33495445)|VARIABLE_SCOPE_BEGIN|[111]|this|auScheduleListCtrl|true|false
16:48:01.0 (33529432)|VARIABLE_ASSIGNMENT|[111]|this|{"dataLimit":200,"filterDateEnd":"","filterDateStart":"","filterKeyword":"","isIPhone":false,"myUser":"0x5ba2ad85","scopeEvents":"private","urlReportsSFA":"https://cs6.lightnin (84 more) ..."}|0x4af902aa
16:48:01.0 (33548726)|HEAP_ALLOCATE|[113]|Bytes:5
16:48:01.0 (33553981)|STATEMENT_EXECUTE|[111]
16:48:01.0 (33556009)|STATEMENT_EXECUTE|[113]
16:48:01.0 (33598731)|VARIABLE_ASSIGNMENT|[EXTERNAL]|this|{"dataLimit":200,"filterDateEnd":"","filterDateStart":"","filterKeyword":"","isIPhone":false,"myUser":"0x5ba2ad85","scopeEvents":"private","urlReportsSFA":"https://cs6.lightnin (84 more) ..."}|0x4af902aa
16:48:01.0 (33643727)|VARIABLE_ASSIGNMENT|[EXTERNAL]|this|{"dataLimit":200,"filterDateEnd":"","filterDateStart":"","filterKeyword":"","isIPhone":false,"myUser":"0x5ba2ad85","scopeEvents":"private","urlReportsSFA":"https://cs6.lightnin (84 more) ..."}|0x4af902aa
16:48:01.0 (33653258)|VARIABLE_ASSIGNMENT|[EXTERNAL]|value|"private"
16:48:01.0 (33661565)|VARIABLE_ASSIGNMENT|[18]|this.lastSearchScopeEvents|"private"|0x4af902aa
16:48:01.0 (33668702)|STATEMENT_EXECUTE|[114]
16:48:01.0 (33706993)|VARIABLE_ASSIGNMENT|[EXTERNAL]|this|{"dataLimit":200,"filterDateEnd":"","filterDateStart":"","filterKeyword":"","isIPhone":false,"lastSearchScopeEvent (1 more) ...":"private","myUser":"0x5ba2ad85","scopeEvents":"private","urlReportsSFA":"https://cs6.lightnin (84 more) ..."}|0x4af902aa
16:48:01.0 (33750634)|VARIABLE_ASSIGNMENT|[EXTERNAL]|this|{"dataLimit":200,"filterDateEnd":"","filterDateStart":"","filterKeyword":"","isIPhone":false,"lastSearchScopeEvent (1 more) ...":"private","myUser":"0x5ba2ad85","scopeEvents":"private","urlReportsSFA":"https://cs6.lightnin (84 more) ..."}|0x4af902aa
16:48:01.0 (33760787)|VARIABLE_ASSIGNMENT|[EXTERNAL]|value|""
16:48:01.0 (33768314)|VARIABLE_ASSIGNMENT|[19]|this.lastSearchFilterKeyword|""|0x4af902aa
16:48:01.0 (33775276)|STATEMENT_EXECUTE|[115]
16:48:01.0 (33813351)|VARIABLE_ASSIGNMENT|[EXTERNAL]|this|{"dataLimit":200,"filterDateEnd":"","filterDateStart":"","filterKeyword":"","isIPhone":false,"lastSearchFilterKeyw (3 more) ...":"","lastSearchScopeEvent (1 more) ...":"private","myUser":"0x5ba2ad85","scopeEvents":"private","urlReportsSFA":"https://cs6.lightnin (84 more) ..."}|0x4af902aa
16:48:01.0 (33857789)|VARIABLE_ASSIGNMENT|[EXTERNAL]|this|{"dataLimit":200,"filterDateEnd":"","filterDateStart":"","filterKeyword":"","isIPhone":false,"lastSearchFilterKeyw (3 more) ...":"","lastSearchScopeEvent (1 more) ...":"private","myUser":"0x5ba2ad85","scopeEvents":"private","urlReportsSFA":"https://cs6.lightnin (84 more) ..."}|0x4af902aa
16:48:01.0 (33868551)|VARIABLE_ASSIGNMENT|[EXTERNAL]|value|""
16:48:01.0 (33875714)|VARIABLE_ASSIGNMENT|[20]|this.lastSearchFilterDateStart|""|0x4af902aa
16:48:01.0 (33882894)|STATEMENT_EXECUTE|[116]
16:48:01.0 (33920904)|VARIABLE_ASSIGNMENT|[EXTERNAL]|this|{"dataLimit":200,"filterDateEnd":"","filterDateStart":"","filterKeyword":"","isIPhone":false,"lastSearchFilterDate (5 more) ...":"","lastSearchFilterKeyw (3 more) ...":"","lastSearchScopeEvent (1 more) ...":"private","myUser":"0x5ba2ad85","scopeEvents":"private","urlReportsSFA":"https://cs6.lightnin (84 more) ..."}|0x4af902aa
16:48:01.0 (33964621)|VARIABLE_ASSIGNMENT|[EXTERNAL]|this|{"dataLimit":200,"filterDateEnd":"","filterDateStart":"","filterKeyword":"","isIPhone":false,"lastSearchFilterDate (5 more) ...":"","lastSearchFilterKeyw (3 more) ...":"","lastSearchScopeEvent (1 more) ...":"private","myUser":"0x5ba2ad85","scopeEvents":"private","urlReportsSFA":"https://cs6.lightnin (84 more) ..."}|0x4af902aa
16:48:01.0 (33975866)|VARIABLE_ASSIGNMENT|[EXTERNAL]|value|""
16:48:01.0 (33982831)|VARIABLE_ASSIGNMENT|[21]|this.lastSearchFilterDateEnd|""|0x4af902aa
16:48:01.0 (33989522)|STATEMENT_EXECUTE|[118]
16:48:01.0 (33992652)|HEAP_ALLOCATE|[118]|Bytes:7
16:48:01.0 (34037249)|VARIABLE_ASSIGNMENT|[EXTERNAL]|this|{"dataLimit":200,"filterDateEnd":"","filterDateStart":"","filterKeyword":"","isIPhone":false,"lastSearchFilterDate (3 more) ...":"","lastSearchFilterDate (5 more) ...":"","lastSearchFilterKeyw (3 more) ...":"","lastSearchScopeEvent (1 more) ...":"private","myUser":"0x5ba2ad85","scopeEvents":"private","urlReportsSFA":"https://cs6.lightnin (84 more) ..."}|0x4af902aa
16:48:01.0 (34072333)|HEAP_ALLOCATE|[118]|Bytes:14
16:48:01.0 (34093357)|USER_DEBUG|[118]|DEBUG|Scope: private
16:48:01.0 (34105373)|STATEMENT_EXECUTE|[119]
16:48:01.0 (34150537)|HEAP_ALLOCATE|[119]|Bytes:4
16:48:01.0 (34208999)|VARIABLE_SCOPE_BEGIN|[119]|evList|List<Event>|true|false
16:48:01.0 (34223779)|HEAP_ALLOCATE|[EXTERNAL]|Bytes:4
16:48:01.0 (34238013)|VARIABLE_ASSIGNMENT|[119]|evList|[]|0x521aee82
16:48:01.0 (34246744)|STATEMENT_EXECUTE|[120]
16:48:01.0 (34257976)|HEAP_ALLOCATE|[120]|Bytes:4
16:48:01.0 (34301992)|VARIABLE_SCOPE_BEGIN|[120]|evClsList|List<auScheduleListCtrl.clsEvent>|true|false
16:48:01.0 (34326969)|HEAP_ALLOCATE|[EXTERNAL]|Bytes:4
16:48:01.0 (34338203)|VARIABLE_ASSIGNMENT|[120]|evClsList|[]|0x6116e962
16:48:01.0 (34346781)|STATEMENT_EXECUTE|[121]
16:48:01.0 (34351863)|VARIABLE_SCOPE_BEGIN|[121]|startDate|String|false|false
16:48:01.0 (34365545)|VARIABLE_ASSIGNMENT|[121]|startDate|null
16:48:01.0 (34372139)|STATEMENT_EXECUTE|[122]
16:48:01.0 (34375445)|VARIABLE_SCOPE_BEGIN|[122]|endDate|String|false|false
16:48:01.0 (34387739)|VARIABLE_ASSIGNMENT|[122]|endDate|null
16:48:01.0 (34393632)|STATEMENT_EXECUTE|[123]
16:48:01.0 (34397268)|VARIABLE_SCOPE_BEGIN|[123]|queryStr|String|false|false
16:48:01.0 (34411408)|VARIABLE_ASSIGNMENT|[123]|queryStr|""
16:48:01.0 (34417422)|STATEMENT_EXECUTE|[124]
16:48:01.0 (34422328)|HEAP_ALLOCATE|[124]|Bytes:459
16:48:01.0 (34430063)|VARIABLE_SCOPE_BEGIN|[124]|selectStr|String|false|false
16:48:01.0 (34444596)|VARIABLE_ASSIGNMENT|[124]|selectStr|" SELECT Id, Subject, (439 more) ..."
16:48:01.0 (34451180)|STATEMENT_EXECUTE|[127]
16:48:01.0 (34455047)|HEAP_ALLOCATE|[127]|Bytes:12
16:48:01.0 (34461094)|VARIABLE_SCOPE_BEGIN|[127]|fromStr|String|false|false
16:48:01.0 (34472950)|VARIABLE_ASSIGNMENT|[127]|fromStr|" FROM Event "
16:48:01.0 (34478862)|STATEMENT_EXECUTE|[128]
16:48:01.0 (34482007)|VARIABLE_SCOPE_BEGIN|[128]|whereStr|String|false|false
16:48:01.0 (34492891)|VARIABLE_ASSIGNMENT|[128]|whereStr|""
16:48:01.0 (34497487)|STATEMENT_EXECUTE|[129]
16:48:01.0 (34500114)|HEAP_ALLOCATE|[129]|Bytes:91
16:48:01.0 (34539165)|HEAP_ALLOCATE|[130]|Bytes:3
16:48:01.0 (34553607)|HEAP_ALLOCATE|[129]|Bytes:94
16:48:01.0 (34557912)|VARIABLE_SCOPE_BEGIN|[129]|orderStr|String|false|false
16:48:01.0 (34568736)|VARIABLE_ASSIGNMENT|[129]|orderStr|" ORDER BY ActivityDa (74 more) ..."
16:48:01.0 (34622283)|VARIABLE_ASSIGNMENT|[EXTERNAL]|this|{"dataLimit":200,"filterDateEnd":"","filterDateStart":"","filterKeyword":"","isIPhone":false,"lastSearchFilterDate (3 more) ...":"","lastSearchFilterDate (5 more) ...":"","lastSearchFilterKeyw (3 more) ...":"","lastSearchScopeEvent (1 more) ...":"private","myUser":"0x5ba2ad85","scopeEvents":"private","urlReportsSFA":"https://cs6.lightnin (84 more) ..."}|0x4af902aa
16:48:01.0 (34650209)|STATEMENT_EXECUTE|[132]
16:48:01.0 (34652044)|STATEMENT_EXECUTE|[133]
16:48:01.0 (34654998)|HEAP_ALLOCATE|[133]|Bytes:18
16:48:01.0 (34663323)|METHOD_ENTRY|[133]||System.UserInfo.getUserId()
16:48:01.0 (34679990)|METHOD_EXIT|[133]||System.UserInfo.getUserId()
16:48:01.0 (34684645)|HEAP_ALLOCATE|[133]|Bytes:1
16:48:01.0 (34692777)|HEAP_ALLOCATE|[133]|Bytes:37
16:48:01.0 (34700333)|VARIABLE_ASSIGNMENT|[133]|whereStr|" WHERE ownerId = '00 (17 more) ..."
16:48:01.0 (34744864)|VARIABLE_ASSIGNMENT|[EXTERNAL]|this|{"dataLimit":200,"filterDateEnd":"","filterDateStart":"","filterKeyword":"","isIPhone":false,"lastSearchFilterDate (3 more) ...":"","lastSearchFilterDate (5 more) ...":"","lastSearchFilterKeyw (3 more) ...":"","lastSearchScopeEvent (1 more) ...":"private","myUser":"0x5ba2ad85","scopeEvents":"private","urlReportsSFA":"https://cs6.lightnin (84 more) ..."}|0x4af902aa
16:48:01.0 (34811406)|VARIABLE_ASSIGNMENT|[EXTERNAL]|this|{"dataLimit":200,"filterDateEnd":"","filterDateStart":"","filterKeyword":"","isIPhone":false,"lastSearchFilterDate (3 more) ...":"","lastSearchFilterDate (5 more) ...":"","lastSearchFilterKeyw (3 more) ...":"","lastSearchScopeEvent (1 more) ...":"private","myUser":"0x5ba2ad85","scopeEvents":"private","urlReportsSFA":"https://cs6.lightnin (84 more) ..."}|0x4af902aa
16:48:01.0 (34856425)|VARIABLE_ASSIGNMENT|[EXTERNAL]|this|{"dataLimit":200,"filterDateEnd":"","filterDateStart":"","filterKeyword":"","isIPhone":false,"lastSearchFilterDate (3 more) ...":"","lastSearchFilterDate (5 more) ...":"","lastSearchFilterKeyw (3 more) ...":"","lastSearchScopeEvent (1 more) ...":"private","myUser":"0x5ba2ad85","scopeEvents":"private","urlReportsSFA":"https://cs6.lightnin (84 more) ..."}|0x4af902aa
16:48:01.0 (34874255)|STATEMENT_EXECUTE|[135]
16:48:01.0 (34875935)|STATEMENT_EXECUTE|[137]
16:48:01.0 (34907808)|HEAP_ALLOCATE|[137]|Bytes:4
16:48:01.0 (34926384)|HEAP_ALLOCATE|[137]|Bytes:4
16:48:01.0 (34937135)|VARIABLE_SCOPE_BEGIN|[137]|eDate|Date|false|false
16:48:01.0 (34963552)|VARIABLE_ASSIGNMENT|[137]|eDate|"2018-03-07T00:00:00.000Z"
16:48:01.0 (34968635)|STATEMENT_EXECUTE|[138]
16:48:01.0 (35042480)|HEAP_ALLOCATE|[138]|Bytes:56
16:48:01.0 (35063501)|VARIABLE_SCOPE_BEGIN|[138]|sEndTime|Datetime|false|false
16:48:01.0 (35090293)|VARIABLE_ASSIGNMENT|[138]|sEndTime|"2018-03-06T15:00:00.000Z"
16:48:01.0 (35098379)|STATEMENT_EXECUTE|[139]
16:48:01.0 (35103477)|HEAP_ALLOCATE|[139]|Bytes:30
16:48:01.0 (35148675)|HEAP_ALLOCATE|[139]|Bytes:28
16:48:01.0 (35167311)|VARIABLE_ASSIGNMENT|[139]|endDate|"2018-03-06T15:00:00. (8 more) ..."
16:48:01.0 (35174390)|STATEMENT_EXECUTE|[140]
16:48:01.0 (35179254)|HEAP_ALLOCATE|[140]|Bytes:22
16:48:01.0 (35188853)|HEAP_ALLOCATE|[140]|Bytes:50
16:48:01.0 (35196131)|HEAP_ALLOCATE|[140]|Bytes:87
16:48:01.0 (35206836)|VARIABLE_ASSIGNMENT|[140]|whereStr|" WHERE ownerId = '00 (67 more) ..."
16:48:01.0 (35213937)|STATEMENT_EXECUTE|[142]
16:48:01.0 (35249013)|HEAP_ALLOCATE|[142]|Bytes:4
16:48:01.0 (35267346)|VARIABLE_SCOPE_BEGIN|[142]|sDate|Date|false|false
16:48:01.0 (35290686)|VARIABLE_ASSIGNMENT|[142]|sDate|"2018-02-20T00:00:00.000Z"
16:48:01.0 (35298187)|STATEMENT_EXECUTE|[143]
16:48:01.0 (35343920)|HEAP_ALLOCATE|[143]|Bytes:56
16:48:01.0 (35355948)|VARIABLE_SCOPE_BEGIN|[143]|sDateTime|Datetime|false|false
16:48:01.0 (35371270)|VARIABLE_ASSIGNMENT|[143]|sDateTime|"2018-02-19T15:00:00.000Z"
16:48:01.0 (35375619)|STATEMENT_EXECUTE|[144]
16:48:01.0 (35396884)|HEAP_ALLOCATE|[144]|Bytes:28
16:48:01.0 (35407830)|VARIABLE_ASSIGNMENT|[144]|startDate|"2018-02-19T15:00:00. (8 more) ..."
16:48:01.0 (35412299)|STATEMENT_EXECUTE|[145]
16:48:01.0 (35415164)|HEAP_ALLOCATE|[145]|Bytes:21
16:48:01.0 (35421579)|HEAP_ALLOCATE|[145]|Bytes:49
16:48:01.0 (35426018)|HEAP_ALLOCATE|[145]|Bytes:136
16:48:01.0 (35431971)|VARIABLE_ASSIGNMENT|[145]|whereStr|" WHERE ownerId = '00 (116 more) ..."
16:48:01.0 (35437113)|STATEMENT_EXECUTE|[256]
16:48:01.0 (35444836)|HEAP_ALLOCATE|[256]|Bytes:701
16:48:01.0 (35450992)|VARIABLE_ASSIGNMENT|[256]|queryStr|" SELECT Id, Subject, (681 more) ..."
16:48:01.0 (35455169)|STATEMENT_EXECUTE|[258]
16:48:01.0 (35457341)|HEAP_ALLOCATE|[258]|Bytes:6
16:48:01.0 (35462101)|HEAP_ALLOCATE|[258]|Bytes:707
16:48:01.0 (35479649)|USER_DEBUG|[258]|DEBUG|検索SOQL SELECT Id, Subject, Description, StartDateTime, EndDateTime, IsAllDayEvent, DurationInMinutes, ActivityDate, (SELECT Id, ContentDocumentId FROM ContentDocumentLinks),         AuNewMNP__c, AuNewTablet__c, AuNewRooter__c, AuModelChange__c, AuTotal__c, BBCHikari__c, BBCCableTosu__c, UQ_2__c, UQ_3__c, auDenki__c,         WALLET_Market__c, WaterServer__c, Type__c, Category__c, WhatId, What.Name, Owner.Name, OwnerDepartment__c, ActivityReportSent__c, IsPrivate FROM Event  WHERE ownerId = '005N00000057PfOIAU' And StartDateTime <= 2018-03-06T15:00:00.000+0000 And StartDateTime > 2018-02-19T15:00:00.000+0000 ORDER BY ActivityDate desc, Owner.Name, OwnerId, IsAllDayEvent desc, StartDateTime  LIMIT 200
16:48:01.0 (35497300)|STATEMENT_EXECUTE|[259]
16:48:01.0 (37387365)|SOQL_EXECUTE_BEGIN|[259]|Aggregations:1| SELECT Id, Subject, Description, StartDateTime, EndDateTime, IsAllDayEvent, DurationInMinutes, ActivityDate, (SELECT Id, ContentDocumentId FROM ContentDocumentLinks),         AuNewMNP__c, AuNewTablet__c, AuNewRooter__c, AuModelChange__c, AuTotal__c, BBCHikari__c, BBCCableTosu__c, UQ_2__c, UQ_3__c, auDenki__c,         WALLET_Market__c, WaterServer__c, Type__c, Category__c, WhatId, What.Name, Owner.Name, OwnerDepartment__c, ActivityReportSent__c, IsPrivate FROM Event  WHERE ownerId = '005N00000057PfOIAU' And StartDateTime <= 2018-03-06T15:00:00.000+0000 And StartDateTime > 2018-02-19T15:00:00.000+0000 ORDER BY ActivityDate desc, Owner.Name, OwnerId, IsAllDayEvent desc, StartDateTime  LIMIT 200
16:48:01.0 (46666208)|SOQL_EXECUTE_END|[259]|Rows:0
16:48:01.0 (46693821)|HEAP_ALLOCATE|[259]|Bytes:4
16:48:01.0 (46709626)|HEAP_ALLOCATE|[259]|Bytes:0
16:48:01.0 (46744945)|HEAP_ALLOCATE|[259]|Bytes:4
16:48:01.0 (46777573)|VARIABLE_ASSIGNMENT|[259]|evList|[]|0x1fc8a2f4
16:48:01.0 (46785232)|STATEMENT_EXECUTE|[261]
16:48:01.0 (46790724)|HEAP_ALLOCATE|[261]|Bytes:5
16:48:01.0 (46849850)|HEAP_ALLOCATE|[261]|Bytes:1
16:48:01.0 (46863507)|HEAP_ALLOCATE|[261]|Bytes:6
16:48:01.0 (46875797)|USER_DEBUG|[261]|DEBUG|検索結果数0
16:48:01.0 (46899457)|STATEMENT_EXECUTE|[263]
16:48:01.0 (46901366)|STATEMENT_EXECUTE|[264]
16:48:01.0 (46917070)|HEAP_ALLOCATE|[264]|Bytes:4
16:48:01.0 (46939915)|HEAP_ALLOCATE|[EXTERNAL]|Bytes:4
16:48:01.0 (46949157)|VARIABLE_ASSIGNMENT|[264]|evList|[]|0x1b6e286f
16:48:01.0 (46954894)|STATEMENT_EXECUTE|[267]
16:48:01.0 (46962847)|VARIABLE_SCOPE_BEGIN|[267]|dDateRupture|Date|false|false
16:48:01.0 (46974128)|VARIABLE_ASSIGNMENT|[267]|dDateRupture|null
16:48:01.0 (47133688)|HEAP_ALLOCATE|[268]|Bytes:5
16:48:01.0 (47150146)|VARIABLE_ASSIGNMENT|[268]|evt|null|
16:48:01.0 (47156004)|STATEMENT_EXECUTE|[268]
16:48:01.0 (47157572)|STATEMENT_EXECUTE|[280]
16:48:01.0 (47254594)|VARIABLE_ASSIGNMENT|[EXTERNAL]|this|{"dataLimit":200,"filterDateEnd":"","filterDateStart":"","filterKeyword":"","isIPhone":false,"lastSearchFilterDate (3 more) ...":"","lastSearchFilterDate (5 more) ...":"","lastSearchFilterKeyw (3 more) ...":"","lastSearchScopeEvent (1 more) ...":"private","myUser":"0x5ba2ad85","scopeEvents":"private","urlReportsSFA":"https://cs6.lightnin (84 more) ..."}|0x4af902aa
16:48:01.0 (47271290)|VARIABLE_ASSIGNMENT|[EXTERNAL]|value|[]|0x6116e962
16:48:01.0 (47285433)|VARIABLE_ASSIGNMENT|[6]|this.lsClsEvents|[]|0x4af902aa
16:48:01.0 (47302195)|METHOD_EXIT|[59]|01pN0000000Z9DF|auScheduleListCtrl.getEventSearch()
16:48:01.0 (47307491)|STATEMENT_EXECUTE|[60]
16:48:01.0 (47315605)|HEAP_ALLOCATE|[60]|Bytes:544
16:48:01.0 (47326316)|HEAP_ALLOCATE|[60]|Bytes:115
16:48:01.0 (47345975)|HEAP_ALLOCATE|[60]|Bytes:96
16:48:01.0 (47365344)|HEAP_ALLOCATE|[60]|Bytes:4
16:48:01.0 (47465889)|CONSTRUCTOR_ENTRY|[60]|01pN0000000Z9DF|<init>(Event,Integer)
16:48:01.0 (47486790)|VARIABLE_SCOPE_BEGIN|[340]|this|auScheduleListCtrl.clsEvent|true|false
16:48:01.0 (47559501)|VARIABLE_ASSIGNMENT|[340]|this|{}|0x6c652c74
16:48:01.0 (47567287)|VARIABLE_SCOPE_BEGIN|[340]|paramEvt|Event|true|false
16:48:01.0 (47577458)|VARIABLE_ASSIGNMENT|[340]|paramEvt|{}|0x72273b4a
16:48:01.0 (47583398)|VARIABLE_SCOPE_BEGIN|[340]|paramSortNo|Integer|false|false
16:48:01.0 (47590623)|VARIABLE_ASSIGNMENT|[340]|paramSortNo|0
16:48:01.0 (47596228)|STATEMENT_EXECUTE|[284]
16:48:01.0 (47597773)|STATEMENT_EXECUTE|[286]
16:48:01.0 (47599330)|STATEMENT_EXECUTE|[287]
16:48:01.0 (47600549)|STATEMENT_EXECUTE|[289]
16:48:01.0 (47601859)|STATEMENT_EXECUTE|[290]
16:48:01.0 (47603112)|STATEMENT_EXECUTE|[291]
16:48:01.0 (47604263)|STATEMENT_EXECUTE|[292]
16:48:01.0 (47605869)|STATEMENT_EXECUTE|[293]
16:48:01.0 (47607169)|STATEMENT_EXECUTE|[294]
16:48:01.0 (47608321)|STATEMENT_EXECUTE|[295]
16:48:01.0 (47609530)|STATEMENT_EXECUTE|[296]
16:48:01.0 (47610705)|STATEMENT_EXECUTE|[297]
16:48:01.0 (47611967)|STATEMENT_EXECUTE|[306]
16:48:01.0 (47613141)|STATEMENT_EXECUTE|[307]
16:48:01.0 (47614288)|STATEMENT_EXECUTE|[308]
16:48:01.0 (47615521)|STATEMENT_EXECUTE|[309]
16:48:01.0 (47616854)|STATEMENT_EXECUTE|[310]
16:48:01.0 (47618032)|STATEMENT_EXECUTE|[311]
16:48:01.0 (47619194)|STATEMENT_EXECUTE|[312]
16:48:01.0 (47620407)|STATEMENT_EXECUTE|[313]
16:48:01.0 (47621551)|STATEMENT_EXECUTE|[314]
16:48:01.0 (47622913)|STATEMENT_EXECUTE|[315]
16:48:01.0 (47624088)|STATEMENT_EXECUTE|[316]
16:48:01.0 (47625302)|STATEMENT_EXECUTE|[317]
16:48:01.0 (47640021)|STATEMENT_EXECUTE|[340]
16:48:01.0 (47641438)|STATEMENT_EXECUTE|[342]
16:48:01.0 (47709058)|VARIABLE_ASSIGNMENT|[EXTERNAL]|this|{}|0x6c652c74
16:48:01.0 (47725536)|VARIABLE_ASSIGNMENT|[EXTERNAL]|value|{}|0x72273b4a
16:48:01.0 (47738934)|VARIABLE_ASSIGNMENT|[286]|this.evt|{}|0x6c652c74
16:48:01.0 (47748066)|STATEMENT_EXECUTE|[343]
16:48:01.0 (47795211)|VARIABLE_ASSIGNMENT|[EXTERNAL]|this|{"evt":"0x72273b4a"}|0x6c652c74
16:48:01.0 (47803995)|VARIABLE_ASSIGNMENT|[EXTERNAL]|value|0
16:48:01.0 (47809042)|HEAP_ALLOCATE|[297]|Bytes:4
16:48:01.0 (47816446)|VARIABLE_ASSIGNMENT|[297]|this.sortNo|0|0x6c652c74
16:48:01.0 (47823891)|STATEMENT_EXECUTE|[344]
16:48:01.0 (47885935)|VARIABLE_ASSIGNMENT|[EXTERNAL]|this|{"evt":"0x72273b4a","sortNo":0}|0x6c652c74
16:48:01.0 (47897675)|VARIABLE_ASSIGNMENT|[EXTERNAL]|value|false
16:48:01.0 (47904003)|HEAP_ALLOCATE|[296]|Bytes:5
16:48:01.0 (47911245)|VARIABLE_ASSIGNMENT|[296]|this.isDeleted|false|0x6c652c74
16:48:01.0 (47919403)|STATEMENT_EXECUTE|[345]
16:48:01.0 (47961197)|VARIABLE_ASSIGNMENT|[EXTERNAL]|this|{"evt":"0x72273b4a","isDeleted":false,"sortNo":0}|0x6c652c74
16:48:01.0 (48007917)|VARIABLE_ASSIGNMENT|[EXTERNAL]|this|{"evt":"0x72273b4a","isDeleted":false,"sortNo":0}|0x6c652c74
16:48:01.0 (48021156)|VARIABLE_ASSIGNMENT|[EXTERNAL]|value|null
16:48:01.0 (48032651)|VARIABLE_ASSIGNMENT|[292]|this.evtTitle|null|0x6c652c74
16:48:01.0 (48040393)|STATEMENT_EXECUTE|[346]
16:48:01.0 (48072930)|VARIABLE_ASSIGNMENT|[EXTERNAL]|this|{"evt":"0x72273b4a","isDeleted":false,"sortNo":0}|0x6c652c74
16:48:01.0 (48113853)|VARIABLE_ASSIGNMENT|[EXTERNAL]|this|{"evt":"0x72273b4a","isDeleted":false,"sortNo":0}|0x6c652c74
16:48:01.0 (48121804)|VARIABLE_ASSIGNMENT|[EXTERNAL]|value|null
16:48:01.0 (48128351)|VARIABLE_ASSIGNMENT|[293]|this.description|null|0x6c652c74
16:48:01.0 (48164530)|VARIABLE_ASSIGNMENT|[EXTERNAL]|this|{"evt":"0x72273b4a","isDeleted":false,"sortNo":0}|0x6c652c74
16:48:01.0 (48205017)|VARIABLE_ASSIGNMENT|[EXTERNAL]|this|{"evt":"0x72273b4a","isDeleted":false,"sortNo":0}|0x6c652c74
16:48:01.0 (48215342)|STATEMENT_EXECUTE|[350]
16:48:01.0 (48216825)|STATEMENT_EXECUTE|[351]
16:48:01.0 (48220481)|HEAP_ALLOCATE|[351]|Bytes:4
16:48:01.0 (48266436)|VARIABLE_ASSIGNMENT|[EXTERNAL]|this|{"evt":"0x72273b4a","isDeleted":false,"sortNo":0}|0x6c652c74
16:48:01.0 (48275838)|VARIABLE_ASSIGNMENT|[EXTERNAL]|value|"0:00"
16:48:01.0 (48283594)|VARIABLE_ASSIGNMENT|[290]|this.startTime|"0:00"|0x6c652c74
16:48:01.0 (48291123)|STATEMENT_EXECUTE|[352]
16:48:01.0 (48293621)|HEAP_ALLOCATE|[352]|Bytes:5
16:48:01.0 (48337083)|VARIABLE_ASSIGNMENT|[EXTERNAL]|this|{"evt":"0x72273b4a","isDeleted":false,"sortNo":0,"startTime":"0:00"}|0x6c652c74
16:48:01.0 (48345872)|VARIABLE_ASSIGNMENT|[EXTERNAL]|value|"24:00"
16:48:01.0 (48353974)|VARIABLE_ASSIGNMENT|[291]|this.endTime|"24:00"|0x6c652c74
16:48:01.0 (48392829)|VARIABLE_ASSIGNMENT|[EXTERNAL]|this|{"endTime":"24:00","evt":"0x72273b4a","isDeleted":false,"sortNo":0,"startTime":"0:00"}|0x6c652c74
16:48:01.0 (48433465)|VARIABLE_ASSIGNMENT|[EXTERNAL]|this|{"endTime":"24:00","evt":"0x72273b4a","isDeleted":false,"sortNo":0,"startTime":"0:00"}|0x6c652c74
16:48:01.0 (48472551)|VARIABLE_ASSIGNMENT|[EXTERNAL]|this|{"endTime":"24:00","evt":"0x72273b4a","isDeleted":false,"sortNo":0,"startTime":"0:00"}|0x6c652c74
16:48:01.0 (48482695)|STATEMENT_EXECUTE|[401]
16:48:01.0 (48484236)|STATEMENT_EXECUTE|[402]
16:48:01.0 (48486573)|HEAP_ALLOCATE|[402]|Bytes:9
16:48:01.0 (48530507)|VARIABLE_ASSIGNMENT|[EXTERNAL]|this|{"endTime":"24:00","evt":"0x72273b4a","isDeleted":false,"sortNo":0,"startTime":"0:00"}|0x6c652c74
16:48:01.0 (48539063)|VARIABLE_ASSIGNMENT|[EXTERNAL]|value|"category0"
16:48:01.0 (48546186)|VARIABLE_ASSIGNMENT|[294]|this.categoryClsNm|"category0"|0x6c652c74
16:48:01.0 (48553393)|STATEMENT_EXECUTE|[406]
16:48:01.0 (48585820)|VARIABLE_ASSIGNMENT|[EXTERNAL]|this|{"categoryClsNm":"category0","endTime":"24:00","evt":"0x72273b4a","isDeleted":false,"sortNo":0,"startTime":"0:00"}|0x6c652c74
16:48:01.0 (48629707)|METHOD_ENTRY|[406]|01pN0000000Z9DF|auScheduleListCtrl.clsEvent.formatNumber(Decimal)
16:48:01.0 (48639721)|VARIABLE_SCOPE_BEGIN|[421]|this|auScheduleListCtrl.clsEvent|true|false
16:48:01.0 (48672828)|VARIABLE_ASSIGNMENT|[421]|this|{"categoryClsNm":"category0","endTime":"24:00","evt":"0x72273b4a","isDeleted":false,"sortNo":0,"startTime":"0:00"}|0x6c652c74
16:48:01.0 (48679880)|VARIABLE_SCOPE_BEGIN|[421]|dec|Decimal|false|false
16:48:01.0 (48687340)|VARIABLE_ASSIGNMENT|[421]|dec|null
16:48:01.0 (48693202)|STATEMENT_EXECUTE|[421]
16:48:01.0 (48695137)|STATEMENT_EXECUTE|[422]
16:48:01.0 (48698742)|METHOD_EXIT|[406]|01pN0000000Z9DF|auScheduleListCtrl.clsEvent.formatNumber(Decimal)
16:48:01.0 (48736513)|VARIABLE_ASSIGNMENT|[EXTERNAL]|this|{"categoryClsNm":"category0","endTime":"24:00","evt":"0x72273b4a","isDeleted":false,"sortNo":0,"startTime":"0:00"}|0x6c652c74
16:48:01.0 (48744938)|VARIABLE_ASSIGNMENT|[EXTERNAL]|value|""
16:48:01.0 (48752400)|VARIABLE_ASSIGNMENT|[306]|this.displayedAuNewMNP|""|0x6c652c74
16:48:01.0 (48760038)|STATEMENT_EXECUTE|[407]
16:48:01.0 (48794292)|VARIABLE_ASSIGNMENT|[EXTERNAL]|this|{"categoryClsNm":"category0","displayedAuNewMNP":"","endTime":"24:00","evt":"0x72273b4a","isDeleted":false,"sortNo":0,"startTime":"0:00"}|0x6c652c74
16:48:01.0 (48808088)|METHOD_ENTRY|[407]|01pN0000000Z9DF|auScheduleListCtrl.clsEvent.formatNumber(Decimal)
16:48:01.0 (48813556)|VARIABLE_SCOPE_BEGIN|[421]|this|auScheduleListCtrl.clsEvent|true|false
16:48:01.0 (48844314)|VARIABLE_ASSIGNMENT|[421]|this|{"categoryClsNm":"category0","displayedAuNewMNP":"","endTime":"24:00","evt":"0x72273b4a","isDeleted":false,"sortNo":0,"startTime":"0:00"}|0x6c652c74
16:48:01.0 (48851204)|VARIABLE_SCOPE_BEGIN|[421]|dec|Decimal|false|false
16:48:01.0 (48857686)|VARIABLE_ASSIGNMENT|[421]|dec|null
16:48:01.0 (48861321)|STATEMENT_EXECUTE|[421]
16:48:01.0 (48862855)|STATEMENT_EXECUTE|[422]
16:48:01.0 (48866095)|METHOD_EXIT|[407]|01pN0000000Z9DF|auScheduleListCtrl.clsEvent.formatNumber(Decimal)
16:48:01.0 (48902561)|VARIABLE_ASSIGNMENT|[EXTERNAL]|this|{"categoryClsNm":"category0","displayedAuNewMNP":"","endTime":"24:00","evt":"0x72273b4a","isDeleted":false,"sortNo":0,"startTime":"0:00"}|0x6c652c74
16:48:01.0 (48911351)|VARIABLE_ASSIGNMENT|[EXTERNAL]|value|""
16:48:01.0 (48918523)|VARIABLE_ASSIGNMENT|[307]|this.displayedAuNewTablet|""|0x6c652c74
16:48:01.0 (48925511)|STATEMENT_EXECUTE|[408]
16:48:01.0 (48958849)|VARIABLE_ASSIGNMENT|[EXTERNAL]|this|{"categoryClsNm":"category0","displayedAuNewMNP":"","displayedAuNewTablet":"","endTime":"24:00","evt":"0x72273b4a","isDeleted":false,"sortNo":0,"startTime":"0:00"}|0x6c652c74
16:48:01.0 (48973178)|METHOD_ENTRY|[408]|01pN0000000Z9DF|auScheduleListCtrl.clsEvent.formatNumber(Decimal)
16:48:01.0 (48978221)|VARIABLE_SCOPE_BEGIN|[421]|this|auScheduleListCtrl.clsEvent|true|false
16:48:01.0 (49009128)|VARIABLE_ASSIGNMENT|[421]|this|{"categoryClsNm":"category0","displayedAuNewMNP":"","displayedAuNewTablet":"","endTime":"24:00","evt":"0x72273b4a","isDeleted":false,"sortNo":0,"startTime":"0:00"}|0x6c652c74
16:48:01.0 (49020321)|VARIABLE_SCOPE_BEGIN|[421]|dec|Decimal|false|false
16:48:01.0 (49026407)|VARIABLE_ASSIGNMENT|[421]|dec|null
16:48:01.0 (49030943)|STATEMENT_EXECUTE|[421]
16:48:01.0 (49032410)|STATEMENT_EXECUTE|[422]
16:48:01.0 (49035590)|METHOD_EXIT|[408]|01pN0000000Z9DF|auScheduleListCtrl.clsEvent.formatNumber(Decimal)
16:48:01.0 (49073221)|VARIABLE_ASSIGNMENT|[EXTERNAL]|this|{"categoryClsNm":"category0","displayedAuNewMNP":"","displayedAuNewTablet":"","endTime":"24:00","evt":"0x72273b4a","isDeleted":false,"sortNo":0,"startTime":"0:00"}|0x6c652c74
16:48:01.0 (49082406)|VARIABLE_ASSIGNMENT|[EXTERNAL]|value|""
16:48:01.0 (49089757)|VARIABLE_ASSIGNMENT|[308]|this.displayedAuNewRooter|""|0x6c652c74
16:48:01.0 (49097382)|STATEMENT_EXECUTE|[409]
16:48:01.0 (49131839)|VARIABLE_ASSIGNMENT|[EXTERNAL]|this|{"categoryClsNm":"category0","displayedAuNewMNP":"","displayedAuNewRooter":"","displayedAuNewTablet":"","endTime":"24:00","evt":"0x72273b4a","isDeleted":false,"sortNo":0,"startTime":"0:00"}|0x6c652c74
16:48:01.0 (49147657)|METHOD_ENTRY|[409]|01pN0000000Z9DF|auScheduleListCtrl.clsEvent.formatNumber(Decimal)
16:48:01.0 (49152008)|VARIABLE_SCOPE_BEGIN|[421]|this|auScheduleListCtrl.clsEvent|true|false
16:48:01.0 (49182628)|VARIABLE_ASSIGNMENT|[421]|this|{"categoryClsNm":"category0","displayedAuNewMNP":"","displayedAuNewRooter":"","displayedAuNewTablet":"","endTime":"24:00","evt":"0x72273b4a","isDeleted":false,"sortNo":0,"startTime":"0:00"}|0x6c652c74
16:48:01.0 (49188881)|VARIABLE_SCOPE_BEGIN|[421]|dec|Decimal|false|false
16:48:01.0 (49195125)|VARIABLE_ASSIGNMENT|[421]|dec|null
16:48:01.0 (49198970)|STATEMENT_EXECUTE|[421]
16:48:01.0 (49200488)|STATEMENT_EXECUTE|[422]
16:48:01.0 (49203334)|METHOD_EXIT|[409]|01pN0000000Z9DF|auScheduleListCtrl.clsEvent.formatNumber(Decimal)
16:48:01.0 (49239960)|VARIABLE_ASSIGNMENT|[EXTERNAL]|this|{"categoryClsNm":"category0","displayedAuNewMNP":"","displayedAuNewRooter":"","displayedAuNewTablet":"","endTime":"24:00","evt":"0x72273b4a","isDeleted":false,"sortNo":0,"startTime":"0:00"}|0x6c652c74
16:48:01.0 (49249065)|VARIABLE_ASSIGNMENT|[EXTERNAL]|value|""
16:48:01.0 (49256066)|VARIABLE_ASSIGNMENT|[309]|this.displayedAuModelChange|""|0x6c652c74
16:48:01.0 (49263556)|STATEMENT_EXECUTE|[410]
16:48:01.0 (49299001)|VARIABLE_ASSIGNMENT|[EXTERNAL]|this|{"categoryClsNm":"category0","displayedAuModelChan (2 more) ...":"","displayedAuNewMNP":"","displayedAuNewRooter":"","displayedAuNewTablet":"","endTime":"24:00","evt":"0x72273b4a","isDeleted":false,"sortNo":0,"startTime":"0:00"}|0x6c652c74
16:48:01.0 (49314926)|METHOD_ENTRY|[410]|01pN0000000Z9DF|auScheduleListCtrl.clsEvent.formatNumber(Decimal)
16:48:01.0 (49319744)|VARIABLE_SCOPE_BEGIN|[421]|this|auScheduleListCtrl.clsEvent|true|false
16:48:01.0 (49352132)|VARIABLE_ASSIGNMENT|[421]|this|{"categoryClsNm":"category0","displayedAuModelChan (2 more) ...":"","displayedAuNewMNP":"","displayedAuNewRooter":"","displayedAuNewTablet":"","endTime":"24:00","evt":"0x72273b4a","isDeleted":false,"sortNo":0,"startTime":"0:00"}|0x6c652c74
16:48:01.0 (49358539)|VARIABLE_SCOPE_BEGIN|[421]|dec|Decimal|false|false
16:48:01.0 (49364568)|VARIABLE_ASSIGNMENT|[421]|dec|null
16:48:01.0 (49367920)|STATEMENT_EXECUTE|[421]
16:48:01.0 (49369336)|STATEMENT_EXECUTE|[422]
16:48:01.0 (49372326)|METHOD_EXIT|[410]|01pN0000000Z9DF|auScheduleListCtrl.clsEvent.formatNumber(Decimal)
16:48:01.0 (49410169)|VARIABLE_ASSIGNMENT|[EXTERNAL]|this|{"categoryClsNm":"category0","displayedAuModelChan (2 more) ...":"","displayedAuNewMNP":"","displayedAuNewRooter":"","displayedAuNewTablet":"","endTime":"24:00","evt":"0x72273b4a","isDeleted":false,"sortNo":0,"startTime":"0:00"}|0x6c652c74
16:48:01.0 (49419861)|VARIABLE_ASSIGNMENT|[EXTERNAL]|value|""
16:48:01.0 (49426607)|VARIABLE_ASSIGNMENT|[310]|this.displayedAuTotal|""|0x6c652c74
16:48:01.0 (49434011)|STATEMENT_EXECUTE|[411]
16:48:01.0 (49470063)|VARIABLE_ASSIGNMENT|[EXTERNAL]|this|{"categoryClsNm":"category0","displayedAuModelChan (2 more) ...":"","displayedAuNewMNP":"","displayedAuNewRooter":"","displayedAuNewTablet":"","displayedAuTotal":"","endTime":"24:00","evt":"0x72273b4a","isDeleted":false,"sortNo":0,"startTime":"0:00"}|0x6c652c74
16:48:01.0 (49486474)|METHOD_ENTRY|[411]|01pN0000000Z9DF|auScheduleListCtrl.clsEvent.formatNumber(Decimal)
16:48:01.0 (49491089)|VARIABLE_SCOPE_BEGIN|[421]|this|auScheduleListCtrl.clsEvent|true|false
16:48:01.0 (49523851)|VARIABLE_ASSIGNMENT|[421]|this|{"categoryClsNm":"category0","displayedAuModelChan (2 more) ...":"","displayedAuNewMNP":"","displayedAuNewRooter":"","displayedAuNewTablet":"","displayedAuTotal":"","endTime":"24:00","evt":"0x72273b4a","isDeleted":false,"sortNo":0,"startTime":"0:00"}|0x6c652c74
16:48:01.0 (49531561)|VARIABLE_SCOPE_BEGIN|[421]|dec|Decimal|false|false
16:48:01.0 (49537576)|VARIABLE_ASSIGNMENT|[421]|dec|null
16:48:01.0 (49540872)|STATEMENT_EXECUTE|[421]
16:48:01.0 (49542352)|STATEMENT_EXECUTE|[422]
16:48:01.0 (49545212)|METHOD_EXIT|[411]|01pN0000000Z9DF|auScheduleListCtrl.clsEvent.formatNumber(Decimal)
16:48:01.0 (49583109)|VARIABLE_ASSIGNMENT|[EXTERNAL]|this|{"categoryClsNm":"category0","displayedAuModelChan (2 more) ...":"","displayedAuNewMNP":"","displayedAuNewRooter":"","displayedAuNewTablet":"","displayedAuTotal":"","endTime":"24:00","evt":"0x72273b4a","isDeleted":false,"sortNo":0,"startTime":"0:00"}|0x6c652c74
16:48:01.0 (49593066)|VARIABLE_ASSIGNMENT|[EXTERNAL]|value|""
16:48:01.0 (49600025)|VARIABLE_ASSIGNMENT|[311]|this.displayedBBCHikari|""|0x6c652c74
16:48:01.0 (49606750)|STATEMENT_EXECUTE|[412]
16:48:01.0 (49642991)|VARIABLE_ASSIGNMENT|[EXTERNAL]|this|{"categoryClsNm":"category0","displayedAuModelChan (2 more) ...":"","displayedAuNewMNP":"","displayedAuNewRooter":"","displayedAuNewTablet":"","displayedAuTotal":"","displayedBBCHikari":"","endTime":"24:00","evt":"0x72273b4a","isDeleted":false,"sortNo":0,"startTime":"0:00"}|0x6c652c74
16:48:01.0 (49658843)|METHOD_ENTRY|[412]|01pN0000000Z9DF|auScheduleListCtrl.clsEvent.formatNumber(Decimal)
16:48:01.0 (49663926)|VARIABLE_SCOPE_BEGIN|[421]|this|auScheduleListCtrl.clsEvent|true|false
16:48:01.0 (49696965)|VARIABLE_ASSIGNMENT|[421]|this|{"categoryClsNm":"category0","displayedAuModelChan (2 more) ...":"","displayedAuNewMNP":"","displayedAuNewRooter":"","displayedAuNewTablet":"","displayedAuTotal":"","displayedBBCHikari":"","endTime":"24:00","evt":"0x72273b4a","isDeleted":false,"sortNo":0,"startTime":"0:00"}|0x6c652c74
16:48:01.0 (49705131)|VARIABLE_SCOPE_BEGIN|[421]|dec|Decimal|false|false
16:48:01.0 (49712147)|VARIABLE_ASSIGNMENT|[421]|dec|null
16:48:01.0 (49716113)|STATEMENT_EXECUTE|[421]
16:48:01.0 (49717630)|STATEMENT_EXECUTE|[422]
16:48:01.0 (49720573)|METHOD_EXIT|[412]|01pN0000000Z9DF|auScheduleListCtrl.clsEvent.formatNumber(Decimal)
16:48:01.0 (49758591)|VARIABLE_ASSIGNMENT|[EXTERNAL]|this|{"categoryClsNm":"category0","displayedAuModelChan (2 more) ...":"","displayedAuNewMNP":"","displayedAuNewRooter":"","displayedAuNewTablet":"","displayedAuTotal":"","displayedBBCHikari":"","endTime":"24:00","evt":"0x72273b4a","isDeleted":false,"sortNo":0,"startTime":"0:00"}|0x6c652c74
16:48:01.0 (49768958)|VARIABLE_ASSIGNMENT|[EXTERNAL]|value|""
16:48:01.0 (49776488)|VARIABLE_ASSIGNMENT|[312]|this.displayedBBCCableTosu|""|0x6c652c74
16:48:01.0 (49783841)|STATEMENT_EXECUTE|[413]
16:48:01.0 (49820636)|VARIABLE_ASSIGNMENT|[EXTERNAL]|this|{"categoryClsNm":"category0","displayedAuModelChan (2 more) ...":"","displayedAuNewMNP":"","displayedAuNewRooter":"","displayedAuNewTablet":"","displayedAuTotal":"","displayedBBCCableTos (1 more) ...":"","displayedBBCHikari":"","endTime":"24:00","evt":"0x72273b4a","isDeleted":false,"sortNo":0,"startTime":"0:00"}|0x6c652c74
16:48:01.0 (49836517)|METHOD_ENTRY|[413]|01pN0000000Z9DF|auScheduleListCtrl.clsEvent.formatNumber(Decimal)
16:48:01.0 (49840793)|VARIABLE_SCOPE_BEGIN|[421]|this|auScheduleListCtrl.clsEvent|true|false
16:48:01.0 (49875273)|VARIABLE_ASSIGNMENT|[421]|this|{"categoryClsNm":"category0","displayedAuModelChan (2 more) ...":"","displayedAuNewMNP":"","displayedAuNewRooter":"","displayedAuNewTablet":"","displayedAuTotal":"","displayedBBCCableTos (1 more) ...":"","displayedBBCHikari":"","endTime":"24:00","evt":"0x72273b4a","isDeleted":false,"sortNo":0,"startTime":"0:00"}|0x6c652c74
16:48:01.0 (49884015)|VARIABLE_SCOPE_BEGIN|[421]|dec|Decimal|false|false
16:48:01.0 (49890259)|VARIABLE_ASSIGNMENT|[421]|dec|null
16:48:01.0 (49893837)|STATEMENT_EXECUTE|[421]
16:48:01.0 (49895301)|STATEMENT_EXECUTE|[422]
16:48:01.0 (49898508)|METHOD_EXIT|[413]|01pN0000000Z9DF|auScheduleListCtrl.clsEvent.formatNumber(Decimal)
16:48:01.0 (49938055)|VARIABLE_ASSIGNMENT|[EXTERNAL]|this|{"categoryClsNm":"category0","displayedAuModelChan (2 more) ...":"","displayedAuNewMNP":"","displayedAuNewRooter":"","displayedAuNewTablet":"","displayedAuTotal":"","displayedBBCCableTos (1 more) ...":"","displayedBBCHikari":"","endTime":"24:00","evt":"0x72273b4a","isDeleted":false,"sortNo":0,"startTime":"0:00"}|0x6c652c74
16:48:01.0 (49948027)|VARIABLE_ASSIGNMENT|[EXTERNAL]|value|""
16:48:01.0 (49955792)|VARIABLE_ASSIGNMENT|[313]|this.displayedUQ_2|""|0x6c652c74
16:48:01.0 (49963709)|STATEMENT_EXECUTE|[414]
16:48:01.0 (50000115)|VARIABLE_ASSIGNMENT|[EXTERNAL]|this|{"categoryClsNm":"category0","displayedAuModelChan (2 more) ...":"","displayedAuNewMNP":"","displayedAuNewRooter":"","displayedAuNewTablet":"","displayedAuTotal":"","displayedBBCCableTos (1 more) ...":"","displayedBBCHikari":"","displayedUQ_2":"","endTime":"24:00","evt":"0x72273b4a","isDeleted":false,"sortNo":0,"startTime":"0:00"}|0x6c652c74
16:48:01.0 (50020710)|METHOD_ENTRY|[414]|01pN0000000Z9DF|auScheduleListCtrl.clsEvent.formatNumber(Decimal)
16:48:01.0 (50025525)|VARIABLE_SCOPE_BEGIN|[421]|this|auScheduleListCtrl.clsEvent|true|false
16:48:01.0 (50060919)|VARIABLE_ASSIGNMENT|[421]|this|{"categoryClsNm":"category0","displayedAuModelChan (2 more) ...":"","displayedAuNewMNP":"","displayedAuNewRooter":"","displayedAuNewTablet":"","displayedAuTotal":"","displayedBBCCableTos (1 more) ...":"","displayedBBCHikari":"","displayedUQ_2":"","endTime":"24:00","evt":"0x72273b4a","isDeleted":false,"sortNo":0,"startTime":"0:00"}|0x6c652c74
16:48:01.0 (50068929)|VARIABLE_SCOPE_BEGIN|[421]|dec|Decimal|false|false
16:48:01.0 (50075375)|VARIABLE_ASSIGNMENT|[421]|dec|null
16:48:01.0 (50079381)|STATEMENT_EXECUTE|[421]
16:48:01.0 (50081268)|STATEMENT_EXECUTE|[422]
16:48:01.0 (50084500)|METHOD_EXIT|[414]|01pN0000000Z9DF|auScheduleListCtrl.clsEvent.formatNumber(Decimal)
16:48:01.0 (50124892)|VARIABLE_ASSIGNMENT|[EXTERNAL]|this|{"categoryClsNm":"category0","displayedAuModelChan (2 more) ...":"","displayedAuNewMNP":"","displayedAuNewRooter":"","displayedAuNewTablet":"","displayedAuTotal":"","displayedBBCCableTos (1 more) ...":"","displayedBBCHikari":"","displayedUQ_2":"","endTime":"24:00","evt":"0x72273b4a","isDeleted":false,"sortNo":0,"startTime":"0:00"}|0x6c652c74
16:48:01.0 (50135609)|VARIABLE_ASSIGNMENT|[EXTERNAL]|value|""
16:48:01.0 (50142801)|VARIABLE_ASSIGNMENT|[314]|this.displayedUQ_3|""|0x6c652c74
16:48:01.0 (50149899)|STATEMENT_EXECUTE|[415]
16:48:01.0 (50186753)|VARIABLE_ASSIGNMENT|[EXTERNAL]|this|{"categoryClsNm":"category0","displayedAuModelChan (2 more) ...":"","displayedAuNewMNP":"","displayedAuNewRooter":"","displayedAuNewTablet":"","displayedAuTotal":"","displayedBBCCableTos (1 more) ...":"","displayedBBCHikari":"","displayedUQ_2":"","displayedUQ_3":"","endTime":"24:00","evt":"0x72273b4a","isDeleted":false,"sortNo":0,"startTime":"0:00"}|0x6c652c74
16:48:01.0 (50203197)|METHOD_ENTRY|[415]|01pN0000000Z9DF|auScheduleListCtrl.clsEvent.formatNumber(Decimal)
16:48:01.0 (50207926)|VARIABLE_SCOPE_BEGIN|[421]|this|auScheduleListCtrl.clsEvent|true|false
16:48:01.0 (50241150)|VARIABLE_ASSIGNMENT|[421]|this|{"categoryClsNm":"category0","displayedAuModelChan (2 more) ...":"","displayedAuNewMNP":"","displayedAuNewRooter":"","displayedAuNewTablet":"","displayedAuTotal":"","displayedBBCCableTos (1 more) ...":"","displayedBBCHikari":"","displayedUQ_2":"","displayedUQ_3":"","endTime":"24:00","evt":"0x72273b4a","isDeleted":false,"sortNo":0,"startTime":"0:00"}|0x6c652c74
16:48:01.0 (50249093)|VARIABLE_SCOPE_BEGIN|[421]|dec|Decimal|false|false
16:48:01.0 (50255805)|VARIABLE_ASSIGNMENT|[421]|dec|null
16:48:01.0 (50259178)|STATEMENT_EXECUTE|[421]
16:48:01.0 (50260703)|STATEMENT_EXECUTE|[422]
16:48:01.0 (50263629)|METHOD_EXIT|[415]|01pN0000000Z9DF|auScheduleListCtrl.clsEvent.formatNumber(Decimal)
16:48:01.0 (50303940)|VARIABLE_ASSIGNMENT|[EXTERNAL]|this|{"categoryClsNm":"category0","displayedAuModelChan (2 more) ...":"","displayedAuNewMNP":"","displayedAuNewRooter":"","displayedAuNewTablet":"","displayedAuTotal":"","displayedBBCCableTos (1 more) ...":"","displayedBBCHikari":"","displayedUQ_2":"","displayedUQ_3":"","endTime":"24:00","evt":"0x72273b4a","isDeleted":false,"sortNo":0,"startTime":"0:00"}|0x6c652c74
16:48:01.0 (50315603)|VARIABLE_ASSIGNMENT|[EXTERNAL]|value|""
16:48:01.0 (50322165)|VARIABLE_ASSIGNMENT|[315]|this.displayedauDenki|""|0x6c652c74
16:48:01.0 (50329222)|STATEMENT_EXECUTE|[416]
16:48:01.0 (50366673)|VARIABLE_ASSIGNMENT|[EXTERNAL]|this|{"categoryClsNm":"category0","displayedauDenki":"","displayedAuModelChan (2 more) ...":"","displayedAuNewMNP":"","displayedAuNewRooter":"","displayedAuNewTablet":"","displayedAuTotal":"","displayedBBCCableTos (1 more) ...":"","displayedBBCHikari":"","displayedUQ_2":"","displayedUQ_3":"","endTime":"24:00","evt":"0x72273b4a","isDeleted":false,"sortNo":0,"startTime":"0:00"}|0x6c652c74
16:48:01.0 (50383177)|METHOD_ENTRY|[416]|01pN0000000Z9DF|auScheduleListCtrl.clsEvent.formatNumber(Decimal)
16:48:01.0 (50387996)|VARIABLE_SCOPE_BEGIN|[421]|this|auScheduleListCtrl.clsEvent|true|false
16:48:01.0 (50422073)|VARIABLE_ASSIGNMENT|[421]|this|{"categoryClsNm":"category0","displayedauDenki":"","displayedAuModelChan (2 more) ...":"","displayedAuNewMNP":"","displayedAuNewRooter":"","displayedAuNewTablet":"","displayedAuTotal":"","displayedBBCCableTos (1 more) ...":"","displayedBBCHikari":"","displayedUQ_2":"","displayedUQ_3":"","endTime":"24:00","evt":"0x72273b4a","isDeleted":false,"sortNo":0,"startTime":"0:00"}|0x6c652c74
16:48:01.0 (50430700)|VARIABLE_SCOPE_BEGIN|[421]|dec|Decimal|false|false
16:48:01.0 (50437787)|VARIABLE_ASSIGNMENT|[421]|dec|null
16:48:01.0 (50441703)|STATEMENT_EXECUTE|[421]
16:48:01.0 (50446252)|STATEMENT_EXECUTE|[422]
16:48:01.0 (50449511)|METHOD_EXIT|[416]|01pN0000000Z9DF|auScheduleListCtrl.clsEvent.formatNumber(Decimal)
16:48:01.0 (50489792)|VARIABLE_ASSIGNMENT|[EXTERNAL]|this|{"categoryClsNm":"category0","displayedauDenki":"","displayedAuModelChan (2 more) ...":"","displayedAuNewMNP":"","displayedAuNewRooter":"","displayedAuNewTablet":"","displayedAuTotal":"","displayedBBCCableTos (1 more) ...":"","displayedBBCHikari":"","displayedUQ_2":"","displayedUQ_3":"","endTime":"24:00","evt":"0x72273b4a","isDeleted":false,"sortNo":0,"startTime":"0:00"}|0x6c652c74
16:48:01.0 (50501112)|VARIABLE_ASSIGNMENT|[EXTERNAL]|value|""
16:48:01.0 (50508864)|VARIABLE_ASSIGNMENT|[316]|this.displayedWALLET_Market|""|0x6c652c74
16:48:01.0 (50516750)|STATEMENT_EXECUTE|[417]
16:48:01.0 (50557970)|VARIABLE_ASSIGNMENT|[EXTERNAL]|this|{"categoryClsNm":"category0","displayedauDenki":"","displayedAuModelChan (2 more) ...":"","displayedAuNewMNP":"","displayedAuNewRooter":"","displayedAuNewTablet":"","displayedAuTotal":"","displayedBBCCableTos (1 more) ...":"","displayedBBCHikari":"","displayedUQ_2":"","displayedUQ_3":"","displayedWALLET_Mark (2 more) ...":"","endTime":"24:00","evt":"0x72273b4a","isDeleted":false,"sortNo":0,"startTime":"0:00"}|0x6c652c74
16:48:01.0 (50576345)|METHOD_ENTRY|[417]|01pN0000000Z9DF|auScheduleListCtrl.clsEvent.formatNumber(Decimal)
16:48:01.0 (50581498)|VARIABLE_SCOPE_BEGIN|[421]|this|auScheduleListCtrl.clsEvent|true|false
16:48:01.0 (50616421)|VARIABLE_ASSIGNMENT|[421]|this|{"categoryClsNm":"category0","displayedauDenki":"","displayedAuModelChan (2 more) ...":"","displayedAuNewMNP":"","displayedAuNewRooter":"","displayedAuNewTablet":"","displayedAuTotal":"","displayedBBCCableTos (1 more) ...":"","displayedBBCHikari":"","displayedUQ_2":"","displayedUQ_3":"","displayedWALLET_Mark (2 more) ...":"","endTime":"24:00","evt":"0x72273b4a","isDeleted":false,"sortNo":0,"startTime":"0:00"}|0x6c652c74
16:48:01.0 (50625767)|VARIABLE_SCOPE_BEGIN|[421]|dec|Decimal|false|false
16:48:01.0 (50632452)|VARIABLE_ASSIGNMENT|[421]|dec|null
16:48:01.0 (50636245)|STATEMENT_EXECUTE|[421]
16:48:01.0 (50638010)|STATEMENT_EXECUTE|[422]
16:48:01.0 (50641008)|METHOD_EXIT|[417]|01pN0000000Z9DF|auScheduleListCtrl.clsEvent.formatNumber(Decimal)
16:48:01.0 (50681051)|VARIABLE_ASSIGNMENT|[EXTERNAL]|this|{"categoryClsNm":"category0","displayedauDenki":"","displayedAuModelChan (2 more) ...":"","displayedAuNewMNP":"","displayedAuNewRooter":"","displayedAuNewTablet":"","displayedAuTotal":"","displayedBBCCableTos (1 more) ...":"","displayedBBCHikari":"","displayedUQ_2":"","displayedUQ_3":"","displayedWALLET_Mark (2 more) ...":"","endTime":"24:00","evt":"0x72273b4a","isDeleted":false,"sortNo":0,"startTime":"0:00"}|0x6c652c74
16:48:01.0 (50694031)|VARIABLE_ASSIGNMENT|[EXTERNAL]|value|""
16:48:01.0 (50701362)|VARIABLE_ASSIGNMENT|[317]|this.displayedWaterServer|""|0x6c652c74
16:48:01.0 (50714387)|CONSTRUCTOR_EXIT|[60]|01pN0000000Z9DF|<init>(Event,Integer)
16:48:01.0 (50761521)|VARIABLE_ASSIGNMENT|[EXTERNAL]|this|{"dataLimit":200,"filterDateEnd":"","filterDateStart":"","filterKeyword":"","isIPhone":false,"lastSearchFilterDate (3 more) ...":"","lastSearchFilterDate (5 more) ...":"","lastSearchFilterKeyw (3 more) ...":"","lastSearchScopeEvent (1 more) ...":"private","lsClsEvents":"0x6116e962","myUser":"0x5ba2ad85","scopeEvents":"private","urlReportsSFA":"https://cs6.lightnin (84 more) ..."}|0x4af902aa
16:48:01.0 (50802033)|VARIABLE_ASSIGNMENT|[EXTERNAL]|value|{"categoryClsNm":"category0","displayedauDenki":"","displayedAuModelChan (2 more) ...":"","displayedAuNewMNP":"","displayedAuNewRooter":"","displayedAuNewTablet":"","displayedAuTotal":"","displayedBBCCableTos (1 more) ...":"","displayedBBCHikari":"","displayedUQ_2":"","displayedUQ_3":"","displayedWALLET_Mark (2 more) ...":"","displayedWaterServer":"","endTime":"24:00","evt":"0x72273b4a","isDeleted":false,"sortNo":0,"startTime":"0:00"}|0x6c652c74
16:48:01.0 (50814492)|VARIABLE_ASSIGNMENT|[13]|this.currentEvent|0x6c652c74|0x4af902aa
16:48:01.0 (50822063)|STATEMENT_EXECUTE|[61]
16:48:01.0 (50841167)|HEAP_ALLOCATE|[61]|Bytes:4
16:48:01.0 (50933941)|VARIABLE_ASSIGNMENT|[EXTERNAL]|this|{"currentEvent":"0x6c652c74","dataLimit":200,"filterDateEnd":"","filterDateStart":"","filterKeyword":"","isIPhone":false,"lastSearchFilterDate (3 more) ...":"","lastSearchFilterDate (5 more) ...":"","lastSearchFilterKeyw (3 more) ...":"","lastSearchScopeEvent (1 more) ...":"private","lsClsEvents":"0x6116e962","myUser":"0x5ba2ad85","scopeEvents":"private","urlReportsSFA":"https://cs6.lightnin (84 more) ..."}|0x4af902aa
16:48:01.0 (50946830)|HEAP_ALLOCATE|[EXTERNAL]|Bytes:4
16:48:01.0 (50953821)|VARIABLE_ASSIGNMENT|[EXTERNAL]|value|[]|0x8a0dd76
16:48:01.0 (50962992)|VARIABLE_ASSIGNMENT|[23]|this.lsAttachment|[]|0x4af902aa
16:48:01.0 (50974862)|SYSTEM_MODE_EXIT|false
16:48:01.0 (52980646)|HEAP_ALLOCATE|[EXTERNAL]|Bytes:88
16:48:01.0 (52993900)|VARIABLE_SCOPE_BEGIN|[66]|this|auScheduleListCtrl|true|false
16:48:01.0 (53055870)|VARIABLE_ASSIGNMENT|[66]|this|{"currentEvent":"0x6c652c74","dataLimit":200,"filterDateEnd":"","filterDateStart":"","filterKeyword":"","isIPhone":false,"lastSearchFilterDate (3 more) ...":"","lastSearchFilterDate (5 more) ...":"","lastSearchFilterKeyw (3 more) ...":"","lastSearchScopeEvent (1 more) ...":"private","lsAttachment":"0x8a0dd76","lsClsEvents":"0x6116e962","myUser":"0x5ba2ad85","scopeEvents":"private","urlReportsSFA":"https://cs6.lightnin (84 more) ..."}|0x4af902aa
16:48:01.0 (53078818)|SYSTEM_MODE_ENTER|false
16:48:01.0 (53089404)|HEAP_ALLOCATE|[68]|Bytes:5
16:48:01.0 (53094465)|STATEMENT_EXECUTE|[66]
16:48:01.0 (53153886)|VARIABLE_ASSIGNMENT|[EXTERNAL]|this|{"currentEvent":"0x6c652c74","dataLimit":200,"filterDateEnd":"","filterDateStart":"","filterKeyword":"","isIPhone":false,"lastSearchFilterDate (3 more) ...":"","lastSearchFilterDate (5 more) ...":"","lastSearchFilterKeyw (3 more) ...":"","lastSearchScopeEvent (1 more) ...":"private","lsAttachment":"0x8a0dd76","lsClsEvents":"0x6116e962","myUser":"0x5ba2ad85","scopeEvents":"private","urlReportsSFA":"https://cs6.lightnin (84 more) ..."}|0x4af902aa
16:48:01.0 (53173358)|STATEMENT_EXECUTE|[68]
16:48:01.0 (53175492)|STATEMENT_EXECUTE|[72]
16:48:01.0 (53179577)|SYSTEM_MODE_EXIT|false
16:48:01.0 (53436029)|SYSTEM_MODE_ENTER|true
16:48:01.0 (53455852)|HEAP_ALLOCATE|[EXTERNAL]|Bytes:40
16:48:01.0 (53462471)|VARIABLE_SCOPE_BEGIN|[31]|this|auMainTopCompCtrl|true|false
16:48:01.0 (53491701)|VARIABLE_ASSIGNMENT|[31]|this|{}|0x3cd58a95
16:48:01.0 (53504430)|STATEMENT_EXECUTE|[1]
16:48:01.0 (53506664)|STATEMENT_EXECUTE|[14]
16:48:01.0 (53508536)|STATEMENT_EXECUTE|[15]
16:48:01.0 (53510261)|STATEMENT_EXECUTE|[16]
16:48:01.0 (53512030)|STATEMENT_EXECUTE|[19]
16:48:01.0 (53513737)|STATEMENT_EXECUTE|[20]
16:48:01.0 (53515632)|STATEMENT_EXECUTE|[21]
16:48:01.0 (53517353)|STATEMENT_EXECUTE|[23]
16:48:01.0 (53519126)|STATEMENT_EXECUTE|[24]
16:48:01.0 (53520913)|STATEMENT_EXECUTE|[26]
16:48:01.0 (53534729)|STATEMENT_EXECUTE|[31]
16:48:01.0 (53536213)|STATEMENT_EXECUTE|[32]
16:48:01.0 (53579904)|VARIABLE_ASSIGNMENT|[EXTERNAL]|this|{}|0x3cd58a95
16:48:01.0 (53593113)|VARIABLE_ASSIGNMENT|[EXTERNAL]|value|0
16:48:01.0 (53598753)|HEAP_ALLOCATE|[19]|Bytes:4
16:48:01.0 (53606890)|VARIABLE_ASSIGNMENT|[19]|this.iTypeOfScreen|0|0x3cd58a95
16:48:01.0 (53615531)|STATEMENT_EXECUTE|[34]
16:48:01.0 (53783838)|HEAP_ALLOCATE|[34]|Bytes:112
16:48:01.0 (53826097)|VARIABLE_ASSIGNMENT|[EXTERNAL]|this|{"iTypeOfScreen":0}|0x3cd58a95
16:48:01.0 (53837839)|VARIABLE_ASSIGNMENT|[EXTERNAL]|value|"https://cs6.lightnin (84 more) ..."
16:48:01.0 (53852035)|VARIABLE_ASSIGNMENT|[24]|this.urlReportsSFA|"https://cs6.lightnin (84 more) ..."|0x3cd58a95
16:48:01.0 (53859864)|STATEMENT_EXECUTE|[36]
16:48:01.0 (53876342)|HEAP_ALLOCATE|[36]|Bytes:4
16:48:01.0 (53887544)|METHOD_ENTRY|[40]||System.UserInfo.getUserId()
16:48:01.0 (53903267)|METHOD_EXIT|[40]||System.UserInfo.getUserId()
16:48:01.0 (54283691)|SOQL_EXECUTE_BEGIN|[36]|Aggregations:0|SELECT SmallPhotoUrl, Account.Name, Account.RegionalOfficeId__r.RegionalOfficeName__c, Account.BranchId__r.BranchName__c, Name FROM User WHERE User.ID = :tmpVar1
16:48:01.0 (57388007)|SOQL_EXECUTE_END|[36]|Rows:1
16:48:01.0 (57407872)|HEAP_ALLOCATE|[36]|Bytes:8
16:48:01.0 (57428135)|HEAP_ALLOCATE|[36]|Bytes:115
16:48:01.0 (57466207)|HEAP_ALLOCATE|[36]|Bytes:8
16:48:01.0 (57486913)|HEAP_ALLOCATE|[36]|Bytes:16
16:48:01.0 (57543341)|VARIABLE_ASSIGNMENT|[EXTERNAL]|this|{"iTypeOfScreen":0,"urlReportsSFA":"https://cs6.lightnin (84 more) ..."}|0x3cd58a95
16:48:01.0 (57569330)|VARIABLE_ASSIGNMENT|[EXTERNAL]|value|{"SmallPhotoUrl":"https://c.cs6.conten (30 more) ...","Name":"Thomas Remy","Id":"005N00000057PfOIAU"}|0x574f82f3
16:48:01.0 (57587469)|VARIABLE_ASSIGNMENT|[23]|this.currentUser|{"SmallPhotoUrl":"https://c.cs6.conten (30 more) ...","Name":"Thomas Remy","Id":"005N00000057PfOIAU"}|0x3cd58a95
16:48:01.0 (57968504)|SYSTEM_MODE_ENTER|true
16:48:01.0 (58044299)|HEAP_ALLOCATE|[EXTERNAL]|Bytes:40
16:48:01.0 (58057369)|VARIABLE_ASSIGNMENT|[EXTERNAL]|this.iCountComments|null|0x3cd58a95
16:48:01.0 (58125771)|SYSTEM_MODE_ENTER|true
16:48:01.0 (58155978)|HEAP_ALLOCATE|[EXTERNAL]|Bytes:40
16:48:01.0 (58164983)|VARIABLE_ASSIGNMENT|[EXTERNAL]|this.iCountLikes|null|0x3cd58a95
16:48:01.0 (58337862)|SYSTEM_MODE_ENTER|true
16:48:01.0 (58374363)|HEAP_ALLOCATE|[EXTERNAL]|Bytes:88
16:48:01.0 (58382701)|VARIABLE_SCOPE_BEGIN|[37]|this|auScheduleListCtrl|true|false
16:48:01.0 (58440913)|VARIABLE_ASSIGNMENT|[37]|this|{"currentEvent":"0x6c652c74","dataLimit":200,"filterDateEnd":"","filterDateStart":"","filterKeyword":"","isIPhone":false,"lastSearchFilterDate (3 more) ...":"","lastSearchFilterDate (5 more) ...":"","lastSearchFilterKeyw (3 more) ...":"","lastSearchScopeEvent (1 more) ...":"private","lsAttachment":"0x8a0dd76","lsClsEvents":"0x6116e962","myUser":"0x5ba2ad85","scopeEvents":"private","urlReportsSFA":"https://cs6.lightnin (84 more) ..."}|0x4af902aa
16:48:01.0 (58462701)|SYSTEM_MODE_ENTER|false
16:48:01.0 (58471616)|HEAP_ALLOCATE|[37]|Bytes:5
16:48:01.0 (58476752)|STATEMENT_EXECUTE|[37]
16:48:01.0 (58478543)|STATEMENT_EXECUTE|[37]
16:48:01.0 (58489280)|SYSTEM_MODE_EXIT|false
16:48:01.0 (58545494)|SYSTEM_MODE_ENTER|true
16:48:01.0 (58563373)|HEAP_ALLOCATE|[EXTERNAL]|Bytes:8
16:48:01.0 (58567726)|HEAP_ALLOCATE|[EXTERNAL]|Bytes:40
16:48:01.0 (58575057)|VARIABLE_ASSIGNMENT|[EXTERNAL]|this.iTypeOfScreen|32|0x3cd58a95
16:48:01.0 (58680948)|SYSTEM_MODE_ENTER|true
16:48:01.0 (58706452)|HEAP_ALLOCATE|[EXTERNAL]|Bytes:40
16:48:01.0 (58714013)|VARIABLE_SCOPE_BEGIN|[101]|this|auMainTopCompCtrl|true|false
16:48:01.0 (58742010)|VARIABLE_ASSIGNMENT|[101]|this|{"currentUser":"0x574f82f3","iTypeOfScreen":32,"urlReportsSFA":"https://cs6.lightnin (84 more) ..."}|0x3cd58a95
16:48:01.0 (58751315)|STATEMENT_EXECUTE|[101]
16:48:01.0 (58789182)|VARIABLE_ASSIGNMENT|[EXTERNAL]|this|{"currentUser":"0x574f82f3","iTypeOfScreen":32,"urlReportsSFA":"https://cs6.lightnin (84 more) ..."}|0x3cd58a95
16:48:01.0 (58827598)|VARIABLE_ASSIGNMENT|[EXTERNAL]|this|{"currentUser":"0x574f82f3","iTypeOfScreen":32,"urlReportsSFA":"https://cs6.lightnin (84 more) ..."}|0x3cd58a95
16:48:01.0 (58855317)|VARIABLE_ASSIGNMENT|[EXTERNAL]|this|{"currentUser":"0x574f82f3","iTypeOfScreen":32,"urlReportsSFA":"https://cs6.lightnin (84 more) ..."}|0x3cd58a95
16:48:01.0 (58885965)|VARIABLE_ASSIGNMENT|[EXTERNAL]|this|{"currentUser":"0x574f82f3","iTypeOfScreen":32,"urlReportsSFA":"https://cs6.lightnin (84 more) ..."}|0x3cd58a95
16:48:01.0 (58910922)|VARIABLE_ASSIGNMENT|[EXTERNAL]|this|{"currentUser":"0x574f82f3","iTypeOfScreen":32,"urlReportsSFA":"https://cs6.lightnin (84 more) ..."}|0x3cd58a95
16:48:01.0 (58921558)|STATEMENT_EXECUTE|[110]
16:48:01.0 (58923125)|STATEMENT_EXECUTE|[111]
16:48:01.0 (59000771)|SYSTEM_MODE_ENTER|true
16:48:01.0 (59030321)|HEAP_ALLOCATE|[EXTERNAL]|Bytes:40
16:48:01.0 (59036672)|VARIABLE_SCOPE_BEGIN|[115]|this|auMainTopCompCtrl|true|false
16:48:01.0 (59060526)|VARIABLE_ASSIGNMENT|[115]|this|{"currentUser":"0x574f82f3","iTypeOfScreen":32,"urlReportsSFA":"https://cs6.lightnin (84 more) ..."}|0x3cd58a95
16:48:01.0 (59069795)|STATEMENT_EXECUTE|[115]
16:48:01.0 (59096361)|VARIABLE_ASSIGNMENT|[EXTERNAL]|this|{"currentUser":"0x574f82f3","iTypeOfScreen":32,"urlReportsSFA":"https://cs6.lightnin (84 more) ..."}|0x3cd58a95
16:48:01.0 (59126285)|VARIABLE_ASSIGNMENT|[EXTERNAL]|this|{"currentUser":"0x574f82f3","iTypeOfScreen":32,"urlReportsSFA":"https://cs6.lightnin (84 more) ..."}|0x3cd58a95
16:48:01.0 (59150542)|VARIABLE_ASSIGNMENT|[EXTERNAL]|this|{"currentUser":"0x574f82f3","iTypeOfScreen":32,"urlReportsSFA":"https://cs6.lightnin (84 more) ..."}|0x3cd58a95
16:48:01.0 (59180115)|VARIABLE_ASSIGNMENT|[EXTERNAL]|this|{"currentUser":"0x574f82f3","iTypeOfScreen":32,"urlReportsSFA":"https://cs6.lightnin (84 more) ..."}|0x3cd58a95
16:48:01.0 (59204222)|VARIABLE_ASSIGNMENT|[EXTERNAL]|this|{"currentUser":"0x574f82f3","iTypeOfScreen":32,"urlReportsSFA":"https://cs6.lightnin (84 more) ..."}|0x3cd58a95
16:48:01.0 (59213415)|STATEMENT_EXECUTE|[124]
16:48:01.0 (59214871)|STATEMENT_EXECUTE|[125]
16:48:01.0 (59888609)|SYSTEM_MODE_ENTER|true
16:48:01.0 (61715479)|SYSTEM_MODE_ENTER|true
16:48:01.0 (61749239)|HEAP_ALLOCATE|[EXTERNAL]|Bytes:40
16:48:01.0 (61758415)|VARIABLE_SCOPE_BEGIN|[54]|this|auMainTopCompCtrl|true|false
16:48:01.0 (61796252)|VARIABLE_ASSIGNMENT|[54]|this|{"currentUser":"0x574f82f3","iTypeOfScreen":32,"urlReportsSFA":"https://cs6.lightnin (84 more) ..."}|0x3cd58a95
16:48:01.0 (61806237)|STATEMENT_EXECUTE|[54]
16:48:01.0 (61808002)|STATEMENT_EXECUTE|[55]
16:48:01.0 (61840655)|VARIABLE_ASSIGNMENT|[EXTERNAL]|this|{"currentUser":"0x574f82f3","iTypeOfScreen":32,"urlReportsSFA":"https://cs6.lightnin (84 more) ..."}|0x3cd58a95
16:48:01.0 (61879994)|VARIABLE_ASSIGNMENT|[EXTERNAL]|this|{"currentUser":"0x574f82f3","iTypeOfScreen":32,"urlReportsSFA":"https://cs6.lightnin (84 more) ..."}|0x3cd58a95
16:48:01.0 (61895105)|HEAP_ALLOCATE|[55]|Bytes:5
16:48:01.0 (62086646)|SYSTEM_MODE_ENTER|true
16:48:01.0 (62248864)|SYSTEM_MODE_ENTER|true
16:48:01.0 (64999495)|SYSTEM_MODE_ENTER|true
16:48:01.0 (65776741)|SYSTEM_MODE_ENTER|true
16:48:01.0 (65800116)|HEAP_ALLOCATE|[EXTERNAL]|Bytes:40
16:48:01.0 (65813435)|VARIABLE_ASSIGNMENT|[EXTERNAL]|this.iCountComments|null|0x3cd58a95
16:48:01.0 (65851064)|SYSTEM_MODE_ENTER|true
16:48:01.0 (65863434)|HEAP_ALLOCATE|[EXTERNAL]|Bytes:40
16:48:01.0 (65870732)|VARIABLE_ASSIGNMENT|[EXTERNAL]|this.iCountLikes|null|0x3cd58a95
16:48:01.0 (65948712)|SYSTEM_MODE_ENTER|true
16:48:01.0 (65964599)|HEAP_ALLOCATE|[EXTERNAL]|Bytes:8
16:48:01.0 (65969352)|HEAP_ALLOCATE|[EXTERNAL]|Bytes:40
16:48:01.0 (65977320)|VARIABLE_ASSIGNMENT|[EXTERNAL]|this.iTypeOfScreen|32|0x3cd58a95
16:48:01.0 (66147100)|SYSTEM_MODE_ENTER|true
16:48:01.0 (66175644)|HEAP_ALLOCATE|[EXTERNAL]|Bytes:40
16:48:01.0 (66196538)|VARIABLE_SCOPE_BEGIN|[101]|this|auMainTopCompCtrl|true|false
16:48:01.0 (66231806)|VARIABLE_ASSIGNMENT|[101]|this|{"currentUser":"0x574f82f3","iTypeOfScreen":32,"urlReportsSFA":"https://cs6.lightnin (84 more) ..."}|0x3cd58a95
16:48:01.0 (66241626)|STATEMENT_EXECUTE|[101]
16:48:01.0 (66267024)|VARIABLE_ASSIGNMENT|[EXTERNAL]|this|{"currentUser":"0x574f82f3","iTypeOfScreen":32,"urlReportsSFA":"https://cs6.lightnin (84 more) ..."}|0x3cd58a95
16:48:01.0 (66296831)|VARIABLE_ASSIGNMENT|[EXTERNAL]|this|{"currentUser":"0x574f82f3","iTypeOfScreen":32,"urlReportsSFA":"https://cs6.lightnin (84 more) ..."}|0x3cd58a95
16:48:01.0 (66322644)|VARIABLE_ASSIGNMENT|[EXTERNAL]|this|{"currentUser":"0x574f82f3","iTypeOfScreen":32,"urlReportsSFA":"https://cs6.lightnin (84 more) ..."}|0x3cd58a95
16:48:01.0 (66347844)|VARIABLE_ASSIGNMENT|[EXTERNAL]|this|{"currentUser":"0x574f82f3","iTypeOfScreen":32,"urlReportsSFA":"https://cs6.lightnin (84 more) ..."}|0x3cd58a95
16:48:01.0 (66372799)|VARIABLE_ASSIGNMENT|[EXTERNAL]|this|{"currentUser":"0x574f82f3","iTypeOfScreen":32,"urlReportsSFA":"https://cs6.lightnin (84 more) ..."}|0x3cd58a95
16:48:01.0 (66382269)|STATEMENT_EXECUTE|[110]
16:48:01.0 (66383923)|STATEMENT_EXECUTE|[111]
16:48:01.0 (66441446)|SYSTEM_MODE_ENTER|true
16:48:01.0 (66464416)|HEAP_ALLOCATE|[EXTERNAL]|Bytes:40
16:48:01.0 (66470205)|VARIABLE_SCOPE_BEGIN|[115]|this|auMainTopCompCtrl|true|false
16:48:01.0 (66493553)|VARIABLE_ASSIGNMENT|[115]|this|{"currentUser":"0x574f82f3","iTypeOfScreen":32,"urlReportsSFA":"https://cs6.lightnin (84 more) ..."}|0x3cd58a95
16:48:01.0 (66502521)|STATEMENT_EXECUTE|[115]
16:48:01.0 (66521685)|VARIABLE_ASSIGNMENT|[EXTERNAL]|this|{"currentUser":"0x574f82f3","iTypeOfScreen":32,"urlReportsSFA":"https://cs6.lightnin (84 more) ..."}|0x3cd58a95
16:48:01.0 (66547437)|VARIABLE_ASSIGNMENT|[EXTERNAL]|this|{"currentUser":"0x574f82f3","iTypeOfScreen":32,"urlReportsSFA":"https://cs6.lightnin (84 more) ..."}|0x3cd58a95
16:48:01.0 (66571606)|VARIABLE_ASSIGNMENT|[EXTERNAL]|this|{"currentUser":"0x574f82f3","iTypeOfScreen":32,"urlReportsSFA":"https://cs6.lightnin (84 more) ..."}|0x3cd58a95
16:48:01.0 (66596130)|VARIABLE_ASSIGNMENT|[EXTERNAL]|this|{"currentUser":"0x574f82f3","iTypeOfScreen":32,"urlReportsSFA":"https://cs6.lightnin (84 more) ..."}|0x3cd58a95
16:48:01.0 (66619656)|VARIABLE_ASSIGNMENT|[EXTERNAL]|this|{"currentUser":"0x574f82f3","iTypeOfScreen":32,"urlReportsSFA":"https://cs6.lightnin (84 more) ..."}|0x3cd58a95
16:48:01.0 (66628562)|STATEMENT_EXECUTE|[124]
16:48:01.0 (66629971)|STATEMENT_EXECUTE|[125]
16:48:01.0 (67088060)|SYSTEM_MODE_ENTER|true
16:48:01.0 (71077096)|SYSTEM_MODE_ENTER|true
16:48:01.0 (71108934)|HEAP_ALLOCATE|[EXTERNAL]|Bytes:40
16:48:01.0 (71117288)|VARIABLE_SCOPE_BEGIN|[54]|this|auMainTopCompCtrl|true|false
16:48:01.0 (71152341)|VARIABLE_ASSIGNMENT|[54]|this|{"currentUser":"0x574f82f3","iTypeOfScreen":32,"urlReportsSFA":"https://cs6.lightnin (84 more) ..."}|0x3cd58a95
16:48:01.0 (71162123)|STATEMENT_EXECUTE|[54]
16:48:01.0 (71163833)|STATEMENT_EXECUTE|[55]
16:48:01.0 (71188028)|VARIABLE_ASSIGNMENT|[EXTERNAL]|this|{"currentUser":"0x574f82f3","iTypeOfScreen":32,"urlReportsSFA":"https://cs6.lightnin (84 more) ..."}|0x3cd58a95
16:48:01.0 (71219021)|VARIABLE_ASSIGNMENT|[EXTERNAL]|this|{"currentUser":"0x574f82f3","iTypeOfScreen":32,"urlReportsSFA":"https://cs6.lightnin (84 more) ..."}|0x3cd58a95
16:48:01.0 (71232846)|HEAP_ALLOCATE|[55]|Bytes:5
16:48:01.0 (71382758)|SYSTEM_MODE_ENTER|true
16:48:01.0 (71412645)|HEAP_ALLOCATE|[EXTERNAL]|Bytes:40
16:48:01.0 (71419958)|VARIABLE_SCOPE_BEGIN|[84]|this|auMainTopCompCtrl|true|false
16:48:01.0 (71446202)|VARIABLE_ASSIGNMENT|[84]|this|{"currentUser":"0x574f82f3","iTypeOfScreen":32,"urlReportsSFA":"https://cs6.lightnin (84 more) ..."}|0x3cd58a95
16:48:01.0 (71455726)|STATEMENT_EXECUTE|[84]
16:48:01.0 (71457344)|STATEMENT_EXECUTE|[85]
16:48:01.0 (71487480)|VARIABLE_ASSIGNMENT|[EXTERNAL]|this|{"currentUser":"0x574f82f3","iTypeOfScreen":32,"urlReportsSFA":"https://cs6.lightnin (84 more) ..."}|0x3cd58a95
16:48:01.0 (71503638)|HEAP_ALLOCATE|[85]|Bytes:5
16:48:01.0 (71577164)|SYSTEM_MODE_ENTER|true
16:48:01.0 (71601151)|HEAP_ALLOCATE|[EXTERNAL]|Bytes:40
16:48:01.0 (71608645)|VARIABLE_SCOPE_BEGIN|[88]|this|auMainTopCompCtrl|true|false
16:48:01.0 (71633868)|VARIABLE_ASSIGNMENT|[88]|this|{"currentUser":"0x574f82f3","iTypeOfScreen":32,"urlReportsSFA":"https://cs6.lightnin (84 more) ..."}|0x3cd58a95
16:48:01.0 (71642651)|STATEMENT_EXECUTE|[88]
16:48:01.0 (71644047)|STATEMENT_EXECUTE|[89]
16:48:01.0 (71699575)|VARIABLE_ASSIGNMENT|[EXTERNAL]|this|{"currentUser":"0x574f82f3","iTypeOfScreen":32,"urlReportsSFA":"https://cs6.lightnin (84 more) ..."}|0x3cd58a95
16:48:01.0 (71722627)|HEAP_ALLOCATE|[89]|Bytes:5
16:48:01.0 (71811678)|SYSTEM_MODE_ENTER|true
16:48:01.0 (71991078)|SYSTEM_MODE_ENTER|true
16:48:01.0 (72374871)|SYSTEM_MODE_ENTER|true
16:48:01.0 (72450698)|SYSTEM_MODE_ENTER|true
16:48:01.0 (72753149)|SYSTEM_MODE_ENTER|true
16:48:01.0 (72934789)|SYSTEM_MODE_ENTER|true
16:48:01.0 (72965993)|HEAP_ALLOCATE|[EXTERNAL]|Bytes:88
16:48:01.0 (72974803)|VARIABLE_SCOPE_BEGIN|[429]|this|auScheduleListCtrl|true|false
16:48:01.0 (73039759)|VARIABLE_ASSIGNMENT|[429]|this|{"currentEvent":"0x6c652c74","dataLimit":200,"filterDateEnd":"","filterDateStart":"","filterKeyword":"","isIPhone":false,"lastSearchFilterDate (3 more) ...":"","lastSearchFilterDate (5 more) ...":"","lastSearchFilterKeyw (3 more) ...":"","lastSearchScopeEvent (1 more) ...":"private","lsAttachment":"0x8a0dd76","lsClsEvents":"0x6116e962","myUser":"0x5ba2ad85","scopeEvents":"private","urlReportsSFA":"https://cs6.lightnin (84 more) ..."}|0x4af902aa
16:48:01.0 (73061520)|SYSTEM_MODE_ENTER|false
16:48:01.0 (73069341)|HEAP_ALLOCATE|[430]|Bytes:5
16:48:01.0 (73074431)|STATEMENT_EXECUTE|[429]
16:48:01.0 (73076134)|STATEMENT_EXECUTE|[430]
16:48:01.0 (73081100)|VARIABLE_SCOPE_BEGIN|[430]|sParameters|String|false|false
16:48:01.0 (73091153)|VARIABLE_ASSIGNMENT|[430]|sParameters|""
16:48:01.0 (73095392)|STATEMENT_EXECUTE|[432]
16:48:01.0 (73098436)|HEAP_ALLOCATE|[432]|Bytes:11
16:48:01.0 (73102667)|VARIABLE_SCOPE_BEGIN|[432]|PARAM_SCOPEEVENTS|String|false|false
16:48:01.0 (73110274)|VARIABLE_ASSIGNMENT|[432]|PARAM_SCOPEEVENTS|"SCOPEEVENTS"
16:48:01.0 (73113885)|STATEMENT_EXECUTE|[433]
16:48:01.0 (73115863)|HEAP_ALLOCATE|[433]|Bytes:13
16:48:01.0 (73119293)|VARIABLE_SCOPE_BEGIN|[433]|PARAM_FILTERKEYWORD|String|false|false
16:48:01.0 (73126091)|VARIABLE_ASSIGNMENT|[433]|PARAM_FILTERKEYWORD|"FILTERKEYWORD"
16:48:01.0 (73129734)|STATEMENT_EXECUTE|[434]
16:48:01.0 (73131627)|HEAP_ALLOCATE|[434]|Bytes:15
16:48:01.0 (73135104)|VARIABLE_SCOPE_BEGIN|[434]|PARAM_FILTERDATESTART|String|false|false
16:48:01.0 (73142271)|VARIABLE_ASSIGNMENT|[434]|PARAM_FILTERDATESTART|"FILTERDATESTART"
16:48:01.0 (73145438)|STATEMENT_EXECUTE|[435]
16:48:01.0 (73147438)|HEAP_ALLOCATE|[435]|Bytes:13
16:48:01.0 (73150282)|VARIABLE_SCOPE_BEGIN|[435]|PARAM_FILTERDATEEND|String|false|false
16:48:01.0 (73156799)|VARIABLE_ASSIGNMENT|[435]|PARAM_FILTERDATEEND|"FILTERDATEEND"
16:48:01.0 (73218942)|VARIABLE_ASSIGNMENT|[EXTERNAL]|this|{"currentEvent":"0x6c652c74","dataLimit":200,"filterDateEnd":"","filterDateStart":"","filterKeyword":"","isIPhone":false,"lastSearchFilterDate (3 more) ...":"","lastSearchFilterDate (5 more) ...":"","lastSearchFilterKeyw (3 more) ...":"","lastSearchScopeEvent (1 more) ...":"private","lsAttachment":"0x8a0dd76","lsClsEvents":"0x6116e962","myUser":"0x5ba2ad85","scopeEvents":"private","urlReportsSFA":"https://cs6.lightnin (84 more) ..."}|0x4af902aa
16:48:01.0 (73268234)|STATEMENT_EXECUTE|[438]
16:48:01.0 (73293791)|STATEMENT_EXECUTE|[439]
16:48:01.0 (73295455)|STATEMENT_EXECUTE|[442]
16:48:01.0 (73298574)|HEAP_ALLOCATE|[442]|Bytes:1
16:48:01.0 (73346753)|VARIABLE_ASSIGNMENT|[EXTERNAL]|this|{"currentEvent":"0x6c652c74","dataLimit":200,"filterDateEnd":"","filterDateStart":"","filterKeyword":"","isIPhone":false,"lastSearchFilterDate (3 more) ...":"","lastSearchFilterDate (5 more) ...":"","lastSearchFilterKeyw (3 more) ...":"","lastSearchScopeEvent (1 more) ...":"private","lsAttachment":"0x8a0dd76","lsClsEvents":"0x6116e962","myUser":"0x5ba2ad85","scopeEvents":"private","urlReportsSFA":"https://cs6.lightnin (84 more) ..."}|0x4af902aa
16:48:01.0 (73366492)|HEAP_ALLOCATE|[442]|Bytes:19
16:48:01.0 (73373043)|HEAP_ALLOCATE|[442]|Bytes:19
16:48:01.0 (73379165)|VARIABLE_ASSIGNMENT|[442]|sParameters|"SCOPEEVENTS=private"
16:48:01.0 (73429203)|VARIABLE_ASSIGNMENT|[EXTERNAL]|this|{"currentEvent":"0x6c652c74","dataLimit":200,"filterDateEnd":"","filterDateStart":"","filterKeyword":"","isIPhone":false,"lastSearchFilterDate (3 more) ...":"","lastSearchFilterDate (5 more) ...":"","lastSearchFilterKeyw (3 more) ...":"","lastSearchScopeEvent (1 more) ...":"private","lsAttachment":"0x8a0dd76","lsClsEvents":"0x6116e962","myUser":"0x5ba2ad85","scopeEvents":"private","urlReportsSFA":"https://cs6.lightnin (84 more) ..."}|0x4af902aa
16:48:01.0 (73456264)|STATEMENT_EXECUTE|[446]
16:48:01.0 (73505516)|VARIABLE_ASSIGNMENT|[EXTERNAL]|this|{"currentEvent":"0x6c652c74","dataLimit":200,"filterDateEnd":"","filterDateStart":"","filterKeyword":"","isIPhone":false,"lastSearchFilterDate (3 more) ...":"","lastSearchFilterDate (5 more) ...":"","lastSearchFilterKeyw (3 more) ...":"","lastSearchScopeEvent (1 more) ...":"private","lsAttachment":"0x8a0dd76","lsClsEvents":"0x6116e962","myUser":"0x5ba2ad85","scopeEvents":"private","urlReportsSFA":"https://cs6.lightnin (84 more) ..."}|0x4af902aa
16:48:01.0 (73530692)|STATEMENT_EXECUTE|[454]
16:48:01.0 (73574510)|VARIABLE_ASSIGNMENT|[EXTERNAL]|this|{"currentEvent":"0x6c652c74","dataLimit":200,"filterDateEnd":"","filterDateStart":"","filterKeyword":"","isIPhone":false,"lastSearchFilterDate (3 more) ...":"","lastSearchFilterDate (5 more) ...":"","lastSearchFilterKeyw (3 more) ...":"","lastSearchScopeEvent (1 more) ...":"private","lsAttachment":"0x8a0dd76","lsClsEvents":"0x6116e962","myUser":"0x5ba2ad85","scopeEvents":"private","urlReportsSFA":"https://cs6.lightnin (84 more) ..."}|0x4af902aa
16:48:01.0 (73598222)|STATEMENT_EXECUTE|[462]
16:48:01.0 (73599833)|STATEMENT_EXECUTE|[469]
16:48:01.0 (73602466)|HEAP_ALLOCATE|[469]|Bytes:23
16:48:01.0 (73622185)|HEAP_ALLOCATE|[469]|Bytes:1
16:48:01.0 (73628040)|HEAP_ALLOCATE|[469]|Bytes:20
16:48:01.0 (73632047)|HEAP_ALLOCATE|[469]|Bytes:43
16:48:01.0 (73639217)|SYSTEM_MODE_EXIT|false
16:48:01.0 (73805028)|SYSTEM_MODE_ENTER|true
16:48:01.0 (73942979)|SYSTEM_MODE_ENTER|true
16:48:01.0 (74034392)|SYSTEM_MODE_ENTER|true
16:48:01.0 (74537134)|HEAP_ALLOCATE|[EXTERNAL]|Bytes:96
16:48:01.0 (74547821)|VARIABLE_SCOPE_BEGIN|[299]|this|auScheduleListCtrl.clsEvent|true|false
16:48:01.0 (74605151)|VARIABLE_ASSIGNMENT|[299]|this|{"categoryClsNm":"category0","displayedauDenki":"","displayedAuModelChan (2 more) ...":"","displayedAuNewMNP":"","displayedAuNewRooter":"","displayedAuNewTablet":"","displayedAuTotal":"","displayedBBCCableTos (1 more) ...":"","displayedBBCHikari":"","displayedUQ_2":"","displayedUQ_3":"","displayedWALLET_Mark (2 more) ...":"","displayedWaterServer":"","endTime":"24:00","evt":"0x72273b4a","isDeleted":false,"sortNo":0,"startTime":"0:00"}|0x6c652c74
16:48:01.0 (74620922)|STATEMENT_EXECUTE|[299]
16:48:01.0 (74676646)|VARIABLE_ASSIGNMENT|[EXTERNAL]|this|{"categoryClsNm":"category0","displayedauDenki":"","displayedAuModelChan (2 more) ...":"","displayedAuNewMNP":"","displayedAuNewRooter":"","displayedAuNewTablet":"","displayedAuTotal":"","displayedBBCCableTos (1 more) ...":"","displayedBBCHikari":"","displayedUQ_2":"","displayedUQ_3":"","displayedWALLET_Mark (2 more) ...":"","displayedWaterServer":"","endTime":"24:00","evt":"0x72273b4a","isDeleted":false,"sortNo":0,"startTime":"0:00"}|0x6c652c74
16:48:01.0 (74696018)|HEAP_ALLOCATE|[300]|Bytes:9
16:48:01.0 (74714379)|STATEMENT_EXECUTE|[300]
16:48:01.0 (74716225)|STATEMENT_EXECUTE|[303]
16:48:01.0 (74763940)|VARIABLE_ASSIGNMENT|[EXTERNAL]|this|{"categoryClsNm":"category0","displayedauDenki":"","displayedAuModelChan (2 more) ...":"","displayedAuNewMNP":"","displayedAuNewRooter":"","displayedAuNewTablet":"","displayedAuTotal":"","displayedBBCCableTos (1 more) ...":"","displayedBBCHikari":"","displayedUQ_2":"","displayedUQ_3":"","displayedWALLET_Mark (2 more) ...":"","displayedWaterServer":"","endTime":"24:00","evt":"0x72273b4a","isDeleted":false,"sortNo":0,"startTime":"0:00"}|0x6c652c74
16:48:01.0 (75002592)|HEAP_ALLOCATE|[EXTERNAL]|Bytes:96
16:48:01.0 (75016311)|VARIABLE_SCOPE_BEGIN|[319]|this|auScheduleListCtrl.clsEvent|true|false
16:48:01.0 (75061750)|VARIABLE_ASSIGNMENT|[319]|this|{"categoryClsNm":"category0","displayedauDenki":"","displayedAuModelChan (2 more) ...":"","displayedAuNewMNP":"","displayedAuNewRooter":"","displayedAuNewTablet":"","displayedAuTotal":"","displayedBBCCableTos (1 more) ...":"","displayedBBCHikari":"","displayedUQ_2":"","displayedUQ_3":"","displayedWALLET_Mark (2 more) ...":"","displayedWaterServer":"","endTime":"24:00","evt":"0x72273b4a","isDeleted":false,"sortNo":0,"startTime":"0:00"}|0x6c652c74
16:48:01.0 (75075912)|STATEMENT_EXECUTE|[319]
16:48:01.0 (75121884)|VARIABLE_ASSIGNMENT|[EXTERNAL]|this|{"categoryClsNm":"category0","displayedauDenki":"","displayedAuModelChan (2 more) ...":"","displayedAuNewMNP":"","displayedAuNewRooter":"","displayedAuNewTablet":"","displayedAuTotal":"","displayedBBCCableTos (1 more) ...":"","displayedBBCHikari":"","displayedUQ_2":"","displayedUQ_3":"","displayedWALLET_Mark (2 more) ...":"","displayedWaterServer":"","endTime":"24:00","evt":"0x72273b4a","isDeleted":false,"sortNo":0,"startTime":"0:00"}|0x6c652c74
16:48:01.0 (75138348)|STATEMENT_EXECUTE|[321]
16:48:01.0 (77726928)|VF_SERIALIZE_VIEWSTATE_BEGIN|066N0000000LKO6
16:48:01.0 (81293154)|VF_SERIALIZE_VIEWSTATE_END
16:48:01.85 (85108065)|CUMULATIVE_LIMIT_USAGE
16:48:01.85 (85108065)|LIMIT_USAGE_FOR_NS|(default)|
  Number of SOQL queries: 4 out of 100
  Number of query rows: 3 out of 50000
  Number of SOSL queries: 0 out of 20
  Number of DML statements: 0 out of 150
  Number of DML rows: 0 out of 10000
  Maximum CPU time: 0 out of 10000
  Maximum heap size: 0 out of 6000000
  Number of callouts: 0 out of 100
  Number of Email Invocations: 0 out of 10
  Number of future calls: 0 out of 50
  Number of queueable jobs added to the queue: 0 out of 50
  Number of Mobile Apex push calls: 0 out of 10

16:48:01.85 (85108065)|CUMULATIVE_LIMIT_USAGE_END

16:48:01.0 (85145831)|CODE_UNIT_FINISHED|VF: /apex/auScheduleList
16:48:01.0 (85887350)|EXECUTION_FINISHED
