38.0 APEX_CODE,FINEST;APEX_PROFILING,INFO;CALLOUT,INFO;DB,INFO;SYSTEM,DEBUG;VALIDATION,INFO;VISUALFORCE,INFO;WAVE,INFO;WORKFLOW,INFO
14:35:24.0 (63276)|USER_INFO|[EXTERNAL]|005N00000057PfO|thomas.remy+kddi_gwdev01@globalway.co.jp|Japan Standard Time|GMT+09:00
14:35:24.0 (102205)|EXECUTION_STARTED
14:35:24.0 (107203)|CODE_UNIT_STARTED|[EXTERNAL]|066N0000000M59u|VF: /apex/saReport
14:35:24.0 (272718)|VF_DESERIALIZE_VIEWSTATE_BEGIN|066N0000000M59u
14:35:24.0 (3555071)|HEAP_ALLOCATE|[72]|Bytes:3
14:35:24.0 (3600105)|HEAP_ALLOCATE|[77]|Bytes:152
14:35:24.0 (3616004)|HEAP_ALLOCATE|[342]|Bytes:408
14:35:24.0 (3628471)|HEAP_ALLOCATE|[355]|Bytes:408
14:35:24.0 (3638567)|HEAP_ALLOCATE|[467]|Bytes:48
14:35:24.0 (3664561)|HEAP_ALLOCATE|[139]|Bytes:6
14:35:24.0 (4048020)|HEAP_ALLOCATE|[50]|Bytes:5
14:35:24.0 (4076967)|HEAP_ALLOCATE|[56]|Bytes:5
14:35:24.0 (4085569)|HEAP_ALLOCATE|[64]|Bytes:7
14:35:24.0 (5099897)|VARIABLE_SCOPE_BEGIN|[5]|saReportCtrl.CASES_CHARACTER|String|false|true
14:35:24.0 (5113317)|VARIABLE_SCOPE_BEGIN|[8]|saReportCtrl.SEARCH_COUNT_NUMBER100|String|false|true
14:35:24.0 (5120286)|VARIABLE_SCOPE_BEGIN|[6]|saReportCtrl.SEARCH_COUNT_NUMBER20|String|false|true
14:35:24.0 (5126812)|VARIABLE_SCOPE_BEGIN|[7]|saReportCtrl.SEARCH_COUNT_NUMBER50|String|false|true
14:35:24.0 (5133188)|VARIABLE_SCOPE_BEGIN|[13]|saReportCtrl.SORTED_BY_FAVORITES_LABEL|String|false|true
14:35:24.0 (5139280)|VARIABLE_SCOPE_BEGIN|[19]|saReportCtrl.SORTED_BY_FAVORITES_VALUE|String|false|true
14:35:24.0 (5145284)|VARIABLE_SCOPE_BEGIN|[11]|saReportCtrl.SORTED_BY_NEWS_LABEL|String|false|true
14:35:24.0 (5150583)|VARIABLE_SCOPE_BEGIN|[17]|saReportCtrl.SORTED_BY_NEWS_VALUE|String|false|true
14:35:24.0 (5155934)|VARIABLE_SCOPE_BEGIN|[10]|saReportCtrl.SORTED_BY_NONE_LABEL|String|false|true
14:35:24.0 (5161524)|VARIABLE_SCOPE_BEGIN|[16]|saReportCtrl.SORTED_BY_NONE_VALUE|String|false|true
14:35:24.0 (5166957)|VARIABLE_SCOPE_BEGIN|[12]|saReportCtrl.SORTED_BY_NUMBER_OF_VIEWS_LABEL|String|false|true
14:35:24.0 (5172786)|VARIABLE_SCOPE_BEGIN|[18]|saReportCtrl.SORTED_BY_NUMBER_OF_VIEWS_VALUE|String|false|true
14:35:24.0 (5178519)|VARIABLE_SCOPE_BEGIN|[14]|saReportCtrl.SORTED_BY_RELEASE_DATES_LABEL|String|false|true
14:35:24.0 (5183965)|VARIABLE_SCOPE_BEGIN|[20]|saReportCtrl.SORTED_BY_RELEASE_DATES_VALUE|String|false|true
14:35:24.0 (6361119)|VARIABLE_SCOPE_BEGIN|[7]|auMainTopCompCtrl.TYPE_SCREEN_CX_SCREEN|Integer|false|true
14:35:24.0 (6371909)|VARIABLE_SCOPE_BEGIN|[8]|auMainTopCompCtrl.TYPE_SCREEN_CX_TIMELINE|Integer|false|true
14:35:24.0 (6378673)|VARIABLE_SCOPE_BEGIN|[9]|auMainTopCompCtrl.TYPE_SCREEN_EVENT_SCHEDULE|Integer|false|true
14:35:24.0 (6384658)|VARIABLE_SCOPE_BEGIN|[10]|auMainTopCompCtrl.TYPE_SCREEN_EVENT_SCHEDULE_LIST|Integer|false|true
14:35:24.0 (6394689)|VARIABLE_SCOPE_BEGIN|[11]|auMainTopCompCtrl.TYPE_SCREEN_KNOWLEDGE_DASHBOARD|Integer|false|true
14:35:24.0 (6400681)|VARIABLE_SCOPE_BEGIN|[12]|auMainTopCompCtrl.TYPE_SCREEN_KNOWLEDGE_LIST|Integer|false|true
14:35:24.0 (6406178)|VARIABLE_SCOPE_BEGIN|[15]|auMainTopCompCtrl.TYPE_SCREEN_SA_CHATTER|Integer|false|true
14:35:24.0 (6412146)|VARIABLE_SCOPE_BEGIN|[16]|auMainTopCompCtrl.TYPE_SCREEN_SA_DAILYREPORT|Integer|false|true
14:35:24.0 (6418570)|VARIABLE_SCOPE_BEGIN|[18]|auMainTopCompCtrl.TYPE_SCREEN_SA_DOCUMENTS|Integer|false|true
14:35:24.0 (6424727)|VARIABLE_SCOPE_BEGIN|[17]|auMainTopCompCtrl.TYPE_SCREEN_SA_ENQUETE|Integer|false|true
14:35:24.0 (6430584)|VARIABLE_SCOPE_BEGIN|[13]|auMainTopCompCtrl.TYPE_SCREEN_SA_MESSAGES|Integer|false|true
14:35:24.0 (6435998)|VARIABLE_SCOPE_BEGIN|[19]|auMainTopCompCtrl.TYPE_SCREEN_SA_RANKING|Integer|false|true
14:35:24.0 (6441224)|VARIABLE_SCOPE_BEGIN|[14]|auMainTopCompCtrl.TYPE_SCREEN_SA_REPORTS|Integer|false|true
14:35:24.0 (6446419)|VARIABLE_SCOPE_BEGIN|[4]|auMainTopCompCtrl.TYPE_SCREEN_STPD_EVENT|Integer|false|true
14:35:24.0 (6451582)|VARIABLE_SCOPE_BEGIN|[6]|auMainTopCompCtrl.TYPE_SCREEN_STPD_SCREEN|Integer|false|true
14:35:24.0 (6456963)|VARIABLE_SCOPE_BEGIN|[5]|auMainTopCompCtrl.TYPE_SCREEN_STPD_TIMELINE|Integer|false|true
14:35:24.0 (6462441)|VARIABLE_SCOPE_BEGIN|[3]|auMainTopCompCtrl.TYPE_SCREEN_SWITCH|Integer|false|true
14:35:24.0 (7550279)|VF_DESERIALIZE_VIEWSTATE_END
14:35:24.0 (9681415)|SYSTEM_MODE_ENTER|true
14:35:24.0 (9720731)|HEAP_ALLOCATE|[EXTERNAL]|Bytes:284
14:35:24.0 (9731426)|HEAP_ALLOCATE|[EXTERNAL]|Bytes:113
14:35:24.0 (9742649)|METHOD_ENTRY|[1]|01pN0000000Mill|auMainTopCompCtrl.auMainTopCompCtrl()
14:35:24.0 (9750598)|STATEMENT_EXECUTE|[1]
14:35:24.0 (9756985)|STATEMENT_EXECUTE|[1]
14:35:24.0 (9758936)|STATEMENT_EXECUTE|[3]
14:35:24.0 (9765764)|HEAP_ALLOCATE|[3]|Bytes:4
14:35:24.0 (9785782)|VARIABLE_ASSIGNMENT|[3]|auMainTopCompCtrl.TYPE_SCREEN_SWITCH|0
14:35:24.0 (9791140)|STATEMENT_EXECUTE|[4]
14:35:24.0 (9793479)|HEAP_ALLOCATE|[4]|Bytes:4
14:35:24.0 (9799769)|VARIABLE_ASSIGNMENT|[4]|auMainTopCompCtrl.TYPE_SCREEN_STPD_EVENT|11
14:35:24.0 (9803900)|STATEMENT_EXECUTE|[5]
14:35:24.0 (9805587)|HEAP_ALLOCATE|[5]|Bytes:4
14:35:24.0 (9811010)|VARIABLE_ASSIGNMENT|[5]|auMainTopCompCtrl.TYPE_SCREEN_STPD_TIMELINE|12
14:35:24.0 (9814673)|STATEMENT_EXECUTE|[6]
14:35:24.0 (9816343)|HEAP_ALLOCATE|[6]|Bytes:4
14:35:24.0 (9821463)|VARIABLE_ASSIGNMENT|[6]|auMainTopCompCtrl.TYPE_SCREEN_STPD_SCREEN|13
14:35:24.0 (9824567)|STATEMENT_EXECUTE|[7]
14:35:24.0 (9826219)|HEAP_ALLOCATE|[7]|Bytes:4
14:35:24.0 (9830503)|VARIABLE_ASSIGNMENT|[7]|auMainTopCompCtrl.TYPE_SCREEN_CX_SCREEN|21
14:35:24.0 (9833288)|STATEMENT_EXECUTE|[8]
14:35:24.0 (9835060)|HEAP_ALLOCATE|[8]|Bytes:4
14:35:24.0 (9839913)|VARIABLE_ASSIGNMENT|[8]|auMainTopCompCtrl.TYPE_SCREEN_CX_TIMELINE|22
14:35:24.0 (9843445)|STATEMENT_EXECUTE|[9]
14:35:24.0 (9845078)|HEAP_ALLOCATE|[9]|Bytes:4
14:35:24.0 (9849539)|VARIABLE_ASSIGNMENT|[9]|auMainTopCompCtrl.TYPE_SCREEN_EVENT_SCHEDULE|31
14:35:24.0 (9853015)|STATEMENT_EXECUTE|[10]
14:35:24.0 (9854909)|HEAP_ALLOCATE|[10]|Bytes:4
14:35:24.0 (9859463)|VARIABLE_ASSIGNMENT|[10]|auMainTopCompCtrl.TYPE_SCREEN_EVENT_SCHEDULE_LIST|32
14:35:24.0 (9862584)|STATEMENT_EXECUTE|[11]
14:35:24.0 (9864482)|HEAP_ALLOCATE|[11]|Bytes:4
14:35:24.0 (9868942)|VARIABLE_ASSIGNMENT|[11]|auMainTopCompCtrl.TYPE_SCREEN_KNOWLEDGE_DASHBOARD|41
14:35:24.0 (9871938)|STATEMENT_EXECUTE|[12]
14:35:24.0 (9873613)|HEAP_ALLOCATE|[12]|Bytes:4
14:35:24.0 (9878799)|VARIABLE_ASSIGNMENT|[12]|auMainTopCompCtrl.TYPE_SCREEN_KNOWLEDGE_LIST|42
14:35:24.0 (9881977)|STATEMENT_EXECUTE|[13]
14:35:24.0 (9883766)|HEAP_ALLOCATE|[13]|Bytes:4
14:35:24.0 (9888686)|VARIABLE_ASSIGNMENT|[13]|auMainTopCompCtrl.TYPE_SCREEN_SA_MESSAGES|51
14:35:24.0 (9892033)|STATEMENT_EXECUTE|[14]
14:35:24.0 (9893694)|HEAP_ALLOCATE|[14]|Bytes:4
14:35:24.0 (9898861)|VARIABLE_ASSIGNMENT|[14]|auMainTopCompCtrl.TYPE_SCREEN_SA_REPORTS|52
14:35:24.0 (9901632)|STATEMENT_EXECUTE|[15]
14:35:24.0 (9903234)|HEAP_ALLOCATE|[15]|Bytes:4
14:35:24.0 (9907783)|VARIABLE_ASSIGNMENT|[15]|auMainTopCompCtrl.TYPE_SCREEN_SA_CHATTER|53
14:35:24.0 (9910469)|STATEMENT_EXECUTE|[16]
14:35:24.0 (9912033)|HEAP_ALLOCATE|[16]|Bytes:4
14:35:24.0 (9916762)|VARIABLE_ASSIGNMENT|[16]|auMainTopCompCtrl.TYPE_SCREEN_SA_DAILYREPORT|54
14:35:24.0 (9919761)|STATEMENT_EXECUTE|[17]
14:35:24.0 (9921329)|HEAP_ALLOCATE|[17]|Bytes:4
14:35:24.0 (9925925)|VARIABLE_ASSIGNMENT|[17]|auMainTopCompCtrl.TYPE_SCREEN_SA_ENQUETE|55
14:35:24.0 (9929155)|STATEMENT_EXECUTE|[18]
14:35:24.0 (9930811)|HEAP_ALLOCATE|[18]|Bytes:4
14:35:24.0 (9935785)|VARIABLE_ASSIGNMENT|[18]|auMainTopCompCtrl.TYPE_SCREEN_SA_DOCUMENTS|56
14:35:24.0 (9939591)|STATEMENT_EXECUTE|[19]
14:35:24.0 (9941225)|HEAP_ALLOCATE|[19]|Bytes:4
14:35:24.0 (9945845)|VARIABLE_ASSIGNMENT|[19]|auMainTopCompCtrl.TYPE_SCREEN_SA_RANKING|57
14:35:24.0 (9953094)|METHOD_EXIT|[1]|auMainTopCompCtrl
14:35:24.0 (9959131)|HEAP_ALLOCATE|[EXTERNAL]|Bytes:40
14:35:24.0 (9970262)|VARIABLE_ASSIGNMENT|[EXTERNAL]|this.iCountComments|null|0x30c02df0
14:35:24.0 (10032384)|SYSTEM_MODE_ENTER|true
14:35:24.0 (10048064)|HEAP_ALLOCATE|[EXTERNAL]|Bytes:40
14:35:24.0 (10055689)|VARIABLE_ASSIGNMENT|[EXTERNAL]|this.iCountLikes|null|0x30c02df0
14:35:24.0 (10211893)|SYSTEM_MODE_ENTER|true
14:35:24.0 (10400492)|HEAP_ALLOCATE|[EXTERNAL]|Bytes:644
14:35:24.0 (10410654)|HEAP_ALLOCATE|[EXTERNAL]|Bytes:160
14:35:24.0 (10415438)|HEAP_ALLOCATE|[EXTERNAL]|Bytes:138
14:35:24.0 (10419193)|HEAP_ALLOCATE|[EXTERNAL]|Bytes:1
14:35:24.0 (10430635)|VARIABLE_ASSIGNMENT|[EXTERNAL]|saReportCtrl.CASES_CHARACTER|"件"
14:35:24.0 (10435399)|HEAP_ALLOCATE|[EXTERNAL]|Bytes:4
14:35:24.0 (10440566)|VARIABLE_ASSIGNMENT|[EXTERNAL]|saReportCtrl.SEARCH_COUNT_NUMBER100|"100件"
14:35:24.0 (10445175)|HEAP_ALLOCATE|[EXTERNAL]|Bytes:3
14:35:24.0 (10449651)|VARIABLE_ASSIGNMENT|[EXTERNAL]|saReportCtrl.SEARCH_COUNT_NUMBER20|"20件"
14:35:24.0 (10453096)|HEAP_ALLOCATE|[EXTERNAL]|Bytes:3
14:35:24.0 (10457742)|VARIABLE_ASSIGNMENT|[EXTERNAL]|saReportCtrl.SEARCH_COUNT_NUMBER50|"50件"
14:35:24.0 (10461521)|HEAP_ALLOCATE|[EXTERNAL]|Bytes:4
14:35:24.0 (10466639)|VARIABLE_ASSIGNMENT|[EXTERNAL]|saReportCtrl.SORTED_BY_FAVORITES_LABEL|"いいね順"
14:35:24.0 (10471057)|HEAP_ALLOCATE|[EXTERNAL]|Bytes:4
14:35:24.0 (10475952)|VARIABLE_ASSIGNMENT|[EXTERNAL]|saReportCtrl.SORTED_BY_FAVORITES_VALUE|"いいね順"
14:35:24.0 (10479421)|HEAP_ALLOCATE|[EXTERNAL]|Bytes:3
14:35:24.0 (10484181)|VARIABLE_ASSIGNMENT|[EXTERNAL]|saReportCtrl.SORTED_BY_NEWS_LABEL|"NEW"
14:35:24.0 (10488104)|HEAP_ALLOCATE|[EXTERNAL]|Bytes:3
14:35:24.0 (10493110)|VARIABLE_ASSIGNMENT|[EXTERNAL]|saReportCtrl.SORTED_BY_NEWS_VALUE|"NEW"
14:35:24.0 (10496832)|HEAP_ALLOCATE|[EXTERNAL]|Bytes:1
14:35:24.0 (10501447)|VARIABLE_ASSIGNMENT|[EXTERNAL]|saReportCtrl.SORTED_BY_NONE_LABEL|" "
14:35:24.0 (10505231)|HEAP_ALLOCATE|[EXTERNAL]|Bytes:1
14:35:24.0 (10509932)|VARIABLE_ASSIGNMENT|[EXTERNAL]|saReportCtrl.SORTED_BY_NONE_VALUE|" "
14:35:24.0 (10513229)|HEAP_ALLOCATE|[EXTERNAL]|Bytes:4
14:35:24.0 (10518150)|VARIABLE_ASSIGNMENT|[EXTERNAL]|saReportCtrl.SORTED_BY_NUMBER_OF_VIEWS_LABEL|"閲覧数順"
14:35:24.0 (10522012)|HEAP_ALLOCATE|[EXTERNAL]|Bytes:4
14:35:24.0 (10527396)|VARIABLE_ASSIGNMENT|[EXTERNAL]|saReportCtrl.SORTED_BY_NUMBER_OF_VIEWS_VALUE|"閲覧数順"
14:35:24.0 (10530896)|HEAP_ALLOCATE|[EXTERNAL]|Bytes:4
14:35:24.0 (10536429)|VARIABLE_ASSIGNMENT|[EXTERNAL]|saReportCtrl.SORTED_BY_RELEASE_DATES_LABEL|"公開日時"
14:35:24.0 (10540374)|HEAP_ALLOCATE|[EXTERNAL]|Bytes:4
14:35:24.0 (10545160)|VARIABLE_ASSIGNMENT|[EXTERNAL]|saReportCtrl.SORTED_BY_RELEASE_DATES_VALUE|"公開日時"
14:35:24.0 (10551547)|METHOD_ENTRY|[1]|01pN0000000aEUV|saReportCtrl.saReportCtrl()
14:35:24.0 (10557039)|STATEMENT_EXECUTE|[1]
14:35:24.0 (10559993)|STATEMENT_EXECUTE|[1]
14:35:24.0 (10573803)|SYSTEM_MODE_ENTER|false
14:35:24.0 (10588092)|HEAP_ALLOCATE|[EXTERNAL]|Bytes:5
14:35:24.0 (10596977)|SYSTEM_MODE_EXIT|false
14:35:24.0 (10605773)|METHOD_EXIT|[1]|saReportCtrl
14:35:24.0 (10611675)|HEAP_ALLOCATE|[EXTERNAL]|Bytes:120
14:35:24.0 (10618285)|VARIABLE_SCOPE_BEGIN|[62]|this|saReportCtrl|true|false
14:35:24.0 (10724475)|VARIABLE_ASSIGNMENT|[62]|this|{"categoryDataOptions":"0x71c6a30","countDataOptions":"0x9254978","currentDay":"2018-03-12T05:35:21.826Z","currentDayMinusSeven":"2018-03-05T05:35:21.826Z","filterDateEnd":"","filterDateStart":"","filteredRecords":"0x38bb4a01","filterKeywords":"","isFromHome":false,"isGoodSelected":false,"isNew":false,"isTrySelected":false,"isVeryGoodSelected":false,"listOfCategory":"0x2f2b728e","listOfSAReports":"0x4b02c0b1","reportComments":"0x684f3e20","reportGoodViews":"0xa468a6a","reportManagedViews":"0x7e0d36ae","selectedCategoryData":"","selectedCountData":"","selectedSortData":"","sortDataOptions":"0x23d76696"}|0x6c238a0
14:35:24.0 (10752491)|SYSTEM_MODE_ENTER|false
14:35:24.0 (10758317)|HEAP_ALLOCATE|[62]|Bytes:5
14:35:24.0 (10762676)|STATEMENT_EXECUTE|[62]
14:35:24.0 (10764185)|STATEMENT_EXECUTE|[62]
14:35:24.0 (10769509)|SYSTEM_MODE_EXIT|false
14:35:24.0 (10831021)|SYSTEM_MODE_ENTER|true
14:35:24.0 (10848525)|HEAP_ALLOCATE|[EXTERNAL]|Bytes:8
14:35:24.0 (10853373)|HEAP_ALLOCATE|[EXTERNAL]|Bytes:40
14:35:24.0 (10861070)|VARIABLE_ASSIGNMENT|[EXTERNAL]|this.iTypeOfScreen|52|0x30c02df0
14:35:24.0 (10975996)|SYSTEM_MODE_ENTER|true
14:35:24.0 (11116622)|SYSTEM_MODE_ENTER|true
14:35:24.0 (14302758)|SYSTEM_MODE_ENTER|true
14:35:24.0 (14355948)|SYSTEM_MODE_ENTER|true
14:35:24.0 (14441646)|SYSTEM_MODE_ENTER|true
14:35:24.0 (14520129)|SYSTEM_MODE_ENTER|true
14:35:24.0 (14639503)|SYSTEM_MODE_ENTER|true
14:35:24.0 (14728904)|SYSTEM_MODE_ENTER|true
14:35:24.0 (14803418)|SYSTEM_MODE_ENTER|true
14:35:24.0 (14872772)|SYSTEM_MODE_ENTER|true
14:35:24.0 (14970850)|SYSTEM_MODE_ENTER|true
14:35:24.0 (15016300)|SYSTEM_MODE_ENTER|true
14:35:24.0 (15055998)|SYSTEM_MODE_ENTER|true
14:35:24.0 (15093027)|SYSTEM_MODE_ENTER|true
14:35:24.0 (15130443)|SYSTEM_MODE_ENTER|true
14:35:24.0 (15167302)|SYSTEM_MODE_ENTER|true
14:35:24.0 (15203732)|SYSTEM_MODE_ENTER|true
14:35:24.0 (16465363)|SYSTEM_MODE_ENTER|true
14:35:24.0 (16553591)|SYSTEM_MODE_ENTER|true
14:35:24.0 (16623819)|SYSTEM_MODE_ENTER|true
14:35:24.0 (17641699)|SYSTEM_MODE_ENTER|true
14:35:24.0 (17665314)|HEAP_ALLOCATE|[EXTERNAL]|Bytes:5
14:35:24.0 (17671702)|HEAP_ALLOCATE|[EXTERNAL]|Bytes:120
14:35:24.0 (17681554)|VARIABLE_ASSIGNMENT|[EXTERNAL]|this.isFromHome|false|0x6c238a0
14:35:24.0 (17712367)|SYSTEM_MODE_ENTER|true
14:35:24.0 (17726238)|HEAP_ALLOCATE|[EXTERNAL]|Bytes:120
14:35:24.0 (17734296)|VARIABLE_ASSIGNMENT|[EXTERNAL]|this.filterKeywords|""|0x6c238a0
14:35:24.0 (17757713)|SYSTEM_MODE_ENTER|true
14:35:24.0 (17768869)|HEAP_ALLOCATE|[EXTERNAL]|Bytes:120
14:35:24.0 (17775495)|VARIABLE_ASSIGNMENT|[EXTERNAL]|this.filterDateStart|""|0x6c238a0
14:35:24.0 (17797218)|SYSTEM_MODE_ENTER|true
14:35:24.0 (17807854)|HEAP_ALLOCATE|[EXTERNAL]|Bytes:120
14:35:24.0 (17814360)|VARIABLE_ASSIGNMENT|[EXTERNAL]|this.filterDateEnd|""|0x6c238a0
14:35:24.0 (17835267)|SYSTEM_MODE_ENTER|true
14:35:24.0 (17846243)|HEAP_ALLOCATE|[EXTERNAL]|Bytes:120
14:35:24.0 (17853657)|VARIABLE_ASSIGNMENT|[EXTERNAL]|this.selectedCategoryData|""|0x6c238a0
14:35:24.0 (17875904)|SYSTEM_MODE_ENTER|true
14:35:24.0 (17886834)|HEAP_ALLOCATE|[EXTERNAL]|Bytes:120
14:35:24.0 (17893452)|VARIABLE_ASSIGNMENT|[EXTERNAL]|this.selectedSortData|""|0x6c238a0
14:35:24.0 (17914672)|SYSTEM_MODE_ENTER|true
14:35:24.0 (17924959)|HEAP_ALLOCATE|[EXTERNAL]|Bytes:120
14:35:24.0 (17931737)|VARIABLE_ASSIGNMENT|[EXTERNAL]|this.selectedCountData|""|0x6c238a0
14:35:24.0 (17974791)|SYSTEM_MODE_ENTER|true
14:35:24.0 (17986360)|HEAP_ALLOCATE|[EXTERNAL]|Bytes:40
14:35:24.0 (17993706)|VARIABLE_ASSIGNMENT|[EXTERNAL]|this.iCountComments|null|0x30c02df0
14:35:24.0 (18020887)|SYSTEM_MODE_ENTER|true
14:35:24.0 (18030754)|HEAP_ALLOCATE|[EXTERNAL]|Bytes:40
14:35:24.0 (18036575)|VARIABLE_ASSIGNMENT|[EXTERNAL]|this.iCountLikes|null|0x30c02df0
14:35:24.0 (18076947)|SYSTEM_MODE_ENTER|true
14:35:24.0 (18102998)|HEAP_ALLOCATE|[EXTERNAL]|Bytes:120
14:35:24.0 (18108805)|VARIABLE_SCOPE_BEGIN|[62]|this|saReportCtrl|true|false
14:35:24.0 (18174501)|VARIABLE_ASSIGNMENT|[62]|this|{"categoryDataOptions":"0x71c6a30","countDataOptions":"0x9254978","currentDay":"2018-03-12T05:35:21.826Z","currentDayMinusSeven":"2018-03-05T05:35:21.826Z","filterDateEnd":"","filterDateStart":"","filteredRecords":"0x38bb4a01","filterKeywords":"","isFromHome":false,"isGoodSelected":false,"isNew":false,"isTrySelected":false,"isVeryGoodSelected":false,"listOfCategory":"0x2f2b728e","listOfSAReports":"0x4b02c0b1","reportComments":"0x684f3e20","reportGoodViews":"0xa468a6a","reportManagedViews":"0x7e0d36ae","selectedCategoryData":"","selectedCountData":"","selectedSortData":"","sortDataOptions":"0x23d76696"}|0x6c238a0
14:35:24.0 (18198477)|SYSTEM_MODE_ENTER|false
14:35:24.0 (18205191)|HEAP_ALLOCATE|[62]|Bytes:5
14:35:24.0 (18210223)|STATEMENT_EXECUTE|[62]
14:35:24.0 (18211786)|STATEMENT_EXECUTE|[62]
14:35:24.0 (18216086)|SYSTEM_MODE_EXIT|false
14:35:24.0 (18254515)|SYSTEM_MODE_ENTER|true
14:35:24.0 (18268193)|HEAP_ALLOCATE|[EXTERNAL]|Bytes:8
14:35:24.0 (18273357)|HEAP_ALLOCATE|[EXTERNAL]|Bytes:40
14:35:24.0 (18280178)|VARIABLE_ASSIGNMENT|[EXTERNAL]|this.iTypeOfScreen|52|0x30c02df0
14:35:24.0 (19470676)|SYSTEM_MODE_ENTER|true
14:35:24.0 (19490379)|HEAP_ALLOCATE|[EXTERNAL]|Bytes:120
14:35:24.0 (19501105)|VARIABLE_ASSIGNMENT|[EXTERNAL]|this.filterKeywords|""|0x6c238a0
14:35:24.0 (19528635)|SYSTEM_MODE_ENTER|true
14:35:24.0 (19541166)|HEAP_ALLOCATE|[EXTERNAL]|Bytes:120
14:35:24.0 (19548570)|VARIABLE_ASSIGNMENT|[EXTERNAL]|this.filterDateStart|""|0x6c238a0
14:35:24.0 (19571153)|SYSTEM_MODE_ENTER|true
14:35:24.0 (19582364)|HEAP_ALLOCATE|[EXTERNAL]|Bytes:120
14:35:24.0 (19588808)|VARIABLE_ASSIGNMENT|[EXTERNAL]|this.filterDateEnd|""|0x6c238a0
14:35:24.0 (19615456)|SYSTEM_MODE_ENTER|true
14:35:24.0 (19626644)|HEAP_ALLOCATE|[EXTERNAL]|Bytes:1
14:35:24.0 (19630582)|HEAP_ALLOCATE|[EXTERNAL]|Bytes:120
14:35:24.0 (19637032)|VARIABLE_ASSIGNMENT|[EXTERNAL]|this.selectedCategoryData|" "|0x6c238a0
14:35:24.0 (19660168)|SYSTEM_MODE_ENTER|true
14:35:24.0 (19670935)|HEAP_ALLOCATE|[EXTERNAL]|Bytes:1
14:35:24.0 (19674204)|HEAP_ALLOCATE|[EXTERNAL]|Bytes:120
14:35:24.0 (19681107)|VARIABLE_ASSIGNMENT|[EXTERNAL]|this.selectedSortData|" "|0x6c238a0
14:35:24.0 (19704271)|SYSTEM_MODE_ENTER|true
14:35:24.0 (19714934)|HEAP_ALLOCATE|[EXTERNAL]|Bytes:2
14:35:24.0 (19718585)|HEAP_ALLOCATE|[EXTERNAL]|Bytes:120
14:35:24.0 (19724264)|VARIABLE_ASSIGNMENT|[EXTERNAL]|this.selectedCountData|"20"|0x6c238a0
14:35:24.0 (20516700)|SYSTEM_MODE_ENTER|true
14:35:24.0 (20558312)|SYSTEM_MODE_ENTER|true
14:35:24.0 (20602654)|SYSTEM_MODE_ENTER|true
14:35:24.0 (20645622)|SYSTEM_MODE_ENTER|true
14:35:24.0 (20700022)|SYSTEM_MODE_ENTER|true
14:35:24.0 (35731955)|SYSTEM_MODE_ENTER|true
14:35:24.0 (35753772)|HEAP_ALLOCATE|[EXTERNAL]|Bytes:40
14:35:24.0 (35764626)|VARIABLE_ASSIGNMENT|[EXTERNAL]|this.iCountComments|null|0x30c02df0
14:35:24.0 (35801878)|SYSTEM_MODE_ENTER|true
14:35:24.0 (35813958)|HEAP_ALLOCATE|[EXTERNAL]|Bytes:40
14:35:24.0 (35821167)|VARIABLE_ASSIGNMENT|[EXTERNAL]|this.iCountLikes|null|0x30c02df0
14:35:24.0 (35866996)|SYSTEM_MODE_ENTER|true
14:35:24.0 (35892863)|HEAP_ALLOCATE|[EXTERNAL]|Bytes:120
14:35:24.0 (35899431)|VARIABLE_SCOPE_BEGIN|[62]|this|saReportCtrl|true|false
14:35:24.0 (35968154)|VARIABLE_ASSIGNMENT|[62]|this|{"categoryDataOptions":"0x71c6a30","countDataOptions":"0x9254978","currentDay":"2018-03-12T05:35:21.826Z","currentDayMinusSeven":"2018-03-05T05:35:21.826Z","filterDateEnd":"","filterDateStart":"","filteredRecords":"0x38bb4a01","filterKeywords":"","isFromHome":false,"isGoodSelected":false,"isNew":false,"isTrySelected":false,"isVeryGoodSelected":false,"listOfCategory":"0x2f2b728e","listOfSAReports":"0x4b02c0b1","reportComments":"0x684f3e20","reportGoodViews":"0xa468a6a","reportManagedViews":"0x7e0d36ae","selectedCategoryData":" ","selectedCountData":"20","selectedSortData":" ","sortDataOptions":"0x23d76696"}|0x6c238a0
14:35:24.0 (35992308)|SYSTEM_MODE_ENTER|false
14:35:24.0 (35999055)|HEAP_ALLOCATE|[62]|Bytes:5
14:35:24.0 (36003778)|STATEMENT_EXECUTE|[62]
14:35:24.0 (36005898)|STATEMENT_EXECUTE|[62]
14:35:24.0 (36010221)|SYSTEM_MODE_EXIT|false
14:35:24.0 (36050616)|SYSTEM_MODE_ENTER|true
14:35:24.0 (36065455)|HEAP_ALLOCATE|[EXTERNAL]|Bytes:8
14:35:24.0 (36070301)|HEAP_ALLOCATE|[EXTERNAL]|Bytes:40
14:35:24.0 (36077765)|VARIABLE_ASSIGNMENT|[EXTERNAL]|this.iTypeOfScreen|52|0x30c02df0
14:35:24.0 (36152295)|SYSTEM_MODE_ENTER|true
14:35:24.0 (36252301)|SYSTEM_MODE_ENTER|true
14:35:24.0 (38442417)|SYSTEM_MODE_ENTER|true
14:35:24.0 (38494563)|SYSTEM_MODE_ENTER|true
14:35:24.0 (38556364)|SYSTEM_MODE_ENTER|true
14:35:24.0 (38615989)|SYSTEM_MODE_ENTER|true
14:35:24.0 (38710575)|SYSTEM_MODE_ENTER|true
14:35:24.0 (38774052)|SYSTEM_MODE_ENTER|true
14:35:24.0 (38854658)|SYSTEM_MODE_ENTER|true
14:35:24.0 (38931819)|SYSTEM_MODE_ENTER|true
14:35:24.0 (41227475)|SYSTEM_MODE_ENTER|true
14:35:24.0 (41398616)|SYSTEM_MODE_ENTER|true
14:35:24.0 (41502235)|SYSTEM_MODE_ENTER|true
14:35:24.0 (41585509)|SYSTEM_MODE_ENTER|true
14:35:24.0 (41930881)|SYSTEM_MODE_ENTER|true
14:35:24.0 (42292853)|SYSTEM_MODE_ENTER|true
14:35:24.0 (42394621)|SYSTEM_MODE_ENTER|true
14:35:24.0 (42521486)|SYSTEM_MODE_ENTER|true
14:35:24.0 (42609391)|SYSTEM_MODE_ENTER|true
14:35:24.0 (45851994)|VF_SERIALIZE_VIEWSTATE_BEGIN|066N0000000M59u
14:35:24.0 (50060853)|VF_SERIALIZE_VIEWSTATE_END
14:35:24.53 (53947627)|CUMULATIVE_LIMIT_USAGE
14:35:24.53 (53947627)|LIMIT_USAGE_FOR_NS|(default)|
  Number of SOQL queries: 0 out of 100
  Number of query rows: 0 out of 50000
  Number of SOSL queries: 0 out of 20
  Number of DML statements: 0 out of 150
  Number of DML rows: 0 out of 10000
  Maximum CPU time: 0 out of 10000
  Maximum heap size: 0 out of 6000000
  Number of callouts: 0 out of 100
  Number of Email Invocations: 0 out of 10
  Number of future calls: 0 out of 50
  Number of queueable jobs added to the queue: 0 out of 50
  Number of Mobile Apex push calls: 0 out of 10

14:35:24.53 (53947627)|CUMULATIVE_LIMIT_USAGE_END

14:35:24.0 (53983317)|CODE_UNIT_FINISHED|VF: /apex/saReport
14:35:24.0 (54702020)|EXECUTION_FINISHED
