38.0 APEX_CODE,FINEST;APEX_PROFILING,INFO;CALLOUT,INFO;DB,INFO;SYSTEM,DEBUG;VALIDATION,INFO;VISUALFORCE,INFO;WAVE,INFO;WORKFLOW,INFO
11:17:23.0 (333189)|USER_INFO|[EXTERNAL]|005N00000057PfO|thomas.remy+kddi_gwdev01@globalway.co.jp|Japan Standard Time|GMT+09:00
11:17:23.0 (388774)|EXECUTION_STARTED
11:17:23.0 (393088)|CODE_UNIT_STARTED|[EXTERNAL]|066N0000000M59u|VF: /apex/saReport
11:17:23.0 (4481804)|SYSTEM_MODE_ENTER|true
11:17:23.0 (4754817)|HEAP_ALLOCATE|[72]|Bytes:3
11:17:23.0 (4799610)|HEAP_ALLOCATE|[77]|Bytes:152
11:17:23.0 (4815898)|HEAP_ALLOCATE|[342]|Bytes:408
11:17:23.0 (4829950)|HEAP_ALLOCATE|[355]|Bytes:408
11:17:23.0 (4841450)|HEAP_ALLOCATE|[467]|Bytes:48
11:17:23.0 (4870812)|HEAP_ALLOCATE|[139]|Bytes:6
11:17:23.0 (4906365)|VARIABLE_SCOPE_BEGIN|[7]|auMainTopCompCtrl.TYPE_SCREEN_CX_SCREEN|Integer|false|true
11:17:23.0 (4915397)|VARIABLE_SCOPE_BEGIN|[8]|auMainTopCompCtrl.TYPE_SCREEN_CX_TIMELINE|Integer|false|true
11:17:23.0 (4921822)|VARIABLE_SCOPE_BEGIN|[9]|auMainTopCompCtrl.TYPE_SCREEN_EVENT_SCHEDULE|Integer|false|true
11:17:23.0 (4928008)|VARIABLE_SCOPE_BEGIN|[10]|auMainTopCompCtrl.TYPE_SCREEN_EVENT_SCHEDULE_LIST|Integer|false|true
11:17:23.0 (4934211)|VARIABLE_SCOPE_BEGIN|[11]|auMainTopCompCtrl.TYPE_SCREEN_KNOWLEDGE_DASHBOARD|Integer|false|true
11:17:23.0 (4940530)|VARIABLE_SCOPE_BEGIN|[12]|auMainTopCompCtrl.TYPE_SCREEN_KNOWLEDGE_LIST|Integer|false|true
11:17:23.0 (4947200)|VARIABLE_SCOPE_BEGIN|[15]|auMainTopCompCtrl.TYPE_SCREEN_SA_CHATTER|Integer|false|true
11:17:23.0 (4953867)|VARIABLE_SCOPE_BEGIN|[16]|auMainTopCompCtrl.TYPE_SCREEN_SA_DAILYREPORT|Integer|false|true
11:17:23.0 (4959664)|VARIABLE_SCOPE_BEGIN|[18]|auMainTopCompCtrl.TYPE_SCREEN_SA_DOCUMENTS|Integer|false|true
11:17:23.0 (4965522)|VARIABLE_SCOPE_BEGIN|[17]|auMainTopCompCtrl.TYPE_SCREEN_SA_ENQUETE|Integer|false|true
11:17:23.0 (4971447)|VARIABLE_SCOPE_BEGIN|[13]|auMainTopCompCtrl.TYPE_SCREEN_SA_MESSAGES|Integer|false|true
11:17:23.0 (4977427)|VARIABLE_SCOPE_BEGIN|[19]|auMainTopCompCtrl.TYPE_SCREEN_SA_RANKING|Integer|false|true
11:17:23.0 (4983467)|VARIABLE_SCOPE_BEGIN|[14]|auMainTopCompCtrl.TYPE_SCREEN_SA_REPORTS|Integer|false|true
11:17:23.0 (4989520)|VARIABLE_SCOPE_BEGIN|[4]|auMainTopCompCtrl.TYPE_SCREEN_STPD_EVENT|Integer|false|true
11:17:23.0 (4995536)|VARIABLE_SCOPE_BEGIN|[6]|auMainTopCompCtrl.TYPE_SCREEN_STPD_SCREEN|Integer|false|true
11:17:23.0 (5001593)|VARIABLE_SCOPE_BEGIN|[5]|auMainTopCompCtrl.TYPE_SCREEN_STPD_TIMELINE|Integer|false|true
11:17:23.0 (5008494)|VARIABLE_SCOPE_BEGIN|[3]|auMainTopCompCtrl.TYPE_SCREEN_SWITCH|Integer|false|true
11:17:23.0 (5069841)|HEAP_ALLOCATE|[EXTERNAL]|Bytes:284
11:17:23.0 (5078209)|HEAP_ALLOCATE|[EXTERNAL]|Bytes:113
11:17:23.0 (5092020)|METHOD_ENTRY|[1]|01pN0000000Mill|auMainTopCompCtrl.auMainTopCompCtrl()
11:17:23.0 (5098737)|STATEMENT_EXECUTE|[1]
11:17:23.0 (5103622)|STATEMENT_EXECUTE|[1]
11:17:23.0 (5105381)|STATEMENT_EXECUTE|[3]
11:17:23.0 (5111820)|HEAP_ALLOCATE|[3]|Bytes:4
11:17:23.0 (5162780)|VARIABLE_ASSIGNMENT|[3]|auMainTopCompCtrl.TYPE_SCREEN_SWITCH|0
11:17:23.0 (5169717)|STATEMENT_EXECUTE|[4]
11:17:23.0 (5173220)|HEAP_ALLOCATE|[4]|Bytes:4
11:17:23.0 (5183033)|VARIABLE_ASSIGNMENT|[4]|auMainTopCompCtrl.TYPE_SCREEN_STPD_EVENT|11
11:17:23.0 (5187529)|STATEMENT_EXECUTE|[5]
11:17:23.0 (5189893)|HEAP_ALLOCATE|[5]|Bytes:4
11:17:23.0 (5196822)|VARIABLE_ASSIGNMENT|[5]|auMainTopCompCtrl.TYPE_SCREEN_STPD_TIMELINE|12
11:17:23.0 (5200930)|STATEMENT_EXECUTE|[6]
11:17:23.0 (5202885)|HEAP_ALLOCATE|[6]|Bytes:4
11:17:23.0 (5209387)|VARIABLE_ASSIGNMENT|[6]|auMainTopCompCtrl.TYPE_SCREEN_STPD_SCREEN|13
11:17:23.0 (5213702)|STATEMENT_EXECUTE|[7]
11:17:23.0 (5215712)|HEAP_ALLOCATE|[7]|Bytes:4
11:17:23.0 (5221333)|VARIABLE_ASSIGNMENT|[7]|auMainTopCompCtrl.TYPE_SCREEN_CX_SCREEN|21
11:17:23.0 (5225479)|STATEMENT_EXECUTE|[8]
11:17:23.0 (5227518)|HEAP_ALLOCATE|[8]|Bytes:4
11:17:23.0 (5233068)|VARIABLE_ASSIGNMENT|[8]|auMainTopCompCtrl.TYPE_SCREEN_CX_TIMELINE|22
11:17:23.0 (5236607)|STATEMENT_EXECUTE|[9]
11:17:23.0 (5238469)|HEAP_ALLOCATE|[9]|Bytes:4
11:17:23.0 (5244364)|VARIABLE_ASSIGNMENT|[9]|auMainTopCompCtrl.TYPE_SCREEN_EVENT_SCHEDULE|31
11:17:23.0 (5248209)|STATEMENT_EXECUTE|[10]
11:17:23.0 (5250248)|HEAP_ALLOCATE|[10]|Bytes:4
11:17:23.0 (5256072)|VARIABLE_ASSIGNMENT|[10]|auMainTopCompCtrl.TYPE_SCREEN_EVENT_SCHEDULE_LIST|32
11:17:23.0 (5259944)|STATEMENT_EXECUTE|[11]
11:17:23.0 (5261999)|HEAP_ALLOCATE|[11]|Bytes:4
11:17:23.0 (5267689)|VARIABLE_ASSIGNMENT|[11]|auMainTopCompCtrl.TYPE_SCREEN_KNOWLEDGE_DASHBOARD|41
11:17:23.0 (5271655)|STATEMENT_EXECUTE|[12]
11:17:23.0 (5273491)|HEAP_ALLOCATE|[12]|Bytes:4
11:17:23.0 (5279929)|VARIABLE_ASSIGNMENT|[12]|auMainTopCompCtrl.TYPE_SCREEN_KNOWLEDGE_LIST|42
11:17:23.0 (5283943)|STATEMENT_EXECUTE|[13]
11:17:23.0 (5286023)|HEAP_ALLOCATE|[13]|Bytes:4
11:17:23.0 (5291944)|VARIABLE_ASSIGNMENT|[13]|auMainTopCompCtrl.TYPE_SCREEN_SA_MESSAGES|51
11:17:23.0 (5295743)|STATEMENT_EXECUTE|[14]
11:17:23.0 (5297802)|HEAP_ALLOCATE|[14]|Bytes:4
11:17:23.0 (5303951)|VARIABLE_ASSIGNMENT|[14]|auMainTopCompCtrl.TYPE_SCREEN_SA_REPORTS|52
11:17:23.0 (5307588)|STATEMENT_EXECUTE|[15]
11:17:23.0 (5309442)|HEAP_ALLOCATE|[15]|Bytes:4
11:17:23.0 (5315387)|VARIABLE_ASSIGNMENT|[15]|auMainTopCompCtrl.TYPE_SCREEN_SA_CHATTER|53
11:17:23.0 (5319273)|STATEMENT_EXECUTE|[16]
11:17:23.0 (5321218)|HEAP_ALLOCATE|[16]|Bytes:4
11:17:23.0 (5327019)|VARIABLE_ASSIGNMENT|[16]|auMainTopCompCtrl.TYPE_SCREEN_SA_DAILYREPORT|54
11:17:23.0 (5330769)|STATEMENT_EXECUTE|[17]
11:17:23.0 (5332620)|HEAP_ALLOCATE|[17]|Bytes:4
11:17:23.0 (5338526)|VARIABLE_ASSIGNMENT|[17]|auMainTopCompCtrl.TYPE_SCREEN_SA_ENQUETE|55
11:17:23.0 (5342197)|STATEMENT_EXECUTE|[18]
11:17:23.0 (5344055)|HEAP_ALLOCATE|[18]|Bytes:4
11:17:23.0 (5350026)|VARIABLE_ASSIGNMENT|[18]|auMainTopCompCtrl.TYPE_SCREEN_SA_DOCUMENTS|56
11:17:23.0 (5358250)|STATEMENT_EXECUTE|[19]
11:17:23.0 (5360320)|HEAP_ALLOCATE|[19]|Bytes:4
11:17:23.0 (5366801)|VARIABLE_ASSIGNMENT|[19]|auMainTopCompCtrl.TYPE_SCREEN_SA_RANKING|57
11:17:23.0 (5377128)|METHOD_EXIT|[1]|auMainTopCompCtrl
11:17:23.0 (5385788)|HEAP_ALLOCATE|[EXTERNAL]|Bytes:40
11:17:23.0 (5393360)|VARIABLE_SCOPE_BEGIN|[38]|this|auMainTopCompCtrl|true|false
11:17:23.0 (5440274)|VARIABLE_ASSIGNMENT|[38]|this|{}|0x57c2ebfc
11:17:23.0 (5450098)|STATEMENT_EXECUTE|[1]
11:17:23.0 (5451779)|STATEMENT_EXECUTE|[21]
11:17:23.0 (5453240)|STATEMENT_EXECUTE|[22]
11:17:23.0 (5454550)|STATEMENT_EXECUTE|[23]
11:17:23.0 (5455958)|STATEMENT_EXECUTE|[26]
11:17:23.0 (5457264)|STATEMENT_EXECUTE|[27]
11:17:23.0 (5458688)|STATEMENT_EXECUTE|[28]
11:17:23.0 (5459992)|STATEMENT_EXECUTE|[30]
11:17:23.0 (5461550)|STATEMENT_EXECUTE|[31]
11:17:23.0 (5463117)|STATEMENT_EXECUTE|[33]
11:17:23.0 (5471359)|HEAP_ALLOCATE|[39]|Bytes:6
11:17:23.0 (5529546)|STATEMENT_EXECUTE|[38]
11:17:23.0 (5531639)|STATEMENT_EXECUTE|[39]
11:17:23.0 (5579104)|VARIABLE_ASSIGNMENT|[EXTERNAL]|this|{}|0x57c2ebfc
11:17:23.0 (5589600)|VARIABLE_ASSIGNMENT|[EXTERNAL]|value|0
11:17:23.0 (5596291)|HEAP_ALLOCATE|[26]|Bytes:4
11:17:23.0 (5604890)|VARIABLE_ASSIGNMENT|[26]|this.iTypeOfScreen|0|0x57c2ebfc
11:17:23.0 (5616295)|STATEMENT_EXECUTE|[41]
11:17:23.0 (7098497)|HEAP_ALLOCATE|[41]|Bytes:112
11:17:23.0 (7211790)|VARIABLE_ASSIGNMENT|[EXTERNAL]|this|{"iTypeOfScreen":0}|0x57c2ebfc
11:17:23.0 (7225897)|VARIABLE_ASSIGNMENT|[EXTERNAL]|value|"https://cs6.lightnin (84 more) ..."
11:17:23.0 (7240071)|VARIABLE_ASSIGNMENT|[31]|this.urlReportsSFA|"https://cs6.lightnin (84 more) ..."|0x57c2ebfc
11:17:23.0 (7250133)|STATEMENT_EXECUTE|[43]
11:17:23.0 (7253928)|HEAP_ALLOCATE|[43]|Bytes:173
11:17:23.0 (7277992)|HEAP_ALLOCATE|[43]|Bytes:4
11:17:23.0 (7289660)|HEAP_ALLOCATE|[43]|Bytes:7
11:17:23.0 (7327429)|HEAP_ALLOCATE|[47]|Bytes:85
11:17:23.0 (7338805)|SYSTEM_METHOD_ENTRY|[1]|UserInfo.UserInfo()
11:17:23.0 (7343582)|STATEMENT_EXECUTE|[1]
11:17:23.0 (7350514)|SYSTEM_METHOD_EXIT|[1]|UserInfo
11:17:23.0 (7463466)|METHOD_ENTRY|[47]||System.UserInfo.getUserId()
11:17:23.0 (7598711)|METHOD_EXIT|[47]||System.UserInfo.getUserId()
11:17:23.0 (9463381)|SOQL_EXECUTE_BEGIN|[43]|Aggregations:0|SELECT SmallPhotoUrl, Account.Name, Account.RegionalOfficeId__r.RegionalOfficeName__c, Account.BranchId__r.BranchName__c, Name, Department FROM User WHERE User.ID = :tmpVar1
11:17:23.0 (13369829)|SOQL_EXECUTE_END|[43]|Rows:1
11:17:23.0 (13393437)|HEAP_ALLOCATE|[43]|Bytes:8
11:17:23.0 (13416773)|HEAP_ALLOCATE|[43]|Bytes:115
11:17:23.0 (13507686)|HEAP_ALLOCATE|[43]|Bytes:8
11:17:23.0 (13520247)|HEAP_ALLOCATE|[43]|Bytes:30
11:17:23.0 (13568208)|HEAP_ALLOCATE|[43]|Bytes:16
11:17:23.0 (13616982)|VARIABLE_ASSIGNMENT|[EXTERNAL]|this|{"iTypeOfScreen":0,"urlReportsSFA":"https://cs6.lightnin (84 more) ..."}|0x57c2ebfc
11:17:23.0 (13635157)|VARIABLE_ASSIGNMENT|[EXTERNAL]|value|{"SmallPhotoUrl":"https://c.cs6.conten (30 more) ...","Name":"Thomas Remy","Id":"005N00000057PfOIAU"}|0x39707772
11:17:23.0 (13650376)|VARIABLE_ASSIGNMENT|[30]|this.currentUser|{"SmallPhotoUrl":"https://c.cs6.conten (30 more) ...","Name":"Thomas Remy","Id":"005N00000057PfOIAU"}|0x57c2ebfc
11:17:23.0 (14076218)|SYSTEM_MODE_ENTER|true
11:17:23.0 (14110932)|HEAP_ALLOCATE|[EXTERNAL]|Bytes:40
11:17:23.0 (14121497)|VARIABLE_ASSIGNMENT|[EXTERNAL]|this.iCountComments|null|0x57c2ebfc
11:17:23.0 (14177004)|SYSTEM_MODE_ENTER|true
11:17:23.0 (14196195)|HEAP_ALLOCATE|[EXTERNAL]|Bytes:40
11:17:23.0 (14205013)|VARIABLE_ASSIGNMENT|[EXTERNAL]|this.iCountLikes|null|0x57c2ebfc
11:17:23.0 (14420616)|SYSTEM_MODE_ENTER|true
11:17:23.0 (14455735)|VARIABLE_SCOPE_BEGIN|[5]|saReportCtrl.CASES_CHARACTER|String|false|true
11:17:23.0 (14464692)|VARIABLE_SCOPE_BEGIN|[8]|saReportCtrl.SEARCH_COUNT_NUMBER100|String|false|true
11:17:23.0 (14471472)|VARIABLE_SCOPE_BEGIN|[6]|saReportCtrl.SEARCH_COUNT_NUMBER20|String|false|true
11:17:23.0 (14478022)|VARIABLE_SCOPE_BEGIN|[7]|saReportCtrl.SEARCH_COUNT_NUMBER50|String|false|true
11:17:23.0 (14484184)|VARIABLE_SCOPE_BEGIN|[13]|saReportCtrl.SORTED_BY_FAVORITES_LABEL|String|false|true
11:17:23.0 (14490550)|VARIABLE_SCOPE_BEGIN|[19]|saReportCtrl.SORTED_BY_FAVORITES_VALUE|String|false|true
11:17:23.0 (14496848)|VARIABLE_SCOPE_BEGIN|[11]|saReportCtrl.SORTED_BY_NEWS_LABEL|String|false|true
11:17:23.0 (14503405)|VARIABLE_SCOPE_BEGIN|[17]|saReportCtrl.SORTED_BY_NEWS_VALUE|String|false|true
11:17:23.0 (14509748)|VARIABLE_SCOPE_BEGIN|[10]|saReportCtrl.SORTED_BY_NONE_LABEL|String|false|true
11:17:23.0 (14515914)|VARIABLE_SCOPE_BEGIN|[16]|saReportCtrl.SORTED_BY_NONE_VALUE|String|false|true
11:17:23.0 (14522171)|VARIABLE_SCOPE_BEGIN|[12]|saReportCtrl.SORTED_BY_NUMBER_OF_VIEWS_LABEL|String|false|true
11:17:23.0 (14528812)|VARIABLE_SCOPE_BEGIN|[18]|saReportCtrl.SORTED_BY_NUMBER_OF_VIEWS_VALUE|String|false|true
11:17:23.0 (14535199)|VARIABLE_SCOPE_BEGIN|[14]|saReportCtrl.SORTED_BY_RELEASE_DATES_LABEL|String|false|true
11:17:23.0 (14541589)|VARIABLE_SCOPE_BEGIN|[20]|saReportCtrl.SORTED_BY_RELEASE_DATES_VALUE|String|false|true
11:17:23.0 (14554045)|HEAP_ALLOCATE|[EXTERNAL]|Bytes:644
11:17:23.0 (14561915)|HEAP_ALLOCATE|[EXTERNAL]|Bytes:160
11:17:23.0 (14569645)|HEAP_ALLOCATE|[EXTERNAL]|Bytes:126
11:17:23.0 (14574300)|HEAP_ALLOCATE|[EXTERNAL]|Bytes:1
11:17:23.0 (14585461)|VARIABLE_ASSIGNMENT|[EXTERNAL]|saReportCtrl.CASES_CHARACTER|"件"
11:17:23.0 (14590998)|HEAP_ALLOCATE|[EXTERNAL]|Bytes:4
11:17:23.0 (14597793)|VARIABLE_ASSIGNMENT|[EXTERNAL]|saReportCtrl.SEARCH_COUNT_NUMBER100|"100件"
11:17:23.0 (14602130)|HEAP_ALLOCATE|[EXTERNAL]|Bytes:3
11:17:23.0 (14607899)|VARIABLE_ASSIGNMENT|[EXTERNAL]|saReportCtrl.SEARCH_COUNT_NUMBER20|"20件"
11:17:23.0 (14612147)|HEAP_ALLOCATE|[EXTERNAL]|Bytes:3
11:17:23.0 (14617837)|VARIABLE_ASSIGNMENT|[EXTERNAL]|saReportCtrl.SEARCH_COUNT_NUMBER50|"50件"
11:17:23.0 (14621902)|HEAP_ALLOCATE|[EXTERNAL]|Bytes:4
11:17:23.0 (14627659)|VARIABLE_ASSIGNMENT|[EXTERNAL]|saReportCtrl.SORTED_BY_FAVORITES_LABEL|"いいね順"
11:17:23.0 (14631975)|HEAP_ALLOCATE|[EXTERNAL]|Bytes:4
11:17:23.0 (14637559)|VARIABLE_ASSIGNMENT|[EXTERNAL]|saReportCtrl.SORTED_BY_FAVORITES_VALUE|"いいね順"
11:17:23.0 (14641790)|HEAP_ALLOCATE|[EXTERNAL]|Bytes:3
11:17:23.0 (14647730)|VARIABLE_ASSIGNMENT|[EXTERNAL]|saReportCtrl.SORTED_BY_NEWS_LABEL|"NEW"
11:17:23.0 (14651830)|HEAP_ALLOCATE|[EXTERNAL]|Bytes:3
11:17:23.0 (14657644)|VARIABLE_ASSIGNMENT|[EXTERNAL]|saReportCtrl.SORTED_BY_NEWS_VALUE|"NEW"
11:17:23.0 (14661959)|HEAP_ALLOCATE|[EXTERNAL]|Bytes:1
11:17:23.0 (14668382)|VARIABLE_ASSIGNMENT|[EXTERNAL]|saReportCtrl.SORTED_BY_NONE_LABEL|" "
11:17:23.0 (14672522)|HEAP_ALLOCATE|[EXTERNAL]|Bytes:1
11:17:23.0 (14678680)|VARIABLE_ASSIGNMENT|[EXTERNAL]|saReportCtrl.SORTED_BY_NONE_VALUE|" "
11:17:23.0 (14682732)|HEAP_ALLOCATE|[EXTERNAL]|Bytes:4
11:17:23.0 (14688886)|VARIABLE_ASSIGNMENT|[EXTERNAL]|saReportCtrl.SORTED_BY_NUMBER_OF_VIEWS_LABEL|"閲覧数順"
11:17:23.0 (14693160)|HEAP_ALLOCATE|[EXTERNAL]|Bytes:4
11:17:23.0 (14699334)|VARIABLE_ASSIGNMENT|[EXTERNAL]|saReportCtrl.SORTED_BY_NUMBER_OF_VIEWS_VALUE|"閲覧数順"
11:17:23.0 (14703475)|HEAP_ALLOCATE|[EXTERNAL]|Bytes:4
11:17:23.0 (14709570)|VARIABLE_ASSIGNMENT|[EXTERNAL]|saReportCtrl.SORTED_BY_RELEASE_DATES_LABEL|"公開日時"
11:17:23.0 (14713979)|HEAP_ALLOCATE|[EXTERNAL]|Bytes:4
11:17:23.0 (14720068)|VARIABLE_ASSIGNMENT|[EXTERNAL]|saReportCtrl.SORTED_BY_RELEASE_DATES_VALUE|"公開日時"
11:17:23.0 (14729086)|METHOD_ENTRY|[1]|01pN0000000aEUV|saReportCtrl.saReportCtrl()
11:17:23.0 (14734535)|STATEMENT_EXECUTE|[1]
11:17:23.0 (14738561)|STATEMENT_EXECUTE|[1]
11:17:23.0 (14752704)|SYSTEM_MODE_ENTER|false
11:17:23.0 (14768624)|HEAP_ALLOCATE|[EXTERNAL]|Bytes:5
11:17:23.0 (14776578)|SYSTEM_MODE_EXIT|false
11:17:23.0 (14785652)|METHOD_EXIT|[1]|saReportCtrl
11:17:23.0 (14792726)|HEAP_ALLOCATE|[EXTERNAL]|Bytes:120
11:17:23.0 (14798587)|VARIABLE_SCOPE_BEGIN|[83]|this|saReportCtrl|true|false
11:17:23.0 (14847333)|VARIABLE_ASSIGNMENT|[83]|this|{}|0x6ce3774f
11:17:23.0 (14862396)|SYSTEM_MODE_ENTER|false
11:17:23.0 (14868830)|HEAP_ALLOCATE|[85]|Bytes:5
11:17:23.0 (14873123)|STATEMENT_EXECUTE|[1]
11:17:23.0 (14878536)|HEAP_ALLOCATE|[85]|Bytes:5
11:17:23.0 (14881764)|STATEMENT_EXECUTE|[23]
11:17:23.0 (14883539)|STATEMENT_EXECUTE|[26]
11:17:23.0 (14884892)|STATEMENT_EXECUTE|[28]
11:17:23.0 (14886201)|STATEMENT_EXECUTE|[30]
11:17:23.0 (14887628)|STATEMENT_EXECUTE|[31]
11:17:23.0 (14888956)|STATEMENT_EXECUTE|[34]
11:17:23.0 (14890363)|STATEMENT_EXECUTE|[35]
11:17:23.0 (14891749)|STATEMENT_EXECUTE|[37]
11:17:23.0 (14893038)|STATEMENT_EXECUTE|[40]
11:17:23.0 (14894458)|STATEMENT_EXECUTE|[44]
11:17:23.0 (14896085)|STATEMENT_EXECUTE|[45]
11:17:23.0 (14897712)|STATEMENT_EXECUTE|[46]
11:17:23.0 (14899141)|STATEMENT_EXECUTE|[50]
11:17:23.0 (14900569)|STATEMENT_EXECUTE|[51]
11:17:23.0 (14901979)|STATEMENT_EXECUTE|[52]
11:17:23.0 (14903345)|STATEMENT_EXECUTE|[53]
11:17:23.0 (14904630)|STATEMENT_EXECUTE|[54]
11:17:23.0 (14906044)|STATEMENT_EXECUTE|[55]
11:17:23.0 (14907332)|STATEMENT_EXECUTE|[57]
11:17:23.0 (14908736)|STATEMENT_EXECUTE|[58]
11:17:23.0 (14910032)|STATEMENT_EXECUTE|[59]
11:17:23.0 (14911438)|STATEMENT_EXECUTE|[65]
11:17:23.0 (14912755)|STATEMENT_EXECUTE|[66]
11:17:23.0 (14914401)|STATEMENT_EXECUTE|[67]
11:17:23.0 (14915915)|STATEMENT_EXECUTE|[68]
11:17:23.0 (14917230)|STATEMENT_EXECUTE|[69]
11:17:23.0 (14918748)|STATEMENT_EXECUTE|[70]
11:17:23.0 (14920049)|STATEMENT_EXECUTE|[71]
11:17:23.0 (14921363)|STATEMENT_EXECUTE|[72]
11:17:23.0 (14938525)|STATEMENT_EXECUTE|[83]
11:17:23.0 (14940127)|STATEMENT_EXECUTE|[85]
11:17:23.0 (14943415)|HEAP_ALLOCATE|[85]|Bytes:17
11:17:23.0 (14980959)|USER_DEBUG|[85]|DEBUG|Run: saReportCtrl
11:17:23.0 (14990780)|STATEMENT_EXECUTE|[88]
11:17:23.0 (15012511)|METHOD_ENTRY|[88]|01pN0000000aEUV|saReportCtrl.initHomePage()
11:17:23.0 (15025526)|VARIABLE_SCOPE_BEGIN|[117]|this|saReportCtrl|true|false
11:17:23.0 (15067793)|VARIABLE_ASSIGNMENT|[117]|this|{}|0x6ce3774f
11:17:23.0 (15084077)|HEAP_ALLOCATE|[119]|Bytes:5
11:17:23.0 (15088392)|STATEMENT_EXECUTE|[117]
11:17:23.0 (15090120)|STATEMENT_EXECUTE|[119]
11:17:23.0 (15098479)|METHOD_ENTRY|[119]|01pN0000000aEUV|saReportCtrl.initCategory()
11:17:23.0 (15110353)|VARIABLE_SCOPE_BEGIN|[143]|this|saReportCtrl|true|false
11:17:23.0 (15147955)|VARIABLE_ASSIGNMENT|[143]|this|{}|0x6ce3774f
11:17:23.0 (15161284)|HEAP_ALLOCATE|[145]|Bytes:5
11:17:23.0 (15165968)|STATEMENT_EXECUTE|[143]
11:17:23.0 (15167671)|STATEMENT_EXECUTE|[145]
11:17:23.0 (15170727)|HEAP_ALLOCATE|[145]|Bytes:17
11:17:23.0 (15187071)|USER_DEBUG|[145]|DEBUG|Run: initCategory
11:17:23.0 (15195347)|STATEMENT_EXECUTE|[148]
11:17:23.0 (15197994)|HEAP_ALLOCATE|[148]|Bytes:57
11:17:23.0 (15203347)|VARIABLE_SCOPE_BEGIN|[148]|queryStr|String|false|false
11:17:23.0 (15216584)|VARIABLE_ASSIGNMENT|[148]|queryStr|" SELECT Availability (37 more) ..."
11:17:23.0 (15220978)|STATEMENT_EXECUTE|[149]
11:17:23.0 (15223461)|HEAP_ALLOCATE|[149]|Bytes:44
11:17:23.0 (15240712)|HEAP_ALLOCATE|[149]|Bytes:101
11:17:23.0 (15254317)|USER_DEBUG|[149]|DEBUG|Request to gather the report's categories :  SELECT AvailabilityDate__c,Category__c FROM saReport__c 
11:17:23.0 (15262023)|STATEMENT_EXECUTE|[150]
11:17:23.0 (15413916)|SOQL_EXECUTE_BEGIN|[150]|Aggregations:0| SELECT AvailabilityDate__c,Category__c FROM saReport__c 
11:17:23.0 (17600959)|SOQL_EXECUTE_END|[150]|Rows:6
11:17:23.0 (17623527)|HEAP_ALLOCATE|[150]|Bytes:28
11:17:23.0 (17649887)|HEAP_ALLOCATE|[150]|Bytes:468
11:17:23.0 (17696090)|HEAP_ALLOCATE|[150]|Bytes:28
11:17:23.0 (17714982)|VARIABLE_SCOPE_BEGIN|[150]|listOfReportsCategories|List<saReport__c>|true|false
11:17:23.0 (17735573)|VARIABLE_ASSIGNMENT|[150]|listOfReportsCategories|"List of size 6 too large to display"|0x1553934c
11:17:23.0 (17742331)|STATEMENT_EXECUTE|[152]
11:17:23.0 (17754385)|HEAP_ALLOCATE|[152]|Bytes:4
11:17:23.0 (17818357)|VARIABLE_SCOPE_BEGIN|[152]|listOfCategory|List<String>|true|false
11:17:23.0 (17846866)|HEAP_ALLOCATE|[EXTERNAL]|Bytes:4
11:17:23.0 (17859076)|VARIABLE_ASSIGNMENT|[152]|listOfCategory|[]|0x425b4800
11:17:23.0 (18028253)|HEAP_ALLOCATE|[156]|Bytes:5
11:17:23.0 (18050436)|HEAP_ALLOCATE|[156]|Bytes:16
11:17:23.0 (18060272)|VARIABLE_SCOPE_BEGIN|[156]|report|saReport__c|true|false
11:17:23.0 (18128410)|VARIABLE_ASSIGNMENT|[156]|report|{"AvailabilityDate__c":"3000-03-09T03:20:00.000Z","Category__c":"au Wallet","Id":"a0HN0000008OfjdMAC"}|0x6d3b6d28
11:17:23.0 (18136738)|STATEMENT_EXECUTE|[156]
11:17:23.0 (18138823)|STATEMENT_EXECUTE|[157]
11:17:23.0 (18143649)|VARIABLE_SCOPE_BEGIN|[157]|i|Integer|false|false
11:17:23.0 (18150161)|HEAP_ALLOCATE|[157]|Bytes:4
11:17:23.0 (18157427)|VARIABLE_ASSIGNMENT|[157]|i|0
11:17:23.0 (18161390)|STATEMENT_EXECUTE|[158]
11:17:23.0 (18164509)|VARIABLE_SCOPE_BEGIN|[158]|alreadyAdded|Boolean|false|false
11:17:23.0 (18172572)|HEAP_ALLOCATE|[158]|Bytes:5
11:17:23.0 (18178303)|VARIABLE_ASSIGNMENT|[158]|alreadyAdded|false
11:17:23.0 (18182056)|STATEMENT_EXECUTE|[159]
11:17:23.0 (18184155)|VARIABLE_SCOPE_BEGIN|[159]|available|Boolean|false|false
11:17:23.0 (18190649)|HEAP_ALLOCATE|[159]|Bytes:5
11:17:23.0 (18195290)|VARIABLE_ASSIGNMENT|[159]|available|false
11:17:23.0 (18268672)|HEAP_ALLOCATE|[160]|Bytes:56
11:17:23.0 (18296509)|STATEMENT_EXECUTE|[160]
11:17:23.0 (18301034)|STATEMENT_EXECUTE|[171]
11:17:23.0 (18310328)|HEAP_ALLOCATE|[156]|Bytes:5
11:17:23.0 (18322585)|HEAP_ALLOCATE|[156]|Bytes:16
11:17:23.0 (18329634)|VARIABLE_SCOPE_BEGIN|[156]|report|saReport__c|true|false
11:17:23.0 (18359899)|VARIABLE_ASSIGNMENT|[156]|report|{"AvailabilityDate__c":"3000-03-09T03:18:00.000Z","Category__c":"au Wallet","Id":"a0HN0000008Oba9MAC"}|0x4a5ba4eb
11:17:23.0 (18366345)|STATEMENT_EXECUTE|[156]
11:17:23.0 (18368093)|STATEMENT_EXECUTE|[157]
11:17:23.0 (18371673)|VARIABLE_SCOPE_BEGIN|[157]|i|Integer|false|false
11:17:23.0 (18377476)|HEAP_ALLOCATE|[157]|Bytes:4
11:17:23.0 (18383327)|VARIABLE_ASSIGNMENT|[157]|i|0
11:17:23.0 (18387249)|STATEMENT_EXECUTE|[158]
11:17:23.0 (18389630)|VARIABLE_SCOPE_BEGIN|[158]|alreadyAdded|Boolean|false|false
11:17:23.0 (18396467)|HEAP_ALLOCATE|[158]|Bytes:5
11:17:23.0 (18401747)|VARIABLE_ASSIGNMENT|[158]|alreadyAdded|false
11:17:23.0 (18405555)|STATEMENT_EXECUTE|[159]
11:17:23.0 (18407600)|VARIABLE_SCOPE_BEGIN|[159]|available|Boolean|false|false
11:17:23.0 (18413341)|HEAP_ALLOCATE|[159]|Bytes:5
11:17:23.0 (18417867)|VARIABLE_ASSIGNMENT|[159]|available|false
11:17:23.0 (18439538)|HEAP_ALLOCATE|[160]|Bytes:56
11:17:23.0 (18454165)|STATEMENT_EXECUTE|[160]
11:17:23.0 (18457202)|STATEMENT_EXECUTE|[171]
11:17:23.0 (18464408)|HEAP_ALLOCATE|[156]|Bytes:5
11:17:23.0 (18474990)|HEAP_ALLOCATE|[156]|Bytes:16
11:17:23.0 (18480770)|VARIABLE_SCOPE_BEGIN|[156]|report|saReport__c|true|false
11:17:23.0 (18500842)|VARIABLE_ASSIGNMENT|[156]|report|{"AvailabilityDate__c":"3000-03-09T03:20:00.000Z","Category__c":"その他","Id":"a0HN0000008OfjYMAS"}|0x587b9f80
11:17:23.0 (18507981)|STATEMENT_EXECUTE|[156]
11:17:23.0 (18509590)|STATEMENT_EXECUTE|[157]
11:17:23.0 (18512437)|VARIABLE_SCOPE_BEGIN|[157]|i|Integer|false|false
11:17:23.0 (18518529)|HEAP_ALLOCATE|[157]|Bytes:4
11:17:23.0 (18523994)|VARIABLE_ASSIGNMENT|[157]|i|0
11:17:23.0 (18527512)|STATEMENT_EXECUTE|[158]
11:17:23.0 (18529697)|VARIABLE_SCOPE_BEGIN|[158]|alreadyAdded|Boolean|false|false
11:17:23.0 (18536895)|HEAP_ALLOCATE|[158]|Bytes:5
11:17:23.0 (18541424)|VARIABLE_ASSIGNMENT|[158]|alreadyAdded|false
11:17:23.0 (18544821)|STATEMENT_EXECUTE|[159]
11:17:23.0 (18546715)|VARIABLE_SCOPE_BEGIN|[159]|available|Boolean|false|false
11:17:23.0 (18552531)|HEAP_ALLOCATE|[159]|Bytes:5
11:17:23.0 (18556803)|VARIABLE_ASSIGNMENT|[159]|available|false
11:17:23.0 (18572943)|HEAP_ALLOCATE|[160]|Bytes:56
11:17:23.0 (18586228)|STATEMENT_EXECUTE|[160]
11:17:23.0 (18589351)|STATEMENT_EXECUTE|[171]
11:17:23.0 (18596096)|HEAP_ALLOCATE|[156]|Bytes:5
11:17:23.0 (18605332)|HEAP_ALLOCATE|[156]|Bytes:16
11:17:23.0 (18610389)|VARIABLE_SCOPE_BEGIN|[156]|report|saReport__c|true|false
11:17:23.0 (18629778)|VARIABLE_ASSIGNMENT|[156]|report|{"AvailabilityDate__c":"2018-03-09T08:00:00.000Z","Category__c":"新iPhone","Id":"a0HN0000008OfliMAC"}|0x66254b8e
11:17:23.0 (18636064)|STATEMENT_EXECUTE|[156]
11:17:23.0 (18637718)|STATEMENT_EXECUTE|[157]
11:17:23.0 (18640688)|VARIABLE_SCOPE_BEGIN|[157]|i|Integer|false|false
11:17:23.0 (18646417)|HEAP_ALLOCATE|[157]|Bytes:4
11:17:23.0 (18651495)|VARIABLE_ASSIGNMENT|[157]|i|0
11:17:23.0 (18655311)|STATEMENT_EXECUTE|[158]
11:17:23.0 (18657409)|VARIABLE_SCOPE_BEGIN|[158]|alreadyAdded|Boolean|false|false
11:17:23.0 (18663645)|HEAP_ALLOCATE|[158]|Bytes:5
11:17:23.0 (18667990)|VARIABLE_ASSIGNMENT|[158]|alreadyAdded|false
11:17:23.0 (18671708)|STATEMENT_EXECUTE|[159]
11:17:23.0 (18673629)|VARIABLE_SCOPE_BEGIN|[159]|available|Boolean|false|false
11:17:23.0 (18679585)|HEAP_ALLOCATE|[159]|Bytes:5
11:17:23.0 (18684053)|VARIABLE_ASSIGNMENT|[159]|available|false
11:17:23.0 (18699690)|HEAP_ALLOCATE|[160]|Bytes:56
11:17:23.0 (18713395)|STATEMENT_EXECUTE|[160]
11:17:23.0 (18714949)|STATEMENT_EXECUTE|[161]
11:17:23.0 (18718036)|HEAP_ALLOCATE|[161]|Bytes:5
11:17:23.0 (18724011)|VARIABLE_ASSIGNMENT|[161]|available|true
11:17:23.0 (18749598)|STATEMENT_EXECUTE|[162]
11:17:23.0 (18762896)|STATEMENT_EXECUTE|[163]
11:17:23.0 (18764651)|STATEMENT_EXECUTE|[167]
11:17:23.0 (18784275)|HEAP_ALLOCATE|[167]|Bytes:4
11:17:23.0 (18797062)|VARIABLE_ASSIGNMENT|[167]|i|1
11:17:23.0 (18808761)|STATEMENT_EXECUTE|[162]
11:17:23.0 (18815421)|STATEMENT_EXECUTE|[163]
11:17:23.0 (18816896)|STATEMENT_EXECUTE|[167]
11:17:23.0 (18818611)|HEAP_ALLOCATE|[167]|Bytes:4
11:17:23.0 (18823822)|VARIABLE_ASSIGNMENT|[167]|i|2
11:17:23.0 (18832355)|STATEMENT_EXECUTE|[162]
11:17:23.0 (18838159)|STATEMENT_EXECUTE|[163]
11:17:23.0 (18839651)|STATEMENT_EXECUTE|[167]
11:17:23.0 (18841205)|HEAP_ALLOCATE|[167]|Bytes:4
11:17:23.0 (18845709)|VARIABLE_ASSIGNMENT|[167]|i|3
11:17:23.0 (18854013)|STATEMENT_EXECUTE|[162]
11:17:23.0 (18859618)|STATEMENT_EXECUTE|[163]
11:17:23.0 (18861056)|STATEMENT_EXECUTE|[167]
11:17:23.0 (18862577)|HEAP_ALLOCATE|[167]|Bytes:4
11:17:23.0 (18866915)|VARIABLE_ASSIGNMENT|[167]|i|4
11:17:23.0 (18874664)|STATEMENT_EXECUTE|[162]
11:17:23.0 (18880241)|STATEMENT_EXECUTE|[163]
11:17:23.0 (18882123)|STATEMENT_EXECUTE|[167]
11:17:23.0 (18883745)|HEAP_ALLOCATE|[167]|Bytes:4
11:17:23.0 (18888215)|VARIABLE_ASSIGNMENT|[167]|i|5
11:17:23.0 (18896297)|STATEMENT_EXECUTE|[162]
11:17:23.0 (18902114)|STATEMENT_EXECUTE|[163]
11:17:23.0 (18903528)|STATEMENT_EXECUTE|[167]
11:17:23.0 (18905084)|HEAP_ALLOCATE|[167]|Bytes:4
11:17:23.0 (18909465)|VARIABLE_ASSIGNMENT|[167]|i|6
11:17:23.0 (18919282)|STATEMENT_EXECUTE|[171]
11:17:23.0 (18920836)|STATEMENT_EXECUTE|[172]
11:17:23.0 (18966343)|HEAP_ALLOCATE|[EXTERNAL]|Bytes:4
11:17:23.0 (18983135)|HEAP_ALLOCATE|[156]|Bytes:5
11:17:23.0 (18994363)|HEAP_ALLOCATE|[156]|Bytes:16
11:17:23.0 (19000800)|VARIABLE_SCOPE_BEGIN|[156]|report|saReport__c|true|false
11:17:23.0 (19024772)|VARIABLE_ASSIGNMENT|[156]|report|{"AvailabilityDate__c":"3000-03-09T03:19:00.000Z","Category__c":"新iPhone","Id":"a0HN0000008OfdTMAS"}|0x50c1284f
11:17:23.0 (19031775)|STATEMENT_EXECUTE|[156]
11:17:23.0 (19033388)|STATEMENT_EXECUTE|[157]
11:17:23.0 (19036748)|VARIABLE_SCOPE_BEGIN|[157]|i|Integer|false|false
11:17:23.0 (19043120)|HEAP_ALLOCATE|[157]|Bytes:4
11:17:23.0 (19048678)|VARIABLE_ASSIGNMENT|[157]|i|0
11:17:23.0 (19052165)|STATEMENT_EXECUTE|[158]
11:17:23.0 (19054337)|VARIABLE_SCOPE_BEGIN|[158]|alreadyAdded|Boolean|false|false
11:17:23.0 (19061168)|HEAP_ALLOCATE|[158]|Bytes:5
11:17:23.0 (19065822)|VARIABLE_ASSIGNMENT|[158]|alreadyAdded|false
11:17:23.0 (19069289)|STATEMENT_EXECUTE|[159]
11:17:23.0 (19071208)|VARIABLE_SCOPE_BEGIN|[159]|available|Boolean|false|false
11:17:23.0 (19077116)|HEAP_ALLOCATE|[159]|Bytes:5
11:17:23.0 (19081476)|VARIABLE_ASSIGNMENT|[159]|available|false
11:17:23.0 (19101027)|HEAP_ALLOCATE|[160]|Bytes:56
11:17:23.0 (19115592)|STATEMENT_EXECUTE|[160]
11:17:23.0 (19118583)|STATEMENT_EXECUTE|[171]
11:17:23.0 (19125532)|HEAP_ALLOCATE|[156]|Bytes:5
11:17:23.0 (19134899)|HEAP_ALLOCATE|[156]|Bytes:16
11:17:23.0 (19139985)|VARIABLE_SCOPE_BEGIN|[156]|report|saReport__c|true|false
11:17:23.0 (19159411)|VARIABLE_ASSIGNMENT|[156]|report|{"AvailabilityDate__c":"2018-03-09T05:34:00.000Z","Category__c":"新iPhone","Id":"a0HN0000008OfbOMAS"}|0x47aaa240
11:17:23.0 (19166161)|STATEMENT_EXECUTE|[156]
11:17:23.0 (19167861)|STATEMENT_EXECUTE|[157]
11:17:23.0 (19170856)|VARIABLE_SCOPE_BEGIN|[157]|i|Integer|false|false
11:17:23.0 (19176607)|HEAP_ALLOCATE|[157]|Bytes:4
11:17:23.0 (19181684)|VARIABLE_ASSIGNMENT|[157]|i|0
11:17:23.0 (19185499)|STATEMENT_EXECUTE|[158]
11:17:23.0 (19187739)|VARIABLE_SCOPE_BEGIN|[158]|alreadyAdded|Boolean|false|false
11:17:23.0 (19194002)|HEAP_ALLOCATE|[158]|Bytes:5
11:17:23.0 (19198608)|VARIABLE_ASSIGNMENT|[158]|alreadyAdded|false
11:17:23.0 (19202233)|STATEMENT_EXECUTE|[159]
11:17:23.0 (19204192)|VARIABLE_SCOPE_BEGIN|[159]|available|Boolean|false|false
11:17:23.0 (19209867)|HEAP_ALLOCATE|[159]|Bytes:5
11:17:23.0 (19214422)|VARIABLE_ASSIGNMENT|[159]|available|false
11:17:23.0 (19230841)|HEAP_ALLOCATE|[160]|Bytes:56
11:17:23.0 (19243832)|STATEMENT_EXECUTE|[160]
11:17:23.0 (19245508)|STATEMENT_EXECUTE|[161]
11:17:23.0 (19248604)|HEAP_ALLOCATE|[161]|Bytes:5
11:17:23.0 (19254654)|VARIABLE_ASSIGNMENT|[161]|available|true
11:17:23.0 (19265732)|STATEMENT_EXECUTE|[162]
11:17:23.0 (19272697)|STATEMENT_EXECUTE|[163]
11:17:23.0 (19294747)|HEAP_ALLOCATE|[164]|Bytes:7
11:17:23.0 (19325745)|STATEMENT_EXECUTE|[165]
11:17:23.0 (19329469)|HEAP_ALLOCATE|[165]|Bytes:5
11:17:23.0 (19336309)|VARIABLE_ASSIGNMENT|[165]|alreadyAdded|true
11:17:23.0 (19340550)|STATEMENT_EXECUTE|[167]
11:17:23.0 (19342438)|HEAP_ALLOCATE|[167]|Bytes:4
11:17:23.0 (19347218)|VARIABLE_ASSIGNMENT|[167]|i|1
11:17:23.0 (19363048)|STATEMENT_EXECUTE|[162]
11:17:23.0 (19369514)|STATEMENT_EXECUTE|[163]
11:17:23.0 (19370967)|STATEMENT_EXECUTE|[167]
11:17:23.0 (19372625)|HEAP_ALLOCATE|[167]|Bytes:4
11:17:23.0 (19377695)|VARIABLE_ASSIGNMENT|[167]|i|2
11:17:23.0 (19386062)|STATEMENT_EXECUTE|[162]
11:17:23.0 (19391761)|STATEMENT_EXECUTE|[163]
11:17:23.0 (19393301)|STATEMENT_EXECUTE|[167]
11:17:23.0 (19394824)|HEAP_ALLOCATE|[167]|Bytes:4
11:17:23.0 (19399470)|VARIABLE_ASSIGNMENT|[167]|i|3
11:17:23.0 (19407729)|STATEMENT_EXECUTE|[162]
11:17:23.0 (19413458)|STATEMENT_EXECUTE|[163]
11:17:23.0 (19414920)|STATEMENT_EXECUTE|[167]
11:17:23.0 (19416441)|HEAP_ALLOCATE|[167]|Bytes:4
11:17:23.0 (19420885)|VARIABLE_ASSIGNMENT|[167]|i|4
11:17:23.0 (19429219)|STATEMENT_EXECUTE|[162]
11:17:23.0 (19434907)|STATEMENT_EXECUTE|[163]
11:17:23.0 (19436352)|STATEMENT_EXECUTE|[167]
11:17:23.0 (19437861)|HEAP_ALLOCATE|[167]|Bytes:4
11:17:23.0 (19442514)|VARIABLE_ASSIGNMENT|[167]|i|5
11:17:23.0 (19450546)|STATEMENT_EXECUTE|[162]
11:17:23.0 (19456202)|STATEMENT_EXECUTE|[163]
11:17:23.0 (19457677)|STATEMENT_EXECUTE|[167]
11:17:23.0 (19459215)|HEAP_ALLOCATE|[167]|Bytes:4
11:17:23.0 (19463739)|VARIABLE_ASSIGNMENT|[167]|i|6
11:17:23.0 (19473222)|STATEMENT_EXECUTE|[171]
11:17:23.0 (19480493)|HEAP_ALLOCATE|[156]|Bytes:5
11:17:23.0 (19491030)|VARIABLE_ASSIGNMENT|[156]|report|null|
11:17:23.0 (19495808)|STATEMENT_EXECUTE|[176]
11:17:23.0 (19554079)|VARIABLE_ASSIGNMENT|[EXTERNAL]|this|{}|0x6ce3774f
11:17:23.0 (19567505)|VARIABLE_ASSIGNMENT|[EXTERNAL]|value|["新iPhone"]|0x425b4800
11:17:23.0 (19580939)|VARIABLE_ASSIGNMENT|[28]|this.listOfCategory|["新iPhone"]|0x6ce3774f
11:17:23.0 (19595344)|METHOD_EXIT|[119]|01pN0000000aEUV|saReportCtrl.initCategory()
11:17:23.0 (19600477)|STATEMENT_EXECUTE|[121]
11:17:23.0 (19609828)|METHOD_ENTRY|[121]|01pN0000000aEUV|saReportCtrl.getAllReports()
11:17:23.0 (19621177)|VARIABLE_SCOPE_BEGIN|[239]|this|saReportCtrl|true|false
11:17:23.0 (19662344)|VARIABLE_ASSIGNMENT|[239]|this|{"listOfCategory":"0x425b4800"}|0x6ce3774f
11:17:23.0 (19680942)|HEAP_ALLOCATE|[241]|Bytes:5
11:17:23.0 (19685973)|STATEMENT_EXECUTE|[239]
11:17:23.0 (19687591)|STATEMENT_EXECUTE|[241]
11:17:23.0 (19690600)|HEAP_ALLOCATE|[241]|Bytes:18
11:17:23.0 (19709235)|USER_DEBUG|[241]|DEBUG|Run: getAllReports
11:17:23.0 (19717457)|STATEMENT_EXECUTE|[243]
11:17:23.0 (19720335)|HEAP_ALLOCATE|[243]|Bytes:200
11:17:23.0 (19734707)|HEAP_ALLOCATE|[243]|Bytes:4
11:17:23.0 (20025795)|SOQL_EXECUTE_BEGIN|[243]|Aggregations:0|SELECT Name, Subject__c, Category__c, Process__c, Report_body__c, CreatedBy__r.DisplayedUsernameFormula__c, CreatedDate__c, AvailabilityDate__c FROM saReport__c ORDER BY CreatedDate__c ASC NULLS FIRST
11:17:23.0 (37017396)|SOQL_EXECUTE_END|[243]|Rows:6
11:17:23.0 (37041972)|HEAP_ALLOCATE|[243]|Bytes:28
11:17:23.0 (37087117)|HEAP_ALLOCATE|[243]|Bytes:1831
11:17:23.0 (37125353)|HEAP_ALLOCATE|[243]|Bytes:28
11:17:23.0 (37206799)|VARIABLE_ASSIGNMENT|[EXTERNAL]|this|{"listOfCategory":"0x425b4800"}|0x6ce3774f
11:17:23.0 (37222610)|VARIABLE_ASSIGNMENT|[EXTERNAL]|value|"List of size 6 too large to display"|0x4c059907
11:17:23.0 (37237385)|VARIABLE_ASSIGNMENT|[26]|this.listOfSAReports|"List of size 6 too large to display"|0x6ce3774f
11:17:23.0 (37254903)|METHOD_EXIT|[121]|01pN0000000aEUV|saReportCtrl.getAllReports()
11:17:23.0 (37261178)|STATEMENT_EXECUTE|[123]
11:17:23.0 (37274460)|METHOD_ENTRY|[123]|01pN0000000aEUV|saReportCtrl.initDaysForNewTagDisplay()
11:17:23.0 (37292604)|VARIABLE_SCOPE_BEGIN|[132]|this|saReportCtrl|true|false
11:17:23.0 (37338047)|VARIABLE_ASSIGNMENT|[132]|this|{"listOfCategory":"0x425b4800","listOfSAReports":"0x4c059907"}|0x6ce3774f
11:17:23.0 (37365050)|HEAP_ALLOCATE|[133]|Bytes:5
11:17:23.0 (37370633)|STATEMENT_EXECUTE|[132]
11:17:23.0 (37372603)|STATEMENT_EXECUTE|[133]
11:17:23.0 (37414380)|HEAP_ALLOCATE|[133]|Bytes:56
11:17:23.0 (37446268)|HEAP_ALLOCATE|[133]|Bytes:56
11:17:23.0 (37502483)|VARIABLE_ASSIGNMENT|[EXTERNAL]|this|{"listOfCategory":"0x425b4800","listOfSAReports":"0x4c059907"}|0x6ce3774f
11:17:23.0 (37533832)|VARIABLE_ASSIGNMENT|[EXTERNAL]|value|"2018-03-05T02:17:23.611Z"
11:17:23.0 (37550370)|VARIABLE_ASSIGNMENT|[30]|this.currentDayMinusSeven|"2018-03-05T02:17:23.611Z"|0x6ce3774f
11:17:23.0 (37560921)|STATEMENT_EXECUTE|[134]
11:17:23.0 (37587514)|HEAP_ALLOCATE|[134]|Bytes:56
11:17:23.0 (37650225)|VARIABLE_ASSIGNMENT|[EXTERNAL]|this|{"currentDayMinusSeven":"2018-03-05T02:17:23.611Z","listOfCategory":"0x425b4800","listOfSAReports":"0x4c059907"}|0x6ce3774f
11:17:23.0 (37663603)|VARIABLE_ASSIGNMENT|[EXTERNAL]|value|"2018-03-12T02:17:23.611Z"
11:17:23.0 (37677025)|VARIABLE_ASSIGNMENT|[31]|this.currentDay|"2018-03-12T02:17:23.611Z"|0x6ce3774f
11:17:23.0 (37689790)|METHOD_EXIT|[123]|01pN0000000aEUV|saReportCtrl.initDaysForNewTagDisplay()
11:17:23.0 (37696317)|METHOD_EXIT|[88]|01pN0000000aEUV|saReportCtrl.initHomePage()
11:17:23.0 (37701251)|STATEMENT_EXECUTE|[91]
11:17:23.0 (37711110)|METHOD_ENTRY|[91]|01pN0000000aEUV|saReportCtrl.initCategoryPicklist()
11:17:23.0 (37725064)|VARIABLE_SCOPE_BEGIN|[220]|this|saReportCtrl|true|false
11:17:23.0 (37777786)|VARIABLE_ASSIGNMENT|[220]|this|{"currentDay":"2018-03-12T02:17:23.611Z","currentDayMinusSeven":"2018-03-05T02:17:23.611Z","listOfCategory":"0x425b4800","listOfSAReports":"0x4c059907"}|0x6ce3774f
11:17:23.0 (37797832)|HEAP_ALLOCATE|[222]|Bytes:5
11:17:23.0 (37802924)|STATEMENT_EXECUTE|[220]
11:17:23.0 (37804615)|STATEMENT_EXECUTE|[222]
11:17:23.0 (37808579)|HEAP_ALLOCATE|[222]|Bytes:25
11:17:23.0 (37831830)|USER_DEBUG|[222]|DEBUG|Run: initCategoryPicklist
11:17:23.0 (37840437)|STATEMENT_EXECUTE|[224]
11:17:23.0 (37843310)|HEAP_ALLOCATE|[222]|Bytes:11
11:17:23.0 (37847243)|HEAP_ALLOCATE|[222]|Bytes:11
11:17:23.0 (38422648)|HEAP_ALLOCATE|[224]|Bytes:8
11:17:23.0 (38453502)|VARIABLE_SCOPE_BEGIN|[224]|statusFieldDescription|Schema.DescribeFieldResult|true|false
11:17:23.0 (38688848)|VARIABLE_ASSIGNMENT|[224]|statusFieldDescription|"common.api.soap.wsdl.Field@7645e16e"|0x78e12354
11:17:23.0 (38699010)|STATEMENT_EXECUTE|[225]
11:17:23.0 (38718118)|HEAP_ALLOCATE|[225]|Bytes:4
11:17:23.0 (38838751)|VARIABLE_ASSIGNMENT|[EXTERNAL]|this|{"currentDay":"2018-03-12T02:17:23.611Z","currentDayMinusSeven":"2018-03-05T02:17:23.611Z","listOfCategory":"0x425b4800","listOfSAReports":"0x4c059907"}|0x6ce3774f
11:17:23.0 (38871345)|HEAP_ALLOCATE|[EXTERNAL]|Bytes:4
11:17:23.0 (38880247)|VARIABLE_ASSIGNMENT|[EXTERNAL]|value|[]|0x5052c39a
11:17:23.0 (38893075)|VARIABLE_ASSIGNMENT|[57]|this.categoryDataOptions|[]|0x6ce3774f
11:17:23.0 (38903741)|STATEMENT_EXECUTE|[226]
11:17:23.0 (38972864)|VARIABLE_ASSIGNMENT|[EXTERNAL]|this|{"categoryDataOptions":"0x5052c39a","currentDay":"2018-03-12T02:17:23.611Z","currentDayMinusSeven":"2018-03-05T02:17:23.611Z","listOfCategory":"0x425b4800","listOfSAReports":"0x4c059907"}|0x6ce3774f
11:17:23.0 (38993131)|HEAP_ALLOCATE|[226]|Bytes:1
11:17:23.0 (39037385)|HEAP_ALLOCATE|[EXTERNAL]|Bytes:4
11:17:23.0 (39079611)|HEAP_ALLOCATE|[EXTERNAL]|Bytes:68
11:17:23.0 (39127632)|HEAP_ALLOCATE|[227]|Bytes:68
11:17:23.0 (39254709)|HEAP_ALLOCATE|[227]|Bytes:5
11:17:23.0 (39290540)|HEAP_ALLOCATE|[227]|Bytes:4
11:17:23.0 (39314316)|VARIABLE_SCOPE_BEGIN|[227]|picklistEntry|Schema.PicklistEntry|true|false
11:17:23.0 (39332557)|VARIABLE_ASSIGNMENT|[227]|picklistEntry|新料金プラン[CX-STPDレポート (チーム単位)]|0x6383d253
11:17:23.0 (39339745)|STATEMENT_EXECUTE|[228]
11:17:23.0 (39341853)|STATEMENT_EXECUTE|[229]
11:17:23.0 (39420839)|VARIABLE_ASSIGNMENT|[EXTERNAL]|this|{"categoryDataOptions":"0x5052c39a","currentDay":"2018-03-12T02:17:23.611Z","currentDayMinusSeven":"2018-03-05T02:17:23.611Z","listOfCategory":"0x425b4800","listOfSAReports":"0x4c059907"}|0x6ce3774f
11:17:23.0 (39454583)|HEAP_ALLOCATE|[229]|Bytes:27
11:17:23.0 (39466422)|HEAP_ALLOCATE|[229]|Bytes:27
11:17:23.0 (39493886)|HEAP_ALLOCATE|[EXTERNAL]|Bytes:4
11:17:23.0 (39509644)|HEAP_ALLOCATE|[227]|Bytes:5
11:17:23.0 (39521907)|HEAP_ALLOCATE|[227]|Bytes:4
11:17:23.0 (39537028)|VARIABLE_SCOPE_BEGIN|[227]|picklistEntry|Schema.PicklistEntry|true|false
11:17:23.0 (39550524)|VARIABLE_ASSIGNMENT|[227]|picklistEntry|新iPhone|0x258b83aa
11:17:23.0 (39556437)|STATEMENT_EXECUTE|[228]
11:17:23.0 (39558160)|STATEMENT_EXECUTE|[229]
11:17:23.0 (39617955)|VARIABLE_ASSIGNMENT|[EXTERNAL]|this|{"categoryDataOptions":"0x5052c39a","currentDay":"2018-03-12T02:17:23.611Z","currentDayMinusSeven":"2018-03-05T02:17:23.611Z","listOfCategory":"0x425b4800","listOfSAReports":"0x4c059907"}|0x6ce3774f
11:17:23.0 (39638655)|HEAP_ALLOCATE|[229]|Bytes:7
11:17:23.0 (39645871)|HEAP_ALLOCATE|[229]|Bytes:7
11:17:23.0 (39659121)|HEAP_ALLOCATE|[EXTERNAL]|Bytes:4
11:17:23.0 (39672610)|HEAP_ALLOCATE|[227]|Bytes:5
11:17:23.0 (39683371)|HEAP_ALLOCATE|[227]|Bytes:4
11:17:23.0 (39697365)|VARIABLE_SCOPE_BEGIN|[227]|picklistEntry|Schema.PicklistEntry|true|false
11:17:23.0 (39710058)|VARIABLE_ASSIGNMENT|[227]|picklistEntry|CX [プチ自慢] お客さまから褒められたこと|0x1ba7d96f
11:17:23.0 (39716240)|STATEMENT_EXECUTE|[228]
11:17:23.0 (39718037)|STATEMENT_EXECUTE|[229]
11:17:23.0 (39774552)|VARIABLE_ASSIGNMENT|[EXTERNAL]|this|{"categoryDataOptions":"0x5052c39a","currentDay":"2018-03-12T02:17:23.611Z","currentDayMinusSeven":"2018-03-05T02:17:23.611Z","listOfCategory":"0x425b4800","listOfSAReports":"0x4c059907"}|0x6ce3774f
11:17:23.0 (39793559)|HEAP_ALLOCATE|[229]|Bytes:23
11:17:23.0 (39800293)|HEAP_ALLOCATE|[229]|Bytes:23
11:17:23.0 (39812299)|HEAP_ALLOCATE|[EXTERNAL]|Bytes:4
11:17:23.0 (39824927)|HEAP_ALLOCATE|[227]|Bytes:5
11:17:23.0 (39835047)|HEAP_ALLOCATE|[227]|Bytes:4
11:17:23.0 (39849088)|VARIABLE_SCOPE_BEGIN|[227]|picklistEntry|Schema.PicklistEntry|true|false
11:17:23.0 (39861639)|VARIABLE_ASSIGNMENT|[227]|picklistEntry|Vストック|0x44b7155e
11:17:23.0 (39867482)|STATEMENT_EXECUTE|[228]
11:17:23.0 (39869105)|STATEMENT_EXECUTE|[229]
11:17:23.0 (39923875)|VARIABLE_ASSIGNMENT|[EXTERNAL]|this|{"categoryDataOptions":"0x5052c39a","currentDay":"2018-03-12T02:17:23.611Z","currentDayMinusSeven":"2018-03-05T02:17:23.611Z","listOfCategory":"0x425b4800","listOfSAReports":"0x4c059907"}|0x6ce3774f
11:17:23.0 (39941436)|HEAP_ALLOCATE|[229]|Bytes:5
11:17:23.0 (39947881)|HEAP_ALLOCATE|[229]|Bytes:5
11:17:23.0 (39959432)|HEAP_ALLOCATE|[EXTERNAL]|Bytes:4
11:17:23.0 (39971802)|HEAP_ALLOCATE|[227]|Bytes:5
11:17:23.0 (39981461)|HEAP_ALLOCATE|[227]|Bytes:4
11:17:23.0 (39994612)|VARIABLE_SCOPE_BEGIN|[227]|picklistEntry|Schema.PicklistEntry|true|false
11:17:23.0 (40006588)|VARIABLE_ASSIGNMENT|[227]|picklistEntry|UQ・家電連携|0x39db46d1
11:17:23.0 (40012504)|STATEMENT_EXECUTE|[228]
11:17:23.0 (40014134)|STATEMENT_EXECUTE|[229]
11:17:23.0 (40068347)|VARIABLE_ASSIGNMENT|[EXTERNAL]|this|{"categoryDataOptions":"0x5052c39a","currentDay":"2018-03-12T02:17:23.611Z","currentDayMinusSeven":"2018-03-05T02:17:23.611Z","listOfCategory":"0x425b4800","listOfSAReports":"0x4c059907"}|0x6ce3774f
11:17:23.0 (40085869)|HEAP_ALLOCATE|[229]|Bytes:7
11:17:23.0 (40092451)|HEAP_ALLOCATE|[229]|Bytes:7
11:17:23.0 (40103752)|HEAP_ALLOCATE|[EXTERNAL]|Bytes:4
11:17:23.0 (40115993)|HEAP_ALLOCATE|[227]|Bytes:5
11:17:23.0 (40125349)|HEAP_ALLOCATE|[227]|Bytes:4
11:17:23.0 (40138121)|VARIABLE_SCOPE_BEGIN|[227]|picklistEntry|Schema.PicklistEntry|true|false
11:17:23.0 (40149610)|VARIABLE_ASSIGNMENT|[227]|picklistEntry|au 電気|0x40340493
11:17:23.0 (40154976)|STATEMENT_EXECUTE|[228]
11:17:23.0 (40156553)|STATEMENT_EXECUTE|[229]
11:17:23.0 (40210355)|VARIABLE_ASSIGNMENT|[EXTERNAL]|this|{"categoryDataOptions":"0x5052c39a","currentDay":"2018-03-12T02:17:23.611Z","currentDayMinusSeven":"2018-03-05T02:17:23.611Z","listOfCategory":"0x425b4800","listOfSAReports":"0x4c059907"}|0x6ce3774f
11:17:23.0 (40227823)|HEAP_ALLOCATE|[229]|Bytes:5
11:17:23.0 (40234189)|HEAP_ALLOCATE|[229]|Bytes:5
11:17:23.0 (40245919)|HEAP_ALLOCATE|[EXTERNAL]|Bytes:4
11:17:23.0 (40258172)|HEAP_ALLOCATE|[227]|Bytes:5
11:17:23.0 (40267664)|HEAP_ALLOCATE|[227]|Bytes:4
11:17:23.0 (40280405)|VARIABLE_SCOPE_BEGIN|[227]|picklistEntry|Schema.PicklistEntry|true|false
11:17:23.0 (40292917)|VARIABLE_ASSIGNMENT|[227]|picklistEntry|au S T A R|0x657dc15b
11:17:23.0 (40298245)|STATEMENT_EXECUTE|[228]
11:17:23.0 (40299826)|STATEMENT_EXECUTE|[229]
11:17:23.0 (40353308)|VARIABLE_ASSIGNMENT|[EXTERNAL]|this|{"categoryDataOptions":"0x5052c39a","currentDay":"2018-03-12T02:17:23.611Z","currentDayMinusSeven":"2018-03-05T02:17:23.611Z","listOfCategory":"0x425b4800","listOfSAReports":"0x4c059907"}|0x6ce3774f
11:17:23.0 (40375756)|HEAP_ALLOCATE|[229]|Bytes:10
11:17:23.0 (40382201)|HEAP_ALLOCATE|[229]|Bytes:10
11:17:23.0 (40393634)|HEAP_ALLOCATE|[EXTERNAL]|Bytes:4
11:17:23.0 (40405953)|HEAP_ALLOCATE|[227]|Bytes:5
11:17:23.0 (40415963)|HEAP_ALLOCATE|[227]|Bytes:4
11:17:23.0 (40429120)|VARIABLE_SCOPE_BEGIN|[227]|picklistEntry|Schema.PicklistEntry|true|false
11:17:23.0 (40440738)|VARIABLE_ASSIGNMENT|[227]|picklistEntry|イベント・集客策|0x199c354f
11:17:23.0 (40446189)|STATEMENT_EXECUTE|[228]
11:17:23.0 (40447756)|STATEMENT_EXECUTE|[229]
11:17:23.0 (40501878)|VARIABLE_ASSIGNMENT|[EXTERNAL]|this|{"categoryDataOptions":"0x5052c39a","currentDay":"2018-03-12T02:17:23.611Z","currentDayMinusSeven":"2018-03-05T02:17:23.611Z","listOfCategory":"0x425b4800","listOfSAReports":"0x4c059907"}|0x6ce3774f
11:17:23.0 (40519174)|HEAP_ALLOCATE|[229]|Bytes:8
11:17:23.0 (40525618)|HEAP_ALLOCATE|[229]|Bytes:8
11:17:23.0 (40537061)|HEAP_ALLOCATE|[EXTERNAL]|Bytes:4
11:17:23.0 (40549395)|HEAP_ALLOCATE|[227]|Bytes:5
11:17:23.0 (40559084)|HEAP_ALLOCATE|[227]|Bytes:4
11:17:23.0 (40571856)|VARIABLE_SCOPE_BEGIN|[227]|picklistEntry|Schema.PicklistEntry|true|false
11:17:23.0 (40583428)|VARIABLE_ASSIGNMENT|[227]|picklistEntry|au ひかり|0x7a920563
11:17:23.0 (40589196)|STATEMENT_EXECUTE|[228]
11:17:23.0 (40590902)|STATEMENT_EXECUTE|[229]
11:17:23.0 (40644565)|VARIABLE_ASSIGNMENT|[EXTERNAL]|this|{"categoryDataOptions":"0x5052c39a","currentDay":"2018-03-12T02:17:23.611Z","currentDayMinusSeven":"2018-03-05T02:17:23.611Z","listOfCategory":"0x425b4800","listOfSAReports":"0x4c059907"}|0x6ce3774f
11:17:23.0 (40661986)|HEAP_ALLOCATE|[229]|Bytes:6
11:17:23.0 (40668455)|HEAP_ALLOCATE|[229]|Bytes:6
11:17:23.0 (40679758)|HEAP_ALLOCATE|[EXTERNAL]|Bytes:4
11:17:23.0 (40691928)|HEAP_ALLOCATE|[227]|Bytes:5
11:17:23.0 (40701130)|HEAP_ALLOCATE|[227]|Bytes:4
11:17:23.0 (40713287)|VARIABLE_SCOPE_BEGIN|[227]|picklistEntry|Schema.PicklistEntry|true|false
11:17:23.0 (40724490)|VARIABLE_ASSIGNMENT|[227]|picklistEntry|その他固定商材|0x1a62863e
11:17:23.0 (40730494)|STATEMENT_EXECUTE|[228]
11:17:23.0 (40732026)|STATEMENT_EXECUTE|[229]
11:17:23.0 (40785020)|VARIABLE_ASSIGNMENT|[EXTERNAL]|this|{"categoryDataOptions":"0x5052c39a","currentDay":"2018-03-12T02:17:23.611Z","currentDayMinusSeven":"2018-03-05T02:17:23.611Z","listOfCategory":"0x425b4800","listOfSAReports":"0x4c059907"}|0x6ce3774f
11:17:23.0 (40802536)|HEAP_ALLOCATE|[229]|Bytes:7
11:17:23.0 (40808797)|HEAP_ALLOCATE|[229]|Bytes:7
11:17:23.0 (40820101)|HEAP_ALLOCATE|[EXTERNAL]|Bytes:4
11:17:23.0 (40832857)|HEAP_ALLOCATE|[227]|Bytes:5
11:17:23.0 (40842230)|HEAP_ALLOCATE|[227]|Bytes:4
11:17:23.0 (40854858)|VARIABLE_SCOPE_BEGIN|[227]|picklistEntry|Schema.PicklistEntry|true|false
11:17:23.0 (40866195)|VARIABLE_ASSIGNMENT|[227]|picklistEntry|タブレット|0x119efb30
11:17:23.0 (40871507)|STATEMENT_EXECUTE|[228]
11:17:23.0 (40873043)|STATEMENT_EXECUTE|[229]
11:17:23.0 (40926119)|VARIABLE_ASSIGNMENT|[EXTERNAL]|this|{"categoryDataOptions":"0x5052c39a","currentDay":"2018-03-12T02:17:23.611Z","currentDayMinusSeven":"2018-03-05T02:17:23.611Z","listOfCategory":"0x425b4800","listOfSAReports":"0x4c059907"}|0x6ce3774f
11:17:23.0 (40943184)|HEAP_ALLOCATE|[229]|Bytes:5
11:17:23.0 (40949671)|HEAP_ALLOCATE|[229]|Bytes:5
11:17:23.0 (40961345)|HEAP_ALLOCATE|[EXTERNAL]|Bytes:4
11:17:23.0 (40973348)|HEAP_ALLOCATE|[227]|Bytes:5
11:17:23.0 (40982636)|HEAP_ALLOCATE|[227]|Bytes:4
11:17:23.0 (40995041)|VARIABLE_SCOPE_BEGIN|[227]|picklistEntry|Schema.PicklistEntry|true|false
11:17:23.0 (41006640)|VARIABLE_ASSIGNMENT|[227]|picklistEntry|スマホ|0x69d08201
11:17:23.0 (41012959)|STATEMENT_EXECUTE|[228]
11:17:23.0 (41014522)|STATEMENT_EXECUTE|[229]
11:17:23.0 (41067866)|VARIABLE_ASSIGNMENT|[EXTERNAL]|this|{"categoryDataOptions":"0x5052c39a","currentDay":"2018-03-12T02:17:23.611Z","currentDayMinusSeven":"2018-03-05T02:17:23.611Z","listOfCategory":"0x425b4800","listOfSAReports":"0x4c059907"}|0x6ce3774f
11:17:23.0 (41085304)|HEAP_ALLOCATE|[229]|Bytes:3
11:17:23.0 (41091599)|HEAP_ALLOCATE|[229]|Bytes:3
11:17:23.0 (41102848)|HEAP_ALLOCATE|[EXTERNAL]|Bytes:4
11:17:23.0 (41115262)|HEAP_ALLOCATE|[227]|Bytes:5
11:17:23.0 (41124628)|HEAP_ALLOCATE|[227]|Bytes:4
11:17:23.0 (41137123)|VARIABLE_SCOPE_BEGIN|[227]|picklistEntry|Schema.PicklistEntry|true|false
11:17:23.0 (41148884)|VARIABLE_ASSIGNMENT|[227]|picklistEntry|au Wallet|0x3832b45
11:17:23.0 (41153736)|STATEMENT_EXECUTE|[228]
11:17:23.0 (41155279)|STATEMENT_EXECUTE|[229]
11:17:23.0 (41208280)|VARIABLE_ASSIGNMENT|[EXTERNAL]|this|{"categoryDataOptions":"0x5052c39a","currentDay":"2018-03-12T02:17:23.611Z","currentDayMinusSeven":"2018-03-05T02:17:23.611Z","listOfCategory":"0x425b4800","listOfSAReports":"0x4c059907"}|0x6ce3774f
11:17:23.0 (41225009)|HEAP_ALLOCATE|[229]|Bytes:9
11:17:23.0 (41231361)|HEAP_ALLOCATE|[229]|Bytes:9
11:17:23.0 (41242747)|HEAP_ALLOCATE|[EXTERNAL]|Bytes:4
11:17:23.0 (41255025)|HEAP_ALLOCATE|[227]|Bytes:5
11:17:23.0 (41264534)|HEAP_ALLOCATE|[227]|Bytes:4
11:17:23.0 (41277237)|VARIABLE_SCOPE_BEGIN|[227]|picklistEntry|Schema.PicklistEntry|true|false
11:17:23.0 (41288728)|VARIABLE_ASSIGNMENT|[227]|picklistEntry|パス系サービス|0xd5e1e7d
11:17:23.0 (41294249)|STATEMENT_EXECUTE|[228]
11:17:23.0 (41295787)|STATEMENT_EXECUTE|[229]
11:17:23.0 (41349515)|VARIABLE_ASSIGNMENT|[EXTERNAL]|this|{"categoryDataOptions":"0x5052c39a","currentDay":"2018-03-12T02:17:23.611Z","currentDayMinusSeven":"2018-03-05T02:17:23.611Z","listOfCategory":"0x425b4800","listOfSAReports":"0x4c059907"}|0x6ce3774f
11:17:23.0 (41371381)|HEAP_ALLOCATE|[229]|Bytes:7
11:17:23.0 (41377761)|HEAP_ALLOCATE|[229]|Bytes:7
11:17:23.0 (41389154)|HEAP_ALLOCATE|[EXTERNAL]|Bytes:4
11:17:23.0 (41401581)|HEAP_ALLOCATE|[227]|Bytes:5
11:17:23.0 (41411114)|HEAP_ALLOCATE|[227]|Bytes:4
11:17:23.0 (41423938)|VARIABLE_SCOPE_BEGIN|[227]|picklistEntry|Schema.PicklistEntry|true|false
11:17:23.0 (41435539)|VARIABLE_ASSIGNMENT|[227]|picklistEntry|春商戦|0x6bff239d
11:17:23.0 (41440765)|STATEMENT_EXECUTE|[228]
11:17:23.0 (41442369)|STATEMENT_EXECUTE|[229]
11:17:23.0 (41495873)|VARIABLE_ASSIGNMENT|[EXTERNAL]|this|{"categoryDataOptions":"0x5052c39a","currentDay":"2018-03-12T02:17:23.611Z","currentDayMinusSeven":"2018-03-05T02:17:23.611Z","listOfCategory":"0x425b4800","listOfSAReports":"0x4c059907"}|0x6ce3774f
11:17:23.0 (41512962)|HEAP_ALLOCATE|[229]|Bytes:3
11:17:23.0 (41519606)|HEAP_ALLOCATE|[229]|Bytes:3
11:17:23.0 (41530902)|HEAP_ALLOCATE|[EXTERNAL]|Bytes:4
11:17:23.0 (41543014)|HEAP_ALLOCATE|[227]|Bytes:5
11:17:23.0 (41552316)|HEAP_ALLOCATE|[227]|Bytes:4
11:17:23.0 (41565172)|VARIABLE_SCOPE_BEGIN|[227]|picklistEntry|Schema.PicklistEntry|true|false
11:17:23.0 (41576752)|VARIABLE_ASSIGNMENT|[227]|picklistEntry|その他|0x6d27469
11:17:23.0 (41582045)|STATEMENT_EXECUTE|[228]
11:17:23.0 (41583592)|STATEMENT_EXECUTE|[229]
11:17:23.0 (41636911)|VARIABLE_ASSIGNMENT|[EXTERNAL]|this|{"categoryDataOptions":"0x5052c39a","currentDay":"2018-03-12T02:17:23.611Z","currentDayMinusSeven":"2018-03-05T02:17:23.611Z","listOfCategory":"0x425b4800","listOfSAReports":"0x4c059907"}|0x6ce3774f
11:17:23.0 (41653754)|HEAP_ALLOCATE|[229]|Bytes:3
11:17:23.0 (41660162)|HEAP_ALLOCATE|[229]|Bytes:3
11:17:23.0 (41671293)|HEAP_ALLOCATE|[EXTERNAL]|Bytes:4
11:17:23.0 (41683502)|HEAP_ALLOCATE|[227]|Bytes:5
11:17:23.0 (41694066)|VARIABLE_ASSIGNMENT|[227]|picklistEntry|null|
11:17:23.0 (41704847)|METHOD_EXIT|[91]|01pN0000000aEUV|saReportCtrl.initCategoryPicklist()
11:17:23.0 (41710241)|STATEMENT_EXECUTE|[92]
11:17:23.0 (41721714)|METHOD_ENTRY|[92]|01pN0000000aEUV|saReportCtrl.initSortPicklist()
11:17:23.0 (41736287)|VARIABLE_SCOPE_BEGIN|[202]|this|saReportCtrl|true|false
11:17:23.0 (41791949)|VARIABLE_ASSIGNMENT|[202]|this|{"categoryDataOptions":"0x5052c39a","currentDay":"2018-03-12T02:17:23.611Z","currentDayMinusSeven":"2018-03-05T02:17:23.611Z","listOfCategory":"0x425b4800","listOfSAReports":"0x4c059907"}|0x6ce3774f
11:17:23.0 (41813113)|HEAP_ALLOCATE|[204]|Bytes:5
11:17:23.0 (41818514)|STATEMENT_EXECUTE|[202]
11:17:23.0 (41820237)|STATEMENT_EXECUTE|[204]
11:17:23.0 (41823165)|HEAP_ALLOCATE|[204]|Bytes:21
11:17:23.0 (41843862)|USER_DEBUG|[204]|DEBUG|Run: initSortPicklist
11:17:23.0 (41853066)|STATEMENT_EXECUTE|[206]
11:17:23.0 (41862789)|HEAP_ALLOCATE|[206]|Bytes:4
11:17:23.0 (41941067)|VARIABLE_ASSIGNMENT|[EXTERNAL]|this|{"categoryDataOptions":"0x5052c39a","currentDay":"2018-03-12T02:17:23.611Z","currentDayMinusSeven":"2018-03-05T02:17:23.611Z","listOfCategory":"0x425b4800","listOfSAReports":"0x4c059907"}|0x6ce3774f
11:17:23.0 (41965848)|HEAP_ALLOCATE|[EXTERNAL]|Bytes:4
11:17:23.0 (41973983)|VARIABLE_ASSIGNMENT|[EXTERNAL]|value|[]|0x1c91aef5
11:17:23.0 (41988394)|VARIABLE_ASSIGNMENT|[58]|this.sortDataOptions|[]|0x6ce3774f
11:17:23.0 (41998044)|STATEMENT_EXECUTE|[207]
11:17:23.0 (42061596)|VARIABLE_ASSIGNMENT|[EXTERNAL]|this|{"categoryDataOptions":"0x5052c39a","currentDay":"2018-03-12T02:17:23.611Z","currentDayMinusSeven":"2018-03-05T02:17:23.611Z","listOfCategory":"0x425b4800","listOfSAReports":"0x4c059907","sortDataOptions":"0x1c91aef5"}|0x6ce3774f
11:17:23.0 (42104535)|HEAP_ALLOCATE|[EXTERNAL]|Bytes:4
11:17:23.0 (42112719)|STATEMENT_EXECUTE|[208]
11:17:23.0 (42174287)|VARIABLE_ASSIGNMENT|[EXTERNAL]|this|{"categoryDataOptions":"0x5052c39a","currentDay":"2018-03-12T02:17:23.611Z","currentDayMinusSeven":"2018-03-05T02:17:23.611Z","listOfCategory":"0x425b4800","listOfSAReports":"0x4c059907","sortDataOptions":"0x1c91aef5"}|0x6ce3774f
11:17:23.0 (42208445)|HEAP_ALLOCATE|[EXTERNAL]|Bytes:4
11:17:23.0 (42215650)|STATEMENT_EXECUTE|[209]
11:17:23.0 (42274464)|VARIABLE_ASSIGNMENT|[EXTERNAL]|this|{"categoryDataOptions":"0x5052c39a","currentDay":"2018-03-12T02:17:23.611Z","currentDayMinusSeven":"2018-03-05T02:17:23.611Z","listOfCategory":"0x425b4800","listOfSAReports":"0x4c059907","sortDataOptions":"0x1c91aef5"}|0x6ce3774f
11:17:23.0 (42307065)|HEAP_ALLOCATE|[EXTERNAL]|Bytes:4
11:17:23.0 (42313744)|STATEMENT_EXECUTE|[210]
11:17:23.0 (42376602)|VARIABLE_ASSIGNMENT|[EXTERNAL]|this|{"categoryDataOptions":"0x5052c39a","currentDay":"2018-03-12T02:17:23.611Z","currentDayMinusSeven":"2018-03-05T02:17:23.611Z","listOfCategory":"0x425b4800","listOfSAReports":"0x4c059907","sortDataOptions":"0x1c91aef5"}|0x6ce3774f
11:17:23.0 (42408524)|HEAP_ALLOCATE|[EXTERNAL]|Bytes:4
11:17:23.0 (42414851)|STATEMENT_EXECUTE|[211]
11:17:23.0 (42472632)|VARIABLE_ASSIGNMENT|[EXTERNAL]|this|{"categoryDataOptions":"0x5052c39a","currentDay":"2018-03-12T02:17:23.611Z","currentDayMinusSeven":"2018-03-05T02:17:23.611Z","listOfCategory":"0x425b4800","listOfSAReports":"0x4c059907","sortDataOptions":"0x1c91aef5"}|0x6ce3774f
11:17:23.0 (42502685)|HEAP_ALLOCATE|[EXTERNAL]|Bytes:4
11:17:23.0 (42513926)|METHOD_EXIT|[92]|01pN0000000aEUV|saReportCtrl.initSortPicklist()
11:17:23.0 (42518905)|STATEMENT_EXECUTE|[93]
11:17:23.0 (42528120)|METHOD_ENTRY|[93]|01pN0000000aEUV|saReportCtrl.initCountPicklist()
11:17:23.0 (42540060)|VARIABLE_SCOPE_BEGIN|[186]|this|saReportCtrl|true|false
11:17:23.0 (42595474)|VARIABLE_ASSIGNMENT|[186]|this|{"categoryDataOptions":"0x5052c39a","currentDay":"2018-03-12T02:17:23.611Z","currentDayMinusSeven":"2018-03-05T02:17:23.611Z","listOfCategory":"0x425b4800","listOfSAReports":"0x4c059907","sortDataOptions":"0x1c91aef5"}|0x6ce3774f
11:17:23.0 (42616857)|HEAP_ALLOCATE|[188]|Bytes:5
11:17:23.0 (42622002)|STATEMENT_EXECUTE|[186]
11:17:23.0 (42623674)|STATEMENT_EXECUTE|[188]
11:17:23.0 (42626597)|HEAP_ALLOCATE|[188]|Bytes:22
11:17:23.0 (42645499)|USER_DEBUG|[188]|DEBUG|Run: initCountPicklist
11:17:23.0 (42654076)|STATEMENT_EXECUTE|[190]
11:17:23.0 (42663448)|HEAP_ALLOCATE|[190]|Bytes:4
11:17:23.0 (42738464)|VARIABLE_ASSIGNMENT|[EXTERNAL]|this|{"categoryDataOptions":"0x5052c39a","currentDay":"2018-03-12T02:17:23.611Z","currentDayMinusSeven":"2018-03-05T02:17:23.611Z","listOfCategory":"0x425b4800","listOfSAReports":"0x4c059907","sortDataOptions":"0x1c91aef5"}|0x6ce3774f
11:17:23.0 (42763593)|HEAP_ALLOCATE|[EXTERNAL]|Bytes:4
11:17:23.0 (42771027)|VARIABLE_ASSIGNMENT|[EXTERNAL]|value|[]|0x61c1e6ec
11:17:23.0 (42782930)|VARIABLE_ASSIGNMENT|[59]|this.countDataOptions|[]|0x6ce3774f
11:17:23.0 (42792326)|STATEMENT_EXECUTE|[191]
11:17:23.0 (42855424)|VARIABLE_ASSIGNMENT|[EXTERNAL]|this|{"categoryDataOptions":"0x5052c39a","countDataOptions":"0x61c1e6ec","currentDay":"2018-03-12T02:17:23.611Z","currentDayMinusSeven":"2018-03-05T02:17:23.611Z","listOfCategory":"0x425b4800","listOfSAReports":"0x4c059907","sortDataOptions":"0x1c91aef5"}|0x6ce3774f
11:17:23.0 (42873105)|HEAP_ALLOCATE|[191]|Bytes:2
11:17:23.0 (42898078)|HEAP_ALLOCATE|[EXTERNAL]|Bytes:4
11:17:23.0 (42905723)|STATEMENT_EXECUTE|[192]
11:17:23.0 (42966058)|VARIABLE_ASSIGNMENT|[EXTERNAL]|this|{"categoryDataOptions":"0x5052c39a","countDataOptions":"0x61c1e6ec","currentDay":"2018-03-12T02:17:23.611Z","currentDayMinusSeven":"2018-03-05T02:17:23.611Z","listOfCategory":"0x425b4800","listOfSAReports":"0x4c059907","sortDataOptions":"0x1c91aef5"}|0x6ce3774f
11:17:23.0 (42983027)|HEAP_ALLOCATE|[192]|Bytes:2
11:17:23.0 (43004624)|HEAP_ALLOCATE|[EXTERNAL]|Bytes:4
11:17:23.0 (43011553)|STATEMENT_EXECUTE|[193]
11:17:23.0 (43071684)|VARIABLE_ASSIGNMENT|[EXTERNAL]|this|{"categoryDataOptions":"0x5052c39a","countDataOptions":"0x61c1e6ec","currentDay":"2018-03-12T02:17:23.611Z","currentDayMinusSeven":"2018-03-05T02:17:23.611Z","listOfCategory":"0x425b4800","listOfSAReports":"0x4c059907","sortDataOptions":"0x1c91aef5"}|0x6ce3774f
11:17:23.0 (43087096)|HEAP_ALLOCATE|[193]|Bytes:3
11:17:23.0 (43107935)|HEAP_ALLOCATE|[EXTERNAL]|Bytes:4
11:17:23.0 (43118820)|METHOD_EXIT|[93]|01pN0000000aEUV|saReportCtrl.initCountPicklist()
11:17:23.0 (43124083)|STATEMENT_EXECUTE|[95]
11:17:23.0 (43189819)|VARIABLE_ASSIGNMENT|[EXTERNAL]|this|{"categoryDataOptions":"0x5052c39a","countDataOptions":"0x61c1e6ec","currentDay":"2018-03-12T02:17:23.611Z","currentDayMinusSeven":"2018-03-05T02:17:23.611Z","listOfCategory":"0x425b4800","listOfSAReports":"0x4c059907","sortDataOptions":"0x1c91aef5"}|0x6ce3774f
11:17:23.0 (43202042)|VARIABLE_ASSIGNMENT|[EXTERNAL]|value|""
11:17:23.0 (43212324)|VARIABLE_ASSIGNMENT|[50]|this.filterKeyword|""|0x6ce3774f
11:17:23.0 (43220804)|STATEMENT_EXECUTE|[96]
11:17:23.0 (43281094)|VARIABLE_ASSIGNMENT|[EXTERNAL]|this|{"categoryDataOptions":"0x5052c39a","countDataOptions":"0x61c1e6ec","currentDay":"2018-03-12T02:17:23.611Z","currentDayMinusSeven":"2018-03-05T02:17:23.611Z","filterKeyword":"","listOfCategory":"0x425b4800","listOfSAReports":"0x4c059907","sortDataOptions":"0x1c91aef5"}|0x6ce3774f
11:17:23.0 (43292638)|VARIABLE_ASSIGNMENT|[EXTERNAL]|value|""
11:17:23.0 (43301188)|VARIABLE_ASSIGNMENT|[51]|this.filterDateStart|""|0x6ce3774f
11:17:23.0 (43308899)|STATEMENT_EXECUTE|[97]
11:17:23.0 (43372652)|VARIABLE_ASSIGNMENT|[EXTERNAL]|this|{"categoryDataOptions":"0x5052c39a","countDataOptions":"0x61c1e6ec","currentDay":"2018-03-12T02:17:23.611Z","currentDayMinusSeven":"2018-03-05T02:17:23.611Z","filterDateStart":"","filterKeyword":"","listOfCategory":"0x425b4800","listOfSAReports":"0x4c059907","sortDataOptions":"0x1c91aef5"}|0x6ce3774f
11:17:23.0 (43385069)|VARIABLE_ASSIGNMENT|[EXTERNAL]|value|""
11:17:23.0 (43393756)|VARIABLE_ASSIGNMENT|[52]|this.filterDateEnd|""|0x6ce3774f
11:17:23.0 (43401664)|STATEMENT_EXECUTE|[99]
11:17:23.0 (43463600)|VARIABLE_ASSIGNMENT|[EXTERNAL]|this|{"categoryDataOptions":"0x5052c39a","countDataOptions":"0x61c1e6ec","currentDay":"2018-03-12T02:17:23.611Z","currentDayMinusSeven":"2018-03-05T02:17:23.611Z","filterDateEnd":"","filterDateStart":"","filterKeyword":"","listOfCategory":"0x425b4800","listOfSAReports":"0x4c059907","sortDataOptions":"0x1c91aef5"}|0x6ce3774f
11:17:23.0 (43478483)|VARIABLE_ASSIGNMENT|[EXTERNAL]|value|false
11:17:23.0 (43485249)|HEAP_ALLOCATE|[44]|Bytes:5
11:17:23.0 (43493007)|VARIABLE_ASSIGNMENT|[44]|this.isGoodSelected|false|0x6ce3774f
11:17:23.0 (43501163)|STATEMENT_EXECUTE|[100]
11:17:23.0 (43564260)|VARIABLE_ASSIGNMENT|[EXTERNAL]|this|{"categoryDataOptions":"0x5052c39a","countDataOptions":"0x61c1e6ec","currentDay":"2018-03-12T02:17:23.611Z","currentDayMinusSeven":"2018-03-05T02:17:23.611Z","filterDateEnd":"","filterDateStart":"","filterKeyword":"","isGoodSelected":false,"listOfCategory":"0x425b4800","listOfSAReports":"0x4c059907","sortDataOptions":"0x1c91aef5"}|0x6ce3774f
11:17:23.0 (43578989)|VARIABLE_ASSIGNMENT|[EXTERNAL]|value|false
11:17:23.0 (43584960)|HEAP_ALLOCATE|[45]|Bytes:5
11:17:23.0 (43592122)|VARIABLE_ASSIGNMENT|[45]|this.isVeryGoodSelected|false|0x6ce3774f
11:17:23.0 (43600295)|STATEMENT_EXECUTE|[101]
11:17:23.0 (43662357)|VARIABLE_ASSIGNMENT|[EXTERNAL]|this|{"categoryDataOptions":"0x5052c39a","countDataOptions":"0x61c1e6ec","currentDay":"2018-03-12T02:17:23.611Z","currentDayMinusSeven":"2018-03-05T02:17:23.611Z","filterDateEnd":"","filterDateStart":"","filterKeyword":"","isGoodSelected":false,"isVeryGoodSelected":false,"listOfCategory":"0x425b4800","listOfSAReports":"0x4c059907","sortDataOptions":"0x1c91aef5"}|0x6ce3774f
11:17:23.0 (43676591)|VARIABLE_ASSIGNMENT|[EXTERNAL]|value|false
11:17:23.0 (43682359)|HEAP_ALLOCATE|[46]|Bytes:5
11:17:23.0 (43689368)|VARIABLE_ASSIGNMENT|[46]|this.isTrySelected|false|0x6ce3774f
11:17:23.0 (43697558)|STATEMENT_EXECUTE|[102]
11:17:23.0 (43763020)|VARIABLE_ASSIGNMENT|[EXTERNAL]|this|{"categoryDataOptions":"0x5052c39a","countDataOptions":"0x61c1e6ec","currentDay":"2018-03-12T02:17:23.611Z","currentDayMinusSeven":"2018-03-05T02:17:23.611Z","filterDateEnd":"","filterDateStart":"","filterKeyword":"","isGoodSelected":false,"isTrySelected":false,"isVeryGoodSelected":false,"listOfCategory":"0x425b4800","listOfSAReports":"0x4c059907","sortDataOptions":"0x1c91aef5"}|0x6ce3774f
11:17:23.0 (43777277)|VARIABLE_ASSIGNMENT|[EXTERNAL]|value|false
11:17:23.0 (43782869)|HEAP_ALLOCATE|[37]|Bytes:5
11:17:23.0 (43790034)|VARIABLE_ASSIGNMENT|[37]|this.isNew|false|0x6ce3774f
11:17:23.0 (43798364)|STATEMENT_EXECUTE|[103]
11:17:23.0 (43861956)|VARIABLE_ASSIGNMENT|[EXTERNAL]|this|{"categoryDataOptions":"0x5052c39a","countDataOptions":"0x61c1e6ec","currentDay":"2018-03-12T02:17:23.611Z","currentDayMinusSeven":"2018-03-05T02:17:23.611Z","filterDateEnd":"","filterDateStart":"","filterKeyword":"","isGoodSelected":false,"isNew":false,"isTrySelected":false,"isVeryGoodSelected":false,"listOfCategory":"0x425b4800","listOfSAReports":"0x4c059907","sortDataOptions":"0x1c91aef5"}|0x6ce3774f
11:17:23.0 (43876700)|VARIABLE_ASSIGNMENT|[EXTERNAL]|value|true
11:17:23.0 (43882321)|HEAP_ALLOCATE|[40]|Bytes:5
11:17:23.0 (43889215)|VARIABLE_ASSIGNMENT|[40]|this.isFromHome|true|0x6ce3774f
11:17:23.0 (43897545)|STATEMENT_EXECUTE|[105]
11:17:23.0 (43916982)|HEAP_ALLOCATE|[105]|Bytes:4
11:17:23.0 (44001317)|VARIABLE_ASSIGNMENT|[EXTERNAL]|this|{"categoryDataOptions":"0x5052c39a","countDataOptions":"0x61c1e6ec","currentDay":"2018-03-12T02:17:23.611Z","currentDayMinusSeven":"2018-03-05T02:17:23.611Z","filterDateEnd":"","filterDateStart":"","filterKeyword":"","isFromHome":true,"isGoodSelected":false,"isNew":false,"isTrySelected":false,"isVeryGoodSelected":false,"listOfCategory":"0x425b4800","listOfSAReports":"0x4c059907","sortDataOptions":"0x1c91aef5"}|0x6ce3774f
11:17:23.0 (44016605)|HEAP_ALLOCATE|[EXTERNAL]|Bytes:4
11:17:23.0 (44023905)|VARIABLE_ASSIGNMENT|[EXTERNAL]|value|[]|0x7330c282
11:17:23.0 (44034275)|VARIABLE_ASSIGNMENT|[66]|this.filteredRecords|[]|0x6ce3774f
11:17:23.0 (44042876)|STATEMENT_EXECUTE|[106]
11:17:23.0 (44081434)|HEAP_ALLOCATE|[106]|Bytes:4
11:17:23.0 (44191024)|VARIABLE_ASSIGNMENT|[EXTERNAL]|this|{"categoryDataOptions":"0x5052c39a","countDataOptions":"0x61c1e6ec","currentDay":"2018-03-12T02:17:23.611Z","currentDayMinusSeven":"2018-03-05T02:17:23.611Z","filterDateEnd":"","filterDateStart":"","filteredRecords":"0x7330c282","filterKeyword":"","isFromHome":true,"isGoodSelected":false,"isNew":false,"isTrySelected":false,"isVeryGoodSelected":false,"listOfCategory":"0x425b4800","listOfSAReports":"0x4c059907","sortDataOptions":"0x1c91aef5"}|0x6ce3774f
11:17:23.0 (44206116)|HEAP_ALLOCATE|[EXTERNAL]|Bytes:4
11:17:23.0 (44212600)|VARIABLE_ASSIGNMENT|[EXTERNAL]|value|[]|0x66d481b1
11:17:23.0 (44223176)|VARIABLE_ASSIGNMENT|[67]|this.reportGoodViews|[]|0x6ce3774f
11:17:23.0 (44232400)|STATEMENT_EXECUTE|[107]
11:17:23.0 (44248902)|HEAP_ALLOCATE|[107]|Bytes:4
11:17:23.0 (44334733)|VARIABLE_ASSIGNMENT|[EXTERNAL]|this|{"categoryDataOptions":"0x5052c39a","countDataOptions":"0x61c1e6ec","currentDay":"2018-03-12T02:17:23.611Z","currentDayMinusSeven":"2018-03-05T02:17:23.611Z","filterDateEnd":"","filterDateStart":"","filteredRecords":"0x7330c282","filterKeyword":"","isFromHome":true,"isGoodSelected":false,"isNew":false,"isTrySelected":false,"isVeryGoodSelected":false,"listOfCategory":"0x425b4800","listOfSAReports":"0x4c059907","reportGoodViews":"0x66d481b1","sortDataOptions":"0x1c91aef5"}|0x6ce3774f
11:17:23.0 (44349003)|HEAP_ALLOCATE|[EXTERNAL]|Bytes:4
11:17:23.0 (44359675)|VARIABLE_ASSIGNMENT|[EXTERNAL]|value|[]|0x77237d98
11:17:23.0 (44370508)|VARIABLE_ASSIGNMENT|[69]|this.reportManagedViews|[]|0x6ce3774f
11:17:23.0 (44378945)|STATEMENT_EXECUTE|[108]
11:17:23.0 (44394083)|HEAP_ALLOCATE|[108]|Bytes:4
11:17:23.0 (44474609)|VARIABLE_ASSIGNMENT|[EXTERNAL]|this|{"categoryDataOptions":"0x5052c39a","countDataOptions":"0x61c1e6ec","currentDay":"2018-03-12T02:17:23.611Z","currentDayMinusSeven":"2018-03-05T02:17:23.611Z","filterDateEnd":"","filterDateStart":"","filteredRecords":"0x7330c282","filterKeyword":"","isFromHome":true,"isGoodSelected":false,"isNew":false,"isTrySelected":false,"isVeryGoodSelected":false,"listOfCategory":"0x425b4800","listOfSAReports":"0x4c059907","reportGoodViews":"0x66d481b1","reportManagedViews":"0x77237d98","sortDataOptions":"0x1c91aef5"}|0x6ce3774f
11:17:23.0 (44490405)|HEAP_ALLOCATE|[EXTERNAL]|Bytes:4
11:17:23.0 (44496571)|VARIABLE_ASSIGNMENT|[EXTERNAL]|value|[]|0x19bb1316
11:17:23.0 (44506608)|VARIABLE_ASSIGNMENT|[71]|this.reportComments|[]|0x6ce3774f
11:17:23.0 (44518959)|SYSTEM_MODE_EXIT|false
11:17:23.0 (44604699)|SYSTEM_MODE_ENTER|true
11:17:23.0 (44651390)|HEAP_ALLOCATE|[EXTERNAL]|Bytes:120
11:17:23.0 (44659966)|VARIABLE_SCOPE_BEGIN|[62]|this|saReportCtrl|true|false
11:17:23.0 (44732188)|VARIABLE_ASSIGNMENT|[62]|this|{"categoryDataOptions":"0x5052c39a","countDataOptions":"0x61c1e6ec","currentDay":"2018-03-12T02:17:23.611Z","currentDayMinusSeven":"2018-03-05T02:17:23.611Z","filterDateEnd":"","filterDateStart":"","filteredRecords":"0x7330c282","filterKeyword":"","isFromHome":true,"isGoodSelected":false,"isNew":false,"isTrySelected":false,"isVeryGoodSelected":false,"listOfCategory":"0x425b4800","listOfSAReports":"0x4c059907","reportComments":"0x19bb1316","reportGoodViews":"0x66d481b1","reportManagedViews":"0x77237d98","sortDataOptions":"0x1c91aef5"}|0x6ce3774f
11:17:23.0 (44759922)|SYSTEM_MODE_ENTER|false
11:17:23.0 (44767952)|HEAP_ALLOCATE|[62]|Bytes:5
11:17:23.0 (44772829)|STATEMENT_EXECUTE|[62]
11:17:23.0 (44774703)|STATEMENT_EXECUTE|[62]
11:17:23.0 (44780435)|SYSTEM_MODE_EXIT|false
11:17:23.0 (44874957)|SYSTEM_MODE_ENTER|true
11:17:23.0 (44906107)|HEAP_ALLOCATE|[EXTERNAL]|Bytes:8
11:17:23.0 (44911492)|HEAP_ALLOCATE|[EXTERNAL]|Bytes:40
11:17:23.0 (44921062)|VARIABLE_ASSIGNMENT|[EXTERNAL]|this.iTypeOfScreen|52|0x57c2ebfc
11:17:23.0 (45104531)|SYSTEM_MODE_ENTER|true
11:17:23.0 (45336028)|SYSTEM_MODE_ENTER|true
11:17:23.0 (46423866)|SYSTEM_MODE_ENTER|true
11:17:23.0 (46722250)|SYSTEM_MODE_ENTER|true
11:17:23.0 (48102188)|SYSTEM_MODE_ENTER|true
11:17:23.0 (48187767)|SYSTEM_MODE_ENTER|true
11:17:23.0 (48288701)|SYSTEM_MODE_ENTER|true
11:17:23.0 (48391860)|SYSTEM_MODE_ENTER|true
11:17:23.0 (48546002)|SYSTEM_MODE_ENTER|true
11:17:23.0 (48667209)|SYSTEM_MODE_ENTER|true
11:17:23.0 (48818518)|SYSTEM_MODE_ENTER|true
11:17:23.0 (48962732)|SYSTEM_MODE_ENTER|true
11:17:23.0 (50713588)|SYSTEM_MODE_ENTER|true
11:17:23.0 (50742035)|HEAP_ALLOCATE|[EXTERNAL]|Bytes:40
11:17:23.0 (50753852)|VARIABLE_ASSIGNMENT|[EXTERNAL]|this.iCountComments|null|0x57c2ebfc
11:17:23.0 (50804062)|SYSTEM_MODE_ENTER|true
11:17:23.0 (50823110)|HEAP_ALLOCATE|[EXTERNAL]|Bytes:40
11:17:23.0 (50832134)|VARIABLE_ASSIGNMENT|[EXTERNAL]|this.iCountLikes|null|0x57c2ebfc
11:17:23.0 (50906601)|SYSTEM_MODE_ENTER|true
11:17:23.0 (50927229)|HEAP_ALLOCATE|[EXTERNAL]|Bytes:8
11:17:23.0 (50933009)|HEAP_ALLOCATE|[EXTERNAL]|Bytes:40
11:17:23.0 (50941567)|VARIABLE_ASSIGNMENT|[EXTERNAL]|this.iTypeOfScreen|52|0x57c2ebfc
11:17:23.0 (51094223)|SYSTEM_MODE_ENTER|true
11:17:23.0 (51129644)|HEAP_ALLOCATE|[EXTERNAL]|Bytes:40
11:17:23.0 (51137036)|VARIABLE_SCOPE_BEGIN|[107]|this|auMainTopCompCtrl|true|false
11:17:23.0 (51173055)|VARIABLE_ASSIGNMENT|[107]|this|{"currentUser":"0x39707772","iTypeOfScreen":52,"urlReportsSFA":"https://cs6.lightnin (84 more) ..."}|0x57c2ebfc
11:17:23.0 (51182998)|STATEMENT_EXECUTE|[107]
11:17:23.0 (51184985)|STATEMENT_EXECUTE|[108]
11:17:23.0 (51225692)|VARIABLE_ASSIGNMENT|[EXTERNAL]|this|{"currentUser":"0x39707772","iTypeOfScreen":52,"urlReportsSFA":"https://cs6.lightnin (84 more) ..."}|0x57c2ebfc
11:17:23.0 (51247396)|HEAP_ALLOCATE|[108]|Bytes:5
11:17:23.0 (51348415)|SYSTEM_MODE_ENTER|true
11:17:23.0 (51384769)|HEAP_ALLOCATE|[EXTERNAL]|Bytes:40
11:17:23.0 (51391887)|VARIABLE_SCOPE_BEGIN|[111]|this|auMainTopCompCtrl|true|false
11:17:23.0 (51421320)|VARIABLE_ASSIGNMENT|[111]|this|{"currentUser":"0x39707772","iTypeOfScreen":52,"urlReportsSFA":"https://cs6.lightnin (84 more) ..."}|0x57c2ebfc
11:17:23.0 (51430302)|STATEMENT_EXECUTE|[111]
11:17:23.0 (51432278)|STATEMENT_EXECUTE|[112]
11:17:23.0 (51465144)|VARIABLE_ASSIGNMENT|[EXTERNAL]|this|{"currentUser":"0x39707772","iTypeOfScreen":52,"urlReportsSFA":"https://cs6.lightnin (84 more) ..."}|0x57c2ebfc
11:17:23.0 (51482725)|HEAP_ALLOCATE|[112]|Bytes:5
11:17:23.0 (51577979)|SYSTEM_MODE_ENTER|true
11:17:23.0 (51606992)|HEAP_ALLOCATE|[EXTERNAL]|Bytes:40
11:17:23.0 (51613778)|VARIABLE_SCOPE_BEGIN|[115]|this|auMainTopCompCtrl|true|false
11:17:23.0 (51641692)|VARIABLE_ASSIGNMENT|[115]|this|{"currentUser":"0x39707772","iTypeOfScreen":52,"urlReportsSFA":"https://cs6.lightnin (84 more) ..."}|0x57c2ebfc
11:17:23.0 (51650483)|STATEMENT_EXECUTE|[115]
11:17:23.0 (51652348)|STATEMENT_EXECUTE|[116]
11:17:23.0 (51683466)|VARIABLE_ASSIGNMENT|[EXTERNAL]|this|{"currentUser":"0x39707772","iTypeOfScreen":52,"urlReportsSFA":"https://cs6.lightnin (84 more) ..."}|0x57c2ebfc
11:17:23.0 (51700761)|HEAP_ALLOCATE|[116]|Bytes:5
11:17:23.0 (51790407)|SYSTEM_MODE_ENTER|true
11:17:23.0 (51818416)|HEAP_ALLOCATE|[EXTERNAL]|Bytes:40
11:17:23.0 (51824713)|VARIABLE_SCOPE_BEGIN|[119]|this|auMainTopCompCtrl|true|false
11:17:23.0 (51852119)|VARIABLE_ASSIGNMENT|[119]|this|{"currentUser":"0x39707772","iTypeOfScreen":52,"urlReportsSFA":"https://cs6.lightnin (84 more) ..."}|0x57c2ebfc
11:17:23.0 (51860272)|STATEMENT_EXECUTE|[119]
11:17:23.0 (51861982)|STATEMENT_EXECUTE|[120]
11:17:23.0 (51892359)|VARIABLE_ASSIGNMENT|[EXTERNAL]|this|{"currentUser":"0x39707772","iTypeOfScreen":52,"urlReportsSFA":"https://cs6.lightnin (84 more) ..."}|0x57c2ebfc
11:17:23.0 (51908306)|HEAP_ALLOCATE|[120]|Bytes:5
11:17:23.0 (51994043)|SYSTEM_MODE_ENTER|true
11:17:23.0 (52021026)|HEAP_ALLOCATE|[EXTERNAL]|Bytes:40
11:17:23.0 (52027597)|VARIABLE_SCOPE_BEGIN|[123]|this|auMainTopCompCtrl|true|false
11:17:23.0 (52055072)|VARIABLE_ASSIGNMENT|[123]|this|{"currentUser":"0x39707772","iTypeOfScreen":52,"urlReportsSFA":"https://cs6.lightnin (84 more) ..."}|0x57c2ebfc
11:17:23.0 (52063289)|STATEMENT_EXECUTE|[123]
11:17:23.0 (52065163)|STATEMENT_EXECUTE|[124]
11:17:23.0 (52095117)|VARIABLE_ASSIGNMENT|[EXTERNAL]|this|{"currentUser":"0x39707772","iTypeOfScreen":52,"urlReportsSFA":"https://cs6.lightnin (84 more) ..."}|0x57c2ebfc
11:17:23.0 (52110972)|HEAP_ALLOCATE|[124]|Bytes:5
11:17:23.0 (52198441)|SYSTEM_MODE_ENTER|true
11:17:23.0 (52225646)|HEAP_ALLOCATE|[EXTERNAL]|Bytes:40
11:17:23.0 (52231421)|VARIABLE_SCOPE_BEGIN|[127]|this|auMainTopCompCtrl|true|false
11:17:23.0 (52258380)|VARIABLE_ASSIGNMENT|[127]|this|{"currentUser":"0x39707772","iTypeOfScreen":52,"urlReportsSFA":"https://cs6.lightnin (84 more) ..."}|0x57c2ebfc
11:17:23.0 (52267023)|STATEMENT_EXECUTE|[127]
11:17:23.0 (52268681)|STATEMENT_EXECUTE|[128]
11:17:23.0 (52298186)|VARIABLE_ASSIGNMENT|[EXTERNAL]|this|{"currentUser":"0x39707772","iTypeOfScreen":52,"urlReportsSFA":"https://cs6.lightnin (84 more) ..."}|0x57c2ebfc
11:17:23.0 (52313125)|HEAP_ALLOCATE|[128]|Bytes:5
11:17:23.0 (52405895)|SYSTEM_MODE_ENTER|true
11:17:23.0 (52432806)|HEAP_ALLOCATE|[EXTERNAL]|Bytes:40
11:17:23.0 (52439332)|VARIABLE_SCOPE_BEGIN|[131]|this|auMainTopCompCtrl|true|false
11:17:23.0 (52466129)|VARIABLE_ASSIGNMENT|[131]|this|{"currentUser":"0x39707772","iTypeOfScreen":52,"urlReportsSFA":"https://cs6.lightnin (84 more) ..."}|0x57c2ebfc
11:17:23.0 (52474749)|STATEMENT_EXECUTE|[131]
11:17:23.0 (52476535)|STATEMENT_EXECUTE|[132]
11:17:23.0 (52505616)|VARIABLE_ASSIGNMENT|[EXTERNAL]|this|{"currentUser":"0x39707772","iTypeOfScreen":52,"urlReportsSFA":"https://cs6.lightnin (84 more) ..."}|0x57c2ebfc
11:17:23.0 (52521093)|HEAP_ALLOCATE|[132]|Bytes:5
11:17:23.0 (52649920)|SYSTEM_MODE_ENTER|true
11:17:23.0 (59539897)|SYSTEM_MODE_ENTER|true
11:17:23.0 (59728053)|SYSTEM_MODE_ENTER|true
11:17:23.0 (59843836)|SYSTEM_MODE_ENTER|true
11:17:23.0 (59979937)|SYSTEM_MODE_ENTER|true
11:17:23.0 (60394292)|SYSTEM_MODE_ENTER|true
11:17:23.0 (60809407)|SYSTEM_MODE_ENTER|true
11:17:23.0 (60954664)|SYSTEM_MODE_ENTER|true
11:17:23.0 (61122438)|SYSTEM_MODE_ENTER|true
11:17:23.0 (61257742)|SYSTEM_MODE_ENTER|true
11:17:23.0 (66894010)|SYSTEM_MODE_ENTER|true
11:17:23.0 (67166246)|SYSTEM_MODE_ENTER|true
11:17:23.0 (67392620)|SYSTEM_MODE_ENTER|true
11:17:23.0 (67451033)|SYSTEM_MODE_ENTER|true
11:17:23.0 (71311838)|VF_SERIALIZE_VIEWSTATE_BEGIN|066N0000000M59u
11:17:23.0 (76289304)|VF_SERIALIZE_VIEWSTATE_END
11:17:23.81 (81370453)|CUMULATIVE_LIMIT_USAGE
11:17:23.81 (81370453)|LIMIT_USAGE_FOR_NS|(default)|
  Number of SOQL queries: 3 out of 100
  Number of query rows: 13 out of 50000
  Number of SOSL queries: 0 out of 20
  Number of DML statements: 0 out of 150
  Number of DML rows: 0 out of 10000
  Maximum CPU time: 0 out of 10000
  Maximum heap size: 0 out of 6000000
  Number of callouts: 0 out of 100
  Number of Email Invocations: 0 out of 10
  Number of future calls: 0 out of 50
  Number of queueable jobs added to the queue: 0 out of 50
  Number of Mobile Apex push calls: 0 out of 10

11:17:23.81 (81370453)|CUMULATIVE_LIMIT_USAGE_END

11:17:23.0 (81414251)|CODE_UNIT_FINISHED|VF: /apex/saReport
11:17:23.0 (82151016)|EXECUTION_FINISHED
