36.0 APEX_CODE,FINEST;APEX_PROFILING,INFO;CALLOUT,INFO;DB,INFO;NBA,INFO;SYSTEM,DEBUG;VALIDATION,INFO;VISUALFORCE,INFO;WAVE,INFO;WORKFLOW,INFO
14:42:34.0 (72269)|USER_INFO|[EXTERNAL]|005N00000057RPN|duc.huynhmanh+kddi-gwdev01@globalway.co.jp|日本標準時|GMT+09:00
14:42:34.0 (106960)|EXECUTION_STARTED
14:42:34.0 (112218)|CODE_UNIT_STARTED|[EXTERNAL]|066N0000000R0yN|VF: /apex/kdActivityList
14:42:34.0 (559975)|VF_DESERIALIZE_VIEWSTATE_BEGIN|066N0000000R0yN
14:42:34.0 (8741934)|HEAP_ALLOCATE|[72]|Bytes:3
14:42:34.0 (8780061)|HEAP_ALLOCATE|[77]|Bytes:152
14:42:34.0 (8793900)|HEAP_ALLOCATE|[342]|Bytes:408
14:42:34.0 (8807818)|HEAP_ALLOCATE|[355]|Bytes:408
14:42:34.0 (8821208)|HEAP_ALLOCATE|[467]|Bytes:48
14:42:34.0 (8846457)|HEAP_ALLOCATE|[139]|Bytes:6
14:42:34.0 (10040319)|HEAP_ALLOCATE|[50]|Bytes:5
14:42:34.0 (10066871)|HEAP_ALLOCATE|[56]|Bytes:5
14:42:34.0 (10076549)|HEAP_ALLOCATE|[64]|Bytes:7
14:42:34.0 (10343347)|VARIABLE_SCOPE_BEGIN|[12]|kdActivityListCtrl.COOKIE_CATEGORY|String|false|true
14:42:34.0 (10355827)|VARIABLE_SCOPE_BEGIN|[15]|kdActivityListCtrl.COOKIE_EXPIRATION_DATE|Integer|false|true
14:42:34.0 (10365269)|VARIABLE_SCOPE_BEGIN|[13]|kdActivityListCtrl.COOKIE_FREETEXT|String|false|true
14:42:34.0 (10372660)|VARIABLE_SCOPE_BEGIN|[10]|kdActivityListCtrl.COOKIE_FROM|String|false|true
14:42:34.0 (10379812)|VARIABLE_SCOPE_BEGIN|[14]|kdActivityListCtrl.COOKIE_LABEL_INIT_SEARCH_FLG|String|false|true
14:42:34.0 (10387155)|VARIABLE_SCOPE_BEGIN|[9]|kdActivityListCtrl.COOKIE_MONTH|String|false|true
14:42:34.0 (10396823)|VARIABLE_SCOPE_BEGIN|[8]|kdActivityListCtrl.COOKIE_PREFIX|String|false|true
14:42:34.0 (10404327)|VARIABLE_SCOPE_BEGIN|[11]|kdActivityListCtrl.COOKIE_TO|String|false|true
14:42:34.0 (11995073)|VARIABLE_SCOPE_BEGIN|[25]|auMainTopCompCtrl.TYPE_SCREEN_ACCOUNT_LIST|Integer|false|true
14:42:34.0 (12007802)|VARIABLE_SCOPE_BEGIN|[26]|auMainTopCompCtrl.TYPE_SCREEN_ACTIVITY_LIST|Integer|false|true
14:42:34.0 (12015638)|VARIABLE_SCOPE_BEGIN|[7]|auMainTopCompCtrl.TYPE_SCREEN_CX_SCREEN|Integer|false|true
14:42:34.0 (12027005)|VARIABLE_SCOPE_BEGIN|[8]|auMainTopCompCtrl.TYPE_SCREEN_CX_TIMELINE|Integer|false|true
14:42:34.0 (12036595)|VARIABLE_SCOPE_BEGIN|[9]|auMainTopCompCtrl.TYPE_SCREEN_EVENT_SCHEDULE|Integer|false|true
14:42:34.0 (12043604)|VARIABLE_SCOPE_BEGIN|[10]|auMainTopCompCtrl.TYPE_SCREEN_EVENT_SCHEDULE_LIST|Integer|false|true
14:42:34.0 (12050572)|VARIABLE_SCOPE_BEGIN|[27]|auMainTopCompCtrl.TYPE_SCREEN_FILE_LIST|Integer|false|true
14:42:34.0 (12057799)|VARIABLE_SCOPE_BEGIN|[24]|auMainTopCompCtrl.TYPE_SCREEN_HONBU_DIRECT|Integer|false|true
14:42:34.0 (12071913)|VARIABLE_SCOPE_BEGIN|[11]|auMainTopCompCtrl.TYPE_SCREEN_KNOWLEDGE_DASHBOARD|Integer|false|true
14:42:34.0 (12079019)|VARIABLE_SCOPE_BEGIN|[12]|auMainTopCompCtrl.TYPE_SCREEN_KNOWLEDGE_LIST|Integer|false|true
14:42:34.0 (12086047)|VARIABLE_SCOPE_BEGIN|[15]|auMainTopCompCtrl.TYPE_SCREEN_SA_CHATTER|Integer|false|true
14:42:34.0 (12093857)|VARIABLE_SCOPE_BEGIN|[16]|auMainTopCompCtrl.TYPE_SCREEN_SA_DAILYREPORT|Integer|false|true
14:42:34.0 (12101057)|VARIABLE_SCOPE_BEGIN|[22]|auMainTopCompCtrl.TYPE_SCREEN_SA_DAILYREPORTLIST|Integer|false|true
14:42:34.0 (12107707)|VARIABLE_SCOPE_BEGIN|[18]|auMainTopCompCtrl.TYPE_SCREEN_SA_DOCUMENTS|Integer|false|true
14:42:34.0 (12114469)|VARIABLE_SCOPE_BEGIN|[17]|auMainTopCompCtrl.TYPE_SCREEN_SA_ENQUETE|Integer|false|true
14:42:34.0 (12121180)|VARIABLE_SCOPE_BEGIN|[20]|auMainTopCompCtrl.TYPE_SCREEN_SA_LINKS|Integer|false|true
14:42:34.0 (12130905)|VARIABLE_SCOPE_BEGIN|[13]|auMainTopCompCtrl.TYPE_SCREEN_SA_MESSAGES|Integer|false|true
14:42:34.0 (12138365)|VARIABLE_SCOPE_BEGIN|[19]|auMainTopCompCtrl.TYPE_SCREEN_SA_RANKING|Integer|false|true
14:42:34.0 (12146132)|VARIABLE_SCOPE_BEGIN|[14]|auMainTopCompCtrl.TYPE_SCREEN_SA_REPORTS|Integer|false|true
14:42:34.0 (12153740)|VARIABLE_SCOPE_BEGIN|[23]|auMainTopCompCtrl.TYPE_SCREEN_SA_TODO|Integer|false|true
14:42:34.0 (12161393)|VARIABLE_SCOPE_BEGIN|[21]|auMainTopCompCtrl.TYPE_SCREEN_SA_USRSETTINGS|Integer|false|true
14:42:34.0 (12171654)|VARIABLE_SCOPE_BEGIN|[4]|auMainTopCompCtrl.TYPE_SCREEN_STPD_EVENT|Integer|false|true
14:42:34.0 (12179424)|VARIABLE_SCOPE_BEGIN|[6]|auMainTopCompCtrl.TYPE_SCREEN_STPD_SCREEN|Integer|false|true
14:42:34.0 (12187159)|VARIABLE_SCOPE_BEGIN|[5]|auMainTopCompCtrl.TYPE_SCREEN_STPD_TIMELINE|Integer|false|true
14:42:34.0 (12195379)|VARIABLE_SCOPE_BEGIN|[3]|auMainTopCompCtrl.TYPE_SCREEN_SWITCH|Integer|false|true
14:42:34.0 (14976664)|VF_DESERIALIZE_VIEWSTATE_END
14:42:34.0 (19563421)|SYSTEM_MODE_ENTER|true
14:42:34.0 (19594217)|HEAP_ALLOCATE|[EXTERNAL]|Bytes:9
14:42:34.0 (19606740)|HEAP_ALLOCATE|[EXTERNAL]|Bytes:632
14:42:34.0 (19613802)|HEAP_ALLOCATE|[EXTERNAL]|Bytes:238
14:42:34.0 (19619352)|HEAP_ALLOCATE|[EXTERNAL]|Bytes:23
14:42:34.0 (19623890)|HEAP_ALLOCATE|[EXTERNAL]|Bytes:8
14:42:34.0 (19650148)|VARIABLE_ASSIGNMENT|[EXTERNAL]|kdActivityListCtrl.COOKIE_CATEGORY|"Category"
14:42:34.0 (19656250)|HEAP_ALLOCATE|[EXTERNAL]|Bytes:8
14:42:34.0 (19663144)|VARIABLE_ASSIGNMENT|[EXTERNAL]|kdActivityListCtrl.COOKIE_FREETEXT|"FreeText"
14:42:34.0 (19666826)|HEAP_ALLOCATE|[EXTERNAL]|Bytes:4
14:42:34.0 (19672454)|VARIABLE_ASSIGNMENT|[EXTERNAL]|kdActivityListCtrl.COOKIE_FROM|"From"
14:42:34.0 (19676389)|HEAP_ALLOCATE|[EXTERNAL]|Bytes:13
14:42:34.0 (19682691)|VARIABLE_ASSIGNMENT|[EXTERNAL]|kdActivityListCtrl.COOKIE_LABEL_INIT_SEARCH_FLG|"initSearchFlg"
14:42:34.0 (19687142)|HEAP_ALLOCATE|[EXTERNAL]|Bytes:5
14:42:34.0 (19692766)|VARIABLE_ASSIGNMENT|[EXTERNAL]|kdActivityListCtrl.COOKIE_MONTH|"Month"
14:42:34.0 (19697085)|HEAP_ALLOCATE|[EXTERNAL]|Bytes:6
14:42:34.0 (19702998)|VARIABLE_ASSIGNMENT|[EXTERNAL]|kdActivityListCtrl.COOKIE_PREFIX|"event_"
14:42:34.0 (19707189)|HEAP_ALLOCATE|[EXTERNAL]|Bytes:2
14:42:34.0 (19712655)|VARIABLE_ASSIGNMENT|[EXTERNAL]|kdActivityListCtrl.COOKIE_TO|"To"
14:42:34.0 (19727539)|METHOD_ENTRY|[1]|01pN0000000p0lc|kdActivityListCtrl.kdActivityListCtrl()
14:42:34.0 (19734047)|STATEMENT_EXECUTE|[1]
14:42:34.0 (19740001)|STATEMENT_EXECUTE|[1]
14:42:34.0 (19751164)|SYSTEM_MODE_ENTER|false
14:42:34.0 (19768089)|HEAP_ALLOCATE|[15]|Bytes:5
14:42:34.0 (19772909)|STATEMENT_EXECUTE|[15]
14:42:34.0 (19779187)|HEAP_ALLOCATE|[15]|Bytes:4
14:42:34.0 (19789152)|VARIABLE_ASSIGNMENT|[15]|kdActivityListCtrl.COOKIE_EXPIRATION_DATE|-1
14:42:34.0 (19793958)|STATEMENT_EXECUTE|[681]
14:42:34.0 (19799151)|SYSTEM_MODE_EXIT|false
14:42:34.0 (19807816)|METHOD_EXIT|[1]|kdActivityListCtrl
14:42:34.0 (19886034)|SYSTEM_MODE_ENTER|true
14:42:34.0 (20027314)|SYSTEM_MODE_ENTER|true
14:42:34.0 (20053795)|HEAP_ALLOCATE|[EXTERNAL]|Bytes:4
14:42:34.0 (20067704)|HEAP_ALLOCATE|[EXTERNAL]|Bytes:132
14:42:34.0 (20290873)|VARIABLE_ASSIGNMENT|[EXTERNAL]|this.eventUpdateId|"00UN00000095NbmMAE"|0x3b84a019
14:42:34.0 (20335912)|SYSTEM_MODE_ENTER|true
14:42:34.0 (20352046)|HEAP_ALLOCATE|[EXTERNAL]|Bytes:4
14:42:34.0 (20356614)|HEAP_ALLOCATE|[EXTERNAL]|Bytes:132
14:42:34.0 (20433398)|VARIABLE_ASSIGNMENT|[EXTERNAL]|this.eventOwnerId|""|0x3b84a019
14:42:34.0 (20843539)|HEAP_ALLOCATE|[EXTERNAL]|Bytes:132
14:42:34.0 (20855960)|VARIABLE_SCOPE_BEGIN|[167]|this|kdActivityListCtrl|true|false
14:42:34.0 (21128714)|VARIABLE_ASSIGNMENT|[167]|this|{"accAttachmentId":"00PN0000007A2dUMAS","currentUser":"0x64d2b4ad","errorMessage":"","eventOwnerId":"","eventUpdate":"0x7ac84446","eventUpdateId":"00UN00000095NbmMAE","filterCategory":"","filterFreeText":"","filterMonth":"","hasData":true,"initSearchFlg":"true","lsEventUpdateAttachment":"0x16b52a34","orderBy":"EndDateTime","pageNum":1,"pageSize":20,"parentAcc":"0x42b340c3","recordsCount":1,"searchFilter":"","ssc":"0x33b5e3e4","whereStr":""}|0x3b84a019
14:42:34.0 (21152558)|SYSTEM_MODE_ENTER|false
14:42:34.0 (21160093)|HEAP_ALLOCATE|[168]|Bytes:5
14:42:34.0 (21165667)|STATEMENT_EXECUTE|[167]
14:42:34.0 (21167560)|STATEMENT_EXECUTE|[168]
14:42:34.0 (21169451)|STATEMENT_EXECUTE|[168]
14:42:34.0 (21171481)|STATEMENT_EXECUTE|[169]
14:42:34.0 (21175338)|HEAP_ALLOCATE|[169]|Bytes:240
14:42:34.0 (21197589)|HEAP_ALLOCATE|[169]|Bytes:4
14:42:34.0 (21218061)|HEAP_ALLOCATE|[169]|Bytes:7
14:42:34.0 (21415481)|VARIABLE_ASSIGNMENT|[EXTERNAL]|this|{"accAttachmentId":"00PN0000007A2dUMAS","currentUser":"0x64d2b4ad","errorMessage":"","eventOwnerId":"","eventUpdate":"0x7ac84446","eventUpdateId":"00UN00000095NbmMAE","filterCategory":"","filterFreeText":"","filterMonth":"","hasData":true,"initSearchFlg":"true","lsEventUpdateAttachment":"0x16b52a34","orderBy":"EndDateTime","pageNum":1,"pageSize":20,"parentAcc":"0x42b340c3","recordsCount":1,"searchFilter":"","ssc":"0x33b5e3e4","whereStr":""}|0x3b84a019
14:42:34.0 (24338034)|SOQL_EXECUTE_BEGIN|[169]|Aggregations:0|SELECT OwnerId, ActivityDate, EndDateTime, CreatedBy.DisplayedUsernameFormula__c, Subject, StartDateTime, auActivityRelated__c, auActivityRelated__r.SubCategory__c, auActivityRelated__r.Activity_Description__c FROM Event WHERE Id = :tmpVar1
14:42:34.0 (43391507)|SOQL_EXECUTE_END|[169]|Rows:1
14:42:34.0 (43417134)|HEAP_ALLOCATE|[169]|Bytes:8
14:42:34.0 (43436004)|HEAP_ALLOCATE|[169]|Bytes:467
14:42:34.0 (43470210)|HEAP_ALLOCATE|[169]|Bytes:8
14:42:34.0 (43487262)|HEAP_ALLOCATE|[169]|Bytes:31
14:42:34.0 (43528391)|HEAP_ALLOCATE|[169]|Bytes:48
14:42:34.0 (43797082)|VARIABLE_ASSIGNMENT|[EXTERNAL]|this|{"accAttachmentId":"00PN0000007A2dUMAS","currentUser":"0x64d2b4ad","errorMessage":"","eventOwnerId":"","eventUpdate":"0x7ac84446","eventUpdateId":"00UN00000095NbmMAE","filterCategory":"","filterFreeText":"","filterMonth":"","hasData":true,"initSearchFlg":"true","lsEventUpdateAttachment":"0x16b52a34","orderBy":"EndDateTime","pageNum":1,"pageSize":20,"parentAcc":"0x42b340c3","recordsCount":1,"searchFilter":"","ssc":"0x33b5e3e4","whereStr":""}|0x3b84a019
14:42:34.0 (43870080)|VARIABLE_ASSIGNMENT|[EXTERNAL]|value|{"OwnerId":"005N00000057RPNIA2","ActivityDate":"2018-07-03T00:00:00.000Z","EndDateTime":"2018-07-03T03:00:00.000Z","CreatedById":"005N00000057RPNIA2","Subject":"DUC TEST","StartDateTime":"2018-07-03T02:00:00.000Z","auActivityRelated__c":"a0QN0000007qPJ4MAM","Id":"00UN00000095NbmMAE","RecordTypeId":"012N00000005d01IAA","CreatedBy":{"DisplayedUsernameFormula__c":"Duc","Id":"005N00000057RPNIA2"},"auActivityRelated__r":{"SubCategory__c":"制度","Activity_Description__c":"ADFHFDG\r\ndhbdfgh\r\nfd (27 more) ...","Id":"a0QN0000007qPJ4MAM"}}|0x4ce64bed
14:42:34.0 (43926060)|VARIABLE_ASSIGNMENT|[40]|this.eventUpdate|{"OwnerId":"005N00000057RPNIA2","ActivityDate":"2018-07-03T00:00:00.000Z","EndDateTime":"2018-07-03T03:00:00.000Z","CreatedById":"005N00000057RPNIA2","Subject":"DUC TEST","StartDateTime":"2018-07-03T02:00:00.000Z","auActivityRelated__c":"a0QN0000007qPJ4MAM","Id":"00UN00000095NbmMAE","RecordTypeId":"012N00000005d01IAA","CreatedBy":{"DisplayedUsernameFormula__c":"Duc","Id":"005N00000057RPNIA2"},"auActivityRelated__r":{"SubCategory__c":"制度","Activity_Description__c":"ADFHFDG\r\ndhbdfgh\r\nfd (27 more) ...","Id":"a0QN0000007qPJ4MAM"}}|0x3b84a019
14:42:34.0 (44140860)|VARIABLE_ASSIGNMENT|[EXTERNAL]|this|{"accAttachmentId":"00PN0000007A2dUMAS","currentUser":"0x64d2b4ad","errorMessage":"","eventOwnerId":"","eventUpdate":"0x4ce64bed","eventUpdateId":"00UN00000095NbmMAE","filterCategory":"","filterFreeText":"","filterMonth":"","hasData":true,"initSearchFlg":"true","lsEventUpdateAttachment":"0x16b52a34","orderBy":"EndDateTime","pageNum":1,"pageSize":20,"parentAcc":"0x42b340c3","recordsCount":1,"searchFilter":"","ssc":"0x33b5e3e4","whereStr":""}|0x3b84a019
14:42:34.0 (44227797)|STATEMENT_EXECUTE|[170]
14:42:34.0 (44230953)|STATEMENT_EXECUTE|[171]
14:42:34.0 (44410287)|VARIABLE_ASSIGNMENT|[EXTERNAL]|this|{"accAttachmentId":"00PN0000007A2dUMAS","currentUser":"0x64d2b4ad","errorMessage":"","eventOwnerId":"","eventUpdate":"0x4ce64bed","eventUpdateId":"00UN00000095NbmMAE","filterCategory":"","filterFreeText":"","filterMonth":"","hasData":true,"initSearchFlg":"true","lsEventUpdateAttachment":"0x16b52a34","orderBy":"EndDateTime","pageNum":1,"pageSize":20,"parentAcc":"0x42b340c3","recordsCount":1,"searchFilter":"","ssc":"0x33b5e3e4","whereStr":""}|0x3b84a019
14:42:34.0 (44606885)|VARIABLE_ASSIGNMENT|[EXTERNAL]|this|{"accAttachmentId":"00PN0000007A2dUMAS","currentUser":"0x64d2b4ad","errorMessage":"","eventOwnerId":"","eventUpdate":"0x4ce64bed","eventUpdateId":"00UN00000095NbmMAE","filterCategory":"","filterFreeText":"","filterMonth":"","hasData":true,"initSearchFlg":"true","lsEventUpdateAttachment":"0x16b52a34","orderBy":"EndDateTime","pageNum":1,"pageSize":20,"parentAcc":"0x42b340c3","recordsCount":1,"searchFilter":"","ssc":"0x33b5e3e4","whereStr":""}|0x3b84a019
14:42:34.0 (44630479)|VARIABLE_ASSIGNMENT|[EXTERNAL]|value|"ADFHFDG\r\ndhbdfgh\r\nfd (27 more) ..."
14:42:34.0 (44645680)|VARIABLE_ASSIGNMENT|[60]|this.eventDescription|"ADFHFDG\r\ndhbdfgh\r\nfd (27 more) ..."|0x3b84a019
14:42:34.0 (44655893)|STATEMENT_EXECUTE|[172]
14:42:34.0 (44824451)|VARIABLE_ASSIGNMENT|[EXTERNAL]|this|{"accAttachmentId":"00PN0000007A2dUMAS","currentUser":"0x64d2b4ad","errorMessage":"","eventDescription":"ADFHFDG\r\ndhbdfgh\r\nfdhfd\r\nghdf\r\nhbd\r\nfhb\r\nrd\r\njf","eventOwnerId":"","eventUpdate":"0x4ce64bed","eventUpdateId":"00UN00000095NbmMAE","filterCategory":"","filterFreeText":"","filterMonth":"","hasData":true,"initSearchFlg":"true","lsEventUpdateAttachment":"0x16b52a34","orderBy":"EndDateTime","pageNum":1,"pageSize":20,"parentAcc":"0x42b340c3","recordsCount":1,"searchFilter":"","ssc":"0x33b5e3e4","whereStr":""}|0x3b84a019
14:42:34.0 (45025367)|VARIABLE_ASSIGNMENT|[EXTERNAL]|this|{"accAttachmentId":"00PN0000007A2dUMAS","currentUser":"0x64d2b4ad","errorMessage":"","eventDescription":"ADFHFDG\r\ndhbdfgh\r\nfdhfd\r\nghdf\r\nhbd\r\nfhb\r\nrd\r\njf","eventOwnerId":"","eventUpdate":"0x4ce64bed","eventUpdateId":"00UN00000095NbmMAE","filterCategory":"","filterFreeText":"","filterMonth":"","hasData":true,"initSearchFlg":"true","lsEventUpdateAttachment":"0x16b52a34","orderBy":"EndDateTime","pageNum":1,"pageSize":20,"parentAcc":"0x42b340c3","recordsCount":1,"searchFilter":"","ssc":"0x33b5e3e4","whereStr":""}|0x3b84a019
14:42:34.0 (45043759)|VARIABLE_ASSIGNMENT|[EXTERNAL]|value|"制度"
14:42:34.0 (45054991)|VARIABLE_ASSIGNMENT|[61]|this.eventCategory|"制度"|0x3b84a019
14:42:34.0 (45064939)|STATEMENT_EXECUTE|[180]
14:42:34.0 (45235530)|VARIABLE_ASSIGNMENT|[EXTERNAL]|this|{"accAttachmentId":"00PN0000007A2dUMAS","currentUser":"0x64d2b4ad","errorMessage":"","eventCategory":"制度","eventDescription":"ADFHFDG\r\ndhbdfgh\r\nfdhfd\r\nghdf\r\nhbd\r\nfhb\r\nrd\r\njf","eventOwnerId":"","eventUpdate":"0x4ce64bed","eventUpdateId":"00UN00000095NbmMAE","filterCategory":"","filterFreeText":"","filterMonth":"","hasData":true,"initSearchFlg":"true","lsEventUpdateAttachment":"0x16b52a34","orderBy":"EndDateTime","pageNum":1,"pageSize":20,"parentAcc":"0x42b340c3","recordsCount":1,"searchFilter":"","ssc":"0x33b5e3e4","whereStr":""}|0x3b84a019
14:42:34.0 (45278798)|HEAP_ALLOCATE|[180]|Bytes:5
14:42:34.0 (45321700)|HEAP_ALLOCATE|[180]|Bytes:5
14:42:34.0 (45499514)|VARIABLE_ASSIGNMENT|[EXTERNAL]|this|{"accAttachmentId":"00PN0000007A2dUMAS","currentUser":"0x64d2b4ad","errorMessage":"","eventCategory":"制度","eventDescription":"ADFHFDG\r\ndhbdfgh\r\nfdhfd\r\nghdf\r\nhbd\r\nfhb\r\nrd\r\njf","eventOwnerId":"","eventUpdate":"0x4ce64bed","eventUpdateId":"00UN00000095NbmMAE","filterCategory":"","filterFreeText":"","filterMonth":"","hasData":true,"initSearchFlg":"true","lsEventUpdateAttachment":"0x16b52a34","orderBy":"EndDateTime","pageNum":1,"pageSize":20,"parentAcc":"0x42b340c3","recordsCount":1,"searchFilter":"","ssc":"0x33b5e3e4","whereStr":""}|0x3b84a019
14:42:34.0 (45517948)|VARIABLE_ASSIGNMENT|[EXTERNAL]|value|"11:00"
14:42:34.0 (45529951)|VARIABLE_ASSIGNMENT|[41]|this.eventUpdateStart|"11:00"|0x3b84a019
14:42:34.0 (45539133)|STATEMENT_EXECUTE|[181]
14:42:34.0 (45711446)|VARIABLE_ASSIGNMENT|[EXTERNAL]|this|{"accAttachmentId":"00PN0000007A2dUMAS","currentUser":"0x64d2b4ad","errorMessage":"","eventCategory":"制度","eventDescription":"ADFHFDG\r\ndhbdfgh\r\nfdhfd\r\nghdf\r\nhbd\r\nfhb\r\nrd\r\njf","eventOwnerId":"","eventUpdate":"0x4ce64bed","eventUpdateId":"00UN00000095NbmMAE","eventUpdateStart":"11:00","filterCategory":"","filterFreeText":"","filterMonth":"","hasData":true,"initSearchFlg":"true","lsEventUpdateAttachment":"0x16b52a34","orderBy":"EndDateTime","pageNum":1,"pageSize":20,"parentAcc":"0x42b340c3","recordsCount":1,"searchFilter":"","ssc":"0x33b5e3e4","whereStr":""}|0x3b84a019
14:42:34.0 (45766606)|HEAP_ALLOCATE|[181]|Bytes:5
14:42:34.0 (45957035)|VARIABLE_ASSIGNMENT|[EXTERNAL]|this|{"accAttachmentId":"00PN0000007A2dUMAS","currentUser":"0x64d2b4ad","errorMessage":"","eventCategory":"制度","eventDescription":"ADFHFDG\r\ndhbdfgh\r\nfdhfd\r\nghdf\r\nhbd\r\nfhb\r\nrd\r\njf","eventOwnerId":"","eventUpdate":"0x4ce64bed","eventUpdateId":"00UN00000095NbmMAE","eventUpdateStart":"11:00","filterCategory":"","filterFreeText":"","filterMonth":"","hasData":true,"initSearchFlg":"true","lsEventUpdateAttachment":"0x16b52a34","orderBy":"EndDateTime","pageNum":1,"pageSize":20,"parentAcc":"0x42b340c3","recordsCount":1,"searchFilter":"","ssc":"0x33b5e3e4","whereStr":""}|0x3b84a019
14:42:34.0 (45975675)|VARIABLE_ASSIGNMENT|[EXTERNAL]|value|"12:00"
14:42:34.0 (45987799)|VARIABLE_ASSIGNMENT|[42]|this.eventUpdateEnd|"12:00"|0x3b84a019
14:42:34.0 (45997076)|STATEMENT_EXECUTE|[183]
14:42:34.0 (46001120)|HEAP_ALLOCATE|[183]|Bytes:26
14:42:34.0 (47163909)|HEAP_ALLOCATE|[183]|Bytes:46
14:42:34.0 (47206444)|USER_DEBUG|[183]|DEBUG|currentUser.Profile.Name: System Administrator
14:42:34.0 (47217580)|STATEMENT_EXECUTE|[185]
14:42:34.0 (47419476)|VARIABLE_ASSIGNMENT|[EXTERNAL]|this|{"accAttachmentId":"00PN0000007A2dUMAS","currentUser":"0x64d2b4ad","errorMessage":"","eventCategory":"制度","eventDescription":"ADFHFDG\r\ndhbdfgh\r\nfdhfd\r\nghdf\r\nhbd\r\nfhb\r\nrd\r\njf","eventOwnerId":"","eventUpdate":"0x4ce64bed","eventUpdateEnd":"12:00","eventUpdateId":"00UN00000095NbmMAE","eventUpdateStart":"11:00","filterCategory":"","filterFreeText":"","filterMonth":"","hasData":true,"initSearchFlg":"true","lsEventUpdateAttachment":"0x16b52a34","orderBy":"EndDateTime","pageNum":1,"pageSize":20,"parentAcc":"0x42b340c3","recordsCount":1,"searchFilter":"","ssc":"0x33b5e3e4","whereStr":""}|0x3b84a019
14:42:34.0 (47691020)|VARIABLE_ASSIGNMENT|[EXTERNAL]|this|{"accAttachmentId":"00PN0000007A2dUMAS","currentUser":"0x64d2b4ad","errorMessage":"","eventCategory":"制度","eventDescription":"ADFHFDG\r\ndhbdfgh\r\nfdhfd\r\nghdf\r\nhbd\r\nfhb\r\nrd\r\njf","eventOwnerId":"","eventUpdate":"0x4ce64bed","eventUpdateEnd":"12:00","eventUpdateId":"00UN00000095NbmMAE","eventUpdateStart":"11:00","filterCategory":"","filterFreeText":"","filterMonth":"","hasData":true,"initSearchFlg":"true","lsEventUpdateAttachment":"0x16b52a34","orderBy":"EndDateTime","pageNum":1,"pageSize":20,"parentAcc":"0x42b340c3","recordsCount":1,"searchFilter":"","ssc":"0x33b5e3e4","whereStr":""}|0x3b84a019
14:42:34.0 (47714908)|VARIABLE_ASSIGNMENT|[EXTERNAL]|value|true
14:42:34.0 (47723120)|HEAP_ALLOCATE|[5]|Bytes:5
14:42:34.0 (47737485)|VARIABLE_ASSIGNMENT|[5]|this.isEditable|true|0x3b84a019
14:42:34.0 (47747510)|STATEMENT_EXECUTE|[189]
14:42:34.0 (47751410)|HEAP_ALLOCATE|[189]|Bytes:12
14:42:34.0 (47934096)|VARIABLE_ASSIGNMENT|[EXTERNAL]|this|{"accAttachmentId":"00PN0000007A2dUMAS","currentUser":"0x64d2b4ad","errorMessage":"","eventCategory":"制度","eventDescription":"ADFHFDG\r\ndhbdfgh\r\nfdhfd\r\nghdf\r\nhbd\r\nfhb\r\nrd\r\njf","eventOwnerId":"","eventUpdate":"0x4ce64bed","eventUpdateEnd":"12:00","eventUpdateId":"00UN00000095NbmMAE","eventUpdateStart":"11:00","filterCategory":"","filterFreeText":"","filterMonth":"","hasData":true,"initSearchFlg":"true","isEditable":true,"lsEventUpdateAttachment":"0x16b52a34","orderBy":"EndDateTime","pageNum":1,"pageSize":20,"parentAcc":"0x42b340c3","recordsCount":1,"searchFilter":"","ssc":"0x33b5e3e4","whereStr":""}|0x3b84a019
14:42:34.0 (47976881)|HEAP_ALLOCATE|[189]|Bytes:4
14:42:34.0 (47989281)|HEAP_ALLOCATE|[189]|Bytes:16
14:42:34.0 (47999039)|USER_DEBUG|[189]|DEBUG|isEditable: true
14:42:34.0 (48006530)|STATEMENT_EXECUTE|[191]
14:42:34.0 (48009845)|HEAP_ALLOCATE|[191]|Bytes:120
14:42:34.0 (48033777)|HEAP_ALLOCATE|[191]|Bytes:4
14:42:34.0 (48219123)|VARIABLE_ASSIGNMENT|[EXTERNAL]|this|{"accAttachmentId":"00PN0000007A2dUMAS","currentUser":"0x64d2b4ad","errorMessage":"","eventCategory":"制度","eventDescription":"ADFHFDG\r\ndhbdfgh\r\nfdhfd\r\nghdf\r\nhbd\r\nfhb\r\nrd\r\njf","eventOwnerId":"","eventUpdate":"0x4ce64bed","eventUpdateEnd":"12:00","eventUpdateId":"00UN00000095NbmMAE","eventUpdateStart":"11:00","filterCategory":"","filterFreeText":"","filterMonth":"","hasData":true,"initSearchFlg":"true","isEditable":true,"lsEventUpdateAttachment":"0x16b52a34","orderBy":"EndDateTime","pageNum":1,"pageSize":20,"parentAcc":"0x42b340c3","recordsCount":1,"searchFilter":"","ssc":"0x33b5e3e4","whereStr":""}|0x3b84a019
14:42:34.0 (48897302)|SOQL_EXECUTE_BEGIN|[191]|Aggregations:0|SELECT id, Name, IsPrivate, OwnerId FROM Attachment WHERE ParentId = :tmpVar1 ORDER BY LastModifiedDate DESC NULLS FIRST
14:42:34.0 (52089257)|SOQL_EXECUTE_END|[191]|Rows:2
14:42:34.0 (52108503)|HEAP_ALLOCATE|[191]|Bytes:12
14:42:34.0 (52123936)|HEAP_ALLOCATE|[191]|Bytes:202
14:42:34.0 (52148873)|HEAP_ALLOCATE|[191]|Bytes:12
14:42:34.0 (52362539)|VARIABLE_ASSIGNMENT|[EXTERNAL]|this|{"accAttachmentId":"00PN0000007A2dUMAS","currentUser":"0x64d2b4ad","errorMessage":"","eventCategory":"制度","eventDescription":"ADFHFDG\r\ndhbdfgh\r\nfdhfd\r\nghdf\r\nhbd\r\nfhb\r\nrd\r\njf","eventOwnerId":"","eventUpdate":"0x4ce64bed","eventUpdateEnd":"12:00","eventUpdateId":"00UN00000095NbmMAE","eventUpdateStart":"11:00","filterCategory":"","filterFreeText":"","filterMonth":"","hasData":true,"initSearchFlg":"true","isEditable":true,"lsEventUpdateAttachment":"0x16b52a34","orderBy":"EndDateTime","pageNum":1,"pageSize":20,"parentAcc":"0x42b340c3","recordsCount":1,"searchFilter":"","ssc":"0x33b5e3e4","whereStr":""}|0x3b84a019
14:42:34.0 (52412474)|VARIABLE_ASSIGNMENT|[EXTERNAL]|value|[{"Id":"00PN0000007AYKeMAO","Name":"testscreenshot.jpg","IsPrivate":false,"OwnerId":"005N00000057RPNIA2"},{"Id":"00PN0000007AYK5MAO","Name":"testscreenshot.jpg","IsPrivate":false,"OwnerId":"005N00000057RPNIA2"}]|0x24bdc2d9
14:42:34.0 (52441106)|VARIABLE_ASSIGNMENT|[39]|this.lsEventUpdateAttachment|[{"Id":"00PN0000007AYKeMAO","Name":"testscreenshot.jpg","IsPrivate":false,"OwnerId":"005N00000057RPNIA2"},{"Id":"00PN0000007AYK5MAO","Name":"testscreenshot.jpg","IsPrivate":false,"OwnerId":"005N00000057RPNIA2"}]|0x3b84a019
14:42:34.0 (52457244)|SYSTEM_MODE_EXIT|false
14:42:34.0 (72489882)|SYSTEM_MODE_ENTER|true
14:42:34.0 (72530168)|HEAP_ALLOCATE|[EXTERNAL]|Bytes:284
14:42:34.0 (72554810)|HEAP_ALLOCATE|[EXTERNAL]|Bytes:146
14:42:34.0 (72569802)|METHOD_ENTRY|[1]|01pN0000000Mill|auMainTopCompCtrl.auMainTopCompCtrl()
14:42:34.0 (72580189)|STATEMENT_EXECUTE|[1]
14:42:34.0 (72586120)|STATEMENT_EXECUTE|[1]
14:42:34.0 (72587667)|STATEMENT_EXECUTE|[3]
14:42:34.0 (72593253)|HEAP_ALLOCATE|[3]|Bytes:4
14:42:34.0 (72612822)|VARIABLE_ASSIGNMENT|[3]|auMainTopCompCtrl.TYPE_SCREEN_SWITCH|0
14:42:34.0 (72617765)|STATEMENT_EXECUTE|[4]
14:42:34.0 (72620733)|HEAP_ALLOCATE|[4]|Bytes:4
14:42:34.0 (72630707)|VARIABLE_ASSIGNMENT|[4]|auMainTopCompCtrl.TYPE_SCREEN_STPD_EVENT|11
14:42:34.0 (72635426)|STATEMENT_EXECUTE|[5]
14:42:34.0 (72638185)|HEAP_ALLOCATE|[5]|Bytes:4
14:42:34.0 (72645196)|VARIABLE_ASSIGNMENT|[5]|auMainTopCompCtrl.TYPE_SCREEN_STPD_TIMELINE|12
14:42:34.0 (72649231)|STATEMENT_EXECUTE|[6]
14:42:34.0 (72656444)|HEAP_ALLOCATE|[6]|Bytes:4
14:42:34.0 (72663503)|VARIABLE_ASSIGNMENT|[6]|auMainTopCompCtrl.TYPE_SCREEN_STPD_SCREEN|13
14:42:34.0 (72668256)|STATEMENT_EXECUTE|[7]
14:42:34.0 (72671085)|HEAP_ALLOCATE|[7]|Bytes:4
14:42:34.0 (72677271)|VARIABLE_ASSIGNMENT|[7]|auMainTopCompCtrl.TYPE_SCREEN_CX_SCREEN|21
14:42:34.0 (72681009)|STATEMENT_EXECUTE|[8]
14:42:34.0 (72683400)|HEAP_ALLOCATE|[8]|Bytes:4
14:42:34.0 (72688808)|VARIABLE_ASSIGNMENT|[8]|auMainTopCompCtrl.TYPE_SCREEN_CX_TIMELINE|22
14:42:34.0 (72692105)|STATEMENT_EXECUTE|[9]
14:42:34.0 (72694447)|HEAP_ALLOCATE|[9]|Bytes:4
14:42:34.0 (72699966)|VARIABLE_ASSIGNMENT|[9]|auMainTopCompCtrl.TYPE_SCREEN_EVENT_SCHEDULE|31
14:42:34.0 (72703786)|STATEMENT_EXECUTE|[10]
14:42:34.0 (72706557)|HEAP_ALLOCATE|[10]|Bytes:4
14:42:34.0 (72713037)|VARIABLE_ASSIGNMENT|[10]|auMainTopCompCtrl.TYPE_SCREEN_EVENT_SCHEDULE_LIST|32
14:42:34.0 (72716844)|STATEMENT_EXECUTE|[11]
14:42:34.0 (72719212)|HEAP_ALLOCATE|[11]|Bytes:4
14:42:34.0 (72727395)|VARIABLE_ASSIGNMENT|[11]|auMainTopCompCtrl.TYPE_SCREEN_KNOWLEDGE_DASHBOARD|41
14:42:34.0 (72730904)|STATEMENT_EXECUTE|[12]
14:42:34.0 (72733189)|HEAP_ALLOCATE|[12]|Bytes:4
14:42:34.0 (72738996)|VARIABLE_ASSIGNMENT|[12]|auMainTopCompCtrl.TYPE_SCREEN_KNOWLEDGE_LIST|42
14:42:34.0 (72743465)|STATEMENT_EXECUTE|[13]
14:42:34.0 (72745937)|HEAP_ALLOCATE|[13]|Bytes:4
14:42:34.0 (72752266)|VARIABLE_ASSIGNMENT|[13]|auMainTopCompCtrl.TYPE_SCREEN_SA_MESSAGES|51
14:42:34.0 (72756042)|STATEMENT_EXECUTE|[14]
14:42:34.0 (72758221)|HEAP_ALLOCATE|[14]|Bytes:4
14:42:34.0 (72764874)|VARIABLE_ASSIGNMENT|[14]|auMainTopCompCtrl.TYPE_SCREEN_SA_REPORTS|52
14:42:34.0 (72768410)|STATEMENT_EXECUTE|[15]
14:42:34.0 (72770744)|HEAP_ALLOCATE|[15]|Bytes:4
14:42:34.0 (72776217)|VARIABLE_ASSIGNMENT|[15]|auMainTopCompCtrl.TYPE_SCREEN_SA_CHATTER|53
14:42:34.0 (72780046)|STATEMENT_EXECUTE|[16]
14:42:34.0 (72782264)|HEAP_ALLOCATE|[16]|Bytes:4
14:42:34.0 (72788239)|VARIABLE_ASSIGNMENT|[16]|auMainTopCompCtrl.TYPE_SCREEN_SA_DAILYREPORT|54
14:42:34.0 (72791557)|STATEMENT_EXECUTE|[17]
14:42:34.0 (72793745)|HEAP_ALLOCATE|[17]|Bytes:4
14:42:34.0 (72799624)|VARIABLE_ASSIGNMENT|[17]|auMainTopCompCtrl.TYPE_SCREEN_SA_ENQUETE|55
14:42:34.0 (72802829)|STATEMENT_EXECUTE|[18]
14:42:34.0 (72805139)|HEAP_ALLOCATE|[18]|Bytes:4
14:42:34.0 (72811097)|VARIABLE_ASSIGNMENT|[18]|auMainTopCompCtrl.TYPE_SCREEN_SA_DOCUMENTS|56
14:42:34.0 (72814507)|STATEMENT_EXECUTE|[19]
14:42:34.0 (72816805)|HEAP_ALLOCATE|[19]|Bytes:4
14:42:34.0 (72822901)|VARIABLE_ASSIGNMENT|[19]|auMainTopCompCtrl.TYPE_SCREEN_SA_RANKING|57
14:42:34.0 (72826056)|STATEMENT_EXECUTE|[20]
14:42:34.0 (72828003)|HEAP_ALLOCATE|[20]|Bytes:4
14:42:34.0 (72833922)|VARIABLE_ASSIGNMENT|[20]|auMainTopCompCtrl.TYPE_SCREEN_SA_LINKS|58
14:42:34.0 (72837573)|STATEMENT_EXECUTE|[21]
14:42:34.0 (72839981)|HEAP_ALLOCATE|[21]|Bytes:4
14:42:34.0 (72846560)|VARIABLE_ASSIGNMENT|[21]|auMainTopCompCtrl.TYPE_SCREEN_SA_USRSETTINGS|59
14:42:34.0 (72849996)|STATEMENT_EXECUTE|[22]
14:42:34.0 (72852147)|HEAP_ALLOCATE|[22]|Bytes:4
14:42:34.0 (72858795)|VARIABLE_ASSIGNMENT|[22]|auMainTopCompCtrl.TYPE_SCREEN_SA_DAILYREPORTLIST|60
14:42:34.0 (72862579)|STATEMENT_EXECUTE|[23]
14:42:34.0 (72864677)|HEAP_ALLOCATE|[23]|Bytes:4
14:42:34.0 (72870924)|VARIABLE_ASSIGNMENT|[23]|auMainTopCompCtrl.TYPE_SCREEN_SA_TODO|61
14:42:34.0 (72875040)|STATEMENT_EXECUTE|[24]
14:42:34.0 (72877517)|HEAP_ALLOCATE|[24]|Bytes:4
14:42:34.0 (72883036)|VARIABLE_ASSIGNMENT|[24]|auMainTopCompCtrl.TYPE_SCREEN_HONBU_DIRECT|71
14:42:34.0 (72886521)|STATEMENT_EXECUTE|[25]
14:42:34.0 (72888777)|HEAP_ALLOCATE|[25]|Bytes:4
14:42:34.0 (72893991)|VARIABLE_ASSIGNMENT|[25]|auMainTopCompCtrl.TYPE_SCREEN_ACCOUNT_LIST|81
14:42:34.0 (72897929)|STATEMENT_EXECUTE|[26]
14:42:34.0 (72900128)|HEAP_ALLOCATE|[26]|Bytes:4
14:42:34.0 (72905842)|VARIABLE_ASSIGNMENT|[26]|auMainTopCompCtrl.TYPE_SCREEN_ACTIVITY_LIST|82
14:42:34.0 (72909650)|STATEMENT_EXECUTE|[27]
14:42:34.0 (72928433)|HEAP_ALLOCATE|[27]|Bytes:4
14:42:34.0 (72936528)|VARIABLE_ASSIGNMENT|[27]|auMainTopCompCtrl.TYPE_SCREEN_FILE_LIST|83
14:42:34.0 (72943875)|METHOD_EXIT|[1]|auMainTopCompCtrl
14:42:34.0 (72959643)|HEAP_ALLOCATE|[EXTERNAL]|Bytes:40
14:42:34.0 (72971966)|VARIABLE_ASSIGNMENT|[EXTERNAL]|this.iCountComments|null|0x44f9e36c
14:42:34.0 (73059105)|SYSTEM_MODE_ENTER|true
14:42:34.0 (73074788)|HEAP_ALLOCATE|[EXTERNAL]|Bytes:40
14:42:34.0 (73083630)|VARIABLE_ASSIGNMENT|[EXTERNAL]|this.iCountLikes|null|0x44f9e36c
14:42:34.0 (73188639)|SYSTEM_MODE_ENTER|true
14:42:34.0 (73251612)|HEAP_ALLOCATE|[EXTERNAL]|Bytes:132
14:42:34.0 (73261386)|VARIABLE_SCOPE_BEGIN|[75]|this|kdActivityListCtrl|true|false
14:42:34.0 (73565855)|VARIABLE_ASSIGNMENT|[75]|this|{"accAttachmentId":"00PN0000007A2dUMAS","currentUser":"0x64d2b4ad","errorMessage":"","eventCategory":"制度","eventDescription":"ADFHFDG\r\ndhbdfgh\r\nfdhfd\r\nghdf\r\nhbd\r\nfhb\r\nrd\r\njf","eventOwnerId":"","eventUpdate":"0x4ce64bed","eventUpdateEnd":"12:00","eventUpdateId":"00UN00000095NbmMAE","eventUpdateStart":"11:00","filterCategory":"","filterFreeText":"","filterMonth":"","hasData":true,"initSearchFlg":"true","isEditable":true,"lsEventUpdateAttachment":"0x24bdc2d9","orderBy":"EndDateTime","pageNum":1,"pageSize":20,"parentAcc":"0x42b340c3","recordsCount":1,"searchFilter":"","ssc":"0x33b5e3e4","whereStr":""}|0x3b84a019
14:42:34.0 (73596225)|SYSTEM_MODE_ENTER|false
14:42:34.0 (73607381)|HEAP_ALLOCATE|[75]|Bytes:5
14:42:34.0 (73612191)|STATEMENT_EXECUTE|[75]
14:42:34.0 (73614087)|STATEMENT_EXECUTE|[75]
14:42:34.0 (73621500)|SYSTEM_MODE_EXIT|false
14:42:34.0 (73691585)|SYSTEM_MODE_ENTER|true
14:42:34.0 (73712145)|HEAP_ALLOCATE|[EXTERNAL]|Bytes:8
14:42:34.0 (73718186)|HEAP_ALLOCATE|[EXTERNAL]|Bytes:40
14:42:34.0 (73727886)|VARIABLE_ASSIGNMENT|[EXTERNAL]|this.iTypeOfScreen|82|0x44f9e36c
14:42:34.0 (73975568)|SYSTEM_MODE_ENTER|true
14:42:34.0 (74015117)|HEAP_ALLOCATE|[EXTERNAL]|Bytes:40
14:42:34.0 (74029775)|VARIABLE_SCOPE_BEGIN|[185]|this|auMainTopCompCtrl|true|false
14:42:34.0 (74103968)|VARIABLE_ASSIGNMENT|[185]|this|{"currentUser":"0x66c24448","iTypeOfScreen":82,"urlReportsSFA":"https://cs6.lightnin (84 more) ..."}|0x44f9e36c
14:42:34.0 (74115245)|STATEMENT_EXECUTE|[185]
14:42:34.0 (74169743)|VARIABLE_ASSIGNMENT|[EXTERNAL]|this|{"currentUser":"0x66c24448","iTypeOfScreen":82,"urlReportsSFA":"https://cs6.lightnin (84 more) ..."}|0x44f9e36c
14:42:34.0 (74227883)|VARIABLE_ASSIGNMENT|[EXTERNAL]|this|{"currentUser":"0x66c24448","iTypeOfScreen":82,"urlReportsSFA":"https://cs6.lightnin (84 more) ..."}|0x44f9e36c
14:42:34.0 (74263059)|VARIABLE_ASSIGNMENT|[EXTERNAL]|this|{"currentUser":"0x66c24448","iTypeOfScreen":82,"urlReportsSFA":"https://cs6.lightnin (84 more) ..."}|0x44f9e36c
14:42:34.0 (74309100)|VARIABLE_ASSIGNMENT|[EXTERNAL]|this|{"currentUser":"0x66c24448","iTypeOfScreen":82,"urlReportsSFA":"https://cs6.lightnin (84 more) ..."}|0x44f9e36c
14:42:34.0 (74341073)|VARIABLE_ASSIGNMENT|[EXTERNAL]|this|{"currentUser":"0x66c24448","iTypeOfScreen":82,"urlReportsSFA":"https://cs6.lightnin (84 more) ..."}|0x44f9e36c
14:42:34.0 (74352420)|STATEMENT_EXECUTE|[194]
14:42:34.0 (74354274)|STATEMENT_EXECUTE|[195]
14:42:34.0 (74443475)|SYSTEM_MODE_ENTER|true
14:42:34.0 (74483018)|HEAP_ALLOCATE|[EXTERNAL]|Bytes:40
14:42:34.0 (74491563)|VARIABLE_SCOPE_BEGIN|[199]|this|auMainTopCompCtrl|true|false
14:42:34.0 (74522493)|VARIABLE_ASSIGNMENT|[199]|this|{"currentUser":"0x66c24448","iTypeOfScreen":82,"urlReportsSFA":"https://cs6.lightnin (84 more) ..."}|0x44f9e36c
14:42:34.0 (74531603)|STATEMENT_EXECUTE|[199]
14:42:34.0 (74563822)|VARIABLE_ASSIGNMENT|[EXTERNAL]|this|{"currentUser":"0x66c24448","iTypeOfScreen":82,"urlReportsSFA":"https://cs6.lightnin (84 more) ..."}|0x44f9e36c
14:42:34.0 (74608006)|VARIABLE_ASSIGNMENT|[EXTERNAL]|this|{"currentUser":"0x66c24448","iTypeOfScreen":82,"urlReportsSFA":"https://cs6.lightnin (84 more) ..."}|0x44f9e36c
14:42:34.0 (74639433)|VARIABLE_ASSIGNMENT|[EXTERNAL]|this|{"currentUser":"0x66c24448","iTypeOfScreen":82,"urlReportsSFA":"https://cs6.lightnin (84 more) ..."}|0x44f9e36c
14:42:34.0 (74680924)|VARIABLE_ASSIGNMENT|[EXTERNAL]|this|{"currentUser":"0x66c24448","iTypeOfScreen":82,"urlReportsSFA":"https://cs6.lightnin (84 more) ..."}|0x44f9e36c
14:42:34.0 (74711841)|VARIABLE_ASSIGNMENT|[EXTERNAL]|this|{"currentUser":"0x66c24448","iTypeOfScreen":82,"urlReportsSFA":"https://cs6.lightnin (84 more) ..."}|0x44f9e36c
14:42:34.0 (74722038)|STATEMENT_EXECUTE|[208]
14:42:34.0 (74723745)|STATEMENT_EXECUTE|[209]
14:42:34.0 (77579687)|SYSTEM_MODE_ENTER|true
14:42:34.0 (79326061)|SYSTEM_MODE_ENTER|true
14:42:34.0 (79376198)|HEAP_ALLOCATE|[EXTERNAL]|Bytes:40
14:42:34.0 (79388307)|VARIABLE_SCOPE_BEGIN|[59]|this|auMainTopCompCtrl|true|false
14:42:34.0 (79427896)|VARIABLE_ASSIGNMENT|[59]|this|{"currentUser":"0x66c24448","iTypeOfScreen":82,"urlReportsSFA":"https://cs6.lightnin (84 more) ..."}|0x44f9e36c
14:42:34.0 (79438096)|STATEMENT_EXECUTE|[59]
14:42:34.0 (79440232)|STATEMENT_EXECUTE|[60]
14:42:34.0 (79482863)|VARIABLE_ASSIGNMENT|[EXTERNAL]|this|{"currentUser":"0x66c24448","iTypeOfScreen":82,"urlReportsSFA":"https://cs6.lightnin (84 more) ..."}|0x44f9e36c
14:42:34.0 (79528611)|VARIABLE_ASSIGNMENT|[EXTERNAL]|this|{"currentUser":"0x66c24448","iTypeOfScreen":82,"urlReportsSFA":"https://cs6.lightnin (84 more) ..."}|0x44f9e36c
14:42:34.0 (79573786)|VARIABLE_ASSIGNMENT|[EXTERNAL]|this|{"currentUser":"0x66c24448","iTypeOfScreen":82,"urlReportsSFA":"https://cs6.lightnin (84 more) ..."}|0x44f9e36c
14:42:34.0 (79590932)|HEAP_ALLOCATE|[60]|Bytes:5
14:42:34.0 (79670712)|SYSTEM_MODE_ENTER|true
14:42:34.0 (79705826)|HEAP_ALLOCATE|[EXTERNAL]|Bytes:40
14:42:34.0 (79718651)|VARIABLE_SCOPE_BEGIN|[65]|this|auMainTopCompCtrl|true|false
14:42:34.0 (79753011)|VARIABLE_ASSIGNMENT|[65]|this|{"currentUser":"0x66c24448","iTypeOfScreen":82,"urlReportsSFA":"https://cs6.lightnin (84 more) ..."}|0x44f9e36c
14:42:34.0 (79762431)|STATEMENT_EXECUTE|[65]
14:42:34.0 (79764345)|STATEMENT_EXECUTE|[66]
14:42:34.0 (79804924)|VARIABLE_ASSIGNMENT|[EXTERNAL]|this|{"currentUser":"0x66c24448","iTypeOfScreen":82,"urlReportsSFA":"https://cs6.lightnin (84 more) ..."}|0x44f9e36c
14:42:34.0 (79844351)|VARIABLE_ASSIGNMENT|[EXTERNAL]|this|{"currentUser":"0x66c24448","iTypeOfScreen":82,"urlReportsSFA":"https://cs6.lightnin (84 more) ..."}|0x44f9e36c
14:42:34.0 (79858332)|HEAP_ALLOCATE|[66]|Bytes:5
14:42:34.0 (79923392)|SYSTEM_MODE_ENTER|true
14:42:34.0 (79955814)|HEAP_ALLOCATE|[EXTERNAL]|Bytes:40
14:42:34.0 (79962936)|VARIABLE_SCOPE_BEGIN|[75]|this|auMainTopCompCtrl|true|false
14:42:34.0 (79992549)|VARIABLE_ASSIGNMENT|[75]|this|{"currentUser":"0x66c24448","iTypeOfScreen":82,"urlReportsSFA":"https://cs6.lightnin (84 more) ..."}|0x44f9e36c
14:42:34.0 (80000927)|STATEMENT_EXECUTE|[75]
14:42:34.0 (80003259)|STATEMENT_EXECUTE|[76]
14:42:34.0 (80035317)|VARIABLE_ASSIGNMENT|[EXTERNAL]|this|{"currentUser":"0x66c24448","iTypeOfScreen":82,"urlReportsSFA":"https://cs6.lightnin (84 more) ..."}|0x44f9e36c
14:42:34.0 (80073863)|VARIABLE_ASSIGNMENT|[EXTERNAL]|this|{"currentUser":"0x66c24448","iTypeOfScreen":82,"urlReportsSFA":"https://cs6.lightnin (84 more) ..."}|0x44f9e36c
14:42:34.0 (80087259)|HEAP_ALLOCATE|[76]|Bytes:5
14:42:34.0 (80156390)|SYSTEM_MODE_ENTER|true
14:42:34.0 (80192865)|HEAP_ALLOCATE|[EXTERNAL]|Bytes:40
14:42:34.0 (80200152)|VARIABLE_SCOPE_BEGIN|[93]|this|auMainTopCompCtrl|true|false
14:42:34.0 (80230333)|VARIABLE_ASSIGNMENT|[93]|this|{"currentUser":"0x66c24448","iTypeOfScreen":82,"urlReportsSFA":"https://cs6.lightnin (84 more) ..."}|0x44f9e36c
14:42:34.0 (80238699)|STATEMENT_EXECUTE|[93]
14:42:34.0 (80240919)|STATEMENT_EXECUTE|[94]
14:42:34.0 (80271344)|VARIABLE_ASSIGNMENT|[EXTERNAL]|this|{"currentUser":"0x66c24448","iTypeOfScreen":82,"urlReportsSFA":"https://cs6.lightnin (84 more) ..."}|0x44f9e36c
14:42:34.0 (80313331)|VARIABLE_ASSIGNMENT|[EXTERNAL]|this|{"currentUser":"0x66c24448","iTypeOfScreen":82,"urlReportsSFA":"https://cs6.lightnin (84 more) ..."}|0x44f9e36c
14:42:34.0 (80329076)|HEAP_ALLOCATE|[94]|Bytes:5
14:42:34.0 (80452255)|SYSTEM_MODE_ENTER|true
14:42:34.0 (80596657)|SYSTEM_MODE_ENTER|true
14:42:34.0 (80822277)|SYSTEM_MODE_ENTER|true
14:42:34.0 (81018147)|SYSTEM_MODE_ENTER|true
14:42:34.0 (81055426)|SYSTEM_MODE_ENTER|true
14:42:34.0 (81090375)|SYSTEM_MODE_ENTER|true
14:42:34.0 (81516524)|SYSTEM_MODE_ENTER|true
14:42:34.0 (81564314)|HEAP_ALLOCATE|[EXTERNAL]|Bytes:132
14:42:34.0 (81578493)|VARIABLE_SCOPE_BEGIN|[410]|this|kdActivityListCtrl|true|false
14:42:34.0 (81783107)|VARIABLE_ASSIGNMENT|[410]|this|{"accAttachmentId":"00PN0000007A2dUMAS","currentUser":"0x64d2b4ad","errorMessage":"","eventCategory":"制度","eventDescription":"ADFHFDG\r\ndhbdfgh\r\nfdhfd\r\nghdf\r\nhbd\r\nfhb\r\nrd\r\njf","eventOwnerId":"","eventUpdate":"0x4ce64bed","eventUpdateEnd":"12:00","eventUpdateId":"00UN00000095NbmMAE","eventUpdateStart":"11:00","filterCategory":"","filterFreeText":"","filterMonth":"","hasData":true,"initSearchFlg":"true","isEditable":true,"lsEventUpdateAttachment":"0x24bdc2d9","orderBy":"EndDateTime","pageNum":1,"pageSize":20,"parentAcc":"0x42b340c3","recordsCount":1,"searchFilter":"","ssc":"0x33b5e3e4","whereStr":""}|0x3b84a019
14:42:34.0 (81807385)|SYSTEM_MODE_ENTER|false
14:42:34.0 (81817042)|HEAP_ALLOCATE|[411]|Bytes:5
14:42:34.0 (81822566)|STATEMENT_EXECUTE|[410]
14:42:34.0 (81824443)|STATEMENT_EXECUTE|[411]
14:42:34.0 (81836475)|HEAP_ALLOCATE|[411]|Bytes:4
14:42:34.0 (81907742)|VARIABLE_SCOPE_BEGIN|[411]|recs|List<kdActivityListCtrl.EventItem>|true|false
14:42:34.0 (81930391)|HEAP_ALLOCATE|[EXTERNAL]|Bytes:4
14:42:34.0 (81948322)|VARIABLE_ASSIGNMENT|[411]|recs|[]|0x5925bbd8
14:42:34.0 (82220744)|VARIABLE_ASSIGNMENT|[EXTERNAL]|this|{"accAttachmentId":"00PN0000007A2dUMAS","currentUser":"0x64d2b4ad","errorMessage":"","eventCategory":"制度","eventDescription":"ADFHFDG\r\ndhbdfgh\r\nfdhfd\r\nghdf\r\nhbd\r\nfhb\r\nrd\r\njf","eventOwnerId":"","eventUpdate":"0x4ce64bed","eventUpdateEnd":"12:00","eventUpdateId":"00UN00000095NbmMAE","eventUpdateStart":"11:00","filterCategory":"","filterFreeText":"","filterMonth":"","hasData":true,"initSearchFlg":"true","isEditable":true,"lsEventUpdateAttachment":"0x24bdc2d9","orderBy":"EndDateTime","pageNum":1,"pageSize":20,"parentAcc":"0x42b340c3","recordsCount":1,"searchFilter":"","ssc":"0x33b5e3e4","whereStr":""}|0x3b84a019
14:42:34.0 (82247986)|STATEMENT_EXECUTE|[413]
14:42:34.0 (82250135)|STATEMENT_EXECUTE|[414]
14:42:34.0 (82431942)|VARIABLE_ASSIGNMENT|[EXTERNAL]|this|{"accAttachmentId":"00PN0000007A2dUMAS","currentUser":"0x64d2b4ad","errorMessage":"","eventCategory":"制度","eventDescription":"ADFHFDG\r\ndhbdfgh\r\nfdhfd\r\nghdf\r\nhbd\r\nfhb\r\nrd\r\njf","eventOwnerId":"","eventUpdate":"0x4ce64bed","eventUpdateEnd":"12:00","eventUpdateId":"00UN00000095NbmMAE","eventUpdateStart":"11:00","filterCategory":"","filterFreeText":"","filterMonth":"","hasData":true,"initSearchFlg":"true","isEditable":true,"lsEventUpdateAttachment":"0x24bdc2d9","orderBy":"EndDateTime","pageNum":1,"pageSize":20,"parentAcc":"0x42b340c3","recordsCount":1,"searchFilter":"","ssc":"0x33b5e3e4","whereStr":""}|0x3b84a019
14:42:34.0 (82453171)|VARIABLE_SCOPE_BEGIN|[414]|events|List<Event>|true|false
14:42:34.0 (82530128)|VARIABLE_ASSIGNMENT|[414]|events|[{"OwnerId":"005N00000057RPNIA2","ActivityDate":"2018-07-03T00:00:00.000Z","EndDateTime":"2018-07-03T03:00:00.000Z","StartDateTime":"2018-07-03T02:00:00.000Z","auActivityRelated__c":"a0QN0000007qPJ4MAM","Id":"00UN00000095NbmMAE","RecordTypeId":"012N00000005d01IAA","Attachments":[{"ParentId":"00UN00000095NbmMAE","Id":"00PN0000007AYKeMAO","Name":"testscreenshot.jpg"}],"auActivityRelated__r":{"Activity_Description__c":"ADFHFDG\r\ndhbdfgh\r\nfd (27 more) ...","SubCategory__c":"制度","Id":"a0QN0000007qPJ4MAM"}}]|0x33b5e3e4
14:42:34.0 (82716610)|HEAP_ALLOCATE|[415]|Bytes:5
14:42:34.0 (82751797)|HEAP_ALLOCATE|[415]|Bytes:40
14:42:34.0 (82764541)|VARIABLE_SCOPE_BEGIN|[415]|e|Event|true|false
14:42:34.0 (82815459)|VARIABLE_ASSIGNMENT|[415]|e|{"OwnerId":"005N00000057RPNIA2","ActivityDate":"2018-07-03T00:00:00.000Z","EndDateTime":"2018-07-03T03:00:00.000Z","StartDateTime":"2018-07-03T02:00:00.000Z","auActivityRelated__c":"a0QN0000007qPJ4MAM","Id":"00UN00000095NbmMAE","RecordTypeId":"012N00000005d01IAA","Attachments":[{"ParentId":"00UN00000095NbmMAE","Id":"00PN0000007AYKeMAO","Name":"testscreenshot.jpg"}],"auActivityRelated__r":{"Activity_Description__c":"ADFHFDG\r\ndhbdfgh\r\nfd (27 more) ...","SubCategory__c":"制度","Id":"a0QN0000007qPJ4MAM"}}|0xf54eac3
14:42:34.0 (82827906)|STATEMENT_EXECUTE|[415]
14:42:34.0 (82829748)|STATEMENT_EXECUTE|[416]
14:42:34.0 (82909502)|HEAP_ALLOCATE|[416]|Bytes:276
14:42:34.0 (82916557)|HEAP_ALLOCATE|[416]|Bytes:35
14:42:34.0 (82936689)|HEAP_ALLOCATE|[416]|Bytes:40
14:42:34.0 (82952366)|CONSTRUCTOR_ENTRY|[416]|01pN0000000p0lc|<init>()|kdActivityListCtrl.EventItem
14:42:34.0 (82975274)|VARIABLE_SCOPE_BEGIN|[681]|this|kdActivityListCtrl.EventItem|true|false
14:42:34.0 (83036836)|VARIABLE_ASSIGNMENT|[681]|this|{}|0x4958ee81
14:42:34.0 (83051868)|HEAP_ALLOCATE|[EXTERNAL]|Bytes:6
14:42:34.0 (83089154)|STATEMENT_EXECUTE|[681]
14:42:34.0 (83091306)|STATEMENT_EXECUTE|[682]
14:42:34.0 (83092771)|STATEMENT_EXECUTE|[683]
14:42:34.0 (83094261)|STATEMENT_EXECUTE|[684]
14:42:34.0 (83095650)|STATEMENT_EXECUTE|[685]
14:42:34.0 (83097067)|STATEMENT_EXECUTE|[686]
14:42:34.0 (83098426)|STATEMENT_EXECUTE|[687]
14:42:34.0 (83099804)|STATEMENT_EXECUTE|[688]
14:42:34.0 (83101244)|STATEMENT_EXECUTE|[689]
14:42:34.0 (83108195)|STATEMENT_EXECUTE|[690]
14:42:34.0 (83112312)|CONSTRUCTOR_EXIT|[416]|01pN0000000p0lc|<init>()|kdActivityListCtrl.EventItem
14:42:34.0 (83119928)|VARIABLE_SCOPE_BEGIN|[416]|eventItem|kdActivityListCtrl.EventItem|true|false
14:42:34.0 (83141472)|VARIABLE_ASSIGNMENT|[416]|eventItem|{}|0x4958ee81
14:42:34.0 (83146898)|STATEMENT_EXECUTE|[417]
14:42:34.0 (83231724)|VARIABLE_ASSIGNMENT|[EXTERNAL]|this|{}|0x4958ee81
14:42:34.0 (83251149)|VARIABLE_ASSIGNMENT|[EXTERNAL]|value|"2018-07-03T00:00:00.000Z"
14:42:34.0 (83264686)|VARIABLE_ASSIGNMENT|[682]|this.activityDate|"2018-07-03T00:00:00.000Z"|0x4958ee81
14:42:34.0 (83274106)|STATEMENT_EXECUTE|[418]
14:42:34.0 (83326503)|HEAP_ALLOCATE|[418]|Bytes:5
14:42:34.0 (83368095)|VARIABLE_ASSIGNMENT|[EXTERNAL]|this|{"activityDate":"2018-07-03T00:00:00.000Z"}|0x4958ee81
14:42:34.0 (83378844)|VARIABLE_ASSIGNMENT|[EXTERNAL]|value|"11:00"
14:42:34.0 (83388149)|VARIABLE_ASSIGNMENT|[683]|this.startDate|"11:00"|0x4958ee81
14:42:34.0 (83397409)|STATEMENT_EXECUTE|[419]
14:42:34.0 (83422802)|HEAP_ALLOCATE|[419]|Bytes:5
14:42:34.0 (83464927)|VARIABLE_ASSIGNMENT|[EXTERNAL]|this|{"activityDate":"2018-07-03T00:00:00.000Z","startDate":"11:00"}|0x4958ee81
14:42:34.0 (83475353)|VARIABLE_ASSIGNMENT|[EXTERNAL]|value|"12:00"
14:42:34.0 (83484155)|VARIABLE_ASSIGNMENT|[684]|this.endDate|"12:00"|0x4958ee81
14:42:34.0 (83493622)|STATEMENT_EXECUTE|[420]
14:42:34.0 (83561564)|VARIABLE_ASSIGNMENT|[EXTERNAL]|this|{"activityDate":"2018-07-03T00:00:00.000Z","endDate":"12:00","startDate":"11:00"}|0x4958ee81
14:42:34.0 (83644488)|VARIABLE_ASSIGNMENT|[EXTERNAL]|value|"00UN00000095NbmMAE"
14:42:34.0 (83722118)|VARIABLE_ASSIGNMENT|[685]|this.eventId|"00UN00000095NbmMAE"|0x4958ee81
14:42:34.0 (83794309)|STATEMENT_EXECUTE|[421]
14:42:34.0 (83796504)|STATEMENT_EXECUTE|[422]
14:42:34.0 (83804292)|HEAP_ALLOCATE|[422]|Bytes:2
14:42:34.0 (83847958)|HEAP_ALLOCATE|[422]|Bytes:8
14:42:34.0 (83852838)|HEAP_ALLOCATE|[422]|Bytes:8
14:42:34.0 (83855777)|HEAP_ALLOCATE|[422]|Bytes:6
14:42:34.0 (83858322)|HEAP_ALLOCATE|[422]|Bytes:5
14:42:34.0 (83860814)|HEAP_ALLOCATE|[422]|Bytes:4
14:42:34.0 (83863933)|HEAP_ALLOCATE|[422]|Bytes:4
14:42:34.0 (83866611)|HEAP_ALLOCATE|[422]|Bytes:3
14:42:34.0 (83869423)|HEAP_ALLOCATE|[422]|Bytes:2
14:42:34.0 (83872634)|HEAP_ALLOCATE|[422]|Bytes:36
14:42:34.0 (83883071)|VARIABLE_SCOPE_BEGIN|[422]|tmp|List<String>|true|false
14:42:34.0 (83907098)|HEAP_ALLOCATE|[EXTERNAL]|Bytes:36
14:42:34.0 (83919691)|VARIABLE_ASSIGNMENT|[422]|tmp|"List of size 8 too large to display"|0xec51f7f
14:42:34.0 (83925562)|STATEMENT_EXECUTE|[423]
14:42:34.0 (83928719)|HEAP_ALLOCATE|[423]|Bytes:5
14:42:34.0 (83959785)|HEAP_ALLOCATE|[423]|Bytes:56
14:42:34.0 (83979244)|HEAP_ALLOCATE|[423]|Bytes:61
14:42:34.0 (83998278)|USER_DEBUG|[423]|DEBUG|tmp: (ADFHFDG
, dhbdfgh
, fdhfd
, ghdf
, hbd
, fhb
, rd
, jf)
14:42:34.0 (84007867)|STATEMENT_EXECUTE|[425]
14:42:34.0 (84039716)|HEAP_ALLOCATE|[425]|Bytes:8
14:42:34.0 (84057490)|HEAP_ALLOCATE|[425]|Bytes:1
14:42:34.0 (84063065)|HEAP_ALLOCATE|[425]|Bytes:8
14:42:34.0 (84068362)|HEAP_ALLOCATE|[425]|Bytes:9
14:42:34.0 (84073318)|HEAP_ALLOCATE|[425]|Bytes:17
14:42:34.0 (84208873)|VARIABLE_ASSIGNMENT|[EXTERNAL]|this|{"activityDate":"2018-07-03T00:00:00Z","endDate":"12:00","eventId":"00UN00000095NbmMAE","startDate":"11:00"}|0x4958ee81
14:42:34.0 (84222732)|VARIABLE_ASSIGNMENT|[EXTERNAL]|value|"ADFHFDG\r\ndhbdfgh\r"
14:42:34.0 (84239277)|VARIABLE_ASSIGNMENT|[686]|this.description|"ADFHFDG\r\ndhbdfgh\r"|0x4958ee81
14:42:34.0 (84249601)|STATEMENT_EXECUTE|[431]
14:42:34.0 (84389923)|VARIABLE_ASSIGNMENT|[EXTERNAL]|this|{"activityDate":"2018-07-03T00:00:00Z","description":"ADFHFDG\r\ndhbdfgh\r","endDate":"12:00","eventId":"00UN00000095NbmMAE","startDate":"11:00"}|0x4958ee81
14:42:34.0 (84402968)|VARIABLE_ASSIGNMENT|[EXTERNAL]|value|"制度"
14:42:34.0 (84412130)|VARIABLE_ASSIGNMENT|[687]|this.category|"制度"|0x4958ee81
14:42:34.0 (84421554)|STATEMENT_EXECUTE|[432]
14:42:34.0 (84457112)|HEAP_ALLOCATE|[432]|Bytes:18
14:42:34.0 (84606037)|VARIABLE_ASSIGNMENT|[EXTERNAL]|this|{"activityDate":"2018-07-03T00:00:00Z","category":"制度","description":"ADFHFDG\r\ndhbdfgh\r","endDate":"12:00","eventId":"00UN00000095NbmMAE","startDate":"11:00"}|0x4958ee81
14:42:34.0 (84621563)|VARIABLE_ASSIGNMENT|[EXTERNAL]|value|"a0QN0000007qPJ4MAM"
14:42:34.0 (84632214)|VARIABLE_ASSIGNMENT|[688]|this.referrenceId|"a0QN0000007qPJ4MAM"|0x4958ee81
14:42:34.0 (84641731)|STATEMENT_EXECUTE|[433]
14:42:34.0 (84650225)|HEAP_ALLOCATE|[433]|Bytes:18
14:42:34.0 (84799372)|VARIABLE_ASSIGNMENT|[EXTERNAL]|this|{"activityDate":"2018-07-03T00:00:00Z","category":"制度","description":"ADFHFDG\r\ndhbdfgh\r","endDate":"12:00","eventId":"00UN00000095NbmMAE","referrenceId":"a0QN0000007qPJ4MAM","startDate":"11:00"}|0x4958ee81
14:42:34.0 (84813753)|VARIABLE_ASSIGNMENT|[EXTERNAL]|value|"005N00000057RPNIA2"
14:42:34.0 (84823851)|VARIABLE_ASSIGNMENT|[689]|this.ownerId|"005N00000057RPNIA2"|0x4958ee81
14:42:34.0 (84832449)|STATEMENT_EXECUTE|[434]
14:42:34.0 (84836666)|HEAP_ALLOCATE|[434]|Bytes:11
14:42:34.0 (84841589)|HEAP_ALLOCATE|[434]|Bytes:10
14:42:34.0 (84885459)|HEAP_ALLOCATE|[EXTERNAL]|Bytes:8
14:42:34.0 (84909377)|HEAP_ALLOCATE|[434]|Bytes:8
14:42:34.0 (84926408)|HEAP_ALLOCATE|[EXTERNAL]|Bytes:8
14:42:34.0 (84937799)|HEAP_ALLOCATE|[434]|Bytes:8
14:42:34.0 (85117321)|VARIABLE_ASSIGNMENT|[EXTERNAL]|this|{"activityDate":"2018-07-03T00:00:00Z","category":"制度","description":"ADFHFDG\r\ndhbdfgh\r","endDate":"12:00","eventId":"00UN00000095NbmMAE","ownerId":"005N00000057RPNIA2","referrenceId":"a0QN0000007qPJ4MAM","startDate":"11:00"}|0x4958ee81
14:42:34.0 (85135462)|VARIABLE_ASSIGNMENT|[EXTERNAL]|value|true
14:42:34.0 (85143115)|HEAP_ALLOCATE|[690]|Bytes:5
14:42:34.0 (85151623)|VARIABLE_ASSIGNMENT|[690]|this.hasAttachment|true|0x4958ee81
14:42:34.0 (85160518)|STATEMENT_EXECUTE|[435]
14:42:34.0 (85194180)|HEAP_ALLOCATE|[EXTERNAL]|Bytes:4
14:42:34.0 (85211636)|HEAP_ALLOCATE|[415]|Bytes:5
14:42:34.0 (85226908)|VARIABLE_ASSIGNMENT|[415]|e|null|
14:42:34.0 (85232475)|STATEMENT_EXECUTE|[438]
14:42:34.0 (85434950)|VARIABLE_ASSIGNMENT|[EXTERNAL]|this|{"accAttachmentId":"00PN0000007A2dUMAS","currentUser":"0x64d2b4ad","errorMessage":"","eventCategory":"制度","eventDescription":"ADFHFDG\r\ndhbdfgh\r\nfdhfd\r\nghdf\r\nhbd\r\nfhb\r\nrd\r\njf","eventOwnerId":"","eventUpdate":"0x4ce64bed","eventUpdateEnd":"12:00","eventUpdateId":"00UN00000095NbmMAE","eventUpdateStart":"11:00","filterCategory":"","filterFreeText":"","filterMonth":"","hasData":true,"initSearchFlg":"true","isEditable":true,"lsEventUpdateAttachment":"0x24bdc2d9","orderBy":"EndDateTime","pageNum":1,"pageSize":20,"parentAcc":"0x42b340c3","recordsCount":1,"searchFilter":"","ssc":"0x33b5e3e4","whereStr":""}|0x3b84a019
14:42:34.0 (85455858)|VARIABLE_ASSIGNMENT|[EXTERNAL]|value|true
14:42:34.0 (85465124)|HEAP_ALLOCATE|[71]|Bytes:5
14:42:34.0 (85475482)|VARIABLE_ASSIGNMENT|[71]|this.hasData|true|0x3b84a019
14:42:34.0 (85484189)|STATEMENT_EXECUTE|[439]
14:42:34.0 (85489186)|SYSTEM_MODE_EXIT|false
14:42:34.0 (88551551)|SYSTEM_MODE_ENTER|true
14:42:34.0 (88782460)|SYSTEM_MODE_ENTER|true
14:42:34.0 (88850418)|SYSTEM_MODE_ENTER|true
14:42:34.0 (89282879)|SYSTEM_MODE_ENTER|true
14:42:34.0 (89327451)|HEAP_ALLOCATE|[EXTERNAL]|Bytes:132
14:42:34.0 (89337129)|VARIABLE_SCOPE_BEGIN|[82]|this|kdActivityListCtrl|true|false
14:42:34.0 (89551252)|VARIABLE_ASSIGNMENT|[82]|this|{"accAttachmentId":"00PN0000007A2dUMAS","currentUser":"0x64d2b4ad","errorMessage":"","eventCategory":"制度","eventDescription":"ADFHFDG\r\ndhbdfgh\r\nfdhfd\r\nghdf\r\nhbd\r\nfhb\r\nrd\r\njf","eventOwnerId":"","eventUpdate":"0x4ce64bed","eventUpdateEnd":"12:00","eventUpdateId":"00UN00000095NbmMAE","eventUpdateStart":"11:00","filterCategory":"","filterFreeText":"","filterMonth":"","hasData":true,"initSearchFlg":"true","isEditable":true,"lsEventUpdateAttachment":"0x24bdc2d9","orderBy":"EndDateTime","pageNum":1,"pageSize":20,"parentAcc":"0x42b340c3","recordsCount":1,"searchFilter":"","ssc":"0x33b5e3e4","whereStr":""}|0x3b84a019
14:42:34.0 (89576931)|SYSTEM_MODE_ENTER|false
14:42:34.0 (89585712)|HEAP_ALLOCATE|[83]|Bytes:5
14:42:34.0 (89590691)|STATEMENT_EXECUTE|[82]
14:42:34.0 (89592712)|STATEMENT_EXECUTE|[83]
14:42:34.0 (89602574)|HEAP_ALLOCATE|[83]|Bytes:4
14:42:34.0 (89629493)|VARIABLE_SCOPE_BEGIN|[83]|options|List<System.SelectOption>|true|false
14:42:34.0 (89653003)|HEAP_ALLOCATE|[EXTERNAL]|Bytes:4
14:42:34.0 (89662902)|VARIABLE_ASSIGNMENT|[83]|options|[]|0x486c6617
14:42:34.0 (89671045)|HEAP_ALLOCATE|[83]|Bytes:20
14:42:34.0 (89677712)|HEAP_ALLOCATE|[83]|Bytes:14
14:42:34.0 (90027756)|HEAP_ALLOCATE|[84]|Bytes:8
14:42:34.0 (90123791)|HEAP_ALLOCATE|[EXTERNAL]|Bytes:20
14:42:34.0 (90172454)|HEAP_ALLOCATE|[84]|Bytes:20
14:42:34.0 (90272114)|HEAP_ALLOCATE|[84]|Bytes:5
14:42:34.0 (90301678)|HEAP_ALLOCATE|[84]|Bytes:4
14:42:34.0 (90323782)|VARIABLE_SCOPE_BEGIN|[84]|f|Schema.PicklistEntry|true|false
14:42:34.0 (90345473)|VARIABLE_ASSIGNMENT|[84]|f|仕組|0x707da5a2
14:42:34.0 (90351871)|STATEMENT_EXECUTE|[84]
14:42:34.0 (90353904)|STATEMENT_EXECUTE|[85]
14:42:34.0 (90372329)|HEAP_ALLOCATE|[85]|Bytes:2
14:42:34.0 (90382042)|HEAP_ALLOCATE|[85]|Bytes:2
14:42:34.0 (90434401)|HEAP_ALLOCATE|[EXTERNAL]|Bytes:4
14:42:34.0 (90452833)|HEAP_ALLOCATE|[84]|Bytes:5
14:42:34.0 (90463971)|HEAP_ALLOCATE|[84]|Bytes:4
14:42:34.0 (90478145)|VARIABLE_SCOPE_BEGIN|[84]|f|Schema.PicklistEntry|true|false
14:42:34.0 (90489518)|VARIABLE_ASSIGNMENT|[84]|f|制度|0x146fd899
14:42:34.0 (90495258)|STATEMENT_EXECUTE|[84]
14:42:34.0 (90496805)|STATEMENT_EXECUTE|[85]
14:42:34.0 (90504365)|HEAP_ALLOCATE|[85]|Bytes:2
14:42:34.0 (90514453)|HEAP_ALLOCATE|[85]|Bytes:2
14:42:34.0 (90526261)|HEAP_ALLOCATE|[EXTERNAL]|Bytes:4
14:42:34.0 (90538083)|HEAP_ALLOCATE|[84]|Bytes:5
14:42:34.0 (90548234)|HEAP_ALLOCATE|[84]|Bytes:4
14:42:34.0 (90559226)|VARIABLE_SCOPE_BEGIN|[84]|f|Schema.PicklistEntry|true|false
14:42:34.0 (90569706)|VARIABLE_ASSIGNMENT|[84]|f|意識|0x1e338bf6
14:42:34.0 (90575201)|STATEMENT_EXECUTE|[84]
14:42:34.0 (90576772)|STATEMENT_EXECUTE|[85]
14:42:34.0 (90582880)|HEAP_ALLOCATE|[85]|Bytes:2
14:42:34.0 (90592686)|HEAP_ALLOCATE|[85]|Bytes:2
14:42:34.0 (90601691)|HEAP_ALLOCATE|[EXTERNAL]|Bytes:4
14:42:34.0 (90612078)|HEAP_ALLOCATE|[84]|Bytes:5
14:42:34.0 (90621846)|HEAP_ALLOCATE|[84]|Bytes:4
14:42:34.0 (90632240)|VARIABLE_SCOPE_BEGIN|[84]|f|Schema.PicklistEntry|true|false
14:42:34.0 (90641926)|VARIABLE_ASSIGNMENT|[84]|f|風土|0x1eab367c
14:42:34.0 (90647145)|STATEMENT_EXECUTE|[84]
14:42:34.0 (90648625)|STATEMENT_EXECUTE|[85]
14:42:34.0 (90654006)|HEAP_ALLOCATE|[85]|Bytes:2
14:42:34.0 (90659403)|HEAP_ALLOCATE|[85]|Bytes:2
14:42:34.0 (90667791)|HEAP_ALLOCATE|[EXTERNAL]|Bytes:4
14:42:34.0 (90677735)|HEAP_ALLOCATE|[84]|Bytes:5
14:42:34.0 (90686898)|VARIABLE_ASSIGNMENT|[84]|f|null|
14:42:34.0 (90691229)|STATEMENT_EXECUTE|[87]
14:42:34.0 (90695837)|SYSTEM_MODE_EXIT|false
14:42:34.0 (90859974)|SYSTEM_MODE_ENTER|true
14:42:34.0 (91146916)|SYSTEM_MODE_ENTER|true
14:42:34.0 (95482797)|VF_SERIALIZE_VIEWSTATE_BEGIN|066N0000000R0yN
14:42:34.0 (100728996)|VF_SERIALIZE_VIEWSTATE_END
14:42:34.110 (110071273)|CUMULATIVE_LIMIT_USAGE
14:42:34.110 (110071273)|LIMIT_USAGE_FOR_NS|(default)|
  Number of SOQL queries: 2 out of 100
  Number of query rows: 3 out of 50000
  Number of SOSL queries: 0 out of 20
  Number of DML statements: 0 out of 150
  Number of DML rows: 0 out of 10000
  Maximum CPU time: 0 out of 10000
  Maximum heap size: 0 out of 6000000
  Number of callouts: 0 out of 100
  Number of Email Invocations: 0 out of 10
  Number of future calls: 0 out of 50
  Number of queueable jobs added to the queue: 0 out of 50
  Number of Mobile Apex push calls: 0 out of 10

14:42:34.110 (110071273)|CUMULATIVE_LIMIT_USAGE_END

14:42:34.0 (110111296)|CODE_UNIT_FINISHED|VF: /apex/kdActivityList
14:42:34.0 (110863605)|EXECUTION_FINISHED
