42.0 APEX_CODE,FINEST;APEX_PROFILING,INFO;CALLOUT,INFO;DB,INFO;SYSTEM,DEBUG;VALIDATION,INFO;VISUALFORCE,INFO;WAVE,INFO;WORKFLOW,INFO
17:39:38.0 (225631)|USER_INFO|[EXTERNAL]|0056F000006PtYl|gwadmin@gw.jp.kddi.gwdev01|日本標準時|GMT+09:00
17:39:38.0 (257449)|EXECUTION_STARTED
17:39:38.0 (261081)|CODE_UNIT_STARTED|[EXTERNAL]|VisualForce View State
17:39:38.0 (3574463)|HEAP_ALLOCATE|[72]|Bytes:3
17:39:38.0 (3600204)|HEAP_ALLOCATE|[77]|Bytes:152
17:39:38.0 (3610583)|HEAP_ALLOCATE|[342]|Bytes:408
17:39:38.0 (3621974)|HEAP_ALLOCATE|[355]|Bytes:408
17:39:38.0 (3631766)|HEAP_ALLOCATE|[467]|Bytes:48
17:39:38.0 (3653200)|HEAP_ALLOCATE|[139]|Bytes:6
17:39:38.0 (7155119)|CODE_UNIT_FINISHED|VisualForce View State
17:39:38.0 (7933919)|EXECUTION_FINISHED
17:39:38.464 (464115609)|USER_INFO|[EXTERNAL]|0056F000006PtYl|gwadmin@gw.jp.kddi.gwdev01|日本標準時|GMT+09:00
17:39:38.464 (464824399)|SYSTEM_MODE_ENTER|true
17:39:38.464 (466421638)|HEAP_ALLOCATE|[EXTERNAL]|Bytes:120
17:39:38.464 (466438789)|HEAP_ALLOCATE|[EXTERNAL]|Bytes:10
17:39:38.464 (466452322)|SYSTEM_METHOD_ENTRY|[1]|pagemessagecomponentcontroller.pagemessagecomponentcontroller()
17:39:38.464 (466457774)|STATEMENT_EXECUTE|[1]
17:39:38.491 (491947690)|CUMULATIVE_LIMIT_USAGE
17:39:38.491 (491947690)|LIMIT_USAGE_FOR_NS|(default)|
  Number of SOQL queries: 0 out of 100
  Number of query rows: 0 out of 50000
  Number of SOSL queries: 0 out of 20
  Number of DML statements: 0 out of 150
  Number of DML rows: 0 out of 10000
  Maximum CPU time: 0 out of 10000
  Maximum heap size: 0 out of 6000000
  Number of callouts: 0 out of 100
  Number of Email Invocations: 0 out of 10
  Number of future calls: 0 out of 50
  Number of queueable jobs added to the queue: 0 out of 50
  Number of Mobile Apex push calls: 0 out of 10

17:39:38.491 (491947690)|CUMULATIVE_LIMIT_USAGE_END

