42.0 APEX_CODE,FINEST;APEX_PROFILING,INFO;CALLOUT,INFO;DB,INFO;NBA,INFO;SYSTEM,DEBUG;VALIDATION,INFO;VISUALFORCE,INFO;WAVE,INFO;WORKFLOW,INFO
10:43:56.0 (72440)|USER_INFO|[EXTERNAL]|005N00000057PfO|thomas.remy+kddi_gwdev01@globalway.co.jp|Japan Standard Time|GMT+09:00
10:43:56.0 (112837)|EXECUTION_STARTED
10:43:56.0 (117664)|CODE_UNIT_STARTED|[EXTERNAL]|066N0000000M4pW|VF: /apex/sadailyreport
10:43:56.0 (255778)|VF_DESERIALIZE_VIEWSTATE_BEGIN|066N0000000M4pW
10:43:56.0 (3487301)|HEAP_ALLOCATE|[72]|Bytes:3
10:43:56.0 (3530555)|HEAP_ALLOCATE|[77]|Bytes:152
10:43:56.0 (3547601)|HEAP_ALLOCATE|[342]|Bytes:408
10:43:56.0 (3562556)|HEAP_ALLOCATE|[355]|Bytes:408
10:43:56.0 (3577050)|HEAP_ALLOCATE|[467]|Bytes:48
10:43:56.0 (3606178)|HEAP_ALLOCATE|[139]|Bytes:6
10:43:56.0 (4420581)|HEAP_ALLOCATE|[50]|Bytes:5
10:43:56.0 (4450708)|HEAP_ALLOCATE|[56]|Bytes:5
10:43:56.0 (4460620)|HEAP_ALLOCATE|[64]|Bytes:7
10:43:56.0 (5181488)|VARIABLE_SCOPE_BEGIN|[3]|saDailyReportCtrl.SOURCE|String|false|true
10:43:56.0 (5194504)|VARIABLE_SCOPE_BEGIN|[4]|saDailyReportCtrl.SOURCE_ID|String|false|true
10:43:56.0 (6525398)|VARIABLE_SCOPE_BEGIN|[25]|auMainTopCompCtrl.TYPE_SCREEN_ACCOUNT_LIST|Integer|false|true
10:43:56.0 (6537760)|VARIABLE_SCOPE_BEGIN|[26]|auMainTopCompCtrl.TYPE_SCREEN_ACTIVITY_LIST|Integer|false|true
10:43:56.0 (6544186)|VARIABLE_SCOPE_BEGIN|[7]|auMainTopCompCtrl.TYPE_SCREEN_CX_SCREEN|Integer|false|true
10:43:56.0 (6550369)|VARIABLE_SCOPE_BEGIN|[8]|auMainTopCompCtrl.TYPE_SCREEN_CX_TIMELINE|Integer|false|true
10:43:56.0 (6557268)|VARIABLE_SCOPE_BEGIN|[9]|auMainTopCompCtrl.TYPE_SCREEN_EVENT_SCHEDULE|Integer|false|true
10:43:56.0 (6564029)|VARIABLE_SCOPE_BEGIN|[10]|auMainTopCompCtrl.TYPE_SCREEN_EVENT_SCHEDULE_LIST|Integer|false|true
10:43:56.0 (6570680)|VARIABLE_SCOPE_BEGIN|[27]|auMainTopCompCtrl.TYPE_SCREEN_FILE_LIST|Integer|false|true
10:43:56.0 (6579645)|VARIABLE_SCOPE_BEGIN|[24]|auMainTopCompCtrl.TYPE_SCREEN_HONBU_DIRECT|Integer|false|true
10:43:56.0 (6587892)|VARIABLE_SCOPE_BEGIN|[11]|auMainTopCompCtrl.TYPE_SCREEN_KNOWLEDGE_DASHBOARD|Integer|false|true
10:43:56.0 (6595270)|VARIABLE_SCOPE_BEGIN|[12]|auMainTopCompCtrl.TYPE_SCREEN_KNOWLEDGE_LIST|Integer|false|true
10:43:56.0 (6602128)|VARIABLE_SCOPE_BEGIN|[15]|auMainTopCompCtrl.TYPE_SCREEN_SA_CHATTER|Integer|false|true
10:43:56.0 (6608514)|VARIABLE_SCOPE_BEGIN|[16]|auMainTopCompCtrl.TYPE_SCREEN_SA_DAILYREPORT|Integer|false|true
10:43:56.0 (6614563)|VARIABLE_SCOPE_BEGIN|[22]|auMainTopCompCtrl.TYPE_SCREEN_SA_DAILYREPORTLIST|Integer|false|true
10:43:56.0 (6620600)|VARIABLE_SCOPE_BEGIN|[18]|auMainTopCompCtrl.TYPE_SCREEN_SA_DOCUMENTS|Integer|false|true
10:43:56.0 (6626376)|VARIABLE_SCOPE_BEGIN|[17]|auMainTopCompCtrl.TYPE_SCREEN_SA_ENQUETE|Integer|false|true
10:43:56.0 (6632290)|VARIABLE_SCOPE_BEGIN|[20]|auMainTopCompCtrl.TYPE_SCREEN_SA_LINKS|Integer|false|true
10:43:56.0 (6638346)|VARIABLE_SCOPE_BEGIN|[13]|auMainTopCompCtrl.TYPE_SCREEN_SA_MESSAGES|Integer|false|true
10:43:56.0 (6644317)|VARIABLE_SCOPE_BEGIN|[19]|auMainTopCompCtrl.TYPE_SCREEN_SA_RANKING|Integer|false|true
10:43:56.0 (6650086)|VARIABLE_SCOPE_BEGIN|[14]|auMainTopCompCtrl.TYPE_SCREEN_SA_REPORTS|Integer|false|true
10:43:56.0 (6656011)|VARIABLE_SCOPE_BEGIN|[23]|auMainTopCompCtrl.TYPE_SCREEN_SA_TODO|Integer|false|true
10:43:56.0 (6662045)|VARIABLE_SCOPE_BEGIN|[21]|auMainTopCompCtrl.TYPE_SCREEN_SA_USRSETTINGS|Integer|false|true
10:43:56.0 (6668246)|VARIABLE_SCOPE_BEGIN|[4]|auMainTopCompCtrl.TYPE_SCREEN_STPD_EVENT|Integer|false|true
10:43:56.0 (6674608)|VARIABLE_SCOPE_BEGIN|[6]|auMainTopCompCtrl.TYPE_SCREEN_STPD_SCREEN|Integer|false|true
10:43:56.0 (6680590)|VARIABLE_SCOPE_BEGIN|[5]|auMainTopCompCtrl.TYPE_SCREEN_STPD_TIMELINE|Integer|false|true
10:43:56.0 (6686643)|VARIABLE_SCOPE_BEGIN|[3]|auMainTopCompCtrl.TYPE_SCREEN_SWITCH|Integer|false|true
10:43:56.0 (7887955)|VF_DESERIALIZE_VIEWSTATE_END
10:43:56.0 (9974783)|SYSTEM_MODE_ENTER|true
10:43:56.0 (10236121)|HEAP_ALLOCATE|[EXTERNAL]|Bytes:284
10:43:56.0 (10249614)|HEAP_ALLOCATE|[EXTERNAL]|Bytes:146
10:43:56.0 (10263728)|METHOD_ENTRY|[1]|01pN0000000Mill|auMainTopCompCtrl.auMainTopCompCtrl()
10:43:56.0 (10270695)|STATEMENT_EXECUTE|[1]
10:43:56.0 (10276214)|STATEMENT_EXECUTE|[1]
10:43:56.0 (10278098)|STATEMENT_EXECUTE|[3]
10:43:56.0 (10285041)|HEAP_ALLOCATE|[3]|Bytes:4
10:43:56.0 (10309005)|VARIABLE_ASSIGNMENT|[3]|auMainTopCompCtrl.TYPE_SCREEN_SWITCH|0
10:43:56.0 (10314531)|STATEMENT_EXECUTE|[4]
10:43:56.0 (10317371)|HEAP_ALLOCATE|[4]|Bytes:4
10:43:56.0 (10325605)|VARIABLE_ASSIGNMENT|[4]|auMainTopCompCtrl.TYPE_SCREEN_STPD_EVENT|11
10:43:56.0 (10330540)|STATEMENT_EXECUTE|[5]
10:43:56.0 (10333523)|HEAP_ALLOCATE|[5]|Bytes:4
10:43:56.0 (10339916)|VARIABLE_ASSIGNMENT|[5]|auMainTopCompCtrl.TYPE_SCREEN_STPD_TIMELINE|12
10:43:56.0 (10343891)|STATEMENT_EXECUTE|[6]
10:43:56.0 (10345891)|HEAP_ALLOCATE|[6]|Bytes:4
10:43:56.0 (10352631)|VARIABLE_ASSIGNMENT|[6]|auMainTopCompCtrl.TYPE_SCREEN_STPD_SCREEN|13
10:43:56.0 (10356266)|STATEMENT_EXECUTE|[7]
10:43:56.0 (10358236)|HEAP_ALLOCATE|[7]|Bytes:4
10:43:56.0 (10363424)|VARIABLE_ASSIGNMENT|[7]|auMainTopCompCtrl.TYPE_SCREEN_CX_SCREEN|21
10:43:56.0 (10367046)|STATEMENT_EXECUTE|[8]
10:43:56.0 (10368910)|HEAP_ALLOCATE|[8]|Bytes:4
10:43:56.0 (10374250)|VARIABLE_ASSIGNMENT|[8]|auMainTopCompCtrl.TYPE_SCREEN_CX_TIMELINE|22
10:43:56.0 (10378760)|STATEMENT_EXECUTE|[9]
10:43:56.0 (10380812)|HEAP_ALLOCATE|[9]|Bytes:4
10:43:56.0 (10386502)|VARIABLE_ASSIGNMENT|[9]|auMainTopCompCtrl.TYPE_SCREEN_EVENT_SCHEDULE|31
10:43:56.0 (10390455)|STATEMENT_EXECUTE|[10]
10:43:56.0 (10392521)|HEAP_ALLOCATE|[10]|Bytes:4
10:43:56.0 (10397947)|VARIABLE_ASSIGNMENT|[10]|auMainTopCompCtrl.TYPE_SCREEN_EVENT_SCHEDULE_LIST|32
10:43:56.0 (10401720)|STATEMENT_EXECUTE|[11]
10:43:56.0 (10403813)|HEAP_ALLOCATE|[11]|Bytes:4
10:43:56.0 (10409718)|VARIABLE_ASSIGNMENT|[11]|auMainTopCompCtrl.TYPE_SCREEN_KNOWLEDGE_DASHBOARD|41
10:43:56.0 (10414201)|STATEMENT_EXECUTE|[12]
10:43:56.0 (10416160)|HEAP_ALLOCATE|[12]|Bytes:4
10:43:56.0 (10421719)|VARIABLE_ASSIGNMENT|[12]|auMainTopCompCtrl.TYPE_SCREEN_KNOWLEDGE_LIST|42
10:43:56.0 (10425220)|STATEMENT_EXECUTE|[13]
10:43:56.0 (10427235)|HEAP_ALLOCATE|[13]|Bytes:4
10:43:56.0 (10432812)|VARIABLE_ASSIGNMENT|[13]|auMainTopCompCtrl.TYPE_SCREEN_SA_MESSAGES|51
10:43:56.0 (10436158)|STATEMENT_EXECUTE|[14]
10:43:56.0 (10438098)|HEAP_ALLOCATE|[14]|Bytes:4
10:43:56.0 (10443978)|VARIABLE_ASSIGNMENT|[14]|auMainTopCompCtrl.TYPE_SCREEN_SA_REPORTS|52
10:43:56.0 (10447704)|STATEMENT_EXECUTE|[15]
10:43:56.0 (10449672)|HEAP_ALLOCATE|[15]|Bytes:4
10:43:56.0 (10454932)|VARIABLE_ASSIGNMENT|[15]|auMainTopCompCtrl.TYPE_SCREEN_SA_CHATTER|53
10:43:56.0 (10458117)|STATEMENT_EXECUTE|[16]
10:43:56.0 (10460444)|HEAP_ALLOCATE|[16]|Bytes:4
10:43:56.0 (10466165)|VARIABLE_ASSIGNMENT|[16]|auMainTopCompCtrl.TYPE_SCREEN_SA_DAILYREPORT|54
10:43:56.0 (10469468)|STATEMENT_EXECUTE|[17]
10:43:56.0 (10471474)|HEAP_ALLOCATE|[17]|Bytes:4
10:43:56.0 (10476849)|VARIABLE_ASSIGNMENT|[17]|auMainTopCompCtrl.TYPE_SCREEN_SA_ENQUETE|55
10:43:56.0 (10480780)|STATEMENT_EXECUTE|[18]
10:43:56.0 (10482758)|HEAP_ALLOCATE|[18]|Bytes:4
10:43:56.0 (10488544)|VARIABLE_ASSIGNMENT|[18]|auMainTopCompCtrl.TYPE_SCREEN_SA_DOCUMENTS|56
10:43:56.0 (10492009)|STATEMENT_EXECUTE|[19]
10:43:56.0 (10494043)|HEAP_ALLOCATE|[19]|Bytes:4
10:43:56.0 (10499672)|VARIABLE_ASSIGNMENT|[19]|auMainTopCompCtrl.TYPE_SCREEN_SA_RANKING|57
10:43:56.0 (10503463)|STATEMENT_EXECUTE|[20]
10:43:56.0 (10505441)|HEAP_ALLOCATE|[20]|Bytes:4
10:43:56.0 (10511121)|VARIABLE_ASSIGNMENT|[20]|auMainTopCompCtrl.TYPE_SCREEN_SA_LINKS|58
10:43:56.0 (10514665)|STATEMENT_EXECUTE|[21]
10:43:56.0 (10516868)|HEAP_ALLOCATE|[21]|Bytes:4
10:43:56.0 (10522583)|VARIABLE_ASSIGNMENT|[21]|auMainTopCompCtrl.TYPE_SCREEN_SA_USRSETTINGS|59
10:43:56.0 (10526874)|STATEMENT_EXECUTE|[22]
10:43:56.0 (10528994)|HEAP_ALLOCATE|[22]|Bytes:4
10:43:56.0 (10534377)|VARIABLE_ASSIGNMENT|[22]|auMainTopCompCtrl.TYPE_SCREEN_SA_DAILYREPORTLIST|60
10:43:56.0 (10538503)|STATEMENT_EXECUTE|[23]
10:43:56.0 (10540371)|HEAP_ALLOCATE|[23]|Bytes:4
10:43:56.0 (10548402)|VARIABLE_ASSIGNMENT|[23]|auMainTopCompCtrl.TYPE_SCREEN_SA_TODO|61
10:43:56.0 (10552156)|STATEMENT_EXECUTE|[24]
10:43:56.0 (10554082)|HEAP_ALLOCATE|[24]|Bytes:4
10:43:56.0 (10559560)|VARIABLE_ASSIGNMENT|[24]|auMainTopCompCtrl.TYPE_SCREEN_HONBU_DIRECT|71
10:43:56.0 (10563444)|STATEMENT_EXECUTE|[25]
10:43:56.0 (10565462)|HEAP_ALLOCATE|[25]|Bytes:4
10:43:56.0 (10570972)|VARIABLE_ASSIGNMENT|[25]|auMainTopCompCtrl.TYPE_SCREEN_ACCOUNT_LIST|81
10:43:56.0 (10574664)|STATEMENT_EXECUTE|[26]
10:43:56.0 (10576844)|HEAP_ALLOCATE|[26]|Bytes:4
10:43:56.0 (10581754)|VARIABLE_ASSIGNMENT|[26]|auMainTopCompCtrl.TYPE_SCREEN_ACTIVITY_LIST|82
10:43:56.0 (10585882)|STATEMENT_EXECUTE|[27]
10:43:56.0 (10588186)|HEAP_ALLOCATE|[27]|Bytes:4
10:43:56.0 (10593512)|VARIABLE_ASSIGNMENT|[27]|auMainTopCompCtrl.TYPE_SCREEN_FILE_LIST|83
10:43:56.0 (10601118)|METHOD_EXIT|[1]|auMainTopCompCtrl
10:43:56.0 (10607032)|HEAP_ALLOCATE|[EXTERNAL]|Bytes:40
10:43:56.0 (10614071)|VARIABLE_SCOPE_BEGIN|[80]|this|auMainTopCompCtrl|true|false
10:43:56.0 (10670788)|VARIABLE_ASSIGNMENT|[80]|this|{"currentUser":"0x7b6e569a","iTypeOfScreen":54,"urlReportsSFA":"https://cs6.lightnin (84 more) ..."}|0x4d7a5796
10:43:56.0 (10682289)|STATEMENT_EXECUTE|[80]
10:43:56.0 (10684132)|STATEMENT_EXECUTE|[81]
10:43:56.0 (10733868)|VARIABLE_ASSIGNMENT|[EXTERNAL]|this|{"currentUser":"0x7b6e569a","iTypeOfScreen":54,"urlReportsSFA":"https://cs6.lightnin (84 more) ..."}|0x4d7a5796
10:43:56.0 (10784586)|VARIABLE_ASSIGNMENT|[EXTERNAL]|this|{"currentUser":"0x7b6e569a","iTypeOfScreen":54,"urlReportsSFA":"https://cs6.lightnin (84 more) ..."}|0x4d7a5796
10:43:56.0 (10820310)|VARIABLE_ASSIGNMENT|[EXTERNAL]|this|{"currentUser":"0x7b6e569a","iTypeOfScreen":54,"urlReportsSFA":"https://cs6.lightnin (84 more) ..."}|0x4d7a5796
10:43:56.0 (10862383)|VARIABLE_ASSIGNMENT|[EXTERNAL]|this|{"currentUser":"0x7b6e569a","iTypeOfScreen":54,"urlReportsSFA":"https://cs6.lightnin (84 more) ..."}|0x4d7a5796
10:43:56.0 (10886377)|HEAP_ALLOCATE|[81]|Bytes:5
10:43:56.0 (10988073)|SYSTEM_MODE_ENTER|true
10:43:56.0 (11022507)|HEAP_ALLOCATE|[EXTERNAL]|Bytes:40
10:43:56.0 (11029928)|VARIABLE_SCOPE_BEGIN|[99]|this|auMainTopCompCtrl|true|false
10:43:56.0 (11060636)|VARIABLE_ASSIGNMENT|[99]|this|{"currentUser":"0x7b6e569a","iTypeOfScreen":54,"urlReportsSFA":"https://cs6.lightnin (84 more) ..."}|0x4d7a5796
10:43:56.0 (11070390)|STATEMENT_EXECUTE|[99]
10:43:56.0 (11072096)|STATEMENT_EXECUTE|[100]
10:43:56.0 (11103668)|VARIABLE_ASSIGNMENT|[EXTERNAL]|this|{"currentUser":"0x7b6e569a","iTypeOfScreen":54,"urlReportsSFA":"https://cs6.lightnin (84 more) ..."}|0x4d7a5796
10:43:56.0 (11118806)|HEAP_ALLOCATE|[100]|Bytes:5
10:43:56.0 (11203364)|SYSTEM_MODE_ENTER|true
10:43:56.0 (11227039)|HEAP_ALLOCATE|[EXTERNAL]|Bytes:40
10:43:56.0 (11238734)|VARIABLE_ASSIGNMENT|[EXTERNAL]|this.iCountComments|null|0x4d7a5796
10:43:56.0 (11280792)|SYSTEM_MODE_ENTER|true
10:43:56.0 (11293801)|HEAP_ALLOCATE|[EXTERNAL]|Bytes:40
10:43:56.0 (11301068)|VARIABLE_ASSIGNMENT|[EXTERNAL]|this.iCountLikes|null|0x4d7a5796
10:43:56.0 (11381741)|SYSTEM_MODE_ENTER|true
10:43:56.0 (11417626)|HEAP_ALLOCATE|[EXTERNAL]|Bytes:26
10:43:56.0 (11425163)|HEAP_ALLOCATE|[EXTERNAL]|Bytes:460
10:43:56.0 (11429717)|HEAP_ALLOCATE|[EXTERNAL]|Bytes:113
10:43:56.0 (11433955)|HEAP_ALLOCATE|[EXTERNAL]|Bytes:39
10:43:56.0 (11437847)|HEAP_ALLOCATE|[EXTERNAL]|Bytes:3
10:43:56.0 (11446117)|VARIABLE_ASSIGNMENT|[EXTERNAL]|saDailyReportCtrl.SOURCE|"src"
10:43:56.0 (11450789)|HEAP_ALLOCATE|[EXTERNAL]|Bytes:2
10:43:56.0 (11456253)|VARIABLE_ASSIGNMENT|[EXTERNAL]|saDailyReportCtrl.SOURCE_ID|"id"
10:43:56.0 (11464138)|METHOD_ENTRY|[1]|01pN0000000aE0W|saDailyReportCtrl.saDailyReportCtrl()
10:43:56.0 (11469264)|STATEMENT_EXECUTE|[1]
10:43:56.0 (11472427)|STATEMENT_EXECUTE|[1]
10:43:56.0 (11479934)|SYSTEM_MODE_ENTER|false
10:43:56.0 (11488105)|HEAP_ALLOCATE|[EXTERNAL]|Bytes:5
10:43:56.0 (11493351)|STATEMENT_EXECUTE|[651]
10:43:56.0 (11495629)|STATEMENT_EXECUTE|[678]
10:43:56.0 (11500788)|SYSTEM_MODE_EXIT|false
10:43:56.0 (11507978)|METHOD_EXIT|[1]|saDailyReportCtrl
10:43:56.0 (11513058)|HEAP_ALLOCATE|[EXTERNAL]|Bytes:76
10:43:56.0 (11517934)|VARIABLE_SCOPE_BEGIN|[92]|this|saDailyReportCtrl|true|false
10:43:56.0 (11847366)|VARIABLE_ASSIGNMENT|[92]|this|{"BusinessLocationName":"","currentInquiryReply":"0x20dc43a3","currentInquiryReplyDetail":"0x3f8576c9","dailyReportId":"a0IN0000006RUllMAG","dCurrentDay":"2018-06-30T00:00:00Z","dCurrentMonth":"2018-07-01T00:00:00Z","iCurrentDay":0,"idBusinessLocation":"","isIPhone":false,"isPreview":true,"lsBusinessLocation":"0x36d62d25","messageError":"","messageQuestion":"","mpQuestions":"0x563a71ac","myUser":"0x14b9f193","sourceOfTheCall":"preview"}|0x23f86e95
10:43:56.0 (11868373)|SYSTEM_MODE_ENTER|false
10:43:56.0 (11875220)|HEAP_ALLOCATE|[92]|Bytes:5
10:43:56.0 (11880924)|STATEMENT_EXECUTE|[92]
10:43:56.0 (11882734)|STATEMENT_EXECUTE|[92]
10:43:56.0 (11887450)|SYSTEM_MODE_EXIT|false
10:43:56.0 (11947553)|SYSTEM_MODE_ENTER|true
10:43:56.0 (11967816)|HEAP_ALLOCATE|[EXTERNAL]|Bytes:8
10:43:56.0 (11972975)|HEAP_ALLOCATE|[EXTERNAL]|Bytes:40
10:43:56.0 (11981628)|VARIABLE_ASSIGNMENT|[EXTERNAL]|this.iTypeOfScreen|54|0x4d7a5796
10:43:56.0 (12123808)|SYSTEM_MODE_ENTER|true
10:43:56.0 (12214454)|SYSTEM_MODE_ENTER|true
10:43:56.0 (12295036)|SYSTEM_MODE_ENTER|true
10:43:56.0 (12488324)|SYSTEM_MODE_ENTER|true
10:43:56.0 (13672236)|SYSTEM_MODE_ENTER|true
10:43:56.0 (15504385)|SYSTEM_MODE_ENTER|true
10:43:56.0 (15557720)|SYSTEM_MODE_ENTER|true
10:43:56.0 (15596992)|SYSTEM_MODE_ENTER|true
10:43:56.0 (15633760)|SYSTEM_MODE_ENTER|true
10:43:56.0 (15668863)|SYSTEM_MODE_ENTER|true
10:43:56.0 (15717970)|SYSTEM_MODE_ENTER|true
10:43:56.0 (15754245)|HEAP_ALLOCATE|[EXTERNAL]|Bytes:40
10:43:56.0 (15762090)|VARIABLE_SCOPE_BEGIN|[80]|this|auMainTopCompCtrl|true|false
10:43:56.0 (15798856)|VARIABLE_ASSIGNMENT|[80]|this|{"currentUser":"0x7b6e569a","iTypeOfScreen":54,"urlReportsSFA":"https://cs6.lightnin (84 more) ..."}|0x4d7a5796
10:43:56.0 (15809486)|STATEMENT_EXECUTE|[80]
10:43:56.0 (15811664)|STATEMENT_EXECUTE|[81]
10:43:56.0 (15847465)|VARIABLE_ASSIGNMENT|[EXTERNAL]|this|{"currentUser":"0x7b6e569a","iTypeOfScreen":54,"urlReportsSFA":"https://cs6.lightnin (84 more) ..."}|0x4d7a5796
10:43:56.0 (15884177)|VARIABLE_ASSIGNMENT|[EXTERNAL]|this|{"currentUser":"0x7b6e569a","iTypeOfScreen":54,"urlReportsSFA":"https://cs6.lightnin (84 more) ..."}|0x4d7a5796
10:43:56.0 (15914111)|VARIABLE_ASSIGNMENT|[EXTERNAL]|this|{"currentUser":"0x7b6e569a","iTypeOfScreen":54,"urlReportsSFA":"https://cs6.lightnin (84 more) ..."}|0x4d7a5796
10:43:56.0 (15942031)|VARIABLE_ASSIGNMENT|[EXTERNAL]|this|{"currentUser":"0x7b6e569a","iTypeOfScreen":54,"urlReportsSFA":"https://cs6.lightnin (84 more) ..."}|0x4d7a5796
10:43:56.0 (15955175)|HEAP_ALLOCATE|[81]|Bytes:5
10:43:56.0 (16003177)|SYSTEM_MODE_ENTER|true
10:43:56.0 (16033805)|HEAP_ALLOCATE|[EXTERNAL]|Bytes:40
10:43:56.0 (16039823)|VARIABLE_SCOPE_BEGIN|[99]|this|auMainTopCompCtrl|true|false
10:43:56.0 (16069937)|VARIABLE_ASSIGNMENT|[99]|this|{"currentUser":"0x7b6e569a","iTypeOfScreen":54,"urlReportsSFA":"https://cs6.lightnin (84 more) ..."}|0x4d7a5796
10:43:56.0 (16079179)|STATEMENT_EXECUTE|[99]
10:43:56.0 (16080882)|STATEMENT_EXECUTE|[100]
10:43:56.0 (16105380)|VARIABLE_ASSIGNMENT|[EXTERNAL]|this|{"currentUser":"0x7b6e569a","iTypeOfScreen":54,"urlReportsSFA":"https://cs6.lightnin (84 more) ..."}|0x4d7a5796
10:43:56.0 (16119184)|HEAP_ALLOCATE|[100]|Bytes:5
10:43:56.0 (18932419)|SYSTEM_MODE_ENTER|true
10:43:56.0 (18956704)|HEAP_ALLOCATE|[EXTERNAL]|Bytes:16
10:43:56.0 (18962771)|HEAP_ALLOCATE|[EXTERNAL]|Bytes:76
10:43:56.0 (18974626)|VARIABLE_ASSIGNMENT|[EXTERNAL]|this.messageError|"正しいデーターを入れてください。"|0x23f86e95
10:43:56.0 (19005931)|SYSTEM_MODE_ENTER|true
10:43:56.0 (19019797)|HEAP_ALLOCATE|[EXTERNAL]|Bytes:76
10:43:56.0 (19027480)|VARIABLE_ASSIGNMENT|[EXTERNAL]|this.messageQuestion|""|0x23f86e95
10:43:56.0 (19049294)|SYSTEM_MODE_ENTER|true
10:43:56.0 (19062695)|HEAP_ALLOCATE|[EXTERNAL]|Bytes:5
10:43:56.0 (19067127)|HEAP_ALLOCATE|[EXTERNAL]|Bytes:76
10:43:56.0 (19073691)|VARIABLE_ASSIGNMENT|[EXTERNAL]|this.isPreview|true|0x23f86e95
10:43:56.0 (19094942)|SYSTEM_MODE_ENTER|true
10:43:56.0 (19106011)|HEAP_ALLOCATE|[EXTERNAL]|Bytes:76
10:43:56.0 (19112887)|VARIABLE_ASSIGNMENT|[EXTERNAL]|this.idBusinessLocation|""|0x23f86e95
10:43:56.0 (19133100)|SYSTEM_MODE_ENTER|true
10:43:56.0 (19144029)|HEAP_ALLOCATE|[EXTERNAL]|Bytes:8
10:43:56.0 (19148018)|HEAP_ALLOCATE|[EXTERNAL]|Bytes:76
10:43:56.0 (19154787)|VARIABLE_ASSIGNMENT|[EXTERNAL]|this.iCurrentDay|0|0x23f86e95
10:43:56.0 (19263914)|SYSTEM_MODE_ENTER|true
10:43:56.0 (19284106)|HEAP_ALLOCATE|[EXTERNAL]|Bytes:40
10:43:56.0 (19293043)|VARIABLE_ASSIGNMENT|[EXTERNAL]|this.iCountComments|null|0x4d7a5796
10:43:56.0 (19326612)|SYSTEM_MODE_ENTER|true
10:43:56.0 (19336952)|HEAP_ALLOCATE|[EXTERNAL]|Bytes:40
10:43:56.0 (19343415)|VARIABLE_ASSIGNMENT|[EXTERNAL]|this.iCountLikes|null|0x4d7a5796
10:43:56.0 (19380917)|SYSTEM_MODE_ENTER|true
10:43:56.0 (19415711)|HEAP_ALLOCATE|[EXTERNAL]|Bytes:76
10:43:56.0 (19422714)|VARIABLE_SCOPE_BEGIN|[92]|this|saDailyReportCtrl|true|false
10:43:56.0 (19597282)|VARIABLE_ASSIGNMENT|[92]|this|{"BusinessLocationName":"","currentInquiryReply":"0x20dc43a3","currentInquiryReplyDetail":"0x3f8576c9","dailyReportId":"a0IN0000006RUllMAG","dCurrentDay":"2018-06-30T00:00:00Z","dCurrentMonth":"2018-07-01T00:00:00Z","iCurrentDay":0,"idBusinessLocation":"","isIPhone":false,"isPreview":true,"lsBusinessLocation":"0x36d62d25","messageError":"正しいデーターを入れてください。","messageQuestion":"","mpQuestions":"0x563a71ac","myUser":"0x14b9f193","sourceOfTheCall":"preview"}|0x23f86e95
10:43:56.0 (19617361)|SYSTEM_MODE_ENTER|false
10:43:56.0 (19624697)|HEAP_ALLOCATE|[92]|Bytes:5
10:43:56.0 (19630229)|STATEMENT_EXECUTE|[92]
10:43:56.0 (19632270)|STATEMENT_EXECUTE|[92]
10:43:56.0 (19636727)|SYSTEM_MODE_EXIT|false
10:43:56.0 (19679797)|SYSTEM_MODE_ENTER|true
10:43:56.0 (19694499)|HEAP_ALLOCATE|[EXTERNAL]|Bytes:8
10:43:56.0 (19699129)|HEAP_ALLOCATE|[EXTERNAL]|Bytes:40
10:43:56.0 (19707764)|VARIABLE_ASSIGNMENT|[EXTERNAL]|this.iTypeOfScreen|54|0x4d7a5796
10:43:56.0 (19854943)|SYSTEM_MODE_ENTER|true
10:43:56.0 (22500287)|HEAP_ALLOCATE|[EXTERNAL]|Bytes:76
10:43:56.0 (22515451)|VARIABLE_SCOPE_BEGIN|[199]|this|saDailyReportCtrl|true|false
10:43:56.0 (22755930)|VARIABLE_ASSIGNMENT|[199]|this|{"BusinessLocationName":"","currentInquiryReply":"0x20dc43a3","currentInquiryReplyDetail":"0x3f8576c9","dailyReportId":"a0IN0000006RUllMAG","dCurrentDay":"2018-06-30T00:00:00Z","dCurrentMonth":"2018-07-01T00:00:00Z","iCurrentDay":0,"idBusinessLocation":"","isIPhone":false,"isPreview":true,"lsBusinessLocation":"0x36d62d25","messageError":"正しいデーターを入れてください。","messageQuestion":"","mpQuestions":"0x563a71ac","myUser":"0x14b9f193","sourceOfTheCall":"preview"}|0x23f86e95
10:43:56.0 (22783333)|SYSTEM_MODE_ENTER|false
10:43:56.0 (22791461)|HEAP_ALLOCATE|[201]|Bytes:5
10:43:56.0 (22797380)|STATEMENT_EXECUTE|[199]
10:43:56.0 (22799432)|STATEMENT_EXECUTE|[201]
10:43:56.0 (22975068)|VARIABLE_ASSIGNMENT|[EXTERNAL]|this|{"BusinessLocationName":"","currentInquiryReply":"0x20dc43a3","currentInquiryReplyDetail":"0x3f8576c9","dailyReportId":"a0IN0000006RUllMAG","dCurrentDay":"2018-06-30T00:00:00Z","dCurrentMonth":"2018-07-01T00:00:00Z","iCurrentDay":0,"idBusinessLocation":"","isIPhone":false,"isPreview":true,"lsBusinessLocation":"0x36d62d25","messageError":"正しいデーターを入れてください。","messageQuestion":"","mpQuestions":"0x563a71ac","myUser":"0x14b9f193","sourceOfTheCall":"preview"}|0x23f86e95
10:43:56.0 (22992294)|VARIABLE_ASSIGNMENT|[EXTERNAL]|value|""
10:43:56.0 (23002840)|VARIABLE_ASSIGNMENT|[6]|this.messageError|""|0x23f86e95
10:43:56.0 (23014548)|STATEMENT_EXECUTE|[202]
10:43:56.0 (23159239)|VARIABLE_ASSIGNMENT|[EXTERNAL]|this|{"BusinessLocationName":"","currentInquiryReply":"0x20dc43a3","currentInquiryReplyDetail":"0x3f8576c9","dailyReportId":"a0IN0000006RUllMAG","dCurrentDay":"2018-06-30T00:00:00Z","dCurrentMonth":"2018-07-01T00:00:00Z","iCurrentDay":0,"idBusinessLocation":"","isIPhone":false,"isPreview":true,"lsBusinessLocation":"0x36d62d25","messageError":"","messageQuestion":"","mpQuestions":"0x563a71ac","myUser":"0x14b9f193","sourceOfTheCall":"preview"}|0x23f86e95
10:43:56.0 (23174772)|VARIABLE_ASSIGNMENT|[EXTERNAL]|value|""
10:43:56.0 (23183783)|VARIABLE_ASSIGNMENT|[7]|this.messageQuestion|""|0x23f86e95
10:43:56.0 (23194222)|STATEMENT_EXECUTE|[204]
10:43:56.0 (23196032)|STATEMENT_EXECUTE|[204]
10:43:56.0 (23197506)|STATEMENT_EXECUTE|[206]
10:43:56.0 (23393156)|VARIABLE_ASSIGNMENT|[EXTERNAL]|this|{"BusinessLocationName":"","currentInquiryReply":"0x20dc43a3","currentInquiryReplyDetail":"0x3f8576c9","dailyReportId":"a0IN0000006RUllMAG","dCurrentDay":"2018-06-30T00:00:00Z","dCurrentMonth":"2018-07-01T00:00:00Z","iCurrentDay":0,"idBusinessLocation":"","isIPhone":false,"isPreview":true,"lsBusinessLocation":"0x36d62d25","messageError":"","messageQuestion":"","mpQuestions":"0x563a71ac","myUser":"0x14b9f193","sourceOfTheCall":"preview"}|0x23f86e95
10:43:56.0 (23447819)|HEAP_ALLOCATE|[206]|Bytes:4
10:43:56.0 (23479512)|VARIABLE_ASSIGNMENT|[206]|this.dCurrentDay|"2018-06-30T00:00:00.000Z"|0x23f86e95
10:43:56.0 (23486695)|STATEMENT_EXECUTE|[208]
10:43:56.0 (23500435)|HEAP_ALLOCATE|[208]|Bytes:4
10:43:56.0 (23718467)|VARIABLE_ASSIGNMENT|[EXTERNAL]|this|{"BusinessLocationName":"","currentInquiryReply":"0x20dc43a3","currentInquiryReplyDetail":"0x3f8576c9","dailyReportId":"a0IN0000006RUllMAG","dCurrentDay":"2018-06-30T00:00:00Z","dCurrentMonth":"2018-07-01T00:00:00Z","iCurrentDay":0,"idBusinessLocation":"","isIPhone":false,"isPreview":true,"lsBusinessLocation":"0x36d62d25","messageError":"","messageQuestion":"","mpQuestions":"0x563a71ac","myUser":"0x14b9f193","sourceOfTheCall":"preview"}|0x23f86e95
10:43:56.0 (23733717)|HEAP_ALLOCATE|[EXTERNAL]|Bytes:4
10:43:56.0 (23745167)|VARIABLE_ASSIGNMENT|[EXTERNAL]|value|[]|0x40a6a47c
10:43:56.0 (23756136)|VARIABLE_ASSIGNMENT|[22]|this.currentInquiryReplyDetail|[]|0x23f86e95
10:43:56.0 (23765271)|STATEMENT_EXECUTE|[209]
10:43:56.0 (23777870)|HEAP_ALLOCATE|[209]|Bytes:4
10:43:56.0 (23956289)|VARIABLE_ASSIGNMENT|[EXTERNAL]|this|{"BusinessLocationName":"","currentInquiryReply":"0x20dc43a3","currentInquiryReplyDetail":"0x40a6a47c","dailyReportId":"a0IN0000006RUllMAG","dCurrentDay":"2018-06-30T00:00:00Z","dCurrentMonth":"2018-07-01T00:00:00Z","iCurrentDay":0,"idBusinessLocation":"","isIPhone":false,"isPreview":true,"lsBusinessLocation":"0x36d62d25","messageError":"","messageQuestion":"","mpQuestions":"0x563a71ac","myUser":"0x14b9f193","sourceOfTheCall":"preview"}|0x23f86e95
10:43:56.0 (23977434)|VARIABLE_ASSIGNMENT|[EXTERNAL]|value|{}|0x3d68b502
10:43:56.0 (23988395)|VARIABLE_ASSIGNMENT|[24]|this.mpQuestions|{}|0x23f86e95
10:43:56.0 (23998044)|STATEMENT_EXECUTE|[211]
10:43:56.0 (24140156)|VARIABLE_ASSIGNMENT|[EXTERNAL]|this|{"BusinessLocationName":"","currentInquiryReply":"0x20dc43a3","currentInquiryReplyDetail":"0x40a6a47c","dailyReportId":"a0IN0000006RUllMAG","dCurrentDay":"2018-06-30T00:00:00Z","dCurrentMonth":"2018-07-01T00:00:00Z","iCurrentDay":0,"idBusinessLocation":"","isIPhone":false,"isPreview":true,"lsBusinessLocation":"0x36d62d25","messageError":"","messageQuestion":"","mpQuestions":"0x3d68b502","myUser":"0x14b9f193","sourceOfTheCall":"preview"}|0x23f86e95
10:43:56.0 (24155483)|VARIABLE_ASSIGNMENT|[EXTERNAL]|value|""
10:43:56.0 (24164161)|VARIABLE_ASSIGNMENT|[23]|this.BusinessLocationName|""|0x23f86e95
10:43:56.0 (24175995)|HEAP_ALLOCATE|[212]|Bytes:81
10:43:56.0 (24192045)|HEAP_ALLOCATE|[212]|Bytes:4
10:43:56.0 (24201535)|HEAP_ALLOCATE|[212]|Bytes:7
10:43:56.0 (24345170)|VARIABLE_ASSIGNMENT|[EXTERNAL]|this|{"BusinessLocationName":"","currentInquiryReply":"0x20dc43a3","currentInquiryReplyDetail":"0x40a6a47c","dailyReportId":"a0IN0000006RUllMAG","dCurrentDay":"2018-06-30T00:00:00Z","dCurrentMonth":"2018-07-01T00:00:00Z","iCurrentDay":0,"idBusinessLocation":"","isIPhone":false,"isPreview":true,"lsBusinessLocation":"0x36d62d25","messageError":"","messageQuestion":"","mpQuestions":"0x3d68b502","myUser":"0x14b9f193","sourceOfTheCall":"preview"}|0x23f86e95
10:43:56.0 (24689266)|SOQL_EXECUTE_BEGIN|[212]|Aggregations:0|SELECT Id, BusinessLocationName__c FROM saBusinessLocation__c 
10:43:56.0 (26103620)|SOQL_EXECUTE_END|[212]|Rows:0
10:43:56.0 (26263518)|HEAP_ALLOCATE|[212]|Bytes:54
10:43:56.0 (26273237)|HEAP_ALLOCATE|[212]|Bytes:8
10:43:56.0 (26300176)|SYSTEM_METHOD_ENTRY|[7]|QueryLocatorIterator.QueryLocatorIterator()
10:43:56.0 (26304949)|STATEMENT_EXECUTE|[7]
10:43:56.0 (26311863)|SYSTEM_METHOD_EXIT|[7]|QueryLocatorIterator
10:43:56.0 (26319833)|HEAP_ALLOCATE|[212]|Bytes:28
10:43:56.0 (26335535)|HEAP_ALLOCATE|[212]|Bytes:8
10:43:56.0 (26339253)|HEAP_ALLOCATE|[212]|Bytes:8
10:43:56.0 (26343908)|VARIABLE_SCOPE_BEGIN|[15]|this|Database.QueryLocatorIterator|true|false
10:43:56.0 (26372152)|VARIABLE_ASSIGNMENT|[15]|this|{}|0x6e65edef
10:43:56.0 (26379490)|VARIABLE_SCOPE_BEGIN|[15]|values|List<SObject>|true|false
10:43:56.0 (26388074)|VARIABLE_ASSIGNMENT|[15]|values|null|
10:43:56.0 (26392355)|VARIABLE_SCOPE_BEGIN|[15]|ql|Database.QueryLocator|true|false
10:43:56.0 (26410237)|VARIABLE_ASSIGNMENT|[15]|ql|{"query":"SELECT Id, BusinessL (61 more) ..."}|0xf8507ac
10:43:56.0 (26416158)|VARIABLE_SCOPE_BEGIN|[15]|totalNumRecords|Integer|false|false
10:43:56.0 (26424529)|VARIABLE_ASSIGNMENT|[15]|totalNumRecords|0
10:43:56.0 (26428725)|VARIABLE_SCOPE_BEGIN|[15]|queryMoreSize|Integer|false|false
10:43:56.0 (26435804)|VARIABLE_ASSIGNMENT|[15]|queryMoreSize|50000
10:43:56.0 (26513195)|HEAP_ALLOCATE|[212]|Bytes:28
10:43:56.0 (26533172)|METHOD_ENTRY|[212]||Database.QueryLocatorIterator.hasNext()
10:43:56.0 (26552478)|METHOD_EXIT|[212]||Database.QueryLocatorIterator.hasNext()
10:43:56.0 (26592432)|VARIABLE_ASSIGNMENT|[212]|bl|null|
10:43:56.0 (26598902)|STATEMENT_EXECUTE|[212]
10:43:56.0 (26614704)|STATEMENT_EXECUTE|[219]
10:43:56.0 (26618536)|HEAP_ALLOCATE|[219]|Bytes:195
10:43:56.0 (26632347)|HEAP_ALLOCATE|[219]|Bytes:4
10:43:56.0 (26653958)|HEAP_ALLOCATE|[219]|Bytes:7
10:43:56.0 (26687197)|HEAP_ALLOCATE|[223]|Bytes:89
10:43:56.0 (26696434)|SYSTEM_METHOD_ENTRY|[1]|UserInfo.UserInfo()
10:43:56.0 (26700129)|STATEMENT_EXECUTE|[1]
10:43:56.0 (26705026)|SYSTEM_METHOD_EXIT|[1]|UserInfo
10:43:56.0 (26714496)|METHOD_ENTRY|[223]||System.UserInfo.getUserId()
10:43:56.0 (26750172)|METHOD_EXIT|[223]||System.UserInfo.getUserId()
10:43:56.0 (27232305)|SOQL_EXECUTE_BEGIN|[219]|Aggregations:0|SELECT Id, saBusinessLocation__c, Status__c, saInquiry__c, Comment__c FROM saInquiryReply__c WHERE (saInquiry__r.Type__c = 'DAILY_REPORT' AND DailyReportDate__c = :tmpVar1 AND User__c = :tmpVar2)
10:43:56.0 (34287296)|SOQL_EXECUTE_END|[219]|Rows:0
10:43:56.0 (34314050)|HEAP_ALLOCATE|[219]|Bytes:4
10:43:56.0 (34326244)|HEAP_ALLOCATE|[219]|Bytes:0
10:43:56.0 (34391088)|HEAP_ALLOCATE|[219]|Bytes:4
10:43:56.0 (34404618)|VARIABLE_SCOPE_BEGIN|[219]|lsInqRep|List<saInquiryReply__c>|true|false
10:43:56.0 (34421668)|VARIABLE_ASSIGNMENT|[219]|lsInqRep|[]|0x6976524e
10:43:56.0 (34481186)|STATEMENT_EXECUTE|[225]
10:43:56.0 (34483585)|STATEMENT_EXECUTE|[227]
10:43:56.0 (34487884)|HEAP_ALLOCATE|[227]|Bytes:207
10:43:56.0 (34502079)|HEAP_ALLOCATE|[227]|Bytes:4
10:43:56.0 (34702590)|VARIABLE_ASSIGNMENT|[EXTERNAL]|this|{"BusinessLocationName":"","currentInquiryReply":"0x20dc43a3","currentInquiryReplyDetail":"0x40a6a47c","dailyReportId":"a0IN0000006RUllMAG","dCurrentDay":"2018-06-30T00:00:00Z","dCurrentMonth":"2018-07-01T00:00:00Z","iCurrentDay":0,"idBusinessLocation":"","isIPhone":false,"isPreview":true,"lsBusinessLocation":"0x36d62d25","messageError":"","messageQuestion":"","mpQuestions":"0x3d68b502","myUser":"0x14b9f193","sourceOfTheCall":"preview"}|0x23f86e95
10:43:56.0 (34728837)|HEAP_ALLOCATE|[227]|Bytes:7
10:43:56.0 (34738860)|METHOD_ENTRY|[232]||System.UserInfo.getUserId()
10:43:56.0 (34762476)|METHOD_EXIT|[232]||System.UserInfo.getUserId()
10:43:56.0 (35069069)|SOQL_EXECUTE_BEGIN|[227]|Aggregations:0|SELECT Id, saBusinessLocation__c, Status__c FROM saInquiryReply__c WHERE (saInquiry__r.Type__c = 'DAILY_REPORT' AND DailyReportDate__c = :tmpVar1 AND saBusinessLocation__c = :tmpVar2 AND User__c != :tmpVar3)
10:43:56.0 (37999176)|SOQL_EXECUTE_END|[227]|Rows:0
10:43:56.0 (38021703)|HEAP_ALLOCATE|[227]|Bytes:4
10:43:56.0 (38034574)|HEAP_ALLOCATE|[227]|Bytes:0
10:43:56.0 (38058966)|HEAP_ALLOCATE|[227]|Bytes:4
10:43:56.0 (38069507)|VARIABLE_SCOPE_BEGIN|[227]|lsInqOtherPeople|List<saInquiryReply__c>|true|false
10:43:56.0 (38086000)|VARIABLE_ASSIGNMENT|[227]|lsInqOtherPeople|[]|0x19782da8
10:43:56.0 (38120196)|STATEMENT_EXECUTE|[234]
10:43:56.0 (38122758)|STATEMENT_EXECUTE|[240]
10:43:56.0 (38125630)|VARIABLE_SCOPE_BEGIN|[240]|lsTemplate|List<saInquiryReply__c>|true|false
10:43:56.0 (38135873)|VARIABLE_ASSIGNMENT|[240]|lsTemplate|null|
10:43:56.0 (38315280)|VARIABLE_ASSIGNMENT|[EXTERNAL]|this|{"BusinessLocationName":"","currentInquiryReply":"0x20dc43a3","currentInquiryReplyDetail":"0x40a6a47c","dailyReportId":"a0IN0000006RUllMAG","dCurrentDay":"2018-06-30T00:00:00Z","dCurrentMonth":"2018-07-01T00:00:00Z","iCurrentDay":0,"idBusinessLocation":"","isIPhone":false,"isPreview":true,"lsBusinessLocation":"0x36d62d25","messageError":"","messageQuestion":"","mpQuestions":"0x3d68b502","myUser":"0x14b9f193","sourceOfTheCall":"preview"}|0x23f86e95
10:43:56.0 (38338783)|STATEMENT_EXECUTE|[252]
10:43:56.0 (38340910)|STATEMENT_EXECUTE|[253]
10:43:56.0 (38344474)|HEAP_ALLOCATE|[253]|Bytes:393
10:43:56.0 (38360385)|HEAP_ALLOCATE|[253]|Bytes:4
10:43:56.0 (38389458)|METHOD_ENTRY|[259]||System.UserInfo.getUserId()
10:43:56.0 (38412256)|METHOD_EXIT|[259]||System.UserInfo.getUserId()
10:43:56.0 (38825798)|SOQL_EXECUTE_BEGIN|[253]|Aggregations:0|SELECT Id, saBusinessLocation__c, Status__c, saInquiry__c, Comment__c FROM saInquiryReply__c WHERE (saInquiry__r.Type__c = 'DAILY_REPORT' AND (saInquiry__r.ValidFrom__c = NULL OR saInquiry__r.ValidFrom__c <= :tmpVar1) AND (saInquiry__r.ValidTo__c = NULL OR saInquiry__r.ValidTo__c >= :tmpVar2) AND DailyReportDate__c = NULL AND User__c = :tmpVar3) ORDER BY CreatedDate DESC NULLS FIRST LIMIT 1
10:43:56.0 (43027798)|SOQL_EXECUTE_END|[253]|Rows:1
10:43:56.0 (43048584)|HEAP_ALLOCATE|[253]|Bytes:8
10:43:56.0 (43062019)|HEAP_ALLOCATE|[253]|Bytes:89
10:43:56.0 (43086400)|HEAP_ALLOCATE|[253]|Bytes:8
10:43:56.0 (43114763)|VARIABLE_ASSIGNMENT|[253]|lsTemplate|[{"Id":"a0KN0000007Kg4nMAC","Status__c":"WAITING_REPLY","saInquiry__c":"a0IN0000006RUllMAG"}]|0x42542b9f
10:43:56.0 (43122538)|STATEMENT_EXECUTE|[264]
10:43:56.0 (43126420)|HEAP_ALLOCATE|[264]|Bytes:11
10:43:56.0 (43218497)|HEAP_ALLOCATE|[264]|Bytes:101
10:43:56.0 (43240992)|HEAP_ALLOCATE|[264]|Bytes:112
10:43:56.0 (43260644)|USER_DEBUG|[264]|DEBUG|Template : (saInquiryReply__c:{Id=a0KN0000007Kg4nMAC, Status__c=WAITING_REPLY, saInquiry__c=a0IN0000006RUllMAG})
10:43:56.0 (43289515)|STATEMENT_EXECUTE|[265]
10:43:56.0 (43291959)|STATEMENT_EXECUTE|[271]
10:43:56.0 (43306646)|HEAP_ALLOCATE|[271]|Bytes:16
10:43:56.0 (43336305)|VARIABLE_SCOPE_BEGIN|[271]|idInquiry|Id|false|false
10:43:56.0 (43409016)|VARIABLE_ASSIGNMENT|[271]|idInquiry|"a0IN0000006RUllMAG"
10:43:56.0 (43416050)|STATEMENT_EXECUTE|[272]
10:43:56.0 (43436608)|HEAP_ALLOCATE|[272]|Bytes:4
10:43:56.0 (43703376)|VARIABLE_ASSIGNMENT|[EXTERNAL]|this|{"BusinessLocationName":"","currentInquiryReply":"0x20dc43a3","currentInquiryReplyDetail":"0x40a6a47c","dailyReportId":"a0IN0000006RUllMAG","dCurrentDay":"2018-06-30T00:00:00Z","dCurrentMonth":"2018-07-01T00:00:00Z","iCurrentDay":0,"idBusinessLocation":"","isIPhone":false,"isPreview":true,"lsBusinessLocation":"0x36d62d25","messageError":"","messageQuestion":"","mpQuestions":"0x3d68b502","myUser":"0x14b9f193","sourceOfTheCall":"preview"}|0x23f86e95
10:43:56.0 (43723817)|VARIABLE_ASSIGNMENT|[EXTERNAL]|value|{}|0x13caff75
10:43:56.0 (43737339)|VARIABLE_ASSIGNMENT|[21]|this.currentInquiryReply|{}|0x23f86e95
10:43:56.0 (43749024)|STATEMENT_EXECUTE|[273]
10:43:56.0 (43904926)|VARIABLE_ASSIGNMENT|[EXTERNAL]|this|{"BusinessLocationName":"","currentInquiryReply":"0x13caff75","currentInquiryReplyDetail":"0x40a6a47c","dailyReportId":"a0IN0000006RUllMAG","dCurrentDay":"2018-06-30T00:00:00Z","dCurrentMonth":"2018-07-01T00:00:00Z","iCurrentDay":0,"idBusinessLocation":"","isIPhone":false,"isPreview":true,"lsBusinessLocation":"0x36d62d25","messageError":"","messageQuestion":"","mpQuestions":"0x3d68b502","myUser":"0x14b9f193","sourceOfTheCall":"preview"}|0x23f86e95
10:43:56.0 (43990619)|VARIABLE_ASSIGNMENT|[273]|this.saInquiry__c|"a0IN0000006RUllMAG"|0x13caff75
10:43:56.0 (44147340)|VARIABLE_ASSIGNMENT|[EXTERNAL]|this|{"BusinessLocationName":"","currentInquiryReply":"0x13caff75","currentInquiryReplyDetail":"0x40a6a47c","dailyReportId":"a0IN0000006RUllMAG","dCurrentDay":"2018-06-30T00:00:00Z","dCurrentMonth":"2018-07-01T00:00:00Z","iCurrentDay":0,"idBusinessLocation":"","isIPhone":false,"isPreview":true,"lsBusinessLocation":"0x36d62d25","messageError":"","messageQuestion":"","mpQuestions":"0x3d68b502","myUser":"0x14b9f193","sourceOfTheCall":"preview"}|0x23f86e95
10:43:56.0 (44166483)|STATEMENT_EXECUTE|[277]
10:43:56.0 (44168504)|STATEMENT_EXECUTE|[280]
10:43:56.0 (44174524)|METHOD_ENTRY|[280]||System.UserInfo.getUserId()
10:43:56.0 (44197944)|METHOD_EXIT|[280]||System.UserInfo.getUserId()
10:43:56.0 (44212275)|HEAP_ALLOCATE|[280]|Bytes:4
10:43:56.0 (44352438)|VARIABLE_ASSIGNMENT|[EXTERNAL]|this|{"BusinessLocationName":"","currentInquiryReply":"0x13caff75","currentInquiryReplyDetail":"0x40a6a47c","dailyReportId":"a0IN0000006RUllMAG","dCurrentDay":"2018-06-30T00:00:00Z","dCurrentMonth":"2018-07-01T00:00:00Z","iCurrentDay":0,"idBusinessLocation":"","isIPhone":false,"isPreview":true,"lsBusinessLocation":"0x36d62d25","messageError":"","messageQuestion":"","mpQuestions":"0x3d68b502","myUser":"0x14b9f193","sourceOfTheCall":"preview"}|0x23f86e95
10:43:56.0 (44407551)|VARIABLE_ASSIGNMENT|[280]|this.User__c|"005N00000057PfOIAU"|0x13caff75
10:43:56.0 (44414992)|STATEMENT_EXECUTE|[281]
10:43:56.0 (44564168)|VARIABLE_ASSIGNMENT|[EXTERNAL]|this|{"BusinessLocationName":"","currentInquiryReply":"0x13caff75","currentInquiryReplyDetail":"0x40a6a47c","dailyReportId":"a0IN0000006RUllMAG","dCurrentDay":"2018-06-30T00:00:00Z","dCurrentMonth":"2018-07-01T00:00:00Z","iCurrentDay":0,"idBusinessLocation":"","isIPhone":false,"isPreview":true,"lsBusinessLocation":"0x36d62d25","messageError":"","messageQuestion":"","mpQuestions":"0x3d68b502","myUser":"0x14b9f193","sourceOfTheCall":"preview"}|0x23f86e95
10:43:56.0 (44627418)|VARIABLE_ASSIGNMENT|[281]|this.DailyReportDate__c|"2018-06-30T00:00:00.000Z"|0x13caff75
10:43:56.0 (44634531)|STATEMENT_EXECUTE|[282]
10:43:56.0 (44638592)|HEAP_ALLOCATE|[282]|Bytes:13
10:43:56.0 (44788447)|VARIABLE_ASSIGNMENT|[EXTERNAL]|this|{"BusinessLocationName":"","currentInquiryReply":"0x13caff75","currentInquiryReplyDetail":"0x40a6a47c","dailyReportId":"a0IN0000006RUllMAG","dCurrentDay":"2018-06-30T00:00:00Z","dCurrentMonth":"2018-07-01T00:00:00Z","iCurrentDay":0,"idBusinessLocation":"","isIPhone":false,"isPreview":true,"lsBusinessLocation":"0x36d62d25","messageError":"","messageQuestion":"","mpQuestions":"0x3d68b502","myUser":"0x14b9f193","sourceOfTheCall":"preview"}|0x23f86e95
10:43:56.0 (44838954)|VARIABLE_ASSIGNMENT|[282]|this.Status__c|"WAITING_REPLY"|0x13caff75
10:43:56.0 (44846015)|STATEMENT_EXECUTE|[283]
10:43:56.0 (44990799)|VARIABLE_ASSIGNMENT|[EXTERNAL]|this|{"BusinessLocationName":"","currentInquiryReply":"0x13caff75","currentInquiryReplyDetail":"0x40a6a47c","dailyReportId":"a0IN0000006RUllMAG","dCurrentDay":"2018-06-30T00:00:00Z","dCurrentMonth":"2018-07-01T00:00:00Z","iCurrentDay":0,"idBusinessLocation":"","isIPhone":false,"isPreview":true,"lsBusinessLocation":"0x36d62d25","messageError":"","messageQuestion":"","mpQuestions":"0x3d68b502","myUser":"0x14b9f193","sourceOfTheCall":"preview"}|0x23f86e95
10:43:56.0 (45032540)|VARIABLE_ASSIGNMENT|[283]|this.Comment__c|""|0x13caff75
10:43:56.0 (45039722)|STATEMENT_EXECUTE|[285]
10:43:56.0 (45043589)|HEAP_ALLOCATE|[285]|Bytes:625
10:43:56.0 (45058302)|HEAP_ALLOCATE|[285]|Bytes:4
10:43:56.0 (45543483)|SOQL_EXECUTE_BEGIN|[285]|Aggregations:0|SELECT Id, QuestionLabel__c, AnswerType__c, NumberPossibleReplies__c, IsShortReply__c, SortNo__c, IsRequired__c, Reply01Label__c, Reply02Label__c, Reply03Label__c, Reply04Label__c, Reply05Label__c, Reply06Label__c, Reply07Label__c, Reply08Label__c, Reply09Label__c, Reply10Label__c, Reply11Label__c, Reply12Label__c, Reply13Label__c, Reply14Label__c, Reply15Label__c, Reply16Label__c, Reply17Label__c, Reply18Label__c, Reply19Label__c, Reply20Label__c, Reply21Label__c, Reply22Label__c, Reply23Label__c, Reply24Label__c, Reply25Label__c FROM saInquiryDetail__c WHERE saInquiry__c = :tmpVar1 ORDER BY SortNo__c ASC NULLS FIRST
10:43:56.0 (55393873)|SOQL_EXECUTE_END|[285]|Rows:1
10:43:56.0 (55416500)|HEAP_ALLOCATE|[285]|Bytes:8
10:43:56.0 (55438109)|HEAP_ALLOCATE|[285]|Bytes:282
10:43:56.0 (55484099)|HEAP_ALLOCATE|[285]|Bytes:8
10:43:56.0 (55499330)|VARIABLE_SCOPE_BEGIN|[285]|lsTmpQuest|List<saInquiryDetail__c>|true|false
10:43:56.0 (55537235)|VARIABLE_ASSIGNMENT|[285]|lsTmpQuest|[{"Id":"a0JN0000008h2r2MAA","QuestionLabel__c":"Works?","AnswerType__c":"CHECKBOX","NumberPossibleReplies__c":2,"IsShortReply__c":true,"SortNo__c":0,"IsRequired__c":false,"Reply01Label__c":"Yes!","Reply02Label__c":"No!"}]|0x66106929
10:43:56.0 (55716921)|HEAP_ALLOCATE|[295]|Bytes:5
10:43:56.0 (55738193)|HEAP_ALLOCATE|[295]|Bytes:40
10:43:56.0 (55748981)|VARIABLE_SCOPE_BEGIN|[295]|quest|saInquiryDetail__c|true|false
10:43:56.0 (55776579)|VARIABLE_ASSIGNMENT|[295]|quest|{"Id":"a0JN0000008h2r2MAA","QuestionLabel__c":"Works?","AnswerType__c":"CHECKBOX","NumberPossibleReplies__c":2,"IsShortReply__c":true,"SortNo__c":0,"IsRequired__c":false,"Reply01Label__c":"Yes!","Reply02Label__c":"No!"}|0x2871b87b
10:43:56.0 (55786621)|STATEMENT_EXECUTE|[295]
10:43:56.0 (55788593)|STATEMENT_EXECUTE|[296]
10:43:56.0 (55811728)|HEAP_ALLOCATE|[296]|Bytes:4
10:43:56.0 (55898445)|VARIABLE_SCOPE_BEGIN|[296]|questReply|saInquiryReplyDetail__c|true|false
10:43:56.0 (55913598)|VARIABLE_ASSIGNMENT|[296]|questReply|{}|0x4d4dc57d
10:43:56.0 (55919707)|STATEMENT_EXECUTE|[297]
10:43:56.0 (56007667)|VARIABLE_ASSIGNMENT|[297]|this.saInquiryDetail__c|"a0JN0000008h2r2MAA"|0x4d4dc57d
10:43:56.0 (56016306)|STATEMENT_EXECUTE|[298]
10:43:56.0 (56206578)|VARIABLE_ASSIGNMENT|[EXTERNAL]|this|{"BusinessLocationName":"","currentInquiryReply":"0x13caff75","currentInquiryReplyDetail":"0x40a6a47c","dailyReportId":"a0IN0000006RUllMAG","dCurrentDay":"2018-06-30T00:00:00Z","dCurrentMonth":"2018-07-01T00:00:00Z","iCurrentDay":0,"idBusinessLocation":"","isIPhone":false,"isPreview":true,"lsBusinessLocation":"0x36d62d25","messageError":"","messageQuestion":"","mpQuestions":"0x3d68b502","myUser":"0x14b9f193","sourceOfTheCall":"preview"}|0x23f86e95
10:43:56.0 (56239655)|HEAP_ALLOCATE|[EXTERNAL]|Bytes:4
10:43:56.0 (56247896)|STATEMENT_EXECUTE|[299]
10:43:56.0 (56398121)|VARIABLE_ASSIGNMENT|[EXTERNAL]|this|{"BusinessLocationName":"","currentInquiryReply":"0x13caff75","currentInquiryReplyDetail":"0x40a6a47c","dailyReportId":"a0IN0000006RUllMAG","dCurrentDay":"2018-06-30T00:00:00Z","dCurrentMonth":"2018-07-01T00:00:00Z","iCurrentDay":0,"idBusinessLocation":"","isIPhone":false,"isPreview":true,"lsBusinessLocation":"0x36d62d25","messageError":"","messageQuestion":"","mpQuestions":"0x3d68b502","myUser":"0x14b9f193","sourceOfTheCall":"preview"}|0x23f86e95
10:43:56.0 (56436459)|HEAP_ALLOCATE|[EXTERNAL]|Bytes:-4
10:43:56.0 (56453517)|HEAP_ALLOCATE|[295]|Bytes:5
10:43:56.0 (56467450)|VARIABLE_ASSIGNMENT|[295]|quest|null|
10:43:56.0 (56479556)|SYSTEM_MODE_EXIT|false
10:43:56.0 (72745970)|SYSTEM_MODE_ENTER|true
10:43:56.0 (72778813)|HEAP_ALLOCATE|[EXTERNAL]|Bytes:40
10:43:56.0 (72792747)|VARIABLE_ASSIGNMENT|[EXTERNAL]|this.iCountComments|null|0x4d7a5796
10:43:56.0 (72842379)|SYSTEM_MODE_ENTER|true
10:43:56.0 (72854834)|HEAP_ALLOCATE|[EXTERNAL]|Bytes:40
10:43:56.0 (72862733)|VARIABLE_ASSIGNMENT|[EXTERNAL]|this.iCountLikes|null|0x4d7a5796
10:43:56.0 (72928981)|SYSTEM_MODE_ENTER|true
10:43:56.0 (72975297)|HEAP_ALLOCATE|[EXTERNAL]|Bytes:76
10:43:56.0 (72983630)|VARIABLE_SCOPE_BEGIN|[92]|this|saDailyReportCtrl|true|false
10:43:56.0 (73184156)|VARIABLE_ASSIGNMENT|[92]|this|{"BusinessLocationName":"","currentInquiryReply":"0x13caff75","currentInquiryReplyDetail":"0x40a6a47c","dailyReportId":"a0IN0000006RUllMAG","dCurrentDay":"2018-06-30T00:00:00Z","dCurrentMonth":"2018-07-01T00:00:00Z","iCurrentDay":0,"idBusinessLocation":"","isIPhone":false,"isPreview":true,"lsBusinessLocation":"0x36d62d25","messageError":"","messageQuestion":"","mpQuestions":"0x3d68b502","myUser":"0x14b9f193","sourceOfTheCall":"preview"}|0x23f86e95
10:43:56.0 (73207084)|SYSTEM_MODE_ENTER|false
10:43:56.0 (73215457)|HEAP_ALLOCATE|[92]|Bytes:5
10:43:56.0 (73221420)|STATEMENT_EXECUTE|[92]
10:43:56.0 (73223542)|STATEMENT_EXECUTE|[92]
10:43:56.0 (73229632)|SYSTEM_MODE_EXIT|false
10:43:56.0 (73279147)|SYSTEM_MODE_ENTER|true
10:43:56.0 (73297165)|HEAP_ALLOCATE|[EXTERNAL]|Bytes:8
10:43:56.0 (73301724)|HEAP_ALLOCATE|[EXTERNAL]|Bytes:40
10:43:56.0 (73311404)|VARIABLE_ASSIGNMENT|[EXTERNAL]|this.iTypeOfScreen|54|0x4d7a5796
10:43:56.0 (73380867)|SYSTEM_MODE_ENTER|true
10:43:56.0 (73414488)|HEAP_ALLOCATE|[EXTERNAL]|Bytes:40
10:43:56.0 (73421579)|VARIABLE_SCOPE_BEGIN|[80]|this|auMainTopCompCtrl|true|false
10:43:56.0 (73460872)|VARIABLE_ASSIGNMENT|[80]|this|{"currentUser":"0x7b6e569a","iTypeOfScreen":54,"urlReportsSFA":"https://cs6.lightnin (84 more) ..."}|0x4d7a5796
10:43:56.0 (73478282)|STATEMENT_EXECUTE|[80]
10:43:56.0 (73481227)|STATEMENT_EXECUTE|[81]
10:43:56.0 (73528477)|VARIABLE_ASSIGNMENT|[EXTERNAL]|this|{"currentUser":"0x7b6e569a","iTypeOfScreen":54,"urlReportsSFA":"https://cs6.lightnin (84 more) ..."}|0x4d7a5796
10:43:56.0 (73570898)|VARIABLE_ASSIGNMENT|[EXTERNAL]|this|{"currentUser":"0x7b6e569a","iTypeOfScreen":54,"urlReportsSFA":"https://cs6.lightnin (84 more) ..."}|0x4d7a5796
10:43:56.0 (73605852)|VARIABLE_ASSIGNMENT|[EXTERNAL]|this|{"currentUser":"0x7b6e569a","iTypeOfScreen":54,"urlReportsSFA":"https://cs6.lightnin (84 more) ..."}|0x4d7a5796
10:43:56.0 (73635991)|VARIABLE_ASSIGNMENT|[EXTERNAL]|this|{"currentUser":"0x7b6e569a","iTypeOfScreen":54,"urlReportsSFA":"https://cs6.lightnin (84 more) ..."}|0x4d7a5796
10:43:56.0 (73651500)|HEAP_ALLOCATE|[81]|Bytes:5
10:43:56.0 (73726679)|SYSTEM_MODE_ENTER|true
10:43:56.0 (73761050)|HEAP_ALLOCATE|[EXTERNAL]|Bytes:40
10:43:56.0 (73767898)|VARIABLE_SCOPE_BEGIN|[99]|this|auMainTopCompCtrl|true|false
10:43:56.0 (73797625)|VARIABLE_ASSIGNMENT|[99]|this|{"currentUser":"0x7b6e569a","iTypeOfScreen":54,"urlReportsSFA":"https://cs6.lightnin (84 more) ..."}|0x4d7a5796
10:43:56.0 (73807213)|STATEMENT_EXECUTE|[99]
10:43:56.0 (73808857)|STATEMENT_EXECUTE|[100]
10:43:56.0 (73840113)|VARIABLE_ASSIGNMENT|[EXTERNAL]|this|{"currentUser":"0x7b6e569a","iTypeOfScreen":54,"urlReportsSFA":"https://cs6.lightnin (84 more) ..."}|0x4d7a5796
10:43:56.0 (73855168)|HEAP_ALLOCATE|[100]|Bytes:5
10:43:56.0 (73939101)|SYSTEM_MODE_ENTER|true
10:43:56.0 (74038395)|SYSTEM_MODE_ENTER|true
10:43:56.0 (74139947)|SYSTEM_MODE_ENTER|true
10:43:56.0 (74325975)|SYSTEM_MODE_ENTER|true
10:43:56.0 (76657977)|SYSTEM_MODE_ENTER|true
10:43:56.0 (76740597)|SYSTEM_MODE_ENTER|true
10:43:56.0 (77339556)|SYSTEM_MODE_ENTER|true
10:43:56.0 (77378520)|HEAP_ALLOCATE|[EXTERNAL]|Bytes:76
10:43:56.0 (77386991)|VARIABLE_SCOPE_BEGIN|[141]|this|saDailyReportCtrl|true|false
10:43:56.0 (77557816)|VARIABLE_ASSIGNMENT|[141]|this|{"BusinessLocationName":"","currentInquiryReply":"0x13caff75","currentInquiryReplyDetail":"0x40a6a47c","dailyReportId":"a0IN0000006RUllMAG","dCurrentDay":"2018-06-30T00:00:00Z","dCurrentMonth":"2018-07-01T00:00:00Z","iCurrentDay":0,"idBusinessLocation":"","isIPhone":false,"isPreview":true,"lsBusinessLocation":"0x36d62d25","messageError":"","messageQuestion":"","mpQuestions":"0x3d68b502","myUser":"0x14b9f193","sourceOfTheCall":"preview"}|0x23f86e95
10:43:56.0 (77579356)|SYSTEM_MODE_ENTER|false
10:43:56.0 (77587184)|HEAP_ALLOCATE|[142]|Bytes:5
10:43:56.0 (77593295)|STATEMENT_EXECUTE|[141]
10:43:56.0 (77595395)|STATEMENT_EXECUTE|[142]
10:43:56.0 (77660187)|HEAP_ALLOCATE|[142]|Bytes:4
10:43:56.0 (77671623)|HEAP_ALLOCATE|[142]|Bytes:1
10:43:56.0 (77691810)|HEAP_ALLOCATE|[142]|Bytes:1
10:43:56.0 (77699659)|HEAP_ALLOCATE|[142]|Bytes:1
10:43:56.0 (77723644)|HEAP_ALLOCATE|[142]|Bytes:2
10:43:56.0 (77740049)|HEAP_ALLOCATE|[142]|Bytes:9
10:43:56.0 (77747325)|HEAP_ALLOCATE|[142]|Bytes:10
10:43:56.0 (77753721)|SYSTEM_MODE_EXIT|false
10:43:56.0 (77944306)|SYSTEM_MODE_ENTER|true
10:43:56.0 (78369767)|SYSTEM_MODE_ENTER|true
10:43:56.0 (93650339)|VF_SERIALIZE_VIEWSTATE_BEGIN|066N0000000M4pW
10:43:56.0 (97218898)|VF_SERIALIZE_VIEWSTATE_END
10:43:56.100 (100553728)|CUMULATIVE_LIMIT_USAGE
10:43:56.100 (100553728)|LIMIT_USAGE_FOR_NS|(default)|
  Number of SOQL queries: 5 out of 100
  Number of query rows: 2 out of 50000
  Number of SOSL queries: 0 out of 20
  Number of DML statements: 0 out of 150
  Number of DML rows: 0 out of 10000
  Maximum CPU time: 0 out of 10000
  Maximum heap size: 0 out of 6000000
  Number of callouts: 0 out of 100
  Number of Email Invocations: 0 out of 10
  Number of future calls: 0 out of 50
  Number of queueable jobs added to the queue: 0 out of 50
  Number of Mobile Apex push calls: 0 out of 10

10:43:56.100 (100553728)|CUMULATIVE_LIMIT_USAGE_END

10:43:56.0 (100598788)|CODE_UNIT_FINISHED|VF: /apex/sadailyreport
10:43:56.0 (101294984)|EXECUTION_FINISHED
