36.0 APEX_CODE,FINEST;APEX_PROFILING,INFO;CALLOUT,INFO;DB,INFO;NBA,INFO;SYSTEM,DEBUG;VALIDATION,INFO;VISUALFORCE,INFO;WAVE,INFO;WORKFLOW,INFO
12:03:52.1 (1671467)|USER_INFO|[EXTERNAL]|005N00000057RPN|duc.huynhmanh+kddi-gwdev01@globalway.co.jp|日本標準時|GMT+09:00
12:03:52.1 (1716509)|EXECUTION_STARTED
12:03:52.1 (1721453)|CODE_UNIT_STARTED|[EXTERNAL]|01pN0000000pREd|saTaskDetailCSVFileExportingCtrlTest.test_method_two()
12:03:52.1 (1941741)|HEAP_ALLOCATE|[72]|Bytes:3
12:03:52.1 (1984018)|HEAP_ALLOCATE|[77]|Bytes:152
12:03:52.1 (2000050)|HEAP_ALLOCATE|[342]|Bytes:408
12:03:52.1 (2016802)|HEAP_ALLOCATE|[355]|Bytes:408
12:03:52.1 (2032183)|HEAP_ALLOCATE|[467]|Bytes:48
12:03:52.1 (2058435)|HEAP_ALLOCATE|[139]|Bytes:6
12:03:52.1 (2074138)|HEAP_ALLOCATE|[EXTERNAL]|Bytes:4
12:03:52.1 (2079195)|HEAP_ALLOCATE|[EXTERNAL]|Bytes:35
12:03:52.1 (2091654)|METHOD_ENTRY|[2]|01pN0000000pREd|saTaskDetailCSVFileExportingCtrlTest.saTaskDetailCSVFileExportingCtrlTest()
12:03:52.1 (2097524)|STATEMENT_EXECUTE|[2]
12:03:52.1 (2102353)|STATEMENT_EXECUTE|[2]
12:03:52.1 (2106558)|METHOD_EXIT|[2]|saTaskDetailCSVFileExportingCtrlTest
12:03:52.1 (2217491)|HEAP_ALLOCATE|[50]|Bytes:5
12:03:52.1 (2241938)|HEAP_ALLOCATE|[56]|Bytes:5
12:03:52.1 (2250225)|HEAP_ALLOCATE|[64]|Bytes:7
12:03:52.1 (2291165)|STATEMENT_EXECUTE|[19]
12:03:52.1 (2293573)|STATEMENT_EXECUTE|[20]
12:03:52.1 (2296051)|HEAP_ALLOCATE|[20]|Bytes:80
12:03:52.1 (2319527)|HEAP_ALLOCATE|[20]|Bytes:4
12:03:52.1 (2514392)|SOQL_EXECUTE_BEGIN|[20]|Aggregations:0|SELECT Id FROM Profile WHERE (Name = 'System Administrator' OR Name = 'システム管理者')
12:03:52.1 (10665380)|SOQL_EXECUTE_END|[20]|Rows:1
12:03:52.1 (10687740)|HEAP_ALLOCATE|[20]|Bytes:8
12:03:52.1 (10703366)|HEAP_ALLOCATE|[20]|Bytes:29
12:03:52.1 (10796523)|HEAP_ALLOCATE|[20]|Bytes:8
12:03:52.1 (10808017)|HEAP_ALLOCATE|[20]|Bytes:33
12:03:52.1 (10867707)|HEAP_ALLOCATE|[20]|Bytes:8
12:03:52.1 (10877336)|VARIABLE_SCOPE_BEGIN|[20]|p|Profile|true|false
12:03:52.1 (10914781)|VARIABLE_ASSIGNMENT|[20]|p|{"Id":"00e6F000002RS1oQAG"}|0x79efc49d
12:03:52.1 (10922022)|STATEMENT_EXECUTE|[21]
12:03:52.1 (10945250)|HEAP_ALLOCATE|[21]|Bytes:4
12:03:52.1 (11013471)|HEAP_ALLOCATE|[21]|Bytes:6
12:03:52.1 (11052268)|VARIABLE_ASSIGNMENT|[21]|this.Alias|"standt"|0x5f27ad84
12:03:52.1 (11059756)|HEAP_ALLOCATE|[21]|Bytes:30
12:03:52.1 (11076602)|VARIABLE_ASSIGNMENT|[21]|this.Email|"dummy.standarduser@e (10 more) ..."|0x5f27ad84
12:03:52.1 (11082646)|HEAP_ALLOCATE|[22]|Bytes:5
12:03:52.1 (11095684)|VARIABLE_ASSIGNMENT|[21]|this.EmailEncodingKey|"UTF-8"|0x5f27ad84
12:03:52.1 (11101287)|HEAP_ALLOCATE|[22]|Bytes:7
12:03:52.1 (11113785)|VARIABLE_ASSIGNMENT|[21]|this.LastName|"Testing"|0x5f27ad84
12:03:52.1 (11119578)|HEAP_ALLOCATE|[22]|Bytes:5
12:03:52.1 (11131649)|VARIABLE_ASSIGNMENT|[21]|this.LanguageLocaleKey|"en_US"|0x5f27ad84
12:03:52.1 (11146827)|VARIABLE_ASSIGNMENT|[21]|this.LocaleSidKey|"en_US"|0x5f27ad84
12:03:52.1 (11194381)|VARIABLE_ASSIGNMENT|[21]|this.ProfileId|"00e6F000002RS1oQAG"|0x5f27ad84
12:03:52.1 (11202294)|HEAP_ALLOCATE|[24]|Bytes:10
12:03:52.1 (11217388)|VARIABLE_ASSIGNMENT|[21]|this.TimeZoneSidKey|"Asia/Tokyo"|0x5f27ad84
12:03:52.1 (11223688)|HEAP_ALLOCATE|[24]|Bytes:18
12:03:52.1 (11236948)|VARIABLE_ASSIGNMENT|[21]|this.Username|"duchm@testKDDI.com"|0x5f27ad84
12:03:52.1 (11265524)|VARIABLE_SCOPE_BEGIN|[21]|u|User|true|false
12:03:52.1 (11293554)|VARIABLE_ASSIGNMENT|[21]|u|{"Alias":"standt","Email":"dummy.standarduser@e (10 more) ...","EmailEncodingKey":"UTF-8","LastName":"Testing","LanguageLocaleKey":"en_US","LocaleSidKey":"en_US","ProfileId":"00e6F000002RS1oQAG","TimeZoneSidKey":"Asia/Tokyo","Username":"duchm@testKDDI.com"}|0x5f27ad84
12:03:52.1 (11329888)|HEAP_ALLOCATE|[25]|Bytes:8
12:03:52.1 (11337206)|DML_BEGIN|[25]|Op:Insert|Type:User|Rows:1
12:03:52.1 (11356048)|HEAP_ALLOCATE|[EXTERNAL]|Bytes:8
12:03:52.1 (969076592)|CODE_UNIT_STARTED|[EXTERNAL]|Validation:NetworkMember:new
12:03:52.1 (969097726)|VALIDATION_RULE|NonNegativeReputationPoints|NonNegativeReputationPoints
12:03:52.1 (969189249)|VALIDATION_FORMULA|ReputationPoints<0|ReputationPoints=1.0
12:03:52.1 (969196961)|VALIDATION_PASS
12:03:52.1 (969302515)|CODE_UNIT_FINISHED|Validation:NetworkMember:new
12:03:52.1 (969452286)|CODE_UNIT_STARTED|[EXTERNAL]|Validation:NetworkMember:new
12:03:52.1 (969461133)|VALIDATION_RULE|NonNegativeReputationPoints|NonNegativeReputationPoints
12:03:52.1 (969505990)|VALIDATION_FORMULA|ReputationPoints<0|ReputationPoints=1.0
12:03:52.1 (969512119)|VALIDATION_PASS
12:03:52.1 (969579836)|CODE_UNIT_FINISHED|Validation:NetworkMember:new
12:03:52.1 (969708121)|CODE_UNIT_STARTED|[EXTERNAL]|Validation:NetworkMember:new
12:03:52.1 (969716362)|VALIDATION_RULE|NonNegativeReputationPoints|NonNegativeReputationPoints
12:03:52.1 (969763005)|VALIDATION_FORMULA|ReputationPoints<0|ReputationPoints=1.0
12:03:52.1 (969769066)|VALIDATION_PASS
12:03:52.1 (969836942)|CODE_UNIT_FINISHED|Validation:NetworkMember:new
12:03:52.1 (969959514)|CODE_UNIT_STARTED|[EXTERNAL]|Validation:NetworkMember:new
12:03:52.1 (969967793)|VALIDATION_RULE|NonNegativeReputationPoints|NonNegativeReputationPoints
12:03:52.1 (970009186)|VALIDATION_FORMULA|ReputationPoints<0|ReputationPoints=1.0
12:03:52.1 (970015421)|VALIDATION_PASS
12:03:52.1 (970095416)|CODE_UNIT_FINISHED|Validation:NetworkMember:new
12:03:52.1 (970212891)|CODE_UNIT_STARTED|[EXTERNAL]|Validation:NetworkMember:new
12:03:52.1 (970220768)|VALIDATION_RULE|NonNegativeReputationPoints|NonNegativeReputationPoints
12:03:52.1 (970260860)|VALIDATION_FORMULA|ReputationPoints<0|ReputationPoints=1.0
12:03:52.1 (970266866)|VALIDATION_PASS
12:03:52.1 (970329598)|CODE_UNIT_FINISHED|Validation:NetworkMember:new
12:03:53.37 (1037829267)|DML_END|[25]
12:03:53.37 (1049170190)|HEAP_ALLOCATE|[25]|Bytes:8
12:03:53.37 (1049197360)|STATEMENT_EXECUTE|[25]
12:03:53.37 (1049200654)|STATEMENT_EXECUTE|[26]
12:03:53.37 (1049231458)|METHOD_ENTRY|[26]|01pN0000000pREd|saTaskDetailCSVFileExportingCtrlTest.createMessage()
12:03:53.37 (1049394140)|STATEMENT_EXECUTE|[4]
12:03:53.37 (1049396820)|STATEMENT_EXECUTE|[5]
12:03:53.37 (1049425937)|HEAP_ALLOCATE|[5]|Bytes:4
12:03:53.37 (1049542171)|VARIABLE_SCOPE_BEGIN|[5]|m|saMessage__c|true|false
12:03:53.37 (1049567971)|VARIABLE_ASSIGNMENT|[5]|m|{}|0x1022c8a7
12:03:53.37 (1049573996)|STATEMENT_EXECUTE|[6]
12:03:53.37 (1049579945)|HEAP_ALLOCATE|[6]|Bytes:3
12:03:53.37 (1052190879)|VARIABLE_ASSIGNMENT|[6]|this.RegionalOfficeCode__c|"ABC"|0x1022c8a7
12:03:53.37 (1052200723)|STATEMENT_EXECUTE|[7]
12:03:53.37 (1052230716)|VARIABLE_ASSIGNMENT|[7]|this.BranchCode__c|"ABC"|0x1022c8a7
12:03:53.37 (1052236650)|STATEMENT_EXECUTE|[8]
12:03:53.37 (1052262657)|HEAP_ALLOCATE|[8]|Bytes:8
12:03:53.37 (1052270356)|DML_BEGIN|[8]|Op:Insert|Type:saMessage__c|Rows:1
12:03:53.37 (1052307173)|HEAP_ALLOCATE|[EXTERNAL]|Bytes:8
12:03:53.37 (1116020130)|CODE_UNIT_STARTED|[EXTERNAL]|01qN00000005ntX|saMessage_BeforeUpsert on saMessage trigger event BeforeInsert|__sfdc_trigger/saMessage_BeforeUpsert
12:03:53.37 (1116073215)|HEAP_ALLOCATE|[EXTERNAL]|Bytes:8
12:03:53.37 (1116178156)|HEAP_ALLOCATE|[EXTERNAL]|Bytes:4
12:03:53.37 (1116193430)|VARIABLE_SCOPE_BEGIN|[1]|this|saMessage_BeforeUpsert|true|false
12:03:53.37 (1116238455)|VARIABLE_ASSIGNMENT|[1]|this|{}|0x765786da
12:03:53.37 (1116299200)|HEAP_ALLOCATE|[EXTERNAL]|Bytes:4
12:03:53.37 (1116386394)|VARIABLE_SCOPE_BEGIN|[1]|this|saMessage_BeforeUpsert|true|false
12:03:53.37 (1116402151)|VARIABLE_ASSIGNMENT|[1]|this|{}|0x765786da
12:03:53.37 (1116410875)|STATEMENT_EXECUTE|[1]
12:03:53.37 (1116688351)|HEAP_ALLOCATE|[5]|Bytes:5
12:03:53.37 (1116712176)|HEAP_ALLOCATE|[5]|Bytes:4
12:03:53.37 (1116729031)|VARIABLE_SCOPE_BEGIN|[5]|data|saMessage__c|true|false
12:03:53.37 (1118896627)|VARIABLE_ASSIGNMENT|[5]|data|{"IsPublished__c":false,"IsDeleted":false,"PushNotificationResendCount__c":0,"BranchCode__c":"ABC","PushNotificationResendCountFormula__c":0,"OwnerId":"005N0000005OXXuIAO","RegionalOfficeCode__c":"ABC","CountShared__c":0,"IsEvolva__c":false,"CountReply__c":0,"PushNotificationStatus__c":"NONE"}|0x1d783ce1
12:03:53.37 (1118910759)|STATEMENT_EXECUTE|[5]
12:03:53.37 (1128573042)|VARIABLE_SCOPE_BEGIN|[7]|saConstantCmn.PUSH_NOTIFICATION_STATUS_NONE|String|false|true
12:03:53.37 (1128587009)|VARIABLE_SCOPE_BEGIN|[9]|saConstantCmn.PUSH_NOTIFICATION_STATUS_RESENDING|String|false|true
12:03:53.37 (1128594660)|VARIABLE_SCOPE_BEGIN|[8]|saConstantCmn.PUSH_NOTIFICATION_STATUS_SENDING|String|false|true
12:03:53.37 (1128601503)|VARIABLE_SCOPE_BEGIN|[10]|saConstantCmn.PUSH_NOTIFICATION_STATUS_SENT|String|false|true
12:03:53.37 (1128608417)|VARIABLE_SCOPE_BEGIN|[24]|saConstantCmn.SA_INQUIRY_TYPE_AU_HEARING|String|false|true
12:03:53.37 (1128615448)|VARIABLE_SCOPE_BEGIN|[22]|saConstantCmn.SA_INQUIRY_TYPE_DAILYREPORT|String|false|true
12:03:53.37 (1128621579)|VARIABLE_SCOPE_BEGIN|[23]|saConstantCmn.SA_INQUIRY_TYPE_HEARING|String|false|true
12:03:53.37 (1128627899)|VARIABLE_SCOPE_BEGIN|[15]|saConstantCmn.SA_MESSAGEDETAIL_TYPE_DONE|String|false|true
12:03:53.37 (1128634180)|VARIABLE_SCOPE_BEGIN|[14]|saConstantCmn.SA_MESSAGEDETAIL_TYPE_READ|String|false|true
12:03:53.37 (1128640243)|VARIABLE_SCOPE_BEGIN|[13]|saConstantCmn.SA_MESSAGEDETAIL_TYPE_SHARED|String|false|true
12:03:53.37 (1128646658)|VARIABLE_SCOPE_BEGIN|[18]|saConstantCmn.SA_MESSAGE_TYPE_MESSAGE|String|false|true
12:03:53.37 (1128652722)|VARIABLE_SCOPE_BEGIN|[19]|saConstantCmn.SA_MESSAGE_TYPE_TASK|String|false|true
12:03:53.37 (1128659006)|VARIABLE_SCOPE_BEGIN|[41]|saConstantCmn.SA_REPORT_DETAIL_TYPE_LIKE|String|false|true
12:03:53.37 (1128665226)|VARIABLE_SCOPE_BEGIN|[42]|saConstantCmn.SA_REPORT_DETAIL_TYPE_VERY_LIKE|String|false|true
12:03:53.37 (1128671533)|VARIABLE_SCOPE_BEGIN|[34]|saConstantCmn.SA_REPORT_REPLY_STATUS_REPLYSAVED|String|false|true
12:03:53.37 (1128678068)|VARIABLE_SCOPE_BEGIN|[35]|saConstantCmn.SA_REPORT_REPLY_STATUS_REPLYSENT|String|false|true
12:03:53.37 (1128684909)|VARIABLE_SCOPE_BEGIN|[33]|saConstantCmn.SA_REPORT_REPLY_STATUS_WAITINGREPLY|String|false|true
12:03:53.37 (1128691404)|VARIABLE_SCOPE_BEGIN|[39]|saConstantCmn.SA_REPORT_SOURCE_NEW|String|false|true
12:03:53.37 (1128697959)|VARIABLE_SCOPE_BEGIN|[38]|saConstantCmn.SA_REPORT_SOURCE_WEEKLY|String|false|true
12:03:53.37 (1128704808)|VARIABLE_SCOPE_BEGIN|[27]|saConstantCmn.SA_REPORT_STATE_DRAFT|String|false|true
12:03:53.37 (1128711406)|VARIABLE_SCOPE_BEGIN|[30]|saConstantCmn.SA_REPORT_STATE_PUBLISHED|String|false|true
12:03:53.37 (1128717981)|VARIABLE_SCOPE_BEGIN|[29]|saConstantCmn.SA_REPORT_STATE_REJECTED|String|false|true
12:03:53.37 (1128730035)|VARIABLE_SCOPE_BEGIN|[28]|saConstantCmn.SA_REPORT_STATE_WAITING_APPROVAL|String|false|true
12:03:53.37 (1128737825)|VARIABLE_SCOPE_BEGIN|[45]|saConstantCmn.SOURCE|String|false|true
12:03:53.37 (1128745085)|VARIABLE_SCOPE_BEGIN|[46]|saConstantCmn.SOURCE_ID|String|false|true
12:03:53.37 (1128753060)|VARIABLE_SCOPE_BEGIN|[48]|saConstantCmn.SOURCE_LINK|String|false|true
12:03:53.37 (1128760012)|VARIABLE_SCOPE_BEGIN|[47]|saConstantCmn.SOURCE_PREVIEW|String|false|true
12:03:53.37 (1128773640)|HEAP_ALLOCATE|[7]|Bytes:4
12:03:53.37 (1128789883)|VARIABLE_ASSIGNMENT|[7]|saConstantCmn.PUSH_NOTIFICATION_STATUS_NONE|"NONE"
12:03:53.37 (1128795367)|HEAP_ALLOCATE|[7]|Bytes:9
12:03:53.37 (1128802520)|VARIABLE_ASSIGNMENT|[7]|saConstantCmn.PUSH_NOTIFICATION_STATUS_RESENDING|"RESENDING"
12:03:53.37 (1128806704)|HEAP_ALLOCATE|[7]|Bytes:7
12:03:53.37 (1128812342)|VARIABLE_ASSIGNMENT|[7]|saConstantCmn.PUSH_NOTIFICATION_STATUS_SENDING|"SENDING"
12:03:53.37 (1128816777)|HEAP_ALLOCATE|[7]|Bytes:4
12:03:53.37 (1128822881)|VARIABLE_ASSIGNMENT|[7]|saConstantCmn.PUSH_NOTIFICATION_STATUS_SENT|"SENT"
12:03:53.37 (1128826681)|HEAP_ALLOCATE|[7]|Bytes:10
12:03:53.37 (1128832310)|VARIABLE_ASSIGNMENT|[7]|saConstantCmn.SA_INQUIRY_TYPE_AU_HEARING|"AU_HEARING"
12:03:53.37 (1128836271)|HEAP_ALLOCATE|[7]|Bytes:12
12:03:53.37 (1128841882)|VARIABLE_ASSIGNMENT|[7]|saConstantCmn.SA_INQUIRY_TYPE_DAILYREPORT|"DAILY_REPORT"
12:03:53.37 (1128846045)|HEAP_ALLOCATE|[7]|Bytes:6
12:03:53.37 (1128851382)|VARIABLE_ASSIGNMENT|[7]|saConstantCmn.SA_INQUIRY_TYPE_HEARING|"SURVEY"
12:03:53.37 (1128855186)|HEAP_ALLOCATE|[7]|Bytes:4
12:03:53.37 (1128860816)|VARIABLE_ASSIGNMENT|[7]|saConstantCmn.SA_MESSAGEDETAIL_TYPE_DONE|"DONE"
12:03:53.37 (1128865045)|HEAP_ALLOCATE|[7]|Bytes:4
12:03:53.37 (1128870792)|VARIABLE_ASSIGNMENT|[7]|saConstantCmn.SA_MESSAGEDETAIL_TYPE_READ|"READ"
12:03:53.37 (1128874673)|HEAP_ALLOCATE|[7]|Bytes:6
12:03:53.37 (1128880481)|VARIABLE_ASSIGNMENT|[7]|saConstantCmn.SA_MESSAGEDETAIL_TYPE_SHARED|"SHARED"
12:03:53.37 (1128883980)|HEAP_ALLOCATE|[7]|Bytes:7
12:03:53.37 (1128889295)|VARIABLE_ASSIGNMENT|[7]|saConstantCmn.SA_MESSAGE_TYPE_MESSAGE|"MESSAGE"
12:03:53.37 (1128893188)|HEAP_ALLOCATE|[7]|Bytes:4
12:03:53.37 (1128898450)|VARIABLE_ASSIGNMENT|[7]|saConstantCmn.SA_MESSAGE_TYPE_TASK|"TASK"
12:03:53.37 (1128902130)|HEAP_ALLOCATE|[7]|Bytes:4
12:03:53.37 (1128907949)|VARIABLE_ASSIGNMENT|[7]|saConstantCmn.SA_REPORT_DETAIL_TYPE_LIKE|"LIKE"
12:03:53.37 (1128911448)|HEAP_ALLOCATE|[7]|Bytes:9
12:03:53.37 (1128917454)|VARIABLE_ASSIGNMENT|[7]|saConstantCmn.SA_REPORT_DETAIL_TYPE_VERY_LIKE|"VERY_LIKE"
12:03:53.37 (1128921211)|HEAP_ALLOCATE|[7]|Bytes:11
12:03:53.37 (1128927133)|VARIABLE_ASSIGNMENT|[7]|saConstantCmn.SA_REPORT_REPLY_STATUS_REPLYSAVED|"REPLY_SAVED"
12:03:53.37 (1128931486)|HEAP_ALLOCATE|[7]|Bytes:10
12:03:53.37 (1128937665)|VARIABLE_ASSIGNMENT|[7]|saConstantCmn.SA_REPORT_REPLY_STATUS_REPLYSENT|"REPLY_SENT"
12:03:53.37 (1128941544)|HEAP_ALLOCATE|[7]|Bytes:13
12:03:53.37 (1128947580)|VARIABLE_ASSIGNMENT|[7]|saConstantCmn.SA_REPORT_REPLY_STATUS_WAITINGREPLY|"WAITING_REPLY"
12:03:53.37 (1128951767)|HEAP_ALLOCATE|[7]|Bytes:3
12:03:53.37 (1128957648)|VARIABLE_ASSIGNMENT|[7]|saConstantCmn.SA_REPORT_SOURCE_NEW|"New"
12:03:53.37 (1128961429)|HEAP_ALLOCATE|[7]|Bytes:6
12:03:53.37 (1128967287)|VARIABLE_ASSIGNMENT|[7]|saConstantCmn.SA_REPORT_SOURCE_WEEKLY|"Weekly"
12:03:53.37 (1128971119)|HEAP_ALLOCATE|[7]|Bytes:5
12:03:53.37 (1128977138)|VARIABLE_ASSIGNMENT|[7]|saConstantCmn.SA_REPORT_STATE_DRAFT|"Draft"
12:03:53.37 (1128980959)|HEAP_ALLOCATE|[7]|Bytes:7
12:03:53.37 (1128988916)|VARIABLE_ASSIGNMENT|[7]|saConstantCmn.SA_REPORT_STATE_PUBLISHED|"Publish"
12:03:53.37 (1128992846)|HEAP_ALLOCATE|[7]|Bytes:6
12:03:53.37 (1128998942)|VARIABLE_ASSIGNMENT|[7]|saConstantCmn.SA_REPORT_STATE_REJECTED|"Remand"
12:03:53.37 (1129003351)|HEAP_ALLOCATE|[7]|Bytes:7
12:03:53.37 (1129010417)|VARIABLE_ASSIGNMENT|[7]|saConstantCmn.SA_REPORT_STATE_WAITING_APPROVAL|"Pending"
12:03:53.37 (1129014096)|HEAP_ALLOCATE|[7]|Bytes:3
12:03:53.37 (1129020024)|VARIABLE_ASSIGNMENT|[7]|saConstantCmn.SOURCE|"src"
12:03:53.37 (1129024357)|HEAP_ALLOCATE|[7]|Bytes:2
12:03:53.37 (1129031010)|VARIABLE_ASSIGNMENT|[7]|saConstantCmn.SOURCE_ID|"id"
12:03:53.37 (1129035186)|HEAP_ALLOCATE|[7]|Bytes:4
12:03:53.37 (1129041383)|VARIABLE_ASSIGNMENT|[7]|saConstantCmn.SOURCE_LINK|"link"
12:03:53.37 (1129045013)|HEAP_ALLOCATE|[7]|Bytes:7
12:03:53.37 (1129051804)|VARIABLE_ASSIGNMENT|[7]|saConstantCmn.SOURCE_PREVIEW|"preview"
12:03:53.37 (1129083557)|METHOD_ENTRY|[4]|01pN0000000aH2z|saConstantCmn.saConstantCmn()
12:03:53.37 (1129089680)|STATEMENT_EXECUTE|[4]
12:03:53.37 (1129093164)|STATEMENT_EXECUTE|[4]
12:03:53.37 (1129429614)|SYSTEM_MODE_ENTER|false
12:03:53.37 (1129440615)|HEAP_ALLOCATE|[7]|Bytes:5
12:03:53.37 (1129449134)|SYSTEM_MODE_EXIT|false
12:03:53.37 (1129458940)|METHOD_EXIT|[4]|saConstantCmn
12:03:53.37 (1129506649)|STATEMENT_EXECUTE|[7]
12:03:53.37 (1129520160)|HEAP_ALLOCATE|[5]|Bytes:5
12:03:53.37 (1129535545)|VARIABLE_ASSIGNMENT|[5]|data|null|
12:03:53.129 (1129569803)|CUMULATIVE_LIMIT_USAGE
12:03:53.129 (1129569803)|LIMIT_USAGE_FOR_NS|(default)|
  Number of SOQL queries: 1 out of 100
  Number of query rows: 1 out of 50000
  Number of SOSL queries: 0 out of 20
  Number of DML statements: 3 out of 150
  Number of DML rows: 3 out of 10000
  Maximum CPU time: 0 out of 10000
  Maximum heap size: 0 out of 6000000
  Number of callouts: 0 out of 100
  Number of Email Invocations: 0 out of 10
  Number of future calls: 0 out of 50
  Number of queueable jobs added to the queue: 0 out of 50
  Number of Mobile Apex push calls: 0 out of 10

12:03:53.129 (1129569803)|CUMULATIVE_LIMIT_USAGE_END

12:03:53.37 (1130632611)|CODE_UNIT_FINISHED|saMessage_BeforeUpsert on saMessage trigger event BeforeInsert|__sfdc_trigger/saMessage_BeforeUpsert
12:03:53.37 (1215203257)|CODE_UNIT_STARTED|[EXTERNAL]|Workflow:01IN0000000B7mm
12:03:53.37 (1224743557)|WF_RULE_EVAL_BEGIN|Workflow
12:03:53.37 (1224767547)|WF_CRITERIA_BEGIN|[saMessage: MSG-00000084 a0NN000000A7bDD]|saMessage_sendNotification|01QN00000007WPL|ON_CREATE_OR_TRIGGERING_UPDATE|0
12:03:53.37 (1226223860)|WF_RULE_FILTER|[saMessage : ステータス equals Saved]
12:03:53.37 (1226243383)|WF_RULE_EVAL_VALUE|
12:03:53.37 (1226247827)|WF_CRITERIA_END|false
12:03:53.37 (1226260390)|WF_SPOOL_ACTION_BEGIN|Workflow
12:03:53.37 (1226269810)|WF_ACTION| None
12:03:53.37 (1226274057)|WF_RULE_EVAL_END
12:03:53.37 (1226282060)|WF_TIME_TRIGGERS_BEGIN
12:03:53.37 (1229731050)|WF_ACTIONS_END| None
12:03:53.37 (1229745174)|CODE_UNIT_FINISHED|Workflow:01IN0000000B7mm
12:03:53.37 (1232041672)|DML_END|[8]
12:03:53.37 (1232066587)|STATEMENT_EXECUTE|[9]
12:03:53.37 (1232078904)|METHOD_EXIT|[26]|01pN0000000pREd|saTaskDetailCSVFileExportingCtrlTest.createMessage()
12:03:53.37 (1232097975)|VARIABLE_SCOPE_BEGIN|[26]|m|saMessage__c|true|false
12:03:53.37 (1232145071)|VARIABLE_ASSIGNMENT|[26]|m|{"RegionalOfficeCode__c":"ABC","BranchCode__c":"ABC","Id":"a0NN000000A7bDDMAZ"}|0x1022c8a7
12:03:53.37 (1232152120)|STATEMENT_EXECUTE|[27]
12:03:53.37 (1232227439)|METHOD_ENTRY|[27]|01pN0000000pREd|saTaskDetailCSVFileExportingCtrlTest.createMessageDetail(Id, Id)
12:03:53.37 (1232369548)|VARIABLE_SCOPE_BEGIN|[11]|messageId|Id|false|false
12:03:53.37 (1232498708)|VARIABLE_ASSIGNMENT|[11]|messageId|"a0NN000000A7bDDMAZ"
12:03:53.37 (1232511178)|VARIABLE_SCOPE_BEGIN|[11]|uId|Id|false|false
12:03:53.37 (1232568678)|VARIABLE_ASSIGNMENT|[11]|uId|"005N0000005OXXuIAO"
12:03:53.37 (1232611405)|STATEMENT_EXECUTE|[11]
12:03:53.37 (1232622560)|STATEMENT_EXECUTE|[12]
12:03:53.37 (1232651576)|HEAP_ALLOCATE|[12]|Bytes:4
12:03:53.37 (1232765624)|VARIABLE_SCOPE_BEGIN|[12]|m|saMessageDetail__c|true|false
12:03:53.37 (1232780695)|VARIABLE_ASSIGNMENT|[12]|m|{}|0x56245dde
12:03:53.37 (1232786550)|STATEMENT_EXECUTE|[13]
12:03:53.37 (1232883962)|VARIABLE_ASSIGNMENT|[13]|this.saMessage__c|"a0NN000000A7bDDMAZ"|0x56245dde
12:03:53.37 (1232891181)|STATEMENT_EXECUTE|[14]
12:03:53.37 (1232922619)|VARIABLE_ASSIGNMENT|[14]|this.User__c|"005N0000005OXXuIAO"|0x56245dde
12:03:53.37 (1232928689)|STATEMENT_EXECUTE|[15]
12:03:53.37 (1232948711)|HEAP_ALLOCATE|[15]|Bytes:8
12:03:53.37 (1232956506)|DML_BEGIN|[15]|Op:Insert|Type:saMessageDetail__c|Rows:1
12:03:53.37 (1232983942)|HEAP_ALLOCATE|[EXTERNAL]|Bytes:8
12:03:53.37 (1249964649)|DML_END|[15]
12:03:53.37 (1250054696)|VF_PAGE_MESSAGE|Required fields are missing: [Type__c]
12:03:53.37 (1250120861)|EXCEPTION_THROWN|[15]|System.DmlException: Insert failed. First exception on row 0; first error: REQUIRED_FIELD_MISSING, Required fields are missing: [Type__c]: [Type__c]
12:03:53.37 (1250394516)|HEAP_ALLOCATE|[15]|Bytes:131
12:03:53.37 (1250421007)|METHOD_EXIT|[27]|01pN0000000pREd|saTaskDetailCSVFileExportingCtrlTest.createMessageDetail(Id, Id)
12:03:53.37 (1254082705)|FATAL_ERROR|System.DmlException: Insert failed. First exception on row 0; first error: REQUIRED_FIELD_MISSING, Required fields are missing: [Type__c]: [Type__c]

Class.saTaskDetailCSVFileExportingCtrlTest.createMessageDetail: line 15, column 1
Class.saTaskDetailCSVFileExportingCtrlTest.test_method_two: line 27, column 1
12:03:53.37 (1254105746)|FATAL_ERROR|System.DmlException: Insert failed. First exception on row 0; first error: REQUIRED_FIELD_MISSING, Required fields are missing: [Type__c]: [Type__c]

Class.saTaskDetailCSVFileExportingCtrlTest.createMessageDetail: line 15, column 1
Class.saTaskDetailCSVFileExportingCtrlTest.test_method_two: line 27, column 1
12:03:53.254 (1254129502)|CUMULATIVE_LIMIT_USAGE
12:03:53.254 (1254129502)|LIMIT_USAGE_FOR_NS|(default)|
  Number of SOQL queries: 1 out of 100
  Number of query rows: 1 out of 50000
  Number of SOSL queries: 0 out of 20
  Number of DML statements: 4 out of 150
  Number of DML rows: 4 out of 10000
  Maximum CPU time: 0 out of 10000
  Maximum heap size: 0 out of 6000000
  Number of callouts: 0 out of 100
  Number of Email Invocations: 0 out of 10
  Number of future calls: 0 out of 50
  Number of queueable jobs added to the queue: 0 out of 50
  Number of Mobile Apex push calls: 0 out of 10

12:03:53.254 (1254129502)|CUMULATIVE_LIMIT_USAGE_END

12:03:53.37 (1254178448)|CODE_UNIT_FINISHED|saTaskDetailCSVFileExportingCtrlTest.test_method_two()
12:03:53.37 (1254982073)|EXECUTION_FINISHED
