42.0 APEX_CODE,FINEST;APEX_PROFILING,INFO;CALLOUT,INFO;DB,INFO;NBA,INFO;SYSTEM,DEBUG;VALIDATION,INFO;VISUALFORCE,INFO;WAVE,INFO;WORKFLOW,INFO
10:45:38.0 (76864)|USER_INFO|[EXTERNAL]|005N00000057PfO|thomas.remy+kddi_gwdev01@globalway.co.jp|Japan Standard Time|GMT+09:00
10:45:38.0 (128458)|EXECUTION_STARTED
10:45:38.0 (134664)|CODE_UNIT_STARTED|[EXTERNAL]|066N0000000M4pW|VF: /apex/sadailyreport
10:45:38.0 (345337)|VF_DESERIALIZE_VIEWSTATE_BEGIN|066N0000000M4pW
10:45:38.0 (4648759)|HEAP_ALLOCATE|[72]|Bytes:3
10:45:38.0 (4714435)|HEAP_ALLOCATE|[77]|Bytes:152
10:45:38.0 (4743650)|HEAP_ALLOCATE|[342]|Bytes:408
10:45:38.0 (4780690)|HEAP_ALLOCATE|[355]|Bytes:408
10:45:38.0 (4803376)|HEAP_ALLOCATE|[467]|Bytes:48
10:45:38.0 (4836955)|HEAP_ALLOCATE|[139]|Bytes:6
10:45:38.0 (5708275)|HEAP_ALLOCATE|[50]|Bytes:5
10:45:38.0 (5740112)|HEAP_ALLOCATE|[56]|Bytes:5
10:45:38.0 (5755387)|HEAP_ALLOCATE|[64]|Bytes:7
10:45:38.0 (6530546)|VARIABLE_SCOPE_BEGIN|[3]|saDailyReportCtrl.SOURCE|String|false|true
10:45:38.0 (6542487)|VARIABLE_SCOPE_BEGIN|[4]|saDailyReportCtrl.SOURCE_ID|String|false|true
10:45:38.0 (7717212)|VARIABLE_SCOPE_BEGIN|[25]|auMainTopCompCtrl.TYPE_SCREEN_ACCOUNT_LIST|Integer|false|true
10:45:38.0 (7732183)|VARIABLE_SCOPE_BEGIN|[26]|auMainTopCompCtrl.TYPE_SCREEN_ACTIVITY_LIST|Integer|false|true
10:45:38.0 (7741116)|VARIABLE_SCOPE_BEGIN|[7]|auMainTopCompCtrl.TYPE_SCREEN_CX_SCREEN|Integer|false|true
10:45:38.0 (7756753)|VARIABLE_SCOPE_BEGIN|[8]|auMainTopCompCtrl.TYPE_SCREEN_CX_TIMELINE|Integer|false|true
10:45:38.0 (7766450)|VARIABLE_SCOPE_BEGIN|[9]|auMainTopCompCtrl.TYPE_SCREEN_EVENT_SCHEDULE|Integer|false|true
10:45:38.0 (7775644)|VARIABLE_SCOPE_BEGIN|[10]|auMainTopCompCtrl.TYPE_SCREEN_EVENT_SCHEDULE_LIST|Integer|false|true
10:45:38.0 (7783769)|VARIABLE_SCOPE_BEGIN|[27]|auMainTopCompCtrl.TYPE_SCREEN_FILE_LIST|Integer|false|true
10:45:38.0 (7790524)|VARIABLE_SCOPE_BEGIN|[24]|auMainTopCompCtrl.TYPE_SCREEN_HONBU_DIRECT|Integer|false|true
10:45:38.0 (7796879)|VARIABLE_SCOPE_BEGIN|[11]|auMainTopCompCtrl.TYPE_SCREEN_KNOWLEDGE_DASHBOARD|Integer|false|true
10:45:38.0 (7803460)|VARIABLE_SCOPE_BEGIN|[12]|auMainTopCompCtrl.TYPE_SCREEN_KNOWLEDGE_LIST|Integer|false|true
10:45:38.0 (7809780)|VARIABLE_SCOPE_BEGIN|[15]|auMainTopCompCtrl.TYPE_SCREEN_SA_CHATTER|Integer|false|true
10:45:38.0 (7815898)|VARIABLE_SCOPE_BEGIN|[16]|auMainTopCompCtrl.TYPE_SCREEN_SA_DAILYREPORT|Integer|false|true
10:45:38.0 (7821397)|VARIABLE_SCOPE_BEGIN|[22]|auMainTopCompCtrl.TYPE_SCREEN_SA_DAILYREPORTLIST|Integer|false|true
10:45:38.0 (7827738)|VARIABLE_SCOPE_BEGIN|[18]|auMainTopCompCtrl.TYPE_SCREEN_SA_DOCUMENTS|Integer|false|true
10:45:38.0 (7833388)|VARIABLE_SCOPE_BEGIN|[17]|auMainTopCompCtrl.TYPE_SCREEN_SA_ENQUETE|Integer|false|true
10:45:38.0 (7839221)|VARIABLE_SCOPE_BEGIN|[20]|auMainTopCompCtrl.TYPE_SCREEN_SA_LINKS|Integer|false|true
10:45:38.0 (7845073)|VARIABLE_SCOPE_BEGIN|[13]|auMainTopCompCtrl.TYPE_SCREEN_SA_MESSAGES|Integer|false|true
10:45:38.0 (7850962)|VARIABLE_SCOPE_BEGIN|[19]|auMainTopCompCtrl.TYPE_SCREEN_SA_RANKING|Integer|false|true
10:45:38.0 (7856571)|VARIABLE_SCOPE_BEGIN|[14]|auMainTopCompCtrl.TYPE_SCREEN_SA_REPORTS|Integer|false|true
10:45:38.0 (7862394)|VARIABLE_SCOPE_BEGIN|[23]|auMainTopCompCtrl.TYPE_SCREEN_SA_TODO|Integer|false|true
10:45:38.0 (7868613)|VARIABLE_SCOPE_BEGIN|[21]|auMainTopCompCtrl.TYPE_SCREEN_SA_USRSETTINGS|Integer|false|true
10:45:38.0 (7874944)|VARIABLE_SCOPE_BEGIN|[4]|auMainTopCompCtrl.TYPE_SCREEN_STPD_EVENT|Integer|false|true
10:45:38.0 (7881506)|VARIABLE_SCOPE_BEGIN|[6]|auMainTopCompCtrl.TYPE_SCREEN_STPD_SCREEN|Integer|false|true
10:45:38.0 (7887806)|VARIABLE_SCOPE_BEGIN|[5]|auMainTopCompCtrl.TYPE_SCREEN_STPD_TIMELINE|Integer|false|true
10:45:38.0 (7893725)|VARIABLE_SCOPE_BEGIN|[3]|auMainTopCompCtrl.TYPE_SCREEN_SWITCH|Integer|false|true
10:45:38.0 (9129419)|VF_DESERIALIZE_VIEWSTATE_END
10:45:38.0 (11367657)|SYSTEM_MODE_ENTER|true
10:45:38.0 (11607092)|HEAP_ALLOCATE|[EXTERNAL]|Bytes:284
10:45:38.0 (11620214)|HEAP_ALLOCATE|[EXTERNAL]|Bytes:146
10:45:38.0 (11632642)|METHOD_ENTRY|[1]|01pN0000000Mill|auMainTopCompCtrl.auMainTopCompCtrl()
10:45:38.0 (11639136)|STATEMENT_EXECUTE|[1]
10:45:38.0 (11644597)|STATEMENT_EXECUTE|[1]
10:45:38.0 (11646085)|STATEMENT_EXECUTE|[3]
10:45:38.0 (11652542)|HEAP_ALLOCATE|[3]|Bytes:4
10:45:38.0 (11678294)|VARIABLE_ASSIGNMENT|[3]|auMainTopCompCtrl.TYPE_SCREEN_SWITCH|0
10:45:38.0 (11683465)|STATEMENT_EXECUTE|[4]
10:45:38.0 (11686486)|HEAP_ALLOCATE|[4]|Bytes:4
10:45:38.0 (11694120)|VARIABLE_ASSIGNMENT|[4]|auMainTopCompCtrl.TYPE_SCREEN_STPD_EVENT|11
10:45:38.0 (11698593)|STATEMENT_EXECUTE|[5]
10:45:38.0 (11701158)|HEAP_ALLOCATE|[5]|Bytes:4
10:45:38.0 (11707364)|VARIABLE_ASSIGNMENT|[5]|auMainTopCompCtrl.TYPE_SCREEN_STPD_TIMELINE|12
10:45:38.0 (11711280)|STATEMENT_EXECUTE|[6]
10:45:38.0 (11713246)|HEAP_ALLOCATE|[6]|Bytes:4
10:45:38.0 (11719532)|VARIABLE_ASSIGNMENT|[6]|auMainTopCompCtrl.TYPE_SCREEN_STPD_SCREEN|13
10:45:38.0 (11723093)|STATEMENT_EXECUTE|[7]
10:45:38.0 (11725012)|HEAP_ALLOCATE|[7]|Bytes:4
10:45:38.0 (11730055)|VARIABLE_ASSIGNMENT|[7]|auMainTopCompCtrl.TYPE_SCREEN_CX_SCREEN|21
10:45:38.0 (11734079)|STATEMENT_EXECUTE|[8]
10:45:38.0 (11735917)|HEAP_ALLOCATE|[8]|Bytes:4
10:45:38.0 (11742406)|VARIABLE_ASSIGNMENT|[8]|auMainTopCompCtrl.TYPE_SCREEN_CX_TIMELINE|22
10:45:38.0 (11752914)|STATEMENT_EXECUTE|[9]
10:45:38.0 (11755139)|HEAP_ALLOCATE|[9]|Bytes:4
10:45:38.0 (11761454)|VARIABLE_ASSIGNMENT|[9]|auMainTopCompCtrl.TYPE_SCREEN_EVENT_SCHEDULE|31
10:45:38.0 (11765738)|STATEMENT_EXECUTE|[10]
10:45:38.0 (11767805)|HEAP_ALLOCATE|[10]|Bytes:4
10:45:38.0 (11773207)|VARIABLE_ASSIGNMENT|[10]|auMainTopCompCtrl.TYPE_SCREEN_EVENT_SCHEDULE_LIST|32
10:45:38.0 (11777245)|STATEMENT_EXECUTE|[11]
10:45:38.0 (11779237)|HEAP_ALLOCATE|[11]|Bytes:4
10:45:38.0 (11785333)|VARIABLE_ASSIGNMENT|[11]|auMainTopCompCtrl.TYPE_SCREEN_KNOWLEDGE_DASHBOARD|41
10:45:38.0 (11789215)|STATEMENT_EXECUTE|[12]
10:45:38.0 (11791207)|HEAP_ALLOCATE|[12]|Bytes:4
10:45:38.0 (11796587)|VARIABLE_ASSIGNMENT|[12]|auMainTopCompCtrl.TYPE_SCREEN_KNOWLEDGE_LIST|42
10:45:38.0 (11799983)|STATEMENT_EXECUTE|[13]
10:45:38.0 (11801974)|HEAP_ALLOCATE|[13]|Bytes:4
10:45:38.0 (11807580)|VARIABLE_ASSIGNMENT|[13]|auMainTopCompCtrl.TYPE_SCREEN_SA_MESSAGES|51
10:45:38.0 (11811771)|STATEMENT_EXECUTE|[14]
10:45:38.0 (11813687)|HEAP_ALLOCATE|[14]|Bytes:4
10:45:38.0 (11819371)|VARIABLE_ASSIGNMENT|[14]|auMainTopCompCtrl.TYPE_SCREEN_SA_REPORTS|52
10:45:38.0 (11823294)|STATEMENT_EXECUTE|[15]
10:45:38.0 (11825147)|HEAP_ALLOCATE|[15]|Bytes:4
10:45:38.0 (11830316)|VARIABLE_ASSIGNMENT|[15]|auMainTopCompCtrl.TYPE_SCREEN_SA_CHATTER|53
10:45:38.0 (11834350)|STATEMENT_EXECUTE|[16]
10:45:38.0 (11837028)|HEAP_ALLOCATE|[16]|Bytes:4
10:45:38.0 (11842564)|VARIABLE_ASSIGNMENT|[16]|auMainTopCompCtrl.TYPE_SCREEN_SA_DAILYREPORT|54
10:45:38.0 (11846394)|STATEMENT_EXECUTE|[17]
10:45:38.0 (11848384)|HEAP_ALLOCATE|[17]|Bytes:4
10:45:38.0 (11854214)|VARIABLE_ASSIGNMENT|[17]|auMainTopCompCtrl.TYPE_SCREEN_SA_ENQUETE|55
10:45:38.0 (11858317)|STATEMENT_EXECUTE|[18]
10:45:38.0 (11860101)|HEAP_ALLOCATE|[18]|Bytes:4
10:45:38.0 (11865530)|VARIABLE_ASSIGNMENT|[18]|auMainTopCompCtrl.TYPE_SCREEN_SA_DOCUMENTS|56
10:45:38.0 (11868899)|STATEMENT_EXECUTE|[19]
10:45:38.0 (11870777)|HEAP_ALLOCATE|[19]|Bytes:4
10:45:38.0 (11876376)|VARIABLE_ASSIGNMENT|[19]|auMainTopCompCtrl.TYPE_SCREEN_SA_RANKING|57
10:45:38.0 (11879800)|STATEMENT_EXECUTE|[20]
10:45:38.0 (11881636)|HEAP_ALLOCATE|[20]|Bytes:4
10:45:38.0 (11887136)|VARIABLE_ASSIGNMENT|[20]|auMainTopCompCtrl.TYPE_SCREEN_SA_LINKS|58
10:45:38.0 (11891137)|STATEMENT_EXECUTE|[21]
10:45:38.0 (11893131)|HEAP_ALLOCATE|[21]|Bytes:4
10:45:38.0 (11899075)|VARIABLE_ASSIGNMENT|[21]|auMainTopCompCtrl.TYPE_SCREEN_SA_USRSETTINGS|59
10:45:38.0 (11903197)|STATEMENT_EXECUTE|[22]
10:45:38.0 (11905097)|HEAP_ALLOCATE|[22]|Bytes:4
10:45:38.0 (11910387)|VARIABLE_ASSIGNMENT|[22]|auMainTopCompCtrl.TYPE_SCREEN_SA_DAILYREPORTLIST|60
10:45:38.0 (11914100)|STATEMENT_EXECUTE|[23]
10:45:38.0 (11915989)|HEAP_ALLOCATE|[23]|Bytes:4
10:45:38.0 (11923049)|VARIABLE_ASSIGNMENT|[23]|auMainTopCompCtrl.TYPE_SCREEN_SA_TODO|61
10:45:38.0 (11927459)|STATEMENT_EXECUTE|[24]
10:45:38.0 (11929370)|HEAP_ALLOCATE|[24]|Bytes:4
10:45:38.0 (11934702)|VARIABLE_ASSIGNMENT|[24]|auMainTopCompCtrl.TYPE_SCREEN_HONBU_DIRECT|71
10:45:38.0 (11938649)|STATEMENT_EXECUTE|[25]
10:45:38.0 (11940717)|HEAP_ALLOCATE|[25]|Bytes:4
10:45:38.0 (11946025)|VARIABLE_ASSIGNMENT|[25]|auMainTopCompCtrl.TYPE_SCREEN_ACCOUNT_LIST|81
10:45:38.0 (11949574)|STATEMENT_EXECUTE|[26]
10:45:38.0 (11951538)|HEAP_ALLOCATE|[26]|Bytes:4
10:45:38.0 (11956333)|VARIABLE_ASSIGNMENT|[26]|auMainTopCompCtrl.TYPE_SCREEN_ACTIVITY_LIST|82
10:45:38.0 (11960051)|STATEMENT_EXECUTE|[27]
10:45:38.0 (11962162)|HEAP_ALLOCATE|[27]|Bytes:4
10:45:38.0 (11967605)|VARIABLE_ASSIGNMENT|[27]|auMainTopCompCtrl.TYPE_SCREEN_FILE_LIST|83
10:45:38.0 (11975365)|METHOD_EXIT|[1]|auMainTopCompCtrl
10:45:38.0 (11981770)|HEAP_ALLOCATE|[EXTERNAL]|Bytes:40
10:45:38.0 (11988968)|VARIABLE_SCOPE_BEGIN|[80]|this|auMainTopCompCtrl|true|false
10:45:38.0 (12055967)|VARIABLE_ASSIGNMENT|[80]|this|{"currentUser":"0x6727fc1d","iTypeOfScreen":54,"urlReportsSFA":"https://cs6.lightnin (84 more) ..."}|0x285111e9
10:45:38.0 (12068535)|STATEMENT_EXECUTE|[80]
10:45:38.0 (12070340)|STATEMENT_EXECUTE|[81]
10:45:38.0 (12117615)|VARIABLE_ASSIGNMENT|[EXTERNAL]|this|{"currentUser":"0x6727fc1d","iTypeOfScreen":54,"urlReportsSFA":"https://cs6.lightnin (84 more) ..."}|0x285111e9
10:45:38.0 (12164405)|VARIABLE_ASSIGNMENT|[EXTERNAL]|this|{"currentUser":"0x6727fc1d","iTypeOfScreen":54,"urlReportsSFA":"https://cs6.lightnin (84 more) ..."}|0x285111e9
10:45:38.0 (12199202)|VARIABLE_ASSIGNMENT|[EXTERNAL]|this|{"currentUser":"0x6727fc1d","iTypeOfScreen":54,"urlReportsSFA":"https://cs6.lightnin (84 more) ..."}|0x285111e9
10:45:38.0 (12233795)|VARIABLE_ASSIGNMENT|[EXTERNAL]|this|{"currentUser":"0x6727fc1d","iTypeOfScreen":54,"urlReportsSFA":"https://cs6.lightnin (84 more) ..."}|0x285111e9
10:45:38.0 (12257235)|HEAP_ALLOCATE|[81]|Bytes:5
10:45:38.0 (12358992)|SYSTEM_MODE_ENTER|true
10:45:38.0 (12390587)|HEAP_ALLOCATE|[EXTERNAL]|Bytes:40
10:45:38.0 (12396849)|VARIABLE_SCOPE_BEGIN|[99]|this|auMainTopCompCtrl|true|false
10:45:38.0 (12426511)|VARIABLE_ASSIGNMENT|[99]|this|{"currentUser":"0x6727fc1d","iTypeOfScreen":54,"urlReportsSFA":"https://cs6.lightnin (84 more) ..."}|0x285111e9
10:45:38.0 (12435748)|STATEMENT_EXECUTE|[99]
10:45:38.0 (12437388)|STATEMENT_EXECUTE|[100]
10:45:38.0 (12467519)|VARIABLE_ASSIGNMENT|[EXTERNAL]|this|{"currentUser":"0x6727fc1d","iTypeOfScreen":54,"urlReportsSFA":"https://cs6.lightnin (84 more) ..."}|0x285111e9
10:45:38.0 (12481330)|HEAP_ALLOCATE|[100]|Bytes:5
10:45:38.0 (12564082)|SYSTEM_MODE_ENTER|true
10:45:38.0 (12585804)|HEAP_ALLOCATE|[EXTERNAL]|Bytes:40
10:45:38.0 (12597379)|VARIABLE_ASSIGNMENT|[EXTERNAL]|this.iCountComments|null|0x285111e9
10:45:38.0 (12640203)|SYSTEM_MODE_ENTER|true
10:45:38.0 (12651894)|HEAP_ALLOCATE|[EXTERNAL]|Bytes:40
10:45:38.0 (12659304)|VARIABLE_ASSIGNMENT|[EXTERNAL]|this.iCountLikes|null|0x285111e9
10:45:38.0 (12740019)|SYSTEM_MODE_ENTER|true
10:45:38.0 (12778952)|HEAP_ALLOCATE|[EXTERNAL]|Bytes:26
10:45:38.0 (12786940)|HEAP_ALLOCATE|[EXTERNAL]|Bytes:460
10:45:38.0 (12791453)|HEAP_ALLOCATE|[EXTERNAL]|Bytes:113
10:45:38.0 (12794945)|HEAP_ALLOCATE|[EXTERNAL]|Bytes:39
10:45:38.0 (12798564)|HEAP_ALLOCATE|[EXTERNAL]|Bytes:3
10:45:38.0 (12807388)|VARIABLE_ASSIGNMENT|[EXTERNAL]|saDailyReportCtrl.SOURCE|"src"
10:45:38.0 (12811749)|HEAP_ALLOCATE|[EXTERNAL]|Bytes:2
10:45:38.0 (12817322)|VARIABLE_ASSIGNMENT|[EXTERNAL]|saDailyReportCtrl.SOURCE_ID|"id"
10:45:38.0 (12824925)|METHOD_ENTRY|[1]|01pN0000000aE0W|saDailyReportCtrl.saDailyReportCtrl()
10:45:38.0 (12829867)|STATEMENT_EXECUTE|[1]
10:45:38.0 (12833002)|STATEMENT_EXECUTE|[1]
10:45:38.0 (12840948)|SYSTEM_MODE_ENTER|false
10:45:38.0 (12849106)|HEAP_ALLOCATE|[EXTERNAL]|Bytes:5
10:45:38.0 (12854438)|STATEMENT_EXECUTE|[651]
10:45:38.0 (12856682)|STATEMENT_EXECUTE|[678]
10:45:38.0 (12861397)|SYSTEM_MODE_EXIT|false
10:45:38.0 (12868342)|METHOD_EXIT|[1]|saDailyReportCtrl
10:45:38.0 (12873026)|HEAP_ALLOCATE|[EXTERNAL]|Bytes:76
10:45:38.0 (12877620)|VARIABLE_SCOPE_BEGIN|[92]|this|saDailyReportCtrl|true|false
10:45:38.0 (13213015)|VARIABLE_ASSIGNMENT|[92]|this|{"BusinessLocationName":"","currentInquiryReply":"0xcc1083b","currentInquiryReplyDetail":"0x2cbf9e13","dailyReportId":"a0IN0000006RUllMAG","dCurrentDay":"2018-06-30T00:00:00Z","dCurrentMonth":"2018-07-01T00:00:00Z","iCurrentDay":0,"idBusinessLocation":"","isIPhone":false,"isPreview":true,"lsBusinessLocation":"0x7420488d","messageError":"","messageQuestion":"","mpQuestions":"0x7aa8cd5","myUser":"0x3aedccb","sourceOfTheCall":"preview"}|0x41a64bef
10:45:38.0 (13232447)|SYSTEM_MODE_ENTER|false
10:45:38.0 (13239563)|HEAP_ALLOCATE|[92]|Bytes:5
10:45:38.0 (13244986)|STATEMENT_EXECUTE|[92]
10:45:38.0 (13246870)|STATEMENT_EXECUTE|[92]
10:45:38.0 (13251763)|SYSTEM_MODE_EXIT|false
10:45:38.0 (13311527)|SYSTEM_MODE_ENTER|true
10:45:38.0 (13328311)|HEAP_ALLOCATE|[EXTERNAL]|Bytes:8
10:45:38.0 (13333248)|HEAP_ALLOCATE|[EXTERNAL]|Bytes:40
10:45:38.0 (13342535)|VARIABLE_ASSIGNMENT|[EXTERNAL]|this.iTypeOfScreen|54|0x285111e9
10:45:38.0 (13487755)|SYSTEM_MODE_ENTER|true
10:45:38.0 (13572858)|SYSTEM_MODE_ENTER|true
10:45:38.0 (13652118)|SYSTEM_MODE_ENTER|true
10:45:38.0 (13873398)|SYSTEM_MODE_ENTER|true
10:45:38.0 (15072508)|SYSTEM_MODE_ENTER|true
10:45:38.0 (17094498)|SYSTEM_MODE_ENTER|true
10:45:38.0 (17146832)|SYSTEM_MODE_ENTER|true
10:45:38.0 (17184866)|SYSTEM_MODE_ENTER|true
10:45:38.0 (17219338)|SYSTEM_MODE_ENTER|true
10:45:38.0 (17253144)|SYSTEM_MODE_ENTER|true
10:45:38.0 (17301616)|SYSTEM_MODE_ENTER|true
10:45:38.0 (17334814)|HEAP_ALLOCATE|[EXTERNAL]|Bytes:40
10:45:38.0 (17342461)|VARIABLE_SCOPE_BEGIN|[80]|this|auMainTopCompCtrl|true|false
10:45:38.0 (17379796)|VARIABLE_ASSIGNMENT|[80]|this|{"currentUser":"0x6727fc1d","iTypeOfScreen":54,"urlReportsSFA":"https://cs6.lightnin (84 more) ..."}|0x285111e9
10:45:38.0 (17389950)|STATEMENT_EXECUTE|[80]
10:45:38.0 (17392232)|STATEMENT_EXECUTE|[81]
10:45:38.0 (17433353)|VARIABLE_ASSIGNMENT|[EXTERNAL]|this|{"currentUser":"0x6727fc1d","iTypeOfScreen":54,"urlReportsSFA":"https://cs6.lightnin (84 more) ..."}|0x285111e9
10:45:38.0 (17491007)|VARIABLE_ASSIGNMENT|[EXTERNAL]|this|{"currentUser":"0x6727fc1d","iTypeOfScreen":54,"urlReportsSFA":"https://cs6.lightnin (84 more) ..."}|0x285111e9
10:45:38.0 (17527370)|VARIABLE_ASSIGNMENT|[EXTERNAL]|this|{"currentUser":"0x6727fc1d","iTypeOfScreen":54,"urlReportsSFA":"https://cs6.lightnin (84 more) ..."}|0x285111e9
10:45:38.0 (17557069)|VARIABLE_ASSIGNMENT|[EXTERNAL]|this|{"currentUser":"0x6727fc1d","iTypeOfScreen":54,"urlReportsSFA":"https://cs6.lightnin (84 more) ..."}|0x285111e9
10:45:38.0 (17571210)|HEAP_ALLOCATE|[81]|Bytes:5
10:45:38.0 (17625445)|SYSTEM_MODE_ENTER|true
10:45:38.0 (17656067)|HEAP_ALLOCATE|[EXTERNAL]|Bytes:40
10:45:38.0 (17662138)|VARIABLE_SCOPE_BEGIN|[99]|this|auMainTopCompCtrl|true|false
10:45:38.0 (17691224)|VARIABLE_ASSIGNMENT|[99]|this|{"currentUser":"0x6727fc1d","iTypeOfScreen":54,"urlReportsSFA":"https://cs6.lightnin (84 more) ..."}|0x285111e9
10:45:38.0 (17700509)|STATEMENT_EXECUTE|[99]
10:45:38.0 (17702294)|STATEMENT_EXECUTE|[100]
10:45:38.0 (17727125)|VARIABLE_ASSIGNMENT|[EXTERNAL]|this|{"currentUser":"0x6727fc1d","iTypeOfScreen":54,"urlReportsSFA":"https://cs6.lightnin (84 more) ..."}|0x285111e9
10:45:38.0 (17739986)|HEAP_ALLOCATE|[100]|Bytes:5
10:45:38.0 (20397648)|SYSTEM_MODE_ENTER|true
10:45:38.0 (20420620)|HEAP_ALLOCATE|[EXTERNAL]|Bytes:16
10:45:38.0 (20426505)|HEAP_ALLOCATE|[EXTERNAL]|Bytes:76
10:45:38.0 (20439159)|VARIABLE_ASSIGNMENT|[EXTERNAL]|this.messageError|"正しいデーターを入れてください。"|0x41a64bef
10:45:38.0 (20468572)|SYSTEM_MODE_ENTER|true
10:45:38.0 (20481479)|HEAP_ALLOCATE|[EXTERNAL]|Bytes:76
10:45:38.0 (20490100)|VARIABLE_ASSIGNMENT|[EXTERNAL]|this.messageQuestion|""|0x41a64bef
10:45:38.0 (20513371)|SYSTEM_MODE_ENTER|true
10:45:38.0 (20526920)|HEAP_ALLOCATE|[EXTERNAL]|Bytes:5
10:45:38.0 (20530695)|HEAP_ALLOCATE|[EXTERNAL]|Bytes:76
10:45:38.0 (20537741)|VARIABLE_ASSIGNMENT|[EXTERNAL]|this.isPreview|true|0x41a64bef
10:45:38.0 (20559231)|SYSTEM_MODE_ENTER|true
10:45:38.0 (20569996)|HEAP_ALLOCATE|[EXTERNAL]|Bytes:76
10:45:38.0 (20576721)|VARIABLE_ASSIGNMENT|[EXTERNAL]|this.idBusinessLocation|""|0x41a64bef
10:45:38.0 (20597946)|SYSTEM_MODE_ENTER|true
10:45:38.0 (20608736)|HEAP_ALLOCATE|[EXTERNAL]|Bytes:8
10:45:38.0 (20612326)|HEAP_ALLOCATE|[EXTERNAL]|Bytes:76
10:45:38.0 (20618508)|VARIABLE_ASSIGNMENT|[EXTERNAL]|this.iCurrentDay|0|0x41a64bef
10:45:38.0 (20696425)|SYSTEM_MODE_ENTER|true
10:45:38.0 (20709716)|HEAP_ALLOCATE|[EXTERNAL]|Bytes:40
10:45:38.0 (20717783)|VARIABLE_ASSIGNMENT|[EXTERNAL]|this.iCountComments|null|0x285111e9
10:45:38.0 (20752027)|SYSTEM_MODE_ENTER|true
10:45:38.0 (20762389)|HEAP_ALLOCATE|[EXTERNAL]|Bytes:40
10:45:38.0 (20769227)|VARIABLE_ASSIGNMENT|[EXTERNAL]|this.iCountLikes|null|0x285111e9
10:45:38.0 (20805527)|SYSTEM_MODE_ENTER|true
10:45:38.0 (20849496)|HEAP_ALLOCATE|[EXTERNAL]|Bytes:76
10:45:38.0 (20856146)|VARIABLE_SCOPE_BEGIN|[92]|this|saDailyReportCtrl|true|false
10:45:38.0 (21061989)|VARIABLE_ASSIGNMENT|[92]|this|{"BusinessLocationName":"","currentInquiryReply":"0xcc1083b","currentInquiryReplyDetail":"0x2cbf9e13","dailyReportId":"a0IN0000006RUllMAG","dCurrentDay":"2018-06-30T00:00:00Z","dCurrentMonth":"2018-07-01T00:00:00Z","iCurrentDay":0,"idBusinessLocation":"","isIPhone":false,"isPreview":true,"lsBusinessLocation":"0x7420488d","messageError":"正しいデーターを入れてください。","messageQuestion":"","mpQuestions":"0x7aa8cd5","myUser":"0x3aedccb","sourceOfTheCall":"preview"}|0x41a64bef
10:45:38.0 (21082228)|SYSTEM_MODE_ENTER|false
10:45:38.0 (21089257)|HEAP_ALLOCATE|[92]|Bytes:5
10:45:38.0 (21094289)|STATEMENT_EXECUTE|[92]
10:45:38.0 (21096055)|STATEMENT_EXECUTE|[92]
10:45:38.0 (21100711)|SYSTEM_MODE_EXIT|false
10:45:38.0 (21142752)|SYSTEM_MODE_ENTER|true
10:45:38.0 (21156346)|HEAP_ALLOCATE|[EXTERNAL]|Bytes:8
10:45:38.0 (21160742)|HEAP_ALLOCATE|[EXTERNAL]|Bytes:40
10:45:38.0 (21169468)|VARIABLE_ASSIGNMENT|[EXTERNAL]|this.iTypeOfScreen|54|0x285111e9
10:45:38.0 (21304569)|SYSTEM_MODE_ENTER|true
10:45:38.0 (23641431)|HEAP_ALLOCATE|[EXTERNAL]|Bytes:76
10:45:38.0 (23652063)|VARIABLE_SCOPE_BEGIN|[199]|this|saDailyReportCtrl|true|false
10:45:38.0 (23841807)|VARIABLE_ASSIGNMENT|[199]|this|{"BusinessLocationName":"","currentInquiryReply":"0xcc1083b","currentInquiryReplyDetail":"0x2cbf9e13","dailyReportId":"a0IN0000006RUllMAG","dCurrentDay":"2018-06-30T00:00:00Z","dCurrentMonth":"2018-07-01T00:00:00Z","iCurrentDay":0,"idBusinessLocation":"","isIPhone":false,"isPreview":true,"lsBusinessLocation":"0x7420488d","messageError":"正しいデーターを入れてください。","messageQuestion":"","mpQuestions":"0x7aa8cd5","myUser":"0x3aedccb","sourceOfTheCall":"preview"}|0x41a64bef
10:45:38.0 (23862236)|SYSTEM_MODE_ENTER|false
10:45:38.0 (23869773)|HEAP_ALLOCATE|[201]|Bytes:5
10:45:38.0 (23875999)|STATEMENT_EXECUTE|[199]
10:45:38.0 (23878075)|STATEMENT_EXECUTE|[201]
10:45:38.0 (24043502)|VARIABLE_ASSIGNMENT|[EXTERNAL]|this|{"BusinessLocationName":"","currentInquiryReply":"0xcc1083b","currentInquiryReplyDetail":"0x2cbf9e13","dailyReportId":"a0IN0000006RUllMAG","dCurrentDay":"2018-06-30T00:00:00Z","dCurrentMonth":"2018-07-01T00:00:00Z","iCurrentDay":0,"idBusinessLocation":"","isIPhone":false,"isPreview":true,"lsBusinessLocation":"0x7420488d","messageError":"正しいデーターを入れてください。","messageQuestion":"","mpQuestions":"0x7aa8cd5","myUser":"0x3aedccb","sourceOfTheCall":"preview"}|0x41a64bef
10:45:38.0 (24060113)|VARIABLE_ASSIGNMENT|[EXTERNAL]|value|""
10:45:38.0 (24072505)|VARIABLE_ASSIGNMENT|[6]|this.messageError|""|0x41a64bef
10:45:38.0 (24083492)|STATEMENT_EXECUTE|[202]
10:45:38.0 (24224330)|VARIABLE_ASSIGNMENT|[EXTERNAL]|this|{"BusinessLocationName":"","currentInquiryReply":"0xcc1083b","currentInquiryReplyDetail":"0x2cbf9e13","dailyReportId":"a0IN0000006RUllMAG","dCurrentDay":"2018-06-30T00:00:00Z","dCurrentMonth":"2018-07-01T00:00:00Z","iCurrentDay":0,"idBusinessLocation":"","isIPhone":false,"isPreview":true,"lsBusinessLocation":"0x7420488d","messageError":"","messageQuestion":"","mpQuestions":"0x7aa8cd5","myUser":"0x3aedccb","sourceOfTheCall":"preview"}|0x41a64bef
10:45:38.0 (24238069)|VARIABLE_ASSIGNMENT|[EXTERNAL]|value|""
10:45:38.0 (24247415)|VARIABLE_ASSIGNMENT|[7]|this.messageQuestion|""|0x41a64bef
10:45:38.0 (24256253)|STATEMENT_EXECUTE|[204]
10:45:38.0 (24258042)|STATEMENT_EXECUTE|[204]
10:45:38.0 (24259662)|STATEMENT_EXECUTE|[206]
10:45:38.0 (24448925)|VARIABLE_ASSIGNMENT|[EXTERNAL]|this|{"BusinessLocationName":"","currentInquiryReply":"0xcc1083b","currentInquiryReplyDetail":"0x2cbf9e13","dailyReportId":"a0IN0000006RUllMAG","dCurrentDay":"2018-06-30T00:00:00Z","dCurrentMonth":"2018-07-01T00:00:00Z","iCurrentDay":0,"idBusinessLocation":"","isIPhone":false,"isPreview":true,"lsBusinessLocation":"0x7420488d","messageError":"","messageQuestion":"","mpQuestions":"0x7aa8cd5","myUser":"0x3aedccb","sourceOfTheCall":"preview"}|0x41a64bef
10:45:38.0 (24502113)|HEAP_ALLOCATE|[206]|Bytes:4
10:45:38.0 (24535056)|VARIABLE_ASSIGNMENT|[206]|this.dCurrentDay|"2018-06-30T00:00:00.000Z"|0x41a64bef
10:45:38.0 (24541108)|STATEMENT_EXECUTE|[208]
10:45:38.0 (24557770)|HEAP_ALLOCATE|[208]|Bytes:4
10:45:38.0 (24773007)|VARIABLE_ASSIGNMENT|[EXTERNAL]|this|{"BusinessLocationName":"","currentInquiryReply":"0xcc1083b","currentInquiryReplyDetail":"0x2cbf9e13","dailyReportId":"a0IN0000006RUllMAG","dCurrentDay":"2018-06-30T00:00:00Z","dCurrentMonth":"2018-07-01T00:00:00Z","iCurrentDay":0,"idBusinessLocation":"","isIPhone":false,"isPreview":true,"lsBusinessLocation":"0x7420488d","messageError":"","messageQuestion":"","mpQuestions":"0x7aa8cd5","myUser":"0x3aedccb","sourceOfTheCall":"preview"}|0x41a64bef
10:45:38.0 (24788813)|HEAP_ALLOCATE|[EXTERNAL]|Bytes:4
10:45:38.0 (24801337)|VARIABLE_ASSIGNMENT|[EXTERNAL]|value|[]|0x7c03eef5
10:45:38.0 (24811910)|VARIABLE_ASSIGNMENT|[22]|this.currentInquiryReplyDetail|[]|0x41a64bef
10:45:38.0 (24821294)|STATEMENT_EXECUTE|[209]
10:45:38.0 (24835232)|HEAP_ALLOCATE|[209]|Bytes:4
10:45:38.0 (25008403)|VARIABLE_ASSIGNMENT|[EXTERNAL]|this|{"BusinessLocationName":"","currentInquiryReply":"0xcc1083b","currentInquiryReplyDetail":"0x7c03eef5","dailyReportId":"a0IN0000006RUllMAG","dCurrentDay":"2018-06-30T00:00:00Z","dCurrentMonth":"2018-07-01T00:00:00Z","iCurrentDay":0,"idBusinessLocation":"","isIPhone":false,"isPreview":true,"lsBusinessLocation":"0x7420488d","messageError":"","messageQuestion":"","mpQuestions":"0x7aa8cd5","myUser":"0x3aedccb","sourceOfTheCall":"preview"}|0x41a64bef
10:45:38.0 (25029519)|VARIABLE_ASSIGNMENT|[EXTERNAL]|value|{}|0x2cd8aeef
10:45:38.0 (25040822)|VARIABLE_ASSIGNMENT|[24]|this.mpQuestions|{}|0x41a64bef
10:45:38.0 (25050727)|STATEMENT_EXECUTE|[211]
10:45:38.0 (25188899)|VARIABLE_ASSIGNMENT|[EXTERNAL]|this|{"BusinessLocationName":"","currentInquiryReply":"0xcc1083b","currentInquiryReplyDetail":"0x7c03eef5","dailyReportId":"a0IN0000006RUllMAG","dCurrentDay":"2018-06-30T00:00:00Z","dCurrentMonth":"2018-07-01T00:00:00Z","iCurrentDay":0,"idBusinessLocation":"","isIPhone":false,"isPreview":true,"lsBusinessLocation":"0x7420488d","messageError":"","messageQuestion":"","mpQuestions":"0x2cd8aeef","myUser":"0x3aedccb","sourceOfTheCall":"preview"}|0x41a64bef
10:45:38.0 (25203348)|VARIABLE_ASSIGNMENT|[EXTERNAL]|value|""
10:45:38.0 (25212525)|VARIABLE_ASSIGNMENT|[23]|this.BusinessLocationName|""|0x41a64bef
10:45:38.0 (25224450)|HEAP_ALLOCATE|[212]|Bytes:81
10:45:38.0 (25241099)|HEAP_ALLOCATE|[212]|Bytes:4
10:45:38.0 (25249432)|HEAP_ALLOCATE|[212]|Bytes:7
10:45:38.0 (25389359)|VARIABLE_ASSIGNMENT|[EXTERNAL]|this|{"BusinessLocationName":"","currentInquiryReply":"0xcc1083b","currentInquiryReplyDetail":"0x7c03eef5","dailyReportId":"a0IN0000006RUllMAG","dCurrentDay":"2018-06-30T00:00:00Z","dCurrentMonth":"2018-07-01T00:00:00Z","iCurrentDay":0,"idBusinessLocation":"","isIPhone":false,"isPreview":true,"lsBusinessLocation":"0x7420488d","messageError":"","messageQuestion":"","mpQuestions":"0x2cd8aeef","myUser":"0x3aedccb","sourceOfTheCall":"preview"}|0x41a64bef
10:45:38.0 (25799756)|SOQL_EXECUTE_BEGIN|[212]|Aggregations:0|SELECT Id, BusinessLocationName__c FROM saBusinessLocation__c 
10:45:38.0 (27414770)|SOQL_EXECUTE_END|[212]|Rows:0
10:45:38.0 (27590481)|HEAP_ALLOCATE|[212]|Bytes:54
10:45:38.0 (27601677)|HEAP_ALLOCATE|[212]|Bytes:8
10:45:38.0 (27627605)|SYSTEM_METHOD_ENTRY|[7]|QueryLocatorIterator.QueryLocatorIterator()
10:45:38.0 (27632279)|STATEMENT_EXECUTE|[7]
10:45:38.0 (27639303)|SYSTEM_METHOD_EXIT|[7]|QueryLocatorIterator
10:45:38.0 (27648209)|HEAP_ALLOCATE|[212]|Bytes:28
10:45:38.0 (27664356)|HEAP_ALLOCATE|[212]|Bytes:8
10:45:38.0 (27668315)|HEAP_ALLOCATE|[212]|Bytes:8
10:45:38.0 (27673148)|VARIABLE_SCOPE_BEGIN|[15]|this|Database.QueryLocatorIterator|true|false
10:45:38.0 (27698418)|VARIABLE_ASSIGNMENT|[15]|this|{}|0x7e1b70be
10:45:38.0 (27705691)|VARIABLE_SCOPE_BEGIN|[15]|values|List<SObject>|true|false
10:45:38.0 (27713834)|VARIABLE_ASSIGNMENT|[15]|values|null|
10:45:38.0 (27718565)|VARIABLE_SCOPE_BEGIN|[15]|ql|Database.QueryLocator|true|false
10:45:38.0 (27738331)|VARIABLE_ASSIGNMENT|[15]|ql|{"query":"SELECT Id, BusinessL (61 more) ..."}|0x793d489
10:45:38.0 (27744255)|VARIABLE_SCOPE_BEGIN|[15]|totalNumRecords|Integer|false|false
10:45:38.0 (27752271)|VARIABLE_ASSIGNMENT|[15]|totalNumRecords|0
10:45:38.0 (27756931)|VARIABLE_SCOPE_BEGIN|[15]|queryMoreSize|Integer|false|false
10:45:38.0 (27763585)|VARIABLE_ASSIGNMENT|[15]|queryMoreSize|50000
10:45:38.0 (27842811)|HEAP_ALLOCATE|[212]|Bytes:28
10:45:38.0 (27863480)|METHOD_ENTRY|[212]||Database.QueryLocatorIterator.hasNext()
10:45:38.0 (27883637)|METHOD_EXIT|[212]||Database.QueryLocatorIterator.hasNext()
10:45:38.0 (27920940)|VARIABLE_ASSIGNMENT|[212]|bl|null|
10:45:38.0 (27928469)|STATEMENT_EXECUTE|[212]
10:45:38.0 (27943674)|STATEMENT_EXECUTE|[219]
10:45:38.0 (27946946)|HEAP_ALLOCATE|[219]|Bytes:195
10:45:38.0 (27966076)|HEAP_ALLOCATE|[219]|Bytes:4
10:45:38.0 (27991190)|HEAP_ALLOCATE|[219]|Bytes:7
10:45:38.0 (28022945)|HEAP_ALLOCATE|[223]|Bytes:89
10:45:38.0 (28032651)|SYSTEM_METHOD_ENTRY|[1]|UserInfo.UserInfo()
10:45:38.0 (28035917)|STATEMENT_EXECUTE|[1]
10:45:38.0 (28040381)|SYSTEM_METHOD_EXIT|[1]|UserInfo
10:45:38.0 (28049986)|METHOD_ENTRY|[223]||System.UserInfo.getUserId()
10:45:38.0 (28084368)|METHOD_EXIT|[223]||System.UserInfo.getUserId()
10:45:38.0 (28584655)|SOQL_EXECUTE_BEGIN|[219]|Aggregations:0|SELECT Id, saBusinessLocation__c, Status__c, saInquiry__c, Comment__c FROM saInquiryReply__c WHERE (saInquiry__r.Type__c = 'DAILY_REPORT' AND DailyReportDate__c = :tmpVar1 AND User__c = :tmpVar2)
10:45:38.0 (33692798)|SOQL_EXECUTE_END|[219]|Rows:0
10:45:38.0 (33716667)|HEAP_ALLOCATE|[219]|Bytes:4
10:45:38.0 (33728895)|HEAP_ALLOCATE|[219]|Bytes:0
10:45:38.0 (33792171)|HEAP_ALLOCATE|[219]|Bytes:4
10:45:38.0 (33807583)|VARIABLE_SCOPE_BEGIN|[219]|lsInqRep|List<saInquiryReply__c>|true|false
10:45:38.0 (33825391)|VARIABLE_ASSIGNMENT|[219]|lsInqRep|[]|0x7b3d6664
10:45:38.0 (33886833)|STATEMENT_EXECUTE|[225]
10:45:38.0 (33889515)|STATEMENT_EXECUTE|[227]
10:45:38.0 (33893626)|HEAP_ALLOCATE|[227]|Bytes:207
10:45:38.0 (33907886)|HEAP_ALLOCATE|[227]|Bytes:4
10:45:38.0 (34111400)|VARIABLE_ASSIGNMENT|[EXTERNAL]|this|{"BusinessLocationName":"","currentInquiryReply":"0xcc1083b","currentInquiryReplyDetail":"0x7c03eef5","dailyReportId":"a0IN0000006RUllMAG","dCurrentDay":"2018-06-30T00:00:00Z","dCurrentMonth":"2018-07-01T00:00:00Z","iCurrentDay":0,"idBusinessLocation":"","isIPhone":false,"isPreview":true,"lsBusinessLocation":"0x7420488d","messageError":"","messageQuestion":"","mpQuestions":"0x2cd8aeef","myUser":"0x3aedccb","sourceOfTheCall":"preview"}|0x41a64bef
10:45:38.0 (34138720)|HEAP_ALLOCATE|[227]|Bytes:7
10:45:38.0 (34147953)|METHOD_ENTRY|[232]||System.UserInfo.getUserId()
10:45:38.0 (34169392)|METHOD_EXIT|[232]||System.UserInfo.getUserId()
10:45:38.0 (34458391)|SOQL_EXECUTE_BEGIN|[227]|Aggregations:0|SELECT Id, saBusinessLocation__c, Status__c FROM saInquiryReply__c WHERE (saInquiry__r.Type__c = 'DAILY_REPORT' AND DailyReportDate__c = :tmpVar1 AND saBusinessLocation__c = :tmpVar2 AND User__c != :tmpVar3)
10:45:38.0 (38864213)|SOQL_EXECUTE_END|[227]|Rows:0
10:45:38.0 (38891904)|HEAP_ALLOCATE|[227]|Bytes:4
10:45:38.0 (38907160)|HEAP_ALLOCATE|[227]|Bytes:0
10:45:38.0 (38936396)|HEAP_ALLOCATE|[227]|Bytes:4
10:45:38.0 (38956347)|VARIABLE_SCOPE_BEGIN|[227]|lsInqOtherPeople|List<saInquiryReply__c>|true|false
10:45:38.0 (38978201)|VARIABLE_ASSIGNMENT|[227]|lsInqOtherPeople|[]|0xdaf23e9
10:45:38.0 (39020048)|STATEMENT_EXECUTE|[234]
10:45:38.0 (39024235)|STATEMENT_EXECUTE|[240]
10:45:38.0 (39028268)|VARIABLE_SCOPE_BEGIN|[240]|lsTemplate|List<saInquiryReply__c>|true|false
10:45:38.0 (39045329)|VARIABLE_ASSIGNMENT|[240]|lsTemplate|null|
10:45:38.0 (39297443)|VARIABLE_ASSIGNMENT|[EXTERNAL]|this|{"BusinessLocationName":"","currentInquiryReply":"0xcc1083b","currentInquiryReplyDetail":"0x7c03eef5","dailyReportId":"a0IN0000006RUllMAG","dCurrentDay":"2018-06-30T00:00:00Z","dCurrentMonth":"2018-07-01T00:00:00Z","iCurrentDay":0,"idBusinessLocation":"","isIPhone":false,"isPreview":true,"lsBusinessLocation":"0x7420488d","messageError":"","messageQuestion":"","mpQuestions":"0x2cd8aeef","myUser":"0x3aedccb","sourceOfTheCall":"preview"}|0x41a64bef
10:45:38.0 (39327931)|STATEMENT_EXECUTE|[252]
10:45:38.0 (39330887)|STATEMENT_EXECUTE|[253]
10:45:38.0 (39335601)|HEAP_ALLOCATE|[253]|Bytes:393
10:45:38.0 (39356177)|HEAP_ALLOCATE|[253]|Bytes:4
10:45:38.0 (39396530)|METHOD_ENTRY|[259]||System.UserInfo.getUserId()
10:45:38.0 (39426648)|METHOD_EXIT|[259]||System.UserInfo.getUserId()
10:45:38.0 (40071147)|SOQL_EXECUTE_BEGIN|[253]|Aggregations:0|SELECT Id, saBusinessLocation__c, Status__c, saInquiry__c, Comment__c FROM saInquiryReply__c WHERE (saInquiry__r.Type__c = 'DAILY_REPORT' AND (saInquiry__r.ValidFrom__c = NULL OR saInquiry__r.ValidFrom__c <= :tmpVar1) AND (saInquiry__r.ValidTo__c = NULL OR saInquiry__r.ValidTo__c >= :tmpVar2) AND DailyReportDate__c = NULL AND User__c = :tmpVar3) ORDER BY CreatedDate DESC NULLS FIRST LIMIT 1
10:45:38.0 (44677925)|SOQL_EXECUTE_END|[253]|Rows:1
10:45:38.0 (44698600)|HEAP_ALLOCATE|[253]|Bytes:8
10:45:38.0 (44711180)|HEAP_ALLOCATE|[253]|Bytes:89
10:45:38.0 (44735152)|HEAP_ALLOCATE|[253]|Bytes:8
10:45:38.0 (44765525)|VARIABLE_ASSIGNMENT|[253]|lsTemplate|[{"Id":"a0KN0000007Kg4nMAC","Status__c":"WAITING_REPLY","saInquiry__c":"a0IN0000006RUllMAG"}]|0x754b1c2c
10:45:38.0 (44773407)|STATEMENT_EXECUTE|[264]
10:45:38.0 (44777196)|HEAP_ALLOCATE|[264]|Bytes:11
10:45:38.0 (44872580)|HEAP_ALLOCATE|[264]|Bytes:101
10:45:38.0 (44896306)|HEAP_ALLOCATE|[264]|Bytes:112
10:45:38.0 (44916668)|USER_DEBUG|[264]|DEBUG|Template : (saInquiryReply__c:{Id=a0KN0000007Kg4nMAC, Status__c=WAITING_REPLY, saInquiry__c=a0IN0000006RUllMAG})
10:45:38.0 (44944806)|STATEMENT_EXECUTE|[265]
10:45:38.0 (44947182)|STATEMENT_EXECUTE|[271]
10:45:38.0 (44967301)|HEAP_ALLOCATE|[271]|Bytes:16
10:45:38.0 (44998102)|VARIABLE_SCOPE_BEGIN|[271]|idInquiry|Id|false|false
10:45:38.0 (45074092)|VARIABLE_ASSIGNMENT|[271]|idInquiry|"a0IN0000006RUllMAG"
10:45:38.0 (45081550)|STATEMENT_EXECUTE|[272]
10:45:38.0 (45101785)|HEAP_ALLOCATE|[272]|Bytes:4
10:45:38.0 (45366695)|VARIABLE_ASSIGNMENT|[EXTERNAL]|this|{"BusinessLocationName":"","currentInquiryReply":"0xcc1083b","currentInquiryReplyDetail":"0x7c03eef5","dailyReportId":"a0IN0000006RUllMAG","dCurrentDay":"2018-06-30T00:00:00Z","dCurrentMonth":"2018-07-01T00:00:00Z","iCurrentDay":0,"idBusinessLocation":"","isIPhone":false,"isPreview":true,"lsBusinessLocation":"0x7420488d","messageError":"","messageQuestion":"","mpQuestions":"0x2cd8aeef","myUser":"0x3aedccb","sourceOfTheCall":"preview"}|0x41a64bef
10:45:38.0 (45389485)|VARIABLE_ASSIGNMENT|[EXTERNAL]|value|{}|0x4260f55d
10:45:38.0 (45403928)|VARIABLE_ASSIGNMENT|[21]|this.currentInquiryReply|{}|0x41a64bef
10:45:38.0 (45414755)|STATEMENT_EXECUTE|[273]
10:45:38.0 (45563694)|VARIABLE_ASSIGNMENT|[EXTERNAL]|this|{"BusinessLocationName":"","currentInquiryReply":"0x4260f55d","currentInquiryReplyDetail":"0x7c03eef5","dailyReportId":"a0IN0000006RUllMAG","dCurrentDay":"2018-06-30T00:00:00Z","dCurrentMonth":"2018-07-01T00:00:00Z","iCurrentDay":0,"idBusinessLocation":"","isIPhone":false,"isPreview":true,"lsBusinessLocation":"0x7420488d","messageError":"","messageQuestion":"","mpQuestions":"0x2cd8aeef","myUser":"0x3aedccb","sourceOfTheCall":"preview"}|0x41a64bef
10:45:38.0 (45650786)|VARIABLE_ASSIGNMENT|[273]|this.saInquiry__c|"a0IN0000006RUllMAG"|0x4260f55d
10:45:38.0 (45810485)|VARIABLE_ASSIGNMENT|[EXTERNAL]|this|{"BusinessLocationName":"","currentInquiryReply":"0x4260f55d","currentInquiryReplyDetail":"0x7c03eef5","dailyReportId":"a0IN0000006RUllMAG","dCurrentDay":"2018-06-30T00:00:00Z","dCurrentMonth":"2018-07-01T00:00:00Z","iCurrentDay":0,"idBusinessLocation":"","isIPhone":false,"isPreview":true,"lsBusinessLocation":"0x7420488d","messageError":"","messageQuestion":"","mpQuestions":"0x2cd8aeef","myUser":"0x3aedccb","sourceOfTheCall":"preview"}|0x41a64bef
10:45:38.0 (45829495)|STATEMENT_EXECUTE|[277]
10:45:38.0 (45831706)|STATEMENT_EXECUTE|[280]
10:45:38.0 (45837467)|METHOD_ENTRY|[280]||System.UserInfo.getUserId()
10:45:38.0 (45860179)|METHOD_EXIT|[280]||System.UserInfo.getUserId()
10:45:38.0 (45874064)|HEAP_ALLOCATE|[280]|Bytes:4
10:45:38.0 (46020750)|VARIABLE_ASSIGNMENT|[EXTERNAL]|this|{"BusinessLocationName":"","currentInquiryReply":"0x4260f55d","currentInquiryReplyDetail":"0x7c03eef5","dailyReportId":"a0IN0000006RUllMAG","dCurrentDay":"2018-06-30T00:00:00Z","dCurrentMonth":"2018-07-01T00:00:00Z","iCurrentDay":0,"idBusinessLocation":"","isIPhone":false,"isPreview":true,"lsBusinessLocation":"0x7420488d","messageError":"","messageQuestion":"","mpQuestions":"0x2cd8aeef","myUser":"0x3aedccb","sourceOfTheCall":"preview"}|0x41a64bef
10:45:38.0 (46079423)|VARIABLE_ASSIGNMENT|[280]|this.User__c|"005N00000057PfOIAU"|0x4260f55d
10:45:38.0 (46086591)|STATEMENT_EXECUTE|[281]
10:45:38.0 (46236069)|VARIABLE_ASSIGNMENT|[EXTERNAL]|this|{"BusinessLocationName":"","currentInquiryReply":"0x4260f55d","currentInquiryReplyDetail":"0x7c03eef5","dailyReportId":"a0IN0000006RUllMAG","dCurrentDay":"2018-06-30T00:00:00Z","dCurrentMonth":"2018-07-01T00:00:00Z","iCurrentDay":0,"idBusinessLocation":"","isIPhone":false,"isPreview":true,"lsBusinessLocation":"0x7420488d","messageError":"","messageQuestion":"","mpQuestions":"0x2cd8aeef","myUser":"0x3aedccb","sourceOfTheCall":"preview"}|0x41a64bef
10:45:38.0 (46299529)|VARIABLE_ASSIGNMENT|[281]|this.DailyReportDate__c|"2018-06-30T00:00:00.000Z"|0x4260f55d
10:45:38.0 (46306767)|STATEMENT_EXECUTE|[282]
10:45:38.0 (46310847)|HEAP_ALLOCATE|[282]|Bytes:13
10:45:38.0 (46468155)|VARIABLE_ASSIGNMENT|[EXTERNAL]|this|{"BusinessLocationName":"","currentInquiryReply":"0x4260f55d","currentInquiryReplyDetail":"0x7c03eef5","dailyReportId":"a0IN0000006RUllMAG","dCurrentDay":"2018-06-30T00:00:00Z","dCurrentMonth":"2018-07-01T00:00:00Z","iCurrentDay":0,"idBusinessLocation":"","isIPhone":false,"isPreview":true,"lsBusinessLocation":"0x7420488d","messageError":"","messageQuestion":"","mpQuestions":"0x2cd8aeef","myUser":"0x3aedccb","sourceOfTheCall":"preview"}|0x41a64bef
10:45:38.0 (46515647)|VARIABLE_ASSIGNMENT|[282]|this.Status__c|"WAITING_REPLY"|0x4260f55d
10:45:38.0 (46522529)|STATEMENT_EXECUTE|[283]
10:45:38.0 (46673226)|VARIABLE_ASSIGNMENT|[EXTERNAL]|this|{"BusinessLocationName":"","currentInquiryReply":"0x4260f55d","currentInquiryReplyDetail":"0x7c03eef5","dailyReportId":"a0IN0000006RUllMAG","dCurrentDay":"2018-06-30T00:00:00Z","dCurrentMonth":"2018-07-01T00:00:00Z","iCurrentDay":0,"idBusinessLocation":"","isIPhone":false,"isPreview":true,"lsBusinessLocation":"0x7420488d","messageError":"","messageQuestion":"","mpQuestions":"0x2cd8aeef","myUser":"0x3aedccb","sourceOfTheCall":"preview"}|0x41a64bef
10:45:38.0 (46723574)|VARIABLE_ASSIGNMENT|[283]|this.Comment__c|""|0x4260f55d
10:45:38.0 (46730544)|STATEMENT_EXECUTE|[285]
10:45:38.0 (46734764)|HEAP_ALLOCATE|[285]|Bytes:625
10:45:38.0 (46748726)|HEAP_ALLOCATE|[285]|Bytes:4
10:45:38.0 (47243200)|SOQL_EXECUTE_BEGIN|[285]|Aggregations:0|SELECT Id, QuestionLabel__c, AnswerType__c, NumberPossibleReplies__c, IsShortReply__c, SortNo__c, IsRequired__c, Reply01Label__c, Reply02Label__c, Reply03Label__c, Reply04Label__c, Reply05Label__c, Reply06Label__c, Reply07Label__c, Reply08Label__c, Reply09Label__c, Reply10Label__c, Reply11Label__c, Reply12Label__c, Reply13Label__c, Reply14Label__c, Reply15Label__c, Reply16Label__c, Reply17Label__c, Reply18Label__c, Reply19Label__c, Reply20Label__c, Reply21Label__c, Reply22Label__c, Reply23Label__c, Reply24Label__c, Reply25Label__c FROM saInquiryDetail__c WHERE saInquiry__c = :tmpVar1 ORDER BY SortNo__c ASC NULLS FIRST
10:45:38.0 (56433010)|SOQL_EXECUTE_END|[285]|Rows:1
10:45:38.0 (56455637)|HEAP_ALLOCATE|[285]|Bytes:8
10:45:38.0 (56476975)|HEAP_ALLOCATE|[285]|Bytes:282
10:45:38.0 (56524951)|HEAP_ALLOCATE|[285]|Bytes:8
10:45:38.0 (56540435)|VARIABLE_SCOPE_BEGIN|[285]|lsTmpQuest|List<saInquiryDetail__c>|true|false
10:45:38.0 (56575844)|VARIABLE_ASSIGNMENT|[285]|lsTmpQuest|[{"Id":"a0JN0000008h2r2MAA","QuestionLabel__c":"Works?","AnswerType__c":"CHECKBOX","NumberPossibleReplies__c":2,"IsShortReply__c":true,"SortNo__c":0,"IsRequired__c":false,"Reply01Label__c":"Yes!","Reply02Label__c":"No!"}]|0x5ebb058f
10:45:38.0 (56751851)|HEAP_ALLOCATE|[295]|Bytes:5
10:45:38.0 (56772878)|HEAP_ALLOCATE|[295]|Bytes:40
10:45:38.0 (56782639)|VARIABLE_SCOPE_BEGIN|[295]|quest|saInquiryDetail__c|true|false
10:45:38.0 (56810385)|VARIABLE_ASSIGNMENT|[295]|quest|{"Id":"a0JN0000008h2r2MAA","QuestionLabel__c":"Works?","AnswerType__c":"CHECKBOX","NumberPossibleReplies__c":2,"IsShortReply__c":true,"SortNo__c":0,"IsRequired__c":false,"Reply01Label__c":"Yes!","Reply02Label__c":"No!"}|0x36bffb4d
10:45:38.0 (56819539)|STATEMENT_EXECUTE|[295]
10:45:38.0 (56821703)|STATEMENT_EXECUTE|[296]
10:45:38.0 (56845161)|HEAP_ALLOCATE|[296]|Bytes:4
10:45:38.0 (56909742)|VARIABLE_SCOPE_BEGIN|[296]|questReply|saInquiryReplyDetail__c|true|false
10:45:38.0 (56924309)|VARIABLE_ASSIGNMENT|[296]|questReply|{}|0x302e1768
10:45:38.0 (56930455)|STATEMENT_EXECUTE|[297]
10:45:38.0 (57022130)|VARIABLE_ASSIGNMENT|[297]|this.saInquiryDetail__c|"a0JN0000008h2r2MAA"|0x302e1768
10:45:38.0 (57030211)|STATEMENT_EXECUTE|[298]
10:45:38.0 (57213596)|VARIABLE_ASSIGNMENT|[EXTERNAL]|this|{"BusinessLocationName":"","currentInquiryReply":"0x4260f55d","currentInquiryReplyDetail":"0x7c03eef5","dailyReportId":"a0IN0000006RUllMAG","dCurrentDay":"2018-06-30T00:00:00Z","dCurrentMonth":"2018-07-01T00:00:00Z","iCurrentDay":0,"idBusinessLocation":"","isIPhone":false,"isPreview":true,"lsBusinessLocation":"0x7420488d","messageError":"","messageQuestion":"","mpQuestions":"0x2cd8aeef","myUser":"0x3aedccb","sourceOfTheCall":"preview"}|0x41a64bef
10:45:38.0 (57245577)|HEAP_ALLOCATE|[EXTERNAL]|Bytes:4
10:45:38.0 (57253593)|STATEMENT_EXECUTE|[299]
10:45:38.0 (57408380)|VARIABLE_ASSIGNMENT|[EXTERNAL]|this|{"BusinessLocationName":"","currentInquiryReply":"0x4260f55d","currentInquiryReplyDetail":"0x7c03eef5","dailyReportId":"a0IN0000006RUllMAG","dCurrentDay":"2018-06-30T00:00:00Z","dCurrentMonth":"2018-07-01T00:00:00Z","iCurrentDay":0,"idBusinessLocation":"","isIPhone":false,"isPreview":true,"lsBusinessLocation":"0x7420488d","messageError":"","messageQuestion":"","mpQuestions":"0x2cd8aeef","myUser":"0x3aedccb","sourceOfTheCall":"preview"}|0x41a64bef
10:45:38.0 (57445251)|HEAP_ALLOCATE|[EXTERNAL]|Bytes:-4
10:45:38.0 (57462958)|HEAP_ALLOCATE|[295]|Bytes:5
10:45:38.0 (57476916)|VARIABLE_ASSIGNMENT|[295]|quest|null|
10:45:38.0 (57488152)|SYSTEM_MODE_EXIT|false
10:45:38.0 (73512844)|SYSTEM_MODE_ENTER|true
10:45:38.0 (73549508)|HEAP_ALLOCATE|[EXTERNAL]|Bytes:40
10:45:38.0 (73568257)|VARIABLE_ASSIGNMENT|[EXTERNAL]|this.iCountComments|null|0x285111e9
10:45:38.0 (73626537)|SYSTEM_MODE_ENTER|true
10:45:38.0 (73641065)|HEAP_ALLOCATE|[EXTERNAL]|Bytes:40
10:45:38.0 (73649967)|VARIABLE_ASSIGNMENT|[EXTERNAL]|this.iCountLikes|null|0x285111e9
10:45:38.0 (73718142)|SYSTEM_MODE_ENTER|true
10:45:38.0 (73766032)|HEAP_ALLOCATE|[EXTERNAL]|Bytes:76
10:45:38.0 (73775595)|VARIABLE_SCOPE_BEGIN|[92]|this|saDailyReportCtrl|true|false
10:45:38.0 (74012852)|VARIABLE_ASSIGNMENT|[92]|this|{"BusinessLocationName":"","currentInquiryReply":"0x4260f55d","currentInquiryReplyDetail":"0x7c03eef5","dailyReportId":"a0IN0000006RUllMAG","dCurrentDay":"2018-06-30T00:00:00Z","dCurrentMonth":"2018-07-01T00:00:00Z","iCurrentDay":0,"idBusinessLocation":"","isIPhone":false,"isPreview":true,"lsBusinessLocation":"0x7420488d","messageError":"","messageQuestion":"","mpQuestions":"0x2cd8aeef","myUser":"0x3aedccb","sourceOfTheCall":"preview"}|0x41a64bef
10:45:38.0 (74036012)|SYSTEM_MODE_ENTER|false
10:45:38.0 (74046444)|HEAP_ALLOCATE|[92]|Bytes:5
10:45:38.0 (74052690)|STATEMENT_EXECUTE|[92]
10:45:38.0 (74054821)|STATEMENT_EXECUTE|[92]
10:45:38.0 (74061770)|SYSTEM_MODE_EXIT|false
10:45:38.0 (74111919)|SYSTEM_MODE_ENTER|true
10:45:38.0 (74128257)|HEAP_ALLOCATE|[EXTERNAL]|Bytes:8
10:45:38.0 (74132735)|HEAP_ALLOCATE|[EXTERNAL]|Bytes:40
10:45:38.0 (74142161)|VARIABLE_ASSIGNMENT|[EXTERNAL]|this.iTypeOfScreen|54|0x285111e9
10:45:38.0 (74209642)|SYSTEM_MODE_ENTER|true
10:45:38.0 (74242398)|HEAP_ALLOCATE|[EXTERNAL]|Bytes:40
10:45:38.0 (74248465)|VARIABLE_SCOPE_BEGIN|[80]|this|auMainTopCompCtrl|true|false
10:45:38.0 (74284936)|VARIABLE_ASSIGNMENT|[80]|this|{"currentUser":"0x6727fc1d","iTypeOfScreen":54,"urlReportsSFA":"https://cs6.lightnin (84 more) ..."}|0x285111e9
10:45:38.0 (74294871)|STATEMENT_EXECUTE|[80]
10:45:38.0 (74296790)|STATEMENT_EXECUTE|[81]
10:45:38.0 (74329972)|VARIABLE_ASSIGNMENT|[EXTERNAL]|this|{"currentUser":"0x6727fc1d","iTypeOfScreen":54,"urlReportsSFA":"https://cs6.lightnin (84 more) ..."}|0x285111e9
10:45:38.0 (74368636)|VARIABLE_ASSIGNMENT|[EXTERNAL]|this|{"currentUser":"0x6727fc1d","iTypeOfScreen":54,"urlReportsSFA":"https://cs6.lightnin (84 more) ..."}|0x285111e9
10:45:38.0 (74399278)|VARIABLE_ASSIGNMENT|[EXTERNAL]|this|{"currentUser":"0x6727fc1d","iTypeOfScreen":54,"urlReportsSFA":"https://cs6.lightnin (84 more) ..."}|0x285111e9
10:45:38.0 (74430024)|VARIABLE_ASSIGNMENT|[EXTERNAL]|this|{"currentUser":"0x6727fc1d","iTypeOfScreen":54,"urlReportsSFA":"https://cs6.lightnin (84 more) ..."}|0x285111e9
10:45:38.0 (74444987)|HEAP_ALLOCATE|[81]|Bytes:5
10:45:38.0 (74510440)|SYSTEM_MODE_ENTER|true
10:45:38.0 (74539285)|HEAP_ALLOCATE|[EXTERNAL]|Bytes:40
10:45:38.0 (74545994)|VARIABLE_SCOPE_BEGIN|[99]|this|auMainTopCompCtrl|true|false
10:45:38.0 (74574656)|VARIABLE_ASSIGNMENT|[99]|this|{"currentUser":"0x6727fc1d","iTypeOfScreen":54,"urlReportsSFA":"https://cs6.lightnin (84 more) ..."}|0x285111e9
10:45:38.0 (74584281)|STATEMENT_EXECUTE|[99]
10:45:38.0 (74586134)|STATEMENT_EXECUTE|[100]
10:45:38.0 (74611131)|VARIABLE_ASSIGNMENT|[EXTERNAL]|this|{"currentUser":"0x6727fc1d","iTypeOfScreen":54,"urlReportsSFA":"https://cs6.lightnin (84 more) ..."}|0x285111e9
10:45:38.0 (74624796)|HEAP_ALLOCATE|[100]|Bytes:5
10:45:38.0 (74708610)|SYSTEM_MODE_ENTER|true
10:45:38.0 (74805337)|SYSTEM_MODE_ENTER|true
10:45:38.0 (74907914)|SYSTEM_MODE_ENTER|true
10:45:38.0 (75085153)|SYSTEM_MODE_ENTER|true
10:45:38.0 (77669608)|SYSTEM_MODE_ENTER|true
10:45:38.0 (77753162)|SYSTEM_MODE_ENTER|true
10:45:38.0 (78411405)|SYSTEM_MODE_ENTER|true
10:45:38.0 (78449865)|HEAP_ALLOCATE|[EXTERNAL]|Bytes:76
10:45:38.0 (78458183)|VARIABLE_SCOPE_BEGIN|[141]|this|saDailyReportCtrl|true|false
10:45:38.0 (78633636)|VARIABLE_ASSIGNMENT|[141]|this|{"BusinessLocationName":"","currentInquiryReply":"0x4260f55d","currentInquiryReplyDetail":"0x7c03eef5","dailyReportId":"a0IN0000006RUllMAG","dCurrentDay":"2018-06-30T00:00:00Z","dCurrentMonth":"2018-07-01T00:00:00Z","iCurrentDay":0,"idBusinessLocation":"","isIPhone":false,"isPreview":true,"lsBusinessLocation":"0x7420488d","messageError":"","messageQuestion":"","mpQuestions":"0x2cd8aeef","myUser":"0x3aedccb","sourceOfTheCall":"preview"}|0x41a64bef
10:45:38.0 (78653546)|SYSTEM_MODE_ENTER|false
10:45:38.0 (78661045)|HEAP_ALLOCATE|[142]|Bytes:5
10:45:38.0 (78666909)|STATEMENT_EXECUTE|[141]
10:45:38.0 (78669014)|STATEMENT_EXECUTE|[142]
10:45:38.0 (78740682)|HEAP_ALLOCATE|[142]|Bytes:4
10:45:38.0 (78752151)|HEAP_ALLOCATE|[142]|Bytes:1
10:45:38.0 (78772831)|HEAP_ALLOCATE|[142]|Bytes:1
10:45:38.0 (78781292)|HEAP_ALLOCATE|[142]|Bytes:1
10:45:38.0 (78811863)|HEAP_ALLOCATE|[142]|Bytes:2
10:45:38.0 (78829123)|HEAP_ALLOCATE|[142]|Bytes:9
10:45:38.0 (78836385)|HEAP_ALLOCATE|[142]|Bytes:10
10:45:38.0 (78842242)|SYSTEM_MODE_EXIT|false
10:45:38.0 (79027536)|SYSTEM_MODE_ENTER|true
10:45:38.0 (79465129)|SYSTEM_MODE_ENTER|true
10:45:38.0 (95560035)|VF_SERIALIZE_VIEWSTATE_BEGIN|066N0000000M4pW
10:45:38.0 (99214433)|VF_SERIALIZE_VIEWSTATE_END
10:45:38.102 (102577685)|CUMULATIVE_LIMIT_USAGE
10:45:38.102 (102577685)|LIMIT_USAGE_FOR_NS|(default)|
  Number of SOQL queries: 5 out of 100
  Number of query rows: 2 out of 50000
  Number of SOSL queries: 0 out of 20
  Number of DML statements: 0 out of 150
  Number of DML rows: 0 out of 10000
  Maximum CPU time: 0 out of 10000
  Maximum heap size: 0 out of 6000000
  Number of callouts: 0 out of 100
  Number of Email Invocations: 0 out of 10
  Number of future calls: 0 out of 50
  Number of queueable jobs added to the queue: 0 out of 50
  Number of Mobile Apex push calls: 0 out of 10

10:45:38.102 (102577685)|CUMULATIVE_LIMIT_USAGE_END

10:45:38.0 (102629088)|CODE_UNIT_FINISHED|VF: /apex/sadailyreport
10:45:38.0 (103377112)|EXECUTION_FINISHED
