38.0 APEX_CODE,FINEST;APEX_PROFILING,INFO;CALLOUT,INFO;DB,INFO;NBA,INFO;SYSTEM,DEBUG;VALIDATION,INFO;VISUALFORCE,INFO;WAVE,INFO;WORKFLOW,INFO
15:42:39.0 (67336)|USER_INFO|[EXTERNAL]|0056F000006PtYl|gwadmin@gw.jp.kddi.gwdev01|日本標準時|GMT+09:00
15:42:39.0 (102241)|EXECUTION_STARTED
15:42:39.0 (106789)|CODE_UNIT_STARTED|[EXTERNAL]|066N0000000M59u|VF: /apex/saReport
15:42:39.0 (600661)|VF_DESERIALIZE_VIEWSTATE_BEGIN|066N0000000M59u
15:42:39.0 (5386252)|HEAP_ALLOCATE|[72]|Bytes:3
15:42:39.0 (5427137)|HEAP_ALLOCATE|[77]|Bytes:152
15:42:39.0 (5441854)|HEAP_ALLOCATE|[342]|Bytes:408
15:42:39.0 (5454551)|HEAP_ALLOCATE|[355]|Bytes:408
15:42:39.0 (5464507)|HEAP_ALLOCATE|[467]|Bytes:48
15:42:39.0 (5490491)|HEAP_ALLOCATE|[139]|Bytes:6
15:42:39.0 (6816321)|HEAP_ALLOCATE|[50]|Bytes:5
15:42:39.0 (6844945)|HEAP_ALLOCATE|[56]|Bytes:5
15:42:39.0 (6854613)|HEAP_ALLOCATE|[64]|Bytes:7
15:42:39.0 (8866971)|VARIABLE_SCOPE_BEGIN|[30]|saReportCtrl.ERROR_CATEGORY_MISSING|String|false|true
15:42:39.0 (8880223)|VARIABLE_SCOPE_BEGIN|[31]|saReportCtrl.ERROR_COMMENT_MISSING|String|false|true
15:42:39.0 (8886392)|VARIABLE_SCOPE_BEGIN|[29]|saReportCtrl.ERROR_TITLE_MISSING|String|false|true
15:42:39.0 (8893096)|VARIABLE_SCOPE_BEGIN|[32]|saReportCtrl.MESSAGE_ASK_FOR_VALIDATION|String|false|true
15:42:39.0 (8899566)|VARIABLE_SCOPE_BEGIN|[33]|saReportCtrl.MESSAGE_PUBLISHED|String|false|true
15:42:39.0 (8906366)|VARIABLE_SCOPE_BEGIN|[27]|saReportCtrl.SA_REPORT_STATE_NONE_LABEL|String|false|true
15:42:39.0 (8913485)|VARIABLE_SCOPE_BEGIN|[26]|saReportCtrl.SA_REPORT_STATE_NONE_VALUE|String|false|true
15:42:39.0 (8919881)|VARIABLE_SCOPE_BEGIN|[8]|saReportCtrl.SEARCH_COUNT_AVERAGE_LABEL|String|false|true
15:42:39.0 (8926548)|VARIABLE_SCOPE_BEGIN|[11]|saReportCtrl.SEARCH_COUNT_AVERAGE_VALUE|String|false|true
15:42:39.0 (8932982)|VARIABLE_SCOPE_BEGIN|[7]|saReportCtrl.SEARCH_COUNT_FEW_LABEL|String|false|true
15:42:39.0 (8939308)|VARIABLE_SCOPE_BEGIN|[10]|saReportCtrl.SEARCH_COUNT_FEW_VALUE|String|false|true
15:42:39.0 (8945637)|VARIABLE_SCOPE_BEGIN|[9]|saReportCtrl.SEARCH_COUNT_LOT_LABEL|String|false|true
15:42:39.0 (8951831)|VARIABLE_SCOPE_BEGIN|[12]|saReportCtrl.SEARCH_COUNT_LOT_VALUE|String|false|true
15:42:39.0 (8958093)|VARIABLE_SCOPE_BEGIN|[17]|saReportCtrl.SORTED_BY_FAVORITES_LABEL|String|false|true
15:42:39.0 (8964418)|VARIABLE_SCOPE_BEGIN|[23]|saReportCtrl.SORTED_BY_FAVORITES_VALUE|String|false|true
15:42:39.0 (8971733)|VARIABLE_SCOPE_BEGIN|[15]|saReportCtrl.SORTED_BY_NEWS_LABEL|String|false|true
15:42:39.0 (8979073)|VARIABLE_SCOPE_BEGIN|[21]|saReportCtrl.SORTED_BY_NEWS_VALUE|String|false|true
15:42:39.0 (8986037)|VARIABLE_SCOPE_BEGIN|[14]|saReportCtrl.SORTED_BY_NONE_LABEL|String|false|true
15:42:39.0 (8992344)|VARIABLE_SCOPE_BEGIN|[20]|saReportCtrl.SORTED_BY_NONE_VALUE|String|false|true
15:42:39.0 (8998977)|VARIABLE_SCOPE_BEGIN|[16]|saReportCtrl.SORTED_BY_NUMBER_OF_VIEWS_LABEL|String|false|true
15:42:39.0 (9005807)|VARIABLE_SCOPE_BEGIN|[22]|saReportCtrl.SORTED_BY_NUMBER_OF_VIEWS_VALUE|String|false|true
15:42:39.0 (9013099)|VARIABLE_SCOPE_BEGIN|[18]|saReportCtrl.SORTED_BY_RELEASE_DATES_LABEL|String|false|true
15:42:39.0 (9019923)|VARIABLE_SCOPE_BEGIN|[24]|saReportCtrl.SORTED_BY_RELEASE_DATES_VALUE|String|false|true
15:42:39.0 (9026635)|VARIABLE_SCOPE_BEGIN|[161]|saReportCtrl.forcedReportId|String|false|true
15:42:39.0 (10432624)|VARIABLE_SCOPE_BEGIN|[25]|auMainTopCompCtrl.TYPE_SCREEN_ACCOUNT_LIST|Integer|false|true
15:42:39.0 (10445125)|VARIABLE_SCOPE_BEGIN|[26]|auMainTopCompCtrl.TYPE_SCREEN_ACTIVITY_LIST|Integer|false|true
15:42:39.0 (10451419)|VARIABLE_SCOPE_BEGIN|[7]|auMainTopCompCtrl.TYPE_SCREEN_CX_SCREEN|Integer|false|true
15:42:39.0 (10457529)|VARIABLE_SCOPE_BEGIN|[8]|auMainTopCompCtrl.TYPE_SCREEN_CX_TIMELINE|Integer|false|true
15:42:39.0 (10463744)|VARIABLE_SCOPE_BEGIN|[9]|auMainTopCompCtrl.TYPE_SCREEN_EVENT_SCHEDULE|Integer|false|true
15:42:39.0 (10470080)|VARIABLE_SCOPE_BEGIN|[10]|auMainTopCompCtrl.TYPE_SCREEN_EVENT_SCHEDULE_LIST|Integer|false|true
15:42:39.0 (10476523)|VARIABLE_SCOPE_BEGIN|[27]|auMainTopCompCtrl.TYPE_SCREEN_FILE_LIST|Integer|false|true
15:42:39.0 (10482812)|VARIABLE_SCOPE_BEGIN|[24]|auMainTopCompCtrl.TYPE_SCREEN_HONBU_DIRECT|Integer|false|true
15:42:39.0 (10488456)|VARIABLE_SCOPE_BEGIN|[11]|auMainTopCompCtrl.TYPE_SCREEN_KNOWLEDGE_DASHBOARD|Integer|false|true
15:42:39.0 (10493938)|VARIABLE_SCOPE_BEGIN|[12]|auMainTopCompCtrl.TYPE_SCREEN_KNOWLEDGE_LIST|Integer|false|true
15:42:39.0 (10499586)|VARIABLE_SCOPE_BEGIN|[15]|auMainTopCompCtrl.TYPE_SCREEN_SA_CHATTER|Integer|false|true
15:42:39.0 (10505477)|VARIABLE_SCOPE_BEGIN|[16]|auMainTopCompCtrl.TYPE_SCREEN_SA_DAILYREPORT|Integer|false|true
15:42:39.0 (10510949)|VARIABLE_SCOPE_BEGIN|[22]|auMainTopCompCtrl.TYPE_SCREEN_SA_DAILYREPORTLIST|Integer|false|true
15:42:39.0 (10516643)|VARIABLE_SCOPE_BEGIN|[18]|auMainTopCompCtrl.TYPE_SCREEN_SA_DOCUMENTS|Integer|false|true
15:42:39.0 (10522259)|VARIABLE_SCOPE_BEGIN|[17]|auMainTopCompCtrl.TYPE_SCREEN_SA_ENQUETE|Integer|false|true
15:42:39.0 (10527889)|VARIABLE_SCOPE_BEGIN|[20]|auMainTopCompCtrl.TYPE_SCREEN_SA_LINKS|Integer|false|true
15:42:39.0 (10533928)|VARIABLE_SCOPE_BEGIN|[13]|auMainTopCompCtrl.TYPE_SCREEN_SA_MESSAGES|Integer|false|true
15:42:39.0 (10539709)|VARIABLE_SCOPE_BEGIN|[19]|auMainTopCompCtrl.TYPE_SCREEN_SA_RANKING|Integer|false|true
15:42:39.0 (10545538)|VARIABLE_SCOPE_BEGIN|[14]|auMainTopCompCtrl.TYPE_SCREEN_SA_REPORTS|Integer|false|true
15:42:39.0 (10551331)|VARIABLE_SCOPE_BEGIN|[23]|auMainTopCompCtrl.TYPE_SCREEN_SA_TODO|Integer|false|true
15:42:39.0 (10557711)|VARIABLE_SCOPE_BEGIN|[21]|auMainTopCompCtrl.TYPE_SCREEN_SA_USRSETTINGS|Integer|false|true
15:42:39.0 (10564223)|VARIABLE_SCOPE_BEGIN|[4]|auMainTopCompCtrl.TYPE_SCREEN_STPD_EVENT|Integer|false|true
15:42:39.0 (10570321)|VARIABLE_SCOPE_BEGIN|[6]|auMainTopCompCtrl.TYPE_SCREEN_STPD_SCREEN|Integer|false|true
15:42:39.0 (10576321)|VARIABLE_SCOPE_BEGIN|[5]|auMainTopCompCtrl.TYPE_SCREEN_STPD_TIMELINE|Integer|false|true
15:42:39.0 (10582554)|VARIABLE_SCOPE_BEGIN|[3]|auMainTopCompCtrl.TYPE_SCREEN_SWITCH|Integer|false|true
15:42:39.0 (15007185)|VF_DESERIALIZE_VIEWSTATE_END
15:42:39.0 (19167410)|HEAP_ALLOCATE|[EXTERNAL]|Bytes:1580
15:42:39.0 (19185315)|HEAP_ALLOCATE|[EXTERNAL]|Bytes:635
15:42:39.0 (19192337)|HEAP_ALLOCATE|[EXTERNAL]|Bytes:864
15:42:39.0 (19198109)|HEAP_ALLOCATE|[EXTERNAL]|Bytes:10
15:42:39.0 (19223412)|VARIABLE_ASSIGNMENT|[EXTERNAL]|saReportCtrl.ERROR_CATEGORY_MISSING|"カテゴリが必須です。"
15:42:39.0 (19229460)|HEAP_ALLOCATE|[EXTERNAL]|Bytes:10
15:42:39.0 (19236175)|VARIABLE_ASSIGNMENT|[EXTERNAL]|saReportCtrl.ERROR_COMMENT_MISSING|"コメントが必須です。"
15:42:39.0 (19240984)|HEAP_ALLOCATE|[EXTERNAL]|Bytes:10
15:42:39.0 (19247641)|VARIABLE_ASSIGNMENT|[EXTERNAL]|saReportCtrl.ERROR_TITLE_MISSING|"タイトルが必須です。"
15:42:39.0 (19252594)|HEAP_ALLOCATE|[EXTERNAL]|Bytes:11
15:42:39.0 (19259111)|VARIABLE_ASSIGNMENT|[EXTERNAL]|saReportCtrl.MESSAGE_ASK_FOR_VALIDATION|"承認申請を出しました。"
15:42:39.0 (19263415)|HEAP_ALLOCATE|[EXTERNAL]|Bytes:7
15:42:39.0 (19269532)|VARIABLE_ASSIGNMENT|[EXTERNAL]|saReportCtrl.MESSAGE_PUBLISHED|"公開しました。"
15:42:39.0 (19273500)|HEAP_ALLOCATE|[EXTERNAL]|Bytes:3
15:42:39.0 (19280176)|VARIABLE_ASSIGNMENT|[EXTERNAL]|saReportCtrl.SA_REPORT_STATE_NONE_LABEL|"未選択"
15:42:39.0 (19284631)|HEAP_ALLOCATE|[EXTERNAL]|Bytes:1
15:42:39.0 (19290760)|VARIABLE_ASSIGNMENT|[EXTERNAL]|saReportCtrl.SA_REPORT_STATE_NONE_VALUE|" "
15:42:39.0 (19294914)|HEAP_ALLOCATE|[EXTERNAL]|Bytes:3
15:42:39.0 (19301597)|VARIABLE_ASSIGNMENT|[EXTERNAL]|saReportCtrl.SEARCH_COUNT_AVERAGE_LABEL|"50件"
15:42:39.0 (19305617)|HEAP_ALLOCATE|[EXTERNAL]|Bytes:2
15:42:39.0 (19311807)|VARIABLE_ASSIGNMENT|[EXTERNAL]|saReportCtrl.SEARCH_COUNT_AVERAGE_VALUE|"50"
15:42:39.0 (19315722)|HEAP_ALLOCATE|[EXTERNAL]|Bytes:3
15:42:39.0 (19321942)|VARIABLE_ASSIGNMENT|[EXTERNAL]|saReportCtrl.SEARCH_COUNT_FEW_LABEL|"20件"
15:42:39.0 (19325991)|HEAP_ALLOCATE|[EXTERNAL]|Bytes:2
15:42:39.0 (19332308)|VARIABLE_ASSIGNMENT|[EXTERNAL]|saReportCtrl.SEARCH_COUNT_FEW_VALUE|"20"
15:42:39.0 (19336807)|HEAP_ALLOCATE|[EXTERNAL]|Bytes:4
15:42:39.0 (19343703)|VARIABLE_ASSIGNMENT|[EXTERNAL]|saReportCtrl.SEARCH_COUNT_LOT_LABEL|"100件"
15:42:39.0 (19347723)|HEAP_ALLOCATE|[EXTERNAL]|Bytes:3
15:42:39.0 (19353867)|VARIABLE_ASSIGNMENT|[EXTERNAL]|saReportCtrl.SEARCH_COUNT_LOT_VALUE|"100"
15:42:39.0 (19357591)|HEAP_ALLOCATE|[EXTERNAL]|Bytes:4
15:42:39.0 (19364075)|VARIABLE_ASSIGNMENT|[EXTERNAL]|saReportCtrl.SORTED_BY_FAVORITES_LABEL|"いいね順"
15:42:39.0 (19368077)|HEAP_ALLOCATE|[EXTERNAL]|Bytes:4
15:42:39.0 (19375334)|VARIABLE_ASSIGNMENT|[EXTERNAL]|saReportCtrl.SORTED_BY_FAVORITES_VALUE|"いいね順"
15:42:39.0 (19379213)|HEAP_ALLOCATE|[EXTERNAL]|Bytes:3
15:42:39.0 (19385839)|VARIABLE_ASSIGNMENT|[EXTERNAL]|saReportCtrl.SORTED_BY_NEWS_LABEL|"NEW"
15:42:39.0 (19389928)|HEAP_ALLOCATE|[EXTERNAL]|Bytes:3
15:42:39.0 (19396677)|VARIABLE_ASSIGNMENT|[EXTERNAL]|saReportCtrl.SORTED_BY_NEWS_VALUE|"NEW"
15:42:39.0 (19400816)|HEAP_ALLOCATE|[EXTERNAL]|Bytes:1
15:42:39.0 (19407320)|VARIABLE_ASSIGNMENT|[EXTERNAL]|saReportCtrl.SORTED_BY_NONE_LABEL|" "
15:42:39.0 (19411084)|HEAP_ALLOCATE|[EXTERNAL]|Bytes:1
15:42:39.0 (19417424)|VARIABLE_ASSIGNMENT|[EXTERNAL]|saReportCtrl.SORTED_BY_NONE_VALUE|" "
15:42:39.0 (19421226)|HEAP_ALLOCATE|[EXTERNAL]|Bytes:4
15:42:39.0 (19430034)|VARIABLE_ASSIGNMENT|[EXTERNAL]|saReportCtrl.SORTED_BY_NUMBER_OF_VIEWS_LABEL|"閲覧数順"
15:42:39.0 (19433955)|HEAP_ALLOCATE|[EXTERNAL]|Bytes:4
15:42:39.0 (19440973)|VARIABLE_ASSIGNMENT|[EXTERNAL]|saReportCtrl.SORTED_BY_NUMBER_OF_VIEWS_VALUE|"閲覧数順"
15:42:39.0 (19445838)|HEAP_ALLOCATE|[EXTERNAL]|Bytes:4
15:42:39.0 (19452737)|VARIABLE_ASSIGNMENT|[EXTERNAL]|saReportCtrl.SORTED_BY_RELEASE_DATES_LABEL|"公開日時"
15:42:39.0 (19457383)|HEAP_ALLOCATE|[EXTERNAL]|Bytes:4
15:42:39.0 (19464905)|VARIABLE_ASSIGNMENT|[EXTERNAL]|saReportCtrl.SORTED_BY_RELEASE_DATES_VALUE|"公開日時"
15:42:39.0 (19479163)|METHOD_ENTRY|[1]|01pN0000000aEUV|saReportCtrl.saReportCtrl()
15:42:39.0 (19485466)|STATEMENT_EXECUTE|[1]
15:42:39.0 (19491521)|STATEMENT_EXECUTE|[1]
15:42:39.0 (19501637)|SYSTEM_MODE_ENTER|false
15:42:39.0 (19517473)|HEAP_ALLOCATE|[EXTERNAL]|Bytes:5
15:42:39.0 (19526658)|SYSTEM_MODE_EXIT|false
15:42:39.0 (19535935)|METHOD_EXIT|[1]|saReportCtrl
15:42:39.0 (19542202)|HEAP_ALLOCATE|[EXTERNAL]|Bytes:372
15:42:39.0 (19550957)|VARIABLE_SCOPE_BEGIN|[409]|this|saReportCtrl|true|false
15:42:39.0 (19794615)|VARIABLE_ASSIGNMENT|[409]|this|{"attachmentId":"","basicSearchCategory":" ","basicSearchCount":"20","basicSearchDateEnd":"","basicSearchDateStart":"","basicSearchKeywords":"","basicSearchRole1":" ","basicSearchRole2":" ","basicSearchRole3":" ","basicSearchSort":" ","categoryDataOptions":"0x48a3b4","countDataOptions":"0x70a4816b","createBody":"","createdReportId":"SA_Report-00000041","createSubject":"","currentUser":"0x303e642d","draftBody":"","draftCategory":"au でんき","draftProcess":"提案","draftSubject":"123","isApprover":false,"isCopySelected":false,"isGoodSelected":false,"isVeryGoodSelected":false,"latestBasicSearchCategory":"","latestBasicSearchCount":"","latestBasicSearchDateEnd":"","latestBasicSearchDateStart":"","latestBasicSearchKeywords":"","latestBasicSearchRole1":"","latestBasicSearchRole2":"","latestBasicSearchRole3":"","latestBasicSearchSort":"","latestMySearchCount":"","latestMySearchDateEnd":"","latestMySearchDateStart":"","latestMySearchKeywords":"","latestMySearchState":"","latestPendingCount":"","latestPendingDateEnd":"","latestPendingDateStart":"","latestPendingKeywords":"","latestSelectedProcess":"","listOfCategory":"0x519bce18","listOfSAReports":"0x148b929c","lsAttachments":"0x40f0e6bf","lsRolesFull":"0x32ced80","mapOfCategory":"0xc4808f3","messageError":"","messageSubmissionComplete":"","mySearchDateEnd":"","mySearchDateStart":"","mySearchKeywords":"","newCommentValue":"","pendingDateEnd":"","pendingDateStart":"","pendingKeywords":"","processDataOptions":"0x441f7494","remandBody":"","remandSubject":"","reportComments":"0x39db7b6","reportGoodViews":"0x67b90aa8","reportManagedViews":"0x2b7a893c","reportRendered":false,"roleLevel1DataOptions":"0x14fee313","roleLevel2DataOptions":"0x7ab0c63d","roleLevel3DataOptions":"0x55736f89","searchCategoryLabel":"","searchCountLabel":"","searchStateLabel":"","selectedCategoryName":"","selectedProcess":"","selectedReport":"0x2abf3f72","selectedReportName":"","selectedView":"","sortDataOptions":"0x49bab74d","stateDataOptions":"0x35c71169"}|0x699539f3
15:42:39.0 (19836471)|SYSTEM_MODE_ENTER|false
15:42:39.0 (19843352)|HEAP_ALLOCATE|[EXTERNAL]|Bytes:5
15:42:39.0 (19848021)|STATEMENT_EXECUTE|[409]
15:42:39.0 (19851497)|SYSTEM_MODE_EXIT|false
15:42:39.0 (48187603)|SYSTEM_MODE_ENTER|true
15:42:39.0 (48228551)|HEAP_ALLOCATE|[EXTERNAL]|Bytes:284
15:42:39.0 (48244521)|HEAP_ALLOCATE|[EXTERNAL]|Bytes:160
15:42:39.0 (48258024)|METHOD_ENTRY|[1]|01pN0000000Mill|auMainTopCompCtrl.auMainTopCompCtrl()
15:42:39.0 (48263471)|STATEMENT_EXECUTE|[1]
15:42:39.0 (48267774)|STATEMENT_EXECUTE|[1]
15:42:39.0 (48269312)|STATEMENT_EXECUTE|[3]
15:42:39.0 (48276222)|HEAP_ALLOCATE|[3]|Bytes:4
15:42:39.0 (48293174)|VARIABLE_ASSIGNMENT|[3]|auMainTopCompCtrl.TYPE_SCREEN_SWITCH|0
15:42:39.0 (48298230)|STATEMENT_EXECUTE|[4]
15:42:39.0 (48301550)|HEAP_ALLOCATE|[4]|Bytes:4
15:42:39.0 (48309217)|VARIABLE_ASSIGNMENT|[4]|auMainTopCompCtrl.TYPE_SCREEN_STPD_EVENT|11
15:42:39.0 (48313104)|STATEMENT_EXECUTE|[5]
15:42:39.0 (48315222)|HEAP_ALLOCATE|[5]|Bytes:4
15:42:39.0 (48321651)|VARIABLE_ASSIGNMENT|[5]|auMainTopCompCtrl.TYPE_SCREEN_STPD_TIMELINE|12
15:42:39.0 (48325264)|STATEMENT_EXECUTE|[6]
15:42:39.0 (48327634)|HEAP_ALLOCATE|[6]|Bytes:4
15:42:39.0 (48334248)|VARIABLE_ASSIGNMENT|[6]|auMainTopCompCtrl.TYPE_SCREEN_STPD_SCREEN|13
15:42:39.0 (48337737)|STATEMENT_EXECUTE|[7]
15:42:39.0 (48339782)|HEAP_ALLOCATE|[7]|Bytes:4
15:42:39.0 (48345373)|VARIABLE_ASSIGNMENT|[7]|auMainTopCompCtrl.TYPE_SCREEN_CX_SCREEN|21
15:42:39.0 (48349409)|STATEMENT_EXECUTE|[8]
15:42:39.0 (48351298)|HEAP_ALLOCATE|[8]|Bytes:4
15:42:39.0 (48356420)|VARIABLE_ASSIGNMENT|[8]|auMainTopCompCtrl.TYPE_SCREEN_CX_TIMELINE|22
15:42:39.0 (48359675)|STATEMENT_EXECUTE|[9]
15:42:39.0 (48361748)|HEAP_ALLOCATE|[9]|Bytes:4
15:42:39.0 (48367006)|VARIABLE_ASSIGNMENT|[9]|auMainTopCompCtrl.TYPE_SCREEN_EVENT_SCHEDULE|31
15:42:39.0 (48370352)|STATEMENT_EXECUTE|[10]
15:42:39.0 (48372483)|HEAP_ALLOCATE|[10]|Bytes:4
15:42:39.0 (48378091)|VARIABLE_ASSIGNMENT|[10]|auMainTopCompCtrl.TYPE_SCREEN_EVENT_SCHEDULE_LIST|32
15:42:39.0 (48381550)|STATEMENT_EXECUTE|[11]
15:42:39.0 (48384050)|HEAP_ALLOCATE|[11]|Bytes:4
15:42:39.0 (48390214)|VARIABLE_ASSIGNMENT|[11]|auMainTopCompCtrl.TYPE_SCREEN_KNOWLEDGE_DASHBOARD|41
15:42:39.0 (48394430)|STATEMENT_EXECUTE|[12]
15:42:39.0 (48396630)|HEAP_ALLOCATE|[12]|Bytes:4
15:42:39.0 (48402294)|VARIABLE_ASSIGNMENT|[12]|auMainTopCompCtrl.TYPE_SCREEN_KNOWLEDGE_LIST|42
15:42:39.0 (48405714)|STATEMENT_EXECUTE|[13]
15:42:39.0 (48407754)|HEAP_ALLOCATE|[13]|Bytes:4
15:42:39.0 (48413764)|VARIABLE_ASSIGNMENT|[13]|auMainTopCompCtrl.TYPE_SCREEN_SA_MESSAGES|51
15:42:39.0 (48417215)|STATEMENT_EXECUTE|[14]
15:42:39.0 (48419129)|HEAP_ALLOCATE|[14]|Bytes:4
15:42:39.0 (48424949)|VARIABLE_ASSIGNMENT|[14]|auMainTopCompCtrl.TYPE_SCREEN_SA_REPORTS|52
15:42:39.0 (48428827)|STATEMENT_EXECUTE|[15]
15:42:39.0 (48430900)|HEAP_ALLOCATE|[15]|Bytes:4
15:42:39.0 (48436670)|VARIABLE_ASSIGNMENT|[15]|auMainTopCompCtrl.TYPE_SCREEN_SA_CHATTER|53
15:42:39.0 (48440280)|STATEMENT_EXECUTE|[16]
15:42:39.0 (48442555)|HEAP_ALLOCATE|[16]|Bytes:4
15:42:39.0 (48448182)|VARIABLE_ASSIGNMENT|[16]|auMainTopCompCtrl.TYPE_SCREEN_SA_DAILYREPORT|54
15:42:39.0 (48451862)|STATEMENT_EXECUTE|[17]
15:42:39.0 (48454005)|HEAP_ALLOCATE|[17]|Bytes:4
15:42:39.0 (48459664)|VARIABLE_ASSIGNMENT|[17]|auMainTopCompCtrl.TYPE_SCREEN_SA_ENQUETE|55
15:42:39.0 (48463223)|STATEMENT_EXECUTE|[18]
15:42:39.0 (48465304)|HEAP_ALLOCATE|[18]|Bytes:4
15:42:39.0 (48470904)|VARIABLE_ASSIGNMENT|[18]|auMainTopCompCtrl.TYPE_SCREEN_SA_DOCUMENTS|56
15:42:39.0 (48474068)|STATEMENT_EXECUTE|[19]
15:42:39.0 (48475946)|HEAP_ALLOCATE|[19]|Bytes:4
15:42:39.0 (48482382)|VARIABLE_ASSIGNMENT|[19]|auMainTopCompCtrl.TYPE_SCREEN_SA_RANKING|57
15:42:39.0 (48485618)|STATEMENT_EXECUTE|[20]
15:42:39.0 (48487665)|HEAP_ALLOCATE|[20]|Bytes:4
15:42:39.0 (48493938)|VARIABLE_ASSIGNMENT|[20]|auMainTopCompCtrl.TYPE_SCREEN_SA_LINKS|58
15:42:39.0 (48497562)|STATEMENT_EXECUTE|[21]
15:42:39.0 (48499478)|HEAP_ALLOCATE|[21]|Bytes:4
15:42:39.0 (48505903)|VARIABLE_ASSIGNMENT|[21]|auMainTopCompCtrl.TYPE_SCREEN_SA_USRSETTINGS|59
15:42:39.0 (48509332)|STATEMENT_EXECUTE|[22]
15:42:39.0 (48511198)|HEAP_ALLOCATE|[22]|Bytes:4
15:42:39.0 (48516982)|VARIABLE_ASSIGNMENT|[22]|auMainTopCompCtrl.TYPE_SCREEN_SA_DAILYREPORTLIST|60
15:42:39.0 (48520839)|STATEMENT_EXECUTE|[23]
15:42:39.0 (48523000)|HEAP_ALLOCATE|[23]|Bytes:4
15:42:39.0 (48528744)|VARIABLE_ASSIGNMENT|[23]|auMainTopCompCtrl.TYPE_SCREEN_SA_TODO|61
15:42:39.0 (48532251)|STATEMENT_EXECUTE|[24]
15:42:39.0 (48534337)|HEAP_ALLOCATE|[24]|Bytes:4
15:42:39.0 (48539952)|VARIABLE_ASSIGNMENT|[24]|auMainTopCompCtrl.TYPE_SCREEN_HONBU_DIRECT|71
15:42:39.0 (48543628)|STATEMENT_EXECUTE|[25]
15:42:39.0 (48545802)|HEAP_ALLOCATE|[25]|Bytes:4
15:42:39.0 (48551024)|VARIABLE_ASSIGNMENT|[25]|auMainTopCompCtrl.TYPE_SCREEN_ACCOUNT_LIST|81
15:42:39.0 (48554532)|STATEMENT_EXECUTE|[26]
15:42:39.0 (48556450)|HEAP_ALLOCATE|[26]|Bytes:4
15:42:39.0 (48561413)|VARIABLE_ASSIGNMENT|[26]|auMainTopCompCtrl.TYPE_SCREEN_ACTIVITY_LIST|82
15:42:39.0 (48564820)|STATEMENT_EXECUTE|[27]
15:42:39.0 (48566613)|HEAP_ALLOCATE|[27]|Bytes:4
15:42:39.0 (48571999)|VARIABLE_ASSIGNMENT|[27]|auMainTopCompCtrl.TYPE_SCREEN_FILE_LIST|83
15:42:39.0 (48579712)|METHOD_EXIT|[1]|auMainTopCompCtrl
15:42:39.0 (48585281)|HEAP_ALLOCATE|[EXTERNAL]|Bytes:44
15:42:39.0 (48601336)|VARIABLE_ASSIGNMENT|[EXTERNAL]|this.iCountComments|null|0x949b965
15:42:39.0 (48661737)|SYSTEM_MODE_ENTER|true
15:42:39.0 (48677073)|HEAP_ALLOCATE|[EXTERNAL]|Bytes:44
15:42:39.0 (48684940)|VARIABLE_ASSIGNMENT|[EXTERNAL]|this.iCountLikes|null|0x949b965
15:42:39.0 (48840255)|SYSTEM_MODE_ENTER|true
15:42:39.0 (48895313)|HEAP_ALLOCATE|[EXTERNAL]|Bytes:372
15:42:39.0 (48904254)|VARIABLE_SCOPE_BEGIN|[173]|this|saReportCtrl|true|false
15:42:39.0 (49137649)|VARIABLE_ASSIGNMENT|[173]|this|{"attachmentId":"","basicSearchCategory":" ","basicSearchCount":"20","basicSearchDateEnd":"","basicSearchDateStart":"","basicSearchKeywords":"","basicSearchRole1":" ","basicSearchRole2":" ","basicSearchRole3":" ","basicSearchSort":" ","categoryDataOptions":"0x48a3b4","countDataOptions":"0x70a4816b","createBody":"","createdReportId":"SA_Report-00000041","createSubject":"","currentUser":"0x303e642d","draftBody":"","draftCategory":"au でんき","draftProcess":"提案","draftSubject":"123","isApprover":false,"isCopySelected":false,"isGoodSelected":false,"isVeryGoodSelected":false,"latestBasicSearchCategory":"","latestBasicSearchCount":"","latestBasicSearchDateEnd":"","latestBasicSearchDateStart":"","latestBasicSearchKeywords":"","latestBasicSearchRole1":"","latestBasicSearchRole2":"","latestBasicSearchRole3":"","latestBasicSearchSort":"","latestMySearchCount":"","latestMySearchDateEnd":"","latestMySearchDateStart":"","latestMySearchKeywords":"","latestMySearchState":"","latestPendingCount":"","latestPendingDateEnd":"","latestPendingDateStart":"","latestPendingKeywords":"","latestSelectedProcess":"","listOfCategory":"0x519bce18","listOfSAReports":"0x148b929c","lsAttachments":"0x40f0e6bf","lsRolesFull":"0x32ced80","mapOfCategory":"0xc4808f3","messageError":"","messageSubmissionComplete":"","mySearchDateEnd":"","mySearchDateStart":"","mySearchKeywords":"","newCommentValue":"","pendingDateEnd":"","pendingDateStart":"","pendingKeywords":"","processDataOptions":"0x441f7494","remandBody":"","remandSubject":"","reportComments":"0x39db7b6","reportGoodViews":"0x67b90aa8","reportManagedViews":"0x2b7a893c","reportRendered":false,"roleLevel1DataOptions":"0x14fee313","roleLevel2DataOptions":"0x7ab0c63d","roleLevel3DataOptions":"0x55736f89","searchCategoryLabel":"","searchCountLabel":"","searchStateLabel":"","selectedCategoryName":"","selectedProcess":"","selectedReport":"0x2abf3f72","selectedReportName":"","selectedView":"","sortDataOptions":"0x49bab74d","stateDataOptions":"0x35c71169"}|0x699539f3
15:42:39.0 (49178972)|SYSTEM_MODE_ENTER|false
15:42:39.0 (49187355)|HEAP_ALLOCATE|[173]|Bytes:5
15:42:39.0 (49192348)|STATEMENT_EXECUTE|[173]
15:42:39.0 (49194414)|STATEMENT_EXECUTE|[173]
15:42:39.0 (49200288)|SYSTEM_MODE_EXIT|false
15:42:39.0 (49261101)|SYSTEM_MODE_ENTER|true
15:42:39.0 (49279350)|HEAP_ALLOCATE|[EXTERNAL]|Bytes:8
15:42:39.0 (49283677)|HEAP_ALLOCATE|[EXTERNAL]|Bytes:44
15:42:39.0 (49292675)|VARIABLE_ASSIGNMENT|[EXTERNAL]|this.iTypeOfScreen|52|0x949b965
15:42:39.0 (49399977)|SYSTEM_MODE_ENTER|true
15:42:39.0 (49435524)|HEAP_ALLOCATE|[EXTERNAL]|Bytes:44
15:42:39.0 (49442502)|VARIABLE_SCOPE_BEGIN|[88]|this|auMainTopCompCtrl|true|false
15:42:39.0 (49481685)|VARIABLE_ASSIGNMENT|[88]|this|{"currentUser":"0x7ee54c71","isSAUser":false,"iTypeOfScreen":52,"urlReportsSFA":"https://cs6.lightnin (84 more) ..."}|0x949b965
15:42:39.0 (49492219)|STATEMENT_EXECUTE|[88]
15:42:39.0 (49494319)|STATEMENT_EXECUTE|[89]
15:42:39.0 (49549295)|VARIABLE_ASSIGNMENT|[EXTERNAL]|this|{"currentUser":"0x7ee54c71","isSAUser":false,"iTypeOfScreen":52,"urlReportsSFA":"https://cs6.lightnin (84 more) ..."}|0x949b965
15:42:39.0 (49606225)|VARIABLE_ASSIGNMENT|[EXTERNAL]|this|{"currentUser":"0x7ee54c71","isSAUser":false,"iTypeOfScreen":52,"urlReportsSFA":"https://cs6.lightnin (84 more) ..."}|0x949b965
15:42:39.0 (49624209)|HEAP_ALLOCATE|[89]|Bytes:5
15:42:39.0 (49703891)|SYSTEM_MODE_ENTER|true
15:42:39.0 (49735186)|HEAP_ALLOCATE|[EXTERNAL]|Bytes:44
15:42:39.0 (49742011)|VARIABLE_SCOPE_BEGIN|[106]|this|auMainTopCompCtrl|true|false
15:42:39.0 (49774355)|VARIABLE_ASSIGNMENT|[106]|this|{"currentUser":"0x7ee54c71","isSAUser":false,"iTypeOfScreen":52,"urlReportsSFA":"https://cs6.lightnin (84 more) ..."}|0x949b965
15:42:39.0 (49784359)|STATEMENT_EXECUTE|[106]
15:42:39.0 (49786550)|STATEMENT_EXECUTE|[107]
15:42:39.0 (49820286)|VARIABLE_ASSIGNMENT|[EXTERNAL]|this|{"currentUser":"0x7ee54c71","isSAUser":false,"iTypeOfScreen":52,"urlReportsSFA":"https://cs6.lightnin (84 more) ..."}|0x949b965
15:42:39.0 (49835225)|HEAP_ALLOCATE|[107]|Bytes:5
15:42:39.0 (49894820)|SYSTEM_MODE_ENTER|true
15:42:39.0 (49936181)|HEAP_ALLOCATE|[EXTERNAL]|Bytes:44
15:42:39.0 (49942543)|VARIABLE_SCOPE_BEGIN|[110]|this|auMainTopCompCtrl|true|false
15:42:39.0 (49977785)|VARIABLE_ASSIGNMENT|[110]|this|{"currentUser":"0x7ee54c71","isSAUser":false,"iTypeOfScreen":52,"urlReportsSFA":"https://cs6.lightnin (84 more) ..."}|0x949b965
15:42:39.0 (49986911)|STATEMENT_EXECUTE|[110]
15:42:39.0 (49988812)|STATEMENT_EXECUTE|[111]
15:42:39.0 (50022968)|VARIABLE_ASSIGNMENT|[EXTERNAL]|this|{"currentUser":"0x7ee54c71","isSAUser":false,"iTypeOfScreen":52,"urlReportsSFA":"https://cs6.lightnin (84 more) ..."}|0x949b965
15:42:39.0 (50038647)|HEAP_ALLOCATE|[111]|Bytes:5
15:42:39.0 (50095142)|SYSTEM_MODE_ENTER|true
15:42:39.0 (50121989)|HEAP_ALLOCATE|[EXTERNAL]|Bytes:44
15:42:39.0 (50127784)|VARIABLE_SCOPE_BEGIN|[114]|this|auMainTopCompCtrl|true|false
15:42:39.0 (50158577)|VARIABLE_ASSIGNMENT|[114]|this|{"currentUser":"0x7ee54c71","isSAUser":false,"iTypeOfScreen":52,"urlReportsSFA":"https://cs6.lightnin (84 more) ..."}|0x949b965
15:42:39.0 (50167395)|STATEMENT_EXECUTE|[114]
15:42:39.0 (50169112)|STATEMENT_EXECUTE|[115]
15:42:39.0 (50201069)|VARIABLE_ASSIGNMENT|[EXTERNAL]|this|{"currentUser":"0x7ee54c71","isSAUser":false,"iTypeOfScreen":52,"urlReportsSFA":"https://cs6.lightnin (84 more) ..."}|0x949b965
15:42:39.0 (50214829)|HEAP_ALLOCATE|[115]|Bytes:5
15:42:39.0 (50397930)|SYSTEM_MODE_ENTER|true
15:42:39.0 (50492656)|SYSTEM_MODE_ENTER|true
15:42:39.0 (50935839)|SYSTEM_MODE_ENTER|true
15:42:39.0 (54122290)|SYSTEM_MODE_ENTER|true
15:42:39.0 (54241800)|SYSTEM_MODE_ENTER|true
15:42:39.0 (54315846)|SYSTEM_MODE_ENTER|true
15:42:39.0 (54382270)|SYSTEM_MODE_ENTER|true
15:42:39.0 (54556772)|SYSTEM_MODE_ENTER|true
15:42:39.0 (54675873)|SYSTEM_MODE_ENTER|true
15:42:39.0 (54776328)|SYSTEM_MODE_ENTER|true
15:42:39.0 (55185175)|SYSTEM_MODE_ENTER|true
15:42:39.0 (55225616)|HEAP_ALLOCATE|[EXTERNAL]|Bytes:372
15:42:39.0 (55234224)|VARIABLE_SCOPE_BEGIN|[36]|this|saReportCtrl|true|false
15:42:39.0 (55438347)|VARIABLE_ASSIGNMENT|[36]|this|{"attachmentId":"","basicSearchCategory":" ","basicSearchCount":"20","basicSearchDateEnd":"","basicSearchDateStart":"","basicSearchKeywords":"","basicSearchRole1":" ","basicSearchRole2":" ","basicSearchRole3":" ","basicSearchSort":" ","categoryDataOptions":"0x48a3b4","countDataOptions":"0x70a4816b","createBody":"","createdReportId":"SA_Report-00000041","createSubject":"","currentUser":"0x303e642d","draftBody":"","draftCategory":"au でんき","draftProcess":"提案","draftSubject":"123","isApprover":false,"isCopySelected":false,"isGoodSelected":false,"isVeryGoodSelected":false,"latestBasicSearchCategory":"","latestBasicSearchCount":"","latestBasicSearchDateEnd":"","latestBasicSearchDateStart":"","latestBasicSearchKeywords":"","latestBasicSearchRole1":"","latestBasicSearchRole2":"","latestBasicSearchRole3":"","latestBasicSearchSort":"","latestMySearchCount":"","latestMySearchDateEnd":"","latestMySearchDateStart":"","latestMySearchKeywords":"","latestMySearchState":"","latestPendingCount":"","latestPendingDateEnd":"","latestPendingDateStart":"","latestPendingKeywords":"","latestSelectedProcess":"","listOfCategory":"0x519bce18","listOfSAReports":"0x148b929c","lsAttachments":"0x40f0e6bf","lsRolesFull":"0x32ced80","mapOfCategory":"0xc4808f3","messageError":"","messageSubmissionComplete":"","mySearchDateEnd":"","mySearchDateStart":"","mySearchKeywords":"","newCommentValue":"","pendingDateEnd":"","pendingDateStart":"","pendingKeywords":"","processDataOptions":"0x441f7494","remandBody":"","remandSubject":"","reportComments":"0x39db7b6","reportGoodViews":"0x67b90aa8","reportManagedViews":"0x2b7a893c","reportRendered":false,"roleLevel1DataOptions":"0x14fee313","roleLevel2DataOptions":"0x7ab0c63d","roleLevel3DataOptions":"0x55736f89","searchCategoryLabel":"","searchCountLabel":"","searchStateLabel":"","selectedCategoryName":"","selectedProcess":"","selectedReport":"0x2abf3f72","selectedReportName":"","selectedView":"","sortDataOptions":"0x49bab74d","stateDataOptions":"0x35c71169"}|0x699539f3
15:42:39.0 (55476080)|SYSTEM_MODE_ENTER|false
15:42:39.0 (55484079)|HEAP_ALLOCATE|[36]|Bytes:5
15:42:39.0 (55489695)|STATEMENT_EXECUTE|[36]
15:42:39.0 (55491721)|STATEMENT_EXECUTE|[36]
15:42:39.0 (56011777)|VARIABLE_SCOPE_BEGIN|[7]|saConstantCmn.PUSH_NOTIFICATION_STATUS_NONE|String|false|true
15:42:39.0 (56023801)|VARIABLE_SCOPE_BEGIN|[9]|saConstantCmn.PUSH_NOTIFICATION_STATUS_RESENDING|String|false|true
15:42:39.0 (56030837)|VARIABLE_SCOPE_BEGIN|[8]|saConstantCmn.PUSH_NOTIFICATION_STATUS_SENDING|String|false|true
15:42:39.0 (56037386)|VARIABLE_SCOPE_BEGIN|[10]|saConstantCmn.PUSH_NOTIFICATION_STATUS_SENT|String|false|true
15:42:39.0 (56044218)|VARIABLE_SCOPE_BEGIN|[24]|saConstantCmn.SA_INQUIRY_TYPE_AU_HEARING|String|false|true
15:42:39.0 (56050848)|VARIABLE_SCOPE_BEGIN|[22]|saConstantCmn.SA_INQUIRY_TYPE_DAILYREPORT|String|false|true
15:42:39.0 (56057874)|VARIABLE_SCOPE_BEGIN|[23]|saConstantCmn.SA_INQUIRY_TYPE_HEARING|String|false|true
15:42:39.0 (56065509)|VARIABLE_SCOPE_BEGIN|[15]|saConstantCmn.SA_MESSAGEDETAIL_TYPE_DONE|String|false|true
15:42:39.0 (56072447)|VARIABLE_SCOPE_BEGIN|[14]|saConstantCmn.SA_MESSAGEDETAIL_TYPE_READ|String|false|true
15:42:39.0 (56078206)|VARIABLE_SCOPE_BEGIN|[13]|saConstantCmn.SA_MESSAGEDETAIL_TYPE_SHARED|String|false|true
15:42:39.0 (56084687)|VARIABLE_SCOPE_BEGIN|[18]|saConstantCmn.SA_MESSAGE_TYPE_MESSAGE|String|false|true
15:42:39.0 (56090984)|VARIABLE_SCOPE_BEGIN|[19]|saConstantCmn.SA_MESSAGE_TYPE_TASK|String|false|true
15:42:39.0 (56097467)|VARIABLE_SCOPE_BEGIN|[41]|saConstantCmn.SA_REPORT_DETAIL_TYPE_LIKE|String|false|true
15:42:39.0 (56104353)|VARIABLE_SCOPE_BEGIN|[42]|saConstantCmn.SA_REPORT_DETAIL_TYPE_VERY_LIKE|String|false|true
15:42:39.0 (56110742)|VARIABLE_SCOPE_BEGIN|[34]|saConstantCmn.SA_REPORT_REPLY_STATUS_REPLYSAVED|String|false|true
15:42:39.0 (56117198)|VARIABLE_SCOPE_BEGIN|[35]|saConstantCmn.SA_REPORT_REPLY_STATUS_REPLYSENT|String|false|true
15:42:39.0 (56123221)|VARIABLE_SCOPE_BEGIN|[33]|saConstantCmn.SA_REPORT_REPLY_STATUS_WAITINGREPLY|String|false|true
15:42:39.0 (56129396)|VARIABLE_SCOPE_BEGIN|[39]|saConstantCmn.SA_REPORT_SOURCE_NEW|String|false|true
15:42:39.0 (56135942)|VARIABLE_SCOPE_BEGIN|[38]|saConstantCmn.SA_REPORT_SOURCE_WEEKLY|String|false|true
15:42:39.0 (56142002)|VARIABLE_SCOPE_BEGIN|[27]|saConstantCmn.SA_REPORT_STATE_DRAFT|String|false|true
15:42:39.0 (56149415)|VARIABLE_SCOPE_BEGIN|[30]|saConstantCmn.SA_REPORT_STATE_PUBLISHED|String|false|true
15:42:39.0 (56155495)|VARIABLE_SCOPE_BEGIN|[29]|saConstantCmn.SA_REPORT_STATE_REJECTED|String|false|true
15:42:39.0 (56161779)|VARIABLE_SCOPE_BEGIN|[28]|saConstantCmn.SA_REPORT_STATE_WAITING_APPROVAL|String|false|true
15:42:39.0 (56168560)|VARIABLE_SCOPE_BEGIN|[45]|saConstantCmn.SOURCE|String|false|true
15:42:39.0 (56175135)|VARIABLE_SCOPE_BEGIN|[46]|saConstantCmn.SOURCE_PREVIEW|String|false|true
15:42:39.0 (56186852)|HEAP_ALLOCATE|[36]|Bytes:4
15:42:39.0 (56200002)|VARIABLE_ASSIGNMENT|[36]|saConstantCmn.PUSH_NOTIFICATION_STATUS_NONE|"NONE"
15:42:39.0 (56204978)|HEAP_ALLOCATE|[36]|Bytes:9
15:42:39.0 (56210897)|VARIABLE_ASSIGNMENT|[36]|saConstantCmn.PUSH_NOTIFICATION_STATUS_RESENDING|"RESENDING"
15:42:39.0 (56214885)|HEAP_ALLOCATE|[36]|Bytes:7
15:42:39.0 (56220536)|VARIABLE_ASSIGNMENT|[36]|saConstantCmn.PUSH_NOTIFICATION_STATUS_SENDING|"SENDING"
15:42:39.0 (56224658)|HEAP_ALLOCATE|[36]|Bytes:4
15:42:39.0 (56230182)|VARIABLE_ASSIGNMENT|[36]|saConstantCmn.PUSH_NOTIFICATION_STATUS_SENT|"SENT"
15:42:39.0 (56234712)|HEAP_ALLOCATE|[36]|Bytes:10
15:42:39.0 (56240884)|VARIABLE_ASSIGNMENT|[36]|saConstantCmn.SA_INQUIRY_TYPE_AU_HEARING|"AU_HEARING"
15:42:39.0 (56244911)|HEAP_ALLOCATE|[36]|Bytes:12
15:42:39.0 (56250838)|VARIABLE_ASSIGNMENT|[36]|saConstantCmn.SA_INQUIRY_TYPE_DAILYREPORT|"DAILY_REPORT"
15:42:39.0 (56254957)|HEAP_ALLOCATE|[36]|Bytes:6
15:42:39.0 (56260552)|VARIABLE_ASSIGNMENT|[36]|saConstantCmn.SA_INQUIRY_TYPE_HEARING|"SURVEY"
15:42:39.0 (56264601)|HEAP_ALLOCATE|[36]|Bytes:4
15:42:39.0 (56270230)|VARIABLE_ASSIGNMENT|[36]|saConstantCmn.SA_MESSAGEDETAIL_TYPE_DONE|"DONE"
15:42:39.0 (56273813)|HEAP_ALLOCATE|[36]|Bytes:4
15:42:39.0 (56279703)|VARIABLE_ASSIGNMENT|[36]|saConstantCmn.SA_MESSAGEDETAIL_TYPE_READ|"READ"
15:42:39.0 (56283612)|HEAP_ALLOCATE|[36]|Bytes:6
15:42:39.0 (56289986)|VARIABLE_ASSIGNMENT|[36]|saConstantCmn.SA_MESSAGEDETAIL_TYPE_SHARED|"SHARED"
15:42:39.0 (56293900)|HEAP_ALLOCATE|[36]|Bytes:7
15:42:39.0 (56299517)|VARIABLE_ASSIGNMENT|[36]|saConstantCmn.SA_MESSAGE_TYPE_MESSAGE|"MESSAGE"
15:42:39.0 (56303723)|HEAP_ALLOCATE|[36]|Bytes:4
15:42:39.0 (56309101)|VARIABLE_ASSIGNMENT|[36]|saConstantCmn.SA_MESSAGE_TYPE_TASK|"TASK"
15:42:39.0 (56313052)|HEAP_ALLOCATE|[36]|Bytes:4
15:42:39.0 (56318559)|VARIABLE_ASSIGNMENT|[36]|saConstantCmn.SA_REPORT_DETAIL_TYPE_LIKE|"LIKE"
15:42:39.0 (56322365)|HEAP_ALLOCATE|[36]|Bytes:9
15:42:39.0 (56328665)|VARIABLE_ASSIGNMENT|[36]|saConstantCmn.SA_REPORT_DETAIL_TYPE_VERY_LIKE|"VERY_LIKE"
15:42:39.0 (56333159)|HEAP_ALLOCATE|[36]|Bytes:11
15:42:39.0 (56339430)|VARIABLE_ASSIGNMENT|[36]|saConstantCmn.SA_REPORT_REPLY_STATUS_REPLYSAVED|"REPLY_SAVED"
15:42:39.0 (56343749)|HEAP_ALLOCATE|[36]|Bytes:10
15:42:39.0 (56350584)|VARIABLE_ASSIGNMENT|[36]|saConstantCmn.SA_REPORT_REPLY_STATUS_REPLYSENT|"REPLY_SENT"
15:42:39.0 (56354790)|HEAP_ALLOCATE|[36]|Bytes:13
15:42:39.0 (56361191)|VARIABLE_ASSIGNMENT|[36]|saConstantCmn.SA_REPORT_REPLY_STATUS_WAITINGREPLY|"WAITING_REPLY"
15:42:39.0 (56365245)|HEAP_ALLOCATE|[36]|Bytes:3
15:42:39.0 (56376116)|VARIABLE_ASSIGNMENT|[36]|saConstantCmn.SA_REPORT_SOURCE_NEW|"New"
15:42:39.0 (56380618)|HEAP_ALLOCATE|[36]|Bytes:6
15:42:39.0 (56386747)|VARIABLE_ASSIGNMENT|[36]|saConstantCmn.SA_REPORT_SOURCE_WEEKLY|"Weekly"
15:42:39.0 (56390793)|HEAP_ALLOCATE|[36]|Bytes:5
15:42:39.0 (56397239)|VARIABLE_ASSIGNMENT|[36]|saConstantCmn.SA_REPORT_STATE_DRAFT|"Draft"
15:42:39.0 (56401418)|HEAP_ALLOCATE|[36]|Bytes:7
15:42:39.0 (56407485)|VARIABLE_ASSIGNMENT|[36]|saConstantCmn.SA_REPORT_STATE_PUBLISHED|"Publish"
15:42:39.0 (56411582)|HEAP_ALLOCATE|[36]|Bytes:6
15:42:39.0 (56418081)|VARIABLE_ASSIGNMENT|[36]|saConstantCmn.SA_REPORT_STATE_REJECTED|"Remand"
15:42:39.0 (56422369)|HEAP_ALLOCATE|[36]|Bytes:7
15:42:39.0 (56428729)|VARIABLE_ASSIGNMENT|[36]|saConstantCmn.SA_REPORT_STATE_WAITING_APPROVAL|"Pending"
15:42:39.0 (56432874)|HEAP_ALLOCATE|[36]|Bytes:3
15:42:39.0 (56439119)|VARIABLE_ASSIGNMENT|[36]|saConstantCmn.SOURCE|"src"
15:42:39.0 (56442892)|HEAP_ALLOCATE|[36]|Bytes:7
15:42:39.0 (56449355)|VARIABLE_ASSIGNMENT|[36]|saConstantCmn.SOURCE_PREVIEW|"preview"
15:42:39.0 (56472911)|METHOD_ENTRY|[4]|01pN0000000aH2z|saConstantCmn.saConstantCmn()
15:42:39.0 (56478058)|STATEMENT_EXECUTE|[4]
15:42:39.0 (56481497)|STATEMENT_EXECUTE|[4]
15:42:39.0 (56489519)|HEAP_ALLOCATE|[36]|Bytes:5
15:42:39.0 (56499068)|METHOD_EXIT|[4]|saConstantCmn
15:42:39.0 (56505447)|SYSTEM_MODE_EXIT|false
15:42:39.0 (56659839)|SYSTEM_MODE_ENTER|true
15:42:39.0 (56698228)|HEAP_ALLOCATE|[EXTERNAL]|Bytes:372
15:42:39.0 (56705337)|VARIABLE_SCOPE_BEGIN|[37]|this|saReportCtrl|true|false
15:42:39.0 (56899232)|VARIABLE_ASSIGNMENT|[37]|this|{"attachmentId":"","basicSearchCategory":" ","basicSearchCount":"20","basicSearchDateEnd":"","basicSearchDateStart":"","basicSearchKeywords":"","basicSearchRole1":" ","basicSearchRole2":" ","basicSearchRole3":" ","basicSearchSort":" ","categoryDataOptions":"0x48a3b4","countDataOptions":"0x70a4816b","createBody":"","createdReportId":"SA_Report-00000041","createSubject":"","currentUser":"0x303e642d","draftBody":"","draftCategory":"au でんき","draftProcess":"提案","draftSubject":"123","isApprover":false,"isCopySelected":false,"isGoodSelected":false,"isVeryGoodSelected":false,"latestBasicSearchCategory":"","latestBasicSearchCount":"","latestBasicSearchDateEnd":"","latestBasicSearchDateStart":"","latestBasicSearchKeywords":"","latestBasicSearchRole1":"","latestBasicSearchRole2":"","latestBasicSearchRole3":"","latestBasicSearchSort":"","latestMySearchCount":"","latestMySearchDateEnd":"","latestMySearchDateStart":"","latestMySearchKeywords":"","latestMySearchState":"","latestPendingCount":"","latestPendingDateEnd":"","latestPendingDateStart":"","latestPendingKeywords":"","latestSelectedProcess":"","listOfCategory":"0x519bce18","listOfSAReports":"0x148b929c","lsAttachments":"0x40f0e6bf","lsRolesFull":"0x32ced80","mapOfCategory":"0xc4808f3","messageError":"","messageSubmissionComplete":"","mySearchDateEnd":"","mySearchDateStart":"","mySearchKeywords":"","newCommentValue":"","pendingDateEnd":"","pendingDateStart":"","pendingKeywords":"","processDataOptions":"0x441f7494","remandBody":"","remandSubject":"","reportComments":"0x39db7b6","reportGoodViews":"0x67b90aa8","reportManagedViews":"0x2b7a893c","reportRendered":false,"roleLevel1DataOptions":"0x14fee313","roleLevel2DataOptions":"0x7ab0c63d","roleLevel3DataOptions":"0x55736f89","searchCategoryLabel":"","searchCountLabel":"","searchStateLabel":"","selectedCategoryName":"","selectedProcess":"","selectedReport":"0x2abf3f72","selectedReportName":"","selectedView":"","sortDataOptions":"0x49bab74d","stateDataOptions":"0x35c71169"}|0x699539f3
15:42:39.0 (56936871)|SYSTEM_MODE_ENTER|false
15:42:39.0 (56944513)|HEAP_ALLOCATE|[37]|Bytes:5
15:42:39.0 (56949281)|STATEMENT_EXECUTE|[37]
15:42:39.0 (56951091)|STATEMENT_EXECUTE|[37]
15:42:39.0 (56955675)|SYSTEM_MODE_EXIT|false
15:42:39.0 (57085926)|SYSTEM_MODE_ENTER|true
15:42:39.0 (57120764)|HEAP_ALLOCATE|[EXTERNAL]|Bytes:372
15:42:39.0 (57127744)|VARIABLE_SCOPE_BEGIN|[39]|this|saReportCtrl|true|false
15:42:39.0 (57317892)|VARIABLE_ASSIGNMENT|[39]|this|{"attachmentId":"","basicSearchCategory":" ","basicSearchCount":"20","basicSearchDateEnd":"","basicSearchDateStart":"","basicSearchKeywords":"","basicSearchRole1":" ","basicSearchRole2":" ","basicSearchRole3":" ","basicSearchSort":" ","categoryDataOptions":"0x48a3b4","countDataOptions":"0x70a4816b","createBody":"","createdReportId":"SA_Report-00000041","createSubject":"","currentUser":"0x303e642d","draftBody":"","draftCategory":"au でんき","draftProcess":"提案","draftSubject":"123","isApprover":false,"isCopySelected":false,"isGoodSelected":false,"isVeryGoodSelected":false,"latestBasicSearchCategory":"","latestBasicSearchCount":"","latestBasicSearchDateEnd":"","latestBasicSearchDateStart":"","latestBasicSearchKeywords":"","latestBasicSearchRole1":"","latestBasicSearchRole2":"","latestBasicSearchRole3":"","latestBasicSearchSort":"","latestMySearchCount":"","latestMySearchDateEnd":"","latestMySearchDateStart":"","latestMySearchKeywords":"","latestMySearchState":"","latestPendingCount":"","latestPendingDateEnd":"","latestPendingDateStart":"","latestPendingKeywords":"","latestSelectedProcess":"","listOfCategory":"0x519bce18","listOfSAReports":"0x148b929c","lsAttachments":"0x40f0e6bf","lsRolesFull":"0x32ced80","mapOfCategory":"0xc4808f3","messageError":"","messageSubmissionComplete":"","mySearchDateEnd":"","mySearchDateStart":"","mySearchKeywords":"","newCommentValue":"","pendingDateEnd":"","pendingDateStart":"","pendingKeywords":"","processDataOptions":"0x441f7494","remandBody":"","remandSubject":"","reportComments":"0x39db7b6","reportGoodViews":"0x67b90aa8","reportManagedViews":"0x2b7a893c","reportRendered":false,"roleLevel1DataOptions":"0x14fee313","roleLevel2DataOptions":"0x7ab0c63d","roleLevel3DataOptions":"0x55736f89","searchCategoryLabel":"","searchCountLabel":"","searchStateLabel":"","selectedCategoryName":"","selectedProcess":"","selectedReport":"0x2abf3f72","selectedReportName":"","selectedView":"","sortDataOptions":"0x49bab74d","stateDataOptions":"0x35c71169"}|0x699539f3
15:42:39.0 (57353953)|SYSTEM_MODE_ENTER|false
15:42:39.0 (57360835)|HEAP_ALLOCATE|[39]|Bytes:5
15:42:39.0 (57365836)|STATEMENT_EXECUTE|[39]
15:42:39.0 (57367735)|STATEMENT_EXECUTE|[39]
15:42:39.0 (57372227)|SYSTEM_MODE_EXIT|false
15:42:39.0 (57537786)|SYSTEM_MODE_ENTER|true
15:42:39.0 (57571884)|HEAP_ALLOCATE|[EXTERNAL]|Bytes:372
15:42:39.0 (57578986)|VARIABLE_SCOPE_BEGIN|[38]|this|saReportCtrl|true|false
15:42:39.0 (57775550)|VARIABLE_ASSIGNMENT|[38]|this|{"attachmentId":"","basicSearchCategory":" ","basicSearchCount":"20","basicSearchDateEnd":"","basicSearchDateStart":"","basicSearchKeywords":"","basicSearchRole1":" ","basicSearchRole2":" ","basicSearchRole3":" ","basicSearchSort":" ","categoryDataOptions":"0x48a3b4","countDataOptions":"0x70a4816b","createBody":"","createdReportId":"SA_Report-00000041","createSubject":"","currentUser":"0x303e642d","draftBody":"","draftCategory":"au でんき","draftProcess":"提案","draftSubject":"123","isApprover":false,"isCopySelected":false,"isGoodSelected":false,"isVeryGoodSelected":false,"latestBasicSearchCategory":"","latestBasicSearchCount":"","latestBasicSearchDateEnd":"","latestBasicSearchDateStart":"","latestBasicSearchKeywords":"","latestBasicSearchRole1":"","latestBasicSearchRole2":"","latestBasicSearchRole3":"","latestBasicSearchSort":"","latestMySearchCount":"","latestMySearchDateEnd":"","latestMySearchDateStart":"","latestMySearchKeywords":"","latestMySearchState":"","latestPendingCount":"","latestPendingDateEnd":"","latestPendingDateStart":"","latestPendingKeywords":"","latestSelectedProcess":"","listOfCategory":"0x519bce18","listOfSAReports":"0x148b929c","lsAttachments":"0x40f0e6bf","lsRolesFull":"0x32ced80","mapOfCategory":"0xc4808f3","messageError":"","messageSubmissionComplete":"","mySearchDateEnd":"","mySearchDateStart":"","mySearchKeywords":"","newCommentValue":"","pendingDateEnd":"","pendingDateStart":"","pendingKeywords":"","processDataOptions":"0x441f7494","remandBody":"","remandSubject":"","reportComments":"0x39db7b6","reportGoodViews":"0x67b90aa8","reportManagedViews":"0x2b7a893c","reportRendered":false,"roleLevel1DataOptions":"0x14fee313","roleLevel2DataOptions":"0x7ab0c63d","roleLevel3DataOptions":"0x55736f89","searchCategoryLabel":"","searchCountLabel":"","searchStateLabel":"","selectedCategoryName":"","selectedProcess":"","selectedReport":"0x2abf3f72","selectedReportName":"","selectedView":"","sortDataOptions":"0x49bab74d","stateDataOptions":"0x35c71169"}|0x699539f3
15:42:39.0 (57811810)|SYSTEM_MODE_ENTER|false
15:42:39.0 (57818555)|HEAP_ALLOCATE|[38]|Bytes:5
15:42:39.0 (57823285)|STATEMENT_EXECUTE|[38]
15:42:39.0 (57825068)|STATEMENT_EXECUTE|[38]
15:42:39.0 (57829151)|SYSTEM_MODE_EXIT|false
15:42:39.0 (62792605)|SYSTEM_MODE_ENTER|true
15:42:39.0 (86769942)|VF_SERIALIZE_VIEWSTATE_BEGIN|066N0000000M59u
15:42:39.0 (100556763)|VF_SERIALIZE_VIEWSTATE_END
15:42:39.117 (117712400)|CUMULATIVE_LIMIT_USAGE
15:42:39.117 (117712400)|LIMIT_USAGE_FOR_NS|(default)|
  Number of SOQL queries: 0 out of 100
  Number of query rows: 0 out of 50000
  Number of SOSL queries: 0 out of 20
  Number of DML statements: 0 out of 150
  Number of DML rows: 0 out of 10000
  Maximum CPU time: 0 out of 10000
  Maximum heap size: 0 out of 6000000
  Number of callouts: 0 out of 100
  Number of Email Invocations: 0 out of 10
  Number of future calls: 0 out of 50
  Number of queueable jobs added to the queue: 0 out of 50
  Number of Mobile Apex push calls: 0 out of 10

15:42:39.117 (117712400)|CUMULATIVE_LIMIT_USAGE_END

15:42:39.0 (117752359)|CODE_UNIT_FINISHED|VF: /apex/saReport
15:42:39.0 (118489064)|EXECUTION_FINISHED
