38.0 APEX_CODE,FINEST;APEX_PROFILING,INFO;CALLOUT,INFO;DB,INFO;NBA,INFO;SYSTEM,DEBUG;VALIDATION,INFO;VISUALFORCE,INFO;WAVE,INFO;WORKFLOW,INFO
15:14:42.0 (75121)|USER_INFO|[EXTERNAL]|0056F000006PtYl|gwadmin@gw.jp.kddi.gwdev01|日本標準時|GMT+09:00
15:14:42.0 (107477)|EXECUTION_STARTED
15:14:42.0 (111262)|CODE_UNIT_STARTED|[EXTERNAL]|066N0000000F0Uk|VF: /apex/auSwitchScreenPage
15:14:42.0 (1456908)|SYSTEM_MODE_ENTER|true
15:14:42.0 (1671730)|VARIABLE_SCOPE_BEGIN|[25]|auMainTopCompCtrl.TYPE_SCREEN_ACCOUNT_LIST|Integer|false|true
15:14:42.0 (1683064)|VARIABLE_SCOPE_BEGIN|[26]|auMainTopCompCtrl.TYPE_SCREEN_ACTIVITY_LIST|Integer|false|true
15:14:42.0 (1690753)|VARIABLE_SCOPE_BEGIN|[7]|auMainTopCompCtrl.TYPE_SCREEN_CX_SCREEN|Integer|false|true
15:14:42.0 (1697628)|VARIABLE_SCOPE_BEGIN|[8]|auMainTopCompCtrl.TYPE_SCREEN_CX_TIMELINE|Integer|false|true
15:14:42.0 (1704716)|VARIABLE_SCOPE_BEGIN|[9]|auMainTopCompCtrl.TYPE_SCREEN_EVENT_SCHEDULE|Integer|false|true
15:14:42.0 (1712209)|VARIABLE_SCOPE_BEGIN|[10]|auMainTopCompCtrl.TYPE_SCREEN_EVENT_SCHEDULE_LIST|Integer|false|true
15:14:42.0 (1719516)|VARIABLE_SCOPE_BEGIN|[27]|auMainTopCompCtrl.TYPE_SCREEN_FILE_LIST|Integer|false|true
15:14:42.0 (1725835)|VARIABLE_SCOPE_BEGIN|[24]|auMainTopCompCtrl.TYPE_SCREEN_HONBU_DIRECT|Integer|false|true
15:14:42.0 (1732876)|VARIABLE_SCOPE_BEGIN|[11]|auMainTopCompCtrl.TYPE_SCREEN_KNOWLEDGE_DASHBOARD|Integer|false|true
15:14:42.0 (1740206)|VARIABLE_SCOPE_BEGIN|[12]|auMainTopCompCtrl.TYPE_SCREEN_KNOWLEDGE_LIST|Integer|false|true
15:14:42.0 (1746986)|VARIABLE_SCOPE_BEGIN|[15]|auMainTopCompCtrl.TYPE_SCREEN_SA_CHATTER|Integer|false|true
15:14:42.0 (1754076)|VARIABLE_SCOPE_BEGIN|[16]|auMainTopCompCtrl.TYPE_SCREEN_SA_DAILYREPORT|Integer|false|true
15:14:42.0 (1760382)|VARIABLE_SCOPE_BEGIN|[22]|auMainTopCompCtrl.TYPE_SCREEN_SA_DAILYREPORTLIST|Integer|false|true
15:14:42.0 (1766803)|VARIABLE_SCOPE_BEGIN|[18]|auMainTopCompCtrl.TYPE_SCREEN_SA_DOCUMENTS|Integer|false|true
15:14:42.0 (1773243)|VARIABLE_SCOPE_BEGIN|[17]|auMainTopCompCtrl.TYPE_SCREEN_SA_ENQUETE|Integer|false|true
15:14:42.0 (1780026)|VARIABLE_SCOPE_BEGIN|[20]|auMainTopCompCtrl.TYPE_SCREEN_SA_LINKS|Integer|false|true
15:14:42.0 (1786495)|VARIABLE_SCOPE_BEGIN|[13]|auMainTopCompCtrl.TYPE_SCREEN_SA_MESSAGES|Integer|false|true
15:14:42.0 (1793289)|VARIABLE_SCOPE_BEGIN|[19]|auMainTopCompCtrl.TYPE_SCREEN_SA_RANKING|Integer|false|true
15:14:42.0 (1800013)|VARIABLE_SCOPE_BEGIN|[14]|auMainTopCompCtrl.TYPE_SCREEN_SA_REPORTS|Integer|false|true
15:14:42.0 (1806728)|VARIABLE_SCOPE_BEGIN|[23]|auMainTopCompCtrl.TYPE_SCREEN_SA_TODO|Integer|false|true
15:14:42.0 (1813411)|VARIABLE_SCOPE_BEGIN|[21]|auMainTopCompCtrl.TYPE_SCREEN_SA_USRSETTINGS|Integer|false|true
15:14:42.0 (1821091)|VARIABLE_SCOPE_BEGIN|[4]|auMainTopCompCtrl.TYPE_SCREEN_STPD_EVENT|Integer|false|true
15:14:42.0 (1828437)|VARIABLE_SCOPE_BEGIN|[6]|auMainTopCompCtrl.TYPE_SCREEN_STPD_SCREEN|Integer|false|true
15:14:42.0 (1835320)|VARIABLE_SCOPE_BEGIN|[5]|auMainTopCompCtrl.TYPE_SCREEN_STPD_TIMELINE|Integer|false|true
15:14:42.0 (1842681)|VARIABLE_SCOPE_BEGIN|[3]|auMainTopCompCtrl.TYPE_SCREEN_SWITCH|Integer|false|true
15:14:42.0 (1980272)|HEAP_ALLOCATE|[72]|Bytes:3
15:14:42.0 (2016810)|HEAP_ALLOCATE|[77]|Bytes:152
15:14:42.0 (2038638)|HEAP_ALLOCATE|[342]|Bytes:408
15:14:42.0 (2054052)|HEAP_ALLOCATE|[355]|Bytes:408
15:14:42.0 (2065371)|HEAP_ALLOCATE|[467]|Bytes:48
15:14:42.0 (2093590)|HEAP_ALLOCATE|[139]|Bytes:6
15:14:42.0 (2114431)|HEAP_ALLOCATE|[EXTERNAL]|Bytes:284
15:14:42.0 (2123452)|HEAP_ALLOCATE|[EXTERNAL]|Bytes:160
15:14:42.0 (2175949)|METHOD_ENTRY|[1]|01pN0000000Mill|auMainTopCompCtrl.auMainTopCompCtrl()
15:14:42.0 (2182717)|STATEMENT_EXECUTE|[1]
15:14:42.0 (2188332)|STATEMENT_EXECUTE|[1]
15:14:42.0 (2189810)|STATEMENT_EXECUTE|[3]
15:14:42.0 (2195127)|HEAP_ALLOCATE|[3]|Bytes:4
15:14:42.0 (2219307)|VARIABLE_ASSIGNMENT|[3]|auMainTopCompCtrl.TYPE_SCREEN_SWITCH|0
15:14:42.0 (2224202)|STATEMENT_EXECUTE|[4]
15:14:42.0 (2227487)|HEAP_ALLOCATE|[4]|Bytes:4
15:14:42.0 (2235851)|VARIABLE_ASSIGNMENT|[4]|auMainTopCompCtrl.TYPE_SCREEN_STPD_EVENT|11
15:14:42.0 (2239715)|STATEMENT_EXECUTE|[5]
15:14:42.0 (2242181)|HEAP_ALLOCATE|[5]|Bytes:4
15:14:42.0 (2249230)|VARIABLE_ASSIGNMENT|[5]|auMainTopCompCtrl.TYPE_SCREEN_STPD_TIMELINE|12
15:14:42.0 (2252624)|STATEMENT_EXECUTE|[6]
15:14:42.0 (2254860)|HEAP_ALLOCATE|[6]|Bytes:4
15:14:42.0 (2261101)|VARIABLE_ASSIGNMENT|[6]|auMainTopCompCtrl.TYPE_SCREEN_STPD_SCREEN|13
15:14:42.0 (2265044)|STATEMENT_EXECUTE|[7]
15:14:42.0 (2267383)|HEAP_ALLOCATE|[7]|Bytes:4
15:14:42.0 (2272527)|VARIABLE_ASSIGNMENT|[7]|auMainTopCompCtrl.TYPE_SCREEN_CX_SCREEN|21
15:14:42.0 (2276116)|STATEMENT_EXECUTE|[8]
15:14:42.0 (2278596)|HEAP_ALLOCATE|[8]|Bytes:4
15:14:42.0 (2283677)|VARIABLE_ASSIGNMENT|[8]|auMainTopCompCtrl.TYPE_SCREEN_CX_TIMELINE|22
15:14:42.0 (2287416)|STATEMENT_EXECUTE|[9]
15:14:42.0 (2289673)|HEAP_ALLOCATE|[9]|Bytes:4
15:14:42.0 (2295198)|VARIABLE_ASSIGNMENT|[9]|auMainTopCompCtrl.TYPE_SCREEN_EVENT_SCHEDULE|31
15:14:42.0 (2299631)|STATEMENT_EXECUTE|[10]
15:14:42.0 (2302112)|HEAP_ALLOCATE|[10]|Bytes:4
15:14:42.0 (2307428)|VARIABLE_ASSIGNMENT|[10]|auMainTopCompCtrl.TYPE_SCREEN_EVENT_SCHEDULE_LIST|32
15:14:42.0 (2311203)|STATEMENT_EXECUTE|[11]
15:14:42.0 (2313517)|HEAP_ALLOCATE|[11]|Bytes:4
15:14:42.0 (2318741)|VARIABLE_ASSIGNMENT|[11]|auMainTopCompCtrl.TYPE_SCREEN_KNOWLEDGE_DASHBOARD|41
15:14:42.0 (2322073)|STATEMENT_EXECUTE|[12]
15:14:42.0 (2324616)|HEAP_ALLOCATE|[12]|Bytes:4
15:14:42.0 (2330220)|VARIABLE_ASSIGNMENT|[12]|auMainTopCompCtrl.TYPE_SCREEN_KNOWLEDGE_LIST|42
15:14:42.0 (2334183)|STATEMENT_EXECUTE|[13]
15:14:42.0 (2336787)|HEAP_ALLOCATE|[13]|Bytes:4
15:14:42.0 (2342709)|VARIABLE_ASSIGNMENT|[13]|auMainTopCompCtrl.TYPE_SCREEN_SA_MESSAGES|51
15:14:42.0 (2346759)|STATEMENT_EXECUTE|[14]
15:14:42.0 (2349084)|HEAP_ALLOCATE|[14]|Bytes:4
15:14:42.0 (2355295)|VARIABLE_ASSIGNMENT|[14]|auMainTopCompCtrl.TYPE_SCREEN_SA_REPORTS|52
15:14:42.0 (2358854)|STATEMENT_EXECUTE|[15]
15:14:42.0 (2361280)|HEAP_ALLOCATE|[15]|Bytes:4
15:14:42.0 (2366985)|VARIABLE_ASSIGNMENT|[15]|auMainTopCompCtrl.TYPE_SCREEN_SA_CHATTER|53
15:14:42.0 (2370613)|STATEMENT_EXECUTE|[16]
15:14:42.0 (2372871)|HEAP_ALLOCATE|[16]|Bytes:4
15:14:42.0 (2378692)|VARIABLE_ASSIGNMENT|[16]|auMainTopCompCtrl.TYPE_SCREEN_SA_DAILYREPORT|54
15:14:42.0 (2382507)|STATEMENT_EXECUTE|[17]
15:14:42.0 (2384960)|HEAP_ALLOCATE|[17]|Bytes:4
15:14:42.0 (2390364)|VARIABLE_ASSIGNMENT|[17]|auMainTopCompCtrl.TYPE_SCREEN_SA_ENQUETE|55
15:14:42.0 (2394171)|STATEMENT_EXECUTE|[18]
15:14:42.0 (2396326)|HEAP_ALLOCATE|[18]|Bytes:4
15:14:42.0 (2402211)|VARIABLE_ASSIGNMENT|[18]|auMainTopCompCtrl.TYPE_SCREEN_SA_DOCUMENTS|56
15:14:42.0 (2406376)|STATEMENT_EXECUTE|[19]
15:14:42.0 (2408659)|HEAP_ALLOCATE|[19]|Bytes:4
15:14:42.0 (2414444)|VARIABLE_ASSIGNMENT|[19]|auMainTopCompCtrl.TYPE_SCREEN_SA_RANKING|57
15:14:42.0 (2417593)|STATEMENT_EXECUTE|[20]
15:14:42.0 (2419977)|HEAP_ALLOCATE|[20]|Bytes:4
15:14:42.0 (2425583)|VARIABLE_ASSIGNMENT|[20]|auMainTopCompCtrl.TYPE_SCREEN_SA_LINKS|58
15:14:42.0 (2429216)|STATEMENT_EXECUTE|[21]
15:14:42.0 (2431278)|HEAP_ALLOCATE|[21]|Bytes:4
15:14:42.0 (2437070)|VARIABLE_ASSIGNMENT|[21]|auMainTopCompCtrl.TYPE_SCREEN_SA_USRSETTINGS|59
15:14:42.0 (2440642)|STATEMENT_EXECUTE|[22]
15:14:42.0 (2442836)|HEAP_ALLOCATE|[22]|Bytes:4
15:14:42.0 (2448725)|VARIABLE_ASSIGNMENT|[22]|auMainTopCompCtrl.TYPE_SCREEN_SA_DAILYREPORTLIST|60
15:14:42.0 (2452207)|STATEMENT_EXECUTE|[23]
15:14:42.0 (2454446)|HEAP_ALLOCATE|[23]|Bytes:4
15:14:42.0 (2460479)|VARIABLE_ASSIGNMENT|[23]|auMainTopCompCtrl.TYPE_SCREEN_SA_TODO|61
15:14:42.0 (2464014)|STATEMENT_EXECUTE|[24]
15:14:42.0 (2466411)|HEAP_ALLOCATE|[24]|Bytes:4
15:14:42.0 (2471952)|VARIABLE_ASSIGNMENT|[24]|auMainTopCompCtrl.TYPE_SCREEN_HONBU_DIRECT|71
15:14:42.0 (2475452)|STATEMENT_EXECUTE|[25]
15:14:42.0 (2477807)|HEAP_ALLOCATE|[25]|Bytes:4
15:14:42.0 (2482587)|VARIABLE_ASSIGNMENT|[25]|auMainTopCompCtrl.TYPE_SCREEN_ACCOUNT_LIST|81
15:14:42.0 (2486208)|STATEMENT_EXECUTE|[26]
15:14:42.0 (2488395)|HEAP_ALLOCATE|[26]|Bytes:4
15:14:42.0 (2493312)|VARIABLE_ASSIGNMENT|[26]|auMainTopCompCtrl.TYPE_SCREEN_ACTIVITY_LIST|82
15:14:42.0 (2496940)|STATEMENT_EXECUTE|[27]
15:14:42.0 (2499073)|HEAP_ALLOCATE|[27]|Bytes:4
15:14:42.0 (2506051)|VARIABLE_ASSIGNMENT|[27]|auMainTopCompCtrl.TYPE_SCREEN_FILE_LIST|83
15:14:42.0 (2513559)|METHOD_EXIT|[1]|auMainTopCompCtrl
15:14:42.0 (2533310)|HEAP_ALLOCATE|[EXTERNAL]|Bytes:44
15:14:42.0 (2648675)|VARIABLE_SCOPE_BEGIN|[48]|this|auMainTopCompCtrl|true|false
15:14:42.0 (2708033)|VARIABLE_ASSIGNMENT|[48]|this|{}|0x33677912
15:14:42.0 (2717986)|STATEMENT_EXECUTE|[1]
15:14:42.0 (2719778)|STATEMENT_EXECUTE|[29]
15:14:42.0 (2721426)|STATEMENT_EXECUTE|[30]
15:14:42.0 (2722811)|STATEMENT_EXECUTE|[31]
15:14:42.0 (2724484)|STATEMENT_EXECUTE|[34]
15:14:42.0 (2726072)|STATEMENT_EXECUTE|[35]
15:14:42.0 (2727757)|STATEMENT_EXECUTE|[36]
15:14:42.0 (2729136)|STATEMENT_EXECUTE|[38]
15:14:42.0 (2730543)|STATEMENT_EXECUTE|[39]
15:14:42.0 (2731914)|STATEMENT_EXECUTE|[41]
15:14:42.0 (2733326)|STATEMENT_EXECUTE|[46]
15:14:42.0 (2759259)|HEAP_ALLOCATE|[50]|Bytes:5
15:14:42.0 (2782850)|HEAP_ALLOCATE|[56]|Bytes:5
15:14:42.0 (2790801)|HEAP_ALLOCATE|[64]|Bytes:7
15:14:42.0 (2806401)|HEAP_ALLOCATE|[46]|Bytes:5
15:14:42.0 (2818706)|VARIABLE_ASSIGNMENT|[46]|this.isSAUser|false|0x33677912
15:14:42.0 (2827910)|HEAP_ALLOCATE|[46]|Bytes:6
15:14:42.0 (2857024)|STATEMENT_EXECUTE|[48]
15:14:42.0 (2858981)|STATEMENT_EXECUTE|[49]
15:14:42.0 (2924216)|VARIABLE_ASSIGNMENT|[EXTERNAL]|this|{"isSAUser":false}|0x33677912
15:14:42.0 (2935188)|VARIABLE_ASSIGNMENT|[EXTERNAL]|value|0
15:14:42.0 (2941161)|HEAP_ALLOCATE|[34]|Bytes:4
15:14:42.0 (2949231)|VARIABLE_ASSIGNMENT|[34]|this.iTypeOfScreen|0|0x33677912
15:14:42.0 (2960379)|STATEMENT_EXECUTE|[51]
15:14:42.0 (3217319)|HEAP_ALLOCATE|[51]|Bytes:140
15:14:42.0 (3289976)|VARIABLE_ASSIGNMENT|[EXTERNAL]|this|{"isSAUser":false,"iTypeOfScreen":0}|0x33677912
15:14:42.0 (3305115)|VARIABLE_ASSIGNMENT|[EXTERNAL]|value|"https://cs6.lightnin (84 more) ..."
15:14:42.0 (3319678)|VARIABLE_ASSIGNMENT|[39]|this.urlReportsSFA|"https://cs6.lightnin (84 more) ..."|0x33677912
15:14:42.0 (3329108)|STATEMENT_EXECUTE|[53]
15:14:42.0 (3332671)|HEAP_ALLOCATE|[53]|Bytes:202
15:14:42.0 (3354977)|HEAP_ALLOCATE|[53]|Bytes:4
15:14:42.0 (3366524)|HEAP_ALLOCATE|[53]|Bytes:7
15:14:42.0 (3400450)|HEAP_ALLOCATE|[58]|Bytes:89
15:14:42.0 (3410074)|SYSTEM_METHOD_ENTRY|[1]|UserInfo.UserInfo()
15:14:42.0 (3414006)|STATEMENT_EXECUTE|[1]
15:14:42.0 (3419519)|SYSTEM_METHOD_EXIT|[1]|UserInfo
15:14:42.0 (3430467)|METHOD_ENTRY|[58]||System.UserInfo.getUserId()
15:14:42.0 (3466312)|METHOD_EXIT|[58]||System.UserInfo.getUserId()
15:14:42.0 (3991868)|SOQL_EXECUTE_BEGIN|[53]|Aggregations:0|SELECT SmallPhotoUrl, Account.Name, Account.RegionalOfficeId__r.RegionalOfficeName__c, Account.BranchId__r.BranchName__c, Name, Department, UserRole.Name, Profile.Name FROM User WHERE User.ID = :tmpVar1
15:14:42.0 (10494653)|SOQL_EXECUTE_END|[53]|Rows:1
15:14:42.0 (10518053)|HEAP_ALLOCATE|[53]|Bytes:8
15:14:42.0 (10545539)|HEAP_ALLOCATE|[53]|Bytes:299
15:14:42.0 (10612826)|HEAP_ALLOCATE|[53]|Bytes:8
15:14:42.0 (10625748)|HEAP_ALLOCATE|[53]|Bytes:30
15:14:42.0 (10669592)|HEAP_ALLOCATE|[53]|Bytes:36
15:14:42.0 (10731783)|VARIABLE_ASSIGNMENT|[EXTERNAL]|this|{"isSAUser":false,"iTypeOfScreen":0,"urlReportsSFA":"https://cs6.lightnin (84 more) ..."}|0x33677912
15:14:42.0 (10764136)|VARIABLE_ASSIGNMENT|[EXTERNAL]|value|{"SmallPhotoUrl":"/profilephoto/729N00 (11 more) ...","Name":"GW Admin","Department":"Dept","UserRoleId":"00EN0000000pDkiMAE","ProfileId":"00e6F000002RS1oQAG","Id":"0056F000006PtYlQAK","UserRole":{"Name":"コンシューマ事業本部","Id":"00EN0000000pDkiMAE"},"Profile":{"Name":"System Administrator","Id":"00e6F000002RS1oQAG"}}|0x6c184da7
15:14:42.0 (10796071)|VARIABLE_ASSIGNMENT|[38]|this.currentUser|{"SmallPhotoUrl":"/profilephoto/729N00 (11 more) ...","Name":"GW Admin","Department":"Dept","UserRoleId":"00EN0000000pDkiMAE","ProfileId":"00e6F000002RS1oQAG","Id":"0056F000006PtYlQAK","UserRole":{"Name":"コンシューマ事業本部","Id":"00EN0000000pDkiMAE"},"Profile":{"Name":"System Administrator","Id":"00e6F000002RS1oQAG"}}|0x33677912
15:14:42.0 (10810707)|STATEMENT_EXECUTE|[60]
15:14:42.0 (10863866)|VARIABLE_ASSIGNMENT|[EXTERNAL]|this|{"currentUser":"0x6c184da7","isSAUser":false,"iTypeOfScreen":0,"urlReportsSFA":"https://cs6.lightnin (84 more) ..."}|0x33677912
15:14:42.0 (11115197)|VARIABLE_SCOPE_BEGIN|[131]|auConstantCmn.ACCESS_TYPE_KDDI|String|false|true
15:14:42.0 (11126991)|VARIABLE_SCOPE_BEGIN|[130]|auConstantCmn.ACCESS_TYPE_SA|String|false|true
15:14:42.0 (11134572)|VARIABLE_SCOPE_BEGIN|[132]|auConstantCmn.ACCESS_TYPE_SHOP|String|false|true
15:14:42.0 (11141374)|VARIABLE_SCOPE_BEGIN|[56]|auConstantCmn.ACCOUNT_CHANNEL_DAIRITEN|String|false|true
15:14:42.0 (11148367)|VARIABLE_SCOPE_BEGIN|[54]|auConstantCmn.ACCOUNT_CHANNEL_SHOP|String|false|true
15:14:42.0 (11155793)|VARIABLE_SCOPE_BEGIN|[55]|auConstantCmn.ACCOUNT_CHANNEL_UNEIHOJIN|String|false|true
15:14:42.0 (11162553)|VARIABLE_SCOPE_BEGIN|[107]|auConstantCmn.CX_KNOWLEDGE_SHARING_NATIONAL|String|false|true
15:14:42.0 (11168960)|VARIABLE_SCOPE_BEGIN|[106]|auConstantCmn.CX_KNOWLEDGE_SHARING_REGIONAL_OFFICE|String|false|true
15:14:42.0 (11175231)|VARIABLE_SCOPE_BEGIN|[112]|auConstantCmn.CX_KNOWLEDGE_STATUS_APPROVED|String|false|true
15:14:42.0 (11181785)|VARIABLE_SCOPE_BEGIN|[113]|auConstantCmn.CX_KNOWLEDGE_STATUS_NATIONAL_APPROVED|String|false|true
15:14:42.0 (11188115)|VARIABLE_SCOPE_BEGIN|[114]|auConstantCmn.CX_KNOWLEDGE_STATUS_REJECTED|String|false|true
15:14:42.0 (11194659)|VARIABLE_SCOPE_BEGIN|[111]|auConstantCmn.CX_KNOWLEDGE_STATUS_SAVED|String|false|true
15:14:42.0 (11200961)|VARIABLE_SCOPE_BEGIN|[110]|auConstantCmn.CX_KNOWLEDGE_STATUS_TEMPORARY_SAVED|String|false|true
15:14:42.0 (11207525)|VARIABLE_SCOPE_BEGIN|[20]|auConstantCmn.FORGOT_PASSWORD_ERR_MESSAGE001|String|false|true
15:14:42.0 (11213874)|VARIABLE_SCOPE_BEGIN|[127]|auConstantCmn.HONBU_DIRECT_DETAIL_TYPE_FAVORITE|String|false|true
15:14:42.0 (11220210)|VARIABLE_SCOPE_BEGIN|[126]|auConstantCmn.HONBU_DIRECT_DETAIL_TYPE_READ|String|false|true
15:14:42.0 (11226488)|VARIABLE_SCOPE_BEGIN|[118]|auConstantCmn.KDDI_KNOWLEDGE_STATUS_SAVED|String|false|true
15:14:42.0 (11234333)|VARIABLE_SCOPE_BEGIN|[117]|auConstantCmn.KDDI_KNOWLEDGE_STATUS_TEMPORARY_SAVED|String|false|true
15:14:42.0 (11241948)|VARIABLE_SCOPE_BEGIN|[14]|auConstantCmn.LOGIN_ERR_MESSAGE001|String|false|true
15:14:42.0 (11248496)|VARIABLE_SCOPE_BEGIN|[15]|auConstantCmn.LOGIN_ERR_MESSAGE002|String|false|true
15:14:42.0 (11255753)|VARIABLE_SCOPE_BEGIN|[16]|auConstantCmn.LOGIN_ERR_MESSAGE003|String|false|true
15:14:42.0 (11262411)|VARIABLE_SCOPE_BEGIN|[17]|auConstantCmn.LOGIN_ERR_MESSAGE004|String|false|true
15:14:42.0 (11268920)|VARIABLE_SCOPE_BEGIN|[93]|auConstantCmn.PAGE_ALIAS_SHOP_CX|String|false|true
15:14:42.0 (11276048)|VARIABLE_SCOPE_BEGIN|[84]|auConstantCmn.PAGE_ALIAS_SHOP_EVENTS|String|false|true
15:14:42.0 (11283103)|VARIABLE_SCOPE_BEGIN|[70]|auConstantCmn.PAGE_ALIAS_SHOP_FORGOTPW|String|false|true
15:14:42.0 (11290030)|VARIABLE_SCOPE_BEGIN|[74]|auConstantCmn.PAGE_ALIAS_SHOP_FORGOTPWCOMP|String|false|true
15:14:42.0 (11297842)|VARIABLE_SCOPE_BEGIN|[81]|auConstantCmn.PAGE_ALIAS_SHOP_HOME|String|false|true
15:14:42.0 (11304936)|VARIABLE_SCOPE_BEGIN|[62]|auConstantCmn.PAGE_ALIAS_SHOP_LOGIN|String|false|true
15:14:42.0 (11313097)|VARIABLE_SCOPE_BEGIN|[66]|auConstantCmn.PAGE_ALIAS_SHOP_LOGOUT|String|false|true
15:14:42.0 (11320896)|VARIABLE_SCOPE_BEGIN|[78]|auConstantCmn.PAGE_ALIAS_SHOP_PASSWORDSIGNUP|String|false|true
15:14:42.0 (11328321)|VARIABLE_SCOPE_BEGIN|[99]|auConstantCmn.PAGE_ALIAS_SHOP_SCHEDULE|String|false|true
15:14:42.0 (11335694)|VARIABLE_SCOPE_BEGIN|[102]|auConstantCmn.PAGE_ALIAS_SHOP_SCHEDULE_LIST|String|false|true
15:14:42.0 (11344008)|VARIABLE_SCOPE_BEGIN|[87]|auConstantCmn.PAGE_ALIAS_SHOP_STPD|String|false|true
15:14:42.0 (11351412)|VARIABLE_SCOPE_BEGIN|[96]|auConstantCmn.PAGE_ALIAS_SHOP_TIMELINE_CX|String|false|true
15:14:42.0 (11359126)|VARIABLE_SCOPE_BEGIN|[90]|auConstantCmn.PAGE_ALIAS_SHOP_TIMELINE_STPD|String|false|true
15:14:42.0 (11367647)|VARIABLE_SCOPE_BEGIN|[92]|auConstantCmn.PAGE_VF_SHOP_CX|String|false|true
15:14:42.0 (11375145)|VARIABLE_SCOPE_BEGIN|[83]|auConstantCmn.PAGE_VF_SHOP_EVENTS|String|false|true
15:14:42.0 (11383318)|VARIABLE_SCOPE_BEGIN|[69]|auConstantCmn.PAGE_VF_SHOP_FORGOTPW|String|false|true
15:14:42.0 (11391128)|VARIABLE_SCOPE_BEGIN|[73]|auConstantCmn.PAGE_VF_SHOP_FORGOTPWCOMP|String|false|true
15:14:42.0 (11398555)|VARIABLE_SCOPE_BEGIN|[80]|auConstantCmn.PAGE_VF_SHOP_HOME|String|false|true
15:14:42.0 (11407132)|VARIABLE_SCOPE_BEGIN|[61]|auConstantCmn.PAGE_VF_SHOP_LOGIN|String|false|true
15:14:42.0 (11415484)|VARIABLE_SCOPE_BEGIN|[65]|auConstantCmn.PAGE_VF_SHOP_LOGOUT|String|false|true
15:14:42.0 (11423513)|VARIABLE_SCOPE_BEGIN|[77]|auConstantCmn.PAGE_VF_SHOP_PASSWORDSIGNUP|String|false|true
15:14:42.0 (11431829)|VARIABLE_SCOPE_BEGIN|[98]|auConstantCmn.PAGE_VF_SHOP_SCHEDULE|String|false|true
15:14:42.0 (11439722)|VARIABLE_SCOPE_BEGIN|[101]|auConstantCmn.PAGE_VF_SHOP_SCHEDULE_LIST|String|false|true
15:14:42.0 (11447762)|VARIABLE_SCOPE_BEGIN|[86]|auConstantCmn.PAGE_VF_SHOP_STPD|String|false|true
15:14:42.0 (11455415)|VARIABLE_SCOPE_BEGIN|[95]|auConstantCmn.PAGE_VF_SHOP_TIMELINE_CX|String|false|true
15:14:42.0 (11464560)|VARIABLE_SCOPE_BEGIN|[89]|auConstantCmn.PAGE_VF_SHOP_TIMELINE_STPD|String|false|true
15:14:42.0 (11473043)|VARIABLE_SCOPE_BEGIN|[28]|auConstantCmn.PASSWORD_SIGNUP_ERR_EXPIREDURL|String|false|true
15:14:42.0 (11481525)|VARIABLE_SCOPE_BEGIN|[31]|auConstantCmn.PASSWORD_SIGNUP_ERR_INTERNAL|String|false|true
15:14:42.0 (11489961)|VARIABLE_SCOPE_BEGIN|[29]|auConstantCmn.PASSWORD_SIGNUP_ERR_INVALIDURL|String|false|true
15:14:42.0 (11498515)|VARIABLE_SCOPE_BEGIN|[23]|auConstantCmn.PASSWORD_SIGNUP_ERR_MESSAGE001|String|false|true
15:14:42.0 (11506949)|VARIABLE_SCOPE_BEGIN|[24]|auConstantCmn.PASSWORD_SIGNUP_ERR_MESSAGE002|String|false|true
15:14:42.0 (11515771)|VARIABLE_SCOPE_BEGIN|[25]|auConstantCmn.PASSWORD_SIGNUP_ERR_MESSAGE003|String|false|true
15:14:42.0 (11524841)|VARIABLE_SCOPE_BEGIN|[26]|auConstantCmn.PASSWORD_SIGNUP_ERR_MESSAGE004|String|false|true
15:14:42.0 (11533451)|VARIABLE_SCOPE_BEGIN|[27]|auConstantCmn.PASSWORD_SIGNUP_ERR_MESSAGE005|String|false|true
15:14:42.0 (11541682)|VARIABLE_SCOPE_BEGIN|[30]|auConstantCmn.PASSWORD_SIGNUP_ERR_OLDURL|String|false|true
15:14:42.0 (11551268)|VARIABLE_SCOPE_BEGIN|[35]|auConstantCmn.PROFILE_COMMUNITY_MANAGEMENT|String|false|true
15:14:42.0 (11559819)|VARIABLE_SCOPE_BEGIN|[36]|auConstantCmn.PROFILE_COMMUNITY_PRIMARY_AGENT|String|false|true
15:14:42.0 (11568454)|VARIABLE_SCOPE_BEGIN|[34]|auConstantCmn.PROFILE_COMMUNITY_SHOP|String|false|true
15:14:42.0 (11577314)|VARIABLE_SCOPE_BEGIN|[48]|auConstantCmn.PROFILE_EVOLVA_ADMIN_USER|String|false|true
15:14:42.0 (11586190)|VARIABLE_SCOPE_BEGIN|[47]|auConstantCmn.PROFILE_EVOLVA_USER|String|false|true
15:14:42.0 (11595842)|VARIABLE_SCOPE_BEGIN|[37]|auConstantCmn.PROFILE_KDDI_BRANCH|String|false|true
15:14:42.0 (11604427)|VARIABLE_SCOPE_BEGIN|[38]|auConstantCmn.PROFILE_KDDI_BRANCH_V2|String|false|true
15:14:42.0 (11613465)|VARIABLE_SCOPE_BEGIN|[41]|auConstantCmn.PROFILE_KDDI_HEADQUARTERS|String|false|true
15:14:42.0 (11623128)|VARIABLE_SCOPE_BEGIN|[42]|auConstantCmn.PROFILE_KDDI_HEADQUARTERS_V2|String|false|true
15:14:42.0 (11633188)|VARIABLE_SCOPE_BEGIN|[44]|auConstantCmn.PROFILE_KDDI_KNOWLEDGE_ACTIVITIES|String|false|true
15:14:42.0 (11643468)|VARIABLE_SCOPE_BEGIN|[43]|auConstantCmn.PROFILE_KDDI_KNOWLEDGE_ONLY|String|false|true
15:14:42.0 (11653677)|VARIABLE_SCOPE_BEGIN|[39]|auConstantCmn.PROFILE_KDDI_REGIONAL_OFFICE|String|false|true
15:14:42.0 (11664135)|VARIABLE_SCOPE_BEGIN|[40]|auConstantCmn.PROFILE_KDDI_REGIONAL_OFFICE_V2|String|false|true
15:14:42.0 (11674523)|VARIABLE_SCOPE_BEGIN|[46]|auConstantCmn.PROFILE_SA_USER_CSA|String|false|true
15:14:42.0 (11684700)|VARIABLE_SCOPE_BEGIN|[45]|auConstantCmn.PROFILE_SA_USER_SA|String|false|true
15:14:42.0 (11693984)|VARIABLE_SCOPE_BEGIN|[49]|auConstantCmn.PROFILE_SYSADMIN_CUSTOM|String|false|true
15:14:42.0 (11703882)|VARIABLE_SCOPE_BEGIN|[50]|auConstantCmn.PROFILE_SYSADMIN_DEFAULT_EN|String|false|true
15:14:42.0 (11713645)|VARIABLE_SCOPE_BEGIN|[51]|auConstantCmn.PROFILE_SYSADMIN_DEFAULT_JP|String|false|true
15:14:42.0 (11723698)|VARIABLE_SCOPE_BEGIN|[9]|auConstantCmn.ROLE_CODE_EVOLVA_HONBU|String|false|true
15:14:42.0 (11734657)|VARIABLE_SCOPE_BEGIN|[10]|auConstantCmn.ROLE_CODE_EVOLVA_SHISHA|String|false|true
15:14:42.0 (11744745)|VARIABLE_SCOPE_BEGIN|[11]|auConstantCmn.ROLE_CODE_EVOLVA_SHITEN|String|false|true
15:14:42.0 (11754525)|VARIABLE_SCOPE_BEGIN|[7]|auConstantCmn.ROLE_CODE_HONBU|String|false|true
15:14:42.0 (11764321)|VARIABLE_SCOPE_BEGIN|[8]|auConstantCmn.ROLE_CODE_SA_HONBU|String|false|true
15:14:42.0 (11775106)|VARIABLE_SCOPE_BEGIN|[123]|auConstantCmn.USER_CLASSIFICATION_CONTRACTOR|String|false|true
15:14:42.0 (11785475)|VARIABLE_SCOPE_BEGIN|[122]|auConstantCmn.USER_CLASSIFICATION_CSA|String|false|true
15:14:42.0 (11796247)|VARIABLE_SCOPE_BEGIN|[121]|auConstantCmn.USER_CLASSIFICATION_SA|String|false|true
15:14:42.0 (11807079)|HEAP_ALLOCATE|[60]|Bytes:11
15:14:42.0 (11819412)|VARIABLE_ASSIGNMENT|[60]|auConstantCmn.ACCESS_TYPE_KDDI|"KDDI_ACCESS"
15:14:42.0 (11824430)|HEAP_ALLOCATE|[60]|Bytes:9
15:14:42.0 (11830457)|VARIABLE_ASSIGNMENT|[60]|auConstantCmn.ACCESS_TYPE_SA|"SA_ACCESS"
15:14:42.0 (11834661)|HEAP_ALLOCATE|[60]|Bytes:11
15:14:42.0 (11840185)|VARIABLE_ASSIGNMENT|[60]|auConstantCmn.ACCESS_TYPE_SHOP|"SHOP_ACCESS"
15:14:42.0 (11844234)|HEAP_ALLOCATE|[60]|Bytes:5
15:14:42.0 (11849606)|VARIABLE_ASSIGNMENT|[60]|auConstantCmn.ACCOUNT_CHANNEL_DAIRITEN|"一次代理店"
15:14:42.0 (11854208)|HEAP_ALLOCATE|[60]|Bytes:6
15:14:42.0 (11859563)|VARIABLE_ASSIGNMENT|[60]|auConstantCmn.ACCOUNT_CHANNEL_SHOP|"auショップ"
15:14:42.0 (11863514)|HEAP_ALLOCATE|[60]|Bytes:4
15:14:42.0 (11868999)|VARIABLE_ASSIGNMENT|[60]|auConstantCmn.ACCOUNT_CHANNEL_UNEIHOJIN|"運営法人"
15:14:42.0 (11872880)|HEAP_ALLOCATE|[60]|Bytes:8
15:14:42.0 (11878963)|VARIABLE_ASSIGNMENT|[60]|auConstantCmn.CX_KNOWLEDGE_SHARING_NATIONAL|"National"
15:14:42.0 (11883127)|HEAP_ALLOCATE|[60]|Bytes:14
15:14:42.0 (11889265)|VARIABLE_ASSIGNMENT|[60]|auConstantCmn.CX_KNOWLEDGE_SHARING_REGIONAL_OFFICE|"RegionalOffice"
15:14:42.0 (11893939)|HEAP_ALLOCATE|[60]|Bytes:8
15:14:42.0 (11899792)|VARIABLE_ASSIGNMENT|[60]|auConstantCmn.CX_KNOWLEDGE_STATUS_APPROVED|"Approved"
15:14:42.0 (11903898)|HEAP_ALLOCATE|[60]|Bytes:16
15:14:42.0 (11910352)|VARIABLE_ASSIGNMENT|[60]|auConstantCmn.CX_KNOWLEDGE_STATUS_NATIONAL_APPROVED|"NationalApproved"
15:14:42.0 (11914463)|HEAP_ALLOCATE|[60]|Bytes:8
15:14:42.0 (11920853)|VARIABLE_ASSIGNMENT|[60]|auConstantCmn.CX_KNOWLEDGE_STATUS_REJECTED|"Rejected"
15:14:42.0 (11925356)|HEAP_ALLOCATE|[60]|Bytes:5
15:14:42.0 (11931110)|VARIABLE_ASSIGNMENT|[60]|auConstantCmn.CX_KNOWLEDGE_STATUS_SAVED|"Saved"
15:14:42.0 (11935062)|HEAP_ALLOCATE|[60]|Bytes:14
15:14:42.0 (11941148)|VARIABLE_ASSIGNMENT|[60]|auConstantCmn.CX_KNOWLEDGE_STATUS_TEMPORARY_SAVED|"TemporarySaved"
15:14:42.0 (11950200)|HEAP_ALLOCATE|[60]|Bytes:12
15:14:42.0 (11958010)|VARIABLE_ASSIGNMENT|[60]|auConstantCmn.FORGOT_PASSWORD_ERR_MESSAGE001|"IDを入力してください。"
15:14:42.0 (11962646)|HEAP_ALLOCATE|[60]|Bytes:8
15:14:42.0 (11968623)|VARIABLE_ASSIGNMENT|[60]|auConstantCmn.HONBU_DIRECT_DETAIL_TYPE_FAVORITE|"FAVORITE"
15:14:42.0 (11973278)|HEAP_ALLOCATE|[60]|Bytes:4
15:14:42.0 (11979344)|VARIABLE_ASSIGNMENT|[60]|auConstantCmn.HONBU_DIRECT_DETAIL_TYPE_READ|"READ"
15:14:42.0 (11983299)|HEAP_ALLOCATE|[60]|Bytes:5
15:14:42.0 (11989292)|VARIABLE_ASSIGNMENT|[60]|auConstantCmn.KDDI_KNOWLEDGE_STATUS_SAVED|"Saved"
15:14:42.0 (11993488)|HEAP_ALLOCATE|[60]|Bytes:14
15:14:42.0 (12000571)|VARIABLE_ASSIGNMENT|[60]|auConstantCmn.KDDI_KNOWLEDGE_STATUS_TEMPORARY_SAVED|"TemporarySaved"
15:14:42.0 (12005103)|HEAP_ALLOCATE|[60]|Bytes:15
15:14:42.0 (12011976)|VARIABLE_ASSIGNMENT|[60]|auConstantCmn.LOGIN_ERR_MESSAGE001|"パスワードを入力してください。"
15:14:42.0 (12016311)|HEAP_ALLOCATE|[60]|Bytes:27
15:14:42.0 (12029512)|VARIABLE_ASSIGNMENT|[60]|auConstantCmn.LOGIN_ERR_MESSAGE002|"8文字以上の英数字混在のパスワードを指定 (7 more) ..."
15:14:42.0 (12034232)|HEAP_ALLOCATE|[60]|Bytes:19
15:14:42.0 (12041537)|VARIABLE_ASSIGNMENT|[60]|auConstantCmn.LOGIN_ERR_MESSAGE003|"ID或いはパスワードが間違っています。"
15:14:42.0 (12045832)|HEAP_ALLOCATE|[60]|Bytes:46
15:14:42.0 (12054035)|VARIABLE_ASSIGNMENT|[60]|auConstantCmn.LOGIN_ERR_MESSAGE004|"ログイン失敗回数を超えた為、ロックされま (26 more) ..."
15:14:42.0 (12058126)|HEAP_ALLOCATE|[60]|Bytes:3
15:14:42.0 (12064525)|VARIABLE_ASSIGNMENT|[60]|auConstantCmn.PAGE_ALIAS_SHOP_CX|"/CX"
15:14:42.0 (12068764)|HEAP_ALLOCATE|[60]|Bytes:7
15:14:42.0 (12075969)|VARIABLE_ASSIGNMENT|[60]|auConstantCmn.PAGE_ALIAS_SHOP_EVENTS|"/events"
15:14:42.0 (12079746)|HEAP_ALLOCATE|[60]|Bytes:16
15:14:42.0 (12086613)|VARIABLE_ASSIGNMENT|[60]|auConstantCmn.PAGE_ALIAS_SHOP_FORGOTPW|"/forgot-password"
15:14:42.0 (12090263)|HEAP_ALLOCATE|[60]|Bytes:25
15:14:42.0 (12098154)|VARIABLE_ASSIGNMENT|[60]|auConstantCmn.PAGE_ALIAS_SHOP_FORGOTPWCOMP|"/forgot-password-com (5 more) ..."
15:14:42.0 (12102421)|HEAP_ALLOCATE|[60]|Bytes:5
15:14:42.0 (12109374)|VARIABLE_ASSIGNMENT|[60]|auConstantCmn.PAGE_ALIAS_SHOP_HOME|"/home"
15:14:42.0 (12113134)|HEAP_ALLOCATE|[60]|Bytes:6
15:14:42.0 (12119547)|VARIABLE_ASSIGNMENT|[60]|auConstantCmn.PAGE_ALIAS_SHOP_LOGIN|"/login"
15:14:42.0 (12124215)|HEAP_ALLOCATE|[60]|Bytes:7
15:14:42.0 (12131207)|VARIABLE_ASSIGNMENT|[60]|auConstantCmn.PAGE_ALIAS_SHOP_LOGOUT|"/logout"
15:14:42.0 (12135573)|HEAP_ALLOCATE|[60]|Bytes:16
15:14:42.0 (12143272)|VARIABLE_ASSIGNMENT|[60]|auConstantCmn.PAGE_ALIAS_SHOP_PASSWORDSIGNUP|"/password-signup"
15:14:42.0 (12147305)|HEAP_ALLOCATE|[60]|Bytes:9
15:14:42.0 (12154457)|VARIABLE_ASSIGNMENT|[60]|auConstantCmn.PAGE_ALIAS_SHOP_SCHEDULE|"/calendar"
15:14:42.0 (12158468)|HEAP_ALLOCATE|[60]|Bytes:11
15:14:42.0 (12165526)|VARIABLE_ASSIGNMENT|[60]|auConstantCmn.PAGE_ALIAS_SHOP_SCHEDULE_LIST|"/activities"
15:14:42.0 (12169696)|HEAP_ALLOCATE|[60]|Bytes:5
15:14:42.0 (12176703)|VARIABLE_ASSIGNMENT|[60]|auConstantCmn.PAGE_ALIAS_SHOP_STPD|"/STPD"
15:14:42.0 (12180986)|HEAP_ALLOCATE|[60]|Bytes:11
15:14:42.0 (12188322)|VARIABLE_ASSIGNMENT|[60]|auConstantCmn.PAGE_ALIAS_SHOP_TIMELINE_CX|"/timelineCX"
15:14:42.0 (12192051)|HEAP_ALLOCATE|[60]|Bytes:13
15:14:42.0 (12199671)|VARIABLE_ASSIGNMENT|[60]|auConstantCmn.PAGE_ALIAS_SHOP_TIMELINE_STPD|"/timelineSTPD"
15:14:42.0 (12203686)|HEAP_ALLOCATE|[60]|Bytes:27
15:14:42.0 (12212387)|VARIABLE_ASSIGNMENT|[60]|auConstantCmn.PAGE_VF_SHOP_CX|"/apex/auCXKnowledgeL (7 more) ..."
15:14:42.0 (12217002)|HEAP_ALLOCATE|[60]|Bytes:22
15:14:42.0 (12225810)|VARIABLE_ASSIGNMENT|[60]|auConstantCmn.PAGE_VF_SHOP_EVENTS|"/apex/auEventsListPa (2 more) ..."
15:14:42.0 (12229816)|HEAP_ALLOCATE|[60]|Bytes:21
15:14:42.0 (12238199)|VARIABLE_ASSIGNMENT|[60]|auConstantCmn.PAGE_VF_SHOP_FORGOTPW|"/auForgotPasswordPag (1 more) ..."
15:14:42.0 (12242268)|HEAP_ALLOCATE|[60]|Bytes:29
15:14:42.0 (12250822)|VARIABLE_ASSIGNMENT|[60]|auConstantCmn.PAGE_VF_SHOP_FORGOTPWCOMP|"/auForgotPasswordCom (9 more) ..."
15:14:42.0 (12254965)|HEAP_ALLOCATE|[60]|Bytes:24
15:14:42.0 (12263755)|VARIABLE_ASSIGNMENT|[60]|auConstantCmn.PAGE_VF_SHOP_HOME|"/apex/auSwitchScreen (4 more) ..."
15:14:42.0 (12268051)|HEAP_ALLOCATE|[60]|Bytes:12
15:14:42.0 (12276058)|VARIABLE_ASSIGNMENT|[60]|auConstantCmn.PAGE_VF_SHOP_LOGIN|"/auLoginPage"
15:14:42.0 (12280378)|HEAP_ALLOCATE|[60]|Bytes:13
15:14:42.0 (12292096)|VARIABLE_ASSIGNMENT|[60]|auConstantCmn.PAGE_VF_SHOP_LOGOUT|"/auLogoutPage"
15:14:42.0 (12296381)|HEAP_ALLOCATE|[60]|Bytes:21
15:14:42.0 (12305556)|VARIABLE_ASSIGNMENT|[60]|auConstantCmn.PAGE_VF_SHOP_PASSWORDSIGNUP|"/auPasswordSignupPag (1 more) ..."
15:14:42.0 (12309709)|HEAP_ALLOCATE|[60]|Bytes:16
15:14:42.0 (12318254)|VARIABLE_ASSIGNMENT|[60]|auConstantCmn.PAGE_VF_SHOP_SCHEDULE|"/apex/auSchedule"
15:14:42.0 (12322319)|HEAP_ALLOCATE|[60]|Bytes:20
15:14:42.0 (12330591)|VARIABLE_ASSIGNMENT|[60]|auConstantCmn.PAGE_VF_SHOP_SCHEDULE_LIST|"/apex/auScheduleList"
15:14:42.0 (12334769)|HEAP_ALLOCATE|[60]|Bytes:20
15:14:42.0 (12343060)|VARIABLE_ASSIGNMENT|[60]|auConstantCmn.PAGE_VF_SHOP_STPD|"/apex/auSTPDListPage"
15:14:42.0 (12346779)|HEAP_ALLOCATE|[60]|Bytes:31
15:14:42.0 (12355891)|VARIABLE_ASSIGNMENT|[60]|auConstantCmn.PAGE_VF_SHOP_TIMELINE_CX|"/apex/auCxKnowledgeT (11 more) ..."
15:14:42.0 (12360144)|HEAP_ALLOCATE|[60]|Bytes:24
15:14:42.0 (12370380)|VARIABLE_ASSIGNMENT|[60]|auConstantCmn.PAGE_VF_SHOP_TIMELINE_STPD|"/apex/auSTPDTimeline (4 more) ..."
15:14:42.0 (12374510)|HEAP_ALLOCATE|[60]|Bytes:55
15:14:42.0 (12383811)|VARIABLE_ASSIGNMENT|[60]|auConstantCmn.PASSWORD_SIGNUP_ERR_EXPIREDURL|"パスワードリセットの有効期限が切れていま (35 more) ..."
15:14:42.0 (12388538)|HEAP_ALLOCATE|[60]|Bytes:27
15:14:42.0 (12398169)|VARIABLE_ASSIGNMENT|[60]|auConstantCmn.PASSWORD_SIGNUP_ERR_INTERNAL|"内部エラーが発生しました。サイト管理者に (7 more) ..."
15:14:42.0 (12403149)|HEAP_ALLOCATE|[60]|Bytes:51
15:14:42.0 (12412665)|VARIABLE_ASSIGNMENT|[60]|auConstantCmn.PASSWORD_SIGNUP_ERR_INVALIDURL|"不正なパスワードリセットURLです。<b (31 more) ..."
15:14:42.0 (12417108)|HEAP_ALLOCATE|[60]|Bytes:15
15:14:42.0 (12425435)|VARIABLE_ASSIGNMENT|[60]|auConstantCmn.PASSWORD_SIGNUP_ERR_MESSAGE001|"パスワードを入力してください。"
15:14:42.0 (12429701)|HEAP_ALLOCATE|[60]|Bytes:19
15:14:42.0 (12439234)|VARIABLE_ASSIGNMENT|[60]|auConstantCmn.PASSWORD_SIGNUP_ERR_MESSAGE002|"確認用のパスワードを入力してください。"
15:14:42.0 (12443182)|HEAP_ALLOCATE|[60]|Bytes:27
15:14:42.0 (12452125)|VARIABLE_ASSIGNMENT|[60]|auConstantCmn.PASSWORD_SIGNUP_ERR_MESSAGE003|"8文字以上の英数字混在のパスワードを指定 (7 more) ..."
15:14:42.0 (12456612)|HEAP_ALLOCATE|[60]|Bytes:22
15:14:42.0 (12466381)|VARIABLE_ASSIGNMENT|[60]|auConstantCmn.PASSWORD_SIGNUP_ERR_MESSAGE004|"パスワードと確認用のパスワードが不一致で (2 more) ..."
15:14:42.0 (12470522)|HEAP_ALLOCATE|[60]|Bytes:21
15:14:42.0 (12479817)|VARIABLE_ASSIGNMENT|[60]|auConstantCmn.PASSWORD_SIGNUP_ERR_MESSAGE005|"以前利用したパスワードはご利用できません (1 more) ..."
15:14:42.0 (12484322)|HEAP_ALLOCATE|[60]|Bytes:46
15:14:42.0 (12493914)|VARIABLE_ASSIGNMENT|[60]|auConstantCmn.PASSWORD_SIGNUP_ERR_OLDURL|"以前のパスワードリセットURLは利用でき (26 more) ..."
15:14:42.0 (12498736)|HEAP_ALLOCATE|[60]|Bytes:14
15:14:42.0 (12507997)|VARIABLE_ASSIGNMENT|[60]|auConstantCmn.PROFILE_COMMUNITY_MANAGEMENT|"au ショップ - 運営法人"
15:14:42.0 (12512010)|HEAP_ALLOCATE|[60]|Bytes:15
15:14:42.0 (12520699)|VARIABLE_ASSIGNMENT|[60]|auConstantCmn.PROFILE_COMMUNITY_PRIMARY_AGENT|"au ショップ - 一次代理店"
15:14:42.0 (12525627)|HEAP_ALLOCATE|[60]|Bytes:12
15:14:42.0 (12534970)|VARIABLE_ASSIGNMENT|[60]|auConstantCmn.PROFILE_COMMUNITY_SHOP|"au ショップ - 店舗"
15:14:42.0 (12539120)|HEAP_ALLOCATE|[60]|Bytes:17
15:14:42.0 (12548035)|VARIABLE_ASSIGNMENT|[60]|auConstantCmn.PROFILE_EVOLVA_ADMIN_USER|"Evolva Admin User"
15:14:42.0 (12552577)|HEAP_ALLOCATE|[60]|Bytes:11
15:14:42.0 (12561546)|VARIABLE_ASSIGNMENT|[60]|auConstantCmn.PROFILE_EVOLVA_USER|"Evolva User"
15:14:42.0 (12565323)|HEAP_ALLOCATE|[60]|Bytes:9
15:14:42.0 (12574063)|VARIABLE_ASSIGNMENT|[60]|auConstantCmn.PROFILE_KDDI_BRANCH|"KDDI - 支店"
15:14:42.0 (12578413)|HEAP_ALLOCATE|[60]|Bytes:12
15:14:42.0 (12587905)|VARIABLE_ASSIGNMENT|[60]|auConstantCmn.PROFILE_KDDI_BRANCH_V2|"KDDI - 支店 v2"
15:14:42.0 (12592009)|HEAP_ALLOCATE|[60]|Bytes:9
15:14:42.0 (12600814)|VARIABLE_ASSIGNMENT|[60]|auConstantCmn.PROFILE_KDDI_HEADQUARTERS|"KDDI - 本部"
15:14:42.0 (12604944)|HEAP_ALLOCATE|[60]|Bytes:12
15:14:42.0 (12614312)|VARIABLE_ASSIGNMENT|[60]|auConstantCmn.PROFILE_KDDI_HEADQUARTERS_V2|"KDDI - 本部 v2"
15:14:42.0 (12618614)|HEAP_ALLOCATE|[60]|Bytes:29
15:14:42.0 (12629050)|VARIABLE_ASSIGNMENT|[60]|auConstantCmn.PROFILE_KDDI_KNOWLEDGE_ACTIVITIES|"KDDI - Knowledge & A (9 more) ..."
15:14:42.0 (12633473)|HEAP_ALLOCATE|[60]|Bytes:21
15:14:42.0 (12644211)|VARIABLE_ASSIGNMENT|[60]|auConstantCmn.PROFILE_KDDI_KNOWLEDGE_ONLY|"KDDI - Knowledge onl (1 more) ..."
15:14:42.0 (12648640)|HEAP_ALLOCATE|[60]|Bytes:9
15:14:42.0 (12657717)|VARIABLE_ASSIGNMENT|[60]|auConstantCmn.PROFILE_KDDI_REGIONAL_OFFICE|"KDDI - 支社"
15:14:42.0 (12661446)|HEAP_ALLOCATE|[60]|Bytes:12
15:14:42.0 (12670547)|VARIABLE_ASSIGNMENT|[60]|auConstantCmn.PROFILE_KDDI_REGIONAL_OFFICE_V2|"KDDI - 支社 v2"
15:14:42.0 (12675663)|HEAP_ALLOCATE|[60]|Bytes:13
15:14:42.0 (12685127)|VARIABLE_ASSIGNMENT|[60]|auConstantCmn.PROFILE_SA_USER_CSA|"SA User - CSA"
15:14:42.0 (12689427)|HEAP_ALLOCATE|[60]|Bytes:12
15:14:42.0 (12699766)|VARIABLE_ASSIGNMENT|[60]|auConstantCmn.PROFILE_SA_USER_SA|"SA User - SA"
15:14:42.0 (12704053)|HEAP_ALLOCATE|[60]|Bytes:12
15:14:42.0 (12713147)|VARIABLE_ASSIGNMENT|[60]|auConstantCmn.PROFILE_SYSADMIN_CUSTOM|"System Admin"
15:14:42.0 (12717461)|HEAP_ALLOCATE|[60]|Bytes:20
15:14:42.0 (12726989)|VARIABLE_ASSIGNMENT|[60]|auConstantCmn.PROFILE_SYSADMIN_DEFAULT_EN|"System Administrator"
15:14:42.0 (12731216)|HEAP_ALLOCATE|[60]|Bytes:7
15:14:42.0 (12740605)|VARIABLE_ASSIGNMENT|[60]|auConstantCmn.PROFILE_SYSADMIN_DEFAULT_JP|"システム管理者"
15:14:42.0 (12744962)|HEAP_ALLOCATE|[60]|Bytes:7
15:14:42.0 (12754217)|VARIABLE_ASSIGNMENT|[60]|auConstantCmn.ROLE_CODE_EVOLVA_HONBU|"E000000"
15:14:42.0 (12757967)|HEAP_ALLOCATE|[60]|Bytes:6
15:14:42.0 (12767536)|VARIABLE_ASSIGNMENT|[60]|auConstantCmn.ROLE_CODE_EVOLVA_SHISHA|"EKEV01"
15:14:42.0 (12771636)|HEAP_ALLOCATE|[60]|Bytes:8
15:14:42.0 (12780988)|VARIABLE_ASSIGNMENT|[60]|auConstantCmn.ROLE_CODE_EVOLVA_SHITEN|"EKEV0101"
15:14:42.0 (12785211)|HEAP_ALLOCATE|[60]|Bytes:7
15:14:42.0 (12795338)|VARIABLE_ASSIGNMENT|[60]|auConstantCmn.ROLE_CODE_HONBU|"C000000"
15:14:42.0 (12799565)|HEAP_ALLOCATE|[60]|Bytes:7
15:14:42.0 (12809278)|VARIABLE_ASSIGNMENT|[60]|auConstantCmn.ROLE_CODE_SA_HONBU|"S000000"
15:14:42.0 (12813212)|HEAP_ALLOCATE|[60]|Bytes:10
15:14:42.0 (12823693)|VARIABLE_ASSIGNMENT|[60]|auConstantCmn.USER_CLASSIFICATION_CONTRACTOR|"CONTRACTOR"
15:14:42.0 (12827697)|HEAP_ALLOCATE|[60]|Bytes:3
15:14:42.0 (12837010)|VARIABLE_ASSIGNMENT|[60]|auConstantCmn.USER_CLASSIFICATION_CSA|"CSA"
15:14:42.0 (12841396)|HEAP_ALLOCATE|[60]|Bytes:2
15:14:42.0 (12850963)|VARIABLE_ASSIGNMENT|[60]|auConstantCmn.USER_CLASSIFICATION_SA|"SA"
15:14:42.0 (12865981)|METHOD_ENTRY|[4]|01pN0000000Miks|auConstantCmn.auConstantCmn()
15:14:42.0 (12871308)|STATEMENT_EXECUTE|[4]
15:14:42.0 (12875037)|STATEMENT_EXECUTE|[4]
15:14:42.0 (13278358)|SYSTEM_MODE_ENTER|false
15:14:42.0 (13289624)|HEAP_ALLOCATE|[60]|Bytes:5
15:14:42.0 (13296978)|SYSTEM_MODE_EXIT|false
15:14:42.0 (13305615)|METHOD_EXIT|[4]|auConstantCmn
15:14:42.0 (13388675)|VARIABLE_ASSIGNMENT|[EXTERNAL]|this|{"currentUser":"0x6c184da7","isSAUser":false,"iTypeOfScreen":0,"urlReportsSFA":"https://cs6.lightnin (84 more) ..."}|0x33677912
15:14:42.0 (13456523)|VARIABLE_ASSIGNMENT|[EXTERNAL]|this|{"currentUser":"0x6c184da7","isSAUser":false,"iTypeOfScreen":0,"urlReportsSFA":"https://cs6.lightnin (84 more) ..."}|0x33677912
15:14:42.0 (13509317)|VARIABLE_ASSIGNMENT|[EXTERNAL]|this|{"currentUser":"0x6c184da7","isSAUser":false,"iTypeOfScreen":0,"urlReportsSFA":"https://cs6.lightnin (84 more) ..."}|0x33677912
15:14:42.0 (13533341)|HEAP_ALLOCATE|[60]|Bytes:5
15:14:42.0 (13544250)|VARIABLE_ASSIGNMENT|[60]|this.isSAUser|false|0x33677912
15:14:42.0 (15574629)|SYSTEM_MODE_ENTER|true
15:14:42.0 (15610629)|HEAP_ALLOCATE|[EXTERNAL]|Bytes:260
15:14:42.0 (15618110)|HEAP_ALLOCATE|[EXTERNAL]|Bytes:52
15:14:42.0 (15626939)|METHOD_ENTRY|[1]|01pN0000000Mim0|auSwitchScreenCtrl.auSwitchScreenCtrl()
15:14:42.0 (15632103)|STATEMENT_EXECUTE|[1]
15:14:42.0 (15635948)|STATEMENT_EXECUTE|[1]
15:14:42.0 (15642051)|SYSTEM_MODE_ENTER|false
15:14:42.0 (15649233)|HEAP_ALLOCATE|[EXTERNAL]|Bytes:5
15:14:42.0 (15655352)|SYSTEM_MODE_EXIT|false
15:14:42.0 (15661345)|METHOD_EXIT|[1]|auSwitchScreenCtrl
15:14:42.0 (15673720)|HEAP_ALLOCATE|[EXTERNAL]|Bytes:32
15:14:42.0 (15679878)|VARIABLE_SCOPE_BEGIN|[13]|this|auSwitchScreenCtrl|true|false
15:14:42.0 (15715871)|VARIABLE_ASSIGNMENT|[13]|this|{}|0x26aea4d7
15:14:42.0 (15727341)|SYSTEM_MODE_ENTER|false
15:14:42.0 (15732913)|HEAP_ALLOCATE|[15]|Bytes:5
15:14:42.0 (15737738)|STATEMENT_EXECUTE|[1]
15:14:42.0 (15740711)|HEAP_ALLOCATE|[15]|Bytes:5
15:14:42.0 (15743862)|STATEMENT_EXECUTE|[3]
15:14:42.0 (15745415)|STATEMENT_EXECUTE|[4]
15:14:42.0 (15746903)|STATEMENT_EXECUTE|[5]
15:14:42.0 (15748276)|STATEMENT_EXECUTE|[6]
15:14:42.0 (15749690)|STATEMENT_EXECUTE|[7]
15:14:42.0 (15751058)|STATEMENT_EXECUTE|[8]
15:14:42.0 (15752425)|STATEMENT_EXECUTE|[9]
15:14:42.0 (15769368)|STATEMENT_EXECUTE|[13]
15:14:42.0 (15771241)|STATEMENT_EXECUTE|[15]
15:14:42.0 (15821433)|HEAP_ALLOCATE|[15]|Bytes:28
15:14:42.0 (15867789)|HEAP_ALLOCATE|[15]|Bytes:560
15:14:42.0 (15901273)|HEAP_ALLOCATE|[15]|Bytes:10
15:14:42.0 (15924101)|VARIABLE_SCOPE_BEGIN|[15]|userAgent|String|false|false
15:14:42.0 (15938534)|VARIABLE_ASSIGNMENT|[15]|userAgent|"Mozilla/5.0 (Macinto (100 more) ..."
15:14:42.0 (15943274)|STATEMENT_EXECUTE|[16]
15:14:42.0 (15946133)|HEAP_ALLOCATE|[16]|Bytes:6
15:14:42.0 (16027769)|VARIABLE_ASSIGNMENT|[EXTERNAL]|this|{}|0x26aea4d7
15:14:42.0 (16040324)|VARIABLE_ASSIGNMENT|[EXTERNAL]|value|false
15:14:42.0 (16047480)|HEAP_ALLOCATE|[9]|Bytes:5
15:14:42.0 (16056129)|VARIABLE_ASSIGNMENT|[9]|this.isIPhone|false|0x26aea4d7
15:14:42.0 (16065074)|STATEMENT_EXECUTE|[18]
15:14:42.0 (16068475)|HEAP_ALLOCATE|[18]|Bytes:54
15:14:42.0 (16081327)|HEAP_ALLOCATE|[18]|Bytes:4
15:14:42.0 (16092536)|METHOD_ENTRY|[20]||System.UserInfo.getUserId()
15:14:42.0 (16114233)|METHOD_EXIT|[20]||System.UserInfo.getUserId()
15:14:42.0 (16314482)|SOQL_EXECUTE_BEGIN|[18]|Aggregations:0|SELECT Profile.Name FROM User WHERE User.ID = :tmpVar1
15:14:42.0 (24229948)|SOQL_EXECUTE_END|[18]|Rows:1
15:14:42.0 (24251616)|HEAP_ALLOCATE|[18]|Bytes:8
15:14:42.0 (24268880)|HEAP_ALLOCATE|[18]|Bytes:127
15:14:42.0 (24296771)|HEAP_ALLOCATE|[18]|Bytes:8
15:14:42.0 (24319653)|HEAP_ALLOCATE|[18]|Bytes:16
15:14:42.0 (24327677)|VARIABLE_SCOPE_BEGIN|[18]|currentUser|User|true|false
15:14:42.0 (24353870)|VARIABLE_ASSIGNMENT|[18]|currentUser|{"ProfileId":"00e6F000002RS1oQAG","Id":"0056F000006PtYlQAK","Profile":{"Name":"System Administrator","Id":"00e6F000002RS1oQAG"}}|0x10416a25
15:14:42.0 (24361470)|STATEMENT_EXECUTE|[22]
15:14:42.0 (24475338)|VARIABLE_ASSIGNMENT|[EXTERNAL]|this|{"isIPhone":false}|0x26aea4d7
15:14:42.0 (24489207)|VARIABLE_ASSIGNMENT|[EXTERNAL]|value|false
15:14:42.0 (24497191)|HEAP_ALLOCATE|[3]|Bytes:5
15:14:42.0 (24505758)|VARIABLE_ASSIGNMENT|[3]|this.isCommunityUser|false|0x26aea4d7
15:14:42.0 (24516589)|STATEMENT_EXECUTE|[26]
15:14:42.0 (24588294)|VARIABLE_ASSIGNMENT|[EXTERNAL]|this|{"isCommunityUser":false,"isIPhone":false}|0x26aea4d7
15:14:42.0 (24599429)|VARIABLE_ASSIGNMENT|[EXTERNAL]|value|true
15:14:42.0 (24605718)|HEAP_ALLOCATE|[4]|Bytes:5
15:14:42.0 (24613845)|VARIABLE_ASSIGNMENT|[4]|this.isSystemAdministrator|true|0x26aea4d7
15:14:42.0 (24623291)|STATEMENT_EXECUTE|[30]
15:14:42.0 (24652991)|VARIABLE_ASSIGNMENT|[EXTERNAL]|this|{"isCommunityUser":false,"isIPhone":false,"isSystemAdministrator":true}|0x26aea4d7
15:14:42.0 (24690269)|VARIABLE_ASSIGNMENT|[EXTERNAL]|this|{"isCommunityUser":false,"isIPhone":false,"isSystemAdministrator":true}|0x26aea4d7
15:14:42.0 (24700550)|VARIABLE_ASSIGNMENT|[EXTERNAL]|value|true
15:14:42.0 (24706309)|HEAP_ALLOCATE|[5]|Bytes:5
15:14:42.0 (24713044)|VARIABLE_ASSIGNMENT|[5]|this.isKDDIUser|true|0x26aea4d7
15:14:42.0 (24721594)|STATEMENT_EXECUTE|[38]
15:14:42.0 (24790413)|VARIABLE_ASSIGNMENT|[EXTERNAL]|this|{"isCommunityUser":false,"isIPhone":false,"isKDDIUser":true,"isSystemAdministrator":true}|0x26aea4d7
15:14:42.0 (24800615)|VARIABLE_ASSIGNMENT|[EXTERNAL]|value|false
15:14:42.0 (24806874)|HEAP_ALLOCATE|[6]|Bytes:5
15:14:42.0 (24813446)|VARIABLE_ASSIGNMENT|[6]|this.isSAorEvolvaUser|false|0x26aea4d7
15:14:42.0 (24822100)|STATEMENT_EXECUTE|[43]
15:14:42.0 (24869461)|VARIABLE_ASSIGNMENT|[EXTERNAL]|this|{"isCommunityUser":false,"isIPhone":false,"isKDDIUser":true,"isSAorEvolvaUser":false,"isSystemAdministrator":true}|0x26aea4d7
15:14:42.0 (24880392)|VARIABLE_ASSIGNMENT|[EXTERNAL]|value|false
15:14:42.0 (24886166)|HEAP_ALLOCATE|[7]|Bytes:5
15:14:42.0 (24893133)|VARIABLE_ASSIGNMENT|[7]|this.isKDDIKnowledgeOnly|false|0x26aea4d7
15:14:42.0 (24901375)|STATEMENT_EXECUTE|[45]
15:14:42.0 (24949687)|VARIABLE_ASSIGNMENT|[EXTERNAL]|this|{"isCommunityUser":false,"isIPhone":false,"isKDDIKnowledgeOnly":false,"isKDDIUser":true,"isSAorEvolvaUser":false,"isSystemAdministrator":true}|0x26aea4d7
15:14:42.0 (24960606)|VARIABLE_ASSIGNMENT|[EXTERNAL]|value|false
15:14:42.0 (24966029)|HEAP_ALLOCATE|[8]|Bytes:5
15:14:42.0 (24972486)|VARIABLE_ASSIGNMENT|[8]|this.isKDDIKnowledgeActivities|false|0x26aea4d7
15:14:42.0 (24983674)|SYSTEM_MODE_EXIT|false
15:14:42.0 (25079190)|HEAP_ALLOCATE|[EXTERNAL]|Bytes:32
15:14:42.0 (25088814)|VARIABLE_SCOPE_BEGIN|[50]|this|auSwitchScreenCtrl|true|false
15:14:42.0 (25117807)|VARIABLE_ASSIGNMENT|[50]|this|{"isCommunityUser":false,"isIPhone":false,"isKDDIKnowledgeActivities":false,"isKDDIKnowledgeOnly":false,"isKDDIUser":true,"isSAorEvolvaUser":false,"isSystemAdministrator":true}|0x26aea4d7
15:14:42.0 (25132298)|SYSTEM_MODE_ENTER|false
15:14:42.0 (25138568)|HEAP_ALLOCATE|[52]|Bytes:5
15:14:42.0 (25143565)|STATEMENT_EXECUTE|[50]
15:14:42.0 (25145260)|STATEMENT_EXECUTE|[52]
15:14:42.0 (25148318)|HEAP_ALLOCATE|[52]|Bytes:63
15:14:42.0 (25161773)|HEAP_ALLOCATE|[52]|Bytes:4
15:14:42.0 (25173209)|METHOD_ENTRY|[54]||System.UserInfo.getUserId()
15:14:42.0 (25194088)|METHOD_EXIT|[54]||System.UserInfo.getUserId()
15:14:42.0 (25343583)|SOQL_EXECUTE_BEGIN|[52]|Aggregations:0|SELECT ForcePasswordReset__c FROM User WHERE User.ID = :tmpVar1
15:14:42.0 (28559099)|SOQL_EXECUTE_END|[52]|Rows:1
15:14:42.0 (28578130)|HEAP_ALLOCATE|[52]|Bytes:8
15:14:42.0 (28591536)|HEAP_ALLOCATE|[52]|Bytes:58
15:14:42.0 (28614881)|HEAP_ALLOCATE|[52]|Bytes:8
15:14:42.0 (28633440)|HEAP_ALLOCATE|[52]|Bytes:12
15:14:42.0 (28640373)|VARIABLE_SCOPE_BEGIN|[52]|currentUser|User|true|false
15:14:42.0 (28659904)|VARIABLE_ASSIGNMENT|[52]|currentUser|{"ForcePasswordReset__c":false,"Id":"0056F000006PtYlQAK"}|0x69214765
15:14:42.0 (28688928)|STATEMENT_EXECUTE|[56]
15:14:42.0 (28744116)|VARIABLE_ASSIGNMENT|[EXTERNAL]|this|{"isCommunityUser":false,"isIPhone":false,"isKDDIKnowledgeActivities":false,"isKDDIKnowledgeOnly":false,"isKDDIUser":true,"isSAorEvolvaUser":false,"isSystemAdministrator":true}|0x26aea4d7
15:14:42.0 (28761288)|STATEMENT_EXECUTE|[61]
15:14:42.0 (28763505)|STATEMENT_EXECUTE|[66]
15:14:42.0 (28769295)|SYSTEM_MODE_EXIT|false
15:14:42.0 (29100236)|SYSTEM_MODE_ENTER|true
15:14:42.0 (29119905)|HEAP_ALLOCATE|[EXTERNAL]|Bytes:44
15:14:42.0 (29126598)|VARIABLE_SCOPE_BEGIN|[48]|this|auMainTopCompCtrl|true|false
15:14:42.0 (29154682)|VARIABLE_ASSIGNMENT|[48]|this|{}|0x28f35d42
15:14:42.0 (29164133)|STATEMENT_EXECUTE|[1]
15:14:42.0 (29166089)|STATEMENT_EXECUTE|[29]
15:14:42.0 (29167781)|STATEMENT_EXECUTE|[30]
15:14:42.0 (29169161)|STATEMENT_EXECUTE|[31]
15:14:42.0 (29170614)|STATEMENT_EXECUTE|[34]
15:14:42.0 (29171993)|STATEMENT_EXECUTE|[35]
15:14:42.0 (29173446)|STATEMENT_EXECUTE|[36]
15:14:42.0 (29174839)|STATEMENT_EXECUTE|[38]
15:14:42.0 (29176262)|STATEMENT_EXECUTE|[39]
15:14:42.0 (29177761)|STATEMENT_EXECUTE|[41]
15:14:42.0 (29179249)|STATEMENT_EXECUTE|[46]
15:14:42.0 (29184865)|HEAP_ALLOCATE|[46]|Bytes:5
15:14:42.0 (29194195)|VARIABLE_ASSIGNMENT|[46]|this.isSAUser|false|0x28f35d42
15:14:42.0 (29212609)|STATEMENT_EXECUTE|[48]
15:14:42.0 (29214342)|STATEMENT_EXECUTE|[49]
15:14:42.0 (29240769)|VARIABLE_ASSIGNMENT|[EXTERNAL]|this|{"isSAUser":false}|0x28f35d42
15:14:42.0 (29250985)|VARIABLE_ASSIGNMENT|[EXTERNAL]|value|0
15:14:42.0 (29256305)|HEAP_ALLOCATE|[34]|Bytes:4
15:14:42.0 (29262492)|VARIABLE_ASSIGNMENT|[34]|this.iTypeOfScreen|0|0x28f35d42
15:14:42.0 (29270915)|STATEMENT_EXECUTE|[51]
15:14:42.0 (29415152)|HEAP_ALLOCATE|[51]|Bytes:140
15:14:42.0 (29457626)|VARIABLE_ASSIGNMENT|[EXTERNAL]|this|{"isSAUser":false,"iTypeOfScreen":0}|0x28f35d42
15:14:42.0 (29469599)|VARIABLE_ASSIGNMENT|[EXTERNAL]|value|"https://cs6.lightnin (84 more) ..."
15:14:42.0 (29485324)|VARIABLE_ASSIGNMENT|[39]|this.urlReportsSFA|"https://cs6.lightnin (84 more) ..."|0x28f35d42
15:14:42.0 (29493828)|STATEMENT_EXECUTE|[53]
15:14:42.0 (29505222)|HEAP_ALLOCATE|[53]|Bytes:4
15:14:42.0 (29514387)|METHOD_ENTRY|[58]||System.UserInfo.getUserId()
15:14:42.0 (29528136)|METHOD_EXIT|[58]||System.UserInfo.getUserId()
15:14:42.0 (29885089)|SOQL_EXECUTE_BEGIN|[53]|Aggregations:0|SELECT SmallPhotoUrl, Account.Name, Account.RegionalOfficeId__r.RegionalOfficeName__c, Account.BranchId__r.BranchName__c, Name, Department, UserRole.Name, Profile.Name FROM User WHERE User.ID = :tmpVar1
15:14:42.0 (34867046)|SOQL_EXECUTE_END|[53]|Rows:1
15:14:42.0 (34886890)|HEAP_ALLOCATE|[53]|Bytes:8
15:14:42.0 (34909488)|HEAP_ALLOCATE|[53]|Bytes:299
15:14:42.0 (34934653)|HEAP_ALLOCATE|[53]|Bytes:8
15:14:42.0 (34951788)|HEAP_ALLOCATE|[53]|Bytes:36
15:14:42.0 (34998150)|VARIABLE_ASSIGNMENT|[EXTERNAL]|this|{"isSAUser":false,"iTypeOfScreen":0,"urlReportsSFA":"https://cs6.lightnin (84 more) ..."}|0x28f35d42
15:14:42.0 (35042368)|VARIABLE_ASSIGNMENT|[EXTERNAL]|value|{"SmallPhotoUrl":"/profilephoto/729N00 (11 more) ...","Name":"GW Admin","Department":"Dept","UserRoleId":"00EN0000000pDkiMAE","ProfileId":"00e6F000002RS1oQAG","Id":"0056F000006PtYlQAK","UserRole":{"Name":"コンシューマ事業本部","Id":"00EN0000000pDkiMAE"},"Profile":{"Name":"System Administrator","Id":"00e6F000002RS1oQAG"}}|0x320cbb76
15:14:42.0 (35075141)|VARIABLE_ASSIGNMENT|[38]|this.currentUser|{"SmallPhotoUrl":"/profilephoto/729N00 (11 more) ...","Name":"GW Admin","Department":"Dept","UserRoleId":"00EN0000000pDkiMAE","ProfileId":"00e6F000002RS1oQAG","Id":"0056F000006PtYlQAK","UserRole":{"Name":"コンシューマ事業本部","Id":"00EN0000000pDkiMAE"},"Profile":{"Name":"System Administrator","Id":"00e6F000002RS1oQAG"}}|0x28f35d42
15:14:42.0 (35089176)|STATEMENT_EXECUTE|[60]
15:14:42.0 (35119363)|VARIABLE_ASSIGNMENT|[EXTERNAL]|this|{"currentUser":"0x320cbb76","isSAUser":false,"iTypeOfScreen":0,"urlReportsSFA":"https://cs6.lightnin (84 more) ..."}|0x28f35d42
15:14:42.0 (35186487)|VARIABLE_ASSIGNMENT|[EXTERNAL]|this|{"currentUser":"0x320cbb76","isSAUser":false,"iTypeOfScreen":0,"urlReportsSFA":"https://cs6.lightnin (84 more) ..."}|0x28f35d42
15:14:42.0 (35231762)|VARIABLE_ASSIGNMENT|[EXTERNAL]|this|{"currentUser":"0x320cbb76","isSAUser":false,"iTypeOfScreen":0,"urlReportsSFA":"https://cs6.lightnin (84 more) ..."}|0x28f35d42
15:14:42.0 (35272488)|VARIABLE_ASSIGNMENT|[EXTERNAL]|this|{"currentUser":"0x320cbb76","isSAUser":false,"iTypeOfScreen":0,"urlReportsSFA":"https://cs6.lightnin (84 more) ..."}|0x28f35d42
15:14:42.0 (35293543)|HEAP_ALLOCATE|[60]|Bytes:5
15:14:42.0 (35302874)|VARIABLE_ASSIGNMENT|[60]|this.isSAUser|false|0x28f35d42
15:14:42.0 (35738165)|SYSTEM_MODE_ENTER|true
15:14:42.0 (35764563)|HEAP_ALLOCATE|[EXTERNAL]|Bytes:44
15:14:42.0 (35775225)|VARIABLE_ASSIGNMENT|[EXTERNAL]|this.iCountComments|null|0x28f35d42
15:14:42.0 (35821281)|SYSTEM_MODE_ENTER|true
15:14:42.0 (35834814)|HEAP_ALLOCATE|[EXTERNAL]|Bytes:44
15:14:42.0 (35842526)|VARIABLE_ASSIGNMENT|[EXTERNAL]|this.iCountLikes|null|0x28f35d42
15:14:42.0 (35973454)|SYSTEM_MODE_ENTER|true
15:14:42.0 (36023397)|HEAP_ALLOCATE|[EXTERNAL]|Bytes:32
15:14:42.0 (36032416)|VARIABLE_SCOPE_BEGIN|[11]|this|auSwitchScreenCtrl|true|false
15:14:42.0 (36065955)|VARIABLE_ASSIGNMENT|[11]|this|{"isCommunityUser":false,"isIPhone":false,"isKDDIKnowledgeActivities":false,"isKDDIKnowledgeOnly":false,"isKDDIUser":true,"isSAorEvolvaUser":false,"isSystemAdministrator":true}|0x26aea4d7
15:14:42.0 (36080360)|SYSTEM_MODE_ENTER|false
15:14:42.0 (36087558)|HEAP_ALLOCATE|[11]|Bytes:5
15:14:42.0 (36092916)|STATEMENT_EXECUTE|[11]
15:14:42.0 (36094815)|STATEMENT_EXECUTE|[11]
15:14:42.0 (36101154)|SYSTEM_MODE_EXIT|false
15:14:42.0 (36154787)|SYSTEM_MODE_ENTER|true
15:14:42.0 (36171996)|HEAP_ALLOCATE|[EXTERNAL]|Bytes:8
15:14:42.0 (36177056)|HEAP_ALLOCATE|[EXTERNAL]|Bytes:44
15:14:42.0 (36185243)|VARIABLE_ASSIGNMENT|[EXTERNAL]|this.iTypeOfScreen|0|0x28f35d42
15:14:42.0 (36297111)|SYSTEM_MODE_ENTER|true
15:14:42.0 (36354779)|HEAP_ALLOCATE|[EXTERNAL]|Bytes:44
15:14:42.0 (36475979)|VARIABLE_SCOPE_BEGIN|[204]|this|auMainTopCompCtrl|true|false
15:14:42.0 (36515285)|VARIABLE_ASSIGNMENT|[204]|this|{"currentUser":"0x320cbb76","isSAUser":false,"iTypeOfScreen":0,"urlReportsSFA":"https://cs6.lightnin (84 more) ..."}|0x28f35d42
15:14:42.0 (36525825)|STATEMENT_EXECUTE|[204]
15:14:42.0 (36575850)|VARIABLE_ASSIGNMENT|[EXTERNAL]|this|{"currentUser":"0x320cbb76","isSAUser":false,"iTypeOfScreen":0,"urlReportsSFA":"https://cs6.lightnin (84 more) ..."}|0x28f35d42
15:14:42.0 (36629671)|VARIABLE_ASSIGNMENT|[EXTERNAL]|this|{"currentUser":"0x320cbb76","isSAUser":false,"iTypeOfScreen":0,"urlReportsSFA":"https://cs6.lightnin (84 more) ..."}|0x28f35d42
15:14:42.0 (36668060)|VARIABLE_ASSIGNMENT|[EXTERNAL]|this|{"currentUser":"0x320cbb76","isSAUser":false,"iTypeOfScreen":0,"urlReportsSFA":"https://cs6.lightnin (84 more) ..."}|0x28f35d42
15:14:42.0 (36713460)|VARIABLE_ASSIGNMENT|[EXTERNAL]|this|{"currentUser":"0x320cbb76","isSAUser":false,"iTypeOfScreen":0,"urlReportsSFA":"https://cs6.lightnin (84 more) ..."}|0x28f35d42
15:14:42.0 (36749813)|VARIABLE_ASSIGNMENT|[EXTERNAL]|this|{"currentUser":"0x320cbb76","isSAUser":false,"iTypeOfScreen":0,"urlReportsSFA":"https://cs6.lightnin (84 more) ..."}|0x28f35d42
15:14:42.0 (36761319)|STATEMENT_EXECUTE|[213]
15:14:42.0 (36763244)|STATEMENT_EXECUTE|[214]
15:14:42.0 (36850352)|SYSTEM_MODE_ENTER|true
15:14:42.0 (36889699)|HEAP_ALLOCATE|[EXTERNAL]|Bytes:44
15:14:42.0 (36966489)|VARIABLE_SCOPE_BEGIN|[218]|this|auMainTopCompCtrl|true|false
15:14:42.0 (37002571)|VARIABLE_ASSIGNMENT|[218]|this|{"currentUser":"0x320cbb76","isSAUser":false,"iTypeOfScreen":0,"urlReportsSFA":"https://cs6.lightnin (84 more) ..."}|0x28f35d42
15:14:42.0 (37013695)|STATEMENT_EXECUTE|[218]
15:14:42.0 (37056455)|VARIABLE_ASSIGNMENT|[EXTERNAL]|this|{"currentUser":"0x320cbb76","isSAUser":false,"iTypeOfScreen":0,"urlReportsSFA":"https://cs6.lightnin (84 more) ..."}|0x28f35d42
15:14:42.0 (37099563)|VARIABLE_ASSIGNMENT|[EXTERNAL]|this|{"currentUser":"0x320cbb76","isSAUser":false,"iTypeOfScreen":0,"urlReportsSFA":"https://cs6.lightnin (84 more) ..."}|0x28f35d42
15:14:42.0 (37133102)|VARIABLE_ASSIGNMENT|[EXTERNAL]|this|{"currentUser":"0x320cbb76","isSAUser":false,"iTypeOfScreen":0,"urlReportsSFA":"https://cs6.lightnin (84 more) ..."}|0x28f35d42
15:14:42.0 (37171537)|VARIABLE_ASSIGNMENT|[EXTERNAL]|this|{"currentUser":"0x320cbb76","isSAUser":false,"iTypeOfScreen":0,"urlReportsSFA":"https://cs6.lightnin (84 more) ..."}|0x28f35d42
15:14:42.0 (37204540)|VARIABLE_ASSIGNMENT|[EXTERNAL]|this|{"currentUser":"0x320cbb76","isSAUser":false,"iTypeOfScreen":0,"urlReportsSFA":"https://cs6.lightnin (84 more) ..."}|0x28f35d42
15:14:42.0 (37215359)|STATEMENT_EXECUTE|[227]
15:14:42.0 (37217058)|STATEMENT_EXECUTE|[228]
15:14:42.0 (37890662)|SYSTEM_MODE_ENTER|true
15:14:42.0 (39757007)|SYSTEM_MODE_ENTER|true
15:14:42.0 (39803616)|HEAP_ALLOCATE|[EXTERNAL]|Bytes:44
15:14:42.0 (39839658)|VARIABLE_SCOPE_BEGIN|[67]|this|auMainTopCompCtrl|true|false
15:14:42.0 (39881935)|VARIABLE_ASSIGNMENT|[67]|this|{"currentUser":"0x320cbb76","isSAUser":false,"iTypeOfScreen":0,"urlReportsSFA":"https://cs6.lightnin (84 more) ..."}|0x28f35d42
15:14:42.0 (39893502)|STATEMENT_EXECUTE|[67]
15:14:42.0 (39895441)|STATEMENT_EXECUTE|[68]
15:14:42.0 (39936288)|VARIABLE_ASSIGNMENT|[EXTERNAL]|this|{"currentUser":"0x320cbb76","isSAUser":false,"iTypeOfScreen":0,"urlReportsSFA":"https://cs6.lightnin (84 more) ..."}|0x28f35d42
15:14:42.0 (39982872)|VARIABLE_ASSIGNMENT|[EXTERNAL]|this|{"currentUser":"0x320cbb76","isSAUser":false,"iTypeOfScreen":0,"urlReportsSFA":"https://cs6.lightnin (84 more) ..."}|0x28f35d42
15:14:42.0 (40028354)|VARIABLE_ASSIGNMENT|[EXTERNAL]|this|{"currentUser":"0x320cbb76","isSAUser":false,"iTypeOfScreen":0,"urlReportsSFA":"https://cs6.lightnin (84 more) ..."}|0x28f35d42
15:14:42.0 (40045445)|HEAP_ALLOCATE|[68]|Bytes:5
15:14:42.0 (40118233)|SYSTEM_MODE_ENTER|true
15:14:42.0 (40155269)|HEAP_ALLOCATE|[EXTERNAL]|Bytes:44
15:14:42.0 (40182018)|VARIABLE_SCOPE_BEGIN|[73]|this|auMainTopCompCtrl|true|false
15:14:42.0 (40216618)|VARIABLE_ASSIGNMENT|[73]|this|{"currentUser":"0x320cbb76","isSAUser":false,"iTypeOfScreen":0,"urlReportsSFA":"https://cs6.lightnin (84 more) ..."}|0x28f35d42
15:14:42.0 (40226314)|STATEMENT_EXECUTE|[73]
15:14:42.0 (40228095)|STATEMENT_EXECUTE|[74]
15:14:42.0 (40262267)|VARIABLE_ASSIGNMENT|[EXTERNAL]|this|{"currentUser":"0x320cbb76","isSAUser":false,"iTypeOfScreen":0,"urlReportsSFA":"https://cs6.lightnin (84 more) ..."}|0x28f35d42
15:14:42.0 (40304406)|VARIABLE_ASSIGNMENT|[EXTERNAL]|this|{"currentUser":"0x320cbb76","isSAUser":false,"iTypeOfScreen":0,"urlReportsSFA":"https://cs6.lightnin (84 more) ..."}|0x28f35d42
15:14:42.0 (40318819)|HEAP_ALLOCATE|[74]|Bytes:5
15:14:42.0 (40384846)|SYSTEM_MODE_ENTER|true
15:14:42.0 (40419332)|HEAP_ALLOCATE|[EXTERNAL]|Bytes:44
15:14:42.0 (40444616)|VARIABLE_SCOPE_BEGIN|[83]|this|auMainTopCompCtrl|true|false
15:14:42.0 (40478914)|VARIABLE_ASSIGNMENT|[83]|this|{"currentUser":"0x320cbb76","isSAUser":false,"iTypeOfScreen":0,"urlReportsSFA":"https://cs6.lightnin (84 more) ..."}|0x28f35d42
15:14:42.0 (40488486)|STATEMENT_EXECUTE|[83]
15:14:42.0 (40490242)|STATEMENT_EXECUTE|[84]
15:14:42.0 (40523657)|VARIABLE_ASSIGNMENT|[EXTERNAL]|this|{"currentUser":"0x320cbb76","isSAUser":false,"iTypeOfScreen":0,"urlReportsSFA":"https://cs6.lightnin (84 more) ..."}|0x28f35d42
15:14:42.0 (40565922)|VARIABLE_ASSIGNMENT|[EXTERNAL]|this|{"currentUser":"0x320cbb76","isSAUser":false,"iTypeOfScreen":0,"urlReportsSFA":"https://cs6.lightnin (84 more) ..."}|0x28f35d42
15:14:42.0 (40579710)|HEAP_ALLOCATE|[84]|Bytes:5
15:14:42.0 (40642485)|SYSTEM_MODE_ENTER|true
15:14:42.0 (40676423)|HEAP_ALLOCATE|[EXTERNAL]|Bytes:44
15:14:42.0 (40705007)|VARIABLE_SCOPE_BEGIN|[100]|this|auMainTopCompCtrl|true|false
15:14:42.0 (40737671)|VARIABLE_ASSIGNMENT|[100]|this|{"currentUser":"0x320cbb76","isSAUser":false,"iTypeOfScreen":0,"urlReportsSFA":"https://cs6.lightnin (84 more) ..."}|0x28f35d42
15:14:42.0 (40748307)|STATEMENT_EXECUTE|[100]
15:14:42.0 (40750126)|STATEMENT_EXECUTE|[101]
15:14:42.0 (40784197)|VARIABLE_ASSIGNMENT|[EXTERNAL]|this|{"currentUser":"0x320cbb76","isSAUser":false,"iTypeOfScreen":0,"urlReportsSFA":"https://cs6.lightnin (84 more) ..."}|0x28f35d42
15:14:42.0 (40825745)|VARIABLE_ASSIGNMENT|[EXTERNAL]|this|{"currentUser":"0x320cbb76","isSAUser":false,"iTypeOfScreen":0,"urlReportsSFA":"https://cs6.lightnin (84 more) ..."}|0x28f35d42
15:14:42.0 (40864231)|VARIABLE_ASSIGNMENT|[EXTERNAL]|this|{"currentUser":"0x320cbb76","isSAUser":false,"iTypeOfScreen":0,"urlReportsSFA":"https://cs6.lightnin (84 more) ..."}|0x28f35d42
15:14:42.0 (40878889)|HEAP_ALLOCATE|[101]|Bytes:5
15:14:42.0 (40959082)|SYSTEM_MODE_ENTER|true
15:14:42.0 (40992494)|HEAP_ALLOCATE|[EXTERNAL]|Bytes:32
15:14:42.0 (41000179)|VARIABLE_SCOPE_BEGIN|[69]|this|auSwitchScreenCtrl|true|false
15:14:42.0 (41036352)|VARIABLE_ASSIGNMENT|[69]|this|{"isCommunityUser":false,"isIPhone":false,"isKDDIKnowledgeActivities":false,"isKDDIKnowledgeOnly":false,"isKDDIUser":true,"isSAorEvolvaUser":false,"isSystemAdministrator":true}|0x26aea4d7
15:14:42.0 (41051050)|SYSTEM_MODE_ENTER|false
15:14:42.0 (41058184)|HEAP_ALLOCATE|[71]|Bytes:5
15:14:42.0 (41063206)|STATEMENT_EXECUTE|[69]
15:14:42.0 (41064904)|STATEMENT_EXECUTE|[71]
15:14:42.0 (41102303)|VARIABLE_ASSIGNMENT|[EXTERNAL]|this|{"isCommunityUser":false,"isIPhone":false,"isKDDIKnowledgeActivities":false,"isKDDIKnowledgeOnly":false,"isKDDIUser":true,"isSAorEvolvaUser":false,"isSystemAdministrator":true}|0x26aea4d7
15:14:42.0 (41118720)|HEAP_ALLOCATE|[71]|Bytes:5
15:14:42.0 (41124793)|SYSTEM_MODE_EXIT|false
15:14:42.0 (41130431)|HEAP_ALLOCATE|[71]|Bytes:5
15:14:42.0 (41194594)|SYSTEM_MODE_ENTER|true
15:14:42.0 (41225353)|HEAP_ALLOCATE|[EXTERNAL]|Bytes:32
15:14:42.0 (41232580)|VARIABLE_SCOPE_BEGIN|[75]|this|auSwitchScreenCtrl|true|false
15:14:42.0 (41261073)|VARIABLE_ASSIGNMENT|[75]|this|{"isCommunityUser":false,"isIPhone":false,"isKDDIKnowledgeActivities":false,"isKDDIKnowledgeOnly":false,"isKDDIUser":true,"isSAorEvolvaUser":false,"isSystemAdministrator":true}|0x26aea4d7
15:14:42.0 (41273617)|SYSTEM_MODE_ENTER|false
15:14:42.0 (41279746)|HEAP_ALLOCATE|[77]|Bytes:5
15:14:42.0 (41284205)|STATEMENT_EXECUTE|[75]
15:14:42.0 (41285855)|STATEMENT_EXECUTE|[77]
15:14:42.0 (41317886)|VARIABLE_ASSIGNMENT|[EXTERNAL]|this|{"isCommunityUser":false,"isIPhone":false,"isKDDIKnowledgeActivities":false,"isKDDIKnowledgeOnly":false,"isKDDIUser":true,"isSAorEvolvaUser":false,"isSystemAdministrator":true}|0x26aea4d7
15:14:42.0 (41354053)|VARIABLE_ASSIGNMENT|[EXTERNAL]|this|{"isCommunityUser":false,"isIPhone":false,"isKDDIKnowledgeActivities":false,"isKDDIKnowledgeOnly":false,"isKDDIUser":true,"isSAorEvolvaUser":false,"isSystemAdministrator":true}|0x26aea4d7
15:14:42.0 (41369070)|HEAP_ALLOCATE|[77]|Bytes:5
15:14:42.0 (41374675)|SYSTEM_MODE_EXIT|false
15:14:42.0 (41379540)|HEAP_ALLOCATE|[77]|Bytes:5
15:14:42.0 (41441646)|SYSTEM_MODE_ENTER|true
15:14:42.0 (41472110)|HEAP_ALLOCATE|[EXTERNAL]|Bytes:32
15:14:42.0 (41479332)|VARIABLE_SCOPE_BEGIN|[81]|this|auSwitchScreenCtrl|true|false
15:14:42.0 (41506072)|VARIABLE_ASSIGNMENT|[81]|this|{"isCommunityUser":false,"isIPhone":false,"isKDDIKnowledgeActivities":false,"isKDDIKnowledgeOnly":false,"isKDDIUser":true,"isSAorEvolvaUser":false,"isSystemAdministrator":true}|0x26aea4d7
15:14:42.0 (41518290)|SYSTEM_MODE_ENTER|false
15:14:42.0 (41523936)|HEAP_ALLOCATE|[83]|Bytes:5
15:14:42.0 (41528396)|STATEMENT_EXECUTE|[81]
15:14:42.0 (41530136)|STATEMENT_EXECUTE|[83]
15:14:42.0 (41560144)|VARIABLE_ASSIGNMENT|[EXTERNAL]|this|{"isCommunityUser":false,"isIPhone":false,"isKDDIKnowledgeActivities":false,"isKDDIKnowledgeOnly":false,"isKDDIUser":true,"isSAorEvolvaUser":false,"isSystemAdministrator":true}|0x26aea4d7
15:14:42.0 (41593486)|VARIABLE_ASSIGNMENT|[EXTERNAL]|this|{"isCommunityUser":false,"isIPhone":false,"isKDDIKnowledgeActivities":false,"isKDDIKnowledgeOnly":false,"isKDDIUser":true,"isSAorEvolvaUser":false,"isSystemAdministrator":true}|0x26aea4d7
15:14:42.0 (41606296)|HEAP_ALLOCATE|[83]|Bytes:5
15:14:42.0 (41611507)|SYSTEM_MODE_EXIT|false
15:14:42.0 (41616413)|HEAP_ALLOCATE|[83]|Bytes:5
15:14:42.0 (41675599)|SYSTEM_MODE_ENTER|true
15:14:42.0 (41705122)|HEAP_ALLOCATE|[EXTERNAL]|Bytes:32
15:14:42.0 (41711990)|VARIABLE_SCOPE_BEGIN|[99]|this|auSwitchScreenCtrl|true|false
15:14:42.0 (41738325)|VARIABLE_ASSIGNMENT|[99]|this|{"isCommunityUser":false,"isIPhone":false,"isKDDIKnowledgeActivities":false,"isKDDIKnowledgeOnly":false,"isKDDIUser":true,"isSAorEvolvaUser":false,"isSystemAdministrator":true}|0x26aea4d7
15:14:42.0 (41750790)|SYSTEM_MODE_ENTER|false
15:14:42.0 (41756442)|HEAP_ALLOCATE|[101]|Bytes:5
15:14:42.0 (41760887)|STATEMENT_EXECUTE|[99]
15:14:42.0 (41762510)|STATEMENT_EXECUTE|[101]
15:14:42.0 (41793502)|VARIABLE_ASSIGNMENT|[EXTERNAL]|this|{"isCommunityUser":false,"isIPhone":false,"isKDDIKnowledgeActivities":false,"isKDDIKnowledgeOnly":false,"isKDDIUser":true,"isSAorEvolvaUser":false,"isSystemAdministrator":true}|0x26aea4d7
15:14:42.0 (41806397)|SYSTEM_MODE_EXIT|false
15:14:42.0 (41864279)|SYSTEM_MODE_ENTER|true
15:14:42.0 (41892181)|HEAP_ALLOCATE|[EXTERNAL]|Bytes:32
15:14:42.0 (41898857)|VARIABLE_SCOPE_BEGIN|[93]|this|auSwitchScreenCtrl|true|false
15:14:42.0 (41925088)|VARIABLE_ASSIGNMENT|[93]|this|{"isCommunityUser":false,"isIPhone":false,"isKDDIKnowledgeActivities":false,"isKDDIKnowledgeOnly":false,"isKDDIUser":true,"isSAorEvolvaUser":false,"isSystemAdministrator":true}|0x26aea4d7
15:14:42.0 (41937680)|SYSTEM_MODE_ENTER|false
15:14:42.0 (41943976)|HEAP_ALLOCATE|[95]|Bytes:5
15:14:42.0 (41948093)|STATEMENT_EXECUTE|[93]
15:14:42.0 (41949789)|STATEMENT_EXECUTE|[95]
15:14:42.0 (41979490)|VARIABLE_ASSIGNMENT|[EXTERNAL]|this|{"isCommunityUser":false,"isIPhone":false,"isKDDIKnowledgeActivities":false,"isKDDIKnowledgeOnly":false,"isKDDIUser":true,"isSAorEvolvaUser":false,"isSystemAdministrator":true}|0x26aea4d7
15:14:42.0 (41992653)|SYSTEM_MODE_EXIT|false
15:14:42.0 (42055115)|SYSTEM_MODE_ENTER|true
15:14:42.0 (42084273)|HEAP_ALLOCATE|[EXTERNAL]|Bytes:32
15:14:42.0 (42093085)|VARIABLE_SCOPE_BEGIN|[105]|this|auSwitchScreenCtrl|true|false
15:14:42.0 (42120429)|VARIABLE_ASSIGNMENT|[105]|this|{"isCommunityUser":false,"isIPhone":false,"isKDDIKnowledgeActivities":false,"isKDDIKnowledgeOnly":false,"isKDDIUser":true,"isSAorEvolvaUser":false,"isSystemAdministrator":true}|0x26aea4d7
15:14:42.0 (42131846)|SYSTEM_MODE_ENTER|false
15:14:42.0 (42137058)|HEAP_ALLOCATE|[107]|Bytes:5
15:14:42.0 (42141187)|STATEMENT_EXECUTE|[105]
15:14:42.0 (42142895)|STATEMENT_EXECUTE|[107]
15:14:42.0 (42172984)|VARIABLE_ASSIGNMENT|[EXTERNAL]|this|{"isCommunityUser":false,"isIPhone":false,"isKDDIKnowledgeActivities":false,"isKDDIKnowledgeOnly":false,"isKDDIUser":true,"isSAorEvolvaUser":false,"isSystemAdministrator":true}|0x26aea4d7
15:14:42.0 (42185459)|SYSTEM_MODE_EXIT|false
15:14:42.0 (42242604)|SYSTEM_MODE_ENTER|true
15:14:42.0 (42270144)|HEAP_ALLOCATE|[EXTERNAL]|Bytes:32
15:14:42.0 (42277323)|VARIABLE_SCOPE_BEGIN|[87]|this|auSwitchScreenCtrl|true|false
15:14:42.0 (42305910)|VARIABLE_ASSIGNMENT|[87]|this|{"isCommunityUser":false,"isIPhone":false,"isKDDIKnowledgeActivities":false,"isKDDIKnowledgeOnly":false,"isKDDIUser":true,"isSAorEvolvaUser":false,"isSystemAdministrator":true}|0x26aea4d7
15:14:42.0 (42316976)|SYSTEM_MODE_ENTER|false
15:14:42.0 (42322021)|HEAP_ALLOCATE|[89]|Bytes:5
15:14:42.0 (42326137)|STATEMENT_EXECUTE|[87]
15:14:42.0 (42327801)|STATEMENT_EXECUTE|[89]
15:14:42.0 (42358088)|VARIABLE_ASSIGNMENT|[EXTERNAL]|this|{"isCommunityUser":false,"isIPhone":false,"isKDDIKnowledgeActivities":false,"isKDDIKnowledgeOnly":false,"isKDDIUser":true,"isSAorEvolvaUser":false,"isSystemAdministrator":true}|0x26aea4d7
15:14:42.0 (42371837)|SYSTEM_MODE_EXIT|false
15:14:42.0 (42428117)|SYSTEM_MODE_ENTER|true
15:14:42.0 (42456254)|HEAP_ALLOCATE|[EXTERNAL]|Bytes:32
15:14:42.0 (42463555)|VARIABLE_SCOPE_BEGIN|[111]|this|auSwitchScreenCtrl|true|false
15:14:42.0 (42489978)|VARIABLE_ASSIGNMENT|[111]|this|{"isCommunityUser":false,"isIPhone":false,"isKDDIKnowledgeActivities":false,"isKDDIKnowledgeOnly":false,"isKDDIUser":true,"isSAorEvolvaUser":false,"isSystemAdministrator":true}|0x26aea4d7
15:14:42.0 (42501360)|SYSTEM_MODE_ENTER|false
15:14:42.0 (42506910)|HEAP_ALLOCATE|[113]|Bytes:5
15:14:42.0 (42511091)|STATEMENT_EXECUTE|[111]
15:14:42.0 (42512754)|STATEMENT_EXECUTE|[113]
15:14:42.0 (42546873)|VARIABLE_ASSIGNMENT|[EXTERNAL]|this|{"isCommunityUser":false,"isIPhone":false,"isKDDIKnowledgeActivities":false,"isKDDIKnowledgeOnly":false,"isKDDIUser":true,"isSAorEvolvaUser":false,"isSystemAdministrator":true}|0x26aea4d7
15:14:42.0 (42581671)|VARIABLE_ASSIGNMENT|[EXTERNAL]|this|{"isCommunityUser":false,"isIPhone":false,"isKDDIKnowledgeActivities":false,"isKDDIKnowledgeOnly":false,"isKDDIUser":true,"isSAorEvolvaUser":false,"isSystemAdministrator":true}|0x26aea4d7
15:14:42.0 (42594171)|HEAP_ALLOCATE|[113]|Bytes:5
15:14:42.0 (42599473)|SYSTEM_MODE_EXIT|false
15:14:42.0 (42604278)|HEAP_ALLOCATE|[113]|Bytes:5
15:14:42.0 (42660900)|SYSTEM_MODE_ENTER|true
15:14:42.0 (42688709)|HEAP_ALLOCATE|[EXTERNAL]|Bytes:32
15:14:42.0 (42696094)|VARIABLE_SCOPE_BEGIN|[117]|this|auSwitchScreenCtrl|true|false
15:14:42.0 (42723370)|VARIABLE_ASSIGNMENT|[117]|this|{"isCommunityUser":false,"isIPhone":false,"isKDDIKnowledgeActivities":false,"isKDDIKnowledgeOnly":false,"isKDDIUser":true,"isSAorEvolvaUser":false,"isSystemAdministrator":true}|0x26aea4d7
15:14:42.0 (42734928)|SYSTEM_MODE_ENTER|false
15:14:42.0 (42741109)|HEAP_ALLOCATE|[119]|Bytes:5
15:14:42.0 (42746218)|STATEMENT_EXECUTE|[117]
15:14:42.0 (42747915)|STATEMENT_EXECUTE|[119]
15:14:42.0 (42778459)|VARIABLE_ASSIGNMENT|[EXTERNAL]|this|{"isCommunityUser":false,"isIPhone":false,"isKDDIKnowledgeActivities":false,"isKDDIKnowledgeOnly":false,"isKDDIUser":true,"isSAorEvolvaUser":false,"isSystemAdministrator":true}|0x26aea4d7
15:14:42.0 (42811412)|VARIABLE_ASSIGNMENT|[EXTERNAL]|this|{"isCommunityUser":false,"isIPhone":false,"isKDDIKnowledgeActivities":false,"isKDDIKnowledgeOnly":false,"isKDDIUser":true,"isSAorEvolvaUser":false,"isSystemAdministrator":true}|0x26aea4d7
15:14:42.0 (42823951)|HEAP_ALLOCATE|[119]|Bytes:5
15:14:42.0 (42829608)|SYSTEM_MODE_EXIT|false
15:14:42.0 (42834336)|HEAP_ALLOCATE|[119]|Bytes:5
15:14:42.0 (42901562)|SYSTEM_MODE_ENTER|true
15:14:42.0 (43015784)|SYSTEM_MODE_ENTER|true
15:14:42.0 (43050489)|HEAP_ALLOCATE|[EXTERNAL]|Bytes:240
15:14:42.0 (43057919)|HEAP_ALLOCATE|[EXTERNAL]|Bytes:14
15:14:42.0 (43067526)|METHOD_ENTRY|[1]|01pN0000000XhLs|auSwitchScreenBtmCompCtrl.auSwitchScreenBtmCompCtrl()
15:14:42.0 (43072821)|STATEMENT_EXECUTE|[1]
15:14:42.0 (43076395)|STATEMENT_EXECUTE|[1]
15:14:42.0 (43080460)|METHOD_EXIT|[1]|auSwitchScreenBtmCompCtrl
15:14:42.0 (43094218)|HEAP_ALLOCATE|[EXTERNAL]|Bytes:28
15:14:42.0 (43099568)|VARIABLE_SCOPE_BEGIN|[10]|this|auSwitchScreenBtmCompCtrl|true|false
15:14:42.0 (43127026)|VARIABLE_ASSIGNMENT|[10]|this|{}|0x5f38a67d
15:14:42.0 (43135587)|STATEMENT_EXECUTE|[1]
15:14:42.0 (43137326)|STATEMENT_EXECUTE|[3]
15:14:42.0 (43138847)|STATEMENT_EXECUTE|[4]
15:14:42.0 (43140282)|STATEMENT_EXECUTE|[5]
15:14:42.0 (43141717)|STATEMENT_EXECUTE|[6]
15:14:42.0 (43143197)|STATEMENT_EXECUTE|[7]
15:14:42.0 (43144560)|STATEMENT_EXECUTE|[8]
15:14:42.0 (43157216)|STATEMENT_EXECUTE|[10]
15:14:42.0 (43159322)|STATEMENT_EXECUTE|[12]
15:14:42.0 (43276351)|HEAP_ALLOCATE|[12]|Bytes:140
15:14:42.0 (43330379)|VARIABLE_ASSIGNMENT|[EXTERNAL]|this|{}|0x5f38a67d
15:14:42.0 (43344755)|VARIABLE_ASSIGNMENT|[EXTERNAL]|value|"https://c.cs6.conten (102 more) ..."
15:14:42.0 (43357188)|VARIABLE_ASSIGNMENT|[4]|this.urlDailyReportManual|"https://c.cs6.conten (102 more) ..."|0x5f38a67d
15:14:42.0 (43366500)|STATEMENT_EXECUTE|[13]
15:14:42.0 (43459437)|HEAP_ALLOCATE|[13]|Bytes:140
15:14:42.0 (43511944)|VARIABLE_ASSIGNMENT|[EXTERNAL]|this|{"urlDailyReportManual":"https://c.cs6.conten (102 more) ..."}|0x5f38a67d
15:14:42.0 (43524623)|VARIABLE_ASSIGNMENT|[EXTERNAL]|value|"https://cs6.salesfor (84 more) ..."
15:14:42.0 (43535742)|VARIABLE_ASSIGNMENT|[5]|this.urlExternalCxSTPDManual|"https://cs6.salesfor (84 more) ..."|0x5f38a67d
15:14:42.0 (43544797)|STATEMENT_EXECUTE|[14]
15:14:42.0 (43631732)|HEAP_ALLOCATE|[14]|Bytes:140
15:14:42.0 (43683557)|VARIABLE_ASSIGNMENT|[EXTERNAL]|this|{"urlDailyReportManual":"https://c.cs6.conten (102 more) ...","urlExternalCxSTPDManual":"https://cs6.salesfor (84 more) ..."}|0x5f38a67d
15:14:42.0 (43696170)|VARIABLE_ASSIGNMENT|[EXTERNAL]|value|"https://c.cs6.conten (102 more) ..."
15:14:42.0 (43706888)|VARIABLE_ASSIGNMENT|[6]|this.urlInternalCxSTPDManual|"https://c.cs6.conten (102 more) ..."|0x5f38a67d
15:14:42.0 (43715558)|STATEMENT_EXECUTE|[16]
15:14:42.0 (43727909)|HEAP_ALLOCATE|[16]|Bytes:4
15:14:42.0 (43738951)|METHOD_ENTRY|[18]||System.UserInfo.getUserId()
15:14:42.0 (43760906)|METHOD_EXIT|[18]||System.UserInfo.getUserId()
15:14:42.0 (43932788)|SOQL_EXECUTE_BEGIN|[16]|Aggregations:0|SELECT Profile.Name FROM User WHERE User.ID = :tmpVar1
15:14:42.0 (47349159)|SOQL_EXECUTE_END|[16]|Rows:1
15:14:42.0 (47368878)|HEAP_ALLOCATE|[16]|Bytes:8
15:14:42.0 (47384623)|HEAP_ALLOCATE|[16]|Bytes:127
15:14:42.0 (47409296)|HEAP_ALLOCATE|[16]|Bytes:8
15:14:42.0 (47429407)|HEAP_ALLOCATE|[16]|Bytes:16
15:14:42.0 (47437395)|VARIABLE_SCOPE_BEGIN|[16]|currentUser|User|true|false
15:14:42.0 (47462344)|VARIABLE_ASSIGNMENT|[16]|currentUser|{"ProfileId":"00e6F000002RS1oQAG","Id":"0056F000006PtYlQAK","Profile":{"Name":"System Administrator","Id":"00e6F000002RS1oQAG"}}|0x62bb5d1e
15:14:42.0 (47470012)|STATEMENT_EXECUTE|[20]
15:14:42.0 (47607308)|VARIABLE_ASSIGNMENT|[EXTERNAL]|this|{"urlDailyReportManual":"https://c.cs6.conten (102 more) ...","urlExternalCxSTPDManual":"https://cs6.salesfor (84 more) ...","urlInternalCxSTPDManual":"https://c.cs6.conten (102 more) ..."}|0x5f38a67d
15:14:42.0 (47623085)|VARIABLE_ASSIGNMENT|[EXTERNAL]|value|false
15:14:42.0 (47630732)|HEAP_ALLOCATE|[7]|Bytes:5
15:14:42.0 (47640092)|VARIABLE_ASSIGNMENT|[7]|this.isCommunityUser|false|0x5f38a67d
15:14:42.0 (47651276)|STATEMENT_EXECUTE|[24]
15:14:42.0 (47701489)|VARIABLE_ASSIGNMENT|[EXTERNAL]|this|{"isCommunityUser":false,"urlDailyReportManual":"https://c.cs6.conten (102 more) ...","urlExternalCxSTPDManual":"https://cs6.salesfor (84 more) ...","urlInternalCxSTPDManual":"https://c.cs6.conten (102 more) ..."}|0x5f38a67d
15:14:42.0 (47713400)|VARIABLE_ASSIGNMENT|[EXTERNAL]|value|""
15:14:42.0 (47721891)|VARIABLE_ASSIGNMENT|[3]|this.urlSFDCHome|""|0x5f38a67d
15:14:42.0 (47766119)|VARIABLE_ASSIGNMENT|[EXTERNAL]|this|{"isCommunityUser":false,"urlDailyReportManual":"https://c.cs6.conten (102 more) ...","urlExternalCxSTPDManual":"https://cs6.salesfor (84 more) ...","urlInternalCxSTPDManual":"https://c.cs6.conten (102 more) ...","urlSFDCHome":""}|0x5f38a67d
15:14:42.0 (47781721)|STATEMENT_EXECUTE|[25]
15:14:42.0 (47783769)|STATEMENT_EXECUTE|[26]
15:14:42.0 (47891797)|HEAP_ALLOCATE|[26]|Bytes:140
15:14:42.0 (47950268)|VARIABLE_ASSIGNMENT|[EXTERNAL]|this|{"isCommunityUser":false,"urlDailyReportManual":"https://c.cs6.conten (102 more) ...","urlExternalCxSTPDManual":"https://cs6.salesfor (84 more) ...","urlInternalCxSTPDManual":"https://c.cs6.conten (102 more) ...","urlSFDCHome":""}|0x5f38a67d
15:14:42.0 (47963854)|VARIABLE_ASSIGNMENT|[EXTERNAL]|value|"https://cs6.lightnin (43 more) ..."
15:14:42.0 (47975143)|VARIABLE_ASSIGNMENT|[3]|this.urlSFDCHome|"https://cs6.lightnin (43 more) ..."|0x5f38a67d
15:14:42.0 (47983560)|STATEMENT_EXECUTE|[27]
15:14:42.0 (48080779)|HEAP_ALLOCATE|[27]|Bytes:140
15:14:42.0 (48142616)|VARIABLE_ASSIGNMENT|[EXTERNAL]|this|{"isCommunityUser":false,"urlDailyReportManual":"https://c.cs6.conten (102 more) ...","urlExternalCxSTPDManual":"https://cs6.salesfor (84 more) ...","urlInternalCxSTPDManual":"https://c.cs6.conten (102 more) ...","urlSFDCHome":"https://cs6.lightnin (43 more) ..."}|0x5f38a67d
15:14:42.0 (48157277)|VARIABLE_ASSIGNMENT|[EXTERNAL]|value|"http://lucas-idp.kdd (77 more) ..."
15:14:42.0 (48168770)|VARIABLE_ASSIGNMENT|[8]|this.urlSingleSignOn|"http://lucas-idp.kdd (77 more) ..."|0x5f38a67d
15:14:42.0 (48612193)|SYSTEM_MODE_ENTER|true
15:14:42.0 (48688680)|SYSTEM_MODE_ENTER|true
15:14:42.0 (49424373)|SYSTEM_MODE_ENTER|true
15:14:42.0 (49446338)|HEAP_ALLOCATE|[EXTERNAL]|Bytes:44
15:14:42.0 (49457859)|VARIABLE_ASSIGNMENT|[EXTERNAL]|this.iCountComments|null|0x28f35d42
15:14:42.0 (49497996)|SYSTEM_MODE_ENTER|true
15:14:42.0 (49510438)|HEAP_ALLOCATE|[EXTERNAL]|Bytes:44
15:14:42.0 (49517745)|VARIABLE_ASSIGNMENT|[EXTERNAL]|this.iCountLikes|null|0x28f35d42
15:14:42.0 (49571148)|SYSTEM_MODE_ENTER|true
15:14:42.0 (49585410)|HEAP_ALLOCATE|[EXTERNAL]|Bytes:8
15:14:42.0 (49590619)|HEAP_ALLOCATE|[EXTERNAL]|Bytes:44
15:14:42.0 (49598512)|VARIABLE_ASSIGNMENT|[EXTERNAL]|this.iTypeOfScreen|0|0x28f35d42
15:14:42.0 (49776589)|SYSTEM_MODE_ENTER|true
15:14:42.0 (49816458)|HEAP_ALLOCATE|[EXTERNAL]|Bytes:44
15:14:42.0 (49823457)|VARIABLE_SCOPE_BEGIN|[204]|this|auMainTopCompCtrl|true|false
15:14:42.0 (49864609)|VARIABLE_ASSIGNMENT|[204]|this|{"currentUser":"0x320cbb76","isSAUser":false,"iTypeOfScreen":0,"urlReportsSFA":"https://cs6.lightnin (84 more) ..."}|0x28f35d42
15:14:42.0 (49875314)|STATEMENT_EXECUTE|[204]
15:14:42.0 (49908132)|VARIABLE_ASSIGNMENT|[EXTERNAL]|this|{"currentUser":"0x320cbb76","isSAUser":false,"iTypeOfScreen":0,"urlReportsSFA":"https://cs6.lightnin (84 more) ..."}|0x28f35d42
15:14:42.0 (49947515)|VARIABLE_ASSIGNMENT|[EXTERNAL]|this|{"currentUser":"0x320cbb76","isSAUser":false,"iTypeOfScreen":0,"urlReportsSFA":"https://cs6.lightnin (84 more) ..."}|0x28f35d42
15:14:42.0 (49980397)|VARIABLE_ASSIGNMENT|[EXTERNAL]|this|{"currentUser":"0x320cbb76","isSAUser":false,"iTypeOfScreen":0,"urlReportsSFA":"https://cs6.lightnin (84 more) ..."}|0x28f35d42
15:14:42.0 (50014275)|VARIABLE_ASSIGNMENT|[EXTERNAL]|this|{"currentUser":"0x320cbb76","isSAUser":false,"iTypeOfScreen":0,"urlReportsSFA":"https://cs6.lightnin (84 more) ..."}|0x28f35d42
15:14:42.0 (50053537)|VARIABLE_ASSIGNMENT|[EXTERNAL]|this|{"currentUser":"0x320cbb76","isSAUser":false,"iTypeOfScreen":0,"urlReportsSFA":"https://cs6.lightnin (84 more) ..."}|0x28f35d42
15:14:42.0 (50064494)|STATEMENT_EXECUTE|[213]
15:14:42.0 (50066337)|STATEMENT_EXECUTE|[214]
15:14:42.0 (50121596)|SYSTEM_MODE_ENTER|true
15:14:42.0 (50154411)|HEAP_ALLOCATE|[EXTERNAL]|Bytes:44
15:14:42.0 (50161270)|VARIABLE_SCOPE_BEGIN|[218]|this|auMainTopCompCtrl|true|false
15:14:42.0 (50193352)|VARIABLE_ASSIGNMENT|[218]|this|{"currentUser":"0x320cbb76","isSAUser":false,"iTypeOfScreen":0,"urlReportsSFA":"https://cs6.lightnin (84 more) ..."}|0x28f35d42
15:14:42.0 (50202289)|STATEMENT_EXECUTE|[218]
15:14:42.0 (50229543)|VARIABLE_ASSIGNMENT|[EXTERNAL]|this|{"currentUser":"0x320cbb76","isSAUser":false,"iTypeOfScreen":0,"urlReportsSFA":"https://cs6.lightnin (84 more) ..."}|0x28f35d42
15:14:42.0 (50262259)|VARIABLE_ASSIGNMENT|[EXTERNAL]|this|{"currentUser":"0x320cbb76","isSAUser":false,"iTypeOfScreen":0,"urlReportsSFA":"https://cs6.lightnin (84 more) ..."}|0x28f35d42
15:14:42.0 (50294274)|VARIABLE_ASSIGNMENT|[EXTERNAL]|this|{"currentUser":"0x320cbb76","isSAUser":false,"iTypeOfScreen":0,"urlReportsSFA":"https://cs6.lightnin (84 more) ..."}|0x28f35d42
15:14:42.0 (50325449)|VARIABLE_ASSIGNMENT|[EXTERNAL]|this|{"currentUser":"0x320cbb76","isSAUser":false,"iTypeOfScreen":0,"urlReportsSFA":"https://cs6.lightnin (84 more) ..."}|0x28f35d42
15:14:42.0 (50356172)|VARIABLE_ASSIGNMENT|[EXTERNAL]|this|{"currentUser":"0x320cbb76","isSAUser":false,"iTypeOfScreen":0,"urlReportsSFA":"https://cs6.lightnin (84 more) ..."}|0x28f35d42
15:14:42.0 (50366631)|STATEMENT_EXECUTE|[227]
15:14:42.0 (50368496)|STATEMENT_EXECUTE|[228]
15:14:42.0 (50538802)|SYSTEM_MODE_ENTER|true
15:14:42.0 (55223529)|SYSTEM_MODE_ENTER|true
15:14:42.0 (55266125)|HEAP_ALLOCATE|[EXTERNAL]|Bytes:44
15:14:42.0 (55274066)|VARIABLE_SCOPE_BEGIN|[67]|this|auMainTopCompCtrl|true|false
15:14:42.0 (55314724)|VARIABLE_ASSIGNMENT|[67]|this|{"currentUser":"0x320cbb76","isSAUser":false,"iTypeOfScreen":0,"urlReportsSFA":"https://cs6.lightnin (84 more) ..."}|0x28f35d42
15:14:42.0 (55325456)|STATEMENT_EXECUTE|[67]
15:14:42.0 (55327352)|STATEMENT_EXECUTE|[68]
15:14:42.0 (55357897)|VARIABLE_ASSIGNMENT|[EXTERNAL]|this|{"currentUser":"0x320cbb76","isSAUser":false,"iTypeOfScreen":0,"urlReportsSFA":"https://cs6.lightnin (84 more) ..."}|0x28f35d42
15:14:42.0 (55397103)|VARIABLE_ASSIGNMENT|[EXTERNAL]|this|{"currentUser":"0x320cbb76","isSAUser":false,"iTypeOfScreen":0,"urlReportsSFA":"https://cs6.lightnin (84 more) ..."}|0x28f35d42
15:14:42.0 (55430548)|VARIABLE_ASSIGNMENT|[EXTERNAL]|this|{"currentUser":"0x320cbb76","isSAUser":false,"iTypeOfScreen":0,"urlReportsSFA":"https://cs6.lightnin (84 more) ..."}|0x28f35d42
15:14:42.0 (55444307)|HEAP_ALLOCATE|[68]|Bytes:5
15:14:42.0 (55497853)|SYSTEM_MODE_ENTER|true
15:14:42.0 (55544566)|HEAP_ALLOCATE|[EXTERNAL]|Bytes:44
15:14:42.0 (55551500)|VARIABLE_SCOPE_BEGIN|[73]|this|auMainTopCompCtrl|true|false
15:14:42.0 (55584465)|VARIABLE_ASSIGNMENT|[73]|this|{"currentUser":"0x320cbb76","isSAUser":false,"iTypeOfScreen":0,"urlReportsSFA":"https://cs6.lightnin (84 more) ..."}|0x28f35d42
15:14:42.0 (55594131)|STATEMENT_EXECUTE|[73]
15:14:42.0 (55596012)|STATEMENT_EXECUTE|[74]
15:14:42.0 (55622341)|VARIABLE_ASSIGNMENT|[EXTERNAL]|this|{"currentUser":"0x320cbb76","isSAUser":false,"iTypeOfScreen":0,"urlReportsSFA":"https://cs6.lightnin (84 more) ..."}|0x28f35d42
15:14:42.0 (55655070)|VARIABLE_ASSIGNMENT|[EXTERNAL]|this|{"currentUser":"0x320cbb76","isSAUser":false,"iTypeOfScreen":0,"urlReportsSFA":"https://cs6.lightnin (84 more) ..."}|0x28f35d42
15:14:42.0 (55667925)|HEAP_ALLOCATE|[74]|Bytes:5
15:14:42.0 (55714236)|SYSTEM_MODE_ENTER|true
15:14:42.0 (55742248)|HEAP_ALLOCATE|[EXTERNAL]|Bytes:44
15:14:42.0 (55748367)|VARIABLE_SCOPE_BEGIN|[83]|this|auMainTopCompCtrl|true|false
15:14:42.0 (55779154)|VARIABLE_ASSIGNMENT|[83]|this|{"currentUser":"0x320cbb76","isSAUser":false,"iTypeOfScreen":0,"urlReportsSFA":"https://cs6.lightnin (84 more) ..."}|0x28f35d42
15:14:42.0 (55788498)|STATEMENT_EXECUTE|[83]
15:14:42.0 (55790402)|STATEMENT_EXECUTE|[84]
15:14:42.0 (55816318)|VARIABLE_ASSIGNMENT|[EXTERNAL]|this|{"currentUser":"0x320cbb76","isSAUser":false,"iTypeOfScreen":0,"urlReportsSFA":"https://cs6.lightnin (84 more) ..."}|0x28f35d42
15:14:42.0 (55848474)|VARIABLE_ASSIGNMENT|[EXTERNAL]|this|{"currentUser":"0x320cbb76","isSAUser":false,"iTypeOfScreen":0,"urlReportsSFA":"https://cs6.lightnin (84 more) ..."}|0x28f35d42
15:14:42.0 (55860705)|HEAP_ALLOCATE|[84]|Bytes:5
15:14:42.0 (55903445)|SYSTEM_MODE_ENTER|true
15:14:42.0 (55930275)|HEAP_ALLOCATE|[EXTERNAL]|Bytes:44
15:14:42.0 (55936249)|VARIABLE_SCOPE_BEGIN|[100]|this|auMainTopCompCtrl|true|false
15:14:42.0 (55967003)|VARIABLE_ASSIGNMENT|[100]|this|{"currentUser":"0x320cbb76","isSAUser":false,"iTypeOfScreen":0,"urlReportsSFA":"https://cs6.lightnin (84 more) ..."}|0x28f35d42
15:14:42.0 (55976238)|STATEMENT_EXECUTE|[100]
15:14:42.0 (55978042)|STATEMENT_EXECUTE|[101]
15:14:42.0 (56004083)|VARIABLE_ASSIGNMENT|[EXTERNAL]|this|{"currentUser":"0x320cbb76","isSAUser":false,"iTypeOfScreen":0,"urlReportsSFA":"https://cs6.lightnin (84 more) ..."}|0x28f35d42
15:14:42.0 (56043105)|VARIABLE_ASSIGNMENT|[EXTERNAL]|this|{"currentUser":"0x320cbb76","isSAUser":false,"iTypeOfScreen":0,"urlReportsSFA":"https://cs6.lightnin (84 more) ..."}|0x28f35d42
15:14:42.0 (56075664)|VARIABLE_ASSIGNMENT|[EXTERNAL]|this|{"currentUser":"0x320cbb76","isSAUser":false,"iTypeOfScreen":0,"urlReportsSFA":"https://cs6.lightnin (84 more) ..."}|0x28f35d42
15:14:42.0 (56088122)|HEAP_ALLOCATE|[101]|Bytes:5
15:14:42.0 (58032836)|SYSTEM_MODE_ENTER|true
15:14:42.0 (58443285)|SYSTEM_MODE_ENTER|true
15:14:42.0 (59142365)|VF_SERIALIZE_VIEWSTATE_BEGIN|066N0000000F0Uk
15:14:42.0 (62412091)|VF_SERIALIZE_VIEWSTATE_END
15:14:42.68 (68550407)|CUMULATIVE_LIMIT_USAGE
15:14:42.68 (68550407)|LIMIT_USAGE_FOR_NS|(default)|
  Number of SOQL queries: 5 out of 100
  Number of query rows: 5 out of 50000
  Number of SOSL queries: 0 out of 20
  Number of DML statements: 0 out of 150
  Number of DML rows: 0 out of 10000
  Maximum CPU time: 0 out of 10000
  Maximum heap size: 0 out of 6000000
  Number of callouts: 0 out of 100
  Number of Email Invocations: 0 out of 10
  Number of future calls: 0 out of 50
  Number of queueable jobs added to the queue: 0 out of 50
  Number of Mobile Apex push calls: 0 out of 10

15:14:42.68 (68550407)|CUMULATIVE_LIMIT_USAGE_END

15:14:42.0 (68581205)|CODE_UNIT_FINISHED|VF: /apex/auSwitchScreenPage
15:14:42.0 (69443206)|EXECUTION_FINISHED
