42.0 APEX_CODE,FINEST;APEX_PROFILING,INFO;CALLOUT,INFO;DB,INFO;NBA,INFO;SYSTEM,DEBUG;VALIDATION,INFO;VISUALFORCE,INFO;WAVE,INFO;WORKFLOW,INFO
11:01:32.0 (71758)|USER_INFO|[EXTERNAL]|005N00000057PfO|thomas.remy+kddi_gwdev01@globalway.co.jp|Japan Standard Time|GMT+09:00
11:01:32.0 (110034)|EXECUTION_STARTED
11:01:32.0 (114768)|CODE_UNIT_STARTED|[EXTERNAL]|066N0000000M4pW|VF: /apex/sadailyreport
11:01:32.0 (263021)|VF_DESERIALIZE_VIEWSTATE_BEGIN|066N0000000M4pW
11:01:32.0 (3716250)|HEAP_ALLOCATE|[72]|Bytes:3
11:01:32.0 (3751153)|HEAP_ALLOCATE|[77]|Bytes:152
11:01:32.0 (3768858)|HEAP_ALLOCATE|[342]|Bytes:408
11:01:32.0 (3787604)|HEAP_ALLOCATE|[355]|Bytes:408
11:01:32.0 (3805294)|HEAP_ALLOCATE|[467]|Bytes:48
11:01:32.0 (3830178)|HEAP_ALLOCATE|[139]|Bytes:6
11:01:32.0 (4764840)|HEAP_ALLOCATE|[50]|Bytes:5
11:01:32.0 (4791982)|HEAP_ALLOCATE|[56]|Bytes:5
11:01:32.0 (4801633)|HEAP_ALLOCATE|[64]|Bytes:7
11:01:32.0 (5554441)|VARIABLE_SCOPE_BEGIN|[3]|saDailyReportCtrl.SOURCE|String|false|true
11:01:32.0 (5566484)|VARIABLE_SCOPE_BEGIN|[4]|saDailyReportCtrl.SOURCE_ID|String|false|true
11:01:32.0 (6567040)|VARIABLE_SCOPE_BEGIN|[25]|auMainTopCompCtrl.TYPE_SCREEN_ACCOUNT_LIST|Integer|false|true
11:01:32.0 (6578746)|VARIABLE_SCOPE_BEGIN|[26]|auMainTopCompCtrl.TYPE_SCREEN_ACTIVITY_LIST|Integer|false|true
11:01:32.0 (6586092)|VARIABLE_SCOPE_BEGIN|[7]|auMainTopCompCtrl.TYPE_SCREEN_CX_SCREEN|Integer|false|true
11:01:32.0 (6593074)|VARIABLE_SCOPE_BEGIN|[8]|auMainTopCompCtrl.TYPE_SCREEN_CX_TIMELINE|Integer|false|true
11:01:32.0 (6600777)|VARIABLE_SCOPE_BEGIN|[9]|auMainTopCompCtrl.TYPE_SCREEN_EVENT_SCHEDULE|Integer|false|true
11:01:32.0 (6609397)|VARIABLE_SCOPE_BEGIN|[10]|auMainTopCompCtrl.TYPE_SCREEN_EVENT_SCHEDULE_LIST|Integer|false|true
11:01:32.0 (6615500)|VARIABLE_SCOPE_BEGIN|[27]|auMainTopCompCtrl.TYPE_SCREEN_FILE_LIST|Integer|false|true
11:01:32.0 (6621165)|VARIABLE_SCOPE_BEGIN|[24]|auMainTopCompCtrl.TYPE_SCREEN_HONBU_DIRECT|Integer|false|true
11:01:32.0 (6628157)|VARIABLE_SCOPE_BEGIN|[11]|auMainTopCompCtrl.TYPE_SCREEN_KNOWLEDGE_DASHBOARD|Integer|false|true
11:01:32.0 (6634910)|VARIABLE_SCOPE_BEGIN|[12]|auMainTopCompCtrl.TYPE_SCREEN_KNOWLEDGE_LIST|Integer|false|true
11:01:32.0 (6641256)|VARIABLE_SCOPE_BEGIN|[15]|auMainTopCompCtrl.TYPE_SCREEN_SA_CHATTER|Integer|false|true
11:01:32.0 (6647065)|VARIABLE_SCOPE_BEGIN|[16]|auMainTopCompCtrl.TYPE_SCREEN_SA_DAILYREPORT|Integer|false|true
11:01:32.0 (6652806)|VARIABLE_SCOPE_BEGIN|[22]|auMainTopCompCtrl.TYPE_SCREEN_SA_DAILYREPORTLIST|Integer|false|true
11:01:32.0 (6659080)|VARIABLE_SCOPE_BEGIN|[18]|auMainTopCompCtrl.TYPE_SCREEN_SA_DOCUMENTS|Integer|false|true
11:01:32.0 (6664691)|VARIABLE_SCOPE_BEGIN|[17]|auMainTopCompCtrl.TYPE_SCREEN_SA_ENQUETE|Integer|false|true
11:01:32.0 (6670373)|VARIABLE_SCOPE_BEGIN|[20]|auMainTopCompCtrl.TYPE_SCREEN_SA_LINKS|Integer|false|true
11:01:32.0 (6676136)|VARIABLE_SCOPE_BEGIN|[13]|auMainTopCompCtrl.TYPE_SCREEN_SA_MESSAGES|Integer|false|true
11:01:32.0 (6681933)|VARIABLE_SCOPE_BEGIN|[19]|auMainTopCompCtrl.TYPE_SCREEN_SA_RANKING|Integer|false|true
11:01:32.0 (6687847)|VARIABLE_SCOPE_BEGIN|[14]|auMainTopCompCtrl.TYPE_SCREEN_SA_REPORTS|Integer|false|true
11:01:32.0 (6693575)|VARIABLE_SCOPE_BEGIN|[23]|auMainTopCompCtrl.TYPE_SCREEN_SA_TODO|Integer|false|true
11:01:32.0 (6699702)|VARIABLE_SCOPE_BEGIN|[21]|auMainTopCompCtrl.TYPE_SCREEN_SA_USRSETTINGS|Integer|false|true
11:01:32.0 (6705607)|VARIABLE_SCOPE_BEGIN|[4]|auMainTopCompCtrl.TYPE_SCREEN_STPD_EVENT|Integer|false|true
11:01:32.0 (6711950)|VARIABLE_SCOPE_BEGIN|[6]|auMainTopCompCtrl.TYPE_SCREEN_STPD_SCREEN|Integer|false|true
11:01:32.0 (6718070)|VARIABLE_SCOPE_BEGIN|[5]|auMainTopCompCtrl.TYPE_SCREEN_STPD_TIMELINE|Integer|false|true
11:01:32.0 (6725002)|VARIABLE_SCOPE_BEGIN|[3]|auMainTopCompCtrl.TYPE_SCREEN_SWITCH|Integer|false|true
11:01:32.0 (7886960)|VF_DESERIALIZE_VIEWSTATE_END
11:01:32.0 (10145114)|SYSTEM_MODE_ENTER|true
11:01:32.0 (10432941)|HEAP_ALLOCATE|[EXTERNAL]|Bytes:284
11:01:32.0 (10447195)|HEAP_ALLOCATE|[EXTERNAL]|Bytes:150
11:01:32.0 (10461475)|METHOD_ENTRY|[1]|01pN0000000Mill|auMainTopCompCtrl.auMainTopCompCtrl()
11:01:32.0 (10468214)|STATEMENT_EXECUTE|[1]
11:01:32.0 (10473418)|STATEMENT_EXECUTE|[1]
11:01:32.0 (10475227)|STATEMENT_EXECUTE|[3]
11:01:32.0 (10481282)|HEAP_ALLOCATE|[3]|Bytes:4
11:01:32.0 (10505408)|VARIABLE_ASSIGNMENT|[3]|auMainTopCompCtrl.TYPE_SCREEN_SWITCH|0
11:01:32.0 (10511146)|STATEMENT_EXECUTE|[4]
11:01:32.0 (10513931)|HEAP_ALLOCATE|[4]|Bytes:4
11:01:32.0 (10522043)|VARIABLE_ASSIGNMENT|[4]|auMainTopCompCtrl.TYPE_SCREEN_STPD_EVENT|11
11:01:32.0 (10526280)|STATEMENT_EXECUTE|[5]
11:01:32.0 (10528772)|HEAP_ALLOCATE|[5]|Bytes:4
11:01:32.0 (10535285)|VARIABLE_ASSIGNMENT|[5]|auMainTopCompCtrl.TYPE_SCREEN_STPD_TIMELINE|12
11:01:32.0 (10539061)|STATEMENT_EXECUTE|[6]
11:01:32.0 (10540963)|HEAP_ALLOCATE|[6]|Bytes:4
11:01:32.0 (10548389)|VARIABLE_ASSIGNMENT|[6]|auMainTopCompCtrl.TYPE_SCREEN_STPD_SCREEN|13
11:01:32.0 (10552253)|STATEMENT_EXECUTE|[7]
11:01:32.0 (10554281)|HEAP_ALLOCATE|[7]|Bytes:4
11:01:32.0 (10559944)|VARIABLE_ASSIGNMENT|[7]|auMainTopCompCtrl.TYPE_SCREEN_CX_SCREEN|21
11:01:32.0 (10565539)|STATEMENT_EXECUTE|[8]
11:01:32.0 (10567570)|HEAP_ALLOCATE|[8]|Bytes:4
11:01:32.0 (10573476)|VARIABLE_ASSIGNMENT|[8]|auMainTopCompCtrl.TYPE_SCREEN_CX_TIMELINE|22
11:01:32.0 (10577288)|STATEMENT_EXECUTE|[9]
11:01:32.0 (10579216)|HEAP_ALLOCATE|[9]|Bytes:4
11:01:32.0 (10584893)|VARIABLE_ASSIGNMENT|[9]|auMainTopCompCtrl.TYPE_SCREEN_EVENT_SCHEDULE|31
11:01:32.0 (10589009)|STATEMENT_EXECUTE|[10]
11:01:32.0 (10591079)|HEAP_ALLOCATE|[10]|Bytes:4
11:01:32.0 (10596710)|VARIABLE_ASSIGNMENT|[10]|auMainTopCompCtrl.TYPE_SCREEN_EVENT_SCHEDULE_LIST|32
11:01:32.0 (10600868)|STATEMENT_EXECUTE|[11]
11:01:32.0 (10603720)|HEAP_ALLOCATE|[11]|Bytes:4
11:01:32.0 (10611308)|VARIABLE_ASSIGNMENT|[11]|auMainTopCompCtrl.TYPE_SCREEN_KNOWLEDGE_DASHBOARD|41
11:01:32.0 (10616111)|STATEMENT_EXECUTE|[12]
11:01:32.0 (10618146)|HEAP_ALLOCATE|[12]|Bytes:4
11:01:32.0 (10624087)|VARIABLE_ASSIGNMENT|[12]|auMainTopCompCtrl.TYPE_SCREEN_KNOWLEDGE_LIST|42
11:01:32.0 (10627843)|STATEMENT_EXECUTE|[13]
11:01:32.0 (10629886)|HEAP_ALLOCATE|[13]|Bytes:4
11:01:32.0 (10635508)|VARIABLE_ASSIGNMENT|[13]|auMainTopCompCtrl.TYPE_SCREEN_SA_MESSAGES|51
11:01:32.0 (10639277)|STATEMENT_EXECUTE|[14]
11:01:32.0 (10641144)|HEAP_ALLOCATE|[14]|Bytes:4
11:01:32.0 (10647539)|VARIABLE_ASSIGNMENT|[14]|auMainTopCompCtrl.TYPE_SCREEN_SA_REPORTS|52
11:01:32.0 (10651007)|STATEMENT_EXECUTE|[15]
11:01:32.0 (10652978)|HEAP_ALLOCATE|[15]|Bytes:4
11:01:32.0 (10658285)|VARIABLE_ASSIGNMENT|[15]|auMainTopCompCtrl.TYPE_SCREEN_SA_CHATTER|53
11:01:32.0 (10661545)|STATEMENT_EXECUTE|[16]
11:01:32.0 (10664213)|HEAP_ALLOCATE|[16]|Bytes:4
11:01:32.0 (10669939)|VARIABLE_ASSIGNMENT|[16]|auMainTopCompCtrl.TYPE_SCREEN_SA_DAILYREPORT|54
11:01:32.0 (10673616)|STATEMENT_EXECUTE|[17]
11:01:32.0 (10675645)|HEAP_ALLOCATE|[17]|Bytes:4
11:01:32.0 (10681411)|VARIABLE_ASSIGNMENT|[17]|auMainTopCompCtrl.TYPE_SCREEN_SA_ENQUETE|55
11:01:32.0 (10684995)|STATEMENT_EXECUTE|[18]
11:01:32.0 (10687106)|HEAP_ALLOCATE|[18]|Bytes:4
11:01:32.0 (10692784)|VARIABLE_ASSIGNMENT|[18]|auMainTopCompCtrl.TYPE_SCREEN_SA_DOCUMENTS|56
11:01:32.0 (10696033)|STATEMENT_EXECUTE|[19]
11:01:32.0 (10698021)|HEAP_ALLOCATE|[19]|Bytes:4
11:01:32.0 (10703817)|VARIABLE_ASSIGNMENT|[19]|auMainTopCompCtrl.TYPE_SCREEN_SA_RANKING|57
11:01:32.0 (10707304)|STATEMENT_EXECUTE|[20]
11:01:32.0 (10709224)|HEAP_ALLOCATE|[20]|Bytes:4
11:01:32.0 (10715155)|VARIABLE_ASSIGNMENT|[20]|auMainTopCompCtrl.TYPE_SCREEN_SA_LINKS|58
11:01:32.0 (10718648)|STATEMENT_EXECUTE|[21]
11:01:32.0 (10720473)|HEAP_ALLOCATE|[21]|Bytes:4
11:01:32.0 (10726315)|VARIABLE_ASSIGNMENT|[21]|auMainTopCompCtrl.TYPE_SCREEN_SA_USRSETTINGS|59
11:01:32.0 (10730565)|STATEMENT_EXECUTE|[22]
11:01:32.0 (10732530)|HEAP_ALLOCATE|[22]|Bytes:4
11:01:32.0 (10738146)|VARIABLE_ASSIGNMENT|[22]|auMainTopCompCtrl.TYPE_SCREEN_SA_DAILYREPORTLIST|60
11:01:32.0 (10741396)|STATEMENT_EXECUTE|[23]
11:01:32.0 (10743451)|HEAP_ALLOCATE|[23]|Bytes:4
11:01:32.0 (10751225)|VARIABLE_ASSIGNMENT|[23]|auMainTopCompCtrl.TYPE_SCREEN_SA_TODO|61
11:01:32.0 (10755046)|STATEMENT_EXECUTE|[24]
11:01:32.0 (10757183)|HEAP_ALLOCATE|[24]|Bytes:4
11:01:32.0 (10762682)|VARIABLE_ASSIGNMENT|[24]|auMainTopCompCtrl.TYPE_SCREEN_HONBU_DIRECT|71
11:01:32.0 (10766822)|STATEMENT_EXECUTE|[25]
11:01:32.0 (10768692)|HEAP_ALLOCATE|[25]|Bytes:4
11:01:32.0 (10774277)|VARIABLE_ASSIGNMENT|[25]|auMainTopCompCtrl.TYPE_SCREEN_ACCOUNT_LIST|81
11:01:32.0 (10778273)|STATEMENT_EXECUTE|[26]
11:01:32.0 (10780116)|HEAP_ALLOCATE|[26]|Bytes:4
11:01:32.0 (10785581)|VARIABLE_ASSIGNMENT|[26]|auMainTopCompCtrl.TYPE_SCREEN_ACTIVITY_LIST|82
11:01:32.0 (10789319)|STATEMENT_EXECUTE|[27]
11:01:32.0 (10791780)|HEAP_ALLOCATE|[27]|Bytes:4
11:01:32.0 (10796912)|VARIABLE_ASSIGNMENT|[27]|auMainTopCompCtrl.TYPE_SCREEN_FILE_LIST|83
11:01:32.0 (10804585)|METHOD_EXIT|[1]|auMainTopCompCtrl
11:01:32.0 (10810742)|HEAP_ALLOCATE|[EXTERNAL]|Bytes:40
11:01:32.0 (10818030)|VARIABLE_SCOPE_BEGIN|[80]|this|auMainTopCompCtrl|true|false
11:01:32.0 (10880044)|VARIABLE_ASSIGNMENT|[80]|this|{"currentUser":"0x4000c9f5","iTypeOfScreen":54,"urlReportsSFA":"https://cs6.lightnin (84 more) ..."}|0x3b844bf7
11:01:32.0 (10892225)|STATEMENT_EXECUTE|[80]
11:01:32.0 (10893864)|STATEMENT_EXECUTE|[81]
11:01:32.0 (10942559)|VARIABLE_ASSIGNMENT|[EXTERNAL]|this|{"currentUser":"0x4000c9f5","iTypeOfScreen":54,"urlReportsSFA":"https://cs6.lightnin (84 more) ..."}|0x3b844bf7
11:01:32.0 (10991617)|VARIABLE_ASSIGNMENT|[EXTERNAL]|this|{"currentUser":"0x4000c9f5","iTypeOfScreen":54,"urlReportsSFA":"https://cs6.lightnin (84 more) ..."}|0x3b844bf7
11:01:32.0 (11029715)|VARIABLE_ASSIGNMENT|[EXTERNAL]|this|{"currentUser":"0x4000c9f5","iTypeOfScreen":54,"urlReportsSFA":"https://cs6.lightnin (84 more) ..."}|0x3b844bf7
11:01:32.0 (11067066)|VARIABLE_ASSIGNMENT|[EXTERNAL]|this|{"currentUser":"0x4000c9f5","iTypeOfScreen":54,"urlReportsSFA":"https://cs6.lightnin (84 more) ..."}|0x3b844bf7
11:01:32.0 (11085271)|HEAP_ALLOCATE|[81]|Bytes:5
11:01:32.0 (11181841)|SYSTEM_MODE_ENTER|true
11:01:32.0 (11214503)|HEAP_ALLOCATE|[EXTERNAL]|Bytes:40
11:01:32.0 (11221668)|VARIABLE_SCOPE_BEGIN|[98]|this|auMainTopCompCtrl|true|false
11:01:32.0 (11252707)|VARIABLE_ASSIGNMENT|[98]|this|{"currentUser":"0x4000c9f5","iTypeOfScreen":54,"urlReportsSFA":"https://cs6.lightnin (84 more) ..."}|0x3b844bf7
11:01:32.0 (11262212)|STATEMENT_EXECUTE|[98]
11:01:32.0 (11264050)|STATEMENT_EXECUTE|[99]
11:01:32.0 (11296018)|VARIABLE_ASSIGNMENT|[EXTERNAL]|this|{"currentUser":"0x4000c9f5","iTypeOfScreen":54,"urlReportsSFA":"https://cs6.lightnin (84 more) ..."}|0x3b844bf7
11:01:32.0 (11310337)|HEAP_ALLOCATE|[99]|Bytes:5
11:01:32.0 (11374245)|SYSTEM_MODE_ENTER|true
11:01:32.0 (11401306)|HEAP_ALLOCATE|[EXTERNAL]|Bytes:40
11:01:32.0 (11407573)|VARIABLE_SCOPE_BEGIN|[102]|this|auMainTopCompCtrl|true|false
11:01:32.0 (11438215)|VARIABLE_ASSIGNMENT|[102]|this|{"currentUser":"0x4000c9f5","iTypeOfScreen":54,"urlReportsSFA":"https://cs6.lightnin (84 more) ..."}|0x3b844bf7
11:01:32.0 (11447432)|STATEMENT_EXECUTE|[102]
11:01:32.0 (11449637)|STATEMENT_EXECUTE|[103]
11:01:32.0 (11481574)|VARIABLE_ASSIGNMENT|[EXTERNAL]|this|{"currentUser":"0x4000c9f5","iTypeOfScreen":54,"urlReportsSFA":"https://cs6.lightnin (84 more) ..."}|0x3b844bf7
11:01:32.0 (11495599)|HEAP_ALLOCATE|[103]|Bytes:5
11:01:32.0 (11575128)|SYSTEM_MODE_ENTER|true
11:01:32.0 (11596061)|HEAP_ALLOCATE|[EXTERNAL]|Bytes:40
11:01:32.0 (11608847)|VARIABLE_ASSIGNMENT|[EXTERNAL]|this.iCountComments|null|0x3b844bf7
11:01:32.0 (11649593)|SYSTEM_MODE_ENTER|true
11:01:32.0 (11661392)|HEAP_ALLOCATE|[EXTERNAL]|Bytes:40
11:01:32.0 (11668889)|VARIABLE_ASSIGNMENT|[EXTERNAL]|this.iCountLikes|null|0x3b844bf7
11:01:32.0 (11748247)|SYSTEM_MODE_ENTER|true
11:01:32.0 (11782328)|HEAP_ALLOCATE|[EXTERNAL]|Bytes:26
11:01:32.0 (11790788)|HEAP_ALLOCATE|[EXTERNAL]|Bytes:460
11:01:32.0 (11795124)|HEAP_ALLOCATE|[EXTERNAL]|Bytes:113
11:01:32.0 (11799276)|HEAP_ALLOCATE|[EXTERNAL]|Bytes:39
11:01:32.0 (11802966)|HEAP_ALLOCATE|[EXTERNAL]|Bytes:3
11:01:32.0 (11811661)|VARIABLE_ASSIGNMENT|[EXTERNAL]|saDailyReportCtrl.SOURCE|"src"
11:01:32.0 (11816657)|HEAP_ALLOCATE|[EXTERNAL]|Bytes:2
11:01:32.0 (11823028)|VARIABLE_ASSIGNMENT|[EXTERNAL]|saDailyReportCtrl.SOURCE_ID|"id"
11:01:32.0 (11831653)|METHOD_ENTRY|[1]|01pN0000000aE0W|saDailyReportCtrl.saDailyReportCtrl()
11:01:32.0 (11836593)|STATEMENT_EXECUTE|[1]
11:01:32.0 (11839930)|STATEMENT_EXECUTE|[1]
11:01:32.0 (11848317)|SYSTEM_MODE_ENTER|false
11:01:32.0 (11855832)|HEAP_ALLOCATE|[EXTERNAL]|Bytes:5
11:01:32.0 (11860590)|STATEMENT_EXECUTE|[649]
11:01:32.0 (11862541)|STATEMENT_EXECUTE|[676]
11:01:32.0 (11868074)|SYSTEM_MODE_EXIT|false
11:01:32.0 (11876231)|METHOD_EXIT|[1]|saDailyReportCtrl
11:01:32.0 (11881054)|HEAP_ALLOCATE|[EXTERNAL]|Bytes:76
11:01:32.0 (11886419)|VARIABLE_SCOPE_BEGIN|[92]|this|saDailyReportCtrl|true|false
11:01:32.0 (12193936)|VARIABLE_ASSIGNMENT|[92]|this|{"BusinessLocationName":"","currentInquiryReply":"0x1407789","currentInquiryReplyDetail":"0x18024fa5","dailyReportId":"a0IN0000006RUllMAG","dCurrentDay":"2018-06-30T00:00:00Z","dCurrentMonth":"2018-07-01T00:00:00Z","iCurrentDay":0,"idBusinessLocation":"","isIPhone":false,"isPreview":true,"lsBusinessLocation":"0x5e8b6231","messageError":"","messageQuestion":"","mpQuestions":"0xf7c07e5","myUser":"0xd02c5bc","sourceOfTheCall":"preview"}|0x74a4b05d
11:01:32.0 (12215461)|SYSTEM_MODE_ENTER|false
11:01:32.0 (12222596)|HEAP_ALLOCATE|[92]|Bytes:5
11:01:32.0 (12227971)|STATEMENT_EXECUTE|[92]
11:01:32.0 (12229775)|STATEMENT_EXECUTE|[92]
11:01:32.0 (12234683)|SYSTEM_MODE_EXIT|false
11:01:32.0 (12291872)|SYSTEM_MODE_ENTER|true
11:01:32.0 (12309428)|HEAP_ALLOCATE|[EXTERNAL]|Bytes:8
11:01:32.0 (12314356)|HEAP_ALLOCATE|[EXTERNAL]|Bytes:40
11:01:32.0 (12324251)|VARIABLE_ASSIGNMENT|[EXTERNAL]|this.iTypeOfScreen|54|0x3b844bf7
11:01:32.0 (12476625)|SYSTEM_MODE_ENTER|true
11:01:32.0 (12562730)|SYSTEM_MODE_ENTER|true
11:01:32.0 (12639406)|SYSTEM_MODE_ENTER|true
11:01:32.0 (12821683)|SYSTEM_MODE_ENTER|true
11:01:32.0 (14004091)|SYSTEM_MODE_ENTER|true
11:01:32.0 (15852561)|SYSTEM_MODE_ENTER|true
11:01:32.0 (15901885)|SYSTEM_MODE_ENTER|true
11:01:32.0 (15937448)|SYSTEM_MODE_ENTER|true
11:01:32.0 (15971757)|SYSTEM_MODE_ENTER|true
11:01:32.0 (16002937)|SYSTEM_MODE_ENTER|true
11:01:32.0 (16050268)|SYSTEM_MODE_ENTER|true
11:01:32.0 (16084873)|HEAP_ALLOCATE|[EXTERNAL]|Bytes:40
11:01:32.0 (16092070)|VARIABLE_SCOPE_BEGIN|[80]|this|auMainTopCompCtrl|true|false
11:01:32.0 (16130893)|VARIABLE_ASSIGNMENT|[80]|this|{"currentUser":"0x4000c9f5","iTypeOfScreen":54,"urlReportsSFA":"https://cs6.lightnin (84 more) ..."}|0x3b844bf7
11:01:32.0 (16145171)|STATEMENT_EXECUTE|[80]
11:01:32.0 (16147963)|STATEMENT_EXECUTE|[81]
11:01:32.0 (16189084)|VARIABLE_ASSIGNMENT|[EXTERNAL]|this|{"currentUser":"0x4000c9f5","iTypeOfScreen":54,"urlReportsSFA":"https://cs6.lightnin (84 more) ..."}|0x3b844bf7
11:01:32.0 (16242548)|VARIABLE_ASSIGNMENT|[EXTERNAL]|this|{"currentUser":"0x4000c9f5","iTypeOfScreen":54,"urlReportsSFA":"https://cs6.lightnin (84 more) ..."}|0x3b844bf7
11:01:32.0 (16293980)|VARIABLE_ASSIGNMENT|[EXTERNAL]|this|{"currentUser":"0x4000c9f5","iTypeOfScreen":54,"urlReportsSFA":"https://cs6.lightnin (84 more) ..."}|0x3b844bf7
11:01:32.0 (16329015)|VARIABLE_ASSIGNMENT|[EXTERNAL]|this|{"currentUser":"0x4000c9f5","iTypeOfScreen":54,"urlReportsSFA":"https://cs6.lightnin (84 more) ..."}|0x3b844bf7
11:01:32.0 (16343150)|HEAP_ALLOCATE|[81]|Bytes:5
11:01:32.0 (16403541)|SYSTEM_MODE_ENTER|true
11:01:32.0 (16436416)|HEAP_ALLOCATE|[EXTERNAL]|Bytes:40
11:01:32.0 (16442781)|VARIABLE_SCOPE_BEGIN|[98]|this|auMainTopCompCtrl|true|false
11:01:32.0 (16479416)|VARIABLE_ASSIGNMENT|[98]|this|{"currentUser":"0x4000c9f5","iTypeOfScreen":54,"urlReportsSFA":"https://cs6.lightnin (84 more) ..."}|0x3b844bf7
11:01:32.0 (16493575)|STATEMENT_EXECUTE|[98]
11:01:32.0 (16495998)|STATEMENT_EXECUTE|[99]
11:01:32.0 (16532628)|VARIABLE_ASSIGNMENT|[EXTERNAL]|this|{"currentUser":"0x4000c9f5","iTypeOfScreen":54,"urlReportsSFA":"https://cs6.lightnin (84 more) ..."}|0x3b844bf7
11:01:32.0 (16554214)|HEAP_ALLOCATE|[99]|Bytes:5
11:01:32.0 (16620829)|SYSTEM_MODE_ENTER|true
11:01:32.0 (16653828)|HEAP_ALLOCATE|[EXTERNAL]|Bytes:40
11:01:32.0 (16659878)|VARIABLE_SCOPE_BEGIN|[102]|this|auMainTopCompCtrl|true|false
11:01:32.0 (16690119)|VARIABLE_ASSIGNMENT|[102]|this|{"currentUser":"0x4000c9f5","iTypeOfScreen":54,"urlReportsSFA":"https://cs6.lightnin (84 more) ..."}|0x3b844bf7
11:01:32.0 (16699586)|STATEMENT_EXECUTE|[102]
11:01:32.0 (16701460)|STATEMENT_EXECUTE|[103]
11:01:32.0 (16726809)|VARIABLE_ASSIGNMENT|[EXTERNAL]|this|{"currentUser":"0x4000c9f5","iTypeOfScreen":54,"urlReportsSFA":"https://cs6.lightnin (84 more) ..."}|0x3b844bf7
11:01:32.0 (16743720)|HEAP_ALLOCATE|[103]|Bytes:5
11:01:32.0 (20190704)|SYSTEM_MODE_ENTER|true
11:01:32.0 (20214778)|HEAP_ALLOCATE|[EXTERNAL]|Bytes:16
11:01:32.0 (20221129)|HEAP_ALLOCATE|[EXTERNAL]|Bytes:76
11:01:32.0 (20233802)|VARIABLE_ASSIGNMENT|[EXTERNAL]|this.messageError|"正しいデーターを入れてください。"|0x74a4b05d
11:01:32.0 (20274901)|SYSTEM_MODE_ENTER|true
11:01:32.0 (20290278)|HEAP_ALLOCATE|[EXTERNAL]|Bytes:76
11:01:32.0 (20298996)|VARIABLE_ASSIGNMENT|[EXTERNAL]|this.messageQuestion|""|0x74a4b05d
11:01:32.0 (20322448)|SYSTEM_MODE_ENTER|true
11:01:32.0 (20336473)|HEAP_ALLOCATE|[EXTERNAL]|Bytes:5
11:01:32.0 (20340698)|HEAP_ALLOCATE|[EXTERNAL]|Bytes:76
11:01:32.0 (20347065)|VARIABLE_ASSIGNMENT|[EXTERNAL]|this.isPreview|true|0x74a4b05d
11:01:32.0 (20374135)|SYSTEM_MODE_ENTER|true
11:01:32.0 (20385461)|HEAP_ALLOCATE|[EXTERNAL]|Bytes:76
11:01:32.0 (20392699)|VARIABLE_ASSIGNMENT|[EXTERNAL]|this.idBusinessLocation|""|0x74a4b05d
11:01:32.0 (20413691)|SYSTEM_MODE_ENTER|true
11:01:32.0 (20424689)|HEAP_ALLOCATE|[EXTERNAL]|Bytes:8
11:01:32.0 (20428633)|HEAP_ALLOCATE|[EXTERNAL]|Bytes:76
11:01:32.0 (20435135)|VARIABLE_ASSIGNMENT|[EXTERNAL]|this.iCurrentDay|0|0x74a4b05d
11:01:32.0 (20524618)|SYSTEM_MODE_ENTER|true
11:01:32.0 (20538054)|HEAP_ALLOCATE|[EXTERNAL]|Bytes:40
11:01:32.0 (20546004)|VARIABLE_ASSIGNMENT|[EXTERNAL]|this.iCountComments|null|0x3b844bf7
11:01:32.0 (20574530)|SYSTEM_MODE_ENTER|true
11:01:32.0 (20584897)|HEAP_ALLOCATE|[EXTERNAL]|Bytes:40
11:01:32.0 (20591528)|VARIABLE_ASSIGNMENT|[EXTERNAL]|this.iCountLikes|null|0x3b844bf7
11:01:32.0 (20629283)|SYSTEM_MODE_ENTER|true
11:01:32.0 (20663284)|HEAP_ALLOCATE|[EXTERNAL]|Bytes:76
11:01:32.0 (20669586)|VARIABLE_SCOPE_BEGIN|[92]|this|saDailyReportCtrl|true|false
11:01:32.0 (20855932)|VARIABLE_ASSIGNMENT|[92]|this|{"BusinessLocationName":"","currentInquiryReply":"0x1407789","currentInquiryReplyDetail":"0x18024fa5","dailyReportId":"a0IN0000006RUllMAG","dCurrentDay":"2018-06-30T00:00:00Z","dCurrentMonth":"2018-07-01T00:00:00Z","iCurrentDay":0,"idBusinessLocation":"","isIPhone":false,"isPreview":true,"lsBusinessLocation":"0x5e8b6231","messageError":"正しいデーターを入れてください。","messageQuestion":"","mpQuestions":"0xf7c07e5","myUser":"0xd02c5bc","sourceOfTheCall":"preview"}|0x74a4b05d
11:01:32.0 (20876015)|SYSTEM_MODE_ENTER|false
11:01:32.0 (20883517)|HEAP_ALLOCATE|[92]|Bytes:5
11:01:32.0 (20889508)|STATEMENT_EXECUTE|[92]
11:01:32.0 (20891390)|STATEMENT_EXECUTE|[92]
11:01:32.0 (20895499)|SYSTEM_MODE_EXIT|false
11:01:32.0 (20938859)|SYSTEM_MODE_ENTER|true
11:01:32.0 (20958174)|HEAP_ALLOCATE|[EXTERNAL]|Bytes:8
11:01:32.0 (20964500)|HEAP_ALLOCATE|[EXTERNAL]|Bytes:40
11:01:32.0 (20976314)|VARIABLE_ASSIGNMENT|[EXTERNAL]|this.iTypeOfScreen|54|0x3b844bf7
11:01:32.0 (21132203)|SYSTEM_MODE_ENTER|true
11:01:32.0 (23757612)|HEAP_ALLOCATE|[EXTERNAL]|Bytes:76
11:01:32.0 (23768821)|VARIABLE_SCOPE_BEGIN|[199]|this|saDailyReportCtrl|true|false
11:01:32.0 (23930207)|VARIABLE_ASSIGNMENT|[199]|this|{"BusinessLocationName":"","currentInquiryReply":"0x1407789","currentInquiryReplyDetail":"0x18024fa5","dailyReportId":"a0IN0000006RUllMAG","dCurrentDay":"2018-06-30T00:00:00Z","dCurrentMonth":"2018-07-01T00:00:00Z","iCurrentDay":0,"idBusinessLocation":"","isIPhone":false,"isPreview":true,"lsBusinessLocation":"0x5e8b6231","messageError":"正しいデーターを入れてください。","messageQuestion":"","mpQuestions":"0xf7c07e5","myUser":"0xd02c5bc","sourceOfTheCall":"preview"}|0x74a4b05d
11:01:32.0 (23951195)|SYSTEM_MODE_ENTER|false
11:01:32.0 (23959290)|HEAP_ALLOCATE|[201]|Bytes:5
11:01:32.0 (23965800)|STATEMENT_EXECUTE|[199]
11:01:32.0 (23967795)|STATEMENT_EXECUTE|[201]
11:01:32.0 (24123200)|VARIABLE_ASSIGNMENT|[EXTERNAL]|this|{"BusinessLocationName":"","currentInquiryReply":"0x1407789","currentInquiryReplyDetail":"0x18024fa5","dailyReportId":"a0IN0000006RUllMAG","dCurrentDay":"2018-06-30T00:00:00Z","dCurrentMonth":"2018-07-01T00:00:00Z","iCurrentDay":0,"idBusinessLocation":"","isIPhone":false,"isPreview":true,"lsBusinessLocation":"0x5e8b6231","messageError":"正しいデーターを入れてください。","messageQuestion":"","mpQuestions":"0xf7c07e5","myUser":"0xd02c5bc","sourceOfTheCall":"preview"}|0x74a4b05d
11:01:32.0 (24139688)|VARIABLE_ASSIGNMENT|[EXTERNAL]|value|""
11:01:32.0 (24150808)|VARIABLE_ASSIGNMENT|[6]|this.messageError|""|0x74a4b05d
11:01:32.0 (24161690)|STATEMENT_EXECUTE|[202]
11:01:32.0 (24297281)|VARIABLE_ASSIGNMENT|[EXTERNAL]|this|{"BusinessLocationName":"","currentInquiryReply":"0x1407789","currentInquiryReplyDetail":"0x18024fa5","dailyReportId":"a0IN0000006RUllMAG","dCurrentDay":"2018-06-30T00:00:00Z","dCurrentMonth":"2018-07-01T00:00:00Z","iCurrentDay":0,"idBusinessLocation":"","isIPhone":false,"isPreview":true,"lsBusinessLocation":"0x5e8b6231","messageError":"","messageQuestion":"","mpQuestions":"0xf7c07e5","myUser":"0xd02c5bc","sourceOfTheCall":"preview"}|0x74a4b05d
11:01:32.0 (24312220)|VARIABLE_ASSIGNMENT|[EXTERNAL]|value|""
11:01:32.0 (24321450)|VARIABLE_ASSIGNMENT|[7]|this.messageQuestion|""|0x74a4b05d
11:01:32.0 (24331011)|STATEMENT_EXECUTE|[204]
11:01:32.0 (24332730)|STATEMENT_EXECUTE|[204]
11:01:32.0 (24334334)|STATEMENT_EXECUTE|[206]
11:01:32.0 (24521098)|VARIABLE_ASSIGNMENT|[EXTERNAL]|this|{"BusinessLocationName":"","currentInquiryReply":"0x1407789","currentInquiryReplyDetail":"0x18024fa5","dailyReportId":"a0IN0000006RUllMAG","dCurrentDay":"2018-06-30T00:00:00Z","dCurrentMonth":"2018-07-01T00:00:00Z","iCurrentDay":0,"idBusinessLocation":"","isIPhone":false,"isPreview":true,"lsBusinessLocation":"0x5e8b6231","messageError":"","messageQuestion":"","mpQuestions":"0xf7c07e5","myUser":"0xd02c5bc","sourceOfTheCall":"preview"}|0x74a4b05d
11:01:32.0 (24576677)|HEAP_ALLOCATE|[206]|Bytes:4
11:01:32.0 (24613471)|VARIABLE_ASSIGNMENT|[206]|this.dCurrentDay|"2018-06-30T00:00:00.000Z"|0x74a4b05d
11:01:32.0 (24620514)|STATEMENT_EXECUTE|[208]
11:01:32.0 (24632109)|HEAP_ALLOCATE|[208]|Bytes:4
11:01:32.0 (24837172)|VARIABLE_ASSIGNMENT|[EXTERNAL]|this|{"BusinessLocationName":"","currentInquiryReply":"0x1407789","currentInquiryReplyDetail":"0x18024fa5","dailyReportId":"a0IN0000006RUllMAG","dCurrentDay":"2018-06-30T00:00:00Z","dCurrentMonth":"2018-07-01T00:00:00Z","iCurrentDay":0,"idBusinessLocation":"","isIPhone":false,"isPreview":true,"lsBusinessLocation":"0x5e8b6231","messageError":"","messageQuestion":"","mpQuestions":"0xf7c07e5","myUser":"0xd02c5bc","sourceOfTheCall":"preview"}|0x74a4b05d
11:01:32.0 (24853412)|HEAP_ALLOCATE|[EXTERNAL]|Bytes:4
11:01:32.0 (24865257)|VARIABLE_ASSIGNMENT|[EXTERNAL]|value|[]|0x47552dfa
11:01:32.0 (24876321)|VARIABLE_ASSIGNMENT|[22]|this.currentInquiryReplyDetail|[]|0x74a4b05d
11:01:32.0 (24885831)|STATEMENT_EXECUTE|[209]
11:01:32.0 (24897680)|HEAP_ALLOCATE|[209]|Bytes:4
11:01:32.0 (25060867)|VARIABLE_ASSIGNMENT|[EXTERNAL]|this|{"BusinessLocationName":"","currentInquiryReply":"0x1407789","currentInquiryReplyDetail":"0x47552dfa","dailyReportId":"a0IN0000006RUllMAG","dCurrentDay":"2018-06-30T00:00:00Z","dCurrentMonth":"2018-07-01T00:00:00Z","iCurrentDay":0,"idBusinessLocation":"","isIPhone":false,"isPreview":true,"lsBusinessLocation":"0x5e8b6231","messageError":"","messageQuestion":"","mpQuestions":"0xf7c07e5","myUser":"0xd02c5bc","sourceOfTheCall":"preview"}|0x74a4b05d
11:01:32.0 (25080412)|VARIABLE_ASSIGNMENT|[EXTERNAL]|value|{}|0x3e43efa8
11:01:32.0 (25092121)|VARIABLE_ASSIGNMENT|[24]|this.mpQuestions|{}|0x74a4b05d
11:01:32.0 (25101433)|STATEMENT_EXECUTE|[211]
11:01:32.0 (25233441)|VARIABLE_ASSIGNMENT|[EXTERNAL]|this|{"BusinessLocationName":"","currentInquiryReply":"0x1407789","currentInquiryReplyDetail":"0x47552dfa","dailyReportId":"a0IN0000006RUllMAG","dCurrentDay":"2018-06-30T00:00:00Z","dCurrentMonth":"2018-07-01T00:00:00Z","iCurrentDay":0,"idBusinessLocation":"","isIPhone":false,"isPreview":true,"lsBusinessLocation":"0x5e8b6231","messageError":"","messageQuestion":"","mpQuestions":"0x3e43efa8","myUser":"0xd02c5bc","sourceOfTheCall":"preview"}|0x74a4b05d
11:01:32.0 (25249074)|VARIABLE_ASSIGNMENT|[EXTERNAL]|value|""
11:01:32.0 (25257576)|VARIABLE_ASSIGNMENT|[23]|this.BusinessLocationName|""|0x74a4b05d
11:01:32.0 (25269206)|HEAP_ALLOCATE|[212]|Bytes:81
11:01:32.0 (25283230)|HEAP_ALLOCATE|[212]|Bytes:4
11:01:32.0 (25291231)|HEAP_ALLOCATE|[212]|Bytes:7
11:01:32.0 (25432900)|VARIABLE_ASSIGNMENT|[EXTERNAL]|this|{"BusinessLocationName":"","currentInquiryReply":"0x1407789","currentInquiryReplyDetail":"0x47552dfa","dailyReportId":"a0IN0000006RUllMAG","dCurrentDay":"2018-06-30T00:00:00Z","dCurrentMonth":"2018-07-01T00:00:00Z","iCurrentDay":0,"idBusinessLocation":"","isIPhone":false,"isPreview":true,"lsBusinessLocation":"0x5e8b6231","messageError":"","messageQuestion":"","mpQuestions":"0x3e43efa8","myUser":"0xd02c5bc","sourceOfTheCall":"preview"}|0x74a4b05d
11:01:32.0 (25748658)|SOQL_EXECUTE_BEGIN|[212]|Aggregations:0|SELECT Id, BusinessLocationName__c FROM saBusinessLocation__c 
11:01:32.0 (27074865)|SOQL_EXECUTE_END|[212]|Rows:0
11:01:32.0 (27228870)|HEAP_ALLOCATE|[212]|Bytes:54
11:01:32.0 (27239396)|HEAP_ALLOCATE|[212]|Bytes:8
11:01:32.0 (27266873)|SYSTEM_METHOD_ENTRY|[7]|QueryLocatorIterator.QueryLocatorIterator()
11:01:32.0 (27271938)|STATEMENT_EXECUTE|[7]
11:01:32.0 (27278350)|SYSTEM_METHOD_EXIT|[7]|QueryLocatorIterator
11:01:32.0 (27285821)|HEAP_ALLOCATE|[212]|Bytes:28
11:01:32.0 (27301596)|HEAP_ALLOCATE|[212]|Bytes:8
11:01:32.0 (27306266)|HEAP_ALLOCATE|[212]|Bytes:8
11:01:32.0 (27311276)|VARIABLE_SCOPE_BEGIN|[15]|this|Database.QueryLocatorIterator|true|false
11:01:32.0 (27339474)|VARIABLE_ASSIGNMENT|[15]|this|{}|0x7399ba4e
11:01:32.0 (27346929)|VARIABLE_SCOPE_BEGIN|[15]|values|List<SObject>|true|false
11:01:32.0 (27359668)|VARIABLE_ASSIGNMENT|[15]|values|null|
11:01:32.0 (27364946)|VARIABLE_SCOPE_BEGIN|[15]|ql|Database.QueryLocator|true|false
11:01:32.0 (27383893)|VARIABLE_ASSIGNMENT|[15]|ql|{"query":"SELECT Id, BusinessL (61 more) ..."}|0x37dd8cb6
11:01:32.0 (27390126)|VARIABLE_SCOPE_BEGIN|[15]|totalNumRecords|Integer|false|false
11:01:32.0 (27398311)|VARIABLE_ASSIGNMENT|[15]|totalNumRecords|0
11:01:32.0 (27403091)|VARIABLE_SCOPE_BEGIN|[15]|queryMoreSize|Integer|false|false
11:01:32.0 (27410241)|VARIABLE_ASSIGNMENT|[15]|queryMoreSize|50000
11:01:32.0 (27485794)|HEAP_ALLOCATE|[212]|Bytes:28
11:01:32.0 (27505201)|METHOD_ENTRY|[212]||Database.QueryLocatorIterator.hasNext()
11:01:32.0 (27523605)|METHOD_EXIT|[212]||Database.QueryLocatorIterator.hasNext()
11:01:32.0 (27556667)|VARIABLE_ASSIGNMENT|[212]|bl|null|
11:01:32.0 (27563724)|STATEMENT_EXECUTE|[212]
11:01:32.0 (27578590)|STATEMENT_EXECUTE|[219]
11:01:32.0 (27581731)|HEAP_ALLOCATE|[219]|Bytes:195
11:01:32.0 (27594875)|HEAP_ALLOCATE|[219]|Bytes:4
11:01:32.0 (27618925)|HEAP_ALLOCATE|[219]|Bytes:7
11:01:32.0 (27649542)|HEAP_ALLOCATE|[223]|Bytes:89
11:01:32.0 (27658606)|SYSTEM_METHOD_ENTRY|[1]|UserInfo.UserInfo()
11:01:32.0 (27662563)|STATEMENT_EXECUTE|[1]
11:01:32.0 (27667197)|SYSTEM_METHOD_EXIT|[1]|UserInfo
11:01:32.0 (27676607)|METHOD_ENTRY|[223]||System.UserInfo.getUserId()
11:01:32.0 (27713252)|METHOD_EXIT|[223]||System.UserInfo.getUserId()
11:01:32.0 (28195915)|SOQL_EXECUTE_BEGIN|[219]|Aggregations:0|SELECT Id, saBusinessLocation__c, Status__c, saInquiry__c, Comment__c FROM saInquiryReply__c WHERE (saInquiry__r.Type__c = 'DAILY_REPORT' AND DailyReportDate__c = :tmpVar1 AND User__c = :tmpVar2)
11:01:32.0 (33485420)|SOQL_EXECUTE_END|[219]|Rows:0
11:01:32.0 (33508359)|HEAP_ALLOCATE|[219]|Bytes:4
11:01:32.0 (33519898)|HEAP_ALLOCATE|[219]|Bytes:0
11:01:32.0 (33572056)|HEAP_ALLOCATE|[219]|Bytes:4
11:01:32.0 (33584736)|VARIABLE_SCOPE_BEGIN|[219]|lsInqRep|List<saInquiryReply__c>|true|false
11:01:32.0 (33602405)|VARIABLE_ASSIGNMENT|[219]|lsInqRep|[]|0x5a4c65fb
11:01:32.0 (33663416)|STATEMENT_EXECUTE|[225]
11:01:32.0 (33666178)|STATEMENT_EXECUTE|[227]
11:01:32.0 (33669786)|HEAP_ALLOCATE|[227]|Bytes:207
11:01:32.0 (33682891)|HEAP_ALLOCATE|[227]|Bytes:4
11:01:32.0 (33869073)|VARIABLE_ASSIGNMENT|[EXTERNAL]|this|{"BusinessLocationName":"","currentInquiryReply":"0x1407789","currentInquiryReplyDetail":"0x47552dfa","dailyReportId":"a0IN0000006RUllMAG","dCurrentDay":"2018-06-30T00:00:00Z","dCurrentMonth":"2018-07-01T00:00:00Z","iCurrentDay":0,"idBusinessLocation":"","isIPhone":false,"isPreview":true,"lsBusinessLocation":"0x5e8b6231","messageError":"","messageQuestion":"","mpQuestions":"0x3e43efa8","myUser":"0xd02c5bc","sourceOfTheCall":"preview"}|0x74a4b05d
11:01:32.0 (33896757)|HEAP_ALLOCATE|[227]|Bytes:7
11:01:32.0 (33905695)|METHOD_ENTRY|[232]||System.UserInfo.getUserId()
11:01:32.0 (33927261)|METHOD_EXIT|[232]||System.UserInfo.getUserId()
11:01:32.0 (34216417)|SOQL_EXECUTE_BEGIN|[227]|Aggregations:0|SELECT Id, saBusinessLocation__c, Status__c FROM saInquiryReply__c WHERE (saInquiry__r.Type__c = 'DAILY_REPORT' AND DailyReportDate__c = :tmpVar1 AND saBusinessLocation__c = :tmpVar2 AND User__c != :tmpVar3)
11:01:32.0 (36736100)|SOQL_EXECUTE_END|[227]|Rows:0
11:01:32.0 (36757262)|HEAP_ALLOCATE|[227]|Bytes:4
11:01:32.0 (36769271)|HEAP_ALLOCATE|[227]|Bytes:0
11:01:32.0 (36791979)|HEAP_ALLOCATE|[227]|Bytes:4
11:01:32.0 (36802507)|VARIABLE_SCOPE_BEGIN|[227]|lsInqOtherPeople|List<saInquiryReply__c>|true|false
11:01:32.0 (36817590)|VARIABLE_ASSIGNMENT|[227]|lsInqOtherPeople|[]|0x6f6d5769
11:01:32.0 (36850206)|STATEMENT_EXECUTE|[234]
11:01:32.0 (36852646)|STATEMENT_EXECUTE|[240]
11:01:32.0 (36855142)|VARIABLE_SCOPE_BEGIN|[240]|lsTemplate|List<saInquiryReply__c>|true|false
11:01:32.0 (36865212)|VARIABLE_ASSIGNMENT|[240]|lsTemplate|null|
11:01:32.0 (37034144)|VARIABLE_ASSIGNMENT|[EXTERNAL]|this|{"BusinessLocationName":"","currentInquiryReply":"0x1407789","currentInquiryReplyDetail":"0x47552dfa","dailyReportId":"a0IN0000006RUllMAG","dCurrentDay":"2018-06-30T00:00:00Z","dCurrentMonth":"2018-07-01T00:00:00Z","iCurrentDay":0,"idBusinessLocation":"","isIPhone":false,"isPreview":true,"lsBusinessLocation":"0x5e8b6231","messageError":"","messageQuestion":"","mpQuestions":"0x3e43efa8","myUser":"0xd02c5bc","sourceOfTheCall":"preview"}|0x74a4b05d
11:01:32.0 (37055286)|STATEMENT_EXECUTE|[252]
11:01:32.0 (37057496)|STATEMENT_EXECUTE|[253]
11:01:32.0 (37061061)|HEAP_ALLOCATE|[253]|Bytes:393
11:01:32.0 (37074557)|HEAP_ALLOCATE|[253]|Bytes:4
11:01:32.0 (37102790)|METHOD_ENTRY|[259]||System.UserInfo.getUserId()
11:01:32.0 (37124561)|METHOD_EXIT|[259]||System.UserInfo.getUserId()
11:01:32.0 (37534919)|SOQL_EXECUTE_BEGIN|[253]|Aggregations:0|SELECT Id, saBusinessLocation__c, Status__c, saInquiry__c, Comment__c FROM saInquiryReply__c WHERE (saInquiry__r.Type__c = 'DAILY_REPORT' AND (saInquiry__r.ValidFrom__c = NULL OR saInquiry__r.ValidFrom__c <= :tmpVar1) AND (saInquiry__r.ValidTo__c = NULL OR saInquiry__r.ValidTo__c >= :tmpVar2) AND DailyReportDate__c = NULL AND User__c = :tmpVar3) ORDER BY CreatedDate DESC NULLS FIRST LIMIT 1
11:01:32.0 (41511140)|SOQL_EXECUTE_END|[253]|Rows:1
11:01:32.0 (41531028)|HEAP_ALLOCATE|[253]|Bytes:8
11:01:32.0 (41543671)|HEAP_ALLOCATE|[253]|Bytes:89
11:01:32.0 (41566394)|HEAP_ALLOCATE|[253]|Bytes:8
11:01:32.0 (41594879)|VARIABLE_ASSIGNMENT|[253]|lsTemplate|[{"Id":"a0KN0000007Kg4nMAC","Status__c":"WAITING_REPLY","saInquiry__c":"a0IN0000006RUllMAG"}]|0x54138742
11:01:32.0 (41602670)|STATEMENT_EXECUTE|[264]
11:01:32.0 (41607746)|HEAP_ALLOCATE|[264]|Bytes:11
11:01:32.0 (41702035)|HEAP_ALLOCATE|[264]|Bytes:101
11:01:32.0 (41725629)|HEAP_ALLOCATE|[264]|Bytes:112
11:01:32.0 (41747682)|USER_DEBUG|[264]|DEBUG|Template : (saInquiryReply__c:{Id=a0KN0000007Kg4nMAC, Status__c=WAITING_REPLY, saInquiry__c=a0IN0000006RUllMAG})
11:01:32.0 (41777212)|STATEMENT_EXECUTE|[265]
11:01:32.0 (41779432)|STATEMENT_EXECUTE|[271]
11:01:32.0 (41789455)|HEAP_ALLOCATE|[271]|Bytes:16
11:01:32.0 (41814439)|VARIABLE_SCOPE_BEGIN|[271]|idInquiry|Id|false|false
11:01:32.0 (41879818)|VARIABLE_ASSIGNMENT|[271]|idInquiry|"a0IN0000006RUllMAG"
11:01:32.0 (41887278)|STATEMENT_EXECUTE|[272]
11:01:32.0 (41907296)|HEAP_ALLOCATE|[272]|Bytes:4
11:01:32.0 (42143885)|VARIABLE_ASSIGNMENT|[EXTERNAL]|this|{"BusinessLocationName":"","currentInquiryReply":"0x1407789","currentInquiryReplyDetail":"0x47552dfa","dailyReportId":"a0IN0000006RUllMAG","dCurrentDay":"2018-06-30T00:00:00Z","dCurrentMonth":"2018-07-01T00:00:00Z","iCurrentDay":0,"idBusinessLocation":"","isIPhone":false,"isPreview":true,"lsBusinessLocation":"0x5e8b6231","messageError":"","messageQuestion":"","mpQuestions":"0x3e43efa8","myUser":"0xd02c5bc","sourceOfTheCall":"preview"}|0x74a4b05d
11:01:32.0 (42165153)|VARIABLE_ASSIGNMENT|[EXTERNAL]|value|{}|0x7eb9883f
11:01:32.0 (42179335)|VARIABLE_ASSIGNMENT|[21]|this.currentInquiryReply|{}|0x74a4b05d
11:01:32.0 (42190255)|STATEMENT_EXECUTE|[273]
11:01:32.0 (42328634)|VARIABLE_ASSIGNMENT|[EXTERNAL]|this|{"BusinessLocationName":"","currentInquiryReply":"0x7eb9883f","currentInquiryReplyDetail":"0x47552dfa","dailyReportId":"a0IN0000006RUllMAG","dCurrentDay":"2018-06-30T00:00:00Z","dCurrentMonth":"2018-07-01T00:00:00Z","iCurrentDay":0,"idBusinessLocation":"","isIPhone":false,"isPreview":true,"lsBusinessLocation":"0x5e8b6231","messageError":"","messageQuestion":"","mpQuestions":"0x3e43efa8","myUser":"0xd02c5bc","sourceOfTheCall":"preview"}|0x74a4b05d
11:01:32.0 (42416782)|VARIABLE_ASSIGNMENT|[273]|this.saInquiry__c|"a0IN0000006RUllMAG"|0x7eb9883f
11:01:32.0 (42563968)|VARIABLE_ASSIGNMENT|[EXTERNAL]|this|{"BusinessLocationName":"","currentInquiryReply":"0x7eb9883f","currentInquiryReplyDetail":"0x47552dfa","dailyReportId":"a0IN0000006RUllMAG","dCurrentDay":"2018-06-30T00:00:00Z","dCurrentMonth":"2018-07-01T00:00:00Z","iCurrentDay":0,"idBusinessLocation":"","isIPhone":false,"isPreview":true,"lsBusinessLocation":"0x5e8b6231","messageError":"","messageQuestion":"","mpQuestions":"0x3e43efa8","myUser":"0xd02c5bc","sourceOfTheCall":"preview"}|0x74a4b05d
11:01:32.0 (42582920)|STATEMENT_EXECUTE|[277]
11:01:32.0 (42585016)|STATEMENT_EXECUTE|[280]
11:01:32.0 (42590254)|METHOD_ENTRY|[280]||System.UserInfo.getUserId()
11:01:32.0 (42613316)|METHOD_EXIT|[280]||System.UserInfo.getUserId()
11:01:32.0 (42627173)|HEAP_ALLOCATE|[280]|Bytes:4
11:01:32.0 (42758697)|VARIABLE_ASSIGNMENT|[EXTERNAL]|this|{"BusinessLocationName":"","currentInquiryReply":"0x7eb9883f","currentInquiryReplyDetail":"0x47552dfa","dailyReportId":"a0IN0000006RUllMAG","dCurrentDay":"2018-06-30T00:00:00Z","dCurrentMonth":"2018-07-01T00:00:00Z","iCurrentDay":0,"idBusinessLocation":"","isIPhone":false,"isPreview":true,"lsBusinessLocation":"0x5e8b6231","messageError":"","messageQuestion":"","mpQuestions":"0x3e43efa8","myUser":"0xd02c5bc","sourceOfTheCall":"preview"}|0x74a4b05d
11:01:32.0 (42812519)|VARIABLE_ASSIGNMENT|[280]|this.User__c|"005N00000057PfOIAU"|0x7eb9883f
11:01:32.0 (42820229)|STATEMENT_EXECUTE|[281]
11:01:32.0 (42957801)|VARIABLE_ASSIGNMENT|[EXTERNAL]|this|{"BusinessLocationName":"","currentInquiryReply":"0x7eb9883f","currentInquiryReplyDetail":"0x47552dfa","dailyReportId":"a0IN0000006RUllMAG","dCurrentDay":"2018-06-30T00:00:00Z","dCurrentMonth":"2018-07-01T00:00:00Z","iCurrentDay":0,"idBusinessLocation":"","isIPhone":false,"isPreview":true,"lsBusinessLocation":"0x5e8b6231","messageError":"","messageQuestion":"","mpQuestions":"0x3e43efa8","myUser":"0xd02c5bc","sourceOfTheCall":"preview"}|0x74a4b05d
11:01:32.0 (43021649)|VARIABLE_ASSIGNMENT|[281]|this.DailyReportDate__c|"2018-06-30T00:00:00.000Z"|0x7eb9883f
11:01:32.0 (43029570)|STATEMENT_EXECUTE|[282]
11:01:32.0 (43033370)|HEAP_ALLOCATE|[282]|Bytes:13
11:01:32.0 (43173108)|VARIABLE_ASSIGNMENT|[EXTERNAL]|this|{"BusinessLocationName":"","currentInquiryReply":"0x7eb9883f","currentInquiryReplyDetail":"0x47552dfa","dailyReportId":"a0IN0000006RUllMAG","dCurrentDay":"2018-06-30T00:00:00Z","dCurrentMonth":"2018-07-01T00:00:00Z","iCurrentDay":0,"idBusinessLocation":"","isIPhone":false,"isPreview":true,"lsBusinessLocation":"0x5e8b6231","messageError":"","messageQuestion":"","mpQuestions":"0x3e43efa8","myUser":"0xd02c5bc","sourceOfTheCall":"preview"}|0x74a4b05d
11:01:32.0 (43218942)|VARIABLE_ASSIGNMENT|[282]|this.Status__c|"WAITING_REPLY"|0x7eb9883f
11:01:32.0 (43226105)|STATEMENT_EXECUTE|[283]
11:01:32.0 (43366908)|VARIABLE_ASSIGNMENT|[EXTERNAL]|this|{"BusinessLocationName":"","currentInquiryReply":"0x7eb9883f","currentInquiryReplyDetail":"0x47552dfa","dailyReportId":"a0IN0000006RUllMAG","dCurrentDay":"2018-06-30T00:00:00Z","dCurrentMonth":"2018-07-01T00:00:00Z","iCurrentDay":0,"idBusinessLocation":"","isIPhone":false,"isPreview":true,"lsBusinessLocation":"0x5e8b6231","messageError":"","messageQuestion":"","mpQuestions":"0x3e43efa8","myUser":"0xd02c5bc","sourceOfTheCall":"preview"}|0x74a4b05d
11:01:32.0 (43414154)|VARIABLE_ASSIGNMENT|[283]|this.Comment__c|""|0x7eb9883f
11:01:32.0 (43421517)|STATEMENT_EXECUTE|[285]
11:01:32.0 (43425776)|HEAP_ALLOCATE|[285]|Bytes:625
11:01:32.0 (43439523)|HEAP_ALLOCATE|[285]|Bytes:4
11:01:32.0 (43929669)|SOQL_EXECUTE_BEGIN|[285]|Aggregations:0|SELECT Id, QuestionLabel__c, AnswerType__c, NumberPossibleReplies__c, IsShortReply__c, SortNo__c, IsRequired__c, Reply01Label__c, Reply02Label__c, Reply03Label__c, Reply04Label__c, Reply05Label__c, Reply06Label__c, Reply07Label__c, Reply08Label__c, Reply09Label__c, Reply10Label__c, Reply11Label__c, Reply12Label__c, Reply13Label__c, Reply14Label__c, Reply15Label__c, Reply16Label__c, Reply17Label__c, Reply18Label__c, Reply19Label__c, Reply20Label__c, Reply21Label__c, Reply22Label__c, Reply23Label__c, Reply24Label__c, Reply25Label__c FROM saInquiryDetail__c WHERE saInquiry__c = :tmpVar1 ORDER BY SortNo__c ASC NULLS FIRST
11:01:32.0 (54297567)|SOQL_EXECUTE_END|[285]|Rows:1
11:01:32.0 (54322509)|HEAP_ALLOCATE|[285]|Bytes:8
11:01:32.0 (54346965)|HEAP_ALLOCATE|[285]|Bytes:282
11:01:32.0 (54405094)|HEAP_ALLOCATE|[285]|Bytes:8
11:01:32.0 (54422155)|VARIABLE_SCOPE_BEGIN|[285]|lsTmpQuest|List<saInquiryDetail__c>|true|false
11:01:32.0 (54473010)|VARIABLE_ASSIGNMENT|[285]|lsTmpQuest|[{"Id":"a0JN0000008h2r2MAA","QuestionLabel__c":"Works?","AnswerType__c":"CHECKBOX","NumberPossibleReplies__c":2,"IsShortReply__c":true,"SortNo__c":0,"IsRequired__c":false,"Reply01Label__c":"Yes!","Reply02Label__c":"No!"}]|0x54011535
11:01:32.0 (54669510)|HEAP_ALLOCATE|[295]|Bytes:5
11:01:32.0 (54689903)|HEAP_ALLOCATE|[295]|Bytes:40
11:01:32.0 (54701644)|VARIABLE_SCOPE_BEGIN|[295]|quest|saInquiryDetail__c|true|false
11:01:32.0 (54736390)|VARIABLE_ASSIGNMENT|[295]|quest|{"Id":"a0JN0000008h2r2MAA","QuestionLabel__c":"Works?","AnswerType__c":"CHECKBOX","NumberPossibleReplies__c":2,"IsShortReply__c":true,"SortNo__c":0,"IsRequired__c":false,"Reply01Label__c":"Yes!","Reply02Label__c":"No!"}|0x3893bc68
11:01:32.0 (54754690)|STATEMENT_EXECUTE|[295]
11:01:32.0 (54758490)|STATEMENT_EXECUTE|[296]
11:01:32.0 (54793252)|HEAP_ALLOCATE|[296]|Bytes:4
11:01:32.0 (54907989)|VARIABLE_SCOPE_BEGIN|[296]|questReply|saInquiryReplyDetail__c|true|false
11:01:32.0 (54927524)|VARIABLE_ASSIGNMENT|[296]|questReply|{}|0x6467aef2
11:01:32.0 (54937653)|STATEMENT_EXECUTE|[297]
11:01:32.0 (55062432)|VARIABLE_ASSIGNMENT|[297]|this.saInquiryDetail__c|"a0JN0000008h2r2MAA"|0x6467aef2
11:01:32.0 (55072713)|STATEMENT_EXECUTE|[298]
11:01:32.0 (55308864)|VARIABLE_ASSIGNMENT|[EXTERNAL]|this|{"BusinessLocationName":"","currentInquiryReply":"0x7eb9883f","currentInquiryReplyDetail":"0x47552dfa","dailyReportId":"a0IN0000006RUllMAG","dCurrentDay":"2018-06-30T00:00:00Z","dCurrentMonth":"2018-07-01T00:00:00Z","iCurrentDay":0,"idBusinessLocation":"","isIPhone":false,"isPreview":true,"lsBusinessLocation":"0x5e8b6231","messageError":"","messageQuestion":"","mpQuestions":"0x3e43efa8","myUser":"0xd02c5bc","sourceOfTheCall":"preview"}|0x74a4b05d
11:01:32.0 (55349437)|HEAP_ALLOCATE|[EXTERNAL]|Bytes:4
11:01:32.0 (55372142)|STATEMENT_EXECUTE|[299]
11:01:32.0 (55597748)|VARIABLE_ASSIGNMENT|[EXTERNAL]|this|{"BusinessLocationName":"","currentInquiryReply":"0x7eb9883f","currentInquiryReplyDetail":"0x47552dfa","dailyReportId":"a0IN0000006RUllMAG","dCurrentDay":"2018-06-30T00:00:00Z","dCurrentMonth":"2018-07-01T00:00:00Z","iCurrentDay":0,"idBusinessLocation":"","isIPhone":false,"isPreview":true,"lsBusinessLocation":"0x5e8b6231","messageError":"","messageQuestion":"","mpQuestions":"0x3e43efa8","myUser":"0xd02c5bc","sourceOfTheCall":"preview"}|0x74a4b05d
11:01:32.0 (55656830)|HEAP_ALLOCATE|[EXTERNAL]|Bytes:-4
11:01:32.0 (55684806)|HEAP_ALLOCATE|[295]|Bytes:5
11:01:32.0 (55706445)|VARIABLE_ASSIGNMENT|[295]|quest|null|
11:01:32.0 (55724592)|SYSTEM_MODE_EXIT|false
11:01:32.0 (76005108)|SYSTEM_MODE_ENTER|true
11:01:32.0 (76040792)|HEAP_ALLOCATE|[EXTERNAL]|Bytes:40
11:01:32.0 (76061720)|VARIABLE_ASSIGNMENT|[EXTERNAL]|this.iCountComments|null|0x3b844bf7
11:01:32.0 (76109674)|SYSTEM_MODE_ENTER|true
11:01:32.0 (76122917)|HEAP_ALLOCATE|[EXTERNAL]|Bytes:40
11:01:32.0 (76130644)|VARIABLE_ASSIGNMENT|[EXTERNAL]|this.iCountLikes|null|0x3b844bf7
11:01:32.0 (76201796)|SYSTEM_MODE_ENTER|true
11:01:32.0 (76248852)|HEAP_ALLOCATE|[EXTERNAL]|Bytes:76
11:01:32.0 (76258440)|VARIABLE_SCOPE_BEGIN|[92]|this|saDailyReportCtrl|true|false
11:01:32.0 (76577754)|VARIABLE_ASSIGNMENT|[92]|this|{"BusinessLocationName":"","currentInquiryReply":"0x7eb9883f","currentInquiryReplyDetail":"0x47552dfa","dailyReportId":"a0IN0000006RUllMAG","dCurrentDay":"2018-06-30T00:00:00Z","dCurrentMonth":"2018-07-01T00:00:00Z","iCurrentDay":0,"idBusinessLocation":"","isIPhone":false,"isPreview":true,"lsBusinessLocation":"0x5e8b6231","messageError":"","messageQuestion":"","mpQuestions":"0x3e43efa8","myUser":"0xd02c5bc","sourceOfTheCall":"preview"}|0x74a4b05d
11:01:32.0 (76602599)|SYSTEM_MODE_ENTER|false
11:01:32.0 (76613237)|HEAP_ALLOCATE|[92]|Bytes:5
11:01:32.0 (76619166)|STATEMENT_EXECUTE|[92]
11:01:32.0 (76621329)|STATEMENT_EXECUTE|[92]
11:01:32.0 (76629124)|SYSTEM_MODE_EXIT|false
11:01:32.0 (76678004)|SYSTEM_MODE_ENTER|true
11:01:32.0 (76695693)|HEAP_ALLOCATE|[EXTERNAL]|Bytes:8
11:01:32.0 (76700394)|HEAP_ALLOCATE|[EXTERNAL]|Bytes:40
11:01:32.0 (76710268)|VARIABLE_ASSIGNMENT|[EXTERNAL]|this.iTypeOfScreen|54|0x3b844bf7
11:01:32.0 (76780388)|SYSTEM_MODE_ENTER|true
11:01:32.0 (76825136)|HEAP_ALLOCATE|[EXTERNAL]|Bytes:40
11:01:32.0 (76832563)|VARIABLE_SCOPE_BEGIN|[80]|this|auMainTopCompCtrl|true|false
11:01:32.0 (76873679)|VARIABLE_ASSIGNMENT|[80]|this|{"currentUser":"0x4000c9f5","iTypeOfScreen":54,"urlReportsSFA":"https://cs6.lightnin (84 more) ..."}|0x3b844bf7
11:01:32.0 (76887843)|STATEMENT_EXECUTE|[80]
11:01:32.0 (76890351)|STATEMENT_EXECUTE|[81]
11:01:32.0 (76932082)|VARIABLE_ASSIGNMENT|[EXTERNAL]|this|{"currentUser":"0x4000c9f5","iTypeOfScreen":54,"urlReportsSFA":"https://cs6.lightnin (84 more) ..."}|0x3b844bf7
11:01:32.0 (76975148)|VARIABLE_ASSIGNMENT|[EXTERNAL]|this|{"currentUser":"0x4000c9f5","iTypeOfScreen":54,"urlReportsSFA":"https://cs6.lightnin (84 more) ..."}|0x3b844bf7
11:01:32.0 (77025516)|VARIABLE_ASSIGNMENT|[EXTERNAL]|this|{"currentUser":"0x4000c9f5","iTypeOfScreen":54,"urlReportsSFA":"https://cs6.lightnin (84 more) ..."}|0x3b844bf7
11:01:32.0 (77067175)|VARIABLE_ASSIGNMENT|[EXTERNAL]|this|{"currentUser":"0x4000c9f5","iTypeOfScreen":54,"urlReportsSFA":"https://cs6.lightnin (84 more) ..."}|0x3b844bf7
11:01:32.0 (77087159)|HEAP_ALLOCATE|[81]|Bytes:5
11:01:32.0 (77173690)|SYSTEM_MODE_ENTER|true
11:01:32.0 (77215938)|HEAP_ALLOCATE|[EXTERNAL]|Bytes:40
11:01:32.0 (77223333)|VARIABLE_SCOPE_BEGIN|[98]|this|auMainTopCompCtrl|true|false
11:01:32.0 (77255018)|VARIABLE_ASSIGNMENT|[98]|this|{"currentUser":"0x4000c9f5","iTypeOfScreen":54,"urlReportsSFA":"https://cs6.lightnin (84 more) ..."}|0x3b844bf7
11:01:32.0 (77266121)|STATEMENT_EXECUTE|[98]
11:01:32.0 (77268812)|STATEMENT_EXECUTE|[99]
11:01:32.0 (77307139)|VARIABLE_ASSIGNMENT|[EXTERNAL]|this|{"currentUser":"0x4000c9f5","iTypeOfScreen":54,"urlReportsSFA":"https://cs6.lightnin (84 more) ..."}|0x3b844bf7
11:01:32.0 (77323779)|HEAP_ALLOCATE|[99]|Bytes:5
11:01:32.0 (77384539)|SYSTEM_MODE_ENTER|true
11:01:32.0 (77414427)|HEAP_ALLOCATE|[EXTERNAL]|Bytes:40
11:01:32.0 (77420845)|VARIABLE_SCOPE_BEGIN|[102]|this|auMainTopCompCtrl|true|false
11:01:32.0 (77451424)|VARIABLE_ASSIGNMENT|[102]|this|{"currentUser":"0x4000c9f5","iTypeOfScreen":54,"urlReportsSFA":"https://cs6.lightnin (84 more) ..."}|0x3b844bf7
11:01:32.0 (77460389)|STATEMENT_EXECUTE|[102]
11:01:32.0 (77462343)|STATEMENT_EXECUTE|[103]
11:01:32.0 (77487016)|VARIABLE_ASSIGNMENT|[EXTERNAL]|this|{"currentUser":"0x4000c9f5","iTypeOfScreen":54,"urlReportsSFA":"https://cs6.lightnin (84 more) ..."}|0x3b844bf7
11:01:32.0 (77501339)|HEAP_ALLOCATE|[103]|Bytes:5
11:01:32.0 (77588056)|SYSTEM_MODE_ENTER|true
11:01:32.0 (77690035)|SYSTEM_MODE_ENTER|true
11:01:32.0 (77787291)|SYSTEM_MODE_ENTER|true
11:01:32.0 (78008916)|SYSTEM_MODE_ENTER|true
11:01:32.0 (80678846)|SYSTEM_MODE_ENTER|true
11:01:32.0 (80756699)|SYSTEM_MODE_ENTER|true
11:01:32.0 (81413204)|SYSTEM_MODE_ENTER|true
11:01:32.0 (81454073)|HEAP_ALLOCATE|[EXTERNAL]|Bytes:76
11:01:32.0 (81464947)|VARIABLE_SCOPE_BEGIN|[141]|this|saDailyReportCtrl|true|false
11:01:32.0 (81684462)|VARIABLE_ASSIGNMENT|[141]|this|{"BusinessLocationName":"","currentInquiryReply":"0x7eb9883f","currentInquiryReplyDetail":"0x47552dfa","dailyReportId":"a0IN0000006RUllMAG","dCurrentDay":"2018-06-30T00:00:00Z","dCurrentMonth":"2018-07-01T00:00:00Z","iCurrentDay":0,"idBusinessLocation":"","isIPhone":false,"isPreview":true,"lsBusinessLocation":"0x5e8b6231","messageError":"","messageQuestion":"","mpQuestions":"0x3e43efa8","myUser":"0xd02c5bc","sourceOfTheCall":"preview"}|0x74a4b05d
11:01:32.0 (81708340)|SYSTEM_MODE_ENTER|false
11:01:32.0 (81718623)|HEAP_ALLOCATE|[142]|Bytes:5
11:01:32.0 (81726996)|STATEMENT_EXECUTE|[141]
11:01:32.0 (81729485)|STATEMENT_EXECUTE|[142]
11:01:32.0 (81808012)|HEAP_ALLOCATE|[142]|Bytes:4
11:01:32.0 (81820181)|HEAP_ALLOCATE|[142]|Bytes:1
11:01:32.0 (81849900)|HEAP_ALLOCATE|[142]|Bytes:1
11:01:32.0 (81864891)|HEAP_ALLOCATE|[142]|Bytes:1
11:01:32.0 (81895038)|HEAP_ALLOCATE|[142]|Bytes:2
11:01:32.0 (81915636)|HEAP_ALLOCATE|[142]|Bytes:9
11:01:32.0 (81923670)|HEAP_ALLOCATE|[142]|Bytes:10
11:01:32.0 (81930599)|SYSTEM_MODE_EXIT|false
11:01:32.0 (82123948)|SYSTEM_MODE_ENTER|true
11:01:32.0 (82588170)|SYSTEM_MODE_ENTER|true
11:01:32.0 (98431580)|VF_SERIALIZE_VIEWSTATE_BEGIN|066N0000000M4pW
11:01:32.0 (102689305)|VF_SERIALIZE_VIEWSTATE_END
11:01:32.106 (106695907)|CUMULATIVE_LIMIT_USAGE
11:01:32.106 (106695907)|LIMIT_USAGE_FOR_NS|(default)|
  Number of SOQL queries: 5 out of 100
  Number of query rows: 2 out of 50000
  Number of SOSL queries: 0 out of 20
  Number of DML statements: 0 out of 150
  Number of DML rows: 0 out of 10000
  Maximum CPU time: 0 out of 10000
  Maximum heap size: 0 out of 6000000
  Number of callouts: 0 out of 100
  Number of Email Invocations: 0 out of 10
  Number of future calls: 0 out of 50
  Number of queueable jobs added to the queue: 0 out of 50
  Number of Mobile Apex push calls: 0 out of 10

11:01:32.106 (106695907)|CUMULATIVE_LIMIT_USAGE_END

11:01:32.0 (106747664)|CODE_UNIT_FINISHED|VF: /apex/sadailyreport
11:01:32.0 (107494417)|EXECUTION_FINISHED
