38.0 APEX_CODE,FINEST;APEX_PROFILING,INFO;CALLOUT,INFO;DB,INFO;NBA,INFO;SYSTEM,DEBUG;VALIDATION,INFO;VISUALFORCE,INFO;WAVE,INFO;WORKFLOW,INFO
17:55:10.0 (68966)|USER_INFO|[EXTERNAL]|0056F000006PtYl|gwadmin@gw.jp.kddi.gwdev01|日本標準時|GMT+09:00
17:55:10.0 (104914)|EXECUTION_STARTED
17:55:10.0 (110548)|CODE_UNIT_STARTED|[EXTERNAL]|066N0000000M59u|VF: /apex/saReport
17:55:10.0 (246959)|VF_DESERIALIZE_VIEWSTATE_BEGIN|066N0000000M59u
17:55:10.0 (5317015)|HEAP_ALLOCATE|[72]|Bytes:3
17:55:10.0 (5361610)|HEAP_ALLOCATE|[77]|Bytes:152
17:55:10.0 (5377166)|HEAP_ALLOCATE|[342]|Bytes:408
17:55:10.0 (5389360)|HEAP_ALLOCATE|[355]|Bytes:408
17:55:10.0 (5399997)|HEAP_ALLOCATE|[467]|Bytes:48
17:55:10.0 (5427623)|HEAP_ALLOCATE|[139]|Bytes:6
17:55:10.0 (6874546)|HEAP_ALLOCATE|[50]|Bytes:5
17:55:10.0 (6903279)|HEAP_ALLOCATE|[56]|Bytes:5
17:55:10.0 (6912850)|HEAP_ALLOCATE|[64]|Bytes:7
17:55:10.0 (8968772)|VARIABLE_SCOPE_BEGIN|[30]|saReportCtrl.ERROR_CATEGORY_MISSING|String|false|true
17:55:10.0 (8981097)|VARIABLE_SCOPE_BEGIN|[31]|saReportCtrl.ERROR_COMMENT_MISSING|String|false|true
17:55:10.0 (8987315)|VARIABLE_SCOPE_BEGIN|[29]|saReportCtrl.ERROR_TITLE_MISSING|String|false|true
17:55:10.0 (8993738)|VARIABLE_SCOPE_BEGIN|[32]|saReportCtrl.MESSAGE_ASK_FOR_VALIDATION|String|false|true
17:55:10.0 (8999761)|VARIABLE_SCOPE_BEGIN|[33]|saReportCtrl.MESSAGE_PUBLISHED|String|false|true
17:55:10.0 (9006470)|VARIABLE_SCOPE_BEGIN|[27]|saReportCtrl.SA_REPORT_STATE_NONE_LABEL|String|false|true
17:55:10.0 (9012990)|VARIABLE_SCOPE_BEGIN|[26]|saReportCtrl.SA_REPORT_STATE_NONE_VALUE|String|false|true
17:55:10.0 (9019327)|VARIABLE_SCOPE_BEGIN|[8]|saReportCtrl.SEARCH_COUNT_AVERAGE_LABEL|String|false|true
17:55:10.0 (9026139)|VARIABLE_SCOPE_BEGIN|[11]|saReportCtrl.SEARCH_COUNT_AVERAGE_VALUE|String|false|true
17:55:10.0 (9033122)|VARIABLE_SCOPE_BEGIN|[7]|saReportCtrl.SEARCH_COUNT_FEW_LABEL|String|false|true
17:55:10.0 (9039774)|VARIABLE_SCOPE_BEGIN|[10]|saReportCtrl.SEARCH_COUNT_FEW_VALUE|String|false|true
17:55:10.0 (9046107)|VARIABLE_SCOPE_BEGIN|[9]|saReportCtrl.SEARCH_COUNT_LOT_LABEL|String|false|true
17:55:10.0 (9052478)|VARIABLE_SCOPE_BEGIN|[12]|saReportCtrl.SEARCH_COUNT_LOT_VALUE|String|false|true
17:55:10.0 (9058839)|VARIABLE_SCOPE_BEGIN|[17]|saReportCtrl.SORTED_BY_FAVORITES_LABEL|String|false|true
17:55:10.0 (9065180)|VARIABLE_SCOPE_BEGIN|[23]|saReportCtrl.SORTED_BY_FAVORITES_VALUE|String|false|true
17:55:10.0 (9071791)|VARIABLE_SCOPE_BEGIN|[15]|saReportCtrl.SORTED_BY_NEWS_LABEL|String|false|true
17:55:10.0 (9078744)|VARIABLE_SCOPE_BEGIN|[21]|saReportCtrl.SORTED_BY_NEWS_VALUE|String|false|true
17:55:10.0 (9085269)|VARIABLE_SCOPE_BEGIN|[14]|saReportCtrl.SORTED_BY_NONE_LABEL|String|false|true
17:55:10.0 (9091850)|VARIABLE_SCOPE_BEGIN|[20]|saReportCtrl.SORTED_BY_NONE_VALUE|String|false|true
17:55:10.0 (9098611)|VARIABLE_SCOPE_BEGIN|[16]|saReportCtrl.SORTED_BY_NUMBER_OF_VIEWS_LABEL|String|false|true
17:55:10.0 (9105371)|VARIABLE_SCOPE_BEGIN|[22]|saReportCtrl.SORTED_BY_NUMBER_OF_VIEWS_VALUE|String|false|true
17:55:10.0 (9112251)|VARIABLE_SCOPE_BEGIN|[18]|saReportCtrl.SORTED_BY_RELEASE_DATES_LABEL|String|false|true
17:55:10.0 (9119039)|VARIABLE_SCOPE_BEGIN|[24]|saReportCtrl.SORTED_BY_RELEASE_DATES_VALUE|String|false|true
17:55:10.0 (10586294)|VARIABLE_SCOPE_BEGIN|[25]|auMainTopCompCtrl.TYPE_SCREEN_ACCOUNT_LIST|Integer|false|true
17:55:10.0 (10597701)|VARIABLE_SCOPE_BEGIN|[26]|auMainTopCompCtrl.TYPE_SCREEN_ACTIVITY_LIST|Integer|false|true
17:55:10.0 (10604565)|VARIABLE_SCOPE_BEGIN|[7]|auMainTopCompCtrl.TYPE_SCREEN_CX_SCREEN|Integer|false|true
17:55:10.0 (10610860)|VARIABLE_SCOPE_BEGIN|[8]|auMainTopCompCtrl.TYPE_SCREEN_CX_TIMELINE|Integer|false|true
17:55:10.0 (10617438)|VARIABLE_SCOPE_BEGIN|[9]|auMainTopCompCtrl.TYPE_SCREEN_EVENT_SCHEDULE|Integer|false|true
17:55:10.0 (10623445)|VARIABLE_SCOPE_BEGIN|[10]|auMainTopCompCtrl.TYPE_SCREEN_EVENT_SCHEDULE_LIST|Integer|false|true
17:55:10.0 (10629440)|VARIABLE_SCOPE_BEGIN|[27]|auMainTopCompCtrl.TYPE_SCREEN_FILE_LIST|Integer|false|true
17:55:10.0 (10634976)|VARIABLE_SCOPE_BEGIN|[24]|auMainTopCompCtrl.TYPE_SCREEN_HONBU_DIRECT|Integer|false|true
17:55:10.0 (10640529)|VARIABLE_SCOPE_BEGIN|[11]|auMainTopCompCtrl.TYPE_SCREEN_KNOWLEDGE_DASHBOARD|Integer|false|true
17:55:10.0 (10646395)|VARIABLE_SCOPE_BEGIN|[12]|auMainTopCompCtrl.TYPE_SCREEN_KNOWLEDGE_LIST|Integer|false|true
17:55:10.0 (10651877)|VARIABLE_SCOPE_BEGIN|[15]|auMainTopCompCtrl.TYPE_SCREEN_SA_CHATTER|Integer|false|true
17:55:10.0 (10657629)|VARIABLE_SCOPE_BEGIN|[16]|auMainTopCompCtrl.TYPE_SCREEN_SA_DAILYREPORT|Integer|false|true
17:55:10.0 (10663437)|VARIABLE_SCOPE_BEGIN|[22]|auMainTopCompCtrl.TYPE_SCREEN_SA_DAILYREPORTLIST|Integer|false|true
17:55:10.0 (10669255)|VARIABLE_SCOPE_BEGIN|[18]|auMainTopCompCtrl.TYPE_SCREEN_SA_DOCUMENTS|Integer|false|true
17:55:10.0 (10675067)|VARIABLE_SCOPE_BEGIN|[17]|auMainTopCompCtrl.TYPE_SCREEN_SA_ENQUETE|Integer|false|true
17:55:10.0 (10680782)|VARIABLE_SCOPE_BEGIN|[20]|auMainTopCompCtrl.TYPE_SCREEN_SA_LINKS|Integer|false|true
17:55:10.0 (10686440)|VARIABLE_SCOPE_BEGIN|[13]|auMainTopCompCtrl.TYPE_SCREEN_SA_MESSAGES|Integer|false|true
17:55:10.0 (10692286)|VARIABLE_SCOPE_BEGIN|[19]|auMainTopCompCtrl.TYPE_SCREEN_SA_RANKING|Integer|false|true
17:55:10.0 (10698061)|VARIABLE_SCOPE_BEGIN|[14]|auMainTopCompCtrl.TYPE_SCREEN_SA_REPORTS|Integer|false|true
17:55:10.0 (10704017)|VARIABLE_SCOPE_BEGIN|[23]|auMainTopCompCtrl.TYPE_SCREEN_SA_TODO|Integer|false|true
17:55:10.0 (10710245)|VARIABLE_SCOPE_BEGIN|[21]|auMainTopCompCtrl.TYPE_SCREEN_SA_USRSETTINGS|Integer|false|true
17:55:10.0 (10716338)|VARIABLE_SCOPE_BEGIN|[4]|auMainTopCompCtrl.TYPE_SCREEN_STPD_EVENT|Integer|false|true
17:55:10.0 (10722819)|VARIABLE_SCOPE_BEGIN|[6]|auMainTopCompCtrl.TYPE_SCREEN_STPD_SCREEN|Integer|false|true
17:55:10.0 (10729167)|VARIABLE_SCOPE_BEGIN|[5]|auMainTopCompCtrl.TYPE_SCREEN_STPD_TIMELINE|Integer|false|true
17:55:10.0 (10735544)|VARIABLE_SCOPE_BEGIN|[3]|auMainTopCompCtrl.TYPE_SCREEN_SWITCH|Integer|false|true
17:55:10.0 (15153757)|VF_DESERIALIZE_VIEWSTATE_END
17:55:10.0 (19008838)|SYSTEM_MODE_ENTER|true
17:55:10.0 (19042271)|HEAP_ALLOCATE|[EXTERNAL]|Bytes:1588
17:55:10.0 (19055964)|HEAP_ALLOCATE|[EXTERNAL]|Bytes:645
17:55:10.0 (19062478)|HEAP_ALLOCATE|[EXTERNAL]|Bytes:858
17:55:10.0 (19068305)|HEAP_ALLOCATE|[EXTERNAL]|Bytes:10
17:55:10.0 (19094922)|VARIABLE_ASSIGNMENT|[EXTERNAL]|saReportCtrl.ERROR_CATEGORY_MISSING|"カテゴリが必須です。"
17:55:10.0 (19100975)|HEAP_ALLOCATE|[EXTERNAL]|Bytes:10
17:55:10.0 (19108468)|VARIABLE_ASSIGNMENT|[EXTERNAL]|saReportCtrl.ERROR_COMMENT_MISSING|"コメントが必須です。"
17:55:10.0 (19113642)|HEAP_ALLOCATE|[EXTERNAL]|Bytes:10
17:55:10.0 (19120237)|VARIABLE_ASSIGNMENT|[EXTERNAL]|saReportCtrl.ERROR_TITLE_MISSING|"タイトルが必須です。"
17:55:10.0 (19124616)|HEAP_ALLOCATE|[EXTERNAL]|Bytes:11
17:55:10.0 (19130986)|VARIABLE_ASSIGNMENT|[EXTERNAL]|saReportCtrl.MESSAGE_ASK_FOR_VALIDATION|"承認申請を出しました。"
17:55:10.0 (19135064)|HEAP_ALLOCATE|[EXTERNAL]|Bytes:7
17:55:10.0 (19141252)|VARIABLE_ASSIGNMENT|[EXTERNAL]|saReportCtrl.MESSAGE_PUBLISHED|"公開しました。"
17:55:10.0 (19145935)|HEAP_ALLOCATE|[EXTERNAL]|Bytes:3
17:55:10.0 (19152126)|VARIABLE_ASSIGNMENT|[EXTERNAL]|saReportCtrl.SA_REPORT_STATE_NONE_LABEL|"未選択"
17:55:10.0 (19157044)|HEAP_ALLOCATE|[EXTERNAL]|Bytes:1
17:55:10.0 (19163468)|VARIABLE_ASSIGNMENT|[EXTERNAL]|saReportCtrl.SA_REPORT_STATE_NONE_VALUE|" "
17:55:10.0 (19167741)|HEAP_ALLOCATE|[EXTERNAL]|Bytes:3
17:55:10.0 (19174737)|VARIABLE_ASSIGNMENT|[EXTERNAL]|saReportCtrl.SEARCH_COUNT_AVERAGE_LABEL|"50件"
17:55:10.0 (19179340)|HEAP_ALLOCATE|[EXTERNAL]|Bytes:2
17:55:10.0 (19185421)|VARIABLE_ASSIGNMENT|[EXTERNAL]|saReportCtrl.SEARCH_COUNT_AVERAGE_VALUE|"50"
17:55:10.0 (19189434)|HEAP_ALLOCATE|[EXTERNAL]|Bytes:3
17:55:10.0 (19195918)|VARIABLE_ASSIGNMENT|[EXTERNAL]|saReportCtrl.SEARCH_COUNT_FEW_LABEL|"20件"
17:55:10.0 (19200260)|HEAP_ALLOCATE|[EXTERNAL]|Bytes:2
17:55:10.0 (19207416)|VARIABLE_ASSIGNMENT|[EXTERNAL]|saReportCtrl.SEARCH_COUNT_FEW_VALUE|"20"
17:55:10.0 (19211979)|HEAP_ALLOCATE|[EXTERNAL]|Bytes:4
17:55:10.0 (19218372)|VARIABLE_ASSIGNMENT|[EXTERNAL]|saReportCtrl.SEARCH_COUNT_LOT_LABEL|"100件"
17:55:10.0 (19223193)|HEAP_ALLOCATE|[EXTERNAL]|Bytes:3
17:55:10.0 (19229766)|VARIABLE_ASSIGNMENT|[EXTERNAL]|saReportCtrl.SEARCH_COUNT_LOT_VALUE|"100"
17:55:10.0 (19234309)|HEAP_ALLOCATE|[EXTERNAL]|Bytes:4
17:55:10.0 (19240998)|VARIABLE_ASSIGNMENT|[EXTERNAL]|saReportCtrl.SORTED_BY_FAVORITES_LABEL|"いいね順"
17:55:10.0 (19245707)|HEAP_ALLOCATE|[EXTERNAL]|Bytes:4
17:55:10.0 (19252868)|VARIABLE_ASSIGNMENT|[EXTERNAL]|saReportCtrl.SORTED_BY_FAVORITES_VALUE|"いいね順"
17:55:10.0 (19256983)|HEAP_ALLOCATE|[EXTERNAL]|Bytes:3
17:55:10.0 (19263968)|VARIABLE_ASSIGNMENT|[EXTERNAL]|saReportCtrl.SORTED_BY_NEWS_LABEL|"NEW"
17:55:10.0 (19268037)|HEAP_ALLOCATE|[EXTERNAL]|Bytes:3
17:55:10.0 (19274874)|VARIABLE_ASSIGNMENT|[EXTERNAL]|saReportCtrl.SORTED_BY_NEWS_VALUE|"NEW"
17:55:10.0 (19278817)|HEAP_ALLOCATE|[EXTERNAL]|Bytes:1
17:55:10.0 (19285360)|VARIABLE_ASSIGNMENT|[EXTERNAL]|saReportCtrl.SORTED_BY_NONE_LABEL|" "
17:55:10.0 (19289351)|HEAP_ALLOCATE|[EXTERNAL]|Bytes:1
17:55:10.0 (19295575)|VARIABLE_ASSIGNMENT|[EXTERNAL]|saReportCtrl.SORTED_BY_NONE_VALUE|" "
17:55:10.0 (19299751)|HEAP_ALLOCATE|[EXTERNAL]|Bytes:4
17:55:10.0 (19308682)|VARIABLE_ASSIGNMENT|[EXTERNAL]|saReportCtrl.SORTED_BY_NUMBER_OF_VIEWS_LABEL|"閲覧数順"
17:55:10.0 (19312811)|HEAP_ALLOCATE|[EXTERNAL]|Bytes:4
17:55:10.0 (19319685)|VARIABLE_ASSIGNMENT|[EXTERNAL]|saReportCtrl.SORTED_BY_NUMBER_OF_VIEWS_VALUE|"閲覧数順"
17:55:10.0 (19324929)|HEAP_ALLOCATE|[EXTERNAL]|Bytes:4
17:55:10.0 (19332277)|VARIABLE_ASSIGNMENT|[EXTERNAL]|saReportCtrl.SORTED_BY_RELEASE_DATES_LABEL|"公開日時"
17:55:10.0 (19337120)|HEAP_ALLOCATE|[EXTERNAL]|Bytes:4
17:55:10.0 (19344305)|VARIABLE_ASSIGNMENT|[EXTERNAL]|saReportCtrl.SORTED_BY_RELEASE_DATES_VALUE|"公開日時"
17:55:10.0 (19355714)|METHOD_ENTRY|[1]|01pN0000000aEUV|saReportCtrl.saReportCtrl()
17:55:10.0 (19361435)|STATEMENT_EXECUTE|[1]
17:55:10.0 (19366440)|STATEMENT_EXECUTE|[1]
17:55:10.0 (19376884)|SYSTEM_MODE_ENTER|false
17:55:10.0 (19392663)|HEAP_ALLOCATE|[EXTERNAL]|Bytes:5
17:55:10.0 (19402084)|SYSTEM_MODE_EXIT|false
17:55:10.0 (19411330)|METHOD_EXIT|[1]|saReportCtrl
17:55:10.0 (19514070)|SYSTEM_MODE_ENTER|true
17:55:10.0 (19767674)|SYSTEM_MODE_ENTER|true
17:55:10.0 (22583283)|SYSTEM_MODE_ENTER|true
17:55:10.0 (22684689)|SYSTEM_MODE_ENTER|true
17:55:10.0 (22763496)|SYSTEM_MODE_ENTER|true
17:55:10.0 (22838432)|SYSTEM_MODE_ENTER|true
17:55:10.0 (23238571)|SYSTEM_MODE_ENTER|true
17:55:10.0 (23317911)|SYSTEM_MODE_ENTER|true
17:55:10.0 (23384526)|SYSTEM_MODE_ENTER|true
17:55:10.0 (23852173)|SYSTEM_MODE_ENTER|true
17:55:10.0 (24081944)|HEAP_ALLOCATE|[EXTERNAL]|Bytes:376
17:55:10.0 (24093041)|VARIABLE_SCOPE_BEGIN|[36]|this|saReportCtrl|true|false
17:55:10.0 (24336011)|VARIABLE_ASSIGNMENT|[36]|this|{"attachmentId":"","basicSearchCategory":" ","basicSearchCount":"20","basicSearchDateEnd":"","basicSearchDateStart":"","basicSearchKeywords":"","basicSearchRole1":" ","basicSearchRole2":" ","basicSearchRole3":" ","basicSearchSort":" ","categoryDataOptions":"0x54860fa6","countDataOptions":"0x6c847f71","createBody":"","createdReportId":"","createSubject":"","currentUser":"0x2a9a5d0e","draftBody":"","draftSubject":"","isApprover":false,"isCopySelected":false,"isGoodSelected":false,"isVeryGoodSelected":false,"latestBasicSearchCategory":"新料金プラン","latestBasicSearchCount":"20","latestBasicSearchDateEnd":"","latestBasicSearchDateStart":"","latestBasicSearchKeywords":"","latestBasicSearchRole1":"","latestBasicSearchRole2":"","latestBasicSearchRole3":"","latestBasicSearchSort":"公開日時","latestMySearchCount":"","latestMySearchDateEnd":"","latestMySearchDateStart":"","latestMySearchKeywords":"","latestMySearchState":"","latestPendingCount":"","latestPendingDateEnd":"","latestPendingDateStart":"","latestPendingKeywords":"","latestSelectedProcess":"","listOfCategory":"0x3963b94e","listOfSAReports":"0x60f57df8","lsAttachments":"0x4eab57f","lsRolesFull":"0x4bda2d64","mapOfCategory":"0x33506b3c","messageError":"","messageSubmissionComplete":"","mySearchDateEnd":"","mySearchDateStart":"","mySearchKeywords":"","newCommentValue":"","pendingDateEnd":"","pendingDateStart":"","pendingKeywords":"","processDataOptions":"0x7881ca13","remandBody":"","remandSubject":"","reportComments":"0x2911d931","reportGoodViews":"0x33ba607a","reportManagedViews":"0x303e4ba","reportRendered":false,"reportState":"","roleLevel1DataOptions":"0x7524779b","roleLevel2DataOptions":"0x525bf05f","roleLevel3DataOptions":"0x3202e3de","searchCategoryLabel":"新料金プラン","searchCountLabel":"20件","searchStateLabel":"","selectedCategoryName":"新料金プラン","selectedProcess":"","selectedReport":"0x1ff206cc","selectedReportName":"SA_Report-00000160","selectedView":"","sortDataOptions":"0x2eb8f710","stateDataOptions":"0x7876d5f3"}|0x7824ccfd
17:55:10.0 (24380254)|SYSTEM_MODE_ENTER|false
17:55:10.0 (24388708)|HEAP_ALLOCATE|[36]|Bytes:5
17:55:10.0 (24395011)|STATEMENT_EXECUTE|[36]
17:55:10.0 (24397269)|STATEMENT_EXECUTE|[36]
17:55:10.0 (24880952)|VARIABLE_SCOPE_BEGIN|[7]|saConstantCmn.PUSH_NOTIFICATION_STATUS_NONE|String|false|true
17:55:10.0 (24891711)|VARIABLE_SCOPE_BEGIN|[9]|saConstantCmn.PUSH_NOTIFICATION_STATUS_RESENDING|String|false|true
17:55:10.0 (24898965)|VARIABLE_SCOPE_BEGIN|[8]|saConstantCmn.PUSH_NOTIFICATION_STATUS_SENDING|String|false|true
17:55:10.0 (24905484)|VARIABLE_SCOPE_BEGIN|[10]|saConstantCmn.PUSH_NOTIFICATION_STATUS_SENT|String|false|true
17:55:10.0 (24912217)|VARIABLE_SCOPE_BEGIN|[24]|saConstantCmn.SA_INQUIRY_TYPE_AU_HEARING|String|false|true
17:55:10.0 (24918841)|VARIABLE_SCOPE_BEGIN|[22]|saConstantCmn.SA_INQUIRY_TYPE_DAILYREPORT|String|false|true
17:55:10.0 (24925306)|VARIABLE_SCOPE_BEGIN|[23]|saConstantCmn.SA_INQUIRY_TYPE_HEARING|String|false|true
17:55:10.0 (24931862)|VARIABLE_SCOPE_BEGIN|[15]|saConstantCmn.SA_MESSAGEDETAIL_TYPE_DONE|String|false|true
17:55:10.0 (24938381)|VARIABLE_SCOPE_BEGIN|[14]|saConstantCmn.SA_MESSAGEDETAIL_TYPE_READ|String|false|true
17:55:10.0 (24943742)|VARIABLE_SCOPE_BEGIN|[13]|saConstantCmn.SA_MESSAGEDETAIL_TYPE_SHARED|String|false|true
17:55:10.0 (24949413)|VARIABLE_SCOPE_BEGIN|[18]|saConstantCmn.SA_MESSAGE_TYPE_MESSAGE|String|false|true
17:55:10.0 (24955091)|VARIABLE_SCOPE_BEGIN|[19]|saConstantCmn.SA_MESSAGE_TYPE_TASK|String|false|true
17:55:10.0 (24961866)|VARIABLE_SCOPE_BEGIN|[41]|saConstantCmn.SA_REPORT_DETAIL_TYPE_LIKE|String|false|true
17:55:10.0 (24968242)|VARIABLE_SCOPE_BEGIN|[42]|saConstantCmn.SA_REPORT_DETAIL_TYPE_VERY_LIKE|String|false|true
17:55:10.0 (24974742)|VARIABLE_SCOPE_BEGIN|[34]|saConstantCmn.SA_REPORT_REPLY_STATUS_REPLYSAVED|String|false|true
17:55:10.0 (24981015)|VARIABLE_SCOPE_BEGIN|[35]|saConstantCmn.SA_REPORT_REPLY_STATUS_REPLYSENT|String|false|true
17:55:10.0 (24986689)|VARIABLE_SCOPE_BEGIN|[33]|saConstantCmn.SA_REPORT_REPLY_STATUS_WAITINGREPLY|String|false|true
17:55:10.0 (24993114)|VARIABLE_SCOPE_BEGIN|[39]|saConstantCmn.SA_REPORT_SOURCE_NEW|String|false|true
17:55:10.0 (24999188)|VARIABLE_SCOPE_BEGIN|[38]|saConstantCmn.SA_REPORT_SOURCE_WEEKLY|String|false|true
17:55:10.0 (25005330)|VARIABLE_SCOPE_BEGIN|[27]|saConstantCmn.SA_REPORT_STATE_DRAFT|String|false|true
17:55:10.0 (25012213)|VARIABLE_SCOPE_BEGIN|[30]|saConstantCmn.SA_REPORT_STATE_PUBLISHED|String|false|true
17:55:10.0 (25018345)|VARIABLE_SCOPE_BEGIN|[29]|saConstantCmn.SA_REPORT_STATE_REJECTED|String|false|true
17:55:10.0 (25024889)|VARIABLE_SCOPE_BEGIN|[28]|saConstantCmn.SA_REPORT_STATE_WAITING_APPROVAL|String|false|true
17:55:10.0 (25032464)|VARIABLE_SCOPE_BEGIN|[45]|saConstantCmn.SOURCE|String|false|true
17:55:10.0 (25039484)|VARIABLE_SCOPE_BEGIN|[46]|saConstantCmn.SOURCE_PREVIEW|String|false|true
17:55:10.0 (25050765)|HEAP_ALLOCATE|[36]|Bytes:4
17:55:10.0 (25065168)|VARIABLE_ASSIGNMENT|[36]|saConstantCmn.PUSH_NOTIFICATION_STATUS_NONE|"NONE"
17:55:10.0 (25070332)|HEAP_ALLOCATE|[36]|Bytes:9
17:55:10.0 (25076982)|VARIABLE_ASSIGNMENT|[36]|saConstantCmn.PUSH_NOTIFICATION_STATUS_RESENDING|"RESENDING"
17:55:10.0 (25082424)|HEAP_ALLOCATE|[36]|Bytes:7
17:55:10.0 (25088452)|VARIABLE_ASSIGNMENT|[36]|saConstantCmn.PUSH_NOTIFICATION_STATUS_SENDING|"SENDING"
17:55:10.0 (25092634)|HEAP_ALLOCATE|[36]|Bytes:4
17:55:10.0 (25097774)|VARIABLE_ASSIGNMENT|[36]|saConstantCmn.PUSH_NOTIFICATION_STATUS_SENT|"SENT"
17:55:10.0 (25101757)|HEAP_ALLOCATE|[36]|Bytes:10
17:55:10.0 (25108068)|VARIABLE_ASSIGNMENT|[36]|saConstantCmn.SA_INQUIRY_TYPE_AU_HEARING|"AU_HEARING"
17:55:10.0 (25111983)|HEAP_ALLOCATE|[36]|Bytes:12
17:55:10.0 (25118156)|VARIABLE_ASSIGNMENT|[36]|saConstantCmn.SA_INQUIRY_TYPE_DAILYREPORT|"DAILY_REPORT"
17:55:10.0 (25122122)|HEAP_ALLOCATE|[36]|Bytes:6
17:55:10.0 (25127876)|VARIABLE_ASSIGNMENT|[36]|saConstantCmn.SA_INQUIRY_TYPE_HEARING|"SURVEY"
17:55:10.0 (25131880)|HEAP_ALLOCATE|[36]|Bytes:4
17:55:10.0 (25137627)|VARIABLE_ASSIGNMENT|[36]|saConstantCmn.SA_MESSAGEDETAIL_TYPE_DONE|"DONE"
17:55:10.0 (25141908)|HEAP_ALLOCATE|[36]|Bytes:4
17:55:10.0 (25148000)|VARIABLE_ASSIGNMENT|[36]|saConstantCmn.SA_MESSAGEDETAIL_TYPE_READ|"READ"
17:55:10.0 (25152169)|HEAP_ALLOCATE|[36]|Bytes:6
17:55:10.0 (25157748)|VARIABLE_ASSIGNMENT|[36]|saConstantCmn.SA_MESSAGEDETAIL_TYPE_SHARED|"SHARED"
17:55:10.0 (25162040)|HEAP_ALLOCATE|[36]|Bytes:7
17:55:10.0 (25167686)|VARIABLE_ASSIGNMENT|[36]|saConstantCmn.SA_MESSAGE_TYPE_MESSAGE|"MESSAGE"
17:55:10.0 (25171287)|HEAP_ALLOCATE|[36]|Bytes:4
17:55:10.0 (25176694)|VARIABLE_ASSIGNMENT|[36]|saConstantCmn.SA_MESSAGE_TYPE_TASK|"TASK"
17:55:10.0 (25180963)|HEAP_ALLOCATE|[36]|Bytes:4
17:55:10.0 (25187225)|VARIABLE_ASSIGNMENT|[36]|saConstantCmn.SA_REPORT_DETAIL_TYPE_LIKE|"LIKE"
17:55:10.0 (25190943)|HEAP_ALLOCATE|[36]|Bytes:9
17:55:10.0 (25196806)|VARIABLE_ASSIGNMENT|[36]|saConstantCmn.SA_REPORT_DETAIL_TYPE_VERY_LIKE|"VERY_LIKE"
17:55:10.0 (25200706)|HEAP_ALLOCATE|[36]|Bytes:11
17:55:10.0 (25206748)|VARIABLE_ASSIGNMENT|[36]|saConstantCmn.SA_REPORT_REPLY_STATUS_REPLYSAVED|"REPLY_SAVED"
17:55:10.0 (25210653)|HEAP_ALLOCATE|[36]|Bytes:10
17:55:10.0 (25217032)|VARIABLE_ASSIGNMENT|[36]|saConstantCmn.SA_REPORT_REPLY_STATUS_REPLYSENT|"REPLY_SENT"
17:55:10.0 (25221298)|HEAP_ALLOCATE|[36]|Bytes:13
17:55:10.0 (25227588)|VARIABLE_ASSIGNMENT|[36]|saConstantCmn.SA_REPORT_REPLY_STATUS_WAITINGREPLY|"WAITING_REPLY"
17:55:10.0 (25232462)|HEAP_ALLOCATE|[36]|Bytes:3
17:55:10.0 (25238263)|VARIABLE_ASSIGNMENT|[36]|saConstantCmn.SA_REPORT_SOURCE_NEW|"New"
17:55:10.0 (25242554)|HEAP_ALLOCATE|[36]|Bytes:6
17:55:10.0 (25248603)|VARIABLE_ASSIGNMENT|[36]|saConstantCmn.SA_REPORT_SOURCE_WEEKLY|"Weekly"
17:55:10.0 (25252448)|HEAP_ALLOCATE|[36]|Bytes:5
17:55:10.0 (25258925)|VARIABLE_ASSIGNMENT|[36]|saConstantCmn.SA_REPORT_STATE_DRAFT|"Draft"
17:55:10.0 (25263062)|HEAP_ALLOCATE|[36]|Bytes:7
17:55:10.0 (25269371)|VARIABLE_ASSIGNMENT|[36]|saConstantCmn.SA_REPORT_STATE_PUBLISHED|"Publish"
17:55:10.0 (25273324)|HEAP_ALLOCATE|[36]|Bytes:6
17:55:10.0 (25279407)|VARIABLE_ASSIGNMENT|[36]|saConstantCmn.SA_REPORT_STATE_REJECTED|"Remand"
17:55:10.0 (25283427)|HEAP_ALLOCATE|[36]|Bytes:7
17:55:10.0 (25290102)|VARIABLE_ASSIGNMENT|[36]|saConstantCmn.SA_REPORT_STATE_WAITING_APPROVAL|"Pending"
17:55:10.0 (25294361)|HEAP_ALLOCATE|[36]|Bytes:3
17:55:10.0 (25300405)|VARIABLE_ASSIGNMENT|[36]|saConstantCmn.SOURCE|"src"
17:55:10.0 (25304255)|HEAP_ALLOCATE|[36]|Bytes:7
17:55:10.0 (25310543)|VARIABLE_ASSIGNMENT|[36]|saConstantCmn.SOURCE_PREVIEW|"preview"
17:55:10.0 (25335543)|METHOD_ENTRY|[4]|01pN0000000aH2z|saConstantCmn.saConstantCmn()
17:55:10.0 (25340997)|STATEMENT_EXECUTE|[4]
17:55:10.0 (25344183)|STATEMENT_EXECUTE|[4]
17:55:10.0 (25351530)|HEAP_ALLOCATE|[36]|Bytes:5
17:55:10.0 (25364822)|METHOD_EXIT|[4]|saConstantCmn
17:55:10.0 (25372977)|SYSTEM_MODE_EXIT|false
17:55:10.0 (25524716)|SYSTEM_MODE_ENTER|true
17:55:10.0 (25564749)|HEAP_ALLOCATE|[EXTERNAL]|Bytes:376
17:55:10.0 (25572357)|VARIABLE_SCOPE_BEGIN|[37]|this|saReportCtrl|true|false
17:55:10.0 (25769037)|VARIABLE_ASSIGNMENT|[37]|this|{"attachmentId":"","basicSearchCategory":" ","basicSearchCount":"20","basicSearchDateEnd":"","basicSearchDateStart":"","basicSearchKeywords":"","basicSearchRole1":" ","basicSearchRole2":" ","basicSearchRole3":" ","basicSearchSort":" ","categoryDataOptions":"0x54860fa6","countDataOptions":"0x6c847f71","createBody":"","createdReportId":"","createSubject":"","currentUser":"0x2a9a5d0e","draftBody":"","draftSubject":"","isApprover":false,"isCopySelected":false,"isGoodSelected":false,"isVeryGoodSelected":false,"latestBasicSearchCategory":"新料金プラン","latestBasicSearchCount":"20","latestBasicSearchDateEnd":"","latestBasicSearchDateStart":"","latestBasicSearchKeywords":"","latestBasicSearchRole1":"","latestBasicSearchRole2":"","latestBasicSearchRole3":"","latestBasicSearchSort":"公開日時","latestMySearchCount":"","latestMySearchDateEnd":"","latestMySearchDateStart":"","latestMySearchKeywords":"","latestMySearchState":"","latestPendingCount":"","latestPendingDateEnd":"","latestPendingDateStart":"","latestPendingKeywords":"","latestSelectedProcess":"","listOfCategory":"0x3963b94e","listOfSAReports":"0x60f57df8","lsAttachments":"0x4eab57f","lsRolesFull":"0x4bda2d64","mapOfCategory":"0x33506b3c","messageError":"","messageSubmissionComplete":"","mySearchDateEnd":"","mySearchDateStart":"","mySearchKeywords":"","newCommentValue":"","pendingDateEnd":"","pendingDateStart":"","pendingKeywords":"","processDataOptions":"0x7881ca13","remandBody":"","remandSubject":"","reportComments":"0x2911d931","reportGoodViews":"0x33ba607a","reportManagedViews":"0x303e4ba","reportRendered":false,"reportState":"","roleLevel1DataOptions":"0x7524779b","roleLevel2DataOptions":"0x525bf05f","roleLevel3DataOptions":"0x3202e3de","searchCategoryLabel":"新料金プラン","searchCountLabel":"20件","searchStateLabel":"","selectedCategoryName":"新料金プラン","selectedProcess":"","selectedReport":"0x1ff206cc","selectedReportName":"SA_Report-00000160","selectedView":"","sortDataOptions":"0x2eb8f710","stateDataOptions":"0x7876d5f3"}|0x7824ccfd
17:55:10.0 (25805352)|SYSTEM_MODE_ENTER|false
17:55:10.0 (25812209)|HEAP_ALLOCATE|[37]|Bytes:5
17:55:10.0 (25817337)|STATEMENT_EXECUTE|[37]
17:55:10.0 (25819098)|STATEMENT_EXECUTE|[37]
17:55:10.0 (25823514)|SYSTEM_MODE_EXIT|false
17:55:10.0 (25958813)|SYSTEM_MODE_ENTER|true
17:55:10.0 (25993692)|HEAP_ALLOCATE|[EXTERNAL]|Bytes:376
17:55:10.0 (26000691)|VARIABLE_SCOPE_BEGIN|[39]|this|saReportCtrl|true|false
17:55:10.0 (26192711)|VARIABLE_ASSIGNMENT|[39]|this|{"attachmentId":"","basicSearchCategory":" ","basicSearchCount":"20","basicSearchDateEnd":"","basicSearchDateStart":"","basicSearchKeywords":"","basicSearchRole1":" ","basicSearchRole2":" ","basicSearchRole3":" ","basicSearchSort":" ","categoryDataOptions":"0x54860fa6","countDataOptions":"0x6c847f71","createBody":"","createdReportId":"","createSubject":"","currentUser":"0x2a9a5d0e","draftBody":"","draftSubject":"","isApprover":false,"isCopySelected":false,"isGoodSelected":false,"isVeryGoodSelected":false,"latestBasicSearchCategory":"新料金プラン","latestBasicSearchCount":"20","latestBasicSearchDateEnd":"","latestBasicSearchDateStart":"","latestBasicSearchKeywords":"","latestBasicSearchRole1":"","latestBasicSearchRole2":"","latestBasicSearchRole3":"","latestBasicSearchSort":"公開日時","latestMySearchCount":"","latestMySearchDateEnd":"","latestMySearchDateStart":"","latestMySearchKeywords":"","latestMySearchState":"","latestPendingCount":"","latestPendingDateEnd":"","latestPendingDateStart":"","latestPendingKeywords":"","latestSelectedProcess":"","listOfCategory":"0x3963b94e","listOfSAReports":"0x60f57df8","lsAttachments":"0x4eab57f","lsRolesFull":"0x4bda2d64","mapOfCategory":"0x33506b3c","messageError":"","messageSubmissionComplete":"","mySearchDateEnd":"","mySearchDateStart":"","mySearchKeywords":"","newCommentValue":"","pendingDateEnd":"","pendingDateStart":"","pendingKeywords":"","processDataOptions":"0x7881ca13","remandBody":"","remandSubject":"","reportComments":"0x2911d931","reportGoodViews":"0x33ba607a","reportManagedViews":"0x303e4ba","reportRendered":false,"reportState":"","roleLevel1DataOptions":"0x7524779b","roleLevel2DataOptions":"0x525bf05f","roleLevel3DataOptions":"0x3202e3de","searchCategoryLabel":"新料金プラン","searchCountLabel":"20件","searchStateLabel":"","selectedCategoryName":"新料金プラン","selectedProcess":"","selectedReport":"0x1ff206cc","selectedReportName":"SA_Report-00000160","selectedView":"","sortDataOptions":"0x2eb8f710","stateDataOptions":"0x7876d5f3"}|0x7824ccfd
17:55:10.0 (26229026)|SYSTEM_MODE_ENTER|false
17:55:10.0 (26235910)|HEAP_ALLOCATE|[39]|Bytes:5
17:55:10.0 (26240960)|STATEMENT_EXECUTE|[39]
17:55:10.0 (26242799)|STATEMENT_EXECUTE|[39]
17:55:10.0 (26247400)|SYSTEM_MODE_EXIT|false
17:55:10.0 (26455621)|SYSTEM_MODE_ENTER|true
17:55:10.0 (26490709)|HEAP_ALLOCATE|[EXTERNAL]|Bytes:376
17:55:10.0 (26497533)|VARIABLE_SCOPE_BEGIN|[38]|this|saReportCtrl|true|false
17:55:10.0 (26687601)|VARIABLE_ASSIGNMENT|[38]|this|{"attachmentId":"","basicSearchCategory":" ","basicSearchCount":"20","basicSearchDateEnd":"","basicSearchDateStart":"","basicSearchKeywords":"","basicSearchRole1":" ","basicSearchRole2":" ","basicSearchRole3":" ","basicSearchSort":" ","categoryDataOptions":"0x54860fa6","countDataOptions":"0x6c847f71","createBody":"","createdReportId":"","createSubject":"","currentUser":"0x2a9a5d0e","draftBody":"","draftSubject":"","isApprover":false,"isCopySelected":false,"isGoodSelected":false,"isVeryGoodSelected":false,"latestBasicSearchCategory":"新料金プラン","latestBasicSearchCount":"20","latestBasicSearchDateEnd":"","latestBasicSearchDateStart":"","latestBasicSearchKeywords":"","latestBasicSearchRole1":"","latestBasicSearchRole2":"","latestBasicSearchRole3":"","latestBasicSearchSort":"公開日時","latestMySearchCount":"","latestMySearchDateEnd":"","latestMySearchDateStart":"","latestMySearchKeywords":"","latestMySearchState":"","latestPendingCount":"","latestPendingDateEnd":"","latestPendingDateStart":"","latestPendingKeywords":"","latestSelectedProcess":"","listOfCategory":"0x3963b94e","listOfSAReports":"0x60f57df8","lsAttachments":"0x4eab57f","lsRolesFull":"0x4bda2d64","mapOfCategory":"0x33506b3c","messageError":"","messageSubmissionComplete":"","mySearchDateEnd":"","mySearchDateStart":"","mySearchKeywords":"","newCommentValue":"","pendingDateEnd":"","pendingDateStart":"","pendingKeywords":"","processDataOptions":"0x7881ca13","remandBody":"","remandSubject":"","reportComments":"0x2911d931","reportGoodViews":"0x33ba607a","reportManagedViews":"0x303e4ba","reportRendered":false,"reportState":"","roleLevel1DataOptions":"0x7524779b","roleLevel2DataOptions":"0x525bf05f","roleLevel3DataOptions":"0x3202e3de","searchCategoryLabel":"新料金プラン","searchCountLabel":"20件","searchStateLabel":"","selectedCategoryName":"新料金プラン","selectedProcess":"","selectedReport":"0x1ff206cc","selectedReportName":"SA_Report-00000160","selectedView":"","sortDataOptions":"0x2eb8f710","stateDataOptions":"0x7876d5f3"}|0x7824ccfd
17:55:10.0 (26723257)|SYSTEM_MODE_ENTER|false
17:55:10.0 (26729952)|HEAP_ALLOCATE|[38]|Bytes:5
17:55:10.0 (26734922)|STATEMENT_EXECUTE|[38]
17:55:10.0 (26736675)|STATEMENT_EXECUTE|[38]
17:55:10.0 (26741100)|SYSTEM_MODE_EXIT|false
17:55:10.0 (30398654)|SYSTEM_MODE_ENTER|true
17:55:10.0 (31037456)|SYSTEM_MODE_ENTER|true
17:55:10.0 (31095533)|SYSTEM_MODE_ENTER|true
17:55:10.0 (31135300)|SYSTEM_MODE_ENTER|true
17:55:10.0 (31172712)|SYSTEM_MODE_ENTER|true
17:55:10.0 (31208883)|SYSTEM_MODE_ENTER|true
17:55:10.0 (31245301)|SYSTEM_MODE_ENTER|true
17:55:10.0 (31283589)|SYSTEM_MODE_ENTER|true
17:55:10.0 (31319201)|SYSTEM_MODE_ENTER|true
17:55:10.0 (31354878)|SYSTEM_MODE_ENTER|true
17:55:10.0 (31391215)|SYSTEM_MODE_ENTER|true
17:55:10.0 (31428139)|SYSTEM_MODE_ENTER|true
17:55:10.0 (31464087)|SYSTEM_MODE_ENTER|true
17:55:10.0 (31498792)|SYSTEM_MODE_ENTER|true
17:55:10.0 (31585016)|SYSTEM_MODE_ENTER|true
17:55:10.0 (31622130)|SYSTEM_MODE_ENTER|true
17:55:10.0 (31658220)|SYSTEM_MODE_ENTER|true
17:55:10.0 (31719507)|SYSTEM_MODE_ENTER|true
17:55:10.0 (31793852)|SYSTEM_MODE_ENTER|true
17:55:10.0 (31845963)|SYSTEM_MODE_ENTER|true
17:55:10.0 (31890534)|SYSTEM_MODE_ENTER|true
17:55:10.0 (31930980)|SYSTEM_MODE_ENTER|true
17:55:10.0 (31973773)|SYSTEM_MODE_ENTER|true
17:55:10.0 (32012965)|SYSTEM_MODE_ENTER|true
17:55:10.0 (32056433)|SYSTEM_MODE_ENTER|true
17:55:10.0 (32112740)|SYSTEM_MODE_ENTER|true
17:55:10.0 (32964568)|SYSTEM_MODE_ENTER|true
17:55:10.0 (33028331)|SYSTEM_MODE_ENTER|true
17:55:10.0 (33067450)|SYSTEM_MODE_ENTER|true
17:55:10.0 (33103118)|SYSTEM_MODE_ENTER|true
17:55:10.0 (34760819)|SYSTEM_MODE_ENTER|true
17:55:10.0 (34803921)|SYSTEM_MODE_ENTER|true
17:55:10.0 (34844881)|SYSTEM_MODE_ENTER|true
17:55:10.0 (36454766)|SYSTEM_MODE_ENTER|true
17:55:10.0 (36499240)|SYSTEM_MODE_ENTER|true
17:55:10.0 (36538768)|SYSTEM_MODE_ENTER|true
17:55:10.0 (36701971)|SYSTEM_MODE_ENTER|true
17:55:10.0 (36836988)|SYSTEM_MODE_ENTER|true
17:55:10.0 (36874958)|SYSTEM_MODE_ENTER|true
17:55:10.0 (36909148)|SYSTEM_MODE_ENTER|true
17:55:10.0 (37101951)|SYSTEM_MODE_ENTER|true
17:55:10.0 (37133908)|HEAP_ALLOCATE|[EXTERNAL]|Bytes:376
17:55:10.0 (37148560)|VARIABLE_ASSIGNMENT|[EXTERNAL]|this.attachmentId|""|0x7824ccfd
17:55:10.0 (37182676)|SYSTEM_MODE_ENTER|true
17:55:10.0 (37195761)|HEAP_ALLOCATE|[EXTERNAL]|Bytes:18
17:55:10.0 (37199917)|HEAP_ALLOCATE|[EXTERNAL]|Bytes:376
17:55:10.0 (37213196)|VARIABLE_ASSIGNMENT|[EXTERNAL]|this.selectedReportName|"SA_Report-00000160"|0x7824ccfd
17:55:10.0 (37237880)|SYSTEM_MODE_ENTER|true
17:55:10.0 (37249667)|HEAP_ALLOCATE|[EXTERNAL]|Bytes:6
17:55:10.0 (37253640)|HEAP_ALLOCATE|[EXTERNAL]|Bytes:376
17:55:10.0 (37263071)|VARIABLE_ASSIGNMENT|[EXTERNAL]|this.selectedCategoryName|"新料金プラン"|0x7824ccfd
17:55:10.0 (37286044)|SYSTEM_MODE_ENTER|true
17:55:10.0 (37296925)|HEAP_ALLOCATE|[EXTERNAL]|Bytes:376
17:55:10.0 (37305372)|VARIABLE_ASSIGNMENT|[EXTERNAL]|this.messageError|""|0x7824ccfd
17:55:10.0 (37327895)|SYSTEM_MODE_ENTER|true
17:55:10.0 (37338673)|HEAP_ALLOCATE|[EXTERNAL]|Bytes:376
17:55:10.0 (37346792)|VARIABLE_ASSIGNMENT|[EXTERNAL]|this.messageSubmissionComplete|""|0x7824ccfd
17:55:10.0 (37368852)|SYSTEM_MODE_ENTER|true
17:55:10.0 (37379511)|HEAP_ALLOCATE|[EXTERNAL]|Bytes:376
17:55:10.0 (37385942)|VARIABLE_ASSIGNMENT|[EXTERNAL]|this.basicSearchCategory|""|0x7824ccfd
17:55:10.0 (37406972)|SYSTEM_MODE_ENTER|true
17:55:10.0 (37417696)|HEAP_ALLOCATE|[EXTERNAL]|Bytes:376
17:55:10.0 (37424380)|VARIABLE_ASSIGNMENT|[EXTERNAL]|this.basicSearchCount|""|0x7824ccfd
17:55:10.0 (37445572)|SYSTEM_MODE_ENTER|true
17:55:10.0 (37456344)|HEAP_ALLOCATE|[EXTERNAL]|Bytes:376
17:55:10.0 (37462858)|VARIABLE_ASSIGNMENT|[EXTERNAL]|this.basicSearchSort|""|0x7824ccfd
17:55:10.0 (37489197)|SYSTEM_MODE_ENTER|true
17:55:10.0 (37500556)|HEAP_ALLOCATE|[EXTERNAL]|Bytes:376
17:55:10.0 (37508839)|VARIABLE_ASSIGNMENT|[EXTERNAL]|this.mySearchCount|""|0x7824ccfd
17:55:10.0 (37529895)|SYSTEM_MODE_ENTER|true
17:55:10.0 (37540673)|HEAP_ALLOCATE|[EXTERNAL]|Bytes:376
17:55:10.0 (37548422)|VARIABLE_ASSIGNMENT|[EXTERNAL]|this.mySearchState|""|0x7824ccfd
17:55:10.0 (37569508)|SYSTEM_MODE_ENTER|true
17:55:10.0 (37580963)|HEAP_ALLOCATE|[EXTERNAL]|Bytes:376
17:55:10.0 (37589262)|VARIABLE_ASSIGNMENT|[EXTERNAL]|this.pendingCount|""|0x7824ccfd
17:55:10.0 (37610604)|SYSTEM_MODE_ENTER|true
17:55:10.0 (37621400)|HEAP_ALLOCATE|[EXTERNAL]|Bytes:376
17:55:10.0 (37629334)|VARIABLE_ASSIGNMENT|[EXTERNAL]|this.remandCategory|""|0x7824ccfd
17:55:10.0 (37650652)|SYSTEM_MODE_ENTER|true
17:55:10.0 (37660861)|HEAP_ALLOCATE|[EXTERNAL]|Bytes:376
17:55:10.0 (37668672)|VARIABLE_ASSIGNMENT|[EXTERNAL]|this.remandProcess|""|0x7824ccfd
17:55:10.0 (37700610)|SYSTEM_MODE_ENTER|true
17:55:10.0 (37769963)|SYSTEM_MODE_ENTER|true
17:55:10.0 (37782891)|HEAP_ALLOCATE|[EXTERNAL]|Bytes:376
17:55:10.0 (37790767)|VARIABLE_ASSIGNMENT|[EXTERNAL]|this.basicSearchKeywords|""|0x7824ccfd
17:55:10.0 (37813390)|SYSTEM_MODE_ENTER|true
17:55:10.0 (37828418)|HEAP_ALLOCATE|[EXTERNAL]|Bytes:376
17:55:10.0 (37835342)|VARIABLE_ASSIGNMENT|[EXTERNAL]|this.basicSearchDateStart|""|0x7824ccfd
17:55:10.0 (37857431)|SYSTEM_MODE_ENTER|true
17:55:10.0 (37868459)|HEAP_ALLOCATE|[EXTERNAL]|Bytes:376
17:55:10.0 (37874715)|VARIABLE_ASSIGNMENT|[EXTERNAL]|this.basicSearchDateEnd|""|0x7824ccfd
17:55:10.0 (37896453)|SYSTEM_MODE_ENTER|true
17:55:10.0 (37906451)|HEAP_ALLOCATE|[EXTERNAL]|Bytes:1
17:55:10.0 (37910143)|HEAP_ALLOCATE|[EXTERNAL]|Bytes:376
17:55:10.0 (37915962)|VARIABLE_ASSIGNMENT|[EXTERNAL]|this.basicSearchCategory|" "|0x7824ccfd
17:55:10.0 (37937737)|SYSTEM_MODE_ENTER|true
17:55:10.0 (37948244)|HEAP_ALLOCATE|[EXTERNAL]|Bytes:1
17:55:10.0 (37951920)|HEAP_ALLOCATE|[EXTERNAL]|Bytes:376
17:55:10.0 (37957991)|VARIABLE_ASSIGNMENT|[EXTERNAL]|this.basicSearchRole1|" "|0x7824ccfd
17:55:10.0 (37979308)|SYSTEM_MODE_ENTER|true
17:55:10.0 (37989655)|HEAP_ALLOCATE|[EXTERNAL]|Bytes:1
17:55:10.0 (37993171)|HEAP_ALLOCATE|[EXTERNAL]|Bytes:376
17:55:10.0 (37998743)|VARIABLE_ASSIGNMENT|[EXTERNAL]|this.basicSearchRole2|" "|0x7824ccfd
17:55:10.0 (38019825)|SYSTEM_MODE_ENTER|true
17:55:10.0 (38030207)|HEAP_ALLOCATE|[EXTERNAL]|Bytes:1
17:55:10.0 (38033358)|HEAP_ALLOCATE|[EXTERNAL]|Bytes:376
17:55:10.0 (38039639)|VARIABLE_ASSIGNMENT|[EXTERNAL]|this.basicSearchRole3|" "|0x7824ccfd
17:55:10.0 (38060752)|SYSTEM_MODE_ENTER|true
17:55:10.0 (38071131)|HEAP_ALLOCATE|[EXTERNAL]|Bytes:1
17:55:10.0 (38074389)|HEAP_ALLOCATE|[EXTERNAL]|Bytes:376
17:55:10.0 (38080009)|VARIABLE_ASSIGNMENT|[EXTERNAL]|this.basicSearchSort|" "|0x7824ccfd
17:55:10.0 (38100830)|SYSTEM_MODE_ENTER|true
17:55:10.0 (38111260)|HEAP_ALLOCATE|[EXTERNAL]|Bytes:2
17:55:10.0 (38114650)|HEAP_ALLOCATE|[EXTERNAL]|Bytes:376
17:55:10.0 (38120691)|VARIABLE_ASSIGNMENT|[EXTERNAL]|this.basicSearchCount|"20"|0x7824ccfd
17:55:10.0 (38149261)|SYSTEM_MODE_ENTER|true
17:55:10.0 (38831124)|SYSTEM_MODE_ENTER|true
17:55:10.0 (38908810)|SYSTEM_MODE_ENTER|true
17:55:10.0 (38952451)|SYSTEM_MODE_ENTER|true
17:55:10.0 (38990952)|SYSTEM_MODE_ENTER|true
17:55:10.0 (39073979)|SYSTEM_MODE_ENTER|true
17:55:10.0 (39090832)|HEAP_ALLOCATE|[EXTERNAL]|Bytes:376
17:55:10.0 (39103401)|VARIABLE_ASSIGNMENT|[EXTERNAL]|this.newCommentValue|""|0x7824ccfd
17:55:10.0 (39152022)|SYSTEM_MODE_ENTER|true
17:55:10.0 (39165317)|HEAP_ALLOCATE|[EXTERNAL]|Bytes:376
17:55:10.0 (39173421)|VARIABLE_ASSIGNMENT|[EXTERNAL]|this.createCategory|null|0x7824ccfd
17:55:10.0 (39196553)|SYSTEM_MODE_ENTER|true
17:55:10.0 (39206680)|HEAP_ALLOCATE|[EXTERNAL]|Bytes:376
17:55:10.0 (39213371)|VARIABLE_ASSIGNMENT|[EXTERNAL]|this.createProcess|null|0x7824ccfd
17:55:10.0 (39243803)|SYSTEM_MODE_ENTER|true
17:55:10.0 (39547573)|SYSTEM_MODE_ENTER|true
17:55:10.0 (39596834)|HEAP_ALLOCATE|[EXTERNAL]|Bytes:376
17:55:10.0 (39604026)|VARIABLE_SCOPE_BEGIN|[36]|this|saReportCtrl|true|false
17:55:10.0 (39805530)|VARIABLE_ASSIGNMENT|[36]|this|{"attachmentId":"","basicSearchCategory":" ","basicSearchCount":"20","basicSearchDateEnd":"","basicSearchDateStart":"","basicSearchKeywords":"","basicSearchRole1":" ","basicSearchRole2":" ","basicSearchRole3":" ","basicSearchSort":" ","categoryDataOptions":"0x54860fa6","countDataOptions":"0x6c847f71","createBody":"","createdReportId":"","createSubject":"","currentUser":"0x2a9a5d0e","draftBody":"","draftSubject":"","isApprover":false,"isCopySelected":false,"isGoodSelected":false,"isVeryGoodSelected":false,"latestBasicSearchCategory":"新料金プラン","latestBasicSearchCount":"20","latestBasicSearchDateEnd":"","latestBasicSearchDateStart":"","latestBasicSearchKeywords":"","latestBasicSearchRole1":"","latestBasicSearchRole2":"","latestBasicSearchRole3":"","latestBasicSearchSort":"公開日時","latestMySearchCount":"","latestMySearchDateEnd":"","latestMySearchDateStart":"","latestMySearchKeywords":"","latestMySearchState":"","latestPendingCount":"","latestPendingDateEnd":"","latestPendingDateStart":"","latestPendingKeywords":"","latestSelectedProcess":"","listOfCategory":"0x3963b94e","listOfSAReports":"0x60f57df8","lsAttachments":"0x4eab57f","lsRolesFull":"0x4bda2d64","mapOfCategory":"0x33506b3c","messageError":"","messageSubmissionComplete":"","mySearchCount":"","mySearchDateEnd":"","mySearchDateStart":"","mySearchKeywords":"","mySearchState":"","newCommentValue":"","pendingCount":"","pendingDateEnd":"","pendingDateStart":"","pendingKeywords":"","processDataOptions":"0x7881ca13","remandBody":"","remandCategory":"","remandProcess":"","remandSubject":"","reportComments":"0x2911d931","reportGoodViews":"0x33ba607a","reportManagedViews":"0x303e4ba","reportRendered":false,"reportState":"","roleLevel1DataOptions":"0x7524779b","roleLevel2DataOptions":"0x525bf05f","roleLevel3DataOptions":"0x3202e3de","searchCategoryLabel":"新料金プラン","searchCountLabel":"20件","searchStateLabel":"","selectedCategoryName":"新料金プラン","selectedProcess":"","selectedReport":"0x1ff206cc","selectedReportName":"SA_Report-00000160","selectedView":"","sortDataOptions":"0x2eb8f710","stateDataOptions":"0x7876d5f3"}|0x7824ccfd
17:55:10.0 (39860660)|SYSTEM_MODE_ENTER|false
17:55:10.0 (39868182)|HEAP_ALLOCATE|[36]|Bytes:5
17:55:10.0 (39873914)|STATEMENT_EXECUTE|[36]
17:55:10.0 (39875763)|STATEMENT_EXECUTE|[36]
17:55:10.0 (39880045)|SYSTEM_MODE_EXIT|false
17:55:10.0 (39991220)|SYSTEM_MODE_ENTER|true
17:55:10.0 (40024734)|HEAP_ALLOCATE|[EXTERNAL]|Bytes:376
17:55:10.0 (40031478)|VARIABLE_SCOPE_BEGIN|[37]|this|saReportCtrl|true|false
17:55:10.0 (40226024)|VARIABLE_ASSIGNMENT|[37]|this|{"attachmentId":"","basicSearchCategory":" ","basicSearchCount":"20","basicSearchDateEnd":"","basicSearchDateStart":"","basicSearchKeywords":"","basicSearchRole1":" ","basicSearchRole2":" ","basicSearchRole3":" ","basicSearchSort":" ","categoryDataOptions":"0x54860fa6","countDataOptions":"0x6c847f71","createBody":"","createdReportId":"","createSubject":"","currentUser":"0x2a9a5d0e","draftBody":"","draftSubject":"","isApprover":false,"isCopySelected":false,"isGoodSelected":false,"isVeryGoodSelected":false,"latestBasicSearchCategory":"新料金プラン","latestBasicSearchCount":"20","latestBasicSearchDateEnd":"","latestBasicSearchDateStart":"","latestBasicSearchKeywords":"","latestBasicSearchRole1":"","latestBasicSearchRole2":"","latestBasicSearchRole3":"","latestBasicSearchSort":"公開日時","latestMySearchCount":"","latestMySearchDateEnd":"","latestMySearchDateStart":"","latestMySearchKeywords":"","latestMySearchState":"","latestPendingCount":"","latestPendingDateEnd":"","latestPendingDateStart":"","latestPendingKeywords":"","latestSelectedProcess":"","listOfCategory":"0x3963b94e","listOfSAReports":"0x60f57df8","lsAttachments":"0x4eab57f","lsRolesFull":"0x4bda2d64","mapOfCategory":"0x33506b3c","messageError":"","messageSubmissionComplete":"","mySearchCount":"","mySearchDateEnd":"","mySearchDateStart":"","mySearchKeywords":"","mySearchState":"","newCommentValue":"","pendingCount":"","pendingDateEnd":"","pendingDateStart":"","pendingKeywords":"","processDataOptions":"0x7881ca13","remandBody":"","remandCategory":"","remandProcess":"","remandSubject":"","reportComments":"0x2911d931","reportGoodViews":"0x33ba607a","reportManagedViews":"0x303e4ba","reportRendered":false,"reportState":"","roleLevel1DataOptions":"0x7524779b","roleLevel2DataOptions":"0x525bf05f","roleLevel3DataOptions":"0x3202e3de","searchCategoryLabel":"新料金プラン","searchCountLabel":"20件","searchStateLabel":"","selectedCategoryName":"新料金プラン","selectedProcess":"","selectedReport":"0x1ff206cc","selectedReportName":"SA_Report-00000160","selectedView":"","sortDataOptions":"0x2eb8f710","stateDataOptions":"0x7876d5f3"}|0x7824ccfd
17:55:10.0 (40262686)|SYSTEM_MODE_ENTER|false
17:55:10.0 (40269605)|HEAP_ALLOCATE|[37]|Bytes:5
17:55:10.0 (40274091)|STATEMENT_EXECUTE|[37]
17:55:10.0 (40275762)|STATEMENT_EXECUTE|[37]
17:55:10.0 (40279526)|SYSTEM_MODE_EXIT|false
17:55:10.0 (40385487)|SYSTEM_MODE_ENTER|true
17:55:10.0 (40417099)|HEAP_ALLOCATE|[EXTERNAL]|Bytes:376
17:55:10.0 (40422828)|VARIABLE_SCOPE_BEGIN|[39]|this|saReportCtrl|true|false
17:55:10.0 (40621920)|VARIABLE_ASSIGNMENT|[39]|this|{"attachmentId":"","basicSearchCategory":" ","basicSearchCount":"20","basicSearchDateEnd":"","basicSearchDateStart":"","basicSearchKeywords":"","basicSearchRole1":" ","basicSearchRole2":" ","basicSearchRole3":" ","basicSearchSort":" ","categoryDataOptions":"0x54860fa6","countDataOptions":"0x6c847f71","createBody":"","createdReportId":"","createSubject":"","currentUser":"0x2a9a5d0e","draftBody":"","draftSubject":"","isApprover":false,"isCopySelected":false,"isGoodSelected":false,"isVeryGoodSelected":false,"latestBasicSearchCategory":"新料金プラン","latestBasicSearchCount":"20","latestBasicSearchDateEnd":"","latestBasicSearchDateStart":"","latestBasicSearchKeywords":"","latestBasicSearchRole1":"","latestBasicSearchRole2":"","latestBasicSearchRole3":"","latestBasicSearchSort":"公開日時","latestMySearchCount":"","latestMySearchDateEnd":"","latestMySearchDateStart":"","latestMySearchKeywords":"","latestMySearchState":"","latestPendingCount":"","latestPendingDateEnd":"","latestPendingDateStart":"","latestPendingKeywords":"","latestSelectedProcess":"","listOfCategory":"0x3963b94e","listOfSAReports":"0x60f57df8","lsAttachments":"0x4eab57f","lsRolesFull":"0x4bda2d64","mapOfCategory":"0x33506b3c","messageError":"","messageSubmissionComplete":"","mySearchCount":"","mySearchDateEnd":"","mySearchDateStart":"","mySearchKeywords":"","mySearchState":"","newCommentValue":"","pendingCount":"","pendingDateEnd":"","pendingDateStart":"","pendingKeywords":"","processDataOptions":"0x7881ca13","remandBody":"","remandCategory":"","remandProcess":"","remandSubject":"","reportComments":"0x2911d931","reportGoodViews":"0x33ba607a","reportManagedViews":"0x303e4ba","reportRendered":false,"reportState":"","roleLevel1DataOptions":"0x7524779b","roleLevel2DataOptions":"0x525bf05f","roleLevel3DataOptions":"0x3202e3de","searchCategoryLabel":"新料金プラン","searchCountLabel":"20件","searchStateLabel":"","selectedCategoryName":"新料金プラン","selectedProcess":"","selectedReport":"0x1ff206cc","selectedReportName":"SA_Report-00000160","selectedView":"","sortDataOptions":"0x2eb8f710","stateDataOptions":"0x7876d5f3"}|0x7824ccfd
17:55:10.0 (40657808)|SYSTEM_MODE_ENTER|false
17:55:10.0 (40664440)|HEAP_ALLOCATE|[39]|Bytes:5
17:55:10.0 (40668858)|STATEMENT_EXECUTE|[39]
17:55:10.0 (40670681)|STATEMENT_EXECUTE|[39]
17:55:10.0 (40674176)|SYSTEM_MODE_EXIT|false
17:55:10.0 (40777338)|SYSTEM_MODE_ENTER|true
17:55:10.0 (40809357)|HEAP_ALLOCATE|[EXTERNAL]|Bytes:376
17:55:10.0 (40815632)|VARIABLE_SCOPE_BEGIN|[38]|this|saReportCtrl|true|false
17:55:10.0 (41012626)|VARIABLE_ASSIGNMENT|[38]|this|{"attachmentId":"","basicSearchCategory":" ","basicSearchCount":"20","basicSearchDateEnd":"","basicSearchDateStart":"","basicSearchKeywords":"","basicSearchRole1":" ","basicSearchRole2":" ","basicSearchRole3":" ","basicSearchSort":" ","categoryDataOptions":"0x54860fa6","countDataOptions":"0x6c847f71","createBody":"","createdReportId":"","createSubject":"","currentUser":"0x2a9a5d0e","draftBody":"","draftSubject":"","isApprover":false,"isCopySelected":false,"isGoodSelected":false,"isVeryGoodSelected":false,"latestBasicSearchCategory":"新料金プラン","latestBasicSearchCount":"20","latestBasicSearchDateEnd":"","latestBasicSearchDateStart":"","latestBasicSearchKeywords":"","latestBasicSearchRole1":"","latestBasicSearchRole2":"","latestBasicSearchRole3":"","latestBasicSearchSort":"公開日時","latestMySearchCount":"","latestMySearchDateEnd":"","latestMySearchDateStart":"","latestMySearchKeywords":"","latestMySearchState":"","latestPendingCount":"","latestPendingDateEnd":"","latestPendingDateStart":"","latestPendingKeywords":"","latestSelectedProcess":"","listOfCategory":"0x3963b94e","listOfSAReports":"0x60f57df8","lsAttachments":"0x4eab57f","lsRolesFull":"0x4bda2d64","mapOfCategory":"0x33506b3c","messageError":"","messageSubmissionComplete":"","mySearchCount":"","mySearchDateEnd":"","mySearchDateStart":"","mySearchKeywords":"","mySearchState":"","newCommentValue":"","pendingCount":"","pendingDateEnd":"","pendingDateStart":"","pendingKeywords":"","processDataOptions":"0x7881ca13","remandBody":"","remandCategory":"","remandProcess":"","remandSubject":"","reportComments":"0x2911d931","reportGoodViews":"0x33ba607a","reportManagedViews":"0x303e4ba","reportRendered":false,"reportState":"","roleLevel1DataOptions":"0x7524779b","roleLevel2DataOptions":"0x525bf05f","roleLevel3DataOptions":"0x3202e3de","searchCategoryLabel":"新料金プラン","searchCountLabel":"20件","searchStateLabel":"","selectedCategoryName":"新料金プラン","selectedProcess":"","selectedReport":"0x1ff206cc","selectedReportName":"SA_Report-00000160","selectedView":"","sortDataOptions":"0x2eb8f710","stateDataOptions":"0x7876d5f3"}|0x7824ccfd
17:55:10.0 (41049130)|SYSTEM_MODE_ENTER|false
17:55:10.0 (41055526)|HEAP_ALLOCATE|[38]|Bytes:5
17:55:10.0 (41060042)|STATEMENT_EXECUTE|[38]
17:55:10.0 (41061715)|STATEMENT_EXECUTE|[38]
17:55:10.0 (41065324)|SYSTEM_MODE_EXIT|false
17:55:10.0 (42305997)|SYSTEM_MODE_ENTER|true
17:55:10.0 (42325028)|HEAP_ALLOCATE|[EXTERNAL]|Bytes:376
17:55:10.0 (42337262)|VARIABLE_ASSIGNMENT|[EXTERNAL]|this.mySearchState|null|0x7824ccfd
17:55:10.0 (42366364)|SYSTEM_MODE_ENTER|true
17:55:10.0 (42378827)|HEAP_ALLOCATE|[EXTERNAL]|Bytes:376
17:55:10.0 (42387141)|VARIABLE_ASSIGNMENT|[EXTERNAL]|this.mySearchCount|null|0x7824ccfd
17:55:10.0 (42417722)|SYSTEM_MODE_ENTER|true
17:55:10.0 (42715475)|SYSTEM_MODE_ENTER|true
17:55:10.0 (42750454)|HEAP_ALLOCATE|[EXTERNAL]|Bytes:376
17:55:10.0 (42756839)|VARIABLE_SCOPE_BEGIN|[36]|this|saReportCtrl|true|false
17:55:10.0 (42955720)|VARIABLE_ASSIGNMENT|[36]|this|{"attachmentId":"","basicSearchCategory":" ","basicSearchCount":"20","basicSearchDateEnd":"","basicSearchDateStart":"","basicSearchKeywords":"","basicSearchRole1":" ","basicSearchRole2":" ","basicSearchRole3":" ","basicSearchSort":" ","categoryDataOptions":"0x54860fa6","countDataOptions":"0x6c847f71","createBody":"","createdReportId":"","createSubject":"","currentUser":"0x2a9a5d0e","draftBody":"","draftSubject":"","isApprover":false,"isCopySelected":false,"isGoodSelected":false,"isVeryGoodSelected":false,"latestBasicSearchCategory":"新料金プラン","latestBasicSearchCount":"20","latestBasicSearchDateEnd":"","latestBasicSearchDateStart":"","latestBasicSearchKeywords":"","latestBasicSearchRole1":"","latestBasicSearchRole2":"","latestBasicSearchRole3":"","latestBasicSearchSort":"公開日時","latestMySearchCount":"","latestMySearchDateEnd":"","latestMySearchDateStart":"","latestMySearchKeywords":"","latestMySearchState":"","latestPendingCount":"","latestPendingDateEnd":"","latestPendingDateStart":"","latestPendingKeywords":"","latestSelectedProcess":"","listOfCategory":"0x3963b94e","listOfSAReports":"0x60f57df8","lsAttachments":"0x4eab57f","lsRolesFull":"0x4bda2d64","mapOfCategory":"0x33506b3c","messageError":"","messageSubmissionComplete":"","mySearchDateEnd":"","mySearchDateStart":"","mySearchKeywords":"","newCommentValue":"","pendingCount":"","pendingDateEnd":"","pendingDateStart":"","pendingKeywords":"","processDataOptions":"0x7881ca13","remandBody":"","remandCategory":"","remandProcess":"","remandSubject":"","reportComments":"0x2911d931","reportGoodViews":"0x33ba607a","reportManagedViews":"0x303e4ba","reportRendered":false,"reportState":"","roleLevel1DataOptions":"0x7524779b","roleLevel2DataOptions":"0x525bf05f","roleLevel3DataOptions":"0x3202e3de","searchCategoryLabel":"新料金プラン","searchCountLabel":"20件","searchStateLabel":"","selectedCategoryName":"新料金プラン","selectedProcess":"","selectedReport":"0x1ff206cc","selectedReportName":"SA_Report-00000160","selectedView":"","sortDataOptions":"0x2eb8f710","stateDataOptions":"0x7876d5f3"}|0x7824ccfd
17:55:10.0 (42992191)|SYSTEM_MODE_ENTER|false
17:55:10.0 (42998993)|HEAP_ALLOCATE|[36]|Bytes:5
17:55:10.0 (43003667)|STATEMENT_EXECUTE|[36]
17:55:10.0 (43006066)|STATEMENT_EXECUTE|[36]
17:55:10.0 (43010262)|SYSTEM_MODE_EXIT|false
17:55:10.0 (43113057)|SYSTEM_MODE_ENTER|true
17:55:10.0 (43145092)|HEAP_ALLOCATE|[EXTERNAL]|Bytes:376
17:55:10.0 (43150946)|VARIABLE_SCOPE_BEGIN|[37]|this|saReportCtrl|true|false
17:55:10.0 (43343474)|VARIABLE_ASSIGNMENT|[37]|this|{"attachmentId":"","basicSearchCategory":" ","basicSearchCount":"20","basicSearchDateEnd":"","basicSearchDateStart":"","basicSearchKeywords":"","basicSearchRole1":" ","basicSearchRole2":" ","basicSearchRole3":" ","basicSearchSort":" ","categoryDataOptions":"0x54860fa6","countDataOptions":"0x6c847f71","createBody":"","createdReportId":"","createSubject":"","currentUser":"0x2a9a5d0e","draftBody":"","draftSubject":"","isApprover":false,"isCopySelected":false,"isGoodSelected":false,"isVeryGoodSelected":false,"latestBasicSearchCategory":"新料金プラン","latestBasicSearchCount":"20","latestBasicSearchDateEnd":"","latestBasicSearchDateStart":"","latestBasicSearchKeywords":"","latestBasicSearchRole1":"","latestBasicSearchRole2":"","latestBasicSearchRole3":"","latestBasicSearchSort":"公開日時","latestMySearchCount":"","latestMySearchDateEnd":"","latestMySearchDateStart":"","latestMySearchKeywords":"","latestMySearchState":"","latestPendingCount":"","latestPendingDateEnd":"","latestPendingDateStart":"","latestPendingKeywords":"","latestSelectedProcess":"","listOfCategory":"0x3963b94e","listOfSAReports":"0x60f57df8","lsAttachments":"0x4eab57f","lsRolesFull":"0x4bda2d64","mapOfCategory":"0x33506b3c","messageError":"","messageSubmissionComplete":"","mySearchDateEnd":"","mySearchDateStart":"","mySearchKeywords":"","newCommentValue":"","pendingCount":"","pendingDateEnd":"","pendingDateStart":"","pendingKeywords":"","processDataOptions":"0x7881ca13","remandBody":"","remandCategory":"","remandProcess":"","remandSubject":"","reportComments":"0x2911d931","reportGoodViews":"0x33ba607a","reportManagedViews":"0x303e4ba","reportRendered":false,"reportState":"","roleLevel1DataOptions":"0x7524779b","roleLevel2DataOptions":"0x525bf05f","roleLevel3DataOptions":"0x3202e3de","searchCategoryLabel":"新料金プラン","searchCountLabel":"20件","searchStateLabel":"","selectedCategoryName":"新料金プラン","selectedProcess":"","selectedReport":"0x1ff206cc","selectedReportName":"SA_Report-00000160","selectedView":"","sortDataOptions":"0x2eb8f710","stateDataOptions":"0x7876d5f3"}|0x7824ccfd
17:55:10.0 (43379164)|SYSTEM_MODE_ENTER|false
17:55:10.0 (43386266)|HEAP_ALLOCATE|[37]|Bytes:5
17:55:10.0 (43390468)|STATEMENT_EXECUTE|[37]
17:55:10.0 (43392177)|STATEMENT_EXECUTE|[37]
17:55:10.0 (43395729)|SYSTEM_MODE_EXIT|false
17:55:10.0 (43492906)|SYSTEM_MODE_ENTER|true
17:55:10.0 (43524580)|HEAP_ALLOCATE|[EXTERNAL]|Bytes:376
17:55:10.0 (43530299)|VARIABLE_SCOPE_BEGIN|[38]|this|saReportCtrl|true|false
17:55:10.0 (43723275)|VARIABLE_ASSIGNMENT|[38]|this|{"attachmentId":"","basicSearchCategory":" ","basicSearchCount":"20","basicSearchDateEnd":"","basicSearchDateStart":"","basicSearchKeywords":"","basicSearchRole1":" ","basicSearchRole2":" ","basicSearchRole3":" ","basicSearchSort":" ","categoryDataOptions":"0x54860fa6","countDataOptions":"0x6c847f71","createBody":"","createdReportId":"","createSubject":"","currentUser":"0x2a9a5d0e","draftBody":"","draftSubject":"","isApprover":false,"isCopySelected":false,"isGoodSelected":false,"isVeryGoodSelected":false,"latestBasicSearchCategory":"新料金プラン","latestBasicSearchCount":"20","latestBasicSearchDateEnd":"","latestBasicSearchDateStart":"","latestBasicSearchKeywords":"","latestBasicSearchRole1":"","latestBasicSearchRole2":"","latestBasicSearchRole3":"","latestBasicSearchSort":"公開日時","latestMySearchCount":"","latestMySearchDateEnd":"","latestMySearchDateStart":"","latestMySearchKeywords":"","latestMySearchState":"","latestPendingCount":"","latestPendingDateEnd":"","latestPendingDateStart":"","latestPendingKeywords":"","latestSelectedProcess":"","listOfCategory":"0x3963b94e","listOfSAReports":"0x60f57df8","lsAttachments":"0x4eab57f","lsRolesFull":"0x4bda2d64","mapOfCategory":"0x33506b3c","messageError":"","messageSubmissionComplete":"","mySearchDateEnd":"","mySearchDateStart":"","mySearchKeywords":"","newCommentValue":"","pendingCount":"","pendingDateEnd":"","pendingDateStart":"","pendingKeywords":"","processDataOptions":"0x7881ca13","remandBody":"","remandCategory":"","remandProcess":"","remandSubject":"","reportComments":"0x2911d931","reportGoodViews":"0x33ba607a","reportManagedViews":"0x303e4ba","reportRendered":false,"reportState":"","roleLevel1DataOptions":"0x7524779b","roleLevel2DataOptions":"0x525bf05f","roleLevel3DataOptions":"0x3202e3de","searchCategoryLabel":"新料金プラン","searchCountLabel":"20件","searchStateLabel":"","selectedCategoryName":"新料金プラン","selectedProcess":"","selectedReport":"0x1ff206cc","selectedReportName":"SA_Report-00000160","selectedView":"","sortDataOptions":"0x2eb8f710","stateDataOptions":"0x7876d5f3"}|0x7824ccfd
17:55:10.0 (43758186)|SYSTEM_MODE_ENTER|false
17:55:10.0 (43764542)|HEAP_ALLOCATE|[38]|Bytes:5
17:55:10.0 (43768517)|STATEMENT_EXECUTE|[38]
17:55:10.0 (43770157)|STATEMENT_EXECUTE|[38]
17:55:10.0 (43773627)|SYSTEM_MODE_EXIT|false
17:55:10.0 (43875598)|SYSTEM_MODE_ENTER|true
17:55:10.0 (43907872)|HEAP_ALLOCATE|[EXTERNAL]|Bytes:376
17:55:10.0 (43913638)|VARIABLE_SCOPE_BEGIN|[39]|this|saReportCtrl|true|false
17:55:10.0 (44103503)|VARIABLE_ASSIGNMENT|[39]|this|{"attachmentId":"","basicSearchCategory":" ","basicSearchCount":"20","basicSearchDateEnd":"","basicSearchDateStart":"","basicSearchKeywords":"","basicSearchRole1":" ","basicSearchRole2":" ","basicSearchRole3":" ","basicSearchSort":" ","categoryDataOptions":"0x54860fa6","countDataOptions":"0x6c847f71","createBody":"","createdReportId":"","createSubject":"","currentUser":"0x2a9a5d0e","draftBody":"","draftSubject":"","isApprover":false,"isCopySelected":false,"isGoodSelected":false,"isVeryGoodSelected":false,"latestBasicSearchCategory":"新料金プラン","latestBasicSearchCount":"20","latestBasicSearchDateEnd":"","latestBasicSearchDateStart":"","latestBasicSearchKeywords":"","latestBasicSearchRole1":"","latestBasicSearchRole2":"","latestBasicSearchRole3":"","latestBasicSearchSort":"公開日時","latestMySearchCount":"","latestMySearchDateEnd":"","latestMySearchDateStart":"","latestMySearchKeywords":"","latestMySearchState":"","latestPendingCount":"","latestPendingDateEnd":"","latestPendingDateStart":"","latestPendingKeywords":"","latestSelectedProcess":"","listOfCategory":"0x3963b94e","listOfSAReports":"0x60f57df8","lsAttachments":"0x4eab57f","lsRolesFull":"0x4bda2d64","mapOfCategory":"0x33506b3c","messageError":"","messageSubmissionComplete":"","mySearchDateEnd":"","mySearchDateStart":"","mySearchKeywords":"","newCommentValue":"","pendingCount":"","pendingDateEnd":"","pendingDateStart":"","pendingKeywords":"","processDataOptions":"0x7881ca13","remandBody":"","remandCategory":"","remandProcess":"","remandSubject":"","reportComments":"0x2911d931","reportGoodViews":"0x33ba607a","reportManagedViews":"0x303e4ba","reportRendered":false,"reportState":"","roleLevel1DataOptions":"0x7524779b","roleLevel2DataOptions":"0x525bf05f","roleLevel3DataOptions":"0x3202e3de","searchCategoryLabel":"新料金プラン","searchCountLabel":"20件","searchStateLabel":"","selectedCategoryName":"新料金プラン","selectedProcess":"","selectedReport":"0x1ff206cc","selectedReportName":"SA_Report-00000160","selectedView":"","sortDataOptions":"0x2eb8f710","stateDataOptions":"0x7876d5f3"}|0x7824ccfd
17:55:10.0 (44138450)|SYSTEM_MODE_ENTER|false
17:55:10.0 (44144672)|HEAP_ALLOCATE|[39]|Bytes:5
17:55:10.0 (44148658)|STATEMENT_EXECUTE|[39]
17:55:10.0 (44150309)|STATEMENT_EXECUTE|[39]
17:55:10.0 (44153715)|SYSTEM_MODE_EXIT|false
17:55:10.0 (45408842)|SYSTEM_MODE_ENTER|true
17:55:10.0 (45427485)|HEAP_ALLOCATE|[EXTERNAL]|Bytes:376
17:55:10.0 (45438166)|VARIABLE_ASSIGNMENT|[EXTERNAL]|this.draftCategory|null|0x7824ccfd
17:55:10.0 (45467156)|SYSTEM_MODE_ENTER|true
17:55:10.0 (45478948)|HEAP_ALLOCATE|[EXTERNAL]|Bytes:376
17:55:10.0 (45486298)|VARIABLE_ASSIGNMENT|[EXTERNAL]|this.draftProcess|null|0x7824ccfd
17:55:10.0 (45535106)|SYSTEM_MODE_ENTER|true
17:55:10.0 (45669016)|SYSTEM_MODE_ENTER|true
17:55:10.0 (45683923)|HEAP_ALLOCATE|[EXTERNAL]|Bytes:376
17:55:10.0 (45695165)|VARIABLE_ASSIGNMENT|[EXTERNAL]|this.remandCategory|null|0x7824ccfd
17:55:10.0 (45720434)|SYSTEM_MODE_ENTER|true
17:55:10.0 (45730928)|HEAP_ALLOCATE|[EXTERNAL]|Bytes:376
17:55:10.0 (45739011)|VARIABLE_ASSIGNMENT|[EXTERNAL]|this.remandProcess|null|0x7824ccfd
17:55:10.0 (45782736)|SYSTEM_MODE_ENTER|true
17:55:10.0 (45878093)|SYSTEM_MODE_ENTER|true
17:55:10.0 (45891085)|HEAP_ALLOCATE|[EXTERNAL]|Bytes:376
17:55:10.0 (45900942)|VARIABLE_ASSIGNMENT|[EXTERNAL]|this.pendingCount|null|0x7824ccfd
17:55:10.0 (45930283)|SYSTEM_MODE_ENTER|true
17:55:10.0 (74890235)|SYSTEM_MODE_ENTER|true
17:55:10.0 (74929221)|HEAP_ALLOCATE|[EXTERNAL]|Bytes:284
17:55:10.0 (74952170)|HEAP_ALLOCATE|[EXTERNAL]|Bytes:160
17:55:10.0 (74970367)|METHOD_ENTRY|[1]|01pN0000000Mill|auMainTopCompCtrl.auMainTopCompCtrl()
17:55:10.0 (74976811)|STATEMENT_EXECUTE|[1]
17:55:10.0 (74980943)|STATEMENT_EXECUTE|[1]
17:55:10.0 (74982890)|STATEMENT_EXECUTE|[3]
17:55:10.0 (74991755)|HEAP_ALLOCATE|[3]|Bytes:4
17:55:10.0 (75009218)|VARIABLE_ASSIGNMENT|[3]|auMainTopCompCtrl.TYPE_SCREEN_SWITCH|0
17:55:10.0 (75014374)|STATEMENT_EXECUTE|[4]
17:55:10.0 (75017765)|HEAP_ALLOCATE|[4]|Bytes:4
17:55:10.0 (75025608)|VARIABLE_ASSIGNMENT|[4]|auMainTopCompCtrl.TYPE_SCREEN_STPD_EVENT|11
17:55:10.0 (75029897)|STATEMENT_EXECUTE|[5]
17:55:10.0 (75031923)|HEAP_ALLOCATE|[5]|Bytes:4
17:55:10.0 (75038418)|VARIABLE_ASSIGNMENT|[5]|auMainTopCompCtrl.TYPE_SCREEN_STPD_TIMELINE|12
17:55:10.0 (75042516)|STATEMENT_EXECUTE|[6]
17:55:10.0 (75044478)|HEAP_ALLOCATE|[6]|Bytes:4
17:55:10.0 (75050985)|VARIABLE_ASSIGNMENT|[6]|auMainTopCompCtrl.TYPE_SCREEN_STPD_SCREEN|13
17:55:10.0 (75054852)|STATEMENT_EXECUTE|[7]
17:55:10.0 (75057134)|HEAP_ALLOCATE|[7]|Bytes:4
17:55:10.0 (75063299)|VARIABLE_ASSIGNMENT|[7]|auMainTopCompCtrl.TYPE_SCREEN_CX_SCREEN|21
17:55:10.0 (75067146)|STATEMENT_EXECUTE|[8]
17:55:10.0 (75069268)|HEAP_ALLOCATE|[8]|Bytes:4
17:55:10.0 (75074642)|VARIABLE_ASSIGNMENT|[8]|auMainTopCompCtrl.TYPE_SCREEN_CX_TIMELINE|22
17:55:10.0 (75078491)|STATEMENT_EXECUTE|[9]
17:55:10.0 (75080559)|HEAP_ALLOCATE|[9]|Bytes:4
17:55:10.0 (75086064)|VARIABLE_ASSIGNMENT|[9]|auMainTopCompCtrl.TYPE_SCREEN_EVENT_SCHEDULE|31
17:55:10.0 (75089774)|STATEMENT_EXECUTE|[10]
17:55:10.0 (75091973)|HEAP_ALLOCATE|[10]|Bytes:4
17:55:10.0 (75097477)|VARIABLE_ASSIGNMENT|[10]|auMainTopCompCtrl.TYPE_SCREEN_EVENT_SCHEDULE_LIST|32
17:55:10.0 (75101182)|STATEMENT_EXECUTE|[11]
17:55:10.0 (75103645)|HEAP_ALLOCATE|[11]|Bytes:4
17:55:10.0 (75109852)|VARIABLE_ASSIGNMENT|[11]|auMainTopCompCtrl.TYPE_SCREEN_KNOWLEDGE_DASHBOARD|41
17:55:10.0 (75113674)|STATEMENT_EXECUTE|[12]
17:55:10.0 (75115571)|HEAP_ALLOCATE|[12]|Bytes:4
17:55:10.0 (75121221)|VARIABLE_ASSIGNMENT|[12]|auMainTopCompCtrl.TYPE_SCREEN_KNOWLEDGE_LIST|42
17:55:10.0 (75124946)|STATEMENT_EXECUTE|[13]
17:55:10.0 (75126937)|HEAP_ALLOCATE|[13]|Bytes:4
17:55:10.0 (75133086)|VARIABLE_ASSIGNMENT|[13]|auMainTopCompCtrl.TYPE_SCREEN_SA_MESSAGES|51
17:55:10.0 (75137001)|STATEMENT_EXECUTE|[14]
17:55:10.0 (75138906)|HEAP_ALLOCATE|[14]|Bytes:4
17:55:10.0 (75145158)|VARIABLE_ASSIGNMENT|[14]|auMainTopCompCtrl.TYPE_SCREEN_SA_REPORTS|52
17:55:10.0 (75149122)|STATEMENT_EXECUTE|[15]
17:55:10.0 (75151147)|HEAP_ALLOCATE|[15]|Bytes:4
17:55:10.0 (75157220)|VARIABLE_ASSIGNMENT|[15]|auMainTopCompCtrl.TYPE_SCREEN_SA_CHATTER|53
17:55:10.0 (75160876)|STATEMENT_EXECUTE|[16]
17:55:10.0 (75163008)|HEAP_ALLOCATE|[16]|Bytes:4
17:55:10.0 (75168627)|VARIABLE_ASSIGNMENT|[16]|auMainTopCompCtrl.TYPE_SCREEN_SA_DAILYREPORT|54
17:55:10.0 (75172464)|STATEMENT_EXECUTE|[17]
17:55:10.0 (75174466)|HEAP_ALLOCATE|[17]|Bytes:4
17:55:10.0 (75180613)|VARIABLE_ASSIGNMENT|[17]|auMainTopCompCtrl.TYPE_SCREEN_SA_ENQUETE|55
17:55:10.0 (75184097)|STATEMENT_EXECUTE|[18]
17:55:10.0 (75185993)|HEAP_ALLOCATE|[18]|Bytes:4
17:55:10.0 (75191946)|VARIABLE_ASSIGNMENT|[18]|auMainTopCompCtrl.TYPE_SCREEN_SA_DOCUMENTS|56
17:55:10.0 (75195741)|STATEMENT_EXECUTE|[19]
17:55:10.0 (75197838)|HEAP_ALLOCATE|[19]|Bytes:4
17:55:10.0 (75203945)|VARIABLE_ASSIGNMENT|[19]|auMainTopCompCtrl.TYPE_SCREEN_SA_RANKING|57
17:55:10.0 (75207607)|STATEMENT_EXECUTE|[20]
17:55:10.0 (75209522)|HEAP_ALLOCATE|[20]|Bytes:4
17:55:10.0 (75221638)|VARIABLE_ASSIGNMENT|[20]|auMainTopCompCtrl.TYPE_SCREEN_SA_LINKS|58
17:55:10.0 (75225803)|STATEMENT_EXECUTE|[21]
17:55:10.0 (75227833)|HEAP_ALLOCATE|[21]|Bytes:4
17:55:10.0 (75234192)|VARIABLE_ASSIGNMENT|[21]|auMainTopCompCtrl.TYPE_SCREEN_SA_USRSETTINGS|59
17:55:10.0 (75237724)|STATEMENT_EXECUTE|[22]
17:55:10.0 (75239815)|HEAP_ALLOCATE|[22]|Bytes:4
17:55:10.0 (75246270)|VARIABLE_ASSIGNMENT|[22]|auMainTopCompCtrl.TYPE_SCREEN_SA_DAILYREPORTLIST|60
17:55:10.0 (75250260)|STATEMENT_EXECUTE|[23]
17:55:10.0 (75252278)|HEAP_ALLOCATE|[23]|Bytes:4
17:55:10.0 (75258265)|VARIABLE_ASSIGNMENT|[23]|auMainTopCompCtrl.TYPE_SCREEN_SA_TODO|61
17:55:10.0 (75262098)|STATEMENT_EXECUTE|[24]
17:55:10.0 (75264122)|HEAP_ALLOCATE|[24]|Bytes:4
17:55:10.0 (75269831)|VARIABLE_ASSIGNMENT|[24]|auMainTopCompCtrl.TYPE_SCREEN_HONBU_DIRECT|71
17:55:10.0 (75273584)|STATEMENT_EXECUTE|[25]
17:55:10.0 (75275783)|HEAP_ALLOCATE|[25]|Bytes:4
17:55:10.0 (75280673)|VARIABLE_ASSIGNMENT|[25]|auMainTopCompCtrl.TYPE_SCREEN_ACCOUNT_LIST|81
17:55:10.0 (75283996)|STATEMENT_EXECUTE|[26]
17:55:10.0 (75286095)|HEAP_ALLOCATE|[26]|Bytes:4
17:55:10.0 (75290946)|VARIABLE_ASSIGNMENT|[26]|auMainTopCompCtrl.TYPE_SCREEN_ACTIVITY_LIST|82
17:55:10.0 (75294757)|STATEMENT_EXECUTE|[27]
17:55:10.0 (75296851)|HEAP_ALLOCATE|[27]|Bytes:4
17:55:10.0 (75302132)|VARIABLE_ASSIGNMENT|[27]|auMainTopCompCtrl.TYPE_SCREEN_FILE_LIST|83
17:55:10.0 (75311471)|METHOD_EXIT|[1]|auMainTopCompCtrl
17:55:10.0 (75317663)|HEAP_ALLOCATE|[EXTERNAL]|Bytes:44
17:55:10.0 (75326346)|VARIABLE_ASSIGNMENT|[EXTERNAL]|this.iCountComments|null|0x30df008b
17:55:10.0 (75385753)|SYSTEM_MODE_ENTER|true
17:55:10.0 (75399815)|HEAP_ALLOCATE|[EXTERNAL]|Bytes:44
17:55:10.0 (75407869)|VARIABLE_ASSIGNMENT|[EXTERNAL]|this.iCountLikes|null|0x30df008b
17:55:10.0 (75482167)|SYSTEM_MODE_ENTER|true
17:55:10.0 (75524403)|HEAP_ALLOCATE|[EXTERNAL]|Bytes:376
17:55:10.0 (75532094)|VARIABLE_SCOPE_BEGIN|[172]|this|saReportCtrl|true|false
17:55:10.0 (75742937)|VARIABLE_ASSIGNMENT|[172]|this|{"attachmentId":"","basicSearchCategory":" ","basicSearchCount":"20","basicSearchDateEnd":"","basicSearchDateStart":"","basicSearchKeywords":"","basicSearchRole1":" ","basicSearchRole2":" ","basicSearchRole3":" ","basicSearchSort":" ","categoryDataOptions":"0x54860fa6","countDataOptions":"0x6c847f71","createBody":"","createdReportId":"","createSubject":"","currentUser":"0x2a9a5d0e","draftBody":"","draftSubject":"","isApprover":false,"isCopySelected":false,"isGoodSelected":false,"isVeryGoodSelected":false,"latestBasicSearchCategory":"新料金プラン","latestBasicSearchCount":"20","latestBasicSearchDateEnd":"","latestBasicSearchDateStart":"","latestBasicSearchKeywords":"","latestBasicSearchRole1":"","latestBasicSearchRole2":"","latestBasicSearchRole3":"","latestBasicSearchSort":"公開日時","latestMySearchCount":"","latestMySearchDateEnd":"","latestMySearchDateStart":"","latestMySearchKeywords":"","latestMySearchState":"","latestPendingCount":"","latestPendingDateEnd":"","latestPendingDateStart":"","latestPendingKeywords":"","latestSelectedProcess":"","listOfCategory":"0x3963b94e","listOfSAReports":"0x60f57df8","lsAttachments":"0x4eab57f","lsRolesFull":"0x4bda2d64","mapOfCategory":"0x33506b3c","messageError":"","messageSubmissionComplete":"","mySearchDateEnd":"","mySearchDateStart":"","mySearchKeywords":"","newCommentValue":"","pendingDateEnd":"","pendingDateStart":"","pendingKeywords":"","processDataOptions":"0x7881ca13","remandBody":"","remandSubject":"","reportComments":"0x2911d931","reportGoodViews":"0x33ba607a","reportManagedViews":"0x303e4ba","reportRendered":false,"reportState":"","roleLevel1DataOptions":"0x7524779b","roleLevel2DataOptions":"0x525bf05f","roleLevel3DataOptions":"0x3202e3de","searchCategoryLabel":"新料金プラン","searchCountLabel":"20件","searchStateLabel":"","selectedCategoryName":"新料金プラン","selectedProcess":"","selectedReport":"0x1ff206cc","selectedReportName":"SA_Report-00000160","selectedView":"","sortDataOptions":"0x2eb8f710","stateDataOptions":"0x7876d5f3"}|0x7824ccfd
17:55:10.0 (75781199)|SYSTEM_MODE_ENTER|false
17:55:10.0 (75789784)|HEAP_ALLOCATE|[172]|Bytes:5
17:55:10.0 (75795230)|STATEMENT_EXECUTE|[172]
17:55:10.0 (75797120)|STATEMENT_EXECUTE|[172]
17:55:10.0 (75803188)|SYSTEM_MODE_EXIT|false
17:55:10.0 (75876336)|SYSTEM_MODE_ENTER|true
17:55:10.0 (75894392)|HEAP_ALLOCATE|[EXTERNAL]|Bytes:8
17:55:10.0 (75922025)|HEAP_ALLOCATE|[EXTERNAL]|Bytes:44
17:55:10.0 (75936268)|VARIABLE_ASSIGNMENT|[EXTERNAL]|this.iTypeOfScreen|52|0x30df008b
17:55:10.0 (76097952)|SYSTEM_MODE_ENTER|true
17:55:10.0 (76136416)|HEAP_ALLOCATE|[EXTERNAL]|Bytes:44
17:55:10.0 (76143533)|VARIABLE_SCOPE_BEGIN|[88]|this|auMainTopCompCtrl|true|false
17:55:10.0 (76183602)|VARIABLE_ASSIGNMENT|[88]|this|{"currentUser":"0x42193d7","isSAUser":false,"iTypeOfScreen":52,"urlReportsSFA":"https://cs6.lightnin (84 more) ..."}|0x30df008b
17:55:10.0 (76193605)|STATEMENT_EXECUTE|[88]
17:55:10.0 (76195624)|STATEMENT_EXECUTE|[89]
17:55:10.0 (76253476)|VARIABLE_ASSIGNMENT|[EXTERNAL]|this|{"currentUser":"0x42193d7","isSAUser":false,"iTypeOfScreen":52,"urlReportsSFA":"https://cs6.lightnin (84 more) ..."}|0x30df008b
17:55:10.0 (76303689)|VARIABLE_ASSIGNMENT|[EXTERNAL]|this|{"currentUser":"0x42193d7","isSAUser":false,"iTypeOfScreen":52,"urlReportsSFA":"https://cs6.lightnin (84 more) ..."}|0x30df008b
17:55:10.0 (76320257)|HEAP_ALLOCATE|[89]|Bytes:5
17:55:10.0 (76400659)|SYSTEM_MODE_ENTER|true
17:55:10.0 (76433389)|HEAP_ALLOCATE|[EXTERNAL]|Bytes:44
17:55:10.0 (76440194)|VARIABLE_SCOPE_BEGIN|[106]|this|auMainTopCompCtrl|true|false
17:55:10.0 (76471419)|VARIABLE_ASSIGNMENT|[106]|this|{"currentUser":"0x42193d7","isSAUser":false,"iTypeOfScreen":52,"urlReportsSFA":"https://cs6.lightnin (84 more) ..."}|0x30df008b
17:55:10.0 (76481150)|STATEMENT_EXECUTE|[106]
17:55:10.0 (76482865)|STATEMENT_EXECUTE|[107]
17:55:10.0 (76516047)|VARIABLE_ASSIGNMENT|[EXTERNAL]|this|{"currentUser":"0x42193d7","isSAUser":false,"iTypeOfScreen":52,"urlReportsSFA":"https://cs6.lightnin (84 more) ..."}|0x30df008b
17:55:10.0 (76532001)|HEAP_ALLOCATE|[107]|Bytes:5
17:55:10.0 (76593968)|SYSTEM_MODE_ENTER|true
17:55:10.0 (76621909)|HEAP_ALLOCATE|[EXTERNAL]|Bytes:44
17:55:10.0 (76628217)|VARIABLE_SCOPE_BEGIN|[110]|this|auMainTopCompCtrl|true|false
17:55:10.0 (76658186)|VARIABLE_ASSIGNMENT|[110]|this|{"currentUser":"0x42193d7","isSAUser":false,"iTypeOfScreen":52,"urlReportsSFA":"https://cs6.lightnin (84 more) ..."}|0x30df008b
17:55:10.0 (76666454)|STATEMENT_EXECUTE|[110]
17:55:10.0 (76668032)|STATEMENT_EXECUTE|[111]
17:55:10.0 (76700580)|VARIABLE_ASSIGNMENT|[EXTERNAL]|this|{"currentUser":"0x42193d7","isSAUser":false,"iTypeOfScreen":52,"urlReportsSFA":"https://cs6.lightnin (84 more) ..."}|0x30df008b
17:55:10.0 (76714421)|HEAP_ALLOCATE|[111]|Bytes:5
17:55:10.0 (76769706)|SYSTEM_MODE_ENTER|true
17:55:10.0 (76796104)|HEAP_ALLOCATE|[EXTERNAL]|Bytes:44
17:55:10.0 (76801771)|VARIABLE_SCOPE_BEGIN|[114]|this|auMainTopCompCtrl|true|false
17:55:10.0 (76836676)|VARIABLE_ASSIGNMENT|[114]|this|{"currentUser":"0x42193d7","isSAUser":false,"iTypeOfScreen":52,"urlReportsSFA":"https://cs6.lightnin (84 more) ..."}|0x30df008b
17:55:10.0 (76845268)|STATEMENT_EXECUTE|[114]
17:55:10.0 (76847092)|STATEMENT_EXECUTE|[115]
17:55:10.0 (76879199)|VARIABLE_ASSIGNMENT|[EXTERNAL]|this|{"currentUser":"0x42193d7","isSAUser":false,"iTypeOfScreen":52,"urlReportsSFA":"https://cs6.lightnin (84 more) ..."}|0x30df008b
17:55:10.0 (76892743)|HEAP_ALLOCATE|[115]|Bytes:5
17:55:10.0 (77073612)|SYSTEM_MODE_ENTER|true
17:55:10.0 (77131633)|SYSTEM_MODE_ENTER|true
17:55:10.0 (77494175)|SYSTEM_MODE_ENTER|true
17:55:10.0 (78435246)|SYSTEM_MODE_ENTER|true
17:55:10.0 (78535687)|SYSTEM_MODE_ENTER|true
17:55:10.0 (78597650)|SYSTEM_MODE_ENTER|true
17:55:10.0 (78654776)|SYSTEM_MODE_ENTER|true
17:55:10.0 (78803404)|SYSTEM_MODE_ENTER|true
17:55:10.0 (78891562)|SYSTEM_MODE_ENTER|true
17:55:10.0 (78965575)|SYSTEM_MODE_ENTER|true
17:55:10.0 (79272257)|SYSTEM_MODE_ENTER|true
17:55:10.0 (79309679)|HEAP_ALLOCATE|[EXTERNAL]|Bytes:376
17:55:10.0 (79317003)|VARIABLE_SCOPE_BEGIN|[36]|this|saReportCtrl|true|false
17:55:10.0 (79514222)|VARIABLE_ASSIGNMENT|[36]|this|{"attachmentId":"","basicSearchCategory":" ","basicSearchCount":"20","basicSearchDateEnd":"","basicSearchDateStart":"","basicSearchKeywords":"","basicSearchRole1":" ","basicSearchRole2":" ","basicSearchRole3":" ","basicSearchSort":" ","categoryDataOptions":"0x54860fa6","countDataOptions":"0x6c847f71","createBody":"","createdReportId":"","createSubject":"","currentUser":"0x2a9a5d0e","draftBody":"","draftSubject":"","isApprover":false,"isCopySelected":false,"isGoodSelected":false,"isVeryGoodSelected":false,"latestBasicSearchCategory":"新料金プラン","latestBasicSearchCount":"20","latestBasicSearchDateEnd":"","latestBasicSearchDateStart":"","latestBasicSearchKeywords":"","latestBasicSearchRole1":"","latestBasicSearchRole2":"","latestBasicSearchRole3":"","latestBasicSearchSort":"公開日時","latestMySearchCount":"","latestMySearchDateEnd":"","latestMySearchDateStart":"","latestMySearchKeywords":"","latestMySearchState":"","latestPendingCount":"","latestPendingDateEnd":"","latestPendingDateStart":"","latestPendingKeywords":"","latestSelectedProcess":"","listOfCategory":"0x3963b94e","listOfSAReports":"0x60f57df8","lsAttachments":"0x4eab57f","lsRolesFull":"0x4bda2d64","mapOfCategory":"0x33506b3c","messageError":"","messageSubmissionComplete":"","mySearchDateEnd":"","mySearchDateStart":"","mySearchKeywords":"","newCommentValue":"","pendingDateEnd":"","pendingDateStart":"","pendingKeywords":"","processDataOptions":"0x7881ca13","remandBody":"","remandSubject":"","reportComments":"0x2911d931","reportGoodViews":"0x33ba607a","reportManagedViews":"0x303e4ba","reportRendered":false,"reportState":"","roleLevel1DataOptions":"0x7524779b","roleLevel2DataOptions":"0x525bf05f","roleLevel3DataOptions":"0x3202e3de","searchCategoryLabel":"新料金プラン","searchCountLabel":"20件","searchStateLabel":"","selectedCategoryName":"新料金プラン","selectedProcess":"","selectedReport":"0x1ff206cc","selectedReportName":"SA_Report-00000160","selectedView":"","sortDataOptions":"0x2eb8f710","stateDataOptions":"0x7876d5f3"}|0x7824ccfd
17:55:10.0 (79551020)|SYSTEM_MODE_ENTER|false
17:55:10.0 (79558486)|HEAP_ALLOCATE|[36]|Bytes:5
17:55:10.0 (79563727)|STATEMENT_EXECUTE|[36]
17:55:10.0 (79565492)|STATEMENT_EXECUTE|[36]
17:55:10.0 (79569760)|SYSTEM_MODE_EXIT|false
17:55:10.0 (79680854)|SYSTEM_MODE_ENTER|true
17:55:10.0 (79714696)|HEAP_ALLOCATE|[EXTERNAL]|Bytes:376
17:55:10.0 (79721191)|VARIABLE_SCOPE_BEGIN|[37]|this|saReportCtrl|true|false
17:55:10.0 (79929362)|VARIABLE_ASSIGNMENT|[37]|this|{"attachmentId":"","basicSearchCategory":" ","basicSearchCount":"20","basicSearchDateEnd":"","basicSearchDateStart":"","basicSearchKeywords":"","basicSearchRole1":" ","basicSearchRole2":" ","basicSearchRole3":" ","basicSearchSort":" ","categoryDataOptions":"0x54860fa6","countDataOptions":"0x6c847f71","createBody":"","createdReportId":"","createSubject":"","currentUser":"0x2a9a5d0e","draftBody":"","draftSubject":"","isApprover":false,"isCopySelected":false,"isGoodSelected":false,"isVeryGoodSelected":false,"latestBasicSearchCategory":"新料金プラン","latestBasicSearchCount":"20","latestBasicSearchDateEnd":"","latestBasicSearchDateStart":"","latestBasicSearchKeywords":"","latestBasicSearchRole1":"","latestBasicSearchRole2":"","latestBasicSearchRole3":"","latestBasicSearchSort":"公開日時","latestMySearchCount":"","latestMySearchDateEnd":"","latestMySearchDateStart":"","latestMySearchKeywords":"","latestMySearchState":"","latestPendingCount":"","latestPendingDateEnd":"","latestPendingDateStart":"","latestPendingKeywords":"","latestSelectedProcess":"","listOfCategory":"0x3963b94e","listOfSAReports":"0x60f57df8","lsAttachments":"0x4eab57f","lsRolesFull":"0x4bda2d64","mapOfCategory":"0x33506b3c","messageError":"","messageSubmissionComplete":"","mySearchDateEnd":"","mySearchDateStart":"","mySearchKeywords":"","newCommentValue":"","pendingDateEnd":"","pendingDateStart":"","pendingKeywords":"","processDataOptions":"0x7881ca13","remandBody":"","remandSubject":"","reportComments":"0x2911d931","reportGoodViews":"0x33ba607a","reportManagedViews":"0x303e4ba","reportRendered":false,"reportState":"","roleLevel1DataOptions":"0x7524779b","roleLevel2DataOptions":"0x525bf05f","roleLevel3DataOptions":"0x3202e3de","searchCategoryLabel":"新料金プラン","searchCountLabel":"20件","searchStateLabel":"","selectedCategoryName":"新料金プラン","selectedProcess":"","selectedReport":"0x1ff206cc","selectedReportName":"SA_Report-00000160","selectedView":"","sortDataOptions":"0x2eb8f710","stateDataOptions":"0x7876d5f3"}|0x7824ccfd
17:55:10.0 (79963932)|SYSTEM_MODE_ENTER|false
17:55:10.0 (79970702)|HEAP_ALLOCATE|[37]|Bytes:5
17:55:10.0 (79975343)|STATEMENT_EXECUTE|[37]
17:55:10.0 (79976993)|STATEMENT_EXECUTE|[37]
17:55:10.0 (79981293)|SYSTEM_MODE_EXIT|false
17:55:10.0 (80088837)|SYSTEM_MODE_ENTER|true
17:55:10.0 (80121415)|HEAP_ALLOCATE|[EXTERNAL]|Bytes:376
17:55:10.0 (80127923)|VARIABLE_SCOPE_BEGIN|[39]|this|saReportCtrl|true|false
17:55:10.0 (80317280)|VARIABLE_ASSIGNMENT|[39]|this|{"attachmentId":"","basicSearchCategory":" ","basicSearchCount":"20","basicSearchDateEnd":"","basicSearchDateStart":"","basicSearchKeywords":"","basicSearchRole1":" ","basicSearchRole2":" ","basicSearchRole3":" ","basicSearchSort":" ","categoryDataOptions":"0x54860fa6","countDataOptions":"0x6c847f71","createBody":"","createdReportId":"","createSubject":"","currentUser":"0x2a9a5d0e","draftBody":"","draftSubject":"","isApprover":false,"isCopySelected":false,"isGoodSelected":false,"isVeryGoodSelected":false,"latestBasicSearchCategory":"新料金プラン","latestBasicSearchCount":"20","latestBasicSearchDateEnd":"","latestBasicSearchDateStart":"","latestBasicSearchKeywords":"","latestBasicSearchRole1":"","latestBasicSearchRole2":"","latestBasicSearchRole3":"","latestBasicSearchSort":"公開日時","latestMySearchCount":"","latestMySearchDateEnd":"","latestMySearchDateStart":"","latestMySearchKeywords":"","latestMySearchState":"","latestPendingCount":"","latestPendingDateEnd":"","latestPendingDateStart":"","latestPendingKeywords":"","latestSelectedProcess":"","listOfCategory":"0x3963b94e","listOfSAReports":"0x60f57df8","lsAttachments":"0x4eab57f","lsRolesFull":"0x4bda2d64","mapOfCategory":"0x33506b3c","messageError":"","messageSubmissionComplete":"","mySearchDateEnd":"","mySearchDateStart":"","mySearchKeywords":"","newCommentValue":"","pendingDateEnd":"","pendingDateStart":"","pendingKeywords":"","processDataOptions":"0x7881ca13","remandBody":"","remandSubject":"","reportComments":"0x2911d931","reportGoodViews":"0x33ba607a","reportManagedViews":"0x303e4ba","reportRendered":false,"reportState":"","roleLevel1DataOptions":"0x7524779b","roleLevel2DataOptions":"0x525bf05f","roleLevel3DataOptions":"0x3202e3de","searchCategoryLabel":"新料金プラン","searchCountLabel":"20件","searchStateLabel":"","selectedCategoryName":"新料金プラン","selectedProcess":"","selectedReport":"0x1ff206cc","selectedReportName":"SA_Report-00000160","selectedView":"","sortDataOptions":"0x2eb8f710","stateDataOptions":"0x7876d5f3"}|0x7824ccfd
17:55:10.0 (80351628)|SYSTEM_MODE_ENTER|false
17:55:10.0 (80357933)|HEAP_ALLOCATE|[39]|Bytes:5
17:55:10.0 (80362517)|STATEMENT_EXECUTE|[39]
17:55:10.0 (80364164)|STATEMENT_EXECUTE|[39]
17:55:10.0 (80367957)|SYSTEM_MODE_EXIT|false
17:55:10.0 (80511393)|SYSTEM_MODE_ENTER|true
17:55:10.0 (80544191)|HEAP_ALLOCATE|[EXTERNAL]|Bytes:376
17:55:10.0 (80550429)|VARIABLE_SCOPE_BEGIN|[38]|this|saReportCtrl|true|false
17:55:10.0 (80741804)|VARIABLE_ASSIGNMENT|[38]|this|{"attachmentId":"","basicSearchCategory":" ","basicSearchCount":"20","basicSearchDateEnd":"","basicSearchDateStart":"","basicSearchKeywords":"","basicSearchRole1":" ","basicSearchRole2":" ","basicSearchRole3":" ","basicSearchSort":" ","categoryDataOptions":"0x54860fa6","countDataOptions":"0x6c847f71","createBody":"","createdReportId":"","createSubject":"","currentUser":"0x2a9a5d0e","draftBody":"","draftSubject":"","isApprover":false,"isCopySelected":false,"isGoodSelected":false,"isVeryGoodSelected":false,"latestBasicSearchCategory":"新料金プラン","latestBasicSearchCount":"20","latestBasicSearchDateEnd":"","latestBasicSearchDateStart":"","latestBasicSearchKeywords":"","latestBasicSearchRole1":"","latestBasicSearchRole2":"","latestBasicSearchRole3":"","latestBasicSearchSort":"公開日時","latestMySearchCount":"","latestMySearchDateEnd":"","latestMySearchDateStart":"","latestMySearchKeywords":"","latestMySearchState":"","latestPendingCount":"","latestPendingDateEnd":"","latestPendingDateStart":"","latestPendingKeywords":"","latestSelectedProcess":"","listOfCategory":"0x3963b94e","listOfSAReports":"0x60f57df8","lsAttachments":"0x4eab57f","lsRolesFull":"0x4bda2d64","mapOfCategory":"0x33506b3c","messageError":"","messageSubmissionComplete":"","mySearchDateEnd":"","mySearchDateStart":"","mySearchKeywords":"","newCommentValue":"","pendingDateEnd":"","pendingDateStart":"","pendingKeywords":"","processDataOptions":"0x7881ca13","remandBody":"","remandSubject":"","reportComments":"0x2911d931","reportGoodViews":"0x33ba607a","reportManagedViews":"0x303e4ba","reportRendered":false,"reportState":"","roleLevel1DataOptions":"0x7524779b","roleLevel2DataOptions":"0x525bf05f","roleLevel3DataOptions":"0x3202e3de","searchCategoryLabel":"新料金プラン","searchCountLabel":"20件","searchStateLabel":"","selectedCategoryName":"新料金プラン","selectedProcess":"","selectedReport":"0x1ff206cc","selectedReportName":"SA_Report-00000160","selectedView":"","sortDataOptions":"0x2eb8f710","stateDataOptions":"0x7876d5f3"}|0x7824ccfd
17:55:10.0 (80775949)|SYSTEM_MODE_ENTER|false
17:55:10.0 (80782150)|HEAP_ALLOCATE|[38]|Bytes:5
17:55:10.0 (80786479)|STATEMENT_EXECUTE|[38]
17:55:10.0 (80788096)|STATEMENT_EXECUTE|[38]
17:55:10.0 (80791836)|SYSTEM_MODE_EXIT|false
17:55:10.0 (84217490)|SYSTEM_MODE_ENTER|true
17:55:10.0 (90419611)|SYSTEM_MODE_ENTER|true
17:55:10.0 (90460069)|HEAP_ALLOCATE|[EXTERNAL]|Bytes:376
17:55:10.0 (90660664)|VARIABLE_ASSIGNMENT|[EXTERNAL]|this|{"attachmentId":"","basicSearchCategory":" ","basicSearchCount":"20","basicSearchDateEnd":"","basicSearchDateStart":"","basicSearchKeywords":"","basicSearchRole1":" ","basicSearchRole2":" ","basicSearchRole3":" ","basicSearchSort":" ","categoryDataOptions":"0x54860fa6","countDataOptions":"0x6c847f71","createBody":"","createdReportId":"","createSubject":"","currentUser":"0x2a9a5d0e","draftBody":"","draftSubject":"","isApprover":false,"isCopySelected":false,"isGoodSelected":false,"isVeryGoodSelected":false,"latestBasicSearchCategory":"新料金プラン","latestBasicSearchCount":"20","latestBasicSearchDateEnd":"","latestBasicSearchDateStart":"","latestBasicSearchKeywords":"","latestBasicSearchRole1":"","latestBasicSearchRole2":"","latestBasicSearchRole3":"","latestBasicSearchSort":"公開日時","latestMySearchCount":"","latestMySearchDateEnd":"","latestMySearchDateStart":"","latestMySearchKeywords":"","latestMySearchState":"","latestPendingCount":"","latestPendingDateEnd":"","latestPendingDateStart":"","latestPendingKeywords":"","latestSelectedProcess":"","listOfCategory":"0x3963b94e","listOfSAReports":"0x60f57df8","lsAttachments":"0x4eab57f","lsRolesFull":"0x4bda2d64","mapOfCategory":"0x33506b3c","messageError":"","messageSubmissionComplete":"","mySearchDateEnd":"","mySearchDateStart":"","mySearchKeywords":"","newCommentValue":"","pendingDateEnd":"","pendingDateStart":"","pendingKeywords":"","processDataOptions":"0x7881ca13","remandBody":"","remandSubject":"","reportComments":"0x2911d931","reportGoodViews":"0x33ba607a","reportManagedViews":"0x303e4ba","reportRendered":false,"reportState":"","roleLevel1DataOptions":"0x7524779b","roleLevel2DataOptions":"0x525bf05f","roleLevel3DataOptions":"0x3202e3de","searchCategoryLabel":"新料金プラン","searchCountLabel":"20件","searchStateLabel":"","selectedCategoryName":"新料金プラン","selectedProcess":"","selectedReport":"0x1ff206cc","selectedReportName":"SA_Report-00000160","selectedView":"","sortDataOptions":"0x2eb8f710","stateDataOptions":"0x7876d5f3"}|0x7824ccfd
17:55:10.0 (90697882)|SYSTEM_MODE_ENTER|false
17:55:10.0 (90706104)|HEAP_ALLOCATE|[46]|Bytes:5
17:55:10.0 (90711212)|STATEMENT_EXECUTE|[46]
17:55:10.0 (90713110)|STATEMENT_EXECUTE|[46]
17:55:10.0 (90794531)|HEAP_ALLOCATE|[46]|Bytes:64
17:55:10.0 (90806724)|SYSTEM_METHOD_ENTRY|[1]|Url.Url()
17:55:10.0 (90811318)|STATEMENT_EXECUTE|[1]
17:55:10.0 (90818070)|SYSTEM_METHOD_EXIT|[1]|Url
17:55:10.0 (90836616)|METHOD_ENTRY|[46]||System.Url.getSalesforceBaseUrl()
17:55:10.0 (91016397)|METHOD_EXIT|[46]||System.Url.getSalesforceBaseUrl()
17:55:10.0 (91036071)|METHOD_ENTRY|[46]||System.Url.toExternalForm()
17:55:10.0 (91083115)|METHOD_EXIT|[46]||System.Url.toExternalForm()
17:55:10.0 (91089918)|HEAP_ALLOCATE|[46]|Bytes:16
17:55:10.0 (91111541)|HEAP_ALLOCATE|[46]|Bytes:60
17:55:10.0 (91118633)|SYSTEM_MODE_EXIT|false
17:55:10.0 (92115900)|SYSTEM_MODE_ENTER|true
17:55:10.0 (92154908)|HEAP_ALLOCATE|[EXTERNAL]|Bytes:376
17:55:10.0 (92354215)|VARIABLE_ASSIGNMENT|[EXTERNAL]|this|{"attachmentId":"","basicSearchCategory":" ","basicSearchCount":"20","basicSearchDateEnd":"","basicSearchDateStart":"","basicSearchKeywords":"","basicSearchRole1":" ","basicSearchRole2":" ","basicSearchRole3":" ","basicSearchSort":" ","categoryDataOptions":"0x54860fa6","countDataOptions":"0x6c847f71","createBody":"","createdReportId":"","createSubject":"","currentUser":"0x2a9a5d0e","draftBody":"","draftSubject":"","isApprover":false,"isCopySelected":false,"isGoodSelected":false,"isVeryGoodSelected":false,"latestBasicSearchCategory":"新料金プラン","latestBasicSearchCount":"20","latestBasicSearchDateEnd":"","latestBasicSearchDateStart":"","latestBasicSearchKeywords":"","latestBasicSearchRole1":"","latestBasicSearchRole2":"","latestBasicSearchRole3":"","latestBasicSearchSort":"公開日時","latestMySearchCount":"","latestMySearchDateEnd":"","latestMySearchDateStart":"","latestMySearchKeywords":"","latestMySearchState":"","latestPendingCount":"","latestPendingDateEnd":"","latestPendingDateStart":"","latestPendingKeywords":"","latestSelectedProcess":"","listOfCategory":"0x3963b94e","listOfSAReports":"0x60f57df8","lsAttachments":"0x4eab57f","lsRolesFull":"0x4bda2d64","mapOfCategory":"0x33506b3c","messageError":"","messageSubmissionComplete":"","mySearchDateEnd":"","mySearchDateStart":"","mySearchKeywords":"","newCommentValue":"","pendingDateEnd":"","pendingDateStart":"","pendingKeywords":"","processDataOptions":"0x7881ca13","remandBody":"","remandSubject":"","reportComments":"0x2911d931","reportGoodViews":"0x33ba607a","reportManagedViews":"0x303e4ba","reportRendered":false,"reportState":"","roleLevel1DataOptions":"0x7524779b","roleLevel2DataOptions":"0x525bf05f","roleLevel3DataOptions":"0x3202e3de","searchCategoryLabel":"新料金プラン","searchCountLabel":"20件","searchStateLabel":"","selectedCategoryName":"新料金プラン","selectedProcess":"","selectedReport":"0x1ff206cc","selectedReportName":"SA_Report-00000160","selectedView":"","sortDataOptions":"0x2eb8f710","stateDataOptions":"0x7876d5f3"}|0x7824ccfd
17:55:10.0 (92390959)|SYSTEM_MODE_ENTER|false
17:55:10.0 (92398358)|HEAP_ALLOCATE|[177]|Bytes:5
17:55:10.0 (92403638)|STATEMENT_EXECUTE|[176]
17:55:10.0 (92405528)|STATEMENT_EXECUTE|[177]
17:55:10.0 (92444966)|HEAP_ALLOCATE|[177]|Bytes:89
17:55:10.0 (92455341)|SYSTEM_METHOD_ENTRY|[1]|UserInfo.UserInfo()
17:55:10.0 (92459098)|STATEMENT_EXECUTE|[1]
17:55:10.0 (92464025)|SYSTEM_METHOD_EXIT|[1]|UserInfo
17:55:10.0 (92473860)|METHOD_ENTRY|[177]||System.UserInfo.getTimeZone()
17:55:10.0 (92656892)|METHOD_EXIT|[177]||System.UserInfo.getTimeZone()
17:55:10.0 (92664354)|VARIABLE_SCOPE_BEGIN|[177]|tz|System.TimeZone|true|false
17:55:10.0 (92688084)|VARIABLE_ASSIGNMENT|[177]|tz|{"delegate":"0x41ddff1c"}|0x3742558
17:55:10.0 (92694436)|STATEMENT_EXECUTE|[179]
17:55:10.0 (92741377)|HEAP_ALLOCATE|[179]|Bytes:56
17:55:10.0 (92760582)|METHOD_ENTRY|[179]||System.TimeZone.getOffset(Datetime)
17:55:10.0 (92785996)|METHOD_EXIT|[179]||System.TimeZone.getOffset(Datetime)
17:55:10.0 (92815426)|HEAP_ALLOCATE|[179]|Bytes:28
17:55:10.0 (92823573)|HEAP_ALLOCATE|[179]|Bytes:28
17:55:10.0 (92835072)|HEAP_ALLOCATE|[179]|Bytes:4
17:55:10.0 (92844305)|HEAP_ALLOCATE|[179]|Bytes:28
17:55:10.0 (92882713)|HEAP_ALLOCATE|[179]|Bytes:28
17:55:10.0 (92952634)|HEAP_ALLOCATE|[179]|Bytes:28
17:55:10.0 (92957320)|HEAP_ALLOCATE|[179]|Bytes:28
17:55:10.0 (92972913)|HEAP_ALLOCATE|[179]|Bytes:12
17:55:10.0 (92979161)|SYSTEM_MODE_EXIT|false
17:55:10.0 (97057522)|SYSTEM_MODE_ENTER|true
17:55:10.0 (110877562)|VF_SERIALIZE_VIEWSTATE_BEGIN|066N0000000M59u
17:55:10.0 (122675107)|VF_SERIALIZE_VIEWSTATE_END
17:55:10.138 (138266714)|CUMULATIVE_LIMIT_USAGE
17:55:10.138 (138266714)|LIMIT_USAGE_FOR_NS|(default)|
  Number of SOQL queries: 0 out of 100
  Number of query rows: 0 out of 50000
  Number of SOSL queries: 0 out of 20
  Number of DML statements: 0 out of 150
  Number of DML rows: 0 out of 10000
  Maximum CPU time: 0 out of 10000
  Maximum heap size: 0 out of 6000000
  Number of callouts: 0 out of 100
  Number of Email Invocations: 0 out of 10
  Number of future calls: 0 out of 50
  Number of queueable jobs added to the queue: 0 out of 50
  Number of Mobile Apex push calls: 0 out of 10

17:55:10.138 (138266714)|CUMULATIVE_LIMIT_USAGE_END

17:55:10.0 (138306774)|CODE_UNIT_FINISHED|VF: /apex/saReport
17:55:10.0 (139034030)|EXECUTION_FINISHED
