42.0 APEX_CODE,FINEST;APEX_PROFILING,INFO;CALLOUT,INFO;DB,INFO;NBA,INFO;SYSTEM,DEBUG;VALIDATION,INFO;VISUALFORCE,INFO;WAVE,INFO;WORKFLOW,INFO
11:54:49.0 (79945)|USER_INFO|[EXTERNAL]|005N00000057PfO|thomas.remy+kddi_gwdev01@globalway.co.jp|Japan Standard Time|GMT+09:00
11:54:49.0 (117255)|EXECUTION_STARTED
11:54:49.0 (122240)|CODE_UNIT_STARTED|[EXTERNAL]|066N0000000M4pW|VF: /apex/sadailyreport
11:54:49.0 (277708)|VF_DESERIALIZE_VIEWSTATE_BEGIN|066N0000000M4pW
11:54:49.0 (3528502)|HEAP_ALLOCATE|[72]|Bytes:3
11:54:49.0 (3576064)|HEAP_ALLOCATE|[77]|Bytes:152
11:54:49.0 (3595579)|HEAP_ALLOCATE|[342]|Bytes:408
11:54:49.0 (3614397)|HEAP_ALLOCATE|[355]|Bytes:408
11:54:49.0 (3631956)|HEAP_ALLOCATE|[467]|Bytes:48
11:54:49.0 (3661398)|HEAP_ALLOCATE|[139]|Bytes:6
11:54:49.0 (4592748)|HEAP_ALLOCATE|[50]|Bytes:5
11:54:49.0 (4624795)|HEAP_ALLOCATE|[56]|Bytes:5
11:54:49.0 (4634292)|HEAP_ALLOCATE|[64]|Bytes:7
11:54:49.0 (5387414)|VARIABLE_SCOPE_BEGIN|[3]|saDailyReportCtrl.SOURCE|String|false|true
11:54:49.0 (5399898)|VARIABLE_SCOPE_BEGIN|[4]|saDailyReportCtrl.SOURCE_ID|String|false|true
11:54:49.0 (6400527)|VARIABLE_SCOPE_BEGIN|[25]|auMainTopCompCtrl.TYPE_SCREEN_ACCOUNT_LIST|Integer|false|true
11:54:49.0 (6412857)|VARIABLE_SCOPE_BEGIN|[26]|auMainTopCompCtrl.TYPE_SCREEN_ACTIVITY_LIST|Integer|false|true
11:54:49.0 (6420248)|VARIABLE_SCOPE_BEGIN|[7]|auMainTopCompCtrl.TYPE_SCREEN_CX_SCREEN|Integer|false|true
11:54:49.0 (6426925)|VARIABLE_SCOPE_BEGIN|[8]|auMainTopCompCtrl.TYPE_SCREEN_CX_TIMELINE|Integer|false|true
11:54:49.0 (6433523)|VARIABLE_SCOPE_BEGIN|[9]|auMainTopCompCtrl.TYPE_SCREEN_EVENT_SCHEDULE|Integer|false|true
11:54:49.0 (6439668)|VARIABLE_SCOPE_BEGIN|[10]|auMainTopCompCtrl.TYPE_SCREEN_EVENT_SCHEDULE_LIST|Integer|false|true
11:54:49.0 (6446224)|VARIABLE_SCOPE_BEGIN|[27]|auMainTopCompCtrl.TYPE_SCREEN_FILE_LIST|Integer|false|true
11:54:49.0 (6451580)|VARIABLE_SCOPE_BEGIN|[24]|auMainTopCompCtrl.TYPE_SCREEN_HONBU_DIRECT|Integer|false|true
11:54:49.0 (6457100)|VARIABLE_SCOPE_BEGIN|[11]|auMainTopCompCtrl.TYPE_SCREEN_KNOWLEDGE_DASHBOARD|Integer|false|true
11:54:49.0 (6462726)|VARIABLE_SCOPE_BEGIN|[12]|auMainTopCompCtrl.TYPE_SCREEN_KNOWLEDGE_LIST|Integer|false|true
11:54:49.0 (6468370)|VARIABLE_SCOPE_BEGIN|[15]|auMainTopCompCtrl.TYPE_SCREEN_SA_CHATTER|Integer|false|true
11:54:49.0 (6474255)|VARIABLE_SCOPE_BEGIN|[16]|auMainTopCompCtrl.TYPE_SCREEN_SA_DAILYREPORT|Integer|false|true
11:54:49.0 (6479862)|VARIABLE_SCOPE_BEGIN|[22]|auMainTopCompCtrl.TYPE_SCREEN_SA_DAILYREPORTLIST|Integer|false|true
11:54:49.0 (6485971)|VARIABLE_SCOPE_BEGIN|[18]|auMainTopCompCtrl.TYPE_SCREEN_SA_DOCUMENTS|Integer|false|true
11:54:49.0 (6491876)|VARIABLE_SCOPE_BEGIN|[17]|auMainTopCompCtrl.TYPE_SCREEN_SA_ENQUETE|Integer|false|true
11:54:49.0 (6497738)|VARIABLE_SCOPE_BEGIN|[20]|auMainTopCompCtrl.TYPE_SCREEN_SA_LINKS|Integer|false|true
11:54:49.0 (6503869)|VARIABLE_SCOPE_BEGIN|[13]|auMainTopCompCtrl.TYPE_SCREEN_SA_MESSAGES|Integer|false|true
11:54:49.0 (6509917)|VARIABLE_SCOPE_BEGIN|[19]|auMainTopCompCtrl.TYPE_SCREEN_SA_RANKING|Integer|false|true
11:54:49.0 (6515972)|VARIABLE_SCOPE_BEGIN|[14]|auMainTopCompCtrl.TYPE_SCREEN_SA_REPORTS|Integer|false|true
11:54:49.0 (6521953)|VARIABLE_SCOPE_BEGIN|[23]|auMainTopCompCtrl.TYPE_SCREEN_SA_TODO|Integer|false|true
11:54:49.0 (6528366)|VARIABLE_SCOPE_BEGIN|[21]|auMainTopCompCtrl.TYPE_SCREEN_SA_USRSETTINGS|Integer|false|true
11:54:49.0 (6534380)|VARIABLE_SCOPE_BEGIN|[4]|auMainTopCompCtrl.TYPE_SCREEN_STPD_EVENT|Integer|false|true
11:54:49.0 (6541178)|VARIABLE_SCOPE_BEGIN|[6]|auMainTopCompCtrl.TYPE_SCREEN_STPD_SCREEN|Integer|false|true
11:54:49.0 (6547563)|VARIABLE_SCOPE_BEGIN|[5]|auMainTopCompCtrl.TYPE_SCREEN_STPD_TIMELINE|Integer|false|true
11:54:49.0 (6554035)|VARIABLE_SCOPE_BEGIN|[3]|auMainTopCompCtrl.TYPE_SCREEN_SWITCH|Integer|false|true
11:54:49.0 (7702562)|VF_DESERIALIZE_VIEWSTATE_END
11:54:49.0 (9815272)|SYSTEM_MODE_ENTER|true
11:54:49.0 (10085016)|HEAP_ALLOCATE|[EXTERNAL]|Bytes:284
11:54:49.0 (10097838)|HEAP_ALLOCATE|[EXTERNAL]|Bytes:156
11:54:49.0 (10111457)|METHOD_ENTRY|[1]|01pN0000000Mill|auMainTopCompCtrl.auMainTopCompCtrl()
11:54:49.0 (10118222)|STATEMENT_EXECUTE|[1]
11:54:49.0 (10123790)|STATEMENT_EXECUTE|[1]
11:54:49.0 (10125689)|STATEMENT_EXECUTE|[3]
11:54:49.0 (10131876)|HEAP_ALLOCATE|[3]|Bytes:4
11:54:49.0 (10157453)|VARIABLE_ASSIGNMENT|[3]|auMainTopCompCtrl.TYPE_SCREEN_SWITCH|0
11:54:49.0 (10163212)|STATEMENT_EXECUTE|[4]
11:54:49.0 (10165855)|HEAP_ALLOCATE|[4]|Bytes:4
11:54:49.0 (10173250)|VARIABLE_ASSIGNMENT|[4]|auMainTopCompCtrl.TYPE_SCREEN_STPD_EVENT|11
11:54:49.0 (10177866)|STATEMENT_EXECUTE|[5]
11:54:49.0 (10180243)|HEAP_ALLOCATE|[5]|Bytes:4
11:54:49.0 (10187113)|VARIABLE_ASSIGNMENT|[5]|auMainTopCompCtrl.TYPE_SCREEN_STPD_TIMELINE|12
11:54:49.0 (10191472)|STATEMENT_EXECUTE|[6]
11:54:49.0 (10193396)|HEAP_ALLOCATE|[6]|Bytes:4
11:54:49.0 (10199833)|VARIABLE_ASSIGNMENT|[6]|auMainTopCompCtrl.TYPE_SCREEN_STPD_SCREEN|13
11:54:49.0 (10203626)|STATEMENT_EXECUTE|[7]
11:54:49.0 (10205711)|HEAP_ALLOCATE|[7]|Bytes:4
11:54:49.0 (10210806)|VARIABLE_ASSIGNMENT|[7]|auMainTopCompCtrl.TYPE_SCREEN_CX_SCREEN|21
11:54:49.0 (10214216)|STATEMENT_EXECUTE|[8]
11:54:49.0 (10216196)|HEAP_ALLOCATE|[8]|Bytes:4
11:54:49.0 (10221309)|VARIABLE_ASSIGNMENT|[8]|auMainTopCompCtrl.TYPE_SCREEN_CX_TIMELINE|22
11:54:49.0 (10225164)|STATEMENT_EXECUTE|[9]
11:54:49.0 (10232288)|HEAP_ALLOCATE|[9]|Bytes:4
11:54:49.0 (10243735)|VARIABLE_ASSIGNMENT|[9]|auMainTopCompCtrl.TYPE_SCREEN_EVENT_SCHEDULE|31
11:54:49.0 (10248707)|STATEMENT_EXECUTE|[10]
11:54:49.0 (10251152)|HEAP_ALLOCATE|[10]|Bytes:4
11:54:49.0 (10257894)|VARIABLE_ASSIGNMENT|[10]|auMainTopCompCtrl.TYPE_SCREEN_EVENT_SCHEDULE_LIST|32
11:54:49.0 (10262255)|STATEMENT_EXECUTE|[11]
11:54:49.0 (10264424)|HEAP_ALLOCATE|[11]|Bytes:4
11:54:49.0 (10270051)|VARIABLE_ASSIGNMENT|[11]|auMainTopCompCtrl.TYPE_SCREEN_KNOWLEDGE_DASHBOARD|41
11:54:49.0 (10273900)|STATEMENT_EXECUTE|[12]
11:54:49.0 (10275778)|HEAP_ALLOCATE|[12]|Bytes:4
11:54:49.0 (10281665)|VARIABLE_ASSIGNMENT|[12]|auMainTopCompCtrl.TYPE_SCREEN_KNOWLEDGE_LIST|42
11:54:49.0 (10285611)|STATEMENT_EXECUTE|[13]
11:54:49.0 (10287970)|HEAP_ALLOCATE|[13]|Bytes:4
11:54:49.0 (10293944)|VARIABLE_ASSIGNMENT|[13]|auMainTopCompCtrl.TYPE_SCREEN_SA_MESSAGES|51
11:54:49.0 (10298540)|STATEMENT_EXECUTE|[14]
11:54:49.0 (10300433)|HEAP_ALLOCATE|[14]|Bytes:4
11:54:49.0 (10306848)|VARIABLE_ASSIGNMENT|[14]|auMainTopCompCtrl.TYPE_SCREEN_SA_REPORTS|52
11:54:49.0 (10310449)|STATEMENT_EXECUTE|[15]
11:54:49.0 (10312377)|HEAP_ALLOCATE|[15]|Bytes:4
11:54:49.0 (10317572)|VARIABLE_ASSIGNMENT|[15]|auMainTopCompCtrl.TYPE_SCREEN_SA_CHATTER|53
11:54:49.0 (10321327)|STATEMENT_EXECUTE|[16]
11:54:49.0 (10323464)|HEAP_ALLOCATE|[16]|Bytes:4
11:54:49.0 (10329135)|VARIABLE_ASSIGNMENT|[16]|auMainTopCompCtrl.TYPE_SCREEN_SA_DAILYREPORT|54
11:54:49.0 (10332498)|STATEMENT_EXECUTE|[17]
11:54:49.0 (10334678)|HEAP_ALLOCATE|[17]|Bytes:4
11:54:49.0 (10340242)|VARIABLE_ASSIGNMENT|[17]|auMainTopCompCtrl.TYPE_SCREEN_SA_ENQUETE|55
11:54:49.0 (10343613)|STATEMENT_EXECUTE|[18]
11:54:49.0 (10345499)|HEAP_ALLOCATE|[18]|Bytes:4
11:54:49.0 (10351214)|VARIABLE_ASSIGNMENT|[18]|auMainTopCompCtrl.TYPE_SCREEN_SA_DOCUMENTS|56
11:54:49.0 (10354881)|STATEMENT_EXECUTE|[19]
11:54:49.0 (10356717)|HEAP_ALLOCATE|[19]|Bytes:4
11:54:49.0 (10362355)|VARIABLE_ASSIGNMENT|[19]|auMainTopCompCtrl.TYPE_SCREEN_SA_RANKING|57
11:54:49.0 (10365637)|STATEMENT_EXECUTE|[20]
11:54:49.0 (10367432)|HEAP_ALLOCATE|[20]|Bytes:4
11:54:49.0 (10373112)|VARIABLE_ASSIGNMENT|[20]|auMainTopCompCtrl.TYPE_SCREEN_SA_LINKS|58
11:54:49.0 (10376913)|STATEMENT_EXECUTE|[21]
11:54:49.0 (10378884)|HEAP_ALLOCATE|[21]|Bytes:4
11:54:49.0 (10384877)|VARIABLE_ASSIGNMENT|[21]|auMainTopCompCtrl.TYPE_SCREEN_SA_USRSETTINGS|59
11:54:49.0 (10388695)|STATEMENT_EXECUTE|[22]
11:54:49.0 (10390594)|HEAP_ALLOCATE|[22]|Bytes:4
11:54:49.0 (10396133)|VARIABLE_ASSIGNMENT|[22]|auMainTopCompCtrl.TYPE_SCREEN_SA_DAILYREPORTLIST|60
11:54:49.0 (10399998)|STATEMENT_EXECUTE|[23]
11:54:49.0 (10402083)|HEAP_ALLOCATE|[23]|Bytes:4
11:54:49.0 (10409738)|VARIABLE_ASSIGNMENT|[23]|auMainTopCompCtrl.TYPE_SCREEN_SA_TODO|61
11:54:49.0 (10413488)|STATEMENT_EXECUTE|[24]
11:54:49.0 (10415564)|HEAP_ALLOCATE|[24]|Bytes:4
11:54:49.0 (10421014)|VARIABLE_ASSIGNMENT|[24]|auMainTopCompCtrl.TYPE_SCREEN_HONBU_DIRECT|71
11:54:49.0 (10424932)|STATEMENT_EXECUTE|[25]
11:54:49.0 (10426942)|HEAP_ALLOCATE|[25]|Bytes:4
11:54:49.0 (10432233)|VARIABLE_ASSIGNMENT|[25]|auMainTopCompCtrl.TYPE_SCREEN_ACCOUNT_LIST|81
11:54:49.0 (10435906)|STATEMENT_EXECUTE|[26]
11:54:49.0 (10437825)|HEAP_ALLOCATE|[26]|Bytes:4
11:54:49.0 (10443082)|VARIABLE_ASSIGNMENT|[26]|auMainTopCompCtrl.TYPE_SCREEN_ACTIVITY_LIST|82
11:54:49.0 (10446759)|STATEMENT_EXECUTE|[27]
11:54:49.0 (10448945)|HEAP_ALLOCATE|[27]|Bytes:4
11:54:49.0 (10454219)|VARIABLE_ASSIGNMENT|[27]|auMainTopCompCtrl.TYPE_SCREEN_FILE_LIST|83
11:54:49.0 (10462869)|METHOD_EXIT|[1]|auMainTopCompCtrl
11:54:49.0 (10469483)|HEAP_ALLOCATE|[EXTERNAL]|Bytes:44
11:54:49.0 (10477263)|VARIABLE_SCOPE_BEGIN|[88]|this|auMainTopCompCtrl|true|false
11:54:49.0 (10542566)|VARIABLE_ASSIGNMENT|[88]|this|{"currentUser":"0x25723d3b","isSAUser":false,"iTypeOfScreen":54,"urlReportsSFA":"https://cs6.lightnin (84 more) ..."}|0x2882cfae
11:54:49.0 (10556428)|STATEMENT_EXECUTE|[88]
11:54:49.0 (10558141)|STATEMENT_EXECUTE|[89]
11:54:49.0 (10608344)|VARIABLE_ASSIGNMENT|[EXTERNAL]|this|{"currentUser":"0x25723d3b","isSAUser":false,"iTypeOfScreen":54,"urlReportsSFA":"https://cs6.lightnin (84 more) ..."}|0x2882cfae
11:54:49.0 (10659597)|VARIABLE_ASSIGNMENT|[EXTERNAL]|this|{"currentUser":"0x25723d3b","isSAUser":false,"iTypeOfScreen":54,"urlReportsSFA":"https://cs6.lightnin (84 more) ..."}|0x2882cfae
11:54:49.0 (10698870)|VARIABLE_ASSIGNMENT|[EXTERNAL]|this|{"currentUser":"0x25723d3b","isSAUser":false,"iTypeOfScreen":54,"urlReportsSFA":"https://cs6.lightnin (84 more) ..."}|0x2882cfae
11:54:49.0 (10736965)|VARIABLE_ASSIGNMENT|[EXTERNAL]|this|{"currentUser":"0x25723d3b","isSAUser":false,"iTypeOfScreen":54,"urlReportsSFA":"https://cs6.lightnin (84 more) ..."}|0x2882cfae
11:54:49.0 (10761244)|HEAP_ALLOCATE|[89]|Bytes:5
11:54:49.0 (10865040)|SYSTEM_MODE_ENTER|true
11:54:49.0 (10899347)|HEAP_ALLOCATE|[EXTERNAL]|Bytes:44
11:54:49.0 (10905870)|VARIABLE_SCOPE_BEGIN|[106]|this|auMainTopCompCtrl|true|false
11:54:49.0 (10937850)|VARIABLE_ASSIGNMENT|[106]|this|{"currentUser":"0x25723d3b","isSAUser":false,"iTypeOfScreen":54,"urlReportsSFA":"https://cs6.lightnin (84 more) ..."}|0x2882cfae
11:54:49.0 (10947828)|STATEMENT_EXECUTE|[106]
11:54:49.0 (10949836)|STATEMENT_EXECUTE|[107]
11:54:49.0 (10983558)|VARIABLE_ASSIGNMENT|[EXTERNAL]|this|{"currentUser":"0x25723d3b","isSAUser":false,"iTypeOfScreen":54,"urlReportsSFA":"https://cs6.lightnin (84 more) ..."}|0x2882cfae
11:54:49.0 (10998313)|HEAP_ALLOCATE|[107]|Bytes:5
11:54:49.0 (11058496)|SYSTEM_MODE_ENTER|true
11:54:49.0 (11086333)|HEAP_ALLOCATE|[EXTERNAL]|Bytes:44
11:54:49.0 (11092771)|VARIABLE_SCOPE_BEGIN|[110]|this|auMainTopCompCtrl|true|false
11:54:49.0 (11122836)|VARIABLE_ASSIGNMENT|[110]|this|{"currentUser":"0x25723d3b","isSAUser":false,"iTypeOfScreen":54,"urlReportsSFA":"https://cs6.lightnin (84 more) ..."}|0x2882cfae
11:54:49.0 (11132476)|STATEMENT_EXECUTE|[110]
11:54:49.0 (11134402)|STATEMENT_EXECUTE|[111]
11:54:49.0 (11165994)|VARIABLE_ASSIGNMENT|[EXTERNAL]|this|{"currentUser":"0x25723d3b","isSAUser":false,"iTypeOfScreen":54,"urlReportsSFA":"https://cs6.lightnin (84 more) ..."}|0x2882cfae
11:54:49.0 (11179912)|HEAP_ALLOCATE|[111]|Bytes:5
11:54:49.0 (11233619)|SYSTEM_MODE_ENTER|true
11:54:49.0 (11258979)|HEAP_ALLOCATE|[EXTERNAL]|Bytes:44
11:54:49.0 (11264527)|VARIABLE_SCOPE_BEGIN|[114]|this|auMainTopCompCtrl|true|false
11:54:49.0 (11294581)|VARIABLE_ASSIGNMENT|[114]|this|{"currentUser":"0x25723d3b","isSAUser":false,"iTypeOfScreen":54,"urlReportsSFA":"https://cs6.lightnin (84 more) ..."}|0x2882cfae
11:54:49.0 (11303385)|STATEMENT_EXECUTE|[114]
11:54:49.0 (11305037)|STATEMENT_EXECUTE|[115]
11:54:49.0 (11336862)|VARIABLE_ASSIGNMENT|[EXTERNAL]|this|{"currentUser":"0x25723d3b","isSAUser":false,"iTypeOfScreen":54,"urlReportsSFA":"https://cs6.lightnin (84 more) ..."}|0x2882cfae
11:54:49.0 (11350525)|HEAP_ALLOCATE|[115]|Bytes:5
11:54:49.0 (11416030)|SYSTEM_MODE_ENTER|true
11:54:49.0 (11437157)|HEAP_ALLOCATE|[EXTERNAL]|Bytes:44
11:54:49.0 (11447814)|VARIABLE_ASSIGNMENT|[EXTERNAL]|this.iCountComments|null|0x2882cfae
11:54:49.0 (11490066)|SYSTEM_MODE_ENTER|true
11:54:49.0 (11501734)|HEAP_ALLOCATE|[EXTERNAL]|Bytes:44
11:54:49.0 (11508822)|VARIABLE_ASSIGNMENT|[EXTERNAL]|this.iCountLikes|null|0x2882cfae
11:54:49.0 (11586472)|SYSTEM_MODE_ENTER|true
11:54:49.0 (11619648)|HEAP_ALLOCATE|[EXTERNAL]|Bytes:26
11:54:49.0 (11627201)|HEAP_ALLOCATE|[EXTERNAL]|Bytes:460
11:54:49.0 (11631642)|HEAP_ALLOCATE|[EXTERNAL]|Bytes:111
11:54:49.0 (11635423)|HEAP_ALLOCATE|[EXTERNAL]|Bytes:33
11:54:49.0 (11639894)|HEAP_ALLOCATE|[EXTERNAL]|Bytes:3
11:54:49.0 (11648509)|VARIABLE_ASSIGNMENT|[EXTERNAL]|saDailyReportCtrl.SOURCE|"src"
11:54:49.0 (11653188)|HEAP_ALLOCATE|[EXTERNAL]|Bytes:2
11:54:49.0 (11658977)|VARIABLE_ASSIGNMENT|[EXTERNAL]|saDailyReportCtrl.SOURCE_ID|"id"
11:54:49.0 (11666904)|METHOD_ENTRY|[1]|01pN0000000aE0W|saDailyReportCtrl.saDailyReportCtrl()
11:54:49.0 (11671887)|STATEMENT_EXECUTE|[1]
11:54:49.0 (11674971)|STATEMENT_EXECUTE|[1]
11:54:49.0 (11682810)|SYSTEM_MODE_ENTER|false
11:54:49.0 (11689966)|HEAP_ALLOCATE|[EXTERNAL]|Bytes:5
11:54:49.0 (11694621)|STATEMENT_EXECUTE|[644]
11:54:49.0 (11696388)|STATEMENT_EXECUTE|[671]
11:54:49.0 (11701793)|SYSTEM_MODE_EXIT|false
11:54:49.0 (11708920)|METHOD_EXIT|[1]|saDailyReportCtrl
11:54:49.0 (11713866)|HEAP_ALLOCATE|[EXTERNAL]|Bytes:76
11:54:49.0 (11718583)|VARIABLE_SCOPE_BEGIN|[84]|this|saDailyReportCtrl|true|false
11:54:49.0 (12018224)|VARIABLE_ASSIGNMENT|[84]|this|{"BusinessLocationName":"","currentInquiryReply":"0x23c22787","currentInquiryReplyDetail":"0x1d0373ee","dailyReportId":"a0IN0000006RUlWMAW","dCurrentDay":"2018-06-30T00:00:00Z","dCurrentMonth":"2018-07-01T00:00:00Z","iCurrentDay":0,"idBusinessLocation":"","isIPhone":false,"isPreview":true,"lsBusinessLocation":"0x29ac1e90","messageError":"","messageQuestion":"","mpQuestions":"0x7e96adf9","myUser":"0x4cda43b3"}|0x7875f317
11:54:49.0 (12038590)|SYSTEM_MODE_ENTER|false
11:54:49.0 (12045490)|HEAP_ALLOCATE|[84]|Bytes:5
11:54:49.0 (12050739)|STATEMENT_EXECUTE|[84]
11:54:49.0 (12052551)|STATEMENT_EXECUTE|[84]
11:54:49.0 (12057416)|SYSTEM_MODE_EXIT|false
11:54:49.0 (12117141)|SYSTEM_MODE_ENTER|true
11:54:49.0 (12133984)|HEAP_ALLOCATE|[EXTERNAL]|Bytes:8
11:54:49.0 (12138349)|HEAP_ALLOCATE|[EXTERNAL]|Bytes:44
11:54:49.0 (12147745)|VARIABLE_ASSIGNMENT|[EXTERNAL]|this.iTypeOfScreen|54|0x2882cfae
11:54:49.0 (12296011)|SYSTEM_MODE_ENTER|true
11:54:49.0 (12379515)|SYSTEM_MODE_ENTER|true
11:54:49.0 (12455426)|SYSTEM_MODE_ENTER|true
11:54:49.0 (12637715)|SYSTEM_MODE_ENTER|true
11:54:49.0 (13862488)|SYSTEM_MODE_ENTER|true
11:54:49.0 (15632518)|SYSTEM_MODE_ENTER|true
11:54:49.0 (15682275)|SYSTEM_MODE_ENTER|true
11:54:49.0 (15718697)|SYSTEM_MODE_ENTER|true
11:54:49.0 (15752975)|SYSTEM_MODE_ENTER|true
11:54:49.0 (15785458)|SYSTEM_MODE_ENTER|true
11:54:49.0 (15839120)|SYSTEM_MODE_ENTER|true
11:54:49.0 (15873815)|HEAP_ALLOCATE|[EXTERNAL]|Bytes:44
11:54:49.0 (15881160)|VARIABLE_SCOPE_BEGIN|[88]|this|auMainTopCompCtrl|true|false
11:54:49.0 (15920785)|VARIABLE_ASSIGNMENT|[88]|this|{"currentUser":"0x25723d3b","isSAUser":false,"iTypeOfScreen":54,"urlReportsSFA":"https://cs6.lightnin (84 more) ..."}|0x2882cfae
11:54:49.0 (15930948)|STATEMENT_EXECUTE|[88]
11:54:49.0 (15932797)|STATEMENT_EXECUTE|[89]
11:54:49.0 (15964782)|VARIABLE_ASSIGNMENT|[EXTERNAL]|this|{"currentUser":"0x25723d3b","isSAUser":false,"iTypeOfScreen":54,"urlReportsSFA":"https://cs6.lightnin (84 more) ..."}|0x2882cfae
11:54:49.0 (16002887)|VARIABLE_ASSIGNMENT|[EXTERNAL]|this|{"currentUser":"0x25723d3b","isSAUser":false,"iTypeOfScreen":54,"urlReportsSFA":"https://cs6.lightnin (84 more) ..."}|0x2882cfae
11:54:49.0 (16036410)|VARIABLE_ASSIGNMENT|[EXTERNAL]|this|{"currentUser":"0x25723d3b","isSAUser":false,"iTypeOfScreen":54,"urlReportsSFA":"https://cs6.lightnin (84 more) ..."}|0x2882cfae
11:54:49.0 (16069235)|VARIABLE_ASSIGNMENT|[EXTERNAL]|this|{"currentUser":"0x25723d3b","isSAUser":false,"iTypeOfScreen":54,"urlReportsSFA":"https://cs6.lightnin (84 more) ..."}|0x2882cfae
11:54:49.0 (16091503)|HEAP_ALLOCATE|[89]|Bytes:5
11:54:49.0 (16143756)|SYSTEM_MODE_ENTER|true
11:54:49.0 (16174511)|HEAP_ALLOCATE|[EXTERNAL]|Bytes:44
11:54:49.0 (16180261)|VARIABLE_SCOPE_BEGIN|[106]|this|auMainTopCompCtrl|true|false
11:54:49.0 (16212672)|VARIABLE_ASSIGNMENT|[106]|this|{"currentUser":"0x25723d3b","isSAUser":false,"iTypeOfScreen":54,"urlReportsSFA":"https://cs6.lightnin (84 more) ..."}|0x2882cfae
11:54:49.0 (16222236)|STATEMENT_EXECUTE|[106]
11:54:49.0 (16224028)|STATEMENT_EXECUTE|[107]
11:54:49.0 (16250472)|VARIABLE_ASSIGNMENT|[EXTERNAL]|this|{"currentUser":"0x25723d3b","isSAUser":false,"iTypeOfScreen":54,"urlReportsSFA":"https://cs6.lightnin (84 more) ..."}|0x2882cfae
11:54:49.0 (16263936)|HEAP_ALLOCATE|[107]|Bytes:5
11:54:49.0 (16305775)|SYSTEM_MODE_ENTER|true
11:54:49.0 (16332332)|HEAP_ALLOCATE|[EXTERNAL]|Bytes:44
11:54:49.0 (16337957)|VARIABLE_SCOPE_BEGIN|[110]|this|auMainTopCompCtrl|true|false
11:54:49.0 (16368529)|VARIABLE_ASSIGNMENT|[110]|this|{"currentUser":"0x25723d3b","isSAUser":false,"iTypeOfScreen":54,"urlReportsSFA":"https://cs6.lightnin (84 more) ..."}|0x2882cfae
11:54:49.0 (16376784)|STATEMENT_EXECUTE|[110]
11:54:49.0 (16378542)|STATEMENT_EXECUTE|[111]
11:54:49.0 (16404152)|VARIABLE_ASSIGNMENT|[EXTERNAL]|this|{"currentUser":"0x25723d3b","isSAUser":false,"iTypeOfScreen":54,"urlReportsSFA":"https://cs6.lightnin (84 more) ..."}|0x2882cfae
11:54:49.0 (16416646)|HEAP_ALLOCATE|[111]|Bytes:5
11:54:49.0 (16455790)|SYSTEM_MODE_ENTER|true
11:54:49.0 (16479262)|HEAP_ALLOCATE|[EXTERNAL]|Bytes:44
11:54:49.0 (16484646)|VARIABLE_SCOPE_BEGIN|[114]|this|auMainTopCompCtrl|true|false
11:54:49.0 (16514935)|VARIABLE_ASSIGNMENT|[114]|this|{"currentUser":"0x25723d3b","isSAUser":false,"iTypeOfScreen":54,"urlReportsSFA":"https://cs6.lightnin (84 more) ..."}|0x2882cfae
11:54:49.0 (16522844)|STATEMENT_EXECUTE|[114]
11:54:49.0 (16524516)|STATEMENT_EXECUTE|[115]
11:54:49.0 (16550475)|VARIABLE_ASSIGNMENT|[EXTERNAL]|this|{"currentUser":"0x25723d3b","isSAUser":false,"iTypeOfScreen":54,"urlReportsSFA":"https://cs6.lightnin (84 more) ..."}|0x2882cfae
11:54:49.0 (16562664)|HEAP_ALLOCATE|[115]|Bytes:5
11:54:49.0 (19158251)|SYSTEM_MODE_ENTER|true
11:54:49.0 (19180992)|HEAP_ALLOCATE|[EXTERNAL]|Bytes:16
11:54:49.0 (19186928)|HEAP_ALLOCATE|[EXTERNAL]|Bytes:76
11:54:49.0 (19198872)|VARIABLE_ASSIGNMENT|[EXTERNAL]|this.messageError|"正しいデーターを入れてください。"|0x7875f317
11:54:49.0 (19229562)|SYSTEM_MODE_ENTER|true
11:54:49.0 (19242431)|HEAP_ALLOCATE|[EXTERNAL]|Bytes:76
11:54:49.0 (19250436)|VARIABLE_ASSIGNMENT|[EXTERNAL]|this.messageQuestion|""|0x7875f317
11:54:49.0 (19272889)|SYSTEM_MODE_ENTER|true
11:54:49.0 (19285710)|HEAP_ALLOCATE|[EXTERNAL]|Bytes:5
11:54:49.0 (19289830)|HEAP_ALLOCATE|[EXTERNAL]|Bytes:76
11:54:49.0 (19296207)|VARIABLE_ASSIGNMENT|[EXTERNAL]|this.isPreview|true|0x7875f317
11:54:49.0 (19318593)|SYSTEM_MODE_ENTER|true
11:54:49.0 (19329621)|HEAP_ALLOCATE|[EXTERNAL]|Bytes:76
11:54:49.0 (19336486)|VARIABLE_ASSIGNMENT|[EXTERNAL]|this.idBusinessLocation|""|0x7875f317
11:54:49.0 (19358005)|SYSTEM_MODE_ENTER|true
11:54:49.0 (19368312)|HEAP_ALLOCATE|[EXTERNAL]|Bytes:8
11:54:49.0 (19372043)|HEAP_ALLOCATE|[EXTERNAL]|Bytes:76
11:54:49.0 (19377948)|VARIABLE_ASSIGNMENT|[EXTERNAL]|this.iCurrentDay|0|0x7875f317
11:54:49.0 (19475533)|SYSTEM_MODE_ENTER|true
11:54:49.0 (19488349)|HEAP_ALLOCATE|[EXTERNAL]|Bytes:44
11:54:49.0 (19495962)|VARIABLE_ASSIGNMENT|[EXTERNAL]|this.iCountComments|null|0x2882cfae
11:54:49.0 (19524765)|SYSTEM_MODE_ENTER|true
11:54:49.0 (19534945)|HEAP_ALLOCATE|[EXTERNAL]|Bytes:44
11:54:49.0 (19541524)|VARIABLE_ASSIGNMENT|[EXTERNAL]|this.iCountLikes|null|0x2882cfae
11:54:49.0 (19576000)|SYSTEM_MODE_ENTER|true
11:54:49.0 (19609802)|HEAP_ALLOCATE|[EXTERNAL]|Bytes:76
11:54:49.0 (19616169)|VARIABLE_SCOPE_BEGIN|[84]|this|saDailyReportCtrl|true|false
11:54:49.0 (19775733)|VARIABLE_ASSIGNMENT|[84]|this|{"BusinessLocationName":"","currentInquiryReply":"0x23c22787","currentInquiryReplyDetail":"0x1d0373ee","dailyReportId":"a0IN0000006RUlWMAW","dCurrentDay":"2018-06-30T00:00:00Z","dCurrentMonth":"2018-07-01T00:00:00Z","iCurrentDay":0,"idBusinessLocation":"","isIPhone":false,"isPreview":true,"lsBusinessLocation":"0x29ac1e90","messageError":"正しいデーターを入れてください。","messageQuestion":"","mpQuestions":"0x7e96adf9","myUser":"0x4cda43b3"}|0x7875f317
11:54:49.0 (19799465)|SYSTEM_MODE_ENTER|false
11:54:49.0 (19806678)|HEAP_ALLOCATE|[84]|Bytes:5
11:54:49.0 (19811637)|STATEMENT_EXECUTE|[84]
11:54:49.0 (19813414)|STATEMENT_EXECUTE|[84]
11:54:49.0 (19817600)|SYSTEM_MODE_EXIT|false
11:54:49.0 (19859538)|SYSTEM_MODE_ENTER|true
11:54:49.0 (19873928)|HEAP_ALLOCATE|[EXTERNAL]|Bytes:8
11:54:49.0 (19878061)|HEAP_ALLOCATE|[EXTERNAL]|Bytes:44
11:54:49.0 (19886729)|VARIABLE_ASSIGNMENT|[EXTERNAL]|this.iTypeOfScreen|54|0x2882cfae
11:54:49.0 (20023270)|SYSTEM_MODE_ENTER|true
11:54:49.0 (22301582)|HEAP_ALLOCATE|[EXTERNAL]|Bytes:76
11:54:49.0 (22312155)|VARIABLE_SCOPE_BEGIN|[191]|this|saDailyReportCtrl|true|false
11:54:49.0 (22470594)|VARIABLE_ASSIGNMENT|[191]|this|{"BusinessLocationName":"","currentInquiryReply":"0x23c22787","currentInquiryReplyDetail":"0x1d0373ee","dailyReportId":"a0IN0000006RUlWMAW","dCurrentDay":"2018-06-30T00:00:00Z","dCurrentMonth":"2018-07-01T00:00:00Z","iCurrentDay":0,"idBusinessLocation":"","isIPhone":false,"isPreview":true,"lsBusinessLocation":"0x29ac1e90","messageError":"正しいデーターを入れてください。","messageQuestion":"","mpQuestions":"0x7e96adf9","myUser":"0x4cda43b3"}|0x7875f317
11:54:49.0 (22490421)|SYSTEM_MODE_ENTER|false
11:54:49.0 (22497743)|HEAP_ALLOCATE|[193]|Bytes:5
11:54:49.0 (22503876)|STATEMENT_EXECUTE|[191]
11:54:49.0 (22505775)|STATEMENT_EXECUTE|[193]
11:54:49.0 (22661267)|VARIABLE_ASSIGNMENT|[EXTERNAL]|this|{"BusinessLocationName":"","currentInquiryReply":"0x23c22787","currentInquiryReplyDetail":"0x1d0373ee","dailyReportId":"a0IN0000006RUlWMAW","dCurrentDay":"2018-06-30T00:00:00Z","dCurrentMonth":"2018-07-01T00:00:00Z","iCurrentDay":0,"idBusinessLocation":"","isIPhone":false,"isPreview":true,"lsBusinessLocation":"0x29ac1e90","messageError":"正しいデーターを入れてください。","messageQuestion":"","mpQuestions":"0x7e96adf9","myUser":"0x4cda43b3"}|0x7875f317
11:54:49.0 (22677175)|VARIABLE_ASSIGNMENT|[EXTERNAL]|value|""
11:54:49.0 (22688538)|VARIABLE_ASSIGNMENT|[6]|this.messageError|""|0x7875f317
11:54:49.0 (22699859)|STATEMENT_EXECUTE|[194]
11:54:49.0 (22837009)|VARIABLE_ASSIGNMENT|[EXTERNAL]|this|{"BusinessLocationName":"","currentInquiryReply":"0x23c22787","currentInquiryReplyDetail":"0x1d0373ee","dailyReportId":"a0IN0000006RUlWMAW","dCurrentDay":"2018-06-30T00:00:00Z","dCurrentMonth":"2018-07-01T00:00:00Z","iCurrentDay":0,"idBusinessLocation":"","isIPhone":false,"isPreview":true,"lsBusinessLocation":"0x29ac1e90","messageError":"","messageQuestion":"","mpQuestions":"0x7e96adf9","myUser":"0x4cda43b3"}|0x7875f317
11:54:49.0 (22851690)|VARIABLE_ASSIGNMENT|[EXTERNAL]|value|""
11:54:49.0 (22861300)|VARIABLE_ASSIGNMENT|[7]|this.messageQuestion|""|0x7875f317
11:54:49.0 (22870677)|STATEMENT_EXECUTE|[196]
11:54:49.0 (22872420)|STATEMENT_EXECUTE|[196]
11:54:49.0 (22873859)|STATEMENT_EXECUTE|[198]
11:54:49.0 (23055937)|VARIABLE_ASSIGNMENT|[EXTERNAL]|this|{"BusinessLocationName":"","currentInquiryReply":"0x23c22787","currentInquiryReplyDetail":"0x1d0373ee","dailyReportId":"a0IN0000006RUlWMAW","dCurrentDay":"2018-06-30T00:00:00Z","dCurrentMonth":"2018-07-01T00:00:00Z","iCurrentDay":0,"idBusinessLocation":"","isIPhone":false,"isPreview":true,"lsBusinessLocation":"0x29ac1e90","messageError":"","messageQuestion":"","mpQuestions":"0x7e96adf9","myUser":"0x4cda43b3"}|0x7875f317
11:54:49.0 (23110986)|HEAP_ALLOCATE|[198]|Bytes:4
11:54:49.0 (23147940)|VARIABLE_ASSIGNMENT|[198]|this.dCurrentDay|"2018-06-30T00:00:00.000Z"|0x7875f317
11:54:49.0 (23154401)|STATEMENT_EXECUTE|[200]
11:54:49.0 (23170162)|HEAP_ALLOCATE|[200]|Bytes:4
11:54:49.0 (23377407)|VARIABLE_ASSIGNMENT|[EXTERNAL]|this|{"BusinessLocationName":"","currentInquiryReply":"0x23c22787","currentInquiryReplyDetail":"0x1d0373ee","dailyReportId":"a0IN0000006RUlWMAW","dCurrentDay":"2018-06-30T00:00:00Z","dCurrentMonth":"2018-07-01T00:00:00Z","iCurrentDay":0,"idBusinessLocation":"","isIPhone":false,"isPreview":true,"lsBusinessLocation":"0x29ac1e90","messageError":"","messageQuestion":"","mpQuestions":"0x7e96adf9","myUser":"0x4cda43b3"}|0x7875f317
11:54:49.0 (23392571)|HEAP_ALLOCATE|[EXTERNAL]|Bytes:4
11:54:49.0 (23403536)|VARIABLE_ASSIGNMENT|[EXTERNAL]|value|[]|0x21700f05
11:54:49.0 (23413878)|VARIABLE_ASSIGNMENT|[22]|this.currentInquiryReplyDetail|[]|0x7875f317
11:54:49.0 (23423430)|STATEMENT_EXECUTE|[201]
11:54:49.0 (23436404)|HEAP_ALLOCATE|[201]|Bytes:4
11:54:49.0 (23599393)|VARIABLE_ASSIGNMENT|[EXTERNAL]|this|{"BusinessLocationName":"","currentInquiryReply":"0x23c22787","currentInquiryReplyDetail":"0x21700f05","dailyReportId":"a0IN0000006RUlWMAW","dCurrentDay":"2018-06-30T00:00:00Z","dCurrentMonth":"2018-07-01T00:00:00Z","iCurrentDay":0,"idBusinessLocation":"","isIPhone":false,"isPreview":true,"lsBusinessLocation":"0x29ac1e90","messageError":"","messageQuestion":"","mpQuestions":"0x7e96adf9","myUser":"0x4cda43b3"}|0x7875f317
11:54:49.0 (23619391)|VARIABLE_ASSIGNMENT|[EXTERNAL]|value|{}|0x259c04e6
11:54:49.0 (23630183)|VARIABLE_ASSIGNMENT|[24]|this.mpQuestions|{}|0x7875f317
11:54:49.0 (23639522)|STATEMENT_EXECUTE|[203]
11:54:49.0 (23770909)|VARIABLE_ASSIGNMENT|[EXTERNAL]|this|{"BusinessLocationName":"","currentInquiryReply":"0x23c22787","currentInquiryReplyDetail":"0x21700f05","dailyReportId":"a0IN0000006RUlWMAW","dCurrentDay":"2018-06-30T00:00:00Z","dCurrentMonth":"2018-07-01T00:00:00Z","iCurrentDay":0,"idBusinessLocation":"","isIPhone":false,"isPreview":true,"lsBusinessLocation":"0x29ac1e90","messageError":"","messageQuestion":"","mpQuestions":"0x259c04e6","myUser":"0x4cda43b3"}|0x7875f317
11:54:49.0 (23785137)|VARIABLE_ASSIGNMENT|[EXTERNAL]|value|""
11:54:49.0 (23798609)|VARIABLE_ASSIGNMENT|[23]|this.BusinessLocationName|""|0x7875f317
11:54:49.0 (23811828)|HEAP_ALLOCATE|[204]|Bytes:81
11:54:49.0 (23828052)|HEAP_ALLOCATE|[204]|Bytes:4
11:54:49.0 (23837436)|HEAP_ALLOCATE|[204]|Bytes:7
11:54:49.0 (23971833)|VARIABLE_ASSIGNMENT|[EXTERNAL]|this|{"BusinessLocationName":"","currentInquiryReply":"0x23c22787","currentInquiryReplyDetail":"0x21700f05","dailyReportId":"a0IN0000006RUlWMAW","dCurrentDay":"2018-06-30T00:00:00Z","dCurrentMonth":"2018-07-01T00:00:00Z","iCurrentDay":0,"idBusinessLocation":"","isIPhone":false,"isPreview":true,"lsBusinessLocation":"0x29ac1e90","messageError":"","messageQuestion":"","mpQuestions":"0x259c04e6","myUser":"0x4cda43b3"}|0x7875f317
11:54:49.0 (24357818)|SOQL_EXECUTE_BEGIN|[204]|Aggregations:0|SELECT Id, BusinessLocationName__c FROM saBusinessLocation__c 
11:54:49.0 (25783175)|SOQL_EXECUTE_END|[204]|Rows:0
11:54:49.0 (25951124)|HEAP_ALLOCATE|[204]|Bytes:54
11:54:49.0 (25961292)|HEAP_ALLOCATE|[204]|Bytes:8
11:54:49.0 (25985235)|SYSTEM_METHOD_ENTRY|[7]|QueryLocatorIterator.QueryLocatorIterator()
11:54:49.0 (25989880)|STATEMENT_EXECUTE|[7]
11:54:49.0 (25996563)|SYSTEM_METHOD_EXIT|[7]|QueryLocatorIterator
11:54:49.0 (26004259)|HEAP_ALLOCATE|[204]|Bytes:28
11:54:49.0 (26021346)|HEAP_ALLOCATE|[204]|Bytes:8
11:54:49.0 (26025668)|HEAP_ALLOCATE|[204]|Bytes:8
11:54:49.0 (26032130)|VARIABLE_SCOPE_BEGIN|[15]|this|Database.QueryLocatorIterator|true|false
11:54:49.0 (26059578)|VARIABLE_ASSIGNMENT|[15]|this|{}|0x5dcd9e3a
11:54:49.0 (26066804)|VARIABLE_SCOPE_BEGIN|[15]|values|List<SObject>|true|false
11:54:49.0 (26075175)|VARIABLE_ASSIGNMENT|[15]|values|null|
11:54:49.0 (26079111)|VARIABLE_SCOPE_BEGIN|[15]|ql|Database.QueryLocator|true|false
11:54:49.0 (26097596)|VARIABLE_ASSIGNMENT|[15]|ql|{"query":"SELECT Id, BusinessL (61 more) ..."}|0x48bff3c
11:54:49.0 (26103639)|VARIABLE_SCOPE_BEGIN|[15]|totalNumRecords|Integer|false|false
11:54:49.0 (26111013)|VARIABLE_ASSIGNMENT|[15]|totalNumRecords|0
11:54:49.0 (26115107)|VARIABLE_SCOPE_BEGIN|[15]|queryMoreSize|Integer|false|false
11:54:49.0 (26122198)|VARIABLE_ASSIGNMENT|[15]|queryMoreSize|50000
11:54:49.0 (26196872)|HEAP_ALLOCATE|[204]|Bytes:28
11:54:49.0 (26215973)|METHOD_ENTRY|[204]||Database.QueryLocatorIterator.hasNext()
11:54:49.0 (26235741)|METHOD_EXIT|[204]||Database.QueryLocatorIterator.hasNext()
11:54:49.0 (26269436)|VARIABLE_ASSIGNMENT|[204]|bl|null|
11:54:49.0 (26276301)|STATEMENT_EXECUTE|[204]
11:54:49.0 (26291736)|STATEMENT_EXECUTE|[211]
11:54:49.0 (26294942)|HEAP_ALLOCATE|[211]|Bytes:195
11:54:49.0 (26308337)|HEAP_ALLOCATE|[211]|Bytes:4
11:54:49.0 (26330582)|HEAP_ALLOCATE|[211]|Bytes:7
11:54:49.0 (26361042)|HEAP_ALLOCATE|[215]|Bytes:89
11:54:49.0 (26370016)|SYSTEM_METHOD_ENTRY|[1]|UserInfo.UserInfo()
11:54:49.0 (26373424)|STATEMENT_EXECUTE|[1]
11:54:49.0 (26377813)|SYSTEM_METHOD_EXIT|[1]|UserInfo
11:54:49.0 (26386785)|METHOD_ENTRY|[215]||System.UserInfo.getUserId()
11:54:49.0 (26423442)|METHOD_EXIT|[215]||System.UserInfo.getUserId()
11:54:49.0 (26917624)|SOQL_EXECUTE_BEGIN|[211]|Aggregations:0|SELECT Id, saBusinessLocation__c, Status__c, saInquiry__c, Comment__c FROM saInquiryReply__c WHERE (saInquiry__r.Type__c = 'DAILY_REPORT' AND DailyReportDate__c = :tmpVar1 AND User__c = :tmpVar2)
11:54:49.0 (32091305)|SOQL_EXECUTE_END|[211]|Rows:0
11:54:49.0 (32114726)|HEAP_ALLOCATE|[211]|Bytes:4
11:54:49.0 (32127127)|HEAP_ALLOCATE|[211]|Bytes:0
11:54:49.0 (32187265)|HEAP_ALLOCATE|[211]|Bytes:4
11:54:49.0 (32200136)|VARIABLE_SCOPE_BEGIN|[211]|lsInqRep|List<saInquiryReply__c>|true|false
11:54:49.0 (32216097)|VARIABLE_ASSIGNMENT|[211]|lsInqRep|[]|0x5f0c491d
11:54:49.0 (32270798)|STATEMENT_EXECUTE|[217]
11:54:49.0 (32273206)|STATEMENT_EXECUTE|[219]
11:54:49.0 (32276632)|HEAP_ALLOCATE|[219]|Bytes:207
11:54:49.0 (32289858)|HEAP_ALLOCATE|[219]|Bytes:4
11:54:49.0 (32478461)|VARIABLE_ASSIGNMENT|[EXTERNAL]|this|{"BusinessLocationName":"","currentInquiryReply":"0x23c22787","currentInquiryReplyDetail":"0x21700f05","dailyReportId":"a0IN0000006RUlWMAW","dCurrentDay":"2018-06-30T00:00:00Z","dCurrentMonth":"2018-07-01T00:00:00Z","iCurrentDay":0,"idBusinessLocation":"","isIPhone":false,"isPreview":true,"lsBusinessLocation":"0x29ac1e90","messageError":"","messageQuestion":"","mpQuestions":"0x259c04e6","myUser":"0x4cda43b3"}|0x7875f317
11:54:49.0 (32504579)|HEAP_ALLOCATE|[219]|Bytes:7
11:54:49.0 (32513559)|METHOD_ENTRY|[224]||System.UserInfo.getUserId()
11:54:49.0 (32534933)|METHOD_EXIT|[224]||System.UserInfo.getUserId()
11:54:49.0 (32833725)|SOQL_EXECUTE_BEGIN|[219]|Aggregations:0|SELECT Id, saBusinessLocation__c, Status__c FROM saInquiryReply__c WHERE (saInquiry__r.Type__c = 'DAILY_REPORT' AND DailyReportDate__c = :tmpVar1 AND saBusinessLocation__c = :tmpVar2 AND User__c != :tmpVar3)
11:54:49.0 (35346050)|SOQL_EXECUTE_END|[219]|Rows:0
11:54:49.0 (35367777)|HEAP_ALLOCATE|[219]|Bytes:4
11:54:49.0 (35380300)|HEAP_ALLOCATE|[219]|Bytes:0
11:54:49.0 (35403148)|HEAP_ALLOCATE|[219]|Bytes:4
11:54:49.0 (35413465)|VARIABLE_SCOPE_BEGIN|[219]|lsInqOtherPeople|List<saInquiryReply__c>|true|false
11:54:49.0 (35428377)|VARIABLE_ASSIGNMENT|[219]|lsInqOtherPeople|[]|0x79522ed6
11:54:49.0 (35461009)|STATEMENT_EXECUTE|[226]
11:54:49.0 (35463229)|STATEMENT_EXECUTE|[232]
11:54:49.0 (35465851)|VARIABLE_SCOPE_BEGIN|[232]|lsTemplate|List<saInquiryReply__c>|true|false
11:54:49.0 (35476554)|VARIABLE_ASSIGNMENT|[232]|lsTemplate|null|
11:54:49.0 (35642771)|VARIABLE_ASSIGNMENT|[EXTERNAL]|this|{"BusinessLocationName":"","currentInquiryReply":"0x23c22787","currentInquiryReplyDetail":"0x21700f05","dailyReportId":"a0IN0000006RUlWMAW","dCurrentDay":"2018-06-30T00:00:00Z","dCurrentMonth":"2018-07-01T00:00:00Z","iCurrentDay":0,"idBusinessLocation":"","isIPhone":false,"isPreview":true,"lsBusinessLocation":"0x29ac1e90","messageError":"","messageQuestion":"","mpQuestions":"0x259c04e6","myUser":"0x4cda43b3"}|0x7875f317
11:54:49.0 (35663286)|STATEMENT_EXECUTE|[244]
11:54:49.0 (35665590)|STATEMENT_EXECUTE|[245]
11:54:49.0 (35668984)|HEAP_ALLOCATE|[245]|Bytes:393
11:54:49.0 (35682383)|HEAP_ALLOCATE|[245]|Bytes:4
11:54:49.0 (35710234)|METHOD_ENTRY|[251]||System.UserInfo.getUserId()
11:54:49.0 (35731616)|METHOD_EXIT|[251]||System.UserInfo.getUserId()
11:54:49.0 (36152939)|SOQL_EXECUTE_BEGIN|[245]|Aggregations:0|SELECT Id, saBusinessLocation__c, Status__c, saInquiry__c, Comment__c FROM saInquiryReply__c WHERE (saInquiry__r.Type__c = 'DAILY_REPORT' AND (saInquiry__r.ValidFrom__c = NULL OR saInquiry__r.ValidFrom__c <= :tmpVar1) AND (saInquiry__r.ValidTo__c = NULL OR saInquiry__r.ValidTo__c >= :tmpVar2) AND DailyReportDate__c = NULL AND User__c = :tmpVar3) ORDER BY CreatedDate DESC NULLS FIRST LIMIT 1
11:54:49.0 (40256211)|SOQL_EXECUTE_END|[245]|Rows:1
11:54:49.0 (40276601)|HEAP_ALLOCATE|[245]|Bytes:8
11:54:49.0 (40289569)|HEAP_ALLOCATE|[245]|Bytes:89
11:54:49.0 (40313287)|HEAP_ALLOCATE|[245]|Bytes:8
11:54:49.0 (40341952)|VARIABLE_ASSIGNMENT|[245]|lsTemplate|[{"Id":"a0KN0000007Kg4nMAC","Status__c":"WAITING_REPLY","saInquiry__c":"a0IN0000006RUllMAG"}]|0x4bc57193
11:54:49.0 (40349615)|STATEMENT_EXECUTE|[256]
11:54:49.0 (40353989)|HEAP_ALLOCATE|[256]|Bytes:11
11:54:49.0 (40450257)|HEAP_ALLOCATE|[256]|Bytes:101
11:54:49.0 (40473532)|HEAP_ALLOCATE|[256]|Bytes:112
11:54:49.0 (40493361)|USER_DEBUG|[256]|DEBUG|Template : (saInquiryReply__c:{Id=a0KN0000007Kg4nMAC, Status__c=WAITING_REPLY, saInquiry__c=a0IN0000006RUllMAG})
11:54:49.0 (40522705)|STATEMENT_EXECUTE|[257]
11:54:49.0 (40524986)|STATEMENT_EXECUTE|[263]
11:54:49.0 (40539332)|HEAP_ALLOCATE|[263]|Bytes:16
11:54:49.0 (40572011)|VARIABLE_SCOPE_BEGIN|[263]|idInquiry|Id|false|false
11:54:49.0 (40637632)|VARIABLE_ASSIGNMENT|[263]|idInquiry|"a0IN0000006RUllMAG"
11:54:49.0 (40644687)|STATEMENT_EXECUTE|[264]
11:54:49.0 (40662582)|HEAP_ALLOCATE|[264]|Bytes:4
11:54:49.0 (40926526)|VARIABLE_ASSIGNMENT|[EXTERNAL]|this|{"BusinessLocationName":"","currentInquiryReply":"0x23c22787","currentInquiryReplyDetail":"0x21700f05","dailyReportId":"a0IN0000006RUlWMAW","dCurrentDay":"2018-06-30T00:00:00Z","dCurrentMonth":"2018-07-01T00:00:00Z","iCurrentDay":0,"idBusinessLocation":"","isIPhone":false,"isPreview":true,"lsBusinessLocation":"0x29ac1e90","messageError":"","messageQuestion":"","mpQuestions":"0x259c04e6","myUser":"0x4cda43b3"}|0x7875f317
11:54:49.0 (40947028)|VARIABLE_ASSIGNMENT|[EXTERNAL]|value|{}|0x2385476c
11:54:49.0 (40962012)|VARIABLE_ASSIGNMENT|[21]|this.currentInquiryReply|{}|0x7875f317
11:54:49.0 (40972424)|STATEMENT_EXECUTE|[265]
11:54:49.0 (41110185)|VARIABLE_ASSIGNMENT|[EXTERNAL]|this|{"BusinessLocationName":"","currentInquiryReply":"0x2385476c","currentInquiryReplyDetail":"0x21700f05","dailyReportId":"a0IN0000006RUlWMAW","dCurrentDay":"2018-06-30T00:00:00Z","dCurrentMonth":"2018-07-01T00:00:00Z","iCurrentDay":0,"idBusinessLocation":"","isIPhone":false,"isPreview":true,"lsBusinessLocation":"0x29ac1e90","messageError":"","messageQuestion":"","mpQuestions":"0x259c04e6","myUser":"0x4cda43b3"}|0x7875f317
11:54:49.0 (41193892)|VARIABLE_ASSIGNMENT|[265]|this.saInquiry__c|"a0IN0000006RUllMAG"|0x2385476c
11:54:49.0 (41343112)|VARIABLE_ASSIGNMENT|[EXTERNAL]|this|{"BusinessLocationName":"","currentInquiryReply":"0x2385476c","currentInquiryReplyDetail":"0x21700f05","dailyReportId":"a0IN0000006RUlWMAW","dCurrentDay":"2018-06-30T00:00:00Z","dCurrentMonth":"2018-07-01T00:00:00Z","iCurrentDay":0,"idBusinessLocation":"","isIPhone":false,"isPreview":true,"lsBusinessLocation":"0x29ac1e90","messageError":"","messageQuestion":"","mpQuestions":"0x259c04e6","myUser":"0x4cda43b3"}|0x7875f317
11:54:49.0 (41361285)|STATEMENT_EXECUTE|[269]
11:54:49.0 (41363129)|STATEMENT_EXECUTE|[272]
11:54:49.0 (41368825)|METHOD_ENTRY|[272]||System.UserInfo.getUserId()
11:54:49.0 (41391162)|METHOD_EXIT|[272]||System.UserInfo.getUserId()
11:54:49.0 (41405508)|HEAP_ALLOCATE|[272]|Bytes:4
11:54:49.0 (41534046)|VARIABLE_ASSIGNMENT|[EXTERNAL]|this|{"BusinessLocationName":"","currentInquiryReply":"0x2385476c","currentInquiryReplyDetail":"0x21700f05","dailyReportId":"a0IN0000006RUlWMAW","dCurrentDay":"2018-06-30T00:00:00Z","dCurrentMonth":"2018-07-01T00:00:00Z","iCurrentDay":0,"idBusinessLocation":"","isIPhone":false,"isPreview":true,"lsBusinessLocation":"0x29ac1e90","messageError":"","messageQuestion":"","mpQuestions":"0x259c04e6","myUser":"0x4cda43b3"}|0x7875f317
11:54:49.0 (41589554)|VARIABLE_ASSIGNMENT|[272]|this.User__c|"005N00000057PfOIAU"|0x2385476c
11:54:49.0 (41597013)|STATEMENT_EXECUTE|[273]
11:54:49.0 (41735145)|VARIABLE_ASSIGNMENT|[EXTERNAL]|this|{"BusinessLocationName":"","currentInquiryReply":"0x2385476c","currentInquiryReplyDetail":"0x21700f05","dailyReportId":"a0IN0000006RUlWMAW","dCurrentDay":"2018-06-30T00:00:00Z","dCurrentMonth":"2018-07-01T00:00:00Z","iCurrentDay":0,"idBusinessLocation":"","isIPhone":false,"isPreview":true,"lsBusinessLocation":"0x29ac1e90","messageError":"","messageQuestion":"","mpQuestions":"0x259c04e6","myUser":"0x4cda43b3"}|0x7875f317
11:54:49.0 (41804448)|VARIABLE_ASSIGNMENT|[273]|this.DailyReportDate__c|"2018-06-30T00:00:00.000Z"|0x2385476c
11:54:49.0 (41812439)|STATEMENT_EXECUTE|[274]
11:54:49.0 (41816201)|HEAP_ALLOCATE|[274]|Bytes:13
11:54:49.0 (41957597)|VARIABLE_ASSIGNMENT|[EXTERNAL]|this|{"BusinessLocationName":"","currentInquiryReply":"0x2385476c","currentInquiryReplyDetail":"0x21700f05","dailyReportId":"a0IN0000006RUlWMAW","dCurrentDay":"2018-06-30T00:00:00Z","dCurrentMonth":"2018-07-01T00:00:00Z","iCurrentDay":0,"idBusinessLocation":"","isIPhone":false,"isPreview":true,"lsBusinessLocation":"0x29ac1e90","messageError":"","messageQuestion":"","mpQuestions":"0x259c04e6","myUser":"0x4cda43b3"}|0x7875f317
11:54:49.0 (42004711)|VARIABLE_ASSIGNMENT|[274]|this.Status__c|"WAITING_REPLY"|0x2385476c
11:54:49.0 (42012084)|STATEMENT_EXECUTE|[275]
11:54:49.0 (42146610)|VARIABLE_ASSIGNMENT|[EXTERNAL]|this|{"BusinessLocationName":"","currentInquiryReply":"0x2385476c","currentInquiryReplyDetail":"0x21700f05","dailyReportId":"a0IN0000006RUlWMAW","dCurrentDay":"2018-06-30T00:00:00Z","dCurrentMonth":"2018-07-01T00:00:00Z","iCurrentDay":0,"idBusinessLocation":"","isIPhone":false,"isPreview":true,"lsBusinessLocation":"0x29ac1e90","messageError":"","messageQuestion":"","mpQuestions":"0x259c04e6","myUser":"0x4cda43b3"}|0x7875f317
11:54:49.0 (42188441)|VARIABLE_ASSIGNMENT|[275]|this.Comment__c|""|0x2385476c
11:54:49.0 (42195391)|STATEMENT_EXECUTE|[277]
11:54:49.0 (42198716)|HEAP_ALLOCATE|[277]|Bytes:625
11:54:49.0 (42212510)|HEAP_ALLOCATE|[277]|Bytes:4
11:54:49.0 (42726020)|SOQL_EXECUTE_BEGIN|[277]|Aggregations:0|SELECT Id, QuestionLabel__c, AnswerType__c, NumberPossibleReplies__c, IsShortReply__c, SortNo__c, IsRequired__c, Reply01Label__c, Reply02Label__c, Reply03Label__c, Reply04Label__c, Reply05Label__c, Reply06Label__c, Reply07Label__c, Reply08Label__c, Reply09Label__c, Reply10Label__c, Reply11Label__c, Reply12Label__c, Reply13Label__c, Reply14Label__c, Reply15Label__c, Reply16Label__c, Reply17Label__c, Reply18Label__c, Reply19Label__c, Reply20Label__c, Reply21Label__c, Reply22Label__c, Reply23Label__c, Reply24Label__c, Reply25Label__c FROM saInquiryDetail__c WHERE saInquiry__c = :tmpVar1 ORDER BY SortNo__c ASC NULLS FIRST
11:54:49.0 (52547270)|SOQL_EXECUTE_END|[277]|Rows:1
11:54:49.0 (52574530)|HEAP_ALLOCATE|[277]|Bytes:8
11:54:49.0 (52599984)|HEAP_ALLOCATE|[277]|Bytes:282
11:54:49.0 (52662897)|HEAP_ALLOCATE|[277]|Bytes:8
11:54:49.0 (52680957)|VARIABLE_SCOPE_BEGIN|[277]|lsTmpQuest|List<saInquiryDetail__c>|true|false
11:54:49.0 (52723126)|VARIABLE_ASSIGNMENT|[277]|lsTmpQuest|[{"Id":"a0JN0000008h2r2MAA","QuestionLabel__c":"Works?","AnswerType__c":"CHECKBOX","NumberPossibleReplies__c":2,"IsShortReply__c":true,"SortNo__c":0,"IsRequired__c":false,"Reply01Label__c":"Yes!","Reply02Label__c":"No!"}]|0x422d5d1
11:54:49.0 (52920101)|HEAP_ALLOCATE|[287]|Bytes:5
11:54:49.0 (52943098)|HEAP_ALLOCATE|[287]|Bytes:40
11:54:49.0 (52954587)|VARIABLE_SCOPE_BEGIN|[287]|quest|saInquiryDetail__c|true|false
11:54:49.0 (52980761)|VARIABLE_ASSIGNMENT|[287]|quest|{"Id":"a0JN0000008h2r2MAA","QuestionLabel__c":"Works?","AnswerType__c":"CHECKBOX","NumberPossibleReplies__c":2,"IsShortReply__c":true,"SortNo__c":0,"IsRequired__c":false,"Reply01Label__c":"Yes!","Reply02Label__c":"No!"}|0x6de45d05
11:54:49.0 (52990132)|STATEMENT_EXECUTE|[287]
11:54:49.0 (52992504)|STATEMENT_EXECUTE|[288]
11:54:49.0 (53018675)|HEAP_ALLOCATE|[288]|Bytes:4
11:54:49.0 (53105080)|VARIABLE_SCOPE_BEGIN|[288]|questReply|saInquiryReplyDetail__c|true|false
11:54:49.0 (53121638)|VARIABLE_ASSIGNMENT|[288]|questReply|{}|0x7ffa8135
11:54:49.0 (53127495)|STATEMENT_EXECUTE|[289]
11:54:49.0 (53224665)|VARIABLE_ASSIGNMENT|[289]|this.saInquiryDetail__c|"a0JN0000008h2r2MAA"|0x7ffa8135
11:54:49.0 (53232283)|STATEMENT_EXECUTE|[290]
11:54:49.0 (53434681)|VARIABLE_ASSIGNMENT|[EXTERNAL]|this|{"BusinessLocationName":"","currentInquiryReply":"0x2385476c","currentInquiryReplyDetail":"0x21700f05","dailyReportId":"a0IN0000006RUlWMAW","dCurrentDay":"2018-06-30T00:00:00Z","dCurrentMonth":"2018-07-01T00:00:00Z","iCurrentDay":0,"idBusinessLocation":"","isIPhone":false,"isPreview":true,"lsBusinessLocation":"0x29ac1e90","messageError":"","messageQuestion":"","mpQuestions":"0x259c04e6","myUser":"0x4cda43b3"}|0x7875f317
11:54:49.0 (53466348)|HEAP_ALLOCATE|[EXTERNAL]|Bytes:4
11:54:49.0 (53475346)|STATEMENT_EXECUTE|[291]
11:54:49.0 (53616672)|VARIABLE_ASSIGNMENT|[EXTERNAL]|this|{"BusinessLocationName":"","currentInquiryReply":"0x2385476c","currentInquiryReplyDetail":"0x21700f05","dailyReportId":"a0IN0000006RUlWMAW","dCurrentDay":"2018-06-30T00:00:00Z","dCurrentMonth":"2018-07-01T00:00:00Z","iCurrentDay":0,"idBusinessLocation":"","isIPhone":false,"isPreview":true,"lsBusinessLocation":"0x29ac1e90","messageError":"","messageQuestion":"","mpQuestions":"0x259c04e6","myUser":"0x4cda43b3"}|0x7875f317
11:54:49.0 (53652036)|HEAP_ALLOCATE|[EXTERNAL]|Bytes:-4
11:54:49.0 (53668681)|HEAP_ALLOCATE|[287]|Bytes:5
11:54:49.0 (53682445)|VARIABLE_ASSIGNMENT|[287]|quest|null|
11:54:49.0 (53694947)|SYSTEM_MODE_EXIT|false
11:54:49.0 (69785357)|SYSTEM_MODE_ENTER|true
11:54:49.0 (69821937)|HEAP_ALLOCATE|[EXTERNAL]|Bytes:44
11:54:49.0 (69836066)|VARIABLE_ASSIGNMENT|[EXTERNAL]|this.iCountComments|null|0x2882cfae
11:54:49.0 (69879242)|SYSTEM_MODE_ENTER|true
11:54:49.0 (69891710)|HEAP_ALLOCATE|[EXTERNAL]|Bytes:44
11:54:49.0 (69899276)|VARIABLE_ASSIGNMENT|[EXTERNAL]|this.iCountLikes|null|0x2882cfae
11:54:49.0 (69958718)|SYSTEM_MODE_ENTER|true
11:54:49.0 (70002837)|HEAP_ALLOCATE|[EXTERNAL]|Bytes:76
11:54:49.0 (70011944)|VARIABLE_SCOPE_BEGIN|[84]|this|saDailyReportCtrl|true|false
11:54:49.0 (70199277)|VARIABLE_ASSIGNMENT|[84]|this|{"BusinessLocationName":"","currentInquiryReply":"0x2385476c","currentInquiryReplyDetail":"0x21700f05","dailyReportId":"a0IN0000006RUlWMAW","dCurrentDay":"2018-06-30T00:00:00Z","dCurrentMonth":"2018-07-01T00:00:00Z","iCurrentDay":0,"idBusinessLocation":"","isIPhone":false,"isPreview":true,"lsBusinessLocation":"0x29ac1e90","messageError":"","messageQuestion":"","mpQuestions":"0x259c04e6","myUser":"0x4cda43b3"}|0x7875f317
11:54:49.0 (70219383)|SYSTEM_MODE_ENTER|false
11:54:49.0 (70227133)|HEAP_ALLOCATE|[84]|Bytes:5
11:54:49.0 (70233151)|STATEMENT_EXECUTE|[84]
11:54:49.0 (70235294)|STATEMENT_EXECUTE|[84]
11:54:49.0 (70240497)|SYSTEM_MODE_EXIT|false
11:54:49.0 (70287652)|SYSTEM_MODE_ENTER|true
11:54:49.0 (70304184)|HEAP_ALLOCATE|[EXTERNAL]|Bytes:8
11:54:49.0 (70308410)|HEAP_ALLOCATE|[EXTERNAL]|Bytes:44
11:54:49.0 (70316728)|VARIABLE_ASSIGNMENT|[EXTERNAL]|this.iTypeOfScreen|54|0x2882cfae
11:54:49.0 (70383688)|SYSTEM_MODE_ENTER|true
11:54:49.0 (70417283)|HEAP_ALLOCATE|[EXTERNAL]|Bytes:44
11:54:49.0 (70423389)|VARIABLE_SCOPE_BEGIN|[88]|this|auMainTopCompCtrl|true|false
11:54:49.0 (70462887)|VARIABLE_ASSIGNMENT|[88]|this|{"currentUser":"0x25723d3b","isSAUser":false,"iTypeOfScreen":54,"urlReportsSFA":"https://cs6.lightnin (84 more) ..."}|0x2882cfae
11:54:49.0 (70473704)|STATEMENT_EXECUTE|[88]
11:54:49.0 (70475621)|STATEMENT_EXECUTE|[89]
11:54:49.0 (70508429)|VARIABLE_ASSIGNMENT|[EXTERNAL]|this|{"currentUser":"0x25723d3b","isSAUser":false,"iTypeOfScreen":54,"urlReportsSFA":"https://cs6.lightnin (84 more) ..."}|0x2882cfae
11:54:49.0 (70547327)|VARIABLE_ASSIGNMENT|[EXTERNAL]|this|{"currentUser":"0x25723d3b","isSAUser":false,"iTypeOfScreen":54,"urlReportsSFA":"https://cs6.lightnin (84 more) ..."}|0x2882cfae
11:54:49.0 (70582164)|VARIABLE_ASSIGNMENT|[EXTERNAL]|this|{"currentUser":"0x25723d3b","isSAUser":false,"iTypeOfScreen":54,"urlReportsSFA":"https://cs6.lightnin (84 more) ..."}|0x2882cfae
11:54:49.0 (70614980)|VARIABLE_ASSIGNMENT|[EXTERNAL]|this|{"currentUser":"0x25723d3b","isSAUser":false,"iTypeOfScreen":54,"urlReportsSFA":"https://cs6.lightnin (84 more) ..."}|0x2882cfae
11:54:49.0 (70629837)|HEAP_ALLOCATE|[89]|Bytes:5
11:54:49.0 (70694396)|SYSTEM_MODE_ENTER|true
11:54:49.0 (70723919)|HEAP_ALLOCATE|[EXTERNAL]|Bytes:44
11:54:49.0 (70730006)|VARIABLE_SCOPE_BEGIN|[106]|this|auMainTopCompCtrl|true|false
11:54:49.0 (70760960)|VARIABLE_ASSIGNMENT|[106]|this|{"currentUser":"0x25723d3b","isSAUser":false,"iTypeOfScreen":54,"urlReportsSFA":"https://cs6.lightnin (84 more) ..."}|0x2882cfae
11:54:49.0 (70770107)|STATEMENT_EXECUTE|[106]
11:54:49.0 (70772346)|STATEMENT_EXECUTE|[107]
11:54:49.0 (70805189)|VARIABLE_ASSIGNMENT|[EXTERNAL]|this|{"currentUser":"0x25723d3b","isSAUser":false,"iTypeOfScreen":54,"urlReportsSFA":"https://cs6.lightnin (84 more) ..."}|0x2882cfae
11:54:49.0 (70819821)|HEAP_ALLOCATE|[107]|Bytes:5
11:54:49.0 (70870062)|SYSTEM_MODE_ENTER|true
11:54:49.0 (70897332)|HEAP_ALLOCATE|[EXTERNAL]|Bytes:44
11:54:49.0 (70903036)|VARIABLE_SCOPE_BEGIN|[110]|this|auMainTopCompCtrl|true|false
11:54:49.0 (70933375)|VARIABLE_ASSIGNMENT|[110]|this|{"currentUser":"0x25723d3b","isSAUser":false,"iTypeOfScreen":54,"urlReportsSFA":"https://cs6.lightnin (84 more) ..."}|0x2882cfae
11:54:49.0 (70941645)|STATEMENT_EXECUTE|[110]
11:54:49.0 (70943203)|STATEMENT_EXECUTE|[111]
11:54:49.0 (70969437)|VARIABLE_ASSIGNMENT|[EXTERNAL]|this|{"currentUser":"0x25723d3b","isSAUser":false,"iTypeOfScreen":54,"urlReportsSFA":"https://cs6.lightnin (84 more) ..."}|0x2882cfae
11:54:49.0 (70983091)|HEAP_ALLOCATE|[111]|Bytes:5
11:54:49.0 (71028115)|SYSTEM_MODE_ENTER|true
11:54:49.0 (71053512)|HEAP_ALLOCATE|[EXTERNAL]|Bytes:44
11:54:49.0 (71059318)|VARIABLE_SCOPE_BEGIN|[114]|this|auMainTopCompCtrl|true|false
11:54:49.0 (102908239)|VARIABLE_ASSIGNMENT|[114]|this|{"currentUser":"0x25723d3b","isSAUser":false,"iTypeOfScreen":54,"urlReportsSFA":"https://cs6.lightnin (84 more) ..."}|0x2882cfae
11:54:49.0 (102929288)|STATEMENT_EXECUTE|[114]
11:54:49.0 (102932553)|STATEMENT_EXECUTE|[115]
11:54:49.0 (102988555)|VARIABLE_ASSIGNMENT|[EXTERNAL]|this|{"currentUser":"0x25723d3b","isSAUser":false,"iTypeOfScreen":54,"urlReportsSFA":"https://cs6.lightnin (84 more) ..."}|0x2882cfae
11:54:49.0 (103012156)|HEAP_ALLOCATE|[115]|Bytes:5
11:54:49.0 (103116199)|SYSTEM_MODE_ENTER|true
11:54:49.0 (103212953)|SYSTEM_MODE_ENTER|true
11:54:49.0 (103314819)|SYSTEM_MODE_ENTER|true
11:54:49.0 (103486910)|SYSTEM_MODE_ENTER|true
11:54:49.0 (105685031)|SYSTEM_MODE_ENTER|true
11:54:49.0 (105762754)|SYSTEM_MODE_ENTER|true
11:54:49.0 (106342253)|SYSTEM_MODE_ENTER|true
11:54:49.0 (106380894)|HEAP_ALLOCATE|[EXTERNAL]|Bytes:76
11:54:49.0 (106389051)|VARIABLE_SCOPE_BEGIN|[133]|this|saDailyReportCtrl|true|false
11:54:49.0 (106551077)|VARIABLE_ASSIGNMENT|[133]|this|{"BusinessLocationName":"","currentInquiryReply":"0x2385476c","currentInquiryReplyDetail":"0x21700f05","dailyReportId":"a0IN0000006RUlWMAW","dCurrentDay":"2018-06-30T00:00:00Z","dCurrentMonth":"2018-07-01T00:00:00Z","iCurrentDay":0,"idBusinessLocation":"","isIPhone":false,"isPreview":true,"lsBusinessLocation":"0x29ac1e90","messageError":"","messageQuestion":"","mpQuestions":"0x259c04e6","myUser":"0x4cda43b3"}|0x7875f317
11:54:49.0 (106569936)|SYSTEM_MODE_ENTER|false
11:54:49.0 (106577404)|HEAP_ALLOCATE|[134]|Bytes:5
11:54:49.0 (106582637)|STATEMENT_EXECUTE|[133]
11:54:49.0 (106584498)|STATEMENT_EXECUTE|[134]
11:54:49.0 (106647147)|HEAP_ALLOCATE|[134]|Bytes:4
11:54:49.0 (106658707)|HEAP_ALLOCATE|[134]|Bytes:1
11:54:49.0 (106679372)|HEAP_ALLOCATE|[134]|Bytes:1
11:54:49.0 (106688053)|HEAP_ALLOCATE|[134]|Bytes:1
11:54:49.0 (106713885)|HEAP_ALLOCATE|[134]|Bytes:2
11:54:49.0 (106729296)|HEAP_ALLOCATE|[134]|Bytes:9
11:54:49.0 (106735788)|HEAP_ALLOCATE|[134]|Bytes:10
11:54:49.0 (106741594)|SYSTEM_MODE_EXIT|false
11:54:49.0 (106910274)|SYSTEM_MODE_ENTER|true
11:54:49.0 (107326070)|SYSTEM_MODE_ENTER|true
11:54:49.0 (120582011)|VF_SERIALIZE_VIEWSTATE_BEGIN|066N0000000M4pW
11:54:49.0 (124291312)|VF_SERIALIZE_VIEWSTATE_END
11:54:49.127 (127533701)|CUMULATIVE_LIMIT_USAGE
11:54:49.127 (127533701)|LIMIT_USAGE_FOR_NS|(default)|
  Number of SOQL queries: 5 out of 100
  Number of query rows: 2 out of 50000
  Number of SOSL queries: 0 out of 20
  Number of DML statements: 0 out of 150
  Number of DML rows: 0 out of 10000
  Maximum CPU time: 0 out of 10000
  Maximum heap size: 0 out of 6000000
  Number of callouts: 0 out of 100
  Number of Email Invocations: 0 out of 10
  Number of future calls: 0 out of 50
  Number of queueable jobs added to the queue: 0 out of 50
  Number of Mobile Apex push calls: 0 out of 10

11:54:49.127 (127533701)|CUMULATIVE_LIMIT_USAGE_END

11:54:49.0 (127579928)|CODE_UNIT_FINISHED|VF: /apex/sadailyreport
11:54:49.0 (128296282)|EXECUTION_FINISHED
