38.0 APEX_CODE,FINEST;APEX_PROFILING,INFO;CALLOUT,INFO;DB,INFO;SYSTEM,DEBUG;VALIDATION,INFO;VISUALFORCE,INFO;WAVE,INFO;WORKFLOW,INFO
19:18:13.0 (351590)|USER_INFO|[EXTERNAL]|005N00000057PfO|thomas.remy+kddi_gwdev01@globalway.co.jp|Japan Standard Time|GMT+09:00
19:18:13.0 (389848)|EXECUTION_STARTED
19:18:13.0 (393936)|CODE_UNIT_STARTED|[EXTERNAL]|066N0000000M59u|VF: /apex/saReport
19:18:13.0 (942168)|VF_DESERIALIZE_VIEWSTATE_BEGIN|066N0000000M59u
19:18:13.0 (9169255)|HEAP_ALLOCATE|[72]|Bytes:3
19:18:13.0 (9210783)|HEAP_ALLOCATE|[77]|Bytes:152
19:18:13.0 (9225719)|HEAP_ALLOCATE|[342]|Bytes:408
19:18:13.0 (9237518)|HEAP_ALLOCATE|[355]|Bytes:408
19:18:13.0 (9248729)|HEAP_ALLOCATE|[467]|Bytes:48
19:18:13.0 (9277125)|HEAP_ALLOCATE|[139]|Bytes:6
19:18:13.0 (9350755)|HEAP_ALLOCATE|[50]|Bytes:5
19:18:13.0 (9373474)|HEAP_ALLOCATE|[56]|Bytes:5
19:18:13.0 (9381871)|HEAP_ALLOCATE|[64]|Bytes:7
19:18:13.0 (10958910)|VARIABLE_SCOPE_BEGIN|[14]|saReportCtrl.CASES_CHARACTER|String|false|true
19:18:13.0 (10975243)|VARIABLE_SCOPE_BEGIN|[5]|saReportCtrl.ORIGIN_OF_EXECUTION_1|String|false|true
19:18:13.0 (10983217)|VARIABLE_SCOPE_BEGIN|[6]|saReportCtrl.ORIGIN_OF_EXECUTION_2|String|false|true
19:18:13.0 (10990810)|VARIABLE_SCOPE_BEGIN|[9]|saReportCtrl.REPORT_STATE_DRAFT|String|false|true
19:18:13.0 (10998025)|VARIABLE_SCOPE_BEGIN|[10]|saReportCtrl.REPORT_STATE_PENDING|String|false|true
19:18:13.0 (11004880)|VARIABLE_SCOPE_BEGIN|[11]|saReportCtrl.REPORT_STATE_PUBLISH|String|false|true
19:18:13.0 (11012920)|VARIABLE_SCOPE_BEGIN|[12]|saReportCtrl.REPORT_STATE_REMAND|String|false|true
19:18:13.0 (11019975)|VARIABLE_SCOPE_BEGIN|[17]|saReportCtrl.SEARCH_COUNT_NUMBER100|String|false|true
19:18:13.0 (11027098)|VARIABLE_SCOPE_BEGIN|[15]|saReportCtrl.SEARCH_COUNT_NUMBER20|String|false|true
19:18:13.0 (11034367)|VARIABLE_SCOPE_BEGIN|[16]|saReportCtrl.SEARCH_COUNT_NUMBER50|String|false|true
19:18:13.0 (11041204)|VARIABLE_SCOPE_BEGIN|[22]|saReportCtrl.SORTED_BY_FAVORITES_LABEL|String|false|true
19:18:13.0 (11048255)|VARIABLE_SCOPE_BEGIN|[28]|saReportCtrl.SORTED_BY_FAVORITES_VALUE|String|false|true
19:18:13.0 (11055398)|VARIABLE_SCOPE_BEGIN|[20]|saReportCtrl.SORTED_BY_NEWS_LABEL|String|false|true
19:18:13.0 (11062633)|VARIABLE_SCOPE_BEGIN|[26]|saReportCtrl.SORTED_BY_NEWS_VALUE|String|false|true
19:18:13.0 (11069533)|VARIABLE_SCOPE_BEGIN|[19]|saReportCtrl.SORTED_BY_NONE_LABEL|String|false|true
19:18:13.0 (11076544)|VARIABLE_SCOPE_BEGIN|[25]|saReportCtrl.SORTED_BY_NONE_VALUE|String|false|true
19:18:13.0 (11083989)|VARIABLE_SCOPE_BEGIN|[21]|saReportCtrl.SORTED_BY_NUMBER_OF_VIEWS_LABEL|String|false|true
19:18:13.0 (11091455)|VARIABLE_SCOPE_BEGIN|[27]|saReportCtrl.SORTED_BY_NUMBER_OF_VIEWS_VALUE|String|false|true
19:18:13.0 (11098750)|VARIABLE_SCOPE_BEGIN|[23]|saReportCtrl.SORTED_BY_RELEASE_DATES_LABEL|String|false|true
19:18:13.0 (11106457)|VARIABLE_SCOPE_BEGIN|[29]|saReportCtrl.SORTED_BY_RELEASE_DATES_VALUE|String|false|true
19:18:13.0 (15331332)|VARIABLE_SCOPE_BEGIN|[7]|auMainTopCompCtrl.TYPE_SCREEN_CX_SCREEN|Integer|false|true
19:18:13.0 (15346018)|VARIABLE_SCOPE_BEGIN|[8]|auMainTopCompCtrl.TYPE_SCREEN_CX_TIMELINE|Integer|false|true
19:18:13.0 (15353517)|VARIABLE_SCOPE_BEGIN|[9]|auMainTopCompCtrl.TYPE_SCREEN_EVENT_SCHEDULE|Integer|false|true
19:18:13.0 (15360877)|VARIABLE_SCOPE_BEGIN|[10]|auMainTopCompCtrl.TYPE_SCREEN_EVENT_SCHEDULE_LIST|Integer|false|true
19:18:13.0 (15367969)|VARIABLE_SCOPE_BEGIN|[11]|auMainTopCompCtrl.TYPE_SCREEN_KNOWLEDGE_DASHBOARD|Integer|false|true
19:18:13.0 (15375153)|VARIABLE_SCOPE_BEGIN|[12]|auMainTopCompCtrl.TYPE_SCREEN_KNOWLEDGE_LIST|Integer|false|true
19:18:13.0 (15382333)|VARIABLE_SCOPE_BEGIN|[15]|auMainTopCompCtrl.TYPE_SCREEN_SA_CHATTER|Integer|false|true
19:18:13.0 (15388960)|VARIABLE_SCOPE_BEGIN|[16]|auMainTopCompCtrl.TYPE_SCREEN_SA_DAILYREPORT|Integer|false|true
19:18:13.0 (15395560)|VARIABLE_SCOPE_BEGIN|[18]|auMainTopCompCtrl.TYPE_SCREEN_SA_DOCUMENTS|Integer|false|true
19:18:13.0 (15402164)|VARIABLE_SCOPE_BEGIN|[17]|auMainTopCompCtrl.TYPE_SCREEN_SA_ENQUETE|Integer|false|true
19:18:13.0 (15409017)|VARIABLE_SCOPE_BEGIN|[20]|auMainTopCompCtrl.TYPE_SCREEN_SA_LINKS|Integer|false|true
19:18:13.0 (15416124)|VARIABLE_SCOPE_BEGIN|[13]|auMainTopCompCtrl.TYPE_SCREEN_SA_MESSAGES|Integer|false|true
19:18:13.0 (15422969)|VARIABLE_SCOPE_BEGIN|[19]|auMainTopCompCtrl.TYPE_SCREEN_SA_RANKING|Integer|false|true
19:18:13.0 (15430035)|VARIABLE_SCOPE_BEGIN|[14]|auMainTopCompCtrl.TYPE_SCREEN_SA_REPORTS|Integer|false|true
19:18:13.0 (15436821)|VARIABLE_SCOPE_BEGIN|[4]|auMainTopCompCtrl.TYPE_SCREEN_STPD_EVENT|Integer|false|true
19:18:13.0 (15444360)|VARIABLE_SCOPE_BEGIN|[6]|auMainTopCompCtrl.TYPE_SCREEN_STPD_SCREEN|Integer|false|true
19:18:13.0 (15451483)|VARIABLE_SCOPE_BEGIN|[5]|auMainTopCompCtrl.TYPE_SCREEN_STPD_TIMELINE|Integer|false|true
19:18:13.0 (15458481)|VARIABLE_SCOPE_BEGIN|[3]|auMainTopCompCtrl.TYPE_SCREEN_SWITCH|Integer|false|true
19:18:13.0 (16920492)|VF_DESERIALIZE_VIEWSTATE_END
19:18:13.0 (21093893)|HEAP_ALLOCATE|[EXTERNAL]|Bytes:780
19:18:13.0 (21117931)|HEAP_ALLOCATE|[EXTERNAL]|Bytes:201
19:18:13.0 (21123823)|HEAP_ALLOCATE|[EXTERNAL]|Bytes:179
19:18:13.0 (21128581)|HEAP_ALLOCATE|[EXTERNAL]|Bytes:1
19:18:13.0 (21153423)|VARIABLE_ASSIGNMENT|[EXTERNAL]|saReportCtrl.CASES_CHARACTER|"件"
19:18:13.0 (21159007)|HEAP_ALLOCATE|[EXTERNAL]|Bytes:1
19:18:13.0 (21165516)|VARIABLE_ASSIGNMENT|[EXTERNAL]|saReportCtrl.ORIGIN_OF_EXECUTION_1|"1"
19:18:13.0 (21169919)|HEAP_ALLOCATE|[EXTERNAL]|Bytes:1
19:18:13.0 (21175203)|VARIABLE_ASSIGNMENT|[EXTERNAL]|saReportCtrl.ORIGIN_OF_EXECUTION_2|"2"
19:18:13.0 (21179568)|HEAP_ALLOCATE|[EXTERNAL]|Bytes:5
19:18:13.0 (21185639)|VARIABLE_ASSIGNMENT|[EXTERNAL]|saReportCtrl.REPORT_STATE_DRAFT|"Draft"
19:18:13.0 (21189605)|HEAP_ALLOCATE|[EXTERNAL]|Bytes:7
19:18:13.0 (21195634)|VARIABLE_ASSIGNMENT|[EXTERNAL]|saReportCtrl.REPORT_STATE_PENDING|"Pending"
19:18:13.0 (21199676)|HEAP_ALLOCATE|[EXTERNAL]|Bytes:7
19:18:13.0 (21205087)|VARIABLE_ASSIGNMENT|[EXTERNAL]|saReportCtrl.REPORT_STATE_PUBLISH|"Publish"
19:18:13.0 (21209185)|HEAP_ALLOCATE|[EXTERNAL]|Bytes:6
19:18:13.0 (21214517)|VARIABLE_ASSIGNMENT|[EXTERNAL]|saReportCtrl.REPORT_STATE_REMAND|"Remand"
19:18:13.0 (21218748)|HEAP_ALLOCATE|[EXTERNAL]|Bytes:4
19:18:13.0 (21224131)|VARIABLE_ASSIGNMENT|[EXTERNAL]|saReportCtrl.SEARCH_COUNT_NUMBER100|"100件"
19:18:13.0 (21227993)|HEAP_ALLOCATE|[EXTERNAL]|Bytes:3
19:18:13.0 (21233485)|VARIABLE_ASSIGNMENT|[EXTERNAL]|saReportCtrl.SEARCH_COUNT_NUMBER20|"20件"
19:18:13.0 (21237316)|HEAP_ALLOCATE|[EXTERNAL]|Bytes:3
19:18:13.0 (21242810)|VARIABLE_ASSIGNMENT|[EXTERNAL]|saReportCtrl.SEARCH_COUNT_NUMBER50|"50件"
19:18:13.0 (21246894)|HEAP_ALLOCATE|[EXTERNAL]|Bytes:4
19:18:13.0 (21252853)|VARIABLE_ASSIGNMENT|[EXTERNAL]|saReportCtrl.SORTED_BY_FAVORITES_LABEL|"いいね順"
19:18:13.0 (21256789)|HEAP_ALLOCATE|[EXTERNAL]|Bytes:4
19:18:13.0 (21262772)|VARIABLE_ASSIGNMENT|[EXTERNAL]|saReportCtrl.SORTED_BY_FAVORITES_VALUE|"いいね順"
19:18:13.0 (21266919)|HEAP_ALLOCATE|[EXTERNAL]|Bytes:3
19:18:13.0 (21272700)|VARIABLE_ASSIGNMENT|[EXTERNAL]|saReportCtrl.SORTED_BY_NEWS_LABEL|"NEW"
19:18:13.0 (21276354)|HEAP_ALLOCATE|[EXTERNAL]|Bytes:3
19:18:13.0 (21282258)|VARIABLE_ASSIGNMENT|[EXTERNAL]|saReportCtrl.SORTED_BY_NEWS_VALUE|"NEW"
19:18:13.0 (21286025)|HEAP_ALLOCATE|[EXTERNAL]|Bytes:1
19:18:13.0 (21291639)|VARIABLE_ASSIGNMENT|[EXTERNAL]|saReportCtrl.SORTED_BY_NONE_LABEL|" "
19:18:13.0 (21295271)|HEAP_ALLOCATE|[EXTERNAL]|Bytes:1
19:18:13.0 (21300776)|VARIABLE_ASSIGNMENT|[EXTERNAL]|saReportCtrl.SORTED_BY_NONE_VALUE|" "
19:18:13.0 (21304287)|HEAP_ALLOCATE|[EXTERNAL]|Bytes:4
19:18:13.0 (21310552)|VARIABLE_ASSIGNMENT|[EXTERNAL]|saReportCtrl.SORTED_BY_NUMBER_OF_VIEWS_LABEL|"閲覧数順"
19:18:13.0 (21314591)|HEAP_ALLOCATE|[EXTERNAL]|Bytes:4
19:18:13.0 (21320475)|VARIABLE_ASSIGNMENT|[EXTERNAL]|saReportCtrl.SORTED_BY_NUMBER_OF_VIEWS_VALUE|"閲覧数順"
19:18:13.0 (21324363)|HEAP_ALLOCATE|[EXTERNAL]|Bytes:4
19:18:13.0 (21330368)|VARIABLE_ASSIGNMENT|[EXTERNAL]|saReportCtrl.SORTED_BY_RELEASE_DATES_LABEL|"公開日時"
19:18:13.0 (21334102)|HEAP_ALLOCATE|[EXTERNAL]|Bytes:4
19:18:13.0 (21342368)|VARIABLE_ASSIGNMENT|[EXTERNAL]|saReportCtrl.SORTED_BY_RELEASE_DATES_VALUE|"公開日時"
19:18:13.0 (21356103)|METHOD_ENTRY|[1]|01pN0000000aEUV|saReportCtrl.saReportCtrl()
19:18:13.0 (21362067)|STATEMENT_EXECUTE|[1]
19:18:13.0 (21366497)|STATEMENT_EXECUTE|[1]
19:18:13.0 (21380587)|SYSTEM_MODE_ENTER|false
19:18:13.0 (21396098)|HEAP_ALLOCATE|[EXTERNAL]|Bytes:5
19:18:13.0 (21404663)|SYSTEM_MODE_EXIT|false
19:18:13.0 (21413835)|METHOD_EXIT|[1]|saReportCtrl
19:18:13.0 (21428978)|HEAP_ALLOCATE|[EXTERNAL]|Bytes:144
19:18:13.0 (21436769)|VARIABLE_SCOPE_BEGIN|[304]|this|saReportCtrl|true|false
19:18:13.0 (21597354)|VARIABLE_ASSIGNMENT|[304]|this|{"categoryDataOptions":"0x8bab578","countDataOptions":"0x375df6ce","filterDateEnd":"","filterDateStart":"","filteredRecords":"0x385c8272","filterKeywords":"","inputReportBody":"","inputTitle":"","isFromHome":false,"isGoodSelected":false,"isNew":false,"isTrySelected":false,"isVeryGoodSelected":false,"listOfCategory":"0x10a575b3","listOfSAReports":"0x4de903aa","messageError":"","processDataOptions":"0x155a775f","reportComments":"0x49c93894","reportGoodViews":"0x727ad4f3","reportManagedViews":"0x770b6d45","selectedCategoryData":" ","selectedCountData":"20","selectedSortData":" ","sortDataOptions":"0x31ad0c74","sourceOfExecution":""}|0x56743474
19:18:13.0 (21625309)|SYSTEM_MODE_ENTER|false
19:18:13.0 (21631940)|HEAP_ALLOCATE|[306]|Bytes:5
19:18:13.0 (21636778)|STATEMENT_EXECUTE|[304]
19:18:13.0 (21638879)|STATEMENT_EXECUTE|[306]
19:18:13.0 (21642056)|HEAP_ALLOCATE|[306]|Bytes:19
19:18:13.0 (21692615)|USER_DEBUG|[306]|DEBUG|Run: initCreatePage
19:18:13.0 (21704204)|STATEMENT_EXECUTE|[308]
19:18:13.0 (21798374)|VARIABLE_ASSIGNMENT|[EXTERNAL]|this|{"categoryDataOptions":"0x8bab578","countDataOptions":"0x375df6ce","filterDateEnd":"","filterDateStart":"","filteredRecords":"0x385c8272","filterKeywords":"","inputReportBody":"","inputTitle":"","isFromHome":false,"isGoodSelected":false,"isNew":false,"isTrySelected":false,"isVeryGoodSelected":false,"listOfCategory":"0x10a575b3","listOfSAReports":"0x4de903aa","messageError":"","processDataOptions":"0x155a775f","reportComments":"0x49c93894","reportGoodViews":"0x727ad4f3","reportManagedViews":"0x770b6d45","selectedCategoryData":" ","selectedCountData":"20","selectedSortData":" ","sortDataOptions":"0x31ad0c74","sourceOfExecution":""}|0x56743474
19:18:13.0 (21816631)|VARIABLE_ASSIGNMENT|[EXTERNAL]|value|""
19:18:13.0 (21830382)|VARIABLE_ASSIGNMENT|[75]|this.inputTitle|""|0x56743474
19:18:13.0 (21840764)|STATEMENT_EXECUTE|[309]
19:18:13.0 (21925804)|VARIABLE_ASSIGNMENT|[EXTERNAL]|this|{"categoryDataOptions":"0x8bab578","countDataOptions":"0x375df6ce","filterDateEnd":"","filterDateStart":"","filteredRecords":"0x385c8272","filterKeywords":"","inputReportBody":"","inputTitle":"","isFromHome":false,"isGoodSelected":false,"isNew":false,"isTrySelected":false,"isVeryGoodSelected":false,"listOfCategory":"0x10a575b3","listOfSAReports":"0x4de903aa","messageError":"","processDataOptions":"0x155a775f","reportComments":"0x49c93894","reportGoodViews":"0x727ad4f3","reportManagedViews":"0x770b6d45","selectedCategoryData":" ","selectedCountData":"20","selectedSortData":" ","sortDataOptions":"0x31ad0c74","sourceOfExecution":""}|0x56743474
19:18:13.0 (21943005)|VARIABLE_ASSIGNMENT|[EXTERNAL]|value|""
19:18:13.0 (21952164)|VARIABLE_ASSIGNMENT|[76]|this.inputCategory|""|0x56743474
19:18:13.0 (21961174)|STATEMENT_EXECUTE|[310]
19:18:13.0 (22033711)|VARIABLE_ASSIGNMENT|[EXTERNAL]|this|{"categoryDataOptions":"0x8bab578","countDataOptions":"0x375df6ce","filterDateEnd":"","filterDateStart":"","filteredRecords":"0x385c8272","filterKeywords":"","inputCategory":"","inputReportBody":"","inputTitle":"","isFromHome":false,"isGoodSelected":false,"isNew":false,"isTrySelected":false,"isVeryGoodSelected":false,"listOfCategory":"0x10a575b3","listOfSAReports":"0x4de903aa","messageError":"","processDataOptions":"0x155a775f","reportComments":"0x49c93894","reportGoodViews":"0x727ad4f3","reportManagedViews":"0x770b6d45","selectedCategoryData":" ","selectedCountData":"20","selectedSortData":" ","sortDataOptions":"0x31ad0c74","sourceOfExecution":""}|0x56743474
19:18:13.0 (22050672)|VARIABLE_ASSIGNMENT|[EXTERNAL]|value|""
19:18:13.0 (22060323)|VARIABLE_ASSIGNMENT|[77]|this.inputProcess|""|0x56743474
19:18:13.0 (22068708)|STATEMENT_EXECUTE|[311]
19:18:13.0 (22147056)|VARIABLE_ASSIGNMENT|[EXTERNAL]|this|{"categoryDataOptions":"0x8bab578","countDataOptions":"0x375df6ce","filterDateEnd":"","filterDateStart":"","filteredRecords":"0x385c8272","filterKeywords":"","inputCategory":"","inputProcess":"","inputReportBody":"","inputTitle":"","isFromHome":false,"isGoodSelected":false,"isNew":false,"isTrySelected":false,"isVeryGoodSelected":false,"listOfCategory":"0x10a575b3","listOfSAReports":"0x4de903aa","messageError":"","processDataOptions":"0x155a775f","reportComments":"0x49c93894","reportGoodViews":"0x727ad4f3","reportManagedViews":"0x770b6d45","selectedCategoryData":" ","selectedCountData":"20","selectedSortData":" ","sortDataOptions":"0x31ad0c74","sourceOfExecution":""}|0x56743474
19:18:13.0 (22163532)|VARIABLE_ASSIGNMENT|[EXTERNAL]|value|""
19:18:13.0 (22173520)|VARIABLE_ASSIGNMENT|[78]|this.inputReportBody|""|0x56743474
19:18:13.0 (22184279)|SYSTEM_MODE_EXIT|false
19:18:13.0 (43409642)|SYSTEM_MODE_ENTER|true
19:18:13.0 (43475324)|HEAP_ALLOCATE|[EXTERNAL]|Bytes:284
19:18:13.0 (43507767)|HEAP_ALLOCATE|[EXTERNAL]|Bytes:114
19:18:13.0 (43541757)|METHOD_ENTRY|[1]|01pN0000000Mill|auMainTopCompCtrl.auMainTopCompCtrl()
19:18:13.0 (43551426)|STATEMENT_EXECUTE|[1]
19:18:13.0 (43558806)|STATEMENT_EXECUTE|[1]
19:18:13.0 (43561459)|STATEMENT_EXECUTE|[3]
19:18:13.0 (43573077)|HEAP_ALLOCATE|[3]|Bytes:4
19:18:13.0 (43598484)|VARIABLE_ASSIGNMENT|[3]|auMainTopCompCtrl.TYPE_SCREEN_SWITCH|0
19:18:13.0 (43605495)|STATEMENT_EXECUTE|[4]
19:18:13.0 (43611116)|HEAP_ALLOCATE|[4]|Bytes:4
19:18:13.0 (43620826)|VARIABLE_ASSIGNMENT|[4]|auMainTopCompCtrl.TYPE_SCREEN_STPD_EVENT|11
19:18:13.0 (43626873)|STATEMENT_EXECUTE|[5]
19:18:13.0 (43630433)|HEAP_ALLOCATE|[5]|Bytes:4
19:18:13.0 (43639573)|VARIABLE_ASSIGNMENT|[5]|auMainTopCompCtrl.TYPE_SCREEN_STPD_TIMELINE|12
19:18:13.0 (43645640)|STATEMENT_EXECUTE|[6]
19:18:13.0 (43648741)|HEAP_ALLOCATE|[6]|Bytes:4
19:18:13.0 (43666671)|VARIABLE_ASSIGNMENT|[6]|auMainTopCompCtrl.TYPE_SCREEN_STPD_SCREEN|13
19:18:13.0 (43673774)|STATEMENT_EXECUTE|[7]
19:18:13.0 (43678100)|HEAP_ALLOCATE|[7]|Bytes:4
19:18:13.0 (43688329)|VARIABLE_ASSIGNMENT|[7]|auMainTopCompCtrl.TYPE_SCREEN_CX_SCREEN|21
19:18:13.0 (43695833)|STATEMENT_EXECUTE|[8]
19:18:13.0 (43699915)|HEAP_ALLOCATE|[8]|Bytes:4
19:18:13.0 (43708398)|VARIABLE_ASSIGNMENT|[8]|auMainTopCompCtrl.TYPE_SCREEN_CX_TIMELINE|22
19:18:13.0 (43713891)|STATEMENT_EXECUTE|[9]
19:18:13.0 (43717404)|HEAP_ALLOCATE|[9]|Bytes:4
19:18:13.0 (43725845)|VARIABLE_ASSIGNMENT|[9]|auMainTopCompCtrl.TYPE_SCREEN_EVENT_SCHEDULE|31
19:18:13.0 (43732115)|STATEMENT_EXECUTE|[10]
19:18:13.0 (43736491)|HEAP_ALLOCATE|[10]|Bytes:4
19:18:13.0 (43744932)|VARIABLE_ASSIGNMENT|[10]|auMainTopCompCtrl.TYPE_SCREEN_EVENT_SCHEDULE_LIST|32
19:18:13.0 (43751378)|STATEMENT_EXECUTE|[11]
19:18:13.0 (43754797)|HEAP_ALLOCATE|[11]|Bytes:4
19:18:13.0 (43763156)|VARIABLE_ASSIGNMENT|[11]|auMainTopCompCtrl.TYPE_SCREEN_KNOWLEDGE_DASHBOARD|41
19:18:13.0 (43768976)|STATEMENT_EXECUTE|[12]
19:18:13.0 (43772579)|HEAP_ALLOCATE|[12]|Bytes:4
19:18:13.0 (43780758)|VARIABLE_ASSIGNMENT|[12]|auMainTopCompCtrl.TYPE_SCREEN_KNOWLEDGE_LIST|42
19:18:13.0 (43786698)|STATEMENT_EXECUTE|[13]
19:18:13.0 (43790342)|HEAP_ALLOCATE|[13]|Bytes:4
19:18:13.0 (43804386)|VARIABLE_ASSIGNMENT|[13]|auMainTopCompCtrl.TYPE_SCREEN_SA_MESSAGES|51
19:18:13.0 (43810343)|STATEMENT_EXECUTE|[14]
19:18:13.0 (43814070)|HEAP_ALLOCATE|[14]|Bytes:4
19:18:13.0 (43822939)|VARIABLE_ASSIGNMENT|[14]|auMainTopCompCtrl.TYPE_SCREEN_SA_REPORTS|52
19:18:13.0 (43828689)|STATEMENT_EXECUTE|[15]
19:18:13.0 (43832499)|HEAP_ALLOCATE|[15]|Bytes:4
19:18:13.0 (43840380)|VARIABLE_ASSIGNMENT|[15]|auMainTopCompCtrl.TYPE_SCREEN_SA_CHATTER|53
19:18:13.0 (43846123)|STATEMENT_EXECUTE|[16]
19:18:13.0 (43849457)|HEAP_ALLOCATE|[16]|Bytes:4
19:18:13.0 (43857342)|VARIABLE_ASSIGNMENT|[16]|auMainTopCompCtrl.TYPE_SCREEN_SA_DAILYREPORT|54
19:18:13.0 (43863652)|STATEMENT_EXECUTE|[17]
19:18:13.0 (43867388)|HEAP_ALLOCATE|[17]|Bytes:4
19:18:13.0 (43876202)|VARIABLE_ASSIGNMENT|[17]|auMainTopCompCtrl.TYPE_SCREEN_SA_ENQUETE|55
19:18:13.0 (43882072)|STATEMENT_EXECUTE|[18]
19:18:13.0 (43885735)|HEAP_ALLOCATE|[18]|Bytes:4
19:18:13.0 (43895033)|VARIABLE_ASSIGNMENT|[18]|auMainTopCompCtrl.TYPE_SCREEN_SA_DOCUMENTS|56
19:18:13.0 (43901432)|STATEMENT_EXECUTE|[19]
19:18:13.0 (43905251)|HEAP_ALLOCATE|[19]|Bytes:4
19:18:13.0 (43915965)|VARIABLE_ASSIGNMENT|[19]|auMainTopCompCtrl.TYPE_SCREEN_SA_RANKING|57
19:18:13.0 (43921359)|STATEMENT_EXECUTE|[20]
19:18:13.0 (43924695)|HEAP_ALLOCATE|[20]|Bytes:4
19:18:13.0 (43933193)|VARIABLE_ASSIGNMENT|[20]|auMainTopCompCtrl.TYPE_SCREEN_SA_LINKS|58
19:18:13.0 (43946183)|METHOD_EXIT|[1]|auMainTopCompCtrl
19:18:13.0 (43963169)|HEAP_ALLOCATE|[EXTERNAL]|Bytes:40
19:18:13.0 (43979161)|VARIABLE_ASSIGNMENT|[EXTERNAL]|this.iCountComments|null|0x75955957
19:18:13.0 (44094585)|SYSTEM_MODE_ENTER|true
19:18:13.0 (44124234)|HEAP_ALLOCATE|[EXTERNAL]|Bytes:40
19:18:13.0 (44137062)|VARIABLE_ASSIGNMENT|[EXTERNAL]|this.iCountLikes|null|0x75955957
19:18:13.0 (44454607)|SYSTEM_MODE_ENTER|true
19:18:13.0 (44519669)|HEAP_ALLOCATE|[EXTERNAL]|Bytes:144
19:18:13.0 (44531891)|VARIABLE_SCOPE_BEGIN|[81]|this|saReportCtrl|true|false
19:18:13.0 (44643225)|VARIABLE_ASSIGNMENT|[81]|this|{"categoryDataOptions":"0x8bab578","countDataOptions":"0x375df6ce","filterDateEnd":"","filterDateStart":"","filteredRecords":"0x385c8272","filterKeywords":"","inputCategory":"","inputProcess":"","inputReportBody":"","inputTitle":"","isFromHome":false,"isGoodSelected":false,"isNew":false,"isTrySelected":false,"isVeryGoodSelected":false,"listOfCategory":"0x10a575b3","listOfSAReports":"0x4de903aa","messageError":"","processDataOptions":"0x155a775f","reportComments":"0x49c93894","reportGoodViews":"0x727ad4f3","reportManagedViews":"0x770b6d45","selectedCategoryData":" ","selectedCountData":"20","selectedSortData":" ","sortDataOptions":"0x31ad0c74","sourceOfExecution":""}|0x56743474
19:18:13.0 (44677084)|SYSTEM_MODE_ENTER|false
19:18:13.0 (44686751)|HEAP_ALLOCATE|[81]|Bytes:5
19:18:13.0 (44692737)|STATEMENT_EXECUTE|[81]
19:18:13.0 (44694695)|STATEMENT_EXECUTE|[81]
19:18:13.0 (44702894)|SYSTEM_MODE_EXIT|false
19:18:13.0 (44778121)|SYSTEM_MODE_ENTER|true
19:18:13.0 (44803902)|HEAP_ALLOCATE|[EXTERNAL]|Bytes:8
19:18:13.0 (44812546)|HEAP_ALLOCATE|[EXTERNAL]|Bytes:40
19:18:13.0 (44821713)|VARIABLE_ASSIGNMENT|[EXTERNAL]|this.iTypeOfScreen|52|0x75955957
19:18:13.0 (44954613)|SYSTEM_MODE_ENTER|true
19:18:13.0 (45148515)|SYSTEM_MODE_ENTER|true
19:18:13.0 (50587063)|SYSTEM_MODE_ENTER|true
19:18:13.0 (50669082)|SYSTEM_MODE_ENTER|true
19:18:13.0 (50812056)|SYSTEM_MODE_ENTER|true
19:18:13.0 (50954925)|SYSTEM_MODE_ENTER|true
19:18:13.0 (51157114)|SYSTEM_MODE_ENTER|true
19:18:13.0 (51315455)|SYSTEM_MODE_ENTER|true
19:18:13.0 (51471875)|SYSTEM_MODE_ENTER|true
19:18:13.0 (58591279)|VF_SERIALIZE_VIEWSTATE_BEGIN|066N0000000M59u
19:18:13.0 (63608905)|VF_SERIALIZE_VIEWSTATE_END
19:18:13.68 (68807916)|CUMULATIVE_LIMIT_USAGE
19:18:13.68 (68807916)|LIMIT_USAGE_FOR_NS|(default)|
  Number of SOQL queries: 0 out of 100
  Number of query rows: 0 out of 50000
  Number of SOSL queries: 0 out of 20
  Number of DML statements: 0 out of 150
  Number of DML rows: 0 out of 10000
  Maximum CPU time: 0 out of 10000
  Maximum heap size: 0 out of 6000000
  Number of callouts: 0 out of 100
  Number of Email Invocations: 0 out of 10
  Number of future calls: 0 out of 50
  Number of queueable jobs added to the queue: 0 out of 50
  Number of Mobile Apex push calls: 0 out of 10

19:18:13.68 (68807916)|CUMULATIVE_LIMIT_USAGE_END

19:18:13.0 (68844479)|CODE_UNIT_FINISHED|VF: /apex/saReport
19:18:13.0 (69766380)|EXECUTION_FINISHED
