42.0 APEX_CODE,FINEST;APEX_PROFILING,INFO;CALLOUT,INFO;DB,INFO;NBA,INFO;SYSTEM,DEBUG;VALIDATION,INFO;VISUALFORCE,INFO;WAVE,INFO;WORKFLOW,INFO
10:45:53.0 (67877)|USER_INFO|[EXTERNAL]|005N00000057PfO|thomas.remy+kddi_gwdev01@globalway.co.jp|Japan Standard Time|GMT+09:00
10:45:53.0 (105400)|EXECUTION_STARTED
10:45:53.0 (109369)|CODE_UNIT_STARTED|[EXTERNAL]|066N0000000M4pW|VF: /apex/sadailyreport
10:45:53.0 (265216)|VF_DESERIALIZE_VIEWSTATE_BEGIN|066N0000000M4pW
10:45:53.0 (3593347)|HEAP_ALLOCATE|[72]|Bytes:3
10:45:53.0 (3644221)|HEAP_ALLOCATE|[77]|Bytes:152
10:45:53.0 (3661086)|HEAP_ALLOCATE|[342]|Bytes:408
10:45:53.0 (3676973)|HEAP_ALLOCATE|[355]|Bytes:408
10:45:53.0 (3691702)|HEAP_ALLOCATE|[467]|Bytes:48
10:45:53.0 (3717413)|HEAP_ALLOCATE|[139]|Bytes:6
10:45:53.0 (4594936)|HEAP_ALLOCATE|[50]|Bytes:5
10:45:53.0 (4624724)|HEAP_ALLOCATE|[56]|Bytes:5
10:45:53.0 (4633909)|HEAP_ALLOCATE|[64]|Bytes:7
10:45:53.0 (5368075)|VARIABLE_SCOPE_BEGIN|[3]|saDailyReportCtrl.SOURCE|String|false|true
10:45:53.0 (5380863)|VARIABLE_SCOPE_BEGIN|[4]|saDailyReportCtrl.SOURCE_ID|String|false|true
10:45:53.0 (6366397)|VARIABLE_SCOPE_BEGIN|[25]|auMainTopCompCtrl.TYPE_SCREEN_ACCOUNT_LIST|Integer|false|true
10:45:53.0 (6377030)|VARIABLE_SCOPE_BEGIN|[26]|auMainTopCompCtrl.TYPE_SCREEN_ACTIVITY_LIST|Integer|false|true
10:45:53.0 (6383721)|VARIABLE_SCOPE_BEGIN|[7]|auMainTopCompCtrl.TYPE_SCREEN_CX_SCREEN|Integer|false|true
10:45:53.0 (6390314)|VARIABLE_SCOPE_BEGIN|[8]|auMainTopCompCtrl.TYPE_SCREEN_CX_TIMELINE|Integer|false|true
10:45:53.0 (6397663)|VARIABLE_SCOPE_BEGIN|[9]|auMainTopCompCtrl.TYPE_SCREEN_EVENT_SCHEDULE|Integer|false|true
10:45:53.0 (6404092)|VARIABLE_SCOPE_BEGIN|[10]|auMainTopCompCtrl.TYPE_SCREEN_EVENT_SCHEDULE_LIST|Integer|false|true
10:45:53.0 (6409782)|VARIABLE_SCOPE_BEGIN|[27]|auMainTopCompCtrl.TYPE_SCREEN_FILE_LIST|Integer|false|true
10:45:53.0 (6415526)|VARIABLE_SCOPE_BEGIN|[24]|auMainTopCompCtrl.TYPE_SCREEN_HONBU_DIRECT|Integer|false|true
10:45:53.0 (6421484)|VARIABLE_SCOPE_BEGIN|[11]|auMainTopCompCtrl.TYPE_SCREEN_KNOWLEDGE_DASHBOARD|Integer|false|true
10:45:53.0 (6427165)|VARIABLE_SCOPE_BEGIN|[12]|auMainTopCompCtrl.TYPE_SCREEN_KNOWLEDGE_LIST|Integer|false|true
10:45:53.0 (6432593)|VARIABLE_SCOPE_BEGIN|[15]|auMainTopCompCtrl.TYPE_SCREEN_SA_CHATTER|Integer|false|true
10:45:53.0 (6438524)|VARIABLE_SCOPE_BEGIN|[16]|auMainTopCompCtrl.TYPE_SCREEN_SA_DAILYREPORT|Integer|false|true
10:45:53.0 (6444542)|VARIABLE_SCOPE_BEGIN|[22]|auMainTopCompCtrl.TYPE_SCREEN_SA_DAILYREPORTLIST|Integer|false|true
10:45:53.0 (6450663)|VARIABLE_SCOPE_BEGIN|[18]|auMainTopCompCtrl.TYPE_SCREEN_SA_DOCUMENTS|Integer|false|true
10:45:53.0 (6456224)|VARIABLE_SCOPE_BEGIN|[17]|auMainTopCompCtrl.TYPE_SCREEN_SA_ENQUETE|Integer|false|true
10:45:53.0 (6461885)|VARIABLE_SCOPE_BEGIN|[20]|auMainTopCompCtrl.TYPE_SCREEN_SA_LINKS|Integer|false|true
10:45:53.0 (6467833)|VARIABLE_SCOPE_BEGIN|[13]|auMainTopCompCtrl.TYPE_SCREEN_SA_MESSAGES|Integer|false|true
10:45:53.0 (6473489)|VARIABLE_SCOPE_BEGIN|[19]|auMainTopCompCtrl.TYPE_SCREEN_SA_RANKING|Integer|false|true
10:45:53.0 (6479355)|VARIABLE_SCOPE_BEGIN|[14]|auMainTopCompCtrl.TYPE_SCREEN_SA_REPORTS|Integer|false|true
10:45:53.0 (6485313)|VARIABLE_SCOPE_BEGIN|[23]|auMainTopCompCtrl.TYPE_SCREEN_SA_TODO|Integer|false|true
10:45:53.0 (6491714)|VARIABLE_SCOPE_BEGIN|[21]|auMainTopCompCtrl.TYPE_SCREEN_SA_USRSETTINGS|Integer|false|true
10:45:53.0 (6497713)|VARIABLE_SCOPE_BEGIN|[4]|auMainTopCompCtrl.TYPE_SCREEN_STPD_EVENT|Integer|false|true
10:45:53.0 (6504014)|VARIABLE_SCOPE_BEGIN|[6]|auMainTopCompCtrl.TYPE_SCREEN_STPD_SCREEN|Integer|false|true
10:45:53.0 (6510133)|VARIABLE_SCOPE_BEGIN|[5]|auMainTopCompCtrl.TYPE_SCREEN_STPD_TIMELINE|Integer|false|true
10:45:53.0 (6515977)|VARIABLE_SCOPE_BEGIN|[3]|auMainTopCompCtrl.TYPE_SCREEN_SWITCH|Integer|false|true
10:45:53.0 (7638637)|VF_DESERIALIZE_VIEWSTATE_END
10:45:53.0 (9773450)|SYSTEM_MODE_ENTER|true
10:45:53.0 (9990913)|HEAP_ALLOCATE|[EXTERNAL]|Bytes:284
10:45:53.0 (10003037)|HEAP_ALLOCATE|[EXTERNAL]|Bytes:146
10:45:53.0 (10016000)|METHOD_ENTRY|[1]|01pN0000000Mill|auMainTopCompCtrl.auMainTopCompCtrl()
10:45:53.0 (10022481)|STATEMENT_EXECUTE|[1]
10:45:53.0 (10028057)|STATEMENT_EXECUTE|[1]
10:45:53.0 (10029764)|STATEMENT_EXECUTE|[3]
10:45:53.0 (10036187)|HEAP_ALLOCATE|[3]|Bytes:4
10:45:53.0 (10061381)|VARIABLE_ASSIGNMENT|[3]|auMainTopCompCtrl.TYPE_SCREEN_SWITCH|0
10:45:53.0 (10066960)|STATEMENT_EXECUTE|[4]
10:45:53.0 (10069852)|HEAP_ALLOCATE|[4]|Bytes:4
10:45:53.0 (10077848)|VARIABLE_ASSIGNMENT|[4]|auMainTopCompCtrl.TYPE_SCREEN_STPD_EVENT|11
10:45:53.0 (10082551)|STATEMENT_EXECUTE|[5]
10:45:53.0 (10085391)|HEAP_ALLOCATE|[5]|Bytes:4
10:45:53.0 (10091691)|VARIABLE_ASSIGNMENT|[5]|auMainTopCompCtrl.TYPE_SCREEN_STPD_TIMELINE|12
10:45:53.0 (10095817)|STATEMENT_EXECUTE|[6]
10:45:53.0 (10097863)|HEAP_ALLOCATE|[6]|Bytes:4
10:45:53.0 (10104493)|VARIABLE_ASSIGNMENT|[6]|auMainTopCompCtrl.TYPE_SCREEN_STPD_SCREEN|13
10:45:53.0 (10108174)|STATEMENT_EXECUTE|[7]
10:45:53.0 (10110076)|HEAP_ALLOCATE|[7]|Bytes:4
10:45:53.0 (10115467)|VARIABLE_ASSIGNMENT|[7]|auMainTopCompCtrl.TYPE_SCREEN_CX_SCREEN|21
10:45:53.0 (10119411)|STATEMENT_EXECUTE|[8]
10:45:53.0 (10121235)|HEAP_ALLOCATE|[8]|Bytes:4
10:45:53.0 (10126649)|VARIABLE_ASSIGNMENT|[8]|auMainTopCompCtrl.TYPE_SCREEN_CX_TIMELINE|22
10:45:53.0 (10131016)|STATEMENT_EXECUTE|[9]
10:45:53.0 (10133249)|HEAP_ALLOCATE|[9]|Bytes:4
10:45:53.0 (10138405)|VARIABLE_ASSIGNMENT|[9]|auMainTopCompCtrl.TYPE_SCREEN_EVENT_SCHEDULE|31
10:45:53.0 (10142004)|STATEMENT_EXECUTE|[10]
10:45:53.0 (10144086)|HEAP_ALLOCATE|[10]|Bytes:4
10:45:53.0 (10149314)|VARIABLE_ASSIGNMENT|[10]|auMainTopCompCtrl.TYPE_SCREEN_EVENT_SCHEDULE_LIST|32
10:45:53.0 (10153323)|STATEMENT_EXECUTE|[11]
10:45:53.0 (10155263)|HEAP_ALLOCATE|[11]|Bytes:4
10:45:53.0 (10160837)|VARIABLE_ASSIGNMENT|[11]|auMainTopCompCtrl.TYPE_SCREEN_KNOWLEDGE_DASHBOARD|41
10:45:53.0 (10164760)|STATEMENT_EXECUTE|[12]
10:45:53.0 (10166894)|HEAP_ALLOCATE|[12]|Bytes:4
10:45:53.0 (10172784)|VARIABLE_ASSIGNMENT|[12]|auMainTopCompCtrl.TYPE_SCREEN_KNOWLEDGE_LIST|42
10:45:53.0 (10175955)|STATEMENT_EXECUTE|[13]
10:45:53.0 (10177806)|HEAP_ALLOCATE|[13]|Bytes:4
10:45:53.0 (10183564)|VARIABLE_ASSIGNMENT|[13]|auMainTopCompCtrl.TYPE_SCREEN_SA_MESSAGES|51
10:45:53.0 (10187248)|STATEMENT_EXECUTE|[14]
10:45:53.0 (10189056)|HEAP_ALLOCATE|[14]|Bytes:4
10:45:53.0 (10194599)|VARIABLE_ASSIGNMENT|[14]|auMainTopCompCtrl.TYPE_SCREEN_SA_REPORTS|52
10:45:53.0 (10198156)|STATEMENT_EXECUTE|[15]
10:45:53.0 (10199981)|HEAP_ALLOCATE|[15]|Bytes:4
10:45:53.0 (10209920)|VARIABLE_ASSIGNMENT|[15]|auMainTopCompCtrl.TYPE_SCREEN_SA_CHATTER|53
10:45:53.0 (10214071)|STATEMENT_EXECUTE|[16]
10:45:53.0 (10216581)|HEAP_ALLOCATE|[16]|Bytes:4
10:45:53.0 (10222188)|VARIABLE_ASSIGNMENT|[16]|auMainTopCompCtrl.TYPE_SCREEN_SA_DAILYREPORT|54
10:45:53.0 (10226097)|STATEMENT_EXECUTE|[17]
10:45:53.0 (10227982)|HEAP_ALLOCATE|[17]|Bytes:4
10:45:53.0 (10233803)|VARIABLE_ASSIGNMENT|[17]|auMainTopCompCtrl.TYPE_SCREEN_SA_ENQUETE|55
10:45:53.0 (10237681)|STATEMENT_EXECUTE|[18]
10:45:53.0 (10239597)|HEAP_ALLOCATE|[18]|Bytes:4
10:45:53.0 (10244955)|VARIABLE_ASSIGNMENT|[18]|auMainTopCompCtrl.TYPE_SCREEN_SA_DOCUMENTS|56
10:45:53.0 (10248212)|STATEMENT_EXECUTE|[19]
10:45:53.0 (10250105)|HEAP_ALLOCATE|[19]|Bytes:4
10:45:53.0 (10255773)|VARIABLE_ASSIGNMENT|[19]|auMainTopCompCtrl.TYPE_SCREEN_SA_RANKING|57
10:45:53.0 (10259556)|STATEMENT_EXECUTE|[20]
10:45:53.0 (10261820)|HEAP_ALLOCATE|[20]|Bytes:4
10:45:53.0 (10267225)|VARIABLE_ASSIGNMENT|[20]|auMainTopCompCtrl.TYPE_SCREEN_SA_LINKS|58
10:45:53.0 (10270767)|STATEMENT_EXECUTE|[21]
10:45:53.0 (10272718)|HEAP_ALLOCATE|[21]|Bytes:4
10:45:53.0 (10278504)|VARIABLE_ASSIGNMENT|[21]|auMainTopCompCtrl.TYPE_SCREEN_SA_USRSETTINGS|59
10:45:53.0 (10282092)|STATEMENT_EXECUTE|[22]
10:45:53.0 (10284002)|HEAP_ALLOCATE|[22]|Bytes:4
10:45:53.0 (10289372)|VARIABLE_ASSIGNMENT|[22]|auMainTopCompCtrl.TYPE_SCREEN_SA_DAILYREPORTLIST|60
10:45:53.0 (10292792)|STATEMENT_EXECUTE|[23]
10:45:53.0 (10294686)|HEAP_ALLOCATE|[23]|Bytes:4
10:45:53.0 (10302286)|VARIABLE_ASSIGNMENT|[23]|auMainTopCompCtrl.TYPE_SCREEN_SA_TODO|61
10:45:53.0 (10306305)|STATEMENT_EXECUTE|[24]
10:45:53.0 (10308246)|HEAP_ALLOCATE|[24]|Bytes:4
10:45:53.0 (10313413)|VARIABLE_ASSIGNMENT|[24]|auMainTopCompCtrl.TYPE_SCREEN_HONBU_DIRECT|71
10:45:53.0 (10317593)|STATEMENT_EXECUTE|[25]
10:45:53.0 (10319663)|HEAP_ALLOCATE|[25]|Bytes:4
10:45:53.0 (10324798)|VARIABLE_ASSIGNMENT|[25]|auMainTopCompCtrl.TYPE_SCREEN_ACCOUNT_LIST|81
10:45:53.0 (10328910)|STATEMENT_EXECUTE|[26]
10:45:53.0 (10330873)|HEAP_ALLOCATE|[26]|Bytes:4
10:45:53.0 (10335769)|VARIABLE_ASSIGNMENT|[26]|auMainTopCompCtrl.TYPE_SCREEN_ACTIVITY_LIST|82
10:45:53.0 (10340167)|STATEMENT_EXECUTE|[27]
10:45:53.0 (10342257)|HEAP_ALLOCATE|[27]|Bytes:4
10:45:53.0 (10347475)|VARIABLE_ASSIGNMENT|[27]|auMainTopCompCtrl.TYPE_SCREEN_FILE_LIST|83
10:45:53.0 (10355012)|METHOD_EXIT|[1]|auMainTopCompCtrl
10:45:53.0 (10361529)|HEAP_ALLOCATE|[EXTERNAL]|Bytes:40
10:45:53.0 (10369160)|VARIABLE_SCOPE_BEGIN|[80]|this|auMainTopCompCtrl|true|false
10:45:53.0 (10431378)|VARIABLE_ASSIGNMENT|[80]|this|{"currentUser":"0x22e1dc04","iTypeOfScreen":54,"urlReportsSFA":"https://cs6.lightnin (84 more) ..."}|0x657f1bb7
10:45:53.0 (10443839)|STATEMENT_EXECUTE|[80]
10:45:53.0 (10445489)|STATEMENT_EXECUTE|[81]
10:45:53.0 (10492202)|VARIABLE_ASSIGNMENT|[EXTERNAL]|this|{"currentUser":"0x22e1dc04","iTypeOfScreen":54,"urlReportsSFA":"https://cs6.lightnin (84 more) ..."}|0x657f1bb7
10:45:53.0 (10539251)|VARIABLE_ASSIGNMENT|[EXTERNAL]|this|{"currentUser":"0x22e1dc04","iTypeOfScreen":54,"urlReportsSFA":"https://cs6.lightnin (84 more) ..."}|0x657f1bb7
10:45:53.0 (10573579)|VARIABLE_ASSIGNMENT|[EXTERNAL]|this|{"currentUser":"0x22e1dc04","iTypeOfScreen":54,"urlReportsSFA":"https://cs6.lightnin (84 more) ..."}|0x657f1bb7
10:45:53.0 (10606653)|VARIABLE_ASSIGNMENT|[EXTERNAL]|this|{"currentUser":"0x22e1dc04","iTypeOfScreen":54,"urlReportsSFA":"https://cs6.lightnin (84 more) ..."}|0x657f1bb7
10:45:53.0 (10629461)|HEAP_ALLOCATE|[81]|Bytes:5
10:45:53.0 (10728986)|SYSTEM_MODE_ENTER|true
10:45:53.0 (10759473)|HEAP_ALLOCATE|[EXTERNAL]|Bytes:40
10:45:53.0 (10765675)|VARIABLE_SCOPE_BEGIN|[99]|this|auMainTopCompCtrl|true|false
10:45:53.0 (10796267)|VARIABLE_ASSIGNMENT|[99]|this|{"currentUser":"0x22e1dc04","iTypeOfScreen":54,"urlReportsSFA":"https://cs6.lightnin (84 more) ..."}|0x657f1bb7
10:45:53.0 (10806340)|STATEMENT_EXECUTE|[99]
10:45:53.0 (10808028)|STATEMENT_EXECUTE|[100]
10:45:53.0 (10838658)|VARIABLE_ASSIGNMENT|[EXTERNAL]|this|{"currentUser":"0x22e1dc04","iTypeOfScreen":54,"urlReportsSFA":"https://cs6.lightnin (84 more) ..."}|0x657f1bb7
10:45:53.0 (10852806)|HEAP_ALLOCATE|[100]|Bytes:5
10:45:53.0 (10932466)|SYSTEM_MODE_ENTER|true
10:45:53.0 (10954389)|HEAP_ALLOCATE|[EXTERNAL]|Bytes:40
10:45:53.0 (10965240)|VARIABLE_ASSIGNMENT|[EXTERNAL]|this.iCountComments|null|0x657f1bb7
10:45:53.0 (11006438)|SYSTEM_MODE_ENTER|true
10:45:53.0 (11018570)|HEAP_ALLOCATE|[EXTERNAL]|Bytes:40
10:45:53.0 (11026255)|VARIABLE_ASSIGNMENT|[EXTERNAL]|this.iCountLikes|null|0x657f1bb7
10:45:53.0 (11104423)|SYSTEM_MODE_ENTER|true
10:45:53.0 (11137313)|HEAP_ALLOCATE|[EXTERNAL]|Bytes:26
10:45:53.0 (11144742)|HEAP_ALLOCATE|[EXTERNAL]|Bytes:460
10:45:53.0 (11149475)|HEAP_ALLOCATE|[EXTERNAL]|Bytes:113
10:45:53.0 (11153422)|HEAP_ALLOCATE|[EXTERNAL]|Bytes:39
10:45:53.0 (11157172)|HEAP_ALLOCATE|[EXTERNAL]|Bytes:3
10:45:53.0 (11165822)|VARIABLE_ASSIGNMENT|[EXTERNAL]|saDailyReportCtrl.SOURCE|"src"
10:45:53.0 (11170508)|HEAP_ALLOCATE|[EXTERNAL]|Bytes:2
10:45:53.0 (11176052)|VARIABLE_ASSIGNMENT|[EXTERNAL]|saDailyReportCtrl.SOURCE_ID|"id"
10:45:53.0 (11184409)|METHOD_ENTRY|[1]|01pN0000000aE0W|saDailyReportCtrl.saDailyReportCtrl()
10:45:53.0 (11189604)|STATEMENT_EXECUTE|[1]
10:45:53.0 (11192603)|STATEMENT_EXECUTE|[1]
10:45:53.0 (11200064)|SYSTEM_MODE_ENTER|false
10:45:53.0 (11211994)|HEAP_ALLOCATE|[EXTERNAL]|Bytes:5
10:45:53.0 (11217163)|STATEMENT_EXECUTE|[651]
10:45:53.0 (11219512)|STATEMENT_EXECUTE|[678]
10:45:53.0 (11224300)|SYSTEM_MODE_EXIT|false
10:45:53.0 (11231994)|METHOD_EXIT|[1]|saDailyReportCtrl
10:45:53.0 (11237025)|HEAP_ALLOCATE|[EXTERNAL]|Bytes:76
10:45:53.0 (11241563)|VARIABLE_SCOPE_BEGIN|[92]|this|saDailyReportCtrl|true|false
10:45:53.0 (11580116)|VARIABLE_ASSIGNMENT|[92]|this|{"BusinessLocationName":"","currentInquiryReply":"0x524d6e0","currentInquiryReplyDetail":"0x189bd750","dailyReportId":"a0IN0000006RUllMAG","dCurrentDay":"2018-06-30T00:00:00Z","dCurrentMonth":"2018-07-01T00:00:00Z","iCurrentDay":0,"idBusinessLocation":"","isIPhone":false,"isPreview":true,"lsBusinessLocation":"0x343629bb","messageError":"","messageQuestion":"","mpQuestions":"0x645ef9b4","myUser":"0x47eea009","sourceOfTheCall":"preview"}|0xa0b4677
10:45:53.0 (11600008)|SYSTEM_MODE_ENTER|false
10:45:53.0 (11606867)|HEAP_ALLOCATE|[92]|Bytes:5
10:45:53.0 (11612273)|STATEMENT_EXECUTE|[92]
10:45:53.0 (11614123)|STATEMENT_EXECUTE|[92]
10:45:53.0 (11618948)|SYSTEM_MODE_EXIT|false
10:45:53.0 (11677984)|SYSTEM_MODE_ENTER|true
10:45:53.0 (11695404)|HEAP_ALLOCATE|[EXTERNAL]|Bytes:8
10:45:53.0 (11700122)|HEAP_ALLOCATE|[EXTERNAL]|Bytes:40
10:45:53.0 (11709005)|VARIABLE_ASSIGNMENT|[EXTERNAL]|this.iTypeOfScreen|54|0x657f1bb7
10:45:53.0 (11850544)|SYSTEM_MODE_ENTER|true
10:45:53.0 (11933644)|SYSTEM_MODE_ENTER|true
10:45:53.0 (12011268)|SYSTEM_MODE_ENTER|true
10:45:53.0 (12196497)|SYSTEM_MODE_ENTER|true
10:45:53.0 (13389971)|SYSTEM_MODE_ENTER|true
10:45:53.0 (15190565)|SYSTEM_MODE_ENTER|true
10:45:53.0 (15245868)|SYSTEM_MODE_ENTER|true
10:45:53.0 (15282842)|SYSTEM_MODE_ENTER|true
10:45:53.0 (15317737)|SYSTEM_MODE_ENTER|true
10:45:53.0 (15350501)|SYSTEM_MODE_ENTER|true
10:45:53.0 (15397515)|SYSTEM_MODE_ENTER|true
10:45:53.0 (15429813)|HEAP_ALLOCATE|[EXTERNAL]|Bytes:40
10:45:53.0 (15436916)|VARIABLE_SCOPE_BEGIN|[80]|this|auMainTopCompCtrl|true|false
10:45:53.0 (15473957)|VARIABLE_ASSIGNMENT|[80]|this|{"currentUser":"0x22e1dc04","iTypeOfScreen":54,"urlReportsSFA":"https://cs6.lightnin (84 more) ..."}|0x657f1bb7
10:45:53.0 (15483519)|STATEMENT_EXECUTE|[80]
10:45:53.0 (15485967)|STATEMENT_EXECUTE|[81]
10:45:53.0 (15515900)|VARIABLE_ASSIGNMENT|[EXTERNAL]|this|{"currentUser":"0x22e1dc04","iTypeOfScreen":54,"urlReportsSFA":"https://cs6.lightnin (84 more) ..."}|0x657f1bb7
10:45:53.0 (15550116)|VARIABLE_ASSIGNMENT|[EXTERNAL]|this|{"currentUser":"0x22e1dc04","iTypeOfScreen":54,"urlReportsSFA":"https://cs6.lightnin (84 more) ..."}|0x657f1bb7
10:45:53.0 (15580118)|VARIABLE_ASSIGNMENT|[EXTERNAL]|this|{"currentUser":"0x22e1dc04","iTypeOfScreen":54,"urlReportsSFA":"https://cs6.lightnin (84 more) ..."}|0x657f1bb7
10:45:53.0 (15613186)|VARIABLE_ASSIGNMENT|[EXTERNAL]|this|{"currentUser":"0x22e1dc04","iTypeOfScreen":54,"urlReportsSFA":"https://cs6.lightnin (84 more) ..."}|0x657f1bb7
10:45:53.0 (15626435)|HEAP_ALLOCATE|[81]|Bytes:5
10:45:53.0 (15673019)|SYSTEM_MODE_ENTER|true
10:45:53.0 (15700304)|HEAP_ALLOCATE|[EXTERNAL]|Bytes:40
10:45:53.0 (15706452)|VARIABLE_SCOPE_BEGIN|[99]|this|auMainTopCompCtrl|true|false
10:45:53.0 (15736015)|VARIABLE_ASSIGNMENT|[99]|this|{"currentUser":"0x22e1dc04","iTypeOfScreen":54,"urlReportsSFA":"https://cs6.lightnin (84 more) ..."}|0x657f1bb7
10:45:53.0 (15744875)|STATEMENT_EXECUTE|[99]
10:45:53.0 (15746621)|STATEMENT_EXECUTE|[100]
10:45:53.0 (15770766)|VARIABLE_ASSIGNMENT|[EXTERNAL]|this|{"currentUser":"0x22e1dc04","iTypeOfScreen":54,"urlReportsSFA":"https://cs6.lightnin (84 more) ..."}|0x657f1bb7
10:45:53.0 (15784149)|HEAP_ALLOCATE|[100]|Bytes:5
10:45:53.0 (18391569)|SYSTEM_MODE_ENTER|true
10:45:53.0 (18414505)|HEAP_ALLOCATE|[EXTERNAL]|Bytes:16
10:45:53.0 (18421014)|HEAP_ALLOCATE|[EXTERNAL]|Bytes:76
10:45:53.0 (18433650)|VARIABLE_ASSIGNMENT|[EXTERNAL]|this.messageError|"正しいデーターを入れてください。"|0xa0b4677
10:45:53.0 (18464547)|SYSTEM_MODE_ENTER|true
10:45:53.0 (18477329)|HEAP_ALLOCATE|[EXTERNAL]|Bytes:76
10:45:53.0 (18486063)|VARIABLE_ASSIGNMENT|[EXTERNAL]|this.messageQuestion|""|0xa0b4677
10:45:53.0 (18508856)|SYSTEM_MODE_ENTER|true
10:45:53.0 (18521914)|HEAP_ALLOCATE|[EXTERNAL]|Bytes:5
10:45:53.0 (18525953)|HEAP_ALLOCATE|[EXTERNAL]|Bytes:76
10:45:53.0 (18533656)|VARIABLE_ASSIGNMENT|[EXTERNAL]|this.isPreview|true|0xa0b4677
10:45:53.0 (18555071)|SYSTEM_MODE_ENTER|true
10:45:53.0 (18566112)|HEAP_ALLOCATE|[EXTERNAL]|Bytes:76
10:45:53.0 (18573402)|VARIABLE_ASSIGNMENT|[EXTERNAL]|this.idBusinessLocation|""|0xa0b4677
10:45:53.0 (18594713)|SYSTEM_MODE_ENTER|true
10:45:53.0 (18605878)|HEAP_ALLOCATE|[EXTERNAL]|Bytes:8
10:45:53.0 (18609622)|HEAP_ALLOCATE|[EXTERNAL]|Bytes:76
10:45:53.0 (18616162)|VARIABLE_ASSIGNMENT|[EXTERNAL]|this.iCurrentDay|0|0xa0b4677
10:45:53.0 (18691525)|SYSTEM_MODE_ENTER|true
10:45:53.0 (18704037)|HEAP_ALLOCATE|[EXTERNAL]|Bytes:40
10:45:53.0 (18712601)|VARIABLE_ASSIGNMENT|[EXTERNAL]|this.iCountComments|null|0x657f1bb7
10:45:53.0 (18741333)|SYSTEM_MODE_ENTER|true
10:45:53.0 (18750912)|HEAP_ALLOCATE|[EXTERNAL]|Bytes:40
10:45:53.0 (18757631)|VARIABLE_ASSIGNMENT|[EXTERNAL]|this.iCountLikes|null|0x657f1bb7
10:45:53.0 (18789718)|SYSTEM_MODE_ENTER|true
10:45:53.0 (18821475)|HEAP_ALLOCATE|[EXTERNAL]|Bytes:76
10:45:53.0 (18828264)|VARIABLE_SCOPE_BEGIN|[92]|this|saDailyReportCtrl|true|false
10:45:53.0 (19019361)|VARIABLE_ASSIGNMENT|[92]|this|{"BusinessLocationName":"","currentInquiryReply":"0x524d6e0","currentInquiryReplyDetail":"0x189bd750","dailyReportId":"a0IN0000006RUllMAG","dCurrentDay":"2018-06-30T00:00:00Z","dCurrentMonth":"2018-07-01T00:00:00Z","iCurrentDay":0,"idBusinessLocation":"","isIPhone":false,"isPreview":true,"lsBusinessLocation":"0x343629bb","messageError":"正しいデーターを入れてください。","messageQuestion":"","mpQuestions":"0x645ef9b4","myUser":"0x47eea009","sourceOfTheCall":"preview"}|0xa0b4677
10:45:53.0 (19039665)|SYSTEM_MODE_ENTER|false
10:45:53.0 (19046977)|HEAP_ALLOCATE|[92]|Bytes:5
10:45:53.0 (19052124)|STATEMENT_EXECUTE|[92]
10:45:53.0 (19053896)|STATEMENT_EXECUTE|[92]
10:45:53.0 (19057808)|SYSTEM_MODE_EXIT|false
10:45:53.0 (19098918)|SYSTEM_MODE_ENTER|true
10:45:53.0 (19112684)|HEAP_ALLOCATE|[EXTERNAL]|Bytes:8
10:45:53.0 (19117264)|HEAP_ALLOCATE|[EXTERNAL]|Bytes:40
10:45:53.0 (19125937)|VARIABLE_ASSIGNMENT|[EXTERNAL]|this.iTypeOfScreen|54|0x657f1bb7
10:45:53.0 (19266272)|SYSTEM_MODE_ENTER|true
10:45:53.0 (21529827)|HEAP_ALLOCATE|[EXTERNAL]|Bytes:76
10:45:53.0 (21540366)|VARIABLE_SCOPE_BEGIN|[199]|this|saDailyReportCtrl|true|false
10:45:53.0 (21710529)|VARIABLE_ASSIGNMENT|[199]|this|{"BusinessLocationName":"","currentInquiryReply":"0x524d6e0","currentInquiryReplyDetail":"0x189bd750","dailyReportId":"a0IN0000006RUllMAG","dCurrentDay":"2018-06-30T00:00:00Z","dCurrentMonth":"2018-07-01T00:00:00Z","iCurrentDay":0,"idBusinessLocation":"","isIPhone":false,"isPreview":true,"lsBusinessLocation":"0x343629bb","messageError":"正しいデーターを入れてください。","messageQuestion":"","mpQuestions":"0x645ef9b4","myUser":"0x47eea009","sourceOfTheCall":"preview"}|0xa0b4677
10:45:53.0 (21730701)|SYSTEM_MODE_ENTER|false
10:45:53.0 (21737823)|HEAP_ALLOCATE|[201]|Bytes:5
10:45:53.0 (21743730)|STATEMENT_EXECUTE|[199]
10:45:53.0 (21745730)|STATEMENT_EXECUTE|[201]
10:45:53.0 (21906045)|VARIABLE_ASSIGNMENT|[EXTERNAL]|this|{"BusinessLocationName":"","currentInquiryReply":"0x524d6e0","currentInquiryReplyDetail":"0x189bd750","dailyReportId":"a0IN0000006RUllMAG","dCurrentDay":"2018-06-30T00:00:00Z","dCurrentMonth":"2018-07-01T00:00:00Z","iCurrentDay":0,"idBusinessLocation":"","isIPhone":false,"isPreview":true,"lsBusinessLocation":"0x343629bb","messageError":"正しいデーターを入れてください。","messageQuestion":"","mpQuestions":"0x645ef9b4","myUser":"0x47eea009","sourceOfTheCall":"preview"}|0xa0b4677
10:45:53.0 (21922909)|VARIABLE_ASSIGNMENT|[EXTERNAL]|value|""
10:45:53.0 (21934951)|VARIABLE_ASSIGNMENT|[6]|this.messageError|""|0xa0b4677
10:45:53.0 (21946014)|STATEMENT_EXECUTE|[202]
10:45:53.0 (22089253)|VARIABLE_ASSIGNMENT|[EXTERNAL]|this|{"BusinessLocationName":"","currentInquiryReply":"0x524d6e0","currentInquiryReplyDetail":"0x189bd750","dailyReportId":"a0IN0000006RUllMAG","dCurrentDay":"2018-06-30T00:00:00Z","dCurrentMonth":"2018-07-01T00:00:00Z","iCurrentDay":0,"idBusinessLocation":"","isIPhone":false,"isPreview":true,"lsBusinessLocation":"0x343629bb","messageError":"","messageQuestion":"","mpQuestions":"0x645ef9b4","myUser":"0x47eea009","sourceOfTheCall":"preview"}|0xa0b4677
10:45:53.0 (22104537)|VARIABLE_ASSIGNMENT|[EXTERNAL]|value|""
10:45:53.0 (22113486)|VARIABLE_ASSIGNMENT|[7]|this.messageQuestion|""|0xa0b4677
10:45:53.0 (22122607)|STATEMENT_EXECUTE|[204]
10:45:53.0 (22124327)|STATEMENT_EXECUTE|[204]
10:45:53.0 (22126169)|STATEMENT_EXECUTE|[206]
10:45:53.0 (22324014)|VARIABLE_ASSIGNMENT|[EXTERNAL]|this|{"BusinessLocationName":"","currentInquiryReply":"0x524d6e0","currentInquiryReplyDetail":"0x189bd750","dailyReportId":"a0IN0000006RUllMAG","dCurrentDay":"2018-06-30T00:00:00Z","dCurrentMonth":"2018-07-01T00:00:00Z","iCurrentDay":0,"idBusinessLocation":"","isIPhone":false,"isPreview":true,"lsBusinessLocation":"0x343629bb","messageError":"","messageQuestion":"","mpQuestions":"0x645ef9b4","myUser":"0x47eea009","sourceOfTheCall":"preview"}|0xa0b4677
10:45:53.0 (22376885)|HEAP_ALLOCATE|[206]|Bytes:4
10:45:53.0 (22409538)|VARIABLE_ASSIGNMENT|[206]|this.dCurrentDay|"2018-06-30T00:00:00.000Z"|0xa0b4677
10:45:53.0 (22416392)|STATEMENT_EXECUTE|[208]
10:45:53.0 (22430721)|HEAP_ALLOCATE|[208]|Bytes:4
10:45:53.0 (22639726)|VARIABLE_ASSIGNMENT|[EXTERNAL]|this|{"BusinessLocationName":"","currentInquiryReply":"0x524d6e0","currentInquiryReplyDetail":"0x189bd750","dailyReportId":"a0IN0000006RUllMAG","dCurrentDay":"2018-06-30T00:00:00Z","dCurrentMonth":"2018-07-01T00:00:00Z","iCurrentDay":0,"idBusinessLocation":"","isIPhone":false,"isPreview":true,"lsBusinessLocation":"0x343629bb","messageError":"","messageQuestion":"","mpQuestions":"0x645ef9b4","myUser":"0x47eea009","sourceOfTheCall":"preview"}|0xa0b4677
10:45:53.0 (22655682)|HEAP_ALLOCATE|[EXTERNAL]|Bytes:4
10:45:53.0 (22667463)|VARIABLE_ASSIGNMENT|[EXTERNAL]|value|[]|0x26e9031a
10:45:53.0 (22679128)|VARIABLE_ASSIGNMENT|[22]|this.currentInquiryReplyDetail|[]|0xa0b4677
10:45:53.0 (22688527)|STATEMENT_EXECUTE|[209]
10:45:53.0 (22702434)|HEAP_ALLOCATE|[209]|Bytes:4
10:45:53.0 (22877266)|VARIABLE_ASSIGNMENT|[EXTERNAL]|this|{"BusinessLocationName":"","currentInquiryReply":"0x524d6e0","currentInquiryReplyDetail":"0x26e9031a","dailyReportId":"a0IN0000006RUllMAG","dCurrentDay":"2018-06-30T00:00:00Z","dCurrentMonth":"2018-07-01T00:00:00Z","iCurrentDay":0,"idBusinessLocation":"","isIPhone":false,"isPreview":true,"lsBusinessLocation":"0x343629bb","messageError":"","messageQuestion":"","mpQuestions":"0x645ef9b4","myUser":"0x47eea009","sourceOfTheCall":"preview"}|0xa0b4677
10:45:53.0 (22898257)|VARIABLE_ASSIGNMENT|[EXTERNAL]|value|{}|0x591de754
10:45:53.0 (22909726)|VARIABLE_ASSIGNMENT|[24]|this.mpQuestions|{}|0xa0b4677
10:45:53.0 (22919867)|STATEMENT_EXECUTE|[211]
10:45:53.0 (23058629)|VARIABLE_ASSIGNMENT|[EXTERNAL]|this|{"BusinessLocationName":"","currentInquiryReply":"0x524d6e0","currentInquiryReplyDetail":"0x26e9031a","dailyReportId":"a0IN0000006RUllMAG","dCurrentDay":"2018-06-30T00:00:00Z","dCurrentMonth":"2018-07-01T00:00:00Z","iCurrentDay":0,"idBusinessLocation":"","isIPhone":false,"isPreview":true,"lsBusinessLocation":"0x343629bb","messageError":"","messageQuestion":"","mpQuestions":"0x591de754","myUser":"0x47eea009","sourceOfTheCall":"preview"}|0xa0b4677
10:45:53.0 (23074623)|VARIABLE_ASSIGNMENT|[EXTERNAL]|value|""
10:45:53.0 (23083568)|VARIABLE_ASSIGNMENT|[23]|this.BusinessLocationName|""|0xa0b4677
10:45:53.0 (23095682)|HEAP_ALLOCATE|[212]|Bytes:81
10:45:53.0 (23111469)|HEAP_ALLOCATE|[212]|Bytes:4
10:45:53.0 (23119832)|HEAP_ALLOCATE|[212]|Bytes:7
10:45:53.0 (23263919)|VARIABLE_ASSIGNMENT|[EXTERNAL]|this|{"BusinessLocationName":"","currentInquiryReply":"0x524d6e0","currentInquiryReplyDetail":"0x26e9031a","dailyReportId":"a0IN0000006RUllMAG","dCurrentDay":"2018-06-30T00:00:00Z","dCurrentMonth":"2018-07-01T00:00:00Z","iCurrentDay":0,"idBusinessLocation":"","isIPhone":false,"isPreview":true,"lsBusinessLocation":"0x343629bb","messageError":"","messageQuestion":"","mpQuestions":"0x591de754","myUser":"0x47eea009","sourceOfTheCall":"preview"}|0xa0b4677
10:45:53.0 (23608983)|SOQL_EXECUTE_BEGIN|[212]|Aggregations:0|SELECT Id, BusinessLocationName__c FROM saBusinessLocation__c 
10:45:53.0 (24942002)|SOQL_EXECUTE_END|[212]|Rows:0
10:45:53.0 (25095181)|HEAP_ALLOCATE|[212]|Bytes:54
10:45:53.0 (25105641)|HEAP_ALLOCATE|[212]|Bytes:8
10:45:53.0 (25133816)|SYSTEM_METHOD_ENTRY|[7]|QueryLocatorIterator.QueryLocatorIterator()
10:45:53.0 (25138735)|STATEMENT_EXECUTE|[7]
10:45:53.0 (25145873)|SYSTEM_METHOD_EXIT|[7]|QueryLocatorIterator
10:45:53.0 (25153369)|HEAP_ALLOCATE|[212]|Bytes:28
10:45:53.0 (25168758)|HEAP_ALLOCATE|[212]|Bytes:8
10:45:53.0 (25172851)|HEAP_ALLOCATE|[212]|Bytes:8
10:45:53.0 (25177569)|VARIABLE_SCOPE_BEGIN|[15]|this|Database.QueryLocatorIterator|true|false
10:45:53.0 (25207210)|VARIABLE_ASSIGNMENT|[15]|this|{}|0x109ece4
10:45:53.0 (25215362)|VARIABLE_SCOPE_BEGIN|[15]|values|List<SObject>|true|false
10:45:53.0 (25223305)|VARIABLE_ASSIGNMENT|[15]|values|null|
10:45:53.0 (25228245)|VARIABLE_SCOPE_BEGIN|[15]|ql|Database.QueryLocator|true|false
10:45:53.0 (25247678)|VARIABLE_ASSIGNMENT|[15]|ql|{"query":"SELECT Id, BusinessL (61 more) ..."}|0x3414518a
10:45:53.0 (25254242)|VARIABLE_SCOPE_BEGIN|[15]|totalNumRecords|Integer|false|false
10:45:53.0 (25262186)|VARIABLE_ASSIGNMENT|[15]|totalNumRecords|0
10:45:53.0 (25266977)|VARIABLE_SCOPE_BEGIN|[15]|queryMoreSize|Integer|false|false
10:45:53.0 (25274169)|VARIABLE_ASSIGNMENT|[15]|queryMoreSize|50000
10:45:53.0 (25347710)|HEAP_ALLOCATE|[212]|Bytes:28
10:45:53.0 (25368315)|METHOD_ENTRY|[212]||Database.QueryLocatorIterator.hasNext()
10:45:53.0 (25387569)|METHOD_EXIT|[212]||Database.QueryLocatorIterator.hasNext()
10:45:53.0 (25421117)|VARIABLE_ASSIGNMENT|[212]|bl|null|
10:45:53.0 (25427973)|STATEMENT_EXECUTE|[212]
10:45:53.0 (25443634)|STATEMENT_EXECUTE|[219]
10:45:53.0 (25446845)|HEAP_ALLOCATE|[219]|Bytes:195
10:45:53.0 (25460080)|HEAP_ALLOCATE|[219]|Bytes:4
10:45:53.0 (25482061)|HEAP_ALLOCATE|[219]|Bytes:7
10:45:53.0 (25511665)|HEAP_ALLOCATE|[223]|Bytes:89
10:45:53.0 (25520247)|SYSTEM_METHOD_ENTRY|[1]|UserInfo.UserInfo()
10:45:53.0 (25523996)|STATEMENT_EXECUTE|[1]
10:45:53.0 (25528363)|SYSTEM_METHOD_EXIT|[1]|UserInfo
10:45:53.0 (25537653)|METHOD_ENTRY|[223]||System.UserInfo.getUserId()
10:45:53.0 (25572396)|METHOD_EXIT|[223]||System.UserInfo.getUserId()
10:45:53.0 (26048768)|SOQL_EXECUTE_BEGIN|[219]|Aggregations:0|SELECT Id, saBusinessLocation__c, Status__c, saInquiry__c, Comment__c FROM saInquiryReply__c WHERE (saInquiry__r.Type__c = 'DAILY_REPORT' AND DailyReportDate__c = :tmpVar1 AND User__c = :tmpVar2)
10:45:53.0 (32911225)|SOQL_EXECUTE_END|[219]|Rows:0
10:45:53.0 (32937346)|HEAP_ALLOCATE|[219]|Bytes:4
10:45:53.0 (32950478)|HEAP_ALLOCATE|[219]|Bytes:0
10:45:53.0 (33004008)|HEAP_ALLOCATE|[219]|Bytes:4
10:45:53.0 (33020347)|VARIABLE_SCOPE_BEGIN|[219]|lsInqRep|List<saInquiryReply__c>|true|false
10:45:53.0 (33038449)|VARIABLE_ASSIGNMENT|[219]|lsInqRep|[]|0x537731e5
10:45:53.0 (33096202)|STATEMENT_EXECUTE|[225]
10:45:53.0 (33098607)|STATEMENT_EXECUTE|[227]
10:45:53.0 (33102569)|HEAP_ALLOCATE|[227]|Bytes:207
10:45:53.0 (33116012)|HEAP_ALLOCATE|[227]|Bytes:4
10:45:53.0 (33328899)|VARIABLE_ASSIGNMENT|[EXTERNAL]|this|{"BusinessLocationName":"","currentInquiryReply":"0x524d6e0","currentInquiryReplyDetail":"0x26e9031a","dailyReportId":"a0IN0000006RUllMAG","dCurrentDay":"2018-06-30T00:00:00Z","dCurrentMonth":"2018-07-01T00:00:00Z","iCurrentDay":0,"idBusinessLocation":"","isIPhone":false,"isPreview":true,"lsBusinessLocation":"0x343629bb","messageError":"","messageQuestion":"","mpQuestions":"0x591de754","myUser":"0x47eea009","sourceOfTheCall":"preview"}|0xa0b4677
10:45:53.0 (33356950)|HEAP_ALLOCATE|[227]|Bytes:7
10:45:53.0 (33366950)|METHOD_ENTRY|[232]||System.UserInfo.getUserId()
10:45:53.0 (33389560)|METHOD_EXIT|[232]||System.UserInfo.getUserId()
10:45:53.0 (33736848)|SOQL_EXECUTE_BEGIN|[227]|Aggregations:0|SELECT Id, saBusinessLocation__c, Status__c FROM saInquiryReply__c WHERE (saInquiry__r.Type__c = 'DAILY_REPORT' AND DailyReportDate__c = :tmpVar1 AND saBusinessLocation__c = :tmpVar2 AND User__c != :tmpVar3)
10:45:53.0 (36505907)|SOQL_EXECUTE_END|[227]|Rows:0
10:45:53.0 (36528844)|HEAP_ALLOCATE|[227]|Bytes:4
10:45:53.0 (36542303)|HEAP_ALLOCATE|[227]|Bytes:0
10:45:53.0 (36565404)|HEAP_ALLOCATE|[227]|Bytes:4
10:45:53.0 (36576688)|VARIABLE_SCOPE_BEGIN|[227]|lsInqOtherPeople|List<saInquiryReply__c>|true|false
10:45:53.0 (36593512)|VARIABLE_ASSIGNMENT|[227]|lsInqOtherPeople|[]|0x650bf578
10:45:53.0 (36627090)|STATEMENT_EXECUTE|[234]
10:45:53.0 (36629620)|STATEMENT_EXECUTE|[240]
10:45:53.0 (36632216)|VARIABLE_SCOPE_BEGIN|[240]|lsTemplate|List<saInquiryReply__c>|true|false
10:45:53.0 (36642734)|VARIABLE_ASSIGNMENT|[240]|lsTemplate|null|
10:45:53.0 (36834298)|VARIABLE_ASSIGNMENT|[EXTERNAL]|this|{"BusinessLocationName":"","currentInquiryReply":"0x524d6e0","currentInquiryReplyDetail":"0x26e9031a","dailyReportId":"a0IN0000006RUllMAG","dCurrentDay":"2018-06-30T00:00:00Z","dCurrentMonth":"2018-07-01T00:00:00Z","iCurrentDay":0,"idBusinessLocation":"","isIPhone":false,"isPreview":true,"lsBusinessLocation":"0x343629bb","messageError":"","messageQuestion":"","mpQuestions":"0x591de754","myUser":"0x47eea009","sourceOfTheCall":"preview"}|0xa0b4677
10:45:53.0 (36856559)|STATEMENT_EXECUTE|[252]
10:45:53.0 (36858505)|STATEMENT_EXECUTE|[253]
10:45:53.0 (36862372)|HEAP_ALLOCATE|[253]|Bytes:393
10:45:53.0 (36877200)|HEAP_ALLOCATE|[253]|Bytes:4
10:45:53.0 (36909789)|METHOD_ENTRY|[259]||System.UserInfo.getUserId()
10:45:53.0 (36932738)|METHOD_EXIT|[259]||System.UserInfo.getUserId()
10:45:53.0 (37366509)|SOQL_EXECUTE_BEGIN|[253]|Aggregations:0|SELECT Id, saBusinessLocation__c, Status__c, saInquiry__c, Comment__c FROM saInquiryReply__c WHERE (saInquiry__r.Type__c = 'DAILY_REPORT' AND (saInquiry__r.ValidFrom__c = NULL OR saInquiry__r.ValidFrom__c <= :tmpVar1) AND (saInquiry__r.ValidTo__c = NULL OR saInquiry__r.ValidTo__c >= :tmpVar2) AND DailyReportDate__c = NULL AND User__c = :tmpVar3) ORDER BY CreatedDate DESC NULLS FIRST LIMIT 1
10:45:53.0 (41629021)|SOQL_EXECUTE_END|[253]|Rows:1
10:45:53.0 (41650297)|HEAP_ALLOCATE|[253]|Bytes:8
10:45:53.0 (41663592)|HEAP_ALLOCATE|[253]|Bytes:89
10:45:53.0 (41687520)|HEAP_ALLOCATE|[253]|Bytes:8
10:45:53.0 (41719229)|VARIABLE_ASSIGNMENT|[253]|lsTemplate|[{"Id":"a0KN0000007Kg4nMAC","Status__c":"WAITING_REPLY","saInquiry__c":"a0IN0000006RUllMAG"}]|0x41f8d15e
10:45:53.0 (41727171)|STATEMENT_EXECUTE|[264]
10:45:53.0 (41731169)|HEAP_ALLOCATE|[264]|Bytes:11
10:45:53.0 (41830254)|HEAP_ALLOCATE|[264]|Bytes:101
10:45:53.0 (41853574)|HEAP_ALLOCATE|[264]|Bytes:112
10:45:53.0 (41872779)|USER_DEBUG|[264]|DEBUG|Template : (saInquiryReply__c:{Id=a0KN0000007Kg4nMAC, Status__c=WAITING_REPLY, saInquiry__c=a0IN0000006RUllMAG})
10:45:53.0 (41900793)|STATEMENT_EXECUTE|[265]
10:45:53.0 (41902921)|STATEMENT_EXECUTE|[271]
10:45:53.0 (41914501)|HEAP_ALLOCATE|[271]|Bytes:16
10:45:53.0 (41940846)|VARIABLE_SCOPE_BEGIN|[271]|idInquiry|Id|false|false
10:45:53.0 (42025134)|VARIABLE_ASSIGNMENT|[271]|idInquiry|"a0IN0000006RUllMAG"
10:45:53.0 (42032435)|STATEMENT_EXECUTE|[272]
10:45:53.0 (42051418)|HEAP_ALLOCATE|[272]|Bytes:4
10:45:53.0 (42313141)|VARIABLE_ASSIGNMENT|[EXTERNAL]|this|{"BusinessLocationName":"","currentInquiryReply":"0x524d6e0","currentInquiryReplyDetail":"0x26e9031a","dailyReportId":"a0IN0000006RUllMAG","dCurrentDay":"2018-06-30T00:00:00Z","dCurrentMonth":"2018-07-01T00:00:00Z","iCurrentDay":0,"idBusinessLocation":"","isIPhone":false,"isPreview":true,"lsBusinessLocation":"0x343629bb","messageError":"","messageQuestion":"","mpQuestions":"0x591de754","myUser":"0x47eea009","sourceOfTheCall":"preview"}|0xa0b4677
10:45:53.0 (42333293)|VARIABLE_ASSIGNMENT|[EXTERNAL]|value|{}|0x19425e97
10:45:53.0 (42348880)|VARIABLE_ASSIGNMENT|[21]|this.currentInquiryReply|{}|0xa0b4677
10:45:53.0 (42361469)|STATEMENT_EXECUTE|[273]
10:45:53.0 (42509005)|VARIABLE_ASSIGNMENT|[EXTERNAL]|this|{"BusinessLocationName":"","currentInquiryReply":"0x19425e97","currentInquiryReplyDetail":"0x26e9031a","dailyReportId":"a0IN0000006RUllMAG","dCurrentDay":"2018-06-30T00:00:00Z","dCurrentMonth":"2018-07-01T00:00:00Z","iCurrentDay":0,"idBusinessLocation":"","isIPhone":false,"isPreview":true,"lsBusinessLocation":"0x343629bb","messageError":"","messageQuestion":"","mpQuestions":"0x591de754","myUser":"0x47eea009","sourceOfTheCall":"preview"}|0xa0b4677
10:45:53.0 (42597537)|VARIABLE_ASSIGNMENT|[273]|this.saInquiry__c|"a0IN0000006RUllMAG"|0x19425e97
10:45:53.0 (42761446)|VARIABLE_ASSIGNMENT|[EXTERNAL]|this|{"BusinessLocationName":"","currentInquiryReply":"0x19425e97","currentInquiryReplyDetail":"0x26e9031a","dailyReportId":"a0IN0000006RUllMAG","dCurrentDay":"2018-06-30T00:00:00Z","dCurrentMonth":"2018-07-01T00:00:00Z","iCurrentDay":0,"idBusinessLocation":"","isIPhone":false,"isPreview":true,"lsBusinessLocation":"0x343629bb","messageError":"","messageQuestion":"","mpQuestions":"0x591de754","myUser":"0x47eea009","sourceOfTheCall":"preview"}|0xa0b4677
10:45:53.0 (42781201)|STATEMENT_EXECUTE|[277]
10:45:53.0 (42783381)|STATEMENT_EXECUTE|[280]
10:45:53.0 (42790349)|METHOD_ENTRY|[280]||System.UserInfo.getUserId()
10:45:53.0 (42815563)|METHOD_EXIT|[280]||System.UserInfo.getUserId()
10:45:53.0 (42829817)|HEAP_ALLOCATE|[280]|Bytes:4
10:45:53.0 (42970795)|VARIABLE_ASSIGNMENT|[EXTERNAL]|this|{"BusinessLocationName":"","currentInquiryReply":"0x19425e97","currentInquiryReplyDetail":"0x26e9031a","dailyReportId":"a0IN0000006RUllMAG","dCurrentDay":"2018-06-30T00:00:00Z","dCurrentMonth":"2018-07-01T00:00:00Z","iCurrentDay":0,"idBusinessLocation":"","isIPhone":false,"isPreview":true,"lsBusinessLocation":"0x343629bb","messageError":"","messageQuestion":"","mpQuestions":"0x591de754","myUser":"0x47eea009","sourceOfTheCall":"preview"}|0xa0b4677
10:45:53.0 (43027309)|VARIABLE_ASSIGNMENT|[280]|this.User__c|"005N00000057PfOIAU"|0x19425e97
10:45:53.0 (43034763)|STATEMENT_EXECUTE|[281]
10:45:53.0 (43188629)|VARIABLE_ASSIGNMENT|[EXTERNAL]|this|{"BusinessLocationName":"","currentInquiryReply":"0x19425e97","currentInquiryReplyDetail":"0x26e9031a","dailyReportId":"a0IN0000006RUllMAG","dCurrentDay":"2018-06-30T00:00:00Z","dCurrentMonth":"2018-07-01T00:00:00Z","iCurrentDay":0,"idBusinessLocation":"","isIPhone":false,"isPreview":true,"lsBusinessLocation":"0x343629bb","messageError":"","messageQuestion":"","mpQuestions":"0x591de754","myUser":"0x47eea009","sourceOfTheCall":"preview"}|0xa0b4677
10:45:53.0 (43259688)|VARIABLE_ASSIGNMENT|[281]|this.DailyReportDate__c|"2018-06-30T00:00:00.000Z"|0x19425e97
10:45:53.0 (43266934)|STATEMENT_EXECUTE|[282]
10:45:53.0 (43270801)|HEAP_ALLOCATE|[282]|Bytes:13
10:45:53.0 (43428462)|VARIABLE_ASSIGNMENT|[EXTERNAL]|this|{"BusinessLocationName":"","currentInquiryReply":"0x19425e97","currentInquiryReplyDetail":"0x26e9031a","dailyReportId":"a0IN0000006RUllMAG","dCurrentDay":"2018-06-30T00:00:00Z","dCurrentMonth":"2018-07-01T00:00:00Z","iCurrentDay":0,"idBusinessLocation":"","isIPhone":false,"isPreview":true,"lsBusinessLocation":"0x343629bb","messageError":"","messageQuestion":"","mpQuestions":"0x591de754","myUser":"0x47eea009","sourceOfTheCall":"preview"}|0xa0b4677
10:45:53.0 (43475867)|VARIABLE_ASSIGNMENT|[282]|this.Status__c|"WAITING_REPLY"|0x19425e97
10:45:53.0 (43483168)|STATEMENT_EXECUTE|[283]
10:45:53.0 (43629140)|VARIABLE_ASSIGNMENT|[EXTERNAL]|this|{"BusinessLocationName":"","currentInquiryReply":"0x19425e97","currentInquiryReplyDetail":"0x26e9031a","dailyReportId":"a0IN0000006RUllMAG","dCurrentDay":"2018-06-30T00:00:00Z","dCurrentMonth":"2018-07-01T00:00:00Z","iCurrentDay":0,"idBusinessLocation":"","isIPhone":false,"isPreview":true,"lsBusinessLocation":"0x343629bb","messageError":"","messageQuestion":"","mpQuestions":"0x591de754","myUser":"0x47eea009","sourceOfTheCall":"preview"}|0xa0b4677
10:45:53.0 (43683674)|VARIABLE_ASSIGNMENT|[283]|this.Comment__c|""|0x19425e97
10:45:53.0 (43694054)|STATEMENT_EXECUTE|[285]
10:45:53.0 (43699123)|HEAP_ALLOCATE|[285]|Bytes:625
10:45:53.0 (43717642)|HEAP_ALLOCATE|[285]|Bytes:4
10:45:53.0 (44267939)|SOQL_EXECUTE_BEGIN|[285]|Aggregations:0|SELECT Id, QuestionLabel__c, AnswerType__c, NumberPossibleReplies__c, IsShortReply__c, SortNo__c, IsRequired__c, Reply01Label__c, Reply02Label__c, Reply03Label__c, Reply04Label__c, Reply05Label__c, Reply06Label__c, Reply07Label__c, Reply08Label__c, Reply09Label__c, Reply10Label__c, Reply11Label__c, Reply12Label__c, Reply13Label__c, Reply14Label__c, Reply15Label__c, Reply16Label__c, Reply17Label__c, Reply18Label__c, Reply19Label__c, Reply20Label__c, Reply21Label__c, Reply22Label__c, Reply23Label__c, Reply24Label__c, Reply25Label__c FROM saInquiryDetail__c WHERE saInquiry__c = :tmpVar1 ORDER BY SortNo__c ASC NULLS FIRST
10:45:53.0 (53736539)|SOQL_EXECUTE_END|[285]|Rows:1
10:45:53.0 (53775180)|HEAP_ALLOCATE|[285]|Bytes:8
10:45:53.0 (53805798)|HEAP_ALLOCATE|[285]|Bytes:282
10:45:53.0 (53856188)|HEAP_ALLOCATE|[285]|Bytes:8
10:45:53.0 (53877081)|VARIABLE_SCOPE_BEGIN|[285]|lsTmpQuest|List<saInquiryDetail__c>|true|false
10:45:53.0 (53926204)|VARIABLE_ASSIGNMENT|[285]|lsTmpQuest|[{"Id":"a0JN0000008h2r2MAA","QuestionLabel__c":"Works?","AnswerType__c":"CHECKBOX","NumberPossibleReplies__c":2,"IsShortReply__c":true,"SortNo__c":0,"IsRequired__c":false,"Reply01Label__c":"Yes!","Reply02Label__c":"No!"}]|0x5aacb380
10:45:53.0 (54089106)|HEAP_ALLOCATE|[295]|Bytes:5
10:45:53.0 (54111504)|HEAP_ALLOCATE|[295]|Bytes:40
10:45:53.0 (54121498)|VARIABLE_SCOPE_BEGIN|[295]|quest|saInquiryDetail__c|true|false
10:45:53.0 (54147958)|VARIABLE_ASSIGNMENT|[295]|quest|{"Id":"a0JN0000008h2r2MAA","QuestionLabel__c":"Works?","AnswerType__c":"CHECKBOX","NumberPossibleReplies__c":2,"IsShortReply__c":true,"SortNo__c":0,"IsRequired__c":false,"Reply01Label__c":"Yes!","Reply02Label__c":"No!"}|0xf7b485e
10:45:53.0 (54158235)|STATEMENT_EXECUTE|[295]
10:45:53.0 (54160750)|STATEMENT_EXECUTE|[296]
10:45:53.0 (54186228)|HEAP_ALLOCATE|[296]|Bytes:4
10:45:53.0 (54275619)|VARIABLE_SCOPE_BEGIN|[296]|questReply|saInquiryReplyDetail__c|true|false
10:45:53.0 (54291638)|VARIABLE_ASSIGNMENT|[296]|questReply|{}|0x3074da82
10:45:53.0 (54297709)|STATEMENT_EXECUTE|[297]
10:45:53.0 (54410729)|VARIABLE_ASSIGNMENT|[297]|this.saInquiryDetail__c|"a0JN0000008h2r2MAA"|0x3074da82
10:45:53.0 (54418516)|STATEMENT_EXECUTE|[298]
10:45:53.0 (54656379)|VARIABLE_ASSIGNMENT|[EXTERNAL]|this|{"BusinessLocationName":"","currentInquiryReply":"0x19425e97","currentInquiryReplyDetail":"0x26e9031a","dailyReportId":"a0IN0000006RUllMAG","dCurrentDay":"2018-06-30T00:00:00Z","dCurrentMonth":"2018-07-01T00:00:00Z","iCurrentDay":0,"idBusinessLocation":"","isIPhone":false,"isPreview":true,"lsBusinessLocation":"0x343629bb","messageError":"","messageQuestion":"","mpQuestions":"0x591de754","myUser":"0x47eea009","sourceOfTheCall":"preview"}|0xa0b4677
10:45:53.0 (54688846)|HEAP_ALLOCATE|[EXTERNAL]|Bytes:4
10:45:53.0 (54697062)|STATEMENT_EXECUTE|[299]
10:45:53.0 (54845661)|VARIABLE_ASSIGNMENT|[EXTERNAL]|this|{"BusinessLocationName":"","currentInquiryReply":"0x19425e97","currentInquiryReplyDetail":"0x26e9031a","dailyReportId":"a0IN0000006RUllMAG","dCurrentDay":"2018-06-30T00:00:00Z","dCurrentMonth":"2018-07-01T00:00:00Z","iCurrentDay":0,"idBusinessLocation":"","isIPhone":false,"isPreview":true,"lsBusinessLocation":"0x343629bb","messageError":"","messageQuestion":"","mpQuestions":"0x591de754","myUser":"0x47eea009","sourceOfTheCall":"preview"}|0xa0b4677
10:45:53.0 (54882636)|HEAP_ALLOCATE|[EXTERNAL]|Bytes:-4
10:45:53.0 (54899651)|HEAP_ALLOCATE|[295]|Bytes:5
10:45:53.0 (54913768)|VARIABLE_ASSIGNMENT|[295]|quest|null|
10:45:53.0 (54923873)|SYSTEM_MODE_EXIT|false
10:45:53.0 (71526141)|SYSTEM_MODE_ENTER|true
10:45:53.0 (71559168)|HEAP_ALLOCATE|[EXTERNAL]|Bytes:40
10:45:53.0 (71575807)|VARIABLE_ASSIGNMENT|[EXTERNAL]|this.iCountComments|null|0x657f1bb7
10:45:53.0 (71623572)|SYSTEM_MODE_ENTER|true
10:45:53.0 (71635848)|HEAP_ALLOCATE|[EXTERNAL]|Bytes:40
10:45:53.0 (71643841)|VARIABLE_ASSIGNMENT|[EXTERNAL]|this.iCountLikes|null|0x657f1bb7
10:45:53.0 (71711434)|SYSTEM_MODE_ENTER|true
10:45:53.0 (71756883)|HEAP_ALLOCATE|[EXTERNAL]|Bytes:76
10:45:53.0 (71765260)|VARIABLE_SCOPE_BEGIN|[92]|this|saDailyReportCtrl|true|false
10:45:53.0 (71984238)|VARIABLE_ASSIGNMENT|[92]|this|{"BusinessLocationName":"","currentInquiryReply":"0x19425e97","currentInquiryReplyDetail":"0x26e9031a","dailyReportId":"a0IN0000006RUllMAG","dCurrentDay":"2018-06-30T00:00:00Z","dCurrentMonth":"2018-07-01T00:00:00Z","iCurrentDay":0,"idBusinessLocation":"","isIPhone":false,"isPreview":true,"lsBusinessLocation":"0x343629bb","messageError":"","messageQuestion":"","mpQuestions":"0x591de754","myUser":"0x47eea009","sourceOfTheCall":"preview"}|0xa0b4677
10:45:53.0 (72005569)|SYSTEM_MODE_ENTER|false
10:45:53.0 (72014009)|HEAP_ALLOCATE|[92]|Bytes:5
10:45:53.0 (72019805)|STATEMENT_EXECUTE|[92]
10:45:53.0 (72022038)|STATEMENT_EXECUTE|[92]
10:45:53.0 (72027098)|SYSTEM_MODE_EXIT|false
10:45:53.0 (72073211)|SYSTEM_MODE_ENTER|true
10:45:53.0 (72089464)|HEAP_ALLOCATE|[EXTERNAL]|Bytes:8
10:45:53.0 (72094705)|HEAP_ALLOCATE|[EXTERNAL]|Bytes:40
10:45:53.0 (72104671)|VARIABLE_ASSIGNMENT|[EXTERNAL]|this.iTypeOfScreen|54|0x657f1bb7
10:45:53.0 (72171079)|SYSTEM_MODE_ENTER|true
10:45:53.0 (72208177)|HEAP_ALLOCATE|[EXTERNAL]|Bytes:40
10:45:53.0 (72214230)|VARIABLE_SCOPE_BEGIN|[80]|this|auMainTopCompCtrl|true|false
10:45:53.0 (72252925)|VARIABLE_ASSIGNMENT|[80]|this|{"currentUser":"0x22e1dc04","iTypeOfScreen":54,"urlReportsSFA":"https://cs6.lightnin (84 more) ..."}|0x657f1bb7
10:45:53.0 (72262209)|STATEMENT_EXECUTE|[80]
10:45:53.0 (72264030)|STATEMENT_EXECUTE|[81]
10:45:53.0 (72296378)|VARIABLE_ASSIGNMENT|[EXTERNAL]|this|{"currentUser":"0x22e1dc04","iTypeOfScreen":54,"urlReportsSFA":"https://cs6.lightnin (84 more) ..."}|0x657f1bb7
10:45:53.0 (72332735)|VARIABLE_ASSIGNMENT|[EXTERNAL]|this|{"currentUser":"0x22e1dc04","iTypeOfScreen":54,"urlReportsSFA":"https://cs6.lightnin (84 more) ..."}|0x657f1bb7
10:45:53.0 (72363930)|VARIABLE_ASSIGNMENT|[EXTERNAL]|this|{"currentUser":"0x22e1dc04","iTypeOfScreen":54,"urlReportsSFA":"https://cs6.lightnin (84 more) ..."}|0x657f1bb7
10:45:53.0 (72393958)|VARIABLE_ASSIGNMENT|[EXTERNAL]|this|{"currentUser":"0x22e1dc04","iTypeOfScreen":54,"urlReportsSFA":"https://cs6.lightnin (84 more) ..."}|0x657f1bb7
10:45:53.0 (72407396)|HEAP_ALLOCATE|[81]|Bytes:5
10:45:53.0 (72470775)|SYSTEM_MODE_ENTER|true
10:45:53.0 (72499288)|HEAP_ALLOCATE|[EXTERNAL]|Bytes:40
10:45:53.0 (72505681)|VARIABLE_SCOPE_BEGIN|[99]|this|auMainTopCompCtrl|true|false
10:45:53.0 (72534798)|VARIABLE_ASSIGNMENT|[99]|this|{"currentUser":"0x22e1dc04","iTypeOfScreen":54,"urlReportsSFA":"https://cs6.lightnin (84 more) ..."}|0x657f1bb7
10:45:53.0 (72543990)|STATEMENT_EXECUTE|[99]
10:45:53.0 (72545803)|STATEMENT_EXECUTE|[100]
10:45:53.0 (72571633)|VARIABLE_ASSIGNMENT|[EXTERNAL]|this|{"currentUser":"0x22e1dc04","iTypeOfScreen":54,"urlReportsSFA":"https://cs6.lightnin (84 more) ..."}|0x657f1bb7
10:45:53.0 (72584724)|HEAP_ALLOCATE|[100]|Bytes:5
10:45:53.0 (72662660)|SYSTEM_MODE_ENTER|true
10:45:53.0 (72753859)|SYSTEM_MODE_ENTER|true
10:45:53.0 (72854911)|SYSTEM_MODE_ENTER|true
10:45:53.0 (73031290)|SYSTEM_MODE_ENTER|true
10:45:53.0 (75384871)|SYSTEM_MODE_ENTER|true
10:45:53.0 (75467736)|SYSTEM_MODE_ENTER|true
10:45:53.0 (76108826)|SYSTEM_MODE_ENTER|true
10:45:53.0 (76145317)|HEAP_ALLOCATE|[EXTERNAL]|Bytes:76
10:45:53.0 (76153460)|VARIABLE_SCOPE_BEGIN|[141]|this|saDailyReportCtrl|true|false
10:45:53.0 (76331531)|VARIABLE_ASSIGNMENT|[141]|this|{"BusinessLocationName":"","currentInquiryReply":"0x19425e97","currentInquiryReplyDetail":"0x26e9031a","dailyReportId":"a0IN0000006RUllMAG","dCurrentDay":"2018-06-30T00:00:00Z","dCurrentMonth":"2018-07-01T00:00:00Z","iCurrentDay":0,"idBusinessLocation":"","isIPhone":false,"isPreview":true,"lsBusinessLocation":"0x343629bb","messageError":"","messageQuestion":"","mpQuestions":"0x591de754","myUser":"0x47eea009","sourceOfTheCall":"preview"}|0xa0b4677
10:45:53.0 (76351665)|SYSTEM_MODE_ENTER|false
10:45:53.0 (76358881)|HEAP_ALLOCATE|[142]|Bytes:5
10:45:53.0 (76364659)|STATEMENT_EXECUTE|[141]
10:45:53.0 (76366680)|STATEMENT_EXECUTE|[142]
10:45:53.0 (76432432)|HEAP_ALLOCATE|[142]|Bytes:4
10:45:53.0 (76443505)|HEAP_ALLOCATE|[142]|Bytes:1
10:45:53.0 (76464042)|HEAP_ALLOCATE|[142]|Bytes:1
10:45:53.0 (76473096)|HEAP_ALLOCATE|[142]|Bytes:1
10:45:53.0 (76498389)|HEAP_ALLOCATE|[142]|Bytes:2
10:45:53.0 (76513757)|HEAP_ALLOCATE|[142]|Bytes:9
10:45:53.0 (76520079)|HEAP_ALLOCATE|[142]|Bytes:10
10:45:53.0 (76525803)|SYSTEM_MODE_EXIT|false
10:45:53.0 (76703841)|SYSTEM_MODE_ENTER|true
10:45:53.0 (77122536)|SYSTEM_MODE_ENTER|true
10:45:53.0 (90567817)|VF_SERIALIZE_VIEWSTATE_BEGIN|066N0000000M4pW
10:45:53.0 (94317702)|VF_SERIALIZE_VIEWSTATE_END
10:45:53.97 (97442343)|CUMULATIVE_LIMIT_USAGE
10:45:53.97 (97442343)|LIMIT_USAGE_FOR_NS|(default)|
  Number of SOQL queries: 5 out of 100
  Number of query rows: 2 out of 50000
  Number of SOSL queries: 0 out of 20
  Number of DML statements: 0 out of 150
  Number of DML rows: 0 out of 10000
  Maximum CPU time: 0 out of 10000
  Maximum heap size: 0 out of 6000000
  Number of callouts: 0 out of 100
  Number of Email Invocations: 0 out of 10
  Number of future calls: 0 out of 50
  Number of queueable jobs added to the queue: 0 out of 50
  Number of Mobile Apex push calls: 0 out of 10

10:45:53.97 (97442343)|CUMULATIVE_LIMIT_USAGE_END

10:45:53.0 (97483411)|CODE_UNIT_FINISHED|VF: /apex/sadailyreport
10:45:53.0 (98165236)|EXECUTION_FINISHED
