42.0 APEX_CODE,FINEST;APEX_PROFILING,INFO;CALLOUT,INFO;DB,INFO;NBA,INFO;SYSTEM,DEBUG;VALIDATION,INFO;VISUALFORCE,INFO;WAVE,INFO;WORKFLOW,INFO
11:03:46.0 (81625)|USER_INFO|[EXTERNAL]|005N00000057PfO|thomas.remy+kddi_gwdev01@globalway.co.jp|Japan Standard Time|GMT+09:00
11:03:46.0 (118130)|EXECUTION_STARTED
11:03:46.0 (123137)|CODE_UNIT_STARTED|[EXTERNAL]|066N0000000M4pW|VF: /apex/sadailyreport
11:03:46.0 (276813)|VF_DESERIALIZE_VIEWSTATE_BEGIN|066N0000000M4pW
11:03:46.0 (3574018)|HEAP_ALLOCATE|[72]|Bytes:3
11:03:46.0 (3612702)|HEAP_ALLOCATE|[77]|Bytes:152
11:03:46.0 (3631246)|HEAP_ALLOCATE|[342]|Bytes:408
11:03:46.0 (3650601)|HEAP_ALLOCATE|[355]|Bytes:408
11:03:46.0 (3669349)|HEAP_ALLOCATE|[467]|Bytes:48
11:03:46.0 (3696678)|HEAP_ALLOCATE|[139]|Bytes:6
11:03:46.0 (4663056)|HEAP_ALLOCATE|[50]|Bytes:5
11:03:46.0 (4691667)|HEAP_ALLOCATE|[56]|Bytes:5
11:03:46.0 (4701488)|HEAP_ALLOCATE|[64]|Bytes:7
11:03:46.0 (5507994)|VARIABLE_SCOPE_BEGIN|[3]|saDailyReportCtrl.SOURCE|String|false|true
11:03:46.0 (5520347)|VARIABLE_SCOPE_BEGIN|[4]|saDailyReportCtrl.SOURCE_ID|String|false|true
11:03:46.0 (6555336)|VARIABLE_SCOPE_BEGIN|[25]|auMainTopCompCtrl.TYPE_SCREEN_ACCOUNT_LIST|Integer|false|true
11:03:46.0 (6567100)|VARIABLE_SCOPE_BEGIN|[26]|auMainTopCompCtrl.TYPE_SCREEN_ACTIVITY_LIST|Integer|false|true
11:03:46.0 (6573360)|VARIABLE_SCOPE_BEGIN|[7]|auMainTopCompCtrl.TYPE_SCREEN_CX_SCREEN|Integer|false|true
11:03:46.0 (6579563)|VARIABLE_SCOPE_BEGIN|[8]|auMainTopCompCtrl.TYPE_SCREEN_CX_TIMELINE|Integer|false|true
11:03:46.0 (6585921)|VARIABLE_SCOPE_BEGIN|[9]|auMainTopCompCtrl.TYPE_SCREEN_EVENT_SCHEDULE|Integer|false|true
11:03:46.0 (6592384)|VARIABLE_SCOPE_BEGIN|[10]|auMainTopCompCtrl.TYPE_SCREEN_EVENT_SCHEDULE_LIST|Integer|false|true
11:03:46.0 (6599092)|VARIABLE_SCOPE_BEGIN|[27]|auMainTopCompCtrl.TYPE_SCREEN_FILE_LIST|Integer|false|true
11:03:46.0 (6604720)|VARIABLE_SCOPE_BEGIN|[24]|auMainTopCompCtrl.TYPE_SCREEN_HONBU_DIRECT|Integer|false|true
11:03:46.0 (6610311)|VARIABLE_SCOPE_BEGIN|[11]|auMainTopCompCtrl.TYPE_SCREEN_KNOWLEDGE_DASHBOARD|Integer|false|true
11:03:46.0 (6615794)|VARIABLE_SCOPE_BEGIN|[12]|auMainTopCompCtrl.TYPE_SCREEN_KNOWLEDGE_LIST|Integer|false|true
11:03:46.0 (6621861)|VARIABLE_SCOPE_BEGIN|[15]|auMainTopCompCtrl.TYPE_SCREEN_SA_CHATTER|Integer|false|true
11:03:46.0 (6627808)|VARIABLE_SCOPE_BEGIN|[16]|auMainTopCompCtrl.TYPE_SCREEN_SA_DAILYREPORT|Integer|false|true
11:03:46.0 (6633431)|VARIABLE_SCOPE_BEGIN|[22]|auMainTopCompCtrl.TYPE_SCREEN_SA_DAILYREPORTLIST|Integer|false|true
11:03:46.0 (6639505)|VARIABLE_SCOPE_BEGIN|[18]|auMainTopCompCtrl.TYPE_SCREEN_SA_DOCUMENTS|Integer|false|true
11:03:46.0 (6645225)|VARIABLE_SCOPE_BEGIN|[17]|auMainTopCompCtrl.TYPE_SCREEN_SA_ENQUETE|Integer|false|true
11:03:46.0 (6651353)|VARIABLE_SCOPE_BEGIN|[20]|auMainTopCompCtrl.TYPE_SCREEN_SA_LINKS|Integer|false|true
11:03:46.0 (6657497)|VARIABLE_SCOPE_BEGIN|[13]|auMainTopCompCtrl.TYPE_SCREEN_SA_MESSAGES|Integer|false|true
11:03:46.0 (6663636)|VARIABLE_SCOPE_BEGIN|[19]|auMainTopCompCtrl.TYPE_SCREEN_SA_RANKING|Integer|false|true
11:03:46.0 (6669322)|VARIABLE_SCOPE_BEGIN|[14]|auMainTopCompCtrl.TYPE_SCREEN_SA_REPORTS|Integer|false|true
11:03:46.0 (6675353)|VARIABLE_SCOPE_BEGIN|[23]|auMainTopCompCtrl.TYPE_SCREEN_SA_TODO|Integer|false|true
11:03:46.0 (6681419)|VARIABLE_SCOPE_BEGIN|[21]|auMainTopCompCtrl.TYPE_SCREEN_SA_USRSETTINGS|Integer|false|true
11:03:46.0 (6687252)|VARIABLE_SCOPE_BEGIN|[4]|auMainTopCompCtrl.TYPE_SCREEN_STPD_EVENT|Integer|false|true
11:03:46.0 (6693513)|VARIABLE_SCOPE_BEGIN|[6]|auMainTopCompCtrl.TYPE_SCREEN_STPD_SCREEN|Integer|false|true
11:03:46.0 (6699701)|VARIABLE_SCOPE_BEGIN|[5]|auMainTopCompCtrl.TYPE_SCREEN_STPD_TIMELINE|Integer|false|true
11:03:46.0 (6706060)|VARIABLE_SCOPE_BEGIN|[3]|auMainTopCompCtrl.TYPE_SCREEN_SWITCH|Integer|false|true
11:03:46.0 (7863968)|VF_DESERIALIZE_VIEWSTATE_END
11:03:46.0 (10291102)|SYSTEM_MODE_ENTER|true
11:03:46.0 (10601888)|HEAP_ALLOCATE|[EXTERNAL]|Bytes:284
11:03:46.0 (10615303)|HEAP_ALLOCATE|[EXTERNAL]|Bytes:150
11:03:46.0 (10629011)|METHOD_ENTRY|[1]|01pN0000000Mill|auMainTopCompCtrl.auMainTopCompCtrl()
11:03:46.0 (10635567)|STATEMENT_EXECUTE|[1]
11:03:46.0 (10641448)|STATEMENT_EXECUTE|[1]
11:03:46.0 (10643446)|STATEMENT_EXECUTE|[3]
11:03:46.0 (10649350)|HEAP_ALLOCATE|[3]|Bytes:4
11:03:46.0 (10674812)|VARIABLE_ASSIGNMENT|[3]|auMainTopCompCtrl.TYPE_SCREEN_SWITCH|0
11:03:46.0 (10681442)|STATEMENT_EXECUTE|[4]
11:03:46.0 (10684225)|HEAP_ALLOCATE|[4]|Bytes:4
11:03:46.0 (10692082)|VARIABLE_ASSIGNMENT|[4]|auMainTopCompCtrl.TYPE_SCREEN_STPD_EVENT|11
11:03:46.0 (10696364)|STATEMENT_EXECUTE|[5]
11:03:46.0 (10699059)|HEAP_ALLOCATE|[5]|Bytes:4
11:03:46.0 (10705734)|VARIABLE_ASSIGNMENT|[5]|auMainTopCompCtrl.TYPE_SCREEN_STPD_TIMELINE|12
11:03:46.0 (10709587)|STATEMENT_EXECUTE|[6]
11:03:46.0 (10711378)|HEAP_ALLOCATE|[6]|Bytes:4
11:03:46.0 (10717655)|VARIABLE_ASSIGNMENT|[6]|auMainTopCompCtrl.TYPE_SCREEN_STPD_SCREEN|13
11:03:46.0 (10721881)|STATEMENT_EXECUTE|[7]
11:03:46.0 (10723819)|HEAP_ALLOCATE|[7]|Bytes:4
11:03:46.0 (10729933)|VARIABLE_ASSIGNMENT|[7]|auMainTopCompCtrl.TYPE_SCREEN_CX_SCREEN|21
11:03:46.0 (10733979)|STATEMENT_EXECUTE|[8]
11:03:46.0 (10736210)|HEAP_ALLOCATE|[8]|Bytes:4
11:03:46.0 (10741275)|VARIABLE_ASSIGNMENT|[8]|auMainTopCompCtrl.TYPE_SCREEN_CX_TIMELINE|22
11:03:46.0 (10744865)|STATEMENT_EXECUTE|[9]
11:03:46.0 (10746945)|HEAP_ALLOCATE|[9]|Bytes:4
11:03:46.0 (10752234)|VARIABLE_ASSIGNMENT|[9]|auMainTopCompCtrl.TYPE_SCREEN_EVENT_SCHEDULE|31
11:03:46.0 (10756484)|STATEMENT_EXECUTE|[10]
11:03:46.0 (10758515)|HEAP_ALLOCATE|[10]|Bytes:4
11:03:46.0 (10763970)|VARIABLE_ASSIGNMENT|[10]|auMainTopCompCtrl.TYPE_SCREEN_EVENT_SCHEDULE_LIST|32
11:03:46.0 (10767544)|STATEMENT_EXECUTE|[11]
11:03:46.0 (10769705)|HEAP_ALLOCATE|[11]|Bytes:4
11:03:46.0 (10775321)|VARIABLE_ASSIGNMENT|[11]|auMainTopCompCtrl.TYPE_SCREEN_KNOWLEDGE_DASHBOARD|41
11:03:46.0 (10779058)|STATEMENT_EXECUTE|[12]
11:03:46.0 (10781005)|HEAP_ALLOCATE|[12]|Bytes:4
11:03:46.0 (10786771)|VARIABLE_ASSIGNMENT|[12]|auMainTopCompCtrl.TYPE_SCREEN_KNOWLEDGE_LIST|42
11:03:46.0 (10790671)|STATEMENT_EXECUTE|[13]
11:03:46.0 (10792538)|HEAP_ALLOCATE|[13]|Bytes:4
11:03:46.0 (10798877)|VARIABLE_ASSIGNMENT|[13]|auMainTopCompCtrl.TYPE_SCREEN_SA_MESSAGES|51
11:03:46.0 (10802696)|STATEMENT_EXECUTE|[14]
11:03:46.0 (10804525)|HEAP_ALLOCATE|[14]|Bytes:4
11:03:46.0 (10810332)|VARIABLE_ASSIGNMENT|[14]|auMainTopCompCtrl.TYPE_SCREEN_SA_REPORTS|52
11:03:46.0 (10813998)|STATEMENT_EXECUTE|[15]
11:03:46.0 (10815830)|HEAP_ALLOCATE|[15]|Bytes:4
11:03:46.0 (10821833)|VARIABLE_ASSIGNMENT|[15]|auMainTopCompCtrl.TYPE_SCREEN_SA_CHATTER|53
11:03:46.0 (10825671)|STATEMENT_EXECUTE|[16]
11:03:46.0 (10828024)|HEAP_ALLOCATE|[16]|Bytes:4
11:03:46.0 (10833909)|VARIABLE_ASSIGNMENT|[16]|auMainTopCompCtrl.TYPE_SCREEN_SA_DAILYREPORT|54
11:03:46.0 (10837540)|STATEMENT_EXECUTE|[17]
11:03:46.0 (10839437)|HEAP_ALLOCATE|[17]|Bytes:4
11:03:46.0 (10844984)|VARIABLE_ASSIGNMENT|[17]|auMainTopCompCtrl.TYPE_SCREEN_SA_ENQUETE|55
11:03:46.0 (10848398)|STATEMENT_EXECUTE|[18]
11:03:46.0 (10850311)|HEAP_ALLOCATE|[18]|Bytes:4
11:03:46.0 (10856033)|VARIABLE_ASSIGNMENT|[18]|auMainTopCompCtrl.TYPE_SCREEN_SA_DOCUMENTS|56
11:03:46.0 (10860011)|STATEMENT_EXECUTE|[19]
11:03:46.0 (10861862)|HEAP_ALLOCATE|[19]|Bytes:4
11:03:46.0 (10867918)|VARIABLE_ASSIGNMENT|[19]|auMainTopCompCtrl.TYPE_SCREEN_SA_RANKING|57
11:03:46.0 (10871406)|STATEMENT_EXECUTE|[20]
11:03:46.0 (10873330)|HEAP_ALLOCATE|[20]|Bytes:4
11:03:46.0 (10878897)|VARIABLE_ASSIGNMENT|[20]|auMainTopCompCtrl.TYPE_SCREEN_SA_LINKS|58
11:03:46.0 (10883033)|STATEMENT_EXECUTE|[21]
11:03:46.0 (10884940)|HEAP_ALLOCATE|[21]|Bytes:4
11:03:46.0 (10891476)|VARIABLE_ASSIGNMENT|[21]|auMainTopCompCtrl.TYPE_SCREEN_SA_USRSETTINGS|59
11:03:46.0 (10895203)|STATEMENT_EXECUTE|[22]
11:03:46.0 (10897048)|HEAP_ALLOCATE|[22]|Bytes:4
11:03:46.0 (10902933)|VARIABLE_ASSIGNMENT|[22]|auMainTopCompCtrl.TYPE_SCREEN_SA_DAILYREPORTLIST|60
11:03:46.0 (10906954)|STATEMENT_EXECUTE|[23]
11:03:46.0 (10908953)|HEAP_ALLOCATE|[23]|Bytes:4
11:03:46.0 (10916391)|VARIABLE_ASSIGNMENT|[23]|auMainTopCompCtrl.TYPE_SCREEN_SA_TODO|61
11:03:46.0 (10920669)|STATEMENT_EXECUTE|[24]
11:03:46.0 (10922800)|HEAP_ALLOCATE|[24]|Bytes:4
11:03:46.0 (10928355)|VARIABLE_ASSIGNMENT|[24]|auMainTopCompCtrl.TYPE_SCREEN_HONBU_DIRECT|71
11:03:46.0 (10932345)|STATEMENT_EXECUTE|[25]
11:03:46.0 (10934500)|HEAP_ALLOCATE|[25]|Bytes:4
11:03:46.0 (10939707)|VARIABLE_ASSIGNMENT|[25]|auMainTopCompCtrl.TYPE_SCREEN_ACCOUNT_LIST|81
11:03:46.0 (10943517)|STATEMENT_EXECUTE|[26]
11:03:46.0 (10945314)|HEAP_ALLOCATE|[26]|Bytes:4
11:03:46.0 (10950093)|VARIABLE_ASSIGNMENT|[26]|auMainTopCompCtrl.TYPE_SCREEN_ACTIVITY_LIST|82
11:03:46.0 (10953591)|STATEMENT_EXECUTE|[27]
11:03:46.0 (10955686)|HEAP_ALLOCATE|[27]|Bytes:4
11:03:46.0 (10961694)|VARIABLE_ASSIGNMENT|[27]|auMainTopCompCtrl.TYPE_SCREEN_FILE_LIST|83
11:03:46.0 (10969988)|METHOD_EXIT|[1]|auMainTopCompCtrl
11:03:46.0 (10976775)|HEAP_ALLOCATE|[EXTERNAL]|Bytes:40
11:03:46.0 (10984605)|VARIABLE_SCOPE_BEGIN|[80]|this|auMainTopCompCtrl|true|false
11:03:46.0 (11050584)|VARIABLE_ASSIGNMENT|[80]|this|{"currentUser":"0x1191cf80","iTypeOfScreen":54,"urlReportsSFA":"https://cs6.lightnin (84 more) ..."}|0xb49fa3c
11:03:46.0 (11064209)|STATEMENT_EXECUTE|[80]
11:03:46.0 (11065976)|STATEMENT_EXECUTE|[81]
11:03:46.0 (11120025)|VARIABLE_ASSIGNMENT|[EXTERNAL]|this|{"currentUser":"0x1191cf80","iTypeOfScreen":54,"urlReportsSFA":"https://cs6.lightnin (84 more) ..."}|0xb49fa3c
11:03:46.0 (11168317)|VARIABLE_ASSIGNMENT|[EXTERNAL]|this|{"currentUser":"0x1191cf80","iTypeOfScreen":54,"urlReportsSFA":"https://cs6.lightnin (84 more) ..."}|0xb49fa3c
11:03:46.0 (11205433)|VARIABLE_ASSIGNMENT|[EXTERNAL]|this|{"currentUser":"0x1191cf80","iTypeOfScreen":54,"urlReportsSFA":"https://cs6.lightnin (84 more) ..."}|0xb49fa3c
11:03:46.0 (11242215)|VARIABLE_ASSIGNMENT|[EXTERNAL]|this|{"currentUser":"0x1191cf80","iTypeOfScreen":54,"urlReportsSFA":"https://cs6.lightnin (84 more) ..."}|0xb49fa3c
11:03:46.0 (11265315)|HEAP_ALLOCATE|[81]|Bytes:5
11:03:46.0 (11368860)|SYSTEM_MODE_ENTER|true
11:03:46.0 (11402525)|HEAP_ALLOCATE|[EXTERNAL]|Bytes:40
11:03:46.0 (11408878)|VARIABLE_SCOPE_BEGIN|[98]|this|auMainTopCompCtrl|true|false
11:03:46.0 (11439731)|VARIABLE_ASSIGNMENT|[98]|this|{"currentUser":"0x1191cf80","iTypeOfScreen":54,"urlReportsSFA":"https://cs6.lightnin (84 more) ..."}|0xb49fa3c
11:03:46.0 (11449301)|STATEMENT_EXECUTE|[98]
11:03:46.0 (11451166)|STATEMENT_EXECUTE|[99]
11:03:46.0 (11483764)|VARIABLE_ASSIGNMENT|[EXTERNAL]|this|{"currentUser":"0x1191cf80","iTypeOfScreen":54,"urlReportsSFA":"https://cs6.lightnin (84 more) ..."}|0xb49fa3c
11:03:46.0 (11499007)|HEAP_ALLOCATE|[99]|Bytes:5
11:03:46.0 (11556958)|SYSTEM_MODE_ENTER|true
11:03:46.0 (11585766)|HEAP_ALLOCATE|[EXTERNAL]|Bytes:40
11:03:46.0 (11592300)|VARIABLE_SCOPE_BEGIN|[102]|this|auMainTopCompCtrl|true|false
11:03:46.0 (11621923)|VARIABLE_ASSIGNMENT|[102]|this|{"currentUser":"0x1191cf80","iTypeOfScreen":54,"urlReportsSFA":"https://cs6.lightnin (84 more) ..."}|0xb49fa3c
11:03:46.0 (11630859)|STATEMENT_EXECUTE|[102]
11:03:46.0 (11632829)|STATEMENT_EXECUTE|[103]
11:03:46.0 (11664568)|VARIABLE_ASSIGNMENT|[EXTERNAL]|this|{"currentUser":"0x1191cf80","iTypeOfScreen":54,"urlReportsSFA":"https://cs6.lightnin (84 more) ..."}|0xb49fa3c
11:03:46.0 (11678029)|HEAP_ALLOCATE|[103]|Bytes:5
11:03:46.0 (11757659)|SYSTEM_MODE_ENTER|true
11:03:46.0 (11779440)|HEAP_ALLOCATE|[EXTERNAL]|Bytes:40
11:03:46.0 (11791132)|VARIABLE_ASSIGNMENT|[EXTERNAL]|this.iCountComments|null|0xb49fa3c
11:03:46.0 (11832191)|SYSTEM_MODE_ENTER|true
11:03:46.0 (11845333)|HEAP_ALLOCATE|[EXTERNAL]|Bytes:40
11:03:46.0 (11852368)|VARIABLE_ASSIGNMENT|[EXTERNAL]|this.iCountLikes|null|0xb49fa3c
11:03:46.0 (11934038)|SYSTEM_MODE_ENTER|true
11:03:46.0 (11968909)|HEAP_ALLOCATE|[EXTERNAL]|Bytes:26
11:03:46.0 (11977094)|HEAP_ALLOCATE|[EXTERNAL]|Bytes:460
11:03:46.0 (11981818)|HEAP_ALLOCATE|[EXTERNAL]|Bytes:113
11:03:46.0 (11985442)|HEAP_ALLOCATE|[EXTERNAL]|Bytes:39
11:03:46.0 (11989901)|HEAP_ALLOCATE|[EXTERNAL]|Bytes:3
11:03:46.0 (11999115)|VARIABLE_ASSIGNMENT|[EXTERNAL]|saDailyReportCtrl.SOURCE|"src"
11:03:46.0 (12003926)|HEAP_ALLOCATE|[EXTERNAL]|Bytes:2
11:03:46.0 (12010042)|VARIABLE_ASSIGNMENT|[EXTERNAL]|saDailyReportCtrl.SOURCE_ID|"id"
11:03:46.0 (12018517)|METHOD_ENTRY|[1]|01pN0000000aE0W|saDailyReportCtrl.saDailyReportCtrl()
11:03:46.0 (12024217)|STATEMENT_EXECUTE|[1]
11:03:46.0 (12027699)|STATEMENT_EXECUTE|[1]
11:03:46.0 (12035653)|SYSTEM_MODE_ENTER|false
11:03:46.0 (12043280)|HEAP_ALLOCATE|[EXTERNAL]|Bytes:5
11:03:46.0 (12047961)|STATEMENT_EXECUTE|[650]
11:03:46.0 (12049843)|STATEMENT_EXECUTE|[677]
11:03:46.0 (12054810)|SYSTEM_MODE_EXIT|false
11:03:46.0 (12061967)|METHOD_EXIT|[1]|saDailyReportCtrl
11:03:46.0 (12067083)|HEAP_ALLOCATE|[EXTERNAL]|Bytes:76
11:03:46.0 (12071890)|VARIABLE_SCOPE_BEGIN|[92]|this|saDailyReportCtrl|true|false
11:03:46.0 (12411195)|VARIABLE_ASSIGNMENT|[92]|this|{"BusinessLocationName":"","currentInquiryReply":"0x7f41f82d","currentInquiryReplyDetail":"0x3b1d75e3","dailyReportId":"a0IN0000006RUllMAG","dCurrentDay":"2018-06-30T00:00:00Z","dCurrentMonth":"2018-07-01T00:00:00Z","iCurrentDay":0,"idBusinessLocation":"","isIPhone":false,"isPreview":true,"lsBusinessLocation":"0x24ef40cf","messageError":"","messageQuestion":"","mpQuestions":"0x4ced756f","myUser":"0x3c1d6c4f","sourceOfTheCall":"preview"}|0x43357bf6
11:03:46.0 (12432069)|SYSTEM_MODE_ENTER|false
11:03:46.0 (12438913)|HEAP_ALLOCATE|[92]|Bytes:5
11:03:46.0 (12444401)|STATEMENT_EXECUTE|[92]
11:03:46.0 (12446333)|STATEMENT_EXECUTE|[92]
11:03:46.0 (12451081)|SYSTEM_MODE_EXIT|false
11:03:46.0 (12510698)|SYSTEM_MODE_ENTER|true
11:03:46.0 (12528682)|HEAP_ALLOCATE|[EXTERNAL]|Bytes:8
11:03:46.0 (12532963)|HEAP_ALLOCATE|[EXTERNAL]|Bytes:40
11:03:46.0 (12541308)|VARIABLE_ASSIGNMENT|[EXTERNAL]|this.iTypeOfScreen|54|0xb49fa3c
11:03:46.0 (12699119)|SYSTEM_MODE_ENTER|true
11:03:46.0 (12788430)|SYSTEM_MODE_ENTER|true
11:03:46.0 (12865682)|SYSTEM_MODE_ENTER|true
11:03:46.0 (13056231)|SYSTEM_MODE_ENTER|true
11:03:46.0 (14548972)|SYSTEM_MODE_ENTER|true
11:03:46.0 (16449858)|SYSTEM_MODE_ENTER|true
11:03:46.0 (16501084)|SYSTEM_MODE_ENTER|true
11:03:46.0 (16538164)|SYSTEM_MODE_ENTER|true
11:03:46.0 (16577093)|SYSTEM_MODE_ENTER|true
11:03:46.0 (16611596)|SYSTEM_MODE_ENTER|true
11:03:46.0 (16659783)|SYSTEM_MODE_ENTER|true
11:03:46.0 (16695574)|HEAP_ALLOCATE|[EXTERNAL]|Bytes:40
11:03:46.0 (16703703)|VARIABLE_SCOPE_BEGIN|[80]|this|auMainTopCompCtrl|true|false
11:03:46.0 (16741216)|VARIABLE_ASSIGNMENT|[80]|this|{"currentUser":"0x1191cf80","iTypeOfScreen":54,"urlReportsSFA":"https://cs6.lightnin (84 more) ..."}|0xb49fa3c
11:03:46.0 (16752057)|STATEMENT_EXECUTE|[80]
11:03:46.0 (16754184)|STATEMENT_EXECUTE|[81]
11:03:46.0 (16785180)|VARIABLE_ASSIGNMENT|[EXTERNAL]|this|{"currentUser":"0x1191cf80","iTypeOfScreen":54,"urlReportsSFA":"https://cs6.lightnin (84 more) ..."}|0xb49fa3c
11:03:46.0 (16821391)|VARIABLE_ASSIGNMENT|[EXTERNAL]|this|{"currentUser":"0x1191cf80","iTypeOfScreen":54,"urlReportsSFA":"https://cs6.lightnin (84 more) ..."}|0xb49fa3c
11:03:46.0 (16853060)|VARIABLE_ASSIGNMENT|[EXTERNAL]|this|{"currentUser":"0x1191cf80","iTypeOfScreen":54,"urlReportsSFA":"https://cs6.lightnin (84 more) ..."}|0xb49fa3c
11:03:46.0 (16882336)|VARIABLE_ASSIGNMENT|[EXTERNAL]|this|{"currentUser":"0x1191cf80","iTypeOfScreen":54,"urlReportsSFA":"https://cs6.lightnin (84 more) ..."}|0xb49fa3c
11:03:46.0 (16896105)|HEAP_ALLOCATE|[81]|Bytes:5
11:03:46.0 (16945663)|SYSTEM_MODE_ENTER|true
11:03:46.0 (16974643)|HEAP_ALLOCATE|[EXTERNAL]|Bytes:40
11:03:46.0 (16980340)|VARIABLE_SCOPE_BEGIN|[98]|this|auMainTopCompCtrl|true|false
11:03:46.0 (17009674)|VARIABLE_ASSIGNMENT|[98]|this|{"currentUser":"0x1191cf80","iTypeOfScreen":54,"urlReportsSFA":"https://cs6.lightnin (84 more) ..."}|0xb49fa3c
11:03:46.0 (17019498)|STATEMENT_EXECUTE|[98]
11:03:46.0 (17021297)|STATEMENT_EXECUTE|[99]
11:03:46.0 (17045808)|VARIABLE_ASSIGNMENT|[EXTERNAL]|this|{"currentUser":"0x1191cf80","iTypeOfScreen":54,"urlReportsSFA":"https://cs6.lightnin (84 more) ..."}|0xb49fa3c
11:03:46.0 (17059509)|HEAP_ALLOCATE|[99]|Bytes:5
11:03:46.0 (17103855)|SYSTEM_MODE_ENTER|true
11:03:46.0 (17130064)|HEAP_ALLOCATE|[EXTERNAL]|Bytes:40
11:03:46.0 (17136126)|VARIABLE_SCOPE_BEGIN|[102]|this|auMainTopCompCtrl|true|false
11:03:46.0 (17164751)|VARIABLE_ASSIGNMENT|[102]|this|{"currentUser":"0x1191cf80","iTypeOfScreen":54,"urlReportsSFA":"https://cs6.lightnin (84 more) ..."}|0xb49fa3c
11:03:46.0 (17173541)|STATEMENT_EXECUTE|[102]
11:03:46.0 (17175789)|STATEMENT_EXECUTE|[103]
11:03:46.0 (17200819)|VARIABLE_ASSIGNMENT|[EXTERNAL]|this|{"currentUser":"0x1191cf80","iTypeOfScreen":54,"urlReportsSFA":"https://cs6.lightnin (84 more) ..."}|0xb49fa3c
11:03:46.0 (17213462)|HEAP_ALLOCATE|[103]|Bytes:5
11:03:46.0 (53053248)|SYSTEM_MODE_ENTER|true
11:03:46.0 (53079771)|HEAP_ALLOCATE|[EXTERNAL]|Bytes:16
11:03:46.0 (53086244)|HEAP_ALLOCATE|[EXTERNAL]|Bytes:76
11:03:46.0 (53102046)|VARIABLE_ASSIGNMENT|[EXTERNAL]|this.messageError|"正しいデーターを入れてください。"|0x43357bf6
11:03:46.0 (53134825)|SYSTEM_MODE_ENTER|true
11:03:46.0 (53149095)|HEAP_ALLOCATE|[EXTERNAL]|Bytes:76
11:03:46.0 (53158031)|VARIABLE_ASSIGNMENT|[EXTERNAL]|this.messageQuestion|""|0x43357bf6
11:03:46.0 (53181895)|SYSTEM_MODE_ENTER|true
11:03:46.0 (53196615)|HEAP_ALLOCATE|[EXTERNAL]|Bytes:5
11:03:46.0 (53200517)|HEAP_ALLOCATE|[EXTERNAL]|Bytes:76
11:03:46.0 (53207293)|VARIABLE_ASSIGNMENT|[EXTERNAL]|this.isPreview|true|0x43357bf6
11:03:46.0 (53229622)|SYSTEM_MODE_ENTER|true
11:03:46.0 (53241089)|HEAP_ALLOCATE|[EXTERNAL]|Bytes:76
11:03:46.0 (53248256)|VARIABLE_ASSIGNMENT|[EXTERNAL]|this.idBusinessLocation|""|0x43357bf6
11:03:46.0 (53269551)|SYSTEM_MODE_ENTER|true
11:03:46.0 (53281630)|HEAP_ALLOCATE|[EXTERNAL]|Bytes:8
11:03:46.0 (53285528)|HEAP_ALLOCATE|[EXTERNAL]|Bytes:76
11:03:46.0 (53292220)|VARIABLE_ASSIGNMENT|[EXTERNAL]|this.iCurrentDay|0|0x43357bf6
11:03:46.0 (53827432)|SYSTEM_MODE_ENTER|true
11:03:46.0 (53844608)|HEAP_ALLOCATE|[EXTERNAL]|Bytes:40
11:03:46.0 (53854579)|VARIABLE_ASSIGNMENT|[EXTERNAL]|this.iCountComments|null|0xb49fa3c
11:03:46.0 (53888999)|SYSTEM_MODE_ENTER|true
11:03:46.0 (53899987)|HEAP_ALLOCATE|[EXTERNAL]|Bytes:40
11:03:46.0 (53906826)|VARIABLE_ASSIGNMENT|[EXTERNAL]|this.iCountLikes|null|0xb49fa3c
11:03:46.0 (53944403)|SYSTEM_MODE_ENTER|true
11:03:46.0 (54007222)|HEAP_ALLOCATE|[EXTERNAL]|Bytes:76
11:03:46.0 (54015706)|VARIABLE_SCOPE_BEGIN|[92]|this|saDailyReportCtrl|true|false
11:03:46.0 (54239169)|VARIABLE_ASSIGNMENT|[92]|this|{"BusinessLocationName":"","currentInquiryReply":"0x7f41f82d","currentInquiryReplyDetail":"0x3b1d75e3","dailyReportId":"a0IN0000006RUllMAG","dCurrentDay":"2018-06-30T00:00:00Z","dCurrentMonth":"2018-07-01T00:00:00Z","iCurrentDay":0,"idBusinessLocation":"","isIPhone":false,"isPreview":true,"lsBusinessLocation":"0x24ef40cf","messageError":"正しいデーターを入れてください。","messageQuestion":"","mpQuestions":"0x4ced756f","myUser":"0x3c1d6c4f","sourceOfTheCall":"preview"}|0x43357bf6
11:03:46.0 (54262077)|SYSTEM_MODE_ENTER|false
11:03:46.0 (54270216)|HEAP_ALLOCATE|[92]|Bytes:5
11:03:46.0 (54276126)|STATEMENT_EXECUTE|[92]
11:03:46.0 (54278520)|STATEMENT_EXECUTE|[92]
11:03:46.0 (54284183)|SYSTEM_MODE_EXIT|false
11:03:46.0 (54335099)|SYSTEM_MODE_ENTER|true
11:03:46.0 (54350620)|HEAP_ALLOCATE|[EXTERNAL]|Bytes:8
11:03:46.0 (54354936)|HEAP_ALLOCATE|[EXTERNAL]|Bytes:40
11:03:46.0 (54363711)|VARIABLE_ASSIGNMENT|[EXTERNAL]|this.iTypeOfScreen|54|0xb49fa3c
11:03:46.0 (54510761)|SYSTEM_MODE_ENTER|true
11:03:46.0 (56957849)|HEAP_ALLOCATE|[EXTERNAL]|Bytes:76
11:03:46.0 (56971184)|VARIABLE_SCOPE_BEGIN|[199]|this|saDailyReportCtrl|true|false
11:03:46.0 (57160790)|VARIABLE_ASSIGNMENT|[199]|this|{"BusinessLocationName":"","currentInquiryReply":"0x7f41f82d","currentInquiryReplyDetail":"0x3b1d75e3","dailyReportId":"a0IN0000006RUllMAG","dCurrentDay":"2018-06-30T00:00:00Z","dCurrentMonth":"2018-07-01T00:00:00Z","iCurrentDay":0,"idBusinessLocation":"","isIPhone":false,"isPreview":true,"lsBusinessLocation":"0x24ef40cf","messageError":"正しいデーターを入れてください。","messageQuestion":"","mpQuestions":"0x4ced756f","myUser":"0x3c1d6c4f","sourceOfTheCall":"preview"}|0x43357bf6
11:03:46.0 (57185322)|SYSTEM_MODE_ENTER|false
11:03:46.0 (57194257)|HEAP_ALLOCATE|[201]|Bytes:5
11:03:46.0 (57201247)|STATEMENT_EXECUTE|[199]
11:03:46.0 (57203283)|STATEMENT_EXECUTE|[201]
11:03:46.0 (57380147)|VARIABLE_ASSIGNMENT|[EXTERNAL]|this|{"BusinessLocationName":"","currentInquiryReply":"0x7f41f82d","currentInquiryReplyDetail":"0x3b1d75e3","dailyReportId":"a0IN0000006RUllMAG","dCurrentDay":"2018-06-30T00:00:00Z","dCurrentMonth":"2018-07-01T00:00:00Z","iCurrentDay":0,"idBusinessLocation":"","isIPhone":false,"isPreview":true,"lsBusinessLocation":"0x24ef40cf","messageError":"正しいデーターを入れてください。","messageQuestion":"","mpQuestions":"0x4ced756f","myUser":"0x3c1d6c4f","sourceOfTheCall":"preview"}|0x43357bf6
11:03:46.0 (57397464)|VARIABLE_ASSIGNMENT|[EXTERNAL]|value|""
11:03:46.0 (57410897)|VARIABLE_ASSIGNMENT|[6]|this.messageError|""|0x43357bf6
11:03:46.0 (57423000)|STATEMENT_EXECUTE|[202]
11:03:46.0 (57558235)|VARIABLE_ASSIGNMENT|[EXTERNAL]|this|{"BusinessLocationName":"","currentInquiryReply":"0x7f41f82d","currentInquiryReplyDetail":"0x3b1d75e3","dailyReportId":"a0IN0000006RUllMAG","dCurrentDay":"2018-06-30T00:00:00Z","dCurrentMonth":"2018-07-01T00:00:00Z","iCurrentDay":0,"idBusinessLocation":"","isIPhone":false,"isPreview":true,"lsBusinessLocation":"0x24ef40cf","messageError":"","messageQuestion":"","mpQuestions":"0x4ced756f","myUser":"0x3c1d6c4f","sourceOfTheCall":"preview"}|0x43357bf6
11:03:46.0 (57572429)|VARIABLE_ASSIGNMENT|[EXTERNAL]|value|""
11:03:46.0 (57581888)|VARIABLE_ASSIGNMENT|[7]|this.messageQuestion|""|0x43357bf6
11:03:46.0 (57591956)|STATEMENT_EXECUTE|[204]
11:03:46.0 (57593710)|STATEMENT_EXECUTE|[204]
11:03:46.0 (57595326)|STATEMENT_EXECUTE|[206]
11:03:46.0 (57790778)|VARIABLE_ASSIGNMENT|[EXTERNAL]|this|{"BusinessLocationName":"","currentInquiryReply":"0x7f41f82d","currentInquiryReplyDetail":"0x3b1d75e3","dailyReportId":"a0IN0000006RUllMAG","dCurrentDay":"2018-06-30T00:00:00Z","dCurrentMonth":"2018-07-01T00:00:00Z","iCurrentDay":0,"idBusinessLocation":"","isIPhone":false,"isPreview":true,"lsBusinessLocation":"0x24ef40cf","messageError":"","messageQuestion":"","mpQuestions":"0x4ced756f","myUser":"0x3c1d6c4f","sourceOfTheCall":"preview"}|0x43357bf6
11:03:46.0 (57854858)|HEAP_ALLOCATE|[206]|Bytes:4
11:03:46.0 (57889739)|VARIABLE_ASSIGNMENT|[206]|this.dCurrentDay|"2018-06-30T00:00:00.000Z"|0x43357bf6
11:03:46.0 (57896555)|STATEMENT_EXECUTE|[208]
11:03:46.0 (57923265)|HEAP_ALLOCATE|[208]|Bytes:4
11:03:46.0 (58143432)|VARIABLE_ASSIGNMENT|[EXTERNAL]|this|{"BusinessLocationName":"","currentInquiryReply":"0x7f41f82d","currentInquiryReplyDetail":"0x3b1d75e3","dailyReportId":"a0IN0000006RUllMAG","dCurrentDay":"2018-06-30T00:00:00Z","dCurrentMonth":"2018-07-01T00:00:00Z","iCurrentDay":0,"idBusinessLocation":"","isIPhone":false,"isPreview":true,"lsBusinessLocation":"0x24ef40cf","messageError":"","messageQuestion":"","mpQuestions":"0x4ced756f","myUser":"0x3c1d6c4f","sourceOfTheCall":"preview"}|0x43357bf6
11:03:46.0 (58160758)|HEAP_ALLOCATE|[EXTERNAL]|Bytes:4
11:03:46.0 (58173584)|VARIABLE_ASSIGNMENT|[EXTERNAL]|value|[]|0x3fc61bb6
11:03:46.0 (58184356)|VARIABLE_ASSIGNMENT|[22]|this.currentInquiryReplyDetail|[]|0x43357bf6
11:03:46.0 (58194613)|STATEMENT_EXECUTE|[209]
11:03:46.0 (58210554)|HEAP_ALLOCATE|[209]|Bytes:4
11:03:46.0 (58384102)|VARIABLE_ASSIGNMENT|[EXTERNAL]|this|{"BusinessLocationName":"","currentInquiryReply":"0x7f41f82d","currentInquiryReplyDetail":"0x3fc61bb6","dailyReportId":"a0IN0000006RUllMAG","dCurrentDay":"2018-06-30T00:00:00Z","dCurrentMonth":"2018-07-01T00:00:00Z","iCurrentDay":0,"idBusinessLocation":"","isIPhone":false,"isPreview":true,"lsBusinessLocation":"0x24ef40cf","messageError":"","messageQuestion":"","mpQuestions":"0x4ced756f","myUser":"0x3c1d6c4f","sourceOfTheCall":"preview"}|0x43357bf6
11:03:46.0 (58405562)|VARIABLE_ASSIGNMENT|[EXTERNAL]|value|{}|0x276aea33
11:03:46.0 (58416763)|VARIABLE_ASSIGNMENT|[24]|this.mpQuestions|{}|0x43357bf6
11:03:46.0 (58426667)|STATEMENT_EXECUTE|[211]
11:03:46.0 (58562712)|VARIABLE_ASSIGNMENT|[EXTERNAL]|this|{"BusinessLocationName":"","currentInquiryReply":"0x7f41f82d","currentInquiryReplyDetail":"0x3fc61bb6","dailyReportId":"a0IN0000006RUllMAG","dCurrentDay":"2018-06-30T00:00:00Z","dCurrentMonth":"2018-07-01T00:00:00Z","iCurrentDay":0,"idBusinessLocation":"","isIPhone":false,"isPreview":true,"lsBusinessLocation":"0x24ef40cf","messageError":"","messageQuestion":"","mpQuestions":"0x276aea33","myUser":"0x3c1d6c4f","sourceOfTheCall":"preview"}|0x43357bf6
11:03:46.0 (58577074)|VARIABLE_ASSIGNMENT|[EXTERNAL]|value|""
11:03:46.0 (58585676)|VARIABLE_ASSIGNMENT|[23]|this.BusinessLocationName|""|0x43357bf6
11:03:46.0 (58598285)|HEAP_ALLOCATE|[212]|Bytes:81
11:03:46.0 (58616085)|HEAP_ALLOCATE|[212]|Bytes:4
11:03:46.0 (58626401)|HEAP_ALLOCATE|[212]|Bytes:7
11:03:46.0 (58761823)|VARIABLE_ASSIGNMENT|[EXTERNAL]|this|{"BusinessLocationName":"","currentInquiryReply":"0x7f41f82d","currentInquiryReplyDetail":"0x3fc61bb6","dailyReportId":"a0IN0000006RUllMAG","dCurrentDay":"2018-06-30T00:00:00Z","dCurrentMonth":"2018-07-01T00:00:00Z","iCurrentDay":0,"idBusinessLocation":"","isIPhone":false,"isPreview":true,"lsBusinessLocation":"0x24ef40cf","messageError":"","messageQuestion":"","mpQuestions":"0x276aea33","myUser":"0x3c1d6c4f","sourceOfTheCall":"preview"}|0x43357bf6
11:03:46.0 (59201716)|SOQL_EXECUTE_BEGIN|[212]|Aggregations:0|SELECT Id, BusinessLocationName__c FROM saBusinessLocation__c 
11:03:46.0 (60968990)|SOQL_EXECUTE_END|[212]|Rows:0
11:03:46.0 (61187444)|HEAP_ALLOCATE|[212]|Bytes:54
11:03:46.0 (61199718)|HEAP_ALLOCATE|[212]|Bytes:8
11:03:46.0 (61228534)|SYSTEM_METHOD_ENTRY|[7]|QueryLocatorIterator.QueryLocatorIterator()
11:03:46.0 (61233319)|STATEMENT_EXECUTE|[7]
11:03:46.0 (61242231)|SYSTEM_METHOD_EXIT|[7]|QueryLocatorIterator
11:03:46.0 (61252386)|HEAP_ALLOCATE|[212]|Bytes:28
11:03:46.0 (61270000)|HEAP_ALLOCATE|[212]|Bytes:8
11:03:46.0 (61273837)|HEAP_ALLOCATE|[212]|Bytes:8
11:03:46.0 (61279256)|VARIABLE_SCOPE_BEGIN|[15]|this|Database.QueryLocatorIterator|true|false
11:03:46.0 (61307934)|VARIABLE_ASSIGNMENT|[15]|this|{}|0x3a4bec64
11:03:46.0 (61319918)|VARIABLE_SCOPE_BEGIN|[15]|values|List<SObject>|true|false
11:03:46.0 (61328410)|VARIABLE_ASSIGNMENT|[15]|values|null|
11:03:46.0 (61333300)|VARIABLE_SCOPE_BEGIN|[15]|ql|Database.QueryLocator|true|false
11:03:46.0 (61352666)|VARIABLE_ASSIGNMENT|[15]|ql|{"query":"SELECT Id, BusinessL (61 more) ..."}|0x513663c
11:03:46.0 (61358839)|VARIABLE_SCOPE_BEGIN|[15]|totalNumRecords|Integer|false|false
11:03:46.0 (61367073)|VARIABLE_ASSIGNMENT|[15]|totalNumRecords|0
11:03:46.0 (61371306)|VARIABLE_SCOPE_BEGIN|[15]|queryMoreSize|Integer|false|false
11:03:46.0 (61378097)|VARIABLE_ASSIGNMENT|[15]|queryMoreSize|50000
11:03:46.0 (61461224)|HEAP_ALLOCATE|[212]|Bytes:28
11:03:46.0 (61482688)|METHOD_ENTRY|[212]||Database.QueryLocatorIterator.hasNext()
11:03:46.0 (61503822)|METHOD_EXIT|[212]||Database.QueryLocatorIterator.hasNext()
11:03:46.0 (61543514)|VARIABLE_ASSIGNMENT|[212]|bl|null|
11:03:46.0 (61550905)|STATEMENT_EXECUTE|[212]
11:03:46.0 (61569289)|STATEMENT_EXECUTE|[219]
11:03:46.0 (61573269)|HEAP_ALLOCATE|[219]|Bytes:195
11:03:46.0 (61588010)|HEAP_ALLOCATE|[219]|Bytes:4
11:03:46.0 (61615867)|HEAP_ALLOCATE|[219]|Bytes:7
11:03:46.0 (61648770)|HEAP_ALLOCATE|[223]|Bytes:89
11:03:46.0 (61657987)|SYSTEM_METHOD_ENTRY|[1]|UserInfo.UserInfo()
11:03:46.0 (61661501)|STATEMENT_EXECUTE|[1]
11:03:46.0 (61666479)|SYSTEM_METHOD_EXIT|[1]|UserInfo
11:03:46.0 (61676000)|METHOD_ENTRY|[223]||System.UserInfo.getUserId()
11:03:46.0 (61712833)|METHOD_EXIT|[223]||System.UserInfo.getUserId()
11:03:46.0 (62487315)|SOQL_EXECUTE_BEGIN|[219]|Aggregations:0|SELECT Id, saBusinessLocation__c, Status__c, saInquiry__c, Comment__c FROM saInquiryReply__c WHERE (saInquiry__r.Type__c = 'DAILY_REPORT' AND DailyReportDate__c = :tmpVar1 AND User__c = :tmpVar2)
11:03:46.0 (68441966)|SOQL_EXECUTE_END|[219]|Rows:0
11:03:46.0 (68472672)|HEAP_ALLOCATE|[219]|Bytes:4
11:03:46.0 (68485907)|HEAP_ALLOCATE|[219]|Bytes:0
11:03:46.0 (68569405)|HEAP_ALLOCATE|[219]|Bytes:4
11:03:46.0 (68584777)|VARIABLE_SCOPE_BEGIN|[219]|lsInqRep|List<saInquiryReply__c>|true|false
11:03:46.0 (68636753)|VARIABLE_ASSIGNMENT|[219]|lsInqRep|[]|0x674fb3cc
11:03:46.0 (68718053)|STATEMENT_EXECUTE|[225]
11:03:46.0 (68720714)|STATEMENT_EXECUTE|[227]
11:03:46.0 (68725255)|HEAP_ALLOCATE|[227]|Bytes:207
11:03:46.0 (68741077)|HEAP_ALLOCATE|[227]|Bytes:4
11:03:46.0 (69010261)|VARIABLE_ASSIGNMENT|[EXTERNAL]|this|{"BusinessLocationName":"","currentInquiryReply":"0x7f41f82d","currentInquiryReplyDetail":"0x3fc61bb6","dailyReportId":"a0IN0000006RUllMAG","dCurrentDay":"2018-06-30T00:00:00Z","dCurrentMonth":"2018-07-01T00:00:00Z","iCurrentDay":0,"idBusinessLocation":"","isIPhone":false,"isPreview":true,"lsBusinessLocation":"0x24ef40cf","messageError":"","messageQuestion":"","mpQuestions":"0x276aea33","myUser":"0x3c1d6c4f","sourceOfTheCall":"preview"}|0x43357bf6
11:03:46.0 (69038853)|HEAP_ALLOCATE|[227]|Bytes:7
11:03:46.0 (69050226)|METHOD_ENTRY|[232]||System.UserInfo.getUserId()
11:03:46.0 (69076344)|METHOD_EXIT|[232]||System.UserInfo.getUserId()
11:03:46.0 (69449766)|SOQL_EXECUTE_BEGIN|[227]|Aggregations:0|SELECT Id, saBusinessLocation__c, Status__c FROM saInquiryReply__c WHERE (saInquiry__r.Type__c = 'DAILY_REPORT' AND DailyReportDate__c = :tmpVar1 AND saBusinessLocation__c = :tmpVar2 AND User__c != :tmpVar3)
11:03:46.0 (72256320)|SOQL_EXECUTE_END|[227]|Rows:0
11:03:46.0 (72278916)|HEAP_ALLOCATE|[227]|Bytes:4
11:03:46.0 (72291334)|HEAP_ALLOCATE|[227]|Bytes:0
11:03:46.0 (72338828)|HEAP_ALLOCATE|[227]|Bytes:4
11:03:46.0 (72351246)|VARIABLE_SCOPE_BEGIN|[227]|lsInqOtherPeople|List<saInquiryReply__c>|true|false
11:03:46.0 (72368946)|VARIABLE_ASSIGNMENT|[227]|lsInqOtherPeople|[]|0x65f92254
11:03:46.0 (72406400)|STATEMENT_EXECUTE|[234]
11:03:46.0 (72408899)|STATEMENT_EXECUTE|[240]
11:03:46.0 (72412063)|VARIABLE_SCOPE_BEGIN|[240]|lsTemplate|List<saInquiryReply__c>|true|false
11:03:46.0 (72423731)|VARIABLE_ASSIGNMENT|[240]|lsTemplate|null|
11:03:46.0 (72618965)|VARIABLE_ASSIGNMENT|[EXTERNAL]|this|{"BusinessLocationName":"","currentInquiryReply":"0x7f41f82d","currentInquiryReplyDetail":"0x3fc61bb6","dailyReportId":"a0IN0000006RUllMAG","dCurrentDay":"2018-06-30T00:00:00Z","dCurrentMonth":"2018-07-01T00:00:00Z","iCurrentDay":0,"idBusinessLocation":"","isIPhone":false,"isPreview":true,"lsBusinessLocation":"0x24ef40cf","messageError":"","messageQuestion":"","mpQuestions":"0x276aea33","myUser":"0x3c1d6c4f","sourceOfTheCall":"preview"}|0x43357bf6
11:03:46.0 (72642461)|STATEMENT_EXECUTE|[252]
11:03:46.0 (72644610)|STATEMENT_EXECUTE|[253]
11:03:46.0 (72648395)|HEAP_ALLOCATE|[253]|Bytes:393
11:03:46.0 (72663205)|HEAP_ALLOCATE|[253]|Bytes:4
11:03:46.0 (72694776)|METHOD_ENTRY|[259]||System.UserInfo.getUserId()
11:03:46.0 (72719125)|METHOD_EXIT|[259]||System.UserInfo.getUserId()
11:03:46.0 (73151575)|SOQL_EXECUTE_BEGIN|[253]|Aggregations:0|SELECT Id, saBusinessLocation__c, Status__c, saInquiry__c, Comment__c FROM saInquiryReply__c WHERE (saInquiry__r.Type__c = 'DAILY_REPORT' AND (saInquiry__r.ValidFrom__c = NULL OR saInquiry__r.ValidFrom__c <= :tmpVar1) AND (saInquiry__r.ValidTo__c = NULL OR saInquiry__r.ValidTo__c >= :tmpVar2) AND DailyReportDate__c = NULL AND User__c = :tmpVar3) ORDER BY CreatedDate DESC NULLS FIRST LIMIT 1
11:03:46.0 (77798328)|SOQL_EXECUTE_END|[253]|Rows:1
11:03:46.0 (77820477)|HEAP_ALLOCATE|[253]|Bytes:8
11:03:46.0 (77833749)|HEAP_ALLOCATE|[253]|Bytes:89
11:03:46.0 (77863658)|HEAP_ALLOCATE|[253]|Bytes:8
11:03:46.0 (77895961)|VARIABLE_ASSIGNMENT|[253]|lsTemplate|[{"Id":"a0KN0000007Kg4nMAC","Status__c":"WAITING_REPLY","saInquiry__c":"a0IN0000006RUllMAG"}]|0x13dc9a35
11:03:46.0 (77903314)|STATEMENT_EXECUTE|[264]
11:03:46.0 (77908175)|HEAP_ALLOCATE|[264]|Bytes:11
11:03:46.0 (78020260)|HEAP_ALLOCATE|[264]|Bytes:101
11:03:46.0 (78045191)|HEAP_ALLOCATE|[264]|Bytes:112
11:03:46.0 (78068295)|USER_DEBUG|[264]|DEBUG|Template : (saInquiryReply__c:{Id=a0KN0000007Kg4nMAC, Status__c=WAITING_REPLY, saInquiry__c=a0IN0000006RUllMAG})
11:03:46.0 (78101420)|STATEMENT_EXECUTE|[265]
11:03:46.0 (78103979)|STATEMENT_EXECUTE|[271]
11:03:46.0 (78121711)|HEAP_ALLOCATE|[271]|Bytes:16
11:03:46.0 (78154565)|VARIABLE_SCOPE_BEGIN|[271]|idInquiry|Id|false|false
11:03:46.0 (78245985)|VARIABLE_ASSIGNMENT|[271]|idInquiry|"a0IN0000006RUllMAG"
11:03:46.0 (78252963)|STATEMENT_EXECUTE|[272]
11:03:46.0 (78272647)|HEAP_ALLOCATE|[272]|Bytes:4
11:03:46.0 (78571403)|VARIABLE_ASSIGNMENT|[EXTERNAL]|this|{"BusinessLocationName":"","currentInquiryReply":"0x7f41f82d","currentInquiryReplyDetail":"0x3fc61bb6","dailyReportId":"a0IN0000006RUllMAG","dCurrentDay":"2018-06-30T00:00:00Z","dCurrentMonth":"2018-07-01T00:00:00Z","iCurrentDay":0,"idBusinessLocation":"","isIPhone":false,"isPreview":true,"lsBusinessLocation":"0x24ef40cf","messageError":"","messageQuestion":"","mpQuestions":"0x276aea33","myUser":"0x3c1d6c4f","sourceOfTheCall":"preview"}|0x43357bf6
11:03:46.0 (78593946)|VARIABLE_ASSIGNMENT|[EXTERNAL]|value|{}|0x6176ce65
11:03:46.0 (78610661)|VARIABLE_ASSIGNMENT|[21]|this.currentInquiryReply|{}|0x43357bf6
11:03:46.0 (78623283)|STATEMENT_EXECUTE|[273]
11:03:46.0 (78765221)|VARIABLE_ASSIGNMENT|[EXTERNAL]|this|{"BusinessLocationName":"","currentInquiryReply":"0x6176ce65","currentInquiryReplyDetail":"0x3fc61bb6","dailyReportId":"a0IN0000006RUllMAG","dCurrentDay":"2018-06-30T00:00:00Z","dCurrentMonth":"2018-07-01T00:00:00Z","iCurrentDay":0,"idBusinessLocation":"","isIPhone":false,"isPreview":true,"lsBusinessLocation":"0x24ef40cf","messageError":"","messageQuestion":"","mpQuestions":"0x276aea33","myUser":"0x3c1d6c4f","sourceOfTheCall":"preview"}|0x43357bf6
11:03:46.0 (78860520)|VARIABLE_ASSIGNMENT|[273]|this.saInquiry__c|"a0IN0000006RUllMAG"|0x6176ce65
11:03:46.0 (79009727)|VARIABLE_ASSIGNMENT|[EXTERNAL]|this|{"BusinessLocationName":"","currentInquiryReply":"0x6176ce65","currentInquiryReplyDetail":"0x3fc61bb6","dailyReportId":"a0IN0000006RUllMAG","dCurrentDay":"2018-06-30T00:00:00Z","dCurrentMonth":"2018-07-01T00:00:00Z","iCurrentDay":0,"idBusinessLocation":"","isIPhone":false,"isPreview":true,"lsBusinessLocation":"0x24ef40cf","messageError":"","messageQuestion":"","mpQuestions":"0x276aea33","myUser":"0x3c1d6c4f","sourceOfTheCall":"preview"}|0x43357bf6
11:03:46.0 (79030914)|STATEMENT_EXECUTE|[277]
11:03:46.0 (79032904)|STATEMENT_EXECUTE|[280]
11:03:46.0 (79039439)|METHOD_ENTRY|[280]||System.UserInfo.getUserId()
11:03:46.0 (79064410)|METHOD_EXIT|[280]||System.UserInfo.getUserId()
11:03:46.0 (79079719)|HEAP_ALLOCATE|[280]|Bytes:4
11:03:46.0 (79211445)|VARIABLE_ASSIGNMENT|[EXTERNAL]|this|{"BusinessLocationName":"","currentInquiryReply":"0x6176ce65","currentInquiryReplyDetail":"0x3fc61bb6","dailyReportId":"a0IN0000006RUllMAG","dCurrentDay":"2018-06-30T00:00:00Z","dCurrentMonth":"2018-07-01T00:00:00Z","iCurrentDay":0,"idBusinessLocation":"","isIPhone":false,"isPreview":true,"lsBusinessLocation":"0x24ef40cf","messageError":"","messageQuestion":"","mpQuestions":"0x276aea33","myUser":"0x3c1d6c4f","sourceOfTheCall":"preview"}|0x43357bf6
11:03:46.0 (79266015)|VARIABLE_ASSIGNMENT|[280]|this.User__c|"005N00000057PfOIAU"|0x6176ce65
11:03:46.0 (79273961)|STATEMENT_EXECUTE|[281]
11:03:46.0 (79441143)|VARIABLE_ASSIGNMENT|[EXTERNAL]|this|{"BusinessLocationName":"","currentInquiryReply":"0x6176ce65","currentInquiryReplyDetail":"0x3fc61bb6","dailyReportId":"a0IN0000006RUllMAG","dCurrentDay":"2018-06-30T00:00:00Z","dCurrentMonth":"2018-07-01T00:00:00Z","iCurrentDay":0,"idBusinessLocation":"","isIPhone":false,"isPreview":true,"lsBusinessLocation":"0x24ef40cf","messageError":"","messageQuestion":"","mpQuestions":"0x276aea33","myUser":"0x3c1d6c4f","sourceOfTheCall":"preview"}|0x43357bf6
11:03:46.0 (79512522)|VARIABLE_ASSIGNMENT|[281]|this.DailyReportDate__c|"2018-06-30T00:00:00.000Z"|0x6176ce65
11:03:46.0 (79520352)|STATEMENT_EXECUTE|[282]
11:03:46.0 (79524458)|HEAP_ALLOCATE|[282]|Bytes:13
11:03:46.0 (79668644)|VARIABLE_ASSIGNMENT|[EXTERNAL]|this|{"BusinessLocationName":"","currentInquiryReply":"0x6176ce65","currentInquiryReplyDetail":"0x3fc61bb6","dailyReportId":"a0IN0000006RUllMAG","dCurrentDay":"2018-06-30T00:00:00Z","dCurrentMonth":"2018-07-01T00:00:00Z","iCurrentDay":0,"idBusinessLocation":"","isIPhone":false,"isPreview":true,"lsBusinessLocation":"0x24ef40cf","messageError":"","messageQuestion":"","mpQuestions":"0x276aea33","myUser":"0x3c1d6c4f","sourceOfTheCall":"preview"}|0x43357bf6
11:03:46.0 (79714999)|VARIABLE_ASSIGNMENT|[282]|this.Status__c|"WAITING_REPLY"|0x6176ce65
11:03:46.0 (79722276)|STATEMENT_EXECUTE|[283]
11:03:46.0 (79858749)|VARIABLE_ASSIGNMENT|[EXTERNAL]|this|{"BusinessLocationName":"","currentInquiryReply":"0x6176ce65","currentInquiryReplyDetail":"0x3fc61bb6","dailyReportId":"a0IN0000006RUllMAG","dCurrentDay":"2018-06-30T00:00:00Z","dCurrentMonth":"2018-07-01T00:00:00Z","iCurrentDay":0,"idBusinessLocation":"","isIPhone":false,"isPreview":true,"lsBusinessLocation":"0x24ef40cf","messageError":"","messageQuestion":"","mpQuestions":"0x276aea33","myUser":"0x3c1d6c4f","sourceOfTheCall":"preview"}|0x43357bf6
11:03:46.0 (79901576)|VARIABLE_ASSIGNMENT|[283]|this.Comment__c|""|0x6176ce65
11:03:46.0 (79908244)|STATEMENT_EXECUTE|[285]
11:03:46.0 (79912296)|HEAP_ALLOCATE|[285]|Bytes:625
11:03:46.0 (79928085)|HEAP_ALLOCATE|[285]|Bytes:4
11:03:46.0 (80498044)|SOQL_EXECUTE_BEGIN|[285]|Aggregations:0|SELECT Id, QuestionLabel__c, AnswerType__c, NumberPossibleReplies__c, IsShortReply__c, SortNo__c, IsRequired__c, Reply01Label__c, Reply02Label__c, Reply03Label__c, Reply04Label__c, Reply05Label__c, Reply06Label__c, Reply07Label__c, Reply08Label__c, Reply09Label__c, Reply10Label__c, Reply11Label__c, Reply12Label__c, Reply13Label__c, Reply14Label__c, Reply15Label__c, Reply16Label__c, Reply17Label__c, Reply18Label__c, Reply19Label__c, Reply20Label__c, Reply21Label__c, Reply22Label__c, Reply23Label__c, Reply24Label__c, Reply25Label__c FROM saInquiryDetail__c WHERE saInquiry__c = :tmpVar1 ORDER BY SortNo__c ASC NULLS FIRST
11:03:46.0 (91159455)|SOQL_EXECUTE_END|[285]|Rows:1
11:03:46.0 (91207278)|HEAP_ALLOCATE|[285]|Bytes:8
11:03:46.0 (91243284)|HEAP_ALLOCATE|[285]|Bytes:282
11:03:46.0 (91346358)|HEAP_ALLOCATE|[285]|Bytes:8
11:03:46.0 (91380480)|VARIABLE_SCOPE_BEGIN|[285]|lsTmpQuest|List<saInquiryDetail__c>|true|false
11:03:46.0 (91447692)|VARIABLE_ASSIGNMENT|[285]|lsTmpQuest|[{"Id":"a0JN0000008h2r2MAA","QuestionLabel__c":"Works?","AnswerType__c":"CHECKBOX","NumberPossibleReplies__c":2,"IsShortReply__c":true,"SortNo__c":0,"IsRequired__c":false,"Reply01Label__c":"Yes!","Reply02Label__c":"No!"}]|0xcadf5cb
11:03:46.0 (91687753)|HEAP_ALLOCATE|[295]|Bytes:5
11:03:46.0 (91717623)|HEAP_ALLOCATE|[295]|Bytes:40
11:03:46.0 (91731325)|VARIABLE_SCOPE_BEGIN|[295]|quest|saInquiryDetail__c|true|false
11:03:46.0 (91758942)|VARIABLE_ASSIGNMENT|[295]|quest|{"Id":"a0JN0000008h2r2MAA","QuestionLabel__c":"Works?","AnswerType__c":"CHECKBOX","NumberPossibleReplies__c":2,"IsShortReply__c":true,"SortNo__c":0,"IsRequired__c":false,"Reply01Label__c":"Yes!","Reply02Label__c":"No!"}|0x3eb4d666
11:03:46.0 (91769345)|STATEMENT_EXECUTE|[295]
11:03:46.0 (91772525)|STATEMENT_EXECUTE|[296]
11:03:46.0 (91802688)|HEAP_ALLOCATE|[296]|Bytes:4
11:03:46.0 (91916726)|VARIABLE_SCOPE_BEGIN|[296]|questReply|saInquiryReplyDetail__c|true|false
11:03:46.0 (91934980)|VARIABLE_ASSIGNMENT|[296]|questReply|{}|0x5dd46fd6
11:03:46.0 (91940889)|STATEMENT_EXECUTE|[297]
11:03:46.0 (92089124)|VARIABLE_ASSIGNMENT|[297]|this.saInquiryDetail__c|"a0JN0000008h2r2MAA"|0x5dd46fd6
11:03:46.0 (92096861)|STATEMENT_EXECUTE|[298]
11:03:46.0 (92449797)|VARIABLE_ASSIGNMENT|[EXTERNAL]|this|{"BusinessLocationName":"","currentInquiryReply":"0x6176ce65","currentInquiryReplyDetail":"0x3fc61bb6","dailyReportId":"a0IN0000006RUllMAG","dCurrentDay":"2018-06-30T00:00:00Z","dCurrentMonth":"2018-07-01T00:00:00Z","iCurrentDay":0,"idBusinessLocation":"","isIPhone":false,"isPreview":true,"lsBusinessLocation":"0x24ef40cf","messageError":"","messageQuestion":"","mpQuestions":"0x276aea33","myUser":"0x3c1d6c4f","sourceOfTheCall":"preview"}|0x43357bf6
11:03:46.0 (92487201)|HEAP_ALLOCATE|[EXTERNAL]|Bytes:4
11:03:46.0 (92497215)|STATEMENT_EXECUTE|[299]
11:03:46.0 (92644146)|VARIABLE_ASSIGNMENT|[EXTERNAL]|this|{"BusinessLocationName":"","currentInquiryReply":"0x6176ce65","currentInquiryReplyDetail":"0x3fc61bb6","dailyReportId":"a0IN0000006RUllMAG","dCurrentDay":"2018-06-30T00:00:00Z","dCurrentMonth":"2018-07-01T00:00:00Z","iCurrentDay":0,"idBusinessLocation":"","isIPhone":false,"isPreview":true,"lsBusinessLocation":"0x24ef40cf","messageError":"","messageQuestion":"","mpQuestions":"0x276aea33","myUser":"0x3c1d6c4f","sourceOfTheCall":"preview"}|0x43357bf6
11:03:46.0 (92684000)|HEAP_ALLOCATE|[EXTERNAL]|Bytes:-4
11:03:46.0 (92702701)|HEAP_ALLOCATE|[295]|Bytes:5
11:03:46.0 (92718095)|VARIABLE_ASSIGNMENT|[295]|quest|null|
11:03:46.0 (92733285)|SYSTEM_MODE_EXIT|false
11:03:46.0 (109870575)|SYSTEM_MODE_ENTER|true
11:03:46.0 (109915602)|HEAP_ALLOCATE|[EXTERNAL]|Bytes:40
11:03:46.0 (109942687)|VARIABLE_ASSIGNMENT|[EXTERNAL]|this.iCountComments|null|0xb49fa3c
11:03:46.0 (109999614)|SYSTEM_MODE_ENTER|true
11:03:46.0 (110012850)|HEAP_ALLOCATE|[EXTERNAL]|Bytes:40
11:03:46.0 (110020833)|VARIABLE_ASSIGNMENT|[EXTERNAL]|this.iCountLikes|null|0xb49fa3c
11:03:46.0 (110097791)|SYSTEM_MODE_ENTER|true
11:03:46.0 (110169816)|HEAP_ALLOCATE|[EXTERNAL]|Bytes:76
11:03:46.0 (110180989)|VARIABLE_SCOPE_BEGIN|[92]|this|saDailyReportCtrl|true|false
11:03:46.0 (110525701)|VARIABLE_ASSIGNMENT|[92]|this|{"BusinessLocationName":"","currentInquiryReply":"0x6176ce65","currentInquiryReplyDetail":"0x3fc61bb6","dailyReportId":"a0IN0000006RUllMAG","dCurrentDay":"2018-06-30T00:00:00Z","dCurrentMonth":"2018-07-01T00:00:00Z","iCurrentDay":0,"idBusinessLocation":"","isIPhone":false,"isPreview":true,"lsBusinessLocation":"0x24ef40cf","messageError":"","messageQuestion":"","mpQuestions":"0x276aea33","myUser":"0x3c1d6c4f","sourceOfTheCall":"preview"}|0x43357bf6
11:03:46.0 (110554351)|SYSTEM_MODE_ENTER|false
11:03:46.0 (110568525)|HEAP_ALLOCATE|[92]|Bytes:5
11:03:46.0 (110576035)|STATEMENT_EXECUTE|[92]
11:03:46.0 (110578798)|STATEMENT_EXECUTE|[92]
11:03:46.0 (110588371)|SYSTEM_MODE_EXIT|false
11:03:46.0 (110643518)|SYSTEM_MODE_ENTER|true
11:03:46.0 (110661054)|HEAP_ALLOCATE|[EXTERNAL]|Bytes:8
11:03:46.0 (110665534)|HEAP_ALLOCATE|[EXTERNAL]|Bytes:40
11:03:46.0 (110675751)|VARIABLE_ASSIGNMENT|[EXTERNAL]|this.iTypeOfScreen|54|0xb49fa3c
11:03:46.0 (110746632)|SYSTEM_MODE_ENTER|true
11:03:46.0 (110780663)|HEAP_ALLOCATE|[EXTERNAL]|Bytes:40
11:03:46.0 (110787312)|VARIABLE_SCOPE_BEGIN|[80]|this|auMainTopCompCtrl|true|false
11:03:46.0 (110826741)|VARIABLE_ASSIGNMENT|[80]|this|{"currentUser":"0x1191cf80","iTypeOfScreen":54,"urlReportsSFA":"https://cs6.lightnin (84 more) ..."}|0xb49fa3c
11:03:46.0 (110836318)|STATEMENT_EXECUTE|[80]
11:03:46.0 (110838239)|STATEMENT_EXECUTE|[81]
11:03:46.0 (110905533)|VARIABLE_ASSIGNMENT|[EXTERNAL]|this|{"currentUser":"0x1191cf80","iTypeOfScreen":54,"urlReportsSFA":"https://cs6.lightnin (84 more) ..."}|0xb49fa3c
11:03:46.0 (110956420)|VARIABLE_ASSIGNMENT|[EXTERNAL]|this|{"currentUser":"0x1191cf80","iTypeOfScreen":54,"urlReportsSFA":"https://cs6.lightnin (84 more) ..."}|0xb49fa3c
11:03:46.0 (110987857)|VARIABLE_ASSIGNMENT|[EXTERNAL]|this|{"currentUser":"0x1191cf80","iTypeOfScreen":54,"urlReportsSFA":"https://cs6.lightnin (84 more) ..."}|0xb49fa3c
11:03:46.0 (111017738)|VARIABLE_ASSIGNMENT|[EXTERNAL]|this|{"currentUser":"0x1191cf80","iTypeOfScreen":54,"urlReportsSFA":"https://cs6.lightnin (84 more) ..."}|0xb49fa3c
11:03:46.0 (111033735)|HEAP_ALLOCATE|[81]|Bytes:5
11:03:46.0 (111103837)|SYSTEM_MODE_ENTER|true
11:03:46.0 (111134796)|HEAP_ALLOCATE|[EXTERNAL]|Bytes:40
11:03:46.0 (111141508)|VARIABLE_SCOPE_BEGIN|[98]|this|auMainTopCompCtrl|true|false
11:03:46.0 (111171398)|VARIABLE_ASSIGNMENT|[98]|this|{"currentUser":"0x1191cf80","iTypeOfScreen":54,"urlReportsSFA":"https://cs6.lightnin (84 more) ..."}|0xb49fa3c
11:03:46.0 (111181287)|STATEMENT_EXECUTE|[98]
11:03:46.0 (111183196)|STATEMENT_EXECUTE|[99]
11:03:46.0 (111207961)|VARIABLE_ASSIGNMENT|[EXTERNAL]|this|{"currentUser":"0x1191cf80","iTypeOfScreen":54,"urlReportsSFA":"https://cs6.lightnin (84 more) ..."}|0xb49fa3c
11:03:46.0 (111222299)|HEAP_ALLOCATE|[99]|Bytes:5
11:03:46.0 (111273163)|SYSTEM_MODE_ENTER|true
11:03:46.0 (111300050)|HEAP_ALLOCATE|[EXTERNAL]|Bytes:40
11:03:46.0 (111305658)|VARIABLE_SCOPE_BEGIN|[102]|this|auMainTopCompCtrl|true|false
11:03:46.0 (111339534)|VARIABLE_ASSIGNMENT|[102]|this|{"currentUser":"0x1191cf80","iTypeOfScreen":54,"urlReportsSFA":"https://cs6.lightnin (84 more) ..."}|0xb49fa3c
11:03:46.0 (111348979)|STATEMENT_EXECUTE|[102]
11:03:46.0 (111350948)|STATEMENT_EXECUTE|[103]
11:03:46.0 (111375992)|VARIABLE_ASSIGNMENT|[EXTERNAL]|this|{"currentUser":"0x1191cf80","iTypeOfScreen":54,"urlReportsSFA":"https://cs6.lightnin (84 more) ..."}|0xb49fa3c
11:03:46.0 (111389602)|HEAP_ALLOCATE|[103]|Bytes:5
11:03:46.0 (111470019)|SYSTEM_MODE_ENTER|true
11:03:46.0 (111566184)|SYSTEM_MODE_ENTER|true
11:03:46.0 (111665311)|SYSTEM_MODE_ENTER|true
11:03:46.0 (111843451)|SYSTEM_MODE_ENTER|true
11:03:46.0 (114084536)|SYSTEM_MODE_ENTER|true
11:03:46.0 (114163941)|SYSTEM_MODE_ENTER|true
11:03:46.0 (114734677)|SYSTEM_MODE_ENTER|true
11:03:46.0 (114772998)|HEAP_ALLOCATE|[EXTERNAL]|Bytes:76
11:03:46.0 (114781456)|VARIABLE_SCOPE_BEGIN|[141]|this|saDailyReportCtrl|true|false
11:03:46.0 (114946098)|VARIABLE_ASSIGNMENT|[141]|this|{"BusinessLocationName":"","currentInquiryReply":"0x6176ce65","currentInquiryReplyDetail":"0x3fc61bb6","dailyReportId":"a0IN0000006RUllMAG","dCurrentDay":"2018-06-30T00:00:00Z","dCurrentMonth":"2018-07-01T00:00:00Z","iCurrentDay":0,"idBusinessLocation":"","isIPhone":false,"isPreview":true,"lsBusinessLocation":"0x24ef40cf","messageError":"","messageQuestion":"","mpQuestions":"0x276aea33","myUser":"0x3c1d6c4f","sourceOfTheCall":"preview"}|0x43357bf6
11:03:46.0 (114966302)|SYSTEM_MODE_ENTER|false
11:03:46.0 (114973687)|HEAP_ALLOCATE|[142]|Bytes:5
11:03:46.0 (114979451)|STATEMENT_EXECUTE|[141]
11:03:46.0 (114981487)|STATEMENT_EXECUTE|[142]
11:03:46.0 (115064922)|HEAP_ALLOCATE|[142]|Bytes:4
11:03:46.0 (115077160)|HEAP_ALLOCATE|[142]|Bytes:1
11:03:46.0 (115099707)|HEAP_ALLOCATE|[142]|Bytes:1
11:03:46.0 (115108767)|HEAP_ALLOCATE|[142]|Bytes:1
11:03:46.0 (115137104)|HEAP_ALLOCATE|[142]|Bytes:2
11:03:46.0 (115153954)|HEAP_ALLOCATE|[142]|Bytes:9
11:03:46.0 (115161190)|HEAP_ALLOCATE|[142]|Bytes:10
11:03:46.0 (115167502)|SYSTEM_MODE_EXIT|false
11:03:46.0 (115346542)|SYSTEM_MODE_ENTER|true
11:03:46.0 (115775252)|SYSTEM_MODE_ENTER|true
11:03:46.0 (129177536)|VF_SERIALIZE_VIEWSTATE_BEGIN|066N0000000M4pW
11:03:46.0 (132585554)|VF_SERIALIZE_VIEWSTATE_END
11:03:46.135 (135908946)|CUMULATIVE_LIMIT_USAGE
11:03:46.135 (135908946)|LIMIT_USAGE_FOR_NS|(default)|
  Number of SOQL queries: 5 out of 100
  Number of query rows: 2 out of 50000
  Number of SOSL queries: 0 out of 20
  Number of DML statements: 0 out of 150
  Number of DML rows: 0 out of 10000
  Maximum CPU time: 0 out of 10000
  Maximum heap size: 0 out of 6000000
  Number of callouts: 0 out of 100
  Number of Email Invocations: 0 out of 10
  Number of future calls: 0 out of 50
  Number of queueable jobs added to the queue: 0 out of 50
  Number of Mobile Apex push calls: 0 out of 10

11:03:46.135 (135908946)|CUMULATIVE_LIMIT_USAGE_END

11:03:46.0 (135950776)|CODE_UNIT_FINISHED|VF: /apex/sadailyreport
11:03:46.0 (136662298)|EXECUTION_FINISHED
