38.0 APEX_CODE,FINEST;APEX_PROFILING,INFO;CALLOUT,INFO;DB,INFO;SYSTEM,DEBUG;VALIDATION,INFO;VISUALFORCE,INFO;WAVE,INFO;WORKFLOW,INFO
14:49:58.0 (54605)|USER_INFO|[EXTERNAL]|005N00000057PfO|thomas.remy+kddi_gwdev01@globalway.co.jp|Japan Standard Time|GMT+09:00
14:49:58.0 (92604)|EXECUTION_STARTED
14:49:58.0 (96372)|CODE_UNIT_STARTED|[EXTERNAL]|066N0000000M59u|VF: /apex/saReport
14:49:58.0 (246204)|VF_DESERIALIZE_VIEWSTATE_BEGIN|066N0000000M59u
14:49:58.0 (3466294)|HEAP_ALLOCATE|[72]|Bytes:3
14:49:58.0 (3492033)|HEAP_ALLOCATE|[77]|Bytes:152
14:49:58.0 (3502617)|HEAP_ALLOCATE|[342]|Bytes:408
14:49:58.0 (3513322)|HEAP_ALLOCATE|[355]|Bytes:408
14:49:58.0 (3523660)|HEAP_ALLOCATE|[467]|Bytes:48
14:49:58.0 (3543664)|HEAP_ALLOCATE|[139]|Bytes:6
14:49:58.0 (3852355)|HEAP_ALLOCATE|[50]|Bytes:5
14:49:58.0 (3870138)|HEAP_ALLOCATE|[56]|Bytes:5
14:49:58.0 (3878840)|HEAP_ALLOCATE|[64]|Bytes:7
14:49:58.0 (4945568)|VARIABLE_SCOPE_BEGIN|[5]|saReportCtrl.CASES_CHARACTER|String|false|true
14:49:58.0 (4958233)|VARIABLE_SCOPE_BEGIN|[8]|saReportCtrl.SEARCH_COUNT_NUMBER100|String|false|true
14:49:58.0 (4964513)|VARIABLE_SCOPE_BEGIN|[6]|saReportCtrl.SEARCH_COUNT_NUMBER20|String|false|true
14:49:58.0 (4970380)|VARIABLE_SCOPE_BEGIN|[7]|saReportCtrl.SEARCH_COUNT_NUMBER50|String|false|true
14:49:58.0 (4976593)|VARIABLE_SCOPE_BEGIN|[13]|saReportCtrl.SORTED_BY_FAVORITES_LABEL|String|false|true
14:49:58.0 (4982931)|VARIABLE_SCOPE_BEGIN|[19]|saReportCtrl.SORTED_BY_FAVORITES_VALUE|String|false|true
14:49:58.0 (4988968)|VARIABLE_SCOPE_BEGIN|[11]|saReportCtrl.SORTED_BY_NEWS_LABEL|String|false|true
14:49:58.0 (4994428)|VARIABLE_SCOPE_BEGIN|[17]|saReportCtrl.SORTED_BY_NEWS_VALUE|String|false|true
14:49:58.0 (4999588)|VARIABLE_SCOPE_BEGIN|[10]|saReportCtrl.SORTED_BY_NONE_LABEL|String|false|true
14:49:58.0 (5005074)|VARIABLE_SCOPE_BEGIN|[16]|saReportCtrl.SORTED_BY_NONE_VALUE|String|false|true
14:49:58.0 (5010872)|VARIABLE_SCOPE_BEGIN|[12]|saReportCtrl.SORTED_BY_NUMBER_OF_VIEWS_LABEL|String|false|true
14:49:58.0 (5017129)|VARIABLE_SCOPE_BEGIN|[18]|saReportCtrl.SORTED_BY_NUMBER_OF_VIEWS_VALUE|String|false|true
14:49:58.0 (5022715)|VARIABLE_SCOPE_BEGIN|[14]|saReportCtrl.SORTED_BY_RELEASE_DATES_LABEL|String|false|true
14:49:58.0 (5028259)|VARIABLE_SCOPE_BEGIN|[20]|saReportCtrl.SORTED_BY_RELEASE_DATES_VALUE|String|false|true
14:49:58.0 (6286381)|VARIABLE_SCOPE_BEGIN|[7]|auMainTopCompCtrl.TYPE_SCREEN_CX_SCREEN|Integer|false|true
14:49:58.0 (6299094)|VARIABLE_SCOPE_BEGIN|[8]|auMainTopCompCtrl.TYPE_SCREEN_CX_TIMELINE|Integer|false|true
14:49:58.0 (6305738)|VARIABLE_SCOPE_BEGIN|[9]|auMainTopCompCtrl.TYPE_SCREEN_EVENT_SCHEDULE|Integer|false|true
14:49:58.0 (6312546)|VARIABLE_SCOPE_BEGIN|[10]|auMainTopCompCtrl.TYPE_SCREEN_EVENT_SCHEDULE_LIST|Integer|false|true
14:49:58.0 (6319160)|VARIABLE_SCOPE_BEGIN|[11]|auMainTopCompCtrl.TYPE_SCREEN_KNOWLEDGE_DASHBOARD|Integer|false|true
14:49:58.0 (6325475)|VARIABLE_SCOPE_BEGIN|[12]|auMainTopCompCtrl.TYPE_SCREEN_KNOWLEDGE_LIST|Integer|false|true
14:49:58.0 (6332241)|VARIABLE_SCOPE_BEGIN|[15]|auMainTopCompCtrl.TYPE_SCREEN_SA_CHATTER|Integer|false|true
14:49:58.0 (6342555)|VARIABLE_SCOPE_BEGIN|[16]|auMainTopCompCtrl.TYPE_SCREEN_SA_DAILYREPORT|Integer|false|true
14:49:58.0 (6348506)|VARIABLE_SCOPE_BEGIN|[18]|auMainTopCompCtrl.TYPE_SCREEN_SA_DOCUMENTS|Integer|false|true
14:49:58.0 (6354403)|VARIABLE_SCOPE_BEGIN|[17]|auMainTopCompCtrl.TYPE_SCREEN_SA_ENQUETE|Integer|false|true
14:49:58.0 (6361330)|VARIABLE_SCOPE_BEGIN|[13]|auMainTopCompCtrl.TYPE_SCREEN_SA_MESSAGES|Integer|false|true
14:49:58.0 (6367964)|VARIABLE_SCOPE_BEGIN|[19]|auMainTopCompCtrl.TYPE_SCREEN_SA_RANKING|Integer|false|true
14:49:58.0 (6374689)|VARIABLE_SCOPE_BEGIN|[14]|auMainTopCompCtrl.TYPE_SCREEN_SA_REPORTS|Integer|false|true
14:49:58.0 (6379916)|VARIABLE_SCOPE_BEGIN|[4]|auMainTopCompCtrl.TYPE_SCREEN_STPD_EVENT|Integer|false|true
14:49:58.0 (6386700)|VARIABLE_SCOPE_BEGIN|[6]|auMainTopCompCtrl.TYPE_SCREEN_STPD_SCREEN|Integer|false|true
14:49:58.0 (6394338)|VARIABLE_SCOPE_BEGIN|[5]|auMainTopCompCtrl.TYPE_SCREEN_STPD_TIMELINE|Integer|false|true
14:49:58.0 (6401260)|VARIABLE_SCOPE_BEGIN|[3]|auMainTopCompCtrl.TYPE_SCREEN_SWITCH|Integer|false|true
14:49:58.0 (7496666)|VF_DESERIALIZE_VIEWSTATE_END
14:49:58.0 (9992604)|SYSTEM_MODE_ENTER|true
14:49:58.0 (10030635)|HEAP_ALLOCATE|[EXTERNAL]|Bytes:284
14:49:58.0 (10044306)|HEAP_ALLOCATE|[EXTERNAL]|Bytes:113
14:49:58.0 (10056352)|METHOD_ENTRY|[1]|01pN0000000Mill|auMainTopCompCtrl.auMainTopCompCtrl()
14:49:58.0 (10062215)|STATEMENT_EXECUTE|[1]
14:49:58.0 (10066954)|STATEMENT_EXECUTE|[1]
14:49:58.0 (10068543)|STATEMENT_EXECUTE|[3]
14:49:58.0 (10074879)|HEAP_ALLOCATE|[3]|Bytes:4
14:49:58.0 (10103180)|VARIABLE_ASSIGNMENT|[3]|auMainTopCompCtrl.TYPE_SCREEN_SWITCH|0
14:49:58.0 (10109785)|STATEMENT_EXECUTE|[4]
14:49:58.0 (10113658)|HEAP_ALLOCATE|[4]|Bytes:4
14:49:58.0 (10121509)|VARIABLE_ASSIGNMENT|[4]|auMainTopCompCtrl.TYPE_SCREEN_STPD_EVENT|11
14:49:58.0 (10125361)|STATEMENT_EXECUTE|[5]
14:49:58.0 (10127553)|HEAP_ALLOCATE|[5]|Bytes:4
14:49:58.0 (10133189)|VARIABLE_ASSIGNMENT|[5]|auMainTopCompCtrl.TYPE_SCREEN_STPD_TIMELINE|12
14:49:58.0 (10137439)|STATEMENT_EXECUTE|[6]
14:49:58.0 (10139295)|HEAP_ALLOCATE|[6]|Bytes:4
14:49:58.0 (10145340)|VARIABLE_ASSIGNMENT|[6]|auMainTopCompCtrl.TYPE_SCREEN_STPD_SCREEN|13
14:49:58.0 (10149151)|STATEMENT_EXECUTE|[7]
14:49:58.0 (10151185)|HEAP_ALLOCATE|[7]|Bytes:4
14:49:58.0 (10155737)|VARIABLE_ASSIGNMENT|[7]|auMainTopCompCtrl.TYPE_SCREEN_CX_SCREEN|21
14:49:58.0 (10159352)|STATEMENT_EXECUTE|[8]
14:49:58.0 (10161259)|HEAP_ALLOCATE|[8]|Bytes:4
14:49:58.0 (10165710)|VARIABLE_ASSIGNMENT|[8]|auMainTopCompCtrl.TYPE_SCREEN_CX_TIMELINE|22
14:49:58.0 (10169148)|STATEMENT_EXECUTE|[9]
14:49:58.0 (10171246)|HEAP_ALLOCATE|[9]|Bytes:4
14:49:58.0 (10176340)|VARIABLE_ASSIGNMENT|[9]|auMainTopCompCtrl.TYPE_SCREEN_EVENT_SCHEDULE|31
14:49:58.0 (10180152)|STATEMENT_EXECUTE|[10]
14:49:58.0 (10182733)|HEAP_ALLOCATE|[10]|Bytes:4
14:49:58.0 (10187673)|VARIABLE_ASSIGNMENT|[10]|auMainTopCompCtrl.TYPE_SCREEN_EVENT_SCHEDULE_LIST|32
14:49:58.0 (10191584)|STATEMENT_EXECUTE|[11]
14:49:58.0 (10193647)|HEAP_ALLOCATE|[11]|Bytes:4
14:49:58.0 (10198559)|VARIABLE_ASSIGNMENT|[11]|auMainTopCompCtrl.TYPE_SCREEN_KNOWLEDGE_DASHBOARD|41
14:49:58.0 (10201797)|STATEMENT_EXECUTE|[12]
14:49:58.0 (10203652)|HEAP_ALLOCATE|[12]|Bytes:4
14:49:58.0 (10208435)|VARIABLE_ASSIGNMENT|[12]|auMainTopCompCtrl.TYPE_SCREEN_KNOWLEDGE_LIST|42
14:49:58.0 (10212012)|STATEMENT_EXECUTE|[13]
14:49:58.0 (10213885)|HEAP_ALLOCATE|[13]|Bytes:4
14:49:58.0 (10219417)|VARIABLE_ASSIGNMENT|[13]|auMainTopCompCtrl.TYPE_SCREEN_SA_MESSAGES|51
14:49:58.0 (10222709)|STATEMENT_EXECUTE|[14]
14:49:58.0 (10225096)|HEAP_ALLOCATE|[14]|Bytes:4
14:49:58.0 (10230010)|VARIABLE_ASSIGNMENT|[14]|auMainTopCompCtrl.TYPE_SCREEN_SA_REPORTS|52
14:49:58.0 (10233554)|STATEMENT_EXECUTE|[15]
14:49:58.0 (10235698)|HEAP_ALLOCATE|[15]|Bytes:4
14:49:58.0 (10240958)|VARIABLE_ASSIGNMENT|[15]|auMainTopCompCtrl.TYPE_SCREEN_SA_CHATTER|53
14:49:58.0 (10244436)|STATEMENT_EXECUTE|[16]
14:49:58.0 (10246371)|HEAP_ALLOCATE|[16]|Bytes:4
14:49:58.0 (10251022)|VARIABLE_ASSIGNMENT|[16]|auMainTopCompCtrl.TYPE_SCREEN_SA_DAILYREPORT|54
14:49:58.0 (10253999)|STATEMENT_EXECUTE|[17]
14:49:58.0 (10255880)|HEAP_ALLOCATE|[17]|Bytes:4
14:49:58.0 (10260503)|VARIABLE_ASSIGNMENT|[17]|auMainTopCompCtrl.TYPE_SCREEN_SA_ENQUETE|55
14:49:58.0 (10263795)|STATEMENT_EXECUTE|[18]
14:49:58.0 (10265741)|HEAP_ALLOCATE|[18]|Bytes:4
14:49:58.0 (10270613)|VARIABLE_ASSIGNMENT|[18]|auMainTopCompCtrl.TYPE_SCREEN_SA_DOCUMENTS|56
14:49:58.0 (10274119)|STATEMENT_EXECUTE|[19]
14:49:58.0 (10276220)|HEAP_ALLOCATE|[19]|Bytes:4
14:49:58.0 (10281692)|VARIABLE_ASSIGNMENT|[19]|auMainTopCompCtrl.TYPE_SCREEN_SA_RANKING|57
14:49:58.0 (10288878)|METHOD_EXIT|[1]|auMainTopCompCtrl
14:49:58.0 (10294847)|HEAP_ALLOCATE|[EXTERNAL]|Bytes:40
14:49:58.0 (10304845)|VARIABLE_ASSIGNMENT|[EXTERNAL]|this.iCountComments|null|0x7529559c
14:49:58.0 (10380445)|SYSTEM_MODE_ENTER|true
14:49:58.0 (10398007)|HEAP_ALLOCATE|[EXTERNAL]|Bytes:40
14:49:58.0 (10409914)|VARIABLE_ASSIGNMENT|[EXTERNAL]|this.iCountLikes|null|0x7529559c
14:49:58.0 (10622028)|SYSTEM_MODE_ENTER|true
14:49:58.0 (10884703)|HEAP_ALLOCATE|[EXTERNAL]|Bytes:644
14:49:58.0 (10901312)|HEAP_ALLOCATE|[EXTERNAL]|Bytes:167
14:49:58.0 (10910345)|HEAP_ALLOCATE|[EXTERNAL]|Bytes:138
14:49:58.0 (10917640)|HEAP_ALLOCATE|[EXTERNAL]|Bytes:1
14:49:58.0 (10937248)|VARIABLE_ASSIGNMENT|[EXTERNAL]|saReportCtrl.CASES_CHARACTER|"件"
14:49:58.0 (10947348)|HEAP_ALLOCATE|[EXTERNAL]|Bytes:4
14:49:58.0 (10958255)|VARIABLE_ASSIGNMENT|[EXTERNAL]|saReportCtrl.SEARCH_COUNT_NUMBER100|"100件"
14:49:58.0 (10966760)|HEAP_ALLOCATE|[EXTERNAL]|Bytes:3
14:49:58.0 (10975913)|VARIABLE_ASSIGNMENT|[EXTERNAL]|saReportCtrl.SEARCH_COUNT_NUMBER20|"20件"
14:49:58.0 (10983570)|HEAP_ALLOCATE|[EXTERNAL]|Bytes:3
14:49:58.0 (10993717)|VARIABLE_ASSIGNMENT|[EXTERNAL]|saReportCtrl.SEARCH_COUNT_NUMBER50|"50件"
14:49:58.0 (11001098)|HEAP_ALLOCATE|[EXTERNAL]|Bytes:4
14:49:58.0 (11012290)|VARIABLE_ASSIGNMENT|[EXTERNAL]|saReportCtrl.SORTED_BY_FAVORITES_LABEL|"いいね順"
14:49:58.0 (11020565)|HEAP_ALLOCATE|[EXTERNAL]|Bytes:4
14:49:58.0 (11029990)|VARIABLE_ASSIGNMENT|[EXTERNAL]|saReportCtrl.SORTED_BY_FAVORITES_VALUE|"いいね順"
14:49:58.0 (11037148)|HEAP_ALLOCATE|[EXTERNAL]|Bytes:3
14:49:58.0 (11046175)|VARIABLE_ASSIGNMENT|[EXTERNAL]|saReportCtrl.SORTED_BY_NEWS_LABEL|"NEW"
14:49:58.0 (11053601)|HEAP_ALLOCATE|[EXTERNAL]|Bytes:3
14:49:58.0 (11063649)|VARIABLE_ASSIGNMENT|[EXTERNAL]|saReportCtrl.SORTED_BY_NEWS_VALUE|"NEW"
14:49:58.0 (11070288)|HEAP_ALLOCATE|[EXTERNAL]|Bytes:1
14:49:58.0 (11080323)|VARIABLE_ASSIGNMENT|[EXTERNAL]|saReportCtrl.SORTED_BY_NONE_LABEL|" "
14:49:58.0 (11087354)|HEAP_ALLOCATE|[EXTERNAL]|Bytes:1
14:49:58.0 (11096486)|VARIABLE_ASSIGNMENT|[EXTERNAL]|saReportCtrl.SORTED_BY_NONE_VALUE|" "
14:49:58.0 (11103981)|HEAP_ALLOCATE|[EXTERNAL]|Bytes:4
14:49:58.0 (11112976)|VARIABLE_ASSIGNMENT|[EXTERNAL]|saReportCtrl.SORTED_BY_NUMBER_OF_VIEWS_LABEL|"閲覧数順"
14:49:58.0 (11119886)|HEAP_ALLOCATE|[EXTERNAL]|Bytes:4
14:49:58.0 (11128454)|VARIABLE_ASSIGNMENT|[EXTERNAL]|saReportCtrl.SORTED_BY_NUMBER_OF_VIEWS_VALUE|"閲覧数順"
14:49:58.0 (11135329)|HEAP_ALLOCATE|[EXTERNAL]|Bytes:4
14:49:58.0 (11144689)|VARIABLE_ASSIGNMENT|[EXTERNAL]|saReportCtrl.SORTED_BY_RELEASE_DATES_LABEL|"公開日時"
14:49:58.0 (11151678)|HEAP_ALLOCATE|[EXTERNAL]|Bytes:4
14:49:58.0 (11160595)|VARIABLE_ASSIGNMENT|[EXTERNAL]|saReportCtrl.SORTED_BY_RELEASE_DATES_VALUE|"公開日時"
14:49:58.0 (11173031)|METHOD_ENTRY|[1]|01pN0000000aEUV|saReportCtrl.saReportCtrl()
14:49:58.0 (11181552)|STATEMENT_EXECUTE|[1]
14:49:58.0 (11186061)|STATEMENT_EXECUTE|[1]
14:49:58.0 (11202058)|SYSTEM_MODE_ENTER|false
14:49:58.0 (11216385)|HEAP_ALLOCATE|[EXTERNAL]|Bytes:5
14:49:58.0 (11226143)|SYSTEM_MODE_EXIT|false
14:49:58.0 (11237140)|METHOD_EXIT|[1]|saReportCtrl
14:49:58.0 (11244696)|HEAP_ALLOCATE|[EXTERNAL]|Bytes:120
14:49:58.0 (11253932)|VARIABLE_SCOPE_BEGIN|[62]|this|saReportCtrl|true|false
14:49:58.0 (11397098)|VARIABLE_ASSIGNMENT|[62]|this|{"categoryDataOptions":"0x2f54df6d","countDataOptions":"0x3c9fd66c","currentDay":"2018-03-12T05:49:49.244Z","currentDayMinusSeven":"2018-03-05T05:49:49.244Z","filterDateEnd":"","filterDateStart":"","filteredRecords":"0x3a5e1d6","filterKeywords":"","isFromHome":false,"isGoodSelected":false,"isNew":false,"isTrySelected":false,"isVeryGoodSelected":false,"listOfCategory":"0x3624727f","listOfSAReports":"0x3f027c61","reportComments":"0x7dece15b","reportGoodViews":"0x51eb0461","reportManagedViews":"0x44c933a9","selectedCategoryData":"新iPhone","selectedCountData":"20","selectedSortData":" ","sortDataOptions":"0x6804be25"}|0x6e8b67ea
14:49:58.0 (11427103)|SYSTEM_MODE_ENTER|false
14:49:58.0 (11434086)|HEAP_ALLOCATE|[62]|Bytes:5
14:49:58.0 (11439188)|STATEMENT_EXECUTE|[62]
14:49:58.0 (11440899)|STATEMENT_EXECUTE|[62]
14:49:58.0 (11446623)|SYSTEM_MODE_EXIT|false
14:49:58.0 (11533479)|SYSTEM_MODE_ENTER|true
14:49:58.0 (11554386)|HEAP_ALLOCATE|[EXTERNAL]|Bytes:8
14:49:58.0 (11559491)|HEAP_ALLOCATE|[EXTERNAL]|Bytes:40
14:49:58.0 (11568465)|VARIABLE_ASSIGNMENT|[EXTERNAL]|this.iTypeOfScreen|52|0x7529559c
14:49:58.0 (11693263)|SYSTEM_MODE_ENTER|true
14:49:58.0 (11836454)|SYSTEM_MODE_ENTER|true
14:49:58.0 (14848634)|SYSTEM_MODE_ENTER|true
14:49:58.0 (14900481)|SYSTEM_MODE_ENTER|true
14:49:58.0 (14979837)|SYSTEM_MODE_ENTER|true
14:49:58.0 (15049327)|SYSTEM_MODE_ENTER|true
14:49:58.0 (15160456)|SYSTEM_MODE_ENTER|true
14:49:58.0 (15248286)|SYSTEM_MODE_ENTER|true
14:49:58.0 (15317602)|SYSTEM_MODE_ENTER|true
14:49:58.0 (15387358)|SYSTEM_MODE_ENTER|true
14:49:58.0 (15496350)|SYSTEM_MODE_ENTER|true
14:49:58.0 (15540576)|SYSTEM_MODE_ENTER|true
14:49:58.0 (15576694)|SYSTEM_MODE_ENTER|true
14:49:58.0 (15610559)|SYSTEM_MODE_ENTER|true
14:49:58.0 (15644706)|SYSTEM_MODE_ENTER|true
14:49:58.0 (15679258)|SYSTEM_MODE_ENTER|true
14:49:58.0 (15713292)|SYSTEM_MODE_ENTER|true
14:49:58.0 (16893919)|SYSTEM_MODE_ENTER|true
14:49:58.0 (16980305)|SYSTEM_MODE_ENTER|true
14:49:58.0 (17043454)|SYSTEM_MODE_ENTER|true
14:49:58.0 (18003575)|SYSTEM_MODE_ENTER|true
14:49:58.0 (18027875)|HEAP_ALLOCATE|[EXTERNAL]|Bytes:5
14:49:58.0 (18033507)|HEAP_ALLOCATE|[EXTERNAL]|Bytes:120
14:49:58.0 (18045079)|VARIABLE_ASSIGNMENT|[EXTERNAL]|this.isFromHome|false|0x6e8b67ea
14:49:58.0 (18074412)|SYSTEM_MODE_ENTER|true
14:49:58.0 (18087996)|HEAP_ALLOCATE|[EXTERNAL]|Bytes:120
14:49:58.0 (18096494)|VARIABLE_ASSIGNMENT|[EXTERNAL]|this.filterKeywords|""|0x6e8b67ea
14:49:58.0 (18118924)|SYSTEM_MODE_ENTER|true
14:49:58.0 (18130397)|HEAP_ALLOCATE|[EXTERNAL]|Bytes:120
14:49:58.0 (18137925)|VARIABLE_ASSIGNMENT|[EXTERNAL]|this.filterDateStart|""|0x6e8b67ea
14:49:58.0 (18159362)|SYSTEM_MODE_ENTER|true
14:49:58.0 (18170903)|HEAP_ALLOCATE|[EXTERNAL]|Bytes:120
14:49:58.0 (18177229)|VARIABLE_ASSIGNMENT|[EXTERNAL]|this.filterDateEnd|""|0x6e8b67ea
14:49:58.0 (18197538)|SYSTEM_MODE_ENTER|true
14:49:58.0 (18209092)|HEAP_ALLOCATE|[EXTERNAL]|Bytes:120
14:49:58.0 (18216162)|VARIABLE_ASSIGNMENT|[EXTERNAL]|this.selectedCategoryData|""|0x6e8b67ea
14:49:58.0 (18236415)|SYSTEM_MODE_ENTER|true
14:49:58.0 (18247579)|HEAP_ALLOCATE|[EXTERNAL]|Bytes:120
14:49:58.0 (18254198)|VARIABLE_ASSIGNMENT|[EXTERNAL]|this.selectedSortData|""|0x6e8b67ea
14:49:58.0 (18273777)|SYSTEM_MODE_ENTER|true
14:49:58.0 (18284280)|HEAP_ALLOCATE|[EXTERNAL]|Bytes:120
14:49:58.0 (18291090)|VARIABLE_ASSIGNMENT|[EXTERNAL]|this.selectedCountData|""|0x6e8b67ea
14:49:58.0 (18340118)|SYSTEM_MODE_ENTER|true
14:49:58.0 (18353267)|HEAP_ALLOCATE|[EXTERNAL]|Bytes:40
14:49:58.0 (18360416)|VARIABLE_ASSIGNMENT|[EXTERNAL]|this.iCountComments|null|0x7529559c
14:49:58.0 (18387907)|SYSTEM_MODE_ENTER|true
14:49:58.0 (18398180)|HEAP_ALLOCATE|[EXTERNAL]|Bytes:40
14:49:58.0 (18404413)|VARIABLE_ASSIGNMENT|[EXTERNAL]|this.iCountLikes|null|0x7529559c
14:49:58.0 (18446900)|SYSTEM_MODE_ENTER|true
14:49:58.0 (18482975)|HEAP_ALLOCATE|[EXTERNAL]|Bytes:120
14:49:58.0 (18489951)|VARIABLE_SCOPE_BEGIN|[62]|this|saReportCtrl|true|false
14:49:58.0 (18575085)|VARIABLE_ASSIGNMENT|[62]|this|{"categoryDataOptions":"0x2f54df6d","countDataOptions":"0x3c9fd66c","currentDay":"2018-03-12T05:49:49.244Z","currentDayMinusSeven":"2018-03-05T05:49:49.244Z","filterDateEnd":"","filterDateStart":"","filteredRecords":"0x3a5e1d6","filterKeywords":"","isFromHome":false,"isGoodSelected":false,"isNew":false,"isTrySelected":false,"isVeryGoodSelected":false,"listOfCategory":"0x3624727f","listOfSAReports":"0x3f027c61","reportComments":"0x7dece15b","reportGoodViews":"0x51eb0461","reportManagedViews":"0x44c933a9","selectedCategoryData":"","selectedCountData":"","selectedSortData":"","sortDataOptions":"0x6804be25"}|0x6e8b67ea
14:49:58.0 (18599662)|SYSTEM_MODE_ENTER|false
14:49:58.0 (18606315)|HEAP_ALLOCATE|[62]|Bytes:5
14:49:58.0 (18611693)|STATEMENT_EXECUTE|[62]
14:49:58.0 (18613336)|STATEMENT_EXECUTE|[62]
14:49:58.0 (18617567)|SYSTEM_MODE_EXIT|false
14:49:58.0 (18674646)|SYSTEM_MODE_ENTER|true
14:49:58.0 (18689527)|HEAP_ALLOCATE|[EXTERNAL]|Bytes:8
14:49:58.0 (18693680)|HEAP_ALLOCATE|[EXTERNAL]|Bytes:40
14:49:58.0 (18701638)|VARIABLE_ASSIGNMENT|[EXTERNAL]|this.iTypeOfScreen|52|0x7529559c
14:49:58.0 (19821651)|SYSTEM_MODE_ENTER|true
14:49:58.0 (19841107)|HEAP_ALLOCATE|[EXTERNAL]|Bytes:4
14:49:58.0 (19846192)|HEAP_ALLOCATE|[EXTERNAL]|Bytes:120
14:49:58.0 (19855886)|VARIABLE_ASSIGNMENT|[EXTERNAL]|this.filterKeywords|"test"|0x6e8b67ea
14:49:58.0 (19882378)|SYSTEM_MODE_ENTER|true
14:49:58.0 (19896135)|HEAP_ALLOCATE|[EXTERNAL]|Bytes:120
14:49:58.0 (19903829)|VARIABLE_ASSIGNMENT|[EXTERNAL]|this.filterDateStart|""|0x6e8b67ea
14:49:58.0 (19925549)|SYSTEM_MODE_ENTER|true
14:49:58.0 (19937393)|HEAP_ALLOCATE|[EXTERNAL]|Bytes:120
14:49:58.0 (19944156)|VARIABLE_ASSIGNMENT|[EXTERNAL]|this.filterDateEnd|""|0x6e8b67ea
14:49:58.0 (19969961)|SYSTEM_MODE_ENTER|true
14:49:58.0 (19981620)|HEAP_ALLOCATE|[EXTERNAL]|Bytes:7
14:49:58.0 (19985931)|HEAP_ALLOCATE|[EXTERNAL]|Bytes:120
14:49:58.0 (19994712)|VARIABLE_ASSIGNMENT|[EXTERNAL]|this.selectedCategoryData|"新iPhone"|0x6e8b67ea
14:49:58.0 (20017901)|SYSTEM_MODE_ENTER|true
14:49:58.0 (20029831)|HEAP_ALLOCATE|[EXTERNAL]|Bytes:1
14:49:58.0 (20032765)|HEAP_ALLOCATE|[EXTERNAL]|Bytes:120
14:49:58.0 (20039272)|VARIABLE_ASSIGNMENT|[EXTERNAL]|this.selectedSortData|" "|0x6e8b67ea
14:49:58.0 (20063389)|SYSTEM_MODE_ENTER|true
14:49:58.0 (20074201)|HEAP_ALLOCATE|[EXTERNAL]|Bytes:2
14:49:58.0 (20078236)|HEAP_ALLOCATE|[EXTERNAL]|Bytes:120
14:49:58.0 (20085243)|VARIABLE_ASSIGNMENT|[EXTERNAL]|this.selectedCountData|"20"|0x6e8b67ea
14:49:58.0 (20875397)|SYSTEM_MODE_ENTER|true
14:49:58.0 (20915680)|SYSTEM_MODE_ENTER|true
14:49:58.0 (20956913)|SYSTEM_MODE_ENTER|true
14:49:58.0 (20997724)|SYSTEM_MODE_ENTER|true
14:49:58.0 (21047005)|SYSTEM_MODE_ENTER|true
14:49:58.102 (102426421)|CUMULATIVE_LIMIT_USAGE
14:49:58.102 (102426421)|LIMIT_USAGE_FOR_NS|(default)|
  Number of SOQL queries: 0 out of 100
  Number of query rows: 0 out of 50000
  Number of SOSL queries: 0 out of 20
  Number of DML statements: 0 out of 150
  Number of DML rows: 0 out of 10000
  Maximum CPU time: 0 out of 10000
  Maximum heap size: 0 out of 6000000
  Number of callouts: 0 out of 100
  Number of Email Invocations: 0 out of 10
  Number of future calls: 0 out of 50
  Number of queueable jobs added to the queue: 0 out of 50
  Number of Mobile Apex push calls: 0 out of 10

14:49:58.102 (102426421)|CUMULATIVE_LIMIT_USAGE_END

14:49:58.0 (102480089)|CODE_UNIT_FINISHED|VF: /apex/saReport
14:49:58.0 (103206121)|EXECUTION_FINISHED
