38.0 APEX_CODE,FINEST;APEX_PROFILING,INFO;CALLOUT,INFO;DB,INFO;NBA,INFO;SYSTEM,DEBUG;VALIDATION,INFO;VISUALFORCE,INFO;WAVE,INFO;WORKFLOW,INFO
15:02:23.0 (83964)|USER_INFO|[EXTERNAL]|005N00000057RPN|duc.huynhmanh+kddi-gwdev01@globalway.co.jp|日本標準時|GMT+09:00
15:02:23.0 (117813)|EXECUTION_STARTED
15:02:23.0 (122834)|CODE_UNIT_STARTED|[EXTERNAL]|066N0000000F3A9|VF: /apex/auCXKnowledgeListPage
15:02:23.0 (656137)|VF_DESERIALIZE_VIEWSTATE_BEGIN|066N0000000F3A9
15:02:23.0 (12801158)|HEAP_ALLOCATE|[72]|Bytes:3
15:02:23.0 (12849141)|HEAP_ALLOCATE|[77]|Bytes:152
15:02:23.0 (12862102)|HEAP_ALLOCATE|[342]|Bytes:408
15:02:23.0 (12879315)|HEAP_ALLOCATE|[355]|Bytes:408
15:02:23.0 (12890474)|HEAP_ALLOCATE|[467]|Bytes:48
15:02:23.0 (12915899)|HEAP_ALLOCATE|[139]|Bytes:6
15:02:23.0 (12942436)|HEAP_ALLOCATE|[50]|Bytes:5
15:02:23.0 (12964413)|HEAP_ALLOCATE|[56]|Bytes:5
15:02:23.0 (12971752)|HEAP_ALLOCATE|[64]|Bytes:7
15:02:23.0 (16538257)|VARIABLE_SCOPE_BEGIN|[27]|auCXKnowledgeListCtrl.COOKIE_CATEGORY|String|false|true
15:02:23.0 (16553367)|VARIABLE_SCOPE_BEGIN|[29]|auCXKnowledgeListCtrl.COOKIE_EXPIRATION_DATE|Integer|false|true
15:02:23.0 (16561155)|VARIABLE_SCOPE_BEGIN|[22]|auCXKnowledgeListCtrl.COOKIE_FAVORITE|String|false|true
15:02:23.0 (16567783)|VARIABLE_SCOPE_BEGIN|[21]|auCXKnowledgeListCtrl.COOKIE_FREETEXT|String|false|true
15:02:23.0 (16574164)|VARIABLE_SCOPE_BEGIN|[28]|auCXKnowledgeListCtrl.COOKIE_LABEL_INIT_SEARCH_FLG|String|false|true
15:02:23.0 (16581787)|VARIABLE_SCOPE_BEGIN|[18]|auCXKnowledgeListCtrl.COOKIE_PREFIX|String|false|true
15:02:23.0 (16587687)|VARIABLE_SCOPE_BEGIN|[23]|auCXKnowledgeListCtrl.COOKIE_SHISHA|String|false|true
15:02:23.0 (16593479)|VARIABLE_SCOPE_BEGIN|[24]|auCXKnowledgeListCtrl.COOKIE_SHITEN|String|false|true
15:02:23.0 (16599795)|VARIABLE_SCOPE_BEGIN|[26]|auCXKnowledgeListCtrl.COOKIE_SHOPS|String|false|true
15:02:23.0 (16606611)|VARIABLE_SCOPE_BEGIN|[19]|auCXKnowledgeListCtrl.COOKIE_STATUS|String|false|true
15:02:23.0 (16612860)|VARIABLE_SCOPE_BEGIN|[25]|auCXKnowledgeListCtrl.COOKIE_UNEIHOJIN|String|false|true
15:02:23.0 (16620338)|VARIABLE_SCOPE_BEGIN|[3]|auCXKnowledgeListCtrl.URL_PARAM_NAME_CX_KNOWLEDGE_ID|String|false|true
15:02:23.0 (16628680)|VARIABLE_SCOPE_BEGIN|[4]|auCXKnowledgeListCtrl.URL_PARAM_NAME_SHOP_ID|String|false|true
15:02:23.0 (20126645)|VARIABLE_SCOPE_BEGIN|[25]|auMainTopCompCtrl.TYPE_SCREEN_ACCOUNT_LIST|Integer|false|true
15:02:23.0 (20140494)|VARIABLE_SCOPE_BEGIN|[26]|auMainTopCompCtrl.TYPE_SCREEN_ACTIVITY_LIST|Integer|false|true
15:02:23.0 (20148354)|VARIABLE_SCOPE_BEGIN|[7]|auMainTopCompCtrl.TYPE_SCREEN_CX_SCREEN|Integer|false|true
15:02:23.0 (20155346)|VARIABLE_SCOPE_BEGIN|[8]|auMainTopCompCtrl.TYPE_SCREEN_CX_TIMELINE|Integer|false|true
15:02:23.0 (20162086)|VARIABLE_SCOPE_BEGIN|[9]|auMainTopCompCtrl.TYPE_SCREEN_EVENT_SCHEDULE|Integer|false|true
15:02:23.0 (20168342)|VARIABLE_SCOPE_BEGIN|[10]|auMainTopCompCtrl.TYPE_SCREEN_EVENT_SCHEDULE_LIST|Integer|false|true
15:02:23.0 (20174686)|VARIABLE_SCOPE_BEGIN|[27]|auMainTopCompCtrl.TYPE_SCREEN_FILE_LIST|Integer|false|true
15:02:23.0 (20180804)|VARIABLE_SCOPE_BEGIN|[24]|auMainTopCompCtrl.TYPE_SCREEN_HONBU_DIRECT|Integer|false|true
15:02:23.0 (20186829)|VARIABLE_SCOPE_BEGIN|[11]|auMainTopCompCtrl.TYPE_SCREEN_KNOWLEDGE_DASHBOARD|Integer|false|true
15:02:23.0 (20193003)|VARIABLE_SCOPE_BEGIN|[12]|auMainTopCompCtrl.TYPE_SCREEN_KNOWLEDGE_LIST|Integer|false|true
15:02:23.0 (20199198)|VARIABLE_SCOPE_BEGIN|[15]|auMainTopCompCtrl.TYPE_SCREEN_SA_CHATTER|Integer|false|true
15:02:23.0 (20205767)|VARIABLE_SCOPE_BEGIN|[16]|auMainTopCompCtrl.TYPE_SCREEN_SA_DAILYREPORT|Integer|false|true
15:02:23.0 (20212082)|VARIABLE_SCOPE_BEGIN|[22]|auMainTopCompCtrl.TYPE_SCREEN_SA_DAILYREPORTLIST|Integer|false|true
15:02:23.0 (20218349)|VARIABLE_SCOPE_BEGIN|[18]|auMainTopCompCtrl.TYPE_SCREEN_SA_DOCUMENTS|Integer|false|true
15:02:23.0 (20224766)|VARIABLE_SCOPE_BEGIN|[17]|auMainTopCompCtrl.TYPE_SCREEN_SA_ENQUETE|Integer|false|true
15:02:23.0 (20231162)|VARIABLE_SCOPE_BEGIN|[20]|auMainTopCompCtrl.TYPE_SCREEN_SA_LINKS|Integer|false|true
15:02:23.0 (20237795)|VARIABLE_SCOPE_BEGIN|[13]|auMainTopCompCtrl.TYPE_SCREEN_SA_MESSAGES|Integer|false|true
15:02:23.0 (20244316)|VARIABLE_SCOPE_BEGIN|[19]|auMainTopCompCtrl.TYPE_SCREEN_SA_RANKING|Integer|false|true
15:02:23.0 (20250748)|VARIABLE_SCOPE_BEGIN|[14]|auMainTopCompCtrl.TYPE_SCREEN_SA_REPORTS|Integer|false|true
15:02:23.0 (20257140)|VARIABLE_SCOPE_BEGIN|[23]|auMainTopCompCtrl.TYPE_SCREEN_SA_TODO|Integer|false|true
15:02:23.0 (20264003)|VARIABLE_SCOPE_BEGIN|[21]|auMainTopCompCtrl.TYPE_SCREEN_SA_USRSETTINGS|Integer|false|true
15:02:23.0 (20270674)|VARIABLE_SCOPE_BEGIN|[4]|auMainTopCompCtrl.TYPE_SCREEN_STPD_EVENT|Integer|false|true
15:02:23.0 (20277283)|VARIABLE_SCOPE_BEGIN|[6]|auMainTopCompCtrl.TYPE_SCREEN_STPD_SCREEN|Integer|false|true
15:02:23.0 (20284014)|VARIABLE_SCOPE_BEGIN|[5]|auMainTopCompCtrl.TYPE_SCREEN_STPD_TIMELINE|Integer|false|true
15:02:23.0 (20291055)|VARIABLE_SCOPE_BEGIN|[3]|auMainTopCompCtrl.TYPE_SCREEN_SWITCH|Integer|false|true
15:02:23.0 (24312608)|VF_DESERIALIZE_VIEWSTATE_END
15:02:23.0 (29494751)|SYSTEM_MODE_ENTER|true
15:02:23.0 (29529324)|HEAP_ALLOCATE|[EXTERNAL]|Bytes:12
15:02:23.0 (29542891)|HEAP_ALLOCATE|[EXTERNAL]|Bytes:896
15:02:23.0 (29549290)|HEAP_ALLOCATE|[EXTERNAL]|Bytes:455
15:02:23.0 (29555077)|HEAP_ALLOCATE|[EXTERNAL]|Bytes:27
15:02:23.0 (29559835)|HEAP_ALLOCATE|[EXTERNAL]|Bytes:8
15:02:23.0 (29602790)|VARIABLE_ASSIGNMENT|[EXTERNAL]|auCXKnowledgeListCtrl.COOKIE_CATEGORY|"Category"
15:02:23.0 (29609838)|HEAP_ALLOCATE|[EXTERNAL]|Bytes:8
15:02:23.0 (29617348)|VARIABLE_ASSIGNMENT|[EXTERNAL]|auCXKnowledgeListCtrl.COOKIE_FAVORITE|"Favorite"
15:02:23.0 (29621907)|HEAP_ALLOCATE|[EXTERNAL]|Bytes:8
15:02:23.0 (29627951)|VARIABLE_ASSIGNMENT|[EXTERNAL]|auCXKnowledgeListCtrl.COOKIE_FREETEXT|"FreeText"
15:02:23.0 (29632215)|HEAP_ALLOCATE|[EXTERNAL]|Bytes:13
15:02:23.0 (29639221)|VARIABLE_ASSIGNMENT|[EXTERNAL]|auCXKnowledgeListCtrl.COOKIE_LABEL_INIT_SEARCH_FLG|"initSearchFlg"
15:02:23.0 (29643942)|HEAP_ALLOCATE|[EXTERNAL]|Bytes:22
15:02:23.0 (29652463)|VARIABLE_ASSIGNMENT|[EXTERNAL]|auCXKnowledgeListCtrl.COOKIE_PREFIX|"auCXKnowledgeListPag (2 more) ..."
15:02:23.0 (29657263)|HEAP_ALLOCATE|[EXTERNAL]|Bytes:6
15:02:23.0 (29663385)|VARIABLE_ASSIGNMENT|[EXTERNAL]|auCXKnowledgeListCtrl.COOKIE_SHISHA|"Shisha"
15:02:23.0 (29667416)|HEAP_ALLOCATE|[EXTERNAL]|Bytes:6
15:02:23.0 (29673006)|VARIABLE_ASSIGNMENT|[EXTERNAL]|auCXKnowledgeListCtrl.COOKIE_SHITEN|"Shiten"
15:02:23.0 (29676757)|HEAP_ALLOCATE|[EXTERNAL]|Bytes:5
15:02:23.0 (29682792)|VARIABLE_ASSIGNMENT|[EXTERNAL]|auCXKnowledgeListCtrl.COOKIE_SHOPS|"Shops"
15:02:23.0 (29687162)|HEAP_ALLOCATE|[EXTERNAL]|Bytes:6
15:02:23.0 (29693009)|VARIABLE_ASSIGNMENT|[EXTERNAL]|auCXKnowledgeListCtrl.COOKIE_STATUS|"Status"
15:02:23.0 (29697189)|HEAP_ALLOCATE|[EXTERNAL]|Bytes:9
15:02:23.0 (29703614)|VARIABLE_ASSIGNMENT|[EXTERNAL]|auCXKnowledgeListCtrl.COOKIE_UNEIHOJIN|"UneiHojin"
15:02:23.0 (29708045)|HEAP_ALLOCATE|[EXTERNAL]|Bytes:11
15:02:23.0 (29715405)|VARIABLE_ASSIGNMENT|[EXTERNAL]|auCXKnowledgeListCtrl.URL_PARAM_NAME_CX_KNOWLEDGE_ID|"cxknowledge"
15:02:23.0 (29719656)|HEAP_ALLOCATE|[EXTERNAL]|Bytes:4
15:02:23.0 (29726229)|VARIABLE_ASSIGNMENT|[EXTERNAL]|auCXKnowledgeListCtrl.URL_PARAM_NAME_SHOP_ID|"shop"
15:02:23.0 (29740527)|METHOD_ENTRY|[1]|01pN0000000MoP2|auCXKnowledgeListCtrl.auCXKnowledgeListCtrl()
15:02:23.0 (29746585)|STATEMENT_EXECUTE|[1]
15:02:23.0 (29751509)|STATEMENT_EXECUTE|[1]
15:02:23.0 (29760885)|SYSTEM_MODE_ENTER|false
15:02:23.0 (29775376)|HEAP_ALLOCATE|[29]|Bytes:5
15:02:23.0 (29780226)|STATEMENT_EXECUTE|[29]
15:02:23.0 (29788135)|HEAP_ALLOCATE|[29]|Bytes:4
15:02:23.0 (29798656)|VARIABLE_ASSIGNMENT|[29]|auCXKnowledgeListCtrl.COOKIE_EXPIRATION_DATE|-1
15:02:23.0 (29803429)|STATEMENT_EXECUTE|[1349]
15:02:23.0 (29808957)|SYSTEM_MODE_EXIT|false
15:02:23.0 (29819004)|METHOD_EXIT|[1]|auCXKnowledgeListCtrl
15:02:23.0 (29982320)|SYSTEM_MODE_ENTER|true
15:02:23.0 (30012686)|HEAP_ALLOCATE|[EXTERNAL]|Bytes:4
15:02:23.0 (30028266)|HEAP_ALLOCATE|[EXTERNAL]|Bytes:204
15:02:23.0 (30209463)|VARIABLE_ASSIGNMENT|[EXTERNAL]|this.attachmentId|""|0x3a4f4988
15:02:23.0 (30781333)|HEAP_ALLOCATE|[EXTERNAL]|Bytes:204
15:02:23.0 (30793109)|VARIABLE_SCOPE_BEGIN|[1124]|this|auCXKnowledgeListCtrl|true|false
15:02:23.0 (31188611)|VARIABLE_ASSIGNMENT|[1124]|this|{"attachmentId":"","categoryOptions":"0xdae24d9","currentUser":"0x4ded2fed","cxKnowledgeAttachSharing":"0","cxKnowledgeNew":"0x3457672e","cxKnowledgeUpdate":"0x3751189e","cxKnowledgeUpdateComments":"0x4ba57a41","cxKnowledgeUpdateFeedId":"0D5N000000UCchNKAT","cxKnowledgeUpdateId":"a09N000000BJepMIAT","errorMessage":"","filterFavorite":false,"filterFreeText":"","filterStatus":"","initSearchFlg":"true","isApprover":false,"isCreator":false,"isHonbu":false,"isLikedAlready":false,"isNationalApprover":false,"isRestrictedUser":false,"isShisha":false,"isShiten":false,"isShopUser":false,"lsCxKnowledgeUpdateAttachment":"0x6f13a69f","mpUserComment":"0x60f2d244","optShisha":"0x5fd8b32c","optShiten":"0x3fcfbde4","optUneiHojin":"0x4d1ac3dc","orderBy":"DisplayedDate__c DESC","pageNum":1,"pageSize":20,"recordsCount":91,"searchFilter":"","ShopsOptions":"0x3b0c48c9","ssc":"0x21d7cd57","whereStr":" WHERE IsCommentOnly__c = False"}|0x3a4f4988
15:02:23.0 (31219800)|SYSTEM_MODE_ENTER|false
15:02:23.0 (31227968)|HEAP_ALLOCATE|[1125]|Bytes:5
15:02:23.0 (31233609)|STATEMENT_EXECUTE|[1124]
15:02:23.0 (31235535)|STATEMENT_EXECUTE|[1125]
15:02:23.0 (31239337)|HEAP_ALLOCATE|[1125]|Bytes:12
15:02:23.0 (31289956)|USER_DEBUG|[1125]|DEBUG|start liking
15:02:23.0 (31302005)|STATEMENT_EXECUTE|[1126]
15:02:23.0 (31304953)|HEAP_ALLOCATE|[1126]|Bytes:27
15:02:23.0 (31535494)|VARIABLE_ASSIGNMENT|[EXTERNAL]|this|{"attachmentId":"","categoryOptions":"0xdae24d9","currentUser":"0x4ded2fed","cxKnowledgeAttachSharing":"0","cxKnowledgeNew":"0x3457672e","cxKnowledgeUpdate":"0x3751189e","cxKnowledgeUpdateComments":"0x4ba57a41","cxKnowledgeUpdateFeedId":"0D5N000000UCchNKAT","cxKnowledgeUpdateId":"a09N000000BJepMIAT","errorMessage":"","filterFavorite":false,"filterFreeText":"","filterStatus":"","initSearchFlg":"true","isApprover":false,"isCreator":false,"isHonbu":false,"isLikedAlready":false,"isNationalApprover":false,"isRestrictedUser":false,"isShisha":false,"isShiten":false,"isShopUser":false,"lsCxKnowledgeUpdateAttachment":"0x6f13a69f","mpUserComment":"0x60f2d244","optShisha":"0x5fd8b32c","optShiten":"0x3fcfbde4","optUneiHojin":"0x4d1ac3dc","orderBy":"DisplayedDate__c DESC","pageNum":1,"pageSize":20,"recordsCount":91,"searchFilter":"","ShopsOptions":"0x3b0c48c9","ssc":"0x21d7cd57","whereStr":" WHERE IsCommentOnly__c = False"}|0x3a4f4988
15:02:23.0 (31715592)|HEAP_ALLOCATE|[1126]|Bytes:58
15:02:23.0 (31739631)|HEAP_ALLOCATE|[1126]|Bytes:85
15:02:23.0 (31749965)|USER_DEBUG|[1126]|DEBUG|cxKnowledgeUpdateComments: (auCXKnowledge__Feed:{Id=0D5N000000UCchNKAT, LikeCount=0})
15:02:23.0 (31981592)|VARIABLE_ASSIGNMENT|[EXTERNAL]|this|{"attachmentId":"","categoryOptions":"0xdae24d9","currentUser":"0x4ded2fed","cxKnowledgeAttachSharing":"0","cxKnowledgeNew":"0x3457672e","cxKnowledgeUpdate":"0x3751189e","cxKnowledgeUpdateComments":"0x4ba57a41","cxKnowledgeUpdateFeedId":"0D5N000000UCchNKAT","cxKnowledgeUpdateId":"a09N000000BJepMIAT","errorMessage":"","filterFavorite":false,"filterFreeText":"","filterStatus":"","initSearchFlg":"true","isApprover":false,"isCreator":false,"isHonbu":false,"isLikedAlready":false,"isNationalApprover":false,"isRestrictedUser":false,"isShisha":false,"isShiten":false,"isShopUser":false,"lsCxKnowledgeUpdateAttachment":"0x6f13a69f","mpUserComment":"0x60f2d244","optShisha":"0x5fd8b32c","optShiten":"0x3fcfbde4","optUneiHojin":"0x4d1ac3dc","orderBy":"DisplayedDate__c DESC","pageNum":1,"pageSize":20,"recordsCount":91,"searchFilter":"","ShopsOptions":"0x3b0c48c9","ssc":"0x21d7cd57","whereStr":" WHERE IsCommentOnly__c = False"}|0x3a4f4988
15:02:23.0 (32053449)|STATEMENT_EXECUTE|[1127]
15:02:23.0 (32056461)|STATEMENT_EXECUTE|[1128]
15:02:23.0 (32263393)|VARIABLE_ASSIGNMENT|[EXTERNAL]|this|{"attachmentId":"","categoryOptions":"0xdae24d9","currentUser":"0x4ded2fed","cxKnowledgeAttachSharing":"0","cxKnowledgeNew":"0x3457672e","cxKnowledgeUpdate":"0x3751189e","cxKnowledgeUpdateComments":"0x4ba57a41","cxKnowledgeUpdateFeedId":"0D5N000000UCchNKAT","cxKnowledgeUpdateId":"a09N000000BJepMIAT","errorMessage":"","filterFavorite":false,"filterFreeText":"","filterStatus":"","initSearchFlg":"true","isApprover":false,"isCreator":false,"isHonbu":false,"isLikedAlready":false,"isNationalApprover":false,"isRestrictedUser":false,"isShisha":false,"isShiten":false,"isShopUser":false,"lsCxKnowledgeUpdateAttachment":"0x6f13a69f","mpUserComment":"0x60f2d244","optShisha":"0x5fd8b32c","optShiten":"0x3fcfbde4","optUneiHojin":"0x4d1ac3dc","orderBy":"DisplayedDate__c DESC","pageNum":1,"pageSize":20,"recordsCount":91,"searchFilter":"","ShopsOptions":"0x3b0c48c9","ssc":"0x21d7cd57","whereStr":" WHERE IsCommentOnly__c = False"}|0x3a4f4988
15:02:23.0 (32323025)|HEAP_ALLOCATE|[1128]|Bytes:12
15:02:23.0 (39983131)|VARIABLE_SCOPE_BEGIN|[4]|auUtilChatter.ROLE_CODE_HONBU|String|false|true
15:02:23.0 (40002875)|HEAP_ALLOCATE|[1128]|Bytes:73
15:02:23.0 (40010271)|HEAP_ALLOCATE|[1128]|Bytes:7
15:02:23.0 (40020853)|VARIABLE_ASSIGNMENT|[1128]|auUtilChatter.ROLE_CODE_HONBU|"C000000"
15:02:23.0 (40051826)|METHOD_ENTRY|[1]|01pN0000000MnED|auUtilChatter.auUtilChatter()
15:02:23.0 (40057349)|STATEMENT_EXECUTE|[1]
15:02:23.0 (40060710)|STATEMENT_EXECUTE|[1]
15:02:23.0 (40066505)|SYSTEM_MODE_ENTER|true
15:02:23.0 (40072889)|HEAP_ALLOCATE|[1128]|Bytes:5
15:02:23.0 (40078529)|SYSTEM_MODE_EXIT|true
15:02:23.0 (40085213)|METHOD_EXIT|[1]|auUtilChatter
15:02:23.0 (40103798)|METHOD_ENTRY|[1128]|01pN0000000MnED|auUtilChatter.likeFeedElement(Id)
15:02:23.0 (40112093)|VARIABLE_SCOPE_BEGIN|[828]|feedElementId|Id|false|false
15:02:23.0 (40176275)|VARIABLE_ASSIGNMENT|[828]|feedElementId|"0D5N000000UCchNKAT"
15:02:23.0 (40186892)|SYSTEM_MODE_ENTER|true
15:02:23.0 (40193204)|HEAP_ALLOCATE|[830]|Bytes:5
15:02:23.0 (40198517)|STATEMENT_EXECUTE|[828]
15:02:23.0 (40200682)|STATEMENT_EXECUTE|[830]
15:02:23.0 (40210803)|HEAP_ALLOCATE|[830]|Bytes:18
15:02:23.0 (40260642)|HEAP_ALLOCATE|[830]|Bytes:1459
15:02:23.0 (40269801)|SYSTEM_METHOD_ENTRY|[5]|ChatterFeeds.ChatterFeeds()
15:02:23.0 (40273617)|STATEMENT_EXECUTE|[5]
15:02:23.0 (40278793)|SYSTEM_METHOD_EXIT|[5]|ChatterFeeds
15:02:23.0 (40295295)|METHOD_ENTRY|[830]||ConnectApi.ChatterFeeds.likeFeedElement(String, String)
15:02:23.0 (135993058)|SYSTEM_METHOD_ENTRY|[5]|ChatterLike.ChatterLike()
15:02:23.0 (136006111)|STATEMENT_EXECUTE|[5]
15:02:23.0 (136014960)|SYSTEM_METHOD_EXIT|[5]|ChatterLike
15:02:23.0 (136156663)|HEAP_ALLOCATE|[178]|Bytes:44
15:02:23.0 (136166462)|HEAP_ALLOCATE|[178]|Bytes:12
15:02:23.0 (136171711)|HEAP_ALLOCATE|[178]|Bytes:8
15:02:23.0 (136178724)|VARIABLE_SCOPE_BEGIN|[30]|this|ConnectApi.ChatterLike|true|false
15:02:23.0 (136243094)|VARIABLE_ASSIGNMENT|[30]|this|{}|0x6dc4801d
15:02:23.0 (136252560)|VARIABLE_SCOPE_BEGIN|[30]|versionIn|Double|false|false
15:02:23.0 (136264836)|VARIABLE_ASSIGNMENT|[30]|versionIn|38.0
15:02:23.0 (136270338)|VARIABLE_SCOPE_BEGIN|[30]|javaObj|java:sfdc.chatter.connect.api.output.feeds.LikeRepresentation|true|false
15:02:23.0 (136356393)|VARIABLE_ASSIGNMENT|[30]|javaObj|"sfdc.chatter.connect.api.output.feeds.LikeRepresentation@53017528"|0x53017528
15:02:23.0 (136807377)|SYSTEM_METHOD_ENTRY|[5]|Reference.Reference()
15:02:23.0 (136814086)|STATEMENT_EXECUTE|[5]
15:02:23.0 (136819044)|SYSTEM_METHOD_EXIT|[5]|Reference
15:02:23.0 (136826639)|HEAP_ALLOCATE|[37]|Bytes:28
15:02:23.0 (136831820)|HEAP_ALLOCATE|[37]|Bytes:12
15:02:23.0 (136836371)|HEAP_ALLOCATE|[37]|Bytes:8
15:02:23.0 (136841051)|VARIABLE_SCOPE_BEGIN|[26]|this|ConnectApi.Reference|true|false
15:02:23.0 (136868823)|VARIABLE_ASSIGNMENT|[26]|this|{}|0x56f92ce6
15:02:23.0 (136876029)|VARIABLE_SCOPE_BEGIN|[26]|versionIn|Double|false|false
15:02:23.0 (136884856)|VARIABLE_ASSIGNMENT|[26]|versionIn|38.0
15:02:23.0 (136889533)|VARIABLE_SCOPE_BEGIN|[26]|javaObj|java:sfdc.common.connect.api.output.common.ReferenceRepresentation|true|false
15:02:23.0 (136954935)|VARIABLE_ASSIGNMENT|[26]|javaObj|"sfdc.common.connect.api.output.common.ReferenceRepresentation@c5dad61"|0xc5dad61
15:02:23.0 (137119162)|SYSTEM_METHOD_ENTRY|[5]|UserSummary.UserSummary()
15:02:23.0 (137125394)|STATEMENT_EXECUTE|[5]
15:02:23.0 (137129999)|SYSTEM_METHOD_EXIT|[5]|UserSummary
15:02:23.0 (137137119)|HEAP_ALLOCATE|[44]|Bytes:180
15:02:23.0 (137141666)|HEAP_ALLOCATE|[44]|Bytes:12
15:02:23.0 (137145958)|HEAP_ALLOCATE|[44]|Bytes:8
15:02:23.0 (137150560)|VARIABLE_SCOPE_BEGIN|[19]|this|ConnectApi.UserSummary|true|false
15:02:23.0 (137181032)|HEAP_ALLOCATE|[44]|Bytes:380
15:02:23.0 (137187013)|HEAP_ALLOCATE|[44]|Bytes:84
15:02:23.0 (137211159)|SYSTEM_METHOD_ENTRY|[5]|User.User()
15:02:23.0 (137214581)|STATEMENT_EXECUTE|[5]
15:02:23.0 (137218580)|SYSTEM_METHOD_EXIT|[5]|User
15:02:23.0 (137232214)|HEAP_ALLOCATE|[44]|Bytes:204
15:02:23.0 (137237018)|HEAP_ALLOCATE|[44]|Bytes:49
15:02:23.0 (137243198)|SYSTEM_METHOD_ENTRY|[5]|ActorWithId.ActorWithId()
15:02:23.0 (137245961)|STATEMENT_EXECUTE|[5]
15:02:23.0 (137248576)|SYSTEM_METHOD_EXIT|[5]|ActorWithId
15:02:23.0 (137256095)|HEAP_ALLOCATE|[44]|Bytes:116
15:02:23.0 (137260699)|HEAP_ALLOCATE|[44]|Bytes:40
15:02:23.0 (137266527)|SYSTEM_METHOD_ENTRY|[5]|Actor.Actor()
15:02:23.0 (137269753)|STATEMENT_EXECUTE|[5]
15:02:23.0 (137272313)|SYSTEM_METHOD_EXIT|[5]|Actor
15:02:23.0 (137287769)|VARIABLE_ASSIGNMENT|[19]|this|{}|0x45d0109f
15:02:23.0 (137294284)|VARIABLE_SCOPE_BEGIN|[19]|versionIn|Double|false|false
15:02:23.0 (137302814)|VARIABLE_ASSIGNMENT|[19]|versionIn|38.0
15:02:23.0 (137306866)|VARIABLE_SCOPE_BEGIN|[19]|javaObj|java:sfdc.chatter.connect.api.output.user.UserSummaryRepresentation|true|false
15:02:23.0 (137377581)|VARIABLE_ASSIGNMENT|[19]|javaObj|"\n<User id(005N00000057RPNIA2) name(Duc) />"|0x1da09538
15:02:23.0 (137617602)|SYSTEM_METHOD_ENTRY|[5]|Motif.Motif()
15:02:23.0 (137623239)|STATEMENT_EXECUTE|[5]
15:02:23.0 (137626989)|SYSTEM_METHOD_EXIT|[5]|Motif
15:02:23.0 (137633188)|HEAP_ALLOCATE|[34]|Bytes:52
15:02:23.0 (137638113)|HEAP_ALLOCATE|[34]|Bytes:12
15:02:23.0 (137642545)|HEAP_ALLOCATE|[34]|Bytes:8
15:02:23.0 (137646924)|VARIABLE_SCOPE_BEGIN|[32]|this|ConnectApi.Motif|true|false
15:02:23.0 (137670943)|VARIABLE_ASSIGNMENT|[32]|this|{}|0x2211476
15:02:23.0 (137677368)|VARIABLE_SCOPE_BEGIN|[32]|versionIn|Double|false|false
15:02:23.0 (137685172)|VARIABLE_ASSIGNMENT|[32]|versionIn|38.0
15:02:23.0 (137689456)|VARIABLE_SCOPE_BEGIN|[32]|javaObj|java:sfdc.common.connect.api.output.common.MotifRepresentation|true|false
15:02:23.0 (137752730)|VARIABLE_ASSIGNMENT|[32]|javaObj|"sfdc.common.connect.api.output.common.MotifRepresentation@637687f6"|0x637687f6
15:02:23.0 (137999183)|SYSTEM_METHOD_ENTRY|[5]|OutOfOffice.OutOfOffice()
15:02:23.0 (138004677)|STATEMENT_EXECUTE|[5]
15:02:23.0 (138009447)|SYSTEM_METHOD_EXIT|[5]|OutOfOffice
15:02:23.0 (138015922)|HEAP_ALLOCATE|[68]|Bytes:20
15:02:23.0 (138021013)|HEAP_ALLOCATE|[68]|Bytes:12
15:02:23.0 (138025508)|HEAP_ALLOCATE|[68]|Bytes:8
15:02:23.0 (138029735)|VARIABLE_SCOPE_BEGIN|[24]|this|ConnectApi.OutOfOffice|true|false
15:02:23.0 (138048027)|VARIABLE_ASSIGNMENT|[24]|this|{}|0x266737ef
15:02:23.0 (138055048)|VARIABLE_SCOPE_BEGIN|[24]|versionIn|Double|false|false
15:02:23.0 (138063187)|VARIABLE_ASSIGNMENT|[24]|versionIn|38.0
15:02:23.0 (138067458)|VARIABLE_SCOPE_BEGIN|[24]|javaObj|java:sfdc.chatter.connect.api.output.userprofile.OutOfOfficeRepresentation|true|false
15:02:23.0 (138131328)|VARIABLE_ASSIGNMENT|[24]|javaObj|"sfdc.chatter.connect.api.output.userprofile.OutOfOfficeRepresentation@3f776f4e"|0x3f776f4e
15:02:23.0 (138260555)|SYSTEM_METHOD_ENTRY|[5]|Photo.Photo()
15:02:23.0 (138265811)|STATEMENT_EXECUTE|[5]
15:02:23.0 (138269812)|SYSTEM_METHOD_EXIT|[5]|Photo
15:02:23.0 (138275997)|HEAP_ALLOCATE|[71]|Bytes:68
15:02:23.0 (138280709)|HEAP_ALLOCATE|[71]|Bytes:12
15:02:23.0 (138284646)|HEAP_ALLOCATE|[71]|Bytes:8
15:02:23.0 (138289289)|VARIABLE_SCOPE_BEGIN|[36]|this|ConnectApi.Photo|true|false
15:02:23.0 (138314116)|VARIABLE_ASSIGNMENT|[36]|this|{}|0x35ff4e72
15:02:23.0 (138320661)|VARIABLE_SCOPE_BEGIN|[36]|versionIn|Double|false|false
15:02:23.0 (138328474)|VARIABLE_ASSIGNMENT|[36]|versionIn|38.0
15:02:23.0 (138332894)|VARIABLE_SCOPE_BEGIN|[36]|javaObj|java:sfdc.chatter.connect.api.output.photo.PhotoRepresentation|true|false
15:02:23.0 (138394552)|VARIABLE_ASSIGNMENT|[36]|javaObj|"sfdc.chatter.connect.api.output.photo.PhotoRepresentation@6261360c"|0x6261360c
15:02:23.0 (139013769)|METHOD_EXIT|[830]||ConnectApi.ChatterFeeds.likeFeedElement(String, String)
15:02:23.0 (139023482)|VARIABLE_SCOPE_BEGIN|[830]|chatterLike|ConnectApi.ChatterLike|true|false
15:02:23.0 (139046625)|VARIABLE_ASSIGNMENT|[830]|chatterLike|{}|0x6dc4801d
15:02:23.0 (139056371)|SYSTEM_MODE_EXIT|true
15:02:23.0 (139067263)|METHOD_EXIT|[1128]|01pN0000000MnED|auUtilChatter.likeFeedElement(Id)
15:02:23.0 (139074634)|STATEMENT_EXECUTE|[1130]
15:02:23.0 (139372242)|VARIABLE_ASSIGNMENT|[EXTERNAL]|this|{"attachmentId":"","categoryOptions":"0xdae24d9","currentUser":"0x4ded2fed","cxKnowledgeAttachSharing":"0","cxKnowledgeNew":"0x3457672e","cxKnowledgeUpdate":"0x3751189e","cxKnowledgeUpdateComments":"0x4ba57a41","cxKnowledgeUpdateFeedId":"0D5N000000UCchNKAT","cxKnowledgeUpdateId":"a09N000000BJepMIAT","errorMessage":"","filterFavorite":false,"filterFreeText":"","filterStatus":"","initSearchFlg":"true","isApprover":false,"isCreator":false,"isHonbu":false,"isLikedAlready":false,"isNationalApprover":false,"isRestrictedUser":false,"isShisha":false,"isShiten":false,"isShopUser":false,"lsCxKnowledgeUpdateAttachment":"0x6f13a69f","mpUserComment":"0x60f2d244","optShisha":"0x5fd8b32c","optShiten":"0x3fcfbde4","optUneiHojin":"0x4d1ac3dc","orderBy":"DisplayedDate__c DESC","pageNum":1,"pageSize":20,"recordsCount":91,"searchFilter":"","ShopsOptions":"0x3b0c48c9","ssc":"0x21d7cd57","whereStr":" WHERE IsCommentOnly__c = False"}|0x3a4f4988
15:02:23.0 (139395972)|VARIABLE_ASSIGNMENT|[EXTERNAL]|value|true
15:02:23.0 (139404709)|HEAP_ALLOCATE|[40]|Bytes:5
15:02:23.0 (139420282)|VARIABLE_ASSIGNMENT|[40]|this.isLikedAlready|true|0x3a4f4988
15:02:23.0 (139431958)|SYSTEM_MODE_EXIT|false
15:02:23.0 (166033950)|SYSTEM_MODE_ENTER|true
15:02:23.0 (166075517)|HEAP_ALLOCATE|[EXTERNAL]|Bytes:284
15:02:23.0 (166093161)|HEAP_ALLOCATE|[EXTERNAL]|Bytes:160
15:02:23.0 (166104789)|METHOD_ENTRY|[1]|01pN0000000Mill|auMainTopCompCtrl.auMainTopCompCtrl()
15:02:23.0 (166110674)|STATEMENT_EXECUTE|[1]
15:02:23.0 (166114224)|STATEMENT_EXECUTE|[1]
15:02:23.0 (166115876)|STATEMENT_EXECUTE|[3]
15:02:23.0 (166122187)|HEAP_ALLOCATE|[3]|Bytes:4
15:02:23.0 (166135903)|VARIABLE_ASSIGNMENT|[3]|auMainTopCompCtrl.TYPE_SCREEN_SWITCH|0
15:02:23.0 (166140636)|STATEMENT_EXECUTE|[4]
15:02:23.0 (166143833)|HEAP_ALLOCATE|[4]|Bytes:4
15:02:23.0 (166151545)|VARIABLE_ASSIGNMENT|[4]|auMainTopCompCtrl.TYPE_SCREEN_STPD_EVENT|11
15:02:23.0 (166155463)|STATEMENT_EXECUTE|[5]
15:02:23.0 (166158029)|HEAP_ALLOCATE|[5]|Bytes:4
15:02:23.0 (166164376)|VARIABLE_ASSIGNMENT|[5]|auMainTopCompCtrl.TYPE_SCREEN_STPD_TIMELINE|12
15:02:23.0 (166168463)|STATEMENT_EXECUTE|[6]
15:02:23.0 (166170781)|HEAP_ALLOCATE|[6]|Bytes:4
15:02:23.0 (166176751)|VARIABLE_ASSIGNMENT|[6]|auMainTopCompCtrl.TYPE_SCREEN_STPD_SCREEN|13
15:02:23.0 (166180784)|STATEMENT_EXECUTE|[7]
15:02:23.0 (166183473)|HEAP_ALLOCATE|[7]|Bytes:4
15:02:23.0 (166188951)|VARIABLE_ASSIGNMENT|[7]|auMainTopCompCtrl.TYPE_SCREEN_CX_SCREEN|21
15:02:23.0 (166192965)|STATEMENT_EXECUTE|[8]
15:02:23.0 (166195252)|HEAP_ALLOCATE|[8]|Bytes:4
15:02:23.0 (166200331)|VARIABLE_ASSIGNMENT|[8]|auMainTopCompCtrl.TYPE_SCREEN_CX_TIMELINE|22
15:02:23.0 (166204270)|STATEMENT_EXECUTE|[9]
15:02:23.0 (166207180)|HEAP_ALLOCATE|[9]|Bytes:4
15:02:23.0 (166212433)|VARIABLE_ASSIGNMENT|[9]|auMainTopCompCtrl.TYPE_SCREEN_EVENT_SCHEDULE|31
15:02:23.0 (166216175)|STATEMENT_EXECUTE|[10]
15:02:23.0 (166219042)|HEAP_ALLOCATE|[10]|Bytes:4
15:02:23.0 (166225200)|VARIABLE_ASSIGNMENT|[10]|auMainTopCompCtrl.TYPE_SCREEN_EVENT_SCHEDULE_LIST|32
15:02:23.0 (166229026)|STATEMENT_EXECUTE|[11]
15:02:23.0 (166231705)|HEAP_ALLOCATE|[11]|Bytes:4
15:02:23.0 (166237304)|VARIABLE_ASSIGNMENT|[11]|auMainTopCompCtrl.TYPE_SCREEN_KNOWLEDGE_DASHBOARD|41
15:02:23.0 (166240834)|STATEMENT_EXECUTE|[12]
15:02:23.0 (166243155)|HEAP_ALLOCATE|[12]|Bytes:4
15:02:23.0 (166248887)|VARIABLE_ASSIGNMENT|[12]|auMainTopCompCtrl.TYPE_SCREEN_KNOWLEDGE_LIST|42
15:02:23.0 (166252560)|STATEMENT_EXECUTE|[13]
15:02:23.0 (166254964)|HEAP_ALLOCATE|[13]|Bytes:4
15:02:23.0 (166261272)|VARIABLE_ASSIGNMENT|[13]|auMainTopCompCtrl.TYPE_SCREEN_SA_MESSAGES|51
15:02:23.0 (166264821)|STATEMENT_EXECUTE|[14]
15:02:23.0 (166267297)|HEAP_ALLOCATE|[14]|Bytes:4
15:02:23.0 (166273451)|VARIABLE_ASSIGNMENT|[14]|auMainTopCompCtrl.TYPE_SCREEN_SA_REPORTS|52
15:02:23.0 (166277314)|STATEMENT_EXECUTE|[15]
15:02:23.0 (166279688)|HEAP_ALLOCATE|[15]|Bytes:4
15:02:23.0 (166285022)|VARIABLE_ASSIGNMENT|[15]|auMainTopCompCtrl.TYPE_SCREEN_SA_CHATTER|53
15:02:23.0 (166288795)|STATEMENT_EXECUTE|[16]
15:02:23.0 (166290960)|HEAP_ALLOCATE|[16]|Bytes:4
15:02:23.0 (166296725)|VARIABLE_ASSIGNMENT|[16]|auMainTopCompCtrl.TYPE_SCREEN_SA_DAILYREPORT|54
15:02:23.0 (166300287)|STATEMENT_EXECUTE|[17]
15:02:23.0 (166302751)|HEAP_ALLOCATE|[17]|Bytes:4
15:02:23.0 (166308284)|VARIABLE_ASSIGNMENT|[17]|auMainTopCompCtrl.TYPE_SCREEN_SA_ENQUETE|55
15:02:23.0 (166311572)|STATEMENT_EXECUTE|[18]
15:02:23.0 (166314007)|HEAP_ALLOCATE|[18]|Bytes:4
15:02:23.0 (166319898)|VARIABLE_ASSIGNMENT|[18]|auMainTopCompCtrl.TYPE_SCREEN_SA_DOCUMENTS|56
15:02:23.0 (166323521)|STATEMENT_EXECUTE|[19]
15:02:23.0 (166326008)|HEAP_ALLOCATE|[19]|Bytes:4
15:02:23.0 (166332126)|VARIABLE_ASSIGNMENT|[19]|auMainTopCompCtrl.TYPE_SCREEN_SA_RANKING|57
15:02:23.0 (166335937)|STATEMENT_EXECUTE|[20]
15:02:23.0 (166338345)|HEAP_ALLOCATE|[20]|Bytes:4
15:02:23.0 (166344481)|VARIABLE_ASSIGNMENT|[20]|auMainTopCompCtrl.TYPE_SCREEN_SA_LINKS|58
15:02:23.0 (166347997)|STATEMENT_EXECUTE|[21]
15:02:23.0 (166350238)|HEAP_ALLOCATE|[21]|Bytes:4
15:02:23.0 (166356154)|VARIABLE_ASSIGNMENT|[21]|auMainTopCompCtrl.TYPE_SCREEN_SA_USRSETTINGS|59
15:02:23.0 (166359973)|STATEMENT_EXECUTE|[22]
15:02:23.0 (166362673)|HEAP_ALLOCATE|[22]|Bytes:4
15:02:23.0 (166368336)|VARIABLE_ASSIGNMENT|[22]|auMainTopCompCtrl.TYPE_SCREEN_SA_DAILYREPORTLIST|60
15:02:23.0 (166371896)|STATEMENT_EXECUTE|[23]
15:02:23.0 (166374341)|HEAP_ALLOCATE|[23]|Bytes:4
15:02:23.0 (166382958)|VARIABLE_ASSIGNMENT|[23]|auMainTopCompCtrl.TYPE_SCREEN_SA_TODO|61
15:02:23.0 (166386837)|STATEMENT_EXECUTE|[24]
15:02:23.0 (166389569)|HEAP_ALLOCATE|[24]|Bytes:4
15:02:23.0 (166395072)|VARIABLE_ASSIGNMENT|[24]|auMainTopCompCtrl.TYPE_SCREEN_HONBU_DIRECT|71
15:02:23.0 (166398701)|STATEMENT_EXECUTE|[25]
15:02:23.0 (166401230)|HEAP_ALLOCATE|[25]|Bytes:4
15:02:23.0 (166406499)|VARIABLE_ASSIGNMENT|[25]|auMainTopCompCtrl.TYPE_SCREEN_ACCOUNT_LIST|81
15:02:23.0 (166410283)|STATEMENT_EXECUTE|[26]
15:02:23.0 (166412647)|HEAP_ALLOCATE|[26]|Bytes:4
15:02:23.0 (166417794)|VARIABLE_ASSIGNMENT|[26]|auMainTopCompCtrl.TYPE_SCREEN_ACTIVITY_LIST|82
15:02:23.0 (166421675)|STATEMENT_EXECUTE|[27]
15:02:23.0 (166423807)|HEAP_ALLOCATE|[27]|Bytes:4
15:02:23.0 (166428922)|VARIABLE_ASSIGNMENT|[27]|auMainTopCompCtrl.TYPE_SCREEN_FILE_LIST|83
15:02:23.0 (166435417)|METHOD_EXIT|[1]|auMainTopCompCtrl
15:02:23.0 (166445370)|HEAP_ALLOCATE|[EXTERNAL]|Bytes:44
15:02:23.0 (166453592)|VARIABLE_ASSIGNMENT|[EXTERNAL]|this.iCountComments|null|0x60500f33
15:02:23.0 (166515709)|SYSTEM_MODE_ENTER|true
15:02:23.0 (166531466)|HEAP_ALLOCATE|[EXTERNAL]|Bytes:44
15:02:23.0 (166539733)|VARIABLE_ASSIGNMENT|[EXTERNAL]|this.iCountLikes|null|0x60500f33
15:02:23.0 (166631729)|SYSTEM_MODE_ENTER|true
15:02:23.0 (166682474)|HEAP_ALLOCATE|[EXTERNAL]|Bytes:204
15:02:23.0 (166690980)|VARIABLE_SCOPE_BEGIN|[119]|this|auCXKnowledgeListCtrl|true|false
15:02:23.0 (166954960)|VARIABLE_ASSIGNMENT|[119]|this|{"attachmentId":"","categoryOptions":"0xdae24d9","currentUser":"0x4ded2fed","cxKnowledgeAttachSharing":"0","cxKnowledgeNew":"0x3457672e","cxKnowledgeUpdate":"0x3751189e","cxKnowledgeUpdateComments":"0x4ba57a41","cxKnowledgeUpdateFeedId":"0D5N000000UCchNKAT","cxKnowledgeUpdateId":"a09N000000BJepMIAT","errorMessage":"","filterFavorite":false,"filterFreeText":"","filterStatus":"","initSearchFlg":"true","isApprover":false,"isCreator":false,"isHonbu":false,"isLikedAlready":true,"isNationalApprover":false,"isRestrictedUser":false,"isShisha":false,"isShiten":false,"isShopUser":false,"lsCxKnowledgeUpdateAttachment":"0x6f13a69f","mpUserComment":"0x60f2d244","optShisha":"0x5fd8b32c","optShiten":"0x3fcfbde4","optUneiHojin":"0x4d1ac3dc","orderBy":"DisplayedDate__c DESC","pageNum":1,"pageSize":20,"recordsCount":91,"searchFilter":"","ShopsOptions":"0x3b0c48c9","ssc":"0x21d7cd57","whereStr":" WHERE IsCommentOnly__c = False"}|0x3a4f4988
15:02:23.0 (166980049)|SYSTEM_MODE_ENTER|false
15:02:23.0 (166987566)|HEAP_ALLOCATE|[119]|Bytes:5
15:02:23.0 (166992308)|STATEMENT_EXECUTE|[119]
15:02:23.0 (166994263)|STATEMENT_EXECUTE|[119]
15:02:23.0 (166999918)|SYSTEM_MODE_EXIT|false
15:02:23.0 (167063803)|SYSTEM_MODE_ENTER|true
15:02:23.0 (167081305)|HEAP_ALLOCATE|[EXTERNAL]|Bytes:8
15:02:23.0 (167086318)|HEAP_ALLOCATE|[EXTERNAL]|Bytes:44
15:02:23.0 (167095535)|VARIABLE_ASSIGNMENT|[EXTERNAL]|this.iTypeOfScreen|21|0x60500f33
15:02:23.0 (167346524)|SYSTEM_MODE_ENTER|true
15:02:23.0 (167384656)|HEAP_ALLOCATE|[EXTERNAL]|Bytes:44
15:02:23.0 (167392621)|VARIABLE_SCOPE_BEGIN|[204]|this|auMainTopCompCtrl|true|false
15:02:23.0 (167444545)|VARIABLE_ASSIGNMENT|[204]|this|{"currentUser":"0x1ac5140f","isSAUser":false,"iTypeOfScreen":21,"urlReportsSFA":"https://cs6.lightnin (84 more) ..."}|0x60500f33
15:02:23.0 (167455085)|STATEMENT_EXECUTE|[204]
15:02:23.0 (167500767)|VARIABLE_ASSIGNMENT|[EXTERNAL]|this|{"currentUser":"0x1ac5140f","isSAUser":false,"iTypeOfScreen":21,"urlReportsSFA":"https://cs6.lightnin (84 more) ..."}|0x60500f33
15:02:23.0 (167548837)|VARIABLE_ASSIGNMENT|[EXTERNAL]|this|{"currentUser":"0x1ac5140f","isSAUser":false,"iTypeOfScreen":21,"urlReportsSFA":"https://cs6.lightnin (84 more) ..."}|0x60500f33
15:02:23.0 (167582953)|VARIABLE_ASSIGNMENT|[EXTERNAL]|this|{"currentUser":"0x1ac5140f","isSAUser":false,"iTypeOfScreen":21,"urlReportsSFA":"https://cs6.lightnin (84 more) ..."}|0x60500f33
15:02:23.0 (167620691)|VARIABLE_ASSIGNMENT|[EXTERNAL]|this|{"currentUser":"0x1ac5140f","isSAUser":false,"iTypeOfScreen":21,"urlReportsSFA":"https://cs6.lightnin (84 more) ..."}|0x60500f33
15:02:23.0 (167632493)|STATEMENT_EXECUTE|[210]
15:02:23.0 (167634713)|STATEMENT_EXECUTE|[211]
15:02:23.0 (167638381)|HEAP_ALLOCATE|[211]|Bytes:96
15:02:23.0 (167660720)|HEAP_ALLOCATE|[211]|Bytes:4
15:02:23.0 (167672826)|HEAP_ALLOCATE|[211]|Bytes:7
15:02:23.0 (167708558)|HEAP_ALLOCATE|[211]|Bytes:89
15:02:23.0 (167718699)|SYSTEM_METHOD_ENTRY|[1]|UserInfo.UserInfo()
15:02:23.0 (167722862)|STATEMENT_EXECUTE|[1]
15:02:23.0 (167728094)|SYSTEM_METHOD_EXIT|[1]|UserInfo
15:02:23.0 (167736962)|METHOD_ENTRY|[211]||System.UserInfo.getUserId()
15:02:23.0 (167765949)|METHOD_EXIT|[211]||System.UserInfo.getUserId()
15:02:23.0 (169295410)|SOQL_EXECUTE_BEGIN|[211]|Aggregations:0|SELECT SUM(LikeCount) SumLikeCount FROM auCXKnowledge__feed WHERE Parent.CreatedBy__c = :tmpVar1
15:02:23.0 (173393719)|SOQL_EXECUTE_END|[211]|Rows:1
15:02:23.0 (173418540)|HEAP_ALLOCATE|[211]|Bytes:8
15:02:23.0 (173434719)|HEAP_ALLOCATE|[211]|Bytes:21
15:02:23.0 (173498822)|HEAP_ALLOCATE|[211]|Bytes:8
15:02:23.0 (173549298)|HEAP_ALLOCATE|[211]|Bytes:8
15:02:23.0 (173561393)|HEAP_ALLOCATE|[211]|Bytes:12
15:02:23.0 (173624717)|VARIABLE_SCOPE_BEGIN|[211]|cnt|Decimal|false|false
15:02:23.0 (173637596)|VARIABLE_ASSIGNMENT|[211]|cnt|null
15:02:23.0 (173642922)|STATEMENT_EXECUTE|[212]
15:02:23.0 (173647374)|HEAP_ALLOCATE|[212]|Bytes:4
15:02:23.0 (174046957)|SYSTEM_MODE_ENTER|true
15:02:23.0 (174090254)|HEAP_ALLOCATE|[EXTERNAL]|Bytes:44
15:02:23.0 (174099079)|VARIABLE_SCOPE_BEGIN|[218]|this|auMainTopCompCtrl|true|false
15:02:23.0 (174138668)|VARIABLE_ASSIGNMENT|[218]|this|{"currentUser":"0x1ac5140f","isSAUser":false,"iTypeOfScreen":21,"urlReportsSFA":"https://cs6.lightnin (84 more) ..."}|0x60500f33
15:02:23.0 (174149752)|STATEMENT_EXECUTE|[218]
15:02:23.0 (174189518)|VARIABLE_ASSIGNMENT|[EXTERNAL]|this|{"currentUser":"0x1ac5140f","isSAUser":false,"iTypeOfScreen":21,"urlReportsSFA":"https://cs6.lightnin (84 more) ..."}|0x60500f33
15:02:23.0 (174232642)|VARIABLE_ASSIGNMENT|[EXTERNAL]|this|{"currentUser":"0x1ac5140f","isSAUser":false,"iTypeOfScreen":21,"urlReportsSFA":"https://cs6.lightnin (84 more) ..."}|0x60500f33
15:02:23.0 (174265914)|VARIABLE_ASSIGNMENT|[EXTERNAL]|this|{"currentUser":"0x1ac5140f","isSAUser":false,"iTypeOfScreen":21,"urlReportsSFA":"https://cs6.lightnin (84 more) ..."}|0x60500f33
15:02:23.0 (174303619)|VARIABLE_ASSIGNMENT|[EXTERNAL]|this|{"currentUser":"0x1ac5140f","isSAUser":false,"iTypeOfScreen":21,"urlReportsSFA":"https://cs6.lightnin (84 more) ..."}|0x60500f33
15:02:23.0 (174315374)|STATEMENT_EXECUTE|[224]
15:02:23.0 (174317267)|STATEMENT_EXECUTE|[225]
15:02:23.0 (174321200)|HEAP_ALLOCATE|[225]|Bytes:102
15:02:23.0 (174334672)|HEAP_ALLOCATE|[225]|Bytes:4
15:02:23.0 (174345035)|METHOD_ENTRY|[225]||System.UserInfo.getUserId()
15:02:23.0 (174362964)|METHOD_EXIT|[225]||System.UserInfo.getUserId()
15:02:23.0 (174631857)|SOQL_EXECUTE_BEGIN|[225]|Aggregations:0|SELECT SUM(CommentCount) SumCommentCount FROM auCXKnowledge__feed WHERE Parent.CreatedBy__c = :tmpVar1
15:02:23.0 (177373919)|SOQL_EXECUTE_END|[225]|Rows:1
15:02:23.0 (177393551)|HEAP_ALLOCATE|[225]|Bytes:8
15:02:23.0 (177407844)|HEAP_ALLOCATE|[225]|Bytes:24
15:02:23.0 (177429961)|HEAP_ALLOCATE|[225]|Bytes:8
15:02:23.0 (177449974)|HEAP_ALLOCATE|[225]|Bytes:8
15:02:23.0 (177459330)|HEAP_ALLOCATE|[225]|Bytes:15
15:02:23.0 (177494229)|VARIABLE_SCOPE_BEGIN|[225]|cnt|Decimal|false|false
15:02:23.0 (177506042)|VARIABLE_ASSIGNMENT|[225]|cnt|null
15:02:23.0 (177510763)|STATEMENT_EXECUTE|[226]
15:02:23.0 (177514773)|HEAP_ALLOCATE|[226]|Bytes:4
15:02:23.0 (181677381)|SYSTEM_MODE_ENTER|true
15:02:23.0 (183306482)|SYSTEM_MODE_ENTER|true
15:02:23.0 (183350214)|HEAP_ALLOCATE|[EXTERNAL]|Bytes:44
15:02:23.0 (183359806)|VARIABLE_SCOPE_BEGIN|[67]|this|auMainTopCompCtrl|true|false
15:02:23.0 (183400425)|VARIABLE_ASSIGNMENT|[67]|this|{"currentUser":"0x1ac5140f","isSAUser":false,"iTypeOfScreen":21,"urlReportsSFA":"https://cs6.lightnin (84 more) ..."}|0x60500f33
15:02:23.0 (183411257)|STATEMENT_EXECUTE|[67]
15:02:23.0 (183413467)|STATEMENT_EXECUTE|[68]
15:02:23.0 (183453640)|VARIABLE_ASSIGNMENT|[EXTERNAL]|this|{"currentUser":"0x1ac5140f","isSAUser":false,"iTypeOfScreen":21,"urlReportsSFA":"https://cs6.lightnin (84 more) ..."}|0x60500f33
15:02:23.0 (183499392)|VARIABLE_ASSIGNMENT|[EXTERNAL]|this|{"currentUser":"0x1ac5140f","isSAUser":false,"iTypeOfScreen":21,"urlReportsSFA":"https://cs6.lightnin (84 more) ..."}|0x60500f33
15:02:23.0 (183537935)|VARIABLE_ASSIGNMENT|[EXTERNAL]|this|{"currentUser":"0x1ac5140f","isSAUser":false,"iTypeOfScreen":21,"urlReportsSFA":"https://cs6.lightnin (84 more) ..."}|0x60500f33
15:02:23.0 (183552638)|HEAP_ALLOCATE|[68]|Bytes:5
15:02:23.0 (183620995)|SYSTEM_MODE_ENTER|true
15:02:23.0 (183673410)|HEAP_ALLOCATE|[EXTERNAL]|Bytes:44
15:02:23.0 (183680664)|VARIABLE_SCOPE_BEGIN|[73]|this|auMainTopCompCtrl|true|false
15:02:23.0 (183711768)|VARIABLE_ASSIGNMENT|[73]|this|{"currentUser":"0x1ac5140f","isSAUser":false,"iTypeOfScreen":21,"urlReportsSFA":"https://cs6.lightnin (84 more) ..."}|0x60500f33
15:02:23.0 (183721139)|STATEMENT_EXECUTE|[73]
15:02:23.0 (183722886)|STATEMENT_EXECUTE|[74]
15:02:23.0 (183755542)|VARIABLE_ASSIGNMENT|[EXTERNAL]|this|{"currentUser":"0x1ac5140f","isSAUser":false,"iTypeOfScreen":21,"urlReportsSFA":"https://cs6.lightnin (84 more) ..."}|0x60500f33
15:02:23.0 (183772160)|HEAP_ALLOCATE|[74]|Bytes:5
15:02:23.0 (183847618)|SYSTEM_MODE_ENTER|true
15:02:23.0 (183885689)|HEAP_ALLOCATE|[EXTERNAL]|Bytes:44
15:02:23.0 (183892806)|VARIABLE_SCOPE_BEGIN|[83]|this|auMainTopCompCtrl|true|false
15:02:23.0 (183923320)|VARIABLE_ASSIGNMENT|[83]|this|{"currentUser":"0x1ac5140f","isSAUser":false,"iTypeOfScreen":21,"urlReportsSFA":"https://cs6.lightnin (84 more) ..."}|0x60500f33
15:02:23.0 (183932492)|STATEMENT_EXECUTE|[83]
15:02:23.0 (183934337)|STATEMENT_EXECUTE|[84]
15:02:23.0 (183966758)|VARIABLE_ASSIGNMENT|[EXTERNAL]|this|{"currentUser":"0x1ac5140f","isSAUser":false,"iTypeOfScreen":21,"urlReportsSFA":"https://cs6.lightnin (84 more) ..."}|0x60500f33
15:02:23.0 (184004868)|VARIABLE_ASSIGNMENT|[EXTERNAL]|this|{"currentUser":"0x1ac5140f","isSAUser":false,"iTypeOfScreen":21,"urlReportsSFA":"https://cs6.lightnin (84 more) ..."}|0x60500f33
15:02:23.0 (184019236)|HEAP_ALLOCATE|[84]|Bytes:5
15:02:23.0 (184080461)|SYSTEM_MODE_ENTER|true
15:02:23.0 (184110317)|HEAP_ALLOCATE|[EXTERNAL]|Bytes:44
15:02:23.0 (184116878)|VARIABLE_SCOPE_BEGIN|[100]|this|auMainTopCompCtrl|true|false
15:02:23.0 (184146655)|VARIABLE_ASSIGNMENT|[100]|this|{"currentUser":"0x1ac5140f","isSAUser":false,"iTypeOfScreen":21,"urlReportsSFA":"https://cs6.lightnin (84 more) ..."}|0x60500f33
15:02:23.0 (184155063)|STATEMENT_EXECUTE|[100]
15:02:23.0 (184157091)|STATEMENT_EXECUTE|[101]
15:02:23.0 (184188392)|VARIABLE_ASSIGNMENT|[EXTERNAL]|this|{"currentUser":"0x1ac5140f","isSAUser":false,"iTypeOfScreen":21,"urlReportsSFA":"https://cs6.lightnin (84 more) ..."}|0x60500f33
15:02:23.0 (184225454)|VARIABLE_ASSIGNMENT|[EXTERNAL]|this|{"currentUser":"0x1ac5140f","isSAUser":false,"iTypeOfScreen":21,"urlReportsSFA":"https://cs6.lightnin (84 more) ..."}|0x60500f33
15:02:23.0 (184261087)|VARIABLE_ASSIGNMENT|[EXTERNAL]|this|{"currentUser":"0x1ac5140f","isSAUser":false,"iTypeOfScreen":21,"urlReportsSFA":"https://cs6.lightnin (84 more) ..."}|0x60500f33
15:02:23.0 (184273679)|HEAP_ALLOCATE|[101]|Bytes:5
15:02:23.0 (184478020)|SYSTEM_MODE_ENTER|true
15:02:23.0 (184512517)|HEAP_ALLOCATE|[EXTERNAL]|Bytes:204
15:02:23.0 (184520121)|VARIABLE_SCOPE_BEGIN|[90]|this|auCXKnowledgeListCtrl|true|false
15:02:23.0 (184758824)|VARIABLE_ASSIGNMENT|[90]|this|{"attachmentId":"","categoryOptions":"0xdae24d9","currentUser":"0x4ded2fed","cxKnowledgeAttachSharing":"0","cxKnowledgeNew":"0x3457672e","cxKnowledgeUpdate":"0x3751189e","cxKnowledgeUpdateComments":"0x4ba57a41","cxKnowledgeUpdateFeedId":"0D5N000000UCchNKAT","cxKnowledgeUpdateId":"a09N000000BJepMIAT","errorMessage":"","filterFavorite":false,"filterFreeText":"","filterStatus":"","initSearchFlg":"true","isApprover":false,"isCreator":false,"isHonbu":false,"isLikedAlready":true,"isNationalApprover":false,"isRestrictedUser":false,"isShisha":false,"isShiten":false,"isShopUser":false,"lsCxKnowledgeUpdateAttachment":"0x6f13a69f","mpUserComment":"0x60f2d244","optShisha":"0x5fd8b32c","optShiten":"0x3fcfbde4","optUneiHojin":"0x4d1ac3dc","orderBy":"DisplayedDate__c DESC","pageNum":1,"pageSize":20,"recordsCount":91,"searchFilter":"","ShopsOptions":"0x3b0c48c9","ssc":"0x21d7cd57","whereStr":" WHERE IsCommentOnly__c = False"}|0x3a4f4988
15:02:23.0 (184782434)|SYSTEM_MODE_ENTER|false
15:02:23.0 (184789503)|HEAP_ALLOCATE|[91]|Bytes:5
15:02:23.0 (184794768)|STATEMENT_EXECUTE|[90]
15:02:23.0 (184796766)|STATEMENT_EXECUTE|[91]
15:02:23.0 (185029241)|VARIABLE_ASSIGNMENT|[EXTERNAL]|this|{"attachmentId":"","categoryOptions":"0xdae24d9","currentUser":"0x4ded2fed","cxKnowledgeAttachSharing":"0","cxKnowledgeNew":"0x3457672e","cxKnowledgeUpdate":"0x3751189e","cxKnowledgeUpdateComments":"0x4ba57a41","cxKnowledgeUpdateFeedId":"0D5N000000UCchNKAT","cxKnowledgeUpdateId":"a09N000000BJepMIAT","errorMessage":"","filterFavorite":false,"filterFreeText":"","filterStatus":"","initSearchFlg":"true","isApprover":false,"isCreator":false,"isHonbu":false,"isLikedAlready":true,"isNationalApprover":false,"isRestrictedUser":false,"isShisha":false,"isShiten":false,"isShopUser":false,"lsCxKnowledgeUpdateAttachment":"0x6f13a69f","mpUserComment":"0x60f2d244","optShisha":"0x5fd8b32c","optShiten":"0x3fcfbde4","optUneiHojin":"0x4d1ac3dc","orderBy":"DisplayedDate__c DESC","pageNum":1,"pageSize":20,"recordsCount":91,"searchFilter":"","ShopsOptions":"0x3b0c48c9","ssc":"0x21d7cd57","whereStr":" WHERE IsCommentOnly__c = False"}|0x3a4f4988
15:02:23.0 (185259655)|VARIABLE_ASSIGNMENT|[EXTERNAL]|this|{"attachmentId":"","categoryOptions":"0xdae24d9","currentUser":"0x4ded2fed","cxKnowledgeAttachSharing":"0","cxKnowledgeNew":"0x3457672e","cxKnowledgeUpdate":"0x3751189e","cxKnowledgeUpdateComments":"0x4ba57a41","cxKnowledgeUpdateFeedId":"0D5N000000UCchNKAT","cxKnowledgeUpdateId":"a09N000000BJepMIAT","errorMessage":"","filterFavorite":false,"filterFreeText":"","filterStatus":"","initSearchFlg":"true","isApprover":false,"isCreator":false,"isHonbu":false,"isLikedAlready":true,"isNationalApprover":false,"isRestrictedUser":false,"isShisha":false,"isShiten":false,"isShopUser":false,"lsCxKnowledgeUpdateAttachment":"0x6f13a69f","mpUserComment":"0x60f2d244","optShisha":"0x5fd8b32c","optShiten":"0x3fcfbde4","optUneiHojin":"0x4d1ac3dc","orderBy":"DisplayedDate__c DESC","pageNum":1,"pageSize":20,"recordsCount":91,"searchFilter":"","ShopsOptions":"0x3b0c48c9","ssc":"0x21d7cd57","whereStr":" WHERE IsCommentOnly__c = False"}|0x3a4f4988
15:02:23.0 (185480642)|VARIABLE_ASSIGNMENT|[EXTERNAL]|this|{"attachmentId":"","categoryOptions":"0xdae24d9","currentUser":"0x4ded2fed","cxKnowledgeAttachSharing":"0","cxKnowledgeNew":"0x3457672e","cxKnowledgeUpdate":"0x3751189e","cxKnowledgeUpdateComments":"0x4ba57a41","cxKnowledgeUpdateFeedId":"0D5N000000UCchNKAT","cxKnowledgeUpdateId":"a09N000000BJepMIAT","errorMessage":"","filterFavorite":false,"filterFreeText":"","filterStatus":"","initSearchFlg":"true","isApprover":false,"isCreator":false,"isHonbu":false,"isLikedAlready":true,"isNationalApprover":false,"isRestrictedUser":false,"isShisha":false,"isShiten":false,"isShopUser":false,"lsCxKnowledgeUpdateAttachment":"0x6f13a69f","mpUserComment":"0x60f2d244","optShisha":"0x5fd8b32c","optShiten":"0x3fcfbde4","optUneiHojin":"0x4d1ac3dc","orderBy":"DisplayedDate__c DESC","pageNum":1,"pageSize":20,"recordsCount":91,"searchFilter":"","ShopsOptions":"0x3b0c48c9","ssc":"0x21d7cd57","whereStr":" WHERE IsCommentOnly__c = False"}|0x3a4f4988
15:02:23.0 (185506228)|HEAP_ALLOCATE|[91]|Bytes:5
15:02:23.0 (185513235)|SYSTEM_MODE_EXIT|false
15:02:23.0 (185519389)|HEAP_ALLOCATE|[91]|Bytes:5
15:02:23.0 (185587359)|SYSTEM_MODE_ENTER|true
15:02:23.0 (185622865)|HEAP_ALLOCATE|[EXTERNAL]|Bytes:204
15:02:23.0 (185630211)|VARIABLE_SCOPE_BEGIN|[94]|this|auCXKnowledgeListCtrl|true|false
15:02:23.0 (185848740)|VARIABLE_ASSIGNMENT|[94]|this|{"attachmentId":"","categoryOptions":"0xdae24d9","currentUser":"0x4ded2fed","cxKnowledgeAttachSharing":"0","cxKnowledgeNew":"0x3457672e","cxKnowledgeUpdate":"0x3751189e","cxKnowledgeUpdateComments":"0x4ba57a41","cxKnowledgeUpdateFeedId":"0D5N000000UCchNKAT","cxKnowledgeUpdateId":"a09N000000BJepMIAT","errorMessage":"","filterFavorite":false,"filterFreeText":"","filterStatus":"","initSearchFlg":"true","isApprover":false,"isCreator":false,"isHonbu":false,"isLikedAlready":true,"isNationalApprover":false,"isRestrictedUser":false,"isShisha":false,"isShiten":false,"isShopUser":false,"lsCxKnowledgeUpdateAttachment":"0x6f13a69f","mpUserComment":"0x60f2d244","optShisha":"0x5fd8b32c","optShiten":"0x3fcfbde4","optUneiHojin":"0x4d1ac3dc","orderBy":"DisplayedDate__c DESC","pageNum":1,"pageSize":20,"recordsCount":91,"searchFilter":"","ShopsOptions":"0x3b0c48c9","ssc":"0x21d7cd57","whereStr":" WHERE IsCommentOnly__c = False"}|0x3a4f4988
15:02:23.0 (185876294)|SYSTEM_MODE_ENTER|false
15:02:23.0 (185883281)|HEAP_ALLOCATE|[95]|Bytes:5
15:02:23.0 (185887898)|STATEMENT_EXECUTE|[94]
15:02:23.0 (185892658)|STATEMENT_EXECUTE|[95]
15:02:23.0 (186107549)|VARIABLE_ASSIGNMENT|[EXTERNAL]|this|{"attachmentId":"","categoryOptions":"0xdae24d9","currentUser":"0x4ded2fed","cxKnowledgeAttachSharing":"0","cxKnowledgeNew":"0x3457672e","cxKnowledgeUpdate":"0x3751189e","cxKnowledgeUpdateComments":"0x4ba57a41","cxKnowledgeUpdateFeedId":"0D5N000000UCchNKAT","cxKnowledgeUpdateId":"a09N000000BJepMIAT","errorMessage":"","filterFavorite":false,"filterFreeText":"","filterStatus":"","initSearchFlg":"true","isApprover":false,"isCreator":false,"isHonbu":false,"isLikedAlready":true,"isNationalApprover":false,"isRestrictedUser":false,"isShisha":false,"isShiten":false,"isShopUser":false,"lsCxKnowledgeUpdateAttachment":"0x6f13a69f","mpUserComment":"0x60f2d244","optShisha":"0x5fd8b32c","optShiten":"0x3fcfbde4","optUneiHojin":"0x4d1ac3dc","orderBy":"DisplayedDate__c DESC","pageNum":1,"pageSize":20,"recordsCount":91,"searchFilter":"","ShopsOptions":"0x3b0c48c9","ssc":"0x21d7cd57","whereStr":" WHERE IsCommentOnly__c = False"}|0x3a4f4988
15:02:23.0 (186347738)|VARIABLE_ASSIGNMENT|[EXTERNAL]|this|{"attachmentId":"","categoryOptions":"0xdae24d9","currentUser":"0x4ded2fed","cxKnowledgeAttachSharing":"0","cxKnowledgeNew":"0x3457672e","cxKnowledgeUpdate":"0x3751189e","cxKnowledgeUpdateComments":"0x4ba57a41","cxKnowledgeUpdateFeedId":"0D5N000000UCchNKAT","cxKnowledgeUpdateId":"a09N000000BJepMIAT","errorMessage":"","filterFavorite":false,"filterFreeText":"","filterStatus":"","initSearchFlg":"true","isApprover":false,"isCreator":false,"isHonbu":false,"isLikedAlready":true,"isNationalApprover":false,"isRestrictedUser":false,"isShisha":false,"isShiten":false,"isShopUser":false,"lsCxKnowledgeUpdateAttachment":"0x6f13a69f","mpUserComment":"0x60f2d244","optShisha":"0x5fd8b32c","optShiten":"0x3fcfbde4","optUneiHojin":"0x4d1ac3dc","orderBy":"DisplayedDate__c DESC","pageNum":1,"pageSize":20,"recordsCount":91,"searchFilter":"","ShopsOptions":"0x3b0c48c9","ssc":"0x21d7cd57","whereStr":" WHERE IsCommentOnly__c = False"}|0x3a4f4988
15:02:23.0 (186567578)|VARIABLE_ASSIGNMENT|[EXTERNAL]|this|{"attachmentId":"","categoryOptions":"0xdae24d9","currentUser":"0x4ded2fed","cxKnowledgeAttachSharing":"0","cxKnowledgeNew":"0x3457672e","cxKnowledgeUpdate":"0x3751189e","cxKnowledgeUpdateComments":"0x4ba57a41","cxKnowledgeUpdateFeedId":"0D5N000000UCchNKAT","cxKnowledgeUpdateId":"a09N000000BJepMIAT","errorMessage":"","filterFavorite":false,"filterFreeText":"","filterStatus":"","initSearchFlg":"true","isApprover":false,"isCreator":false,"isHonbu":false,"isLikedAlready":true,"isNationalApprover":false,"isRestrictedUser":false,"isShisha":false,"isShiten":false,"isShopUser":false,"lsCxKnowledgeUpdateAttachment":"0x6f13a69f","mpUserComment":"0x60f2d244","optShisha":"0x5fd8b32c","optShiten":"0x3fcfbde4","optUneiHojin":"0x4d1ac3dc","orderBy":"DisplayedDate__c DESC","pageNum":1,"pageSize":20,"recordsCount":91,"searchFilter":"","ShopsOptions":"0x3b0c48c9","ssc":"0x21d7cd57","whereStr":" WHERE IsCommentOnly__c = False"}|0x3a4f4988
15:02:23.0 (186592175)|HEAP_ALLOCATE|[95]|Bytes:5
15:02:23.0 (186598192)|SYSTEM_MODE_EXIT|false
15:02:23.0 (186604169)|HEAP_ALLOCATE|[95]|Bytes:5
15:02:23.0 (186671721)|SYSTEM_MODE_ENTER|true
15:02:23.0 (186707787)|HEAP_ALLOCATE|[EXTERNAL]|Bytes:204
15:02:23.0 (186715873)|VARIABLE_SCOPE_BEGIN|[98]|this|auCXKnowledgeListCtrl|true|false
15:02:23.0 (186932173)|VARIABLE_ASSIGNMENT|[98]|this|{"attachmentId":"","categoryOptions":"0xdae24d9","currentUser":"0x4ded2fed","cxKnowledgeAttachSharing":"0","cxKnowledgeNew":"0x3457672e","cxKnowledgeUpdate":"0x3751189e","cxKnowledgeUpdateComments":"0x4ba57a41","cxKnowledgeUpdateFeedId":"0D5N000000UCchNKAT","cxKnowledgeUpdateId":"a09N000000BJepMIAT","errorMessage":"","filterFavorite":false,"filterFreeText":"","filterStatus":"","initSearchFlg":"true","isApprover":false,"isCreator":false,"isHonbu":false,"isLikedAlready":true,"isNationalApprover":false,"isRestrictedUser":false,"isShisha":false,"isShiten":false,"isShopUser":false,"lsCxKnowledgeUpdateAttachment":"0x6f13a69f","mpUserComment":"0x60f2d244","optShisha":"0x5fd8b32c","optShiten":"0x3fcfbde4","optUneiHojin":"0x4d1ac3dc","orderBy":"DisplayedDate__c DESC","pageNum":1,"pageSize":20,"recordsCount":91,"searchFilter":"","ShopsOptions":"0x3b0c48c9","ssc":"0x21d7cd57","whereStr":" WHERE IsCommentOnly__c = False"}|0x3a4f4988
15:02:23.0 (186968739)|SYSTEM_MODE_ENTER|false
15:02:23.0 (186975989)|HEAP_ALLOCATE|[99]|Bytes:5
15:02:23.0 (186980938)|STATEMENT_EXECUTE|[98]
15:02:23.0 (186982858)|STATEMENT_EXECUTE|[99]
15:02:23.0 (188214283)|VARIABLE_SCOPE_BEGIN|[135]|auConstantCmn.ACCESS_TYPE_KDDI|String|false|true
15:02:23.0 (188227536)|VARIABLE_SCOPE_BEGIN|[134]|auConstantCmn.ACCESS_TYPE_SA|String|false|true
15:02:23.0 (188234468)|VARIABLE_SCOPE_BEGIN|[136]|auConstantCmn.ACCESS_TYPE_SHOP|String|false|true
15:02:23.0 (188241041)|VARIABLE_SCOPE_BEGIN|[56]|auConstantCmn.ACCOUNT_CHANNEL_DAIRITEN|String|false|true
15:02:23.0 (188248153)|VARIABLE_SCOPE_BEGIN|[54]|auConstantCmn.ACCOUNT_CHANNEL_SHOP|String|false|true
15:02:23.0 (188255312)|VARIABLE_SCOPE_BEGIN|[55]|auConstantCmn.ACCOUNT_CHANNEL_UNEIHOJIN|String|false|true
15:02:23.0 (188262706)|VARIABLE_SCOPE_BEGIN|[111]|auConstantCmn.CX_KNOWLEDGE_SHARING_NATIONAL|String|false|true
15:02:23.0 (188269050)|VARIABLE_SCOPE_BEGIN|[110]|auConstantCmn.CX_KNOWLEDGE_SHARING_REGIONAL_OFFICE|String|false|true
15:02:23.0 (188275746)|VARIABLE_SCOPE_BEGIN|[116]|auConstantCmn.CX_KNOWLEDGE_STATUS_APPROVED|String|false|true
15:02:23.0 (188281715)|VARIABLE_SCOPE_BEGIN|[117]|auConstantCmn.CX_KNOWLEDGE_STATUS_NATIONAL_APPROVED|String|false|true
15:02:23.0 (188287891)|VARIABLE_SCOPE_BEGIN|[118]|auConstantCmn.CX_KNOWLEDGE_STATUS_REJECTED|String|false|true
15:02:23.0 (188294535)|VARIABLE_SCOPE_BEGIN|[115]|auConstantCmn.CX_KNOWLEDGE_STATUS_SAVED|String|false|true
15:02:23.0 (188300964)|VARIABLE_SCOPE_BEGIN|[114]|auConstantCmn.CX_KNOWLEDGE_STATUS_TEMPORARY_SAVED|String|false|true
15:02:23.0 (188307275)|VARIABLE_SCOPE_BEGIN|[20]|auConstantCmn.FORGOT_PASSWORD_ERR_MESSAGE001|String|false|true
15:02:23.0 (188314443)|VARIABLE_SCOPE_BEGIN|[131]|auConstantCmn.HONBU_DIRECT_DETAIL_TYPE_FAVORITE|String|false|true
15:02:23.0 (188321129)|VARIABLE_SCOPE_BEGIN|[130]|auConstantCmn.HONBU_DIRECT_DETAIL_TYPE_READ|String|false|true
15:02:23.0 (188327443)|VARIABLE_SCOPE_BEGIN|[122]|auConstantCmn.KDDI_KNOWLEDGE_STATUS_SAVED|String|false|true
15:02:23.0 (188334283)|VARIABLE_SCOPE_BEGIN|[121]|auConstantCmn.KDDI_KNOWLEDGE_STATUS_TEMPORARY_SAVED|String|false|true
15:02:23.0 (188341037)|VARIABLE_SCOPE_BEGIN|[14]|auConstantCmn.LOGIN_ERR_MESSAGE001|String|false|true
15:02:23.0 (188347471)|VARIABLE_SCOPE_BEGIN|[15]|auConstantCmn.LOGIN_ERR_MESSAGE002|String|false|true
15:02:23.0 (188354732)|VARIABLE_SCOPE_BEGIN|[16]|auConstantCmn.LOGIN_ERR_MESSAGE003|String|false|true
15:02:23.0 (188362191)|VARIABLE_SCOPE_BEGIN|[17]|auConstantCmn.LOGIN_ERR_MESSAGE004|String|false|true
15:02:23.0 (188368679)|VARIABLE_SCOPE_BEGIN|[97]|auConstantCmn.PAGE_ALIAS_SHOP_CX|String|false|true
15:02:23.0 (188375301)|VARIABLE_SCOPE_BEGIN|[88]|auConstantCmn.PAGE_ALIAS_SHOP_EVENTS|String|false|true
15:02:23.0 (188382120)|VARIABLE_SCOPE_BEGIN|[70]|auConstantCmn.PAGE_ALIAS_SHOP_FORGOTPW|String|false|true
15:02:23.0 (188389126)|VARIABLE_SCOPE_BEGIN|[78]|auConstantCmn.PAGE_ALIAS_SHOP_FORGOTPWCOMP|String|false|true
15:02:23.0 (188396405)|VARIABLE_SCOPE_BEGIN|[74]|auConstantCmn.PAGE_ALIAS_SHOP_FORGOTPWFORCE|String|false|true
15:02:23.0 (188403386)|VARIABLE_SCOPE_BEGIN|[85]|auConstantCmn.PAGE_ALIAS_SHOP_HOME|String|false|true
15:02:23.0 (188410024)|VARIABLE_SCOPE_BEGIN|[62]|auConstantCmn.PAGE_ALIAS_SHOP_LOGIN|String|false|true
15:02:23.0 (188417156)|VARIABLE_SCOPE_BEGIN|[66]|auConstantCmn.PAGE_ALIAS_SHOP_LOGOUT|String|false|true
15:02:23.0 (188424204)|VARIABLE_SCOPE_BEGIN|[82]|auConstantCmn.PAGE_ALIAS_SHOP_PASSWORDSIGNUP|String|false|true
15:02:23.0 (188431501)|VARIABLE_SCOPE_BEGIN|[103]|auConstantCmn.PAGE_ALIAS_SHOP_SCHEDULE|String|false|true
15:02:23.0 (188439185)|VARIABLE_SCOPE_BEGIN|[106]|auConstantCmn.PAGE_ALIAS_SHOP_SCHEDULE_LIST|String|false|true
15:02:23.0 (188446418)|VARIABLE_SCOPE_BEGIN|[91]|auConstantCmn.PAGE_ALIAS_SHOP_STPD|String|false|true
15:02:23.0 (188453589)|VARIABLE_SCOPE_BEGIN|[100]|auConstantCmn.PAGE_ALIAS_SHOP_TIMELINE_CX|String|false|true
15:02:23.0 (188461005)|VARIABLE_SCOPE_BEGIN|[94]|auConstantCmn.PAGE_ALIAS_SHOP_TIMELINE_STPD|String|false|true
15:02:23.0 (188468741)|VARIABLE_SCOPE_BEGIN|[96]|auConstantCmn.PAGE_VF_SHOP_CX|String|false|true
15:02:23.0 (188476007)|VARIABLE_SCOPE_BEGIN|[87]|auConstantCmn.PAGE_VF_SHOP_EVENTS|String|false|true
15:02:23.0 (188483799)|VARIABLE_SCOPE_BEGIN|[69]|auConstantCmn.PAGE_VF_SHOP_FORGOTPW|String|false|true
15:02:23.0 (188491194)|VARIABLE_SCOPE_BEGIN|[77]|auConstantCmn.PAGE_VF_SHOP_FORGOTPWCOMP|String|false|true
15:02:23.0 (188498576)|VARIABLE_SCOPE_BEGIN|[73]|auConstantCmn.PAGE_VF_SHOP_FORGOTPWFORCE|String|false|true
15:02:23.0 (188506003)|VARIABLE_SCOPE_BEGIN|[84]|auConstantCmn.PAGE_VF_SHOP_HOME|String|false|true
15:02:23.0 (188513608)|VARIABLE_SCOPE_BEGIN|[61]|auConstantCmn.PAGE_VF_SHOP_LOGIN|String|false|true
15:02:23.0 (188521437)|VARIABLE_SCOPE_BEGIN|[65]|auConstantCmn.PAGE_VF_SHOP_LOGOUT|String|false|true
15:02:23.0 (188529129)|VARIABLE_SCOPE_BEGIN|[81]|auConstantCmn.PAGE_VF_SHOP_PASSWORDSIGNUP|String|false|true
15:02:23.0 (188537062)|VARIABLE_SCOPE_BEGIN|[102]|auConstantCmn.PAGE_VF_SHOP_SCHEDULE|String|false|true
15:02:23.0 (188545071)|VARIABLE_SCOPE_BEGIN|[105]|auConstantCmn.PAGE_VF_SHOP_SCHEDULE_LIST|String|false|true
15:02:23.0 (188552776)|VARIABLE_SCOPE_BEGIN|[90]|auConstantCmn.PAGE_VF_SHOP_STPD|String|false|true
15:02:23.0 (188561122)|VARIABLE_SCOPE_BEGIN|[99]|auConstantCmn.PAGE_VF_SHOP_TIMELINE_CX|String|false|true
15:02:23.0 (188569000)|VARIABLE_SCOPE_BEGIN|[93]|auConstantCmn.PAGE_VF_SHOP_TIMELINE_STPD|String|false|true
15:02:23.0 (188576894)|VARIABLE_SCOPE_BEGIN|[28]|auConstantCmn.PASSWORD_SIGNUP_ERR_EXPIREDURL|String|false|true
15:02:23.0 (188584851)|VARIABLE_SCOPE_BEGIN|[31]|auConstantCmn.PASSWORD_SIGNUP_ERR_INTERNAL|String|false|true
15:02:23.0 (188593678)|VARIABLE_SCOPE_BEGIN|[29]|auConstantCmn.PASSWORD_SIGNUP_ERR_INVALIDURL|String|false|true
15:02:23.0 (188601618)|VARIABLE_SCOPE_BEGIN|[23]|auConstantCmn.PASSWORD_SIGNUP_ERR_MESSAGE001|String|false|true
15:02:23.0 (188609694)|VARIABLE_SCOPE_BEGIN|[24]|auConstantCmn.PASSWORD_SIGNUP_ERR_MESSAGE002|String|false|true
15:02:23.0 (188618918)|VARIABLE_SCOPE_BEGIN|[25]|auConstantCmn.PASSWORD_SIGNUP_ERR_MESSAGE003|String|false|true
15:02:23.0 (188627410)|VARIABLE_SCOPE_BEGIN|[26]|auConstantCmn.PASSWORD_SIGNUP_ERR_MESSAGE004|String|false|true
15:02:23.0 (188635522)|VARIABLE_SCOPE_BEGIN|[27]|auConstantCmn.PASSWORD_SIGNUP_ERR_MESSAGE005|String|false|true
15:02:23.0 (188644280)|VARIABLE_SCOPE_BEGIN|[30]|auConstantCmn.PASSWORD_SIGNUP_ERR_OLDURL|String|false|true
15:02:23.0 (188652308)|VARIABLE_SCOPE_BEGIN|[35]|auConstantCmn.PROFILE_COMMUNITY_MANAGEMENT|String|false|true
15:02:23.0 (188660786)|VARIABLE_SCOPE_BEGIN|[36]|auConstantCmn.PROFILE_COMMUNITY_PRIMARY_AGENT|String|false|true
15:02:23.0 (188669229)|VARIABLE_SCOPE_BEGIN|[34]|auConstantCmn.PROFILE_COMMUNITY_SHOP|String|false|true
15:02:23.0 (188677742)|VARIABLE_SCOPE_BEGIN|[48]|auConstantCmn.PROFILE_EVOLVA_ADMIN_USER|String|false|true
15:02:23.0 (188686306)|VARIABLE_SCOPE_BEGIN|[47]|auConstantCmn.PROFILE_EVOLVA_USER|String|false|true
15:02:23.0 (188695494)|VARIABLE_SCOPE_BEGIN|[37]|auConstantCmn.PROFILE_KDDI_BRANCH|String|false|true
15:02:23.0 (188704132)|VARIABLE_SCOPE_BEGIN|[38]|auConstantCmn.PROFILE_KDDI_BRANCH_V2|String|false|true
15:02:23.0 (188712754)|VARIABLE_SCOPE_BEGIN|[41]|auConstantCmn.PROFILE_KDDI_HEADQUARTERS|String|false|true
15:02:23.0 (188721637)|VARIABLE_SCOPE_BEGIN|[42]|auConstantCmn.PROFILE_KDDI_HEADQUARTERS_V2|String|false|true
15:02:23.0 (188730649)|VARIABLE_SCOPE_BEGIN|[44]|auConstantCmn.PROFILE_KDDI_KNOWLEDGE_ACTIVITIES|String|false|true
15:02:23.0 (188739719)|VARIABLE_SCOPE_BEGIN|[43]|auConstantCmn.PROFILE_KDDI_KNOWLEDGE_ONLY|String|false|true
15:02:23.0 (188748306)|VARIABLE_SCOPE_BEGIN|[39]|auConstantCmn.PROFILE_KDDI_REGIONAL_OFFICE|String|false|true
15:02:23.0 (188757827)|VARIABLE_SCOPE_BEGIN|[40]|auConstantCmn.PROFILE_KDDI_REGIONAL_OFFICE_V2|String|false|true
15:02:23.0 (188767191)|VARIABLE_SCOPE_BEGIN|[46]|auConstantCmn.PROFILE_SA_USER_CSA|String|false|true
15:02:23.0 (188776281)|VARIABLE_SCOPE_BEGIN|[45]|auConstantCmn.PROFILE_SA_USER_SA|String|false|true
15:02:23.0 (188785842)|VARIABLE_SCOPE_BEGIN|[49]|auConstantCmn.PROFILE_SYSADMIN_CUSTOM|String|false|true
15:02:23.0 (188795092)|VARIABLE_SCOPE_BEGIN|[50]|auConstantCmn.PROFILE_SYSADMIN_DEFAULT_EN|String|false|true
15:02:23.0 (188803868)|VARIABLE_SCOPE_BEGIN|[51]|auConstantCmn.PROFILE_SYSADMIN_DEFAULT_JP|String|false|true
15:02:23.0 (188813755)|VARIABLE_SCOPE_BEGIN|[9]|auConstantCmn.ROLE_CODE_EVOLVA_HONBU|String|false|true
15:02:23.0 (188822871)|VARIABLE_SCOPE_BEGIN|[10]|auConstantCmn.ROLE_CODE_EVOLVA_SHISHA|String|false|true
15:02:23.0 (188831705)|VARIABLE_SCOPE_BEGIN|[11]|auConstantCmn.ROLE_CODE_EVOLVA_SHITEN|String|false|true
15:02:23.0 (188840790)|VARIABLE_SCOPE_BEGIN|[7]|auConstantCmn.ROLE_CODE_HONBU|String|false|true
15:02:23.0 (188850000)|VARIABLE_SCOPE_BEGIN|[8]|auConstantCmn.ROLE_CODE_SA_HONBU|String|false|true
15:02:23.0 (188860316)|VARIABLE_SCOPE_BEGIN|[127]|auConstantCmn.USER_CLASSIFICATION_CONTRACTOR|String|false|true
15:02:23.0 (188874874)|VARIABLE_SCOPE_BEGIN|[126]|auConstantCmn.USER_CLASSIFICATION_CSA|String|false|true
15:02:23.0 (188886264)|VARIABLE_SCOPE_BEGIN|[125]|auConstantCmn.USER_CLASSIFICATION_SA|String|false|true
15:02:23.0 (188899531)|HEAP_ALLOCATE|[99]|Bytes:11
15:02:23.0 (188913376)|VARIABLE_ASSIGNMENT|[99]|auConstantCmn.ACCESS_TYPE_KDDI|"KDDI_ACCESS"
15:02:23.0 (188918447)|HEAP_ALLOCATE|[99]|Bytes:9
15:02:23.0 (188925408)|VARIABLE_ASSIGNMENT|[99]|auConstantCmn.ACCESS_TYPE_SA|"SA_ACCESS"
15:02:23.0 (188930034)|HEAP_ALLOCATE|[99]|Bytes:11
15:02:23.0 (188936311)|VARIABLE_ASSIGNMENT|[99]|auConstantCmn.ACCESS_TYPE_SHOP|"SHOP_ACCESS"
15:02:23.0 (188940530)|HEAP_ALLOCATE|[99]|Bytes:5
15:02:23.0 (188946865)|VARIABLE_ASSIGNMENT|[99]|auConstantCmn.ACCOUNT_CHANNEL_DAIRITEN|"一次代理店"
15:02:23.0 (188951156)|HEAP_ALLOCATE|[99]|Bytes:6
15:02:23.0 (188976088)|VARIABLE_ASSIGNMENT|[99]|auConstantCmn.ACCOUNT_CHANNEL_SHOP|"auショップ"
15:02:23.0 (188981606)|HEAP_ALLOCATE|[99]|Bytes:4
15:02:23.0 (188987960)|VARIABLE_ASSIGNMENT|[99]|auConstantCmn.ACCOUNT_CHANNEL_UNEIHOJIN|"運営法人"
15:02:23.0 (188992563)|HEAP_ALLOCATE|[99]|Bytes:8
15:02:23.0 (188998526)|VARIABLE_ASSIGNMENT|[99]|auConstantCmn.CX_KNOWLEDGE_SHARING_NATIONAL|"National"
15:02:23.0 (189003253)|HEAP_ALLOCATE|[99]|Bytes:14
15:02:23.0 (189009703)|VARIABLE_ASSIGNMENT|[99]|auConstantCmn.CX_KNOWLEDGE_SHARING_REGIONAL_OFFICE|"RegionalOffice"
15:02:23.0 (189014127)|HEAP_ALLOCATE|[99]|Bytes:8
15:02:23.0 (189020415)|VARIABLE_ASSIGNMENT|[99]|auConstantCmn.CX_KNOWLEDGE_STATUS_APPROVED|"Approved"
15:02:23.0 (189024491)|HEAP_ALLOCATE|[99]|Bytes:16
15:02:23.0 (189031211)|VARIABLE_ASSIGNMENT|[99]|auConstantCmn.CX_KNOWLEDGE_STATUS_NATIONAL_APPROVED|"NationalApproved"
15:02:23.0 (189035106)|HEAP_ALLOCATE|[99]|Bytes:8
15:02:23.0 (189040995)|VARIABLE_ASSIGNMENT|[99]|auConstantCmn.CX_KNOWLEDGE_STATUS_REJECTED|"Rejected"
15:02:23.0 (189044963)|HEAP_ALLOCATE|[99]|Bytes:5
15:02:23.0 (189050636)|VARIABLE_ASSIGNMENT|[99]|auConstantCmn.CX_KNOWLEDGE_STATUS_SAVED|"Saved"
15:02:23.0 (189054533)|HEAP_ALLOCATE|[99]|Bytes:14
15:02:23.0 (189061370)|VARIABLE_ASSIGNMENT|[99]|auConstantCmn.CX_KNOWLEDGE_STATUS_TEMPORARY_SAVED|"TemporarySaved"
15:02:23.0 (189066013)|HEAP_ALLOCATE|[99]|Bytes:12
15:02:23.0 (189072316)|VARIABLE_ASSIGNMENT|[99]|auConstantCmn.FORGOT_PASSWORD_ERR_MESSAGE001|"IDを入力してください。"
15:02:23.0 (189076690)|HEAP_ALLOCATE|[99]|Bytes:8
15:02:23.0 (189083149)|VARIABLE_ASSIGNMENT|[99]|auConstantCmn.HONBU_DIRECT_DETAIL_TYPE_FAVORITE|"FAVORITE"
15:02:23.0 (189087247)|HEAP_ALLOCATE|[99]|Bytes:4
15:02:23.0 (189093045)|VARIABLE_ASSIGNMENT|[99]|auConstantCmn.HONBU_DIRECT_DETAIL_TYPE_READ|"READ"
15:02:23.0 (189096817)|HEAP_ALLOCATE|[99]|Bytes:5
15:02:23.0 (189102774)|VARIABLE_ASSIGNMENT|[99]|auConstantCmn.KDDI_KNOWLEDGE_STATUS_SAVED|"Saved"
15:02:23.0 (189106770)|HEAP_ALLOCATE|[99]|Bytes:14
15:02:23.0 (189113726)|VARIABLE_ASSIGNMENT|[99]|auConstantCmn.KDDI_KNOWLEDGE_STATUS_TEMPORARY_SAVED|"TemporarySaved"
15:02:23.0 (189117487)|HEAP_ALLOCATE|[99]|Bytes:15
15:02:23.0 (189124118)|VARIABLE_ASSIGNMENT|[99]|auConstantCmn.LOGIN_ERR_MESSAGE001|"パスワードを入力してください。"
15:02:23.0 (189128857)|HEAP_ALLOCATE|[99]|Bytes:27
15:02:23.0 (189137038)|VARIABLE_ASSIGNMENT|[99]|auConstantCmn.LOGIN_ERR_MESSAGE002|"8文字以上の英数字混在のパスワードを指定 (7 more) ..."
15:02:23.0 (189141644)|HEAP_ALLOCATE|[99]|Bytes:19
15:02:23.0 (189148908)|VARIABLE_ASSIGNMENT|[99]|auConstantCmn.LOGIN_ERR_MESSAGE003|"ID或いはパスワードが間違っています。"
15:02:23.0 (189153056)|HEAP_ALLOCATE|[99]|Bytes:46
15:02:23.0 (189160787)|VARIABLE_ASSIGNMENT|[99]|auConstantCmn.LOGIN_ERR_MESSAGE004|"ログイン失敗回数を超えた為、ロックされま (26 more) ..."
15:02:23.0 (189164776)|HEAP_ALLOCATE|[99]|Bytes:3
15:02:23.0 (189170972)|VARIABLE_ASSIGNMENT|[99]|auConstantCmn.PAGE_ALIAS_SHOP_CX|"/CX"
15:02:23.0 (189175313)|HEAP_ALLOCATE|[99]|Bytes:7
15:02:23.0 (189182476)|VARIABLE_ASSIGNMENT|[99]|auConstantCmn.PAGE_ALIAS_SHOP_EVENTS|"/events"
15:02:23.0 (189186038)|HEAP_ALLOCATE|[99]|Bytes:16
15:02:23.0 (189192623)|VARIABLE_ASSIGNMENT|[99]|auConstantCmn.PAGE_ALIAS_SHOP_FORGOTPW|"/forgot-password"
15:02:23.0 (189197536)|HEAP_ALLOCATE|[99]|Bytes:25
15:02:23.0 (189205382)|VARIABLE_ASSIGNMENT|[99]|auConstantCmn.PAGE_ALIAS_SHOP_FORGOTPWCOMP|"/forgot-password-com (5 more) ..."
15:02:23.0 (189210061)|HEAP_ALLOCATE|[99]|Bytes:22
15:02:23.0 (189217813)|VARIABLE_ASSIGNMENT|[99]|auConstantCmn.PAGE_ALIAS_SHOP_FORGOTPWFORCE|"/forgot-password-for (2 more) ..."
15:02:23.0 (189221965)|HEAP_ALLOCATE|[99]|Bytes:5
15:02:23.0 (189228975)|VARIABLE_ASSIGNMENT|[99]|auConstantCmn.PAGE_ALIAS_SHOP_HOME|"/home"
15:02:23.0 (189232895)|HEAP_ALLOCATE|[99]|Bytes:6
15:02:23.0 (189239430)|VARIABLE_ASSIGNMENT|[99]|auConstantCmn.PAGE_ALIAS_SHOP_LOGIN|"/login"
15:02:23.0 (189243118)|HEAP_ALLOCATE|[99]|Bytes:7
15:02:23.0 (189249958)|VARIABLE_ASSIGNMENT|[99]|auConstantCmn.PAGE_ALIAS_SHOP_LOGOUT|"/logout"
15:02:23.0 (189253973)|HEAP_ALLOCATE|[99]|Bytes:16
15:02:23.0 (189261572)|VARIABLE_ASSIGNMENT|[99]|auConstantCmn.PAGE_ALIAS_SHOP_PASSWORDSIGNUP|"/password-signup"
15:02:23.0 (189265594)|HEAP_ALLOCATE|[99]|Bytes:9
15:02:23.0 (189272807)|VARIABLE_ASSIGNMENT|[99]|auConstantCmn.PAGE_ALIAS_SHOP_SCHEDULE|"/calendar"
15:02:23.0 (189276787)|HEAP_ALLOCATE|[99]|Bytes:11
15:02:23.0 (189283966)|VARIABLE_ASSIGNMENT|[99]|auConstantCmn.PAGE_ALIAS_SHOP_SCHEDULE_LIST|"/activities"
15:02:23.0 (189287671)|HEAP_ALLOCATE|[99]|Bytes:5
15:02:23.0 (189294532)|VARIABLE_ASSIGNMENT|[99]|auConstantCmn.PAGE_ALIAS_SHOP_STPD|"/STPD"
15:02:23.0 (189298571)|HEAP_ALLOCATE|[99]|Bytes:11
15:02:23.0 (189305828)|VARIABLE_ASSIGNMENT|[99]|auConstantCmn.PAGE_ALIAS_SHOP_TIMELINE_CX|"/timelineCX"
15:02:23.0 (189309739)|HEAP_ALLOCATE|[99]|Bytes:13
15:02:23.0 (189317500)|VARIABLE_ASSIGNMENT|[99]|auConstantCmn.PAGE_ALIAS_SHOP_TIMELINE_STPD|"/timelineSTPD"
15:02:23.0 (189321727)|HEAP_ALLOCATE|[99]|Bytes:27
15:02:23.0 (189330237)|VARIABLE_ASSIGNMENT|[99]|auConstantCmn.PAGE_VF_SHOP_CX|"/apex/auCXKnowledgeL (7 more) ..."
15:02:23.0 (189334462)|HEAP_ALLOCATE|[99]|Bytes:22
15:02:23.0 (189343235)|VARIABLE_ASSIGNMENT|[99]|auConstantCmn.PAGE_VF_SHOP_EVENTS|"/apex/auEventsListPa (2 more) ..."
15:02:23.0 (189347937)|HEAP_ALLOCATE|[99]|Bytes:21
15:02:23.0 (189356515)|VARIABLE_ASSIGNMENT|[99]|auConstantCmn.PAGE_VF_SHOP_FORGOTPW|"/auForgotPasswordPag (1 more) ..."
15:02:23.0 (189360958)|HEAP_ALLOCATE|[99]|Bytes:29
15:02:23.0 (189369907)|VARIABLE_ASSIGNMENT|[99]|auConstantCmn.PAGE_VF_SHOP_FORGOTPWCOMP|"/auForgotPasswordCom (9 more) ..."
15:02:23.0 (189374051)|HEAP_ALLOCATE|[99]|Bytes:26
15:02:23.0 (189382161)|VARIABLE_ASSIGNMENT|[99]|auConstantCmn.PAGE_VF_SHOP_FORGOTPWFORCE|"/auForgotPasswordFor (6 more) ..."
15:02:23.0 (189385966)|HEAP_ALLOCATE|[99]|Bytes:24
15:02:23.0 (189394310)|VARIABLE_ASSIGNMENT|[99]|auConstantCmn.PAGE_VF_SHOP_HOME|"/apex/auSwitchScreen (4 more) ..."
15:02:23.0 (189398211)|HEAP_ALLOCATE|[99]|Bytes:12
15:02:23.0 (189405686)|VARIABLE_ASSIGNMENT|[99]|auConstantCmn.PAGE_VF_SHOP_LOGIN|"/auLoginPage"
15:02:23.0 (189409766)|HEAP_ALLOCATE|[99]|Bytes:13
15:02:23.0 (189417204)|VARIABLE_ASSIGNMENT|[99]|auConstantCmn.PAGE_VF_SHOP_LOGOUT|"/auLogoutPage"
15:02:23.0 (189421146)|HEAP_ALLOCATE|[99]|Bytes:21
15:02:23.0 (189430209)|VARIABLE_ASSIGNMENT|[99]|auConstantCmn.PAGE_VF_SHOP_PASSWORDSIGNUP|"/auPasswordSignupPag (1 more) ..."
15:02:23.0 (189434543)|HEAP_ALLOCATE|[99]|Bytes:16
15:02:23.0 (189442970)|VARIABLE_ASSIGNMENT|[99]|auConstantCmn.PAGE_VF_SHOP_SCHEDULE|"/apex/auSchedule"
15:02:23.0 (189447166)|HEAP_ALLOCATE|[99]|Bytes:20
15:02:23.0 (189455156)|VARIABLE_ASSIGNMENT|[99]|auConstantCmn.PAGE_VF_SHOP_SCHEDULE_LIST|"/apex/auScheduleList"
15:02:23.0 (189459358)|HEAP_ALLOCATE|[99]|Bytes:20
15:02:23.0 (189467610)|VARIABLE_ASSIGNMENT|[99]|auConstantCmn.PAGE_VF_SHOP_STPD|"/apex/auSTPDListPage"
15:02:23.0 (189471467)|HEAP_ALLOCATE|[99]|Bytes:31
15:02:23.0 (189480603)|VARIABLE_ASSIGNMENT|[99]|auConstantCmn.PAGE_VF_SHOP_TIMELINE_CX|"/apex/auCxKnowledgeT (11 more) ..."
15:02:23.0 (189484631)|HEAP_ALLOCATE|[99]|Bytes:24
15:02:23.0 (189493579)|VARIABLE_ASSIGNMENT|[99]|auConstantCmn.PAGE_VF_SHOP_TIMELINE_STPD|"/apex/auSTPDTimeline (4 more) ..."
15:02:23.0 (189498199)|HEAP_ALLOCATE|[99]|Bytes:55
15:02:23.0 (189507349)|VARIABLE_ASSIGNMENT|[99]|auConstantCmn.PASSWORD_SIGNUP_ERR_EXPIREDURL|"パスワードリセットの有効期限が切れていま (35 more) ..."
15:02:23.0 (189511486)|HEAP_ALLOCATE|[99]|Bytes:27
15:02:23.0 (189520799)|VARIABLE_ASSIGNMENT|[99]|auConstantCmn.PASSWORD_SIGNUP_ERR_INTERNAL|"内部エラーが発生しました。サイト管理者に (7 more) ..."
15:02:23.0 (189525403)|HEAP_ALLOCATE|[99]|Bytes:51
15:02:23.0 (189534718)|VARIABLE_ASSIGNMENT|[99]|auConstantCmn.PASSWORD_SIGNUP_ERR_INVALIDURL|"不正なパスワードリセットURLです。<b (31 more) ..."
15:02:23.0 (189539290)|HEAP_ALLOCATE|[99]|Bytes:15
15:02:23.0 (189547412)|VARIABLE_ASSIGNMENT|[99]|auConstantCmn.PASSWORD_SIGNUP_ERR_MESSAGE001|"パスワードを入力してください。"
15:02:23.0 (189551765)|HEAP_ALLOCATE|[99]|Bytes:19
15:02:23.0 (189560157)|VARIABLE_ASSIGNMENT|[99]|auConstantCmn.PASSWORD_SIGNUP_ERR_MESSAGE002|"確認用のパスワードを入力してください。"
15:02:23.0 (189564172)|HEAP_ALLOCATE|[99]|Bytes:27
15:02:23.0 (189573764)|VARIABLE_ASSIGNMENT|[99]|auConstantCmn.PASSWORD_SIGNUP_ERR_MESSAGE003|"8文字以上の英数字混在のパスワードを指定 (7 more) ..."
15:02:23.0 (189578012)|HEAP_ALLOCATE|[99]|Bytes:22
15:02:23.0 (189587419)|VARIABLE_ASSIGNMENT|[99]|auConstantCmn.PASSWORD_SIGNUP_ERR_MESSAGE004|"パスワードと確認用のパスワードが不一致で (2 more) ..."
15:02:23.0 (189591709)|HEAP_ALLOCATE|[99]|Bytes:21
15:02:23.0 (189600893)|VARIABLE_ASSIGNMENT|[99]|auConstantCmn.PASSWORD_SIGNUP_ERR_MESSAGE005|"以前利用したパスワードはご利用できません (1 more) ..."
15:02:23.0 (189605122)|HEAP_ALLOCATE|[99]|Bytes:46
15:02:23.0 (189615006)|VARIABLE_ASSIGNMENT|[99]|auConstantCmn.PASSWORD_SIGNUP_ERR_OLDURL|"以前のパスワードリセットURLは利用でき (26 more) ..."
15:02:23.0 (189619451)|HEAP_ALLOCATE|[99]|Bytes:14
15:02:23.0 (189628001)|VARIABLE_ASSIGNMENT|[99]|auConstantCmn.PROFILE_COMMUNITY_MANAGEMENT|"au ショップ - 運営法人"
15:02:23.0 (189632401)|HEAP_ALLOCATE|[99]|Bytes:15
15:02:23.0 (189641113)|VARIABLE_ASSIGNMENT|[99]|auConstantCmn.PROFILE_COMMUNITY_PRIMARY_AGENT|"au ショップ - 一次代理店"
15:02:23.0 (189644938)|HEAP_ALLOCATE|[99]|Bytes:12
15:02:23.0 (189653408)|VARIABLE_ASSIGNMENT|[99]|auConstantCmn.PROFILE_COMMUNITY_SHOP|"au ショップ - 店舗"
15:02:23.0 (189657549)|HEAP_ALLOCATE|[99]|Bytes:17
15:02:23.0 (189666639)|VARIABLE_ASSIGNMENT|[99]|auConstantCmn.PROFILE_EVOLVA_ADMIN_USER|"Evolva Admin User"
15:02:23.0 (189670823)|HEAP_ALLOCATE|[99]|Bytes:11
15:02:23.0 (189679319)|VARIABLE_ASSIGNMENT|[99]|auConstantCmn.PROFILE_EVOLVA_USER|"Evolva User"
15:02:23.0 (189683560)|HEAP_ALLOCATE|[99]|Bytes:9
15:02:23.0 (189692692)|VARIABLE_ASSIGNMENT|[99]|auConstantCmn.PROFILE_KDDI_BRANCH|"KDDI - 支店"
15:02:23.0 (189696898)|HEAP_ALLOCATE|[99]|Bytes:12
15:02:23.0 (189705399)|VARIABLE_ASSIGNMENT|[99]|auConstantCmn.PROFILE_KDDI_BRANCH_V2|"KDDI - 支店 v2"
15:02:23.0 (189709695)|HEAP_ALLOCATE|[99]|Bytes:9
15:02:23.0 (189719026)|VARIABLE_ASSIGNMENT|[99]|auConstantCmn.PROFILE_KDDI_HEADQUARTERS|"KDDI - 本部"
15:02:23.0 (189722849)|HEAP_ALLOCATE|[99]|Bytes:12
15:02:23.0 (189731960)|VARIABLE_ASSIGNMENT|[99]|auConstantCmn.PROFILE_KDDI_HEADQUARTERS_V2|"KDDI - 本部 v2"
15:02:23.0 (189736282)|HEAP_ALLOCATE|[99]|Bytes:29
15:02:23.0 (189746335)|VARIABLE_ASSIGNMENT|[99]|auConstantCmn.PROFILE_KDDI_KNOWLEDGE_ACTIVITIES|"KDDI - Knowledge & A (9 more) ..."
15:02:23.0 (189750537)|HEAP_ALLOCATE|[99]|Bytes:21
15:02:23.0 (189760967)|VARIABLE_ASSIGNMENT|[99]|auConstantCmn.PROFILE_KDDI_KNOWLEDGE_ONLY|"KDDI - Knowledge onl (1 more) ..."
15:02:23.0 (189765243)|HEAP_ALLOCATE|[99]|Bytes:9
15:02:23.0 (189774463)|VARIABLE_ASSIGNMENT|[99]|auConstantCmn.PROFILE_KDDI_REGIONAL_OFFICE|"KDDI - 支社"
15:02:23.0 (189778605)|HEAP_ALLOCATE|[99]|Bytes:12
15:02:23.0 (189787630)|VARIABLE_ASSIGNMENT|[99]|auConstantCmn.PROFILE_KDDI_REGIONAL_OFFICE_V2|"KDDI - 支社 v2"
15:02:23.0 (189792014)|HEAP_ALLOCATE|[99]|Bytes:13
15:02:23.0 (189801144)|VARIABLE_ASSIGNMENT|[99]|auConstantCmn.PROFILE_SA_USER_CSA|"SA User - CSA"
15:02:23.0 (189805365)|HEAP_ALLOCATE|[99]|Bytes:12
15:02:23.0 (189814622)|VARIABLE_ASSIGNMENT|[99]|auConstantCmn.PROFILE_SA_USER_SA|"SA User - SA"
15:02:23.0 (189818973)|HEAP_ALLOCATE|[99]|Bytes:12
15:02:23.0 (189828156)|VARIABLE_ASSIGNMENT|[99]|auConstantCmn.PROFILE_SYSADMIN_CUSTOM|"System Admin"
15:02:23.0 (189831760)|HEAP_ALLOCATE|[99]|Bytes:20
15:02:23.0 (189841474)|VARIABLE_ASSIGNMENT|[99]|auConstantCmn.PROFILE_SYSADMIN_DEFAULT_EN|"System Administrator"
15:02:23.0 (189845556)|HEAP_ALLOCATE|[99]|Bytes:7
15:02:23.0 (189854326)|VARIABLE_ASSIGNMENT|[99]|auConstantCmn.PROFILE_SYSADMIN_DEFAULT_JP|"システム管理者"
15:02:23.0 (189858852)|HEAP_ALLOCATE|[99]|Bytes:7
15:02:23.0 (189872082)|VARIABLE_ASSIGNMENT|[99]|auConstantCmn.ROLE_CODE_EVOLVA_HONBU|"E000000"
15:02:23.0 (189876546)|HEAP_ALLOCATE|[99]|Bytes:6
15:02:23.0 (189886679)|VARIABLE_ASSIGNMENT|[99]|auConstantCmn.ROLE_CODE_EVOLVA_SHISHA|"EKEV01"
15:02:23.0 (189891365)|HEAP_ALLOCATE|[99]|Bytes:8
15:02:23.0 (189900794)|VARIABLE_ASSIGNMENT|[99]|auConstantCmn.ROLE_CODE_EVOLVA_SHITEN|"EKEV0101"
15:02:23.0 (189904616)|HEAP_ALLOCATE|[99]|Bytes:7
15:02:23.0 (189913957)|VARIABLE_ASSIGNMENT|[99]|auConstantCmn.ROLE_CODE_HONBU|"C000000"
15:02:23.0 (189917874)|HEAP_ALLOCATE|[99]|Bytes:7
15:02:23.0 (189926980)|VARIABLE_ASSIGNMENT|[99]|auConstantCmn.ROLE_CODE_SA_HONBU|"S000000"
15:02:23.0 (189931230)|HEAP_ALLOCATE|[99]|Bytes:10
15:02:23.0 (189940609)|VARIABLE_ASSIGNMENT|[99]|auConstantCmn.USER_CLASSIFICATION_CONTRACTOR|"CONTRACTOR"
15:02:23.0 (189945245)|HEAP_ALLOCATE|[99]|Bytes:3
15:02:23.0 (189954405)|VARIABLE_ASSIGNMENT|[99]|auConstantCmn.USER_CLASSIFICATION_CSA|"CSA"
15:02:23.0 (189957919)|HEAP_ALLOCATE|[99]|Bytes:2
15:02:23.0 (189967556)|VARIABLE_ASSIGNMENT|[99]|auConstantCmn.USER_CLASSIFICATION_SA|"SA"
15:02:23.0 (189983162)|METHOD_ENTRY|[4]|01pN0000000Miks|auConstantCmn.auConstantCmn()
15:02:23.0 (189988926)|STATEMENT_EXECUTE|[4]
15:02:23.0 (189992281)|STATEMENT_EXECUTE|[4]
15:02:23.0 (189999644)|HEAP_ALLOCATE|[99]|Bytes:5
15:02:23.0 (190008044)|METHOD_EXIT|[4]|auConstantCmn
15:02:23.0 (190058385)|HEAP_ALLOCATE|[99]|Bytes:5
15:02:23.0 (190064543)|SYSTEM_MODE_EXIT|false
15:02:23.0 (190070145)|HEAP_ALLOCATE|[99]|Bytes:5
15:02:23.0 (190239500)|SYSTEM_MODE_ENTER|true
15:02:23.0 (190670912)|SYSTEM_MODE_ENTER|true
15:02:23.0 (191101691)|SYSTEM_MODE_ENTER|true
15:02:23.0 (191143056)|SYSTEM_MODE_ENTER|true
15:02:23.0 (191241017)|SYSTEM_MODE_ENTER|true
15:02:23.0 (191280465)|HEAP_ALLOCATE|[EXTERNAL]|Bytes:204
15:02:23.0 (191288851)|VARIABLE_SCOPE_BEGIN|[34]|this|auCXKnowledgeListCtrl|true|false
15:02:23.0 (191524200)|VARIABLE_ASSIGNMENT|[34]|this|{"attachmentId":"","categoryOptions":"0xdae24d9","currentUser":"0x4ded2fed","cxKnowledgeAttachSharing":"0","cxKnowledgeNew":"0x3457672e","cxKnowledgeUpdate":"0x3751189e","cxKnowledgeUpdateComments":"0x4ba57a41","cxKnowledgeUpdateFeedId":"0D5N000000UCchNKAT","cxKnowledgeUpdateId":"a09N000000BJepMIAT","errorMessage":"","filterFavorite":false,"filterFreeText":"","filterStatus":"","initSearchFlg":"true","isApprover":false,"isCreator":false,"isHonbu":false,"isLikedAlready":true,"isNationalApprover":false,"isRestrictedUser":false,"isShisha":false,"isShiten":false,"isShopUser":false,"lsCxKnowledgeUpdateAttachment":"0x6f13a69f","mpUserComment":"0x60f2d244","optShisha":"0x5fd8b32c","optShiten":"0x3fcfbde4","optUneiHojin":"0x4d1ac3dc","orderBy":"DisplayedDate__c DESC","pageNum":1,"pageSize":20,"recordsCount":91,"searchFilter":"","ShopsOptions":"0x3b0c48c9","ssc":"0x21d7cd57","whereStr":" WHERE IsCommentOnly__c = False"}|0x3a4f4988
15:02:23.0 (191549043)|SYSTEM_MODE_ENTER|false
15:02:23.0 (191556729)|HEAP_ALLOCATE|[35]|Bytes:5
15:02:23.0 (191561807)|STATEMENT_EXECUTE|[34]
15:02:23.0 (191563796)|STATEMENT_EXECUTE|[35]
15:02:23.0 (191569612)|SYSTEM_MODE_EXIT|false
15:02:23.0 (191635613)|SYSTEM_MODE_ENTER|true
15:02:23.0 (191755962)|SYSTEM_MODE_ENTER|true
15:02:23.0 (191973853)|SYSTEM_MODE_ENTER|true
15:02:23.0 (192009560)|HEAP_ALLOCATE|[EXTERNAL]|Bytes:204
15:02:23.0 (192018223)|VARIABLE_SCOPE_BEGIN|[38]|this|auCXKnowledgeListCtrl|true|false
15:02:23.0 (192240585)|VARIABLE_ASSIGNMENT|[38]|this|{"attachmentId":"","categoryOptions":"0xdae24d9","currentUser":"0x4ded2fed","cxKnowledgeAttachSharing":"0","cxKnowledgeNew":"0x3457672e","cxKnowledgeUpdate":"0x3751189e","cxKnowledgeUpdateComments":"0x4ba57a41","cxKnowledgeUpdateFeedId":"0D5N000000UCchNKAT","cxKnowledgeUpdateId":"a09N000000BJepMIAT","errorMessage":"","filterFavorite":false,"filterFreeText":"","filterStatus":"","initSearchFlg":"true","isApprover":false,"isCreator":false,"isHonbu":false,"isLikedAlready":true,"isNationalApprover":false,"isRestrictedUser":false,"isShisha":false,"isShiten":false,"isShopUser":false,"lsCxKnowledgeUpdateAttachment":"0x6f13a69f","mpUserComment":"0x60f2d244","optShisha":"0x5fd8b32c","optShiten":"0x3fcfbde4","optUneiHojin":"0x4d1ac3dc","orderBy":"DisplayedDate__c DESC","pageNum":1,"pageSize":20,"recordsCount":91,"searchFilter":"","ShopsOptions":"0x3b0c48c9","ssc":"0x21d7cd57","whereStr":" WHERE IsCommentOnly__c = False"}|0x3a4f4988
15:02:23.0 (192263138)|SYSTEM_MODE_ENTER|false
15:02:23.0 (192270089)|HEAP_ALLOCATE|[38]|Bytes:5
15:02:23.0 (192275175)|STATEMENT_EXECUTE|[38]
15:02:23.0 (192277076)|STATEMENT_EXECUTE|[38]
15:02:23.0 (192503727)|VARIABLE_ASSIGNMENT|[EXTERNAL]|this|{"attachmentId":"","categoryOptions":"0xdae24d9","currentUser":"0x4ded2fed","cxKnowledgeAttachSharing":"0","cxKnowledgeNew":"0x3457672e","cxKnowledgeUpdate":"0x3751189e","cxKnowledgeUpdateComments":"0x4ba57a41","cxKnowledgeUpdateFeedId":"0D5N000000UCchNKAT","cxKnowledgeUpdateId":"a09N000000BJepMIAT","errorMessage":"","filterFavorite":false,"filterFreeText":"","filterStatus":"","initSearchFlg":"true","isApprover":false,"isCreator":false,"isHonbu":false,"isLikedAlready":true,"isNationalApprover":false,"isRestrictedUser":false,"isShisha":false,"isShiten":false,"isShopUser":false,"lsCxKnowledgeUpdateAttachment":"0x6f13a69f","mpUserComment":"0x60f2d244","optShisha":"0x5fd8b32c","optShiten":"0x3fcfbde4","optUneiHojin":"0x4d1ac3dc","orderBy":"DisplayedDate__c DESC","pageNum":1,"pageSize":20,"recordsCount":91,"searchFilter":"","ShopsOptions":"0x3b0c48c9","ssc":"0x21d7cd57","whereStr":" WHERE IsCommentOnly__c = False"}|0x3a4f4988
15:02:23.0 (192733195)|VARIABLE_ASSIGNMENT|[EXTERNAL]|this|{"attachmentId":"","categoryOptions":"0xdae24d9","currentUser":"0x4ded2fed","cxKnowledgeAttachSharing":"0","cxKnowledgeNew":"0x3457672e","cxKnowledgeUpdate":"0x3751189e","cxKnowledgeUpdateComments":"0x4ba57a41","cxKnowledgeUpdateFeedId":"0D5N000000UCchNKAT","cxKnowledgeUpdateId":"a09N000000BJepMIAT","errorMessage":"","filterFavorite":false,"filterFreeText":"","filterStatus":"","initSearchFlg":"true","isApprover":false,"isCreator":false,"isHonbu":false,"isLikedAlready":true,"isNationalApprover":false,"isRestrictedUser":false,"isShisha":false,"isShiten":false,"isShopUser":false,"lsCxKnowledgeUpdateAttachment":"0x6f13a69f","mpUserComment":"0x60f2d244","optShisha":"0x5fd8b32c","optShiten":"0x3fcfbde4","optUneiHojin":"0x4d1ac3dc","orderBy":"DisplayedDate__c DESC","pageNum":1,"pageSize":20,"recordsCount":91,"searchFilter":"","ShopsOptions":"0x3b0c48c9","ssc":"0x21d7cd57","whereStr":" WHERE IsCommentOnly__c = False"}|0x3a4f4988
15:02:23.0 (192761981)|HEAP_ALLOCATE|[38]|Bytes:5
15:02:23.0 (192768503)|SYSTEM_MODE_EXIT|false
15:02:23.0 (192774031)|HEAP_ALLOCATE|[38]|Bytes:5
15:02:23.0 (192918387)|SYSTEM_MODE_ENTER|true
15:02:23.0 (192958292)|HEAP_ALLOCATE|[EXTERNAL]|Bytes:204
15:02:23.0 (192966747)|VARIABLE_SCOPE_BEGIN|[729]|this|auCXKnowledgeListCtrl|true|false
15:02:23.0 (193191642)|VARIABLE_ASSIGNMENT|[729]|this|{"attachmentId":"","categoryOptions":"0xdae24d9","currentUser":"0x4ded2fed","cxKnowledgeAttachSharing":"0","cxKnowledgeNew":"0x3457672e","cxKnowledgeUpdate":"0x3751189e","cxKnowledgeUpdateComments":"0x4ba57a41","cxKnowledgeUpdateFeedId":"0D5N000000UCchNKAT","cxKnowledgeUpdateId":"a09N000000BJepMIAT","errorMessage":"","filterFavorite":false,"filterFreeText":"","filterStatus":"","initSearchFlg":"true","isApprover":false,"isCreator":false,"isHonbu":false,"isLikedAlready":true,"isNationalApprover":false,"isRestrictedUser":false,"isShisha":false,"isShiten":false,"isShopUser":false,"lsCxKnowledgeUpdateAttachment":"0x6f13a69f","mpUserComment":"0x60f2d244","optShisha":"0x5fd8b32c","optShiten":"0x3fcfbde4","optUneiHojin":"0x4d1ac3dc","orderBy":"DisplayedDate__c DESC","pageNum":1,"pageSize":20,"recordsCount":91,"searchFilter":"","ShopsOptions":"0x3b0c48c9","ssc":"0x21d7cd57","whereStr":" WHERE IsCommentOnly__c = False"}|0x3a4f4988
15:02:23.0 (193215090)|SYSTEM_MODE_ENTER|false
15:02:23.0 (193221439)|HEAP_ALLOCATE|[730]|Bytes:5
15:02:23.0 (193226226)|STATEMENT_EXECUTE|[729]
15:02:23.0 (193228193)|STATEMENT_EXECUTE|[730]
15:02:23.0 (193451443)|VARIABLE_ASSIGNMENT|[EXTERNAL]|this|{"attachmentId":"","categoryOptions":"0xdae24d9","currentUser":"0x4ded2fed","cxKnowledgeAttachSharing":"0","cxKnowledgeNew":"0x3457672e","cxKnowledgeUpdate":"0x3751189e","cxKnowledgeUpdateComments":"0x4ba57a41","cxKnowledgeUpdateFeedId":"0D5N000000UCchNKAT","cxKnowledgeUpdateId":"a09N000000BJepMIAT","errorMessage":"","filterFavorite":false,"filterFreeText":"","filterStatus":"","initSearchFlg":"true","isApprover":false,"isCreator":false,"isHonbu":false,"isLikedAlready":true,"isNationalApprover":false,"isRestrictedUser":false,"isShisha":false,"isShiten":false,"isShopUser":false,"lsCxKnowledgeUpdateAttachment":"0x6f13a69f","mpUserComment":"0x60f2d244","optShisha":"0x5fd8b32c","optShiten":"0x3fcfbde4","optUneiHojin":"0x4d1ac3dc","orderBy":"DisplayedDate__c DESC","pageNum":1,"pageSize":20,"recordsCount":91,"searchFilter":"","ShopsOptions":"0x3b0c48c9","ssc":"0x21d7cd57","whereStr":" WHERE IsCommentOnly__c = False"}|0x3a4f4988
15:02:23.0 (193478050)|SYSTEM_MODE_EXIT|false
15:02:23.0 (193890352)|SYSTEM_MODE_ENTER|true
15:02:23.0 (193930440)|HEAP_ALLOCATE|[EXTERNAL]|Bytes:204
15:02:23.0 (193939027)|VARIABLE_SCOPE_BEGIN|[13]|this|auCXKnowledgeListCtrl|true|false
15:02:23.0 (194173092)|VARIABLE_ASSIGNMENT|[13]|this|{"attachmentId":"","categoryOptions":"0xdae24d9","currentUser":"0x4ded2fed","cxKnowledgeAttachSharing":"0","cxKnowledgeNew":"0x3457672e","cxKnowledgeUpdate":"0x3751189e","cxKnowledgeUpdateComments":"0x4ba57a41","cxKnowledgeUpdateFeedId":"0D5N000000UCchNKAT","cxKnowledgeUpdateId":"a09N000000BJepMIAT","errorMessage":"","filterFavorite":false,"filterFreeText":"","filterStatus":"","initSearchFlg":"true","isApprover":false,"isCreator":false,"isHonbu":false,"isLikedAlready":true,"isNationalApprover":false,"isRestrictedUser":false,"isShisha":false,"isShiten":false,"isShopUser":false,"lsCxKnowledgeUpdateAttachment":"0x6f13a69f","mpUserComment":"0x60f2d244","optShisha":"0x5fd8b32c","optShiten":"0x3fcfbde4","optUneiHojin":"0x4d1ac3dc","orderBy":"DisplayedDate__c DESC","pageNum":1,"pageSize":20,"recordsCount":91,"searchFilter":"","ShopsOptions":"0x3b0c48c9","ssc":"0x21d7cd57","whereStr":" WHERE IsCommentOnly__c = False"}|0x3a4f4988
15:02:23.0 (194197024)|SYSTEM_MODE_ENTER|false
15:02:23.0 (194204387)|HEAP_ALLOCATE|[13]|Bytes:5
15:02:23.0 (194209603)|STATEMENT_EXECUTE|[13]
15:02:23.0 (194211510)|STATEMENT_EXECUTE|[13]
15:02:23.0 (194216497)|SYSTEM_MODE_EXIT|false
15:02:23.0 (205465070)|SYSTEM_MODE_ENTER|true
15:02:23.0 (205536252)|SYSTEM_MODE_ENTER|true
15:02:23.0 (205594572)|SYSTEM_MODE_ENTER|true
15:02:23.0 (205657812)|SYSTEM_MODE_ENTER|true
15:02:23.0 (205746647)|SYSTEM_MODE_ENTER|true
15:02:23.0 (205785726)|HEAP_ALLOCATE|[EXTERNAL]|Bytes:204
15:02:23.0 (205794475)|VARIABLE_SCOPE_BEGIN|[10]|this|auCXKnowledgeListCtrl|true|false
15:02:23.0 (206030796)|VARIABLE_ASSIGNMENT|[10]|this|{"attachmentId":"","categoryOptions":"0xdae24d9","currentUser":"0x4ded2fed","cxKnowledgeAttachSharing":"0","cxKnowledgeNew":"0x3457672e","cxKnowledgeUpdate":"0x3751189e","cxKnowledgeUpdateComments":"0x4ba57a41","cxKnowledgeUpdateFeedId":"0D5N000000UCchNKAT","cxKnowledgeUpdateId":"a09N000000BJepMIAT","errorMessage":"","filterFavorite":false,"filterFreeText":"","filterStatus":"","initSearchFlg":"true","isApprover":false,"isCreator":false,"isHonbu":false,"isLikedAlready":true,"isNationalApprover":false,"isRestrictedUser":false,"isShisha":false,"isShiten":false,"isShopUser":false,"lsCxKnowledgeUpdateAttachment":"0x6f13a69f","mpUserComment":"0x60f2d244","optShisha":"0x5fd8b32c","optShiten":"0x3fcfbde4","optUneiHojin":"0x4d1ac3dc","orderBy":"DisplayedDate__c DESC","pageNum":1,"pageSize":20,"recordsCount":91,"searchFilter":"","ShopsOptions":"0x3b0c48c9","ssc":"0x21d7cd57","whereStr":" WHERE IsCommentOnly__c = False"}|0x3a4f4988
15:02:23.0 (206055606)|SYSTEM_MODE_ENTER|false
15:02:23.0 (206063368)|HEAP_ALLOCATE|[10]|Bytes:5
15:02:23.0 (206068338)|STATEMENT_EXECUTE|[10]
15:02:23.0 (206070264)|STATEMENT_EXECUTE|[10]
15:02:23.0 (206076532)|SYSTEM_MODE_EXIT|false
15:02:23.0 (206167763)|SYSTEM_MODE_ENTER|true
15:02:23.0 (206478106)|SYSTEM_MODE_ENTER|true
15:02:23.0 (206517154)|HEAP_ALLOCATE|[EXTERNAL]|Bytes:204
15:02:23.0 (206525281)|VARIABLE_SCOPE_BEGIN|[11]|this|auCXKnowledgeListCtrl|true|false
15:02:23.0 (206753569)|VARIABLE_ASSIGNMENT|[11]|this|{"attachmentId":"","categoryOptions":"0xdae24d9","currentUser":"0x4ded2fed","cxKnowledgeAttachSharing":"0","cxKnowledgeNew":"0x3457672e","cxKnowledgeUpdate":"0x3751189e","cxKnowledgeUpdateComments":"0x4ba57a41","cxKnowledgeUpdateFeedId":"0D5N000000UCchNKAT","cxKnowledgeUpdateId":"a09N000000BJepMIAT","errorMessage":"","filterFavorite":false,"filterFreeText":"","filterStatus":"","initSearchFlg":"true","isApprover":false,"isCreator":false,"isHonbu":false,"isLikedAlready":true,"isNationalApprover":false,"isRestrictedUser":false,"isShisha":false,"isShiten":false,"isShopUser":false,"lsCxKnowledgeUpdateAttachment":"0x6f13a69f","mpUserComment":"0x60f2d244","optShisha":"0x5fd8b32c","optShiten":"0x3fcfbde4","optUneiHojin":"0x4d1ac3dc","orderBy":"DisplayedDate__c DESC","pageNum":1,"pageSize":20,"recordsCount":91,"searchFilter":"","ShopsOptions":"0x3b0c48c9","ssc":"0x21d7cd57","whereStr":" WHERE IsCommentOnly__c = False"}|0x3a4f4988
15:02:23.0 (206777438)|SYSTEM_MODE_ENTER|false
15:02:23.0 (206784454)|HEAP_ALLOCATE|[11]|Bytes:5
15:02:23.0 (206789390)|STATEMENT_EXECUTE|[11]
15:02:23.0 (206791152)|STATEMENT_EXECUTE|[11]
15:02:23.0 (206796521)|SYSTEM_MODE_EXIT|false
15:02:23.0 (206926431)|SYSTEM_MODE_ENTER|true
15:02:23.0 (206963457)|HEAP_ALLOCATE|[EXTERNAL]|Bytes:204
15:02:23.0 (206971865)|VARIABLE_SCOPE_BEGIN|[14]|this|auCXKnowledgeListCtrl|true|false
15:02:23.0 (207192417)|VARIABLE_ASSIGNMENT|[14]|this|{"attachmentId":"","categoryOptions":"0xdae24d9","currentUser":"0x4ded2fed","cxKnowledgeAttachSharing":"0","cxKnowledgeNew":"0x3457672e","cxKnowledgeUpdate":"0x3751189e","cxKnowledgeUpdateComments":"0x4ba57a41","cxKnowledgeUpdateFeedId":"0D5N000000UCchNKAT","cxKnowledgeUpdateId":"a09N000000BJepMIAT","errorMessage":"","filterFavorite":false,"filterFreeText":"","filterStatus":"","initSearchFlg":"true","isApprover":false,"isCreator":false,"isHonbu":false,"isLikedAlready":true,"isNationalApprover":false,"isRestrictedUser":false,"isShisha":false,"isShiten":false,"isShopUser":false,"lsCxKnowledgeUpdateAttachment":"0x6f13a69f","mpUserComment":"0x60f2d244","optShisha":"0x5fd8b32c","optShiten":"0x3fcfbde4","optUneiHojin":"0x4d1ac3dc","orderBy":"DisplayedDate__c DESC","pageNum":1,"pageSize":20,"recordsCount":91,"searchFilter":"","ShopsOptions":"0x3b0c48c9","ssc":"0x21d7cd57","whereStr":" WHERE IsCommentOnly__c = False"}|0x3a4f4988
15:02:23.0 (207216105)|SYSTEM_MODE_ENTER|false
15:02:23.0 (207222389)|HEAP_ALLOCATE|[14]|Bytes:5
15:02:23.0 (207227282)|STATEMENT_EXECUTE|[14]
15:02:23.0 (207229155)|STATEMENT_EXECUTE|[14]
15:02:23.0 (207234671)|SYSTEM_MODE_EXIT|false
15:02:23.0 (211108450)|SYSTEM_MODE_ENTER|true
15:02:23.0 (211372842)|SYSTEM_MODE_ENTER|true
15:02:23.0 (213118890)|SYSTEM_MODE_ENTER|true
15:02:23.0 (240827905)|VF_SERIALIZE_VIEWSTATE_BEGIN|066N0000000F3A9
15:02:23.0 (249371027)|VF_SERIALIZE_VIEWSTATE_END
15:02:23.270 (270533439)|CUMULATIVE_LIMIT_USAGE
15:02:23.270 (270533439)|LIMIT_USAGE_FOR_NS|(default)|
  Number of SOQL queries: 2 out of 100
  Number of query rows: 2 out of 50000
  Number of SOSL queries: 0 out of 20
  Number of DML statements: 1 out of 150
  Number of DML rows: 1 out of 10000
  Maximum CPU time: 0 out of 10000
  Maximum heap size: 0 out of 6000000
  Number of callouts: 0 out of 100
  Number of Email Invocations: 0 out of 10
  Number of future calls: 0 out of 50
  Number of queueable jobs added to the queue: 0 out of 50
  Number of Mobile Apex push calls: 0 out of 10

15:02:23.270 (270533439)|CUMULATIVE_LIMIT_USAGE_END

15:02:23.0 (270574958)|CODE_UNIT_FINISHED|VF: /apex/auCXKnowledgeListPage
15:02:23.0 (271241734)|EXECUTION_FINISHED
