42.0 APEX_CODE,FINEST;APEX_PROFILING,INFO;CALLOUT,INFO;DB,INFO;NBA,INFO;SYSTEM,DEBUG;VALIDATION,INFO;VISUALFORCE,INFO;WAVE,INFO;WORKFLOW,INFO
11:04:44.0 (87268)|USER_INFO|[EXTERNAL]|005N00000057PfO|thomas.remy+kddi_gwdev01@globalway.co.jp|Japan Standard Time|GMT+09:00
11:04:44.0 (133758)|EXECUTION_STARTED
11:04:44.0 (138712)|CODE_UNIT_STARTED|[EXTERNAL]|066N0000000M4pW|VF: /apex/sadailyreport
11:04:44.0 (338007)|VF_DESERIALIZE_VIEWSTATE_BEGIN|066N0000000M4pW
11:04:44.0 (3820399)|HEAP_ALLOCATE|[72]|Bytes:3
11:04:44.0 (3860240)|HEAP_ALLOCATE|[77]|Bytes:152
11:04:44.0 (3877201)|HEAP_ALLOCATE|[342]|Bytes:408
11:04:44.0 (3896271)|HEAP_ALLOCATE|[355]|Bytes:408
11:04:44.0 (3911260)|HEAP_ALLOCATE|[467]|Bytes:48
11:04:44.0 (3936578)|HEAP_ALLOCATE|[139]|Bytes:6
11:04:44.0 (4839350)|HEAP_ALLOCATE|[50]|Bytes:5
11:04:44.0 (4867110)|HEAP_ALLOCATE|[56]|Bytes:5
11:04:44.0 (4877051)|HEAP_ALLOCATE|[64]|Bytes:7
11:04:44.0 (5638017)|VARIABLE_SCOPE_BEGIN|[3]|saDailyReportCtrl.SOURCE|String|false|true
11:04:44.0 (5650506)|VARIABLE_SCOPE_BEGIN|[4]|saDailyReportCtrl.SOURCE_ID|String|false|true
11:04:44.0 (6637094)|VARIABLE_SCOPE_BEGIN|[25]|auMainTopCompCtrl.TYPE_SCREEN_ACCOUNT_LIST|Integer|false|true
11:04:44.0 (6649551)|VARIABLE_SCOPE_BEGIN|[26]|auMainTopCompCtrl.TYPE_SCREEN_ACTIVITY_LIST|Integer|false|true
11:04:44.0 (6656050)|VARIABLE_SCOPE_BEGIN|[7]|auMainTopCompCtrl.TYPE_SCREEN_CX_SCREEN|Integer|false|true
11:04:44.0 (6662577)|VARIABLE_SCOPE_BEGIN|[8]|auMainTopCompCtrl.TYPE_SCREEN_CX_TIMELINE|Integer|false|true
11:04:44.0 (6669256)|VARIABLE_SCOPE_BEGIN|[9]|auMainTopCompCtrl.TYPE_SCREEN_EVENT_SCHEDULE|Integer|false|true
11:04:44.0 (6676216)|VARIABLE_SCOPE_BEGIN|[10]|auMainTopCompCtrl.TYPE_SCREEN_EVENT_SCHEDULE_LIST|Integer|false|true
11:04:44.0 (6682793)|VARIABLE_SCOPE_BEGIN|[27]|auMainTopCompCtrl.TYPE_SCREEN_FILE_LIST|Integer|false|true
11:04:44.0 (6688715)|VARIABLE_SCOPE_BEGIN|[24]|auMainTopCompCtrl.TYPE_SCREEN_HONBU_DIRECT|Integer|false|true
11:04:44.0 (6694387)|VARIABLE_SCOPE_BEGIN|[11]|auMainTopCompCtrl.TYPE_SCREEN_KNOWLEDGE_DASHBOARD|Integer|false|true
11:04:44.0 (6700032)|VARIABLE_SCOPE_BEGIN|[12]|auMainTopCompCtrl.TYPE_SCREEN_KNOWLEDGE_LIST|Integer|false|true
11:04:44.0 (6705909)|VARIABLE_SCOPE_BEGIN|[15]|auMainTopCompCtrl.TYPE_SCREEN_SA_CHATTER|Integer|false|true
11:04:44.0 (6711633)|VARIABLE_SCOPE_BEGIN|[16]|auMainTopCompCtrl.TYPE_SCREEN_SA_DAILYREPORT|Integer|false|true
11:04:44.0 (6717526)|VARIABLE_SCOPE_BEGIN|[22]|auMainTopCompCtrl.TYPE_SCREEN_SA_DAILYREPORTLIST|Integer|false|true
11:04:44.0 (6727879)|VARIABLE_SCOPE_BEGIN|[18]|auMainTopCompCtrl.TYPE_SCREEN_SA_DOCUMENTS|Integer|false|true
11:04:44.0 (6735331)|VARIABLE_SCOPE_BEGIN|[17]|auMainTopCompCtrl.TYPE_SCREEN_SA_ENQUETE|Integer|false|true
11:04:44.0 (6742210)|VARIABLE_SCOPE_BEGIN|[20]|auMainTopCompCtrl.TYPE_SCREEN_SA_LINKS|Integer|false|true
11:04:44.0 (6748383)|VARIABLE_SCOPE_BEGIN|[13]|auMainTopCompCtrl.TYPE_SCREEN_SA_MESSAGES|Integer|false|true
11:04:44.0 (6754993)|VARIABLE_SCOPE_BEGIN|[19]|auMainTopCompCtrl.TYPE_SCREEN_SA_RANKING|Integer|false|true
11:04:44.0 (6762277)|VARIABLE_SCOPE_BEGIN|[14]|auMainTopCompCtrl.TYPE_SCREEN_SA_REPORTS|Integer|false|true
11:04:44.0 (6768336)|VARIABLE_SCOPE_BEGIN|[23]|auMainTopCompCtrl.TYPE_SCREEN_SA_TODO|Integer|false|true
11:04:44.0 (6774742)|VARIABLE_SCOPE_BEGIN|[21]|auMainTopCompCtrl.TYPE_SCREEN_SA_USRSETTINGS|Integer|false|true
11:04:44.0 (6781250)|VARIABLE_SCOPE_BEGIN|[4]|auMainTopCompCtrl.TYPE_SCREEN_STPD_EVENT|Integer|false|true
11:04:44.0 (6787919)|VARIABLE_SCOPE_BEGIN|[6]|auMainTopCompCtrl.TYPE_SCREEN_STPD_SCREEN|Integer|false|true
11:04:44.0 (6794317)|VARIABLE_SCOPE_BEGIN|[5]|auMainTopCompCtrl.TYPE_SCREEN_STPD_TIMELINE|Integer|false|true
11:04:44.0 (6800988)|VARIABLE_SCOPE_BEGIN|[3]|auMainTopCompCtrl.TYPE_SCREEN_SWITCH|Integer|false|true
11:04:44.0 (7948837)|VF_DESERIALIZE_VIEWSTATE_END
11:04:44.0 (10194994)|SYSTEM_MODE_ENTER|true
11:04:44.0 (10445698)|HEAP_ALLOCATE|[EXTERNAL]|Bytes:284
11:04:44.0 (10458549)|HEAP_ALLOCATE|[EXTERNAL]|Bytes:150
11:04:44.0 (10471853)|METHOD_ENTRY|[1]|01pN0000000Mill|auMainTopCompCtrl.auMainTopCompCtrl()
11:04:44.0 (10479164)|STATEMENT_EXECUTE|[1]
11:04:44.0 (10484088)|STATEMENT_EXECUTE|[1]
11:04:44.0 (10485806)|STATEMENT_EXECUTE|[3]
11:04:44.0 (10492139)|HEAP_ALLOCATE|[3]|Bytes:4
11:04:44.0 (10518643)|VARIABLE_ASSIGNMENT|[3]|auMainTopCompCtrl.TYPE_SCREEN_SWITCH|0
11:04:44.0 (10524627)|STATEMENT_EXECUTE|[4]
11:04:44.0 (10527383)|HEAP_ALLOCATE|[4]|Bytes:4
11:04:44.0 (10535298)|VARIABLE_ASSIGNMENT|[4]|auMainTopCompCtrl.TYPE_SCREEN_STPD_EVENT|11
11:04:44.0 (10539593)|STATEMENT_EXECUTE|[5]
11:04:44.0 (10542283)|HEAP_ALLOCATE|[5]|Bytes:4
11:04:44.0 (10549327)|VARIABLE_ASSIGNMENT|[5]|auMainTopCompCtrl.TYPE_SCREEN_STPD_TIMELINE|12
11:04:44.0 (10553489)|STATEMENT_EXECUTE|[6]
11:04:44.0 (10555425)|HEAP_ALLOCATE|[6]|Bytes:4
11:04:44.0 (10561950)|VARIABLE_ASSIGNMENT|[6]|auMainTopCompCtrl.TYPE_SCREEN_STPD_SCREEN|13
11:04:44.0 (10566057)|STATEMENT_EXECUTE|[7]
11:04:44.0 (10568027)|HEAP_ALLOCATE|[7]|Bytes:4
11:04:44.0 (10573840)|VARIABLE_ASSIGNMENT|[7]|auMainTopCompCtrl.TYPE_SCREEN_CX_SCREEN|21
11:04:44.0 (10577637)|STATEMENT_EXECUTE|[8]
11:04:44.0 (10579566)|HEAP_ALLOCATE|[8]|Bytes:4
11:04:44.0 (10585645)|VARIABLE_ASSIGNMENT|[8]|auMainTopCompCtrl.TYPE_SCREEN_CX_TIMELINE|22
11:04:44.0 (10589761)|STATEMENT_EXECUTE|[9]
11:04:44.0 (10591733)|HEAP_ALLOCATE|[9]|Bytes:4
11:04:44.0 (10597342)|VARIABLE_ASSIGNMENT|[9]|auMainTopCompCtrl.TYPE_SCREEN_EVENT_SCHEDULE|31
11:04:44.0 (10601552)|STATEMENT_EXECUTE|[10]
11:04:44.0 (10603618)|HEAP_ALLOCATE|[10]|Bytes:4
11:04:44.0 (10609351)|VARIABLE_ASSIGNMENT|[10]|auMainTopCompCtrl.TYPE_SCREEN_EVENT_SCHEDULE_LIST|32
11:04:44.0 (10613593)|STATEMENT_EXECUTE|[11]
11:04:44.0 (10615845)|HEAP_ALLOCATE|[11]|Bytes:4
11:04:44.0 (10622113)|VARIABLE_ASSIGNMENT|[11]|auMainTopCompCtrl.TYPE_SCREEN_KNOWLEDGE_DASHBOARD|41
11:04:44.0 (10625906)|STATEMENT_EXECUTE|[12]
11:04:44.0 (10628043)|HEAP_ALLOCATE|[12]|Bytes:4
11:04:44.0 (10633892)|VARIABLE_ASSIGNMENT|[12]|auMainTopCompCtrl.TYPE_SCREEN_KNOWLEDGE_LIST|42
11:04:44.0 (10637641)|STATEMENT_EXECUTE|[13]
11:04:44.0 (10639637)|HEAP_ALLOCATE|[13]|Bytes:4
11:04:44.0 (10645761)|VARIABLE_ASSIGNMENT|[13]|auMainTopCompCtrl.TYPE_SCREEN_SA_MESSAGES|51
11:04:44.0 (10651513)|STATEMENT_EXECUTE|[14]
11:04:44.0 (10654090)|HEAP_ALLOCATE|[14]|Bytes:4
11:04:44.0 (10661257)|VARIABLE_ASSIGNMENT|[14]|auMainTopCompCtrl.TYPE_SCREEN_SA_REPORTS|52
11:04:44.0 (10665683)|STATEMENT_EXECUTE|[15]
11:04:44.0 (10667666)|HEAP_ALLOCATE|[15]|Bytes:4
11:04:44.0 (10673946)|VARIABLE_ASSIGNMENT|[15]|auMainTopCompCtrl.TYPE_SCREEN_SA_CHATTER|53
11:04:44.0 (10677961)|STATEMENT_EXECUTE|[16]
11:04:44.0 (10680428)|HEAP_ALLOCATE|[16]|Bytes:4
11:04:44.0 (10686245)|VARIABLE_ASSIGNMENT|[16]|auMainTopCompCtrl.TYPE_SCREEN_SA_DAILYREPORT|54
11:04:44.0 (10690062)|STATEMENT_EXECUTE|[17]
11:04:44.0 (10691906)|HEAP_ALLOCATE|[17]|Bytes:4
11:04:44.0 (10698048)|VARIABLE_ASSIGNMENT|[17]|auMainTopCompCtrl.TYPE_SCREEN_SA_ENQUETE|55
11:04:44.0 (10701689)|STATEMENT_EXECUTE|[18]
11:04:44.0 (10703522)|HEAP_ALLOCATE|[18]|Bytes:4
11:04:44.0 (10709321)|VARIABLE_ASSIGNMENT|[18]|auMainTopCompCtrl.TYPE_SCREEN_SA_DOCUMENTS|56
11:04:44.0 (10712985)|STATEMENT_EXECUTE|[19]
11:04:44.0 (10714845)|HEAP_ALLOCATE|[19]|Bytes:4
11:04:44.0 (10721052)|VARIABLE_ASSIGNMENT|[19]|auMainTopCompCtrl.TYPE_SCREEN_SA_RANKING|57
11:04:44.0 (10729752)|STATEMENT_EXECUTE|[20]
11:04:44.0 (10731831)|HEAP_ALLOCATE|[20]|Bytes:4
11:04:44.0 (10738482)|VARIABLE_ASSIGNMENT|[20]|auMainTopCompCtrl.TYPE_SCREEN_SA_LINKS|58
11:04:44.0 (10743043)|STATEMENT_EXECUTE|[21]
11:04:44.0 (10744929)|HEAP_ALLOCATE|[21]|Bytes:4
11:04:44.0 (10751516)|VARIABLE_ASSIGNMENT|[21]|auMainTopCompCtrl.TYPE_SCREEN_SA_USRSETTINGS|59
11:04:44.0 (10756113)|STATEMENT_EXECUTE|[22]
11:04:44.0 (10758256)|HEAP_ALLOCATE|[22]|Bytes:4
11:04:44.0 (10766029)|VARIABLE_ASSIGNMENT|[22]|auMainTopCompCtrl.TYPE_SCREEN_SA_DAILYREPORTLIST|60
11:04:44.0 (10770052)|STATEMENT_EXECUTE|[23]
11:04:44.0 (10772160)|HEAP_ALLOCATE|[23]|Bytes:4
11:04:44.0 (10779821)|VARIABLE_ASSIGNMENT|[23]|auMainTopCompCtrl.TYPE_SCREEN_SA_TODO|61
11:04:44.0 (10783813)|STATEMENT_EXECUTE|[24]
11:04:44.0 (10786010)|HEAP_ALLOCATE|[24]|Bytes:4
11:04:44.0 (10792436)|VARIABLE_ASSIGNMENT|[24]|auMainTopCompCtrl.TYPE_SCREEN_HONBU_DIRECT|71
11:04:44.0 (10796284)|STATEMENT_EXECUTE|[25]
11:04:44.0 (10798187)|HEAP_ALLOCATE|[25]|Bytes:4
11:04:44.0 (10803539)|VARIABLE_ASSIGNMENT|[25]|auMainTopCompCtrl.TYPE_SCREEN_ACCOUNT_LIST|81
11:04:44.0 (10807169)|STATEMENT_EXECUTE|[26]
11:04:44.0 (10809061)|HEAP_ALLOCATE|[26]|Bytes:4
11:04:44.0 (10814121)|VARIABLE_ASSIGNMENT|[26]|auMainTopCompCtrl.TYPE_SCREEN_ACTIVITY_LIST|82
11:04:44.0 (10817646)|STATEMENT_EXECUTE|[27]
11:04:44.0 (10819567)|HEAP_ALLOCATE|[27]|Bytes:4
11:04:44.0 (10825289)|VARIABLE_ASSIGNMENT|[27]|auMainTopCompCtrl.TYPE_SCREEN_FILE_LIST|83
11:04:44.0 (10833808)|METHOD_EXIT|[1]|auMainTopCompCtrl
11:04:44.0 (10840959)|HEAP_ALLOCATE|[EXTERNAL]|Bytes:40
11:04:44.0 (10848804)|VARIABLE_SCOPE_BEGIN|[80]|this|auMainTopCompCtrl|true|false
11:04:44.0 (10906572)|VARIABLE_ASSIGNMENT|[80]|this|{"currentUser":"0x460ed9ba","iTypeOfScreen":54,"urlReportsSFA":"https://cs6.lightnin (84 more) ..."}|0x57075175
11:04:44.0 (10918078)|STATEMENT_EXECUTE|[80]
11:04:44.0 (10919861)|STATEMENT_EXECUTE|[81]
11:04:44.0 (10970403)|VARIABLE_ASSIGNMENT|[EXTERNAL]|this|{"currentUser":"0x460ed9ba","iTypeOfScreen":54,"urlReportsSFA":"https://cs6.lightnin (84 more) ..."}|0x57075175
11:04:44.0 (11019178)|VARIABLE_ASSIGNMENT|[EXTERNAL]|this|{"currentUser":"0x460ed9ba","iTypeOfScreen":54,"urlReportsSFA":"https://cs6.lightnin (84 more) ..."}|0x57075175
11:04:44.0 (11057781)|VARIABLE_ASSIGNMENT|[EXTERNAL]|this|{"currentUser":"0x460ed9ba","iTypeOfScreen":54,"urlReportsSFA":"https://cs6.lightnin (84 more) ..."}|0x57075175
11:04:44.0 (11093828)|VARIABLE_ASSIGNMENT|[EXTERNAL]|this|{"currentUser":"0x460ed9ba","iTypeOfScreen":54,"urlReportsSFA":"https://cs6.lightnin (84 more) ..."}|0x57075175
11:04:44.0 (11110697)|HEAP_ALLOCATE|[81]|Bytes:5
11:04:44.0 (11214054)|SYSTEM_MODE_ENTER|true
11:04:44.0 (11248076)|HEAP_ALLOCATE|[EXTERNAL]|Bytes:40
11:04:44.0 (11254408)|VARIABLE_SCOPE_BEGIN|[98]|this|auMainTopCompCtrl|true|false
11:04:44.0 (11286212)|VARIABLE_ASSIGNMENT|[98]|this|{"currentUser":"0x460ed9ba","iTypeOfScreen":54,"urlReportsSFA":"https://cs6.lightnin (84 more) ..."}|0x57075175
11:04:44.0 (11296031)|STATEMENT_EXECUTE|[98]
11:04:44.0 (11297967)|STATEMENT_EXECUTE|[99]
11:04:44.0 (11331131)|VARIABLE_ASSIGNMENT|[EXTERNAL]|this|{"currentUser":"0x460ed9ba","iTypeOfScreen":54,"urlReportsSFA":"https://cs6.lightnin (84 more) ..."}|0x57075175
11:04:44.0 (11345630)|HEAP_ALLOCATE|[99]|Bytes:5
11:04:44.0 (11409612)|SYSTEM_MODE_ENTER|true
11:04:44.0 (11438414)|HEAP_ALLOCATE|[EXTERNAL]|Bytes:40
11:04:44.0 (11444604)|VARIABLE_SCOPE_BEGIN|[102]|this|auMainTopCompCtrl|true|false
11:04:44.0 (11475644)|VARIABLE_ASSIGNMENT|[102]|this|{"currentUser":"0x460ed9ba","iTypeOfScreen":54,"urlReportsSFA":"https://cs6.lightnin (84 more) ..."}|0x57075175
11:04:44.0 (11484616)|STATEMENT_EXECUTE|[102]
11:04:44.0 (11486558)|STATEMENT_EXECUTE|[103]
11:04:44.0 (11518540)|VARIABLE_ASSIGNMENT|[EXTERNAL]|this|{"currentUser":"0x460ed9ba","iTypeOfScreen":54,"urlReportsSFA":"https://cs6.lightnin (84 more) ..."}|0x57075175
11:04:44.0 (11532771)|HEAP_ALLOCATE|[103]|Bytes:5
11:04:44.0 (11617157)|SYSTEM_MODE_ENTER|true
11:04:44.0 (11640744)|HEAP_ALLOCATE|[EXTERNAL]|Bytes:40
11:04:44.0 (11651555)|VARIABLE_ASSIGNMENT|[EXTERNAL]|this.iCountComments|null|0x57075175
11:04:44.0 (11697568)|SYSTEM_MODE_ENTER|true
11:04:44.0 (11711580)|HEAP_ALLOCATE|[EXTERNAL]|Bytes:40
11:04:44.0 (11719297)|VARIABLE_ASSIGNMENT|[EXTERNAL]|this.iCountLikes|null|0x57075175
11:04:44.0 (11809914)|SYSTEM_MODE_ENTER|true
11:04:44.0 (11865430)|HEAP_ALLOCATE|[EXTERNAL]|Bytes:26
11:04:44.0 (11873826)|HEAP_ALLOCATE|[EXTERNAL]|Bytes:460
11:04:44.0 (11878103)|HEAP_ALLOCATE|[EXTERNAL]|Bytes:113
11:04:44.0 (11881777)|HEAP_ALLOCATE|[EXTERNAL]|Bytes:39
11:04:44.0 (11885690)|HEAP_ALLOCATE|[EXTERNAL]|Bytes:3
11:04:44.0 (11894787)|VARIABLE_ASSIGNMENT|[EXTERNAL]|saDailyReportCtrl.SOURCE|"src"
11:04:44.0 (11899407)|HEAP_ALLOCATE|[EXTERNAL]|Bytes:2
11:04:44.0 (11905716)|VARIABLE_ASSIGNMENT|[EXTERNAL]|saDailyReportCtrl.SOURCE_ID|"id"
11:04:44.0 (11913622)|METHOD_ENTRY|[1]|01pN0000000aE0W|saDailyReportCtrl.saDailyReportCtrl()
11:04:44.0 (11919350)|STATEMENT_EXECUTE|[1]
11:04:44.0 (11922510)|STATEMENT_EXECUTE|[1]
11:04:44.0 (11930633)|SYSTEM_MODE_ENTER|false
11:04:44.0 (11937736)|HEAP_ALLOCATE|[EXTERNAL]|Bytes:5
11:04:44.0 (11942766)|STATEMENT_EXECUTE|[650]
11:04:44.0 (11944483)|STATEMENT_EXECUTE|[677]
11:04:44.0 (11947989)|SYSTEM_MODE_EXIT|false
11:04:44.0 (11954668)|METHOD_EXIT|[1]|saDailyReportCtrl
11:04:44.0 (11959769)|HEAP_ALLOCATE|[EXTERNAL]|Bytes:76
11:04:44.0 (11964511)|VARIABLE_SCOPE_BEGIN|[92]|this|saDailyReportCtrl|true|false
11:04:44.0 (12293328)|VARIABLE_ASSIGNMENT|[92]|this|{"BusinessLocationName":"","currentInquiryReply":"0x1fb9a6d9","currentInquiryReplyDetail":"0x72d8c0a2","dailyReportId":"a0IN0000006RUllMAG","dCurrentDay":"2018-06-30T00:00:00Z","dCurrentMonth":"2018-07-01T00:00:00Z","iCurrentDay":0,"idBusinessLocation":"","isIPhone":false,"isPreview":true,"lsBusinessLocation":"0x42ab044a","messageError":"","messageQuestion":"","mpQuestions":"0x4c277e9d","myUser":"0x1efa86ae","sourceOfTheCall":"preview"}|0x101f062
11:04:44.0 (12317822)|SYSTEM_MODE_ENTER|false
11:04:44.0 (12324936)|HEAP_ALLOCATE|[92]|Bytes:5
11:04:44.0 (12330396)|STATEMENT_EXECUTE|[92]
11:04:44.0 (12332273)|STATEMENT_EXECUTE|[92]
11:04:44.0 (12337422)|SYSTEM_MODE_EXIT|false
11:04:44.0 (12401737)|SYSTEM_MODE_ENTER|true
11:04:44.0 (12422470)|HEAP_ALLOCATE|[EXTERNAL]|Bytes:8
11:04:44.0 (12427354)|HEAP_ALLOCATE|[EXTERNAL]|Bytes:40
11:04:44.0 (12436558)|VARIABLE_ASSIGNMENT|[EXTERNAL]|this.iTypeOfScreen|54|0x57075175
11:04:44.0 (12590957)|SYSTEM_MODE_ENTER|true
11:04:44.0 (12681596)|SYSTEM_MODE_ENTER|true
11:04:44.0 (12771383)|SYSTEM_MODE_ENTER|true
11:04:44.0 (12974173)|SYSTEM_MODE_ENTER|true
11:04:44.0 (14292171)|SYSTEM_MODE_ENTER|true
11:04:44.0 (16384385)|SYSTEM_MODE_ENTER|true
11:04:44.0 (16438673)|SYSTEM_MODE_ENTER|true
11:04:44.0 (16480939)|SYSTEM_MODE_ENTER|true
11:04:44.0 (16521258)|SYSTEM_MODE_ENTER|true
11:04:44.0 (16558616)|SYSTEM_MODE_ENTER|true
11:04:44.0 (16632954)|SYSTEM_MODE_ENTER|true
11:04:44.0 (16669271)|HEAP_ALLOCATE|[EXTERNAL]|Bytes:40
11:04:44.0 (16676827)|VARIABLE_SCOPE_BEGIN|[80]|this|auMainTopCompCtrl|true|false
11:04:44.0 (16713320)|VARIABLE_ASSIGNMENT|[80]|this|{"currentUser":"0x460ed9ba","iTypeOfScreen":54,"urlReportsSFA":"https://cs6.lightnin (84 more) ..."}|0x57075175
11:04:44.0 (16723264)|STATEMENT_EXECUTE|[80]
11:04:44.0 (16730021)|STATEMENT_EXECUTE|[81]
11:04:44.0 (16762129)|VARIABLE_ASSIGNMENT|[EXTERNAL]|this|{"currentUser":"0x460ed9ba","iTypeOfScreen":54,"urlReportsSFA":"https://cs6.lightnin (84 more) ..."}|0x57075175
11:04:44.0 (16798933)|VARIABLE_ASSIGNMENT|[EXTERNAL]|this|{"currentUser":"0x460ed9ba","iTypeOfScreen":54,"urlReportsSFA":"https://cs6.lightnin (84 more) ..."}|0x57075175
11:04:44.0 (16830279)|VARIABLE_ASSIGNMENT|[EXTERNAL]|this|{"currentUser":"0x460ed9ba","iTypeOfScreen":54,"urlReportsSFA":"https://cs6.lightnin (84 more) ..."}|0x57075175
11:04:44.0 (16860088)|VARIABLE_ASSIGNMENT|[EXTERNAL]|this|{"currentUser":"0x460ed9ba","iTypeOfScreen":54,"urlReportsSFA":"https://cs6.lightnin (84 more) ..."}|0x57075175
11:04:44.0 (16872819)|HEAP_ALLOCATE|[81]|Bytes:5
11:04:44.0 (16925599)|SYSTEM_MODE_ENTER|true
11:04:44.0 (16955857)|HEAP_ALLOCATE|[EXTERNAL]|Bytes:40
11:04:44.0 (16962082)|VARIABLE_SCOPE_BEGIN|[98]|this|auMainTopCompCtrl|true|false
11:04:44.0 (16991790)|VARIABLE_ASSIGNMENT|[98]|this|{"currentUser":"0x460ed9ba","iTypeOfScreen":54,"urlReportsSFA":"https://cs6.lightnin (84 more) ..."}|0x57075175
11:04:44.0 (17000551)|STATEMENT_EXECUTE|[98]
11:04:44.0 (17002775)|STATEMENT_EXECUTE|[99]
11:04:44.0 (17029031)|VARIABLE_ASSIGNMENT|[EXTERNAL]|this|{"currentUser":"0x460ed9ba","iTypeOfScreen":54,"urlReportsSFA":"https://cs6.lightnin (84 more) ..."}|0x57075175
11:04:44.0 (17042904)|HEAP_ALLOCATE|[99]|Bytes:5
11:04:44.0 (17090758)|SYSTEM_MODE_ENTER|true
11:04:44.0 (17118760)|HEAP_ALLOCATE|[EXTERNAL]|Bytes:40
11:04:44.0 (17124738)|VARIABLE_SCOPE_BEGIN|[102]|this|auMainTopCompCtrl|true|false
11:04:44.0 (17153472)|VARIABLE_ASSIGNMENT|[102]|this|{"currentUser":"0x460ed9ba","iTypeOfScreen":54,"urlReportsSFA":"https://cs6.lightnin (84 more) ..."}|0x57075175
11:04:44.0 (17161633)|STATEMENT_EXECUTE|[102]
11:04:44.0 (17163526)|STATEMENT_EXECUTE|[103]
11:04:44.0 (17188991)|VARIABLE_ASSIGNMENT|[EXTERNAL]|this|{"currentUser":"0x460ed9ba","iTypeOfScreen":54,"urlReportsSFA":"https://cs6.lightnin (84 more) ..."}|0x57075175
11:04:44.0 (17202188)|HEAP_ALLOCATE|[103]|Bytes:5
11:04:44.0 (20370001)|SYSTEM_MODE_ENTER|true
11:04:44.0 (20393336)|HEAP_ALLOCATE|[EXTERNAL]|Bytes:16
11:04:44.0 (20412576)|HEAP_ALLOCATE|[EXTERNAL]|Bytes:76
11:04:44.0 (20425979)|VARIABLE_ASSIGNMENT|[EXTERNAL]|this.messageError|"正しいデーターを入れてください。"|0x101f062
11:04:44.0 (20463278)|SYSTEM_MODE_ENTER|true
11:04:44.0 (20478477)|HEAP_ALLOCATE|[EXTERNAL]|Bytes:76
11:04:44.0 (20487014)|VARIABLE_ASSIGNMENT|[EXTERNAL]|this.messageQuestion|""|0x101f062
11:04:44.0 (20513134)|SYSTEM_MODE_ENTER|true
11:04:44.0 (20527522)|HEAP_ALLOCATE|[EXTERNAL]|Bytes:5
11:04:44.0 (20531801)|HEAP_ALLOCATE|[EXTERNAL]|Bytes:76
11:04:44.0 (20539208)|VARIABLE_ASSIGNMENT|[EXTERNAL]|this.isPreview|true|0x101f062
11:04:44.0 (20564800)|SYSTEM_MODE_ENTER|true
11:04:44.0 (20577292)|HEAP_ALLOCATE|[EXTERNAL]|Bytes:76
11:04:44.0 (20584838)|VARIABLE_ASSIGNMENT|[EXTERNAL]|this.idBusinessLocation|""|0x101f062
11:04:44.0 (20607902)|SYSTEM_MODE_ENTER|true
11:04:44.0 (20620100)|HEAP_ALLOCATE|[EXTERNAL]|Bytes:8
11:04:44.0 (20623772)|HEAP_ALLOCATE|[EXTERNAL]|Bytes:76
11:04:44.0 (20630433)|VARIABLE_ASSIGNMENT|[EXTERNAL]|this.iCurrentDay|0|0x101f062
11:04:44.0 (20732611)|SYSTEM_MODE_ENTER|true
11:04:44.0 (20746976)|HEAP_ALLOCATE|[EXTERNAL]|Bytes:40
11:04:44.0 (20755536)|VARIABLE_ASSIGNMENT|[EXTERNAL]|this.iCountComments|null|0x57075175
11:04:44.0 (20790042)|SYSTEM_MODE_ENTER|true
11:04:44.0 (20801694)|HEAP_ALLOCATE|[EXTERNAL]|Bytes:40
11:04:44.0 (20808681)|VARIABLE_ASSIGNMENT|[EXTERNAL]|this.iCountLikes|null|0x57075175
11:04:44.0 (20849385)|SYSTEM_MODE_ENTER|true
11:04:44.0 (20883835)|HEAP_ALLOCATE|[EXTERNAL]|Bytes:76
11:04:44.0 (20890277)|VARIABLE_SCOPE_BEGIN|[92]|this|saDailyReportCtrl|true|false
11:04:44.0 (21080901)|VARIABLE_ASSIGNMENT|[92]|this|{"BusinessLocationName":"","currentInquiryReply":"0x1fb9a6d9","currentInquiryReplyDetail":"0x72d8c0a2","dailyReportId":"a0IN0000006RUllMAG","dCurrentDay":"2018-06-30T00:00:00Z","dCurrentMonth":"2018-07-01T00:00:00Z","iCurrentDay":0,"idBusinessLocation":"","isIPhone":false,"isPreview":true,"lsBusinessLocation":"0x42ab044a","messageError":"正しいデーターを入れてください。","messageQuestion":"","mpQuestions":"0x4c277e9d","myUser":"0x1efa86ae","sourceOfTheCall":"preview"}|0x101f062
11:04:44.0 (21102129)|SYSTEM_MODE_ENTER|false
11:04:44.0 (21109406)|HEAP_ALLOCATE|[92]|Bytes:5
11:04:44.0 (21114441)|STATEMENT_EXECUTE|[92]
11:04:44.0 (21116289)|STATEMENT_EXECUTE|[92]
11:04:44.0 (21120694)|SYSTEM_MODE_EXIT|false
11:04:44.0 (21168012)|SYSTEM_MODE_ENTER|true
11:04:44.0 (21183841)|HEAP_ALLOCATE|[EXTERNAL]|Bytes:8
11:04:44.0 (21188561)|HEAP_ALLOCATE|[EXTERNAL]|Bytes:40
11:04:44.0 (21197491)|VARIABLE_ASSIGNMENT|[EXTERNAL]|this.iTypeOfScreen|54|0x57075175
11:04:44.0 (21344217)|SYSTEM_MODE_ENTER|true
11:04:44.0 (24078398)|HEAP_ALLOCATE|[EXTERNAL]|Bytes:76
11:04:44.0 (24089653)|VARIABLE_SCOPE_BEGIN|[199]|this|saDailyReportCtrl|true|false
11:04:44.0 (24260643)|VARIABLE_ASSIGNMENT|[199]|this|{"BusinessLocationName":"","currentInquiryReply":"0x1fb9a6d9","currentInquiryReplyDetail":"0x72d8c0a2","dailyReportId":"a0IN0000006RUllMAG","dCurrentDay":"2018-06-30T00:00:00Z","dCurrentMonth":"2018-07-01T00:00:00Z","iCurrentDay":0,"idBusinessLocation":"","isIPhone":false,"isPreview":true,"lsBusinessLocation":"0x42ab044a","messageError":"正しいデーターを入れてください。","messageQuestion":"","mpQuestions":"0x4c277e9d","myUser":"0x1efa86ae","sourceOfTheCall":"preview"}|0x101f062
11:04:44.0 (24282324)|SYSTEM_MODE_ENTER|false
11:04:44.0 (24289850)|HEAP_ALLOCATE|[201]|Bytes:5
11:04:44.0 (24295781)|STATEMENT_EXECUTE|[199]
11:04:44.0 (24297727)|STATEMENT_EXECUTE|[201]
11:04:44.0 (24459223)|VARIABLE_ASSIGNMENT|[EXTERNAL]|this|{"BusinessLocationName":"","currentInquiryReply":"0x1fb9a6d9","currentInquiryReplyDetail":"0x72d8c0a2","dailyReportId":"a0IN0000006RUllMAG","dCurrentDay":"2018-06-30T00:00:00Z","dCurrentMonth":"2018-07-01T00:00:00Z","iCurrentDay":0,"idBusinessLocation":"","isIPhone":false,"isPreview":true,"lsBusinessLocation":"0x42ab044a","messageError":"正しいデーターを入れてください。","messageQuestion":"","mpQuestions":"0x4c277e9d","myUser":"0x1efa86ae","sourceOfTheCall":"preview"}|0x101f062
11:04:44.0 (24475784)|VARIABLE_ASSIGNMENT|[EXTERNAL]|value|""
11:04:44.0 (24486825)|VARIABLE_ASSIGNMENT|[6]|this.messageError|""|0x101f062
11:04:44.0 (24498478)|STATEMENT_EXECUTE|[202]
11:04:44.0 (24640526)|VARIABLE_ASSIGNMENT|[EXTERNAL]|this|{"BusinessLocationName":"","currentInquiryReply":"0x1fb9a6d9","currentInquiryReplyDetail":"0x72d8c0a2","dailyReportId":"a0IN0000006RUllMAG","dCurrentDay":"2018-06-30T00:00:00Z","dCurrentMonth":"2018-07-01T00:00:00Z","iCurrentDay":0,"idBusinessLocation":"","isIPhone":false,"isPreview":true,"lsBusinessLocation":"0x42ab044a","messageError":"","messageQuestion":"","mpQuestions":"0x4c277e9d","myUser":"0x1efa86ae","sourceOfTheCall":"preview"}|0x101f062
11:04:44.0 (24655129)|VARIABLE_ASSIGNMENT|[EXTERNAL]|value|""
11:04:44.0 (24664487)|VARIABLE_ASSIGNMENT|[7]|this.messageQuestion|""|0x101f062
11:04:44.0 (24674270)|STATEMENT_EXECUTE|[204]
11:04:44.0 (24675990)|STATEMENT_EXECUTE|[204]
11:04:44.0 (24677754)|STATEMENT_EXECUTE|[206]
11:04:44.0 (24875593)|VARIABLE_ASSIGNMENT|[EXTERNAL]|this|{"BusinessLocationName":"","currentInquiryReply":"0x1fb9a6d9","currentInquiryReplyDetail":"0x72d8c0a2","dailyReportId":"a0IN0000006RUllMAG","dCurrentDay":"2018-06-30T00:00:00Z","dCurrentMonth":"2018-07-01T00:00:00Z","iCurrentDay":0,"idBusinessLocation":"","isIPhone":false,"isPreview":true,"lsBusinessLocation":"0x42ab044a","messageError":"","messageQuestion":"","mpQuestions":"0x4c277e9d","myUser":"0x1efa86ae","sourceOfTheCall":"preview"}|0x101f062
11:04:44.0 (24931597)|HEAP_ALLOCATE|[206]|Bytes:4
11:04:44.0 (24965222)|VARIABLE_ASSIGNMENT|[206]|this.dCurrentDay|"2018-06-30T00:00:00.000Z"|0x101f062
11:04:44.0 (24971540)|STATEMENT_EXECUTE|[208]
11:04:44.0 (24987804)|HEAP_ALLOCATE|[208]|Bytes:4
11:04:44.0 (25210575)|VARIABLE_ASSIGNMENT|[EXTERNAL]|this|{"BusinessLocationName":"","currentInquiryReply":"0x1fb9a6d9","currentInquiryReplyDetail":"0x72d8c0a2","dailyReportId":"a0IN0000006RUllMAG","dCurrentDay":"2018-06-30T00:00:00Z","dCurrentMonth":"2018-07-01T00:00:00Z","iCurrentDay":0,"idBusinessLocation":"","isIPhone":false,"isPreview":true,"lsBusinessLocation":"0x42ab044a","messageError":"","messageQuestion":"","mpQuestions":"0x4c277e9d","myUser":"0x1efa86ae","sourceOfTheCall":"preview"}|0x101f062
11:04:44.0 (25226479)|HEAP_ALLOCATE|[EXTERNAL]|Bytes:4
11:04:44.0 (25237896)|VARIABLE_ASSIGNMENT|[EXTERNAL]|value|[]|0x4d25e58d
11:04:44.0 (25248984)|VARIABLE_ASSIGNMENT|[22]|this.currentInquiryReplyDetail|[]|0x101f062
11:04:44.0 (25259638)|STATEMENT_EXECUTE|[209]
11:04:44.0 (25272879)|HEAP_ALLOCATE|[209]|Bytes:4
11:04:44.0 (25451129)|VARIABLE_ASSIGNMENT|[EXTERNAL]|this|{"BusinessLocationName":"","currentInquiryReply":"0x1fb9a6d9","currentInquiryReplyDetail":"0x4d25e58d","dailyReportId":"a0IN0000006RUllMAG","dCurrentDay":"2018-06-30T00:00:00Z","dCurrentMonth":"2018-07-01T00:00:00Z","iCurrentDay":0,"idBusinessLocation":"","isIPhone":false,"isPreview":true,"lsBusinessLocation":"0x42ab044a","messageError":"","messageQuestion":"","mpQuestions":"0x4c277e9d","myUser":"0x1efa86ae","sourceOfTheCall":"preview"}|0x101f062
11:04:44.0 (25471254)|VARIABLE_ASSIGNMENT|[EXTERNAL]|value|{}|0x71de980d
11:04:44.0 (25482901)|VARIABLE_ASSIGNMENT|[24]|this.mpQuestions|{}|0x101f062
11:04:44.0 (25492942)|STATEMENT_EXECUTE|[211]
11:04:44.0 (25636458)|VARIABLE_ASSIGNMENT|[EXTERNAL]|this|{"BusinessLocationName":"","currentInquiryReply":"0x1fb9a6d9","currentInquiryReplyDetail":"0x4d25e58d","dailyReportId":"a0IN0000006RUllMAG","dCurrentDay":"2018-06-30T00:00:00Z","dCurrentMonth":"2018-07-01T00:00:00Z","iCurrentDay":0,"idBusinessLocation":"","isIPhone":false,"isPreview":true,"lsBusinessLocation":"0x42ab044a","messageError":"","messageQuestion":"","mpQuestions":"0x71de980d","myUser":"0x1efa86ae","sourceOfTheCall":"preview"}|0x101f062
11:04:44.0 (25650994)|VARIABLE_ASSIGNMENT|[EXTERNAL]|value|""
11:04:44.0 (25659676)|VARIABLE_ASSIGNMENT|[23]|this.BusinessLocationName|""|0x101f062
11:04:44.0 (25672345)|HEAP_ALLOCATE|[212]|Bytes:81
11:04:44.0 (25689069)|HEAP_ALLOCATE|[212]|Bytes:4
11:04:44.0 (25698402)|HEAP_ALLOCATE|[212]|Bytes:7
11:04:44.0 (25847292)|VARIABLE_ASSIGNMENT|[EXTERNAL]|this|{"BusinessLocationName":"","currentInquiryReply":"0x1fb9a6d9","currentInquiryReplyDetail":"0x4d25e58d","dailyReportId":"a0IN0000006RUllMAG","dCurrentDay":"2018-06-30T00:00:00Z","dCurrentMonth":"2018-07-01T00:00:00Z","iCurrentDay":0,"idBusinessLocation":"","isIPhone":false,"isPreview":true,"lsBusinessLocation":"0x42ab044a","messageError":"","messageQuestion":"","mpQuestions":"0x71de980d","myUser":"0x1efa86ae","sourceOfTheCall":"preview"}|0x101f062
11:04:44.0 (26183340)|SOQL_EXECUTE_BEGIN|[212]|Aggregations:0|SELECT Id, BusinessLocationName__c FROM saBusinessLocation__c 
11:04:44.0 (27625322)|SOQL_EXECUTE_END|[212]|Rows:0
11:04:44.0 (27784038)|HEAP_ALLOCATE|[212]|Bytes:54
11:04:44.0 (27793441)|HEAP_ALLOCATE|[212]|Bytes:8
11:04:44.0 (27818131)|SYSTEM_METHOD_ENTRY|[7]|QueryLocatorIterator.QueryLocatorIterator()
11:04:44.0 (27822794)|STATEMENT_EXECUTE|[7]
11:04:44.0 (27829872)|SYSTEM_METHOD_EXIT|[7]|QueryLocatorIterator
11:04:44.0 (27837648)|HEAP_ALLOCATE|[212]|Bytes:28
11:04:44.0 (27854172)|HEAP_ALLOCATE|[212]|Bytes:8
11:04:44.0 (27857910)|HEAP_ALLOCATE|[212]|Bytes:8
11:04:44.0 (27863003)|VARIABLE_SCOPE_BEGIN|[15]|this|Database.QueryLocatorIterator|true|false
11:04:44.0 (27888254)|VARIABLE_ASSIGNMENT|[15]|this|{}|0x7bcaf76d
11:04:44.0 (27895685)|VARIABLE_SCOPE_BEGIN|[15]|values|List<SObject>|true|false
11:04:44.0 (27903614)|VARIABLE_ASSIGNMENT|[15]|values|null|
11:04:44.0 (27908210)|VARIABLE_SCOPE_BEGIN|[15]|ql|Database.QueryLocator|true|false
11:04:44.0 (27928698)|VARIABLE_ASSIGNMENT|[15]|ql|{"query":"SELECT Id, BusinessL (61 more) ..."}|0x78b65de6
11:04:44.0 (27934437)|VARIABLE_SCOPE_BEGIN|[15]|totalNumRecords|Integer|false|false
11:04:44.0 (27943142)|VARIABLE_ASSIGNMENT|[15]|totalNumRecords|0
11:04:44.0 (27947714)|VARIABLE_SCOPE_BEGIN|[15]|queryMoreSize|Integer|false|false
11:04:44.0 (27954398)|VARIABLE_ASSIGNMENT|[15]|queryMoreSize|50000
11:04:44.0 (28028996)|HEAP_ALLOCATE|[212]|Bytes:28
11:04:44.0 (28049750)|METHOD_ENTRY|[212]||Database.QueryLocatorIterator.hasNext()
11:04:44.0 (28068340)|METHOD_EXIT|[212]||Database.QueryLocatorIterator.hasNext()
11:04:44.0 (28102720)|VARIABLE_ASSIGNMENT|[212]|bl|null|
11:04:44.0 (28109869)|STATEMENT_EXECUTE|[212]
11:04:44.0 (28126501)|STATEMENT_EXECUTE|[219]
11:04:44.0 (28130636)|HEAP_ALLOCATE|[219]|Bytes:195
11:04:44.0 (28144751)|HEAP_ALLOCATE|[219]|Bytes:4
11:04:44.0 (28166687)|HEAP_ALLOCATE|[219]|Bytes:7
11:04:44.0 (28197591)|HEAP_ALLOCATE|[223]|Bytes:89
11:04:44.0 (28206541)|SYSTEM_METHOD_ENTRY|[1]|UserInfo.UserInfo()
11:04:44.0 (28210265)|STATEMENT_EXECUTE|[1]
11:04:44.0 (28215053)|SYSTEM_METHOD_EXIT|[1]|UserInfo
11:04:44.0 (28225826)|METHOD_ENTRY|[223]||System.UserInfo.getUserId()
11:04:44.0 (28259604)|METHOD_EXIT|[223]||System.UserInfo.getUserId()
11:04:44.0 (28958894)|SOQL_EXECUTE_BEGIN|[219]|Aggregations:0|SELECT Id, saBusinessLocation__c, Status__c, saInquiry__c, Comment__c FROM saInquiryReply__c WHERE (saInquiry__r.Type__c = 'DAILY_REPORT' AND DailyReportDate__c = :tmpVar1 AND User__c = :tmpVar2)
11:04:44.0 (34175712)|SOQL_EXECUTE_END|[219]|Rows:0
11:04:44.0 (34199852)|HEAP_ALLOCATE|[219]|Bytes:4
11:04:44.0 (34212953)|HEAP_ALLOCATE|[219]|Bytes:0
11:04:44.0 (34275205)|HEAP_ALLOCATE|[219]|Bytes:4
11:04:44.0 (34287697)|VARIABLE_SCOPE_BEGIN|[219]|lsInqRep|List<saInquiryReply__c>|true|false
11:04:44.0 (34304434)|VARIABLE_ASSIGNMENT|[219]|lsInqRep|[]|0x7304bd06
11:04:44.0 (34358944)|STATEMENT_EXECUTE|[225]
11:04:44.0 (34361457)|STATEMENT_EXECUTE|[227]
11:04:44.0 (34365350)|HEAP_ALLOCATE|[227]|Bytes:207
11:04:44.0 (34379668)|HEAP_ALLOCATE|[227]|Bytes:4
11:04:44.0 (34571445)|VARIABLE_ASSIGNMENT|[EXTERNAL]|this|{"BusinessLocationName":"","currentInquiryReply":"0x1fb9a6d9","currentInquiryReplyDetail":"0x4d25e58d","dailyReportId":"a0IN0000006RUllMAG","dCurrentDay":"2018-06-30T00:00:00Z","dCurrentMonth":"2018-07-01T00:00:00Z","iCurrentDay":0,"idBusinessLocation":"","isIPhone":false,"isPreview":true,"lsBusinessLocation":"0x42ab044a","messageError":"","messageQuestion":"","mpQuestions":"0x71de980d","myUser":"0x1efa86ae","sourceOfTheCall":"preview"}|0x101f062
11:04:44.0 (34598524)|HEAP_ALLOCATE|[227]|Bytes:7
11:04:44.0 (34607847)|METHOD_ENTRY|[232]||System.UserInfo.getUserId()
11:04:44.0 (34628153)|METHOD_EXIT|[232]||System.UserInfo.getUserId()
11:04:44.0 (34950603)|SOQL_EXECUTE_BEGIN|[227]|Aggregations:0|SELECT Id, saBusinessLocation__c, Status__c FROM saInquiryReply__c WHERE (saInquiry__r.Type__c = 'DAILY_REPORT' AND DailyReportDate__c = :tmpVar1 AND saBusinessLocation__c = :tmpVar2 AND User__c != :tmpVar3)
11:04:44.0 (38618727)|SOQL_EXECUTE_END|[227]|Rows:0
11:04:44.0 (38641420)|HEAP_ALLOCATE|[227]|Bytes:4
11:04:44.0 (38654707)|HEAP_ALLOCATE|[227]|Bytes:0
11:04:44.0 (38677795)|HEAP_ALLOCATE|[227]|Bytes:4
11:04:44.0 (38688132)|VARIABLE_SCOPE_BEGIN|[227]|lsInqOtherPeople|List<saInquiryReply__c>|true|false
11:04:44.0 (38703101)|VARIABLE_ASSIGNMENT|[227]|lsInqOtherPeople|[]|0xb3a05a0
11:04:44.0 (38741024)|STATEMENT_EXECUTE|[234]
11:04:44.0 (38743602)|STATEMENT_EXECUTE|[240]
11:04:44.0 (38746434)|VARIABLE_SCOPE_BEGIN|[240]|lsTemplate|List<saInquiryReply__c>|true|false
11:04:44.0 (38756989)|VARIABLE_ASSIGNMENT|[240]|lsTemplate|null|
11:04:44.0 (38935358)|VARIABLE_ASSIGNMENT|[EXTERNAL]|this|{"BusinessLocationName":"","currentInquiryReply":"0x1fb9a6d9","currentInquiryReplyDetail":"0x4d25e58d","dailyReportId":"a0IN0000006RUllMAG","dCurrentDay":"2018-06-30T00:00:00Z","dCurrentMonth":"2018-07-01T00:00:00Z","iCurrentDay":0,"idBusinessLocation":"","isIPhone":false,"isPreview":true,"lsBusinessLocation":"0x42ab044a","messageError":"","messageQuestion":"","mpQuestions":"0x71de980d","myUser":"0x1efa86ae","sourceOfTheCall":"preview"}|0x101f062
11:04:44.0 (38957190)|STATEMENT_EXECUTE|[252]
11:04:44.0 (38959223)|STATEMENT_EXECUTE|[253]
11:04:44.0 (38963198)|HEAP_ALLOCATE|[253]|Bytes:393
11:04:44.0 (38977643)|HEAP_ALLOCATE|[253]|Bytes:4
11:04:44.0 (39007127)|METHOD_ENTRY|[259]||System.UserInfo.getUserId()
11:04:44.0 (39029819)|METHOD_EXIT|[259]||System.UserInfo.getUserId()
11:04:44.0 (39598730)|SOQL_EXECUTE_BEGIN|[253]|Aggregations:0|SELECT Id, saBusinessLocation__c, Status__c, saInquiry__c, Comment__c FROM saInquiryReply__c WHERE (saInquiry__r.Type__c = 'DAILY_REPORT' AND (saInquiry__r.ValidFrom__c = NULL OR saInquiry__r.ValidFrom__c <= :tmpVar1) AND (saInquiry__r.ValidTo__c = NULL OR saInquiry__r.ValidTo__c >= :tmpVar2) AND DailyReportDate__c = NULL AND User__c = :tmpVar3) ORDER BY CreatedDate DESC NULLS FIRST LIMIT 1
11:04:44.0 (44231018)|SOQL_EXECUTE_END|[253]|Rows:1
11:04:44.0 (44251559)|HEAP_ALLOCATE|[253]|Bytes:8
11:04:44.0 (44265596)|HEAP_ALLOCATE|[253]|Bytes:89
11:04:44.0 (44310505)|HEAP_ALLOCATE|[253]|Bytes:8
11:04:44.0 (44343948)|VARIABLE_ASSIGNMENT|[253]|lsTemplate|[{"Id":"a0KN0000007Kg4nMAC","Status__c":"WAITING_REPLY","saInquiry__c":"a0IN0000006RUllMAG"}]|0x71857c84
11:04:44.0 (44352569)|STATEMENT_EXECUTE|[264]
11:04:44.0 (44357014)|HEAP_ALLOCATE|[264]|Bytes:11
11:04:44.0 (44451790)|HEAP_ALLOCATE|[264]|Bytes:101
11:04:44.0 (44475035)|HEAP_ALLOCATE|[264]|Bytes:112
11:04:44.0 (44495573)|USER_DEBUG|[264]|DEBUG|Template : (saInquiryReply__c:{Id=a0KN0000007Kg4nMAC, Status__c=WAITING_REPLY, saInquiry__c=a0IN0000006RUllMAG})
11:04:44.0 (44524460)|STATEMENT_EXECUTE|[265]
11:04:44.0 (44526949)|STATEMENT_EXECUTE|[271]
11:04:44.0 (44539593)|HEAP_ALLOCATE|[271]|Bytes:16
11:04:44.0 (44569375)|VARIABLE_SCOPE_BEGIN|[271]|idInquiry|Id|false|false
11:04:44.0 (44641017)|VARIABLE_ASSIGNMENT|[271]|idInquiry|"a0IN0000006RUllMAG"
11:04:44.0 (44648938)|STATEMENT_EXECUTE|[272]
11:04:44.0 (44667871)|HEAP_ALLOCATE|[272]|Bytes:4
11:04:44.0 (44931810)|VARIABLE_ASSIGNMENT|[EXTERNAL]|this|{"BusinessLocationName":"","currentInquiryReply":"0x1fb9a6d9","currentInquiryReplyDetail":"0x4d25e58d","dailyReportId":"a0IN0000006RUllMAG","dCurrentDay":"2018-06-30T00:00:00Z","dCurrentMonth":"2018-07-01T00:00:00Z","iCurrentDay":0,"idBusinessLocation":"","isIPhone":false,"isPreview":true,"lsBusinessLocation":"0x42ab044a","messageError":"","messageQuestion":"","mpQuestions":"0x71de980d","myUser":"0x1efa86ae","sourceOfTheCall":"preview"}|0x101f062
11:04:44.0 (44951668)|VARIABLE_ASSIGNMENT|[EXTERNAL]|value|{}|0x673c9999
11:04:44.0 (44963912)|VARIABLE_ASSIGNMENT|[21]|this.currentInquiryReply|{}|0x101f062
11:04:44.0 (44975700)|STATEMENT_EXECUTE|[273]
11:04:44.0 (45124142)|VARIABLE_ASSIGNMENT|[EXTERNAL]|this|{"BusinessLocationName":"","currentInquiryReply":"0x673c9999","currentInquiryReplyDetail":"0x4d25e58d","dailyReportId":"a0IN0000006RUllMAG","dCurrentDay":"2018-06-30T00:00:00Z","dCurrentMonth":"2018-07-01T00:00:00Z","iCurrentDay":0,"idBusinessLocation":"","isIPhone":false,"isPreview":true,"lsBusinessLocation":"0x42ab044a","messageError":"","messageQuestion":"","mpQuestions":"0x71de980d","myUser":"0x1efa86ae","sourceOfTheCall":"preview"}|0x101f062
11:04:44.0 (45204254)|VARIABLE_ASSIGNMENT|[273]|this.saInquiry__c|"a0IN0000006RUllMAG"|0x673c9999
11:04:44.0 (45359212)|VARIABLE_ASSIGNMENT|[EXTERNAL]|this|{"BusinessLocationName":"","currentInquiryReply":"0x673c9999","currentInquiryReplyDetail":"0x4d25e58d","dailyReportId":"a0IN0000006RUllMAG","dCurrentDay":"2018-06-30T00:00:00Z","dCurrentMonth":"2018-07-01T00:00:00Z","iCurrentDay":0,"idBusinessLocation":"","isIPhone":false,"isPreview":true,"lsBusinessLocation":"0x42ab044a","messageError":"","messageQuestion":"","mpQuestions":"0x71de980d","myUser":"0x1efa86ae","sourceOfTheCall":"preview"}|0x101f062
11:04:44.0 (45378125)|STATEMENT_EXECUTE|[277]
11:04:44.0 (45380347)|STATEMENT_EXECUTE|[280]
11:04:44.0 (45385969)|METHOD_ENTRY|[280]||System.UserInfo.getUserId()
11:04:44.0 (45407838)|METHOD_EXIT|[280]||System.UserInfo.getUserId()
11:04:44.0 (45421815)|HEAP_ALLOCATE|[280]|Bytes:4
11:04:44.0 (45561761)|VARIABLE_ASSIGNMENT|[EXTERNAL]|this|{"BusinessLocationName":"","currentInquiryReply":"0x673c9999","currentInquiryReplyDetail":"0x4d25e58d","dailyReportId":"a0IN0000006RUllMAG","dCurrentDay":"2018-06-30T00:00:00Z","dCurrentMonth":"2018-07-01T00:00:00Z","iCurrentDay":0,"idBusinessLocation":"","isIPhone":false,"isPreview":true,"lsBusinessLocation":"0x42ab044a","messageError":"","messageQuestion":"","mpQuestions":"0x71de980d","myUser":"0x1efa86ae","sourceOfTheCall":"preview"}|0x101f062
11:04:44.0 (45618991)|VARIABLE_ASSIGNMENT|[280]|this.User__c|"005N00000057PfOIAU"|0x673c9999
11:04:44.0 (45626257)|STATEMENT_EXECUTE|[281]
11:04:44.0 (45779864)|VARIABLE_ASSIGNMENT|[EXTERNAL]|this|{"BusinessLocationName":"","currentInquiryReply":"0x673c9999","currentInquiryReplyDetail":"0x4d25e58d","dailyReportId":"a0IN0000006RUllMAG","dCurrentDay":"2018-06-30T00:00:00Z","dCurrentMonth":"2018-07-01T00:00:00Z","iCurrentDay":0,"idBusinessLocation":"","isIPhone":false,"isPreview":true,"lsBusinessLocation":"0x42ab044a","messageError":"","messageQuestion":"","mpQuestions":"0x71de980d","myUser":"0x1efa86ae","sourceOfTheCall":"preview"}|0x101f062
11:04:44.0 (45843508)|VARIABLE_ASSIGNMENT|[281]|this.DailyReportDate__c|"2018-06-30T00:00:00.000Z"|0x673c9999
11:04:44.0 (45850745)|STATEMENT_EXECUTE|[282]
11:04:44.0 (45854759)|HEAP_ALLOCATE|[282]|Bytes:13
11:04:44.0 (46005175)|VARIABLE_ASSIGNMENT|[EXTERNAL]|this|{"BusinessLocationName":"","currentInquiryReply":"0x673c9999","currentInquiryReplyDetail":"0x4d25e58d","dailyReportId":"a0IN0000006RUllMAG","dCurrentDay":"2018-06-30T00:00:00Z","dCurrentMonth":"2018-07-01T00:00:00Z","iCurrentDay":0,"idBusinessLocation":"","isIPhone":false,"isPreview":true,"lsBusinessLocation":"0x42ab044a","messageError":"","messageQuestion":"","mpQuestions":"0x71de980d","myUser":"0x1efa86ae","sourceOfTheCall":"preview"}|0x101f062
11:04:44.0 (46055486)|VARIABLE_ASSIGNMENT|[282]|this.Status__c|"WAITING_REPLY"|0x673c9999
11:04:44.0 (46062573)|STATEMENT_EXECUTE|[283]
11:04:44.0 (46453227)|VARIABLE_ASSIGNMENT|[EXTERNAL]|this|{"BusinessLocationName":"","currentInquiryReply":"0x673c9999","currentInquiryReplyDetail":"0x4d25e58d","dailyReportId":"a0IN0000006RUllMAG","dCurrentDay":"2018-06-30T00:00:00Z","dCurrentMonth":"2018-07-01T00:00:00Z","iCurrentDay":0,"idBusinessLocation":"","isIPhone":false,"isPreview":true,"lsBusinessLocation":"0x42ab044a","messageError":"","messageQuestion":"","mpQuestions":"0x71de980d","myUser":"0x1efa86ae","sourceOfTheCall":"preview"}|0x101f062
11:04:44.0 (46499926)|VARIABLE_ASSIGNMENT|[283]|this.Comment__c|""|0x673c9999
11:04:44.0 (46507130)|STATEMENT_EXECUTE|[285]
11:04:44.0 (46511043)|HEAP_ALLOCATE|[285]|Bytes:625
11:04:44.0 (46525877)|HEAP_ALLOCATE|[285]|Bytes:4
11:04:44.0 (47068056)|SOQL_EXECUTE_BEGIN|[285]|Aggregations:0|SELECT Id, QuestionLabel__c, AnswerType__c, NumberPossibleReplies__c, IsShortReply__c, SortNo__c, IsRequired__c, Reply01Label__c, Reply02Label__c, Reply03Label__c, Reply04Label__c, Reply05Label__c, Reply06Label__c, Reply07Label__c, Reply08Label__c, Reply09Label__c, Reply10Label__c, Reply11Label__c, Reply12Label__c, Reply13Label__c, Reply14Label__c, Reply15Label__c, Reply16Label__c, Reply17Label__c, Reply18Label__c, Reply19Label__c, Reply20Label__c, Reply21Label__c, Reply22Label__c, Reply23Label__c, Reply24Label__c, Reply25Label__c FROM saInquiryDetail__c WHERE saInquiry__c = :tmpVar1 ORDER BY SortNo__c ASC NULLS FIRST
11:04:44.0 (56523930)|SOQL_EXECUTE_END|[285]|Rows:1
11:04:44.0 (56545202)|HEAP_ALLOCATE|[285]|Bytes:8
11:04:44.0 (56567275)|HEAP_ALLOCATE|[285]|Bytes:282
11:04:44.0 (56607634)|HEAP_ALLOCATE|[285]|Bytes:8
11:04:44.0 (56620440)|VARIABLE_SCOPE_BEGIN|[285]|lsTmpQuest|List<saInquiryDetail__c>|true|false
11:04:44.0 (56655261)|VARIABLE_ASSIGNMENT|[285]|lsTmpQuest|[{"Id":"a0JN0000008h2r2MAA","QuestionLabel__c":"Works?","AnswerType__c":"CHECKBOX","NumberPossibleReplies__c":2,"IsShortReply__c":true,"SortNo__c":0,"IsRequired__c":false,"Reply01Label__c":"Yes!","Reply02Label__c":"No!"}]|0xe1cb73f
11:04:44.0 (56839838)|HEAP_ALLOCATE|[295]|Bytes:5
11:04:44.0 (56860568)|HEAP_ALLOCATE|[295]|Bytes:40
11:04:44.0 (56871599)|VARIABLE_SCOPE_BEGIN|[295]|quest|saInquiryDetail__c|true|false
11:04:44.0 (56898762)|VARIABLE_ASSIGNMENT|[295]|quest|{"Id":"a0JN0000008h2r2MAA","QuestionLabel__c":"Works?","AnswerType__c":"CHECKBOX","NumberPossibleReplies__c":2,"IsShortReply__c":true,"SortNo__c":0,"IsRequired__c":false,"Reply01Label__c":"Yes!","Reply02Label__c":"No!"}|0x54fc7a02
11:04:44.0 (56907745)|STATEMENT_EXECUTE|[295]
11:04:44.0 (56910006)|STATEMENT_EXECUTE|[296]
11:04:44.0 (56932316)|HEAP_ALLOCATE|[296]|Bytes:4
11:04:44.0 (56994118)|VARIABLE_SCOPE_BEGIN|[296]|questReply|saInquiryReplyDetail__c|true|false
11:04:44.0 (57008929)|VARIABLE_ASSIGNMENT|[296]|questReply|{}|0x3f329aed
11:04:44.0 (57015214)|STATEMENT_EXECUTE|[297]
11:04:44.0 (57104220)|VARIABLE_ASSIGNMENT|[297]|this.saInquiryDetail__c|"a0JN0000008h2r2MAA"|0x3f329aed
11:04:44.0 (57112098)|STATEMENT_EXECUTE|[298]
11:04:44.0 (57292071)|VARIABLE_ASSIGNMENT|[EXTERNAL]|this|{"BusinessLocationName":"","currentInquiryReply":"0x673c9999","currentInquiryReplyDetail":"0x4d25e58d","dailyReportId":"a0IN0000006RUllMAG","dCurrentDay":"2018-06-30T00:00:00Z","dCurrentMonth":"2018-07-01T00:00:00Z","iCurrentDay":0,"idBusinessLocation":"","isIPhone":false,"isPreview":true,"lsBusinessLocation":"0x42ab044a","messageError":"","messageQuestion":"","mpQuestions":"0x71de980d","myUser":"0x1efa86ae","sourceOfTheCall":"preview"}|0x101f062
11:04:44.0 (57323600)|HEAP_ALLOCATE|[EXTERNAL]|Bytes:4
11:04:44.0 (57332517)|STATEMENT_EXECUTE|[299]
11:04:44.0 (57482097)|VARIABLE_ASSIGNMENT|[EXTERNAL]|this|{"BusinessLocationName":"","currentInquiryReply":"0x673c9999","currentInquiryReplyDetail":"0x4d25e58d","dailyReportId":"a0IN0000006RUllMAG","dCurrentDay":"2018-06-30T00:00:00Z","dCurrentMonth":"2018-07-01T00:00:00Z","iCurrentDay":0,"idBusinessLocation":"","isIPhone":false,"isPreview":true,"lsBusinessLocation":"0x42ab044a","messageError":"","messageQuestion":"","mpQuestions":"0x71de980d","myUser":"0x1efa86ae","sourceOfTheCall":"preview"}|0x101f062
11:04:44.0 (57519037)|HEAP_ALLOCATE|[EXTERNAL]|Bytes:-4
11:04:44.0 (57535587)|HEAP_ALLOCATE|[295]|Bytes:5
11:04:44.0 (57549416)|VARIABLE_ASSIGNMENT|[295]|quest|null|
11:04:44.0 (57560490)|SYSTEM_MODE_EXIT|false
11:04:44.0 (73873915)|SYSTEM_MODE_ENTER|true
11:04:44.0 (73908642)|HEAP_ALLOCATE|[EXTERNAL]|Bytes:40
11:04:44.0 (73923711)|VARIABLE_ASSIGNMENT|[EXTERNAL]|this.iCountComments|null|0x57075175
11:04:44.0 (73975186)|SYSTEM_MODE_ENTER|true
11:04:44.0 (73989466)|HEAP_ALLOCATE|[EXTERNAL]|Bytes:40
11:04:44.0 (73997234)|VARIABLE_ASSIGNMENT|[EXTERNAL]|this.iCountLikes|null|0x57075175
11:04:44.0 (74069626)|SYSTEM_MODE_ENTER|true
11:04:44.0 (74118590)|HEAP_ALLOCATE|[EXTERNAL]|Bytes:76
11:04:44.0 (74128280)|VARIABLE_SCOPE_BEGIN|[92]|this|saDailyReportCtrl|true|false
11:04:44.0 (74339657)|VARIABLE_ASSIGNMENT|[92]|this|{"BusinessLocationName":"","currentInquiryReply":"0x673c9999","currentInquiryReplyDetail":"0x4d25e58d","dailyReportId":"a0IN0000006RUllMAG","dCurrentDay":"2018-06-30T00:00:00Z","dCurrentMonth":"2018-07-01T00:00:00Z","iCurrentDay":0,"idBusinessLocation":"","isIPhone":false,"isPreview":true,"lsBusinessLocation":"0x42ab044a","messageError":"","messageQuestion":"","mpQuestions":"0x71de980d","myUser":"0x1efa86ae","sourceOfTheCall":"preview"}|0x101f062
11:04:44.0 (74362874)|SYSTEM_MODE_ENTER|false
11:04:44.0 (74371438)|HEAP_ALLOCATE|[92]|Bytes:5
11:04:44.0 (74377075)|STATEMENT_EXECUTE|[92]
11:04:44.0 (74379126)|STATEMENT_EXECUTE|[92]
11:04:44.0 (74385170)|SYSTEM_MODE_EXIT|false
11:04:44.0 (74439000)|SYSTEM_MODE_ENTER|true
11:04:44.0 (74458821)|HEAP_ALLOCATE|[EXTERNAL]|Bytes:8
11:04:44.0 (74463504)|HEAP_ALLOCATE|[EXTERNAL]|Bytes:40
11:04:44.0 (74472895)|VARIABLE_ASSIGNMENT|[EXTERNAL]|this.iTypeOfScreen|54|0x57075175
11:04:44.0 (74548204)|SYSTEM_MODE_ENTER|true
11:04:44.0 (74583475)|HEAP_ALLOCATE|[EXTERNAL]|Bytes:40
11:04:44.0 (74589694)|VARIABLE_SCOPE_BEGIN|[80]|this|auMainTopCompCtrl|true|false
11:04:44.0 (74628420)|VARIABLE_ASSIGNMENT|[80]|this|{"currentUser":"0x460ed9ba","iTypeOfScreen":54,"urlReportsSFA":"https://cs6.lightnin (84 more) ..."}|0x57075175
11:04:44.0 (74638627)|STATEMENT_EXECUTE|[80]
11:04:44.0 (74640787)|STATEMENT_EXECUTE|[81]
11:04:44.0 (74673552)|VARIABLE_ASSIGNMENT|[EXTERNAL]|this|{"currentUser":"0x460ed9ba","iTypeOfScreen":54,"urlReportsSFA":"https://cs6.lightnin (84 more) ..."}|0x57075175
11:04:44.0 (74710884)|VARIABLE_ASSIGNMENT|[EXTERNAL]|this|{"currentUser":"0x460ed9ba","iTypeOfScreen":54,"urlReportsSFA":"https://cs6.lightnin (84 more) ..."}|0x57075175
11:04:44.0 (74748996)|VARIABLE_ASSIGNMENT|[EXTERNAL]|this|{"currentUser":"0x460ed9ba","iTypeOfScreen":54,"urlReportsSFA":"https://cs6.lightnin (84 more) ..."}|0x57075175
11:04:44.0 (74780380)|VARIABLE_ASSIGNMENT|[EXTERNAL]|this|{"currentUser":"0x460ed9ba","iTypeOfScreen":54,"urlReportsSFA":"https://cs6.lightnin (84 more) ..."}|0x57075175
11:04:44.0 (74794301)|HEAP_ALLOCATE|[81]|Bytes:5
11:04:44.0 (74866584)|SYSTEM_MODE_ENTER|true
11:04:44.0 (74914594)|HEAP_ALLOCATE|[EXTERNAL]|Bytes:40
11:04:44.0 (74921143)|VARIABLE_SCOPE_BEGIN|[98]|this|auMainTopCompCtrl|true|false
11:04:44.0 (74950814)|VARIABLE_ASSIGNMENT|[98]|this|{"currentUser":"0x460ed9ba","iTypeOfScreen":54,"urlReportsSFA":"https://cs6.lightnin (84 more) ..."}|0x57075175
11:04:44.0 (74960818)|STATEMENT_EXECUTE|[98]
11:04:44.0 (74962679)|STATEMENT_EXECUTE|[99]
11:04:44.0 (74988679)|VARIABLE_ASSIGNMENT|[EXTERNAL]|this|{"currentUser":"0x460ed9ba","iTypeOfScreen":54,"urlReportsSFA":"https://cs6.lightnin (84 more) ..."}|0x57075175
11:04:44.0 (75002748)|HEAP_ALLOCATE|[99]|Bytes:5
11:04:44.0 (75058396)|SYSTEM_MODE_ENTER|true
11:04:44.0 (75087840)|HEAP_ALLOCATE|[EXTERNAL]|Bytes:40
11:04:44.0 (75093813)|VARIABLE_SCOPE_BEGIN|[102]|this|auMainTopCompCtrl|true|false
11:04:44.0 (75123498)|VARIABLE_ASSIGNMENT|[102]|this|{"currentUser":"0x460ed9ba","iTypeOfScreen":54,"urlReportsSFA":"https://cs6.lightnin (84 more) ..."}|0x57075175
11:04:44.0 (75131844)|STATEMENT_EXECUTE|[102]
11:04:44.0 (75133788)|STATEMENT_EXECUTE|[103]
11:04:44.0 (75159027)|VARIABLE_ASSIGNMENT|[EXTERNAL]|this|{"currentUser":"0x460ed9ba","iTypeOfScreen":54,"urlReportsSFA":"https://cs6.lightnin (84 more) ..."}|0x57075175
11:04:44.0 (75172189)|HEAP_ALLOCATE|[103]|Bytes:5
11:04:44.0 (75258748)|SYSTEM_MODE_ENTER|true
11:04:44.0 (75357049)|SYSTEM_MODE_ENTER|true
11:04:44.0 (75462198)|SYSTEM_MODE_ENTER|true
11:04:44.0 (75647191)|SYSTEM_MODE_ENTER|true
11:04:44.0 (78184163)|SYSTEM_MODE_ENTER|true
11:04:44.0 (78272781)|SYSTEM_MODE_ENTER|true
11:04:44.0 (79013666)|SYSTEM_MODE_ENTER|true
11:04:44.0 (79055282)|HEAP_ALLOCATE|[EXTERNAL]|Bytes:76
11:04:44.0 (79064059)|VARIABLE_SCOPE_BEGIN|[141]|this|saDailyReportCtrl|true|false
11:04:44.0 (79234982)|VARIABLE_ASSIGNMENT|[141]|this|{"BusinessLocationName":"","currentInquiryReply":"0x673c9999","currentInquiryReplyDetail":"0x4d25e58d","dailyReportId":"a0IN0000006RUllMAG","dCurrentDay":"2018-06-30T00:00:00Z","dCurrentMonth":"2018-07-01T00:00:00Z","iCurrentDay":0,"idBusinessLocation":"","isIPhone":false,"isPreview":true,"lsBusinessLocation":"0x42ab044a","messageError":"","messageQuestion":"","mpQuestions":"0x71de980d","myUser":"0x1efa86ae","sourceOfTheCall":"preview"}|0x101f062
11:04:44.0 (79255896)|SYSTEM_MODE_ENTER|false
11:04:44.0 (79263429)|HEAP_ALLOCATE|[142]|Bytes:5
11:04:44.0 (79268879)|STATEMENT_EXECUTE|[141]
11:04:44.0 (79270731)|STATEMENT_EXECUTE|[142]
11:04:44.0 (79340445)|HEAP_ALLOCATE|[142]|Bytes:4
11:04:44.0 (79352137)|HEAP_ALLOCATE|[142]|Bytes:1
11:04:44.0 (79372681)|HEAP_ALLOCATE|[142]|Bytes:1
11:04:44.0 (79381062)|HEAP_ALLOCATE|[142]|Bytes:1
11:04:44.0 (79406930)|HEAP_ALLOCATE|[142]|Bytes:2
11:04:44.0 (79423568)|HEAP_ALLOCATE|[142]|Bytes:9
11:04:44.0 (79430848)|HEAP_ALLOCATE|[142]|Bytes:10
11:04:44.0 (79437369)|SYSTEM_MODE_EXIT|false
11:04:44.0 (79621087)|SYSTEM_MODE_ENTER|true
11:04:44.0 (80087790)|SYSTEM_MODE_ENTER|true
11:04:44.0 (95458886)|VF_SERIALIZE_VIEWSTATE_BEGIN|066N0000000M4pW
11:04:44.0 (99009291)|VF_SERIALIZE_VIEWSTATE_END
11:04:44.102 (102500687)|CUMULATIVE_LIMIT_USAGE
11:04:44.102 (102500687)|LIMIT_USAGE_FOR_NS|(default)|
  Number of SOQL queries: 5 out of 100
  Number of query rows: 2 out of 50000
  Number of SOSL queries: 0 out of 20
  Number of DML statements: 0 out of 150
  Number of DML rows: 0 out of 10000
  Maximum CPU time: 0 out of 10000
  Maximum heap size: 0 out of 6000000
  Number of callouts: 0 out of 100
  Number of Email Invocations: 0 out of 10
  Number of future calls: 0 out of 50
  Number of queueable jobs added to the queue: 0 out of 50
  Number of Mobile Apex push calls: 0 out of 10

11:04:44.102 (102500687)|CUMULATIVE_LIMIT_USAGE_END

11:04:44.0 (102545839)|CODE_UNIT_FINISHED|VF: /apex/sadailyreport
11:04:44.0 (103246374)|EXECUTION_FINISHED
