38.0 APEX_CODE,FINEST;APEX_PROFILING,INFO;CALLOUT,INFO;DB,INFO;NBA,INFO;SYSTEM,DEBUG;VALIDATION,INFO;VISUALFORCE,INFO;WAVE,INFO;WORKFLOW,INFO
19:49:09.0 (56800)|USER_INFO|[EXTERNAL]|005N00000057RPN|duc.huynhmanh+kddi-gwdev01@globalway.co.jp|日本標準時|GMT+09:00
19:49:09.0 (87506)|EXECUTION_STARTED
19:49:09.0 (93712)|CODE_UNIT_STARTED|[EXTERNAL]|066N0000000QNh4|VFRemote: auAddUserCtrl invoke(getUserList)
19:49:09.0 (107446)|SYSTEM_MODE_ENTER|true
19:49:09.0 (927190)|VARIABLE_SCOPE_BEGIN|[51]|auAddUserCtrl.USER_BASE_QUERY|String|false|true
19:49:09.0 (1129162)|HEAP_ALLOCATE|[72]|Bytes:3
19:49:09.0 (1167639)|HEAP_ALLOCATE|[77]|Bytes:152
19:49:09.0 (1181045)|HEAP_ALLOCATE|[342]|Bytes:408
19:49:09.0 (1193061)|HEAP_ALLOCATE|[355]|Bytes:408
19:49:09.0 (1204470)|HEAP_ALLOCATE|[467]|Bytes:48
19:49:09.0 (1230535)|HEAP_ALLOCATE|[139]|Bytes:6
19:49:09.0 (1246251)|HEAP_ALLOCATE|[EXTERNAL]|Bytes:812
19:49:09.0 (1255380)|HEAP_ALLOCATE|[EXTERNAL]|Bytes:161
19:49:09.0 (1260347)|HEAP_ALLOCATE|[EXTERNAL]|Bytes:106
19:49:09.0 (1265943)|HEAP_ALLOCATE|[EXTERNAL]|Bytes:80
19:49:09.0 (1321795)|VARIABLE_ASSIGNMENT|[EXTERNAL]|auAddUserCtrl.USER_BASE_QUERY|" SELECT id, Name, Pr (60 more) ..."
19:49:09.0 (1336166)|METHOD_ENTRY|[1]|01pN0000000fk6c|auAddUserCtrl.auAddUserCtrl()
19:49:09.0 (1343780)|STATEMENT_EXECUTE|[1]
19:49:09.0 (1348291)|STATEMENT_EXECUTE|[1]
19:49:09.0 (1382426)|HEAP_ALLOCATE|[50]|Bytes:5
19:49:09.0 (1403713)|HEAP_ALLOCATE|[56]|Bytes:5
19:49:09.0 (1412125)|HEAP_ALLOCATE|[64]|Bytes:7
19:49:09.0 (1428199)|SYSTEM_MODE_ENTER|false
19:49:09.0 (1441888)|HEAP_ALLOCATE|[EXTERNAL]|Bytes:5
19:49:09.0 (1449250)|SYSTEM_MODE_EXIT|false
19:49:09.0 (1456173)|METHOD_EXIT|[1]|auAddUserCtrl
19:49:09.0 (1477717)|HEAP_ALLOCATE|[EXTERNAL]|Bytes:36
19:49:09.0 (1486809)|VARIABLE_SCOPE_BEGIN|[308]|values|Map<String,String>|true|false
19:49:09.0 (1509021)|VARIABLE_ASSIGNMENT|[308]|values|"Map of size 8 too large to display"|0xfd4c9ae
19:49:09.0 (1521261)|SYSTEM_MODE_ENTER|false
19:49:09.0 (1526681)|HEAP_ALLOCATE|[310]|Bytes:5
19:49:09.0 (1530899)|STATEMENT_EXECUTE|[308]
19:49:09.0 (1532518)|STATEMENT_EXECUTE|[310]
19:49:09.0 (1535108)|HEAP_ALLOCATE|[310]|Bytes:16
19:49:09.0 (1582765)|USER_DEBUG|[310]|DEBUG|Run: getUserList
19:49:09.0 (1594230)|STATEMENT_EXECUTE|[311]
19:49:09.0 (1613245)|USER_DEBUG|[311]|DEBUG|{Role5DeveloperName=, Role6DeveloperName=, Role7DeveloperName=, Role8DeveloperName=, department=, remotePageType=KDDI_ACCESS, userName=, userNumber=}
19:49:09.0 (1622362)|STATEMENT_EXECUTE|[313]
19:49:09.0 (1631950)|HEAP_ALLOCATE|[313]|Bytes:4
19:49:09.0 (1660374)|VARIABLE_SCOPE_BEGIN|[313]|conditions|List<String>|true|false
19:49:09.0 (1692416)|HEAP_ALLOCATE|[EXTERNAL]|Bytes:4
19:49:09.0 (1706783)|VARIABLE_ASSIGNMENT|[313]|conditions|[]|0x703331e4
19:49:09.0 (1713219)|STATEMENT_EXECUTE|[316]
19:49:09.0 (1715810)|HEAP_ALLOCATE|[316]|Bytes:53
19:49:09.0 (1731359)|HEAP_ALLOCATE|[316]|Bytes:4
19:49:09.0 (1741950)|HEAP_ALLOCATE|[316]|Bytes:7
19:49:09.0 (1773794)|HEAP_ALLOCATE|[316]|Bytes:89
19:49:09.0 (1783826)|SYSTEM_METHOD_ENTRY|[1]|UserInfo.UserInfo()
19:49:09.0 (1788055)|STATEMENT_EXECUTE|[1]
19:49:09.0 (1794057)|SYSTEM_METHOD_EXIT|[1]|UserInfo
19:49:09.0 (1806650)|METHOD_ENTRY|[316]||System.UserInfo.getUserId()
19:49:09.0 (1850659)|METHOD_EXIT|[316]||System.UserInfo.getUserId()
19:49:09.0 (4727408)|SOQL_EXECUTE_BEGIN|[316]|Aggregations:0|SELECT Id, Profile.Name FROM User WHERE Id = :tmpVar1
19:49:09.0 (12768747)|SOQL_EXECUTE_END|[316]|Rows:1
19:49:09.0 (12796200)|HEAP_ALLOCATE|[316]|Bytes:8
19:49:09.0 (12818511)|HEAP_ALLOCATE|[316]|Bytes:127
19:49:09.0 (12853229)|HEAP_ALLOCATE|[316]|Bytes:8
19:49:09.0 (12868392)|HEAP_ALLOCATE|[316]|Bytes:30
19:49:09.0 (12937234)|HEAP_ALLOCATE|[316]|Bytes:16
19:49:09.0 (12947097)|VARIABLE_SCOPE_BEGIN|[316]|usr|User|true|false
19:49:09.0 (12981860)|VARIABLE_ASSIGNMENT|[316]|usr|{"Id":"005N00000057RPNIA2","ProfileId":"00e6F000002RS1oQAG","Profile":{"Name":"System Administrator","Id":"00e6F000002RS1oQAG"}}|0x1bcd3bb6
19:49:09.0 (12990595)|STATEMENT_EXECUTE|[317]
19:49:09.0 (15030248)|VARIABLE_SCOPE_BEGIN|[137]|auConstantCmn.ACCESS_TYPE_KDDI|String|false|true
19:49:09.0 (15044462)|VARIABLE_SCOPE_BEGIN|[136]|auConstantCmn.ACCESS_TYPE_SA|String|false|true
19:49:09.0 (15052350)|VARIABLE_SCOPE_BEGIN|[138]|auConstantCmn.ACCESS_TYPE_SHOP|String|false|true
19:49:09.0 (15059681)|VARIABLE_SCOPE_BEGIN|[57]|auConstantCmn.ACCOUNT_CHANNEL_DAIRITEN|String|false|true
19:49:09.0 (15066342)|VARIABLE_SCOPE_BEGIN|[55]|auConstantCmn.ACCOUNT_CHANNEL_SHOP|String|false|true
19:49:09.0 (15074213)|VARIABLE_SCOPE_BEGIN|[56]|auConstantCmn.ACCOUNT_CHANNEL_UNEIHOJIN|String|false|true
19:49:09.0 (15081684)|VARIABLE_SCOPE_BEGIN|[112]|auConstantCmn.CX_KNOWLEDGE_SHARING_NATIONAL|String|false|true
19:49:09.0 (15088010)|VARIABLE_SCOPE_BEGIN|[111]|auConstantCmn.CX_KNOWLEDGE_SHARING_REGIONAL_OFFICE|String|false|true
19:49:09.0 (15094586)|VARIABLE_SCOPE_BEGIN|[117]|auConstantCmn.CX_KNOWLEDGE_STATUS_APPROVED|String|false|true
19:49:09.0 (15101269)|VARIABLE_SCOPE_BEGIN|[118]|auConstantCmn.CX_KNOWLEDGE_STATUS_NATIONAL_APPROVED|String|false|true
19:49:09.0 (15108703)|VARIABLE_SCOPE_BEGIN|[119]|auConstantCmn.CX_KNOWLEDGE_STATUS_REJECTED|String|false|true
19:49:09.0 (15120957)|VARIABLE_SCOPE_BEGIN|[116]|auConstantCmn.CX_KNOWLEDGE_STATUS_SAVED|String|false|true
19:49:09.0 (15129708)|VARIABLE_SCOPE_BEGIN|[115]|auConstantCmn.CX_KNOWLEDGE_STATUS_TEMPORARY_SAVED|String|false|true
19:49:09.0 (15136994)|VARIABLE_SCOPE_BEGIN|[20]|auConstantCmn.FORGOT_PASSWORD_ERR_MESSAGE001|String|false|true
19:49:09.0 (15144420)|VARIABLE_SCOPE_BEGIN|[133]|auConstantCmn.HONBU_DIRECT_DETAIL_TYPE_FAVORITE|String|false|true
19:49:09.0 (15152560)|VARIABLE_SCOPE_BEGIN|[132]|auConstantCmn.HONBU_DIRECT_DETAIL_TYPE_READ|String|false|true
19:49:09.0 (15159357)|VARIABLE_SCOPE_BEGIN|[131]|auConstantCmn.HONBU_DIRECT_DETAIL_TYPE_VIEW|String|false|true
19:49:09.0 (15166429)|VARIABLE_SCOPE_BEGIN|[123]|auConstantCmn.KDDI_KNOWLEDGE_STATUS_SAVED|String|false|true
19:49:09.0 (15173783)|VARIABLE_SCOPE_BEGIN|[122]|auConstantCmn.KDDI_KNOWLEDGE_STATUS_TEMPORARY_SAVED|String|false|true
19:49:09.0 (15180841)|VARIABLE_SCOPE_BEGIN|[14]|auConstantCmn.LOGIN_ERR_MESSAGE001|String|false|true
19:49:09.0 (15187870)|VARIABLE_SCOPE_BEGIN|[15]|auConstantCmn.LOGIN_ERR_MESSAGE002|String|false|true
19:49:09.0 (15194792)|VARIABLE_SCOPE_BEGIN|[16]|auConstantCmn.LOGIN_ERR_MESSAGE003|String|false|true
19:49:09.0 (15201827)|VARIABLE_SCOPE_BEGIN|[17]|auConstantCmn.LOGIN_ERR_MESSAGE004|String|false|true
19:49:09.0 (15210124)|VARIABLE_SCOPE_BEGIN|[98]|auConstantCmn.PAGE_ALIAS_SHOP_CX|String|false|true
19:49:09.0 (15217241)|VARIABLE_SCOPE_BEGIN|[89]|auConstantCmn.PAGE_ALIAS_SHOP_EVENTS|String|false|true
19:49:09.0 (15225400)|VARIABLE_SCOPE_BEGIN|[71]|auConstantCmn.PAGE_ALIAS_SHOP_FORGOTPW|String|false|true
19:49:09.0 (15234120)|VARIABLE_SCOPE_BEGIN|[79]|auConstantCmn.PAGE_ALIAS_SHOP_FORGOTPWCOMP|String|false|true
19:49:09.0 (15241545)|VARIABLE_SCOPE_BEGIN|[75]|auConstantCmn.PAGE_ALIAS_SHOP_FORGOTPWFORCE|String|false|true
19:49:09.0 (15249666)|VARIABLE_SCOPE_BEGIN|[86]|auConstantCmn.PAGE_ALIAS_SHOP_HOME|String|false|true
19:49:09.0 (15256958)|VARIABLE_SCOPE_BEGIN|[63]|auConstantCmn.PAGE_ALIAS_SHOP_LOGIN|String|false|true
19:49:09.0 (15265460)|VARIABLE_SCOPE_BEGIN|[67]|auConstantCmn.PAGE_ALIAS_SHOP_LOGOUT|String|false|true
19:49:09.0 (15273201)|VARIABLE_SCOPE_BEGIN|[83]|auConstantCmn.PAGE_ALIAS_SHOP_PASSWORDSIGNUP|String|false|true
19:49:09.0 (15281464)|VARIABLE_SCOPE_BEGIN|[104]|auConstantCmn.PAGE_ALIAS_SHOP_SCHEDULE|String|false|true
19:49:09.0 (15289250)|VARIABLE_SCOPE_BEGIN|[107]|auConstantCmn.PAGE_ALIAS_SHOP_SCHEDULE_LIST|String|false|true
19:49:09.0 (15298672)|VARIABLE_SCOPE_BEGIN|[92]|auConstantCmn.PAGE_ALIAS_SHOP_STPD|String|false|true
19:49:09.0 (15306529)|VARIABLE_SCOPE_BEGIN|[101]|auConstantCmn.PAGE_ALIAS_SHOP_TIMELINE_CX|String|false|true
19:49:09.0 (15314524)|VARIABLE_SCOPE_BEGIN|[95]|auConstantCmn.PAGE_ALIAS_SHOP_TIMELINE_STPD|String|false|true
19:49:09.0 (15322510)|VARIABLE_SCOPE_BEGIN|[97]|auConstantCmn.PAGE_VF_SHOP_CX|String|false|true
19:49:09.0 (15331008)|VARIABLE_SCOPE_BEGIN|[88]|auConstantCmn.PAGE_VF_SHOP_EVENTS|String|false|true
19:49:09.0 (15340298)|VARIABLE_SCOPE_BEGIN|[70]|auConstantCmn.PAGE_VF_SHOP_FORGOTPW|String|false|true
19:49:09.0 (15348402)|VARIABLE_SCOPE_BEGIN|[78]|auConstantCmn.PAGE_VF_SHOP_FORGOTPWCOMP|String|false|true
19:49:09.0 (15356311)|VARIABLE_SCOPE_BEGIN|[74]|auConstantCmn.PAGE_VF_SHOP_FORGOTPWFORCE|String|false|true
19:49:09.0 (15365010)|VARIABLE_SCOPE_BEGIN|[85]|auConstantCmn.PAGE_VF_SHOP_HOME|String|false|true
19:49:09.0 (15373192)|VARIABLE_SCOPE_BEGIN|[62]|auConstantCmn.PAGE_VF_SHOP_LOGIN|String|false|true
19:49:09.0 (15381458)|VARIABLE_SCOPE_BEGIN|[66]|auConstantCmn.PAGE_VF_SHOP_LOGOUT|String|false|true
19:49:09.0 (15390160)|VARIABLE_SCOPE_BEGIN|[82]|auConstantCmn.PAGE_VF_SHOP_PASSWORDSIGNUP|String|false|true
19:49:09.0 (15399221)|VARIABLE_SCOPE_BEGIN|[103]|auConstantCmn.PAGE_VF_SHOP_SCHEDULE|String|false|true
19:49:09.0 (15407220)|VARIABLE_SCOPE_BEGIN|[106]|auConstantCmn.PAGE_VF_SHOP_SCHEDULE_LIST|String|false|true
19:49:09.0 (15415785)|VARIABLE_SCOPE_BEGIN|[91]|auConstantCmn.PAGE_VF_SHOP_STPD|String|false|true
19:49:09.0 (15424206)|VARIABLE_SCOPE_BEGIN|[100]|auConstantCmn.PAGE_VF_SHOP_TIMELINE_CX|String|false|true
19:49:09.0 (15432717)|VARIABLE_SCOPE_BEGIN|[94]|auConstantCmn.PAGE_VF_SHOP_TIMELINE_STPD|String|false|true
19:49:09.0 (15442098)|VARIABLE_SCOPE_BEGIN|[28]|auConstantCmn.PASSWORD_SIGNUP_ERR_EXPIREDURL|String|false|true
19:49:09.0 (15450759)|VARIABLE_SCOPE_BEGIN|[31]|auConstantCmn.PASSWORD_SIGNUP_ERR_INTERNAL|String|false|true
19:49:09.0 (15459274)|VARIABLE_SCOPE_BEGIN|[29]|auConstantCmn.PASSWORD_SIGNUP_ERR_INVALIDURL|String|false|true
19:49:09.0 (15467978)|VARIABLE_SCOPE_BEGIN|[23]|auConstantCmn.PASSWORD_SIGNUP_ERR_MESSAGE001|String|false|true
19:49:09.0 (15477062)|VARIABLE_SCOPE_BEGIN|[24]|auConstantCmn.PASSWORD_SIGNUP_ERR_MESSAGE002|String|false|true
19:49:09.0 (15486067)|VARIABLE_SCOPE_BEGIN|[25]|auConstantCmn.PASSWORD_SIGNUP_ERR_MESSAGE003|String|false|true
19:49:09.0 (15494905)|VARIABLE_SCOPE_BEGIN|[26]|auConstantCmn.PASSWORD_SIGNUP_ERR_MESSAGE004|String|false|true
19:49:09.0 (15503715)|VARIABLE_SCOPE_BEGIN|[27]|auConstantCmn.PASSWORD_SIGNUP_ERR_MESSAGE005|String|false|true
19:49:09.0 (15513991)|VARIABLE_SCOPE_BEGIN|[30]|auConstantCmn.PASSWORD_SIGNUP_ERR_OLDURL|String|false|true
19:49:09.0 (15524180)|VARIABLE_SCOPE_BEGIN|[35]|auConstantCmn.PROFILE_COMMUNITY_MANAGEMENT|String|false|true
19:49:09.0 (15533951)|VARIABLE_SCOPE_BEGIN|[36]|auConstantCmn.PROFILE_COMMUNITY_PRIMARY_AGENT|String|false|true
19:49:09.0 (15543561)|VARIABLE_SCOPE_BEGIN|[34]|auConstantCmn.PROFILE_COMMUNITY_SHOP|String|false|true
19:49:09.0 (15552821)|VARIABLE_SCOPE_BEGIN|[49]|auConstantCmn.PROFILE_EVOLVA_ADMIN_USER|String|false|true
19:49:09.0 (15563168)|VARIABLE_SCOPE_BEGIN|[48]|auConstantCmn.PROFILE_EVOLVA_USER|String|false|true
19:49:09.0 (15573341)|VARIABLE_SCOPE_BEGIN|[37]|auConstantCmn.PROFILE_KDDI_BRANCH|String|false|true
19:49:09.0 (15582651)|VARIABLE_SCOPE_BEGIN|[39]|auConstantCmn.PROFILE_KDDI_HEADQUARTERS|String|false|true
19:49:09.0 (15592917)|VARIABLE_SCOPE_BEGIN|[40]|auConstantCmn.PROFILE_KDDI_HEADQUARTERS_V2|String|false|true
19:49:09.0 (15602516)|VARIABLE_SCOPE_BEGIN|[42]|auConstantCmn.PROFILE_KDDI_KNOWLEDGE_ACTIVITIES|String|false|true
19:49:09.0 (15613010)|VARIABLE_SCOPE_BEGIN|[41]|auConstantCmn.PROFILE_KDDI_KNOWLEDGE_ONLY|String|false|true
19:49:09.0 (15623016)|VARIABLE_SCOPE_BEGIN|[43]|auConstantCmn.PROFILE_KDDI_OKINAWA_SHISHA|String|false|true
19:49:09.0 (15633738)|VARIABLE_SCOPE_BEGIN|[44]|auConstantCmn.PROFILE_KDDI_OKINAWA_SHITEN_1|String|false|true
19:49:09.0 (15645072)|VARIABLE_SCOPE_BEGIN|[45]|auConstantCmn.PROFILE_KDDI_OKINAWA_SHITEN_2|String|false|true
19:49:09.0 (15654461)|VARIABLE_SCOPE_BEGIN|[38]|auConstantCmn.PROFILE_KDDI_REGIONAL_OFFICE|String|false|true
19:49:09.0 (15664116)|VARIABLE_SCOPE_BEGIN|[47]|auConstantCmn.PROFILE_SA_USER_CSA|String|false|true
19:49:09.0 (15674131)|VARIABLE_SCOPE_BEGIN|[46]|auConstantCmn.PROFILE_SA_USER_SA|String|false|true
19:49:09.0 (15685433)|VARIABLE_SCOPE_BEGIN|[50]|auConstantCmn.PROFILE_SYSADMIN_CUSTOM|String|false|true
19:49:09.0 (15695262)|VARIABLE_SCOPE_BEGIN|[51]|auConstantCmn.PROFILE_SYSADMIN_DEFAULT_EN|String|false|true
19:49:09.0 (15706925)|VARIABLE_SCOPE_BEGIN|[52]|auConstantCmn.PROFILE_SYSADMIN_DEFAULT_JP|String|false|true
19:49:09.0 (15717685)|VARIABLE_SCOPE_BEGIN|[9]|auConstantCmn.ROLE_CODE_EVOLVA_HONBU|String|false|true
19:49:09.0 (15727732)|VARIABLE_SCOPE_BEGIN|[10]|auConstantCmn.ROLE_CODE_EVOLVA_SHISHA|String|false|true
19:49:09.0 (15738433)|VARIABLE_SCOPE_BEGIN|[11]|auConstantCmn.ROLE_CODE_EVOLVA_SHITEN|String|false|true
19:49:09.0 (15749412)|VARIABLE_SCOPE_BEGIN|[7]|auConstantCmn.ROLE_CODE_HONBU|String|false|true
19:49:09.0 (15760434)|VARIABLE_SCOPE_BEGIN|[8]|auConstantCmn.ROLE_CODE_SA_HONBU|String|false|true
19:49:09.0 (15772207)|VARIABLE_SCOPE_BEGIN|[128]|auConstantCmn.USER_CLASSIFICATION_CONTRACTOR|String|false|true
19:49:09.0 (15783084)|VARIABLE_SCOPE_BEGIN|[127]|auConstantCmn.USER_CLASSIFICATION_CSA|String|false|true
19:49:09.0 (15795170)|VARIABLE_SCOPE_BEGIN|[126]|auConstantCmn.USER_CLASSIFICATION_SA|String|false|true
19:49:09.0 (15808970)|HEAP_ALLOCATE|[317]|Bytes:11
19:49:09.0 (15824217)|VARIABLE_ASSIGNMENT|[317]|auConstantCmn.ACCESS_TYPE_KDDI|"KDDI_ACCESS"
19:49:09.0 (15830347)|HEAP_ALLOCATE|[317]|Bytes:9
19:49:09.0 (15837674)|VARIABLE_ASSIGNMENT|[317]|auConstantCmn.ACCESS_TYPE_SA|"SA_ACCESS"
19:49:09.0 (15842252)|HEAP_ALLOCATE|[317]|Bytes:11
19:49:09.0 (15848517)|VARIABLE_ASSIGNMENT|[317]|auConstantCmn.ACCESS_TYPE_SHOP|"SHOP_ACCESS"
19:49:09.0 (15853265)|HEAP_ALLOCATE|[317]|Bytes:5
19:49:09.0 (15859513)|VARIABLE_ASSIGNMENT|[317]|auConstantCmn.ACCOUNT_CHANNEL_DAIRITEN|"一次代理店"
19:49:09.0 (15864867)|HEAP_ALLOCATE|[317]|Bytes:6
19:49:09.0 (15873006)|VARIABLE_ASSIGNMENT|[317]|auConstantCmn.ACCOUNT_CHANNEL_SHOP|"auショップ"
19:49:09.0 (15877603)|HEAP_ALLOCATE|[317]|Bytes:4
19:49:09.0 (15883810)|VARIABLE_ASSIGNMENT|[317]|auConstantCmn.ACCOUNT_CHANNEL_UNEIHOJIN|"運営法人"
19:49:09.0 (15888203)|HEAP_ALLOCATE|[317]|Bytes:8
19:49:09.0 (15894201)|VARIABLE_ASSIGNMENT|[317]|auConstantCmn.CX_KNOWLEDGE_SHARING_NATIONAL|"National"
19:49:09.0 (15898720)|HEAP_ALLOCATE|[317]|Bytes:14
19:49:09.0 (15905189)|VARIABLE_ASSIGNMENT|[317]|auConstantCmn.CX_KNOWLEDGE_SHARING_REGIONAL_OFFICE|"RegionalOffice"
19:49:09.0 (15909990)|HEAP_ALLOCATE|[317]|Bytes:8
19:49:09.0 (15916684)|VARIABLE_ASSIGNMENT|[317]|auConstantCmn.CX_KNOWLEDGE_STATUS_APPROVED|"Approved"
19:49:09.0 (15920556)|HEAP_ALLOCATE|[317]|Bytes:16
19:49:09.0 (15927070)|VARIABLE_ASSIGNMENT|[317]|auConstantCmn.CX_KNOWLEDGE_STATUS_NATIONAL_APPROVED|"NationalApproved"
19:49:09.0 (15931508)|HEAP_ALLOCATE|[317]|Bytes:8
19:49:09.0 (15937570)|VARIABLE_ASSIGNMENT|[317]|auConstantCmn.CX_KNOWLEDGE_STATUS_REJECTED|"Rejected"
19:49:09.0 (15941352)|HEAP_ALLOCATE|[317]|Bytes:5
19:49:09.0 (15947451)|VARIABLE_ASSIGNMENT|[317]|auConstantCmn.CX_KNOWLEDGE_STATUS_SAVED|"Saved"
19:49:09.0 (15951835)|HEAP_ALLOCATE|[317]|Bytes:14
19:49:09.0 (15959097)|VARIABLE_ASSIGNMENT|[317]|auConstantCmn.CX_KNOWLEDGE_STATUS_TEMPORARY_SAVED|"TemporarySaved"
19:49:09.0 (15963496)|HEAP_ALLOCATE|[317]|Bytes:12
19:49:09.0 (15969951)|VARIABLE_ASSIGNMENT|[317]|auConstantCmn.FORGOT_PASSWORD_ERR_MESSAGE001|"IDを入力してください。"
19:49:09.0 (15974879)|HEAP_ALLOCATE|[317]|Bytes:8
19:49:09.0 (15981885)|VARIABLE_ASSIGNMENT|[317]|auConstantCmn.HONBU_DIRECT_DETAIL_TYPE_FAVORITE|"FAVORITE"
19:49:09.0 (15986083)|HEAP_ALLOCATE|[317]|Bytes:4
19:49:09.0 (15992334)|VARIABLE_ASSIGNMENT|[317]|auConstantCmn.HONBU_DIRECT_DETAIL_TYPE_READ|"READ"
19:49:09.0 (15996792)|HEAP_ALLOCATE|[317]|Bytes:4
19:49:09.0 (16003212)|VARIABLE_ASSIGNMENT|[317]|auConstantCmn.HONBU_DIRECT_DETAIL_TYPE_VIEW|"VIEW"
19:49:09.0 (16008413)|HEAP_ALLOCATE|[317]|Bytes:5
19:49:09.0 (16018198)|VARIABLE_ASSIGNMENT|[317]|auConstantCmn.KDDI_KNOWLEDGE_STATUS_SAVED|"Saved"
19:49:09.0 (16023405)|HEAP_ALLOCATE|[317]|Bytes:14
19:49:09.0 (16030680)|VARIABLE_ASSIGNMENT|[317]|auConstantCmn.KDDI_KNOWLEDGE_STATUS_TEMPORARY_SAVED|"TemporarySaved"
19:49:09.0 (16036047)|HEAP_ALLOCATE|[317]|Bytes:15
19:49:09.0 (16043496)|VARIABLE_ASSIGNMENT|[317]|auConstantCmn.LOGIN_ERR_MESSAGE001|"パスワードを入力してください。"
19:49:09.0 (16048400)|HEAP_ALLOCATE|[317]|Bytes:27
19:49:09.0 (16058295)|VARIABLE_ASSIGNMENT|[317]|auConstantCmn.LOGIN_ERR_MESSAGE002|"8文字以上の英数字混在のパスワードを指定 (7 more) ..."
19:49:09.0 (16063225)|HEAP_ALLOCATE|[317]|Bytes:19
19:49:09.0 (16071253)|VARIABLE_ASSIGNMENT|[317]|auConstantCmn.LOGIN_ERR_MESSAGE003|"ID或いはパスワードが間違っています。"
19:49:09.0 (16075474)|HEAP_ALLOCATE|[317]|Bytes:46
19:49:09.0 (16083739)|VARIABLE_ASSIGNMENT|[317]|auConstantCmn.LOGIN_ERR_MESSAGE004|"ログイン失敗回数を超えた為、ロックされま (26 more) ..."
19:49:09.0 (16088589)|HEAP_ALLOCATE|[317]|Bytes:3
19:49:09.0 (16095043)|VARIABLE_ASSIGNMENT|[317]|auConstantCmn.PAGE_ALIAS_SHOP_CX|"/CX"
19:49:09.0 (16099007)|HEAP_ALLOCATE|[317]|Bytes:7
19:49:09.0 (16106302)|VARIABLE_ASSIGNMENT|[317]|auConstantCmn.PAGE_ALIAS_SHOP_EVENTS|"/events"
19:49:09.0 (16110995)|HEAP_ALLOCATE|[317]|Bytes:16
19:49:09.0 (16122193)|VARIABLE_ASSIGNMENT|[317]|auConstantCmn.PAGE_ALIAS_SHOP_FORGOTPW|"/forgot-password"
19:49:09.0 (16127087)|HEAP_ALLOCATE|[317]|Bytes:25
19:49:09.0 (16135382)|VARIABLE_ASSIGNMENT|[317]|auConstantCmn.PAGE_ALIAS_SHOP_FORGOTPWCOMP|"/forgot-password-com (5 more) ..."
19:49:09.0 (16140030)|HEAP_ALLOCATE|[317]|Bytes:22
19:49:09.0 (16148737)|VARIABLE_ASSIGNMENT|[317]|auConstantCmn.PAGE_ALIAS_SHOP_FORGOTPWFORCE|"/forgot-password-for (2 more) ..."
19:49:09.0 (16153012)|HEAP_ALLOCATE|[317]|Bytes:5
19:49:09.0 (16160476)|VARIABLE_ASSIGNMENT|[317]|auConstantCmn.PAGE_ALIAS_SHOP_HOME|"/home"
19:49:09.0 (16164917)|HEAP_ALLOCATE|[317]|Bytes:6
19:49:09.0 (16171989)|VARIABLE_ASSIGNMENT|[317]|auConstantCmn.PAGE_ALIAS_SHOP_LOGIN|"/login"
19:49:09.0 (16176830)|HEAP_ALLOCATE|[317]|Bytes:7
19:49:09.0 (16183898)|VARIABLE_ASSIGNMENT|[317]|auConstantCmn.PAGE_ALIAS_SHOP_LOGOUT|"/logout"
19:49:09.0 (16188194)|HEAP_ALLOCATE|[317]|Bytes:16
19:49:09.0 (16196789)|VARIABLE_ASSIGNMENT|[317]|auConstantCmn.PAGE_ALIAS_SHOP_PASSWORDSIGNUP|"/password-signup"
19:49:09.0 (16200601)|HEAP_ALLOCATE|[317]|Bytes:9
19:49:09.0 (16208758)|VARIABLE_ASSIGNMENT|[317]|auConstantCmn.PAGE_ALIAS_SHOP_SCHEDULE|"/calendar"
19:49:09.0 (16213112)|HEAP_ALLOCATE|[317]|Bytes:11
19:49:09.0 (16220937)|VARIABLE_ASSIGNMENT|[317]|auConstantCmn.PAGE_ALIAS_SHOP_SCHEDULE_LIST|"/activities"
19:49:09.0 (16224773)|HEAP_ALLOCATE|[317]|Bytes:5
19:49:09.0 (16232703)|VARIABLE_ASSIGNMENT|[317]|auConstantCmn.PAGE_ALIAS_SHOP_STPD|"/STPD"
19:49:09.0 (16236910)|HEAP_ALLOCATE|[317]|Bytes:11
19:49:09.0 (16244136)|VARIABLE_ASSIGNMENT|[317]|auConstantCmn.PAGE_ALIAS_SHOP_TIMELINE_CX|"/timelineCX"
19:49:09.0 (16248936)|HEAP_ALLOCATE|[317]|Bytes:13
19:49:09.0 (16257001)|VARIABLE_ASSIGNMENT|[317]|auConstantCmn.PAGE_ALIAS_SHOP_TIMELINE_STPD|"/timelineSTPD"
19:49:09.0 (16261201)|HEAP_ALLOCATE|[317]|Bytes:27
19:49:09.0 (16271001)|VARIABLE_ASSIGNMENT|[317]|auConstantCmn.PAGE_VF_SHOP_CX|"/apex/auCXKnowledgeL (7 more) ..."
19:49:09.0 (16276106)|HEAP_ALLOCATE|[317]|Bytes:22
19:49:09.0 (16285395)|VARIABLE_ASSIGNMENT|[317]|auConstantCmn.PAGE_VF_SHOP_EVENTS|"/apex/auEventsListPa (2 more) ..."
19:49:09.0 (16289784)|HEAP_ALLOCATE|[317]|Bytes:21
19:49:09.0 (16298931)|VARIABLE_ASSIGNMENT|[317]|auConstantCmn.PAGE_VF_SHOP_FORGOTPW|"/auForgotPasswordPag (1 more) ..."
19:49:09.0 (16303106)|HEAP_ALLOCATE|[317]|Bytes:29
19:49:09.0 (16311857)|VARIABLE_ASSIGNMENT|[317]|auConstantCmn.PAGE_VF_SHOP_FORGOTPWCOMP|"/auForgotPasswordCom (9 more) ..."
19:49:09.0 (16316064)|HEAP_ALLOCATE|[317]|Bytes:26
19:49:09.0 (16324593)|VARIABLE_ASSIGNMENT|[317]|auConstantCmn.PAGE_VF_SHOP_FORGOTPWFORCE|"/auForgotPasswordFor (6 more) ..."
19:49:09.0 (16329312)|HEAP_ALLOCATE|[317]|Bytes:24
19:49:09.0 (16338597)|VARIABLE_ASSIGNMENT|[317]|auConstantCmn.PAGE_VF_SHOP_HOME|"/apex/auSwitchScreen (4 more) ..."
19:49:09.0 (16343301)|HEAP_ALLOCATE|[317]|Bytes:12
19:49:09.0 (16351902)|VARIABLE_ASSIGNMENT|[317]|auConstantCmn.PAGE_VF_SHOP_LOGIN|"/auLoginPage"
19:49:09.0 (16356744)|HEAP_ALLOCATE|[317]|Bytes:13
19:49:09.0 (16365215)|VARIABLE_ASSIGNMENT|[317]|auConstantCmn.PAGE_VF_SHOP_LOGOUT|"/auLogoutPage"
19:49:09.0 (16370071)|HEAP_ALLOCATE|[317]|Bytes:21
19:49:09.0 (16379480)|VARIABLE_ASSIGNMENT|[317]|auConstantCmn.PAGE_VF_SHOP_PASSWORDSIGNUP|"/auPasswordSignupPag (1 more) ..."
19:49:09.0 (16383647)|HEAP_ALLOCATE|[317]|Bytes:16
19:49:09.0 (16392219)|VARIABLE_ASSIGNMENT|[317]|auConstantCmn.PAGE_VF_SHOP_SCHEDULE|"/apex/auSchedule"
19:49:09.0 (16397029)|HEAP_ALLOCATE|[317]|Bytes:20
19:49:09.0 (16405480)|VARIABLE_ASSIGNMENT|[317]|auConstantCmn.PAGE_VF_SHOP_SCHEDULE_LIST|"/apex/auScheduleList"
19:49:09.0 (16409684)|HEAP_ALLOCATE|[317]|Bytes:20
19:49:09.0 (16418331)|VARIABLE_ASSIGNMENT|[317]|auConstantCmn.PAGE_VF_SHOP_STPD|"/apex/auSTPDListPage"
19:49:09.0 (16422988)|HEAP_ALLOCATE|[317]|Bytes:31
19:49:09.0 (16432868)|VARIABLE_ASSIGNMENT|[317]|auConstantCmn.PAGE_VF_SHOP_TIMELINE_CX|"/apex/auCxKnowledgeT (11 more) ..."
19:49:09.0 (16438396)|HEAP_ALLOCATE|[317]|Bytes:24
19:49:09.0 (16448102)|VARIABLE_ASSIGNMENT|[317]|auConstantCmn.PAGE_VF_SHOP_TIMELINE_STPD|"/apex/auSTPDTimeline (4 more) ..."
19:49:09.0 (16453240)|HEAP_ALLOCATE|[317]|Bytes:55
19:49:09.0 (16463146)|VARIABLE_ASSIGNMENT|[317]|auConstantCmn.PASSWORD_SIGNUP_ERR_EXPIREDURL|"パスワードリセットの有効期限が切れていま (35 more) ..."
19:49:09.0 (16468318)|HEAP_ALLOCATE|[317]|Bytes:27
19:49:09.0 (16477742)|VARIABLE_ASSIGNMENT|[317]|auConstantCmn.PASSWORD_SIGNUP_ERR_INTERNAL|"内部エラーが発生しました。サイト管理者に (7 more) ..."
19:49:09.0 (16482524)|HEAP_ALLOCATE|[317]|Bytes:51
19:49:09.0 (16493166)|VARIABLE_ASSIGNMENT|[317]|auConstantCmn.PASSWORD_SIGNUP_ERR_INVALIDURL|"不正なパスワードリセットURLです。<b (31 more) ..."
19:49:09.0 (16498310)|HEAP_ALLOCATE|[317]|Bytes:15
19:49:09.0 (16507017)|VARIABLE_ASSIGNMENT|[317]|auConstantCmn.PASSWORD_SIGNUP_ERR_MESSAGE001|"パスワードを入力してください。"
19:49:09.0 (16512279)|HEAP_ALLOCATE|[317]|Bytes:19
19:49:09.0 (16521632)|VARIABLE_ASSIGNMENT|[317]|auConstantCmn.PASSWORD_SIGNUP_ERR_MESSAGE002|"確認用のパスワードを入力してください。"
19:49:09.0 (16526550)|HEAP_ALLOCATE|[317]|Bytes:27
19:49:09.0 (16536170)|VARIABLE_ASSIGNMENT|[317]|auConstantCmn.PASSWORD_SIGNUP_ERR_MESSAGE003|"8文字以上の英数字混在のパスワードを指定 (7 more) ..."
19:49:09.0 (16541541)|HEAP_ALLOCATE|[317]|Bytes:22
19:49:09.0 (16552208)|VARIABLE_ASSIGNMENT|[317]|auConstantCmn.PASSWORD_SIGNUP_ERR_MESSAGE004|"パスワードと確認用のパスワードが不一致で (2 more) ..."
19:49:09.0 (16557371)|HEAP_ALLOCATE|[317]|Bytes:21
19:49:09.0 (16567649)|VARIABLE_ASSIGNMENT|[317]|auConstantCmn.PASSWORD_SIGNUP_ERR_MESSAGE005|"以前利用したパスワードはご利用できません (1 more) ..."
19:49:09.0 (16572244)|HEAP_ALLOCATE|[317]|Bytes:46
19:49:09.0 (16582018)|VARIABLE_ASSIGNMENT|[317]|auConstantCmn.PASSWORD_SIGNUP_ERR_OLDURL|"以前のパスワードリセットURLは利用でき (26 more) ..."
19:49:09.0 (16587385)|HEAP_ALLOCATE|[317]|Bytes:14
19:49:09.0 (16596525)|VARIABLE_ASSIGNMENT|[317]|auConstantCmn.PROFILE_COMMUNITY_MANAGEMENT|"au ショップ - 運営法人"
19:49:09.0 (16601890)|HEAP_ALLOCATE|[317]|Bytes:15
19:49:09.0 (16611298)|VARIABLE_ASSIGNMENT|[317]|auConstantCmn.PROFILE_COMMUNITY_PRIMARY_AGENT|"au ショップ - 一次代理店"
19:49:09.0 (16615862)|HEAP_ALLOCATE|[317]|Bytes:12
19:49:09.0 (16624710)|VARIABLE_ASSIGNMENT|[317]|auConstantCmn.PROFILE_COMMUNITY_SHOP|"au ショップ - 店舗"
19:49:09.0 (16629315)|HEAP_ALLOCATE|[317]|Bytes:17
19:49:09.0 (16639679)|VARIABLE_ASSIGNMENT|[317]|auConstantCmn.PROFILE_EVOLVA_ADMIN_USER|"Evolva Admin User"
19:49:09.0 (16644011)|HEAP_ALLOCATE|[317]|Bytes:11
19:49:09.0 (16652947)|VARIABLE_ASSIGNMENT|[317]|auConstantCmn.PROFILE_EVOLVA_USER|"Evolva User"
19:49:09.0 (16657730)|HEAP_ALLOCATE|[317]|Bytes:9
19:49:09.0 (16674030)|VARIABLE_ASSIGNMENT|[317]|auConstantCmn.PROFILE_KDDI_BRANCH|"KDDI - 支店"
19:49:09.0 (16679662)|HEAP_ALLOCATE|[317]|Bytes:9
19:49:09.0 (16689926)|VARIABLE_ASSIGNMENT|[317]|auConstantCmn.PROFILE_KDDI_HEADQUARTERS|"KDDI - 本部"
19:49:09.0 (16694390)|HEAP_ALLOCATE|[317]|Bytes:12
19:49:09.0 (16703725)|VARIABLE_ASSIGNMENT|[317]|auConstantCmn.PROFILE_KDDI_HEADQUARTERS_V2|"KDDI - 本部 v2"
19:49:09.0 (16708275)|HEAP_ALLOCATE|[317]|Bytes:29
19:49:09.0 (16719607)|VARIABLE_ASSIGNMENT|[317]|auConstantCmn.PROFILE_KDDI_KNOWLEDGE_ACTIVITIES|"KDDI - Knowledge & A (9 more) ..."
19:49:09.0 (16724899)|HEAP_ALLOCATE|[317]|Bytes:21
19:49:09.0 (16735866)|VARIABLE_ASSIGNMENT|[317]|auConstantCmn.PROFILE_KDDI_KNOWLEDGE_ONLY|"KDDI - Knowledge onl (1 more) ..."
19:49:09.0 (16739883)|HEAP_ALLOCATE|[317]|Bytes:13
19:49:09.0 (16749730)|VARIABLE_ASSIGNMENT|[317]|auConstantCmn.PROFILE_KDDI_OKINAWA_SHISHA|"KDDI - 支社（沖縄）"
19:49:09.0 (16754875)|HEAP_ALLOCATE|[317]|Bytes:14
19:49:09.0 (16764660)|VARIABLE_ASSIGNMENT|[317]|auConstantCmn.PROFILE_KDDI_OKINAWA_SHITEN_1|"KDDI - 支店（沖縄1）"
19:49:09.0 (16770066)|HEAP_ALLOCATE|[317]|Bytes:14
19:49:09.0 (16780175)|VARIABLE_ASSIGNMENT|[317]|auConstantCmn.PROFILE_KDDI_OKINAWA_SHITEN_2|"KDDI - 支店（沖縄2）"
19:49:09.0 (16785183)|HEAP_ALLOCATE|[317]|Bytes:9
19:49:09.0 (16795350)|VARIABLE_ASSIGNMENT|[317]|auConstantCmn.PROFILE_KDDI_REGIONAL_OFFICE|"KDDI - 支社"
19:49:09.0 (16799937)|HEAP_ALLOCATE|[317]|Bytes:13
19:49:09.0 (16810345)|VARIABLE_ASSIGNMENT|[317]|auConstantCmn.PROFILE_SA_USER_CSA|"SA User - CSA"
19:49:09.0 (16814526)|HEAP_ALLOCATE|[317]|Bytes:12
19:49:09.0 (16824066)|VARIABLE_ASSIGNMENT|[317]|auConstantCmn.PROFILE_SA_USER_SA|"SA User - SA"
19:49:09.0 (16828779)|HEAP_ALLOCATE|[317]|Bytes:12
19:49:09.0 (16838704)|VARIABLE_ASSIGNMENT|[317]|auConstantCmn.PROFILE_SYSADMIN_CUSTOM|"System Admin"
19:49:09.0 (16842673)|HEAP_ALLOCATE|[317]|Bytes:20
19:49:09.0 (16853356)|VARIABLE_ASSIGNMENT|[317]|auConstantCmn.PROFILE_SYSADMIN_DEFAULT_EN|"System Administrator"
19:49:09.0 (16858830)|HEAP_ALLOCATE|[317]|Bytes:7
19:49:09.0 (16870363)|VARIABLE_ASSIGNMENT|[317]|auConstantCmn.PROFILE_SYSADMIN_DEFAULT_JP|"システム管理者"
19:49:09.0 (16875818)|HEAP_ALLOCATE|[317]|Bytes:7
19:49:09.0 (16886472)|VARIABLE_ASSIGNMENT|[317]|auConstantCmn.ROLE_CODE_EVOLVA_HONBU|"E000000"
19:49:09.0 (16891638)|HEAP_ALLOCATE|[317]|Bytes:6
19:49:09.0 (16901460)|VARIABLE_ASSIGNMENT|[317]|auConstantCmn.ROLE_CODE_EVOLVA_SHISHA|"EKEV01"
19:49:09.0 (16905542)|HEAP_ALLOCATE|[317]|Bytes:8
19:49:09.0 (16915324)|VARIABLE_ASSIGNMENT|[317]|auConstantCmn.ROLE_CODE_EVOLVA_SHITEN|"EKEV0101"
19:49:09.0 (16919375)|HEAP_ALLOCATE|[317]|Bytes:7
19:49:09.0 (16929031)|VARIABLE_ASSIGNMENT|[317]|auConstantCmn.ROLE_CODE_HONBU|"C000000"
19:49:09.0 (16933282)|HEAP_ALLOCATE|[317]|Bytes:7
19:49:09.0 (16943795)|VARIABLE_ASSIGNMENT|[317]|auConstantCmn.ROLE_CODE_SA_HONBU|"S000000"
19:49:09.0 (16949063)|HEAP_ALLOCATE|[317]|Bytes:10
19:49:09.0 (16960159)|VARIABLE_ASSIGNMENT|[317]|auConstantCmn.USER_CLASSIFICATION_CONTRACTOR|"CONTRACTOR"
19:49:09.0 (16965305)|HEAP_ALLOCATE|[317]|Bytes:3
19:49:09.0 (16975830)|VARIABLE_ASSIGNMENT|[317]|auConstantCmn.USER_CLASSIFICATION_CSA|"CSA"
19:49:09.0 (16981491)|HEAP_ALLOCATE|[317]|Bytes:2
19:49:09.0 (16991646)|VARIABLE_ASSIGNMENT|[317]|auConstantCmn.USER_CLASSIFICATION_SA|"SA"
19:49:09.0 (17011171)|METHOD_ENTRY|[4]|01pN0000000Miks|auConstantCmn.auConstantCmn()
19:49:09.0 (17017729)|STATEMENT_EXECUTE|[4]
19:49:09.0 (17021361)|STATEMENT_EXECUTE|[4]
19:49:09.0 (17033126)|HEAP_ALLOCATE|[317]|Bytes:5
19:49:09.0 (17044555)|METHOD_EXIT|[4]|auConstantCmn
19:49:09.0 (17095151)|VARIABLE_SCOPE_BEGIN|[317]|roleDvlperName|String|false|false
19:49:09.0 (17107189)|VARIABLE_ASSIGNMENT|[317]|roleDvlperName|"S000000"
19:49:09.0 (17112882)|STATEMENT_EXECUTE|[322]
19:49:09.0 (17120492)|HEAP_ALLOCATE|[322]|Bytes:14
19:49:09.0 (17188151)|VARIABLE_SCOPE_BEGIN|[322]|remotePageType|String|false|false
19:49:09.0 (17199641)|VARIABLE_ASSIGNMENT|[322]|remotePageType|"KDDI_ACCESS"
19:49:09.0 (17203966)|STATEMENT_EXECUTE|[323]
19:49:09.0 (17207005)|HEAP_ALLOCATE|[323]|Bytes:16
19:49:09.0 (17225726)|HEAP_ALLOCATE|[323]|Bytes:27
19:49:09.0 (17250875)|USER_DEBUG|[323]|DEBUG|remotePageType: KDDI_ACCESS
19:49:09.0 (17277610)|STATEMENT_EXECUTE|[327]
19:49:09.0 (17279589)|STATEMENT_EXECUTE|[328]
19:49:09.0 (17282829)|HEAP_ALLOCATE|[328]|Bytes:17
19:49:09.0 (17288804)|HEAP_ALLOCATE|[328]|Bytes:21
19:49:09.0 (17300119)|HEAP_ALLOCATE|[328]|Bytes:86
19:49:09.0 (17308010)|HEAP_ALLOCATE|[328]|Bytes:102
19:49:09.0 (17312570)|HEAP_ALLOCATE|[328]|Bytes:2
19:49:09.0 (17320798)|HEAP_ALLOCATE|[328]|Bytes:190
19:49:09.0 (17347570)|HEAP_ALLOCATE|[EXTERNAL]|Bytes:4
19:49:09.0 (17363728)|STATEMENT_EXECUTE|[335]
19:49:09.0 (17366836)|HEAP_ALLOCATE|[337]|Bytes:18
19:49:09.0 (17420060)|HEAP_ALLOCATE|[339]|Bytes:18
19:49:09.0 (17455638)|HEAP_ALLOCATE|[341]|Bytes:18
19:49:09.0 (17487806)|HEAP_ALLOCATE|[343]|Bytes:18
19:49:09.0 (17520618)|STATEMENT_EXECUTE|[345]
19:49:09.0 (17522541)|STATEMENT_EXECUTE|[346]
19:49:09.0 (17537067)|METHOD_ENTRY|[346]|01pN0000000fk6c|auAddUserCtrl.getShisha(String)
19:49:09.0 (17556624)|VARIABLE_SCOPE_BEGIN|[176]|pageType|String|false|false
19:49:09.0 (17567957)|VARIABLE_ASSIGNMENT|[176]|pageType|"KDDI_ACCESS"
19:49:09.0 (17579153)|HEAP_ALLOCATE|[178]|Bytes:5
19:49:09.0 (17583688)|STATEMENT_EXECUTE|[176]
19:49:09.0 (17585264)|STATEMENT_EXECUTE|[178]
19:49:09.0 (17587577)|HEAP_ALLOCATE|[178]|Bytes:15
19:49:09.0 (17603540)|USER_DEBUG|[178]|DEBUG|run : getShisha
19:49:09.0 (17611683)|STATEMENT_EXECUTE|[180]
19:49:09.0 (17615161)|VARIABLE_SCOPE_BEGIN|[180]|shisha|String|false|false
19:49:09.0 (17625576)|VARIABLE_ASSIGNMENT|[180]|shisha|""
19:49:09.0 (17644988)|STATEMENT_EXECUTE|[183]
19:49:09.0 (17646773)|STATEMENT_EXECUTE|[184]
19:49:09.0 (17652084)|VARIABLE_ASSIGNMENT|[184]|shisha|"C000000"
19:49:09.0 (17656869)|STATEMENT_EXECUTE|[188]
19:49:09.0 (17663470)|METHOD_EXIT|[346]|01pN0000000fk6c|auAddUserCtrl.getShisha(String)
19:49:09.0 (17671926)|VARIABLE_ASSIGNMENT|[346]|roleDvlperName|"C000000"
19:49:09.0 (17677628)|HEAP_ALLOCATE|[349]|Bytes:7
19:49:09.0 (17687404)|STATEMENT_EXECUTE|[349]
19:49:09.0 (17689103)|STATEMENT_EXECUTE|[350]
19:49:09.0 (17690943)|HEAP_ALLOCATE|[350]|Bytes:24
19:49:09.0 (17713608)|HEAP_ALLOCATE|[350]|Bytes:1
19:49:09.0 (17719869)|HEAP_ALLOCATE|[350]|Bytes:25
19:49:09.0 (17729264)|HEAP_ALLOCATE|[EXTERNAL]|Bytes:4
19:49:09.0 (17736795)|HEAP_ALLOCATE|[384]|Bytes:20
19:49:09.0 (17766106)|STATEMENT_EXECUTE|[384]
19:49:09.0 (17768862)|HEAP_ALLOCATE|[388]|Bytes:8
19:49:09.0 (17795211)|STATEMENT_EXECUTE|[388]
19:49:09.0 (17797949)|HEAP_ALLOCATE|[392]|Bytes:11
19:49:09.0 (17822804)|STATEMENT_EXECUTE|[392]
19:49:09.0 (17825252)|HEAP_ALLOCATE|[396]|Bytes:10
19:49:09.0 (17849659)|STATEMENT_EXECUTE|[396]
19:49:09.0 (17852783)|HEAP_ALLOCATE|[400]|Bytes:10
19:49:09.0 (17881197)|STATEMENT_EXECUTE|[400]
19:49:09.0 (17884050)|HEAP_ALLOCATE|[404]|Bytes:8
19:49:09.0 (17908946)|STATEMENT_EXECUTE|[404]
19:49:09.0 (17911579)|HEAP_ALLOCATE|[408]|Bytes:16
19:49:09.0 (17935670)|STATEMENT_EXECUTE|[408]
19:49:09.0 (17937459)|STATEMENT_EXECUTE|[412]
19:49:09.0 (17940315)|HEAP_ALLOCATE|[412]|Bytes:15
19:49:09.0 (17955462)|HEAP_ALLOCATE|[EXTERNAL]|Bytes:4
19:49:09.0 (17962176)|STATEMENT_EXECUTE|[414]
19:49:09.0 (17964219)|HEAP_ALLOCATE|[414]|Bytes:23
19:49:09.0 (17978274)|METHOD_ENTRY|[414]|01pN0000000fk6c|auAddUserCtrl.joinWhereConditions(List<String>)
19:49:09.0 (17990998)|VARIABLE_SCOPE_BEGIN|[289]|conditions|List<String>|true|false
19:49:09.0 (18015035)|VARIABLE_ASSIGNMENT|[289]|conditions|["(Profile.Name = 'KDD (170 more) ...","UserRole.DeveloperNa (5 more) ...","IsActive = true"]|0x703331e4
19:49:09.0 (18028283)|HEAP_ALLOCATE|[290]|Bytes:5
19:49:09.0 (18032859)|STATEMENT_EXECUTE|[289]
19:49:09.0 (18034450)|STATEMENT_EXECUTE|[290]
19:49:09.0 (18038358)|VARIABLE_SCOPE_BEGIN|[290]|ret|String|false|false
19:49:09.0 (18048168)|VARIABLE_ASSIGNMENT|[290]|ret|null
19:49:09.0 (18052905)|STATEMENT_EXECUTE|[291]
19:49:09.0 (18131566)|HEAP_ALLOCATE|[294]|Bytes:5
19:49:09.0 (18146659)|HEAP_ALLOCATE|[294]|Bytes:190
19:49:09.0 (18155271)|VARIABLE_SCOPE_BEGIN|[294]|condition|String|false|false
19:49:09.0 (18168547)|VARIABLE_ASSIGNMENT|[294]|condition|"(Profile.Name = 'KDD (170 more) ..."
19:49:09.0 (18174027)|STATEMENT_EXECUTE|[294]
19:49:09.0 (18175948)|STATEMENT_EXECUTE|[297]
19:49:09.0 (18177463)|STATEMENT_EXECUTE|[298]
19:49:09.0 (18180000)|HEAP_ALLOCATE|[298]|Bytes:7
19:49:09.0 (18187151)|HEAP_ALLOCATE|[298]|Bytes:197
19:49:09.0 (18195363)|VARIABLE_ASSIGNMENT|[298]|ret|" WHERE (Profile.Name (177 more) ..."
19:49:09.0 (18205736)|HEAP_ALLOCATE|[294]|Bytes:5
19:49:09.0 (18213604)|HEAP_ALLOCATE|[294]|Bytes:25
19:49:09.0 (18219298)|VARIABLE_SCOPE_BEGIN|[294]|condition|String|false|false
19:49:09.0 (18230038)|VARIABLE_ASSIGNMENT|[294]|condition|"UserRole.DeveloperNa (5 more) ..."
19:49:09.0 (18234652)|STATEMENT_EXECUTE|[294]
19:49:09.0 (18236322)|STATEMENT_EXECUTE|[295]
19:49:09.0 (18237691)|STATEMENT_EXECUTE|[296]
19:49:09.0 (18240264)|HEAP_ALLOCATE|[296]|Bytes:5
19:49:09.0 (18244755)|HEAP_ALLOCATE|[296]|Bytes:30
19:49:09.0 (18249866)|HEAP_ALLOCATE|[296]|Bytes:227
19:49:09.0 (18256411)|VARIABLE_ASSIGNMENT|[296]|ret|" WHERE (Profile.Name (207 more) ..."
19:49:09.0 (18265139)|HEAP_ALLOCATE|[294]|Bytes:5
19:49:09.0 (18272443)|HEAP_ALLOCATE|[294]|Bytes:15
19:49:09.0 (18277200)|VARIABLE_SCOPE_BEGIN|[294]|condition|String|false|false
19:49:09.0 (18286273)|VARIABLE_ASSIGNMENT|[294]|condition|"IsActive = true"
19:49:09.0 (18290557)|STATEMENT_EXECUTE|[294]
19:49:09.0 (18292336)|STATEMENT_EXECUTE|[295]
19:49:09.0 (18293879)|STATEMENT_EXECUTE|[296]
19:49:09.0 (18297091)|HEAP_ALLOCATE|[296]|Bytes:20
19:49:09.0 (18301456)|HEAP_ALLOCATE|[296]|Bytes:247
19:49:09.0 (18308488)|VARIABLE_ASSIGNMENT|[296]|ret|" WHERE (Profile.Name (227 more) ..."
19:49:09.0 (18316703)|HEAP_ALLOCATE|[294]|Bytes:5
19:49:09.0 (18325217)|VARIABLE_ASSIGNMENT|[294]|condition|null
19:49:09.0 (18331144)|STATEMENT_EXECUTE|[301]
19:49:09.0 (18332682)|STATEMENT_EXECUTE|[304]
19:49:09.0 (18339816)|METHOD_EXIT|[414]|01pN0000000fk6c|auAddUserCtrl.joinWhereConditions(List<String>)
19:49:09.0 (18346325)|HEAP_ALLOCATE|[414]|Bytes:50
19:49:09.0 (18356454)|HEAP_ALLOCATE|[414]|Bytes:400
19:49:09.0 (18366739)|USER_DEBUG|[414]|DEBUG|Remote GetUserQuery ->  SELECT id, Name, Profile.Name, UserRole.Name, UserRole.DeveloperName FROM User  WHERE (Profile.Name = 'KDDI - 支店' OR Profile.Name = 'KDDI - 支社' OR Profile.Name = 'KDDI - 本部' OR Profile.Name = 'System Admin' OR Profile.Name = 'System Administrator' OR Profile.Name = 'システム管理者') AND UserRole.DeveloperName='' AND IsActive = true ORDER BY UserRole.DeveloperName, Name LIMIT 10000
19:49:09.0 (18379853)|STATEMENT_EXECUTE|[416]
19:49:09.0 (18386270)|METHOD_ENTRY|[416]|01pN0000000fk6c|auAddUserCtrl.joinWhereConditions(List<String>)
19:49:09.0 (18398781)|VARIABLE_SCOPE_BEGIN|[289]|conditions|List<String>|true|false
19:49:09.0 (18417078)|VARIABLE_ASSIGNMENT|[289]|conditions|["(Profile.Name = 'KDD (170 more) ...","UserRole.DeveloperNa (5 more) ...","IsActive = true"]|0x703331e4
19:49:09.0 (18427292)|HEAP_ALLOCATE|[290]|Bytes:5
19:49:09.0 (18431420)|STATEMENT_EXECUTE|[289]
19:49:09.0 (18432860)|STATEMENT_EXECUTE|[290]
19:49:09.0 (18435576)|VARIABLE_SCOPE_BEGIN|[290]|ret|String|false|false
19:49:09.0 (18443477)|VARIABLE_ASSIGNMENT|[290]|ret|null
19:49:09.0 (18447720)|STATEMENT_EXECUTE|[291]
19:49:09.0 (18463091)|HEAP_ALLOCATE|[294]|Bytes:5
19:49:09.0 (18471431)|HEAP_ALLOCATE|[294]|Bytes:190
19:49:09.0 (18476464)|VARIABLE_SCOPE_BEGIN|[294]|condition|String|false|false
19:49:09.0 (18487317)|VARIABLE_ASSIGNMENT|[294]|condition|"(Profile.Name = 'KDD (170 more) ..."
19:49:09.0 (18491120)|STATEMENT_EXECUTE|[294]
19:49:09.0 (18492820)|STATEMENT_EXECUTE|[297]
19:49:09.0 (18494245)|STATEMENT_EXECUTE|[298]
19:49:09.0 (18497959)|HEAP_ALLOCATE|[298]|Bytes:197
19:49:09.0 (18505347)|VARIABLE_ASSIGNMENT|[298]|ret|" WHERE (Profile.Name (177 more) ..."
19:49:09.0 (18514390)|HEAP_ALLOCATE|[294]|Bytes:5
19:49:09.0 (18521505)|HEAP_ALLOCATE|[294]|Bytes:25
19:49:09.0 (18526446)|VARIABLE_SCOPE_BEGIN|[294]|condition|String|false|false
19:49:09.0 (18536277)|VARIABLE_ASSIGNMENT|[294]|condition|"UserRole.DeveloperNa (5 more) ..."
19:49:09.0 (18540144)|STATEMENT_EXECUTE|[294]
19:49:09.0 (18541678)|STATEMENT_EXECUTE|[295]
19:49:09.0 (18543104)|STATEMENT_EXECUTE|[296]
19:49:09.0 (18546136)|HEAP_ALLOCATE|[296]|Bytes:30
19:49:09.0 (18551193)|HEAP_ALLOCATE|[296]|Bytes:227
19:49:09.0 (18558614)|VARIABLE_ASSIGNMENT|[296]|ret|" WHERE (Profile.Name (207 more) ..."
19:49:09.0 (18567114)|HEAP_ALLOCATE|[294]|Bytes:5
19:49:09.0 (18573967)|HEAP_ALLOCATE|[294]|Bytes:15
19:49:09.0 (18578642)|VARIABLE_SCOPE_BEGIN|[294]|condition|String|false|false
19:49:09.0 (18587531)|VARIABLE_ASSIGNMENT|[294]|condition|"IsActive = true"
19:49:09.0 (18591856)|STATEMENT_EXECUTE|[294]
19:49:09.0 (18593399)|STATEMENT_EXECUTE|[295]
19:49:09.0 (18594833)|STATEMENT_EXECUTE|[296]
19:49:09.0 (18598412)|HEAP_ALLOCATE|[296]|Bytes:20
19:49:09.0 (18603254)|HEAP_ALLOCATE|[296]|Bytes:247
19:49:09.0 (18609824)|VARIABLE_ASSIGNMENT|[296]|ret|" WHERE (Profile.Name (227 more) ..."
19:49:09.0 (18618086)|HEAP_ALLOCATE|[294]|Bytes:5
19:49:09.0 (18626277)|VARIABLE_ASSIGNMENT|[294]|condition|null
19:49:09.0 (18630885)|STATEMENT_EXECUTE|[301]
19:49:09.0 (18632403)|STATEMENT_EXECUTE|[304]
19:49:09.0 (18637759)|METHOD_EXIT|[416]|01pN0000000fk6c|auAddUserCtrl.joinWhereConditions(List<String>)
19:49:09.0 (18646205)|HEAP_ALLOCATE|[416]|Bytes:377
19:49:09.0 (19239985)|SOQL_EXECUTE_BEGIN|[416]|Aggregations:0| SELECT id, Name, Profile.Name, UserRole.Name, UserRole.DeveloperName FROM User  WHERE (Profile.Name = 'KDDI - 支店' OR Profile.Name = 'KDDI - 支社' OR Profile.Name = 'KDDI - 本部' OR Profile.Name = 'System Admin' OR Profile.Name = 'System Administrator' OR Profile.Name = 'システム管理者') AND UserRole.DeveloperName='' AND IsActive = true ORDER BY UserRole.DeveloperName, Name LIMIT 10000
19:49:09.0 (23885499)|SOQL_EXECUTE_END|[416]|Rows:0
19:49:09.0 (23909970)|HEAP_ALLOCATE|[416]|Bytes:4
19:49:09.0 (23923839)|HEAP_ALLOCATE|[416]|Bytes:0
19:49:09.0 (23954016)|HEAP_ALLOCATE|[416]|Bytes:4
19:49:09.0 (23972529)|VARIABLE_SCOPE_BEGIN|[416]|lsUsers|List<User>|true|false
19:49:09.0 (23991342)|VARIABLE_ASSIGNMENT|[416]|lsUsers|[]|0x524d8f75
19:49:09.0 (23998331)|STATEMENT_EXECUTE|[417]
19:49:09.0 (24004895)|SYSTEM_MODE_EXIT|false
19:49:09.0 (24112718)|CODE_UNIT_FINISHED|VFRemote: auAddUserCtrl invoke(getUserList)
19:49:09.0 (25697038)|EXECUTION_FINISHED
