38.0 APEX_CODE,FINEST;APEX_PROFILING,INFO;CALLOUT,INFO;DB,INFO;NBA,INFO;SYSTEM,DEBUG;VALIDATION,INFO;VISUALFORCE,INFO;WAVE,INFO;WORKFLOW,INFO
18:27:53.0 (97626)|USER_INFO|[EXTERNAL]|005N00000057RPN|duc.huynhmanh+kddi-gwdev01@globalway.co.jp|日本標準時|GMT+09:00
18:27:53.0 (152167)|EXECUTION_STARTED
18:27:53.0 (157650)|CODE_UNIT_STARTED|[EXTERNAL]|066N0000000M59u|VF: /apex/saReport
18:27:53.0 (718698)|VF_DESERIALIZE_VIEWSTATE_BEGIN|066N0000000M59u
18:27:53.0 (19781154)|HEAP_ALLOCATE|[72]|Bytes:3
18:27:53.0 (19833213)|HEAP_ALLOCATE|[77]|Bytes:152
18:27:53.0 (19845382)|HEAP_ALLOCATE|[342]|Bytes:408
18:27:53.0 (19856285)|HEAP_ALLOCATE|[355]|Bytes:408
18:27:53.0 (19867146)|HEAP_ALLOCATE|[467]|Bytes:48
18:27:53.0 (19893933)|HEAP_ALLOCATE|[139]|Bytes:6
18:27:53.0 (21201777)|HEAP_ALLOCATE|[50]|Bytes:5
18:27:53.0 (21232384)|HEAP_ALLOCATE|[56]|Bytes:5
18:27:53.0 (21242540)|HEAP_ALLOCATE|[64]|Bytes:7
18:27:53.0 (24191111)|VARIABLE_SCOPE_BEGIN|[30]|saReportCtrl.ERROR_CATEGORY_MISSING|String|false|true
18:27:53.0 (24207176)|VARIABLE_SCOPE_BEGIN|[31]|saReportCtrl.ERROR_COMMENT_MISSING|String|false|true
18:27:53.0 (24216245)|VARIABLE_SCOPE_BEGIN|[29]|saReportCtrl.ERROR_TITLE_MISSING|String|false|true
18:27:53.0 (24225815)|VARIABLE_SCOPE_BEGIN|[32]|saReportCtrl.MESSAGE_ASK_FOR_VALIDATION|String|false|true
18:27:53.0 (24234573)|VARIABLE_SCOPE_BEGIN|[33]|saReportCtrl.MESSAGE_PUBLISHED|String|false|true
18:27:53.0 (24243514)|VARIABLE_SCOPE_BEGIN|[34]|saReportCtrl.MESSAGE_TEMPORARY_SAVED|String|false|true
18:27:53.0 (24254275)|VARIABLE_SCOPE_BEGIN|[27]|saReportCtrl.SA_REPORT_STATE_NONE_LABEL|String|false|true
18:27:53.0 (24263913)|VARIABLE_SCOPE_BEGIN|[26]|saReportCtrl.SA_REPORT_STATE_NONE_VALUE|String|false|true
18:27:53.0 (24273698)|VARIABLE_SCOPE_BEGIN|[8]|saReportCtrl.SEARCH_COUNT_AVERAGE_LABEL|String|false|true
18:27:53.0 (24283467)|VARIABLE_SCOPE_BEGIN|[11]|saReportCtrl.SEARCH_COUNT_AVERAGE_VALUE|String|false|true
18:27:53.0 (24292130)|VARIABLE_SCOPE_BEGIN|[7]|saReportCtrl.SEARCH_COUNT_FEW_LABEL|String|false|true
18:27:53.0 (24300684)|VARIABLE_SCOPE_BEGIN|[10]|saReportCtrl.SEARCH_COUNT_FEW_VALUE|String|false|true
18:27:53.0 (24313165)|VARIABLE_SCOPE_BEGIN|[9]|saReportCtrl.SEARCH_COUNT_LOT_LABEL|String|false|true
18:27:53.0 (24323726)|VARIABLE_SCOPE_BEGIN|[12]|saReportCtrl.SEARCH_COUNT_LOT_VALUE|String|false|true
18:27:53.0 (24334511)|VARIABLE_SCOPE_BEGIN|[17]|saReportCtrl.SORTED_BY_FAVORITES_LABEL|String|false|true
18:27:53.0 (24345663)|VARIABLE_SCOPE_BEGIN|[23]|saReportCtrl.SORTED_BY_FAVORITES_VALUE|String|false|true
18:27:53.0 (24355929)|VARIABLE_SCOPE_BEGIN|[15]|saReportCtrl.SORTED_BY_NEWS_LABEL|String|false|true
18:27:53.0 (24366423)|VARIABLE_SCOPE_BEGIN|[21]|saReportCtrl.SORTED_BY_NEWS_VALUE|String|false|true
18:27:53.0 (24376996)|VARIABLE_SCOPE_BEGIN|[14]|saReportCtrl.SORTED_BY_NONE_LABEL|String|false|true
18:27:53.0 (24386845)|VARIABLE_SCOPE_BEGIN|[20]|saReportCtrl.SORTED_BY_NONE_VALUE|String|false|true
18:27:53.0 (24396941)|VARIABLE_SCOPE_BEGIN|[16]|saReportCtrl.SORTED_BY_NUMBER_OF_VIEWS_LABEL|String|false|true
18:27:53.0 (24407757)|VARIABLE_SCOPE_BEGIN|[22]|saReportCtrl.SORTED_BY_NUMBER_OF_VIEWS_VALUE|String|false|true
18:27:53.0 (24417568)|VARIABLE_SCOPE_BEGIN|[18]|saReportCtrl.SORTED_BY_RELEASE_DATES_LABEL|String|false|true
18:27:53.0 (24428378)|VARIABLE_SCOPE_BEGIN|[24]|saReportCtrl.SORTED_BY_RELEASE_DATES_VALUE|String|false|true
18:27:53.0 (29771533)|VARIABLE_SCOPE_BEGIN|[25]|auMainTopCompCtrl.TYPE_SCREEN_ACCOUNT_LIST|Integer|false|true
18:27:53.0 (29789613)|VARIABLE_SCOPE_BEGIN|[26]|auMainTopCompCtrl.TYPE_SCREEN_ACTIVITY_LIST|Integer|false|true
18:27:53.0 (29798357)|VARIABLE_SCOPE_BEGIN|[7]|auMainTopCompCtrl.TYPE_SCREEN_CX_SCREEN|Integer|false|true
18:27:53.0 (29806153)|VARIABLE_SCOPE_BEGIN|[8]|auMainTopCompCtrl.TYPE_SCREEN_CX_TIMELINE|Integer|false|true
18:27:53.0 (29813460)|VARIABLE_SCOPE_BEGIN|[9]|auMainTopCompCtrl.TYPE_SCREEN_EVENT_SCHEDULE|Integer|false|true
18:27:53.0 (29821662)|VARIABLE_SCOPE_BEGIN|[10]|auMainTopCompCtrl.TYPE_SCREEN_EVENT_SCHEDULE_LIST|Integer|false|true
18:27:53.0 (29828691)|VARIABLE_SCOPE_BEGIN|[27]|auMainTopCompCtrl.TYPE_SCREEN_FILE_LIST|Integer|false|true
18:27:53.0 (29835425)|VARIABLE_SCOPE_BEGIN|[24]|auMainTopCompCtrl.TYPE_SCREEN_HONBU_DIRECT|Integer|false|true
18:27:53.0 (29842130)|VARIABLE_SCOPE_BEGIN|[11]|auMainTopCompCtrl.TYPE_SCREEN_KNOWLEDGE_DASHBOARD|Integer|false|true
18:27:53.0 (29848781)|VARIABLE_SCOPE_BEGIN|[12]|auMainTopCompCtrl.TYPE_SCREEN_KNOWLEDGE_LIST|Integer|false|true
18:27:53.0 (29856086)|VARIABLE_SCOPE_BEGIN|[15]|auMainTopCompCtrl.TYPE_SCREEN_SA_CHATTER|Integer|false|true
18:27:53.0 (29863257)|VARIABLE_SCOPE_BEGIN|[16]|auMainTopCompCtrl.TYPE_SCREEN_SA_DAILYREPORT|Integer|false|true
18:27:53.0 (29870016)|VARIABLE_SCOPE_BEGIN|[22]|auMainTopCompCtrl.TYPE_SCREEN_SA_DAILYREPORTLIST|Integer|false|true
18:27:53.0 (29877292)|VARIABLE_SCOPE_BEGIN|[18]|auMainTopCompCtrl.TYPE_SCREEN_SA_DOCUMENTS|Integer|false|true
18:27:53.0 (29884470)|VARIABLE_SCOPE_BEGIN|[17]|auMainTopCompCtrl.TYPE_SCREEN_SA_ENQUETE|Integer|false|true
18:27:53.0 (29891597)|VARIABLE_SCOPE_BEGIN|[20]|auMainTopCompCtrl.TYPE_SCREEN_SA_LINKS|Integer|false|true
18:27:53.0 (29900297)|VARIABLE_SCOPE_BEGIN|[13]|auMainTopCompCtrl.TYPE_SCREEN_SA_MESSAGES|Integer|false|true
18:27:53.0 (29908595)|VARIABLE_SCOPE_BEGIN|[19]|auMainTopCompCtrl.TYPE_SCREEN_SA_RANKING|Integer|false|true
18:27:53.0 (29916322)|VARIABLE_SCOPE_BEGIN|[14]|auMainTopCompCtrl.TYPE_SCREEN_SA_REPORTS|Integer|false|true
18:27:53.0 (29923430)|VARIABLE_SCOPE_BEGIN|[23]|auMainTopCompCtrl.TYPE_SCREEN_SA_TODO|Integer|false|true
18:27:53.0 (29930914)|VARIABLE_SCOPE_BEGIN|[21]|auMainTopCompCtrl.TYPE_SCREEN_SA_USRSETTINGS|Integer|false|true
18:27:53.0 (29938502)|VARIABLE_SCOPE_BEGIN|[4]|auMainTopCompCtrl.TYPE_SCREEN_STPD_EVENT|Integer|false|true
18:27:53.0 (29945970)|VARIABLE_SCOPE_BEGIN|[6]|auMainTopCompCtrl.TYPE_SCREEN_STPD_SCREEN|Integer|false|true
18:27:53.0 (29953347)|VARIABLE_SCOPE_BEGIN|[5]|auMainTopCompCtrl.TYPE_SCREEN_STPD_TIMELINE|Integer|false|true
18:27:53.0 (29960958)|VARIABLE_SCOPE_BEGIN|[3]|auMainTopCompCtrl.TYPE_SCREEN_SWITCH|Integer|false|true
18:27:53.0 (37842527)|VF_DESERIALIZE_VIEWSTATE_END
18:27:53.0 (43809340)|SYSTEM_MODE_ENTER|true
18:27:53.0 (43850345)|HEAP_ALLOCATE|[EXTERNAL]|Bytes:1636
18:27:53.0 (43898890)|HEAP_ALLOCATE|[EXTERNAL]|Bytes:833
18:27:53.0 (43907854)|HEAP_ALLOCATE|[EXTERNAL]|Bytes:558
18:27:53.0 (43917625)|HEAP_ALLOCATE|[EXTERNAL]|Bytes:10
18:27:53.0 (43945078)|VARIABLE_ASSIGNMENT|[EXTERNAL]|saReportCtrl.ERROR_CATEGORY_MISSING|"カテゴリが必須です。"
18:27:53.0 (43952164)|HEAP_ALLOCATE|[EXTERNAL]|Bytes:10
18:27:53.0 (43959936)|VARIABLE_ASSIGNMENT|[EXTERNAL]|saReportCtrl.ERROR_COMMENT_MISSING|"コメントが必須です。"
18:27:53.0 (43965263)|HEAP_ALLOCATE|[EXTERNAL]|Bytes:10
18:27:53.0 (43971541)|VARIABLE_ASSIGNMENT|[EXTERNAL]|saReportCtrl.ERROR_TITLE_MISSING|"タイトルが必須です。"
18:27:53.0 (43976254)|HEAP_ALLOCATE|[EXTERNAL]|Bytes:11
18:27:53.0 (43984326)|VARIABLE_ASSIGNMENT|[EXTERNAL]|saReportCtrl.MESSAGE_ASK_FOR_VALIDATION|"承認申請を出しました。"
18:27:53.0 (43989198)|HEAP_ALLOCATE|[EXTERNAL]|Bytes:7
18:27:53.0 (43996325)|VARIABLE_ASSIGNMENT|[EXTERNAL]|saReportCtrl.MESSAGE_PUBLISHED|"公開しました。"
18:27:53.0 (44001243)|HEAP_ALLOCATE|[EXTERNAL]|Bytes:9
18:27:53.0 (44010085)|VARIABLE_ASSIGNMENT|[EXTERNAL]|saReportCtrl.MESSAGE_TEMPORARY_SAVED|"一時保存しました。"
18:27:53.0 (44014704)|HEAP_ALLOCATE|[EXTERNAL]|Bytes:3
18:27:53.0 (44022987)|VARIABLE_ASSIGNMENT|[EXTERNAL]|saReportCtrl.SA_REPORT_STATE_NONE_LABEL|"未選択"
18:27:53.0 (44028417)|HEAP_ALLOCATE|[EXTERNAL]|Bytes:1
18:27:53.0 (44036151)|VARIABLE_ASSIGNMENT|[EXTERNAL]|saReportCtrl.SA_REPORT_STATE_NONE_VALUE|" "
18:27:53.0 (44040565)|HEAP_ALLOCATE|[EXTERNAL]|Bytes:3
18:27:53.0 (44049175)|VARIABLE_ASSIGNMENT|[EXTERNAL]|saReportCtrl.SEARCH_COUNT_AVERAGE_LABEL|"50件"
18:27:53.0 (44053242)|HEAP_ALLOCATE|[EXTERNAL]|Bytes:2
18:27:53.0 (44061277)|VARIABLE_ASSIGNMENT|[EXTERNAL]|saReportCtrl.SEARCH_COUNT_AVERAGE_VALUE|"50"
18:27:53.0 (44066567)|HEAP_ALLOCATE|[EXTERNAL]|Bytes:3
18:27:53.0 (44075189)|VARIABLE_ASSIGNMENT|[EXTERNAL]|saReportCtrl.SEARCH_COUNT_FEW_LABEL|"20件"
18:27:53.0 (44079861)|HEAP_ALLOCATE|[EXTERNAL]|Bytes:2
18:27:53.0 (44089156)|VARIABLE_ASSIGNMENT|[EXTERNAL]|saReportCtrl.SEARCH_COUNT_FEW_VALUE|"20"
18:27:53.0 (44093211)|HEAP_ALLOCATE|[EXTERNAL]|Bytes:4
18:27:53.0 (44101324)|VARIABLE_ASSIGNMENT|[EXTERNAL]|saReportCtrl.SEARCH_COUNT_LOT_LABEL|"100件"
18:27:53.0 (44106476)|HEAP_ALLOCATE|[EXTERNAL]|Bytes:3
18:27:53.0 (44115618)|VARIABLE_ASSIGNMENT|[EXTERNAL]|saReportCtrl.SEARCH_COUNT_LOT_VALUE|"100"
18:27:53.0 (44120558)|HEAP_ALLOCATE|[EXTERNAL]|Bytes:4
18:27:53.0 (44129262)|VARIABLE_ASSIGNMENT|[EXTERNAL]|saReportCtrl.SORTED_BY_FAVORITES_LABEL|"いいね順"
18:27:53.0 (44133334)|HEAP_ALLOCATE|[EXTERNAL]|Bytes:4
18:27:53.0 (44142412)|VARIABLE_ASSIGNMENT|[EXTERNAL]|saReportCtrl.SORTED_BY_FAVORITES_VALUE|"いいね順"
18:27:53.0 (44147135)|HEAP_ALLOCATE|[EXTERNAL]|Bytes:3
18:27:53.0 (44156356)|VARIABLE_ASSIGNMENT|[EXTERNAL]|saReportCtrl.SORTED_BY_NEWS_LABEL|"NEW"
18:27:53.0 (44160839)|HEAP_ALLOCATE|[EXTERNAL]|Bytes:3
18:27:53.0 (44169599)|VARIABLE_ASSIGNMENT|[EXTERNAL]|saReportCtrl.SORTED_BY_NEWS_VALUE|"NEW"
18:27:53.0 (44174016)|HEAP_ALLOCATE|[EXTERNAL]|Bytes:1
18:27:53.0 (44182749)|VARIABLE_ASSIGNMENT|[EXTERNAL]|saReportCtrl.SORTED_BY_NONE_LABEL|" "
18:27:53.0 (44187821)|HEAP_ALLOCATE|[EXTERNAL]|Bytes:1
18:27:53.0 (44199009)|VARIABLE_ASSIGNMENT|[EXTERNAL]|saReportCtrl.SORTED_BY_NONE_VALUE|" "
18:27:53.0 (44203458)|HEAP_ALLOCATE|[EXTERNAL]|Bytes:4
18:27:53.0 (44212704)|VARIABLE_ASSIGNMENT|[EXTERNAL]|saReportCtrl.SORTED_BY_NUMBER_OF_VIEWS_LABEL|"閲覧数順"
18:27:53.0 (44216863)|HEAP_ALLOCATE|[EXTERNAL]|Bytes:4
18:27:53.0 (44225712)|VARIABLE_ASSIGNMENT|[EXTERNAL]|saReportCtrl.SORTED_BY_NUMBER_OF_VIEWS_VALUE|"閲覧数順"
18:27:53.0 (44229796)|HEAP_ALLOCATE|[EXTERNAL]|Bytes:4
18:27:53.0 (44238493)|VARIABLE_ASSIGNMENT|[EXTERNAL]|saReportCtrl.SORTED_BY_RELEASE_DATES_LABEL|"公開日時"
18:27:53.0 (44242742)|HEAP_ALLOCATE|[EXTERNAL]|Bytes:4
18:27:53.0 (44251436)|VARIABLE_ASSIGNMENT|[EXTERNAL]|saReportCtrl.SORTED_BY_RELEASE_DATES_VALUE|"公開日時"
18:27:53.0 (44272159)|METHOD_ENTRY|[1]|01pN0000000aEUV|saReportCtrl.saReportCtrl()
18:27:53.0 (44278468)|STATEMENT_EXECUTE|[1]
18:27:53.0 (44283401)|STATEMENT_EXECUTE|[1]
18:27:53.0 (44291741)|SYSTEM_MODE_ENTER|false
18:27:53.0 (44302020)|HEAP_ALLOCATE|[EXTERNAL]|Bytes:5
18:27:53.0 (44316348)|SYSTEM_MODE_EXIT|false
18:27:53.0 (44327023)|METHOD_EXIT|[1]|saReportCtrl
18:27:53.0 (44458021)|SYSTEM_MODE_ENTER|true
18:27:53.0 (44737740)|SYSTEM_MODE_ENTER|true
18:27:53.0 (44847978)|SYSTEM_MODE_ENTER|true
18:27:53.0 (46687545)|SYSTEM_MODE_ENTER|true
18:27:53.0 (47321707)|SYSTEM_MODE_ENTER|true
18:27:53.0 (47413252)|SYSTEM_MODE_ENTER|true
18:27:53.0 (47504440)|SYSTEM_MODE_ENTER|true
18:27:53.0 (47603524)|SYSTEM_MODE_ENTER|true
18:27:53.0 (47868570)|SYSTEM_MODE_ENTER|true
18:27:53.0 (47951415)|SYSTEM_MODE_ENTER|true
18:27:53.0 (48020404)|SYSTEM_MODE_ENTER|true
18:27:53.0 (49340809)|SYSTEM_MODE_ENTER|true
18:27:53.0 (49411107)|SYSTEM_MODE_ENTER|true
18:27:53.0 (49500031)|SYSTEM_MODE_ENTER|true
18:27:53.0 (49566099)|SYSTEM_MODE_ENTER|true
18:27:53.0 (49626888)|SYSTEM_MODE_ENTER|true
18:27:53.0 (49688849)|SYSTEM_MODE_ENTER|true
18:27:53.0 (49750847)|SYSTEM_MODE_ENTER|true
18:27:53.0 (49809057)|SYSTEM_MODE_ENTER|true
18:27:53.0 (49867364)|SYSTEM_MODE_ENTER|true
18:27:53.0 (49925049)|SYSTEM_MODE_ENTER|true
18:27:53.0 (50002762)|SYSTEM_MODE_ENTER|true
18:27:53.0 (50066320)|SYSTEM_MODE_ENTER|true
18:27:53.0 (50124199)|SYSTEM_MODE_ENTER|true
18:27:53.0 (50263774)|SYSTEM_MODE_ENTER|true
18:27:53.0 (50381009)|SYSTEM_MODE_ENTER|true
18:27:53.0 (50449250)|SYSTEM_MODE_ENTER|true
18:27:53.0 (50525555)|SYSTEM_MODE_ENTER|true
18:27:53.0 (50609555)|SYSTEM_MODE_ENTER|true
18:27:53.0 (50664027)|SYSTEM_MODE_ENTER|true
18:27:53.0 (50712266)|SYSTEM_MODE_ENTER|true
18:27:53.0 (50756325)|SYSTEM_MODE_ENTER|true
18:27:53.0 (50803752)|SYSTEM_MODE_ENTER|true
18:27:53.0 (50847509)|SYSTEM_MODE_ENTER|true
18:27:53.0 (50897590)|SYSTEM_MODE_ENTER|true
18:27:53.0 (50956836)|SYSTEM_MODE_ENTER|true
18:27:53.0 (51729102)|SYSTEM_MODE_ENTER|true
18:27:53.0 (52004008)|HEAP_ALLOCATE|[EXTERNAL]|Bytes:396
18:27:53.0 (52022257)|VARIABLE_SCOPE_BEGIN|[174]|this|saReportCtrl|true|false
18:27:53.0 (52396871)|VARIABLE_ASSIGNMENT|[174]|this|{"attachmentId":"","basicSearchCategory":" ","basicSearchCount":"20","basicSearchDateEnd":"","basicSearchDateStart":"","basicSearchKeywords":"","basicSearchRole1":" ","basicSearchRole2":" ","basicSearchRole3":" ","basicSearchSort":" ","categoryDataOptions":"0x187cf818","countDataOptions":"0x26b8d616","createBody":" 1.課題/実践に至った経緯/背景 \n\n (87 more) ...","createCategory":"","createdReportId":"","createProcess":"","createSubject":"","currentUser":"0x693c0aa6","draftBody":"","draftSubject":"","isApprover":true,"isCopySelected":false,"isGoodSelected":false,"isVeryGoodSelected":false,"latestBasicSearchCategory":"","latestBasicSearchCount":"","latestBasicSearchDateEnd":"","latestBasicSearchDateStart":"","latestBasicSearchKeywords":"","latestBasicSearchRole1":"","latestBasicSearchRole2":"","latestBasicSearchRole3":"","latestBasicSearchSort":"","latestMySearchCount":"","latestMySearchDateEnd":"","latestMySearchDateStart":"","latestMySearchKeywords":"","latestMySearchState":"","latestPendingCount":"","latestPendingDateEnd":"","latestPendingDateStart":"","latestPendingKeywords":"","latestSelectedProcess":"","listOfCategory":"0x7818d4f","listOfSAReports":"0x4d50f83f","lsAttachments":"0x2d388fe5","lsRolesFull":"0x4afedebf","mapOfCategory":"0x439e947c","messageError":"","messageSubmissionComplete":"","mySearchDateEnd":"","mySearchDateStart":"","mySearchKeywords":"","newCommentValue1":"","newCommentValue2":"","pageNum":1,"pageSize":20,"pendingDateEnd":"","pendingDateStart":"","pendingKeywords":"","processDataOptions":"0x9451d30","recordsCount":0,"remandBody":"","remandSubject":"","reportComments":"0x606bec5a","reportGoodViews":"0x5c5cddce","reportManagedViews":"0x6b568f4d","reportRendered":false,"reportState":"","roleLevel1DataOptions":"0x7bef4ccd","roleLevel2DataOptions":"0x638d6687","roleLevel3DataOptions":"0x5873e037","searchCategoryLabel":"","searchCountLabel":"","searchParttern":0,"searchStateLabel":"","selectedCategoryName":"","selectedProcess":"","selectedReport":"0x4a5ba38a","selectedReportName":"","selectedView":"","sortDataOptions":"0x27306f19","stateDataOptions":"0x75ed9fa7"}|0x3fbd6419
18:27:53.0 (52446286)|SYSTEM_MODE_ENTER|false
18:27:53.0 (52455672)|HEAP_ALLOCATE|[175]|Bytes:5
18:27:53.0 (52462546)|STATEMENT_EXECUTE|[174]
18:27:53.0 (52465234)|STATEMENT_EXECUTE|[175]
18:27:53.0 (52472322)|SYSTEM_MODE_EXIT|false
18:27:53.0 (52547486)|SYSTEM_MODE_ENTER|true
18:27:53.0 (52586893)|HEAP_ALLOCATE|[EXTERNAL]|Bytes:396
18:27:53.0 (52596268)|VARIABLE_SCOPE_BEGIN|[57]|this|saReportCtrl|true|false
18:27:53.0 (52803174)|VARIABLE_ASSIGNMENT|[57]|this|{"attachmentId":"","basicSearchCategory":" ","basicSearchCount":"20","basicSearchDateEnd":"","basicSearchDateStart":"","basicSearchKeywords":"","basicSearchRole1":" ","basicSearchRole2":" ","basicSearchRole3":" ","basicSearchSort":" ","categoryDataOptions":"0x187cf818","countDataOptions":"0x26b8d616","createBody":" 1.課題/実践に至った経緯/背景 \n\n (87 more) ...","createCategory":"","createdReportId":"","createProcess":"","createSubject":"","currentUser":"0x693c0aa6","draftBody":"","draftSubject":"","isApprover":true,"isCopySelected":false,"isGoodSelected":false,"isVeryGoodSelected":false,"latestBasicSearchCategory":"","latestBasicSearchCount":"","latestBasicSearchDateEnd":"","latestBasicSearchDateStart":"","latestBasicSearchKeywords":"","latestBasicSearchRole1":"","latestBasicSearchRole2":"","latestBasicSearchRole3":"","latestBasicSearchSort":"","latestMySearchCount":"","latestMySearchDateEnd":"","latestMySearchDateStart":"","latestMySearchKeywords":"","latestMySearchState":"","latestPendingCount":"","latestPendingDateEnd":"","latestPendingDateStart":"","latestPendingKeywords":"","latestSelectedProcess":"","listOfCategory":"0x7818d4f","listOfSAReports":"0x4d50f83f","lsAttachments":"0x2d388fe5","lsRolesFull":"0x4afedebf","mapOfCategory":"0x439e947c","messageError":"","messageSubmissionComplete":"","mySearchDateEnd":"","mySearchDateStart":"","mySearchKeywords":"","newCommentValue1":"","newCommentValue2":"","pageNum":1,"pageSize":20,"pendingDateEnd":"","pendingDateStart":"","pendingKeywords":"","processDataOptions":"0x9451d30","recordsCount":0,"remandBody":"","remandSubject":"","reportComments":"0x606bec5a","reportGoodViews":"0x5c5cddce","reportManagedViews":"0x6b568f4d","reportRendered":false,"reportState":"","roleLevel1DataOptions":"0x7bef4ccd","roleLevel2DataOptions":"0x638d6687","roleLevel3DataOptions":"0x5873e037","searchCategoryLabel":"","searchCountLabel":"","searchParttern":0,"searchStateLabel":"","selectedCategoryName":"","selectedProcess":"","selectedReport":"0x4a5ba38a","selectedReportName":"","selectedView":"","sortDataOptions":"0x27306f19","stateDataOptions":"0x75ed9fa7"}|0x3fbd6419
18:27:53.0 (52842433)|SYSTEM_MODE_ENTER|false
18:27:53.0 (52849989)|HEAP_ALLOCATE|[58]|Bytes:5
18:27:53.0 (52855327)|STATEMENT_EXECUTE|[57]
18:27:53.0 (52857005)|STATEMENT_EXECUTE|[58]
18:27:53.0 (52862303)|SYSTEM_MODE_EXIT|false
18:27:53.0 (52918905)|SYSTEM_MODE_ENTER|true
18:27:53.0 (53077049)|SYSTEM_MODE_ENTER|true
18:27:53.0 (53118977)|SYSTEM_MODE_ENTER|true
18:27:53.0 (53153334)|SYSTEM_MODE_ENTER|true
18:27:53.0 (53283818)|SYSTEM_MODE_ENTER|true
18:27:53.0 (53322960)|SYSTEM_MODE_ENTER|true
18:27:53.0 (53362400)|SYSTEM_MODE_ENTER|true
18:27:53.0 (53563348)|SYSTEM_MODE_ENTER|true
18:27:53.0 (53700932)|SYSTEM_MODE_ENTER|true
18:27:53.0 (53740121)|SYSTEM_MODE_ENTER|true
18:27:53.0 (53779364)|SYSTEM_MODE_ENTER|true
18:27:53.0 (54040010)|SYSTEM_MODE_ENTER|true
18:27:53.0 (54065911)|HEAP_ALLOCATE|[EXTERNAL]|Bytes:396
18:27:53.0 (54081766)|VARIABLE_ASSIGNMENT|[EXTERNAL]|this.attachmentId|""|0x3fbd6419
18:27:53.0 (54118271)|SYSTEM_MODE_ENTER|true
18:27:53.0 (54132878)|HEAP_ALLOCATE|[EXTERNAL]|Bytes:396
18:27:53.0 (54151650)|VARIABLE_ASSIGNMENT|[EXTERNAL]|this.selectedReportName|""|0x3fbd6419
18:27:53.0 (54179339)|SYSTEM_MODE_ENTER|true
18:27:53.0 (54192511)|HEAP_ALLOCATE|[EXTERNAL]|Bytes:396
18:27:53.0 (54205373)|VARIABLE_ASSIGNMENT|[EXTERNAL]|this.selectedCategoryName|""|0x3fbd6419
18:27:53.0 (54229485)|SYSTEM_MODE_ENTER|true
18:27:53.0 (54241899)|HEAP_ALLOCATE|[EXTERNAL]|Bytes:396
18:27:53.0 (54252168)|VARIABLE_ASSIGNMENT|[EXTERNAL]|this.messageError|""|0x3fbd6419
18:27:53.0 (54274007)|SYSTEM_MODE_ENTER|true
18:27:53.0 (54285821)|HEAP_ALLOCATE|[EXTERNAL]|Bytes:396
18:27:53.0 (54296412)|VARIABLE_ASSIGNMENT|[EXTERNAL]|this.messageSubmissionComplete|""|0x3fbd6419
18:27:53.0 (54318999)|SYSTEM_MODE_ENTER|true
18:27:53.0 (54330972)|HEAP_ALLOCATE|[EXTERNAL]|Bytes:396
18:27:53.0 (54343091)|VARIABLE_ASSIGNMENT|[EXTERNAL]|this.basicSearchCategory|""|0x3fbd6419
18:27:53.0 (54366621)|SYSTEM_MODE_ENTER|true
18:27:53.0 (54379035)|HEAP_ALLOCATE|[EXTERNAL]|Bytes:396
18:27:53.0 (54386079)|VARIABLE_ASSIGNMENT|[EXTERNAL]|this.basicSearchCount|""|0x3fbd6419
18:27:53.0 (54408081)|SYSTEM_MODE_ENTER|true
18:27:53.0 (54419961)|HEAP_ALLOCATE|[EXTERNAL]|Bytes:396
18:27:53.0 (54427334)|VARIABLE_ASSIGNMENT|[EXTERNAL]|this.basicSearchSort|""|0x3fbd6419
18:27:53.0 (54449761)|SYSTEM_MODE_ENTER|true
18:27:53.0 (54461188)|HEAP_ALLOCATE|[EXTERNAL]|Bytes:396
18:27:53.0 (54471596)|VARIABLE_ASSIGNMENT|[EXTERNAL]|this.mySearchCount|""|0x3fbd6419
18:27:53.0 (54494089)|SYSTEM_MODE_ENTER|true
18:27:53.0 (54505942)|HEAP_ALLOCATE|[EXTERNAL]|Bytes:396
18:27:53.0 (54516004)|VARIABLE_ASSIGNMENT|[EXTERNAL]|this.mySearchState|""|0x3fbd6419
18:27:53.0 (54537880)|SYSTEM_MODE_ENTER|true
18:27:53.0 (54549146)|HEAP_ALLOCATE|[EXTERNAL]|Bytes:396
18:27:53.0 (54560036)|VARIABLE_ASSIGNMENT|[EXTERNAL]|this.pendingCount|""|0x3fbd6419
18:27:53.0 (54582544)|SYSTEM_MODE_ENTER|true
18:27:53.0 (54595442)|HEAP_ALLOCATE|[EXTERNAL]|Bytes:396
18:27:53.0 (54606600)|VARIABLE_ASSIGNMENT|[EXTERNAL]|this.remandCategory|""|0x3fbd6419
18:27:53.0 (54628621)|SYSTEM_MODE_ENTER|true
18:27:53.0 (54639754)|HEAP_ALLOCATE|[EXTERNAL]|Bytes:396
18:27:53.0 (54651031)|VARIABLE_ASSIGNMENT|[EXTERNAL]|this.remandProcess|""|0x3fbd6419
18:27:53.0 (54682224)|SYSTEM_MODE_ENTER|true
18:27:53.0 (54755926)|SYSTEM_MODE_ENTER|true
18:27:53.0 (54770269)|HEAP_ALLOCATE|[EXTERNAL]|Bytes:396
18:27:53.0 (54778786)|VARIABLE_ASSIGNMENT|[EXTERNAL]|this.basicSearchKeywords|""|0x3fbd6419
18:27:53.0 (54801861)|SYSTEM_MODE_ENTER|true
18:27:53.0 (54814756)|HEAP_ALLOCATE|[EXTERNAL]|Bytes:396
18:27:53.0 (54822227)|VARIABLE_ASSIGNMENT|[EXTERNAL]|this.basicSearchDateStart|""|0x3fbd6419
18:27:53.0 (54843486)|SYSTEM_MODE_ENTER|true
18:27:53.0 (54854781)|HEAP_ALLOCATE|[EXTERNAL]|Bytes:396
18:27:53.0 (54862053)|VARIABLE_ASSIGNMENT|[EXTERNAL]|this.basicSearchDateEnd|""|0x3fbd6419
18:27:53.0 (54883317)|SYSTEM_MODE_ENTER|true
18:27:53.0 (54894615)|HEAP_ALLOCATE|[EXTERNAL]|Bytes:1
18:27:53.0 (54899446)|HEAP_ALLOCATE|[EXTERNAL]|Bytes:396
18:27:53.0 (54906430)|VARIABLE_ASSIGNMENT|[EXTERNAL]|this.basicSearchCategory|" "|0x3fbd6419
18:27:53.0 (54929188)|SYSTEM_MODE_ENTER|true
18:27:53.0 (54941629)|HEAP_ALLOCATE|[EXTERNAL]|Bytes:1
18:27:53.0 (54945935)|HEAP_ALLOCATE|[EXTERNAL]|Bytes:396
18:27:53.0 (54952144)|VARIABLE_ASSIGNMENT|[EXTERNAL]|this.basicSearchRole1|" "|0x3fbd6419
18:27:53.0 (54973651)|SYSTEM_MODE_ENTER|true
18:27:53.0 (54984336)|HEAP_ALLOCATE|[EXTERNAL]|Bytes:1
18:27:53.0 (54988866)|HEAP_ALLOCATE|[EXTERNAL]|Bytes:396
18:27:53.0 (54995437)|VARIABLE_ASSIGNMENT|[EXTERNAL]|this.basicSearchRole2|" "|0x3fbd6419
18:27:53.0 (55017878)|SYSTEM_MODE_ENTER|true
18:27:53.0 (55030548)|HEAP_ALLOCATE|[EXTERNAL]|Bytes:1
18:27:53.0 (55034708)|HEAP_ALLOCATE|[EXTERNAL]|Bytes:396
18:27:53.0 (55041368)|VARIABLE_ASSIGNMENT|[EXTERNAL]|this.basicSearchRole3|" "|0x3fbd6419
18:27:53.0 (55064043)|SYSTEM_MODE_ENTER|true
18:27:53.0 (55075727)|HEAP_ALLOCATE|[EXTERNAL]|Bytes:1
18:27:53.0 (55080263)|HEAP_ALLOCATE|[EXTERNAL]|Bytes:396
18:27:53.0 (55086465)|VARIABLE_ASSIGNMENT|[EXTERNAL]|this.basicSearchSort|" "|0x3fbd6419
18:27:53.0 (55108602)|SYSTEM_MODE_ENTER|true
18:27:53.0 (55120097)|HEAP_ALLOCATE|[EXTERNAL]|Bytes:2
18:27:53.0 (55124815)|HEAP_ALLOCATE|[EXTERNAL]|Bytes:396
18:27:53.0 (55131589)|VARIABLE_ASSIGNMENT|[EXTERNAL]|this.basicSearchCount|"20"|0x3fbd6419
18:27:53.0 (55159602)|SYSTEM_MODE_ENTER|true
18:27:53.0 (55198673)|SYSTEM_MODE_ENTER|true
18:27:53.0 (55276690)|SYSTEM_MODE_ENTER|true
18:27:53.0 (55386128)|SYSTEM_MODE_ENTER|true
18:27:53.0 (55431878)|SYSTEM_MODE_ENTER|true
18:27:53.0 (55472225)|SYSTEM_MODE_ENTER|true
18:27:53.0 (55596906)|SYSTEM_MODE_ENTER|true
18:27:53.0 (55665782)|HEAP_ALLOCATE|[EXTERNAL]|Bytes:396
18:27:53.0 (55676801)|VARIABLE_SCOPE_BEGIN|[53]|this|saReportCtrl|true|false
18:27:53.0 (55902061)|VARIABLE_ASSIGNMENT|[53]|this|{"attachmentId":"","basicSearchCategory":" ","basicSearchCount":"20","basicSearchDateEnd":"","basicSearchDateStart":"","basicSearchKeywords":"","basicSearchRole1":" ","basicSearchRole2":" ","basicSearchRole3":" ","basicSearchSort":" ","categoryDataOptions":"0x187cf818","countDataOptions":"0x26b8d616","createBody":" 1.課題/実践に至った経緯/背景 \n\n (87 more) ...","createCategory":"","createdReportId":"","createProcess":"","createSubject":"","currentUser":"0x693c0aa6","draftBody":"","draftSubject":"","isApprover":true,"isCopySelected":false,"isGoodSelected":false,"isVeryGoodSelected":false,"latestBasicSearchCategory":"","latestBasicSearchCount":"","latestBasicSearchDateEnd":"","latestBasicSearchDateStart":"","latestBasicSearchKeywords":"","latestBasicSearchRole1":"","latestBasicSearchRole2":"","latestBasicSearchRole3":"","latestBasicSearchSort":"","latestMySearchCount":"","latestMySearchDateEnd":"","latestMySearchDateStart":"","latestMySearchKeywords":"","latestMySearchState":"","latestPendingCount":"","latestPendingDateEnd":"","latestPendingDateStart":"","latestPendingKeywords":"","latestSelectedProcess":"","listOfCategory":"0x7818d4f","listOfSAReports":"0x4d50f83f","lsAttachments":"0x2d388fe5","lsRolesFull":"0x4afedebf","mapOfCategory":"0x439e947c","messageError":"","messageSubmissionComplete":"","mySearchCount":"","mySearchDateEnd":"","mySearchDateStart":"","mySearchKeywords":"","mySearchState":"","newCommentValue1":"","newCommentValue2":"","pageNum":1,"pageSize":20,"pendingCount":"","pendingDateEnd":"","pendingDateStart":"","pendingKeywords":"","processDataOptions":"0x9451d30","recordsCount":0,"remandBody":"","remandCategory":"","remandProcess":"","remandSubject":"","reportComments":"0x606bec5a","reportGoodViews":"0x5c5cddce","reportManagedViews":"0x6b568f4d","reportRendered":false,"reportState":"","roleLevel1DataOptions":"0x7bef4ccd","roleLevel2DataOptions":"0x638d6687","roleLevel3DataOptions":"0x5873e037","searchCategoryLabel":"","searchCountLabel":"","searchParttern":0,"searchStateLabel":"","selectedCategoryName":"","selectedProcess":"","selectedReport":"0x4a5ba38a","selectedReportName":"","selectedView":"","sortDataOptions":"0x27306f19","stateDataOptions":"0x75ed9fa7"}|0x3fbd6419
18:27:53.0 (55938221)|VARIABLE_SCOPE_BEGIN|[53]|value|String|false|false
18:27:53.0 (55947963)|VARIABLE_ASSIGNMENT|[53]|value|null
18:27:53.0 (55960418)|SYSTEM_MODE_ENTER|false
18:27:53.0 (55968595)|HEAP_ALLOCATE|[54]|Bytes:5
18:27:53.0 (55973696)|STATEMENT_EXECUTE|[53]
18:27:53.0 (55975562)|STATEMENT_EXECUTE|[54]
18:27:53.0 (55985381)|VARIABLE_ASSIGNMENT|[54]|this.createCategory|null|0x3fbd6419
18:27:53.0 (55992320)|SYSTEM_MODE_EXIT|false
18:27:53.0 (56029802)|SYSTEM_MODE_ENTER|true
18:27:53.0 (56047435)|HEAP_ALLOCATE|[EXTERNAL]|Bytes:396
18:27:53.0 (56056629)|VARIABLE_ASSIGNMENT|[EXTERNAL]|this.createProcess|null|0x3fbd6419
18:27:53.0 (56093494)|SYSTEM_MODE_ENTER|true
18:27:53.0 (56133527)|SYSTEM_MODE_ENTER|true
18:27:53.0 (56229192)|SYSTEM_MODE_ENTER|true
18:27:53.0 (56244231)|HEAP_ALLOCATE|[EXTERNAL]|Bytes:396
18:27:53.0 (56256967)|VARIABLE_ASSIGNMENT|[EXTERNAL]|this.mySearchState|null|0x3fbd6419
18:27:53.0 (56283391)|SYSTEM_MODE_ENTER|true
18:27:53.0 (56295481)|HEAP_ALLOCATE|[EXTERNAL]|Bytes:396
18:27:53.0 (56305191)|VARIABLE_ASSIGNMENT|[EXTERNAL]|this.mySearchCount|null|0x3fbd6419
18:27:53.0 (56333468)|SYSTEM_MODE_ENTER|true
18:27:53.0 (56375111)|SYSTEM_MODE_ENTER|true
18:27:53.0 (56462494)|SYSTEM_MODE_ENTER|true
18:27:53.0 (56476095)|HEAP_ALLOCATE|[EXTERNAL]|Bytes:396
18:27:53.0 (56484688)|VARIABLE_ASSIGNMENT|[EXTERNAL]|this.draftCategory|null|0x3fbd6419
18:27:53.0 (56508709)|SYSTEM_MODE_ENTER|true
18:27:53.0 (56520453)|HEAP_ALLOCATE|[EXTERNAL]|Bytes:396
18:27:53.0 (56527873)|VARIABLE_ASSIGNMENT|[EXTERNAL]|this.draftProcess|null|0x3fbd6419
18:27:53.0 (56572328)|SYSTEM_MODE_ENTER|true
18:27:53.0 (56733491)|SYSTEM_MODE_ENTER|true
18:27:53.0 (56748870)|HEAP_ALLOCATE|[EXTERNAL]|Bytes:396
18:27:53.0 (56763704)|VARIABLE_ASSIGNMENT|[EXTERNAL]|this.remandCategory|null|0x3fbd6419
18:27:53.0 (56788267)|SYSTEM_MODE_ENTER|true
18:27:53.0 (56799515)|HEAP_ALLOCATE|[EXTERNAL]|Bytes:396
18:27:53.0 (56810246)|VARIABLE_ASSIGNMENT|[EXTERNAL]|this.remandProcess|null|0x3fbd6419
18:27:53.0 (56861353)|SYSTEM_MODE_ENTER|true
18:27:53.0 (56897300)|SYSTEM_MODE_ENTER|true
18:27:53.0 (56966001)|SYSTEM_MODE_ENTER|true
18:27:53.0 (56980250)|HEAP_ALLOCATE|[EXTERNAL]|Bytes:396
18:27:53.0 (56992689)|VARIABLE_ASSIGNMENT|[EXTERNAL]|this.pendingCount|null|0x3fbd6419
18:27:53.0 (57020832)|SYSTEM_MODE_ENTER|true
18:27:53.0 (57056693)|SYSTEM_MODE_ENTER|true
18:27:53.0 (106182807)|SYSTEM_MODE_ENTER|true
18:27:53.0 (106231388)|HEAP_ALLOCATE|[EXTERNAL]|Bytes:284
18:27:53.0 (106258809)|HEAP_ALLOCATE|[EXTERNAL]|Bytes:160
18:27:53.0 (106279963)|METHOD_ENTRY|[1]|01pN0000000Mill|auMainTopCompCtrl.auMainTopCompCtrl()
18:27:53.0 (106287693)|STATEMENT_EXECUTE|[1]
18:27:53.0 (106292849)|STATEMENT_EXECUTE|[1]
18:27:53.0 (106295010)|STATEMENT_EXECUTE|[3]
18:27:53.0 (106301628)|HEAP_ALLOCATE|[3]|Bytes:4
18:27:53.0 (106324957)|VARIABLE_ASSIGNMENT|[3]|auMainTopCompCtrl.TYPE_SCREEN_SWITCH|0
18:27:53.0 (106331216)|STATEMENT_EXECUTE|[4]
18:27:53.0 (106334668)|HEAP_ALLOCATE|[4]|Bytes:4
18:27:53.0 (106349236)|VARIABLE_ASSIGNMENT|[4]|auMainTopCompCtrl.TYPE_SCREEN_STPD_EVENT|11
18:27:53.0 (106354006)|STATEMENT_EXECUTE|[5]
18:27:53.0 (106356738)|HEAP_ALLOCATE|[5]|Bytes:4
18:27:53.0 (106366165)|VARIABLE_ASSIGNMENT|[5]|auMainTopCompCtrl.TYPE_SCREEN_STPD_TIMELINE|12
18:27:53.0 (106370640)|STATEMENT_EXECUTE|[6]
18:27:53.0 (106373258)|HEAP_ALLOCATE|[6]|Bytes:4
18:27:53.0 (106380533)|VARIABLE_ASSIGNMENT|[6]|auMainTopCompCtrl.TYPE_SCREEN_STPD_SCREEN|13
18:27:53.0 (106384659)|STATEMENT_EXECUTE|[7]
18:27:53.0 (106387619)|HEAP_ALLOCATE|[7]|Bytes:4
18:27:53.0 (106393675)|VARIABLE_ASSIGNMENT|[7]|auMainTopCompCtrl.TYPE_SCREEN_CX_SCREEN|21
18:27:53.0 (106397545)|STATEMENT_EXECUTE|[8]
18:27:53.0 (106400013)|HEAP_ALLOCATE|[8]|Bytes:4
18:27:53.0 (106405720)|VARIABLE_ASSIGNMENT|[8]|auMainTopCompCtrl.TYPE_SCREEN_CX_TIMELINE|22
18:27:53.0 (106409896)|STATEMENT_EXECUTE|[9]
18:27:53.0 (106413050)|HEAP_ALLOCATE|[9]|Bytes:4
18:27:53.0 (106418569)|VARIABLE_ASSIGNMENT|[9]|auMainTopCompCtrl.TYPE_SCREEN_EVENT_SCHEDULE|31
18:27:53.0 (106422760)|STATEMENT_EXECUTE|[10]
18:27:53.0 (106425602)|HEAP_ALLOCATE|[10]|Bytes:4
18:27:53.0 (106431824)|VARIABLE_ASSIGNMENT|[10]|auMainTopCompCtrl.TYPE_SCREEN_EVENT_SCHEDULE_LIST|32
18:27:53.0 (106435955)|STATEMENT_EXECUTE|[11]
18:27:53.0 (106439003)|HEAP_ALLOCATE|[11]|Bytes:4
18:27:53.0 (106445543)|VARIABLE_ASSIGNMENT|[11]|auMainTopCompCtrl.TYPE_SCREEN_KNOWLEDGE_DASHBOARD|41
18:27:53.0 (106449745)|STATEMENT_EXECUTE|[12]
18:27:53.0 (106452718)|HEAP_ALLOCATE|[12]|Bytes:4
18:27:53.0 (106459589)|VARIABLE_ASSIGNMENT|[12]|auMainTopCompCtrl.TYPE_SCREEN_KNOWLEDGE_LIST|42
18:27:53.0 (106463441)|STATEMENT_EXECUTE|[13]
18:27:53.0 (106466000)|HEAP_ALLOCATE|[13]|Bytes:4
18:27:53.0 (106472823)|VARIABLE_ASSIGNMENT|[13]|auMainTopCompCtrl.TYPE_SCREEN_SA_MESSAGES|51
18:27:53.0 (106476587)|STATEMENT_EXECUTE|[14]
18:27:53.0 (106479178)|HEAP_ALLOCATE|[14]|Bytes:4
18:27:53.0 (106486002)|VARIABLE_ASSIGNMENT|[14]|auMainTopCompCtrl.TYPE_SCREEN_SA_REPORTS|52
18:27:53.0 (106489845)|STATEMENT_EXECUTE|[15]
18:27:53.0 (106492646)|HEAP_ALLOCATE|[15]|Bytes:4
18:27:53.0 (106499368)|VARIABLE_ASSIGNMENT|[15]|auMainTopCompCtrl.TYPE_SCREEN_SA_CHATTER|53
18:27:53.0 (106503473)|STATEMENT_EXECUTE|[16]
18:27:53.0 (106505987)|HEAP_ALLOCATE|[16]|Bytes:4
18:27:53.0 (106512273)|VARIABLE_ASSIGNMENT|[16]|auMainTopCompCtrl.TYPE_SCREEN_SA_DAILYREPORT|54
18:27:53.0 (106516143)|STATEMENT_EXECUTE|[17]
18:27:53.0 (106519266)|HEAP_ALLOCATE|[17]|Bytes:4
18:27:53.0 (106525769)|VARIABLE_ASSIGNMENT|[17]|auMainTopCompCtrl.TYPE_SCREEN_SA_ENQUETE|55
18:27:53.0 (106529752)|STATEMENT_EXECUTE|[18]
18:27:53.0 (106532301)|HEAP_ALLOCATE|[18]|Bytes:4
18:27:53.0 (106538634)|VARIABLE_ASSIGNMENT|[18]|auMainTopCompCtrl.TYPE_SCREEN_SA_DOCUMENTS|56
18:27:53.0 (106543093)|STATEMENT_EXECUTE|[19]
18:27:53.0 (106545684)|HEAP_ALLOCATE|[19]|Bytes:4
18:27:53.0 (106551910)|VARIABLE_ASSIGNMENT|[19]|auMainTopCompCtrl.TYPE_SCREEN_SA_RANKING|57
18:27:53.0 (106556039)|STATEMENT_EXECUTE|[20]
18:27:53.0 (106558872)|HEAP_ALLOCATE|[20]|Bytes:4
18:27:53.0 (106564735)|VARIABLE_ASSIGNMENT|[20]|auMainTopCompCtrl.TYPE_SCREEN_SA_LINKS|58
18:27:53.0 (106568831)|STATEMENT_EXECUTE|[21]
18:27:53.0 (106571385)|HEAP_ALLOCATE|[21]|Bytes:4
18:27:53.0 (106577803)|VARIABLE_ASSIGNMENT|[21]|auMainTopCompCtrl.TYPE_SCREEN_SA_USRSETTINGS|59
18:27:53.0 (106582393)|STATEMENT_EXECUTE|[22]
18:27:53.0 (106585177)|HEAP_ALLOCATE|[22]|Bytes:4
18:27:53.0 (106591824)|VARIABLE_ASSIGNMENT|[22]|auMainTopCompCtrl.TYPE_SCREEN_SA_DAILYREPORTLIST|60
18:27:53.0 (106595533)|STATEMENT_EXECUTE|[23]
18:27:53.0 (106598399)|HEAP_ALLOCATE|[23]|Bytes:4
18:27:53.0 (106605601)|VARIABLE_ASSIGNMENT|[23]|auMainTopCompCtrl.TYPE_SCREEN_SA_TODO|61
18:27:53.0 (106609716)|STATEMENT_EXECUTE|[24]
18:27:53.0 (106612589)|HEAP_ALLOCATE|[24]|Bytes:4
18:27:53.0 (106618913)|VARIABLE_ASSIGNMENT|[24]|auMainTopCompCtrl.TYPE_SCREEN_HONBU_DIRECT|71
18:27:53.0 (106623060)|STATEMENT_EXECUTE|[25]
18:27:53.0 (106625938)|HEAP_ALLOCATE|[25]|Bytes:4
18:27:53.0 (106631376)|VARIABLE_ASSIGNMENT|[25]|auMainTopCompCtrl.TYPE_SCREEN_ACCOUNT_LIST|81
18:27:53.0 (106635198)|STATEMENT_EXECUTE|[26]
18:27:53.0 (106637734)|HEAP_ALLOCATE|[26]|Bytes:4
18:27:53.0 (106643640)|VARIABLE_ASSIGNMENT|[26]|auMainTopCompCtrl.TYPE_SCREEN_ACTIVITY_LIST|82
18:27:53.0 (106647258)|STATEMENT_EXECUTE|[27]
18:27:53.0 (106649821)|HEAP_ALLOCATE|[27]|Bytes:4
18:27:53.0 (106656586)|VARIABLE_ASSIGNMENT|[27]|auMainTopCompCtrl.TYPE_SCREEN_FILE_LIST|83
18:27:53.0 (106665867)|METHOD_EXIT|[1]|auMainTopCompCtrl
18:27:53.0 (106680864)|HEAP_ALLOCATE|[EXTERNAL]|Bytes:44
18:27:53.0 (106692015)|VARIABLE_ASSIGNMENT|[EXTERNAL]|this.iCountComments|null|0x7358851
18:27:53.0 (106759693)|SYSTEM_MODE_ENTER|true
18:27:53.0 (106775968)|HEAP_ALLOCATE|[EXTERNAL]|Bytes:44
18:27:53.0 (106784745)|VARIABLE_ASSIGNMENT|[EXTERNAL]|this.iCountLikes|null|0x7358851
18:27:53.0 (106886732)|SYSTEM_MODE_ENTER|true
18:27:53.0 (106947016)|HEAP_ALLOCATE|[EXTERNAL]|Bytes:396
18:27:53.0 (106959965)|VARIABLE_SCOPE_BEGIN|[199]|this|saReportCtrl|true|false
18:27:53.0 (107265316)|VARIABLE_ASSIGNMENT|[199]|this|{"attachmentId":"","basicSearchCategory":" ","basicSearchCount":"20","basicSearchDateEnd":"","basicSearchDateStart":"","basicSearchKeywords":"","basicSearchRole1":" ","basicSearchRole2":" ","basicSearchRole3":" ","basicSearchSort":" ","categoryDataOptions":"0x187cf818","countDataOptions":"0x26b8d616","createBody":" 1.課題/実践に至った経緯/背景 \n\n (87 more) ...","createdReportId":"","createSubject":"","currentUser":"0x693c0aa6","draftBody":"","draftSubject":"","isApprover":true,"isCopySelected":false,"isGoodSelected":false,"isVeryGoodSelected":false,"latestBasicSearchCategory":"","latestBasicSearchCount":"","latestBasicSearchDateEnd":"","latestBasicSearchDateStart":"","latestBasicSearchKeywords":"","latestBasicSearchRole1":"","latestBasicSearchRole2":"","latestBasicSearchRole3":"","latestBasicSearchSort":"","latestMySearchCount":"","latestMySearchDateEnd":"","latestMySearchDateStart":"","latestMySearchKeywords":"","latestMySearchState":"","latestPendingCount":"","latestPendingDateEnd":"","latestPendingDateStart":"","latestPendingKeywords":"","latestSelectedProcess":"","listOfCategory":"0x7818d4f","listOfSAReports":"0x4d50f83f","lsAttachments":"0x2d388fe5","lsRolesFull":"0x4afedebf","mapOfCategory":"0x439e947c","messageError":"","messageSubmissionComplete":"","mySearchDateEnd":"","mySearchDateStart":"","mySearchKeywords":"","newCommentValue1":"","newCommentValue2":"","pageNum":1,"pageSize":20,"pendingDateEnd":"","pendingDateStart":"","pendingKeywords":"","processDataOptions":"0x9451d30","recordsCount":0,"remandBody":"","remandSubject":"","reportComments":"0x606bec5a","reportGoodViews":"0x5c5cddce","reportManagedViews":"0x6b568f4d","reportRendered":false,"reportState":"","roleLevel1DataOptions":"0x7bef4ccd","roleLevel2DataOptions":"0x638d6687","roleLevel3DataOptions":"0x5873e037","searchCategoryLabel":"","searchCountLabel":"","searchParttern":0,"searchStateLabel":"","selectedCategoryName":"","selectedProcess":"","selectedReport":"0x4a5ba38a","selectedReportName":"","selectedView":"","sortDataOptions":"0x27306f19","stateDataOptions":"0x75ed9fa7"}|0x3fbd6419
18:27:53.0 (107307343)|SYSTEM_MODE_ENTER|false
18:27:53.0 (107316918)|HEAP_ALLOCATE|[199]|Bytes:5
18:27:53.0 (107322468)|STATEMENT_EXECUTE|[199]
18:27:53.0 (107324336)|STATEMENT_EXECUTE|[199]
18:27:53.0 (107332313)|SYSTEM_MODE_EXIT|false
18:27:53.0 (107399577)|SYSTEM_MODE_ENTER|true
18:27:53.0 (107418053)|HEAP_ALLOCATE|[EXTERNAL]|Bytes:8
18:27:53.0 (107423199)|HEAP_ALLOCATE|[EXTERNAL]|Bytes:44
18:27:53.0 (107431827)|VARIABLE_ASSIGNMENT|[EXTERNAL]|this.iTypeOfScreen|52|0x7358851
18:27:53.0 (107661815)|SYSTEM_MODE_ENTER|true
18:27:53.0 (107702723)|HEAP_ALLOCATE|[EXTERNAL]|Bytes:44
18:27:53.0 (107711750)|VARIABLE_SCOPE_BEGIN|[88]|this|auMainTopCompCtrl|true|false
18:27:53.0 (107765981)|VARIABLE_ASSIGNMENT|[88]|this|{"currentUser":"0x3db234","isSAUser":false,"iTypeOfScreen":52,"urlReportsSFA":"https://cs6.lightnin (84 more) ..."}|0x7358851
18:27:53.0 (107777547)|STATEMENT_EXECUTE|[88]
18:27:53.0 (107779593)|STATEMENT_EXECUTE|[89]
18:27:53.0 (107832830)|VARIABLE_ASSIGNMENT|[EXTERNAL]|this|{"currentUser":"0x3db234","isSAUser":false,"iTypeOfScreen":52,"urlReportsSFA":"https://cs6.lightnin (84 more) ..."}|0x7358851
18:27:53.0 (107884798)|VARIABLE_ASSIGNMENT|[EXTERNAL]|this|{"currentUser":"0x3db234","isSAUser":false,"iTypeOfScreen":52,"urlReportsSFA":"https://cs6.lightnin (84 more) ..."}|0x7358851
18:27:53.0 (107902624)|HEAP_ALLOCATE|[89]|Bytes:5
18:27:53.0 (107985878)|SYSTEM_MODE_ENTER|true
18:27:53.0 (108021479)|HEAP_ALLOCATE|[EXTERNAL]|Bytes:44
18:27:53.0 (108031149)|VARIABLE_SCOPE_BEGIN|[106]|this|auMainTopCompCtrl|true|false
18:27:53.0 (108063772)|VARIABLE_ASSIGNMENT|[106]|this|{"currentUser":"0x3db234","isSAUser":false,"iTypeOfScreen":52,"urlReportsSFA":"https://cs6.lightnin (84 more) ..."}|0x7358851
18:27:53.0 (108073890)|STATEMENT_EXECUTE|[106]
18:27:53.0 (108075717)|STATEMENT_EXECUTE|[107]
18:27:53.0 (108110560)|VARIABLE_ASSIGNMENT|[EXTERNAL]|this|{"currentUser":"0x3db234","isSAUser":false,"iTypeOfScreen":52,"urlReportsSFA":"https://cs6.lightnin (84 more) ..."}|0x7358851
18:27:53.0 (108127476)|HEAP_ALLOCATE|[107]|Bytes:5
18:27:53.0 (108191534)|SYSTEM_MODE_ENTER|true
18:27:53.0 (108223649)|HEAP_ALLOCATE|[EXTERNAL]|Bytes:44
18:27:53.0 (108231445)|VARIABLE_SCOPE_BEGIN|[110]|this|auMainTopCompCtrl|true|false
18:27:53.0 (108261469)|VARIABLE_ASSIGNMENT|[110]|this|{"currentUser":"0x3db234","isSAUser":false,"iTypeOfScreen":52,"urlReportsSFA":"https://cs6.lightnin (84 more) ..."}|0x7358851
18:27:53.0 (108271629)|STATEMENT_EXECUTE|[110]
18:27:53.0 (108273361)|STATEMENT_EXECUTE|[111]
18:27:53.0 (108306108)|VARIABLE_ASSIGNMENT|[EXTERNAL]|this|{"currentUser":"0x3db234","isSAUser":false,"iTypeOfScreen":52,"urlReportsSFA":"https://cs6.lightnin (84 more) ..."}|0x7358851
18:27:53.0 (108322718)|HEAP_ALLOCATE|[111]|Bytes:5
18:27:53.0 (108388643)|SYSTEM_MODE_ENTER|true
18:27:53.0 (108418592)|HEAP_ALLOCATE|[EXTERNAL]|Bytes:44
18:27:53.0 (108425994)|VARIABLE_SCOPE_BEGIN|[114]|this|auMainTopCompCtrl|true|false
18:27:53.0 (108458118)|VARIABLE_ASSIGNMENT|[114]|this|{"currentUser":"0x3db234","isSAUser":false,"iTypeOfScreen":52,"urlReportsSFA":"https://cs6.lightnin (84 more) ..."}|0x7358851
18:27:53.0 (108467429)|STATEMENT_EXECUTE|[114]
18:27:53.0 (108469204)|STATEMENT_EXECUTE|[115]
18:27:53.0 (108501728)|VARIABLE_ASSIGNMENT|[EXTERNAL]|this|{"currentUser":"0x3db234","isSAUser":false,"iTypeOfScreen":52,"urlReportsSFA":"https://cs6.lightnin (84 more) ..."}|0x7358851
18:27:53.0 (108516687)|HEAP_ALLOCATE|[115]|Bytes:5
18:27:53.0 (108694956)|SYSTEM_MODE_ENTER|true
18:27:53.0 (108751282)|SYSTEM_MODE_ENTER|true
18:27:53.0 (109119397)|SYSTEM_MODE_ENTER|true
18:27:53.0 (109192572)|SYSTEM_MODE_ENTER|true
18:27:53.0 (109323278)|SYSTEM_MODE_ENTER|true
18:27:53.0 (109489271)|SYSTEM_MODE_ENTER|true
18:27:53.0 (109565540)|SYSTEM_MODE_ENTER|true
18:27:53.0 (109627388)|SYSTEM_MODE_ENTER|true
18:27:53.0 (109685087)|SYSTEM_MODE_ENTER|true
18:27:53.0 (109845083)|SYSTEM_MODE_ENTER|true
18:27:53.0 (109922926)|SYSTEM_MODE_ENTER|true
18:27:53.0 (109990723)|SYSTEM_MODE_ENTER|true
18:27:53.0 (115545848)|SYSTEM_MODE_ENTER|true
18:27:53.0 (115595663)|HEAP_ALLOCATE|[EXTERNAL]|Bytes:396
18:27:53.0 (115606396)|VARIABLE_SCOPE_BEGIN|[174]|this|saReportCtrl|true|false
18:27:53.0 (115864961)|VARIABLE_ASSIGNMENT|[174]|this|{"attachmentId":"","basicSearchCategory":" ","basicSearchCount":"20","basicSearchDateEnd":"","basicSearchDateStart":"","basicSearchKeywords":"","basicSearchRole1":" ","basicSearchRole2":" ","basicSearchRole3":" ","basicSearchSort":" ","categoryDataOptions":"0x187cf818","countDataOptions":"0x26b8d616","createBody":" 1.課題/実践に至った経緯/背景 \n\n (87 more) ...","createdReportId":"","createSubject":"","currentUser":"0x693c0aa6","draftBody":"","draftSubject":"","isApprover":true,"isCopySelected":false,"isGoodSelected":false,"isVeryGoodSelected":false,"latestBasicSearchCategory":"","latestBasicSearchCount":"","latestBasicSearchDateEnd":"","latestBasicSearchDateStart":"","latestBasicSearchKeywords":"","latestBasicSearchRole1":"","latestBasicSearchRole2":"","latestBasicSearchRole3":"","latestBasicSearchSort":"","latestMySearchCount":"","latestMySearchDateEnd":"","latestMySearchDateStart":"","latestMySearchKeywords":"","latestMySearchState":"","latestPendingCount":"","latestPendingDateEnd":"","latestPendingDateStart":"","latestPendingKeywords":"","latestSelectedProcess":"","listOfCategory":"0x7818d4f","listOfSAReports":"0x4d50f83f","lsAttachments":"0x2d388fe5","lsRolesFull":"0x4afedebf","mapOfCategory":"0x439e947c","messageError":"","messageSubmissionComplete":"","mySearchDateEnd":"","mySearchDateStart":"","mySearchKeywords":"","newCommentValue1":"","newCommentValue2":"","pageNum":1,"pageSize":20,"pendingDateEnd":"","pendingDateStart":"","pendingKeywords":"","processDataOptions":"0x9451d30","recordsCount":0,"remandBody":"","remandSubject":"","reportComments":"0x606bec5a","reportGoodViews":"0x5c5cddce","reportManagedViews":"0x6b568f4d","reportRendered":false,"reportState":"","roleLevel1DataOptions":"0x7bef4ccd","roleLevel2DataOptions":"0x638d6687","roleLevel3DataOptions":"0x5873e037","searchCategoryLabel":"","searchCountLabel":"","searchParttern":0,"searchStateLabel":"","selectedCategoryName":"","selectedProcess":"","selectedReport":"0x4a5ba38a","selectedReportName":"","selectedView":"","sortDataOptions":"0x27306f19","stateDataOptions":"0x75ed9fa7"}|0x3fbd6419
18:27:53.0 (115905378)|SYSTEM_MODE_ENTER|false
18:27:53.0 (115913414)|HEAP_ALLOCATE|[175]|Bytes:5
18:27:53.0 (115919735)|STATEMENT_EXECUTE|[174]
18:27:53.0 (115921600)|STATEMENT_EXECUTE|[175]
18:27:53.0 (115927553)|SYSTEM_MODE_EXIT|false
18:27:53.0 (116055446)|SYSTEM_MODE_ENTER|true
18:27:53.0 (116190240)|SYSTEM_MODE_ENTER|true
18:27:53.0 (116225925)|HEAP_ALLOCATE|[EXTERNAL]|Bytes:396
18:27:53.0 (116233404)|VARIABLE_SCOPE_BEGIN|[57]|this|saReportCtrl|true|false
18:27:53.0 (116440832)|VARIABLE_ASSIGNMENT|[57]|this|{"attachmentId":"","basicSearchCategory":" ","basicSearchCount":"20","basicSearchDateEnd":"","basicSearchDateStart":"","basicSearchKeywords":"","basicSearchRole1":" ","basicSearchRole2":" ","basicSearchRole3":" ","basicSearchSort":" ","categoryDataOptions":"0x187cf818","countDataOptions":"0x26b8d616","createBody":" 1.課題/実践に至った経緯/背景 \n\n (87 more) ...","createdReportId":"","createSubject":"","currentUser":"0x693c0aa6","draftBody":"","draftSubject":"","isApprover":true,"isCopySelected":false,"isGoodSelected":false,"isVeryGoodSelected":false,"latestBasicSearchCategory":"","latestBasicSearchCount":"","latestBasicSearchDateEnd":"","latestBasicSearchDateStart":"","latestBasicSearchKeywords":"","latestBasicSearchRole1":"","latestBasicSearchRole2":"","latestBasicSearchRole3":"","latestBasicSearchSort":"","latestMySearchCount":"","latestMySearchDateEnd":"","latestMySearchDateStart":"","latestMySearchKeywords":"","latestMySearchState":"","latestPendingCount":"","latestPendingDateEnd":"","latestPendingDateStart":"","latestPendingKeywords":"","latestSelectedProcess":"","listOfCategory":"0x7818d4f","listOfSAReports":"0x4d50f83f","lsAttachments":"0x2d388fe5","lsRolesFull":"0x4afedebf","mapOfCategory":"0x439e947c","messageError":"","messageSubmissionComplete":"","mySearchDateEnd":"","mySearchDateStart":"","mySearchKeywords":"","newCommentValue1":"","newCommentValue2":"","pageNum":1,"pageSize":20,"pendingDateEnd":"","pendingDateStart":"","pendingKeywords":"","processDataOptions":"0x9451d30","recordsCount":0,"remandBody":"","remandSubject":"","reportComments":"0x606bec5a","reportGoodViews":"0x5c5cddce","reportManagedViews":"0x6b568f4d","reportRendered":false,"reportState":"","roleLevel1DataOptions":"0x7bef4ccd","roleLevel2DataOptions":"0x638d6687","roleLevel3DataOptions":"0x5873e037","searchCategoryLabel":"","searchCountLabel":"","searchParttern":0,"searchStateLabel":"","selectedCategoryName":"","selectedProcess":"","selectedReport":"0x4a5ba38a","selectedReportName":"","selectedView":"","sortDataOptions":"0x27306f19","stateDataOptions":"0x75ed9fa7"}|0x3fbd6419
18:27:53.0 (116480943)|SYSTEM_MODE_ENTER|false
18:27:53.0 (116488589)|HEAP_ALLOCATE|[58]|Bytes:5
18:27:53.0 (116493916)|STATEMENT_EXECUTE|[57]
18:27:53.0 (116495723)|STATEMENT_EXECUTE|[58]
18:27:53.0 (116500200)|SYSTEM_MODE_EXIT|false
18:27:53.0 (116848407)|SYSTEM_MODE_ENTER|true
18:27:53.0 (116941500)|SYSTEM_MODE_ENTER|true
18:27:53.0 (117051590)|SYSTEM_MODE_ENTER|true
18:27:53.0 (124487453)|VF_SERIALIZE_VIEWSTATE_BEGIN|066N0000000M59u
18:27:53.0 (141265252)|VF_SERIALIZE_VIEWSTATE_END
18:27:53.154 (154767100)|CUMULATIVE_LIMIT_USAGE
18:27:53.154 (154767100)|LIMIT_USAGE_FOR_NS|(default)|
  Number of SOQL queries: 0 out of 100
  Number of query rows: 0 out of 50000
  Number of SOSL queries: 0 out of 20
  Number of DML statements: 0 out of 150
  Number of DML rows: 0 out of 10000
  Maximum CPU time: 0 out of 10000
  Maximum heap size: 0 out of 6000000
  Number of callouts: 0 out of 100
  Number of Email Invocations: 0 out of 10
  Number of future calls: 0 out of 50
  Number of queueable jobs added to the queue: 0 out of 50
  Number of Mobile Apex push calls: 0 out of 10

18:27:53.154 (154767100)|CUMULATIVE_LIMIT_USAGE_END

18:27:53.0 (154817891)|CODE_UNIT_FINISHED|VF: /apex/saReport
18:27:53.0 (155582530)|EXECUTION_FINISHED
