38.0 APEX_CODE,FINEST;APEX_PROFILING,INFO;CALLOUT,INFO;DB,INFO;NBA,INFO;SYSTEM,DEBUG;VALIDATION,INFO;VISUALFORCE,INFO;WAVE,INFO;WORKFLOW,INFO
16:28:51.0 (86293)|USER_INFO|[EXTERNAL]|0056F000006PtYl|gwadmin@gw.jp.kddi.gwdev01|日本標準時|GMT+09:00
16:28:51.0 (117633)|EXECUTION_STARTED
16:28:51.0 (122073)|CODE_UNIT_STARTED|[EXTERNAL]|066N0000000F3IS|VF: /apex/auCxKnowledgeTimelinePage
16:28:51.0 (574835)|VF_DESERIALIZE_VIEWSTATE_BEGIN|066N0000000F3IS
16:28:51.0 (3914634)|HEAP_ALLOCATE|[72]|Bytes:3
16:28:51.0 (3940564)|HEAP_ALLOCATE|[77]|Bytes:152
16:28:51.0 (3951016)|HEAP_ALLOCATE|[342]|Bytes:408
16:28:51.0 (3962123)|HEAP_ALLOCATE|[355]|Bytes:408
16:28:51.0 (3972995)|HEAP_ALLOCATE|[467]|Bytes:48
16:28:51.0 (3992377)|HEAP_ALLOCATE|[139]|Bytes:6
16:28:51.0 (6371992)|HEAP_ALLOCATE|[50]|Bytes:5
16:28:51.0 (6394885)|HEAP_ALLOCATE|[56]|Bytes:5
16:28:51.0 (6404513)|HEAP_ALLOCATE|[64]|Bytes:7
16:28:51.0 (7682280)|VARIABLE_SCOPE_BEGIN|[25]|auMainTopCompCtrl.TYPE_SCREEN_ACCOUNT_LIST|Integer|false|true
16:28:51.0 (7695103)|VARIABLE_SCOPE_BEGIN|[26]|auMainTopCompCtrl.TYPE_SCREEN_ACTIVITY_LIST|Integer|false|true
16:28:51.0 (7701866)|VARIABLE_SCOPE_BEGIN|[7]|auMainTopCompCtrl.TYPE_SCREEN_CX_SCREEN|Integer|false|true
16:28:51.0 (7708200)|VARIABLE_SCOPE_BEGIN|[8]|auMainTopCompCtrl.TYPE_SCREEN_CX_TIMELINE|Integer|false|true
16:28:51.0 (7714994)|VARIABLE_SCOPE_BEGIN|[9]|auMainTopCompCtrl.TYPE_SCREEN_EVENT_SCHEDULE|Integer|false|true
16:28:51.0 (7728630)|VARIABLE_SCOPE_BEGIN|[10]|auMainTopCompCtrl.TYPE_SCREEN_EVENT_SCHEDULE_LIST|Integer|false|true
16:28:51.0 (7735698)|VARIABLE_SCOPE_BEGIN|[27]|auMainTopCompCtrl.TYPE_SCREEN_FILE_LIST|Integer|false|true
16:28:51.0 (7741869)|VARIABLE_SCOPE_BEGIN|[24]|auMainTopCompCtrl.TYPE_SCREEN_HONBU_DIRECT|Integer|false|true
16:28:51.0 (7748508)|VARIABLE_SCOPE_BEGIN|[11]|auMainTopCompCtrl.TYPE_SCREEN_KNOWLEDGE_DASHBOARD|Integer|false|true
16:28:51.0 (7755125)|VARIABLE_SCOPE_BEGIN|[12]|auMainTopCompCtrl.TYPE_SCREEN_KNOWLEDGE_LIST|Integer|false|true
16:28:51.0 (7761368)|VARIABLE_SCOPE_BEGIN|[15]|auMainTopCompCtrl.TYPE_SCREEN_SA_CHATTER|Integer|false|true
16:28:51.0 (7767173)|VARIABLE_SCOPE_BEGIN|[16]|auMainTopCompCtrl.TYPE_SCREEN_SA_DAILYREPORT|Integer|false|true
16:28:51.0 (7773236)|VARIABLE_SCOPE_BEGIN|[22]|auMainTopCompCtrl.TYPE_SCREEN_SA_DAILYREPORTLIST|Integer|false|true
16:28:51.0 (7778914)|VARIABLE_SCOPE_BEGIN|[18]|auMainTopCompCtrl.TYPE_SCREEN_SA_DOCUMENTS|Integer|false|true
16:28:51.0 (7785185)|VARIABLE_SCOPE_BEGIN|[17]|auMainTopCompCtrl.TYPE_SCREEN_SA_ENQUETE|Integer|false|true
16:28:51.0 (7791017)|VARIABLE_SCOPE_BEGIN|[20]|auMainTopCompCtrl.TYPE_SCREEN_SA_LINKS|Integer|false|true
16:28:51.0 (7797215)|VARIABLE_SCOPE_BEGIN|[13]|auMainTopCompCtrl.TYPE_SCREEN_SA_MESSAGES|Integer|false|true
16:28:51.0 (7803174)|VARIABLE_SCOPE_BEGIN|[19]|auMainTopCompCtrl.TYPE_SCREEN_SA_RANKING|Integer|false|true
16:28:51.0 (7808855)|VARIABLE_SCOPE_BEGIN|[14]|auMainTopCompCtrl.TYPE_SCREEN_SA_REPORTS|Integer|false|true
16:28:51.0 (7815024)|VARIABLE_SCOPE_BEGIN|[23]|auMainTopCompCtrl.TYPE_SCREEN_SA_TODO|Integer|false|true
16:28:51.0 (7821002)|VARIABLE_SCOPE_BEGIN|[21]|auMainTopCompCtrl.TYPE_SCREEN_SA_USRSETTINGS|Integer|false|true
16:28:51.0 (7826944)|VARIABLE_SCOPE_BEGIN|[4]|auMainTopCompCtrl.TYPE_SCREEN_STPD_EVENT|Integer|false|true
16:28:51.0 (7832992)|VARIABLE_SCOPE_BEGIN|[6]|auMainTopCompCtrl.TYPE_SCREEN_STPD_SCREEN|Integer|false|true
16:28:51.0 (7839096)|VARIABLE_SCOPE_BEGIN|[5]|auMainTopCompCtrl.TYPE_SCREEN_STPD_TIMELINE|Integer|false|true
16:28:51.0 (7845483)|VARIABLE_SCOPE_BEGIN|[3]|auMainTopCompCtrl.TYPE_SCREEN_SWITCH|Integer|false|true
16:28:51.0 (10926982)|VF_DESERIALIZE_VIEWSTATE_END
16:28:51.0 (15332006)|SYSTEM_MODE_ENTER|true
16:28:51.0 (15364075)|HEAP_ALLOCATE|[EXTERNAL]|Bytes:17
16:28:51.0 (15375050)|HEAP_ALLOCATE|[EXTERNAL]|Bytes:552
16:28:51.0 (15379434)|HEAP_ALLOCATE|[EXTERNAL]|Bytes:199
16:28:51.0 (15382726)|HEAP_ALLOCATE|[EXTERNAL]|Bytes:3
16:28:51.0 (15392684)|METHOD_ENTRY|[1]|01pN0000000Mopj|auCxKnowledgeTimelineCtrl.auCxKnowledgeTimelineCtrl()
16:28:51.0 (15399476)|STATEMENT_EXECUTE|[1]
16:28:51.0 (15405043)|STATEMENT_EXECUTE|[1]
16:28:51.0 (15413044)|SYSTEM_MODE_ENTER|false
16:28:51.0 (15421971)|HEAP_ALLOCATE|[EXTERNAL]|Bytes:5
16:28:51.0 (15427368)|STATEMENT_EXECUTE|[330]
16:28:51.0 (15431465)|SYSTEM_MODE_EXIT|false
16:28:51.0 (15438614)|METHOD_EXIT|[1]|auCxKnowledgeTimelineCtrl
16:28:51.0 (15784933)|SYSTEM_MODE_ENTER|true
16:28:51.0 (38844364)|SYSTEM_MODE_ENTER|true
16:28:51.0 (38884812)|HEAP_ALLOCATE|[EXTERNAL]|Bytes:284
16:28:51.0 (38902916)|HEAP_ALLOCATE|[EXTERNAL]|Bytes:160
16:28:51.0 (38916032)|METHOD_ENTRY|[1]|01pN0000000Mill|auMainTopCompCtrl.auMainTopCompCtrl()
16:28:51.0 (38921851)|STATEMENT_EXECUTE|[1]
16:28:51.0 (38927495)|STATEMENT_EXECUTE|[1]
16:28:51.0 (38929700)|STATEMENT_EXECUTE|[3]
16:28:51.0 (38934467)|HEAP_ALLOCATE|[3]|Bytes:4
16:28:51.0 (38962481)|VARIABLE_ASSIGNMENT|[3]|auMainTopCompCtrl.TYPE_SCREEN_SWITCH|0
16:28:51.0 (38968076)|STATEMENT_EXECUTE|[4]
16:28:51.0 (38971201)|HEAP_ALLOCATE|[4]|Bytes:4
16:28:51.0 (38979417)|VARIABLE_ASSIGNMENT|[4]|auMainTopCompCtrl.TYPE_SCREEN_STPD_EVENT|11
16:28:51.0 (38983439)|STATEMENT_EXECUTE|[5]
16:28:51.0 (38985589)|HEAP_ALLOCATE|[5]|Bytes:4
16:28:51.0 (38993613)|VARIABLE_ASSIGNMENT|[5]|auMainTopCompCtrl.TYPE_SCREEN_STPD_TIMELINE|12
16:28:51.0 (38998924)|STATEMENT_EXECUTE|[6]
16:28:51.0 (39001703)|HEAP_ALLOCATE|[6]|Bytes:4
16:28:51.0 (39011399)|VARIABLE_ASSIGNMENT|[6]|auMainTopCompCtrl.TYPE_SCREEN_STPD_SCREEN|13
16:28:51.0 (39017341)|STATEMENT_EXECUTE|[7]
16:28:51.0 (39020066)|HEAP_ALLOCATE|[7]|Bytes:4
16:28:51.0 (39027905)|VARIABLE_ASSIGNMENT|[7]|auMainTopCompCtrl.TYPE_SCREEN_CX_SCREEN|21
16:28:51.0 (39033161)|STATEMENT_EXECUTE|[8]
16:28:51.0 (39035739)|HEAP_ALLOCATE|[8]|Bytes:4
16:28:51.0 (39043432)|VARIABLE_ASSIGNMENT|[8]|auMainTopCompCtrl.TYPE_SCREEN_CX_TIMELINE|22
16:28:51.0 (39049396)|STATEMENT_EXECUTE|[9]
16:28:51.0 (39052066)|HEAP_ALLOCATE|[9]|Bytes:4
16:28:51.0 (39059023)|VARIABLE_ASSIGNMENT|[9]|auMainTopCompCtrl.TYPE_SCREEN_EVENT_SCHEDULE|31
16:28:51.0 (39063220)|STATEMENT_EXECUTE|[10]
16:28:51.0 (39065257)|HEAP_ALLOCATE|[10]|Bytes:4
16:28:51.0 (39070689)|VARIABLE_ASSIGNMENT|[10]|auMainTopCompCtrl.TYPE_SCREEN_EVENT_SCHEDULE_LIST|32
16:28:51.0 (39074463)|STATEMENT_EXECUTE|[11]
16:28:51.0 (39076507)|HEAP_ALLOCATE|[11]|Bytes:4
16:28:51.0 (39081784)|VARIABLE_ASSIGNMENT|[11]|auMainTopCompCtrl.TYPE_SCREEN_KNOWLEDGE_DASHBOARD|41
16:28:51.0 (39085051)|STATEMENT_EXECUTE|[12]
16:28:51.0 (39086909)|HEAP_ALLOCATE|[12]|Bytes:4
16:28:51.0 (39092871)|VARIABLE_ASSIGNMENT|[12]|auMainTopCompCtrl.TYPE_SCREEN_KNOWLEDGE_LIST|42
16:28:51.0 (39096606)|STATEMENT_EXECUTE|[13]
16:28:51.0 (39098576)|HEAP_ALLOCATE|[13]|Bytes:4
16:28:51.0 (39104176)|VARIABLE_ASSIGNMENT|[13]|auMainTopCompCtrl.TYPE_SCREEN_SA_MESSAGES|51
16:28:51.0 (39108109)|STATEMENT_EXECUTE|[14]
16:28:51.0 (39109965)|HEAP_ALLOCATE|[14]|Bytes:4
16:28:51.0 (39116502)|VARIABLE_ASSIGNMENT|[14]|auMainTopCompCtrl.TYPE_SCREEN_SA_REPORTS|52
16:28:51.0 (39119754)|STATEMENT_EXECUTE|[15]
16:28:51.0 (39121615)|HEAP_ALLOCATE|[15]|Bytes:4
16:28:51.0 (39127093)|VARIABLE_ASSIGNMENT|[15]|auMainTopCompCtrl.TYPE_SCREEN_SA_CHATTER|53
16:28:51.0 (39130325)|STATEMENT_EXECUTE|[16]
16:28:51.0 (39132346)|HEAP_ALLOCATE|[16]|Bytes:4
16:28:51.0 (39137664)|VARIABLE_ASSIGNMENT|[16]|auMainTopCompCtrl.TYPE_SCREEN_SA_DAILYREPORT|54
16:28:51.0 (39140967)|STATEMENT_EXECUTE|[17]
16:28:51.0 (39142908)|HEAP_ALLOCATE|[17]|Bytes:4
16:28:51.0 (39148255)|VARIABLE_ASSIGNMENT|[17]|auMainTopCompCtrl.TYPE_SCREEN_SA_ENQUETE|55
16:28:51.0 (39151426)|STATEMENT_EXECUTE|[18]
16:28:51.0 (39153278)|HEAP_ALLOCATE|[18]|Bytes:4
16:28:51.0 (39158806)|VARIABLE_ASSIGNMENT|[18]|auMainTopCompCtrl.TYPE_SCREEN_SA_DOCUMENTS|56
16:28:51.0 (39162193)|STATEMENT_EXECUTE|[19]
16:28:51.0 (39164110)|HEAP_ALLOCATE|[19]|Bytes:4
16:28:51.0 (39172118)|VARIABLE_ASSIGNMENT|[19]|auMainTopCompCtrl.TYPE_SCREEN_SA_RANKING|57
16:28:51.0 (39175920)|STATEMENT_EXECUTE|[20]
16:28:51.0 (39177820)|HEAP_ALLOCATE|[20]|Bytes:4
16:28:51.0 (39183433)|VARIABLE_ASSIGNMENT|[20]|auMainTopCompCtrl.TYPE_SCREEN_SA_LINKS|58
16:28:51.0 (39187106)|STATEMENT_EXECUTE|[21]
16:28:51.0 (39188950)|HEAP_ALLOCATE|[21]|Bytes:4
16:28:51.0 (39194602)|VARIABLE_ASSIGNMENT|[21]|auMainTopCompCtrl.TYPE_SCREEN_SA_USRSETTINGS|59
16:28:51.0 (39198135)|STATEMENT_EXECUTE|[22]
16:28:51.0 (39199908)|HEAP_ALLOCATE|[22]|Bytes:4
16:28:51.0 (39205283)|VARIABLE_ASSIGNMENT|[22]|auMainTopCompCtrl.TYPE_SCREEN_SA_DAILYREPORTLIST|60
16:28:51.0 (39208771)|STATEMENT_EXECUTE|[23]
16:28:51.0 (39210643)|HEAP_ALLOCATE|[23]|Bytes:4
16:28:51.0 (39216406)|VARIABLE_ASSIGNMENT|[23]|auMainTopCompCtrl.TYPE_SCREEN_SA_TODO|61
16:28:51.0 (39219717)|STATEMENT_EXECUTE|[24]
16:28:51.0 (39221920)|HEAP_ALLOCATE|[24]|Bytes:4
16:28:51.0 (39227274)|VARIABLE_ASSIGNMENT|[24]|auMainTopCompCtrl.TYPE_SCREEN_HONBU_DIRECT|71
16:28:51.0 (39230592)|STATEMENT_EXECUTE|[25]
16:28:51.0 (39232807)|HEAP_ALLOCATE|[25]|Bytes:4
16:28:51.0 (39237602)|VARIABLE_ASSIGNMENT|[25]|auMainTopCompCtrl.TYPE_SCREEN_ACCOUNT_LIST|81
16:28:51.0 (39240679)|STATEMENT_EXECUTE|[26]
16:28:51.0 (39242537)|HEAP_ALLOCATE|[26]|Bytes:4
16:28:51.0 (39247492)|VARIABLE_ASSIGNMENT|[26]|auMainTopCompCtrl.TYPE_SCREEN_ACTIVITY_LIST|82
16:28:51.0 (39251423)|STATEMENT_EXECUTE|[27]
16:28:51.0 (39253421)|HEAP_ALLOCATE|[27]|Bytes:4
16:28:51.0 (39258486)|VARIABLE_ASSIGNMENT|[27]|auMainTopCompCtrl.TYPE_SCREEN_FILE_LIST|83
16:28:51.0 (39265600)|METHOD_EXIT|[1]|auMainTopCompCtrl
16:28:51.0 (39270959)|HEAP_ALLOCATE|[EXTERNAL]|Bytes:44
16:28:51.0 (39282093)|VARIABLE_ASSIGNMENT|[EXTERNAL]|this.iCountComments|null|0x6bcc8652
16:28:51.0 (39341901)|SYSTEM_MODE_ENTER|true
16:28:51.0 (39356275)|HEAP_ALLOCATE|[EXTERNAL]|Bytes:44
16:28:51.0 (39365196)|VARIABLE_ASSIGNMENT|[EXTERNAL]|this.iCountLikes|null|0x6bcc8652
16:28:51.0 (39444131)|SYSTEM_MODE_ENTER|true
16:28:51.0 (39691175)|HEAP_ALLOCATE|[EXTERNAL]|Bytes:92
16:28:51.0 (39701445)|VARIABLE_SCOPE_BEGIN|[10]|this|auCxKnowledgeTimelineCtrl|true|false
16:28:51.0 (40088440)|VARIABLE_ASSIGNMENT|[10]|this|{"aggLikesRanking":"0x36226094","currentOrder":"1","currentScrollValue":1839.0,"currentUser":"0x4147d5de","dataLimit":1000,"idCurrentCxKnowledge":"","idCurrentFeedElement":"0D5N000000O9K7GKAV","isReceiveApprovalRequestEmailLabel":"承認依頼メールを受信しない","isReceiveApprovalRequestEmailStr":"0","isShopUser":false,"lsComments":"0x75f094bf","lsFeeds":"0x7a817245","mpFeedData":"0x3c1c7acd","optRankingValue":"3","pageNum":1,"pageSize":20,"recordsCount":71,"scrollTopValue":0.0,"urlUserPhoto":"/profilephoto/729N0000000Cwn0/T"}|0x6f088ad1
16:28:51.0 (40112903)|SYSTEM_MODE_ENTER|false
16:28:51.0 (40121094)|HEAP_ALLOCATE|[10]|Bytes:5
16:28:51.0 (40127152)|STATEMENT_EXECUTE|[10]
16:28:51.0 (40128901)|STATEMENT_EXECUTE|[10]
16:28:51.0 (40134296)|SYSTEM_MODE_EXIT|false
16:28:51.0 (40198276)|SYSTEM_MODE_ENTER|true
16:28:51.0 (40216487)|HEAP_ALLOCATE|[EXTERNAL]|Bytes:8
16:28:51.0 (40220847)|HEAP_ALLOCATE|[EXTERNAL]|Bytes:44
16:28:51.0 (40230892)|VARIABLE_ASSIGNMENT|[EXTERNAL]|this.iTypeOfScreen|22|0x6bcc8652
16:28:51.0 (40374081)|SYSTEM_MODE_ENTER|true
16:28:51.0 (40409638)|HEAP_ALLOCATE|[EXTERNAL]|Bytes:44
16:28:51.0 (40416223)|VARIABLE_SCOPE_BEGIN|[204]|this|auMainTopCompCtrl|true|false
16:28:51.0 (40458300)|VARIABLE_ASSIGNMENT|[204]|this|{"currentUser":"0x20145c4a","isSAUser":false,"iTypeOfScreen":22,"urlReportsSFA":"https://cs6.lightnin (84 more) ..."}|0x6bcc8652
16:28:51.0 (40468306)|STATEMENT_EXECUTE|[204]
16:28:51.0 (40519373)|VARIABLE_ASSIGNMENT|[EXTERNAL]|this|{"currentUser":"0x20145c4a","isSAUser":false,"iTypeOfScreen":22,"urlReportsSFA":"https://cs6.lightnin (84 more) ..."}|0x6bcc8652
16:28:51.0 (40569379)|VARIABLE_ASSIGNMENT|[EXTERNAL]|this|{"currentUser":"0x20145c4a","isSAUser":false,"iTypeOfScreen":22,"urlReportsSFA":"https://cs6.lightnin (84 more) ..."}|0x6bcc8652
16:28:51.0 (40604735)|VARIABLE_ASSIGNMENT|[EXTERNAL]|this|{"currentUser":"0x20145c4a","isSAUser":false,"iTypeOfScreen":22,"urlReportsSFA":"https://cs6.lightnin (84 more) ..."}|0x6bcc8652
16:28:51.0 (40646304)|VARIABLE_ASSIGNMENT|[EXTERNAL]|this|{"currentUser":"0x20145c4a","isSAUser":false,"iTypeOfScreen":22,"urlReportsSFA":"https://cs6.lightnin (84 more) ..."}|0x6bcc8652
16:28:51.0 (40681268)|VARIABLE_ASSIGNMENT|[EXTERNAL]|this|{"currentUser":"0x20145c4a","isSAUser":false,"iTypeOfScreen":22,"urlReportsSFA":"https://cs6.lightnin (84 more) ..."}|0x6bcc8652
16:28:51.0 (40692633)|STATEMENT_EXECUTE|[210]
16:28:51.0 (40694403)|STATEMENT_EXECUTE|[211]
16:28:51.0 (40698270)|HEAP_ALLOCATE|[211]|Bytes:96
16:28:51.0 (40716450)|HEAP_ALLOCATE|[211]|Bytes:4
16:28:51.0 (40732582)|HEAP_ALLOCATE|[211]|Bytes:7
16:28:51.0 (40768882)|HEAP_ALLOCATE|[211]|Bytes:89
16:28:51.0 (40792852)|SYSTEM_METHOD_ENTRY|[1]|UserInfo.UserInfo()
16:28:51.0 (40797198)|STATEMENT_EXECUTE|[1]
16:28:51.0 (40803482)|SYSTEM_METHOD_EXIT|[1]|UserInfo
16:28:51.0 (40814015)|METHOD_ENTRY|[211]||System.UserInfo.getUserId()
16:28:51.0 (40846777)|METHOD_EXIT|[211]||System.UserInfo.getUserId()
16:28:51.0 (41275488)|SOQL_EXECUTE_BEGIN|[211]|Aggregations:0|SELECT SUM(LikeCount) SumLikeCount FROM auCXKnowledge__feed WHERE Parent.CreatedBy__c = :tmpVar1
16:28:51.0 (45288135)|SOQL_EXECUTE_END|[211]|Rows:1
16:28:51.0 (45309004)|HEAP_ALLOCATE|[211]|Bytes:8
16:28:51.0 (45325135)|HEAP_ALLOCATE|[211]|Bytes:21
16:28:51.0 (45354451)|HEAP_ALLOCATE|[211]|Bytes:8
16:28:51.0 (45408000)|HEAP_ALLOCATE|[211]|Bytes:8
16:28:51.0 (45420101)|HEAP_ALLOCATE|[211]|Bytes:12
16:28:51.0 (45478578)|VARIABLE_SCOPE_BEGIN|[211]|cnt|Decimal|false|false
16:28:51.0 (45491944)|VARIABLE_ASSIGNMENT|[211]|cnt|null
16:28:51.0 (45496688)|STATEMENT_EXECUTE|[212]
16:28:51.0 (45500982)|HEAP_ALLOCATE|[212]|Bytes:4
16:28:51.0 (45922436)|SYSTEM_MODE_ENTER|true
16:28:51.0 (45961831)|HEAP_ALLOCATE|[EXTERNAL]|Bytes:44
16:28:51.0 (45969085)|VARIABLE_SCOPE_BEGIN|[218]|this|auMainTopCompCtrl|true|false
16:28:51.0 (46013614)|VARIABLE_ASSIGNMENT|[218]|this|{"currentUser":"0x20145c4a","isSAUser":false,"iTypeOfScreen":22,"urlReportsSFA":"https://cs6.lightnin (84 more) ..."}|0x6bcc8652
16:28:51.0 (46024755)|STATEMENT_EXECUTE|[218]
16:28:51.0 (46068129)|VARIABLE_ASSIGNMENT|[EXTERNAL]|this|{"currentUser":"0x20145c4a","isSAUser":false,"iTypeOfScreen":22,"urlReportsSFA":"https://cs6.lightnin (84 more) ..."}|0x6bcc8652
16:28:51.0 (46114506)|VARIABLE_ASSIGNMENT|[EXTERNAL]|this|{"currentUser":"0x20145c4a","isSAUser":false,"iTypeOfScreen":22,"urlReportsSFA":"https://cs6.lightnin (84 more) ..."}|0x6bcc8652
16:28:51.0 (46150337)|VARIABLE_ASSIGNMENT|[EXTERNAL]|this|{"currentUser":"0x20145c4a","isSAUser":false,"iTypeOfScreen":22,"urlReportsSFA":"https://cs6.lightnin (84 more) ..."}|0x6bcc8652
16:28:51.0 (46191805)|VARIABLE_ASSIGNMENT|[EXTERNAL]|this|{"currentUser":"0x20145c4a","isSAUser":false,"iTypeOfScreen":22,"urlReportsSFA":"https://cs6.lightnin (84 more) ..."}|0x6bcc8652
16:28:51.0 (46226410)|VARIABLE_ASSIGNMENT|[EXTERNAL]|this|{"currentUser":"0x20145c4a","isSAUser":false,"iTypeOfScreen":22,"urlReportsSFA":"https://cs6.lightnin (84 more) ..."}|0x6bcc8652
16:28:51.0 (46237191)|STATEMENT_EXECUTE|[224]
16:28:51.0 (46239194)|STATEMENT_EXECUTE|[225]
16:28:51.0 (46242834)|HEAP_ALLOCATE|[225]|Bytes:102
16:28:51.0 (46255536)|HEAP_ALLOCATE|[225]|Bytes:4
16:28:51.0 (46265909)|METHOD_ENTRY|[225]||System.UserInfo.getUserId()
16:28:51.0 (46284800)|METHOD_EXIT|[225]||System.UserInfo.getUserId()
16:28:51.0 (46560256)|SOQL_EXECUTE_BEGIN|[225]|Aggregations:0|SELECT SUM(CommentCount) SumCommentCount FROM auCXKnowledge__feed WHERE Parent.CreatedBy__c = :tmpVar1
16:28:51.0 (49467852)|SOQL_EXECUTE_END|[225]|Rows:1
16:28:51.0 (49486606)|HEAP_ALLOCATE|[225]|Bytes:8
16:28:51.0 (49500397)|HEAP_ALLOCATE|[225]|Bytes:24
16:28:51.0 (49523757)|HEAP_ALLOCATE|[225]|Bytes:8
16:28:51.0 (49544494)|HEAP_ALLOCATE|[225]|Bytes:8
16:28:51.0 (49554646)|HEAP_ALLOCATE|[225]|Bytes:15
16:28:51.0 (49590907)|VARIABLE_SCOPE_BEGIN|[225]|cnt|Decimal|false|false
16:28:51.0 (49602888)|VARIABLE_ASSIGNMENT|[225]|cnt|null
16:28:51.0 (49607851)|STATEMENT_EXECUTE|[226]
16:28:51.0 (49611671)|HEAP_ALLOCATE|[226]|Bytes:4
16:28:51.0 (53536806)|SYSTEM_MODE_ENTER|true
16:28:51.0 (55226760)|SYSTEM_MODE_ENTER|true
16:28:51.0 (55266949)|HEAP_ALLOCATE|[EXTERNAL]|Bytes:44
16:28:51.0 (55275352)|VARIABLE_SCOPE_BEGIN|[67]|this|auMainTopCompCtrl|true|false
16:28:51.0 (55320857)|VARIABLE_ASSIGNMENT|[67]|this|{"currentUser":"0x20145c4a","isSAUser":false,"iTypeOfScreen":22,"urlReportsSFA":"https://cs6.lightnin (84 more) ..."}|0x6bcc8652
16:28:51.0 (55331895)|STATEMENT_EXECUTE|[67]
16:28:51.0 (55333887)|STATEMENT_EXECUTE|[68]
16:28:51.0 (55377798)|VARIABLE_ASSIGNMENT|[EXTERNAL]|this|{"currentUser":"0x20145c4a","isSAUser":false,"iTypeOfScreen":22,"urlReportsSFA":"https://cs6.lightnin (84 more) ..."}|0x6bcc8652
16:28:51.0 (55425220)|VARIABLE_ASSIGNMENT|[EXTERNAL]|this|{"currentUser":"0x20145c4a","isSAUser":false,"iTypeOfScreen":22,"urlReportsSFA":"https://cs6.lightnin (84 more) ..."}|0x6bcc8652
16:28:51.0 (55465132)|VARIABLE_ASSIGNMENT|[EXTERNAL]|this|{"currentUser":"0x20145c4a","isSAUser":false,"iTypeOfScreen":22,"urlReportsSFA":"https://cs6.lightnin (84 more) ..."}|0x6bcc8652
16:28:51.0 (55480025)|HEAP_ALLOCATE|[68]|Bytes:5
16:28:51.0 (55548781)|SYSTEM_MODE_ENTER|true
16:28:51.0 (55579836)|HEAP_ALLOCATE|[EXTERNAL]|Bytes:44
16:28:51.0 (55586185)|VARIABLE_SCOPE_BEGIN|[73]|this|auMainTopCompCtrl|true|false
16:28:51.0 (55619973)|VARIABLE_ASSIGNMENT|[73]|this|{"currentUser":"0x20145c4a","isSAUser":false,"iTypeOfScreen":22,"urlReportsSFA":"https://cs6.lightnin (84 more) ..."}|0x6bcc8652
16:28:51.0 (55628950)|STATEMENT_EXECUTE|[73]
16:28:51.0 (55630740)|STATEMENT_EXECUTE|[74]
16:28:51.0 (55666134)|VARIABLE_ASSIGNMENT|[EXTERNAL]|this|{"currentUser":"0x20145c4a","isSAUser":false,"iTypeOfScreen":22,"urlReportsSFA":"https://cs6.lightnin (84 more) ..."}|0x6bcc8652
16:28:51.0 (55707315)|VARIABLE_ASSIGNMENT|[EXTERNAL]|this|{"currentUser":"0x20145c4a","isSAUser":false,"iTypeOfScreen":22,"urlReportsSFA":"https://cs6.lightnin (84 more) ..."}|0x6bcc8652
16:28:51.0 (55735407)|HEAP_ALLOCATE|[74]|Bytes:5
16:28:51.0 (55808882)|SYSTEM_MODE_ENTER|true
16:28:51.0 (55838070)|HEAP_ALLOCATE|[EXTERNAL]|Bytes:44
16:28:51.0 (55843958)|VARIABLE_SCOPE_BEGIN|[83]|this|auMainTopCompCtrl|true|false
16:28:51.0 (55877126)|VARIABLE_ASSIGNMENT|[83]|this|{"currentUser":"0x20145c4a","isSAUser":false,"iTypeOfScreen":22,"urlReportsSFA":"https://cs6.lightnin (84 more) ..."}|0x6bcc8652
16:28:51.0 (55885746)|STATEMENT_EXECUTE|[83]
16:28:51.0 (55887421)|STATEMENT_EXECUTE|[84]
16:28:51.0 (55921996)|VARIABLE_ASSIGNMENT|[EXTERNAL]|this|{"currentUser":"0x20145c4a","isSAUser":false,"iTypeOfScreen":22,"urlReportsSFA":"https://cs6.lightnin (84 more) ..."}|0x6bcc8652
16:28:51.0 (55962941)|VARIABLE_ASSIGNMENT|[EXTERNAL]|this|{"currentUser":"0x20145c4a","isSAUser":false,"iTypeOfScreen":22,"urlReportsSFA":"https://cs6.lightnin (84 more) ..."}|0x6bcc8652
16:28:51.0 (55976001)|HEAP_ALLOCATE|[84]|Bytes:5
16:28:51.0 (56035053)|SYSTEM_MODE_ENTER|true
16:28:51.0 (56062727)|HEAP_ALLOCATE|[EXTERNAL]|Bytes:44
16:28:51.0 (56068230)|VARIABLE_SCOPE_BEGIN|[100]|this|auMainTopCompCtrl|true|false
16:28:51.0 (56100055)|VARIABLE_ASSIGNMENT|[100]|this|{"currentUser":"0x20145c4a","isSAUser":false,"iTypeOfScreen":22,"urlReportsSFA":"https://cs6.lightnin (84 more) ..."}|0x6bcc8652
16:28:51.0 (56108807)|STATEMENT_EXECUTE|[100]
16:28:51.0 (56110687)|STATEMENT_EXECUTE|[101]
16:28:51.0 (56144459)|VARIABLE_ASSIGNMENT|[EXTERNAL]|this|{"currentUser":"0x20145c4a","isSAUser":false,"iTypeOfScreen":22,"urlReportsSFA":"https://cs6.lightnin (84 more) ..."}|0x6bcc8652
16:28:51.0 (56185318)|VARIABLE_ASSIGNMENT|[EXTERNAL]|this|{"currentUser":"0x20145c4a","isSAUser":false,"iTypeOfScreen":22,"urlReportsSFA":"https://cs6.lightnin (84 more) ..."}|0x6bcc8652
16:28:51.0 (56223003)|VARIABLE_ASSIGNMENT|[EXTERNAL]|this|{"currentUser":"0x20145c4a","isSAUser":false,"iTypeOfScreen":22,"urlReportsSFA":"https://cs6.lightnin (84 more) ..."}|0x6bcc8652
16:28:51.0 (56236517)|HEAP_ALLOCATE|[101]|Bytes:5
16:28:51.0 (56381454)|SYSTEM_MODE_ENTER|true
16:28:51.0 (56415971)|SYSTEM_MODE_ENTER|true
16:28:51.0 (56452208)|SYSTEM_MODE_ENTER|true
16:28:51.0 (56557297)|SYSTEM_MODE_ENTER|true
16:28:51.0 (56774761)|SYSTEM_MODE_ENTER|true
16:28:51.0 (56806266)|HEAP_ALLOCATE|[EXTERNAL]|Bytes:92
16:28:51.0 (56813183)|VARIABLE_SCOPE_BEGIN|[50]|this|auCxKnowledgeTimelineCtrl|true|false
16:28:51.0 (57077505)|VARIABLE_ASSIGNMENT|[50]|this|{"aggLikesRanking":"0x36226094","currentOrder":"1","currentScrollValue":1839.0,"currentUser":"0x4147d5de","dataLimit":1000,"idCurrentCxKnowledge":"","idCurrentFeedElement":"0D5N000000O9K7GKAV","isReceiveApprovalRequestEmailLabel":"承認依頼メールを受信しない","isReceiveApprovalRequestEmailStr":"0","isShopUser":false,"lsComments":"0x75f094bf","lsFeeds":"0x7a817245","mpFeedData":"0x3c1c7acd","optRankingValue":"3","pageNum":1,"pageSize":20,"recordsCount":71,"scrollTopValue":0.0,"urlUserPhoto":"/profilephoto/729N0000000Cwn0/T"}|0x6f088ad1
16:28:51.0 (57104345)|SYSTEM_MODE_ENTER|false
16:28:51.0 (57111478)|HEAP_ALLOCATE|[50]|Bytes:5
16:28:51.0 (57116613)|STATEMENT_EXECUTE|[50]
16:28:51.0 (57118526)|STATEMENT_EXECUTE|[50]
16:28:51.0 (57297514)|VARIABLE_ASSIGNMENT|[EXTERNAL]|this|{"aggLikesRanking":"0x36226094","currentOrder":"1","currentScrollValue":1839.0,"currentUser":"0x4147d5de","dataLimit":1000,"idCurrentCxKnowledge":"","idCurrentFeedElement":"0D5N000000O9K7GKAV","isReceiveApprovalRequestEmailLabel":"承認依頼メールを受信しない","isReceiveApprovalRequestEmailStr":"0","isShopUser":false,"lsComments":"0x75f094bf","lsFeeds":"0x7a817245","mpFeedData":"0x3c1c7acd","optRankingValue":"3","pageNum":1,"pageSize":20,"recordsCount":71,"scrollTopValue":0.0,"urlUserPhoto":"/profilephoto/729N0000000Cwn0/T"}|0x6f088ad1
16:28:51.0 (57468047)|VARIABLE_ASSIGNMENT|[EXTERNAL]|this|{"aggLikesRanking":"0x36226094","currentOrder":"1","currentScrollValue":1839.0,"currentUser":"0x4147d5de","dataLimit":1000,"idCurrentCxKnowledge":"","idCurrentFeedElement":"0D5N000000O9K7GKAV","isReceiveApprovalRequestEmailLabel":"承認依頼メールを受信しない","isReceiveApprovalRequestEmailStr":"0","isShopUser":false,"lsComments":"0x75f094bf","lsFeeds":"0x7a817245","mpFeedData":"0x3c1c7acd","optRankingValue":"3","pageNum":1,"pageSize":20,"recordsCount":71,"scrollTopValue":0.0,"urlUserPhoto":"/profilephoto/729N0000000Cwn0/T"}|0x6f088ad1
16:28:51.0 (57637588)|VARIABLE_ASSIGNMENT|[EXTERNAL]|this|{"aggLikesRanking":"0x36226094","currentOrder":"1","currentScrollValue":1839.0,"currentUser":"0x4147d5de","dataLimit":1000,"idCurrentCxKnowledge":"","idCurrentFeedElement":"0D5N000000O9K7GKAV","isReceiveApprovalRequestEmailLabel":"承認依頼メールを受信しない","isReceiveApprovalRequestEmailStr":"0","isShopUser":false,"lsComments":"0x75f094bf","lsFeeds":"0x7a817245","mpFeedData":"0x3c1c7acd","optRankingValue":"3","pageNum":1,"pageSize":20,"recordsCount":71,"scrollTopValue":0.0,"urlUserPhoto":"/profilephoto/729N0000000Cwn0/T"}|0x6f088ad1
16:28:51.0 (57659971)|HEAP_ALLOCATE|[50]|Bytes:5
16:28:51.0 (57666552)|SYSTEM_MODE_EXIT|false
16:28:51.0 (57671552)|HEAP_ALLOCATE|[50]|Bytes:5
16:28:51.0 (57763193)|SYSTEM_MODE_ENTER|true
16:28:51.0 (57969449)|SYSTEM_MODE_ENTER|true
16:28:51.0 (63563245)|SYSTEM_MODE_ENTER|true
16:28:51.0 (141811380)|SYSTEM_MODE_ENTER|true
16:28:51.0 (141948376)|SYSTEM_MODE_ENTER|true
16:28:51.0 (143107518)|SYSTEM_MODE_ENTER|true
16:28:51.0 (150578563)|VF_SERIALIZE_VIEWSTATE_BEGIN|066N0000000F3IS
16:28:51.0 (156893154)|VF_SERIALIZE_VIEWSTATE_END
16:28:51.240 (240876180)|CUMULATIVE_LIMIT_USAGE
16:28:51.240 (240876180)|LIMIT_USAGE_FOR_NS|(default)|
  Number of SOQL queries: 2 out of 100
  Number of query rows: 2 out of 50000
  Number of SOSL queries: 0 out of 20
  Number of DML statements: 0 out of 150
  Number of DML rows: 0 out of 10000
  Maximum CPU time: 0 out of 10000
  Maximum heap size: 0 out of 6000000
  Number of callouts: 0 out of 100
  Number of Email Invocations: 0 out of 10
  Number of future calls: 0 out of 50
  Number of queueable jobs added to the queue: 0 out of 50
  Number of Mobile Apex push calls: 0 out of 10

16:28:51.240 (240876180)|CUMULATIVE_LIMIT_USAGE_END

16:28:51.0 (240918744)|CODE_UNIT_FINISHED|VF: /apex/auCxKnowledgeTimelinePage
16:28:51.0 (241655637)|EXECUTION_FINISHED
