36.0 APEX_CODE,FINEST;APEX_PROFILING,INFO;CALLOUT,INFO;DB,INFO;SYSTEM,DEBUG;VALIDATION,INFO;VISUALFORCE,INFO;WAVE,INFO;WORKFLOW,INFO
18:03:35.0 (242276)|USER_INFO|[EXTERNAL]|005N00000057RPN|duc.huynhmanh+kddi-gwdev01@globalway.co.jp|日本標準時|GMT+09:00
18:03:35.0 (277700)|EXECUTION_STARTED
18:03:35.0 (281803)|CODE_UNIT_STARTED|[EXTERNAL]|066N0000000M524|VF: /apex/auDailyReportListForAdmin
18:03:35.0 (673664)|VF_DESERIALIZE_VIEWSTATE_BEGIN|066N0000000M524
18:03:35.0 (3763693)|HEAP_ALLOCATE|[72]|Bytes:3
18:03:35.0 (3801222)|HEAP_ALLOCATE|[77]|Bytes:152
18:03:35.0 (3814709)|HEAP_ALLOCATE|[342]|Bytes:408
18:03:35.0 (3831385)|HEAP_ALLOCATE|[355]|Bytes:408
18:03:35.0 (3842549)|HEAP_ALLOCATE|[467]|Bytes:48
18:03:35.0 (3866085)|HEAP_ALLOCATE|[139]|Bytes:6
18:03:35.0 (3955943)|HEAP_ALLOCATE|[50]|Bytes:5
18:03:35.0 (3976368)|HEAP_ALLOCATE|[56]|Bytes:5
18:03:35.0 (3983493)|HEAP_ALLOCATE|[64]|Bytes:7
18:03:35.0 (4886757)|VARIABLE_SCOPE_BEGIN|[50]|auDailyReportListForAdminCtl.BASE_QUERY_STRING|String|false|true
18:03:35.0 (4899067)|VARIABLE_SCOPE_BEGIN|[49]|auDailyReportListForAdminCtl.COOKIE_EXPIRATION_DATE|Integer|false|true
18:03:35.0 (4906184)|VARIABLE_SCOPE_BEGIN|[46]|auDailyReportListForAdminCtl.COOKIE_PATH|String|false|true
18:03:35.0 (4913129)|VARIABLE_SCOPE_BEGIN|[43]|auDailyReportListForAdminCtl.FILTER_DATE_FROM|String|false|true
18:03:35.0 (4919919)|VARIABLE_SCOPE_BEGIN|[44]|auDailyReportListForAdminCtl.FILTER_DATE_TO|String|false|true
18:03:35.0 (4926260)|VARIABLE_SCOPE_BEGIN|[38]|auDailyReportListForAdminCtl.FILTER_FIELD_1|String|false|true
18:03:35.0 (4932064)|VARIABLE_SCOPE_BEGIN|[39]|auDailyReportListForAdminCtl.FILTER_FIELD_2|String|false|true
18:03:35.0 (4938167)|VARIABLE_SCOPE_BEGIN|[40]|auDailyReportListForAdminCtl.FILTER_FIELD_3|String|false|true
18:03:35.0 (4943948)|VARIABLE_SCOPE_BEGIN|[41]|auDailyReportListForAdminCtl.FILTER_FIELD_4|String|false|true
18:03:35.0 (4949121)|VARIABLE_SCOPE_BEGIN|[42]|auDailyReportListForAdminCtl.FILTER_FIELD_5|String|false|true
18:03:35.0 (4954416)|VARIABLE_SCOPE_BEGIN|[45]|auDailyReportListForAdminCtl.FILTER_TARGETRECORDS|String|false|true
18:03:35.0 (4960847)|VARIABLE_SCOPE_BEGIN|[55]|auDailyReportListForAdminCtl.QUERY_LIMIT|String|false|true
18:03:35.0 (4966310)|VARIABLE_SCOPE_BEGIN|[56]|auDailyReportListForAdminCtl.QUERY_LIMIT_MAX|String|false|true
18:03:35.0 (4971936)|VARIABLE_SCOPE_BEGIN|[54]|auDailyReportListForAdminCtl.SELECTOPTION_ALL|String|false|true
18:03:35.0 (4978853)|VARIABLE_SCOPE_BEGIN|[53]|auDailyReportListForAdminCtl.SELECTOPTION_LASTMODIFIED|String|false|true
18:03:35.0 (4986678)|VARIABLE_SCOPE_BEGIN|[59]|auDailyReportListForAdminCtl.targetRecordsOption|List<System.SelectOption>|true|true
18:03:35.0 (7402892)|VF_DESERIALIZE_VIEWSTATE_END
18:03:35.0 (11333247)|SYSTEM_MODE_ENTER|true
18:03:35.0 (11366376)|HEAP_ALLOCATE|[EXTERNAL]|Bytes:316
18:03:35.0 (11377248)|HEAP_ALLOCATE|[EXTERNAL]|Bytes:124
18:03:35.0 (11382263)|HEAP_ALLOCATE|[EXTERNAL]|Bytes:26
18:03:35.0 (11387297)|HEAP_ALLOCATE|[EXTERNAL]|Bytes:31
18:03:35.0 (11409348)|VARIABLE_ASSIGNMENT|[EXTERNAL]|auDailyReportListForAdminCtl.COOKIE_PATH|"/apex/auDailyReportL (11 more) ..."
18:03:35.0 (11415456)|HEAP_ALLOCATE|[EXTERNAL]|Bytes:12
18:03:35.0 (11422718)|VARIABLE_ASSIGNMENT|[EXTERNAL]|auDailyReportListForAdminCtl.FILTER_DATE_FROM|"ValidFrom__c"
18:03:35.0 (11427021)|HEAP_ALLOCATE|[EXTERNAL]|Bytes:10
18:03:35.0 (11432482)|VARIABLE_ASSIGNMENT|[EXTERNAL]|auDailyReportListForAdminCtl.FILTER_DATE_TO|"ValidTo__c"
18:03:35.0 (11437021)|HEAP_ALLOCATE|[EXTERNAL]|Bytes:9
18:03:35.0 (11442349)|VARIABLE_ASSIGNMENT|[EXTERNAL]|auDailyReportListForAdminCtl.FILTER_FIELD_1|"Branch__c"
18:03:35.0 (11446204)|HEAP_ALLOCATE|[EXTERNAL]|Bytes:7
18:03:35.0 (11451018)|VARIABLE_ASSIGNMENT|[EXTERNAL]|auDailyReportListForAdminCtl.FILTER_FIELD_2|"Shop__c"
18:03:35.0 (11454924)|HEAP_ALLOCATE|[EXTERNAL]|Bytes:14
18:03:35.0 (11459591)|VARIABLE_ASSIGNMENT|[EXTERNAL]|auDailyReportListForAdminCtl.FILTER_FIELD_3|"CreatedBy.Name"
18:03:35.0 (11463101)|HEAP_ALLOCATE|[EXTERNAL]|Bytes:13
18:03:35.0 (11467798)|VARIABLE_ASSIGNMENT|[EXTERNAL]|auDailyReportListForAdminCtl.FILTER_FIELD_4|"ReportName__c"
18:03:35.0 (11471342)|HEAP_ALLOCATE|[EXTERNAL]|Bytes:8
18:03:35.0 (11476098)|VARIABLE_ASSIGNMENT|[EXTERNAL]|auDailyReportListForAdminCtl.FILTER_FIELD_5|"FreeWord"
18:03:35.0 (11480118)|HEAP_ALLOCATE|[EXTERNAL]|Bytes:13
18:03:35.0 (11485260)|VARIABLE_ASSIGNMENT|[EXTERNAL]|auDailyReportListForAdminCtl.FILTER_TARGETRECORDS|"TargetRecords"
18:03:35.0 (11488981)|HEAP_ALLOCATE|[EXTERNAL]|Bytes:4
18:03:35.0 (11494775)|VARIABLE_ASSIGNMENT|[EXTERNAL]|auDailyReportListForAdminCtl.QUERY_LIMIT|"1000"
18:03:35.0 (11498267)|HEAP_ALLOCATE|[EXTERNAL]|Bytes:5
18:03:35.0 (11503181)|VARIABLE_ASSIGNMENT|[EXTERNAL]|auDailyReportListForAdminCtl.QUERY_LIMIT_MAX|"10000"
18:03:35.0 (11507025)|HEAP_ALLOCATE|[EXTERNAL]|Bytes:1
18:03:35.0 (11512191)|VARIABLE_ASSIGNMENT|[EXTERNAL]|auDailyReportListForAdminCtl.SELECTOPTION_ALL|"2"
18:03:35.0 (11515688)|HEAP_ALLOCATE|[EXTERNAL]|Bytes:1
18:03:35.0 (11520841)|VARIABLE_ASSIGNMENT|[EXTERNAL]|auDailyReportListForAdminCtl.SELECTOPTION_LASTMODIFIED|"1"
18:03:35.0 (11558632)|METHOD_ENTRY|[1]|01pN0000000aEDx|auDailyReportListForAdminCtl.auDailyReportListForAdminCtl()
18:03:35.0 (11565214)|STATEMENT_EXECUTE|[1]
18:03:35.0 (11571497)|STATEMENT_EXECUTE|[1]
18:03:35.0 (11584203)|SYSTEM_MODE_ENTER|false
18:03:35.0 (11596613)|HEAP_ALLOCATE|[49]|Bytes:5
18:03:35.0 (11601741)|STATEMENT_EXECUTE|[49]
18:03:35.0 (11607862)|HEAP_ALLOCATE|[49]|Bytes:4
18:03:35.0 (11616339)|VARIABLE_ASSIGNMENT|[49]|auDailyReportListForAdminCtl.COOKIE_EXPIRATION_DATE|-1
18:03:35.0 (11621312)|STATEMENT_EXECUTE|[50]
18:03:35.0 (11624512)|HEAP_ALLOCATE|[50]|Bytes:184
18:03:35.0 (11633282)|VARIABLE_ASSIGNMENT|[50]|auDailyReportListForAdminCtl.BASE_QUERY_STRING|"SELECT Branch__c, Sh (164 more) ..."
18:03:35.0 (11637323)|STATEMENT_EXECUTE|[60]
18:03:35.0 (11638631)|STATEMENT_EXECUTE|[61]
18:03:35.0 (11655057)|HEAP_ALLOCATE|[61]|Bytes:4
18:03:35.0 (11728763)|HEAP_ALLOCATE|[EXTERNAL]|Bytes:4
18:03:35.0 (11742720)|VARIABLE_ASSIGNMENT|[EXTERNAL]|value|[]|0x497bdaaa
18:03:35.0 (11756745)|VARIABLE_ASSIGNMENT|[59]|auDailyReportListForAdminCtl.targetRecordsOption|[]|0x497bdaaa
18:03:35.0 (11766553)|STATEMENT_EXECUTE|[62]
18:03:35.0 (11792767)|HEAP_ALLOCATE|[62]|Bytes:9
18:03:35.0 (11832118)|HEAP_ALLOCATE|[EXTERNAL]|Bytes:4
18:03:35.0 (11841220)|STATEMENT_EXECUTE|[63]
18:03:35.0 (11855238)|HEAP_ALLOCATE|[63]|Bytes:8
18:03:35.0 (11869803)|HEAP_ALLOCATE|[EXTERNAL]|Bytes:4
18:03:35.0 (11878568)|SYSTEM_MODE_EXIT|false
18:03:35.0 (11887599)|METHOD_EXIT|[1]|auDailyReportListForAdminCtl
18:03:35.12 (12365550)|SYSTEM_MODE_ENTER|true
18:03:35.12 (12411106)|HEAP_ALLOCATE|[EXTERNAL]|Bytes:38
18:03:35.12 (12419575)|HEAP_ALLOCATE|[EXTERNAL]|Bytes:7
18:03:35.12 (12426378)|SYSTEM_METHOD_ENTRY|[1]|PageMessagesComponentController.PageMessagesComponentController()
18:03:35.12 (12430587)|STATEMENT_EXECUTE|[1]
18:03:35.13 (13086469)|SYSTEM_MODE_ENTER|true
18:03:35.13 (13131457)|HEAP_ALLOCATE|[EXTERNAL]|Bytes:8
18:03:35.13 (13139169)|VARIABLE_SCOPE_BEGIN|[88]|this|ApexPage.PageMessagesComponentController|true|false
18:03:35.13 (13166043)|VARIABLE_ASSIGNMENT|[88]|this|{}|0x223e5404
18:03:35.13 (13172487)|VARIABLE_SCOPE_BEGIN|[88]|escape|Boolean|false|false
18:03:35.13 (13179677)|VARIABLE_ASSIGNMENT|[88]|escape|null
18:03:35.0 (13445864)|SYSTEM_MODE_ENTER|true
18:03:35.0 (13622962)|SYSTEM_MODE_ENTER|true
18:03:35.0 (13757834)|SYSTEM_MODE_ENTER|true
18:03:35.0 (13948462)|HEAP_ALLOCATE|[EXTERNAL]|Bytes:84
18:03:35.0 (13956864)|VARIABLE_SCOPE_BEGIN|[352]|this|auDailyReportListForAdminCtl|true|false
18:03:35.0 (14178721)|VARIABLE_ASSIGNMENT|[352]|this|{"conditionStr":" WHERE  Branch__c LIKE '%20%'  AND  Shop__c LIKE '%1%'  AND Type__c = 'DAILY_REPORT'","errFlg":false,"fieldDateFrom":"","fieldDateTo":"","initSearchFlg":"true","limitStr":" LIMIT 1000","orderDesc":true,"orderTarget":"LastModifiedDate","pageNum":1,"pageSize":50,"ssc":"core.apexpages.components.framework.controller.SetOrientedStandardControllerImpl@1c6f3675","targetField1":"20","targetField2":"1","targetField3":"","targetField4":"","targetField5":"","targetRecords":"1"}|0x7b9cea53
18:03:35.0 (14204355)|SYSTEM_MODE_ENTER|false
18:03:35.0 (14212126)|HEAP_ALLOCATE|[353]|Bytes:5
18:03:35.0 (14217491)|STATEMENT_EXECUTE|[352]
18:03:35.0 (14219425)|STATEMENT_EXECUTE|[353]
18:03:35.0 (14238578)|VARIABLE_SCOPE_BEGIN|[353]|recs|List<saInquiry__c>|true|false
18:03:35.0 (14248422)|VARIABLE_ASSIGNMENT|[353]|recs|null|
18:03:35.0 (14398236)|VARIABLE_ASSIGNMENT|[EXTERNAL]|this|{"conditionStr":" WHERE  Branch__c LIKE '%20%'  AND  Shop__c LIKE '%1%'  AND Type__c = 'DAILY_REPORT'","errFlg":false,"fieldDateFrom":"","fieldDateTo":"","initSearchFlg":"true","limitStr":" LIMIT 1000","orderDesc":true,"orderTarget":"LastModifiedDate","pageNum":1,"pageSize":50,"ssc":"core.apexpages.components.framework.controller.SetOrientedStandardControllerImpl@1c6f3675","targetField1":"20","targetField2":"1","targetField3":"","targetField4":"","targetField5":"","targetRecords":"1"}|0x7b9cea53
18:03:35.0 (14417859)|STATEMENT_EXECUTE|[354]
18:03:35.0 (14419583)|STATEMENT_EXECUTE|[355]
18:03:35.0 (14542889)|VARIABLE_ASSIGNMENT|[EXTERNAL]|this|{"conditionStr":" WHERE  Branch__c LIKE '%20%'  AND  Shop__c LIKE '%1%'  AND Type__c = 'DAILY_REPORT'","errFlg":false,"fieldDateFrom":"","fieldDateTo":"","initSearchFlg":"true","limitStr":" LIMIT 1000","orderDesc":true,"orderTarget":"LastModifiedDate","pageNum":1,"pageSize":50,"ssc":"core.apexpages.components.framework.controller.SetOrientedStandardControllerImpl@1c6f3675","targetField1":"20","targetField2":"1","targetField3":"","targetField4":"","targetField5":"","targetRecords":"1"}|0x7b9cea53
18:03:35.0 (14616992)|HEAP_ALLOCATE|[355]|Bytes:12
18:03:35.0 (14648858)|HEAP_ALLOCATE|[355]|Bytes:12
18:03:35.0 (14715041)|VARIABLE_ASSIGNMENT|[355]|recs|[{"Branch__c":"Branch Test 201","Shop__c":"Shop Test 201","ReportName__c":"Report Name 2018-03- (11 more) ...","CreatedDate":"2018-03-06T09:02:08.000Z","LastModifiedDate":"2018-03-06T09:02:08.000Z","Type__c":"DAILY_REPORT","Status__c":"Saved","CreatedById":"005N00000057RPNIA2","LastModifiedById":"005N00000057RPNIA2","ValidFrom__c":"2018-02-24T00:00:00.000Z","ValidTo__c":"2018-03-08T00:00:00.000Z","IsValid__c":true,"Id":"a0IN0000006Cm89MAC","CreatedBy":{"Name":"Duc","Id":"005N00000057RPNIA2"},"LastModifiedBy":{"Name":"Duc","Id":"005N00000057RPNIA2"}},{"Branch__c":"Branch Test 120","Shop__c":"Shop Test 120","ReportName__c":"Report Name 2018-03- (11 more) ...","CreatedDate":"2018-03-06T09:02:07.000Z","LastModifiedDate":"2018-03-06T09:02:07.000Z","Type__c":"DAILY_REPORT","Status__c":"TemporarySaved","CreatedById":"005N00000057RPNIA2","LastModifiedById":"005N00000057RPNIA2","ValidFrom__c":"2018-03-07T00:00:00.000Z","ValidTo__c":"2018-03-08T00:00:00.000Z","IsValid__c":false,"Id":"a0IN0000006Cm6qMAC","CreatedBy":{"Name":"Duc","Id":"005N00000057RPNIA2"},"LastModifiedBy":{"Name":"Duc","Id":"005N00000057RPNIA2"}}]|0x4ca1cf88
18:03:35.0 (14737444)|STATEMENT_EXECUTE|[357]
18:03:35.0 (14739207)|STATEMENT_EXECUTE|[360]
18:03:35.0 (14742656)|SYSTEM_MODE_EXIT|false
18:03:35.0 (16172491)|SYSTEM_MODE_ENTER|true
18:03:35.0 (16239225)|SYSTEM_MODE_ENTER|true
18:03:35.0 (16283655)|SYSTEM_MODE_ENTER|true
18:03:35.0 (16322996)|SYSTEM_MODE_ENTER|true
18:03:35.0 (16358937)|SYSTEM_MODE_ENTER|true
18:03:35.0 (16393500)|SYSTEM_MODE_ENTER|true
18:03:35.0 (16429354)|SYSTEM_MODE_ENTER|true
18:03:35.0 (16464365)|SYSTEM_MODE_ENTER|true
18:03:35.0 (16499969)|SYSTEM_MODE_ENTER|true
18:03:35.0 (17171267)|SYSTEM_MODE_ENTER|true
18:03:35.0 (17198510)|HEAP_ALLOCATE|[EXTERNAL]|Bytes:16
18:03:35.0 (17204558)|HEAP_ALLOCATE|[EXTERNAL]|Bytes:84
18:03:35.0 (17217055)|VARIABLE_ASSIGNMENT|[EXTERNAL]|this.orderTarget|"LastModifiedDate"|0x7b9cea53
18:03:35.0 (17257479)|SYSTEM_MODE_ENTER|true
18:03:35.0 (17272591)|HEAP_ALLOCATE|[EXTERNAL]|Bytes:1
18:03:35.0 (17276710)|HEAP_ALLOCATE|[EXTERNAL]|Bytes:84
18:03:35.0 (17285354)|VARIABLE_ASSIGNMENT|[EXTERNAL]|this.targetRecords|"1"|0x7b9cea53
18:03:35.0 (17309545)|SYSTEM_MODE_ENTER|true
18:03:35.0 (17321130)|HEAP_ALLOCATE|[EXTERNAL]|Bytes:1
18:03:35.0 (17324566)|HEAP_ALLOCATE|[EXTERNAL]|Bytes:84
18:03:35.0 (17331868)|VARIABLE_ASSIGNMENT|[EXTERNAL]|this.targetField1|"2"|0x7b9cea53
18:03:35.0 (17354690)|SYSTEM_MODE_ENTER|true
18:03:35.0 (17366318)|HEAP_ALLOCATE|[EXTERNAL]|Bytes:1
18:03:35.0 (17369784)|HEAP_ALLOCATE|[EXTERNAL]|Bytes:84
18:03:35.0 (17375905)|VARIABLE_ASSIGNMENT|[EXTERNAL]|this.targetField2|"1"|0x7b9cea53
18:03:35.0 (17396641)|SYSTEM_MODE_ENTER|true
18:03:35.0 (17407729)|HEAP_ALLOCATE|[EXTERNAL]|Bytes:84
18:03:35.0 (17419040)|VARIABLE_ASSIGNMENT|[EXTERNAL]|this.targetField3|""|0x7b9cea53
18:03:35.0 (17442031)|SYSTEM_MODE_ENTER|true
18:03:35.0 (17453871)|HEAP_ALLOCATE|[EXTERNAL]|Bytes:84
18:03:35.0 (17461579)|VARIABLE_ASSIGNMENT|[EXTERNAL]|this.targetField4|""|0x7b9cea53
18:03:35.0 (17483000)|SYSTEM_MODE_ENTER|true
18:03:35.0 (17493745)|HEAP_ALLOCATE|[EXTERNAL]|Bytes:84
18:03:35.0 (17499808)|VARIABLE_ASSIGNMENT|[EXTERNAL]|this.fieldDateFrom|""|0x7b9cea53
18:03:35.0 (17520135)|SYSTEM_MODE_ENTER|true
18:03:35.0 (17531451)|HEAP_ALLOCATE|[EXTERNAL]|Bytes:84
18:03:35.0 (17537607)|VARIABLE_ASSIGNMENT|[EXTERNAL]|this.fieldDateTo|""|0x7b9cea53
18:03:35.0 (17557740)|SYSTEM_MODE_ENTER|true
18:03:35.0 (17568381)|HEAP_ALLOCATE|[EXTERNAL]|Bytes:84
18:03:35.0 (17575729)|VARIABLE_ASSIGNMENT|[EXTERNAL]|this.targetField5|""|0x7b9cea53
18:03:35.17 (17679124)|SYSTEM_MODE_ENTER|true
18:03:35.17 (17716758)|HEAP_ALLOCATE|[EXTERNAL]|Bytes:8
18:03:35.17 (17723657)|VARIABLE_SCOPE_BEGIN|[88]|this|ApexPage.PageMessagesComponentController|true|false
18:03:35.17 (17743105)|VARIABLE_ASSIGNMENT|[88]|this|{}|0x223e5404
18:03:35.17 (17749229)|VARIABLE_SCOPE_BEGIN|[88]|escape|Boolean|false|false
18:03:35.17 (17756256)|VARIABLE_ASSIGNMENT|[88]|escape|null
18:03:35.0 (17813466)|SYSTEM_MODE_ENTER|true
18:03:35.0 (17937982)|SYSTEM_MODE_ENTER|true
18:03:35.0 (18091713)|SYSTEM_MODE_ENTER|true
18:03:35.0 (18595939)|HEAP_ALLOCATE|[EXTERNAL]|Bytes:84
18:03:35.0 (18604708)|VARIABLE_SCOPE_BEGIN|[276]|this|auDailyReportListForAdminCtl|true|false
18:03:35.0 (18749926)|VARIABLE_ASSIGNMENT|[276]|this|{"conditionStr":" WHERE  Branch__c LIKE '%20%'  AND  Shop__c LIKE '%1%'  AND Type__c = 'DAILY_REPORT'","errFlg":false,"fieldDateFrom":"","fieldDateTo":"","initSearchFlg":"true","limitStr":" LIMIT 1000","orderDesc":true,"orderTarget":"LastModifiedDate","pageNum":1,"pageSize":50,"ssc":"core.apexpages.components.framework.controller.SetOrientedStandardControllerImpl@1c6f3675","targetField1":"2","targetField2":"1","targetField3":"","targetField4":"","targetField5":"","targetRecords":"1"}|0x7b9cea53
18:03:35.0 (18772512)|SYSTEM_MODE_ENTER|false
18:03:35.0 (18780173)|HEAP_ALLOCATE|[277]|Bytes:5
18:03:35.0 (18785606)|STATEMENT_EXECUTE|[276]
18:03:35.0 (18787368)|STATEMENT_EXECUTE|[277]
18:03:35.0 (18793014)|VARIABLE_SCOPE_BEGIN|[277]|queryStr|String|false|false
18:03:35.0 (18805036)|VARIABLE_ASSIGNMENT|[277]|queryStr|"SELECT Branch__c, Sh (164 more) ..."
18:03:35.0 (18808953)|STATEMENT_EXECUTE|[278]
18:03:35.0 (18811756)|HEAP_ALLOCATE|[278]|Bytes:4
18:03:35.0 (18822105)|VARIABLE_ASSIGNMENT|[278]|this.initSearchFlg|"true"|0x7b9cea53
18:03:35.0 (18831930)|STATEMENT_EXECUTE|[281]
18:03:35.0 (18843006)|METHOD_ENTRY|[281]|01pN0000000aEDx|auDailyReportListForAdminCtl.getContditions()
18:03:35.0 (18858574)|VARIABLE_SCOPE_BEGIN|[222]|this|auDailyReportListForAdminCtl|true|false
18:03:35.0 (18982057)|VARIABLE_ASSIGNMENT|[222]|this|{"conditionStr":" WHERE  Branch__c LIKE '%20%'  AND  Shop__c LIKE '%1%'  AND Type__c = 'DAILY_REPORT'","errFlg":false,"fieldDateFrom":"","fieldDateTo":"","initSearchFlg":"true","limitStr":" LIMIT 1000","orderDesc":true,"orderTarget":"LastModifiedDate","pageNum":1,"pageSize":50,"ssc":"core.apexpages.components.framework.controller.SetOrientedStandardControllerImpl@1c6f3675","targetField1":"2","targetField2":"1","targetField3":"","targetField4":"","targetField5":"","targetRecords":"1"}|0x7b9cea53
18:03:35.0 (19004437)|HEAP_ALLOCATE|[223]|Bytes:5
18:03:35.0 (19009892)|STATEMENT_EXECUTE|[222]
18:03:35.0 (19011383)|STATEMENT_EXECUTE|[223]
18:03:35.0 (19015688)|HEAP_ALLOCATE|[223]|Bytes:5
18:03:35.0 (19023097)|VARIABLE_ASSIGNMENT|[223]|this.errFlg|false|0x7b9cea53
18:03:35.0 (19028089)|STATEMENT_EXECUTE|[224]
18:03:35.0 (19040187)|HEAP_ALLOCATE|[224]|Bytes:4
18:03:35.0 (19063321)|VARIABLE_SCOPE_BEGIN|[224]|conditions|List<String>|true|false
18:03:35.0 (19084710)|HEAP_ALLOCATE|[EXTERNAL]|Bytes:4
18:03:35.0 (19092275)|VARIABLE_ASSIGNMENT|[224]|conditions|[]|0x3b9caf57
18:03:35.0 (19225077)|VARIABLE_ASSIGNMENT|[EXTERNAL]|this|{"conditionStr":" WHERE  Branch__c LIKE '%20%'  AND  Shop__c LIKE '%1%'  AND Type__c = 'DAILY_REPORT'","errFlg":false,"fieldDateFrom":"","fieldDateTo":"","initSearchFlg":"true","limitStr":" LIMIT 1000","orderDesc":true,"orderTarget":"LastModifiedDate","pageNum":1,"pageSize":50,"ssc":"core.apexpages.components.framework.controller.SetOrientedStandardControllerImpl@1c6f3675","targetField1":"2","targetField2":"1","targetField3":"","targetField4":"","targetField5":"","targetRecords":"1"}|0x7b9cea53
18:03:35.0 (19275064)|STATEMENT_EXECUTE|[225]
18:03:35.0 (19276959)|STATEMENT_EXECUTE|[226]
18:03:35.0 (19399751)|VARIABLE_ASSIGNMENT|[EXTERNAL]|this|{"conditionStr":" WHERE  Branch__c LIKE '%20%'  AND  Shop__c LIKE '%1%'  AND Type__c = 'DAILY_REPORT'","errFlg":false,"fieldDateFrom":"","fieldDateTo":"","initSearchFlg":"true","limitStr":" LIMIT 1000","orderDesc":true,"orderTarget":"LastModifiedDate","pageNum":1,"pageSize":50,"ssc":"core.apexpages.components.framework.controller.SetOrientedStandardControllerImpl@1c6f3675","targetField1":"2","targetField2":"1","targetField3":"","targetField4":"","targetField5":"","targetRecords":"1"}|0x7b9cea53
18:03:35.0 (19426338)|METHOD_ENTRY|[226]|01pN0000000aEDx|auDailyReportListForAdminCtl.appendLikeText(String, String)
18:03:35.0 (19434088)|VARIABLE_SCOPE_BEGIN|[153]|this|auDailyReportListForAdminCtl|true|false
18:03:35.0 (19545345)|VARIABLE_ASSIGNMENT|[153]|this|{"conditionStr":" WHERE  Branch__c LIKE '%20%'  AND  Shop__c LIKE '%1%'  AND Type__c = 'DAILY_REPORT'","errFlg":false,"fieldDateFrom":"","fieldDateTo":"","initSearchFlg":"true","limitStr":" LIMIT 1000","orderDesc":true,"orderTarget":"LastModifiedDate","pageNum":1,"pageSize":50,"ssc":"core.apexpages.components.framework.controller.SetOrientedStandardControllerImpl@1c6f3675","targetField1":"2","targetField2":"1","targetField3":"","targetField4":"","targetField5":"","targetRecords":"1"}|0x7b9cea53
18:03:35.0 (19558099)|VARIABLE_SCOPE_BEGIN|[153]|fieldName|String|false|false
18:03:35.0 (19566467)|VARIABLE_ASSIGNMENT|[153]|fieldName|"Branch__c"
18:03:35.0 (19570699)|VARIABLE_SCOPE_BEGIN|[153]|value|String|false|false
18:03:35.0 (19577495)|VARIABLE_ASSIGNMENT|[153]|value|"2"
18:03:35.0 (19592142)|HEAP_ALLOCATE|[154]|Bytes:5
18:03:35.0 (19597043)|STATEMENT_EXECUTE|[153]
18:03:35.0 (19598550)|STATEMENT_EXECUTE|[154]
18:03:35.0 (19601056)|HEAP_ALLOCATE|[154]|Bytes:1
18:03:35.0 (19613718)|METHOD_ENTRY|[154]|01pN0000000aEDx|auDailyReportListForAdminCtl.escapeNull(String)
18:03:35.0 (19627883)|VARIABLE_SCOPE_BEGIN|[149]|value|String|false|false
18:03:35.0 (19635915)|VARIABLE_ASSIGNMENT|[149]|value|"Branch__c"
18:03:35.0 (19646606)|HEAP_ALLOCATE|[150]|Bytes:5
18:03:35.0 (19650627)|STATEMENT_EXECUTE|[149]
18:03:35.0 (19652043)|STATEMENT_EXECUTE|[150]
18:03:35.0 (19684810)|METHOD_EXIT|[154]|01pN0000000aEDx|auDailyReportListForAdminCtl.escapeNull(String)
18:03:35.0 (19691345)|HEAP_ALLOCATE|[154]|Bytes:8
18:03:35.0 (19697225)|METHOD_ENTRY|[154]|01pN0000000aEDx|auDailyReportListForAdminCtl.escapeNull(String)
18:03:35.0 (19702781)|VARIABLE_SCOPE_BEGIN|[149]|value|String|false|false
18:03:35.0 (19709983)|VARIABLE_ASSIGNMENT|[149]|value|"2"
18:03:35.0 (19718839)|HEAP_ALLOCATE|[150]|Bytes:5
18:03:35.0 (19722365)|STATEMENT_EXECUTE|[149]
18:03:35.0 (19723897)|STATEMENT_EXECUTE|[150]
18:03:35.0 (19737859)|METHOD_EXIT|[154]|01pN0000000aEDx|auDailyReportListForAdminCtl.escapeNull(String)
18:03:35.0 (19752689)|HEAP_ALLOCATE|[154]|Bytes:1
18:03:35.0 (19760872)|HEAP_ALLOCATE|[154]|Bytes:3
18:03:35.0 (19770814)|HEAP_ALLOCATE|[154]|Bytes:22
18:03:35.0 (19776899)|METHOD_EXIT|[226]|01pN0000000aEDx|auDailyReportListForAdminCtl.appendLikeText(String, String)
18:03:35.0 (19789101)|HEAP_ALLOCATE|[EXTERNAL]|Bytes:4
18:03:35.0 (19927557)|VARIABLE_ASSIGNMENT|[EXTERNAL]|this|{"conditionStr":" WHERE  Branch__c LIKE '%20%'  AND  Shop__c LIKE '%1%'  AND Type__c = 'DAILY_REPORT'","errFlg":false,"fieldDateFrom":"","fieldDateTo":"","initSearchFlg":"true","limitStr":" LIMIT 1000","orderDesc":true,"orderTarget":"LastModifiedDate","pageNum":1,"pageSize":50,"ssc":"core.apexpages.components.framework.controller.SetOrientedStandardControllerImpl@1c6f3675","targetField1":"2","targetField2":"1","targetField3":"","targetField4":"","targetField5":"","targetRecords":"1"}|0x7b9cea53
18:03:35.0 (19958415)|STATEMENT_EXECUTE|[228]
18:03:35.0 (19960098)|STATEMENT_EXECUTE|[229]
18:03:35.0 (20078277)|VARIABLE_ASSIGNMENT|[EXTERNAL]|this|{"conditionStr":" WHERE  Branch__c LIKE '%20%'  AND  Shop__c LIKE '%1%'  AND Type__c = 'DAILY_REPORT'","errFlg":false,"fieldDateFrom":"","fieldDateTo":"","initSearchFlg":"true","limitStr":" LIMIT 1000","orderDesc":true,"orderTarget":"LastModifiedDate","pageNum":1,"pageSize":50,"ssc":"core.apexpages.components.framework.controller.SetOrientedStandardControllerImpl@1c6f3675","targetField1":"2","targetField2":"1","targetField3":"","targetField4":"","targetField5":"","targetRecords":"1"}|0x7b9cea53
18:03:35.0 (20099350)|METHOD_ENTRY|[229]|01pN0000000aEDx|auDailyReportListForAdminCtl.appendLikeText(String, String)
18:03:35.0 (20104986)|VARIABLE_SCOPE_BEGIN|[153]|this|auDailyReportListForAdminCtl|true|false
18:03:35.0 (20214724)|VARIABLE_ASSIGNMENT|[153]|this|{"conditionStr":" WHERE  Branch__c LIKE '%20%'  AND  Shop__c LIKE '%1%'  AND Type__c = 'DAILY_REPORT'","errFlg":false,"fieldDateFrom":"","fieldDateTo":"","initSearchFlg":"true","limitStr":" LIMIT 1000","orderDesc":true,"orderTarget":"LastModifiedDate","pageNum":1,"pageSize":50,"ssc":"core.apexpages.components.framework.controller.SetOrientedStandardControllerImpl@1c6f3675","targetField1":"2","targetField2":"1","targetField3":"","targetField4":"","targetField5":"","targetRecords":"1"}|0x7b9cea53
18:03:35.0 (20226767)|VARIABLE_SCOPE_BEGIN|[153]|fieldName|String|false|false
18:03:35.0 (20234879)|VARIABLE_ASSIGNMENT|[153]|fieldName|"Shop__c"
18:03:35.0 (20238960)|VARIABLE_SCOPE_BEGIN|[153]|value|String|false|false
18:03:35.0 (20245208)|VARIABLE_ASSIGNMENT|[153]|value|"1"
18:03:35.0 (20258224)|HEAP_ALLOCATE|[154]|Bytes:5
18:03:35.0 (20262228)|STATEMENT_EXECUTE|[153]
18:03:35.0 (20264007)|STATEMENT_EXECUTE|[154]
18:03:35.0 (20269417)|METHOD_ENTRY|[154]|01pN0000000aEDx|auDailyReportListForAdminCtl.escapeNull(String)
18:03:35.0 (20275330)|VARIABLE_SCOPE_BEGIN|[149]|value|String|false|false
18:03:35.0 (20281996)|VARIABLE_ASSIGNMENT|[149]|value|"Shop__c"
18:03:35.0 (20289816)|HEAP_ALLOCATE|[150]|Bytes:5
18:03:35.0 (20293098)|STATEMENT_EXECUTE|[149]
18:03:35.0 (20294326)|STATEMENT_EXECUTE|[150]
18:03:35.0 (20311886)|METHOD_EXIT|[154]|01pN0000000aEDx|auDailyReportListForAdminCtl.escapeNull(String)
18:03:35.0 (20317868)|METHOD_ENTRY|[154]|01pN0000000aEDx|auDailyReportListForAdminCtl.escapeNull(String)
18:03:35.0 (20322500)|VARIABLE_SCOPE_BEGIN|[149]|value|String|false|false
18:03:35.0 (20329674)|VARIABLE_ASSIGNMENT|[149]|value|"1"
18:03:35.0 (20337104)|HEAP_ALLOCATE|[150]|Bytes:5
18:03:35.0 (20340645)|STATEMENT_EXECUTE|[149]
18:03:35.0 (20341909)|STATEMENT_EXECUTE|[150]
18:03:35.0 (20354531)|METHOD_EXIT|[154]|01pN0000000aEDx|auDailyReportListForAdminCtl.escapeNull(String)
18:03:35.0 (20364251)|HEAP_ALLOCATE|[154]|Bytes:1
18:03:35.0 (20373339)|HEAP_ALLOCATE|[154]|Bytes:20
18:03:35.0 (20378819)|METHOD_EXIT|[229]|01pN0000000aEDx|auDailyReportListForAdminCtl.appendLikeText(String, String)
18:03:35.0 (20389915)|HEAP_ALLOCATE|[EXTERNAL]|Bytes:4
18:03:35.0 (20514460)|VARIABLE_ASSIGNMENT|[EXTERNAL]|this|{"conditionStr":" WHERE  Branch__c LIKE '%20%'  AND  Shop__c LIKE '%1%'  AND Type__c = 'DAILY_REPORT'","errFlg":false,"fieldDateFrom":"","fieldDateTo":"","initSearchFlg":"true","limitStr":" LIMIT 1000","orderDesc":true,"orderTarget":"LastModifiedDate","pageNum":1,"pageSize":50,"ssc":"core.apexpages.components.framework.controller.SetOrientedStandardControllerImpl@1c6f3675","targetField1":"2","targetField2":"1","targetField3":"","targetField4":"","targetField5":"","targetRecords":"1"}|0x7b9cea53
18:03:35.0 (20543914)|STATEMENT_EXECUTE|[231]
18:03:35.0 (20659815)|VARIABLE_ASSIGNMENT|[EXTERNAL]|this|{"conditionStr":" WHERE  Branch__c LIKE '%20%'  AND  Shop__c LIKE '%1%'  AND Type__c = 'DAILY_REPORT'","errFlg":false,"fieldDateFrom":"","fieldDateTo":"","initSearchFlg":"true","limitStr":" LIMIT 1000","orderDesc":true,"orderTarget":"LastModifiedDate","pageNum":1,"pageSize":50,"ssc":"core.apexpages.components.framework.controller.SetOrientedStandardControllerImpl@1c6f3675","targetField1":"2","targetField2":"1","targetField3":"","targetField4":"","targetField5":"","targetRecords":"1"}|0x7b9cea53
18:03:35.0 (20687445)|STATEMENT_EXECUTE|[234]
18:03:35.0 (20802850)|VARIABLE_ASSIGNMENT|[EXTERNAL]|this|{"conditionStr":" WHERE  Branch__c LIKE '%20%'  AND  Shop__c LIKE '%1%'  AND Type__c = 'DAILY_REPORT'","errFlg":false,"fieldDateFrom":"","fieldDateTo":"","initSearchFlg":"true","limitStr":" LIMIT 1000","orderDesc":true,"orderTarget":"LastModifiedDate","pageNum":1,"pageSize":50,"ssc":"core.apexpages.components.framework.controller.SetOrientedStandardControllerImpl@1c6f3675","targetField1":"2","targetField2":"1","targetField3":"","targetField4":"","targetField5":"","targetRecords":"1"}|0x7b9cea53
18:03:35.0 (20835335)|STATEMENT_EXECUTE|[237]
18:03:35.0 (20837168)|STATEMENT_EXECUTE|[240]
18:03:35.0 (20838374)|STATEMENT_EXECUTE|[240]
18:03:35.0 (20952739)|VARIABLE_ASSIGNMENT|[EXTERNAL]|this|{"conditionStr":" WHERE  Branch__c LIKE '%20%'  AND  Shop__c LIKE '%1%'  AND Type__c = 'DAILY_REPORT'","errFlg":false,"fieldDateFrom":"","fieldDateTo":"","initSearchFlg":"true","limitStr":" LIMIT 1000","orderDesc":true,"orderTarget":"LastModifiedDate","pageNum":1,"pageSize":50,"ssc":"core.apexpages.components.framework.controller.SetOrientedStandardControllerImpl@1c6f3675","targetField1":"2","targetField2":"1","targetField3":"","targetField4":"","targetField5":"","targetRecords":"1"}|0x7b9cea53
18:03:35.0 (20980331)|STATEMENT_EXECUTE|[241]
18:03:35.0 (21092555)|VARIABLE_ASSIGNMENT|[EXTERNAL]|this|{"conditionStr":" WHERE  Branch__c LIKE '%20%'  AND  Shop__c LIKE '%1%'  AND Type__c = 'DAILY_REPORT'","errFlg":false,"fieldDateFrom":"","fieldDateTo":"","initSearchFlg":"true","limitStr":" LIMIT 1000","orderDesc":true,"orderTarget":"LastModifiedDate","pageNum":1,"pageSize":50,"ssc":"core.apexpages.components.framework.controller.SetOrientedStandardControllerImpl@1c6f3675","targetField1":"2","targetField2":"1","targetField3":"","targetField4":"","targetField5":"","targetRecords":"1"}|0x7b9cea53
18:03:35.0 (21123212)|STATEMENT_EXECUTE|[247]
18:03:35.0 (21125706)|STATEMENT_EXECUTE|[258]
18:03:35.0 (21133964)|METHOD_ENTRY|[258]|01pN0000000aEDx|auDailyReportListForAdminCtl.joinWhereConditions(List<String>)
18:03:35.0 (21145783)|VARIABLE_SCOPE_BEGIN|[196]|this|auDailyReportListForAdminCtl|true|false
18:03:35.0 (21256876)|VARIABLE_ASSIGNMENT|[196]|this|{"conditionStr":" WHERE  Branch__c LIKE '%20%'  AND  Shop__c LIKE '%1%'  AND Type__c = 'DAILY_REPORT'","errFlg":false,"fieldDateFrom":"","fieldDateTo":"","initSearchFlg":"true","limitStr":" LIMIT 1000","orderDesc":true,"orderTarget":"LastModifiedDate","pageNum":1,"pageSize":50,"ssc":"core.apexpages.components.framework.controller.SetOrientedStandardControllerImpl@1c6f3675","targetField1":"2","targetField2":"1","targetField3":"","targetField4":"","targetField5":"","targetRecords":"1"}|0x7b9cea53
18:03:35.0 (21268558)|VARIABLE_SCOPE_BEGIN|[196]|conditions|List<String>|true|false
18:03:35.0 (21281039)|VARIABLE_ASSIGNMENT|[196]|conditions|[" Branch__c LIKE '%2% (2 more) ..."," Shop__c LIKE '%1%' "]|0x3b9caf57
18:03:35.0 (21296105)|HEAP_ALLOCATE|[197]|Bytes:5
18:03:35.0 (21300966)|STATEMENT_EXECUTE|[196]
18:03:35.0 (21302409)|STATEMENT_EXECUTE|[197]
18:03:35.0 (21305781)|VARIABLE_SCOPE_BEGIN|[197]|ret|String|false|false
18:03:35.0 (21313961)|VARIABLE_ASSIGNMENT|[197]|ret|null
18:03:35.0 (21317741)|STATEMENT_EXECUTE|[198]
18:03:35.0 (21320332)|HEAP_ALLOCATE|[198]|Bytes:35
18:03:35.0 (21356346)|HEAP_ALLOCATE|[198]|Bytes:46
18:03:35.0 (21371132)|HEAP_ALLOCATE|[198]|Bytes:81
18:03:35.0 (21390454)|USER_DEBUG|[198]|DEBUG|joinWhereConditions -> conditions: ( Branch__c LIKE '%2%' ,  Shop__c LIKE '%1%' )
18:03:35.0 (21398963)|STATEMENT_EXECUTE|[199]
18:03:35.0 (21428149)|HEAP_ALLOCATE|[202]|Bytes:5
18:03:35.0 (21439683)|HEAP_ALLOCATE|[202]|Bytes:22
18:03:35.0 (21447719)|VARIABLE_SCOPE_BEGIN|[202]|condition|String|false|false
18:03:35.0 (21459163)|VARIABLE_ASSIGNMENT|[202]|condition|" Branch__c LIKE '%2% (2 more) ..."
18:03:35.0 (21464299)|STATEMENT_EXECUTE|[202]
18:03:35.0 (21465961)|STATEMENT_EXECUTE|[205]
18:03:35.0 (21467234)|STATEMENT_EXECUTE|[206]
18:03:35.0 (21469539)|HEAP_ALLOCATE|[206]|Bytes:7
18:03:35.0 (21475285)|HEAP_ALLOCATE|[206]|Bytes:29
18:03:35.0 (21481136)|VARIABLE_ASSIGNMENT|[206]|ret|" WHERE  Branch__c LI (9 more) ..."
18:03:35.0 (21490388)|HEAP_ALLOCATE|[202]|Bytes:5
18:03:35.0 (21496892)|HEAP_ALLOCATE|[202]|Bytes:20
18:03:35.0 (21501726)|VARIABLE_SCOPE_BEGIN|[202]|condition|String|false|false
18:03:35.0 (21509534)|VARIABLE_ASSIGNMENT|[202]|condition|" Shop__c LIKE '%1%' "
18:03:35.0 (21513708)|STATEMENT_EXECUTE|[202]
18:03:35.0 (21515316)|STATEMENT_EXECUTE|[203]
18:03:35.0 (21516545)|STATEMENT_EXECUTE|[204]
18:03:35.0 (21518976)|HEAP_ALLOCATE|[204]|Bytes:5
18:03:35.0 (21523799)|HEAP_ALLOCATE|[204]|Bytes:25
18:03:35.0 (21527525)|HEAP_ALLOCATE|[204]|Bytes:54
18:03:35.0 (21532633)|VARIABLE_ASSIGNMENT|[204]|ret|" WHERE  Branch__c LI (34 more) ..."
18:03:35.0 (21540699)|HEAP_ALLOCATE|[202]|Bytes:5
18:03:35.0 (21548432)|VARIABLE_ASSIGNMENT|[202]|condition|null
18:03:35.0 (21553482)|STATEMENT_EXECUTE|[211]
18:03:35.0 (21555002)|STATEMENT_EXECUTE|[212]
18:03:35.0 (21557481)|HEAP_ALLOCATE|[212]|Bytes:29
18:03:35.0 (21562107)|HEAP_ALLOCATE|[212]|Bytes:83
18:03:35.0 (21567649)|VARIABLE_ASSIGNMENT|[212]|ret|" WHERE  Branch__c LI (63 more) ..."
18:03:35.0 (21571168)|STATEMENT_EXECUTE|[214]
18:03:35.0 (21577994)|METHOD_EXIT|[258]|01pN0000000aEDx|auDailyReportListForAdminCtl.joinWhereConditions(List<String>)
18:03:35.0 (21585543)|METHOD_EXIT|[281]|01pN0000000aEDx|auDailyReportListForAdminCtl.getContditions()
18:03:35.0 (21590106)|VARIABLE_SCOPE_BEGIN|[281]|conditionStr|String|false|false
18:03:35.0 (21598877)|VARIABLE_ASSIGNMENT|[281]|conditionStr|" WHERE  Branch__c LI (63 more) ..."
18:03:35.0 (21602674)|STATEMENT_EXECUTE|[282]
18:03:35.0 (21604859)|HEAP_ALLOCATE|[282]|Bytes:30
18:03:35.0 (21610161)|HEAP_ALLOCATE|[282]|Bytes:113
18:03:35.0 (21625429)|USER_DEBUG|[282]|DEBUG|recordSearch -> conditionStr:  WHERE  Branch__c LIKE '%2%'  AND  Shop__c LIKE '%1%'  AND Type__c = 'DAILY_REPORT'
18:03:35.0 (21633162)|STATEMENT_EXECUTE|[285]
18:03:35.0 (21640007)|METHOD_ENTRY|[285]|01pN0000000aEDx|auDailyReportListForAdminCtl.getOrderBy()
18:03:35.0 (21649228)|VARIABLE_SCOPE_BEGIN|[331]|this|auDailyReportListForAdminCtl|true|false
18:03:35.0 (21774242)|VARIABLE_ASSIGNMENT|[331]|this|{"conditionStr":" WHERE  Branch__c LIKE '%20%'  AND  Shop__c LIKE '%1%'  AND Type__c = 'DAILY_REPORT'","errFlg":false,"fieldDateFrom":"","fieldDateTo":"","initSearchFlg":"true","limitStr":" LIMIT 1000","orderDesc":true,"orderTarget":"LastModifiedDate","pageNum":1,"pageSize":50,"ssc":"core.apexpages.components.framework.controller.SetOrientedStandardControllerImpl@1c6f3675","targetField1":"2","targetField2":"1","targetField3":"","targetField4":"","targetField5":"","targetRecords":"1"}|0x7b9cea53
18:03:35.0 (21795625)|HEAP_ALLOCATE|[332]|Bytes:5
18:03:35.0 (21799898)|STATEMENT_EXECUTE|[331]
18:03:35.0 (21801722)|STATEMENT_EXECUTE|[332]
18:03:35.0 (21804083)|HEAP_ALLOCATE|[332]|Bytes:10
18:03:35.0 (21934074)|VARIABLE_ASSIGNMENT|[EXTERNAL]|this|{"conditionStr":" WHERE  Branch__c LIKE '%20%'  AND  Shop__c LIKE '%1%'  AND Type__c = 'DAILY_REPORT'","errFlg":false,"fieldDateFrom":"","fieldDateTo":"","initSearchFlg":"true","limitStr":" LIMIT 1000","orderDesc":true,"orderTarget":"LastModifiedDate","pageNum":1,"pageSize":50,"ssc":"core.apexpages.components.framework.controller.SetOrientedStandardControllerImpl@1c6f3675","targetField1":"2","targetField2":"1","targetField3":"","targetField4":"","targetField5":"","targetRecords":"1"}|0x7b9cea53
18:03:35.0 (21954683)|HEAP_ALLOCATE|[332]|Bytes:26
18:03:35.0 (21959911)|VARIABLE_SCOPE_BEGIN|[332]|orderByStr|String|false|false
18:03:35.0 (21970410)|VARIABLE_ASSIGNMENT|[332]|orderByStr|" ORDER BY LastModifi (6 more) ..."
18:03:35.0 (21974948)|STATEMENT_EXECUTE|[333]
18:03:35.0 (21977886)|VARIABLE_SCOPE_BEGIN|[333]|descStr|String|false|false
18:03:35.0 (21985932)|VARIABLE_ASSIGNMENT|[333]|descStr|""
18:03:35.0 (22104755)|VARIABLE_ASSIGNMENT|[EXTERNAL]|this|{"conditionStr":" WHERE  Branch__c LIKE '%20%'  AND  Shop__c LIKE '%1%'  AND Type__c = 'DAILY_REPORT'","errFlg":false,"fieldDateFrom":"","fieldDateTo":"","initSearchFlg":"true","limitStr":" LIMIT 1000","orderDesc":true,"orderTarget":"LastModifiedDate","pageNum":1,"pageSize":50,"ssc":"core.apexpages.components.framework.controller.SetOrientedStandardControllerImpl@1c6f3675","targetField1":"2","targetField2":"1","targetField3":"","targetField4":"","targetField5":"","targetRecords":"1"}|0x7b9cea53
18:03:35.0 (22122377)|STATEMENT_EXECUTE|[336]
18:03:35.0 (22123921)|STATEMENT_EXECUTE|[337]
18:03:35.0 (22126403)|HEAP_ALLOCATE|[337]|Bytes:17
18:03:35.0 (22133462)|VARIABLE_ASSIGNMENT|[337]|descStr|" Desc nulls last "
18:03:35.0 (22138120)|STATEMENT_EXECUTE|[339]
18:03:35.0 (22141957)|HEAP_ALLOCATE|[339]|Bytes:43
18:03:35.0 (22147959)|VARIABLE_ASSIGNMENT|[339]|orderByStr|" ORDER BY LastModifi (23 more) ..."
18:03:35.0 (22152724)|STATEMENT_EXECUTE|[340]
18:03:35.0 (22158106)|METHOD_EXIT|[285]|01pN0000000aEDx|auDailyReportListForAdminCtl.getOrderBy()
18:03:35.0 (22164931)|VARIABLE_SCOPE_BEGIN|[285]|orderBy|String|false|false
18:03:35.0 (22173185)|VARIABLE_ASSIGNMENT|[285]|orderBy|" ORDER BY LastModifi (23 more) ..."
18:03:35.0 (22177467)|STATEMENT_EXECUTE|[288]
18:03:35.0 (22180379)|VARIABLE_SCOPE_BEGIN|[288]|range|String|false|false
18:03:35.0 (22188257)|VARIABLE_ASSIGNMENT|[288]|range|"10000"
18:03:35.0 (22309273)|VARIABLE_ASSIGNMENT|[EXTERNAL]|this|{"conditionStr":" WHERE  Branch__c LIKE '%20%'  AND  Shop__c LIKE '%1%'  AND Type__c = 'DAILY_REPORT'","errFlg":false,"fieldDateFrom":"","fieldDateTo":"","initSearchFlg":"true","limitStr":" LIMIT 1000","orderDesc":true,"orderTarget":"LastModifiedDate","pageNum":1,"pageSize":50,"ssc":"core.apexpages.components.framework.controller.SetOrientedStandardControllerImpl@1c6f3675","targetField1":"2","targetField2":"1","targetField3":"","targetField4":"","targetField5":"","targetRecords":"1"}|0x7b9cea53
18:03:35.0 (22341769)|STATEMENT_EXECUTE|[290]
18:03:35.0 (22343706)|STATEMENT_EXECUTE|[291]
18:03:35.0 (22348552)|VARIABLE_ASSIGNMENT|[291]|range|"1000"
18:03:35.0 (22352892)|STATEMENT_EXECUTE|[293]
18:03:35.0 (22355530)|HEAP_ALLOCATE|[293]|Bytes:7
18:03:35.0 (22361620)|HEAP_ALLOCATE|[293]|Bytes:11
18:03:35.0 (22365739)|VARIABLE_SCOPE_BEGIN|[293]|limitStr|String|false|false
18:03:35.0 (22372881)|VARIABLE_ASSIGNMENT|[293]|limitStr|" LIMIT 1000"
18:03:35.0 (22376491)|STATEMENT_EXECUTE|[296]
18:03:35.0 (22382596)|HEAP_ALLOCATE|[296]|Bytes:137
18:03:35.0 (22387538)|HEAP_ALLOCATE|[296]|Bytes:321
18:03:35.0 (22393113)|VARIABLE_ASSIGNMENT|[296]|queryStr|"SELECT Branch__c, Sh (301 more) ..."
18:03:35.0 (22398982)|STATEMENT_EXECUTE|[300]
18:03:35.0 (22400259)|STATEMENT_EXECUTE|[301]
18:03:35.0 (22407660)|METHOD_ENTRY|[301]|01pN0000000aEDx|auDailyReportListForAdminCtl.createSsc(String)
18:03:35.0 (22419798)|VARIABLE_SCOPE_BEGIN|[344]|this|auDailyReportListForAdminCtl|true|false
18:03:35.0 (22533809)|VARIABLE_ASSIGNMENT|[344]|this|{"conditionStr":" WHERE  Branch__c LIKE '%20%'  AND  Shop__c LIKE '%1%'  AND Type__c = 'DAILY_REPORT'","errFlg":false,"fieldDateFrom":"","fieldDateTo":"","initSearchFlg":"true","limitStr":" LIMIT 1000","orderDesc":true,"orderTarget":"LastModifiedDate","pageNum":1,"pageSize":50,"ssc":"core.apexpages.components.framework.controller.SetOrientedStandardControllerImpl@1c6f3675","targetField1":"2","targetField2":"1","targetField3":"","targetField4":"","targetField5":"","targetRecords":"1"}|0x7b9cea53
18:03:35.0 (22545886)|VARIABLE_SCOPE_BEGIN|[344]|queryStr|String|false|false
18:03:35.0 (22554954)|VARIABLE_ASSIGNMENT|[344]|queryStr|"SELECT Branch__c, Sh (301 more) ..."
18:03:35.0 (22570375)|HEAP_ALLOCATE|[345]|Bytes:5
18:03:35.0 (22574521)|STATEMENT_EXECUTE|[344]
18:03:35.0 (22575967)|STATEMENT_EXECUTE|[345]
18:03:35.0 (22578458)|HEAP_ALLOCATE|[345]|Bytes:23
18:03:35.0 (22584396)|HEAP_ALLOCATE|[345]|Bytes:344
18:03:35.0 (22600785)|USER_DEBUG|[345]|DEBUG|createSsc -> queryStr: SELECT Branch__c, Shop__c, ReportName__c, CreatedDate, LastModifiedDate, Type__c, Status__c, CreatedBy.Name, LastModifiedBy.Name, ValidFrom__c, ValidTo__c, IsValid__c FROM saInquiry__c WHERE  Branch__c LIKE '%2%'  AND  Shop__c LIKE '%1%'  AND Type__c = 'DAILY_REPORT' ORDER BY LastModifiedDate Desc nulls last  LIMIT 1000
18:03:35.0 (22611097)|STATEMENT_EXECUTE|[346]
18:03:35.0 (24281719)|SOQL_EXECUTE_BEGIN|[346]|Aggregations:0|SELECT Branch__c, Shop__c, ReportName__c, CreatedDate, LastModifiedDate, Type__c, Status__c, CreatedBy.Name, LastModifiedBy.Name, ValidFrom__c, ValidTo__c, IsValid__c FROM saInquiry__c 
18:03:35.0 (44533769)|SOQL_EXECUTE_END|[346]|Rows:35
18:03:35.0 (44590950)|HEAP_ALLOCATE|[346]|Bytes:20
18:03:35.0 (44750708)|VARIABLE_SCOPE_BEGIN|[346]|localSsc|ApexPages.StandardSetController|true|false
18:03:35.0 (44835143)|VARIABLE_ASSIGNMENT|[346]|localSsc|"core.apexpages.components.framework.controller.SetOrientedStandardControllerImpl@468dc1d9"|0x468dc1d9
18:03:35.0 (44844058)|STATEMENT_EXECUTE|[347]
18:03:35.0 (68032654)|STATEMENT_EXECUTE|[348]
18:03:35.0 (68082997)|STATEMENT_EXECUTE|[349]
18:03:35.0 (68097441)|METHOD_EXIT|[301]|01pN0000000aEDx|auDailyReportListForAdminCtl.createSsc(String)
18:03:35.0 (68298137)|VARIABLE_ASSIGNMENT|[EXTERNAL]|this|{"conditionStr":" WHERE  Branch__c LIKE '%20%'  AND  Shop__c LIKE '%1%'  AND Type__c = 'DAILY_REPORT'","errFlg":false,"fieldDateFrom":"","fieldDateTo":"","initSearchFlg":"true","limitStr":" LIMIT 1000","orderDesc":true,"orderTarget":"LastModifiedDate","pageNum":1,"pageSize":50,"ssc":"core.apexpages.components.framework.controller.SetOrientedStandardControllerImpl@1c6f3675","targetField1":"2","targetField2":"1","targetField3":"","targetField4":"","targetField5":"","targetRecords":"1"}|0x7b9cea53
18:03:35.0 (68358466)|VARIABLE_ASSIGNMENT|[EXTERNAL]|value|"core.apexpages.components.framework.controller.SetOrientedStandardControllerImpl@468dc1d9"|0x468dc1d9
18:03:35.0 (68421316)|VARIABLE_ASSIGNMENT|[12]|this.ssc|"core.apexpages.components.framework.controller.SetOrientedStandardControllerImpl@468dc1d9"|0x7b9cea53
18:03:35.0 (68433291)|STATEMENT_EXECUTE|[302]
18:03:35.0 (68441661)|VARIABLE_ASSIGNMENT|[302]|this.conditionStr|" WHERE  Branch__c LI (63 more) ..."|0x7b9cea53
18:03:35.0 (68446831)|STATEMENT_EXECUTE|[303]
18:03:35.0 (68452464)|HEAP_ALLOCATE|[303]|Bytes:14
18:03:35.0 (68466440)|HEAP_ALLOCATE|[303]|Bytes:97
18:03:35.0 (68495200)|USER_DEBUG|[303]|DEBUG|conditionStrは： WHERE  Branch__c LIKE '%2%'  AND  Shop__c LIKE '%1%'  AND Type__c = 'DAILY_REPORT'
18:03:35.0 (68504092)|STATEMENT_EXECUTE|[304]
18:03:35.0 (68512363)|VARIABLE_ASSIGNMENT|[304]|this.limitStr|" LIMIT 1000"|0x7b9cea53
18:03:35.0 (68517925)|STATEMENT_EXECUTE|[306]
18:03:35.0 (68530918)|METHOD_ENTRY|[306]|01pN0000000aEDx|auDailyReportListForAdminCtl.saveInputValues()
18:03:35.0 (68545326)|VARIABLE_SCOPE_BEGIN|[80]|this|auDailyReportListForAdminCtl|true|false
18:03:35.0 (68668528)|VARIABLE_ASSIGNMENT|[80]|this|{"conditionStr":" WHERE  Branch__c LIKE '%2%'  AND  Shop__c LIKE '%1%'  AND Type__c = 'DAILY_REPORT'","errFlg":false,"fieldDateFrom":"","fieldDateTo":"","initSearchFlg":"true","limitStr":" LIMIT 1000","orderDesc":true,"orderTarget":"LastModifiedDate","pageNum":1,"pageSize":50,"ssc":"core.apexpages.components.framework.controller.SetOrientedStandardControllerImpl@468dc1d9","targetField1":"2","targetField2":"1","targetField3":"","targetField4":"","targetField5":"","targetRecords":"1"}|0x7b9cea53
18:03:35.0 (68696224)|HEAP_ALLOCATE|[81]|Bytes:5
18:03:35.0 (68701045)|STATEMENT_EXECUTE|[80]
18:03:35.0 (68702709)|STATEMENT_EXECUTE|[81]
18:03:35.0 (68725629)|HEAP_ALLOCATE|[81]|Bytes:4
18:03:35.0 (68755321)|VARIABLE_SCOPE_BEGIN|[81]|cookies|List<System.Cookie>|true|false
18:03:35.0 (68787169)|HEAP_ALLOCATE|[EXTERNAL]|Bytes:4
18:03:35.0 (68798635)|VARIABLE_ASSIGNMENT|[81]|cookies|[]|0x4d16fdcd
18:03:35.0 (68804155)|STATEMENT_EXECUTE|[82]
18:03:35.0 (68943481)|VARIABLE_ASSIGNMENT|[EXTERNAL]|this|{"conditionStr":" WHERE  Branch__c LIKE '%2%'  AND  Shop__c LIKE '%1%'  AND Type__c = 'DAILY_REPORT'","errFlg":false,"fieldDateFrom":"","fieldDateTo":"","initSearchFlg":"true","limitStr":" LIMIT 1000","orderDesc":true,"orderTarget":"LastModifiedDate","pageNum":1,"pageSize":50,"ssc":"core.apexpages.components.framework.controller.SetOrientedStandardControllerImpl@468dc1d9","targetField1":"2","targetField2":"1","targetField3":"","targetField4":"","targetField5":"","targetRecords":"1"}|0x7b9cea53
18:03:35.0 (69007832)|HEAP_ALLOCATE|[EXTERNAL]|Bytes:4
18:03:35.0 (69017295)|STATEMENT_EXECUTE|[83]
18:03:35.0 (69147004)|VARIABLE_ASSIGNMENT|[EXTERNAL]|this|{"conditionStr":" WHERE  Branch__c LIKE '%2%'  AND  Shop__c LIKE '%1%'  AND Type__c = 'DAILY_REPORT'","errFlg":false,"fieldDateFrom":"","fieldDateTo":"","initSearchFlg":"true","limitStr":" LIMIT 1000","orderDesc":true,"orderTarget":"LastModifiedDate","pageNum":1,"pageSize":50,"ssc":"core.apexpages.components.framework.controller.SetOrientedStandardControllerImpl@468dc1d9","targetField1":"2","targetField2":"1","targetField3":"","targetField4":"","targetField5":"","targetRecords":"1"}|0x7b9cea53
18:03:35.0 (69186720)|HEAP_ALLOCATE|[EXTERNAL]|Bytes:4
18:03:35.0 (69193226)|STATEMENT_EXECUTE|[84]
18:03:35.0 (69315982)|VARIABLE_ASSIGNMENT|[EXTERNAL]|this|{"conditionStr":" WHERE  Branch__c LIKE '%2%'  AND  Shop__c LIKE '%1%'  AND Type__c = 'DAILY_REPORT'","errFlg":false,"fieldDateFrom":"","fieldDateTo":"","initSearchFlg":"true","limitStr":" LIMIT 1000","orderDesc":true,"orderTarget":"LastModifiedDate","pageNum":1,"pageSize":50,"ssc":"core.apexpages.components.framework.controller.SetOrientedStandardControllerImpl@468dc1d9","targetField1":"2","targetField2":"1","targetField3":"","targetField4":"","targetField5":"","targetRecords":"1"}|0x7b9cea53
18:03:35.0 (69353155)|HEAP_ALLOCATE|[EXTERNAL]|Bytes:4
18:03:35.0 (69359546)|STATEMENT_EXECUTE|[85]
18:03:35.0 (69480563)|VARIABLE_ASSIGNMENT|[EXTERNAL]|this|{"conditionStr":" WHERE  Branch__c LIKE '%2%'  AND  Shop__c LIKE '%1%'  AND Type__c = 'DAILY_REPORT'","errFlg":false,"fieldDateFrom":"","fieldDateTo":"","initSearchFlg":"true","limitStr":" LIMIT 1000","orderDesc":true,"orderTarget":"LastModifiedDate","pageNum":1,"pageSize":50,"ssc":"core.apexpages.components.framework.controller.SetOrientedStandardControllerImpl@468dc1d9","targetField1":"2","targetField2":"1","targetField3":"","targetField4":"","targetField5":"","targetRecords":"1"}|0x7b9cea53
18:03:35.0 (69516117)|HEAP_ALLOCATE|[EXTERNAL]|Bytes:4
18:03:35.0 (69522405)|STATEMENT_EXECUTE|[86]
18:03:35.0 (69643932)|VARIABLE_ASSIGNMENT|[EXTERNAL]|this|{"conditionStr":" WHERE  Branch__c LIKE '%2%'  AND  Shop__c LIKE '%1%'  AND Type__c = 'DAILY_REPORT'","errFlg":false,"fieldDateFrom":"","fieldDateTo":"","initSearchFlg":"true","limitStr":" LIMIT 1000","orderDesc":true,"orderTarget":"LastModifiedDate","pageNum":1,"pageSize":50,"ssc":"core.apexpages.components.framework.controller.SetOrientedStandardControllerImpl@468dc1d9","targetField1":"2","targetField2":"1","targetField3":"","targetField4":"","targetField5":"","targetRecords":"1"}|0x7b9cea53
18:03:35.0 (69679433)|HEAP_ALLOCATE|[EXTERNAL]|Bytes:4
18:03:35.0 (69685691)|STATEMENT_EXECUTE|[87]
18:03:35.0 (69805681)|VARIABLE_ASSIGNMENT|[EXTERNAL]|this|{"conditionStr":" WHERE  Branch__c LIKE '%2%'  AND  Shop__c LIKE '%1%'  AND Type__c = 'DAILY_REPORT'","errFlg":false,"fieldDateFrom":"","fieldDateTo":"","initSearchFlg":"true","limitStr":" LIMIT 1000","orderDesc":true,"orderTarget":"LastModifiedDate","pageNum":1,"pageSize":50,"ssc":"core.apexpages.components.framework.controller.SetOrientedStandardControllerImpl@468dc1d9","targetField1":"2","targetField2":"1","targetField3":"","targetField4":"","targetField5":"","targetRecords":"1"}|0x7b9cea53
18:03:35.0 (69844325)|HEAP_ALLOCATE|[EXTERNAL]|Bytes:4
18:03:35.0 (69850503)|STATEMENT_EXECUTE|[89]
18:03:35.0 (69854634)|VARIABLE_SCOPE_BEGIN|[89]|fromDateStr|String|false|false
18:03:35.0 (69863629)|VARIABLE_ASSIGNMENT|[89]|fromDateStr|null
18:03:35.0 (69985394)|VARIABLE_ASSIGNMENT|[EXTERNAL]|this|{"conditionStr":" WHERE  Branch__c LIKE '%2%'  AND  Shop__c LIKE '%1%'  AND Type__c = 'DAILY_REPORT'","errFlg":false,"fieldDateFrom":"","fieldDateTo":"","initSearchFlg":"true","limitStr":" LIMIT 1000","orderDesc":true,"orderTarget":"LastModifiedDate","pageNum":1,"pageSize":50,"ssc":"core.apexpages.components.framework.controller.SetOrientedStandardControllerImpl@468dc1d9","targetField1":"2","targetField2":"1","targetField3":"","targetField4":"","targetField5":"","targetRecords":"1"}|0x7b9cea53
18:03:35.0 (70001387)|STATEMENT_EXECUTE|[90]
18:03:35.0 (70003351)|STATEMENT_EXECUTE|[91]
18:03:35.0 (70116150)|VARIABLE_ASSIGNMENT|[EXTERNAL]|this|{"conditionStr":" WHERE  Branch__c LIKE '%2%'  AND  Shop__c LIKE '%1%'  AND Type__c = 'DAILY_REPORT'","errFlg":false,"fieldDateFrom":"","fieldDateTo":"","initSearchFlg":"true","limitStr":" LIMIT 1000","orderDesc":true,"orderTarget":"LastModifiedDate","pageNum":1,"pageSize":50,"ssc":"core.apexpages.components.framework.controller.SetOrientedStandardControllerImpl@468dc1d9","targetField1":"2","targetField2":"1","targetField3":"","targetField4":"","targetField5":"","targetRecords":"1"}|0x7b9cea53
18:03:35.0 (70133043)|HEAP_ALLOCATE|[91]|Bytes:1
18:03:35.0 (70138102)|HEAP_ALLOCATE|[91]|Bytes:1
18:03:35.0 (70177121)|VARIABLE_ASSIGNMENT|[91]|fromDateStr|""
18:03:35.0 (70183025)|STATEMENT_EXECUTE|[93]
18:03:35.0 (70228711)|HEAP_ALLOCATE|[EXTERNAL]|Bytes:4
18:03:35.0 (70236579)|STATEMENT_EXECUTE|[95]
18:03:35.0 (70239546)|VARIABLE_SCOPE_BEGIN|[95]|toDateStr|String|false|false
18:03:35.0 (70247404)|VARIABLE_ASSIGNMENT|[95]|toDateStr|null
18:03:35.0 (70370159)|VARIABLE_ASSIGNMENT|[EXTERNAL]|this|{"conditionStr":" WHERE  Branch__c LIKE '%2%'  AND  Shop__c LIKE '%1%'  AND Type__c = 'DAILY_REPORT'","errFlg":false,"fieldDateFrom":"","fieldDateTo":"","initSearchFlg":"true","limitStr":" LIMIT 1000","orderDesc":true,"orderTarget":"LastModifiedDate","pageNum":1,"pageSize":50,"ssc":"core.apexpages.components.framework.controller.SetOrientedStandardControllerImpl@468dc1d9","targetField1":"2","targetField2":"1","targetField3":"","targetField4":"","targetField5":"","targetRecords":"1"}|0x7b9cea53
18:03:35.0 (70386992)|STATEMENT_EXECUTE|[96]
18:03:35.0 (70388780)|STATEMENT_EXECUTE|[97]
18:03:35.0 (70508201)|VARIABLE_ASSIGNMENT|[EXTERNAL]|this|{"conditionStr":" WHERE  Branch__c LIKE '%2%'  AND  Shop__c LIKE '%1%'  AND Type__c = 'DAILY_REPORT'","errFlg":false,"fieldDateFrom":"","fieldDateTo":"","initSearchFlg":"true","limitStr":" LIMIT 1000","orderDesc":true,"orderTarget":"LastModifiedDate","pageNum":1,"pageSize":50,"ssc":"core.apexpages.components.framework.controller.SetOrientedStandardControllerImpl@468dc1d9","targetField1":"2","targetField2":"1","targetField3":"","targetField4":"","targetField5":"","targetRecords":"1"}|0x7b9cea53
18:03:35.0 (70543667)|VARIABLE_ASSIGNMENT|[97]|toDateStr|""
18:03:35.0 (70548818)|STATEMENT_EXECUTE|[99]
18:03:35.0 (70589267)|HEAP_ALLOCATE|[EXTERNAL]|Bytes:4
18:03:35.0 (70596919)|STATEMENT_EXECUTE|[100]
18:03:35.0 (70622660)|HEAP_ALLOCATE|[100]|Bytes:568
18:03:35.0 (70736416)|METHOD_EXIT|[306]|01pN0000000aEDx|auDailyReportListForAdminCtl.saveInputValues()
18:03:35.0 (70745036)|SYSTEM_MODE_EXIT|false
18:03:35.0 (83653847)|SYSTEM_MODE_ENTER|true
18:03:35.84 (84062744)|SYSTEM_MODE_ENTER|true
18:03:35.84 (84121772)|HEAP_ALLOCATE|[EXTERNAL]|Bytes:8
18:03:35.84 (84132619)|VARIABLE_SCOPE_BEGIN|[88]|this|ApexPage.PageMessagesComponentController|true|false
18:03:35.84 (84156638)|VARIABLE_ASSIGNMENT|[88]|this|{}|0x223e5404
18:03:35.84 (84163165)|VARIABLE_SCOPE_BEGIN|[88]|escape|Boolean|false|false
18:03:35.84 (84171591)|VARIABLE_ASSIGNMENT|[88]|escape|null
18:03:35.84 (84249543)|SYSTEM_MODE_ENTER|true
18:03:35.84 (84276432)|HEAP_ALLOCATE|[EXTERNAL]|Bytes:8
18:03:35.84 (84282335)|VARIABLE_SCOPE_BEGIN|[2]|this|ApexPage.PageMessagesComponentController|true|false
18:03:35.84 (84298479)|VARIABLE_ASSIGNMENT|[2]|this|{}|0x223e5404
18:03:35.0 (84767816)|SYSTEM_MODE_ENTER|true
18:03:35.0 (84967821)|SYSTEM_MODE_ENTER|true
18:03:35.0 (85073185)|SYSTEM_MODE_ENTER|true
18:03:35.0 (85099391)|HEAP_ALLOCATE|[EXTERNAL]|Bytes:84
18:03:35.0 (85106976)|VARIABLE_SCOPE_BEGIN|[352]|this|auDailyReportListForAdminCtl|true|false
18:03:35.0 (85274002)|VARIABLE_ASSIGNMENT|[352]|this|{"conditionStr":" WHERE  Branch__c LIKE '%2%'  AND  Shop__c LIKE '%1%'  AND Type__c = 'DAILY_REPORT'","errFlg":false,"fieldDateFrom":"","fieldDateTo":"","initSearchFlg":"true","limitStr":" LIMIT 1000","orderDesc":true,"orderTarget":"LastModifiedDate","pageNum":1,"pageSize":50,"ssc":"core.apexpages.components.framework.controller.SetOrientedStandardControllerImpl@468dc1d9","targetField1":"2","targetField2":"1","targetField3":"","targetField4":"","targetField5":"","targetRecords":"1"}|0x7b9cea53
18:03:35.0 (85297420)|SYSTEM_MODE_ENTER|false
18:03:35.0 (85305333)|HEAP_ALLOCATE|[353]|Bytes:5
18:03:35.0 (85311162)|STATEMENT_EXECUTE|[352]
18:03:35.0 (85312933)|STATEMENT_EXECUTE|[353]
18:03:35.0 (85317708)|VARIABLE_SCOPE_BEGIN|[353]|recs|List<saInquiry__c>|true|false
18:03:35.0 (85327317)|VARIABLE_ASSIGNMENT|[353]|recs|null|
18:03:35.0 (85457127)|VARIABLE_ASSIGNMENT|[EXTERNAL]|this|{"conditionStr":" WHERE  Branch__c LIKE '%2%'  AND  Shop__c LIKE '%1%'  AND Type__c = 'DAILY_REPORT'","errFlg":false,"fieldDateFrom":"","fieldDateTo":"","initSearchFlg":"true","limitStr":" LIMIT 1000","orderDesc":true,"orderTarget":"LastModifiedDate","pageNum":1,"pageSize":50,"ssc":"core.apexpages.components.framework.controller.SetOrientedStandardControllerImpl@468dc1d9","targetField1":"2","targetField2":"1","targetField3":"","targetField4":"","targetField5":"","targetRecords":"1"}|0x7b9cea53
18:03:35.0 (85475602)|STATEMENT_EXECUTE|[354]
18:03:35.0 (85477170)|STATEMENT_EXECUTE|[355]
18:03:35.0 (85592009)|VARIABLE_ASSIGNMENT|[EXTERNAL]|this|{"conditionStr":" WHERE  Branch__c LIKE '%2%'  AND  Shop__c LIKE '%1%'  AND Type__c = 'DAILY_REPORT'","errFlg":false,"fieldDateFrom":"","fieldDateTo":"","initSearchFlg":"true","limitStr":" LIMIT 1000","orderDesc":true,"orderTarget":"LastModifiedDate","pageNum":1,"pageSize":50,"ssc":"core.apexpages.components.framework.controller.SetOrientedStandardControllerImpl@468dc1d9","targetField1":"2","targetField2":"1","targetField3":"","targetField4":"","targetField5":"","targetRecords":"1"}|0x7b9cea53
18:03:35.0 (85639185)|HEAP_ALLOCATE|[355]|Bytes:144
18:03:35.0 (85669104)|HEAP_ALLOCATE|[355]|Bytes:144
18:03:35.0 (85688834)|VARIABLE_ASSIGNMENT|[355]|recs|"List of size 35 too large to display"|0x303fc7ae
18:03:35.0 (85695800)|STATEMENT_EXECUTE|[357]
18:03:35.0 (85697446)|STATEMENT_EXECUTE|[360]
18:03:35.0 (85700636)|SYSTEM_MODE_EXIT|false
18:03:35.0 (91506357)|SYSTEM_MODE_ENTER|true
18:03:35.0 (91645052)|SYSTEM_MODE_ENTER|true
18:03:35.0 (91835960)|SYSTEM_MODE_ENTER|true
18:03:35.0 (91930285)|SYSTEM_MODE_ENTER|true
18:03:35.0 (92008701)|SYSTEM_MODE_ENTER|true
18:03:35.0 (92085381)|SYSTEM_MODE_ENTER|true
18:03:35.0 (92161396)|SYSTEM_MODE_ENTER|true
18:03:35.0 (92279015)|SYSTEM_MODE_ENTER|true
18:03:35.0 (92387424)|SYSTEM_MODE_ENTER|true
18:03:35.92 (92890361)|SYSTEM_MODE_ENTER|true
18:03:35.92 (92934726)|HEAP_ALLOCATE|[EXTERNAL]|Bytes:8
18:03:35.92 (92942700)|VARIABLE_SCOPE_BEGIN|[88]|this|ApexPage.PageMessagesComponentController|true|false
18:03:35.92 (92964022)|VARIABLE_ASSIGNMENT|[88]|this|{}|0x223e5404
18:03:35.92 (92970501)|VARIABLE_SCOPE_BEGIN|[88]|escape|Boolean|false|false
18:03:35.92 (92977817)|VARIABLE_ASSIGNMENT|[88]|escape|null
18:03:35.93 (93084792)|SYSTEM_MODE_ENTER|true
18:03:35.93 (93112267)|HEAP_ALLOCATE|[EXTERNAL]|Bytes:8
18:03:35.93 (93118856)|VARIABLE_SCOPE_BEGIN|[2]|this|ApexPage.PageMessagesComponentController|true|false
18:03:35.93 (93136627)|VARIABLE_ASSIGNMENT|[2]|this|{}|0x223e5404
18:03:35.0 (145074088)|VF_SERIALIZE_VIEWSTATE_BEGIN|066N0000000M524
18:03:35.0 (149455066)|VF_SERIALIZE_VIEWSTATE_END
18:03:35.155 (155357269)|CUMULATIVE_LIMIT_USAGE
18:03:35.155 (155357269)|LIMIT_USAGE_FOR_NS|(default)|
  Number of SOQL queries: 1 out of 100
  Number of query rows: 35 out of 50000
  Number of SOSL queries: 0 out of 20
  Number of DML statements: 0 out of 150
  Number of DML rows: 0 out of 10000
  Maximum CPU time: 0 out of 10000
  Maximum heap size: 0 out of 6000000
  Number of callouts: 0 out of 100
  Number of Email Invocations: 0 out of 10
  Number of future calls: 0 out of 50
  Number of queueable jobs added to the queue: 0 out of 50
  Number of Mobile Apex push calls: 0 out of 10

18:03:35.155 (155357269)|CUMULATIVE_LIMIT_USAGE_END

18:03:35.0 (155394350)|CODE_UNIT_FINISHED|VF: /apex/auDailyReportListForAdmin
18:03:35.0 (156123585)|EXECUTION_FINISHED
