38.0 APEX_CODE,FINEST;APEX_PROFILING,INFO;CALLOUT,INFO;DB,INFO;NBA,INFO;SYSTEM,DEBUG;VALIDATION,INFO;VISUALFORCE,INFO;WAVE,INFO;WORKFLOW,INFO
17:38:26.0 (89465)|USER_INFO|[EXTERNAL]|0056F000006PtYl|gwadmin@gw.jp.kddi.gwdev01|日本標準時|GMT+09:00
17:38:26.0 (136907)|EXECUTION_STARTED
17:38:26.0 (143523)|CODE_UNIT_STARTED|[EXTERNAL]|066N0000000M59u|VF: /apex/saReport
17:38:26.0 (683465)|VF_DESERIALIZE_VIEWSTATE_BEGIN|066N0000000M59u
17:38:26.0 (6807980)|HEAP_ALLOCATE|[72]|Bytes:3
17:38:26.0 (6855218)|HEAP_ALLOCATE|[77]|Bytes:152
17:38:26.0 (6879959)|HEAP_ALLOCATE|[342]|Bytes:408
17:38:26.0 (6902395)|HEAP_ALLOCATE|[355]|Bytes:408
17:38:26.0 (6922349)|HEAP_ALLOCATE|[467]|Bytes:48
17:38:26.0 (6960319)|HEAP_ALLOCATE|[139]|Bytes:6
17:38:26.0 (8727124)|HEAP_ALLOCATE|[50]|Bytes:5
17:38:26.0 (8756721)|HEAP_ALLOCATE|[56]|Bytes:5
17:38:26.0 (8767047)|HEAP_ALLOCATE|[64]|Bytes:7
17:38:26.0 (10805321)|VARIABLE_SCOPE_BEGIN|[30]|saReportCtrl.ERROR_CATEGORY_MISSING|String|false|true
17:38:26.0 (10817717)|VARIABLE_SCOPE_BEGIN|[31]|saReportCtrl.ERROR_COMMENT_MISSING|String|false|true
17:38:26.0 (10824681)|VARIABLE_SCOPE_BEGIN|[29]|saReportCtrl.ERROR_TITLE_MISSING|String|false|true
17:38:26.0 (10831452)|VARIABLE_SCOPE_BEGIN|[32]|saReportCtrl.MESSAGE_ASK_FOR_VALIDATION|String|false|true
17:38:26.0 (10837934)|VARIABLE_SCOPE_BEGIN|[33]|saReportCtrl.MESSAGE_PUBLISHED|String|false|true
17:38:26.0 (10844728)|VARIABLE_SCOPE_BEGIN|[27]|saReportCtrl.SA_REPORT_STATE_NONE_LABEL|String|false|true
17:38:26.0 (10852372)|VARIABLE_SCOPE_BEGIN|[26]|saReportCtrl.SA_REPORT_STATE_NONE_VALUE|String|false|true
17:38:26.0 (10859567)|VARIABLE_SCOPE_BEGIN|[8]|saReportCtrl.SEARCH_COUNT_AVERAGE_LABEL|String|false|true
17:38:26.0 (10866993)|VARIABLE_SCOPE_BEGIN|[11]|saReportCtrl.SEARCH_COUNT_AVERAGE_VALUE|String|false|true
17:38:26.0 (10873696)|VARIABLE_SCOPE_BEGIN|[7]|saReportCtrl.SEARCH_COUNT_FEW_LABEL|String|false|true
17:38:26.0 (10880178)|VARIABLE_SCOPE_BEGIN|[10]|saReportCtrl.SEARCH_COUNT_FEW_VALUE|String|false|true
17:38:26.0 (10887098)|VARIABLE_SCOPE_BEGIN|[9]|saReportCtrl.SEARCH_COUNT_LOT_LABEL|String|false|true
17:38:26.0 (10893842)|VARIABLE_SCOPE_BEGIN|[12]|saReportCtrl.SEARCH_COUNT_LOT_VALUE|String|false|true
17:38:26.0 (10901170)|VARIABLE_SCOPE_BEGIN|[17]|saReportCtrl.SORTED_BY_FAVORITES_LABEL|String|false|true
17:38:26.0 (10907928)|VARIABLE_SCOPE_BEGIN|[23]|saReportCtrl.SORTED_BY_FAVORITES_VALUE|String|false|true
17:38:26.0 (10915728)|VARIABLE_SCOPE_BEGIN|[15]|saReportCtrl.SORTED_BY_NEWS_LABEL|String|false|true
17:38:26.0 (10923728)|VARIABLE_SCOPE_BEGIN|[21]|saReportCtrl.SORTED_BY_NEWS_VALUE|String|false|true
17:38:26.0 (10930677)|VARIABLE_SCOPE_BEGIN|[14]|saReportCtrl.SORTED_BY_NONE_LABEL|String|false|true
17:38:26.0 (10938202)|VARIABLE_SCOPE_BEGIN|[20]|saReportCtrl.SORTED_BY_NONE_VALUE|String|false|true
17:38:26.0 (10945451)|VARIABLE_SCOPE_BEGIN|[16]|saReportCtrl.SORTED_BY_NUMBER_OF_VIEWS_LABEL|String|false|true
17:38:26.0 (10953107)|VARIABLE_SCOPE_BEGIN|[22]|saReportCtrl.SORTED_BY_NUMBER_OF_VIEWS_VALUE|String|false|true
17:38:26.0 (10960361)|VARIABLE_SCOPE_BEGIN|[18]|saReportCtrl.SORTED_BY_RELEASE_DATES_LABEL|String|false|true
17:38:26.0 (10967666)|VARIABLE_SCOPE_BEGIN|[24]|saReportCtrl.SORTED_BY_RELEASE_DATES_VALUE|String|false|true
17:38:26.0 (12430534)|VARIABLE_SCOPE_BEGIN|[25]|auMainTopCompCtrl.TYPE_SCREEN_ACCOUNT_LIST|Integer|false|true
17:38:26.0 (12443160)|VARIABLE_SCOPE_BEGIN|[26]|auMainTopCompCtrl.TYPE_SCREEN_ACTIVITY_LIST|Integer|false|true
17:38:26.0 (12450047)|VARIABLE_SCOPE_BEGIN|[7]|auMainTopCompCtrl.TYPE_SCREEN_CX_SCREEN|Integer|false|true
17:38:26.0 (12456109)|VARIABLE_SCOPE_BEGIN|[8]|auMainTopCompCtrl.TYPE_SCREEN_CX_TIMELINE|Integer|false|true
17:38:26.0 (12462499)|VARIABLE_SCOPE_BEGIN|[9]|auMainTopCompCtrl.TYPE_SCREEN_EVENT_SCHEDULE|Integer|false|true
17:38:26.0 (12474704)|VARIABLE_SCOPE_BEGIN|[10]|auMainTopCompCtrl.TYPE_SCREEN_EVENT_SCHEDULE_LIST|Integer|false|true
17:38:26.0 (12481929)|VARIABLE_SCOPE_BEGIN|[27]|auMainTopCompCtrl.TYPE_SCREEN_FILE_LIST|Integer|false|true
17:38:26.0 (12489026)|VARIABLE_SCOPE_BEGIN|[24]|auMainTopCompCtrl.TYPE_SCREEN_HONBU_DIRECT|Integer|false|true
17:38:26.0 (12495463)|VARIABLE_SCOPE_BEGIN|[11]|auMainTopCompCtrl.TYPE_SCREEN_KNOWLEDGE_DASHBOARD|Integer|false|true
17:38:26.0 (12501764)|VARIABLE_SCOPE_BEGIN|[12]|auMainTopCompCtrl.TYPE_SCREEN_KNOWLEDGE_LIST|Integer|false|true
17:38:26.0 (12508470)|VARIABLE_SCOPE_BEGIN|[15]|auMainTopCompCtrl.TYPE_SCREEN_SA_CHATTER|Integer|false|true
17:38:26.0 (12515355)|VARIABLE_SCOPE_BEGIN|[16]|auMainTopCompCtrl.TYPE_SCREEN_SA_DAILYREPORT|Integer|false|true
17:38:26.0 (12521306)|VARIABLE_SCOPE_BEGIN|[22]|auMainTopCompCtrl.TYPE_SCREEN_SA_DAILYREPORTLIST|Integer|false|true
17:38:26.0 (12527573)|VARIABLE_SCOPE_BEGIN|[18]|auMainTopCompCtrl.TYPE_SCREEN_SA_DOCUMENTS|Integer|false|true
17:38:26.0 (12533694)|VARIABLE_SCOPE_BEGIN|[17]|auMainTopCompCtrl.TYPE_SCREEN_SA_ENQUETE|Integer|false|true
17:38:26.0 (12539690)|VARIABLE_SCOPE_BEGIN|[20]|auMainTopCompCtrl.TYPE_SCREEN_SA_LINKS|Integer|false|true
17:38:26.0 (12545805)|VARIABLE_SCOPE_BEGIN|[13]|auMainTopCompCtrl.TYPE_SCREEN_SA_MESSAGES|Integer|false|true
17:38:26.0 (12552148)|VARIABLE_SCOPE_BEGIN|[19]|auMainTopCompCtrl.TYPE_SCREEN_SA_RANKING|Integer|false|true
17:38:26.0 (12558548)|VARIABLE_SCOPE_BEGIN|[14]|auMainTopCompCtrl.TYPE_SCREEN_SA_REPORTS|Integer|false|true
17:38:26.0 (12564774)|VARIABLE_SCOPE_BEGIN|[23]|auMainTopCompCtrl.TYPE_SCREEN_SA_TODO|Integer|false|true
17:38:26.0 (12571450)|VARIABLE_SCOPE_BEGIN|[21]|auMainTopCompCtrl.TYPE_SCREEN_SA_USRSETTINGS|Integer|false|true
17:38:26.0 (12578010)|VARIABLE_SCOPE_BEGIN|[4]|auMainTopCompCtrl.TYPE_SCREEN_STPD_EVENT|Integer|false|true
17:38:26.0 (12584513)|VARIABLE_SCOPE_BEGIN|[6]|auMainTopCompCtrl.TYPE_SCREEN_STPD_SCREEN|Integer|false|true
17:38:26.0 (12590945)|VARIABLE_SCOPE_BEGIN|[5]|auMainTopCompCtrl.TYPE_SCREEN_STPD_TIMELINE|Integer|false|true
17:38:26.0 (12597324)|VARIABLE_SCOPE_BEGIN|[3]|auMainTopCompCtrl.TYPE_SCREEN_SWITCH|Integer|false|true
17:38:26.0 (16969659)|VF_DESERIALIZE_VIEWSTATE_END
17:38:26.0 (20891001)|SYSTEM_MODE_ENTER|true
17:38:26.0 (20922788)|HEAP_ALLOCATE|[EXTERNAL]|Bytes:1588
17:38:26.0 (20937600)|HEAP_ALLOCATE|[EXTERNAL]|Bytes:645
17:38:26.0 (20943786)|HEAP_ALLOCATE|[EXTERNAL]|Bytes:858
17:38:26.0 (20949220)|HEAP_ALLOCATE|[EXTERNAL]|Bytes:10
17:38:26.0 (20974528)|VARIABLE_ASSIGNMENT|[EXTERNAL]|saReportCtrl.ERROR_CATEGORY_MISSING|"カテゴリが必須です。"
17:38:26.0 (20980700)|HEAP_ALLOCATE|[EXTERNAL]|Bytes:10
17:38:26.0 (20987591)|VARIABLE_ASSIGNMENT|[EXTERNAL]|saReportCtrl.ERROR_COMMENT_MISSING|"コメントが必須です。"
17:38:26.0 (20992517)|HEAP_ALLOCATE|[EXTERNAL]|Bytes:10
17:38:26.0 (20998754)|VARIABLE_ASSIGNMENT|[EXTERNAL]|saReportCtrl.ERROR_TITLE_MISSING|"タイトルが必須です。"
17:38:26.0 (21003657)|HEAP_ALLOCATE|[EXTERNAL]|Bytes:11
17:38:26.0 (21010440)|VARIABLE_ASSIGNMENT|[EXTERNAL]|saReportCtrl.MESSAGE_ASK_FOR_VALIDATION|"承認申請を出しました。"
17:38:26.0 (21015125)|HEAP_ALLOCATE|[EXTERNAL]|Bytes:7
17:38:26.0 (21020982)|VARIABLE_ASSIGNMENT|[EXTERNAL]|saReportCtrl.MESSAGE_PUBLISHED|"公開しました。"
17:38:26.0 (21025176)|HEAP_ALLOCATE|[EXTERNAL]|Bytes:3
17:38:26.0 (21031000)|VARIABLE_ASSIGNMENT|[EXTERNAL]|saReportCtrl.SA_REPORT_STATE_NONE_LABEL|"未選択"
17:38:26.0 (21035085)|HEAP_ALLOCATE|[EXTERNAL]|Bytes:1
17:38:26.0 (21040891)|VARIABLE_ASSIGNMENT|[EXTERNAL]|saReportCtrl.SA_REPORT_STATE_NONE_VALUE|" "
17:38:26.0 (21045502)|HEAP_ALLOCATE|[EXTERNAL]|Bytes:3
17:38:26.0 (21051535)|VARIABLE_ASSIGNMENT|[EXTERNAL]|saReportCtrl.SEARCH_COUNT_AVERAGE_LABEL|"50件"
17:38:26.0 (21056152)|HEAP_ALLOCATE|[EXTERNAL]|Bytes:2
17:38:26.0 (21062298)|VARIABLE_ASSIGNMENT|[EXTERNAL]|saReportCtrl.SEARCH_COUNT_AVERAGE_VALUE|"50"
17:38:26.0 (21066242)|HEAP_ALLOCATE|[EXTERNAL]|Bytes:3
17:38:26.0 (21072533)|VARIABLE_ASSIGNMENT|[EXTERNAL]|saReportCtrl.SEARCH_COUNT_FEW_LABEL|"20件"
17:38:26.0 (21077185)|HEAP_ALLOCATE|[EXTERNAL]|Bytes:2
17:38:26.0 (21083028)|VARIABLE_ASSIGNMENT|[EXTERNAL]|saReportCtrl.SEARCH_COUNT_FEW_VALUE|"20"
17:38:26.0 (21087064)|HEAP_ALLOCATE|[EXTERNAL]|Bytes:4
17:38:26.0 (21093163)|VARIABLE_ASSIGNMENT|[EXTERNAL]|saReportCtrl.SEARCH_COUNT_LOT_LABEL|"100件"
17:38:26.0 (21097451)|HEAP_ALLOCATE|[EXTERNAL]|Bytes:3
17:38:26.0 (21103906)|VARIABLE_ASSIGNMENT|[EXTERNAL]|saReportCtrl.SEARCH_COUNT_LOT_VALUE|"100"
17:38:26.0 (21107959)|HEAP_ALLOCATE|[EXTERNAL]|Bytes:4
17:38:26.0 (21114412)|VARIABLE_ASSIGNMENT|[EXTERNAL]|saReportCtrl.SORTED_BY_FAVORITES_LABEL|"いいね順"
17:38:26.0 (21118568)|HEAP_ALLOCATE|[EXTERNAL]|Bytes:4
17:38:26.0 (21125532)|VARIABLE_ASSIGNMENT|[EXTERNAL]|saReportCtrl.SORTED_BY_FAVORITES_VALUE|"いいね順"
17:38:26.0 (21129880)|HEAP_ALLOCATE|[EXTERNAL]|Bytes:3
17:38:26.0 (21136275)|VARIABLE_ASSIGNMENT|[EXTERNAL]|saReportCtrl.SORTED_BY_NEWS_LABEL|"NEW"
17:38:26.0 (21140422)|HEAP_ALLOCATE|[EXTERNAL]|Bytes:3
17:38:26.0 (21146838)|VARIABLE_ASSIGNMENT|[EXTERNAL]|saReportCtrl.SORTED_BY_NEWS_VALUE|"NEW"
17:38:26.0 (21151460)|HEAP_ALLOCATE|[EXTERNAL]|Bytes:1
17:38:26.0 (21158338)|VARIABLE_ASSIGNMENT|[EXTERNAL]|saReportCtrl.SORTED_BY_NONE_LABEL|" "
17:38:26.0 (21162579)|HEAP_ALLOCATE|[EXTERNAL]|Bytes:1
17:38:26.0 (21168592)|VARIABLE_ASSIGNMENT|[EXTERNAL]|saReportCtrl.SORTED_BY_NONE_VALUE|" "
17:38:26.0 (21172407)|HEAP_ALLOCATE|[EXTERNAL]|Bytes:4
17:38:26.0 (21180482)|VARIABLE_ASSIGNMENT|[EXTERNAL]|saReportCtrl.SORTED_BY_NUMBER_OF_VIEWS_LABEL|"閲覧数順"
17:38:26.0 (21185327)|HEAP_ALLOCATE|[EXTERNAL]|Bytes:4
17:38:26.0 (21191954)|VARIABLE_ASSIGNMENT|[EXTERNAL]|saReportCtrl.SORTED_BY_NUMBER_OF_VIEWS_VALUE|"閲覧数順"
17:38:26.0 (21196260)|HEAP_ALLOCATE|[EXTERNAL]|Bytes:4
17:38:26.0 (21203306)|VARIABLE_ASSIGNMENT|[EXTERNAL]|saReportCtrl.SORTED_BY_RELEASE_DATES_LABEL|"公開日時"
17:38:26.0 (21207171)|HEAP_ALLOCATE|[EXTERNAL]|Bytes:4
17:38:26.0 (21213736)|VARIABLE_ASSIGNMENT|[EXTERNAL]|saReportCtrl.SORTED_BY_RELEASE_DATES_VALUE|"公開日時"
17:38:26.0 (21228946)|METHOD_ENTRY|[1]|01pN0000000aEUV|saReportCtrl.saReportCtrl()
17:38:26.0 (21235625)|STATEMENT_EXECUTE|[1]
17:38:26.0 (21241368)|STATEMENT_EXECUTE|[1]
17:38:26.0 (21251399)|SYSTEM_MODE_ENTER|false
17:38:26.0 (21267667)|HEAP_ALLOCATE|[EXTERNAL]|Bytes:5
17:38:26.0 (21276818)|SYSTEM_MODE_EXIT|false
17:38:26.0 (21285011)|METHOD_EXIT|[1]|saReportCtrl
17:38:26.0 (21392465)|SYSTEM_MODE_ENTER|true
17:38:26.0 (21664337)|SYSTEM_MODE_ENTER|true
17:38:26.0 (24936526)|SYSTEM_MODE_ENTER|true
17:38:26.0 (25041564)|SYSTEM_MODE_ENTER|true
17:38:26.0 (25121508)|SYSTEM_MODE_ENTER|true
17:38:26.0 (25191593)|SYSTEM_MODE_ENTER|true
17:38:26.0 (25405618)|SYSTEM_MODE_ENTER|true
17:38:26.0 (25488835)|SYSTEM_MODE_ENTER|true
17:38:26.0 (25554804)|SYSTEM_MODE_ENTER|true
17:38:26.0 (26120661)|SYSTEM_MODE_ENTER|true
17:38:26.0 (26354363)|HEAP_ALLOCATE|[EXTERNAL]|Bytes:376
17:38:26.0 (26366297)|VARIABLE_SCOPE_BEGIN|[36]|this|saReportCtrl|true|false
17:38:26.0 (26606492)|VARIABLE_ASSIGNMENT|[36]|this|{"attachmentId":"","basicSearchCategory":" ","basicSearchCount":"20","basicSearchDateEnd":"","basicSearchDateStart":"","basicSearchKeywords":"","basicSearchRole1":" ","basicSearchRole2":" ","basicSearchRole3":" ","basicSearchSort":" ","categoryDataOptions":"0x1aa0b2fd","countDataOptions":"0x28a305b3","createBody":"","createdReportId":"SA_Report-00000041","createSubject":"","currentUser":"0x3099c8cb","draftBody":"dds","draftCategory":"au でんき","draftProcess":"提案","draftSubject":"123","isApprover":false,"isCopySelected":false,"isGoodSelected":false,"isVeryGoodSelected":false,"latestBasicSearchCategory":"","latestBasicSearchCount":"","latestBasicSearchDateEnd":"","latestBasicSearchDateStart":"","latestBasicSearchKeywords":"","latestBasicSearchRole1":"","latestBasicSearchRole2":"","latestBasicSearchRole3":"","latestBasicSearchSort":"","latestMySearchCount":"","latestMySearchDateEnd":"","latestMySearchDateStart":"","latestMySearchKeywords":"","latestMySearchState":"","latestPendingCount":"","latestPendingDateEnd":"","latestPendingDateStart":"","latestPendingKeywords":"","latestSelectedProcess":"","listOfCategory":"0x76ade107","listOfSAReports":"0x16bef4ba","lsAttachments":"0x9169bca","lsRolesFull":"0x392899c6","mapOfCategory":"0x4789d1b8","messageError":"","messageSubmissionComplete":"","mySearchDateEnd":"","mySearchDateStart":"","mySearchKeywords":"","newCommentValue":"","pendingDateEnd":"","pendingDateStart":"","pendingKeywords":"","processDataOptions":"0x2673e6d7","remandBody":"","remandSubject":"","reportComments":"0x1b86f118","reportGoodViews":"0x661dad07","reportManagedViews":"0x6f10a46d","reportRendered":false,"reportState":"Draft","roleLevel1DataOptions":"0x566ca206","roleLevel2DataOptions":"0x7ace87e2","roleLevel3DataOptions":"0x71b06829","searchCategoryLabel":"","searchCountLabel":"","searchStateLabel":"","selectedCategoryName":"","selectedProcess":"","selectedReport":"0x2a764a96","selectedReportName":"SA_Report-00000041","selectedView":"","sortDataOptions":"0x1be999be","stateDataOptions":"0x28267457"}|0x446ee737
17:38:26.0 (26652323)|SYSTEM_MODE_ENTER|false
17:38:26.0 (26660077)|HEAP_ALLOCATE|[36]|Bytes:5
17:38:26.0 (26665991)|STATEMENT_EXECUTE|[36]
17:38:26.0 (26668283)|STATEMENT_EXECUTE|[36]
17:38:26.0 (27136701)|VARIABLE_SCOPE_BEGIN|[7]|saConstantCmn.PUSH_NOTIFICATION_STATUS_NONE|String|false|true
17:38:26.0 (27148455)|VARIABLE_SCOPE_BEGIN|[9]|saConstantCmn.PUSH_NOTIFICATION_STATUS_RESENDING|String|false|true
17:38:26.0 (27155856)|VARIABLE_SCOPE_BEGIN|[8]|saConstantCmn.PUSH_NOTIFICATION_STATUS_SENDING|String|false|true
17:38:26.0 (27162820)|VARIABLE_SCOPE_BEGIN|[10]|saConstantCmn.PUSH_NOTIFICATION_STATUS_SENT|String|false|true
17:38:26.0 (27169523)|VARIABLE_SCOPE_BEGIN|[24]|saConstantCmn.SA_INQUIRY_TYPE_AU_HEARING|String|false|true
17:38:26.0 (27176313)|VARIABLE_SCOPE_BEGIN|[22]|saConstantCmn.SA_INQUIRY_TYPE_DAILYREPORT|String|false|true
17:38:26.0 (27189317)|VARIABLE_SCOPE_BEGIN|[23]|saConstantCmn.SA_INQUIRY_TYPE_HEARING|String|false|true
17:38:26.0 (27198333)|VARIABLE_SCOPE_BEGIN|[15]|saConstantCmn.SA_MESSAGEDETAIL_TYPE_DONE|String|false|true
17:38:26.0 (27205701)|VARIABLE_SCOPE_BEGIN|[14]|saConstantCmn.SA_MESSAGEDETAIL_TYPE_READ|String|false|true
17:38:26.0 (27212723)|VARIABLE_SCOPE_BEGIN|[13]|saConstantCmn.SA_MESSAGEDETAIL_TYPE_SHARED|String|false|true
17:38:26.0 (27219543)|VARIABLE_SCOPE_BEGIN|[18]|saConstantCmn.SA_MESSAGE_TYPE_MESSAGE|String|false|true
17:38:26.0 (27226242)|VARIABLE_SCOPE_BEGIN|[19]|saConstantCmn.SA_MESSAGE_TYPE_TASK|String|false|true
17:38:26.0 (27233427)|VARIABLE_SCOPE_BEGIN|[41]|saConstantCmn.SA_REPORT_DETAIL_TYPE_LIKE|String|false|true
17:38:26.0 (27239938)|VARIABLE_SCOPE_BEGIN|[42]|saConstantCmn.SA_REPORT_DETAIL_TYPE_VERY_LIKE|String|false|true
17:38:26.0 (27246863)|VARIABLE_SCOPE_BEGIN|[34]|saConstantCmn.SA_REPORT_REPLY_STATUS_REPLYSAVED|String|false|true
17:38:26.0 (27253489)|VARIABLE_SCOPE_BEGIN|[35]|saConstantCmn.SA_REPORT_REPLY_STATUS_REPLYSENT|String|false|true
17:38:26.0 (27259836)|VARIABLE_SCOPE_BEGIN|[33]|saConstantCmn.SA_REPORT_REPLY_STATUS_WAITINGREPLY|String|false|true
17:38:26.0 (27266823)|VARIABLE_SCOPE_BEGIN|[39]|saConstantCmn.SA_REPORT_SOURCE_NEW|String|false|true
17:38:26.0 (27273647)|VARIABLE_SCOPE_BEGIN|[38]|saConstantCmn.SA_REPORT_SOURCE_WEEKLY|String|false|true
17:38:26.0 (27281051)|VARIABLE_SCOPE_BEGIN|[27]|saConstantCmn.SA_REPORT_STATE_DRAFT|String|false|true
17:38:26.0 (27289167)|VARIABLE_SCOPE_BEGIN|[30]|saConstantCmn.SA_REPORT_STATE_PUBLISHED|String|false|true
17:38:26.0 (27295726)|VARIABLE_SCOPE_BEGIN|[29]|saConstantCmn.SA_REPORT_STATE_REJECTED|String|false|true
17:38:26.0 (27302740)|VARIABLE_SCOPE_BEGIN|[28]|saConstantCmn.SA_REPORT_STATE_WAITING_APPROVAL|String|false|true
17:38:26.0 (27310216)|VARIABLE_SCOPE_BEGIN|[45]|saConstantCmn.SOURCE|String|false|true
17:38:26.0 (27318104)|VARIABLE_SCOPE_BEGIN|[46]|saConstantCmn.SOURCE_PREVIEW|String|false|true
17:38:26.0 (27329420)|HEAP_ALLOCATE|[36]|Bytes:4
17:38:26.0 (27342719)|VARIABLE_ASSIGNMENT|[36]|saConstantCmn.PUSH_NOTIFICATION_STATUS_NONE|"NONE"
17:38:26.0 (27348058)|HEAP_ALLOCATE|[36]|Bytes:9
17:38:26.0 (27354853)|VARIABLE_ASSIGNMENT|[36]|saConstantCmn.PUSH_NOTIFICATION_STATUS_RESENDING|"RESENDING"
17:38:26.0 (27359547)|HEAP_ALLOCATE|[36]|Bytes:7
17:38:26.0 (27364811)|VARIABLE_ASSIGNMENT|[36]|saConstantCmn.PUSH_NOTIFICATION_STATUS_SENDING|"SENDING"
17:38:26.0 (27368783)|HEAP_ALLOCATE|[36]|Bytes:4
17:38:26.0 (27374227)|VARIABLE_ASSIGNMENT|[36]|saConstantCmn.PUSH_NOTIFICATION_STATUS_SENT|"SENT"
17:38:26.0 (27378758)|HEAP_ALLOCATE|[36]|Bytes:10
17:38:26.0 (27385182)|VARIABLE_ASSIGNMENT|[36]|saConstantCmn.SA_INQUIRY_TYPE_AU_HEARING|"AU_HEARING"
17:38:26.0 (27388935)|HEAP_ALLOCATE|[36]|Bytes:12
17:38:26.0 (27395089)|VARIABLE_ASSIGNMENT|[36]|saConstantCmn.SA_INQUIRY_TYPE_DAILYREPORT|"DAILY_REPORT"
17:38:26.0 (27399585)|HEAP_ALLOCATE|[36]|Bytes:6
17:38:26.0 (27405368)|VARIABLE_ASSIGNMENT|[36]|saConstantCmn.SA_INQUIRY_TYPE_HEARING|"SURVEY"
17:38:26.0 (27409367)|HEAP_ALLOCATE|[36]|Bytes:4
17:38:26.0 (27415059)|VARIABLE_ASSIGNMENT|[36]|saConstantCmn.SA_MESSAGEDETAIL_TYPE_DONE|"DONE"
17:38:26.0 (27418848)|HEAP_ALLOCATE|[36]|Bytes:4
17:38:26.0 (27424829)|VARIABLE_ASSIGNMENT|[36]|saConstantCmn.SA_MESSAGEDETAIL_TYPE_READ|"READ"
17:38:26.0 (27428816)|HEAP_ALLOCATE|[36]|Bytes:6
17:38:26.0 (27435071)|VARIABLE_ASSIGNMENT|[36]|saConstantCmn.SA_MESSAGEDETAIL_TYPE_SHARED|"SHARED"
17:38:26.0 (27439313)|HEAP_ALLOCATE|[36]|Bytes:7
17:38:26.0 (27444704)|VARIABLE_ASSIGNMENT|[36]|saConstantCmn.SA_MESSAGE_TYPE_MESSAGE|"MESSAGE"
17:38:26.0 (27448489)|HEAP_ALLOCATE|[36]|Bytes:4
17:38:26.0 (27453802)|VARIABLE_ASSIGNMENT|[36]|saConstantCmn.SA_MESSAGE_TYPE_TASK|"TASK"
17:38:26.0 (27457583)|HEAP_ALLOCATE|[36]|Bytes:4
17:38:26.0 (27463031)|VARIABLE_ASSIGNMENT|[36]|saConstantCmn.SA_REPORT_DETAIL_TYPE_LIKE|"LIKE"
17:38:26.0 (27471636)|HEAP_ALLOCATE|[36]|Bytes:9
17:38:26.0 (27478386)|VARIABLE_ASSIGNMENT|[36]|saConstantCmn.SA_REPORT_DETAIL_TYPE_VERY_LIKE|"VERY_LIKE"
17:38:26.0 (27482994)|HEAP_ALLOCATE|[36]|Bytes:11
17:38:26.0 (27489171)|VARIABLE_ASSIGNMENT|[36]|saConstantCmn.SA_REPORT_REPLY_STATUS_REPLYSAVED|"REPLY_SAVED"
17:38:26.0 (27492884)|HEAP_ALLOCATE|[36]|Bytes:10
17:38:26.0 (27499220)|VARIABLE_ASSIGNMENT|[36]|saConstantCmn.SA_REPORT_REPLY_STATUS_REPLYSENT|"REPLY_SENT"
17:38:26.0 (27503568)|HEAP_ALLOCATE|[36]|Bytes:13
17:38:26.0 (27509741)|VARIABLE_ASSIGNMENT|[36]|saConstantCmn.SA_REPORT_REPLY_STATUS_WAITINGREPLY|"WAITING_REPLY"
17:38:26.0 (27513762)|HEAP_ALLOCATE|[36]|Bytes:3
17:38:26.0 (27519944)|VARIABLE_ASSIGNMENT|[36]|saConstantCmn.SA_REPORT_SOURCE_NEW|"New"
17:38:26.0 (27523916)|HEAP_ALLOCATE|[36]|Bytes:6
17:38:26.0 (27530104)|VARIABLE_ASSIGNMENT|[36]|saConstantCmn.SA_REPORT_SOURCE_WEEKLY|"Weekly"
17:38:26.0 (27534137)|HEAP_ALLOCATE|[36]|Bytes:5
17:38:26.0 (27540149)|VARIABLE_ASSIGNMENT|[36]|saConstantCmn.SA_REPORT_STATE_DRAFT|"Draft"
17:38:26.0 (27543910)|HEAP_ALLOCATE|[36]|Bytes:7
17:38:26.0 (27550333)|VARIABLE_ASSIGNMENT|[36]|saConstantCmn.SA_REPORT_STATE_PUBLISHED|"Publish"
17:38:26.0 (27554171)|HEAP_ALLOCATE|[36]|Bytes:6
17:38:26.0 (27560634)|VARIABLE_ASSIGNMENT|[36]|saConstantCmn.SA_REPORT_STATE_REJECTED|"Remand"
17:38:26.0 (27564505)|HEAP_ALLOCATE|[36]|Bytes:7
17:38:26.0 (27571405)|VARIABLE_ASSIGNMENT|[36]|saConstantCmn.SA_REPORT_STATE_WAITING_APPROVAL|"Pending"
17:38:26.0 (27575417)|HEAP_ALLOCATE|[36]|Bytes:3
17:38:26.0 (27581960)|VARIABLE_ASSIGNMENT|[36]|saConstantCmn.SOURCE|"src"
17:38:26.0 (27586334)|HEAP_ALLOCATE|[36]|Bytes:7
17:38:26.0 (27593070)|VARIABLE_ASSIGNMENT|[36]|saConstantCmn.SOURCE_PREVIEW|"preview"
17:38:26.0 (27617973)|METHOD_ENTRY|[4]|01pN0000000aH2z|saConstantCmn.saConstantCmn()
17:38:26.0 (27623235)|STATEMENT_EXECUTE|[4]
17:38:26.0 (27626442)|STATEMENT_EXECUTE|[4]
17:38:26.0 (27634221)|HEAP_ALLOCATE|[36]|Bytes:5
17:38:26.0 (27643406)|METHOD_EXIT|[4]|saConstantCmn
17:38:26.0 (27650488)|SYSTEM_MODE_EXIT|false
17:38:26.0 (27807221)|SYSTEM_MODE_ENTER|true
17:38:26.0 (27845412)|HEAP_ALLOCATE|[EXTERNAL]|Bytes:376
17:38:26.0 (27853028)|VARIABLE_SCOPE_BEGIN|[37]|this|saReportCtrl|true|false
17:38:26.0 (28058548)|VARIABLE_ASSIGNMENT|[37]|this|{"attachmentId":"","basicSearchCategory":" ","basicSearchCount":"20","basicSearchDateEnd":"","basicSearchDateStart":"","basicSearchKeywords":"","basicSearchRole1":" ","basicSearchRole2":" ","basicSearchRole3":" ","basicSearchSort":" ","categoryDataOptions":"0x1aa0b2fd","countDataOptions":"0x28a305b3","createBody":"","createdReportId":"SA_Report-00000041","createSubject":"","currentUser":"0x3099c8cb","draftBody":"dds","draftCategory":"au でんき","draftProcess":"提案","draftSubject":"123","isApprover":false,"isCopySelected":false,"isGoodSelected":false,"isVeryGoodSelected":false,"latestBasicSearchCategory":"","latestBasicSearchCount":"","latestBasicSearchDateEnd":"","latestBasicSearchDateStart":"","latestBasicSearchKeywords":"","latestBasicSearchRole1":"","latestBasicSearchRole2":"","latestBasicSearchRole3":"","latestBasicSearchSort":"","latestMySearchCount":"","latestMySearchDateEnd":"","latestMySearchDateStart":"","latestMySearchKeywords":"","latestMySearchState":"","latestPendingCount":"","latestPendingDateEnd":"","latestPendingDateStart":"","latestPendingKeywords":"","latestSelectedProcess":"","listOfCategory":"0x76ade107","listOfSAReports":"0x16bef4ba","lsAttachments":"0x9169bca","lsRolesFull":"0x392899c6","mapOfCategory":"0x4789d1b8","messageError":"","messageSubmissionComplete":"","mySearchDateEnd":"","mySearchDateStart":"","mySearchKeywords":"","newCommentValue":"","pendingDateEnd":"","pendingDateStart":"","pendingKeywords":"","processDataOptions":"0x2673e6d7","remandBody":"","remandSubject":"","reportComments":"0x1b86f118","reportGoodViews":"0x661dad07","reportManagedViews":"0x6f10a46d","reportRendered":false,"reportState":"Draft","roleLevel1DataOptions":"0x566ca206","roleLevel2DataOptions":"0x7ace87e2","roleLevel3DataOptions":"0x71b06829","searchCategoryLabel":"","searchCountLabel":"","searchStateLabel":"","selectedCategoryName":"","selectedProcess":"","selectedReport":"0x2a764a96","selectedReportName":"SA_Report-00000041","selectedView":"","sortDataOptions":"0x1be999be","stateDataOptions":"0x28267457"}|0x446ee737
17:38:26.0 (28098678)|SYSTEM_MODE_ENTER|false
17:38:26.0 (28105722)|HEAP_ALLOCATE|[37]|Bytes:5
17:38:26.0 (28110759)|STATEMENT_EXECUTE|[37]
17:38:26.0 (28112720)|STATEMENT_EXECUTE|[37]
17:38:26.0 (28117660)|SYSTEM_MODE_EXIT|false
17:38:26.0 (28252872)|SYSTEM_MODE_ENTER|true
17:38:26.0 (28287725)|HEAP_ALLOCATE|[EXTERNAL]|Bytes:376
17:38:26.0 (28295423)|VARIABLE_SCOPE_BEGIN|[39]|this|saReportCtrl|true|false
17:38:26.0 (28502927)|VARIABLE_ASSIGNMENT|[39]|this|{"attachmentId":"","basicSearchCategory":" ","basicSearchCount":"20","basicSearchDateEnd":"","basicSearchDateStart":"","basicSearchKeywords":"","basicSearchRole1":" ","basicSearchRole2":" ","basicSearchRole3":" ","basicSearchSort":" ","categoryDataOptions":"0x1aa0b2fd","countDataOptions":"0x28a305b3","createBody":"","createdReportId":"SA_Report-00000041","createSubject":"","currentUser":"0x3099c8cb","draftBody":"dds","draftCategory":"au でんき","draftProcess":"提案","draftSubject":"123","isApprover":false,"isCopySelected":false,"isGoodSelected":false,"isVeryGoodSelected":false,"latestBasicSearchCategory":"","latestBasicSearchCount":"","latestBasicSearchDateEnd":"","latestBasicSearchDateStart":"","latestBasicSearchKeywords":"","latestBasicSearchRole1":"","latestBasicSearchRole2":"","latestBasicSearchRole3":"","latestBasicSearchSort":"","latestMySearchCount":"","latestMySearchDateEnd":"","latestMySearchDateStart":"","latestMySearchKeywords":"","latestMySearchState":"","latestPendingCount":"","latestPendingDateEnd":"","latestPendingDateStart":"","latestPendingKeywords":"","latestSelectedProcess":"","listOfCategory":"0x76ade107","listOfSAReports":"0x16bef4ba","lsAttachments":"0x9169bca","lsRolesFull":"0x392899c6","mapOfCategory":"0x4789d1b8","messageError":"","messageSubmissionComplete":"","mySearchDateEnd":"","mySearchDateStart":"","mySearchKeywords":"","newCommentValue":"","pendingDateEnd":"","pendingDateStart":"","pendingKeywords":"","processDataOptions":"0x2673e6d7","remandBody":"","remandSubject":"","reportComments":"0x1b86f118","reportGoodViews":"0x661dad07","reportManagedViews":"0x6f10a46d","reportRendered":false,"reportState":"Draft","roleLevel1DataOptions":"0x566ca206","roleLevel2DataOptions":"0x7ace87e2","roleLevel3DataOptions":"0x71b06829","searchCategoryLabel":"","searchCountLabel":"","searchStateLabel":"","selectedCategoryName":"","selectedProcess":"","selectedReport":"0x2a764a96","selectedReportName":"SA_Report-00000041","selectedView":"","sortDataOptions":"0x1be999be","stateDataOptions":"0x28267457"}|0x446ee737
17:38:26.0 (28542588)|SYSTEM_MODE_ENTER|false
17:38:26.0 (28549799)|HEAP_ALLOCATE|[39]|Bytes:5
17:38:26.0 (28555105)|STATEMENT_EXECUTE|[39]
17:38:26.0 (28556969)|STATEMENT_EXECUTE|[39]
17:38:26.0 (28561355)|SYSTEM_MODE_EXIT|false
17:38:26.0 (28781664)|SYSTEM_MODE_ENTER|true
17:38:26.0 (28816526)|HEAP_ALLOCATE|[EXTERNAL]|Bytes:376
17:38:26.0 (28823919)|VARIABLE_SCOPE_BEGIN|[38]|this|saReportCtrl|true|false
17:38:26.0 (29021776)|VARIABLE_ASSIGNMENT|[38]|this|{"attachmentId":"","basicSearchCategory":" ","basicSearchCount":"20","basicSearchDateEnd":"","basicSearchDateStart":"","basicSearchKeywords":"","basicSearchRole1":" ","basicSearchRole2":" ","basicSearchRole3":" ","basicSearchSort":" ","categoryDataOptions":"0x1aa0b2fd","countDataOptions":"0x28a305b3","createBody":"","createdReportId":"SA_Report-00000041","createSubject":"","currentUser":"0x3099c8cb","draftBody":"dds","draftCategory":"au でんき","draftProcess":"提案","draftSubject":"123","isApprover":false,"isCopySelected":false,"isGoodSelected":false,"isVeryGoodSelected":false,"latestBasicSearchCategory":"","latestBasicSearchCount":"","latestBasicSearchDateEnd":"","latestBasicSearchDateStart":"","latestBasicSearchKeywords":"","latestBasicSearchRole1":"","latestBasicSearchRole2":"","latestBasicSearchRole3":"","latestBasicSearchSort":"","latestMySearchCount":"","latestMySearchDateEnd":"","latestMySearchDateStart":"","latestMySearchKeywords":"","latestMySearchState":"","latestPendingCount":"","latestPendingDateEnd":"","latestPendingDateStart":"","latestPendingKeywords":"","latestSelectedProcess":"","listOfCategory":"0x76ade107","listOfSAReports":"0x16bef4ba","lsAttachments":"0x9169bca","lsRolesFull":"0x392899c6","mapOfCategory":"0x4789d1b8","messageError":"","messageSubmissionComplete":"","mySearchDateEnd":"","mySearchDateStart":"","mySearchKeywords":"","newCommentValue":"","pendingDateEnd":"","pendingDateStart":"","pendingKeywords":"","processDataOptions":"0x2673e6d7","remandBody":"","remandSubject":"","reportComments":"0x1b86f118","reportGoodViews":"0x661dad07","reportManagedViews":"0x6f10a46d","reportRendered":false,"reportState":"Draft","roleLevel1DataOptions":"0x566ca206","roleLevel2DataOptions":"0x7ace87e2","roleLevel3DataOptions":"0x71b06829","searchCategoryLabel":"","searchCountLabel":"","searchStateLabel":"","selectedCategoryName":"","selectedProcess":"","selectedReport":"0x2a764a96","selectedReportName":"SA_Report-00000041","selectedView":"","sortDataOptions":"0x1be999be","stateDataOptions":"0x28267457"}|0x446ee737
17:38:26.0 (29060360)|SYSTEM_MODE_ENTER|false
17:38:26.0 (29067090)|HEAP_ALLOCATE|[38]|Bytes:5
17:38:26.0 (29071923)|STATEMENT_EXECUTE|[38]
17:38:26.0 (29073735)|STATEMENT_EXECUTE|[38]
17:38:26.0 (29078868)|SYSTEM_MODE_EXIT|false
17:38:26.0 (34946359)|SYSTEM_MODE_ENTER|true
17:38:26.0 (35664786)|SYSTEM_MODE_ENTER|true
17:38:26.0 (35722180)|SYSTEM_MODE_ENTER|true
17:38:26.0 (35763526)|SYSTEM_MODE_ENTER|true
17:38:26.0 (35800943)|SYSTEM_MODE_ENTER|true
17:38:26.0 (35838738)|SYSTEM_MODE_ENTER|true
17:38:26.0 (35875496)|SYSTEM_MODE_ENTER|true
17:38:26.0 (35912361)|SYSTEM_MODE_ENTER|true
17:38:26.0 (35949241)|SYSTEM_MODE_ENTER|true
17:38:26.0 (35985292)|SYSTEM_MODE_ENTER|true
17:38:26.0 (36021924)|SYSTEM_MODE_ENTER|true
17:38:26.0 (36059325)|SYSTEM_MODE_ENTER|true
17:38:26.0 (36095032)|SYSTEM_MODE_ENTER|true
17:38:26.0 (36129479)|SYSTEM_MODE_ENTER|true
17:38:26.0 (36215693)|SYSTEM_MODE_ENTER|true
17:38:26.0 (36254033)|SYSTEM_MODE_ENTER|true
17:38:26.0 (36290509)|SYSTEM_MODE_ENTER|true
17:38:26.0 (36353170)|SYSTEM_MODE_ENTER|true
17:38:26.0 (36425670)|SYSTEM_MODE_ENTER|true
17:38:26.0 (36476377)|SYSTEM_MODE_ENTER|true
17:38:26.0 (36521146)|SYSTEM_MODE_ENTER|true
17:38:26.0 (36561580)|SYSTEM_MODE_ENTER|true
17:38:26.0 (36604201)|SYSTEM_MODE_ENTER|true
17:38:26.0 (36643754)|SYSTEM_MODE_ENTER|true
17:38:26.0 (36687425)|SYSTEM_MODE_ENTER|true
17:38:26.0 (36744720)|SYSTEM_MODE_ENTER|true
17:38:26.0 (37961394)|SYSTEM_MODE_ENTER|true
17:38:26.0 (38007955)|SYSTEM_MODE_ENTER|true
17:38:26.0 (38044609)|SYSTEM_MODE_ENTER|true
17:38:26.0 (40624995)|SYSTEM_MODE_ENTER|true
17:38:26.0 (40669937)|SYSTEM_MODE_ENTER|true
17:38:26.0 (40708421)|SYSTEM_MODE_ENTER|true
17:38:26.0 (43249757)|SYSTEM_MODE_ENTER|true
17:38:26.0 (43311177)|SYSTEM_MODE_ENTER|true
17:38:26.0 (43363916)|SYSTEM_MODE_ENTER|true
17:38:26.0 (43412454)|SYSTEM_MODE_ENTER|true
17:38:26.0 (43450754)|SYSTEM_MODE_ENTER|true
17:38:26.0 (43630398)|SYSTEM_MODE_ENTER|true
17:38:26.0 (43681837)|SYSTEM_MODE_ENTER|true
17:38:26.0 (43830736)|SYSTEM_MODE_ENTER|true
17:38:26.0 (43868809)|SYSTEM_MODE_ENTER|true
17:38:26.0 (43903054)|SYSTEM_MODE_ENTER|true
17:38:26.0 (44153851)|SYSTEM_MODE_ENTER|true
17:38:26.0 (44184164)|HEAP_ALLOCATE|[EXTERNAL]|Bytes:376
17:38:26.0 (44198907)|VARIABLE_ASSIGNMENT|[EXTERNAL]|this.attachmentId|""|0x446ee737
17:38:26.0 (44234108)|SYSTEM_MODE_ENTER|true
17:38:26.0 (44248057)|HEAP_ALLOCATE|[EXTERNAL]|Bytes:376
17:38:26.0 (44267763)|VARIABLE_ASSIGNMENT|[EXTERNAL]|this.selectedReportName|""|0x446ee737
17:38:26.0 (44294044)|SYSTEM_MODE_ENTER|true
17:38:26.0 (44306890)|HEAP_ALLOCATE|[EXTERNAL]|Bytes:376
17:38:26.0 (44317830)|VARIABLE_ASSIGNMENT|[EXTERNAL]|this.selectedCategoryName|""|0x446ee737
17:38:26.0 (44340967)|SYSTEM_MODE_ENTER|true
17:38:26.0 (44352588)|HEAP_ALLOCATE|[EXTERNAL]|Bytes:376
17:38:26.0 (44361444)|VARIABLE_ASSIGNMENT|[EXTERNAL]|this.messageError|""|0x446ee737
17:38:26.0 (44384160)|SYSTEM_MODE_ENTER|true
17:38:26.0 (44395718)|HEAP_ALLOCATE|[EXTERNAL]|Bytes:376
17:38:26.0 (44404814)|VARIABLE_ASSIGNMENT|[EXTERNAL]|this.messageSubmissionComplete|""|0x446ee737
17:38:26.0 (44426634)|SYSTEM_MODE_ENTER|true
17:38:26.0 (44438041)|HEAP_ALLOCATE|[EXTERNAL]|Bytes:376
17:38:26.0 (44444807)|VARIABLE_ASSIGNMENT|[EXTERNAL]|this.basicSearchCategory|""|0x446ee737
17:38:26.0 (44471110)|SYSTEM_MODE_ENTER|true
17:38:26.0 (44483327)|HEAP_ALLOCATE|[EXTERNAL]|Bytes:376
17:38:26.0 (44489958)|VARIABLE_ASSIGNMENT|[EXTERNAL]|this.basicSearchCount|""|0x446ee737
17:38:26.0 (44511740)|SYSTEM_MODE_ENTER|true
17:38:26.0 (44522997)|HEAP_ALLOCATE|[EXTERNAL]|Bytes:376
17:38:26.0 (44529992)|VARIABLE_ASSIGNMENT|[EXTERNAL]|this.basicSearchSort|""|0x446ee737
17:38:26.0 (44550763)|SYSTEM_MODE_ENTER|true
17:38:26.0 (44562354)|HEAP_ALLOCATE|[EXTERNAL]|Bytes:376
17:38:26.0 (44570766)|VARIABLE_ASSIGNMENT|[EXTERNAL]|this.mySearchCount|""|0x446ee737
17:38:26.0 (44592428)|SYSTEM_MODE_ENTER|true
17:38:26.0 (44603673)|HEAP_ALLOCATE|[EXTERNAL]|Bytes:376
17:38:26.0 (44611900)|VARIABLE_ASSIGNMENT|[EXTERNAL]|this.mySearchState|""|0x446ee737
17:38:26.0 (44633522)|SYSTEM_MODE_ENTER|true
17:38:26.0 (44645293)|HEAP_ALLOCATE|[EXTERNAL]|Bytes:376
17:38:26.0 (44654235)|VARIABLE_ASSIGNMENT|[EXTERNAL]|this.pendingCount|""|0x446ee737
17:38:26.0 (44676095)|SYSTEM_MODE_ENTER|true
17:38:26.0 (44687612)|HEAP_ALLOCATE|[EXTERNAL]|Bytes:376
17:38:26.0 (44695809)|VARIABLE_ASSIGNMENT|[EXTERNAL]|this.remandCategory|""|0x446ee737
17:38:26.0 (44717348)|SYSTEM_MODE_ENTER|true
17:38:26.0 (44728672)|HEAP_ALLOCATE|[EXTERNAL]|Bytes:376
17:38:26.0 (44736986)|VARIABLE_ASSIGNMENT|[EXTERNAL]|this.remandProcess|""|0x446ee737
17:38:26.0 (44770448)|SYSTEM_MODE_ENTER|true
17:38:26.0 (44844477)|SYSTEM_MODE_ENTER|true
17:38:26.0 (44857989)|HEAP_ALLOCATE|[EXTERNAL]|Bytes:376
17:38:26.0 (44866457)|VARIABLE_ASSIGNMENT|[EXTERNAL]|this.basicSearchKeywords|""|0x446ee737
17:38:26.0 (44890202)|SYSTEM_MODE_ENTER|true
17:38:26.0 (44902022)|HEAP_ALLOCATE|[EXTERNAL]|Bytes:376
17:38:26.0 (44908843)|VARIABLE_ASSIGNMENT|[EXTERNAL]|this.basicSearchDateStart|""|0x446ee737
17:38:26.0 (44930267)|SYSTEM_MODE_ENTER|true
17:38:26.0 (44941955)|HEAP_ALLOCATE|[EXTERNAL]|Bytes:376
17:38:26.0 (44948997)|VARIABLE_ASSIGNMENT|[EXTERNAL]|this.basicSearchDateEnd|""|0x446ee737
17:38:26.0 (44970916)|SYSTEM_MODE_ENTER|true
17:38:26.0 (44981571)|HEAP_ALLOCATE|[EXTERNAL]|Bytes:1
17:38:26.0 (44985443)|HEAP_ALLOCATE|[EXTERNAL]|Bytes:376
17:38:26.0 (44991779)|VARIABLE_ASSIGNMENT|[EXTERNAL]|this.basicSearchCategory|" "|0x446ee737
17:38:26.0 (45013438)|SYSTEM_MODE_ENTER|true
17:38:26.0 (45024682)|HEAP_ALLOCATE|[EXTERNAL]|Bytes:1
17:38:26.0 (45028224)|HEAP_ALLOCATE|[EXTERNAL]|Bytes:376
17:38:26.0 (45034397)|VARIABLE_ASSIGNMENT|[EXTERNAL]|this.basicSearchRole1|" "|0x446ee737
17:38:26.0 (45056518)|SYSTEM_MODE_ENTER|true
17:38:26.0 (45067743)|HEAP_ALLOCATE|[EXTERNAL]|Bytes:1
17:38:26.0 (45071416)|HEAP_ALLOCATE|[EXTERNAL]|Bytes:376
17:38:26.0 (45077499)|VARIABLE_ASSIGNMENT|[EXTERNAL]|this.basicSearchRole2|" "|0x446ee737
17:38:26.0 (45098941)|SYSTEM_MODE_ENTER|true
17:38:26.0 (45109825)|HEAP_ALLOCATE|[EXTERNAL]|Bytes:1
17:38:26.0 (45113548)|HEAP_ALLOCATE|[EXTERNAL]|Bytes:376
17:38:26.0 (45119443)|VARIABLE_ASSIGNMENT|[EXTERNAL]|this.basicSearchRole3|" "|0x446ee737
17:38:26.0 (45140973)|SYSTEM_MODE_ENTER|true
17:38:26.0 (45152114)|HEAP_ALLOCATE|[EXTERNAL]|Bytes:1
17:38:26.0 (45156122)|HEAP_ALLOCATE|[EXTERNAL]|Bytes:376
17:38:26.0 (45162808)|VARIABLE_ASSIGNMENT|[EXTERNAL]|this.basicSearchSort|" "|0x446ee737
17:38:26.0 (45183961)|SYSTEM_MODE_ENTER|true
17:38:26.0 (45195180)|HEAP_ALLOCATE|[EXTERNAL]|Bytes:2
17:38:26.0 (45198703)|HEAP_ALLOCATE|[EXTERNAL]|Bytes:376
17:38:26.0 (45204732)|VARIABLE_ASSIGNMENT|[EXTERNAL]|this.basicSearchCount|"20"|0x446ee737
17:38:26.0 (45234798)|SYSTEM_MODE_ENTER|true
17:38:26.0 (46256461)|SYSTEM_MODE_ENTER|true
17:38:26.0 (46336318)|SYSTEM_MODE_ENTER|true
17:38:26.0 (46381300)|SYSTEM_MODE_ENTER|true
17:38:26.0 (46422007)|SYSTEM_MODE_ENTER|true
17:38:26.0 (46536211)|SYSTEM_MODE_ENTER|true
17:38:26.0 (46553097)|HEAP_ALLOCATE|[EXTERNAL]|Bytes:376
17:38:26.0 (46563809)|VARIABLE_ASSIGNMENT|[EXTERNAL]|this.createCategory|null|0x446ee737
17:38:26.0 (46589087)|SYSTEM_MODE_ENTER|true
17:38:26.0 (46601438)|HEAP_ALLOCATE|[EXTERNAL]|Bytes:376
17:38:26.0 (46609222)|VARIABLE_ASSIGNMENT|[EXTERNAL]|this.createProcess|null|0x446ee737
17:38:26.0 (46640821)|SYSTEM_MODE_ENTER|true
17:38:26.0 (47044778)|SYSTEM_MODE_ENTER|true
17:38:26.0 (47082372)|HEAP_ALLOCATE|[EXTERNAL]|Bytes:376
17:38:26.0 (47089913)|VARIABLE_SCOPE_BEGIN|[36]|this|saReportCtrl|true|false
17:38:26.0 (47297892)|VARIABLE_ASSIGNMENT|[36]|this|{"attachmentId":"","basicSearchCategory":" ","basicSearchCount":"20","basicSearchDateEnd":"","basicSearchDateStart":"","basicSearchKeywords":"","basicSearchRole1":" ","basicSearchRole2":" ","basicSearchRole3":" ","basicSearchSort":" ","categoryDataOptions":"0x1aa0b2fd","countDataOptions":"0x28a305b3","createBody":"","createdReportId":"SA_Report-00000041","createSubject":"","currentUser":"0x3099c8cb","draftBody":"dds","draftCategory":"au でんき","draftProcess":"提案","draftSubject":"123","isApprover":false,"isCopySelected":false,"isGoodSelected":false,"isVeryGoodSelected":false,"latestBasicSearchCategory":"","latestBasicSearchCount":"","latestBasicSearchDateEnd":"","latestBasicSearchDateStart":"","latestBasicSearchKeywords":"","latestBasicSearchRole1":"","latestBasicSearchRole2":"","latestBasicSearchRole3":"","latestBasicSearchSort":"","latestMySearchCount":"","latestMySearchDateEnd":"","latestMySearchDateStart":"","latestMySearchKeywords":"","latestMySearchState":"","latestPendingCount":"","latestPendingDateEnd":"","latestPendingDateStart":"","latestPendingKeywords":"","latestSelectedProcess":"","listOfCategory":"0x76ade107","listOfSAReports":"0x16bef4ba","lsAttachments":"0x9169bca","lsRolesFull":"0x392899c6","mapOfCategory":"0x4789d1b8","messageError":"","messageSubmissionComplete":"","mySearchCount":"","mySearchDateEnd":"","mySearchDateStart":"","mySearchKeywords":"","mySearchState":"","newCommentValue":"","pendingCount":"","pendingDateEnd":"","pendingDateStart":"","pendingKeywords":"","processDataOptions":"0x2673e6d7","remandBody":"","remandCategory":"","remandProcess":"","remandSubject":"","reportComments":"0x1b86f118","reportGoodViews":"0x661dad07","reportManagedViews":"0x6f10a46d","reportRendered":false,"reportState":"Draft","roleLevel1DataOptions":"0x566ca206","roleLevel2DataOptions":"0x7ace87e2","roleLevel3DataOptions":"0x71b06829","searchCategoryLabel":"","searchCountLabel":"","searchStateLabel":"","selectedCategoryName":"","selectedProcess":"","selectedReport":"0x2a764a96","selectedReportName":"","selectedView":"","sortDataOptions":"0x1be999be","stateDataOptions":"0x28267457"}|0x446ee737
17:38:26.0 (47337508)|SYSTEM_MODE_ENTER|false
17:38:26.0 (47345385)|HEAP_ALLOCATE|[36]|Bytes:5
17:38:26.0 (47351280)|STATEMENT_EXECUTE|[36]
17:38:26.0 (47353219)|STATEMENT_EXECUTE|[36]
17:38:26.0 (47357853)|SYSTEM_MODE_EXIT|false
17:38:26.0 (47479418)|SYSTEM_MODE_ENTER|true
17:38:26.0 (47514055)|HEAP_ALLOCATE|[EXTERNAL]|Bytes:376
17:38:26.0 (47521271)|VARIABLE_SCOPE_BEGIN|[37]|this|saReportCtrl|true|false
17:38:26.0 (47727013)|VARIABLE_ASSIGNMENT|[37]|this|{"attachmentId":"","basicSearchCategory":" ","basicSearchCount":"20","basicSearchDateEnd":"","basicSearchDateStart":"","basicSearchKeywords":"","basicSearchRole1":" ","basicSearchRole2":" ","basicSearchRole3":" ","basicSearchSort":" ","categoryDataOptions":"0x1aa0b2fd","countDataOptions":"0x28a305b3","createBody":"","createdReportId":"SA_Report-00000041","createSubject":"","currentUser":"0x3099c8cb","draftBody":"dds","draftCategory":"au でんき","draftProcess":"提案","draftSubject":"123","isApprover":false,"isCopySelected":false,"isGoodSelected":false,"isVeryGoodSelected":false,"latestBasicSearchCategory":"","latestBasicSearchCount":"","latestBasicSearchDateEnd":"","latestBasicSearchDateStart":"","latestBasicSearchKeywords":"","latestBasicSearchRole1":"","latestBasicSearchRole2":"","latestBasicSearchRole3":"","latestBasicSearchSort":"","latestMySearchCount":"","latestMySearchDateEnd":"","latestMySearchDateStart":"","latestMySearchKeywords":"","latestMySearchState":"","latestPendingCount":"","latestPendingDateEnd":"","latestPendingDateStart":"","latestPendingKeywords":"","latestSelectedProcess":"","listOfCategory":"0x76ade107","listOfSAReports":"0x16bef4ba","lsAttachments":"0x9169bca","lsRolesFull":"0x392899c6","mapOfCategory":"0x4789d1b8","messageError":"","messageSubmissionComplete":"","mySearchCount":"","mySearchDateEnd":"","mySearchDateStart":"","mySearchKeywords":"","mySearchState":"","newCommentValue":"","pendingCount":"","pendingDateEnd":"","pendingDateStart":"","pendingKeywords":"","processDataOptions":"0x2673e6d7","remandBody":"","remandCategory":"","remandProcess":"","remandSubject":"","reportComments":"0x1b86f118","reportGoodViews":"0x661dad07","reportManagedViews":"0x6f10a46d","reportRendered":false,"reportState":"Draft","roleLevel1DataOptions":"0x566ca206","roleLevel2DataOptions":"0x7ace87e2","roleLevel3DataOptions":"0x71b06829","searchCategoryLabel":"","searchCountLabel":"","searchStateLabel":"","selectedCategoryName":"","selectedProcess":"","selectedReport":"0x2a764a96","selectedReportName":"","selectedView":"","sortDataOptions":"0x1be999be","stateDataOptions":"0x28267457"}|0x446ee737
17:38:26.0 (47765215)|SYSTEM_MODE_ENTER|false
17:38:26.0 (47776986)|HEAP_ALLOCATE|[37]|Bytes:5
17:38:26.0 (47782142)|STATEMENT_EXECUTE|[37]
17:38:26.0 (47784042)|STATEMENT_EXECUTE|[37]
17:38:26.0 (47788004)|SYSTEM_MODE_EXIT|false
17:38:26.0 (47901094)|SYSTEM_MODE_ENTER|true
17:38:26.0 (47933906)|HEAP_ALLOCATE|[EXTERNAL]|Bytes:376
17:38:26.0 (47940567)|VARIABLE_SCOPE_BEGIN|[39]|this|saReportCtrl|true|false
17:38:26.0 (48143413)|VARIABLE_ASSIGNMENT|[39]|this|{"attachmentId":"","basicSearchCategory":" ","basicSearchCount":"20","basicSearchDateEnd":"","basicSearchDateStart":"","basicSearchKeywords":"","basicSearchRole1":" ","basicSearchRole2":" ","basicSearchRole3":" ","basicSearchSort":" ","categoryDataOptions":"0x1aa0b2fd","countDataOptions":"0x28a305b3","createBody":"","createdReportId":"SA_Report-00000041","createSubject":"","currentUser":"0x3099c8cb","draftBody":"dds","draftCategory":"au でんき","draftProcess":"提案","draftSubject":"123","isApprover":false,"isCopySelected":false,"isGoodSelected":false,"isVeryGoodSelected":false,"latestBasicSearchCategory":"","latestBasicSearchCount":"","latestBasicSearchDateEnd":"","latestBasicSearchDateStart":"","latestBasicSearchKeywords":"","latestBasicSearchRole1":"","latestBasicSearchRole2":"","latestBasicSearchRole3":"","latestBasicSearchSort":"","latestMySearchCount":"","latestMySearchDateEnd":"","latestMySearchDateStart":"","latestMySearchKeywords":"","latestMySearchState":"","latestPendingCount":"","latestPendingDateEnd":"","latestPendingDateStart":"","latestPendingKeywords":"","latestSelectedProcess":"","listOfCategory":"0x76ade107","listOfSAReports":"0x16bef4ba","lsAttachments":"0x9169bca","lsRolesFull":"0x392899c6","mapOfCategory":"0x4789d1b8","messageError":"","messageSubmissionComplete":"","mySearchCount":"","mySearchDateEnd":"","mySearchDateStart":"","mySearchKeywords":"","mySearchState":"","newCommentValue":"","pendingCount":"","pendingDateEnd":"","pendingDateStart":"","pendingKeywords":"","processDataOptions":"0x2673e6d7","remandBody":"","remandCategory":"","remandProcess":"","remandSubject":"","reportComments":"0x1b86f118","reportGoodViews":"0x661dad07","reportManagedViews":"0x6f10a46d","reportRendered":false,"reportState":"Draft","roleLevel1DataOptions":"0x566ca206","roleLevel2DataOptions":"0x7ace87e2","roleLevel3DataOptions":"0x71b06829","searchCategoryLabel":"","searchCountLabel":"","searchStateLabel":"","selectedCategoryName":"","selectedProcess":"","selectedReport":"0x2a764a96","selectedReportName":"","selectedView":"","sortDataOptions":"0x1be999be","stateDataOptions":"0x28267457"}|0x446ee737
17:38:26.0 (48186758)|SYSTEM_MODE_ENTER|false
17:38:26.0 (48193412)|HEAP_ALLOCATE|[39]|Bytes:5
17:38:26.0 (48198476)|STATEMENT_EXECUTE|[39]
17:38:26.0 (48200212)|STATEMENT_EXECUTE|[39]
17:38:26.0 (48203944)|SYSTEM_MODE_EXIT|false
17:38:26.0 (48320942)|SYSTEM_MODE_ENTER|true
17:38:26.0 (48354157)|HEAP_ALLOCATE|[EXTERNAL]|Bytes:376
17:38:26.0 (48361108)|VARIABLE_SCOPE_BEGIN|[38]|this|saReportCtrl|true|false
17:38:26.0 (48567563)|VARIABLE_ASSIGNMENT|[38]|this|{"attachmentId":"","basicSearchCategory":" ","basicSearchCount":"20","basicSearchDateEnd":"","basicSearchDateStart":"","basicSearchKeywords":"","basicSearchRole1":" ","basicSearchRole2":" ","basicSearchRole3":" ","basicSearchSort":" ","categoryDataOptions":"0x1aa0b2fd","countDataOptions":"0x28a305b3","createBody":"","createdReportId":"SA_Report-00000041","createSubject":"","currentUser":"0x3099c8cb","draftBody":"dds","draftCategory":"au でんき","draftProcess":"提案","draftSubject":"123","isApprover":false,"isCopySelected":false,"isGoodSelected":false,"isVeryGoodSelected":false,"latestBasicSearchCategory":"","latestBasicSearchCount":"","latestBasicSearchDateEnd":"","latestBasicSearchDateStart":"","latestBasicSearchKeywords":"","latestBasicSearchRole1":"","latestBasicSearchRole2":"","latestBasicSearchRole3":"","latestBasicSearchSort":"","latestMySearchCount":"","latestMySearchDateEnd":"","latestMySearchDateStart":"","latestMySearchKeywords":"","latestMySearchState":"","latestPendingCount":"","latestPendingDateEnd":"","latestPendingDateStart":"","latestPendingKeywords":"","latestSelectedProcess":"","listOfCategory":"0x76ade107","listOfSAReports":"0x16bef4ba","lsAttachments":"0x9169bca","lsRolesFull":"0x392899c6","mapOfCategory":"0x4789d1b8","messageError":"","messageSubmissionComplete":"","mySearchCount":"","mySearchDateEnd":"","mySearchDateStart":"","mySearchKeywords":"","mySearchState":"","newCommentValue":"","pendingCount":"","pendingDateEnd":"","pendingDateStart":"","pendingKeywords":"","processDataOptions":"0x2673e6d7","remandBody":"","remandCategory":"","remandProcess":"","remandSubject":"","reportComments":"0x1b86f118","reportGoodViews":"0x661dad07","reportManagedViews":"0x6f10a46d","reportRendered":false,"reportState":"Draft","roleLevel1DataOptions":"0x566ca206","roleLevel2DataOptions":"0x7ace87e2","roleLevel3DataOptions":"0x71b06829","searchCategoryLabel":"","searchCountLabel":"","searchStateLabel":"","selectedCategoryName":"","selectedProcess":"","selectedReport":"0x2a764a96","selectedReportName":"","selectedView":"","sortDataOptions":"0x1be999be","stateDataOptions":"0x28267457"}|0x446ee737
17:38:26.0 (48610051)|SYSTEM_MODE_ENTER|false
17:38:26.0 (48616661)|HEAP_ALLOCATE|[38]|Bytes:5
17:38:26.0 (48621218)|STATEMENT_EXECUTE|[38]
17:38:26.0 (48622951)|STATEMENT_EXECUTE|[38]
17:38:26.0 (48626713)|SYSTEM_MODE_EXIT|false
17:38:26.0 (50693738)|SYSTEM_MODE_ENTER|true
17:38:26.0 (50713011)|HEAP_ALLOCATE|[EXTERNAL]|Bytes:376
17:38:26.0 (50725861)|VARIABLE_ASSIGNMENT|[EXTERNAL]|this.mySearchState|null|0x446ee737
17:38:26.0 (50755175)|SYSTEM_MODE_ENTER|true
17:38:26.0 (50768329)|HEAP_ALLOCATE|[EXTERNAL]|Bytes:376
17:38:26.0 (50777723)|VARIABLE_ASSIGNMENT|[EXTERNAL]|this.mySearchCount|null|0x446ee737
17:38:26.0 (50808761)|SYSTEM_MODE_ENTER|true
17:38:26.0 (51212657)|SYSTEM_MODE_ENTER|true
17:38:26.0 (51248576)|HEAP_ALLOCATE|[EXTERNAL]|Bytes:376
17:38:26.0 (51255530)|VARIABLE_SCOPE_BEGIN|[36]|this|saReportCtrl|true|false
17:38:26.0 (51458383)|VARIABLE_ASSIGNMENT|[36]|this|{"attachmentId":"","basicSearchCategory":" ","basicSearchCount":"20","basicSearchDateEnd":"","basicSearchDateStart":"","basicSearchKeywords":"","basicSearchRole1":" ","basicSearchRole2":" ","basicSearchRole3":" ","basicSearchSort":" ","categoryDataOptions":"0x1aa0b2fd","countDataOptions":"0x28a305b3","createBody":"","createdReportId":"SA_Report-00000041","createSubject":"","currentUser":"0x3099c8cb","draftBody":"dds","draftCategory":"au でんき","draftProcess":"提案","draftSubject":"123","isApprover":false,"isCopySelected":false,"isGoodSelected":false,"isVeryGoodSelected":false,"latestBasicSearchCategory":"","latestBasicSearchCount":"","latestBasicSearchDateEnd":"","latestBasicSearchDateStart":"","latestBasicSearchKeywords":"","latestBasicSearchRole1":"","latestBasicSearchRole2":"","latestBasicSearchRole3":"","latestBasicSearchSort":"","latestMySearchCount":"","latestMySearchDateEnd":"","latestMySearchDateStart":"","latestMySearchKeywords":"","latestMySearchState":"","latestPendingCount":"","latestPendingDateEnd":"","latestPendingDateStart":"","latestPendingKeywords":"","latestSelectedProcess":"","listOfCategory":"0x76ade107","listOfSAReports":"0x16bef4ba","lsAttachments":"0x9169bca","lsRolesFull":"0x392899c6","mapOfCategory":"0x4789d1b8","messageError":"","messageSubmissionComplete":"","mySearchDateEnd":"","mySearchDateStart":"","mySearchKeywords":"","newCommentValue":"","pendingCount":"","pendingDateEnd":"","pendingDateStart":"","pendingKeywords":"","processDataOptions":"0x2673e6d7","remandBody":"","remandCategory":"","remandProcess":"","remandSubject":"","reportComments":"0x1b86f118","reportGoodViews":"0x661dad07","reportManagedViews":"0x6f10a46d","reportRendered":false,"reportState":"Draft","roleLevel1DataOptions":"0x566ca206","roleLevel2DataOptions":"0x7ace87e2","roleLevel3DataOptions":"0x71b06829","searchCategoryLabel":"","searchCountLabel":"","searchStateLabel":"","selectedCategoryName":"","selectedProcess":"","selectedReport":"0x2a764a96","selectedReportName":"","selectedView":"","sortDataOptions":"0x1be999be","stateDataOptions":"0x28267457"}|0x446ee737
17:38:26.0 (51502778)|SYSTEM_MODE_ENTER|false
17:38:26.0 (51510100)|HEAP_ALLOCATE|[36]|Bytes:5
17:38:26.0 (51515445)|STATEMENT_EXECUTE|[36]
17:38:26.0 (51517411)|STATEMENT_EXECUTE|[36]
17:38:26.0 (51521764)|SYSTEM_MODE_EXIT|false
17:38:26.0 (51632134)|SYSTEM_MODE_ENTER|true
17:38:26.0 (51665264)|HEAP_ALLOCATE|[EXTERNAL]|Bytes:376
17:38:26.0 (51672253)|VARIABLE_SCOPE_BEGIN|[37]|this|saReportCtrl|true|false
17:38:26.0 (51873721)|VARIABLE_ASSIGNMENT|[37]|this|{"attachmentId":"","basicSearchCategory":" ","basicSearchCount":"20","basicSearchDateEnd":"","basicSearchDateStart":"","basicSearchKeywords":"","basicSearchRole1":" ","basicSearchRole2":" ","basicSearchRole3":" ","basicSearchSort":" ","categoryDataOptions":"0x1aa0b2fd","countDataOptions":"0x28a305b3","createBody":"","createdReportId":"SA_Report-00000041","createSubject":"","currentUser":"0x3099c8cb","draftBody":"dds","draftCategory":"au でんき","draftProcess":"提案","draftSubject":"123","isApprover":false,"isCopySelected":false,"isGoodSelected":false,"isVeryGoodSelected":false,"latestBasicSearchCategory":"","latestBasicSearchCount":"","latestBasicSearchDateEnd":"","latestBasicSearchDateStart":"","latestBasicSearchKeywords":"","latestBasicSearchRole1":"","latestBasicSearchRole2":"","latestBasicSearchRole3":"","latestBasicSearchSort":"","latestMySearchCount":"","latestMySearchDateEnd":"","latestMySearchDateStart":"","latestMySearchKeywords":"","latestMySearchState":"","latestPendingCount":"","latestPendingDateEnd":"","latestPendingDateStart":"","latestPendingKeywords":"","latestSelectedProcess":"","listOfCategory":"0x76ade107","listOfSAReports":"0x16bef4ba","lsAttachments":"0x9169bca","lsRolesFull":"0x392899c6","mapOfCategory":"0x4789d1b8","messageError":"","messageSubmissionComplete":"","mySearchDateEnd":"","mySearchDateStart":"","mySearchKeywords":"","newCommentValue":"","pendingCount":"","pendingDateEnd":"","pendingDateStart":"","pendingKeywords":"","processDataOptions":"0x2673e6d7","remandBody":"","remandCategory":"","remandProcess":"","remandSubject":"","reportComments":"0x1b86f118","reportGoodViews":"0x661dad07","reportManagedViews":"0x6f10a46d","reportRendered":false,"reportState":"Draft","roleLevel1DataOptions":"0x566ca206","roleLevel2DataOptions":"0x7ace87e2","roleLevel3DataOptions":"0x71b06829","searchCategoryLabel":"","searchCountLabel":"","searchStateLabel":"","selectedCategoryName":"","selectedProcess":"","selectedReport":"0x2a764a96","selectedReportName":"","selectedView":"","sortDataOptions":"0x1be999be","stateDataOptions":"0x28267457"}|0x446ee737
17:38:26.0 (51911776)|SYSTEM_MODE_ENTER|false
17:38:26.0 (51917967)|HEAP_ALLOCATE|[37]|Bytes:5
17:38:26.0 (51922842)|STATEMENT_EXECUTE|[37]
17:38:26.0 (51924704)|STATEMENT_EXECUTE|[37]
17:38:26.0 (51928339)|SYSTEM_MODE_EXIT|false
17:38:26.0 (52034380)|SYSTEM_MODE_ENTER|true
17:38:26.0 (52066645)|HEAP_ALLOCATE|[EXTERNAL]|Bytes:376
17:38:26.0 (52073400)|VARIABLE_SCOPE_BEGIN|[38]|this|saReportCtrl|true|false
17:38:26.0 (52269314)|VARIABLE_ASSIGNMENT|[38]|this|{"attachmentId":"","basicSearchCategory":" ","basicSearchCount":"20","basicSearchDateEnd":"","basicSearchDateStart":"","basicSearchKeywords":"","basicSearchRole1":" ","basicSearchRole2":" ","basicSearchRole3":" ","basicSearchSort":" ","categoryDataOptions":"0x1aa0b2fd","countDataOptions":"0x28a305b3","createBody":"","createdReportId":"SA_Report-00000041","createSubject":"","currentUser":"0x3099c8cb","draftBody":"dds","draftCategory":"au でんき","draftProcess":"提案","draftSubject":"123","isApprover":false,"isCopySelected":false,"isGoodSelected":false,"isVeryGoodSelected":false,"latestBasicSearchCategory":"","latestBasicSearchCount":"","latestBasicSearchDateEnd":"","latestBasicSearchDateStart":"","latestBasicSearchKeywords":"","latestBasicSearchRole1":"","latestBasicSearchRole2":"","latestBasicSearchRole3":"","latestBasicSearchSort":"","latestMySearchCount":"","latestMySearchDateEnd":"","latestMySearchDateStart":"","latestMySearchKeywords":"","latestMySearchState":"","latestPendingCount":"","latestPendingDateEnd":"","latestPendingDateStart":"","latestPendingKeywords":"","latestSelectedProcess":"","listOfCategory":"0x76ade107","listOfSAReports":"0x16bef4ba","lsAttachments":"0x9169bca","lsRolesFull":"0x392899c6","mapOfCategory":"0x4789d1b8","messageError":"","messageSubmissionComplete":"","mySearchDateEnd":"","mySearchDateStart":"","mySearchKeywords":"","newCommentValue":"","pendingCount":"","pendingDateEnd":"","pendingDateStart":"","pendingKeywords":"","processDataOptions":"0x2673e6d7","remandBody":"","remandCategory":"","remandProcess":"","remandSubject":"","reportComments":"0x1b86f118","reportGoodViews":"0x661dad07","reportManagedViews":"0x6f10a46d","reportRendered":false,"reportState":"Draft","roleLevel1DataOptions":"0x566ca206","roleLevel2DataOptions":"0x7ace87e2","roleLevel3DataOptions":"0x71b06829","searchCategoryLabel":"","searchCountLabel":"","searchStateLabel":"","selectedCategoryName":"","selectedProcess":"","selectedReport":"0x2a764a96","selectedReportName":"","selectedView":"","sortDataOptions":"0x1be999be","stateDataOptions":"0x28267457"}|0x446ee737
17:38:26.0 (52306384)|SYSTEM_MODE_ENTER|false
17:38:26.0 (52312255)|HEAP_ALLOCATE|[38]|Bytes:5
17:38:26.0 (52317362)|STATEMENT_EXECUTE|[38]
17:38:26.0 (52319143)|STATEMENT_EXECUTE|[38]
17:38:26.0 (52322758)|SYSTEM_MODE_EXIT|false
17:38:26.0 (52449179)|SYSTEM_MODE_ENTER|true
17:38:26.0 (52487519)|HEAP_ALLOCATE|[EXTERNAL]|Bytes:376
17:38:26.0 (52494477)|VARIABLE_SCOPE_BEGIN|[39]|this|saReportCtrl|true|false
17:38:26.0 (52693694)|VARIABLE_ASSIGNMENT|[39]|this|{"attachmentId":"","basicSearchCategory":" ","basicSearchCount":"20","basicSearchDateEnd":"","basicSearchDateStart":"","basicSearchKeywords":"","basicSearchRole1":" ","basicSearchRole2":" ","basicSearchRole3":" ","basicSearchSort":" ","categoryDataOptions":"0x1aa0b2fd","countDataOptions":"0x28a305b3","createBody":"","createdReportId":"SA_Report-00000041","createSubject":"","currentUser":"0x3099c8cb","draftBody":"dds","draftCategory":"au でんき","draftProcess":"提案","draftSubject":"123","isApprover":false,"isCopySelected":false,"isGoodSelected":false,"isVeryGoodSelected":false,"latestBasicSearchCategory":"","latestBasicSearchCount":"","latestBasicSearchDateEnd":"","latestBasicSearchDateStart":"","latestBasicSearchKeywords":"","latestBasicSearchRole1":"","latestBasicSearchRole2":"","latestBasicSearchRole3":"","latestBasicSearchSort":"","latestMySearchCount":"","latestMySearchDateEnd":"","latestMySearchDateStart":"","latestMySearchKeywords":"","latestMySearchState":"","latestPendingCount":"","latestPendingDateEnd":"","latestPendingDateStart":"","latestPendingKeywords":"","latestSelectedProcess":"","listOfCategory":"0x76ade107","listOfSAReports":"0x16bef4ba","lsAttachments":"0x9169bca","lsRolesFull":"0x392899c6","mapOfCategory":"0x4789d1b8","messageError":"","messageSubmissionComplete":"","mySearchDateEnd":"","mySearchDateStart":"","mySearchKeywords":"","newCommentValue":"","pendingCount":"","pendingDateEnd":"","pendingDateStart":"","pendingKeywords":"","processDataOptions":"0x2673e6d7","remandBody":"","remandCategory":"","remandProcess":"","remandSubject":"","reportComments":"0x1b86f118","reportGoodViews":"0x661dad07","reportManagedViews":"0x6f10a46d","reportRendered":false,"reportState":"Draft","roleLevel1DataOptions":"0x566ca206","roleLevel2DataOptions":"0x7ace87e2","roleLevel3DataOptions":"0x71b06829","searchCategoryLabel":"","searchCountLabel":"","searchStateLabel":"","selectedCategoryName":"","selectedProcess":"","selectedReport":"0x2a764a96","selectedReportName":"","selectedView":"","sortDataOptions":"0x1be999be","stateDataOptions":"0x28267457"}|0x446ee737
17:38:26.0 (52731160)|SYSTEM_MODE_ENTER|false
17:38:26.0 (52737858)|HEAP_ALLOCATE|[39]|Bytes:5
17:38:26.0 (52742970)|STATEMENT_EXECUTE|[39]
17:38:26.0 (52744714)|STATEMENT_EXECUTE|[39]
17:38:26.0 (52748026)|SYSTEM_MODE_EXIT|false
17:38:26.0 (54853504)|SYSTEM_MODE_ENTER|true
17:38:26.0 (54873630)|HEAP_ALLOCATE|[EXTERNAL]|Bytes:3
17:38:26.0 (54879457)|HEAP_ALLOCATE|[EXTERNAL]|Bytes:376
17:38:26.0 (54890765)|VARIABLE_ASSIGNMENT|[EXTERNAL]|this.draftSubject|"123"|0x446ee737
17:38:26.0 (54921041)|SYSTEM_MODE_ENTER|true
17:38:26.0 (54934631)|HEAP_ALLOCATE|[EXTERNAL]|Bytes:6
17:38:26.0 (54939072)|HEAP_ALLOCATE|[EXTERNAL]|Bytes:376
17:38:26.0 (54947413)|VARIABLE_ASSIGNMENT|[EXTERNAL]|this.draftCategory|"au でんき"|0x446ee737
17:38:26.0 (54972723)|SYSTEM_MODE_ENTER|true
17:38:26.0 (54984440)|HEAP_ALLOCATE|[EXTERNAL]|Bytes:2
17:38:26.0 (54988565)|HEAP_ALLOCATE|[EXTERNAL]|Bytes:376
17:38:26.0 (54996334)|VARIABLE_ASSIGNMENT|[EXTERNAL]|this.draftProcess|"提案"|0x446ee737
17:38:26.0 (55019553)|SYSTEM_MODE_ENTER|true
17:38:26.0 (55031570)|HEAP_ALLOCATE|[EXTERNAL]|Bytes:3
17:38:26.0 (55035756)|HEAP_ALLOCATE|[EXTERNAL]|Bytes:376
17:38:26.0 (55042486)|VARIABLE_ASSIGNMENT|[EXTERNAL]|this.draftBody|"dds"|0x446ee737
17:38:26.0 (55101745)|SYSTEM_MODE_ENTER|true
17:38:26.0 (55234812)|SYSTEM_MODE_ENTER|true
17:38:26.0 (55250933)|HEAP_ALLOCATE|[EXTERNAL]|Bytes:376
17:38:26.0 (55263381)|VARIABLE_ASSIGNMENT|[EXTERNAL]|this.newCommentValue|""|0x446ee737
17:38:26.0 (55302127)|SYSTEM_MODE_ENTER|true
17:38:26.0 (55314960)|HEAP_ALLOCATE|[EXTERNAL]|Bytes:376
17:38:26.0 (55324646)|VARIABLE_ASSIGNMENT|[EXTERNAL]|this.remandCategory|null|0x446ee737
17:38:26.0 (55347481)|SYSTEM_MODE_ENTER|true
17:38:26.0 (55358575)|HEAP_ALLOCATE|[EXTERNAL]|Bytes:376
17:38:26.0 (55366916)|VARIABLE_ASSIGNMENT|[EXTERNAL]|this.remandProcess|null|0x446ee737
17:38:26.0 (55421052)|SYSTEM_MODE_ENTER|true
17:38:26.0 (55529173)|SYSTEM_MODE_ENTER|true
17:38:26.0 (55542695)|HEAP_ALLOCATE|[EXTERNAL]|Bytes:376
17:38:26.0 (55552604)|VARIABLE_ASSIGNMENT|[EXTERNAL]|this.pendingCount|null|0x446ee737
17:38:26.0 (55583563)|SYSTEM_MODE_ENTER|true
17:38:26.0 (84252118)|SYSTEM_MODE_ENTER|true
17:38:26.0 (84284571)|HEAP_ALLOCATE|[EXTERNAL]|Bytes:284
17:38:26.0 (84305613)|HEAP_ALLOCATE|[EXTERNAL]|Bytes:160
17:38:26.0 (84322430)|METHOD_ENTRY|[1]|01pN0000000Mill|auMainTopCompCtrl.auMainTopCompCtrl()
17:38:26.0 (84328444)|STATEMENT_EXECUTE|[1]
17:38:26.0 (84332973)|STATEMENT_EXECUTE|[1]
17:38:26.0 (84334513)|STATEMENT_EXECUTE|[3]
17:38:26.0 (84339974)|HEAP_ALLOCATE|[3]|Bytes:4
17:38:26.0 (84356488)|VARIABLE_ASSIGNMENT|[3]|auMainTopCompCtrl.TYPE_SCREEN_SWITCH|0
17:38:26.0 (84361451)|STATEMENT_EXECUTE|[4]
17:38:26.0 (84364107)|HEAP_ALLOCATE|[4]|Bytes:4
17:38:26.0 (84372642)|VARIABLE_ASSIGNMENT|[4]|auMainTopCompCtrl.TYPE_SCREEN_STPD_EVENT|11
17:38:26.0 (84377698)|STATEMENT_EXECUTE|[5]
17:38:26.0 (84379674)|HEAP_ALLOCATE|[5]|Bytes:4
17:38:26.0 (84386835)|VARIABLE_ASSIGNMENT|[5]|auMainTopCompCtrl.TYPE_SCREEN_STPD_TIMELINE|12
17:38:26.0 (84390583)|STATEMENT_EXECUTE|[6]
17:38:26.0 (84392487)|HEAP_ALLOCATE|[6]|Bytes:4
17:38:26.0 (84398783)|VARIABLE_ASSIGNMENT|[6]|auMainTopCompCtrl.TYPE_SCREEN_STPD_SCREEN|13
17:38:26.0 (84402905)|STATEMENT_EXECUTE|[7]
17:38:26.0 (84405128)|HEAP_ALLOCATE|[7]|Bytes:4
17:38:26.0 (84424589)|VARIABLE_ASSIGNMENT|[7]|auMainTopCompCtrl.TYPE_SCREEN_CX_SCREEN|21
17:38:26.0 (84429576)|STATEMENT_EXECUTE|[8]
17:38:26.0 (84431938)|HEAP_ALLOCATE|[8]|Bytes:4
17:38:26.0 (84439246)|VARIABLE_ASSIGNMENT|[8]|auMainTopCompCtrl.TYPE_SCREEN_CX_TIMELINE|22
17:38:26.0 (84443599)|STATEMENT_EXECUTE|[9]
17:38:26.0 (84446167)|HEAP_ALLOCATE|[9]|Bytes:4
17:38:26.0 (84451851)|VARIABLE_ASSIGNMENT|[9]|auMainTopCompCtrl.TYPE_SCREEN_EVENT_SCHEDULE|31
17:38:26.0 (84455954)|STATEMENT_EXECUTE|[10]
17:38:26.0 (84458184)|HEAP_ALLOCATE|[10]|Bytes:4
17:38:26.0 (84463941)|VARIABLE_ASSIGNMENT|[10]|auMainTopCompCtrl.TYPE_SCREEN_EVENT_SCHEDULE_LIST|32
17:38:26.0 (84472188)|STATEMENT_EXECUTE|[11]
17:38:26.0 (84474600)|HEAP_ALLOCATE|[11]|Bytes:4
17:38:26.0 (84481423)|VARIABLE_ASSIGNMENT|[11]|auMainTopCompCtrl.TYPE_SCREEN_KNOWLEDGE_DASHBOARD|41
17:38:26.0 (84485604)|STATEMENT_EXECUTE|[12]
17:38:26.0 (84487770)|HEAP_ALLOCATE|[12]|Bytes:4
17:38:26.0 (84493880)|VARIABLE_ASSIGNMENT|[12]|auMainTopCompCtrl.TYPE_SCREEN_KNOWLEDGE_LIST|42
17:38:26.0 (84497553)|STATEMENT_EXECUTE|[13]
17:38:26.0 (84499670)|HEAP_ALLOCATE|[13]|Bytes:4
17:38:26.0 (84506081)|VARIABLE_ASSIGNMENT|[13]|auMainTopCompCtrl.TYPE_SCREEN_SA_MESSAGES|51
17:38:26.0 (84510227)|STATEMENT_EXECUTE|[14]
17:38:26.0 (84512108)|HEAP_ALLOCATE|[14]|Bytes:4
17:38:26.0 (84519083)|VARIABLE_ASSIGNMENT|[14]|auMainTopCompCtrl.TYPE_SCREEN_SA_REPORTS|52
17:38:26.0 (84522763)|STATEMENT_EXECUTE|[15]
17:38:26.0 (84524744)|HEAP_ALLOCATE|[15]|Bytes:4
17:38:26.0 (84530820)|VARIABLE_ASSIGNMENT|[15]|auMainTopCompCtrl.TYPE_SCREEN_SA_CHATTER|53
17:38:26.0 (84534539)|STATEMENT_EXECUTE|[16]
17:38:26.0 (84536622)|HEAP_ALLOCATE|[16]|Bytes:4
17:38:26.0 (84542804)|VARIABLE_ASSIGNMENT|[16]|auMainTopCompCtrl.TYPE_SCREEN_SA_DAILYREPORT|54
17:38:26.0 (84546841)|STATEMENT_EXECUTE|[17]
17:38:26.0 (84548815)|HEAP_ALLOCATE|[17]|Bytes:4
17:38:26.0 (84554716)|VARIABLE_ASSIGNMENT|[17]|auMainTopCompCtrl.TYPE_SCREEN_SA_ENQUETE|55
17:38:26.0 (84558781)|STATEMENT_EXECUTE|[18]
17:38:26.0 (84560822)|HEAP_ALLOCATE|[18]|Bytes:4
17:38:26.0 (84566854)|VARIABLE_ASSIGNMENT|[18]|auMainTopCompCtrl.TYPE_SCREEN_SA_DOCUMENTS|56
17:38:26.0 (84570540)|STATEMENT_EXECUTE|[19]
17:38:26.0 (84572369)|HEAP_ALLOCATE|[19]|Bytes:4
17:38:26.0 (84578409)|VARIABLE_ASSIGNMENT|[19]|auMainTopCompCtrl.TYPE_SCREEN_SA_RANKING|57
17:38:26.0 (84582197)|STATEMENT_EXECUTE|[20]
17:38:26.0 (84584202)|HEAP_ALLOCATE|[20]|Bytes:4
17:38:26.0 (84596077)|VARIABLE_ASSIGNMENT|[20]|auMainTopCompCtrl.TYPE_SCREEN_SA_LINKS|58
17:38:26.0 (84600234)|STATEMENT_EXECUTE|[21]
17:38:26.0 (84602270)|HEAP_ALLOCATE|[21]|Bytes:4
17:38:26.0 (84608492)|VARIABLE_ASSIGNMENT|[21]|auMainTopCompCtrl.TYPE_SCREEN_SA_USRSETTINGS|59
17:38:26.0 (84612348)|STATEMENT_EXECUTE|[22]
17:38:26.0 (84614233)|HEAP_ALLOCATE|[22]|Bytes:4
17:38:26.0 (84619933)|VARIABLE_ASSIGNMENT|[22]|auMainTopCompCtrl.TYPE_SCREEN_SA_DAILYREPORTLIST|60
17:38:26.0 (84623537)|STATEMENT_EXECUTE|[23]
17:38:26.0 (84625720)|HEAP_ALLOCATE|[23]|Bytes:4
17:38:26.0 (84632752)|VARIABLE_ASSIGNMENT|[23]|auMainTopCompCtrl.TYPE_SCREEN_SA_TODO|61
17:38:26.0 (84636156)|STATEMENT_EXECUTE|[24]
17:38:26.0 (84638288)|HEAP_ALLOCATE|[24]|Bytes:4
17:38:26.0 (84643708)|VARIABLE_ASSIGNMENT|[24]|auMainTopCompCtrl.TYPE_SCREEN_HONBU_DIRECT|71
17:38:26.0 (84647353)|STATEMENT_EXECUTE|[25]
17:38:26.0 (84649473)|HEAP_ALLOCATE|[25]|Bytes:4
17:38:26.0 (84654995)|VARIABLE_ASSIGNMENT|[25]|auMainTopCompCtrl.TYPE_SCREEN_ACCOUNT_LIST|81
17:38:26.0 (84658745)|STATEMENT_EXECUTE|[26]
17:38:26.0 (84661137)|HEAP_ALLOCATE|[26]|Bytes:4
17:38:26.0 (84666134)|VARIABLE_ASSIGNMENT|[26]|auMainTopCompCtrl.TYPE_SCREEN_ACTIVITY_LIST|82
17:38:26.0 (84669906)|STATEMENT_EXECUTE|[27]
17:38:26.0 (84671792)|HEAP_ALLOCATE|[27]|Bytes:4
17:38:26.0 (84677304)|VARIABLE_ASSIGNMENT|[27]|auMainTopCompCtrl.TYPE_SCREEN_FILE_LIST|83
17:38:26.0 (84685138)|METHOD_EXIT|[1]|auMainTopCompCtrl
17:38:26.0 (84691077)|HEAP_ALLOCATE|[EXTERNAL]|Bytes:44
17:38:26.0 (84698995)|VARIABLE_ASSIGNMENT|[EXTERNAL]|this.iCountComments|null|0x230a2056
17:38:26.0 (84759924)|SYSTEM_MODE_ENTER|true
17:38:26.0 (84776096)|HEAP_ALLOCATE|[EXTERNAL]|Bytes:44
17:38:26.0 (84784362)|VARIABLE_ASSIGNMENT|[EXTERNAL]|this.iCountLikes|null|0x230a2056
17:38:26.0 (84857857)|SYSTEM_MODE_ENTER|true
17:38:26.0 (84897818)|HEAP_ALLOCATE|[EXTERNAL]|Bytes:376
17:38:26.0 (84905855)|VARIABLE_SCOPE_BEGIN|[172]|this|saReportCtrl|true|false
17:38:26.0 (85139225)|VARIABLE_ASSIGNMENT|[172]|this|{"attachmentId":"","basicSearchCategory":" ","basicSearchCount":"20","basicSearchDateEnd":"","basicSearchDateStart":"","basicSearchKeywords":"","basicSearchRole1":" ","basicSearchRole2":" ","basicSearchRole3":" ","basicSearchSort":" ","categoryDataOptions":"0x1aa0b2fd","countDataOptions":"0x28a305b3","createBody":"","createdReportId":"SA_Report-00000041","createSubject":"","currentUser":"0x3099c8cb","draftBody":"dds","draftCategory":"au でんき","draftProcess":"提案","draftSubject":"123","isApprover":false,"isCopySelected":false,"isGoodSelected":false,"isVeryGoodSelected":false,"latestBasicSearchCategory":"","latestBasicSearchCount":"","latestBasicSearchDateEnd":"","latestBasicSearchDateStart":"","latestBasicSearchKeywords":"","latestBasicSearchRole1":"","latestBasicSearchRole2":"","latestBasicSearchRole3":"","latestBasicSearchSort":"","latestMySearchCount":"","latestMySearchDateEnd":"","latestMySearchDateStart":"","latestMySearchKeywords":"","latestMySearchState":"","latestPendingCount":"","latestPendingDateEnd":"","latestPendingDateStart":"","latestPendingKeywords":"","latestSelectedProcess":"","listOfCategory":"0x76ade107","listOfSAReports":"0x16bef4ba","lsAttachments":"0x9169bca","lsRolesFull":"0x392899c6","mapOfCategory":"0x4789d1b8","messageError":"","messageSubmissionComplete":"","mySearchDateEnd":"","mySearchDateStart":"","mySearchKeywords":"","newCommentValue":"","pendingDateEnd":"","pendingDateStart":"","pendingKeywords":"","processDataOptions":"0x2673e6d7","remandBody":"","remandSubject":"","reportComments":"0x1b86f118","reportGoodViews":"0x661dad07","reportManagedViews":"0x6f10a46d","reportRendered":false,"reportState":"Draft","roleLevel1DataOptions":"0x566ca206","roleLevel2DataOptions":"0x7ace87e2","roleLevel3DataOptions":"0x71b06829","searchCategoryLabel":"","searchCountLabel":"","searchStateLabel":"","selectedCategoryName":"","selectedProcess":"","selectedReport":"0x2a764a96","selectedReportName":"","selectedView":"","sortDataOptions":"0x1be999be","stateDataOptions":"0x28267457"}|0x446ee737
17:38:26.0 (85180972)|SYSTEM_MODE_ENTER|false
17:38:26.0 (85188743)|HEAP_ALLOCATE|[172]|Bytes:5
17:38:26.0 (85194099)|STATEMENT_EXECUTE|[172]
17:38:26.0 (85196086)|STATEMENT_EXECUTE|[172]
17:38:26.0 (85202020)|SYSTEM_MODE_EXIT|false
17:38:26.0 (85260908)|SYSTEM_MODE_ENTER|true
17:38:26.0 (85277046)|HEAP_ALLOCATE|[EXTERNAL]|Bytes:8
17:38:26.0 (85281709)|HEAP_ALLOCATE|[EXTERNAL]|Bytes:44
17:38:26.0 (85289948)|VARIABLE_ASSIGNMENT|[EXTERNAL]|this.iTypeOfScreen|52|0x230a2056
17:38:26.0 (85412038)|SYSTEM_MODE_ENTER|true
17:38:26.0 (85447211)|HEAP_ALLOCATE|[EXTERNAL]|Bytes:44
17:38:26.0 (85454554)|VARIABLE_SCOPE_BEGIN|[88]|this|auMainTopCompCtrl|true|false
17:38:26.0 (85500727)|VARIABLE_ASSIGNMENT|[88]|this|{"currentUser":"0x32abde5d","isSAUser":false,"iTypeOfScreen":52,"urlReportsSFA":"https://cs6.lightnin (84 more) ..."}|0x230a2056
17:38:26.0 (85511367)|STATEMENT_EXECUTE|[88]
17:38:26.0 (85513469)|STATEMENT_EXECUTE|[89]
17:38:26.0 (85568413)|VARIABLE_ASSIGNMENT|[EXTERNAL]|this|{"currentUser":"0x32abde5d","isSAUser":false,"iTypeOfScreen":52,"urlReportsSFA":"https://cs6.lightnin (84 more) ..."}|0x230a2056
17:38:26.0 (85619693)|VARIABLE_ASSIGNMENT|[EXTERNAL]|this|{"currentUser":"0x32abde5d","isSAUser":false,"iTypeOfScreen":52,"urlReportsSFA":"https://cs6.lightnin (84 more) ..."}|0x230a2056
17:38:26.0 (85637024)|HEAP_ALLOCATE|[89]|Bytes:5
17:38:26.0 (85720053)|SYSTEM_MODE_ENTER|true
17:38:26.0 (85766683)|HEAP_ALLOCATE|[EXTERNAL]|Bytes:44
17:38:26.0 (85774072)|VARIABLE_SCOPE_BEGIN|[106]|this|auMainTopCompCtrl|true|false
17:38:26.0 (85808402)|VARIABLE_ASSIGNMENT|[106]|this|{"currentUser":"0x32abde5d","isSAUser":false,"iTypeOfScreen":52,"urlReportsSFA":"https://cs6.lightnin (84 more) ..."}|0x230a2056
17:38:26.0 (85818522)|STATEMENT_EXECUTE|[106]
17:38:26.0 (85820429)|STATEMENT_EXECUTE|[107]
17:38:26.0 (85856623)|VARIABLE_ASSIGNMENT|[EXTERNAL]|this|{"currentUser":"0x32abde5d","isSAUser":false,"iTypeOfScreen":52,"urlReportsSFA":"https://cs6.lightnin (84 more) ..."}|0x230a2056
17:38:26.0 (85883232)|HEAP_ALLOCATE|[107]|Bytes:5
17:38:26.0 (85949179)|SYSTEM_MODE_ENTER|true
17:38:26.0 (85978356)|HEAP_ALLOCATE|[EXTERNAL]|Bytes:44
17:38:26.0 (85985007)|VARIABLE_SCOPE_BEGIN|[110]|this|auMainTopCompCtrl|true|false
17:38:26.0 (86017658)|VARIABLE_ASSIGNMENT|[110]|this|{"currentUser":"0x32abde5d","isSAUser":false,"iTypeOfScreen":52,"urlReportsSFA":"https://cs6.lightnin (84 more) ..."}|0x230a2056
17:38:26.0 (86027948)|STATEMENT_EXECUTE|[110]
17:38:26.0 (86029716)|STATEMENT_EXECUTE|[111]
17:38:26.0 (86064815)|VARIABLE_ASSIGNMENT|[EXTERNAL]|this|{"currentUser":"0x32abde5d","isSAUser":false,"iTypeOfScreen":52,"urlReportsSFA":"https://cs6.lightnin (84 more) ..."}|0x230a2056
17:38:26.0 (86079977)|HEAP_ALLOCATE|[111]|Bytes:5
17:38:26.0 (86137866)|SYSTEM_MODE_ENTER|true
17:38:26.0 (86164915)|HEAP_ALLOCATE|[EXTERNAL]|Bytes:44
17:38:26.0 (86171637)|VARIABLE_SCOPE_BEGIN|[114]|this|auMainTopCompCtrl|true|false
17:38:26.0 (86203783)|VARIABLE_ASSIGNMENT|[114]|this|{"currentUser":"0x32abde5d","isSAUser":false,"iTypeOfScreen":52,"urlReportsSFA":"https://cs6.lightnin (84 more) ..."}|0x230a2056
17:38:26.0 (86212827)|STATEMENT_EXECUTE|[114]
17:38:26.0 (86214783)|STATEMENT_EXECUTE|[115]
17:38:26.0 (86247901)|VARIABLE_ASSIGNMENT|[EXTERNAL]|this|{"currentUser":"0x32abde5d","isSAUser":false,"iTypeOfScreen":52,"urlReportsSFA":"https://cs6.lightnin (84 more) ..."}|0x230a2056
17:38:26.0 (86262727)|HEAP_ALLOCATE|[115]|Bytes:5
17:38:26.0 (86457108)|SYSTEM_MODE_ENTER|true
17:38:26.0 (86521800)|SYSTEM_MODE_ENTER|true
17:38:26.0 (86900486)|SYSTEM_MODE_ENTER|true
17:38:26.0 (88258708)|SYSTEM_MODE_ENTER|true
17:38:26.0 (88366522)|SYSTEM_MODE_ENTER|true
17:38:26.0 (88432160)|SYSTEM_MODE_ENTER|true
17:38:26.0 (88501062)|SYSTEM_MODE_ENTER|true
17:38:26.0 (88657725)|SYSTEM_MODE_ENTER|true
17:38:26.0 (88745463)|SYSTEM_MODE_ENTER|true
17:38:26.0 (88822280)|SYSTEM_MODE_ENTER|true
17:38:26.0 (89151560)|SYSTEM_MODE_ENTER|true
17:38:26.0 (89189487)|HEAP_ALLOCATE|[EXTERNAL]|Bytes:376
17:38:26.0 (89197560)|VARIABLE_SCOPE_BEGIN|[36]|this|saReportCtrl|true|false
17:38:26.0 (89403935)|VARIABLE_ASSIGNMENT|[36]|this|{"attachmentId":"","basicSearchCategory":" ","basicSearchCount":"20","basicSearchDateEnd":"","basicSearchDateStart":"","basicSearchKeywords":"","basicSearchRole1":" ","basicSearchRole2":" ","basicSearchRole3":" ","basicSearchSort":" ","categoryDataOptions":"0x1aa0b2fd","countDataOptions":"0x28a305b3","createBody":"","createdReportId":"SA_Report-00000041","createSubject":"","currentUser":"0x3099c8cb","draftBody":"dds","draftCategory":"au でんき","draftProcess":"提案","draftSubject":"123","isApprover":false,"isCopySelected":false,"isGoodSelected":false,"isVeryGoodSelected":false,"latestBasicSearchCategory":"","latestBasicSearchCount":"","latestBasicSearchDateEnd":"","latestBasicSearchDateStart":"","latestBasicSearchKeywords":"","latestBasicSearchRole1":"","latestBasicSearchRole2":"","latestBasicSearchRole3":"","latestBasicSearchSort":"","latestMySearchCount":"","latestMySearchDateEnd":"","latestMySearchDateStart":"","latestMySearchKeywords":"","latestMySearchState":"","latestPendingCount":"","latestPendingDateEnd":"","latestPendingDateStart":"","latestPendingKeywords":"","latestSelectedProcess":"","listOfCategory":"0x76ade107","listOfSAReports":"0x16bef4ba","lsAttachments":"0x9169bca","lsRolesFull":"0x392899c6","mapOfCategory":"0x4789d1b8","messageError":"","messageSubmissionComplete":"","mySearchDateEnd":"","mySearchDateStart":"","mySearchKeywords":"","newCommentValue":"","pendingDateEnd":"","pendingDateStart":"","pendingKeywords":"","processDataOptions":"0x2673e6d7","remandBody":"","remandSubject":"","reportComments":"0x1b86f118","reportGoodViews":"0x661dad07","reportManagedViews":"0x6f10a46d","reportRendered":false,"reportState":"Draft","roleLevel1DataOptions":"0x566ca206","roleLevel2DataOptions":"0x7ace87e2","roleLevel3DataOptions":"0x71b06829","searchCategoryLabel":"","searchCountLabel":"","searchStateLabel":"","selectedCategoryName":"","selectedProcess":"","selectedReport":"0x2a764a96","selectedReportName":"","selectedView":"","sortDataOptions":"0x1be999be","stateDataOptions":"0x28267457"}|0x446ee737
17:38:26.0 (89443083)|SYSTEM_MODE_ENTER|false
17:38:26.0 (89450848)|HEAP_ALLOCATE|[36]|Bytes:5
17:38:26.0 (89456289)|STATEMENT_EXECUTE|[36]
17:38:26.0 (89458251)|STATEMENT_EXECUTE|[36]
17:38:26.0 (89463351)|SYSTEM_MODE_EXIT|false
17:38:26.0 (89587046)|SYSTEM_MODE_ENTER|true
17:38:26.0 (89627515)|HEAP_ALLOCATE|[EXTERNAL]|Bytes:376
17:38:26.0 (89635065)|VARIABLE_SCOPE_BEGIN|[37]|this|saReportCtrl|true|false
17:38:26.0 (89836468)|VARIABLE_ASSIGNMENT|[37]|this|{"attachmentId":"","basicSearchCategory":" ","basicSearchCount":"20","basicSearchDateEnd":"","basicSearchDateStart":"","basicSearchKeywords":"","basicSearchRole1":" ","basicSearchRole2":" ","basicSearchRole3":" ","basicSearchSort":" ","categoryDataOptions":"0x1aa0b2fd","countDataOptions":"0x28a305b3","createBody":"","createdReportId":"SA_Report-00000041","createSubject":"","currentUser":"0x3099c8cb","draftBody":"dds","draftCategory":"au でんき","draftProcess":"提案","draftSubject":"123","isApprover":false,"isCopySelected":false,"isGoodSelected":false,"isVeryGoodSelected":false,"latestBasicSearchCategory":"","latestBasicSearchCount":"","latestBasicSearchDateEnd":"","latestBasicSearchDateStart":"","latestBasicSearchKeywords":"","latestBasicSearchRole1":"","latestBasicSearchRole2":"","latestBasicSearchRole3":"","latestBasicSearchSort":"","latestMySearchCount":"","latestMySearchDateEnd":"","latestMySearchDateStart":"","latestMySearchKeywords":"","latestMySearchState":"","latestPendingCount":"","latestPendingDateEnd":"","latestPendingDateStart":"","latestPendingKeywords":"","latestSelectedProcess":"","listOfCategory":"0x76ade107","listOfSAReports":"0x16bef4ba","lsAttachments":"0x9169bca","lsRolesFull":"0x392899c6","mapOfCategory":"0x4789d1b8","messageError":"","messageSubmissionComplete":"","mySearchDateEnd":"","mySearchDateStart":"","mySearchKeywords":"","newCommentValue":"","pendingDateEnd":"","pendingDateStart":"","pendingKeywords":"","processDataOptions":"0x2673e6d7","remandBody":"","remandSubject":"","reportComments":"0x1b86f118","reportGoodViews":"0x661dad07","reportManagedViews":"0x6f10a46d","reportRendered":false,"reportState":"Draft","roleLevel1DataOptions":"0x566ca206","roleLevel2DataOptions":"0x7ace87e2","roleLevel3DataOptions":"0x71b06829","searchCategoryLabel":"","searchCountLabel":"","searchStateLabel":"","selectedCategoryName":"","selectedProcess":"","selectedReport":"0x2a764a96","selectedReportName":"","selectedView":"","sortDataOptions":"0x1be999be","stateDataOptions":"0x28267457"}|0x446ee737
17:38:26.0 (89874217)|SYSTEM_MODE_ENTER|false
17:38:26.0 (89881148)|HEAP_ALLOCATE|[37]|Bytes:5
17:38:26.0 (89886297)|STATEMENT_EXECUTE|[37]
17:38:26.0 (89888139)|STATEMENT_EXECUTE|[37]
17:38:26.0 (89892256)|SYSTEM_MODE_EXIT|false
17:38:26.0 (90006673)|SYSTEM_MODE_ENTER|true
17:38:26.0 (90040391)|HEAP_ALLOCATE|[EXTERNAL]|Bytes:376
17:38:26.0 (90047638)|VARIABLE_SCOPE_BEGIN|[39]|this|saReportCtrl|true|false
17:38:26.0 (90250006)|VARIABLE_ASSIGNMENT|[39]|this|{"attachmentId":"","basicSearchCategory":" ","basicSearchCount":"20","basicSearchDateEnd":"","basicSearchDateStart":"","basicSearchKeywords":"","basicSearchRole1":" ","basicSearchRole2":" ","basicSearchRole3":" ","basicSearchSort":" ","categoryDataOptions":"0x1aa0b2fd","countDataOptions":"0x28a305b3","createBody":"","createdReportId":"SA_Report-00000041","createSubject":"","currentUser":"0x3099c8cb","draftBody":"dds","draftCategory":"au でんき","draftProcess":"提案","draftSubject":"123","isApprover":false,"isCopySelected":false,"isGoodSelected":false,"isVeryGoodSelected":false,"latestBasicSearchCategory":"","latestBasicSearchCount":"","latestBasicSearchDateEnd":"","latestBasicSearchDateStart":"","latestBasicSearchKeywords":"","latestBasicSearchRole1":"","latestBasicSearchRole2":"","latestBasicSearchRole3":"","latestBasicSearchSort":"","latestMySearchCount":"","latestMySearchDateEnd":"","latestMySearchDateStart":"","latestMySearchKeywords":"","latestMySearchState":"","latestPendingCount":"","latestPendingDateEnd":"","latestPendingDateStart":"","latestPendingKeywords":"","latestSelectedProcess":"","listOfCategory":"0x76ade107","listOfSAReports":"0x16bef4ba","lsAttachments":"0x9169bca","lsRolesFull":"0x392899c6","mapOfCategory":"0x4789d1b8","messageError":"","messageSubmissionComplete":"","mySearchDateEnd":"","mySearchDateStart":"","mySearchKeywords":"","newCommentValue":"","pendingDateEnd":"","pendingDateStart":"","pendingKeywords":"","processDataOptions":"0x2673e6d7","remandBody":"","remandSubject":"","reportComments":"0x1b86f118","reportGoodViews":"0x661dad07","reportManagedViews":"0x6f10a46d","reportRendered":false,"reportState":"Draft","roleLevel1DataOptions":"0x566ca206","roleLevel2DataOptions":"0x7ace87e2","roleLevel3DataOptions":"0x71b06829","searchCategoryLabel":"","searchCountLabel":"","searchStateLabel":"","selectedCategoryName":"","selectedProcess":"","selectedReport":"0x2a764a96","selectedReportName":"","selectedView":"","sortDataOptions":"0x1be999be","stateDataOptions":"0x28267457"}|0x446ee737
17:38:26.0 (90288105)|SYSTEM_MODE_ENTER|false
17:38:26.0 (90294803)|HEAP_ALLOCATE|[39]|Bytes:5
17:38:26.0 (90300147)|STATEMENT_EXECUTE|[39]
17:38:26.0 (90301952)|STATEMENT_EXECUTE|[39]
17:38:26.0 (90305985)|SYSTEM_MODE_EXIT|false
17:38:26.0 (90459653)|SYSTEM_MODE_ENTER|true
17:38:26.0 (90498085)|HEAP_ALLOCATE|[EXTERNAL]|Bytes:376
17:38:26.0 (90505727)|VARIABLE_SCOPE_BEGIN|[38]|this|saReportCtrl|true|false
17:38:26.0 (90706169)|VARIABLE_ASSIGNMENT|[38]|this|{"attachmentId":"","basicSearchCategory":" ","basicSearchCount":"20","basicSearchDateEnd":"","basicSearchDateStart":"","basicSearchKeywords":"","basicSearchRole1":" ","basicSearchRole2":" ","basicSearchRole3":" ","basicSearchSort":" ","categoryDataOptions":"0x1aa0b2fd","countDataOptions":"0x28a305b3","createBody":"","createdReportId":"SA_Report-00000041","createSubject":"","currentUser":"0x3099c8cb","draftBody":"dds","draftCategory":"au でんき","draftProcess":"提案","draftSubject":"123","isApprover":false,"isCopySelected":false,"isGoodSelected":false,"isVeryGoodSelected":false,"latestBasicSearchCategory":"","latestBasicSearchCount":"","latestBasicSearchDateEnd":"","latestBasicSearchDateStart":"","latestBasicSearchKeywords":"","latestBasicSearchRole1":"","latestBasicSearchRole2":"","latestBasicSearchRole3":"","latestBasicSearchSort":"","latestMySearchCount":"","latestMySearchDateEnd":"","latestMySearchDateStart":"","latestMySearchKeywords":"","latestMySearchState":"","latestPendingCount":"","latestPendingDateEnd":"","latestPendingDateStart":"","latestPendingKeywords":"","latestSelectedProcess":"","listOfCategory":"0x76ade107","listOfSAReports":"0x16bef4ba","lsAttachments":"0x9169bca","lsRolesFull":"0x392899c6","mapOfCategory":"0x4789d1b8","messageError":"","messageSubmissionComplete":"","mySearchDateEnd":"","mySearchDateStart":"","mySearchKeywords":"","newCommentValue":"","pendingDateEnd":"","pendingDateStart":"","pendingKeywords":"","processDataOptions":"0x2673e6d7","remandBody":"","remandSubject":"","reportComments":"0x1b86f118","reportGoodViews":"0x661dad07","reportManagedViews":"0x6f10a46d","reportRendered":false,"reportState":"Draft","roleLevel1DataOptions":"0x566ca206","roleLevel2DataOptions":"0x7ace87e2","roleLevel3DataOptions":"0x71b06829","searchCategoryLabel":"","searchCountLabel":"","searchStateLabel":"","selectedCategoryName":"","selectedProcess":"","selectedReport":"0x2a764a96","selectedReportName":"","selectedView":"","sortDataOptions":"0x1be999be","stateDataOptions":"0x28267457"}|0x446ee737
17:38:26.0 (90743613)|SYSTEM_MODE_ENTER|false
17:38:26.0 (90750203)|HEAP_ALLOCATE|[38]|Bytes:5
17:38:26.0 (90755064)|STATEMENT_EXECUTE|[38]
17:38:26.0 (90756929)|STATEMENT_EXECUTE|[38]
17:38:26.0 (90760766)|SYSTEM_MODE_EXIT|false
17:38:26.0 (96156188)|SYSTEM_MODE_ENTER|true
17:38:26.0 (114639125)|SYSTEM_MODE_ENTER|true
17:38:26.0 (114781573)|SYSTEM_MODE_ENTER|true
17:38:26.0 (114910052)|SYSTEM_MODE_ENTER|true
17:38:26.0 (115221443)|SYSTEM_MODE_ENTER|true
17:38:26.0 (115300291)|SYSTEM_MODE_ENTER|true
17:38:26.0 (115428058)|SYSTEM_MODE_ENTER|true
17:38:26.0 (123813050)|VF_SERIALIZE_VIEWSTATE_BEGIN|066N0000000M59u
17:38:26.0 (135746876)|VF_SERIALIZE_VIEWSTATE_END
17:38:26.153 (153541046)|CUMULATIVE_LIMIT_USAGE
17:38:26.153 (153541046)|LIMIT_USAGE_FOR_NS|(default)|
  Number of SOQL queries: 0 out of 100
  Number of query rows: 0 out of 50000
  Number of SOSL queries: 0 out of 20
  Number of DML statements: 0 out of 150
  Number of DML rows: 0 out of 10000
  Maximum CPU time: 0 out of 10000
  Maximum heap size: 0 out of 6000000
  Number of callouts: 0 out of 100
  Number of Email Invocations: 0 out of 10
  Number of future calls: 0 out of 50
  Number of queueable jobs added to the queue: 0 out of 50
  Number of Mobile Apex push calls: 0 out of 10

17:38:26.153 (153541046)|CUMULATIVE_LIMIT_USAGE_END

17:38:26.0 (153583578)|CODE_UNIT_FINISHED|VF: /apex/saReport
17:38:26.0 (154371603)|EXECUTION_FINISHED
