38.0 APEX_CODE,FINEST;APEX_PROFILING,INFO;CALLOUT,INFO;DB,INFO;SYSTEM,DEBUG;VALIDATION,INFO;VISUALFORCE,INFO;WAVE,INFO;WORKFLOW,INFO
11:51:37.0 (78316)|USER_INFO|[EXTERNAL]|005N00000057PfO|thomas.remy+kddi_gwdev01@globalway.co.jp|Japan Standard Time|GMT+09:00
11:51:37.0 (133100)|EXECUTION_STARTED
11:51:37.0 (137566)|CODE_UNIT_STARTED|[EXTERNAL]|066N0000000M59u|VF: /apex/saReport
11:51:37.0 (315210)|VF_DESERIALIZE_VIEWSTATE_BEGIN|066N0000000M59u
11:51:37.0 (3649365)|HEAP_ALLOCATE|[72]|Bytes:3
11:51:37.0 (3693646)|HEAP_ALLOCATE|[77]|Bytes:152
11:51:37.0 (3710685)|HEAP_ALLOCATE|[342]|Bytes:408
11:51:37.0 (3723892)|HEAP_ALLOCATE|[355]|Bytes:408
11:51:37.0 (3735023)|HEAP_ALLOCATE|[467]|Bytes:48
11:51:37.0 (3764707)|HEAP_ALLOCATE|[139]|Bytes:6
11:51:37.0 (4050927)|HEAP_ALLOCATE|[50]|Bytes:5
11:51:37.0 (4080975)|HEAP_ALLOCATE|[56]|Bytes:5
11:51:37.0 (4095187)|HEAP_ALLOCATE|[64]|Bytes:7
11:51:37.0 (5683166)|VARIABLE_SCOPE_BEGIN|[5]|saReportCtrl.CASES_CHARACTER|String|false|true
11:51:37.0 (5701527)|VARIABLE_SCOPE_BEGIN|[8]|saReportCtrl.SEARCH_COUNT_NUMBER100|String|false|true
11:51:37.0 (5709440)|VARIABLE_SCOPE_BEGIN|[6]|saReportCtrl.SEARCH_COUNT_NUMBER20|String|false|true
11:51:37.0 (5716743)|VARIABLE_SCOPE_BEGIN|[7]|saReportCtrl.SEARCH_COUNT_NUMBER50|String|false|true
11:51:37.0 (5723073)|VARIABLE_SCOPE_BEGIN|[13]|saReportCtrl.SORTED_BY_FAVORITES_LABEL|String|false|true
11:51:37.0 (5729711)|VARIABLE_SCOPE_BEGIN|[19]|saReportCtrl.SORTED_BY_FAVORITES_VALUE|String|false|true
11:51:37.0 (5737115)|VARIABLE_SCOPE_BEGIN|[11]|saReportCtrl.SORTED_BY_NEWS_LABEL|String|false|true
11:51:37.0 (5743087)|VARIABLE_SCOPE_BEGIN|[17]|saReportCtrl.SORTED_BY_NEWS_VALUE|String|false|true
11:51:37.0 (5752149)|VARIABLE_SCOPE_BEGIN|[10]|saReportCtrl.SORTED_BY_NONE_LABEL|String|false|true
11:51:37.0 (5762604)|VARIABLE_SCOPE_BEGIN|[16]|saReportCtrl.SORTED_BY_NONE_VALUE|String|false|true
11:51:37.0 (5773444)|VARIABLE_SCOPE_BEGIN|[12]|saReportCtrl.SORTED_BY_NUMBER_OF_VIEWS_LABEL|String|false|true
11:51:37.0 (5785004)|VARIABLE_SCOPE_BEGIN|[18]|saReportCtrl.SORTED_BY_NUMBER_OF_VIEWS_VALUE|String|false|true
11:51:37.0 (5796443)|VARIABLE_SCOPE_BEGIN|[14]|saReportCtrl.SORTED_BY_RELEASE_DATES_LABEL|String|false|true
11:51:37.0 (5808697)|VARIABLE_SCOPE_BEGIN|[20]|saReportCtrl.SORTED_BY_RELEASE_DATES_VALUE|String|false|true
11:51:37.0 (7038934)|VARIABLE_SCOPE_BEGIN|[7]|auMainTopCompCtrl.TYPE_SCREEN_CX_SCREEN|Integer|false|true
11:51:37.0 (7052660)|VARIABLE_SCOPE_BEGIN|[8]|auMainTopCompCtrl.TYPE_SCREEN_CX_TIMELINE|Integer|false|true
11:51:37.0 (7059484)|VARIABLE_SCOPE_BEGIN|[9]|auMainTopCompCtrl.TYPE_SCREEN_EVENT_SCHEDULE|Integer|false|true
11:51:37.0 (7066887)|VARIABLE_SCOPE_BEGIN|[10]|auMainTopCompCtrl.TYPE_SCREEN_EVENT_SCHEDULE_LIST|Integer|false|true
11:51:37.0 (7074764)|VARIABLE_SCOPE_BEGIN|[11]|auMainTopCompCtrl.TYPE_SCREEN_KNOWLEDGE_DASHBOARD|Integer|false|true
11:51:37.0 (7080951)|VARIABLE_SCOPE_BEGIN|[12]|auMainTopCompCtrl.TYPE_SCREEN_KNOWLEDGE_LIST|Integer|false|true
11:51:37.0 (7087057)|VARIABLE_SCOPE_BEGIN|[15]|auMainTopCompCtrl.TYPE_SCREEN_SA_CHATTER|Integer|false|true
11:51:37.0 (7093311)|VARIABLE_SCOPE_BEGIN|[16]|auMainTopCompCtrl.TYPE_SCREEN_SA_DAILYREPORT|Integer|false|true
11:51:37.0 (7099588)|VARIABLE_SCOPE_BEGIN|[18]|auMainTopCompCtrl.TYPE_SCREEN_SA_DOCUMENTS|Integer|false|true
11:51:37.0 (7105682)|VARIABLE_SCOPE_BEGIN|[17]|auMainTopCompCtrl.TYPE_SCREEN_SA_ENQUETE|Integer|false|true
11:51:37.0 (7111560)|VARIABLE_SCOPE_BEGIN|[13]|auMainTopCompCtrl.TYPE_SCREEN_SA_MESSAGES|Integer|false|true
11:51:37.0 (7117774)|VARIABLE_SCOPE_BEGIN|[19]|auMainTopCompCtrl.TYPE_SCREEN_SA_RANKING|Integer|false|true
11:51:37.0 (7128221)|VARIABLE_SCOPE_BEGIN|[14]|auMainTopCompCtrl.TYPE_SCREEN_SA_REPORTS|Integer|false|true
11:51:37.0 (7134721)|VARIABLE_SCOPE_BEGIN|[4]|auMainTopCompCtrl.TYPE_SCREEN_STPD_EVENT|Integer|false|true
11:51:37.0 (7141127)|VARIABLE_SCOPE_BEGIN|[6]|auMainTopCompCtrl.TYPE_SCREEN_STPD_SCREEN|Integer|false|true
11:51:37.0 (7147825)|VARIABLE_SCOPE_BEGIN|[5]|auMainTopCompCtrl.TYPE_SCREEN_STPD_TIMELINE|Integer|false|true
11:51:37.0 (7154555)|VARIABLE_SCOPE_BEGIN|[3]|auMainTopCompCtrl.TYPE_SCREEN_SWITCH|Integer|false|true
11:51:37.0 (8756986)|VF_DESERIALIZE_VIEWSTATE_END
11:51:37.0 (11415683)|SYSTEM_MODE_ENTER|true
11:51:37.0 (11462025)|HEAP_ALLOCATE|[EXTERNAL]|Bytes:284
11:51:37.0 (11474944)|HEAP_ALLOCATE|[EXTERNAL]|Bytes:113
11:51:37.0 (11491451)|METHOD_ENTRY|[1]|01pN0000000Mill|auMainTopCompCtrl.auMainTopCompCtrl()
11:51:37.0 (11498088)|STATEMENT_EXECUTE|[1]
11:51:37.0 (11503767)|STATEMENT_EXECUTE|[1]
11:51:37.0 (11505591)|STATEMENT_EXECUTE|[3]
11:51:37.0 (11513363)|HEAP_ALLOCATE|[3]|Bytes:4
11:51:37.0 (11545710)|VARIABLE_ASSIGNMENT|[3]|auMainTopCompCtrl.TYPE_SCREEN_SWITCH|0
11:51:37.0 (11554985)|STATEMENT_EXECUTE|[4]
11:51:37.0 (11560017)|HEAP_ALLOCATE|[4]|Bytes:4
11:51:37.0 (11574670)|VARIABLE_ASSIGNMENT|[4]|auMainTopCompCtrl.TYPE_SCREEN_STPD_EVENT|11
11:51:37.0 (11581843)|STATEMENT_EXECUTE|[5]
11:51:37.0 (11585563)|HEAP_ALLOCATE|[5]|Bytes:4
11:51:37.0 (11596782)|VARIABLE_ASSIGNMENT|[5]|auMainTopCompCtrl.TYPE_SCREEN_STPD_TIMELINE|12
11:51:37.0 (11603223)|STATEMENT_EXECUTE|[6]
11:51:37.0 (11606321)|HEAP_ALLOCATE|[6]|Bytes:4
11:51:37.0 (11617058)|VARIABLE_ASSIGNMENT|[6]|auMainTopCompCtrl.TYPE_SCREEN_STPD_SCREEN|13
11:51:37.0 (11623684)|STATEMENT_EXECUTE|[7]
11:51:37.0 (11626928)|HEAP_ALLOCATE|[7]|Bytes:4
11:51:37.0 (11635710)|VARIABLE_ASSIGNMENT|[7]|auMainTopCompCtrl.TYPE_SCREEN_CX_SCREEN|21
11:51:37.0 (11642353)|STATEMENT_EXECUTE|[8]
11:51:37.0 (11645412)|HEAP_ALLOCATE|[8]|Bytes:4
11:51:37.0 (11654131)|VARIABLE_ASSIGNMENT|[8]|auMainTopCompCtrl.TYPE_SCREEN_CX_TIMELINE|22
11:51:37.0 (11660728)|STATEMENT_EXECUTE|[9]
11:51:37.0 (11663907)|HEAP_ALLOCATE|[9]|Bytes:4
11:51:37.0 (11672631)|VARIABLE_ASSIGNMENT|[9]|auMainTopCompCtrl.TYPE_SCREEN_EVENT_SCHEDULE|31
11:51:37.0 (11678794)|STATEMENT_EXECUTE|[10]
11:51:37.0 (11682222)|HEAP_ALLOCATE|[10]|Bytes:4
11:51:37.0 (11691422)|VARIABLE_ASSIGNMENT|[10]|auMainTopCompCtrl.TYPE_SCREEN_EVENT_SCHEDULE_LIST|32
11:51:37.0 (11698161)|STATEMENT_EXECUTE|[11]
11:51:37.0 (11701442)|HEAP_ALLOCATE|[11]|Bytes:4
11:51:37.0 (11710367)|VARIABLE_ASSIGNMENT|[11]|auMainTopCompCtrl.TYPE_SCREEN_KNOWLEDGE_DASHBOARD|41
11:51:37.0 (11716427)|STATEMENT_EXECUTE|[12]
11:51:37.0 (11719494)|HEAP_ALLOCATE|[12]|Bytes:4
11:51:37.0 (11728653)|VARIABLE_ASSIGNMENT|[12]|auMainTopCompCtrl.TYPE_SCREEN_KNOWLEDGE_LIST|42
11:51:37.0 (11734632)|STATEMENT_EXECUTE|[13]
11:51:37.0 (11737633)|HEAP_ALLOCATE|[13]|Bytes:4
11:51:37.0 (11747086)|VARIABLE_ASSIGNMENT|[13]|auMainTopCompCtrl.TYPE_SCREEN_SA_MESSAGES|51
11:51:37.0 (11753557)|STATEMENT_EXECUTE|[14]
11:51:37.0 (11757144)|HEAP_ALLOCATE|[14]|Bytes:4
11:51:37.0 (11768307)|VARIABLE_ASSIGNMENT|[14]|auMainTopCompCtrl.TYPE_SCREEN_SA_REPORTS|52
11:51:37.0 (11775269)|STATEMENT_EXECUTE|[15]
11:51:37.0 (11778734)|HEAP_ALLOCATE|[15]|Bytes:4
11:51:37.0 (11788258)|VARIABLE_ASSIGNMENT|[15]|auMainTopCompCtrl.TYPE_SCREEN_SA_CHATTER|53
11:51:37.0 (11794622)|STATEMENT_EXECUTE|[16]
11:51:37.0 (11797974)|HEAP_ALLOCATE|[16]|Bytes:4
11:51:37.0 (11808561)|VARIABLE_ASSIGNMENT|[16]|auMainTopCompCtrl.TYPE_SCREEN_SA_DAILYREPORT|54
11:51:37.0 (11815302)|STATEMENT_EXECUTE|[17]
11:51:37.0 (11818735)|HEAP_ALLOCATE|[17]|Bytes:4
11:51:37.0 (11828606)|VARIABLE_ASSIGNMENT|[17]|auMainTopCompCtrl.TYPE_SCREEN_SA_ENQUETE|55
11:51:37.0 (11834414)|STATEMENT_EXECUTE|[18]
11:51:37.0 (11837535)|HEAP_ALLOCATE|[18]|Bytes:4
11:51:37.0 (11847126)|VARIABLE_ASSIGNMENT|[18]|auMainTopCompCtrl.TYPE_SCREEN_SA_DOCUMENTS|56
11:51:37.0 (11853327)|STATEMENT_EXECUTE|[19]
11:51:37.0 (11856535)|HEAP_ALLOCATE|[19]|Bytes:4
11:51:37.0 (11867136)|VARIABLE_ASSIGNMENT|[19]|auMainTopCompCtrl.TYPE_SCREEN_SA_RANKING|57
11:51:37.0 (11880798)|METHOD_EXIT|[1]|auMainTopCompCtrl
11:51:37.0 (11888381)|HEAP_ALLOCATE|[EXTERNAL]|Bytes:40
11:51:37.0 (11899874)|VARIABLE_ASSIGNMENT|[EXTERNAL]|this.iCountComments|null|0x6f50f32c
11:51:37.0 (11981601)|SYSTEM_MODE_ENTER|true
11:51:37.0 (12000928)|HEAP_ALLOCATE|[EXTERNAL]|Bytes:40
11:51:37.0 (12015364)|VARIABLE_ASSIGNMENT|[EXTERNAL]|this.iCountLikes|null|0x6f50f32c
11:51:37.0 (12208123)|SYSTEM_MODE_ENTER|true
11:51:37.0 (12431489)|HEAP_ALLOCATE|[EXTERNAL]|Bytes:644
11:51:37.0 (12443986)|HEAP_ALLOCATE|[EXTERNAL]|Bytes:160
11:51:37.0 (12448925)|HEAP_ALLOCATE|[EXTERNAL]|Bytes:134
11:51:37.0 (12453277)|HEAP_ALLOCATE|[EXTERNAL]|Bytes:1
11:51:37.0 (12466352)|VARIABLE_ASSIGNMENT|[EXTERNAL]|saReportCtrl.CASES_CHARACTER|"件"
11:51:37.0 (12471405)|HEAP_ALLOCATE|[EXTERNAL]|Bytes:4
11:51:37.0 (12477337)|VARIABLE_ASSIGNMENT|[EXTERNAL]|saReportCtrl.SEARCH_COUNT_NUMBER100|"100件"
11:51:37.0 (12481817)|HEAP_ALLOCATE|[EXTERNAL]|Bytes:3
11:51:37.0 (12486950)|VARIABLE_ASSIGNMENT|[EXTERNAL]|saReportCtrl.SEARCH_COUNT_NUMBER20|"20件"
11:51:37.0 (12491620)|HEAP_ALLOCATE|[EXTERNAL]|Bytes:3
11:51:37.0 (12496544)|VARIABLE_ASSIGNMENT|[EXTERNAL]|saReportCtrl.SEARCH_COUNT_NUMBER50|"50件"
11:51:37.0 (12500307)|HEAP_ALLOCATE|[EXTERNAL]|Bytes:4
11:51:37.0 (12505673)|VARIABLE_ASSIGNMENT|[EXTERNAL]|saReportCtrl.SORTED_BY_FAVORITES_LABEL|"いいね順"
11:51:37.0 (12509749)|HEAP_ALLOCATE|[EXTERNAL]|Bytes:4
11:51:37.0 (12514919)|VARIABLE_ASSIGNMENT|[EXTERNAL]|saReportCtrl.SORTED_BY_FAVORITES_VALUE|"いいね順"
11:51:37.0 (12518671)|HEAP_ALLOCATE|[EXTERNAL]|Bytes:3
11:51:37.0 (12524147)|VARIABLE_ASSIGNMENT|[EXTERNAL]|saReportCtrl.SORTED_BY_NEWS_LABEL|"NEW"
11:51:37.0 (12527880)|HEAP_ALLOCATE|[EXTERNAL]|Bytes:3
11:51:37.0 (12533048)|VARIABLE_ASSIGNMENT|[EXTERNAL]|saReportCtrl.SORTED_BY_NEWS_VALUE|"NEW"
11:51:37.0 (12536681)|HEAP_ALLOCATE|[EXTERNAL]|Bytes:1
11:51:37.0 (12542029)|VARIABLE_ASSIGNMENT|[EXTERNAL]|saReportCtrl.SORTED_BY_NONE_LABEL|" "
11:51:37.0 (12545729)|HEAP_ALLOCATE|[EXTERNAL]|Bytes:1
11:51:37.0 (12550864)|VARIABLE_ASSIGNMENT|[EXTERNAL]|saReportCtrl.SORTED_BY_NONE_VALUE|" "
11:51:37.0 (12554908)|HEAP_ALLOCATE|[EXTERNAL]|Bytes:4
11:51:37.0 (12560620)|VARIABLE_ASSIGNMENT|[EXTERNAL]|saReportCtrl.SORTED_BY_NUMBER_OF_VIEWS_LABEL|"閲覧数順"
11:51:37.0 (12564503)|HEAP_ALLOCATE|[EXTERNAL]|Bytes:4
11:51:37.0 (12569977)|VARIABLE_ASSIGNMENT|[EXTERNAL]|saReportCtrl.SORTED_BY_NUMBER_OF_VIEWS_VALUE|"閲覧数順"
11:51:37.0 (12574016)|HEAP_ALLOCATE|[EXTERNAL]|Bytes:4
11:51:37.0 (12582485)|VARIABLE_ASSIGNMENT|[EXTERNAL]|saReportCtrl.SORTED_BY_RELEASE_DATES_LABEL|"公開日時"
11:51:37.0 (12589740)|HEAP_ALLOCATE|[EXTERNAL]|Bytes:4
11:51:37.0 (12599377)|VARIABLE_ASSIGNMENT|[EXTERNAL]|saReportCtrl.SORTED_BY_RELEASE_DATES_VALUE|"公開日時"
11:51:37.0 (12613290)|METHOD_ENTRY|[1]|01pN0000000aEUV|saReportCtrl.saReportCtrl()
11:51:37.0 (12622078)|STATEMENT_EXECUTE|[1]
11:51:37.0 (12626896)|STATEMENT_EXECUTE|[1]
11:51:37.0 (12647351)|SYSTEM_MODE_ENTER|false
11:51:37.0 (12667777)|HEAP_ALLOCATE|[EXTERNAL]|Bytes:5
11:51:37.0 (12681698)|SYSTEM_MODE_EXIT|false
11:51:37.0 (12696428)|METHOD_EXIT|[1]|saReportCtrl
11:51:37.0 (12705081)|HEAP_ALLOCATE|[EXTERNAL]|Bytes:120
11:51:37.0 (12712222)|VARIABLE_SCOPE_BEGIN|[62]|this|saReportCtrl|true|false
11:51:37.0 (12823296)|VARIABLE_ASSIGNMENT|[62]|this|{"categoryDataOptions":"0x455b86b5","countDataOptions":"0x22ae3620","currentDay":"2018-03-12T02:51:36.008Z","currentDayMinusSeven":"2018-03-05T02:51:36.008Z","filterDateEnd":"","filterDateStart":"","filteredRecords":"0x4a0f68ca","filterKeyword":"","isFromHome":true,"isGoodSelected":true,"isNew":true,"isTrySelected":false,"isVeryGoodSelected":false,"listOfCategory":"0x20b4b66d","listOfSAReports":"0x39c3e2e0","newCommentValue":"","numberOfGoodViews":1,"numberOfManagedViews":1,"reportComments":"0x6a8fdcce","reportGoodViews":"0x5bf7b06d","reportManagedViews":"0x5ef572a0","selectedCategoryData":"新iPhone","selectedCountData":"20","selectedReport":"0x78875f7c","selectedReportName":"SA_Report-00000001","selectedSortData":" ","sortDataOptions":"0x6c7a950e"}|0x7e628660
11:51:37.0 (12855732)|SYSTEM_MODE_ENTER|false
11:51:37.0 (12863157)|HEAP_ALLOCATE|[62]|Bytes:5
11:51:37.0 (12868617)|STATEMENT_EXECUTE|[62]
11:51:37.0 (12870728)|STATEMENT_EXECUTE|[62]
11:51:37.0 (12876717)|SYSTEM_MODE_EXIT|false
11:51:37.0 (12949758)|SYSTEM_MODE_ENTER|true
11:51:37.0 (12971109)|HEAP_ALLOCATE|[EXTERNAL]|Bytes:8
11:51:37.0 (12975672)|HEAP_ALLOCATE|[EXTERNAL]|Bytes:40
11:51:37.0 (12984248)|VARIABLE_ASSIGNMENT|[EXTERNAL]|this.iTypeOfScreen|52|0x6f50f32c
11:51:37.0 (13126382)|SYSTEM_MODE_ENTER|true
11:51:37.0 (13368964)|SYSTEM_MODE_ENTER|true
11:51:37.0 (14252229)|SYSTEM_MODE_ENTER|true
11:51:37.0 (14557931)|SYSTEM_MODE_ENTER|true
11:51:37.0 (16484281)|SYSTEM_MODE_ENTER|true
11:51:37.0 (16574838)|SYSTEM_MODE_ENTER|true
11:51:37.0 (16670127)|SYSTEM_MODE_ENTER|true
11:51:37.0 (16763073)|SYSTEM_MODE_ENTER|true
11:51:37.0 (16906588)|SYSTEM_MODE_ENTER|true
11:51:37.0 (17080089)|SYSTEM_MODE_ENTER|true
11:51:37.0 (17204741)|SYSTEM_MODE_ENTER|true
11:51:37.0 (17306631)|SYSTEM_MODE_ENTER|true
11:51:37.0 (18406615)|SYSTEM_MODE_ENTER|true
11:51:37.0 (19907656)|SYSTEM_MODE_ENTER|true
11:51:37.0 (19977112)|SYSTEM_MODE_ENTER|true
11:51:37.0 (20037465)|SYSTEM_MODE_ENTER|true
11:51:37.0 (20163048)|SYSTEM_MODE_ENTER|true
11:51:37.0 (20285853)|SYSTEM_MODE_ENTER|true
11:51:37.0 (20409507)|SYSTEM_MODE_ENTER|true
11:51:37.0 (20500449)|SYSTEM_MODE_ENTER|true
11:51:37.0 (20569601)|SYSTEM_MODE_ENTER|true
11:51:37.0 (20627193)|SYSTEM_MODE_ENTER|true
11:51:37.0 (21303656)|SYSTEM_MODE_ENTER|true
11:51:37.0 (21332123)|HEAP_ALLOCATE|[EXTERNAL]|Bytes:5
11:51:37.0 (21338359)|HEAP_ALLOCATE|[EXTERNAL]|Bytes:120
11:51:37.0 (21349303)|VARIABLE_ASSIGNMENT|[EXTERNAL]|this.isFromHome|true|0x7e628660
11:51:37.0 (21412256)|SYSTEM_MODE_ENTER|true
11:51:37.0 (21428891)|HEAP_ALLOCATE|[EXTERNAL]|Bytes:40
11:51:37.0 (21437833)|VARIABLE_ASSIGNMENT|[EXTERNAL]|this.iCountComments|null|0x6f50f32c
11:51:37.0 (21474878)|SYSTEM_MODE_ENTER|true
11:51:37.0 (21487667)|HEAP_ALLOCATE|[EXTERNAL]|Bytes:40
11:51:37.0 (21494927)|VARIABLE_ASSIGNMENT|[EXTERNAL]|this.iCountLikes|null|0x6f50f32c
11:51:37.0 (21548030)|SYSTEM_MODE_ENTER|true
11:51:37.0 (21588627)|HEAP_ALLOCATE|[EXTERNAL]|Bytes:120
11:51:37.0 (21596945)|VARIABLE_SCOPE_BEGIN|[62]|this|saReportCtrl|true|false
11:51:37.0 (21685963)|VARIABLE_ASSIGNMENT|[62]|this|{"categoryDataOptions":"0x455b86b5","countDataOptions":"0x22ae3620","currentDay":"2018-03-12T02:51:36.008Z","currentDayMinusSeven":"2018-03-05T02:51:36.008Z","filterDateEnd":"","filterDateStart":"","filteredRecords":"0x4a0f68ca","filterKeyword":"","isFromHome":true,"isGoodSelected":true,"isNew":true,"isTrySelected":false,"isVeryGoodSelected":false,"listOfCategory":"0x20b4b66d","listOfSAReports":"0x39c3e2e0","newCommentValue":"","numberOfGoodViews":1,"numberOfManagedViews":1,"reportComments":"0x6a8fdcce","reportGoodViews":"0x5bf7b06d","reportManagedViews":"0x5ef572a0","selectedCategoryData":"新iPhone","selectedCountData":"20","selectedReport":"0x78875f7c","selectedReportName":"SA_Report-00000001","selectedSortData":" ","sortDataOptions":"0x6c7a950e"}|0x7e628660
11:51:37.0 (21714837)|SYSTEM_MODE_ENTER|false
11:51:37.0 (21722442)|HEAP_ALLOCATE|[62]|Bytes:5
11:51:37.0 (21727330)|STATEMENT_EXECUTE|[62]
11:51:37.0 (21729473)|STATEMENT_EXECUTE|[62]
11:51:37.0 (21734921)|SYSTEM_MODE_EXIT|false
11:51:37.0 (21792182)|SYSTEM_MODE_ENTER|true
11:51:37.0 (21819675)|HEAP_ALLOCATE|[EXTERNAL]|Bytes:8
11:51:37.0 (21826899)|HEAP_ALLOCATE|[EXTERNAL]|Bytes:40
11:51:37.0 (21838345)|VARIABLE_ASSIGNMENT|[EXTERNAL]|this.iTypeOfScreen|52|0x6f50f32c
11:51:37.0 (22220690)|SYSTEM_MODE_ENTER|true
11:51:37.0 (22666859)|SYSTEM_MODE_ENTER|true
11:51:37.0 (23556989)|SYSTEM_MODE_ENTER|true
11:51:37.0 (23581984)|HEAP_ALLOCATE|[EXTERNAL]|Bytes:120
11:51:37.0 (23594802)|VARIABLE_ASSIGNMENT|[EXTERNAL]|this.filterKeyword|""|0x7e628660
11:51:37.0 (23629764)|SYSTEM_MODE_ENTER|true
11:51:37.0 (23646050)|HEAP_ALLOCATE|[EXTERNAL]|Bytes:120
11:51:37.0 (23654413)|VARIABLE_ASSIGNMENT|[EXTERNAL]|this.filterDateStart|""|0x7e628660
11:51:37.0 (23683182)|SYSTEM_MODE_ENTER|true
11:51:37.0 (23697156)|HEAP_ALLOCATE|[EXTERNAL]|Bytes:120
11:51:37.0 (23704389)|VARIABLE_ASSIGNMENT|[EXTERNAL]|this.filterDateEnd|""|0x7e628660
11:51:37.0 (23742075)|SYSTEM_MODE_ENTER|true
11:51:37.0 (23755875)|HEAP_ALLOCATE|[EXTERNAL]|Bytes:7
11:51:37.0 (23759940)|HEAP_ALLOCATE|[EXTERNAL]|Bytes:120
11:51:37.0 (23768027)|VARIABLE_ASSIGNMENT|[EXTERNAL]|this.selectedCategoryData|"新iPhone"|0x7e628660
11:51:37.0 (23798403)|SYSTEM_MODE_ENTER|true
11:51:37.0 (23811232)|HEAP_ALLOCATE|[EXTERNAL]|Bytes:1
11:51:37.0 (23814842)|HEAP_ALLOCATE|[EXTERNAL]|Bytes:120
11:51:37.0 (23821804)|VARIABLE_ASSIGNMENT|[EXTERNAL]|this.selectedSortData|" "|0x7e628660
11:51:37.0 (23848531)|SYSTEM_MODE_ENTER|true
11:51:37.0 (23860881)|HEAP_ALLOCATE|[EXTERNAL]|Bytes:2
11:51:37.0 (23864680)|HEAP_ALLOCATE|[EXTERNAL]|Bytes:120
11:51:37.0 (23871047)|VARIABLE_ASSIGNMENT|[EXTERNAL]|this.selectedCountData|"20"|0x7e628660
11:51:37.0 (24939421)|SYSTEM_MODE_ENTER|true
11:51:37.0 (25024427)|SYSTEM_MODE_ENTER|true
11:51:37.0 (25082709)|SYSTEM_MODE_ENTER|true
11:51:37.0 (25135236)|SYSTEM_MODE_ENTER|true
11:51:37.0 (25186259)|SYSTEM_MODE_ENTER|true
11:51:37.0 (25205818)|HEAP_ALLOCATE|[EXTERNAL]|Bytes:120
11:51:37.0 (25218873)|VARIABLE_ASSIGNMENT|[EXTERNAL]|this.newCommentValue|""|0x7e628660
11:51:37.0 (25281541)|SYSTEM_MODE_ENTER|true
11:51:37.0 (25654002)|SYSTEM_MODE_ENTER|true
11:51:37.0 (25675762)|HEAP_ALLOCATE|[EXTERNAL]|Bytes:18
11:51:37.0 (25681526)|HEAP_ALLOCATE|[EXTERNAL]|Bytes:120
11:51:37.0 (25693536)|VARIABLE_ASSIGNMENT|[EXTERNAL]|this.selectedReportName|"SA_Report-00000001"|0x7e628660
11:51:37.0 (25856364)|HEAP_ALLOCATE|[EXTERNAL]|Bytes:120
11:51:37.0 (25870699)|VARIABLE_SCOPE_BEGIN|[433]|this|saReportCtrl|true|false
11:51:37.0 (25991344)|VARIABLE_ASSIGNMENT|[433]|this|{"categoryDataOptions":"0x455b86b5","countDataOptions":"0x22ae3620","currentDay":"2018-03-12T02:51:36.008Z","currentDayMinusSeven":"2018-03-05T02:51:36.008Z","filterDateEnd":"","filterDateStart":"","filteredRecords":"0x4a0f68ca","filterKeyword":"","isFromHome":true,"isGoodSelected":true,"isNew":true,"isTrySelected":false,"isVeryGoodSelected":false,"listOfCategory":"0x20b4b66d","listOfSAReports":"0x39c3e2e0","newCommentValue":"","numberOfGoodViews":1,"numberOfManagedViews":1,"reportComments":"0x6a8fdcce","reportGoodViews":"0x5bf7b06d","reportManagedViews":"0x5ef572a0","selectedCategoryData":"新iPhone","selectedCountData":"20","selectedReport":"0x78875f7c","selectedReportName":"SA_Report-00000001","selectedSortData":" ","sortDataOptions":"0x6c7a950e"}|0x7e628660
11:51:37.0 (26042912)|SYSTEM_MODE_ENTER|false
11:51:37.0 (26055487)|HEAP_ALLOCATE|[435]|Bytes:5
11:51:37.0 (26061477)|STATEMENT_EXECUTE|[433]
11:51:37.0 (26063549)|STATEMENT_EXECUTE|[435]
11:51:37.0 (26067390)|HEAP_ALLOCATE|[435]|Bytes:38
11:51:37.0 (26118851)|USER_DEBUG|[435]|DEBUG|Run: initSelectedReportDetailsFromHome
11:51:37.0 (26130147)|STATEMENT_EXECUTE|[437]
11:51:37.0 (26245100)|VARIABLE_ASSIGNMENT|[EXTERNAL]|this|{"categoryDataOptions":"0x455b86b5","countDataOptions":"0x22ae3620","currentDay":"2018-03-12T02:51:36.008Z","currentDayMinusSeven":"2018-03-05T02:51:36.008Z","filterDateEnd":"","filterDateStart":"","filteredRecords":"0x4a0f68ca","filterKeyword":"","isFromHome":true,"isGoodSelected":true,"isNew":true,"isTrySelected":false,"isVeryGoodSelected":false,"listOfCategory":"0x20b4b66d","listOfSAReports":"0x39c3e2e0","newCommentValue":"","numberOfGoodViews":1,"numberOfManagedViews":1,"reportComments":"0x6a8fdcce","reportGoodViews":"0x5bf7b06d","reportManagedViews":"0x5ef572a0","selectedCategoryData":"新iPhone","selectedCountData":"20","selectedReport":"0x78875f7c","selectedReportName":"SA_Report-00000001","selectedSortData":" ","sortDataOptions":"0x6c7a950e"}|0x7e628660
11:51:37.0 (26267616)|VARIABLE_ASSIGNMENT|[EXTERNAL]|value|false
11:51:37.0 (26275436)|HEAP_ALLOCATE|[40]|Bytes:5
11:51:37.0 (26285534)|VARIABLE_ASSIGNMENT|[40]|this.isFromHome|false|0x7e628660
11:51:37.0 (26296536)|STATEMENT_EXECUTE|[439]
11:51:37.0 (26300316)|HEAP_ALLOCATE|[439]|Bytes:21
11:51:37.0 (26404798)|VARIABLE_ASSIGNMENT|[EXTERNAL]|this|{"categoryDataOptions":"0x455b86b5","countDataOptions":"0x22ae3620","currentDay":"2018-03-12T02:51:36.008Z","currentDayMinusSeven":"2018-03-05T02:51:36.008Z","filterDateEnd":"","filterDateStart":"","filteredRecords":"0x4a0f68ca","filterKeyword":"","isFromHome":false,"isGoodSelected":true,"isNew":true,"isTrySelected":false,"isVeryGoodSelected":false,"listOfCategory":"0x20b4b66d","listOfSAReports":"0x39c3e2e0","newCommentValue":"","numberOfGoodViews":1,"numberOfManagedViews":1,"reportComments":"0x6a8fdcce","reportGoodViews":"0x5bf7b06d","reportManagedViews":"0x5ef572a0","selectedCategoryData":"新iPhone","selectedCountData":"20","selectedReport":"0x78875f7c","selectedReportName":"SA_Report-00000001","selectedSortData":" ","sortDataOptions":"0x6c7a950e"}|0x7e628660
11:51:37.0 (26487590)|HEAP_ALLOCATE|[439]|Bytes:5
11:51:37.0 (26518094)|HEAP_ALLOCATE|[439]|Bytes:26
11:51:37.0 (26534594)|USER_DEBUG|[439]|DEBUG|Check Home is false: false
11:51:37.0 (26546581)|STATEMENT_EXECUTE|[441]
11:51:37.0 (26574150)|METHOD_ENTRY|[441]|01pN0000000aEUV|saReportCtrl.initSelectedReportDetails()
11:51:37.0 (26611289)|VARIABLE_SCOPE_BEGIN|[452]|this|saReportCtrl|true|false
11:51:37.0 (26708869)|VARIABLE_ASSIGNMENT|[452]|this|{"categoryDataOptions":"0x455b86b5","countDataOptions":"0x22ae3620","currentDay":"2018-03-12T02:51:36.008Z","currentDayMinusSeven":"2018-03-05T02:51:36.008Z","filterDateEnd":"","filterDateStart":"","filteredRecords":"0x4a0f68ca","filterKeyword":"","isFromHome":false,"isGoodSelected":true,"isNew":true,"isTrySelected":false,"isVeryGoodSelected":false,"listOfCategory":"0x20b4b66d","listOfSAReports":"0x39c3e2e0","newCommentValue":"","numberOfGoodViews":1,"numberOfManagedViews":1,"reportComments":"0x6a8fdcce","reportGoodViews":"0x5bf7b06d","reportManagedViews":"0x5ef572a0","selectedCategoryData":"新iPhone","selectedCountData":"20","selectedReport":"0x78875f7c","selectedReportName":"SA_Report-00000001","selectedSortData":" ","sortDataOptions":"0x6c7a950e"}|0x7e628660
11:51:37.0 (26742115)|HEAP_ALLOCATE|[454]|Bytes:5
11:51:37.0 (26747863)|STATEMENT_EXECUTE|[452]
11:51:37.0 (26749811)|STATEMENT_EXECUTE|[454]
11:51:37.0 (26752634)|HEAP_ALLOCATE|[454]|Bytes:30
11:51:37.0 (26774711)|USER_DEBUG|[454]|DEBUG|Run: initSelectedReportDetails
11:51:37.0 (26783554)|STATEMENT_EXECUTE|[455]
11:51:37.0 (26787113)|HEAP_ALLOCATE|[455]|Bytes:14
11:51:37.0 (26860578)|VARIABLE_ASSIGNMENT|[EXTERNAL]|this|{"categoryDataOptions":"0x455b86b5","countDataOptions":"0x22ae3620","currentDay":"2018-03-12T02:51:36.008Z","currentDayMinusSeven":"2018-03-05T02:51:36.008Z","filterDateEnd":"","filterDateStart":"","filteredRecords":"0x4a0f68ca","filterKeyword":"","isFromHome":false,"isGoodSelected":true,"isNew":true,"isTrySelected":false,"isVeryGoodSelected":false,"listOfCategory":"0x20b4b66d","listOfSAReports":"0x39c3e2e0","newCommentValue":"","numberOfGoodViews":1,"numberOfManagedViews":1,"reportComments":"0x6a8fdcce","reportGoodViews":"0x5bf7b06d","reportManagedViews":"0x5ef572a0","selectedCategoryData":"新iPhone","selectedCountData":"20","selectedReport":"0x78875f7c","selectedReportName":"SA_Report-00000001","selectedSortData":" ","sortDataOptions":"0x6c7a950e"}|0x7e628660
11:51:37.0 (26897133)|HEAP_ALLOCATE|[455]|Bytes:5
11:51:37.0 (26908839)|HEAP_ALLOCATE|[455]|Bytes:19
11:51:37.0 (26917203)|USER_DEBUG|[455]|DEBUG|Check Source: false
11:51:37.0 (26924307)|STATEMENT_EXECUTE|[457]
11:51:37.0 (27000949)|HEAP_ALLOCATE|[457]|Bytes:600
11:51:37.0 (27063162)|HEAP_ALLOCATE|[457]|Bytes:582
11:51:37.0 (27091355)|HEAP_ALLOCATE|[457]|Bytes:13
11:51:37.0 (27187751)|VARIABLE_ASSIGNMENT|[EXTERNAL]|this|{"categoryDataOptions":"0x455b86b5","countDataOptions":"0x22ae3620","currentDay":"2018-03-12T02:51:36.008Z","currentDayMinusSeven":"2018-03-05T02:51:36.008Z","filterDateEnd":"","filterDateStart":"","filteredRecords":"0x4a0f68ca","filterKeyword":"","isFromHome":false,"isGoodSelected":true,"isNew":true,"isTrySelected":false,"isVeryGoodSelected":false,"listOfCategory":"0x20b4b66d","listOfSAReports":"0x39c3e2e0","newCommentValue":"","numberOfGoodViews":1,"numberOfManagedViews":1,"reportComments":"0x6a8fdcce","reportGoodViews":"0x5bf7b06d","reportManagedViews":"0x5ef572a0","selectedCategoryData":"新iPhone","selectedCountData":"20","selectedReport":"0x78875f7c","selectedReportName":"SA_Report-00000001","selectedSortData":" ","sortDataOptions":"0x6c7a950e"}|0x7e628660
11:51:37.0 (27207967)|VARIABLE_ASSIGNMENT|[EXTERNAL]|value|"SA_Report-00000001"
11:51:37.0 (27220565)|VARIABLE_ASSIGNMENT|[35]|this.selectedReportName|"SA_Report-00000001"|0x7e628660
11:51:37.0 (27230671)|STATEMENT_EXECUTE|[460]
11:51:37.0 (27233882)|HEAP_ALLOCATE|[460]|Bytes:176
11:51:37.0 (27309438)|VARIABLE_ASSIGNMENT|[EXTERNAL]|this|{"categoryDataOptions":"0x455b86b5","countDataOptions":"0x22ae3620","currentDay":"2018-03-12T02:51:36.008Z","currentDayMinusSeven":"2018-03-05T02:51:36.008Z","filterDateEnd":"","filterDateStart":"","filteredRecords":"0x4a0f68ca","filterKeyword":"","isFromHome":false,"isGoodSelected":true,"isNew":true,"isTrySelected":false,"isVeryGoodSelected":false,"listOfCategory":"0x20b4b66d","listOfSAReports":"0x39c3e2e0","newCommentValue":"","numberOfGoodViews":1,"numberOfManagedViews":1,"reportComments":"0x6a8fdcce","reportGoodViews":"0x5bf7b06d","reportManagedViews":"0x5ef572a0","selectedCategoryData":"新iPhone","selectedCountData":"20","selectedReport":"0x78875f7c","selectedReportName":"SA_Report-00000001","selectedSortData":" ","sortDataOptions":"0x6c7a950e"}|0x7e628660
11:51:37.0 (27332731)|HEAP_ALLOCATE|[460]|Bytes:30
11:51:37.0 (27343807)|HEAP_ALLOCATE|[460]|Bytes:224
11:51:37.0 (27349448)|VARIABLE_SCOPE_BEGIN|[460]|queryStr|String|false|false
11:51:37.0 (27361411)|VARIABLE_ASSIGNMENT|[460]|queryStr|" SELECT Name, Subjec (204 more) ..."
11:51:37.0 (27365905)|STATEMENT_EXECUTE|[461]
11:51:37.0 (27969212)|SOQL_EXECUTE_BEGIN|[461]|Aggregations:0| SELECT Name, Subject__c, Category__c, Process__c, Report_body__c, CreatedBy__r.DisplayedUsernameFormula__c, CreatedDate__c, AvailabilityDate__c FROM saReport__c WHERE Name = 'SA_Report-00000001' ORDER BY CreatedDate__c Desc
11:51:37.0 (37331149)|SOQL_EXECUTE_END|[461]|Rows:1
11:51:37.0 (37373561)|HEAP_ALLOCATE|[461]|Bytes:8
11:51:37.0 (37412999)|HEAP_ALLOCATE|[461]|Bytes:341
11:51:37.0 (37494391)|HEAP_ALLOCATE|[461]|Bytes:8
11:51:37.0 (37532963)|VARIABLE_SCOPE_BEGIN|[461]|selectedReportList|List<saReport__c>|true|false
11:51:37.0 (37592908)|VARIABLE_ASSIGNMENT|[461]|selectedReportList|[{"Name":"SA_Report-00000001","Subject__c":"新iPhoneの販売について","Category__c":"新iPhone","Process__c":"声掛け","Report_body__c":"It should have comme (12 more) ...","CreatedBy__c":"005N00000057PfOIAU","CreatedDate__c":"2018-03-06T01:59:00.000Z","AvailabilityDate__c":"2018-03-09T05:34:00.000Z","Id":"a0HN0000008OfbOMAS","CreatedBy__r":{"DisplayedUsernameFor (7 more) ...":"Remy Thomas","Id":"005N00000057PfOIAU"}}]|0x45474367
11:51:37.0 (37607710)|STATEMENT_EXECUTE|[463]
11:51:37.0 (37701787)|HEAP_ALLOCATE|[463]|Bytes:44
11:51:37.0 (37813711)|VARIABLE_ASSIGNMENT|[EXTERNAL]|this|{"categoryDataOptions":"0x455b86b5","countDataOptions":"0x22ae3620","currentDay":"2018-03-12T02:51:36.008Z","currentDayMinusSeven":"2018-03-05T02:51:36.008Z","filterDateEnd":"","filterDateStart":"","filteredRecords":"0x4a0f68ca","filterKeyword":"","isFromHome":false,"isGoodSelected":true,"isNew":true,"isTrySelected":false,"isVeryGoodSelected":false,"listOfCategory":"0x20b4b66d","listOfSAReports":"0x39c3e2e0","newCommentValue":"","numberOfGoodViews":1,"numberOfManagedViews":1,"reportComments":"0x6a8fdcce","reportGoodViews":"0x5bf7b06d","reportManagedViews":"0x5ef572a0","selectedCategoryData":"新iPhone","selectedCountData":"20","selectedReport":"0x78875f7c","selectedReportName":"SA_Report-00000001","selectedSortData":" ","sortDataOptions":"0x6c7a950e"}|0x7e628660
11:51:37.0 (37850384)|VARIABLE_ASSIGNMENT|[EXTERNAL]|value|{"Name":"SA_Report-00000001","Subject__c":"新iPhoneの販売について","Category__c":"新iPhone","Process__c":"声掛け","Report_body__c":"It should have comme (12 more) ...","CreatedBy__c":"005N00000057PfOIAU","CreatedDate__c":"2018-03-06T01:59:00.000Z","AvailabilityDate__c":"2018-03-09T05:34:00.000Z","Id":"a0HN0000008OfbOMAS","CreatedBy__r":{"DisplayedUsernameFor (7 more) ...":"Remy Thomas","Id":"005N00000057PfOIAU"}}|0x3e671efc
11:51:37.0 (37885932)|VARIABLE_ASSIGNMENT|[34]|this.selectedReport|{"Name":"SA_Report-00000001","Subject__c":"新iPhoneの販売について","Category__c":"新iPhone","Process__c":"声掛け","Report_body__c":"It should have comme (12 more) ...","CreatedBy__c":"005N00000057PfOIAU","CreatedDate__c":"2018-03-06T01:59:00.000Z","AvailabilityDate__c":"2018-03-09T05:34:00.000Z","Id":"a0HN0000008OfbOMAS","CreatedBy__r":{"DisplayedUsernameFor (7 more) ...":"Remy Thomas","Id":"005N00000057PfOIAU"}}|0x7e628660
11:51:37.0 (37981961)|VARIABLE_ASSIGNMENT|[EXTERNAL]|this|{"categoryDataOptions":"0x455b86b5","countDataOptions":"0x22ae3620","currentDay":"2018-03-12T02:51:36.008Z","currentDayMinusSeven":"2018-03-05T02:51:36.008Z","filterDateEnd":"","filterDateStart":"","filteredRecords":"0x4a0f68ca","filterKeyword":"","isFromHome":false,"isGoodSelected":true,"isNew":true,"isTrySelected":false,"isVeryGoodSelected":false,"listOfCategory":"0x20b4b66d","listOfSAReports":"0x39c3e2e0","newCommentValue":"","numberOfGoodViews":1,"numberOfManagedViews":1,"reportComments":"0x6a8fdcce","reportGoodViews":"0x5bf7b06d","reportManagedViews":"0x5ef572a0","selectedCategoryData":"新iPhone","selectedCountData":"20","selectedReport":"0x3e671efc","selectedReportName":"SA_Report-00000001","selectedSortData":" ","sortDataOptions":"0x6c7a950e"}|0x7e628660
11:51:37.0 (38059445)|HEAP_ALLOCATE|[465]|Bytes:56
11:51:37.0 (38156088)|VARIABLE_ASSIGNMENT|[EXTERNAL]|this|{"categoryDataOptions":"0x455b86b5","countDataOptions":"0x22ae3620","currentDay":"2018-03-12T02:51:36.008Z","currentDayMinusSeven":"2018-03-05T02:51:36.008Z","filterDateEnd":"","filterDateStart":"","filteredRecords":"0x4a0f68ca","filterKeyword":"","isFromHome":false,"isGoodSelected":true,"isNew":true,"isTrySelected":false,"isVeryGoodSelected":false,"listOfCategory":"0x20b4b66d","listOfSAReports":"0x39c3e2e0","newCommentValue":"","numberOfGoodViews":1,"numberOfManagedViews":1,"reportComments":"0x6a8fdcce","reportGoodViews":"0x5bf7b06d","reportManagedViews":"0x5ef572a0","selectedCategoryData":"新iPhone","selectedCountData":"20","selectedReport":"0x3e671efc","selectedReportName":"SA_Report-00000001","selectedSortData":" ","sortDataOptions":"0x6c7a950e"}|0x7e628660
11:51:37.0 (38193801)|HEAP_ALLOCATE|[465]|Bytes:56
11:51:37.0 (38212557)|HEAP_ALLOCATE|[465]|Bytes:56
11:51:37.0 (38228391)|STATEMENT_EXECUTE|[465]
11:51:37.0 (38230451)|STATEMENT_EXECUTE|[466]
11:51:37.0 (38355088)|VARIABLE_ASSIGNMENT|[EXTERNAL]|this|{"categoryDataOptions":"0x455b86b5","countDataOptions":"0x22ae3620","currentDay":"2018-03-12T02:51:36.008Z","currentDayMinusSeven":"2018-03-05T02:51:36.008Z","filterDateEnd":"","filterDateStart":"","filteredRecords":"0x4a0f68ca","filterKeyword":"","isFromHome":false,"isGoodSelected":true,"isNew":true,"isTrySelected":false,"isVeryGoodSelected":false,"listOfCategory":"0x20b4b66d","listOfSAReports":"0x39c3e2e0","newCommentValue":"","numberOfGoodViews":1,"numberOfManagedViews":1,"reportComments":"0x6a8fdcce","reportGoodViews":"0x5bf7b06d","reportManagedViews":"0x5ef572a0","selectedCategoryData":"新iPhone","selectedCountData":"20","selectedReport":"0x3e671efc","selectedReportName":"SA_Report-00000001","selectedSortData":" ","sortDataOptions":"0x6c7a950e"}|0x7e628660
11:51:37.0 (38387769)|VARIABLE_ASSIGNMENT|[EXTERNAL]|value|true
11:51:37.0 (38396024)|HEAP_ALLOCATE|[37]|Bytes:5
11:51:37.0 (38406237)|VARIABLE_ASSIGNMENT|[37]|this.isNew|true|0x7e628660
11:51:37.0 (38417515)|STATEMENT_EXECUTE|[471]
11:51:37.0 (38434459)|METHOD_ENTRY|[471]|01pN0000000aEUV|saReportCtrl.getReportDetailPageViews()
11:51:37.0 (38460874)|VARIABLE_SCOPE_BEGIN|[486]|this|saReportCtrl|true|false
11:51:37.0 (38527511)|VARIABLE_ASSIGNMENT|[486]|this|{"categoryDataOptions":"0x455b86b5","countDataOptions":"0x22ae3620","currentDay":"2018-03-12T02:51:36.008Z","currentDayMinusSeven":"2018-03-05T02:51:36.008Z","filterDateEnd":"","filterDateStart":"","filteredRecords":"0x4a0f68ca","filterKeyword":"","isFromHome":false,"isGoodSelected":true,"isNew":true,"isTrySelected":false,"isVeryGoodSelected":false,"listOfCategory":"0x20b4b66d","listOfSAReports":"0x39c3e2e0","newCommentValue":"","numberOfGoodViews":1,"numberOfManagedViews":1,"reportComments":"0x6a8fdcce","reportGoodViews":"0x5bf7b06d","reportManagedViews":"0x5ef572a0","selectedCategoryData":"新iPhone","selectedCountData":"20","selectedReport":"0x3e671efc","selectedReportName":"SA_Report-00000001","selectedSortData":" ","sortDataOptions":"0x6c7a950e"}|0x7e628660
11:51:37.0 (38557683)|HEAP_ALLOCATE|[488]|Bytes:5
11:51:37.0 (38563111)|STATEMENT_EXECUTE|[486]
11:51:37.0 (38564901)|STATEMENT_EXECUTE|[488]
11:51:37.0 (38569159)|HEAP_ALLOCATE|[488]|Bytes:29
11:51:37.0 (38595734)|USER_DEBUG|[488]|DEBUG|Run: getReportDetailPageViews
11:51:37.0 (38604776)|STATEMENT_EXECUTE|[491]
11:51:37.0 (38607975)|HEAP_ALLOCATE|[491]|Bytes:166
11:51:37.0 (38677844)|VARIABLE_ASSIGNMENT|[EXTERNAL]|this|{"categoryDataOptions":"0x455b86b5","countDataOptions":"0x22ae3620","currentDay":"2018-03-12T02:51:36.008Z","currentDayMinusSeven":"2018-03-05T02:51:36.008Z","filterDateEnd":"","filterDateStart":"","filteredRecords":"0x4a0f68ca","filterKeyword":"","isFromHome":false,"isGoodSelected":true,"isNew":true,"isTrySelected":false,"isVeryGoodSelected":false,"listOfCategory":"0x20b4b66d","listOfSAReports":"0x39c3e2e0","newCommentValue":"","numberOfGoodViews":1,"numberOfManagedViews":1,"reportComments":"0x6a8fdcce","reportGoodViews":"0x5bf7b06d","reportManagedViews":"0x5ef572a0","selectedCategoryData":"新iPhone","selectedCountData":"20","selectedReport":"0x3e671efc","selectedReportName":"SA_Report-00000001","selectedSortData":" ","sortDataOptions":"0x6c7a950e"}|0x7e628660
11:51:37.0 (38702600)|HEAP_ALLOCATE|[491]|Bytes:75
11:51:37.0 (38713272)|HEAP_ALLOCATE|[491]|Bytes:259
11:51:37.0 (38719332)|VARIABLE_SCOPE_BEGIN|[491]|queryStr|String|false|false
11:51:37.0 (38730530)|VARIABLE_ASSIGNMENT|[491]|queryStr|" SELECT Name, Create (239 more) ..."
11:51:37.0 (38734923)|STATEMENT_EXECUTE|[492]
11:51:37.0 (38737076)|HEAP_ALLOCATE|[492]|Bytes:19
11:51:37.0 (38743406)|HEAP_ALLOCATE|[492]|Bytes:278
11:51:37.0 (38759700)|USER_DEBUG|[492]|DEBUG|Requete Get Good :  SELECT Name, CreatedBy__r.DisplayedUsernameFormula__c, Type__c, Comment__c, CreatedDate__c, ConcernedReport__c FROM saReportDetail__c WHERE ConcernedReport__r.Name='SA_Report-00000001' And (Type__c='LIKE' OR Type__c='VERY_LIKE') ORDER BY CreatedDate__c Desc 
11:51:37.0 (38769384)|STATEMENT_EXECUTE|[493]
11:51:37.0 (39453278)|SOQL_EXECUTE_BEGIN|[493]|Aggregations:0| SELECT Name, CreatedBy__r.DisplayedUsernameFormula__c, Type__c, Comment__c, CreatedDate__c, ConcernedReport__c FROM saReportDetail__c WHERE ConcernedReport__r.Name='SA_Report-00000001' And (Type__c='LIKE' OR Type__c='VERY_LIKE') ORDER BY CreatedDate__c Desc 
11:51:37.0 (48974098)|SOQL_EXECUTE_END|[493]|Rows:1
11:51:37.0 (48999714)|HEAP_ALLOCATE|[493]|Bytes:8
11:51:37.0 (49016676)|HEAP_ALLOCATE|[493]|Bytes:252
11:51:37.0 (49060743)|HEAP_ALLOCATE|[493]|Bytes:8
11:51:37.0 (49210216)|VARIABLE_ASSIGNMENT|[EXTERNAL]|this|{"categoryDataOptions":"0x455b86b5","countDataOptions":"0x22ae3620","currentDay":"2018-03-12T02:51:36.008Z","currentDayMinusSeven":"2018-03-05T02:51:36.008Z","filterDateEnd":"","filterDateStart":"","filteredRecords":"0x4a0f68ca","filterKeyword":"","isFromHome":false,"isGoodSelected":true,"isNew":true,"isTrySelected":false,"isVeryGoodSelected":false,"listOfCategory":"0x20b4b66d","listOfSAReports":"0x39c3e2e0","newCommentValue":"","numberOfGoodViews":1,"numberOfManagedViews":1,"reportComments":"0x6a8fdcce","reportGoodViews":"0x5bf7b06d","reportManagedViews":"0x5ef572a0","selectedCategoryData":"新iPhone","selectedCountData":"20","selectedReport":"0x3e671efc","selectedReportName":"SA_Report-00000001","selectedSortData":" ","sortDataOptions":"0x6c7a950e"}|0x7e628660
11:51:37.0 (49276994)|VARIABLE_ASSIGNMENT|[EXTERNAL]|value|[{"Name":"SA_Detail-00000008","CreatedBy__c":"005N00000057PfOIAU","Type__c":"LIKE","CreatedDate__c":"2018-03-09T01:30:13.000Z","ConcernedReport__c":"a0HN0000008OfbOMAS","Id":"a0GN000000Bwz3OMAR","CreatedBy__r":{"DisplayedUsernameFor (7 more) ...":"Remy Thomas","Id":"005N00000057PfOIAU"}}]|0x19b3ea81
11:51:37.0 (49321352)|VARIABLE_ASSIGNMENT|[67]|this.reportGoodViews|[{"Name":"SA_Detail-00000008","CreatedBy__c":"005N00000057PfOIAU","Type__c":"LIKE","CreatedDate__c":"2018-03-09T01:30:13.000Z","ConcernedReport__c":"a0HN0000008OfbOMAS","Id":"a0GN000000Bwz3OMAR","CreatedBy__r":{"DisplayedUsernameFor (7 more) ...":"Remy Thomas","Id":"005N00000057PfOIAU"}}]|0x7e628660
11:51:37.0 (49339747)|STATEMENT_EXECUTE|[494]
11:51:37.0 (49429030)|VARIABLE_ASSIGNMENT|[EXTERNAL]|this|{"categoryDataOptions":"0x455b86b5","countDataOptions":"0x22ae3620","currentDay":"2018-03-12T02:51:36.008Z","currentDayMinusSeven":"2018-03-05T02:51:36.008Z","filterDateEnd":"","filterDateStart":"","filteredRecords":"0x4a0f68ca","filterKeyword":"","isFromHome":false,"isGoodSelected":true,"isNew":true,"isTrySelected":false,"isVeryGoodSelected":false,"listOfCategory":"0x20b4b66d","listOfSAReports":"0x39c3e2e0","newCommentValue":"","numberOfGoodViews":1,"numberOfManagedViews":1,"reportComments":"0x6a8fdcce","reportGoodViews":"0x19b3ea81","reportManagedViews":"0x5ef572a0","selectedCategoryData":"新iPhone","selectedCountData":"20","selectedReport":"0x3e671efc","selectedReportName":"SA_Report-00000001","selectedSortData":" ","sortDataOptions":"0x6c7a950e"}|0x7e628660
11:51:37.0 (49558968)|VARIABLE_ASSIGNMENT|[EXTERNAL]|this|{"categoryDataOptions":"0x455b86b5","countDataOptions":"0x22ae3620","currentDay":"2018-03-12T02:51:36.008Z","currentDayMinusSeven":"2018-03-05T02:51:36.008Z","filterDateEnd":"","filterDateStart":"","filteredRecords":"0x4a0f68ca","filterKeyword":"","isFromHome":false,"isGoodSelected":true,"isNew":true,"isTrySelected":false,"isVeryGoodSelected":false,"listOfCategory":"0x20b4b66d","listOfSAReports":"0x39c3e2e0","newCommentValue":"","numberOfGoodViews":1,"numberOfManagedViews":1,"reportComments":"0x6a8fdcce","reportGoodViews":"0x19b3ea81","reportManagedViews":"0x5ef572a0","selectedCategoryData":"新iPhone","selectedCountData":"20","selectedReport":"0x3e671efc","selectedReportName":"SA_Report-00000001","selectedSortData":" ","sortDataOptions":"0x6c7a950e"}|0x7e628660
11:51:37.0 (49579624)|VARIABLE_ASSIGNMENT|[EXTERNAL]|value|1
11:51:37.0 (49585739)|HEAP_ALLOCATE|[68]|Bytes:4
11:51:37.0 (49608354)|VARIABLE_ASSIGNMENT|[68]|this.numberOfGoodViews|1|0x7e628660
11:51:37.0 (49624680)|STATEMENT_EXECUTE|[497]
11:51:37.0 (49744801)|VARIABLE_ASSIGNMENT|[EXTERNAL]|this|{"categoryDataOptions":"0x455b86b5","countDataOptions":"0x22ae3620","currentDay":"2018-03-12T02:51:36.008Z","currentDayMinusSeven":"2018-03-05T02:51:36.008Z","filterDateEnd":"","filterDateStart":"","filteredRecords":"0x4a0f68ca","filterKeyword":"","isFromHome":false,"isGoodSelected":true,"isNew":true,"isTrySelected":false,"isVeryGoodSelected":false,"listOfCategory":"0x20b4b66d","listOfSAReports":"0x39c3e2e0","newCommentValue":"","numberOfGoodViews":1,"numberOfManagedViews":1,"reportComments":"0x6a8fdcce","reportGoodViews":"0x19b3ea81","reportManagedViews":"0x5ef572a0","selectedCategoryData":"新iPhone","selectedCountData":"20","selectedReport":"0x3e671efc","selectedReportName":"SA_Report-00000001","selectedSortData":" ","sortDataOptions":"0x6c7a950e"}|0x7e628660
11:51:37.0 (49786529)|HEAP_ALLOCATE|[497]|Bytes:50
11:51:37.0 (49802506)|HEAP_ALLOCATE|[497]|Bytes:234
11:51:37.0 (49817685)|VARIABLE_ASSIGNMENT|[497]|queryStr|" SELECT Name, Create (214 more) ..."
11:51:37.0 (49825263)|STATEMENT_EXECUTE|[498]
11:51:37.0 (49829117)|HEAP_ALLOCATE|[498]|Bytes:18
11:51:37.0 (49844237)|HEAP_ALLOCATE|[498]|Bytes:252
11:51:37.0 (49877630)|USER_DEBUG|[498]|DEBUG|Requete Get Bad :  SELECT Name, CreatedBy__r.DisplayedUsernameFormula__c, Type__c, Comment__c, CreatedDate__c, ConcernedReport__c FROM saReportDetail__c WHERE ConcernedReport__r.Name='SA_Report-00000001' And Type__c='COPY' ORDER BY CreatedDate__c Desc 
11:51:37.0 (49895944)|STATEMENT_EXECUTE|[499]
11:51:37.0 (50303695)|SOQL_EXECUTE_BEGIN|[499]|Aggregations:0| SELECT Name, CreatedBy__r.DisplayedUsernameFormula__c, Type__c, Comment__c, CreatedDate__c, ConcernedReport__c FROM saReportDetail__c WHERE ConcernedReport__r.Name='SA_Report-00000001' And Type__c='COPY' ORDER BY CreatedDate__c Desc 
11:51:37.0 (57404969)|SOQL_EXECUTE_END|[499]|Rows:1
11:51:37.0 (57430180)|HEAP_ALLOCATE|[499]|Bytes:8
11:51:37.0 (57447609)|HEAP_ALLOCATE|[499]|Bytes:251
11:51:37.0 (57484695)|HEAP_ALLOCATE|[499]|Bytes:8
11:51:37.0 (57600451)|VARIABLE_ASSIGNMENT|[EXTERNAL]|this|{"categoryDataOptions":"0x455b86b5","countDataOptions":"0x22ae3620","currentDay":"2018-03-12T02:51:36.008Z","currentDayMinusSeven":"2018-03-05T02:51:36.008Z","filterDateEnd":"","filterDateStart":"","filteredRecords":"0x4a0f68ca","filterKeyword":"","isFromHome":false,"isGoodSelected":true,"isNew":true,"isTrySelected":false,"isVeryGoodSelected":false,"listOfCategory":"0x20b4b66d","listOfSAReports":"0x39c3e2e0","newCommentValue":"","numberOfGoodViews":1,"numberOfManagedViews":1,"reportComments":"0x6a8fdcce","reportGoodViews":"0x19b3ea81","reportManagedViews":"0x5ef572a0","selectedCategoryData":"新iPhone","selectedCountData":"20","selectedReport":"0x3e671efc","selectedReportName":"SA_Report-00000001","selectedSortData":" ","sortDataOptions":"0x6c7a950e"}|0x7e628660
11:51:37.0 (57638306)|VARIABLE_ASSIGNMENT|[EXTERNAL]|value|[{"Name":"SA_Detail-00000009","CreatedBy__c":"005N0000003dz53IAA","Type__c":"COPY","CreatedDate__c":"2018-03-09T07:15:17.000Z","ConcernedReport__c":"a0HN0000008OfbOMAS","Id":"a0GN000000Bwz55MAB","CreatedBy__r":{"DisplayedUsernameFor (7 more) ...":"支社S User S","Id":"005N0000003dz53IAA"}}]|0x54b9b585
11:51:37.0 (57664507)|VARIABLE_ASSIGNMENT|[69]|this.reportManagedViews|[{"Name":"SA_Detail-00000009","CreatedBy__c":"005N0000003dz53IAA","Type__c":"COPY","CreatedDate__c":"2018-03-09T07:15:17.000Z","ConcernedReport__c":"a0HN0000008OfbOMAS","Id":"a0GN000000Bwz55MAB","CreatedBy__r":{"DisplayedUsernameFor (7 more) ...":"支社S User S","Id":"005N0000003dz53IAA"}}]|0x7e628660
11:51:37.0 (57679156)|STATEMENT_EXECUTE|[500]
11:51:37.0 (57763535)|VARIABLE_ASSIGNMENT|[EXTERNAL]|this|{"categoryDataOptions":"0x455b86b5","countDataOptions":"0x22ae3620","currentDay":"2018-03-12T02:51:36.008Z","currentDayMinusSeven":"2018-03-05T02:51:36.008Z","filterDateEnd":"","filterDateStart":"","filteredRecords":"0x4a0f68ca","filterKeyword":"","isFromHome":false,"isGoodSelected":true,"isNew":true,"isTrySelected":false,"isVeryGoodSelected":false,"listOfCategory":"0x20b4b66d","listOfSAReports":"0x39c3e2e0","newCommentValue":"","numberOfGoodViews":1,"numberOfManagedViews":1,"reportComments":"0x6a8fdcce","reportGoodViews":"0x19b3ea81","reportManagedViews":"0x54b9b585","selectedCategoryData":"新iPhone","selectedCountData":"20","selectedReport":"0x3e671efc","selectedReportName":"SA_Report-00000001","selectedSortData":" ","sortDataOptions":"0x6c7a950e"}|0x7e628660
11:51:37.0 (57908500)|VARIABLE_ASSIGNMENT|[EXTERNAL]|this|{"categoryDataOptions":"0x455b86b5","countDataOptions":"0x22ae3620","currentDay":"2018-03-12T02:51:36.008Z","currentDayMinusSeven":"2018-03-05T02:51:36.008Z","filterDateEnd":"","filterDateStart":"","filteredRecords":"0x4a0f68ca","filterKeyword":"","isFromHome":false,"isGoodSelected":true,"isNew":true,"isTrySelected":false,"isVeryGoodSelected":false,"listOfCategory":"0x20b4b66d","listOfSAReports":"0x39c3e2e0","newCommentValue":"","numberOfGoodViews":1,"numberOfManagedViews":1,"reportComments":"0x6a8fdcce","reportGoodViews":"0x19b3ea81","reportManagedViews":"0x54b9b585","selectedCategoryData":"新iPhone","selectedCountData":"20","selectedReport":"0x3e671efc","selectedReportName":"SA_Report-00000001","selectedSortData":" ","sortDataOptions":"0x6c7a950e"}|0x7e628660
11:51:37.0 (57943348)|VARIABLE_ASSIGNMENT|[EXTERNAL]|value|1
11:51:37.0 (57952710)|HEAP_ALLOCATE|[70]|Bytes:4
11:51:37.0 (57973540)|VARIABLE_ASSIGNMENT|[70]|this.numberOfManagedViews|1|0x7e628660
11:51:37.0 (58006480)|METHOD_EXIT|[471]|01pN0000000aEUV|saReportCtrl.getReportDetailPageViews()
11:51:37.0 (58023618)|STATEMENT_EXECUTE|[473]
11:51:37.0 (58048201)|METHOD_ENTRY|[473]|01pN0000000aEUV|saReportCtrl.getReportDetailPageComment()
11:51:37.0 (58090999)|VARIABLE_SCOPE_BEGIN|[509]|this|saReportCtrl|true|false
11:51:37.0 (58159590)|VARIABLE_ASSIGNMENT|[509]|this|{"categoryDataOptions":"0x455b86b5","countDataOptions":"0x22ae3620","currentDay":"2018-03-12T02:51:36.008Z","currentDayMinusSeven":"2018-03-05T02:51:36.008Z","filterDateEnd":"","filterDateStart":"","filteredRecords":"0x4a0f68ca","filterKeyword":"","isFromHome":false,"isGoodSelected":true,"isNew":true,"isTrySelected":false,"isVeryGoodSelected":false,"listOfCategory":"0x20b4b66d","listOfSAReports":"0x39c3e2e0","newCommentValue":"","numberOfGoodViews":1,"numberOfManagedViews":1,"reportComments":"0x6a8fdcce","reportGoodViews":"0x19b3ea81","reportManagedViews":"0x54b9b585","selectedCategoryData":"新iPhone","selectedCountData":"20","selectedReport":"0x3e671efc","selectedReportName":"SA_Report-00000001","selectedSortData":" ","sortDataOptions":"0x6c7a950e"}|0x7e628660
11:51:37.0 (58197997)|HEAP_ALLOCATE|[511]|Bytes:5
11:51:37.0 (58203903)|STATEMENT_EXECUTE|[509]
11:51:37.0 (58205681)|STATEMENT_EXECUTE|[511]
11:51:37.0 (58208977)|HEAP_ALLOCATE|[511]|Bytes:31
11:51:37.0 (58236797)|USER_DEBUG|[511]|DEBUG|Run: getReportDetailPageComment
11:51:37.0 (58245799)|STATEMENT_EXECUTE|[514]
11:51:37.0 (58314302)|VARIABLE_ASSIGNMENT|[EXTERNAL]|this|{"categoryDataOptions":"0x455b86b5","countDataOptions":"0x22ae3620","currentDay":"2018-03-12T02:51:36.008Z","currentDayMinusSeven":"2018-03-05T02:51:36.008Z","filterDateEnd":"","filterDateStart":"","filteredRecords":"0x4a0f68ca","filterKeyword":"","isFromHome":false,"isGoodSelected":true,"isNew":true,"isTrySelected":false,"isVeryGoodSelected":false,"listOfCategory":"0x20b4b66d","listOfSAReports":"0x39c3e2e0","newCommentValue":"","numberOfGoodViews":1,"numberOfManagedViews":1,"reportComments":"0x6a8fdcce","reportGoodViews":"0x19b3ea81","reportManagedViews":"0x54b9b585","selectedCategoryData":"新iPhone","selectedCountData":"20","selectedReport":"0x3e671efc","selectedReportName":"SA_Report-00000001","selectedSortData":" ","sortDataOptions":"0x6c7a950e"}|0x7e628660
11:51:37.0 (58349973)|HEAP_ALLOCATE|[514]|Bytes:55
11:51:37.0 (58367293)|HEAP_ALLOCATE|[514]|Bytes:239
11:51:37.0 (58377720)|VARIABLE_SCOPE_BEGIN|[514]|queryStr|String|false|false
11:51:37.0 (58395247)|VARIABLE_ASSIGNMENT|[514]|queryStr|" SELECT Name, Create (219 more) ..."
11:51:37.0 (58403195)|STATEMENT_EXECUTE|[515]
11:51:37.0 (58916858)|SOQL_EXECUTE_BEGIN|[515]|Aggregations:0| SELECT Name, CreatedBy__r.DisplayedUsernameFormula__c, Type__c, Comment__c, CreatedDate__c, ConcernedReport__c FROM saReportDetail__c WHERE ConcernedReport__r.Name='SA_Report-00000001' And Type__c LIKE '%コメント%' ORDER BY CreatedDate__c Asc
11:51:37.0 (67263571)|SOQL_EXECUTE_END|[515]|Rows:3
11:51:37.0 (67292215)|HEAP_ALLOCATE|[515]|Bytes:16
11:51:37.0 (67315589)|HEAP_ALLOCATE|[515]|Bytes:796
11:51:37.0 (67363349)|HEAP_ALLOCATE|[515]|Bytes:16
11:51:37.0 (67494868)|VARIABLE_ASSIGNMENT|[EXTERNAL]|this|{"categoryDataOptions":"0x455b86b5","countDataOptions":"0x22ae3620","currentDay":"2018-03-12T02:51:36.008Z","currentDayMinusSeven":"2018-03-05T02:51:36.008Z","filterDateEnd":"","filterDateStart":"","filteredRecords":"0x4a0f68ca","filterKeyword":"","isFromHome":false,"isGoodSelected":true,"isNew":true,"isTrySelected":false,"isVeryGoodSelected":false,"listOfCategory":"0x20b4b66d","listOfSAReports":"0x39c3e2e0","newCommentValue":"","numberOfGoodViews":1,"numberOfManagedViews":1,"reportComments":"0x6a8fdcce","reportGoodViews":"0x19b3ea81","reportManagedViews":"0x54b9b585","selectedCategoryData":"新iPhone","selectedCountData":"20","selectedReport":"0x3e671efc","selectedReportName":"SA_Report-00000001","selectedSortData":" ","sortDataOptions":"0x6c7a950e"}|0x7e628660
11:51:37.0 (67548127)|VARIABLE_ASSIGNMENT|[EXTERNAL]|value|[{"Name":"SA_Detail-00000001","CreatedBy__c":"005N00000057PfOIAU","Type__c":"COMMENT","Comment__c":"You've displayed a c (7 more) ...","CreatedDate__c":"2018-03-07T08:57:00.000Z","ConcernedReport__c":"a0HN0000008OfbOMAS","Id":"a0GN000000BwytTMAR","CreatedBy__r":{"DisplayedUsernameFor (7 more) ...":"Remy Thomas","Id":"005N00000057PfOIAU"}},{"Name":"SA_Detail-00000003","CreatedBy__c":"005N00000057PfOIAU","Type__c":"COMMENT","Comment__c":"I've input a new com (5 more) ...","CreatedDate__c":"2018-03-08T01:35:41.000Z","ConcernedReport__c":"a0HN0000008OfbOMAS","Id":"a0GN000000BwyxBMAR","CreatedBy__r":{"DisplayedUsernameFor (7 more) ...":"Remy Thomas","Id":"005N00000057PfOIAU"}},{"Name":"SA_Detail-00000010","CreatedBy__c":"005N0000003dz53IAA","Type__c":"COMMENT","Comment__c":"Me too !","CreatedDate__c":"2018-03-09T07:15:34.000Z","ConcernedReport__c":"a0HN0000008OfbOMAS","Id":"a0GN000000Bwz5AMAR","CreatedBy__r":{"DisplayedUsernameFor (7 more) ...":"支社S User S","Id":"005N0000003dz53IAA"}}]|0x388069
11:51:37.0 (67595495)|VARIABLE_ASSIGNMENT|[71]|this.reportComments|[{"Name":"SA_Detail-00000001","CreatedBy__c":"005N00000057PfOIAU","Type__c":"COMMENT","Comment__c":"You've displayed a c (7 more) ...","CreatedDate__c":"2018-03-07T08:57:00.000Z","ConcernedReport__c":"a0HN0000008OfbOMAS","Id":"a0GN000000BwytTMAR","CreatedBy__r":{"DisplayedUsernameFor (7 more) ...":"Remy Thomas","Id":"005N00000057PfOIAU"}},{"Name":"SA_Detail-00000003","CreatedBy__c":"005N00000057PfOIAU","Type__c":"COMMENT","Comment__c":"I've input a new com (5 more) ...","CreatedDate__c":"2018-03-08T01:35:41.000Z","ConcernedReport__c":"a0HN0000008OfbOMAS","Id":"a0GN000000BwyxBMAR","CreatedBy__r":{"DisplayedUsernameFor (7 more) ...":"Remy Thomas","Id":"005N00000057PfOIAU"}},{"Name":"SA_Detail-00000010","CreatedBy__c":"005N0000003dz53IAA","Type__c":"COMMENT","Comment__c":"Me too !","CreatedDate__c":"2018-03-09T07:15:34.000Z","ConcernedReport__c":"a0HN0000008OfbOMAS","Id":"a0GN000000Bwz5AMAR","CreatedBy__r":{"DisplayedUsernameFor (7 more) ...":"支社S User S","Id":"005N0000003dz53IAA"}}]|0x7e628660
11:51:37.0 (67626650)|METHOD_EXIT|[473]|01pN0000000aEUV|saReportCtrl.getReportDetailPageComment()
11:51:37.0 (67633240)|STATEMENT_EXECUTE|[475]
11:51:37.0 (67803101)|VARIABLE_ASSIGNMENT|[EXTERNAL]|this|{"categoryDataOptions":"0x455b86b5","countDataOptions":"0x22ae3620","currentDay":"2018-03-12T02:51:36.008Z","currentDayMinusSeven":"2018-03-05T02:51:36.008Z","filterDateEnd":"","filterDateStart":"","filteredRecords":"0x4a0f68ca","filterKeyword":"","isFromHome":false,"isGoodSelected":true,"isNew":true,"isTrySelected":false,"isVeryGoodSelected":false,"listOfCategory":"0x20b4b66d","listOfSAReports":"0x39c3e2e0","newCommentValue":"","numberOfGoodViews":1,"numberOfManagedViews":1,"reportComments":"0x388069","reportGoodViews":"0x19b3ea81","reportManagedViews":"0x54b9b585","selectedCategoryData":"新iPhone","selectedCountData":"20","selectedReport":"0x3e671efc","selectedReportName":"SA_Report-00000001","selectedSortData":" ","sortDataOptions":"0x6c7a950e"}|0x7e628660
11:51:37.0 (67825620)|VARIABLE_ASSIGNMENT|[EXTERNAL]|value|""
11:51:37.0 (67838064)|VARIABLE_ASSIGNMENT|[72]|this.newCommentValue|""|0x7e628660
11:51:37.0 (67849273)|STATEMENT_EXECUTE|[477]
11:51:37.0 (67866725)|METHOD_ENTRY|[477]|01pN0000000aEUV|saReportCtrl.initSelectedViewButton()
11:51:37.0 (67890742)|VARIABLE_SCOPE_BEGIN|[524]|this|saReportCtrl|true|false
11:51:37.0 (67953680)|VARIABLE_ASSIGNMENT|[524]|this|{"categoryDataOptions":"0x455b86b5","countDataOptions":"0x22ae3620","currentDay":"2018-03-12T02:51:36.008Z","currentDayMinusSeven":"2018-03-05T02:51:36.008Z","filterDateEnd":"","filterDateStart":"","filteredRecords":"0x4a0f68ca","filterKeyword":"","isFromHome":false,"isGoodSelected":true,"isNew":true,"isTrySelected":false,"isVeryGoodSelected":false,"listOfCategory":"0x20b4b66d","listOfSAReports":"0x39c3e2e0","newCommentValue":"","numberOfGoodViews":1,"numberOfManagedViews":1,"reportComments":"0x388069","reportGoodViews":"0x19b3ea81","reportManagedViews":"0x54b9b585","selectedCategoryData":"新iPhone","selectedCountData":"20","selectedReport":"0x3e671efc","selectedReportName":"SA_Report-00000001","selectedSortData":" ","sortDataOptions":"0x6c7a950e"}|0x7e628660
11:51:37.0 (67991657)|HEAP_ALLOCATE|[526]|Bytes:5
11:51:37.0 (67998572)|STATEMENT_EXECUTE|[524]
11:51:37.0 (68000609)|STATEMENT_EXECUTE|[526]
11:51:37.0 (68004004)|HEAP_ALLOCATE|[526]|Bytes:27
11:51:37.0 (68032883)|USER_DEBUG|[526]|DEBUG|Run: initSelectedViewButton
11:51:37.0 (68042569)|STATEMENT_EXECUTE|[528]
11:51:37.0 (68120378)|VARIABLE_ASSIGNMENT|[EXTERNAL]|this|{"categoryDataOptions":"0x455b86b5","countDataOptions":"0x22ae3620","currentDay":"2018-03-12T02:51:36.008Z","currentDayMinusSeven":"2018-03-05T02:51:36.008Z","filterDateEnd":"","filterDateStart":"","filteredRecords":"0x4a0f68ca","filterKeyword":"","isFromHome":false,"isGoodSelected":true,"isNew":true,"isTrySelected":false,"isVeryGoodSelected":false,"listOfCategory":"0x20b4b66d","listOfSAReports":"0x39c3e2e0","newCommentValue":"","numberOfGoodViews":1,"numberOfManagedViews":1,"reportComments":"0x388069","reportGoodViews":"0x19b3ea81","reportManagedViews":"0x54b9b585","selectedCategoryData":"新iPhone","selectedCountData":"20","selectedReport":"0x3e671efc","selectedReportName":"SA_Report-00000001","selectedSortData":" ","sortDataOptions":"0x6c7a950e"}|0x7e628660
11:51:37.0 (68141205)|VARIABLE_ASSIGNMENT|[EXTERNAL]|value|false
11:51:37.0 (68147944)|HEAP_ALLOCATE|[44]|Bytes:5
11:51:37.0 (68156091)|VARIABLE_ASSIGNMENT|[44]|this.isGoodSelected|false|0x7e628660
11:51:37.0 (68165633)|STATEMENT_EXECUTE|[529]
11:51:37.0 (68232178)|VARIABLE_ASSIGNMENT|[EXTERNAL]|this|{"categoryDataOptions":"0x455b86b5","countDataOptions":"0x22ae3620","currentDay":"2018-03-12T02:51:36.008Z","currentDayMinusSeven":"2018-03-05T02:51:36.008Z","filterDateEnd":"","filterDateStart":"","filteredRecords":"0x4a0f68ca","filterKeyword":"","isFromHome":false,"isGoodSelected":false,"isNew":true,"isTrySelected":false,"isVeryGoodSelected":false,"listOfCategory":"0x20b4b66d","listOfSAReports":"0x39c3e2e0","newCommentValue":"","numberOfGoodViews":1,"numberOfManagedViews":1,"reportComments":"0x388069","reportGoodViews":"0x19b3ea81","reportManagedViews":"0x54b9b585","selectedCategoryData":"新iPhone","selectedCountData":"20","selectedReport":"0x3e671efc","selectedReportName":"SA_Report-00000001","selectedSortData":" ","sortDataOptions":"0x6c7a950e"}|0x7e628660
11:51:37.0 (68269882)|VARIABLE_ASSIGNMENT|[EXTERNAL]|value|false
11:51:37.0 (68280459)|HEAP_ALLOCATE|[45]|Bytes:5
11:51:37.0 (68293142)|VARIABLE_ASSIGNMENT|[45]|this.isVeryGoodSelected|false|0x7e628660
11:51:37.0 (68308150)|STATEMENT_EXECUTE|[530]
11:51:37.0 (68424384)|VARIABLE_ASSIGNMENT|[EXTERNAL]|this|{"categoryDataOptions":"0x455b86b5","countDataOptions":"0x22ae3620","currentDay":"2018-03-12T02:51:36.008Z","currentDayMinusSeven":"2018-03-05T02:51:36.008Z","filterDateEnd":"","filterDateStart":"","filteredRecords":"0x4a0f68ca","filterKeyword":"","isFromHome":false,"isGoodSelected":false,"isNew":true,"isTrySelected":false,"isVeryGoodSelected":false,"listOfCategory":"0x20b4b66d","listOfSAReports":"0x39c3e2e0","newCommentValue":"","numberOfGoodViews":1,"numberOfManagedViews":1,"reportComments":"0x388069","reportGoodViews":"0x19b3ea81","reportManagedViews":"0x54b9b585","selectedCategoryData":"新iPhone","selectedCountData":"20","selectedReport":"0x3e671efc","selectedReportName":"SA_Report-00000001","selectedSortData":" ","sortDataOptions":"0x6c7a950e"}|0x7e628660
11:51:37.0 (68447180)|VARIABLE_ASSIGNMENT|[EXTERNAL]|value|false
11:51:37.0 (68454296)|HEAP_ALLOCATE|[46]|Bytes:5
11:51:37.0 (68462749)|VARIABLE_ASSIGNMENT|[46]|this.isTrySelected|false|0x7e628660
11:51:37.0 (68472540)|STATEMENT_EXECUTE|[532]
11:51:37.0 (68539910)|VARIABLE_ASSIGNMENT|[EXTERNAL]|this|{"categoryDataOptions":"0x455b86b5","countDataOptions":"0x22ae3620","currentDay":"2018-03-12T02:51:36.008Z","currentDayMinusSeven":"2018-03-05T02:51:36.008Z","filterDateEnd":"","filterDateStart":"","filteredRecords":"0x4a0f68ca","filterKeyword":"","isFromHome":false,"isGoodSelected":false,"isNew":true,"isTrySelected":false,"isVeryGoodSelected":false,"listOfCategory":"0x20b4b66d","listOfSAReports":"0x39c3e2e0","newCommentValue":"","numberOfGoodViews":1,"numberOfManagedViews":1,"reportComments":"0x388069","reportGoodViews":"0x19b3ea81","reportManagedViews":"0x54b9b585","selectedCategoryData":"新iPhone","selectedCountData":"20","selectedReport":"0x3e671efc","selectedReportName":"SA_Report-00000001","selectedSortData":" ","sortDataOptions":"0x6c7a950e"}|0x7e628660
11:51:37.0 (68562534)|HEAP_ALLOCATE|[532]|Bytes:20
11:51:37.0 (68630215)|HEAP_ALLOCATE|[532]|Bytes:85
11:51:37.0 (68661050)|SYSTEM_METHOD_ENTRY|[1]|UserInfo.UserInfo()
11:51:37.0 (68666232)|STATEMENT_EXECUTE|[1]
11:51:37.0 (68677035)|SYSTEM_METHOD_EXIT|[1]|UserInfo
11:51:37.0 (68689559)|METHOD_ENTRY|[532]||System.UserInfo.getUserId()
11:51:37.0 (68715710)|METHOD_EXIT|[532]||System.UserInfo.getUserId()
11:51:37.0 (68720981)|HEAP_ALLOCATE|[532]|Bytes:24
11:51:37.0 (68736561)|HEAP_ALLOCATE|[532]|Bytes:246
11:51:37.0 (68743409)|VARIABLE_SCOPE_BEGIN|[532]|queryStr|String|false|false
11:51:37.0 (68755499)|VARIABLE_ASSIGNMENT|[532]|queryStr|" SELECT Name, Create (226 more) ..."
11:51:37.0 (68760174)|STATEMENT_EXECUTE|[533]
11:51:37.0 (68762414)|HEAP_ALLOCATE|[533]|Bytes:25
11:51:37.0 (68769210)|HEAP_ALLOCATE|[533]|Bytes:271
11:51:37.0 (68788251)|USER_DEBUG|[533]|DEBUG|Requete Get Engagement :  SELECT Name, CreatedBy__r.DisplayedUsernameFormula__c, Type__c, Comment__c, CreatedDate__c, ConcernedReport__c FROM saReportDetail__c WHERE ConcernedReport__r.Name='SA_Report-00000001' And CreatedBy__c='005N00000057PfOIAU' And Type__c!='COMMENT'
11:51:37.0 (68798919)|STATEMENT_EXECUTE|[534]
11:51:37.0 (69357459)|SOQL_EXECUTE_BEGIN|[534]|Aggregations:0| SELECT Name, CreatedBy__r.DisplayedUsernameFormula__c, Type__c, Comment__c, CreatedDate__c, ConcernedReport__c FROM saReportDetail__c WHERE ConcernedReport__r.Name='SA_Report-00000001' And CreatedBy__c='005N00000057PfOIAU' And Type__c!='COMMENT'
11:51:37.0 (78259237)|SOQL_EXECUTE_END|[534]|Rows:1
11:51:37.0 (78302360)|HEAP_ALLOCATE|[534]|Bytes:8
11:51:37.0 (78329476)|HEAP_ALLOCATE|[534]|Bytes:252
11:51:37.0 (78383680)|HEAP_ALLOCATE|[534]|Bytes:8
11:51:37.0 (78411275)|VARIABLE_SCOPE_BEGIN|[534]|listOfViews|List<saReportDetail__c>|true|false
11:51:37.0 (78461369)|VARIABLE_ASSIGNMENT|[534]|listOfViews|[{"Name":"SA_Detail-00000008","CreatedBy__c":"005N00000057PfOIAU","Type__c":"LIKE","CreatedDate__c":"2018-03-09T01:30:13.000Z","ConcernedReport__c":"a0HN0000008OfbOMAS","Id":"a0GN000000Bwz3OMAR","CreatedBy__r":{"DisplayedUsernameFor (7 more) ...":"Remy Thomas","Id":"005N00000057PfOIAU"}}]|0x2e85addb
11:51:37.0 (78472307)|STATEMENT_EXECUTE|[537]
11:51:37.0 (78478108)|HEAP_ALLOCATE|[537]|Bytes:19
11:51:37.0 (78494032)|HEAP_ALLOCATE|[537]|Bytes:265
11:51:37.0 (78529101)|USER_DEBUG|[537]|DEBUG|Get View request :  SELECT Name, CreatedBy__r.DisplayedUsernameFormula__c, Type__c, Comment__c, CreatedDate__c, ConcernedReport__c FROM saReportDetail__c WHERE ConcernedReport__r.Name='SA_Report-00000001' And CreatedBy__c='005N00000057PfOIAU' And Type__c!='COMMENT'
11:51:37.0 (78540856)|STATEMENT_EXECUTE|[538]
11:51:37.0 (78543746)|HEAP_ALLOCATE|[538]|Bytes:18
11:51:37.0 (78646311)|HEAP_ALLOCATE|[538]|Bytes:190
11:51:37.0 (78665248)|HEAP_ALLOCATE|[538]|Bytes:208
11:51:37.0 (78675376)|USER_DEBUG|[538]|DEBUG|Get View result : (saReportDetail__c:{Name=SA_Detail-00000008, CreatedBy__c=005N00000057PfOIAU, Type__c=LIKE, CreatedDate__c=2018-03-09 01:30:13, ConcernedReport__c=a0HN0000008OfbOMAS, Id=a0GN000000Bwz3OMAR})
11:51:37.0 (78711081)|STATEMENT_EXECUTE|[540]
11:51:37.0 (78713107)|STATEMENT_EXECUTE|[542]
11:51:37.0 (78735793)|HEAP_ALLOCATE|[542]|Bytes:32
11:51:37.0 (78772050)|VARIABLE_SCOPE_BEGIN|[542]|typeView|String|false|false
11:51:37.0 (78783649)|VARIABLE_ASSIGNMENT|[542]|typeView|"LIKE"
11:51:37.0 (78789190)|HEAP_ALLOCATE|[544]|Bytes:4
11:51:37.0 (78810566)|STATEMENT_EXECUTE|[545]
11:51:37.0 (78922668)|VARIABLE_ASSIGNMENT|[EXTERNAL]|this|{"categoryDataOptions":"0x455b86b5","countDataOptions":"0x22ae3620","currentDay":"2018-03-12T02:51:36.008Z","currentDayMinusSeven":"2018-03-05T02:51:36.008Z","filterDateEnd":"","filterDateStart":"","filteredRecords":"0x4a0f68ca","filterKeyword":"","isFromHome":false,"isGoodSelected":false,"isNew":true,"isTrySelected":false,"isVeryGoodSelected":false,"listOfCategory":"0x20b4b66d","listOfSAReports":"0x39c3e2e0","newCommentValue":"","numberOfGoodViews":1,"numberOfManagedViews":1,"reportComments":"0x388069","reportGoodViews":"0x19b3ea81","reportManagedViews":"0x54b9b585","selectedCategoryData":"新iPhone","selectedCountData":"20","selectedReport":"0x3e671efc","selectedReportName":"SA_Report-00000001","selectedSortData":" ","sortDataOptions":"0x6c7a950e"}|0x7e628660
11:51:37.0 (78947024)|VARIABLE_ASSIGNMENT|[EXTERNAL]|value|true
11:51:37.0 (78954167)|HEAP_ALLOCATE|[44]|Bytes:5
11:51:37.0 (78964482)|VARIABLE_ASSIGNMENT|[44]|this.isGoodSelected|true|0x7e628660
11:51:37.0 (78977078)|HEAP_ALLOCATE|[546]|Bytes:9
11:51:37.0 (78987637)|STATEMENT_EXECUTE|[546]
11:51:37.0 (78990463)|HEAP_ALLOCATE|[548]|Bytes:4
11:51:37.0 (78996155)|STATEMENT_EXECUTE|[548]
11:51:37.0 (79012272)|METHOD_EXIT|[477]|01pN0000000aEUV|saReportCtrl.initSelectedViewButton()
11:51:37.0 (79028436)|METHOD_EXIT|[441]|01pN0000000aEUV|saReportCtrl.initSelectedReportDetails()
11:51:37.0 (79036507)|STATEMENT_EXECUTE|[443]
11:51:37.0 (79056378)|SYSTEM_MODE_EXIT|false
11:51:37.0 (97640843)|SYSTEM_MODE_ENTER|true
11:51:37.0 (97682894)|HEAP_ALLOCATE|[EXTERNAL]|Bytes:40
11:51:37.0 (97702935)|VARIABLE_ASSIGNMENT|[EXTERNAL]|this.iCountComments|null|0x6f50f32c
11:51:37.0 (97760950)|SYSTEM_MODE_ENTER|true
11:51:37.0 (97776477)|HEAP_ALLOCATE|[EXTERNAL]|Bytes:40
11:51:37.0 (97784712)|VARIABLE_ASSIGNMENT|[EXTERNAL]|this.iCountLikes|null|0x6f50f32c
11:51:37.0 (97870599)|SYSTEM_MODE_ENTER|true
11:51:37.0 (97926155)|HEAP_ALLOCATE|[EXTERNAL]|Bytes:120
11:51:37.0 (97937306)|VARIABLE_SCOPE_BEGIN|[62]|this|saReportCtrl|true|false
11:51:37.0 (98057686)|VARIABLE_ASSIGNMENT|[62]|this|{"categoryDataOptions":"0x455b86b5","countDataOptions":"0x22ae3620","currentDay":"2018-03-12T02:51:36.008Z","currentDayMinusSeven":"2018-03-05T02:51:36.008Z","filterDateEnd":"","filterDateStart":"","filteredRecords":"0x4a0f68ca","filterKeyword":"","isFromHome":false,"isGoodSelected":true,"isNew":true,"isTrySelected":false,"isVeryGoodSelected":false,"listOfCategory":"0x20b4b66d","listOfSAReports":"0x39c3e2e0","newCommentValue":"","numberOfGoodViews":1,"numberOfManagedViews":1,"reportComments":"0x388069","reportGoodViews":"0x19b3ea81","reportManagedViews":"0x54b9b585","selectedCategoryData":"新iPhone","selectedCountData":"20","selectedReport":"0x3e671efc","selectedReportName":"SA_Report-00000001","selectedSortData":" ","sortDataOptions":"0x6c7a950e"}|0x7e628660
11:51:37.0 (98094185)|SYSTEM_MODE_ENTER|false
11:51:37.0 (98107487)|HEAP_ALLOCATE|[62]|Bytes:5
11:51:37.0 (98113979)|STATEMENT_EXECUTE|[62]
11:51:37.0 (98116220)|STATEMENT_EXECUTE|[62]
11:51:37.0 (98124586)|SYSTEM_MODE_EXIT|false
11:51:37.0 (98182595)|SYSTEM_MODE_ENTER|true
11:51:37.0 (98202750)|HEAP_ALLOCATE|[EXTERNAL]|Bytes:8
11:51:37.0 (98207383)|HEAP_ALLOCATE|[EXTERNAL]|Bytes:40
11:51:37.0 (98216616)|VARIABLE_ASSIGNMENT|[EXTERNAL]|this.iTypeOfScreen|52|0x6f50f32c
11:51:37.0 (98311048)|SYSTEM_MODE_ENTER|true
11:51:37.0 (98449660)|SYSTEM_MODE_ENTER|true
11:51:37.0 (98779449)|SYSTEM_MODE_ENTER|true
11:51:37.0 (99058680)|SYSTEM_MODE_ENTER|true
11:51:37.0 (100266173)|SYSTEM_MODE_ENTER|true
11:51:37.0 (100349279)|SYSTEM_MODE_ENTER|true
11:51:37.0 (100424957)|SYSTEM_MODE_ENTER|true
11:51:37.0 (100498067)|SYSTEM_MODE_ENTER|true
11:51:37.0 (100601105)|SYSTEM_MODE_ENTER|true
11:51:37.0 (100685549)|SYSTEM_MODE_ENTER|true
11:51:37.0 (100808461)|SYSTEM_MODE_ENTER|true
11:51:37.0 (100911913)|SYSTEM_MODE_ENTER|true
11:51:37.0 (101570514)|SYSTEM_MODE_ENTER|true
11:51:37.0 (106398402)|VF_SERIALIZE_VIEWSTATE_BEGIN|066N0000000M59u
11:51:37.0 (111345291)|VF_SERIALIZE_VIEWSTATE_END
11:51:37.115 (115512043)|CUMULATIVE_LIMIT_USAGE
11:51:37.115 (115512043)|LIMIT_USAGE_FOR_NS|(default)|
  Number of SOQL queries: 5 out of 100
  Number of query rows: 7 out of 50000
  Number of SOSL queries: 0 out of 20
  Number of DML statements: 0 out of 150
  Number of DML rows: 0 out of 10000
  Maximum CPU time: 0 out of 10000
  Maximum heap size: 0 out of 6000000
  Number of callouts: 0 out of 100
  Number of Email Invocations: 0 out of 10
  Number of future calls: 0 out of 50
  Number of queueable jobs added to the queue: 0 out of 50
  Number of Mobile Apex push calls: 0 out of 10

11:51:37.115 (115512043)|CUMULATIVE_LIMIT_USAGE_END

11:51:37.0 (115550084)|CODE_UNIT_FINISHED|VF: /apex/saReport
11:51:37.0 (116346110)|EXECUTION_FINISHED
