42.0 APEX_CODE,FINEST;APEX_PROFILING,INFO;CALLOUT,INFO;DB,INFO;NBA,INFO;SYSTEM,DEBUG;VALIDATION,INFO;VISUALFORCE,INFO;WAVE,INFO;WORKFLOW,INFO
10:55:51.0 (75266)|USER_INFO|[EXTERNAL]|005N00000057PfO|thomas.remy+kddi_gwdev01@globalway.co.jp|Japan Standard Time|GMT+09:00
10:55:51.0 (110364)|EXECUTION_STARTED
10:55:51.0 (114829)|CODE_UNIT_STARTED|[EXTERNAL]|066N0000000M4pW|VF: /apex/sadailyreport
10:55:51.0 (254640)|VF_DESERIALIZE_VIEWSTATE_BEGIN|066N0000000M4pW
10:55:51.0 (3360331)|HEAP_ALLOCATE|[72]|Bytes:3
10:55:51.0 (3400815)|HEAP_ALLOCATE|[77]|Bytes:152
10:55:51.0 (3419054)|HEAP_ALLOCATE|[342]|Bytes:408
10:55:51.0 (3438139)|HEAP_ALLOCATE|[355]|Bytes:408
10:55:51.0 (3456471)|HEAP_ALLOCATE|[467]|Bytes:48
10:55:51.0 (3483818)|HEAP_ALLOCATE|[139]|Bytes:6
10:55:51.0 (4361255)|HEAP_ALLOCATE|[50]|Bytes:5
10:55:51.0 (4389848)|HEAP_ALLOCATE|[56]|Bytes:5
10:55:51.0 (4399680)|HEAP_ALLOCATE|[64]|Bytes:7
10:55:51.0 (5117176)|VARIABLE_SCOPE_BEGIN|[3]|saDailyReportCtrl.SOURCE|String|false|true
10:55:51.0 (5129619)|VARIABLE_SCOPE_BEGIN|[4]|saDailyReportCtrl.SOURCE_ID|String|false|true
10:55:51.0 (6116852)|VARIABLE_SCOPE_BEGIN|[25]|auMainTopCompCtrl.TYPE_SCREEN_ACCOUNT_LIST|Integer|false|true
10:55:51.0 (6128314)|VARIABLE_SCOPE_BEGIN|[26]|auMainTopCompCtrl.TYPE_SCREEN_ACTIVITY_LIST|Integer|false|true
10:55:51.0 (6135759)|VARIABLE_SCOPE_BEGIN|[7]|auMainTopCompCtrl.TYPE_SCREEN_CX_SCREEN|Integer|false|true
10:55:51.0 (6141884)|VARIABLE_SCOPE_BEGIN|[8]|auMainTopCompCtrl.TYPE_SCREEN_CX_TIMELINE|Integer|false|true
10:55:51.0 (6148764)|VARIABLE_SCOPE_BEGIN|[9]|auMainTopCompCtrl.TYPE_SCREEN_EVENT_SCHEDULE|Integer|false|true
10:55:51.0 (6155344)|VARIABLE_SCOPE_BEGIN|[10]|auMainTopCompCtrl.TYPE_SCREEN_EVENT_SCHEDULE_LIST|Integer|false|true
10:55:51.0 (6161999)|VARIABLE_SCOPE_BEGIN|[27]|auMainTopCompCtrl.TYPE_SCREEN_FILE_LIST|Integer|false|true
10:55:51.0 (6167877)|VARIABLE_SCOPE_BEGIN|[24]|auMainTopCompCtrl.TYPE_SCREEN_HONBU_DIRECT|Integer|false|true
10:55:51.0 (6173406)|VARIABLE_SCOPE_BEGIN|[11]|auMainTopCompCtrl.TYPE_SCREEN_KNOWLEDGE_DASHBOARD|Integer|false|true
10:55:51.0 (6179110)|VARIABLE_SCOPE_BEGIN|[12]|auMainTopCompCtrl.TYPE_SCREEN_KNOWLEDGE_LIST|Integer|false|true
10:55:51.0 (6184845)|VARIABLE_SCOPE_BEGIN|[15]|auMainTopCompCtrl.TYPE_SCREEN_SA_CHATTER|Integer|false|true
10:55:51.0 (6190570)|VARIABLE_SCOPE_BEGIN|[16]|auMainTopCompCtrl.TYPE_SCREEN_SA_DAILYREPORT|Integer|false|true
10:55:51.0 (6196369)|VARIABLE_SCOPE_BEGIN|[22]|auMainTopCompCtrl.TYPE_SCREEN_SA_DAILYREPORTLIST|Integer|false|true
10:55:51.0 (6202767)|VARIABLE_SCOPE_BEGIN|[18]|auMainTopCompCtrl.TYPE_SCREEN_SA_DOCUMENTS|Integer|false|true
10:55:51.0 (6208517)|VARIABLE_SCOPE_BEGIN|[17]|auMainTopCompCtrl.TYPE_SCREEN_SA_ENQUETE|Integer|false|true
10:55:51.0 (6214435)|VARIABLE_SCOPE_BEGIN|[20]|auMainTopCompCtrl.TYPE_SCREEN_SA_LINKS|Integer|false|true
10:55:51.0 (6220488)|VARIABLE_SCOPE_BEGIN|[13]|auMainTopCompCtrl.TYPE_SCREEN_SA_MESSAGES|Integer|false|true
10:55:51.0 (6226733)|VARIABLE_SCOPE_BEGIN|[19]|auMainTopCompCtrl.TYPE_SCREEN_SA_RANKING|Integer|false|true
10:55:51.0 (6232731)|VARIABLE_SCOPE_BEGIN|[14]|auMainTopCompCtrl.TYPE_SCREEN_SA_REPORTS|Integer|false|true
10:55:51.0 (6238674)|VARIABLE_SCOPE_BEGIN|[23]|auMainTopCompCtrl.TYPE_SCREEN_SA_TODO|Integer|false|true
10:55:51.0 (6244804)|VARIABLE_SCOPE_BEGIN|[21]|auMainTopCompCtrl.TYPE_SCREEN_SA_USRSETTINGS|Integer|false|true
10:55:51.0 (6250977)|VARIABLE_SCOPE_BEGIN|[4]|auMainTopCompCtrl.TYPE_SCREEN_STPD_EVENT|Integer|false|true
10:55:51.0 (6257683)|VARIABLE_SCOPE_BEGIN|[6]|auMainTopCompCtrl.TYPE_SCREEN_STPD_SCREEN|Integer|false|true
10:55:51.0 (6263936)|VARIABLE_SCOPE_BEGIN|[5]|auMainTopCompCtrl.TYPE_SCREEN_STPD_TIMELINE|Integer|false|true
10:55:51.0 (6270381)|VARIABLE_SCOPE_BEGIN|[3]|auMainTopCompCtrl.TYPE_SCREEN_SWITCH|Integer|false|true
10:55:51.0 (7406912)|VF_DESERIALIZE_VIEWSTATE_END
10:55:51.0 (9444732)|SYSTEM_MODE_ENTER|true
10:55:51.0 (9677922)|HEAP_ALLOCATE|[EXTERNAL]|Bytes:284
10:55:51.0 (9691671)|HEAP_ALLOCATE|[EXTERNAL]|Bytes:150
10:55:51.0 (9704862)|METHOD_ENTRY|[1]|01pN0000000Mill|auMainTopCompCtrl.auMainTopCompCtrl()
10:55:51.0 (9711419)|STATEMENT_EXECUTE|[1]
10:55:51.0 (9717434)|STATEMENT_EXECUTE|[1]
10:55:51.0 (9719460)|STATEMENT_EXECUTE|[3]
10:55:51.0 (9725379)|HEAP_ALLOCATE|[3]|Bytes:4
10:55:51.0 (9749740)|VARIABLE_ASSIGNMENT|[3]|auMainTopCompCtrl.TYPE_SCREEN_SWITCH|0
10:55:51.0 (9754945)|STATEMENT_EXECUTE|[4]
10:55:51.0 (9757659)|HEAP_ALLOCATE|[4]|Bytes:4
10:55:51.0 (9765736)|VARIABLE_ASSIGNMENT|[4]|auMainTopCompCtrl.TYPE_SCREEN_STPD_EVENT|11
10:55:51.0 (9770242)|STATEMENT_EXECUTE|[5]
10:55:51.0 (9772258)|HEAP_ALLOCATE|[5]|Bytes:4
10:55:51.0 (9779427)|VARIABLE_ASSIGNMENT|[5]|auMainTopCompCtrl.TYPE_SCREEN_STPD_TIMELINE|12
10:55:51.0 (9783141)|STATEMENT_EXECUTE|[6]
10:55:51.0 (9785314)|HEAP_ALLOCATE|[6]|Bytes:4
10:55:51.0 (9791712)|VARIABLE_ASSIGNMENT|[6]|auMainTopCompCtrl.TYPE_SCREEN_STPD_SCREEN|13
10:55:51.0 (9795393)|STATEMENT_EXECUTE|[7]
10:55:51.0 (9797388)|HEAP_ALLOCATE|[7]|Bytes:4
10:55:51.0 (9802564)|VARIABLE_ASSIGNMENT|[7]|auMainTopCompCtrl.TYPE_SCREEN_CX_SCREEN|21
10:55:51.0 (9806332)|STATEMENT_EXECUTE|[8]
10:55:51.0 (9808345)|HEAP_ALLOCATE|[8]|Bytes:4
10:55:51.0 (9813449)|VARIABLE_ASSIGNMENT|[8]|auMainTopCompCtrl.TYPE_SCREEN_CX_TIMELINE|22
10:55:51.0 (9816781)|STATEMENT_EXECUTE|[9]
10:55:51.0 (9818917)|HEAP_ALLOCATE|[9]|Bytes:4
10:55:51.0 (9824052)|VARIABLE_ASSIGNMENT|[9]|auMainTopCompCtrl.TYPE_SCREEN_EVENT_SCHEDULE|31
10:55:51.0 (9827743)|STATEMENT_EXECUTE|[10]
10:55:51.0 (9829997)|HEAP_ALLOCATE|[10]|Bytes:4
10:55:51.0 (9835607)|VARIABLE_ASSIGNMENT|[10]|auMainTopCompCtrl.TYPE_SCREEN_EVENT_SCHEDULE_LIST|32
10:55:51.0 (9839794)|STATEMENT_EXECUTE|[11]
10:55:51.0 (9841983)|HEAP_ALLOCATE|[11]|Bytes:4
10:55:51.0 (9847267)|VARIABLE_ASSIGNMENT|[11]|auMainTopCompCtrl.TYPE_SCREEN_KNOWLEDGE_DASHBOARD|41
10:55:51.0 (9850756)|STATEMENT_EXECUTE|[12]
10:55:51.0 (9852792)|HEAP_ALLOCATE|[12]|Bytes:4
10:55:51.0 (9858697)|VARIABLE_ASSIGNMENT|[12]|auMainTopCompCtrl.TYPE_SCREEN_KNOWLEDGE_LIST|42
10:55:51.0 (9862758)|STATEMENT_EXECUTE|[13]
10:55:51.0 (9864924)|HEAP_ALLOCATE|[13]|Bytes:4
10:55:51.0 (9871114)|VARIABLE_ASSIGNMENT|[13]|auMainTopCompCtrl.TYPE_SCREEN_SA_MESSAGES|51
10:55:51.0 (9874882)|STATEMENT_EXECUTE|[14]
10:55:51.0 (9876825)|HEAP_ALLOCATE|[14]|Bytes:4
10:55:51.0 (9882925)|VARIABLE_ASSIGNMENT|[14]|auMainTopCompCtrl.TYPE_SCREEN_SA_REPORTS|52
10:55:51.0 (9886544)|STATEMENT_EXECUTE|[15]
10:55:51.0 (9888588)|HEAP_ALLOCATE|[15]|Bytes:4
10:55:51.0 (9894416)|VARIABLE_ASSIGNMENT|[15]|auMainTopCompCtrl.TYPE_SCREEN_SA_CHATTER|53
10:55:51.0 (9897863)|STATEMENT_EXECUTE|[16]
10:55:51.0 (9899846)|HEAP_ALLOCATE|[16]|Bytes:4
10:55:51.0 (9905849)|VARIABLE_ASSIGNMENT|[16]|auMainTopCompCtrl.TYPE_SCREEN_SA_DAILYREPORT|54
10:55:51.0 (9909551)|STATEMENT_EXECUTE|[17]
10:55:51.0 (9911513)|HEAP_ALLOCATE|[17]|Bytes:4
10:55:51.0 (9917119)|VARIABLE_ASSIGNMENT|[17]|auMainTopCompCtrl.TYPE_SCREEN_SA_ENQUETE|55
10:55:51.0 (9926064)|STATEMENT_EXECUTE|[18]
10:55:51.0 (9928222)|HEAP_ALLOCATE|[18]|Bytes:4
10:55:51.0 (9934674)|VARIABLE_ASSIGNMENT|[18]|auMainTopCompCtrl.TYPE_SCREEN_SA_DOCUMENTS|56
10:55:51.0 (9938719)|STATEMENT_EXECUTE|[19]
10:55:51.0 (9940986)|HEAP_ALLOCATE|[19]|Bytes:4
10:55:51.0 (9947194)|VARIABLE_ASSIGNMENT|[19]|auMainTopCompCtrl.TYPE_SCREEN_SA_RANKING|57
10:55:51.0 (9950737)|STATEMENT_EXECUTE|[20]
10:55:51.0 (9952766)|HEAP_ALLOCATE|[20]|Bytes:4
10:55:51.0 (9958464)|VARIABLE_ASSIGNMENT|[20]|auMainTopCompCtrl.TYPE_SCREEN_SA_LINKS|58
10:55:51.0 (9962708)|STATEMENT_EXECUTE|[21]
10:55:51.0 (9964674)|HEAP_ALLOCATE|[21]|Bytes:4
10:55:51.0 (9970804)|VARIABLE_ASSIGNMENT|[21]|auMainTopCompCtrl.TYPE_SCREEN_SA_USRSETTINGS|59
10:55:51.0 (9974387)|STATEMENT_EXECUTE|[22]
10:55:51.0 (9976712)|HEAP_ALLOCATE|[22]|Bytes:4
10:55:51.0 (9982765)|VARIABLE_ASSIGNMENT|[22]|auMainTopCompCtrl.TYPE_SCREEN_SA_DAILYREPORTLIST|60
10:55:51.0 (9987028)|STATEMENT_EXECUTE|[23]
10:55:51.0 (9989180)|HEAP_ALLOCATE|[23]|Bytes:4
10:55:51.0 (9996818)|VARIABLE_ASSIGNMENT|[23]|auMainTopCompCtrl.TYPE_SCREEN_SA_TODO|61
10:55:51.0 (10001018)|STATEMENT_EXECUTE|[24]
10:55:51.0 (10003900)|HEAP_ALLOCATE|[24]|Bytes:4
10:55:51.0 (10009580)|VARIABLE_ASSIGNMENT|[24]|auMainTopCompCtrl.TYPE_SCREEN_HONBU_DIRECT|71
10:55:51.0 (10013317)|STATEMENT_EXECUTE|[25]
10:55:51.0 (10015307)|HEAP_ALLOCATE|[25]|Bytes:4
10:55:51.0 (10020205)|VARIABLE_ASSIGNMENT|[25]|auMainTopCompCtrl.TYPE_SCREEN_ACCOUNT_LIST|81
10:55:51.0 (10023747)|STATEMENT_EXECUTE|[26]
10:55:51.0 (10025636)|HEAP_ALLOCATE|[26]|Bytes:4
10:55:51.0 (10030691)|VARIABLE_ASSIGNMENT|[26]|auMainTopCompCtrl.TYPE_SCREEN_ACTIVITY_LIST|82
10:55:51.0 (10034544)|STATEMENT_EXECUTE|[27]
10:55:51.0 (10036481)|HEAP_ALLOCATE|[27]|Bytes:4
10:55:51.0 (10042576)|VARIABLE_ASSIGNMENT|[27]|auMainTopCompCtrl.TYPE_SCREEN_FILE_LIST|83
10:55:51.0 (10050361)|METHOD_EXIT|[1]|auMainTopCompCtrl
10:55:51.0 (10057702)|HEAP_ALLOCATE|[EXTERNAL]|Bytes:40
10:55:51.0 (10065310)|VARIABLE_SCOPE_BEGIN|[80]|this|auMainTopCompCtrl|true|false
10:55:51.0 (10125587)|VARIABLE_ASSIGNMENT|[80]|this|{"currentUser":"0x281b78c6","iTypeOfScreen":54,"urlReportsSFA":"https://cs6.lightnin (84 more) ..."}|0x4c07e50f
10:55:51.0 (10137854)|STATEMENT_EXECUTE|[80]
10:55:51.0 (10139597)|STATEMENT_EXECUTE|[81]
10:55:51.0 (10189237)|VARIABLE_ASSIGNMENT|[EXTERNAL]|this|{"currentUser":"0x281b78c6","iTypeOfScreen":54,"urlReportsSFA":"https://cs6.lightnin (84 more) ..."}|0x4c07e50f
10:55:51.0 (10237324)|VARIABLE_ASSIGNMENT|[EXTERNAL]|this|{"currentUser":"0x281b78c6","iTypeOfScreen":54,"urlReportsSFA":"https://cs6.lightnin (84 more) ..."}|0x4c07e50f
10:55:51.0 (10273904)|VARIABLE_ASSIGNMENT|[EXTERNAL]|this|{"currentUser":"0x281b78c6","iTypeOfScreen":54,"urlReportsSFA":"https://cs6.lightnin (84 more) ..."}|0x4c07e50f
10:55:51.0 (10308938)|VARIABLE_ASSIGNMENT|[EXTERNAL]|this|{"currentUser":"0x281b78c6","iTypeOfScreen":54,"urlReportsSFA":"https://cs6.lightnin (84 more) ..."}|0x4c07e50f
10:55:51.0 (10329658)|HEAP_ALLOCATE|[81]|Bytes:5
10:55:51.0 (10426439)|SYSTEM_MODE_ENTER|true
10:55:51.0 (10459492)|HEAP_ALLOCATE|[EXTERNAL]|Bytes:40
10:55:51.0 (10465762)|VARIABLE_SCOPE_BEGIN|[98]|this|auMainTopCompCtrl|true|false
10:55:51.0 (10495282)|VARIABLE_ASSIGNMENT|[98]|this|{"currentUser":"0x281b78c6","iTypeOfScreen":54,"urlReportsSFA":"https://cs6.lightnin (84 more) ..."}|0x4c07e50f
10:55:51.0 (10504628)|STATEMENT_EXECUTE|[98]
10:55:51.0 (10506535)|STATEMENT_EXECUTE|[99]
10:55:51.0 (10538645)|VARIABLE_ASSIGNMENT|[EXTERNAL]|this|{"currentUser":"0x281b78c6","iTypeOfScreen":54,"urlReportsSFA":"https://cs6.lightnin (84 more) ..."}|0x4c07e50f
10:55:51.0 (10552881)|HEAP_ALLOCATE|[99]|Bytes:5
10:55:51.0 (10634811)|SYSTEM_MODE_ENTER|true
10:55:51.0 (10656996)|HEAP_ALLOCATE|[EXTERNAL]|Bytes:40
10:55:51.0 (10668056)|VARIABLE_ASSIGNMENT|[EXTERNAL]|this.iCountComments|null|0x4c07e50f
10:55:51.0 (10709131)|SYSTEM_MODE_ENTER|true
10:55:51.0 (10720777)|HEAP_ALLOCATE|[EXTERNAL]|Bytes:40
10:55:51.0 (10727883)|VARIABLE_ASSIGNMENT|[EXTERNAL]|this.iCountLikes|null|0x4c07e50f
10:55:51.0 (10806176)|SYSTEM_MODE_ENTER|true
10:55:51.0 (11091063)|HEAP_ALLOCATE|[EXTERNAL]|Bytes:26
10:55:51.0 (11100435)|HEAP_ALLOCATE|[EXTERNAL]|Bytes:460
10:55:51.0 (11104803)|HEAP_ALLOCATE|[EXTERNAL]|Bytes:113
10:55:51.0 (11108605)|HEAP_ALLOCATE|[EXTERNAL]|Bytes:39
10:55:51.0 (11112497)|HEAP_ALLOCATE|[EXTERNAL]|Bytes:3
10:55:51.0 (11122347)|VARIABLE_ASSIGNMENT|[EXTERNAL]|saDailyReportCtrl.SOURCE|"src"
10:55:51.0 (11127737)|HEAP_ALLOCATE|[EXTERNAL]|Bytes:2
10:55:51.0 (11133906)|VARIABLE_ASSIGNMENT|[EXTERNAL]|saDailyReportCtrl.SOURCE_ID|"id"
10:55:51.0 (11142407)|METHOD_ENTRY|[1]|01pN0000000aE0W|saDailyReportCtrl.saDailyReportCtrl()
10:55:51.0 (11147269)|STATEMENT_EXECUTE|[1]
10:55:51.0 (11150697)|STATEMENT_EXECUTE|[1]
10:55:51.0 (11159161)|SYSTEM_MODE_ENTER|false
10:55:51.0 (11166758)|HEAP_ALLOCATE|[EXTERNAL]|Bytes:5
10:55:51.0 (11171586)|STATEMENT_EXECUTE|[651]
10:55:51.0 (11173420)|STATEMENT_EXECUTE|[678]
10:55:51.0 (11178243)|SYSTEM_MODE_EXIT|false
10:55:51.0 (11185802)|METHOD_EXIT|[1]|saDailyReportCtrl
10:55:51.0 (11190785)|HEAP_ALLOCATE|[EXTERNAL]|Bytes:76
10:55:51.0 (11195824)|VARIABLE_SCOPE_BEGIN|[92]|this|saDailyReportCtrl|true|false
10:55:51.0 (11496697)|VARIABLE_ASSIGNMENT|[92]|this|{"BusinessLocationName":"","currentInquiryReply":"0x4914566c","currentInquiryReplyDetail":"0x3a48fddc","dailyReportId":"a0IN0000006RUllMAG","dCurrentDay":"2018-06-30T00:00:00Z","dCurrentMonth":"2018-07-01T00:00:00Z","iCurrentDay":0,"idBusinessLocation":"","isIPhone":false,"isPreview":true,"lsBusinessLocation":"0x49667f1b","messageError":"","messageQuestion":"","mpQuestions":"0x9bcacf9","myUser":"0x62703c94","sourceOfTheCall":"preview"}|0x311e308e
10:55:51.0 (11517142)|SYSTEM_MODE_ENTER|false
10:55:51.0 (11524472)|HEAP_ALLOCATE|[92]|Bytes:5
10:55:51.0 (11529617)|STATEMENT_EXECUTE|[92]
10:55:51.0 (11531535)|STATEMENT_EXECUTE|[92]
10:55:51.0 (11536572)|SYSTEM_MODE_EXIT|false
10:55:51.0 (11596963)|SYSTEM_MODE_ENTER|true
10:55:51.0 (11615463)|HEAP_ALLOCATE|[EXTERNAL]|Bytes:8
10:55:51.0 (11620053)|HEAP_ALLOCATE|[EXTERNAL]|Bytes:40
10:55:51.0 (11629384)|VARIABLE_ASSIGNMENT|[EXTERNAL]|this.iTypeOfScreen|54|0x4c07e50f
10:55:51.0 (11777372)|SYSTEM_MODE_ENTER|true
10:55:51.0 (11871481)|SYSTEM_MODE_ENTER|true
10:55:51.0 (11959267)|SYSTEM_MODE_ENTER|true
10:55:51.0 (12149190)|SYSTEM_MODE_ENTER|true
10:55:51.0 (13329954)|SYSTEM_MODE_ENTER|true
10:55:51.0 (15087491)|SYSTEM_MODE_ENTER|true
10:55:51.0 (15135125)|SYSTEM_MODE_ENTER|true
10:55:51.0 (15171766)|SYSTEM_MODE_ENTER|true
10:55:51.0 (15205631)|SYSTEM_MODE_ENTER|true
10:55:51.0 (15237293)|SYSTEM_MODE_ENTER|true
10:55:51.0 (15283304)|SYSTEM_MODE_ENTER|true
10:55:51.0 (15318481)|HEAP_ALLOCATE|[EXTERNAL]|Bytes:40
10:55:51.0 (15326005)|VARIABLE_SCOPE_BEGIN|[80]|this|auMainTopCompCtrl|true|false
10:55:51.0 (15363054)|VARIABLE_ASSIGNMENT|[80]|this|{"currentUser":"0x281b78c6","iTypeOfScreen":54,"urlReportsSFA":"https://cs6.lightnin (84 more) ..."}|0x4c07e50f
10:55:51.0 (15372917)|STATEMENT_EXECUTE|[80]
10:55:51.0 (15374879)|STATEMENT_EXECUTE|[81]
10:55:51.0 (15405561)|VARIABLE_ASSIGNMENT|[EXTERNAL]|this|{"currentUser":"0x281b78c6","iTypeOfScreen":54,"urlReportsSFA":"https://cs6.lightnin (84 more) ..."}|0x4c07e50f
10:55:51.0 (15441106)|VARIABLE_ASSIGNMENT|[EXTERNAL]|this|{"currentUser":"0x281b78c6","iTypeOfScreen":54,"urlReportsSFA":"https://cs6.lightnin (84 more) ..."}|0x4c07e50f
10:55:51.0 (15470923)|VARIABLE_ASSIGNMENT|[EXTERNAL]|this|{"currentUser":"0x281b78c6","iTypeOfScreen":54,"urlReportsSFA":"https://cs6.lightnin (84 more) ..."}|0x4c07e50f
10:55:51.0 (15499682)|VARIABLE_ASSIGNMENT|[EXTERNAL]|this|{"currentUser":"0x281b78c6","iTypeOfScreen":54,"urlReportsSFA":"https://cs6.lightnin (84 more) ..."}|0x4c07e50f
10:55:51.0 (15513523)|HEAP_ALLOCATE|[81]|Bytes:5
10:55:51.0 (15561709)|SYSTEM_MODE_ENTER|true
10:55:51.0 (15590278)|HEAP_ALLOCATE|[EXTERNAL]|Bytes:40
10:55:51.0 (15596054)|VARIABLE_SCOPE_BEGIN|[98]|this|auMainTopCompCtrl|true|false
10:55:51.0 (15625868)|VARIABLE_ASSIGNMENT|[98]|this|{"currentUser":"0x281b78c6","iTypeOfScreen":54,"urlReportsSFA":"https://cs6.lightnin (84 more) ..."}|0x4c07e50f
10:55:51.0 (15634745)|STATEMENT_EXECUTE|[98]
10:55:51.0 (15636465)|STATEMENT_EXECUTE|[99]
10:55:51.0 (15661111)|VARIABLE_ASSIGNMENT|[EXTERNAL]|this|{"currentUser":"0x281b78c6","iTypeOfScreen":54,"urlReportsSFA":"https://cs6.lightnin (84 more) ..."}|0x4c07e50f
10:55:51.0 (15673814)|HEAP_ALLOCATE|[99]|Bytes:5
10:55:51.0 (18211372)|SYSTEM_MODE_ENTER|true
10:55:51.0 (18233685)|HEAP_ALLOCATE|[EXTERNAL]|Bytes:16
10:55:51.0 (18239877)|HEAP_ALLOCATE|[EXTERNAL]|Bytes:76
10:55:51.0 (18252329)|VARIABLE_ASSIGNMENT|[EXTERNAL]|this.messageError|"正しいデーターを入れてください。"|0x311e308e
10:55:51.0 (18283381)|SYSTEM_MODE_ENTER|true
10:55:51.0 (18296714)|HEAP_ALLOCATE|[EXTERNAL]|Bytes:76
10:55:51.0 (18304617)|VARIABLE_ASSIGNMENT|[EXTERNAL]|this.messageQuestion|""|0x311e308e
10:55:51.0 (18327024)|SYSTEM_MODE_ENTER|true
10:55:51.0 (18340863)|HEAP_ALLOCATE|[EXTERNAL]|Bytes:5
10:55:51.0 (18345079)|HEAP_ALLOCATE|[EXTERNAL]|Bytes:76
10:55:51.0 (18351690)|VARIABLE_ASSIGNMENT|[EXTERNAL]|this.isPreview|true|0x311e308e
10:55:51.0 (18373544)|SYSTEM_MODE_ENTER|true
10:55:51.0 (18384458)|HEAP_ALLOCATE|[EXTERNAL]|Bytes:76
10:55:51.0 (18391474)|VARIABLE_ASSIGNMENT|[EXTERNAL]|this.idBusinessLocation|""|0x311e308e
10:55:51.0 (18412468)|SYSTEM_MODE_ENTER|true
10:55:51.0 (18423358)|HEAP_ALLOCATE|[EXTERNAL]|Bytes:8
10:55:51.0 (18427016)|HEAP_ALLOCATE|[EXTERNAL]|Bytes:76
10:55:51.0 (18433141)|VARIABLE_ASSIGNMENT|[EXTERNAL]|this.iCurrentDay|0|0x311e308e
10:55:51.0 (18510420)|SYSTEM_MODE_ENTER|true
10:55:51.0 (18522791)|HEAP_ALLOCATE|[EXTERNAL]|Bytes:40
10:55:51.0 (18530458)|VARIABLE_ASSIGNMENT|[EXTERNAL]|this.iCountComments|null|0x4c07e50f
10:55:51.0 (18558704)|SYSTEM_MODE_ENTER|true
10:55:51.0 (18572110)|HEAP_ALLOCATE|[EXTERNAL]|Bytes:40
10:55:51.0 (18579319)|VARIABLE_ASSIGNMENT|[EXTERNAL]|this.iCountLikes|null|0x4c07e50f
10:55:51.0 (18614431)|SYSTEM_MODE_ENTER|true
10:55:51.0 (18647446)|HEAP_ALLOCATE|[EXTERNAL]|Bytes:76
10:55:51.0 (18653572)|VARIABLE_SCOPE_BEGIN|[92]|this|saDailyReportCtrl|true|false
10:55:51.0 (18821752)|VARIABLE_ASSIGNMENT|[92]|this|{"BusinessLocationName":"","currentInquiryReply":"0x4914566c","currentInquiryReplyDetail":"0x3a48fddc","dailyReportId":"a0IN0000006RUllMAG","dCurrentDay":"2018-06-30T00:00:00Z","dCurrentMonth":"2018-07-01T00:00:00Z","iCurrentDay":0,"idBusinessLocation":"","isIPhone":false,"isPreview":true,"lsBusinessLocation":"0x49667f1b","messageError":"正しいデーターを入れてください。","messageQuestion":"","mpQuestions":"0x9bcacf9","myUser":"0x62703c94","sourceOfTheCall":"preview"}|0x311e308e
10:55:51.0 (18841395)|SYSTEM_MODE_ENTER|false
10:55:51.0 (18849015)|HEAP_ALLOCATE|[92]|Bytes:5
10:55:51.0 (18854400)|STATEMENT_EXECUTE|[92]
10:55:51.0 (18856355)|STATEMENT_EXECUTE|[92]
10:55:51.0 (18860434)|SYSTEM_MODE_EXIT|false
10:55:51.0 (18900471)|SYSTEM_MODE_ENTER|true
10:55:51.0 (18914146)|HEAP_ALLOCATE|[EXTERNAL]|Bytes:8
10:55:51.0 (18928636)|HEAP_ALLOCATE|[EXTERNAL]|Bytes:40
10:55:51.0 (18937144)|VARIABLE_ASSIGNMENT|[EXTERNAL]|this.iTypeOfScreen|54|0x4c07e50f
10:55:51.0 (19077303)|SYSTEM_MODE_ENTER|true
10:55:51.0 (21294587)|HEAP_ALLOCATE|[EXTERNAL]|Bytes:76
10:55:51.0 (21305515)|VARIABLE_SCOPE_BEGIN|[199]|this|saDailyReportCtrl|true|false
10:55:51.0 (21466582)|VARIABLE_ASSIGNMENT|[199]|this|{"BusinessLocationName":"","currentInquiryReply":"0x4914566c","currentInquiryReplyDetail":"0x3a48fddc","dailyReportId":"a0IN0000006RUllMAG","dCurrentDay":"2018-06-30T00:00:00Z","dCurrentMonth":"2018-07-01T00:00:00Z","iCurrentDay":0,"idBusinessLocation":"","isIPhone":false,"isPreview":true,"lsBusinessLocation":"0x49667f1b","messageError":"正しいデーターを入れてください。","messageQuestion":"","mpQuestions":"0x9bcacf9","myUser":"0x62703c94","sourceOfTheCall":"preview"}|0x311e308e
10:55:51.0 (21486400)|SYSTEM_MODE_ENTER|false
10:55:51.0 (21493898)|HEAP_ALLOCATE|[201]|Bytes:5
10:55:51.0 (21499548)|STATEMENT_EXECUTE|[199]
10:55:51.0 (21501575)|STATEMENT_EXECUTE|[201]
10:55:51.0 (21655099)|VARIABLE_ASSIGNMENT|[EXTERNAL]|this|{"BusinessLocationName":"","currentInquiryReply":"0x4914566c","currentInquiryReplyDetail":"0x3a48fddc","dailyReportId":"a0IN0000006RUllMAG","dCurrentDay":"2018-06-30T00:00:00Z","dCurrentMonth":"2018-07-01T00:00:00Z","iCurrentDay":0,"idBusinessLocation":"","isIPhone":false,"isPreview":true,"lsBusinessLocation":"0x49667f1b","messageError":"正しいデーターを入れてください。","messageQuestion":"","mpQuestions":"0x9bcacf9","myUser":"0x62703c94","sourceOfTheCall":"preview"}|0x311e308e
10:55:51.0 (21671222)|VARIABLE_ASSIGNMENT|[EXTERNAL]|value|""
10:55:51.0 (21682610)|VARIABLE_ASSIGNMENT|[6]|this.messageError|""|0x311e308e
10:55:51.0 (21693621)|STATEMENT_EXECUTE|[202]
10:55:51.0 (21838180)|VARIABLE_ASSIGNMENT|[EXTERNAL]|this|{"BusinessLocationName":"","currentInquiryReply":"0x4914566c","currentInquiryReplyDetail":"0x3a48fddc","dailyReportId":"a0IN0000006RUllMAG","dCurrentDay":"2018-06-30T00:00:00Z","dCurrentMonth":"2018-07-01T00:00:00Z","iCurrentDay":0,"idBusinessLocation":"","isIPhone":false,"isPreview":true,"lsBusinessLocation":"0x49667f1b","messageError":"","messageQuestion":"","mpQuestions":"0x9bcacf9","myUser":"0x62703c94","sourceOfTheCall":"preview"}|0x311e308e
10:55:51.0 (21853071)|VARIABLE_ASSIGNMENT|[EXTERNAL]|value|""
10:55:51.0 (21862596)|VARIABLE_ASSIGNMENT|[7]|this.messageQuestion|""|0x311e308e
10:55:51.0 (21872223)|STATEMENT_EXECUTE|[204]
10:55:51.0 (21873982)|STATEMENT_EXECUTE|[204]
10:55:51.0 (21875438)|STATEMENT_EXECUTE|[206]
10:55:51.0 (22066058)|VARIABLE_ASSIGNMENT|[EXTERNAL]|this|{"BusinessLocationName":"","currentInquiryReply":"0x4914566c","currentInquiryReplyDetail":"0x3a48fddc","dailyReportId":"a0IN0000006RUllMAG","dCurrentDay":"2018-06-30T00:00:00Z","dCurrentMonth":"2018-07-01T00:00:00Z","iCurrentDay":0,"idBusinessLocation":"","isIPhone":false,"isPreview":true,"lsBusinessLocation":"0x49667f1b","messageError":"","messageQuestion":"","mpQuestions":"0x9bcacf9","myUser":"0x62703c94","sourceOfTheCall":"preview"}|0x311e308e
10:55:51.0 (22121698)|HEAP_ALLOCATE|[206]|Bytes:4
10:55:51.0 (22155774)|VARIABLE_ASSIGNMENT|[206]|this.dCurrentDay|"2018-06-30T00:00:00.000Z"|0x311e308e
10:55:51.0 (22162720)|STATEMENT_EXECUTE|[208]
10:55:51.0 (22177160)|HEAP_ALLOCATE|[208]|Bytes:4
10:55:51.0 (22383089)|VARIABLE_ASSIGNMENT|[EXTERNAL]|this|{"BusinessLocationName":"","currentInquiryReply":"0x4914566c","currentInquiryReplyDetail":"0x3a48fddc","dailyReportId":"a0IN0000006RUllMAG","dCurrentDay":"2018-06-30T00:00:00Z","dCurrentMonth":"2018-07-01T00:00:00Z","iCurrentDay":0,"idBusinessLocation":"","isIPhone":false,"isPreview":true,"lsBusinessLocation":"0x49667f1b","messageError":"","messageQuestion":"","mpQuestions":"0x9bcacf9","myUser":"0x62703c94","sourceOfTheCall":"preview"}|0x311e308e
10:55:51.0 (22398589)|HEAP_ALLOCATE|[EXTERNAL]|Bytes:4
10:55:51.0 (22409999)|VARIABLE_ASSIGNMENT|[EXTERNAL]|value|[]|0x25ab5a36
10:55:51.0 (22420860)|VARIABLE_ASSIGNMENT|[22]|this.currentInquiryReplyDetail|[]|0x311e308e
10:55:51.0 (22430302)|STATEMENT_EXECUTE|[209]
10:55:51.0 (22443409)|HEAP_ALLOCATE|[209]|Bytes:4
10:55:51.0 (22607443)|VARIABLE_ASSIGNMENT|[EXTERNAL]|this|{"BusinessLocationName":"","currentInquiryReply":"0x4914566c","currentInquiryReplyDetail":"0x25ab5a36","dailyReportId":"a0IN0000006RUllMAG","dCurrentDay":"2018-06-30T00:00:00Z","dCurrentMonth":"2018-07-01T00:00:00Z","iCurrentDay":0,"idBusinessLocation":"","isIPhone":false,"isPreview":true,"lsBusinessLocation":"0x49667f1b","messageError":"","messageQuestion":"","mpQuestions":"0x9bcacf9","myUser":"0x62703c94","sourceOfTheCall":"preview"}|0x311e308e
10:55:51.0 (22627689)|VARIABLE_ASSIGNMENT|[EXTERNAL]|value|{}|0x2f918816
10:55:51.0 (22638459)|VARIABLE_ASSIGNMENT|[24]|this.mpQuestions|{}|0x311e308e
10:55:51.0 (22647998)|STATEMENT_EXECUTE|[211]
10:55:51.0 (22780920)|VARIABLE_ASSIGNMENT|[EXTERNAL]|this|{"BusinessLocationName":"","currentInquiryReply":"0x4914566c","currentInquiryReplyDetail":"0x25ab5a36","dailyReportId":"a0IN0000006RUllMAG","dCurrentDay":"2018-06-30T00:00:00Z","dCurrentMonth":"2018-07-01T00:00:00Z","iCurrentDay":0,"idBusinessLocation":"","isIPhone":false,"isPreview":true,"lsBusinessLocation":"0x49667f1b","messageError":"","messageQuestion":"","mpQuestions":"0x2f918816","myUser":"0x62703c94","sourceOfTheCall":"preview"}|0x311e308e
10:55:51.0 (22794726)|VARIABLE_ASSIGNMENT|[EXTERNAL]|value|""
10:55:51.0 (22802906)|VARIABLE_ASSIGNMENT|[23]|this.BusinessLocationName|""|0x311e308e
10:55:51.0 (22814866)|HEAP_ALLOCATE|[212]|Bytes:81
10:55:51.0 (22830278)|HEAP_ALLOCATE|[212]|Bytes:4
10:55:51.0 (22839697)|HEAP_ALLOCATE|[212]|Bytes:7
10:55:51.0 (22978965)|VARIABLE_ASSIGNMENT|[EXTERNAL]|this|{"BusinessLocationName":"","currentInquiryReply":"0x4914566c","currentInquiryReplyDetail":"0x25ab5a36","dailyReportId":"a0IN0000006RUllMAG","dCurrentDay":"2018-06-30T00:00:00Z","dCurrentMonth":"2018-07-01T00:00:00Z","iCurrentDay":0,"idBusinessLocation":"","isIPhone":false,"isPreview":true,"lsBusinessLocation":"0x49667f1b","messageError":"","messageQuestion":"","mpQuestions":"0x2f918816","myUser":"0x62703c94","sourceOfTheCall":"preview"}|0x311e308e
10:55:51.0 (23338956)|SOQL_EXECUTE_BEGIN|[212]|Aggregations:0|SELECT Id, BusinessLocationName__c FROM saBusinessLocation__c 
10:55:51.0 (24702280)|SOQL_EXECUTE_END|[212]|Rows:0
10:55:51.0 (24865578)|HEAP_ALLOCATE|[212]|Bytes:54
10:55:51.0 (24875194)|HEAP_ALLOCATE|[212]|Bytes:8
10:55:51.0 (24900212)|SYSTEM_METHOD_ENTRY|[7]|QueryLocatorIterator.QueryLocatorIterator()
10:55:51.0 (24904960)|STATEMENT_EXECUTE|[7]
10:55:51.0 (24911989)|SYSTEM_METHOD_EXIT|[7]|QueryLocatorIterator
10:55:51.0 (24925182)|HEAP_ALLOCATE|[212]|Bytes:28
10:55:51.0 (24942459)|HEAP_ALLOCATE|[212]|Bytes:8
10:55:51.0 (24946451)|HEAP_ALLOCATE|[212]|Bytes:8
10:55:51.0 (24951745)|VARIABLE_SCOPE_BEGIN|[15]|this|Database.QueryLocatorIterator|true|false
10:55:51.0 (24980513)|VARIABLE_ASSIGNMENT|[15]|this|{}|0xc4bb54d
10:55:51.0 (24987310)|VARIABLE_SCOPE_BEGIN|[15]|values|List<SObject>|true|false
10:55:51.0 (24995073)|VARIABLE_ASSIGNMENT|[15]|values|null|
10:55:51.0 (24999292)|VARIABLE_SCOPE_BEGIN|[15]|ql|Database.QueryLocator|true|false
10:55:51.0 (25017693)|VARIABLE_ASSIGNMENT|[15]|ql|{"query":"SELECT Id, BusinessL (61 more) ..."}|0x39cb833a
10:55:51.0 (25023971)|VARIABLE_SCOPE_BEGIN|[15]|totalNumRecords|Integer|false|false
10:55:51.0 (25031850)|VARIABLE_ASSIGNMENT|[15]|totalNumRecords|0
10:55:51.0 (25036497)|VARIABLE_SCOPE_BEGIN|[15]|queryMoreSize|Integer|false|false
10:55:51.0 (25043331)|VARIABLE_ASSIGNMENT|[15]|queryMoreSize|50000
10:55:51.0 (25116528)|HEAP_ALLOCATE|[212]|Bytes:28
10:55:51.0 (25134947)|METHOD_ENTRY|[212]||Database.QueryLocatorIterator.hasNext()
10:55:51.0 (25154140)|METHOD_EXIT|[212]||Database.QueryLocatorIterator.hasNext()
10:55:51.0 (25186209)|VARIABLE_ASSIGNMENT|[212]|bl|null|
10:55:51.0 (25192904)|STATEMENT_EXECUTE|[212]
10:55:51.0 (25207558)|STATEMENT_EXECUTE|[219]
10:55:51.0 (25210650)|HEAP_ALLOCATE|[219]|Bytes:195
10:55:51.0 (25223811)|HEAP_ALLOCATE|[219]|Bytes:4
10:55:51.0 (25245608)|HEAP_ALLOCATE|[219]|Bytes:7
10:55:51.0 (25276926)|HEAP_ALLOCATE|[223]|Bytes:89
10:55:51.0 (25286109)|SYSTEM_METHOD_ENTRY|[1]|UserInfo.UserInfo()
10:55:51.0 (25289770)|STATEMENT_EXECUTE|[1]
10:55:51.0 (25294334)|SYSTEM_METHOD_EXIT|[1]|UserInfo
10:55:51.0 (25304028)|METHOD_ENTRY|[223]||System.UserInfo.getUserId()
10:55:51.0 (25340858)|METHOD_EXIT|[223]||System.UserInfo.getUserId()
10:55:51.0 (25837217)|SOQL_EXECUTE_BEGIN|[219]|Aggregations:0|SELECT Id, saBusinessLocation__c, Status__c, saInquiry__c, Comment__c FROM saInquiryReply__c WHERE (saInquiry__r.Type__c = 'DAILY_REPORT' AND DailyReportDate__c = :tmpVar1 AND User__c = :tmpVar2)
10:55:51.0 (31978708)|SOQL_EXECUTE_END|[219]|Rows:0
10:55:51.0 (32002586)|HEAP_ALLOCATE|[219]|Bytes:4
10:55:51.0 (32015197)|HEAP_ALLOCATE|[219]|Bytes:0
10:55:51.0 (32073030)|HEAP_ALLOCATE|[219]|Bytes:4
10:55:51.0 (32085931)|VARIABLE_SCOPE_BEGIN|[219]|lsInqRep|List<saInquiryReply__c>|true|false
10:55:51.0 (32102985)|VARIABLE_ASSIGNMENT|[219]|lsInqRep|[]|0x58f3207e
10:55:51.0 (32161941)|STATEMENT_EXECUTE|[225]
10:55:51.0 (32164375)|STATEMENT_EXECUTE|[227]
10:55:51.0 (32167940)|HEAP_ALLOCATE|[227]|Bytes:207
10:55:51.0 (32180888)|HEAP_ALLOCATE|[227]|Bytes:4
10:55:51.0 (32363724)|VARIABLE_ASSIGNMENT|[EXTERNAL]|this|{"BusinessLocationName":"","currentInquiryReply":"0x4914566c","currentInquiryReplyDetail":"0x25ab5a36","dailyReportId":"a0IN0000006RUllMAG","dCurrentDay":"2018-06-30T00:00:00Z","dCurrentMonth":"2018-07-01T00:00:00Z","iCurrentDay":0,"idBusinessLocation":"","isIPhone":false,"isPreview":true,"lsBusinessLocation":"0x49667f1b","messageError":"","messageQuestion":"","mpQuestions":"0x2f918816","myUser":"0x62703c94","sourceOfTheCall":"preview"}|0x311e308e
10:55:51.0 (32390053)|HEAP_ALLOCATE|[227]|Bytes:7
10:55:51.0 (32399044)|METHOD_ENTRY|[232]||System.UserInfo.getUserId()
10:55:51.0 (32420569)|METHOD_EXIT|[232]||System.UserInfo.getUserId()
10:55:51.0 (32723740)|SOQL_EXECUTE_BEGIN|[227]|Aggregations:0|SELECT Id, saBusinessLocation__c, Status__c FROM saInquiryReply__c WHERE (saInquiry__r.Type__c = 'DAILY_REPORT' AND DailyReportDate__c = :tmpVar1 AND saBusinessLocation__c = :tmpVar2 AND User__c != :tmpVar3)
10:55:51.0 (35186478)|SOQL_EXECUTE_END|[227]|Rows:0
10:55:51.0 (35208118)|HEAP_ALLOCATE|[227]|Bytes:4
10:55:51.0 (35220185)|HEAP_ALLOCATE|[227]|Bytes:0
10:55:51.0 (35242833)|HEAP_ALLOCATE|[227]|Bytes:4
10:55:51.0 (35253503)|VARIABLE_SCOPE_BEGIN|[227]|lsInqOtherPeople|List<saInquiryReply__c>|true|false
10:55:51.0 (35268920)|VARIABLE_ASSIGNMENT|[227]|lsInqOtherPeople|[]|0x6f35c57e
10:55:51.0 (35302063)|STATEMENT_EXECUTE|[234]
10:55:51.0 (35304497)|STATEMENT_EXECUTE|[240]
10:55:51.0 (35307208)|VARIABLE_SCOPE_BEGIN|[240]|lsTemplate|List<saInquiryReply__c>|true|false
10:55:51.0 (35317433)|VARIABLE_ASSIGNMENT|[240]|lsTemplate|null|
10:55:51.0 (35485129)|VARIABLE_ASSIGNMENT|[EXTERNAL]|this|{"BusinessLocationName":"","currentInquiryReply":"0x4914566c","currentInquiryReplyDetail":"0x25ab5a36","dailyReportId":"a0IN0000006RUllMAG","dCurrentDay":"2018-06-30T00:00:00Z","dCurrentMonth":"2018-07-01T00:00:00Z","iCurrentDay":0,"idBusinessLocation":"","isIPhone":false,"isPreview":true,"lsBusinessLocation":"0x49667f1b","messageError":"","messageQuestion":"","mpQuestions":"0x2f918816","myUser":"0x62703c94","sourceOfTheCall":"preview"}|0x311e308e
10:55:51.0 (35506279)|STATEMENT_EXECUTE|[252]
10:55:51.0 (35508376)|STATEMENT_EXECUTE|[253]
10:55:51.0 (35512040)|HEAP_ALLOCATE|[253]|Bytes:393
10:55:51.0 (35525226)|HEAP_ALLOCATE|[253]|Bytes:4
10:55:51.0 (35553955)|METHOD_ENTRY|[259]||System.UserInfo.getUserId()
10:55:51.0 (35575382)|METHOD_EXIT|[259]||System.UserInfo.getUserId()
10:55:51.0 (35996702)|SOQL_EXECUTE_BEGIN|[253]|Aggregations:0|SELECT Id, saBusinessLocation__c, Status__c, saInquiry__c, Comment__c FROM saInquiryReply__c WHERE (saInquiry__r.Type__c = 'DAILY_REPORT' AND (saInquiry__r.ValidFrom__c = NULL OR saInquiry__r.ValidFrom__c <= :tmpVar1) AND (saInquiry__r.ValidTo__c = NULL OR saInquiry__r.ValidTo__c >= :tmpVar2) AND DailyReportDate__c = NULL AND User__c = :tmpVar3) ORDER BY CreatedDate DESC NULLS FIRST LIMIT 1
10:55:51.0 (40035267)|SOQL_EXECUTE_END|[253]|Rows:1
10:55:51.0 (40054319)|HEAP_ALLOCATE|[253]|Bytes:8
10:55:51.0 (40067357)|HEAP_ALLOCATE|[253]|Bytes:89
10:55:51.0 (40090556)|HEAP_ALLOCATE|[253]|Bytes:8
10:55:51.0 (40118746)|VARIABLE_ASSIGNMENT|[253]|lsTemplate|[{"Id":"a0KN0000007Kg4nMAC","Status__c":"WAITING_REPLY","saInquiry__c":"a0IN0000006RUllMAG"}]|0x7030dd8b
10:55:51.0 (40126515)|STATEMENT_EXECUTE|[264]
10:55:51.0 (40130734)|HEAP_ALLOCATE|[264]|Bytes:11
10:55:51.0 (40221442)|HEAP_ALLOCATE|[264]|Bytes:101
10:55:51.0 (40245410)|HEAP_ALLOCATE|[264]|Bytes:112
10:55:51.0 (40264486)|USER_DEBUG|[264]|DEBUG|Template : (saInquiryReply__c:{Id=a0KN0000007Kg4nMAC, Status__c=WAITING_REPLY, saInquiry__c=a0IN0000006RUllMAG})
10:55:51.0 (40293217)|STATEMENT_EXECUTE|[265]
10:55:51.0 (40295578)|STATEMENT_EXECUTE|[271]
10:55:51.0 (40310016)|HEAP_ALLOCATE|[271]|Bytes:16
10:55:51.0 (40340131)|VARIABLE_SCOPE_BEGIN|[271]|idInquiry|Id|false|false
10:55:51.0 (40403225)|VARIABLE_ASSIGNMENT|[271]|idInquiry|"a0IN0000006RUllMAG"
10:55:51.0 (40410140)|STATEMENT_EXECUTE|[272]
10:55:51.0 (40427883)|HEAP_ALLOCATE|[272]|Bytes:4
10:55:51.0 (40684767)|VARIABLE_ASSIGNMENT|[EXTERNAL]|this|{"BusinessLocationName":"","currentInquiryReply":"0x4914566c","currentInquiryReplyDetail":"0x25ab5a36","dailyReportId":"a0IN0000006RUllMAG","dCurrentDay":"2018-06-30T00:00:00Z","dCurrentMonth":"2018-07-01T00:00:00Z","iCurrentDay":0,"idBusinessLocation":"","isIPhone":false,"isPreview":true,"lsBusinessLocation":"0x49667f1b","messageError":"","messageQuestion":"","mpQuestions":"0x2f918816","myUser":"0x62703c94","sourceOfTheCall":"preview"}|0x311e308e
10:55:51.0 (40705092)|VARIABLE_ASSIGNMENT|[EXTERNAL]|value|{}|0x7e4e5913
10:55:51.0 (40717789)|VARIABLE_ASSIGNMENT|[21]|this.currentInquiryReply|{}|0x311e308e
10:55:51.0 (40728741)|STATEMENT_EXECUTE|[273]
10:55:51.0 (40868558)|VARIABLE_ASSIGNMENT|[EXTERNAL]|this|{"BusinessLocationName":"","currentInquiryReply":"0x7e4e5913","currentInquiryReplyDetail":"0x25ab5a36","dailyReportId":"a0IN0000006RUllMAG","dCurrentDay":"2018-06-30T00:00:00Z","dCurrentMonth":"2018-07-01T00:00:00Z","iCurrentDay":0,"idBusinessLocation":"","isIPhone":false,"isPreview":true,"lsBusinessLocation":"0x49667f1b","messageError":"","messageQuestion":"","mpQuestions":"0x2f918816","myUser":"0x62703c94","sourceOfTheCall":"preview"}|0x311e308e
10:55:51.0 (40955981)|VARIABLE_ASSIGNMENT|[273]|this.saInquiry__c|"a0IN0000006RUllMAG"|0x7e4e5913
10:55:51.0 (41104640)|VARIABLE_ASSIGNMENT|[EXTERNAL]|this|{"BusinessLocationName":"","currentInquiryReply":"0x7e4e5913","currentInquiryReplyDetail":"0x25ab5a36","dailyReportId":"a0IN0000006RUllMAG","dCurrentDay":"2018-06-30T00:00:00Z","dCurrentMonth":"2018-07-01T00:00:00Z","iCurrentDay":0,"idBusinessLocation":"","isIPhone":false,"isPreview":true,"lsBusinessLocation":"0x49667f1b","messageError":"","messageQuestion":"","mpQuestions":"0x2f918816","myUser":"0x62703c94","sourceOfTheCall":"preview"}|0x311e308e
10:55:51.0 (41123346)|STATEMENT_EXECUTE|[277]
10:55:51.0 (41125437)|STATEMENT_EXECUTE|[280]
10:55:51.0 (41130948)|METHOD_ENTRY|[280]||System.UserInfo.getUserId()
10:55:51.0 (41153252)|METHOD_EXIT|[280]||System.UserInfo.getUserId()
10:55:51.0 (41167571)|HEAP_ALLOCATE|[280]|Bytes:4
10:55:51.0 (41297306)|VARIABLE_ASSIGNMENT|[EXTERNAL]|this|{"BusinessLocationName":"","currentInquiryReply":"0x7e4e5913","currentInquiryReplyDetail":"0x25ab5a36","dailyReportId":"a0IN0000006RUllMAG","dCurrentDay":"2018-06-30T00:00:00Z","dCurrentMonth":"2018-07-01T00:00:00Z","iCurrentDay":0,"idBusinessLocation":"","isIPhone":false,"isPreview":true,"lsBusinessLocation":"0x49667f1b","messageError":"","messageQuestion":"","mpQuestions":"0x2f918816","myUser":"0x62703c94","sourceOfTheCall":"preview"}|0x311e308e
10:55:51.0 (41351062)|VARIABLE_ASSIGNMENT|[280]|this.User__c|"005N00000057PfOIAU"|0x7e4e5913
10:55:51.0 (41358463)|STATEMENT_EXECUTE|[281]
10:55:51.0 (41497335)|VARIABLE_ASSIGNMENT|[EXTERNAL]|this|{"BusinessLocationName":"","currentInquiryReply":"0x7e4e5913","currentInquiryReplyDetail":"0x25ab5a36","dailyReportId":"a0IN0000006RUllMAG","dCurrentDay":"2018-06-30T00:00:00Z","dCurrentMonth":"2018-07-01T00:00:00Z","iCurrentDay":0,"idBusinessLocation":"","isIPhone":false,"isPreview":true,"lsBusinessLocation":"0x49667f1b","messageError":"","messageQuestion":"","mpQuestions":"0x2f918816","myUser":"0x62703c94","sourceOfTheCall":"preview"}|0x311e308e
10:55:51.0 (41558066)|VARIABLE_ASSIGNMENT|[281]|this.DailyReportDate__c|"2018-06-30T00:00:00.000Z"|0x7e4e5913
10:55:51.0 (41565287)|STATEMENT_EXECUTE|[282]
10:55:51.0 (41568913)|HEAP_ALLOCATE|[282]|Bytes:13
10:55:51.0 (41709814)|VARIABLE_ASSIGNMENT|[EXTERNAL]|this|{"BusinessLocationName":"","currentInquiryReply":"0x7e4e5913","currentInquiryReplyDetail":"0x25ab5a36","dailyReportId":"a0IN0000006RUllMAG","dCurrentDay":"2018-06-30T00:00:00Z","dCurrentMonth":"2018-07-01T00:00:00Z","iCurrentDay":0,"idBusinessLocation":"","isIPhone":false,"isPreview":true,"lsBusinessLocation":"0x49667f1b","messageError":"","messageQuestion":"","mpQuestions":"0x2f918816","myUser":"0x62703c94","sourceOfTheCall":"preview"}|0x311e308e
10:55:51.0 (41753960)|VARIABLE_ASSIGNMENT|[282]|this.Status__c|"WAITING_REPLY"|0x7e4e5913
10:55:51.0 (41760802)|STATEMENT_EXECUTE|[283]
10:55:51.0 (41895539)|VARIABLE_ASSIGNMENT|[EXTERNAL]|this|{"BusinessLocationName":"","currentInquiryReply":"0x7e4e5913","currentInquiryReplyDetail":"0x25ab5a36","dailyReportId":"a0IN0000006RUllMAG","dCurrentDay":"2018-06-30T00:00:00Z","dCurrentMonth":"2018-07-01T00:00:00Z","iCurrentDay":0,"idBusinessLocation":"","isIPhone":false,"isPreview":true,"lsBusinessLocation":"0x49667f1b","messageError":"","messageQuestion":"","mpQuestions":"0x2f918816","myUser":"0x62703c94","sourceOfTheCall":"preview"}|0x311e308e
10:55:51.0 (41942415)|VARIABLE_ASSIGNMENT|[283]|this.Comment__c|""|0x7e4e5913
10:55:51.0 (41949465)|STATEMENT_EXECUTE|[285]
10:55:51.0 (41953430)|HEAP_ALLOCATE|[285]|Bytes:625
10:55:51.0 (41967123)|HEAP_ALLOCATE|[285]|Bytes:4
10:55:51.0 (42464573)|SOQL_EXECUTE_BEGIN|[285]|Aggregations:0|SELECT Id, QuestionLabel__c, AnswerType__c, NumberPossibleReplies__c, IsShortReply__c, SortNo__c, IsRequired__c, Reply01Label__c, Reply02Label__c, Reply03Label__c, Reply04Label__c, Reply05Label__c, Reply06Label__c, Reply07Label__c, Reply08Label__c, Reply09Label__c, Reply10Label__c, Reply11Label__c, Reply12Label__c, Reply13Label__c, Reply14Label__c, Reply15Label__c, Reply16Label__c, Reply17Label__c, Reply18Label__c, Reply19Label__c, Reply20Label__c, Reply21Label__c, Reply22Label__c, Reply23Label__c, Reply24Label__c, Reply25Label__c FROM saInquiryDetail__c WHERE saInquiry__c = :tmpVar1 ORDER BY SortNo__c ASC NULLS FIRST
10:55:51.0 (51459966)|SOQL_EXECUTE_END|[285]|Rows:1
10:55:51.0 (51479537)|HEAP_ALLOCATE|[285]|Bytes:8
10:55:51.0 (51500815)|HEAP_ALLOCATE|[285]|Bytes:282
10:55:51.0 (51538585)|HEAP_ALLOCATE|[285]|Bytes:8
10:55:51.0 (51550848)|VARIABLE_SCOPE_BEGIN|[285]|lsTmpQuest|List<saInquiryDetail__c>|true|false
10:55:51.0 (51583413)|VARIABLE_ASSIGNMENT|[285]|lsTmpQuest|[{"Id":"a0JN0000008h2r2MAA","QuestionLabel__c":"Works?","AnswerType__c":"CHECKBOX","NumberPossibleReplies__c":2,"IsShortReply__c":true,"SortNo__c":0,"IsRequired__c":false,"Reply01Label__c":"Yes!","Reply02Label__c":"No!"}]|0x1263db2a
10:55:51.0 (51746378)|HEAP_ALLOCATE|[295]|Bytes:5
10:55:51.0 (51765489)|HEAP_ALLOCATE|[295]|Bytes:40
10:55:51.0 (51775391)|VARIABLE_SCOPE_BEGIN|[295]|quest|saInquiryDetail__c|true|false
10:55:51.0 (51801162)|VARIABLE_ASSIGNMENT|[295]|quest|{"Id":"a0JN0000008h2r2MAA","QuestionLabel__c":"Works?","AnswerType__c":"CHECKBOX","NumberPossibleReplies__c":2,"IsShortReply__c":true,"SortNo__c":0,"IsRequired__c":false,"Reply01Label__c":"Yes!","Reply02Label__c":"No!"}|0x640a799f
10:55:51.0 (51809563)|STATEMENT_EXECUTE|[295]
10:55:51.0 (51811636)|STATEMENT_EXECUTE|[296]
10:55:51.0 (51832504)|HEAP_ALLOCATE|[296]|Bytes:4
10:55:51.0 (51898977)|VARIABLE_SCOPE_BEGIN|[296]|questReply|saInquiryReplyDetail__c|true|false
10:55:51.0 (51914111)|VARIABLE_ASSIGNMENT|[296]|questReply|{}|0x68bc44bf
10:55:51.0 (51925071)|STATEMENT_EXECUTE|[297]
10:55:51.0 (52006087)|VARIABLE_ASSIGNMENT|[297]|this.saInquiryDetail__c|"a0JN0000008h2r2MAA"|0x68bc44bf
10:55:51.0 (52014247)|STATEMENT_EXECUTE|[298]
10:55:51.0 (52182819)|VARIABLE_ASSIGNMENT|[EXTERNAL]|this|{"BusinessLocationName":"","currentInquiryReply":"0x7e4e5913","currentInquiryReplyDetail":"0x25ab5a36","dailyReportId":"a0IN0000006RUllMAG","dCurrentDay":"2018-06-30T00:00:00Z","dCurrentMonth":"2018-07-01T00:00:00Z","iCurrentDay":0,"idBusinessLocation":"","isIPhone":false,"isPreview":true,"lsBusinessLocation":"0x49667f1b","messageError":"","messageQuestion":"","mpQuestions":"0x2f918816","myUser":"0x62703c94","sourceOfTheCall":"preview"}|0x311e308e
10:55:51.0 (52215697)|HEAP_ALLOCATE|[EXTERNAL]|Bytes:4
10:55:51.0 (52223942)|STATEMENT_EXECUTE|[299]
10:55:51.0 (52365663)|VARIABLE_ASSIGNMENT|[EXTERNAL]|this|{"BusinessLocationName":"","currentInquiryReply":"0x7e4e5913","currentInquiryReplyDetail":"0x25ab5a36","dailyReportId":"a0IN0000006RUllMAG","dCurrentDay":"2018-06-30T00:00:00Z","dCurrentMonth":"2018-07-01T00:00:00Z","iCurrentDay":0,"idBusinessLocation":"","isIPhone":false,"isPreview":true,"lsBusinessLocation":"0x49667f1b","messageError":"","messageQuestion":"","mpQuestions":"0x2f918816","myUser":"0x62703c94","sourceOfTheCall":"preview"}|0x311e308e
10:55:51.0 (52400691)|HEAP_ALLOCATE|[EXTERNAL]|Bytes:-4
10:55:51.0 (52417751)|HEAP_ALLOCATE|[295]|Bytes:5
10:55:51.0 (52432310)|VARIABLE_ASSIGNMENT|[295]|quest|null|
10:55:51.0 (52442430)|SYSTEM_MODE_EXIT|false
10:55:51.0 (68204244)|SYSTEM_MODE_ENTER|true
10:55:51.0 (68231998)|HEAP_ALLOCATE|[EXTERNAL]|Bytes:40
10:55:51.0 (68244972)|VARIABLE_ASSIGNMENT|[EXTERNAL]|this.iCountComments|null|0x4c07e50f
10:55:51.0 (68287157)|SYSTEM_MODE_ENTER|true
10:55:51.0 (68299848)|HEAP_ALLOCATE|[EXTERNAL]|Bytes:40
10:55:51.0 (68307140)|VARIABLE_ASSIGNMENT|[EXTERNAL]|this.iCountLikes|null|0x4c07e50f
10:55:51.0 (68363100)|SYSTEM_MODE_ENTER|true
10:55:51.0 (68402354)|HEAP_ALLOCATE|[EXTERNAL]|Bytes:76
10:55:51.0 (68410217)|VARIABLE_SCOPE_BEGIN|[92]|this|saDailyReportCtrl|true|false
10:55:51.0 (68598282)|VARIABLE_ASSIGNMENT|[92]|this|{"BusinessLocationName":"","currentInquiryReply":"0x7e4e5913","currentInquiryReplyDetail":"0x25ab5a36","dailyReportId":"a0IN0000006RUllMAG","dCurrentDay":"2018-06-30T00:00:00Z","dCurrentMonth":"2018-07-01T00:00:00Z","iCurrentDay":0,"idBusinessLocation":"","isIPhone":false,"isPreview":true,"lsBusinessLocation":"0x49667f1b","messageError":"","messageQuestion":"","mpQuestions":"0x2f918816","myUser":"0x62703c94","sourceOfTheCall":"preview"}|0x311e308e
10:55:51.0 (68618370)|SYSTEM_MODE_ENTER|false
10:55:51.0 (68625839)|HEAP_ALLOCATE|[92]|Bytes:5
10:55:51.0 (68631616)|STATEMENT_EXECUTE|[92]
10:55:51.0 (68633662)|STATEMENT_EXECUTE|[92]
10:55:51.0 (68638296)|SYSTEM_MODE_EXIT|false
10:55:51.0 (68683347)|SYSTEM_MODE_ENTER|true
10:55:51.0 (68698405)|HEAP_ALLOCATE|[EXTERNAL]|Bytes:8
10:55:51.0 (68702780)|HEAP_ALLOCATE|[EXTERNAL]|Bytes:40
10:55:51.0 (68711320)|VARIABLE_ASSIGNMENT|[EXTERNAL]|this.iTypeOfScreen|54|0x4c07e50f
10:55:51.0 (68776458)|SYSTEM_MODE_ENTER|true
10:55:51.0 (68809409)|HEAP_ALLOCATE|[EXTERNAL]|Bytes:40
10:55:51.0 (68815786)|VARIABLE_SCOPE_BEGIN|[80]|this|auMainTopCompCtrl|true|false
10:55:51.0 (68853054)|VARIABLE_ASSIGNMENT|[80]|this|{"currentUser":"0x281b78c6","iTypeOfScreen":54,"urlReportsSFA":"https://cs6.lightnin (84 more) ..."}|0x4c07e50f
10:55:51.0 (68862664)|STATEMENT_EXECUTE|[80]
10:55:51.0 (68864673)|STATEMENT_EXECUTE|[81]
10:55:51.0 (68894292)|VARIABLE_ASSIGNMENT|[EXTERNAL]|this|{"currentUser":"0x281b78c6","iTypeOfScreen":54,"urlReportsSFA":"https://cs6.lightnin (84 more) ..."}|0x4c07e50f
10:55:51.0 (68935108)|VARIABLE_ASSIGNMENT|[EXTERNAL]|this|{"currentUser":"0x281b78c6","iTypeOfScreen":54,"urlReportsSFA":"https://cs6.lightnin (84 more) ..."}|0x4c07e50f
10:55:51.0 (68967886)|VARIABLE_ASSIGNMENT|[EXTERNAL]|this|{"currentUser":"0x281b78c6","iTypeOfScreen":54,"urlReportsSFA":"https://cs6.lightnin (84 more) ..."}|0x4c07e50f
10:55:51.0 (68997331)|VARIABLE_ASSIGNMENT|[EXTERNAL]|this|{"currentUser":"0x281b78c6","iTypeOfScreen":54,"urlReportsSFA":"https://cs6.lightnin (84 more) ..."}|0x4c07e50f
10:55:51.0 (69011817)|HEAP_ALLOCATE|[81]|Bytes:5
10:55:51.0 (69076828)|SYSTEM_MODE_ENTER|true
10:55:51.0 (69106457)|HEAP_ALLOCATE|[EXTERNAL]|Bytes:40
10:55:51.0 (69112364)|VARIABLE_SCOPE_BEGIN|[98]|this|auMainTopCompCtrl|true|false
10:55:51.0 (69141731)|VARIABLE_ASSIGNMENT|[98]|this|{"currentUser":"0x281b78c6","iTypeOfScreen":54,"urlReportsSFA":"https://cs6.lightnin (84 more) ..."}|0x4c07e50f
10:55:51.0 (69150514)|STATEMENT_EXECUTE|[98]
10:55:51.0 (69152320)|STATEMENT_EXECUTE|[99]
10:55:51.0 (69178511)|VARIABLE_ASSIGNMENT|[EXTERNAL]|this|{"currentUser":"0x281b78c6","iTypeOfScreen":54,"urlReportsSFA":"https://cs6.lightnin (84 more) ..."}|0x4c07e50f
10:55:51.0 (69191825)|HEAP_ALLOCATE|[99]|Bytes:5
10:55:51.0 (69270149)|SYSTEM_MODE_ENTER|true
10:55:51.0 (69356721)|SYSTEM_MODE_ENTER|true
10:55:51.0 (69451657)|SYSTEM_MODE_ENTER|true
10:55:51.0 (69610378)|SYSTEM_MODE_ENTER|true
10:55:51.0 (71715956)|SYSTEM_MODE_ENTER|true
10:55:51.0 (71794246)|SYSTEM_MODE_ENTER|true
10:55:51.0 (72348563)|SYSTEM_MODE_ENTER|true
10:55:51.0 (72387617)|HEAP_ALLOCATE|[EXTERNAL]|Bytes:76
10:55:51.0 (72395688)|VARIABLE_SCOPE_BEGIN|[141]|this|saDailyReportCtrl|true|false
10:55:51.0 (72560071)|VARIABLE_ASSIGNMENT|[141]|this|{"BusinessLocationName":"","currentInquiryReply":"0x7e4e5913","currentInquiryReplyDetail":"0x25ab5a36","dailyReportId":"a0IN0000006RUllMAG","dCurrentDay":"2018-06-30T00:00:00Z","dCurrentMonth":"2018-07-01T00:00:00Z","iCurrentDay":0,"idBusinessLocation":"","isIPhone":false,"isPreview":true,"lsBusinessLocation":"0x49667f1b","messageError":"","messageQuestion":"","mpQuestions":"0x2f918816","myUser":"0x62703c94","sourceOfTheCall":"preview"}|0x311e308e
10:55:51.0 (72580096)|SYSTEM_MODE_ENTER|false
10:55:51.0 (72587489)|HEAP_ALLOCATE|[142]|Bytes:5
10:55:51.0 (72593442)|STATEMENT_EXECUTE|[141]
10:55:51.0 (72596023)|STATEMENT_EXECUTE|[142]
10:55:51.0 (72650244)|HEAP_ALLOCATE|[142]|Bytes:4
10:55:51.0 (72661677)|HEAP_ALLOCATE|[142]|Bytes:1
10:55:51.0 (72682463)|HEAP_ALLOCATE|[142]|Bytes:1
10:55:51.0 (72690809)|HEAP_ALLOCATE|[142]|Bytes:1
10:55:51.0 (72715708)|HEAP_ALLOCATE|[142]|Bytes:2
10:55:51.0 (72731764)|HEAP_ALLOCATE|[142]|Bytes:9
10:55:51.0 (72738231)|HEAP_ALLOCATE|[142]|Bytes:10
10:55:51.0 (72744605)|SYSTEM_MODE_EXIT|false
10:55:51.0 (72914416)|SYSTEM_MODE_ENTER|true
10:55:51.0 (73304447)|SYSTEM_MODE_ENTER|true
10:55:51.0 (86016723)|VF_SERIALIZE_VIEWSTATE_BEGIN|066N0000000M4pW
10:55:51.0 (89439911)|VF_SERIALIZE_VIEWSTATE_END
10:55:51.92 (92503917)|CUMULATIVE_LIMIT_USAGE
10:55:51.92 (92503917)|LIMIT_USAGE_FOR_NS|(default)|
  Number of SOQL queries: 5 out of 100
  Number of query rows: 2 out of 50000
  Number of SOSL queries: 0 out of 20
  Number of DML statements: 0 out of 150
  Number of DML rows: 0 out of 10000
  Maximum CPU time: 0 out of 10000
  Maximum heap size: 0 out of 6000000
  Number of callouts: 0 out of 100
  Number of Email Invocations: 0 out of 10
  Number of future calls: 0 out of 50
  Number of queueable jobs added to the queue: 0 out of 50
  Number of Mobile Apex push calls: 0 out of 10

10:55:51.92 (92503917)|CUMULATIVE_LIMIT_USAGE_END

10:55:51.0 (92535208)|CODE_UNIT_FINISHED|VF: /apex/sadailyreport
10:55:51.0 (93220738)|EXECUTION_FINISHED
