38.0 APEX_CODE,FINEST;APEX_PROFILING,INFO;CALLOUT,INFO;DB,INFO;SYSTEM,DEBUG;VALIDATION,INFO;VISUALFORCE,INFO;WAVE,INFO;WORKFLOW,INFO
15:57:13.0 (354011)|USER_INFO|[EXTERNAL]|005N00000057PfO|thomas.remy+kddi_gwdev01@globalway.co.jp|Japan Standard Time|GMT+09:00
15:57:13.0 (385918)|EXECUTION_STARTED
15:57:13.0 (390223)|CODE_UNIT_STARTED|[EXTERNAL]|066N0000000M59u|VF: /apex/saReport
15:57:13.0 (60813078)|SYSTEM_MODE_ENTER|true
15:57:13.0 (61124283)|HEAP_ALLOCATE|[72]|Bytes:3
15:57:13.0 (61171893)|HEAP_ALLOCATE|[77]|Bytes:152
15:57:13.0 (61187274)|HEAP_ALLOCATE|[342]|Bytes:408
15:57:13.0 (61201048)|HEAP_ALLOCATE|[355]|Bytes:408
15:57:13.0 (61212826)|HEAP_ALLOCATE|[467]|Bytes:48
15:57:13.0 (61240485)|HEAP_ALLOCATE|[139]|Bytes:6
15:57:13.0 (61254748)|HEAP_ALLOCATE|[EXTERNAL]|Bytes:276
15:57:13.0 (61260367)|HEAP_ALLOCATE|[EXTERNAL]|Bytes:55
15:57:13.0 (61264073)|HEAP_ALLOCATE|[EXTERNAL]|Bytes:9
15:57:13.0 (61285965)|METHOD_ENTRY|[1]|01pN0000000aEUV|saReportCtrl.saReportCtrl()
15:57:13.0 (61291968)|STATEMENT_EXECUTE|[1]
15:57:13.0 (61296233)|STATEMENT_EXECUTE|[1]
15:57:13.0 (61323931)|HEAP_ALLOCATE|[50]|Bytes:5
15:57:13.0 (61343165)|HEAP_ALLOCATE|[56]|Bytes:5
15:57:13.0 (61350537)|HEAP_ALLOCATE|[64]|Bytes:7
15:57:13.0 (61372877)|SYSTEM_MODE_ENTER|false
15:57:13.0 (61385053)|HEAP_ALLOCATE|[EXTERNAL]|Bytes:5
15:57:13.0 (61392367)|SYSTEM_MODE_EXIT|false
15:57:13.0 (61400698)|METHOD_EXIT|[1]|saReportCtrl
15:57:13.0 (61421485)|HEAP_ALLOCATE|[EXTERNAL]|Bytes:44
15:57:13.0 (61471639)|VARIABLE_SCOPE_BEGIN|[26]|this|saReportCtrl|true|false
15:57:13.0 (61547189)|VARIABLE_ASSIGNMENT|[26]|this|{}|0x6088bebe
15:57:13.0 (61565042)|SYSTEM_MODE_ENTER|false
15:57:13.0 (61571617)|HEAP_ALLOCATE|[4]|Bytes:5
15:57:13.0 (61576046)|STATEMENT_EXECUTE|[1]
15:57:13.0 (61580680)|HEAP_ALLOCATE|[4]|Bytes:5
15:57:13.0 (61583440)|STATEMENT_EXECUTE|[4]
15:57:13.0 (61588475)|HEAP_ALLOCATE|[4]|Bytes:4
15:57:13.0 (61600948)|VARIABLE_ASSIGNMENT|[4]|this.pageNum|1|0x6088bebe
15:57:13.0 (61605970)|STATEMENT_EXECUTE|[5]
15:57:13.0 (61607461)|STATEMENT_EXECUTE|[7]
15:57:13.0 (61608792)|STATEMENT_EXECUTE|[10]
15:57:13.0 (61610271)|STATEMENT_EXECUTE|[13]
15:57:13.0 (61611584)|STATEMENT_EXECUTE|[14]
15:57:13.0 (61612926)|STATEMENT_EXECUTE|[15]
15:57:13.0 (61614305)|STATEMENT_EXECUTE|[16]
15:57:13.0 (61615633)|STATEMENT_EXECUTE|[17]
15:57:13.0 (61617007)|STATEMENT_EXECUTE|[18]
15:57:13.0 (61625008)|HEAP_ALLOCATE|[4]|Bytes:6
15:57:13.0 (61655608)|STATEMENT_EXECUTE|[26]
15:57:13.0 (61657615)|STATEMENT_EXECUTE|[28]
15:57:13.0 (61660214)|HEAP_ALLOCATE|[28]|Bytes:15
15:57:13.0 (61738410)|USER_DEBUG|[28]|DEBUG|Test HelloWorld
15:57:13.0 (61750808)|STATEMENT_EXECUTE|[29]
15:57:13.0 (61810250)|VARIABLE_ASSIGNMENT|[EXTERNAL]|this|{"pageNum":1}|0x6088bebe
15:57:13.0 (61821904)|VARIABLE_ASSIGNMENT|[EXTERNAL]|value|20
15:57:13.0 (61827570)|HEAP_ALLOCATE|[5]|Bytes:4
15:57:13.0 (61835043)|VARIABLE_ASSIGNMENT|[5]|this.pageSize|20|0x6088bebe
15:57:13.0 (61843957)|STATEMENT_EXECUTE|[31]
15:57:13.0 (61863137)|METHOD_ENTRY|[31]|01pN0000000aEUV|saReportCtrl.initCategory()
15:57:13.0 (61969075)|VARIABLE_SCOPE_BEGIN|[103]|this|saReportCtrl|true|false
15:57:13.0 (61998660)|VARIABLE_ASSIGNMENT|[103]|this|{"pageNum":1,"pageSize":20}|0x6088bebe
15:57:13.0 (62017442)|HEAP_ALLOCATE|[105]|Bytes:5
15:57:13.0 (62022764)|STATEMENT_EXECUTE|[103]
15:57:13.0 (62024653)|STATEMENT_EXECUTE|[105]
15:57:13.0 (62027465)|HEAP_ALLOCATE|[105]|Bytes:37
15:57:13.0 (62033115)|VARIABLE_SCOPE_BEGIN|[105]|queryStr|String|false|false
15:57:13.0 (62044154)|VARIABLE_ASSIGNMENT|[105]|queryStr|" SELECT category__c  (17 more) ..."
15:57:13.0 (62048272)|STATEMENT_EXECUTE|[106]
15:57:13.0 (62066675)|USER_DEBUG|[106]|DEBUG| SELECT category__c FROM saReport__c 
15:57:13.0 (62074851)|STATEMENT_EXECUTE|[108]
15:57:13.0 (62340933)|SOQL_EXECUTE_BEGIN|[108]|Aggregations:0| SELECT category__c FROM saReport__c 
15:57:13.0 (73286605)|SOQL_EXECUTE_END|[108]|Rows:6
15:57:13.0 (73311079)|HEAP_ALLOCATE|[108]|Bytes:28
15:57:13.0 (73337067)|HEAP_ALLOCATE|[108]|Bytes:306
15:57:13.0 (73410696)|HEAP_ALLOCATE|[108]|Bytes:28
15:57:13.0 (73430186)|VARIABLE_SCOPE_BEGIN|[108]|saReportListOfCategory|List<saReport__c>|true|false
15:57:13.0 (73449317)|VARIABLE_ASSIGNMENT|[108]|saReportListOfCategory|"List of size 6 too large to display"|0x38d594b4
15:57:13.0 (73455704)|STATEMENT_EXECUTE|[110]
15:57:13.0 (73467934)|HEAP_ALLOCATE|[110]|Bytes:4
15:57:13.0 (73498937)|VARIABLE_SCOPE_BEGIN|[110]|listOfCategory|List<String>|true|false
15:57:13.0 (73521483)|HEAP_ALLOCATE|[EXTERNAL]|Bytes:4
15:57:13.0 (73532213)|VARIABLE_ASSIGNMENT|[110]|listOfCategory|[]|0x6629e6bf
15:57:13.0 (73710859)|HEAP_ALLOCATE|[112]|Bytes:5
15:57:13.0 (73730022)|HEAP_ALLOCATE|[112]|Bytes:12
15:57:13.0 (73738509)|VARIABLE_SCOPE_BEGIN|[112]|saReport|saReport__c|true|false
15:57:13.0 (73755690)|VARIABLE_ASSIGNMENT|[112]|saReport|{"category__c":"au Wallet","Id":"a0HN0000008OfjdMAC"}|0x54388175
15:57:13.0 (73762211)|STATEMENT_EXECUTE|[112]
15:57:13.0 (73764144)|STATEMENT_EXECUTE|[113]
15:57:13.0 (73767714)|VARIABLE_SCOPE_BEGIN|[113]|i|Integer|false|false
15:57:13.0 (73773719)|HEAP_ALLOCATE|[113]|Bytes:4
15:57:13.0 (73780057)|VARIABLE_ASSIGNMENT|[113]|i|0
15:57:13.0 (73783685)|STATEMENT_EXECUTE|[114]
15:57:13.0 (73786898)|VARIABLE_SCOPE_BEGIN|[114]|b|Boolean|false|false
15:57:13.0 (73793591)|HEAP_ALLOCATE|[114]|Bytes:5
15:57:13.0 (73798311)|VARIABLE_ASSIGNMENT|[114]|b|false
15:57:13.0 (73822538)|STATEMENT_EXECUTE|[115]
15:57:13.0 (73834831)|STATEMENT_EXECUTE|[116]
15:57:13.0 (73836575)|STATEMENT_EXECUTE|[120]
15:57:13.0 (73839028)|HEAP_ALLOCATE|[120]|Bytes:4
15:57:13.0 (73845204)|VARIABLE_ASSIGNMENT|[120]|i|1
15:57:13.0 (73854172)|STATEMENT_EXECUTE|[115]
15:57:13.0 (73859872)|STATEMENT_EXECUTE|[116]
15:57:13.0 (73861357)|STATEMENT_EXECUTE|[120]
15:57:13.0 (73862847)|HEAP_ALLOCATE|[120]|Bytes:4
15:57:13.0 (73867143)|VARIABLE_ASSIGNMENT|[120]|i|2
15:57:13.0 (73874934)|STATEMENT_EXECUTE|[115]
15:57:13.0 (73880274)|STATEMENT_EXECUTE|[116]
15:57:13.0 (73881769)|STATEMENT_EXECUTE|[120]
15:57:13.0 (73883281)|HEAP_ALLOCATE|[120]|Bytes:4
15:57:13.0 (73887388)|VARIABLE_ASSIGNMENT|[120]|i|3
15:57:13.0 (73894795)|STATEMENT_EXECUTE|[115]
15:57:13.0 (73900146)|STATEMENT_EXECUTE|[116]
15:57:13.0 (73901619)|STATEMENT_EXECUTE|[120]
15:57:13.0 (73903171)|HEAP_ALLOCATE|[120]|Bytes:4
15:57:13.0 (73907395)|VARIABLE_ASSIGNMENT|[120]|i|4
15:57:13.0 (73915022)|STATEMENT_EXECUTE|[115]
15:57:13.0 (73920400)|STATEMENT_EXECUTE|[116]
15:57:13.0 (73921871)|STATEMENT_EXECUTE|[120]
15:57:13.0 (73923472)|HEAP_ALLOCATE|[120]|Bytes:4
15:57:13.0 (73927506)|VARIABLE_ASSIGNMENT|[120]|i|5
15:57:13.0 (73935088)|STATEMENT_EXECUTE|[115]
15:57:13.0 (73940437)|STATEMENT_EXECUTE|[116]
15:57:13.0 (73941997)|STATEMENT_EXECUTE|[120]
15:57:13.0 (73943519)|HEAP_ALLOCATE|[120]|Bytes:4
15:57:13.0 (73947575)|VARIABLE_ASSIGNMENT|[120]|i|6
15:57:13.0 (73956773)|STATEMENT_EXECUTE|[122]
15:57:13.0 (73958344)|STATEMENT_EXECUTE|[123]
15:57:13.0 (74011204)|HEAP_ALLOCATE|[EXTERNAL]|Bytes:4
15:57:13.0 (74028329)|HEAP_ALLOCATE|[112]|Bytes:5
15:57:13.0 (74039076)|HEAP_ALLOCATE|[112]|Bytes:12
15:57:13.0 (74045308)|VARIABLE_SCOPE_BEGIN|[112]|saReport|saReport__c|true|false
15:57:13.0 (74058883)|VARIABLE_ASSIGNMENT|[112]|saReport|{"category__c":"au Wallet","Id":"a0HN0000008Oba9MAC"}|0x3d897da1
15:57:13.0 (74064112)|STATEMENT_EXECUTE|[112]
15:57:13.0 (74065733)|STATEMENT_EXECUTE|[113]
15:57:13.0 (74068644)|VARIABLE_SCOPE_BEGIN|[113]|i|Integer|false|false
15:57:13.0 (74074405)|HEAP_ALLOCATE|[113]|Bytes:4
15:57:13.0 (74079284)|VARIABLE_ASSIGNMENT|[113]|i|0
15:57:13.0 (74082489)|STATEMENT_EXECUTE|[114]
15:57:13.0 (74084769)|VARIABLE_SCOPE_BEGIN|[114]|b|Boolean|false|false
15:57:13.0 (74090871)|HEAP_ALLOCATE|[114]|Bytes:5
15:57:13.0 (74095214)|VARIABLE_ASSIGNMENT|[114]|b|false
15:57:13.0 (74105384)|STATEMENT_EXECUTE|[115]
15:57:13.0 (74111660)|STATEMENT_EXECUTE|[116]
15:57:13.0 (74128768)|HEAP_ALLOCATE|[117]|Bytes:9
15:57:13.0 (74160342)|STATEMENT_EXECUTE|[118]
15:57:13.0 (74164831)|HEAP_ALLOCATE|[118]|Bytes:5
15:57:13.0 (74171814)|VARIABLE_ASSIGNMENT|[118]|b|true
15:57:13.0 (74175677)|STATEMENT_EXECUTE|[120]
15:57:13.0 (74177518)|HEAP_ALLOCATE|[120]|Bytes:4
15:57:13.0 (74182013)|VARIABLE_ASSIGNMENT|[120]|i|1
15:57:13.0 (74191536)|STATEMENT_EXECUTE|[115]
15:57:13.0 (74197379)|STATEMENT_EXECUTE|[116]
15:57:13.0 (74198854)|STATEMENT_EXECUTE|[120]
15:57:13.0 (74200356)|HEAP_ALLOCATE|[120]|Bytes:4
15:57:13.0 (74210243)|VARIABLE_ASSIGNMENT|[120]|i|2
15:57:13.0 (74218892)|STATEMENT_EXECUTE|[115]
15:57:13.0 (74224458)|STATEMENT_EXECUTE|[116]
15:57:13.0 (74225900)|STATEMENT_EXECUTE|[120]
15:57:13.0 (74227460)|HEAP_ALLOCATE|[120]|Bytes:4
15:57:13.0 (74231693)|VARIABLE_ASSIGNMENT|[120]|i|3
15:57:13.0 (74239282)|STATEMENT_EXECUTE|[115]
15:57:13.0 (74244667)|STATEMENT_EXECUTE|[116]
15:57:13.0 (74246146)|STATEMENT_EXECUTE|[120]
15:57:13.0 (74247665)|HEAP_ALLOCATE|[120]|Bytes:4
15:57:13.0 (74251638)|VARIABLE_ASSIGNMENT|[120]|i|4
15:57:13.0 (74259092)|STATEMENT_EXECUTE|[115]
15:57:13.0 (74264790)|STATEMENT_EXECUTE|[116]
15:57:13.0 (74266308)|STATEMENT_EXECUTE|[120]
15:57:13.0 (74267906)|HEAP_ALLOCATE|[120]|Bytes:4
15:57:13.0 (74272140)|VARIABLE_ASSIGNMENT|[120]|i|5
15:57:13.0 (74279730)|STATEMENT_EXECUTE|[115]
15:57:13.0 (74285162)|STATEMENT_EXECUTE|[116]
15:57:13.0 (74286624)|STATEMENT_EXECUTE|[120]
15:57:13.0 (74288159)|HEAP_ALLOCATE|[120]|Bytes:4
15:57:13.0 (74292162)|VARIABLE_ASSIGNMENT|[120]|i|6
15:57:13.0 (74301000)|STATEMENT_EXECUTE|[122]
15:57:13.0 (74308309)|HEAP_ALLOCATE|[112]|Bytes:5
15:57:13.0 (74317454)|HEAP_ALLOCATE|[112]|Bytes:12
15:57:13.0 (74322796)|VARIABLE_SCOPE_BEGIN|[112]|saReport|saReport__c|true|false
15:57:13.0 (74334599)|VARIABLE_ASSIGNMENT|[112]|saReport|{"category__c":"その他","Id":"a0HN0000008OfjYMAS"}|0x7d8de344
15:57:13.0 (74340107)|STATEMENT_EXECUTE|[112]
15:57:13.0 (74341596)|STATEMENT_EXECUTE|[113]
15:57:13.0 (74344113)|VARIABLE_SCOPE_BEGIN|[113]|i|Integer|false|false
15:57:13.0 (74349176)|HEAP_ALLOCATE|[113]|Bytes:4
15:57:13.0 (74353674)|VARIABLE_ASSIGNMENT|[113]|i|0
15:57:13.0 (74356993)|STATEMENT_EXECUTE|[114]
15:57:13.0 (74359139)|VARIABLE_SCOPE_BEGIN|[114]|b|Boolean|false|false
15:57:13.0 (74364861)|HEAP_ALLOCATE|[114]|Bytes:5
15:57:13.0 (74369087)|VARIABLE_ASSIGNMENT|[114]|b|false
15:57:13.0 (74378511)|STATEMENT_EXECUTE|[115]
15:57:13.0 (74384385)|STATEMENT_EXECUTE|[116]
15:57:13.0 (74388912)|HEAP_ALLOCATE|[117]|Bytes:9
15:57:13.0 (74404127)|STATEMENT_EXECUTE|[117]
15:57:13.0 (74406071)|STATEMENT_EXECUTE|[120]
15:57:13.0 (74407877)|HEAP_ALLOCATE|[120]|Bytes:4
15:57:13.0 (74413343)|VARIABLE_ASSIGNMENT|[120]|i|1
15:57:13.0 (74421680)|STATEMENT_EXECUTE|[115]
15:57:13.0 (74427353)|STATEMENT_EXECUTE|[116]
15:57:13.0 (74428827)|STATEMENT_EXECUTE|[120]
15:57:13.0 (74430342)|HEAP_ALLOCATE|[120]|Bytes:4
15:57:13.0 (74434627)|VARIABLE_ASSIGNMENT|[120]|i|2
15:57:13.0 (74442276)|STATEMENT_EXECUTE|[115]
15:57:13.0 (74447594)|STATEMENT_EXECUTE|[116]
15:57:13.0 (74449126)|STATEMENT_EXECUTE|[120]
15:57:13.0 (74450747)|HEAP_ALLOCATE|[120]|Bytes:4
15:57:13.0 (74454930)|VARIABLE_ASSIGNMENT|[120]|i|3
15:57:13.0 (74462418)|STATEMENT_EXECUTE|[115]
15:57:13.0 (74467892)|STATEMENT_EXECUTE|[116]
15:57:13.0 (74469346)|STATEMENT_EXECUTE|[120]
15:57:13.0 (74470878)|HEAP_ALLOCATE|[120]|Bytes:4
15:57:13.0 (74474971)|VARIABLE_ASSIGNMENT|[120]|i|4
15:57:13.0 (74482458)|STATEMENT_EXECUTE|[115]
15:57:13.0 (74487882)|STATEMENT_EXECUTE|[116]
15:57:13.0 (74489333)|STATEMENT_EXECUTE|[120]
15:57:13.0 (74490844)|HEAP_ALLOCATE|[120]|Bytes:4
15:57:13.0 (74494875)|VARIABLE_ASSIGNMENT|[120]|i|5
15:57:13.0 (74502260)|STATEMENT_EXECUTE|[115]
15:57:13.0 (74507654)|STATEMENT_EXECUTE|[116]
15:57:13.0 (74509125)|STATEMENT_EXECUTE|[120]
15:57:13.0 (74510697)|HEAP_ALLOCATE|[120]|Bytes:4
15:57:13.0 (74514741)|VARIABLE_ASSIGNMENT|[120]|i|6
15:57:13.0 (74523563)|STATEMENT_EXECUTE|[122]
15:57:13.0 (74525082)|STATEMENT_EXECUTE|[123]
15:57:13.0 (74531732)|HEAP_ALLOCATE|[EXTERNAL]|Bytes:4
15:57:13.0 (74542373)|HEAP_ALLOCATE|[112]|Bytes:5
15:57:13.0 (74550752)|HEAP_ALLOCATE|[112]|Bytes:12
15:57:13.0 (74556478)|VARIABLE_SCOPE_BEGIN|[112]|saReport|saReport__c|true|false
15:57:13.0 (74567012)|VARIABLE_ASSIGNMENT|[112]|saReport|{"category__c":"新iPhone","Id":"a0HN0000008OfliMAC"}|0x6151e0a5
15:57:13.0 (74572456)|STATEMENT_EXECUTE|[112]
15:57:13.0 (74573909)|STATEMENT_EXECUTE|[113]
15:57:13.0 (74576429)|VARIABLE_SCOPE_BEGIN|[113]|i|Integer|false|false
15:57:13.0 (74581570)|HEAP_ALLOCATE|[113]|Bytes:4
15:57:13.0 (74585949)|VARIABLE_ASSIGNMENT|[113]|i|0
15:57:13.0 (74589074)|STATEMENT_EXECUTE|[114]
15:57:13.0 (74591084)|VARIABLE_SCOPE_BEGIN|[114]|b|Boolean|false|false
15:57:13.0 (74596697)|HEAP_ALLOCATE|[114]|Bytes:5
15:57:13.0 (74600875)|VARIABLE_ASSIGNMENT|[114]|b|false
15:57:13.0 (74609899)|STATEMENT_EXECUTE|[115]
15:57:13.0 (74615814)|STATEMENT_EXECUTE|[116]
15:57:13.0 (74619864)|HEAP_ALLOCATE|[117]|Bytes:9
15:57:13.0 (74631982)|STATEMENT_EXECUTE|[117]
15:57:13.0 (74633769)|STATEMENT_EXECUTE|[120]
15:57:13.0 (74635575)|HEAP_ALLOCATE|[120]|Bytes:4
15:57:13.0 (74640848)|VARIABLE_ASSIGNMENT|[120]|i|1
15:57:13.0 (74649714)|STATEMENT_EXECUTE|[115]
15:57:13.0 (74655334)|STATEMENT_EXECUTE|[116]
15:57:13.0 (74659160)|HEAP_ALLOCATE|[117]|Bytes:3
15:57:13.0 (74668856)|STATEMENT_EXECUTE|[117]
15:57:13.0 (74670518)|STATEMENT_EXECUTE|[120]
15:57:13.0 (74672139)|HEAP_ALLOCATE|[120]|Bytes:4
15:57:13.0 (74677041)|VARIABLE_ASSIGNMENT|[120]|i|2
15:57:13.0 (74685304)|STATEMENT_EXECUTE|[115]
15:57:13.0 (74690754)|STATEMENT_EXECUTE|[116]
15:57:13.0 (74692219)|STATEMENT_EXECUTE|[120]
15:57:13.0 (74693737)|HEAP_ALLOCATE|[120]|Bytes:4
15:57:13.0 (74697889)|VARIABLE_ASSIGNMENT|[120]|i|3
15:57:13.0 (74705417)|STATEMENT_EXECUTE|[115]
15:57:13.0 (74710786)|STATEMENT_EXECUTE|[116]
15:57:13.0 (74712280)|STATEMENT_EXECUTE|[120]
15:57:13.0 (74713807)|HEAP_ALLOCATE|[120]|Bytes:4
15:57:13.0 (74718035)|VARIABLE_ASSIGNMENT|[120]|i|4
15:57:13.0 (74725712)|STATEMENT_EXECUTE|[115]
15:57:13.0 (74731040)|STATEMENT_EXECUTE|[116]
15:57:13.0 (74732506)|STATEMENT_EXECUTE|[120]
15:57:13.0 (74734064)|HEAP_ALLOCATE|[120]|Bytes:4
15:57:13.0 (74738388)|VARIABLE_ASSIGNMENT|[120]|i|5
15:57:13.0 (74745788)|STATEMENT_EXECUTE|[115]
15:57:13.0 (74751164)|STATEMENT_EXECUTE|[116]
15:57:13.0 (74752623)|STATEMENT_EXECUTE|[120]
15:57:13.0 (74754143)|HEAP_ALLOCATE|[120]|Bytes:4
15:57:13.0 (74758316)|VARIABLE_ASSIGNMENT|[120]|i|6
15:57:13.0 (74767160)|STATEMENT_EXECUTE|[122]
15:57:13.0 (74768703)|STATEMENT_EXECUTE|[123]
15:57:13.0 (74774342)|HEAP_ALLOCATE|[EXTERNAL]|Bytes:4
15:57:13.0 (74784194)|HEAP_ALLOCATE|[112]|Bytes:5
15:57:13.0 (74792079)|HEAP_ALLOCATE|[112]|Bytes:12
15:57:13.0 (74797220)|VARIABLE_SCOPE_BEGIN|[112]|saReport|saReport__c|true|false
15:57:13.0 (74807533)|VARIABLE_ASSIGNMENT|[112]|saReport|{"category__c":"新iPhone","Id":"a0HN0000008OfdTMAS"}|0x7172e6d3
15:57:13.0 (74812615)|STATEMENT_EXECUTE|[112]
15:57:13.0 (74814175)|STATEMENT_EXECUTE|[113]
15:57:13.0 (74816700)|VARIABLE_SCOPE_BEGIN|[113]|i|Integer|false|false
15:57:13.0 (74821946)|HEAP_ALLOCATE|[113]|Bytes:4
15:57:13.0 (74826317)|VARIABLE_ASSIGNMENT|[113]|i|0
15:57:13.0 (74829570)|STATEMENT_EXECUTE|[114]
15:57:13.0 (74831836)|VARIABLE_SCOPE_BEGIN|[114]|b|Boolean|false|false
15:57:13.0 (74837434)|HEAP_ALLOCATE|[114]|Bytes:5
15:57:13.0 (74841544)|VARIABLE_ASSIGNMENT|[114]|b|false
15:57:13.0 (74850350)|STATEMENT_EXECUTE|[115]
15:57:13.0 (74856236)|STATEMENT_EXECUTE|[116]
15:57:13.0 (74860200)|HEAP_ALLOCATE|[117]|Bytes:9
15:57:13.0 (74887679)|STATEMENT_EXECUTE|[117]
15:57:13.0 (74889943)|STATEMENT_EXECUTE|[120]
15:57:13.0 (74891994)|HEAP_ALLOCATE|[120]|Bytes:4
15:57:13.0 (74902144)|VARIABLE_ASSIGNMENT|[120]|i|1
15:57:13.0 (74911649)|STATEMENT_EXECUTE|[115]
15:57:13.0 (74917417)|STATEMENT_EXECUTE|[116]
15:57:13.0 (74921506)|HEAP_ALLOCATE|[117]|Bytes:3
15:57:13.0 (74930901)|STATEMENT_EXECUTE|[117]
15:57:13.0 (74932551)|STATEMENT_EXECUTE|[120]
15:57:13.0 (74934147)|HEAP_ALLOCATE|[120]|Bytes:4
15:57:13.0 (74939384)|VARIABLE_ASSIGNMENT|[120]|i|2
15:57:13.0 (74947760)|STATEMENT_EXECUTE|[115]
15:57:13.0 (74953260)|STATEMENT_EXECUTE|[116]
15:57:13.0 (74957085)|HEAP_ALLOCATE|[117]|Bytes:7
15:57:13.0 (74967753)|STATEMENT_EXECUTE|[118]
15:57:13.0 (74971227)|HEAP_ALLOCATE|[118]|Bytes:5
15:57:13.0 (74976861)|VARIABLE_ASSIGNMENT|[118]|b|true
15:57:13.0 (74980406)|STATEMENT_EXECUTE|[120]
15:57:13.0 (74982061)|HEAP_ALLOCATE|[120]|Bytes:4
15:57:13.0 (74986054)|VARIABLE_ASSIGNMENT|[120]|i|3
15:57:13.0 (74994577)|STATEMENT_EXECUTE|[115]
15:57:13.0 (75000021)|STATEMENT_EXECUTE|[116]
15:57:13.0 (75002126)|STATEMENT_EXECUTE|[120]
15:57:13.0 (75003666)|HEAP_ALLOCATE|[120]|Bytes:4
15:57:13.0 (75007845)|VARIABLE_ASSIGNMENT|[120]|i|4
15:57:13.0 (75015332)|STATEMENT_EXECUTE|[115]
15:57:13.0 (75020593)|STATEMENT_EXECUTE|[116]
15:57:13.0 (75022120)|STATEMENT_EXECUTE|[120]
15:57:13.0 (75023645)|HEAP_ALLOCATE|[120]|Bytes:4
15:57:13.0 (75027849)|VARIABLE_ASSIGNMENT|[120]|i|5
15:57:13.0 (75035436)|STATEMENT_EXECUTE|[115]
15:57:13.0 (75040677)|STATEMENT_EXECUTE|[116]
15:57:13.0 (75042122)|STATEMENT_EXECUTE|[120]
15:57:13.0 (75043632)|HEAP_ALLOCATE|[120]|Bytes:4
15:57:13.0 (75047550)|VARIABLE_ASSIGNMENT|[120]|i|6
15:57:13.0 (75056688)|STATEMENT_EXECUTE|[122]
15:57:13.0 (75063243)|HEAP_ALLOCATE|[112]|Bytes:5
15:57:13.0 (75071450)|HEAP_ALLOCATE|[112]|Bytes:12
15:57:13.0 (75076441)|VARIABLE_SCOPE_BEGIN|[112]|saReport|saReport__c|true|false
15:57:13.0 (75087509)|VARIABLE_ASSIGNMENT|[112]|saReport|{"category__c":"新iPhone","Id":"a0HN0000008OfbOMAS"}|0x760e929
15:57:13.0 (75092496)|STATEMENT_EXECUTE|[112]
15:57:13.0 (75093982)|STATEMENT_EXECUTE|[113]
15:57:13.0 (75096253)|VARIABLE_SCOPE_BEGIN|[113]|i|Integer|false|false
15:57:13.0 (75101135)|HEAP_ALLOCATE|[113]|Bytes:4
15:57:13.0 (75105376)|VARIABLE_ASSIGNMENT|[113]|i|0
15:57:13.0 (75108617)|STATEMENT_EXECUTE|[114]
15:57:13.0 (75110718)|VARIABLE_SCOPE_BEGIN|[114]|b|Boolean|false|false
15:57:13.0 (75116227)|HEAP_ALLOCATE|[114]|Bytes:5
15:57:13.0 (75120475)|VARIABLE_ASSIGNMENT|[114]|b|false
15:57:13.0 (75129463)|STATEMENT_EXECUTE|[115]
15:57:13.0 (75135297)|STATEMENT_EXECUTE|[116]
15:57:13.0 (75139297)|HEAP_ALLOCATE|[117]|Bytes:9
15:57:13.0 (75150244)|STATEMENT_EXECUTE|[117]
15:57:13.0 (75152248)|STATEMENT_EXECUTE|[120]
15:57:13.0 (75154047)|HEAP_ALLOCATE|[120]|Bytes:4
15:57:13.0 (75159234)|VARIABLE_ASSIGNMENT|[120]|i|1
15:57:13.0 (75167642)|STATEMENT_EXECUTE|[115]
15:57:13.0 (75173191)|STATEMENT_EXECUTE|[116]
15:57:13.0 (75176948)|HEAP_ALLOCATE|[117]|Bytes:3
15:57:13.0 (75186012)|STATEMENT_EXECUTE|[117]
15:57:13.0 (75187690)|STATEMENT_EXECUTE|[120]
15:57:13.0 (75189311)|HEAP_ALLOCATE|[120]|Bytes:4
15:57:13.0 (75194327)|VARIABLE_ASSIGNMENT|[120]|i|2
15:57:13.0 (75207120)|STATEMENT_EXECUTE|[115]
15:57:13.0 (75212921)|STATEMENT_EXECUTE|[116]
15:57:13.0 (75216893)|HEAP_ALLOCATE|[117]|Bytes:7
15:57:13.0 (75228357)|STATEMENT_EXECUTE|[118]
15:57:13.0 (75231522)|HEAP_ALLOCATE|[118]|Bytes:5
15:57:13.0 (75237210)|VARIABLE_ASSIGNMENT|[118]|b|true
15:57:13.0 (75240761)|STATEMENT_EXECUTE|[120]
15:57:13.0 (75242514)|HEAP_ALLOCATE|[120]|Bytes:4
15:57:13.0 (75246614)|VARIABLE_ASSIGNMENT|[120]|i|3
15:57:13.0 (75255043)|STATEMENT_EXECUTE|[115]
15:57:13.0 (75260545)|STATEMENT_EXECUTE|[116]
15:57:13.0 (75262015)|STATEMENT_EXECUTE|[120]
15:57:13.0 (75263679)|HEAP_ALLOCATE|[120]|Bytes:4
15:57:13.0 (75268024)|VARIABLE_ASSIGNMENT|[120]|i|4
15:57:13.0 (75275567)|STATEMENT_EXECUTE|[115]
15:57:13.0 (75280838)|STATEMENT_EXECUTE|[116]
15:57:13.0 (75282302)|STATEMENT_EXECUTE|[120]
15:57:13.0 (75283964)|HEAP_ALLOCATE|[120]|Bytes:4
15:57:13.0 (75288033)|VARIABLE_ASSIGNMENT|[120]|i|5
15:57:13.0 (75295512)|STATEMENT_EXECUTE|[115]
15:57:13.0 (75300791)|STATEMENT_EXECUTE|[116]
15:57:13.0 (75302249)|STATEMENT_EXECUTE|[120]
15:57:13.0 (75303831)|HEAP_ALLOCATE|[120]|Bytes:4
15:57:13.0 (75307827)|VARIABLE_ASSIGNMENT|[120]|i|6
15:57:13.0 (75316114)|STATEMENT_EXECUTE|[122]
15:57:13.0 (75322407)|HEAP_ALLOCATE|[112]|Bytes:5
15:57:13.0 (75331392)|VARIABLE_ASSIGNMENT|[112]|saReport|null|
15:57:13.0 (75335588)|STATEMENT_EXECUTE|[127]
15:57:13.0 (75398921)|VARIABLE_ASSIGNMENT|[EXTERNAL]|this|{"pageNum":1,"pageSize":20}|0x6088bebe
15:57:13.0 (75413353)|VARIABLE_ASSIGNMENT|[EXTERNAL]|value|["au Wallet","その他","新iPhone"]|0x6629e6bf
15:57:13.0 (75426975)|VARIABLE_ASSIGNMENT|[7]|this.listOfCategory|["au Wallet","その他","新iPhone"]|0x6088bebe
15:57:13.0 (75441947)|METHOD_EXIT|[31]|01pN0000000aEUV|saReportCtrl.initCategory()
15:57:13.0 (75446780)|STATEMENT_EXECUTE|[32]
15:57:13.0 (75456270)|METHOD_ENTRY|[32]|01pN0000000aEUV|saReportCtrl.recordSearch()
15:57:13.0 (75504993)|VARIABLE_SCOPE_BEGIN|[87]|this|saReportCtrl|true|false
15:57:13.0 (75534322)|VARIABLE_ASSIGNMENT|[87]|this|{"listOfCategory":"0x6629e6bf","pageNum":1,"pageSize":20}|0x6088bebe
15:57:13.0 (75552667)|HEAP_ALLOCATE|[89]|Bytes:5
15:57:13.0 (75557288)|STATEMENT_EXECUTE|[87]
15:57:13.0 (75558989)|STATEMENT_EXECUTE|[89]
15:57:13.0 (75562346)|HEAP_ALLOCATE|[89]|Bytes:114
15:57:13.0 (75567185)|VARIABLE_SCOPE_BEGIN|[89]|queryStr|String|false|false
15:57:13.0 (75577663)|VARIABLE_ASSIGNMENT|[89]|queryStr|" SELECT Name, subjec (94 more) ..."
15:57:13.0 (75581521)|STATEMENT_EXECUTE|[90]
15:57:13.0 (75600805)|USER_DEBUG|[90]|DEBUG| SELECT Name, subject__c, category__c, process__c, report_body__c, CreatedBy.Name, CreatedDate__c FROM saReport__c
15:57:13.0 (75609493)|STATEMENT_EXECUTE|[92]
15:57:13.0 (77235136)|SOQL_EXECUTE_BEGIN|[92]|Aggregations:0| SELECT Name, subject__c, category__c, process__c, report_body__c, CreatedBy.Name, CreatedDate__c FROM saReport__c
15:57:13.0 (88881585)|SOQL_EXECUTE_END|[92]|Rows:6
15:57:13.0 (88904541)|HEAP_ALLOCATE|[92]|Bytes:28
15:57:13.0 (88945069)|HEAP_ALLOCATE|[92]|Bytes:1649
15:57:13.0 (88979852)|HEAP_ALLOCATE|[92]|Bytes:28
15:57:13.0 (88996872)|VARIABLE_SCOPE_BEGIN|[92]|listOfReports|List<saReport__c>|true|false
15:57:13.0 (89014381)|VARIABLE_ASSIGNMENT|[92]|listOfReports|"List of size 6 too large to display"|0x15e36c39
15:57:13.0 (89020727)|STATEMENT_EXECUTE|[93]
15:57:13.0 (89037786)|METHOD_ENTRY|[93]|01pN0000000aEUV|saReportCtrl.createSsc(List<saReport__c>)
15:57:13.0 (89092358)|VARIABLE_SCOPE_BEGIN|[52]|this|saReportCtrl|true|false
15:57:13.0 (89128843)|VARIABLE_ASSIGNMENT|[52]|this|{"listOfCategory":"0x6629e6bf","pageNum":1,"pageSize":20}|0x6088bebe
15:57:13.0 (89135773)|VARIABLE_SCOPE_BEGIN|[52]|lsStpd|List<saReport__c>|true|false
15:57:13.0 (89145341)|VARIABLE_ASSIGNMENT|[52]|lsStpd|"List of size 6 too large to display"|0x15e36c39
15:57:13.0 (89163912)|HEAP_ALLOCATE|[53]|Bytes:5
15:57:13.0 (89169454)|STATEMENT_EXECUTE|[52]
15:57:13.0 (89171100)|STATEMENT_EXECUTE|[53]
15:57:13.0 (89288872)|VARIABLE_SCOPE_BEGIN|[53]|localSsc|ApexPages.StandardSetController|true|false
15:57:13.0 (89415778)|VARIABLE_ASSIGNMENT|[53]|localSsc|"core.apexpages.components.framework.controller.SetOrientedStandardControllerImpl@6b8247dc"|0x6b8247dc
15:57:13.0 (89424822)|STATEMENT_EXECUTE|[54]
15:57:13.0 (89577167)|STATEMENT_EXECUTE|[55]
15:57:13.0 (89630048)|VARIABLE_ASSIGNMENT|[EXTERNAL]|this|{"listOfCategory":"0x6629e6bf","pageNum":1,"pageSize":20}|0x6088bebe
15:57:13.0 (89667504)|STATEMENT_EXECUTE|[56]
15:57:13.0 (89675560)|METHOD_EXIT|[93]|01pN0000000aEUV|saReportCtrl.createSsc(List<saReport__c>)
15:57:13.0 (89715707)|VARIABLE_ASSIGNMENT|[EXTERNAL]|this|{"listOfCategory":"0x6629e6bf","pageNum":1,"pageSize":20}|0x6088bebe
15:57:13.0 (89789985)|VARIABLE_ASSIGNMENT|[EXTERNAL]|value|"core.apexpages.components.framework.controller.SetOrientedStandardControllerImpl@6b8247dc"|0x6b8247dc
15:57:13.0 (89861196)|VARIABLE_ASSIGNMENT|[10]|this.ssc|"core.apexpages.components.framework.controller.SetOrientedStandardControllerImpl@6b8247dc"|0x6088bebe
15:57:13.0 (89877680)|METHOD_EXIT|[32]|01pN0000000aEUV|saReportCtrl.recordSearch()
15:57:13.0 (89882327)|STATEMENT_EXECUTE|[34]
15:57:13.0 (89891766)|METHOD_ENTRY|[34]|01pN0000000aEUV|saReportCtrl.initCategoryPicklist()
15:57:13.0 (89973144)|VARIABLE_SCOPE_BEGIN|[137]|this|saReportCtrl|true|false
15:57:13.0 (90089279)|VARIABLE_ASSIGNMENT|[137]|this|{"listOfCategory":"0x6629e6bf","pageNum":1,"pageSize":20,"ssc":"core.apexpages.components.framework.controller.SetOrientedStandardControllerImpl@6b8247dc"}|0x6088bebe
15:57:13.0 (90111740)|HEAP_ALLOCATE|[139]|Bytes:5
15:57:13.0 (90117246)|STATEMENT_EXECUTE|[137]
15:57:13.0 (90119090)|STATEMENT_EXECUTE|[139]
15:57:13.0 (90122630)|HEAP_ALLOCATE|[139]|Bytes:11
15:57:13.0 (90126699)|HEAP_ALLOCATE|[139]|Bytes:11
15:57:13.0 (90657448)|HEAP_ALLOCATE|[139]|Bytes:8
15:57:13.0 (90686548)|VARIABLE_SCOPE_BEGIN|[139]|statusFieldDescription|Schema.DescribeFieldResult|true|false
15:57:13.0 (90814554)|VARIABLE_ASSIGNMENT|[139]|statusFieldDescription|"common.api.soap.wsdl.Field@5181a1ae"|0x9bd8f5e
15:57:13.0 (90823491)|STATEMENT_EXECUTE|[140]
15:57:13.0 (90838663)|HEAP_ALLOCATE|[140]|Bytes:4
15:57:13.0 (90989479)|VARIABLE_ASSIGNMENT|[EXTERNAL]|this|{"listOfCategory":"0x6629e6bf","pageNum":1,"pageSize":20,"ssc":"core.apexpages.components.framework.controller.SetOrientedStandardControllerImpl@6b8247dc"}|0x6088bebe
15:57:13.0 (91020292)|HEAP_ALLOCATE|[EXTERNAL]|Bytes:4
15:57:13.0 (91029824)|VARIABLE_ASSIGNMENT|[EXTERNAL]|value|[]|0x6bafab8b
15:57:13.0 (91043727)|VARIABLE_ASSIGNMENT|[16]|this.categoryDataOptions|[]|0x6088bebe
15:57:13.0 (91086889)|HEAP_ALLOCATE|[EXTERNAL]|Bytes:68
15:57:13.0 (91131209)|HEAP_ALLOCATE|[141]|Bytes:68
15:57:13.0 (91270849)|HEAP_ALLOCATE|[141]|Bytes:5
15:57:13.0 (91304230)|HEAP_ALLOCATE|[141]|Bytes:4
15:57:13.0 (91326959)|VARIABLE_SCOPE_BEGIN|[141]|picklistEntry|Schema.PicklistEntry|true|false
15:57:13.0 (91341513)|VARIABLE_ASSIGNMENT|[141]|picklistEntry|新料金プラン[CX-STPDレポート (チーム単位)]|0x41a3d8d5
15:57:13.0 (91347655)|STATEMENT_EXECUTE|[142]
15:57:13.0 (91349461)|STATEMENT_EXECUTE|[143]
15:57:13.0 (91481905)|VARIABLE_ASSIGNMENT|[EXTERNAL]|this|{"categoryDataOptions":"0x6bafab8b","listOfCategory":"0x6629e6bf","pageNum":1,"pageSize":20,"ssc":"core.apexpages.components.framework.controller.SetOrientedStandardControllerImpl@6b8247dc"}|0x6088bebe
15:57:13.0 (91514751)|HEAP_ALLOCATE|[143]|Bytes:27
15:57:13.0 (91524963)|HEAP_ALLOCATE|[143]|Bytes:27
15:57:13.0 (91551433)|HEAP_ALLOCATE|[EXTERNAL]|Bytes:4
15:57:13.0 (91566324)|HEAP_ALLOCATE|[141]|Bytes:5
15:57:13.0 (91577198)|HEAP_ALLOCATE|[141]|Bytes:4
15:57:13.0 (91591655)|VARIABLE_SCOPE_BEGIN|[141]|picklistEntry|Schema.PicklistEntry|true|false
15:57:13.0 (91603495)|VARIABLE_ASSIGNMENT|[141]|picklistEntry|新iPhone|0x140709be
15:57:13.0 (91608833)|STATEMENT_EXECUTE|[142]
15:57:13.0 (91610558)|STATEMENT_EXECUTE|[143]
15:57:13.0 (91717338)|VARIABLE_ASSIGNMENT|[EXTERNAL]|this|{"categoryDataOptions":"0x6bafab8b","listOfCategory":"0x6629e6bf","pageNum":1,"pageSize":20,"ssc":"core.apexpages.components.framework.controller.SetOrientedStandardControllerImpl@6b8247dc"}|0x6088bebe
15:57:13.0 (91739483)|HEAP_ALLOCATE|[143]|Bytes:7
15:57:13.0 (91745260)|HEAP_ALLOCATE|[143]|Bytes:7
15:57:13.0 (91755686)|HEAP_ALLOCATE|[EXTERNAL]|Bytes:4
15:57:13.0 (91768142)|HEAP_ALLOCATE|[141]|Bytes:5
15:57:13.0 (91778045)|HEAP_ALLOCATE|[141]|Bytes:4
15:57:13.0 (91791722)|VARIABLE_SCOPE_BEGIN|[141]|picklistEntry|Schema.PicklistEntry|true|false
15:57:13.0 (91803015)|VARIABLE_ASSIGNMENT|[141]|picklistEntry|CX [プチ自慢] お客さまから褒められたこと|0x27e3b3bf
15:57:13.0 (91808650)|STATEMENT_EXECUTE|[142]
15:57:13.0 (91810272)|STATEMENT_EXECUTE|[143]
15:57:13.0 (91911804)|VARIABLE_ASSIGNMENT|[EXTERNAL]|this|{"categoryDataOptions":"0x6bafab8b","listOfCategory":"0x6629e6bf","pageNum":1,"pageSize":20,"ssc":"core.apexpages.components.framework.controller.SetOrientedStandardControllerImpl@6b8247dc"}|0x6088bebe
15:57:13.0 (91931896)|HEAP_ALLOCATE|[143]|Bytes:23
15:57:13.0 (91937758)|HEAP_ALLOCATE|[143]|Bytes:23
15:57:13.0 (91947313)|HEAP_ALLOCATE|[EXTERNAL]|Bytes:4
15:57:13.0 (91958565)|HEAP_ALLOCATE|[141]|Bytes:5
15:57:13.0 (91967911)|HEAP_ALLOCATE|[141]|Bytes:4
15:57:13.0 (91980782)|VARIABLE_SCOPE_BEGIN|[141]|picklistEntry|Schema.PicklistEntry|true|false
15:57:13.0 (91991424)|VARIABLE_ASSIGNMENT|[141]|picklistEntry|Vストック|0x78d9a2e6
15:57:13.0 (91996568)|STATEMENT_EXECUTE|[142]
15:57:13.0 (91998247)|STATEMENT_EXECUTE|[143]
15:57:13.0 (92098005)|VARIABLE_ASSIGNMENT|[EXTERNAL]|this|{"categoryDataOptions":"0x6bafab8b","listOfCategory":"0x6629e6bf","pageNum":1,"pageSize":20,"ssc":"core.apexpages.components.framework.controller.SetOrientedStandardControllerImpl@6b8247dc"}|0x6088bebe
15:57:13.0 (92117820)|HEAP_ALLOCATE|[143]|Bytes:5
15:57:13.0 (92123601)|HEAP_ALLOCATE|[143]|Bytes:5
15:57:13.0 (92132989)|HEAP_ALLOCATE|[EXTERNAL]|Bytes:4
15:57:13.0 (92144230)|HEAP_ALLOCATE|[141]|Bytes:5
15:57:13.0 (92153734)|HEAP_ALLOCATE|[141]|Bytes:4
15:57:13.0 (92166498)|VARIABLE_SCOPE_BEGIN|[141]|picklistEntry|Schema.PicklistEntry|true|false
15:57:13.0 (92176800)|VARIABLE_ASSIGNMENT|[141]|picklistEntry|UQ・家電連携|0x197af77c
15:57:13.0 (92181968)|STATEMENT_EXECUTE|[142]
15:57:13.0 (92183603)|STATEMENT_EXECUTE|[143]
15:57:13.0 (92288710)|VARIABLE_ASSIGNMENT|[EXTERNAL]|this|{"categoryDataOptions":"0x6bafab8b","listOfCategory":"0x6629e6bf","pageNum":1,"pageSize":20,"ssc":"core.apexpages.components.framework.controller.SetOrientedStandardControllerImpl@6b8247dc"}|0x6088bebe
15:57:13.0 (92308342)|HEAP_ALLOCATE|[143]|Bytes:7
15:57:13.0 (92313967)|HEAP_ALLOCATE|[143]|Bytes:7
15:57:13.0 (92323482)|HEAP_ALLOCATE|[EXTERNAL]|Bytes:4
15:57:13.0 (92334530)|HEAP_ALLOCATE|[141]|Bytes:5
15:57:13.0 (92343476)|HEAP_ALLOCATE|[141]|Bytes:4
15:57:13.0 (92355805)|VARIABLE_SCOPE_BEGIN|[141]|picklistEntry|Schema.PicklistEntry|true|false
15:57:13.0 (92365957)|VARIABLE_ASSIGNMENT|[141]|picklistEntry|au 電気|0x359c5714
15:57:13.0 (92371208)|STATEMENT_EXECUTE|[142]
15:57:13.0 (92372847)|STATEMENT_EXECUTE|[143]
15:57:13.0 (92471784)|VARIABLE_ASSIGNMENT|[EXTERNAL]|this|{"categoryDataOptions":"0x6bafab8b","listOfCategory":"0x6629e6bf","pageNum":1,"pageSize":20,"ssc":"core.apexpages.components.framework.controller.SetOrientedStandardControllerImpl@6b8247dc"}|0x6088bebe
15:57:13.0 (92490605)|HEAP_ALLOCATE|[143]|Bytes:5
15:57:13.0 (92496337)|HEAP_ALLOCATE|[143]|Bytes:5
15:57:13.0 (92505678)|HEAP_ALLOCATE|[EXTERNAL]|Bytes:4
15:57:13.0 (92516950)|HEAP_ALLOCATE|[141]|Bytes:5
15:57:13.0 (92526256)|HEAP_ALLOCATE|[141]|Bytes:4
15:57:13.0 (92538811)|VARIABLE_SCOPE_BEGIN|[141]|picklistEntry|Schema.PicklistEntry|true|false
15:57:13.0 (92549007)|VARIABLE_ASSIGNMENT|[141]|picklistEntry|au S T A R|0xfd86453
15:57:13.0 (92554065)|STATEMENT_EXECUTE|[142]
15:57:13.0 (92555650)|STATEMENT_EXECUTE|[143]
15:57:13.0 (92653747)|VARIABLE_ASSIGNMENT|[EXTERNAL]|this|{"categoryDataOptions":"0x6bafab8b","listOfCategory":"0x6629e6bf","pageNum":1,"pageSize":20,"ssc":"core.apexpages.components.framework.controller.SetOrientedStandardControllerImpl@6b8247dc"}|0x6088bebe
15:57:13.0 (92672191)|HEAP_ALLOCATE|[143]|Bytes:10
15:57:13.0 (92678157)|HEAP_ALLOCATE|[143]|Bytes:10
15:57:13.0 (92687387)|HEAP_ALLOCATE|[EXTERNAL]|Bytes:4
15:57:13.0 (92698614)|HEAP_ALLOCATE|[141]|Bytes:5
15:57:13.0 (92707697)|HEAP_ALLOCATE|[141]|Bytes:4
15:57:13.0 (92720011)|VARIABLE_SCOPE_BEGIN|[141]|picklistEntry|Schema.PicklistEntry|true|false
15:57:13.0 (92730361)|VARIABLE_ASSIGNMENT|[141]|picklistEntry|イベント・集客策|0x3aa339dc
15:57:13.0 (92735881)|STATEMENT_EXECUTE|[142]
15:57:13.0 (92737519)|STATEMENT_EXECUTE|[143]
15:57:13.0 (92835811)|VARIABLE_ASSIGNMENT|[EXTERNAL]|this|{"categoryDataOptions":"0x6bafab8b","listOfCategory":"0x6629e6bf","pageNum":1,"pageSize":20,"ssc":"core.apexpages.components.framework.controller.SetOrientedStandardControllerImpl@6b8247dc"}|0x6088bebe
15:57:13.0 (92854419)|HEAP_ALLOCATE|[143]|Bytes:8
15:57:13.0 (92859966)|HEAP_ALLOCATE|[143]|Bytes:8
15:57:13.0 (92869314)|HEAP_ALLOCATE|[EXTERNAL]|Bytes:4
15:57:13.0 (92894567)|HEAP_ALLOCATE|[141]|Bytes:5
15:57:13.0 (92907306)|HEAP_ALLOCATE|[141]|Bytes:4
15:57:13.0 (92920492)|VARIABLE_SCOPE_BEGIN|[141]|picklistEntry|Schema.PicklistEntry|true|false
15:57:13.0 (92931060)|VARIABLE_ASSIGNMENT|[141]|picklistEntry|au ひかり|0x742cf8e3
15:57:13.0 (92936557)|STATEMENT_EXECUTE|[142]
15:57:13.0 (92938169)|STATEMENT_EXECUTE|[143]
15:57:13.0 (93038097)|VARIABLE_ASSIGNMENT|[EXTERNAL]|this|{"categoryDataOptions":"0x6bafab8b","listOfCategory":"0x6629e6bf","pageNum":1,"pageSize":20,"ssc":"core.apexpages.components.framework.controller.SetOrientedStandardControllerImpl@6b8247dc"}|0x6088bebe
15:57:13.0 (93058216)|HEAP_ALLOCATE|[143]|Bytes:6
15:57:13.0 (93063918)|HEAP_ALLOCATE|[143]|Bytes:6
15:57:13.0 (93073376)|HEAP_ALLOCATE|[EXTERNAL]|Bytes:4
15:57:13.0 (93084301)|HEAP_ALLOCATE|[141]|Bytes:5
15:57:13.0 (93093010)|HEAP_ALLOCATE|[141]|Bytes:4
15:57:13.0 (93104988)|VARIABLE_SCOPE_BEGIN|[141]|picklistEntry|Schema.PicklistEntry|true|false
15:57:13.0 (93115362)|VARIABLE_ASSIGNMENT|[141]|picklistEntry|その他固定商材|0x23df3585
15:57:13.0 (93120702)|STATEMENT_EXECUTE|[142]
15:57:13.0 (93122302)|STATEMENT_EXECUTE|[143]
15:57:13.0 (93229215)|VARIABLE_ASSIGNMENT|[EXTERNAL]|this|{"categoryDataOptions":"0x6bafab8b","listOfCategory":"0x6629e6bf","pageNum":1,"pageSize":20,"ssc":"core.apexpages.components.framework.controller.SetOrientedStandardControllerImpl@6b8247dc"}|0x6088bebe
15:57:13.0 (93248723)|HEAP_ALLOCATE|[143]|Bytes:7
15:57:13.0 (93254294)|HEAP_ALLOCATE|[143]|Bytes:7
15:57:13.0 (93264137)|HEAP_ALLOCATE|[EXTERNAL]|Bytes:4
15:57:13.0 (93275470)|HEAP_ALLOCATE|[141]|Bytes:5
15:57:13.0 (93284919)|HEAP_ALLOCATE|[141]|Bytes:4
15:57:13.0 (93297726)|VARIABLE_SCOPE_BEGIN|[141]|picklistEntry|Schema.PicklistEntry|true|false
15:57:13.0 (93307987)|VARIABLE_ASSIGNMENT|[141]|picklistEntry|タブレット|0x6fe93751
15:57:13.0 (93312988)|STATEMENT_EXECUTE|[142]
15:57:13.0 (93314645)|STATEMENT_EXECUTE|[143]
15:57:13.0 (93413571)|VARIABLE_ASSIGNMENT|[EXTERNAL]|this|{"categoryDataOptions":"0x6bafab8b","listOfCategory":"0x6629e6bf","pageNum":1,"pageSize":20,"ssc":"core.apexpages.components.framework.controller.SetOrientedStandardControllerImpl@6b8247dc"}|0x6088bebe
15:57:13.0 (93432256)|HEAP_ALLOCATE|[143]|Bytes:5
15:57:13.0 (93437828)|HEAP_ALLOCATE|[143]|Bytes:5
15:57:13.0 (93447339)|HEAP_ALLOCATE|[EXTERNAL]|Bytes:4
15:57:13.0 (93458523)|HEAP_ALLOCATE|[141]|Bytes:5
15:57:13.0 (93467404)|HEAP_ALLOCATE|[141]|Bytes:4
15:57:13.0 (93479619)|VARIABLE_SCOPE_BEGIN|[141]|picklistEntry|Schema.PicklistEntry|true|false
15:57:13.0 (93490191)|VARIABLE_ASSIGNMENT|[141]|picklistEntry|スマホ|0x4c279ea9
15:57:13.0 (93495517)|STATEMENT_EXECUTE|[142]
15:57:13.0 (93497131)|STATEMENT_EXECUTE|[143]
15:57:13.0 (93610821)|VARIABLE_ASSIGNMENT|[EXTERNAL]|this|{"categoryDataOptions":"0x6bafab8b","listOfCategory":"0x6629e6bf","pageNum":1,"pageSize":20,"ssc":"core.apexpages.components.framework.controller.SetOrientedStandardControllerImpl@6b8247dc"}|0x6088bebe
15:57:13.0 (93632402)|HEAP_ALLOCATE|[143]|Bytes:3
15:57:13.0 (93638105)|HEAP_ALLOCATE|[143]|Bytes:3
15:57:13.0 (93647961)|HEAP_ALLOCATE|[EXTERNAL]|Bytes:4
15:57:13.0 (93659799)|HEAP_ALLOCATE|[141]|Bytes:5
15:57:13.0 (93669003)|HEAP_ALLOCATE|[141]|Bytes:4
15:57:13.0 (93681701)|VARIABLE_SCOPE_BEGIN|[141]|picklistEntry|Schema.PicklistEntry|true|false
15:57:13.0 (93692261)|VARIABLE_ASSIGNMENT|[141]|picklistEntry|au Wallet|0x5f5f9c2e
15:57:13.0 (93697302)|STATEMENT_EXECUTE|[142]
15:57:13.0 (93698908)|STATEMENT_EXECUTE|[143]
15:57:13.0 (93799211)|VARIABLE_ASSIGNMENT|[EXTERNAL]|this|{"categoryDataOptions":"0x6bafab8b","listOfCategory":"0x6629e6bf","pageNum":1,"pageSize":20,"ssc":"core.apexpages.components.framework.controller.SetOrientedStandardControllerImpl@6b8247dc"}|0x6088bebe
15:57:13.0 (93818370)|HEAP_ALLOCATE|[143]|Bytes:9
15:57:13.0 (93824080)|HEAP_ALLOCATE|[143]|Bytes:9
15:57:13.0 (93833199)|HEAP_ALLOCATE|[EXTERNAL]|Bytes:4
15:57:13.0 (93844103)|HEAP_ALLOCATE|[141]|Bytes:5
15:57:13.0 (93853374)|HEAP_ALLOCATE|[141]|Bytes:4
15:57:13.0 (93865425)|VARIABLE_SCOPE_BEGIN|[141]|picklistEntry|Schema.PicklistEntry|true|false
15:57:13.0 (93875653)|VARIABLE_ASSIGNMENT|[141]|picklistEntry|パス系サービス|0x5f6e95d
15:57:13.0 (93881027)|STATEMENT_EXECUTE|[142]
15:57:13.0 (93882593)|STATEMENT_EXECUTE|[143]
15:57:13.0 (93981546)|VARIABLE_ASSIGNMENT|[EXTERNAL]|this|{"categoryDataOptions":"0x6bafab8b","listOfCategory":"0x6629e6bf","pageNum":1,"pageSize":20,"ssc":"core.apexpages.components.framework.controller.SetOrientedStandardControllerImpl@6b8247dc"}|0x6088bebe
15:57:13.0 (94000825)|HEAP_ALLOCATE|[143]|Bytes:7
15:57:13.0 (94006895)|HEAP_ALLOCATE|[143]|Bytes:7
15:57:13.0 (94016287)|HEAP_ALLOCATE|[EXTERNAL]|Bytes:4
15:57:13.0 (94026968)|HEAP_ALLOCATE|[141]|Bytes:5
15:57:13.0 (94035818)|HEAP_ALLOCATE|[141]|Bytes:4
15:57:13.0 (94047845)|VARIABLE_SCOPE_BEGIN|[141]|picklistEntry|Schema.PicklistEntry|true|false
15:57:13.0 (94058069)|VARIABLE_ASSIGNMENT|[141]|picklistEntry|春商戦|0x2303050d
15:57:13.0 (94063444)|STATEMENT_EXECUTE|[142]
15:57:13.0 (94065016)|STATEMENT_EXECUTE|[143]
15:57:13.0 (94163577)|VARIABLE_ASSIGNMENT|[EXTERNAL]|this|{"categoryDataOptions":"0x6bafab8b","listOfCategory":"0x6629e6bf","pageNum":1,"pageSize":20,"ssc":"core.apexpages.components.framework.controller.SetOrientedStandardControllerImpl@6b8247dc"}|0x6088bebe
15:57:13.0 (94182415)|HEAP_ALLOCATE|[143]|Bytes:3
15:57:13.0 (94188098)|HEAP_ALLOCATE|[143]|Bytes:3
15:57:13.0 (94197368)|HEAP_ALLOCATE|[EXTERNAL]|Bytes:4
15:57:13.0 (94213707)|HEAP_ALLOCATE|[141]|Bytes:5
15:57:13.0 (94223365)|HEAP_ALLOCATE|[141]|Bytes:4
15:57:13.0 (94236197)|VARIABLE_SCOPE_BEGIN|[141]|picklistEntry|Schema.PicklistEntry|true|false
15:57:13.0 (94246553)|VARIABLE_ASSIGNMENT|[141]|picklistEntry|その他|0x53a11512
15:57:13.0 (94251711)|STATEMENT_EXECUTE|[142]
15:57:13.0 (94253311)|STATEMENT_EXECUTE|[143]
15:57:13.0 (94352612)|VARIABLE_ASSIGNMENT|[EXTERNAL]|this|{"categoryDataOptions":"0x6bafab8b","listOfCategory":"0x6629e6bf","pageNum":1,"pageSize":20,"ssc":"core.apexpages.components.framework.controller.SetOrientedStandardControllerImpl@6b8247dc"}|0x6088bebe
15:57:13.0 (94371761)|HEAP_ALLOCATE|[143]|Bytes:3
15:57:13.0 (94377318)|HEAP_ALLOCATE|[143]|Bytes:3
15:57:13.0 (94386494)|HEAP_ALLOCATE|[EXTERNAL]|Bytes:4
15:57:13.0 (94397660)|HEAP_ALLOCATE|[141]|Bytes:5
15:57:13.0 (94407977)|VARIABLE_ASSIGNMENT|[141]|picklistEntry|null|
15:57:13.0 (94417651)|METHOD_EXIT|[34]|01pN0000000aEUV|saReportCtrl.initCategoryPicklist()
15:57:13.0 (94422438)|STATEMENT_EXECUTE|[35]
15:57:13.0 (94431327)|METHOD_ENTRY|[35]|01pN0000000aEUV|saReportCtrl.initProcessPicklist()
15:57:13.0 (94505767)|VARIABLE_SCOPE_BEGIN|[153]|this|saReportCtrl|true|false
15:57:13.0 (94613998)|VARIABLE_ASSIGNMENT|[153]|this|{"categoryDataOptions":"0x6bafab8b","listOfCategory":"0x6629e6bf","pageNum":1,"pageSize":20,"ssc":"core.apexpages.components.framework.controller.SetOrientedStandardControllerImpl@6b8247dc"}|0x6088bebe
15:57:13.0 (94636846)|HEAP_ALLOCATE|[155]|Bytes:5
15:57:13.0 (94641853)|STATEMENT_EXECUTE|[153]
15:57:13.0 (94643485)|STATEMENT_EXECUTE|[155]
15:57:13.0 (94647039)|HEAP_ALLOCATE|[155]|Bytes:10
15:57:13.0 (94802532)|HEAP_ALLOCATE|[155]|Bytes:8
15:57:13.0 (94816502)|VARIABLE_SCOPE_BEGIN|[155]|statusFieldDescription|Schema.DescribeFieldResult|true|false
15:57:13.0 (94922266)|VARIABLE_ASSIGNMENT|[155]|statusFieldDescription|"common.api.soap.wsdl.Field@dcbcd7e1"|0x65a34e02
15:57:13.0 (94931226)|STATEMENT_EXECUTE|[156]
15:57:13.0 (94942422)|HEAP_ALLOCATE|[156]|Bytes:4
15:57:13.0 (95072913)|VARIABLE_ASSIGNMENT|[EXTERNAL]|this|{"categoryDataOptions":"0x6bafab8b","listOfCategory":"0x6629e6bf","pageNum":1,"pageSize":20,"ssc":"core.apexpages.components.framework.controller.SetOrientedStandardControllerImpl@6b8247dc"}|0x6088bebe
15:57:13.0 (95099480)|HEAP_ALLOCATE|[EXTERNAL]|Bytes:4
15:57:13.0 (95107906)|VARIABLE_ASSIGNMENT|[EXTERNAL]|value|[]|0x96b0e17
15:57:13.0 (95119622)|VARIABLE_ASSIGNMENT|[16]|this.categoryDataOptions|[]|0x6088bebe
15:57:13.0 (95149419)|HEAP_ALLOCATE|[EXTERNAL]|Bytes:24
15:57:13.0 (95169211)|HEAP_ALLOCATE|[157]|Bytes:24
15:57:13.0 (95207582)|HEAP_ALLOCATE|[157]|Bytes:5
15:57:13.0 (95221379)|HEAP_ALLOCATE|[157]|Bytes:4
15:57:13.0 (95238439)|VARIABLE_SCOPE_BEGIN|[157]|picklistEntry|Schema.PicklistEntry|true|false
15:57:13.0 (95250779)|VARIABLE_ASSIGNMENT|[157]|picklistEntry|声掛け|0x2aa397b3
15:57:13.0 (95256683)|STATEMENT_EXECUTE|[158]
15:57:13.0 (95258396)|STATEMENT_EXECUTE|[159]
15:57:13.0 (95374797)|VARIABLE_ASSIGNMENT|[EXTERNAL]|this|{"categoryDataOptions":"0x96b0e17","listOfCategory":"0x6629e6bf","pageNum":1,"pageSize":20,"ssc":"core.apexpages.components.framework.controller.SetOrientedStandardControllerImpl@6b8247dc"}|0x6088bebe
15:57:13.0 (95405347)|HEAP_ALLOCATE|[159]|Bytes:3
15:57:13.0 (95413979)|HEAP_ALLOCATE|[159]|Bytes:3
15:57:13.0 (95436131)|HEAP_ALLOCATE|[EXTERNAL]|Bytes:4
15:57:13.0 (95450768)|HEAP_ALLOCATE|[157]|Bytes:5
15:57:13.0 (95461256)|HEAP_ALLOCATE|[157]|Bytes:4
15:57:13.0 (95474909)|VARIABLE_SCOPE_BEGIN|[157]|picklistEntry|Schema.PicklistEntry|true|false
15:57:13.0 (95486499)|VARIABLE_ASSIGNMENT|[157]|picklistEntry|引き出し|0x6e38de9
15:57:13.0 (95491790)|STATEMENT_EXECUTE|[158]
15:57:13.0 (95493385)|STATEMENT_EXECUTE|[159]
15:57:13.0 (95596686)|VARIABLE_ASSIGNMENT|[EXTERNAL]|this|{"categoryDataOptions":"0x96b0e17","listOfCategory":"0x6629e6bf","pageNum":1,"pageSize":20,"ssc":"core.apexpages.components.framework.controller.SetOrientedStandardControllerImpl@6b8247dc"}|0x6088bebe
15:57:13.0 (95617576)|HEAP_ALLOCATE|[159]|Bytes:4
15:57:13.0 (95623349)|HEAP_ALLOCATE|[159]|Bytes:4
15:57:13.0 (95633917)|HEAP_ALLOCATE|[EXTERNAL]|Bytes:4
15:57:13.0 (95645907)|HEAP_ALLOCATE|[157]|Bytes:5
15:57:13.0 (95655537)|HEAP_ALLOCATE|[157]|Bytes:4
15:57:13.0 (95668892)|VARIABLE_SCOPE_BEGIN|[157]|picklistEntry|Schema.PicklistEntry|true|false
15:57:13.0 (95679725)|VARIABLE_ASSIGNMENT|[157]|picklistEntry|提案|0x79cf0069
15:57:13.0 (95685408)|STATEMENT_EXECUTE|[158]
15:57:13.0 (95686995)|STATEMENT_EXECUTE|[159]
15:57:13.0 (95788037)|VARIABLE_ASSIGNMENT|[EXTERNAL]|this|{"categoryDataOptions":"0x96b0e17","listOfCategory":"0x6629e6bf","pageNum":1,"pageSize":20,"ssc":"core.apexpages.components.framework.controller.SetOrientedStandardControllerImpl@6b8247dc"}|0x6088bebe
15:57:13.0 (95807220)|HEAP_ALLOCATE|[159]|Bytes:2
15:57:13.0 (95813191)|HEAP_ALLOCATE|[159]|Bytes:2
15:57:13.0 (95822960)|HEAP_ALLOCATE|[EXTERNAL]|Bytes:4
15:57:13.0 (95834388)|HEAP_ALLOCATE|[157]|Bytes:5
15:57:13.0 (95843633)|HEAP_ALLOCATE|[157]|Bytes:4
15:57:13.0 (95856329)|VARIABLE_SCOPE_BEGIN|[157]|picklistEntry|Schema.PicklistEntry|true|false
15:57:13.0 (95867025)|VARIABLE_ASSIGNMENT|[157]|picklistEntry|クロージング|0x2885b2f1
15:57:13.0 (95872585)|STATEMENT_EXECUTE|[158]
15:57:13.0 (95874120)|STATEMENT_EXECUTE|[159]
15:57:13.0 (95973270)|VARIABLE_ASSIGNMENT|[EXTERNAL]|this|{"categoryDataOptions":"0x96b0e17","listOfCategory":"0x6629e6bf","pageNum":1,"pageSize":20,"ssc":"core.apexpages.components.framework.controller.SetOrientedStandardControllerImpl@6b8247dc"}|0x6088bebe
15:57:13.0 (95992613)|HEAP_ALLOCATE|[159]|Bytes:6
15:57:13.0 (95998363)|HEAP_ALLOCATE|[159]|Bytes:6
15:57:13.0 (96007744)|HEAP_ALLOCATE|[EXTERNAL]|Bytes:4
15:57:13.0 (96019260)|HEAP_ALLOCATE|[157]|Bytes:5
15:57:13.0 (96028265)|HEAP_ALLOCATE|[157]|Bytes:4
15:57:13.0 (96040423)|VARIABLE_SCOPE_BEGIN|[157]|picklistEntry|Schema.PicklistEntry|true|false
15:57:13.0 (96051133)|VARIABLE_ASSIGNMENT|[157]|picklistEntry|その他|0x1e2db65d
15:57:13.0 (96056209)|STATEMENT_EXECUTE|[158]
15:57:13.0 (96057687)|STATEMENT_EXECUTE|[159]
15:57:13.0 (96157265)|VARIABLE_ASSIGNMENT|[EXTERNAL]|this|{"categoryDataOptions":"0x96b0e17","listOfCategory":"0x6629e6bf","pageNum":1,"pageSize":20,"ssc":"core.apexpages.components.framework.controller.SetOrientedStandardControllerImpl@6b8247dc"}|0x6088bebe
15:57:13.0 (96176050)|HEAP_ALLOCATE|[159]|Bytes:3
15:57:13.0 (96188090)|HEAP_ALLOCATE|[159]|Bytes:3
15:57:13.0 (96197681)|HEAP_ALLOCATE|[EXTERNAL]|Bytes:4
15:57:13.0 (96214375)|HEAP_ALLOCATE|[157]|Bytes:5
15:57:13.0 (96225342)|VARIABLE_ASSIGNMENT|[157]|picklistEntry|null|
15:57:13.0 (96234834)|METHOD_EXIT|[35]|01pN0000000aEUV|saReportCtrl.initProcessPicklist()
15:57:13.0 (96239655)|STATEMENT_EXECUTE|[36]
15:57:13.0 (96248848)|METHOD_ENTRY|[36]|01pN0000000aEUV|saReportCtrl.initCountPicklist()
15:57:13.0 (96312303)|VARIABLE_SCOPE_BEGIN|[169]|this|saReportCtrl|true|false
15:57:13.0 (96419688)|VARIABLE_ASSIGNMENT|[169]|this|{"categoryDataOptions":"0x96b0e17","listOfCategory":"0x6629e6bf","pageNum":1,"pageSize":20,"ssc":"core.apexpages.components.framework.controller.SetOrientedStandardControllerImpl@6b8247dc"}|0x6088bebe
15:57:13.0 (96441249)|HEAP_ALLOCATE|[171]|Bytes:5
15:57:13.0 (96445808)|STATEMENT_EXECUTE|[169]
15:57:13.0 (96447476)|STATEMENT_EXECUTE|[171]
15:57:13.0 (96522091)|HEAP_ALLOCATE|[171]|Bytes:8
15:57:13.0 (96533429)|VARIABLE_SCOPE_BEGIN|[171]|statusFieldDescription|Schema.DescribeFieldResult|true|false
15:57:13.0 (96605942)|VARIABLE_ASSIGNMENT|[171]|statusFieldDescription|"common.api.soap.wsdl.Field@5181a1ae"|0x614077
15:57:13.0 (96614156)|STATEMENT_EXECUTE|[172]
15:57:13.0 (96624968)|HEAP_ALLOCATE|[172]|Bytes:4
15:57:13.0 (96749815)|VARIABLE_ASSIGNMENT|[EXTERNAL]|this|{"categoryDataOptions":"0x96b0e17","listOfCategory":"0x6629e6bf","pageNum":1,"pageSize":20,"ssc":"core.apexpages.components.framework.controller.SetOrientedStandardControllerImpl@6b8247dc"}|0x6088bebe
15:57:13.0 (96775177)|HEAP_ALLOCATE|[EXTERNAL]|Bytes:4
15:57:13.0 (96783169)|VARIABLE_ASSIGNMENT|[EXTERNAL]|value|[]|0x738d8178
15:57:13.0 (96794165)|VARIABLE_ASSIGNMENT|[16]|this.categoryDataOptions|[]|0x6088bebe
15:57:13.0 (96803751)|STATEMENT_EXECUTE|[173]
15:57:13.0 (96912912)|VARIABLE_ASSIGNMENT|[EXTERNAL]|this|{"categoryDataOptions":"0x738d8178","listOfCategory":"0x6629e6bf","pageNum":1,"pageSize":20,"ssc":"core.apexpages.components.framework.controller.SetOrientedStandardControllerImpl@6b8247dc"}|0x6088bebe
15:57:13.0 (96930965)|HEAP_ALLOCATE|[173]|Bytes:3
15:57:13.0 (96954280)|HEAP_ALLOCATE|[EXTERNAL]|Bytes:4
15:57:13.0 (96960997)|STATEMENT_EXECUTE|[174]
15:57:13.0 (97069139)|VARIABLE_ASSIGNMENT|[EXTERNAL]|this|{"categoryDataOptions":"0x738d8178","listOfCategory":"0x6629e6bf","pageNum":1,"pageSize":20,"ssc":"core.apexpages.components.framework.controller.SetOrientedStandardControllerImpl@6b8247dc"}|0x6088bebe
15:57:13.0 (97086521)|HEAP_ALLOCATE|[174]|Bytes:3
15:57:13.0 (97105514)|HEAP_ALLOCATE|[EXTERNAL]|Bytes:4
15:57:13.0 (97111721)|STATEMENT_EXECUTE|[175]
15:57:13.0 (97221441)|VARIABLE_ASSIGNMENT|[EXTERNAL]|this|{"categoryDataOptions":"0x738d8178","listOfCategory":"0x6629e6bf","pageNum":1,"pageSize":20,"ssc":"core.apexpages.components.framework.controller.SetOrientedStandardControllerImpl@6b8247dc"}|0x6088bebe
15:57:13.0 (97238249)|HEAP_ALLOCATE|[175]|Bytes:4
15:57:13.0 (97256933)|HEAP_ALLOCATE|[EXTERNAL]|Bytes:4
15:57:13.0 (97267633)|METHOD_EXIT|[36]|01pN0000000aEUV|saReportCtrl.initCountPicklist()
15:57:13.0 (97273439)|SYSTEM_MODE_EXIT|false
15:57:13.0 (97335412)|SYSTEM_MODE_ENTER|true
15:57:13.0 (97585353)|SYSTEM_MODE_ENTER|true
15:57:13.0 (97621554)|HEAP_ALLOCATE|[EXTERNAL]|Bytes:44
15:57:13.0 (97661691)|VARIABLE_SCOPE_BEGIN|[65]|this|saReportCtrl|true|false
15:57:13.0 (97787367)|VARIABLE_ASSIGNMENT|[65]|this|{"categoryDataOptions":"0x738d8178","listOfCategory":"0x6629e6bf","pageNum":1,"pageSize":20,"ssc":"core.apexpages.components.framework.controller.SetOrientedStandardControllerImpl@6b8247dc"}|0x6088bebe
15:57:13.0 (97808775)|SYSTEM_MODE_ENTER|false
15:57:13.0 (97816225)|HEAP_ALLOCATE|[67]|Bytes:5
15:57:13.0 (97820847)|STATEMENT_EXECUTE|[65]
15:57:13.0 (97822633)|STATEMENT_EXECUTE|[67]
15:57:13.0 (97826959)|VARIABLE_SCOPE_BEGIN|[67]|recs|List<saReport__c>|true|false
15:57:13.0 (97835696)|VARIABLE_ASSIGNMENT|[67]|recs|null|
15:57:13.0 (97971409)|VARIABLE_ASSIGNMENT|[EXTERNAL]|this|{"categoryDataOptions":"0x738d8178","listOfCategory":"0x6629e6bf","pageNum":1,"pageSize":20,"ssc":"core.apexpages.components.framework.controller.SetOrientedStandardControllerImpl@6b8247dc"}|0x6088bebe
15:57:13.0 (97989125)|STATEMENT_EXECUTE|[69]
15:57:13.0 (97990911)|STATEMENT_EXECUTE|[70]
15:57:13.0 (98098790)|VARIABLE_ASSIGNMENT|[EXTERNAL]|this|{"categoryDataOptions":"0x738d8178","listOfCategory":"0x6629e6bf","pageNum":1,"pageSize":20,"ssc":"core.apexpages.components.framework.controller.SetOrientedStandardControllerImpl@6b8247dc"}|0x6088bebe
15:57:13.0 (98146184)|HEAP_ALLOCATE|[70]|Bytes:28
15:57:13.0 (98172412)|HEAP_ALLOCATE|[70]|Bytes:28
15:57:13.0 (98189651)|VARIABLE_ASSIGNMENT|[70]|recs|"List of size 6 too large to display"|0x3f96cf98
15:57:13.0 (98196204)|STATEMENT_EXECUTE|[73]
15:57:13.0 (98197867)|STATEMENT_EXECUTE|[77]
15:57:13.0 (98201123)|SYSTEM_MODE_EXIT|false
15:57:13.0 (106973477)|SYSTEM_MODE_ENTER|true
15:57:13.0 (107150812)|SYSTEM_MODE_ENTER|true
15:57:13.0 (107278915)|SYSTEM_MODE_ENTER|true
15:57:13.0 (107379634)|SYSTEM_MODE_ENTER|true
15:57:13.0 (107454048)|SYSTEM_MODE_ENTER|true
15:57:13.0 (107544695)|SYSTEM_MODE_ENTER|true
15:57:13.0 (109838235)|VF_SERIALIZE_VIEWSTATE_BEGIN|066N0000000M59u
15:57:13.0 (112087363)|VF_SERIALIZE_VIEWSTATE_END
15:57:13.116 (116253779)|CUMULATIVE_LIMIT_USAGE
15:57:13.116 (116253779)|LIMIT_USAGE_FOR_NS|(default)|
  Number of SOQL queries: 2 out of 100
  Number of query rows: 12 out of 50000
  Number of SOSL queries: 0 out of 20
  Number of DML statements: 0 out of 150
  Number of DML rows: 0 out of 10000
  Maximum CPU time: 0 out of 10000
  Maximum heap size: 0 out of 6000000
  Number of callouts: 0 out of 100
  Number of Email Invocations: 0 out of 10
  Number of future calls: 0 out of 50
  Number of queueable jobs added to the queue: 0 out of 50
  Number of Mobile Apex push calls: 0 out of 10

15:57:13.116 (116253779)|CUMULATIVE_LIMIT_USAGE_END

15:57:13.0 (116289870)|CODE_UNIT_FINISHED|VF: /apex/saReport
15:57:13.0 (117009552)|EXECUTION_FINISHED
