38.0 APEX_CODE,FINEST;APEX_PROFILING,INFO;CALLOUT,INFO;DB,INFO;SYSTEM,DEBUG;VALIDATION,INFO;VISUALFORCE,INFO;WAVE,INFO;WORKFLOW,INFO
14:58:57.0 (353721)|USER_INFO|[EXTERNAL]|005N00000057PfO|thomas.remy+kddi_gwdev01@globalway.co.jp|Japan Standard Time|GMT+09:00
14:58:57.0 (388531)|EXECUTION_STARTED
14:58:57.0 (392539)|CODE_UNIT_STARTED|[EXTERNAL]|066N0000000M59u|VF: /apex/saReport
14:58:57.0 (988202)|VF_DESERIALIZE_VIEWSTATE_BEGIN|066N0000000M59u
14:58:57.0 (4806665)|HEAP_ALLOCATE|[72]|Bytes:3
14:58:57.0 (4841164)|HEAP_ALLOCATE|[77]|Bytes:152
14:58:57.0 (4854594)|HEAP_ALLOCATE|[342]|Bytes:408
14:58:57.0 (4867257)|HEAP_ALLOCATE|[355]|Bytes:408
14:58:57.0 (4878990)|HEAP_ALLOCATE|[467]|Bytes:48
14:58:57.0 (4902397)|HEAP_ALLOCATE|[139]|Bytes:6
14:58:57.0 (5262232)|HEAP_ALLOCATE|[50]|Bytes:5
14:58:57.0 (5284412)|HEAP_ALLOCATE|[56]|Bytes:5
14:58:57.0 (5294072)|HEAP_ALLOCATE|[64]|Bytes:7
14:58:57.0 (6308658)|VARIABLE_SCOPE_BEGIN|[5]|saReportCtrl.CASES_CHARACTER|String|false|true
14:58:57.0 (6321158)|VARIABLE_SCOPE_BEGIN|[8]|saReportCtrl.SEARCH_COUNT_NUMBER100|String|false|true
14:58:57.0 (6327377)|VARIABLE_SCOPE_BEGIN|[6]|saReportCtrl.SEARCH_COUNT_NUMBER20|String|false|true
14:58:57.0 (6333173)|VARIABLE_SCOPE_BEGIN|[7]|saReportCtrl.SEARCH_COUNT_NUMBER50|String|false|true
14:58:57.0 (6339479)|VARIABLE_SCOPE_BEGIN|[13]|saReportCtrl.SORTED_BY_FAVORITES_LABEL|String|false|true
14:58:57.0 (6345655)|VARIABLE_SCOPE_BEGIN|[19]|saReportCtrl.SORTED_BY_FAVORITES_VALUE|String|false|true
14:58:57.0 (6352773)|VARIABLE_SCOPE_BEGIN|[11]|saReportCtrl.SORTED_BY_NEWS_LABEL|String|false|true
14:58:57.0 (6358652)|VARIABLE_SCOPE_BEGIN|[17]|saReportCtrl.SORTED_BY_NEWS_VALUE|String|false|true
14:58:57.0 (6364392)|VARIABLE_SCOPE_BEGIN|[10]|saReportCtrl.SORTED_BY_NONE_LABEL|String|false|true
14:58:57.0 (6370255)|VARIABLE_SCOPE_BEGIN|[16]|saReportCtrl.SORTED_BY_NONE_VALUE|String|false|true
14:58:57.0 (6376445)|VARIABLE_SCOPE_BEGIN|[12]|saReportCtrl.SORTED_BY_NUMBER_OF_VIEWS_LABEL|String|false|true
14:58:57.0 (6382633)|VARIABLE_SCOPE_BEGIN|[18]|saReportCtrl.SORTED_BY_NUMBER_OF_VIEWS_VALUE|String|false|true
14:58:57.0 (6388613)|VARIABLE_SCOPE_BEGIN|[14]|saReportCtrl.SORTED_BY_RELEASE_DATES_LABEL|String|false|true
14:58:57.0 (6394662)|VARIABLE_SCOPE_BEGIN|[20]|saReportCtrl.SORTED_BY_RELEASE_DATES_VALUE|String|false|true
14:58:57.0 (8461637)|VARIABLE_SCOPE_BEGIN|[7]|auMainTopCompCtrl.TYPE_SCREEN_CX_SCREEN|Integer|false|true
14:58:57.0 (8474234)|VARIABLE_SCOPE_BEGIN|[8]|auMainTopCompCtrl.TYPE_SCREEN_CX_TIMELINE|Integer|false|true
14:58:57.0 (8481271)|VARIABLE_SCOPE_BEGIN|[9]|auMainTopCompCtrl.TYPE_SCREEN_EVENT_SCHEDULE|Integer|false|true
14:58:57.0 (8487421)|VARIABLE_SCOPE_BEGIN|[10]|auMainTopCompCtrl.TYPE_SCREEN_EVENT_SCHEDULE_LIST|Integer|false|true
14:58:57.0 (8493632)|VARIABLE_SCOPE_BEGIN|[11]|auMainTopCompCtrl.TYPE_SCREEN_KNOWLEDGE_DASHBOARD|Integer|false|true
14:58:57.0 (8499715)|VARIABLE_SCOPE_BEGIN|[12]|auMainTopCompCtrl.TYPE_SCREEN_KNOWLEDGE_LIST|Integer|false|true
14:58:57.0 (8505445)|VARIABLE_SCOPE_BEGIN|[15]|auMainTopCompCtrl.TYPE_SCREEN_SA_CHATTER|Integer|false|true
14:58:57.0 (8511056)|VARIABLE_SCOPE_BEGIN|[16]|auMainTopCompCtrl.TYPE_SCREEN_SA_DAILYREPORT|Integer|false|true
14:58:57.0 (8516521)|VARIABLE_SCOPE_BEGIN|[18]|auMainTopCompCtrl.TYPE_SCREEN_SA_DOCUMENTS|Integer|false|true
14:58:57.0 (8522318)|VARIABLE_SCOPE_BEGIN|[17]|auMainTopCompCtrl.TYPE_SCREEN_SA_ENQUETE|Integer|false|true
14:58:57.0 (8527913)|VARIABLE_SCOPE_BEGIN|[13]|auMainTopCompCtrl.TYPE_SCREEN_SA_MESSAGES|Integer|false|true
14:58:57.0 (8533896)|VARIABLE_SCOPE_BEGIN|[19]|auMainTopCompCtrl.TYPE_SCREEN_SA_RANKING|Integer|false|true
14:58:57.0 (8539497)|VARIABLE_SCOPE_BEGIN|[14]|auMainTopCompCtrl.TYPE_SCREEN_SA_REPORTS|Integer|false|true
14:58:57.0 (8545120)|VARIABLE_SCOPE_BEGIN|[4]|auMainTopCompCtrl.TYPE_SCREEN_STPD_EVENT|Integer|false|true
14:58:57.0 (8550933)|VARIABLE_SCOPE_BEGIN|[6]|auMainTopCompCtrl.TYPE_SCREEN_STPD_SCREEN|Integer|false|true
14:58:57.0 (8556984)|VARIABLE_SCOPE_BEGIN|[5]|auMainTopCompCtrl.TYPE_SCREEN_STPD_TIMELINE|Integer|false|true
14:58:57.0 (8562965)|VARIABLE_SCOPE_BEGIN|[3]|auMainTopCompCtrl.TYPE_SCREEN_SWITCH|Integer|false|true
14:58:57.0 (9908191)|VF_DESERIALIZE_VIEWSTATE_END
14:58:57.0 (13286891)|HEAP_ALLOCATE|[EXTERNAL]|Bytes:644
14:58:57.0 (13312284)|HEAP_ALLOCATE|[EXTERNAL]|Bytes:167
14:58:57.0 (13318168)|HEAP_ALLOCATE|[EXTERNAL]|Bytes:138
14:58:57.0 (13322952)|HEAP_ALLOCATE|[EXTERNAL]|Bytes:1
14:58:57.0 (13344127)|VARIABLE_ASSIGNMENT|[EXTERNAL]|saReportCtrl.CASES_CHARACTER|"件"
14:58:57.0 (13350408)|HEAP_ALLOCATE|[EXTERNAL]|Bytes:4
14:58:57.0 (13358021)|VARIABLE_ASSIGNMENT|[EXTERNAL]|saReportCtrl.SEARCH_COUNT_NUMBER100|"100件"
14:58:57.0 (13362843)|HEAP_ALLOCATE|[EXTERNAL]|Bytes:3
14:58:57.0 (13369092)|VARIABLE_ASSIGNMENT|[EXTERNAL]|saReportCtrl.SEARCH_COUNT_NUMBER20|"20件"
14:58:57.0 (13373670)|HEAP_ALLOCATE|[EXTERNAL]|Bytes:3
14:58:57.0 (13379218)|VARIABLE_ASSIGNMENT|[EXTERNAL]|saReportCtrl.SEARCH_COUNT_NUMBER50|"50件"
14:58:57.0 (13383852)|HEAP_ALLOCATE|[EXTERNAL]|Bytes:4
14:58:57.0 (13390274)|VARIABLE_ASSIGNMENT|[EXTERNAL]|saReportCtrl.SORTED_BY_FAVORITES_LABEL|"いいね順"
14:58:57.0 (13394945)|HEAP_ALLOCATE|[EXTERNAL]|Bytes:4
14:58:57.0 (13400724)|VARIABLE_ASSIGNMENT|[EXTERNAL]|saReportCtrl.SORTED_BY_FAVORITES_VALUE|"いいね順"
14:58:57.0 (13405079)|HEAP_ALLOCATE|[EXTERNAL]|Bytes:3
14:58:57.0 (13410907)|VARIABLE_ASSIGNMENT|[EXTERNAL]|saReportCtrl.SORTED_BY_NEWS_LABEL|"NEW"
14:58:57.0 (13414644)|HEAP_ALLOCATE|[EXTERNAL]|Bytes:3
14:58:57.0 (13421058)|VARIABLE_ASSIGNMENT|[EXTERNAL]|saReportCtrl.SORTED_BY_NEWS_VALUE|"NEW"
14:58:57.0 (13425523)|HEAP_ALLOCATE|[EXTERNAL]|Bytes:1
14:58:57.0 (13431498)|VARIABLE_ASSIGNMENT|[EXTERNAL]|saReportCtrl.SORTED_BY_NONE_LABEL|" "
14:58:57.0 (13435583)|HEAP_ALLOCATE|[EXTERNAL]|Bytes:1
14:58:57.0 (13441636)|VARIABLE_ASSIGNMENT|[EXTERNAL]|saReportCtrl.SORTED_BY_NONE_VALUE|" "
14:58:57.0 (13446555)|HEAP_ALLOCATE|[EXTERNAL]|Bytes:4
14:58:57.0 (13452844)|VARIABLE_ASSIGNMENT|[EXTERNAL]|saReportCtrl.SORTED_BY_NUMBER_OF_VIEWS_LABEL|"閲覧数順"
14:58:57.0 (13456756)|HEAP_ALLOCATE|[EXTERNAL]|Bytes:4
14:58:57.0 (13462542)|VARIABLE_ASSIGNMENT|[EXTERNAL]|saReportCtrl.SORTED_BY_NUMBER_OF_VIEWS_VALUE|"閲覧数順"
14:58:57.0 (13466505)|HEAP_ALLOCATE|[EXTERNAL]|Bytes:4
14:58:57.0 (13472234)|VARIABLE_ASSIGNMENT|[EXTERNAL]|saReportCtrl.SORTED_BY_RELEASE_DATES_LABEL|"公開日時"
14:58:57.0 (13475880)|HEAP_ALLOCATE|[EXTERNAL]|Bytes:4
14:58:57.0 (13481907)|VARIABLE_ASSIGNMENT|[EXTERNAL]|saReportCtrl.SORTED_BY_RELEASE_DATES_VALUE|"公開日時"
14:58:57.0 (13493775)|METHOD_ENTRY|[1]|01pN0000000aEUV|saReportCtrl.saReportCtrl()
14:58:57.0 (13499388)|STATEMENT_EXECUTE|[1]
14:58:57.0 (13503153)|STATEMENT_EXECUTE|[1]
14:58:57.0 (13518456)|SYSTEM_MODE_ENTER|false
14:58:57.0 (13531263)|HEAP_ALLOCATE|[EXTERNAL]|Bytes:5
14:58:57.0 (13538841)|SYSTEM_MODE_EXIT|false
14:58:57.0 (13547049)|METHOD_EXIT|[1]|saReportCtrl
14:58:57.0 (13552303)|HEAP_ALLOCATE|[EXTERNAL]|Bytes:120
14:58:57.0 (13558172)|VARIABLE_SCOPE_BEGIN|[259]|this|saReportCtrl|true|false
14:58:57.0 (13691125)|VARIABLE_ASSIGNMENT|[259]|this|{"categoryDataOptions":"0x5ccbec3e","countDataOptions":"0x79bdf58e","currentDay":"2018-03-12T05:58:55.706Z","currentDayMinusSeven":"2018-03-05T05:58:55.706Z","filterDateEnd":"","filterDateStart":"","filteredRecords":"0x7ce5d9c9","filterKeywords":"","isFromHome":false,"isGoodSelected":false,"isNew":false,"isTrySelected":false,"isVeryGoodSelected":false,"listOfCategory":"0x1af9dc62","listOfSAReports":"0x19d0791f","reportComments":"0xfd7ee2e","reportGoodViews":"0x5dae558c","reportManagedViews":"0x9e08897","selectedCategoryData":" ","selectedCountData":"20","selectedSortData":" ","sortDataOptions":"0x13621035"}|0x4d291e9e
14:58:57.0 (13719877)|SYSTEM_MODE_ENTER|false
14:58:57.0 (13731456)|HEAP_ALLOCATE|[261]|Bytes:5
14:58:57.0 (13737100)|STATEMENT_EXECUTE|[259]
14:58:57.0 (13738861)|STATEMENT_EXECUTE|[261]
14:58:57.0 (13742856)|HEAP_ALLOCATE|[261]|Bytes:18
14:58:57.0 (13783675)|USER_DEBUG|[261]|DEBUG|Run: getAllReports
14:58:57.0 (13794317)|STATEMENT_EXECUTE|[263]
14:58:57.0 (13899352)|VARIABLE_ASSIGNMENT|[EXTERNAL]|this|{"categoryDataOptions":"0x5ccbec3e","countDataOptions":"0x79bdf58e","currentDay":"2018-03-12T05:58:55.706Z","currentDayMinusSeven":"2018-03-05T05:58:55.706Z","filterDateEnd":"","filterDateStart":"","filteredRecords":"0x7ce5d9c9","filterKeywords":"","isFromHome":false,"isGoodSelected":false,"isNew":false,"isTrySelected":false,"isVeryGoodSelected":false,"listOfCategory":"0x1af9dc62","listOfSAReports":"0x19d0791f","reportComments":"0xfd7ee2e","reportGoodViews":"0x5dae558c","reportManagedViews":"0x9e08897","selectedCategoryData":" ","selectedCountData":"20","selectedSortData":" ","sortDataOptions":"0x13621035"}|0x4d291e9e
14:58:57.0 (13920243)|VARIABLE_ASSIGNMENT|[EXTERNAL]|value|""
14:58:57.0 (13932669)|VARIABLE_ASSIGNMENT|[50]|this.filterKeywords|""|0x4d291e9e
14:58:57.0 (13942750)|STATEMENT_EXECUTE|[264]
14:58:57.0 (14024785)|VARIABLE_ASSIGNMENT|[EXTERNAL]|this|{"categoryDataOptions":"0x5ccbec3e","countDataOptions":"0x79bdf58e","currentDay":"2018-03-12T05:58:55.706Z","currentDayMinusSeven":"2018-03-05T05:58:55.706Z","filterDateEnd":"","filterDateStart":"","filteredRecords":"0x7ce5d9c9","filterKeywords":"","isFromHome":false,"isGoodSelected":false,"isNew":false,"isTrySelected":false,"isVeryGoodSelected":false,"listOfCategory":"0x1af9dc62","listOfSAReports":"0x19d0791f","reportComments":"0xfd7ee2e","reportGoodViews":"0x5dae558c","reportManagedViews":"0x9e08897","selectedCategoryData":" ","selectedCountData":"20","selectedSortData":" ","sortDataOptions":"0x13621035"}|0x4d291e9e
14:58:57.0 (14043398)|VARIABLE_ASSIGNMENT|[EXTERNAL]|value|""
14:58:57.0 (14054044)|VARIABLE_ASSIGNMENT|[51]|this.filterDateStart|""|0x4d291e9e
14:58:57.0 (14063372)|STATEMENT_EXECUTE|[265]
14:58:57.0 (14139600)|VARIABLE_ASSIGNMENT|[EXTERNAL]|this|{"categoryDataOptions":"0x5ccbec3e","countDataOptions":"0x79bdf58e","currentDay":"2018-03-12T05:58:55.706Z","currentDayMinusSeven":"2018-03-05T05:58:55.706Z","filterDateEnd":"","filterDateStart":"","filteredRecords":"0x7ce5d9c9","filterKeywords":"","isFromHome":false,"isGoodSelected":false,"isNew":false,"isTrySelected":false,"isVeryGoodSelected":false,"listOfCategory":"0x1af9dc62","listOfSAReports":"0x19d0791f","reportComments":"0xfd7ee2e","reportGoodViews":"0x5dae558c","reportManagedViews":"0x9e08897","selectedCategoryData":" ","selectedCountData":"20","selectedSortData":" ","sortDataOptions":"0x13621035"}|0x4d291e9e
14:58:57.0 (14155822)|VARIABLE_ASSIGNMENT|[EXTERNAL]|value|""
14:58:57.0 (14164972)|VARIABLE_ASSIGNMENT|[52]|this.filterDateEnd|""|0x4d291e9e
14:58:57.0 (14173402)|STATEMENT_EXECUTE|[266]
14:58:57.0 (14247695)|VARIABLE_ASSIGNMENT|[EXTERNAL]|this|{"categoryDataOptions":"0x5ccbec3e","countDataOptions":"0x79bdf58e","currentDay":"2018-03-12T05:58:55.706Z","currentDayMinusSeven":"2018-03-05T05:58:55.706Z","filterDateEnd":"","filterDateStart":"","filteredRecords":"0x7ce5d9c9","filterKeywords":"","isFromHome":false,"isGoodSelected":false,"isNew":false,"isTrySelected":false,"isVeryGoodSelected":false,"listOfCategory":"0x1af9dc62","listOfSAReports":"0x19d0791f","reportComments":"0xfd7ee2e","reportGoodViews":"0x5dae558c","reportManagedViews":"0x9e08897","selectedCategoryData":" ","selectedCountData":"20","selectedSortData":" ","sortDataOptions":"0x13621035"}|0x4d291e9e
14:58:57.0 (14265814)|VARIABLE_ASSIGNMENT|[EXTERNAL]|value|""
14:58:57.0 (14276038)|VARIABLE_ASSIGNMENT|[53]|this.selectedCategoryData|""|0x4d291e9e
14:58:57.0 (14284244)|STATEMENT_EXECUTE|[267]
14:58:57.0 (14357011)|VARIABLE_ASSIGNMENT|[EXTERNAL]|this|{"categoryDataOptions":"0x5ccbec3e","countDataOptions":"0x79bdf58e","currentDay":"2018-03-12T05:58:55.706Z","currentDayMinusSeven":"2018-03-05T05:58:55.706Z","filterDateEnd":"","filterDateStart":"","filteredRecords":"0x7ce5d9c9","filterKeywords":"","isFromHome":false,"isGoodSelected":false,"isNew":false,"isTrySelected":false,"isVeryGoodSelected":false,"listOfCategory":"0x1af9dc62","listOfSAReports":"0x19d0791f","reportComments":"0xfd7ee2e","reportGoodViews":"0x5dae558c","reportManagedViews":"0x9e08897","selectedCategoryData":"","selectedCountData":"20","selectedSortData":" ","sortDataOptions":"0x13621035"}|0x4d291e9e
14:58:57.0 (14373690)|VARIABLE_ASSIGNMENT|[EXTERNAL]|value|""
14:58:57.0 (14383284)|VARIABLE_ASSIGNMENT|[54]|this.selectedSortData|""|0x4d291e9e
14:58:57.0 (14391253)|STATEMENT_EXECUTE|[268]
14:58:57.0 (14463284)|VARIABLE_ASSIGNMENT|[EXTERNAL]|this|{"categoryDataOptions":"0x5ccbec3e","countDataOptions":"0x79bdf58e","currentDay":"2018-03-12T05:58:55.706Z","currentDayMinusSeven":"2018-03-05T05:58:55.706Z","filterDateEnd":"","filterDateStart":"","filteredRecords":"0x7ce5d9c9","filterKeywords":"","isFromHome":false,"isGoodSelected":false,"isNew":false,"isTrySelected":false,"isVeryGoodSelected":false,"listOfCategory":"0x1af9dc62","listOfSAReports":"0x19d0791f","reportComments":"0xfd7ee2e","reportGoodViews":"0x5dae558c","reportManagedViews":"0x9e08897","selectedCategoryData":"","selectedCountData":"20","selectedSortData":"","sortDataOptions":"0x13621035"}|0x4d291e9e
14:58:57.0 (14480015)|VARIABLE_ASSIGNMENT|[EXTERNAL]|value|""
14:58:57.0 (14489032)|VARIABLE_ASSIGNMENT|[55]|this.selectedCountData|""|0x4d291e9e
14:58:57.0 (14500384)|SYSTEM_MODE_EXIT|false
14:58:57.0 (172424789)|SYSTEM_MODE_ENTER|true
14:58:57.0 (172482720)|HEAP_ALLOCATE|[EXTERNAL]|Bytes:284
14:58:57.0 (172507081)|HEAP_ALLOCATE|[EXTERNAL]|Bytes:113
14:58:57.0 (172521773)|METHOD_ENTRY|[1]|01pN0000000Mill|auMainTopCompCtrl.auMainTopCompCtrl()
14:58:57.0 (172528269)|STATEMENT_EXECUTE|[1]
14:58:57.0 (172533537)|STATEMENT_EXECUTE|[1]
14:58:57.0 (172534982)|STATEMENT_EXECUTE|[3]
14:58:57.0 (172542205)|HEAP_ALLOCATE|[3]|Bytes:4
14:58:57.0 (172562397)|VARIABLE_ASSIGNMENT|[3]|auMainTopCompCtrl.TYPE_SCREEN_SWITCH|0
14:58:57.0 (172567131)|STATEMENT_EXECUTE|[4]
14:58:57.0 (172569996)|HEAP_ALLOCATE|[4]|Bytes:4
14:58:57.0 (172577104)|VARIABLE_ASSIGNMENT|[4]|auMainTopCompCtrl.TYPE_SCREEN_STPD_EVENT|11
14:58:57.0 (172580968)|STATEMENT_EXECUTE|[5]
14:58:57.0 (172583014)|HEAP_ALLOCATE|[5]|Bytes:4
14:58:57.0 (172589115)|VARIABLE_ASSIGNMENT|[5]|auMainTopCompCtrl.TYPE_SCREEN_STPD_TIMELINE|12
14:58:57.0 (172592547)|STATEMENT_EXECUTE|[6]
14:58:57.0 (172594517)|HEAP_ALLOCATE|[6]|Bytes:4
14:58:57.0 (172602525)|VARIABLE_ASSIGNMENT|[6]|auMainTopCompCtrl.TYPE_SCREEN_STPD_SCREEN|13
14:58:57.0 (172606145)|STATEMENT_EXECUTE|[7]
14:58:57.0 (172607979)|HEAP_ALLOCATE|[7]|Bytes:4
14:58:57.0 (172613137)|VARIABLE_ASSIGNMENT|[7]|auMainTopCompCtrl.TYPE_SCREEN_CX_SCREEN|21
14:58:57.0 (172616620)|STATEMENT_EXECUTE|[8]
14:58:57.0 (172618589)|HEAP_ALLOCATE|[8]|Bytes:4
14:58:57.0 (172623535)|VARIABLE_ASSIGNMENT|[8]|auMainTopCompCtrl.TYPE_SCREEN_CX_TIMELINE|22
14:58:57.0 (172626828)|STATEMENT_EXECUTE|[9]
14:58:57.0 (172628905)|HEAP_ALLOCATE|[9]|Bytes:4
14:58:57.0 (172633852)|VARIABLE_ASSIGNMENT|[9]|auMainTopCompCtrl.TYPE_SCREEN_EVENT_SCHEDULE|31
14:58:57.0 (172637300)|STATEMENT_EXECUTE|[10]
14:58:57.0 (172639358)|HEAP_ALLOCATE|[10]|Bytes:4
14:58:57.0 (172644728)|VARIABLE_ASSIGNMENT|[10]|auMainTopCompCtrl.TYPE_SCREEN_EVENT_SCHEDULE_LIST|32
14:58:57.0 (172648076)|STATEMENT_EXECUTE|[11]
14:58:57.0 (172650161)|HEAP_ALLOCATE|[11]|Bytes:4
14:58:57.0 (172655437)|VARIABLE_ASSIGNMENT|[11]|auMainTopCompCtrl.TYPE_SCREEN_KNOWLEDGE_DASHBOARD|41
14:58:57.0 (172658731)|STATEMENT_EXECUTE|[12]
14:58:57.0 (172660586)|HEAP_ALLOCATE|[12]|Bytes:4
14:58:57.0 (172665974)|VARIABLE_ASSIGNMENT|[12]|auMainTopCompCtrl.TYPE_SCREEN_KNOWLEDGE_LIST|42
14:58:57.0 (172669236)|STATEMENT_EXECUTE|[13]
14:58:57.0 (172671281)|HEAP_ALLOCATE|[13]|Bytes:4
14:58:57.0 (172676882)|VARIABLE_ASSIGNMENT|[13]|auMainTopCompCtrl.TYPE_SCREEN_SA_MESSAGES|51
14:58:57.0 (172680342)|STATEMENT_EXECUTE|[14]
14:58:57.0 (172682263)|HEAP_ALLOCATE|[14]|Bytes:4
14:58:57.0 (172687880)|VARIABLE_ASSIGNMENT|[14]|auMainTopCompCtrl.TYPE_SCREEN_SA_REPORTS|52
14:58:57.0 (172691184)|STATEMENT_EXECUTE|[15]
14:58:57.0 (172693289)|HEAP_ALLOCATE|[15]|Bytes:4
14:58:57.0 (172698531)|VARIABLE_ASSIGNMENT|[15]|auMainTopCompCtrl.TYPE_SCREEN_SA_CHATTER|53
14:58:57.0 (172701830)|STATEMENT_EXECUTE|[16]
14:58:57.0 (172703648)|HEAP_ALLOCATE|[16]|Bytes:4
14:58:57.0 (172709256)|VARIABLE_ASSIGNMENT|[16]|auMainTopCompCtrl.TYPE_SCREEN_SA_DAILYREPORT|54
14:58:57.0 (172712453)|STATEMENT_EXECUTE|[17]
14:58:57.0 (172714268)|HEAP_ALLOCATE|[17]|Bytes:4
14:58:57.0 (172719566)|VARIABLE_ASSIGNMENT|[17]|auMainTopCompCtrl.TYPE_SCREEN_SA_ENQUETE|55
14:58:57.0 (172722970)|STATEMENT_EXECUTE|[18]
14:58:57.0 (172724847)|HEAP_ALLOCATE|[18]|Bytes:4
14:58:57.0 (172735385)|VARIABLE_ASSIGNMENT|[18]|auMainTopCompCtrl.TYPE_SCREEN_SA_DOCUMENTS|56
14:58:57.0 (172738981)|STATEMENT_EXECUTE|[19]
14:58:57.0 (172740799)|HEAP_ALLOCATE|[19]|Bytes:4
14:58:57.0 (172746699)|VARIABLE_ASSIGNMENT|[19]|auMainTopCompCtrl.TYPE_SCREEN_SA_RANKING|57
14:58:57.0 (172756420)|METHOD_EXIT|[1]|auMainTopCompCtrl
14:58:57.0 (172762981)|HEAP_ALLOCATE|[EXTERNAL]|Bytes:40
14:58:57.0 (172773665)|VARIABLE_ASSIGNMENT|[EXTERNAL]|this.iCountComments|null|0x3e7feedc
14:58:57.0 (172844746)|SYSTEM_MODE_ENTER|true
14:58:57.0 (172861093)|HEAP_ALLOCATE|[EXTERNAL]|Bytes:40
14:58:57.0 (172869844)|VARIABLE_ASSIGNMENT|[EXTERNAL]|this.iCountLikes|null|0x3e7feedc
14:58:57.0 (173040498)|SYSTEM_MODE_ENTER|true
14:58:57.0 (173082855)|HEAP_ALLOCATE|[EXTERNAL]|Bytes:120
14:58:57.0 (173091798)|VARIABLE_SCOPE_BEGIN|[62]|this|saReportCtrl|true|false
14:58:57.0 (173207823)|VARIABLE_ASSIGNMENT|[62]|this|{"categoryDataOptions":"0x5ccbec3e","countDataOptions":"0x79bdf58e","currentDay":"2018-03-12T05:58:55.706Z","currentDayMinusSeven":"2018-03-05T05:58:55.706Z","filterDateEnd":"","filterDateStart":"","filteredRecords":"0x7ce5d9c9","filterKeywords":"","isFromHome":false,"isGoodSelected":false,"isNew":false,"isTrySelected":false,"isVeryGoodSelected":false,"listOfCategory":"0x1af9dc62","listOfSAReports":"0x19d0791f","reportComments":"0xfd7ee2e","reportGoodViews":"0x5dae558c","reportManagedViews":"0x9e08897","selectedCategoryData":"","selectedCountData":"","selectedSortData":"","sortDataOptions":"0x13621035"}|0x4d291e9e
14:58:57.0 (173237453)|SYSTEM_MODE_ENTER|false
14:58:57.0 (173248161)|HEAP_ALLOCATE|[62]|Bytes:5
14:58:57.0 (173253225)|STATEMENT_EXECUTE|[62]
14:58:57.0 (173254880)|STATEMENT_EXECUTE|[62]
14:58:57.0 (173262996)|SYSTEM_MODE_EXIT|false
14:58:57.0 (173324652)|SYSTEM_MODE_ENTER|true
14:58:57.0 (173343400)|HEAP_ALLOCATE|[EXTERNAL]|Bytes:8
14:58:57.0 (173347944)|HEAP_ALLOCATE|[EXTERNAL]|Bytes:40
14:58:57.0 (173357067)|VARIABLE_ASSIGNMENT|[EXTERNAL]|this.iTypeOfScreen|52|0x3e7feedc
14:58:57.0 (173483813)|SYSTEM_MODE_ENTER|true
14:58:57.0 (173665870)|SYSTEM_MODE_ENTER|true
14:58:57.0 (177613650)|SYSTEM_MODE_ENTER|true
14:58:57.0 (177688844)|SYSTEM_MODE_ENTER|true
14:58:57.0 (177782192)|SYSTEM_MODE_ENTER|true
14:58:57.0 (177871203)|SYSTEM_MODE_ENTER|true
14:58:57.0 (177999773)|SYSTEM_MODE_ENTER|true
14:58:57.0 (178110360)|SYSTEM_MODE_ENTER|true
14:58:57.0 (178247711)|SYSTEM_MODE_ENTER|true
14:58:57.0 (178373390)|SYSTEM_MODE_ENTER|true
14:58:57.0 (181214766)|SYSTEM_MODE_ENTER|true
14:58:57.0 (181374052)|SYSTEM_MODE_ENTER|true
14:58:57.0 (181472400)|SYSTEM_MODE_ENTER|true
14:58:57.0 (181585702)|SYSTEM_MODE_ENTER|true
14:58:57.0 (181983950)|SYSTEM_MODE_ENTER|true
14:58:57.0 (182342096)|SYSTEM_MODE_ENTER|true
14:58:57.0 (182456670)|SYSTEM_MODE_ENTER|true
14:58:57.0 (182595918)|SYSTEM_MODE_ENTER|true
14:58:57.0 (182698039)|SYSTEM_MODE_ENTER|true
14:58:57.0 (186305356)|VF_SERIALIZE_VIEWSTATE_BEGIN|066N0000000M59u
14:58:57.0 (190978071)|VF_SERIALIZE_VIEWSTATE_END
14:58:57.195 (195986521)|CUMULATIVE_LIMIT_USAGE
14:58:57.195 (195986521)|LIMIT_USAGE_FOR_NS|(default)|
  Number of SOQL queries: 0 out of 100
  Number of query rows: 0 out of 50000
  Number of SOSL queries: 0 out of 20
  Number of DML statements: 0 out of 150
  Number of DML rows: 0 out of 10000
  Maximum CPU time: 0 out of 10000
  Maximum heap size: 0 out of 6000000
  Number of callouts: 0 out of 100
  Number of Email Invocations: 0 out of 10
  Number of future calls: 0 out of 50
  Number of queueable jobs added to the queue: 0 out of 50
  Number of Mobile Apex push calls: 0 out of 10

14:58:57.195 (195986521)|CUMULATIVE_LIMIT_USAGE_END

14:58:57.0 (196029149)|CODE_UNIT_FINISHED|VF: /apex/saReport
14:58:57.0 (196875093)|EXECUTION_FINISHED
