38.0 APEX_CODE,FINEST;APEX_PROFILING,INFO;CALLOUT,INFO;DB,INFO;NBA,INFO;SYSTEM,DEBUG;VALIDATION,INFO;VISUALFORCE,INFO;WAVE,INFO;WORKFLOW,INFO
17:41:54.0 (70571)|USER_INFO|[EXTERNAL]|005N00000057RPN|duc.huynhmanh+kddi-gwdev01@globalway.co.jp|日本標準時|GMT+09:00
17:41:54.0 (103350)|EXECUTION_STARTED
17:41:54.0 (107745)|CODE_UNIT_STARTED|[EXTERNAL]|066N0000000M59u|VF: /apex/saReport
17:41:54.0 (604726)|VF_DESERIALIZE_VIEWSTATE_BEGIN|066N0000000M59u
17:41:54.0 (19651567)|HEAP_ALLOCATE|[72]|Bytes:3
17:41:54.0 (19717067)|HEAP_ALLOCATE|[77]|Bytes:152
17:41:54.0 (19735953)|HEAP_ALLOCATE|[342]|Bytes:408
17:41:54.0 (19752583)|HEAP_ALLOCATE|[355]|Bytes:408
17:41:54.0 (19767965)|HEAP_ALLOCATE|[467]|Bytes:48
17:41:54.0 (19804123)|HEAP_ALLOCATE|[139]|Bytes:6
17:41:54.0 (21293787)|HEAP_ALLOCATE|[50]|Bytes:5
17:41:54.0 (21325850)|HEAP_ALLOCATE|[56]|Bytes:5
17:41:54.0 (21335731)|HEAP_ALLOCATE|[64]|Bytes:7
17:41:54.0 (24205339)|VARIABLE_SCOPE_BEGIN|[30]|saReportCtrl.ERROR_CATEGORY_MISSING|String|false|true
17:41:54.0 (24220083)|VARIABLE_SCOPE_BEGIN|[31]|saReportCtrl.ERROR_COMMENT_MISSING|String|false|true
17:41:54.0 (24228606)|VARIABLE_SCOPE_BEGIN|[29]|saReportCtrl.ERROR_TITLE_MISSING|String|false|true
17:41:54.0 (24237634)|VARIABLE_SCOPE_BEGIN|[32]|saReportCtrl.MESSAGE_ASK_FOR_VALIDATION|String|false|true
17:41:54.0 (24245847)|VARIABLE_SCOPE_BEGIN|[33]|saReportCtrl.MESSAGE_PUBLISHED|String|false|true
17:41:54.0 (24254322)|VARIABLE_SCOPE_BEGIN|[34]|saReportCtrl.MESSAGE_TEMPORARY_SAVED|String|false|true
17:41:54.0 (24264342)|VARIABLE_SCOPE_BEGIN|[27]|saReportCtrl.SA_REPORT_STATE_NONE_LABEL|String|false|true
17:41:54.0 (24272983)|VARIABLE_SCOPE_BEGIN|[26]|saReportCtrl.SA_REPORT_STATE_NONE_VALUE|String|false|true
17:41:54.0 (24282479)|VARIABLE_SCOPE_BEGIN|[8]|saReportCtrl.SEARCH_COUNT_AVERAGE_LABEL|String|false|true
17:41:54.0 (24291643)|VARIABLE_SCOPE_BEGIN|[11]|saReportCtrl.SEARCH_COUNT_AVERAGE_VALUE|String|false|true
17:41:54.0 (24300561)|VARIABLE_SCOPE_BEGIN|[7]|saReportCtrl.SEARCH_COUNT_FEW_LABEL|String|false|true
17:41:54.0 (24309368)|VARIABLE_SCOPE_BEGIN|[10]|saReportCtrl.SEARCH_COUNT_FEW_VALUE|String|false|true
17:41:54.0 (24318889)|VARIABLE_SCOPE_BEGIN|[9]|saReportCtrl.SEARCH_COUNT_LOT_LABEL|String|false|true
17:41:54.0 (24327888)|VARIABLE_SCOPE_BEGIN|[12]|saReportCtrl.SEARCH_COUNT_LOT_VALUE|String|false|true
17:41:54.0 (24338365)|VARIABLE_SCOPE_BEGIN|[17]|saReportCtrl.SORTED_BY_FAVORITES_LABEL|String|false|true
17:41:54.0 (24348847)|VARIABLE_SCOPE_BEGIN|[23]|saReportCtrl.SORTED_BY_FAVORITES_VALUE|String|false|true
17:41:54.0 (24358858)|VARIABLE_SCOPE_BEGIN|[15]|saReportCtrl.SORTED_BY_NEWS_LABEL|String|false|true
17:41:54.0 (24368637)|VARIABLE_SCOPE_BEGIN|[21]|saReportCtrl.SORTED_BY_NEWS_VALUE|String|false|true
17:41:54.0 (24377516)|VARIABLE_SCOPE_BEGIN|[14]|saReportCtrl.SORTED_BY_NONE_LABEL|String|false|true
17:41:54.0 (24394298)|VARIABLE_SCOPE_BEGIN|[20]|saReportCtrl.SORTED_BY_NONE_VALUE|String|false|true
17:41:54.0 (24405208)|VARIABLE_SCOPE_BEGIN|[16]|saReportCtrl.SORTED_BY_NUMBER_OF_VIEWS_LABEL|String|false|true
17:41:54.0 (24415385)|VARIABLE_SCOPE_BEGIN|[22]|saReportCtrl.SORTED_BY_NUMBER_OF_VIEWS_VALUE|String|false|true
17:41:54.0 (24426032)|VARIABLE_SCOPE_BEGIN|[18]|saReportCtrl.SORTED_BY_RELEASE_DATES_LABEL|String|false|true
17:41:54.0 (24436268)|VARIABLE_SCOPE_BEGIN|[24]|saReportCtrl.SORTED_BY_RELEASE_DATES_VALUE|String|false|true
17:41:54.0 (28698840)|VARIABLE_SCOPE_BEGIN|[25]|auMainTopCompCtrl.TYPE_SCREEN_ACCOUNT_LIST|Integer|false|true
17:41:54.0 (28713914)|VARIABLE_SCOPE_BEGIN|[26]|auMainTopCompCtrl.TYPE_SCREEN_ACTIVITY_LIST|Integer|false|true
17:41:54.0 (28722184)|VARIABLE_SCOPE_BEGIN|[7]|auMainTopCompCtrl.TYPE_SCREEN_CX_SCREEN|Integer|false|true
17:41:54.0 (28729399)|VARIABLE_SCOPE_BEGIN|[8]|auMainTopCompCtrl.TYPE_SCREEN_CX_TIMELINE|Integer|false|true
17:41:54.0 (28736653)|VARIABLE_SCOPE_BEGIN|[9]|auMainTopCompCtrl.TYPE_SCREEN_EVENT_SCHEDULE|Integer|false|true
17:41:54.0 (28742960)|VARIABLE_SCOPE_BEGIN|[10]|auMainTopCompCtrl.TYPE_SCREEN_EVENT_SCHEDULE_LIST|Integer|false|true
17:41:54.0 (28749286)|VARIABLE_SCOPE_BEGIN|[27]|auMainTopCompCtrl.TYPE_SCREEN_FILE_LIST|Integer|false|true
17:41:54.0 (28755724)|VARIABLE_SCOPE_BEGIN|[24]|auMainTopCompCtrl.TYPE_SCREEN_HONBU_DIRECT|Integer|false|true
17:41:54.0 (28762230)|VARIABLE_SCOPE_BEGIN|[11]|auMainTopCompCtrl.TYPE_SCREEN_KNOWLEDGE_DASHBOARD|Integer|false|true
17:41:54.0 (28768614)|VARIABLE_SCOPE_BEGIN|[12]|auMainTopCompCtrl.TYPE_SCREEN_KNOWLEDGE_LIST|Integer|false|true
17:41:54.0 (28775663)|VARIABLE_SCOPE_BEGIN|[15]|auMainTopCompCtrl.TYPE_SCREEN_SA_CHATTER|Integer|false|true
17:41:54.0 (28782295)|VARIABLE_SCOPE_BEGIN|[16]|auMainTopCompCtrl.TYPE_SCREEN_SA_DAILYREPORT|Integer|false|true
17:41:54.0 (28789117)|VARIABLE_SCOPE_BEGIN|[22]|auMainTopCompCtrl.TYPE_SCREEN_SA_DAILYREPORTLIST|Integer|false|true
17:41:54.0 (28796636)|VARIABLE_SCOPE_BEGIN|[18]|auMainTopCompCtrl.TYPE_SCREEN_SA_DOCUMENTS|Integer|false|true
17:41:54.0 (28803398)|VARIABLE_SCOPE_BEGIN|[17]|auMainTopCompCtrl.TYPE_SCREEN_SA_ENQUETE|Integer|false|true
17:41:54.0 (28810463)|VARIABLE_SCOPE_BEGIN|[20]|auMainTopCompCtrl.TYPE_SCREEN_SA_LINKS|Integer|false|true
17:41:54.0 (28817171)|VARIABLE_SCOPE_BEGIN|[13]|auMainTopCompCtrl.TYPE_SCREEN_SA_MESSAGES|Integer|false|true
17:41:54.0 (28824148)|VARIABLE_SCOPE_BEGIN|[19]|auMainTopCompCtrl.TYPE_SCREEN_SA_RANKING|Integer|false|true
17:41:54.0 (28830968)|VARIABLE_SCOPE_BEGIN|[14]|auMainTopCompCtrl.TYPE_SCREEN_SA_REPORTS|Integer|false|true
17:41:54.0 (28837870)|VARIABLE_SCOPE_BEGIN|[23]|auMainTopCompCtrl.TYPE_SCREEN_SA_TODO|Integer|false|true
17:41:54.0 (28845390)|VARIABLE_SCOPE_BEGIN|[21]|auMainTopCompCtrl.TYPE_SCREEN_SA_USRSETTINGS|Integer|false|true
17:41:54.0 (28852732)|VARIABLE_SCOPE_BEGIN|[4]|auMainTopCompCtrl.TYPE_SCREEN_STPD_EVENT|Integer|false|true
17:41:54.0 (28860166)|VARIABLE_SCOPE_BEGIN|[6]|auMainTopCompCtrl.TYPE_SCREEN_STPD_SCREEN|Integer|false|true
17:41:54.0 (28867307)|VARIABLE_SCOPE_BEGIN|[5]|auMainTopCompCtrl.TYPE_SCREEN_STPD_TIMELINE|Integer|false|true
17:41:54.0 (28874582)|VARIABLE_SCOPE_BEGIN|[3]|auMainTopCompCtrl.TYPE_SCREEN_SWITCH|Integer|false|true
17:41:54.0 (35898414)|VF_DESERIALIZE_VIEWSTATE_END
17:41:54.0 (41301030)|SYSTEM_MODE_ENTER|true
17:41:54.0 (41347607)|HEAP_ALLOCATE|[EXTERNAL]|Bytes:1640
17:41:54.0 (41386363)|HEAP_ALLOCATE|[EXTERNAL]|Bytes:829
17:41:54.0 (41395557)|HEAP_ALLOCATE|[EXTERNAL]|Bytes:558
17:41:54.0 (41404180)|HEAP_ALLOCATE|[EXTERNAL]|Bytes:10
17:41:54.0 (41433412)|VARIABLE_ASSIGNMENT|[EXTERNAL]|saReportCtrl.ERROR_CATEGORY_MISSING|"カテゴリが必須です。"
17:41:54.0 (41440629)|HEAP_ALLOCATE|[EXTERNAL]|Bytes:10
17:41:54.0 (41448281)|VARIABLE_ASSIGNMENT|[EXTERNAL]|saReportCtrl.ERROR_COMMENT_MISSING|"コメントが必須です。"
17:41:54.0 (41453021)|HEAP_ALLOCATE|[EXTERNAL]|Bytes:10
17:41:54.0 (41459486)|VARIABLE_ASSIGNMENT|[EXTERNAL]|saReportCtrl.ERROR_TITLE_MISSING|"タイトルが必須です。"
17:41:54.0 (41463872)|HEAP_ALLOCATE|[EXTERNAL]|Bytes:11
17:41:54.0 (41471569)|VARIABLE_ASSIGNMENT|[EXTERNAL]|saReportCtrl.MESSAGE_ASK_FOR_VALIDATION|"承認申請を出しました。"
17:41:54.0 (41476841)|HEAP_ALLOCATE|[EXTERNAL]|Bytes:7
17:41:54.0 (41484339)|VARIABLE_ASSIGNMENT|[EXTERNAL]|saReportCtrl.MESSAGE_PUBLISHED|"公開しました。"
17:41:54.0 (41489720)|HEAP_ALLOCATE|[EXTERNAL]|Bytes:9
17:41:54.0 (41496687)|VARIABLE_ASSIGNMENT|[EXTERNAL]|saReportCtrl.MESSAGE_TEMPORARY_SAVED|"一時保存しました。"
17:41:54.0 (41501208)|HEAP_ALLOCATE|[EXTERNAL]|Bytes:3
17:41:54.0 (41510574)|VARIABLE_ASSIGNMENT|[EXTERNAL]|saReportCtrl.SA_REPORT_STATE_NONE_LABEL|"未選択"
17:41:54.0 (41515182)|HEAP_ALLOCATE|[EXTERNAL]|Bytes:1
17:41:54.0 (41523077)|VARIABLE_ASSIGNMENT|[EXTERNAL]|saReportCtrl.SA_REPORT_STATE_NONE_VALUE|" "
17:41:54.0 (41527926)|HEAP_ALLOCATE|[EXTERNAL]|Bytes:3
17:41:54.0 (41535658)|VARIABLE_ASSIGNMENT|[EXTERNAL]|saReportCtrl.SEARCH_COUNT_AVERAGE_LABEL|"50件"
17:41:54.0 (41540611)|HEAP_ALLOCATE|[EXTERNAL]|Bytes:2
17:41:54.0 (41549880)|VARIABLE_ASSIGNMENT|[EXTERNAL]|saReportCtrl.SEARCH_COUNT_AVERAGE_VALUE|"50"
17:41:54.0 (41554242)|HEAP_ALLOCATE|[EXTERNAL]|Bytes:3
17:41:54.0 (41562645)|VARIABLE_ASSIGNMENT|[EXTERNAL]|saReportCtrl.SEARCH_COUNT_FEW_LABEL|"20件"
17:41:54.0 (41567237)|HEAP_ALLOCATE|[EXTERNAL]|Bytes:2
17:41:54.0 (41575374)|VARIABLE_ASSIGNMENT|[EXTERNAL]|saReportCtrl.SEARCH_COUNT_FEW_VALUE|"20"
17:41:54.0 (41579587)|HEAP_ALLOCATE|[EXTERNAL]|Bytes:4
17:41:54.0 (41587958)|VARIABLE_ASSIGNMENT|[EXTERNAL]|saReportCtrl.SEARCH_COUNT_LOT_LABEL|"100件"
17:41:54.0 (41592021)|HEAP_ALLOCATE|[EXTERNAL]|Bytes:3
17:41:54.0 (41600320)|VARIABLE_ASSIGNMENT|[EXTERNAL]|saReportCtrl.SEARCH_COUNT_LOT_VALUE|"100"
17:41:54.0 (41604475)|HEAP_ALLOCATE|[EXTERNAL]|Bytes:4
17:41:54.0 (41612968)|VARIABLE_ASSIGNMENT|[EXTERNAL]|saReportCtrl.SORTED_BY_FAVORITES_LABEL|"いいね順"
17:41:54.0 (41617779)|HEAP_ALLOCATE|[EXTERNAL]|Bytes:4
17:41:54.0 (41626145)|VARIABLE_ASSIGNMENT|[EXTERNAL]|saReportCtrl.SORTED_BY_FAVORITES_VALUE|"いいね順"
17:41:54.0 (41630659)|HEAP_ALLOCATE|[EXTERNAL]|Bytes:3
17:41:54.0 (41639278)|VARIABLE_ASSIGNMENT|[EXTERNAL]|saReportCtrl.SORTED_BY_NEWS_LABEL|"NEW"
17:41:54.0 (41643261)|HEAP_ALLOCATE|[EXTERNAL]|Bytes:3
17:41:54.0 (41653250)|VARIABLE_ASSIGNMENT|[EXTERNAL]|saReportCtrl.SORTED_BY_NEWS_VALUE|"NEW"
17:41:54.0 (41660506)|HEAP_ALLOCATE|[EXTERNAL]|Bytes:1
17:41:54.0 (41670865)|VARIABLE_ASSIGNMENT|[EXTERNAL]|saReportCtrl.SORTED_BY_NONE_LABEL|" "
17:41:54.0 (41675048)|HEAP_ALLOCATE|[EXTERNAL]|Bytes:1
17:41:54.0 (41685426)|VARIABLE_ASSIGNMENT|[EXTERNAL]|saReportCtrl.SORTED_BY_NONE_VALUE|" "
17:41:54.0 (41689500)|HEAP_ALLOCATE|[EXTERNAL]|Bytes:4
17:41:54.0 (41698526)|VARIABLE_ASSIGNMENT|[EXTERNAL]|saReportCtrl.SORTED_BY_NUMBER_OF_VIEWS_LABEL|"閲覧数順"
17:41:54.0 (41703155)|HEAP_ALLOCATE|[EXTERNAL]|Bytes:4
17:41:54.0 (41712409)|VARIABLE_ASSIGNMENT|[EXTERNAL]|saReportCtrl.SORTED_BY_NUMBER_OF_VIEWS_VALUE|"閲覧数順"
17:41:54.0 (41716718)|HEAP_ALLOCATE|[EXTERNAL]|Bytes:4
17:41:54.0 (41725556)|VARIABLE_ASSIGNMENT|[EXTERNAL]|saReportCtrl.SORTED_BY_RELEASE_DATES_LABEL|"公開日時"
17:41:54.0 (41730265)|HEAP_ALLOCATE|[EXTERNAL]|Bytes:4
17:41:54.0 (41739229)|VARIABLE_ASSIGNMENT|[EXTERNAL]|saReportCtrl.SORTED_BY_RELEASE_DATES_VALUE|"公開日時"
17:41:54.0 (41759552)|METHOD_ENTRY|[1]|01pN0000000aEUV|saReportCtrl.saReportCtrl()
17:41:54.0 (41766717)|STATEMENT_EXECUTE|[1]
17:41:54.0 (41775630)|STATEMENT_EXECUTE|[1]
17:41:54.0 (41786561)|SYSTEM_MODE_ENTER|false
17:41:54.0 (41805480)|HEAP_ALLOCATE|[EXTERNAL]|Bytes:5
17:41:54.0 (41814346)|SYSTEM_MODE_EXIT|false
17:41:54.0 (41826533)|METHOD_EXIT|[1]|saReportCtrl
17:41:54.0 (41972821)|SYSTEM_MODE_ENTER|true
17:41:54.0 (42242742)|SYSTEM_MODE_ENTER|true
17:41:54.0 (42353903)|SYSTEM_MODE_ENTER|true
17:41:54.0 (44004107)|SYSTEM_MODE_ENTER|true
17:41:54.0 (44633043)|SYSTEM_MODE_ENTER|true
17:41:54.0 (44717602)|SYSTEM_MODE_ENTER|true
17:41:54.0 (44803700)|SYSTEM_MODE_ENTER|true
17:41:54.0 (44875443)|SYSTEM_MODE_ENTER|true
17:41:54.0 (45110353)|SYSTEM_MODE_ENTER|true
17:41:54.0 (45188151)|SYSTEM_MODE_ENTER|true
17:41:54.0 (45254765)|SYSTEM_MODE_ENTER|true
17:41:54.0 (46310351)|SYSTEM_MODE_ENTER|true
17:41:54.0 (46370750)|SYSTEM_MODE_ENTER|true
17:41:54.0 (46413481)|SYSTEM_MODE_ENTER|true
17:41:54.0 (46452114)|SYSTEM_MODE_ENTER|true
17:41:54.0 (46488655)|SYSTEM_MODE_ENTER|true
17:41:54.0 (46524963)|SYSTEM_MODE_ENTER|true
17:41:54.0 (46563092)|SYSTEM_MODE_ENTER|true
17:41:54.0 (46600168)|SYSTEM_MODE_ENTER|true
17:41:54.0 (46636052)|SYSTEM_MODE_ENTER|true
17:41:54.0 (46674849)|SYSTEM_MODE_ENTER|true
17:41:54.0 (46711521)|SYSTEM_MODE_ENTER|true
17:41:54.0 (46749111)|SYSTEM_MODE_ENTER|true
17:41:54.0 (46785971)|SYSTEM_MODE_ENTER|true
17:41:54.0 (46870340)|SYSTEM_MODE_ENTER|true
17:41:54.0 (46915507)|SYSTEM_MODE_ENTER|true
17:41:54.0 (46954460)|SYSTEM_MODE_ENTER|true
17:41:54.0 (47018664)|SYSTEM_MODE_ENTER|true
17:41:54.0 (47092779)|SYSTEM_MODE_ENTER|true
17:41:54.0 (47141154)|SYSTEM_MODE_ENTER|true
17:41:54.0 (47185610)|SYSTEM_MODE_ENTER|true
17:41:54.0 (47227317)|SYSTEM_MODE_ENTER|true
17:41:54.0 (47271204)|SYSTEM_MODE_ENTER|true
17:41:54.0 (47312653)|SYSTEM_MODE_ENTER|true
17:41:54.0 (47356756)|SYSTEM_MODE_ENTER|true
17:41:54.0 (47412110)|SYSTEM_MODE_ENTER|true
17:41:54.0 (47718793)|SYSTEM_MODE_ENTER|true
17:41:54.0 (48106582)|SYSTEM_MODE_ENTER|true
17:41:54.0 (48369474)|HEAP_ALLOCATE|[EXTERNAL]|Bytes:396
17:41:54.0 (48384032)|VARIABLE_SCOPE_BEGIN|[57]|this|saReportCtrl|true|false
17:41:54.0 (48724731)|VARIABLE_ASSIGNMENT|[57]|this|{"attachmentId":"","basicSearchCategory":" ","basicSearchCount":"20","basicSearchDateEnd":"","basicSearchDateStart":"","basicSearchKeywords":"","basicSearchRole1":" ","basicSearchRole2":" ","basicSearchRole3":" ","basicSearchSort":" ","categoryDataOptions":"0x7f154238","countDataOptions":"0x32ae60ff","createBody":" 1.課題/実践に至った経緯/背景 \n\n (87 more) ...","createdReportId":"","createSubject":"","currentUser":"0x172e803e","draftBody":"","draftSubject":"","isApprover":true,"isCopySelected":false,"isGoodSelected":false,"isVeryGoodSelected":false,"latestBasicSearchCategory":"","latestBasicSearchCount":"","latestBasicSearchDateEnd":"","latestBasicSearchDateStart":"","latestBasicSearchKeywords":"","latestBasicSearchRole1":"","latestBasicSearchRole2":"","latestBasicSearchRole3":"","latestBasicSearchSort":"","latestMySearchCount":"","latestMySearchDateEnd":"","latestMySearchDateStart":"","latestMySearchKeywords":"","latestMySearchState":"","latestPendingCount":"","latestPendingDateEnd":"","latestPendingDateStart":"","latestPendingKeywords":"","latestSelectedProcess":"","listOfCategory":"0x53ee1566","listOfSAReports":"0x4e5fc7ee","lsAttachments":"0xf37ff42","lsRolesFull":"0x46786b1e","mapOfCategory":"0x25b43c9f","messageError":"","messageSubmissionComplete":"","mySearchDateEnd":"","mySearchDateStart":"","mySearchKeywords":"","newCommentValue1":"","newCommentValue2":"","pageNum":1,"pageSize":20,"pendingDateEnd":"","pendingDateStart":"","pendingKeywords":"","processDataOptions":"0x1564ff70","recordsCount":0,"remandBody":"","remandSubject":"","reportComments":"0x2599df71","reportGoodViews":"0x203c6047","reportManagedViews":"0x2468e01b","reportRendered":false,"reportState":"","roleLevel1DataOptions":"0x5f403ec9","roleLevel2DataOptions":"0x793b9d7e","roleLevel3DataOptions":"0x39973c40","searchCategoryLabel":"","searchCountLabel":"","searchParttern":0,"searchStateLabel":"","selectedCategoryName":"","selectedProcess":"","selectedReport":"0x16c51499","selectedReportName":"","selectedView":"","sortDataOptions":"0x6c46bdc8","stateDataOptions":"0x7d4c3367"}|0x5cecbde0
17:41:54.0 (48771788)|SYSTEM_MODE_ENTER|false
17:41:54.0 (48779974)|HEAP_ALLOCATE|[58]|Bytes:5
17:41:54.0 (48785511)|STATEMENT_EXECUTE|[57]
17:41:54.0 (48787766)|STATEMENT_EXECUTE|[58]
17:41:54.0 (48796550)|SYSTEM_MODE_EXIT|false
17:41:54.0 (48862445)|SYSTEM_MODE_ENTER|true
17:41:54.0 (49005023)|SYSTEM_MODE_ENTER|true
17:41:54.0 (49044921)|SYSTEM_MODE_ENTER|true
17:41:54.0 (49076703)|SYSTEM_MODE_ENTER|true
17:41:54.0 (49183465)|SYSTEM_MODE_ENTER|true
17:41:54.0 (49243865)|SYSTEM_MODE_ENTER|true
17:41:54.0 (49277057)|SYSTEM_MODE_ENTER|true
17:41:54.0 (49469751)|SYSTEM_MODE_ENTER|true
17:41:54.0 (49594032)|SYSTEM_MODE_ENTER|true
17:41:54.0 (49631493)|SYSTEM_MODE_ENTER|true
17:41:54.0 (49670597)|SYSTEM_MODE_ENTER|true
17:41:54.0 (49870512)|SYSTEM_MODE_ENTER|true
17:41:54.0 (49905096)|HEAP_ALLOCATE|[EXTERNAL]|Bytes:396
17:41:54.0 (49919898)|VARIABLE_ASSIGNMENT|[EXTERNAL]|this.attachmentId|""|0x5cecbde0
17:41:54.0 (49952637)|SYSTEM_MODE_ENTER|true
17:41:54.0 (49965693)|HEAP_ALLOCATE|[EXTERNAL]|Bytes:396
17:41:54.0 (49982918)|VARIABLE_ASSIGNMENT|[EXTERNAL]|this.selectedReportName|""|0x5cecbde0
17:41:54.0 (50008207)|SYSTEM_MODE_ENTER|true
17:41:54.0 (50020750)|HEAP_ALLOCATE|[EXTERNAL]|Bytes:396
17:41:54.0 (50034422)|VARIABLE_ASSIGNMENT|[EXTERNAL]|this.selectedCategoryName|""|0x5cecbde0
17:41:54.0 (50057229)|SYSTEM_MODE_ENTER|true
17:41:54.0 (50068882)|HEAP_ALLOCATE|[EXTERNAL]|Bytes:396
17:41:54.0 (50079305)|VARIABLE_ASSIGNMENT|[EXTERNAL]|this.messageError|""|0x5cecbde0
17:41:54.0 (50100385)|SYSTEM_MODE_ENTER|true
17:41:54.0 (50110963)|HEAP_ALLOCATE|[EXTERNAL]|Bytes:396
17:41:54.0 (50120843)|VARIABLE_ASSIGNMENT|[EXTERNAL]|this.messageSubmissionComplete|""|0x5cecbde0
17:41:54.0 (50141649)|SYSTEM_MODE_ENTER|true
17:41:54.0 (50152716)|HEAP_ALLOCATE|[EXTERNAL]|Bytes:396
17:41:54.0 (50159306)|VARIABLE_ASSIGNMENT|[EXTERNAL]|this.basicSearchCategory|""|0x5cecbde0
17:41:54.0 (50180045)|SYSTEM_MODE_ENTER|true
17:41:54.0 (50191013)|HEAP_ALLOCATE|[EXTERNAL]|Bytes:396
17:41:54.0 (50197070)|VARIABLE_ASSIGNMENT|[EXTERNAL]|this.basicSearchCount|""|0x5cecbde0
17:41:54.0 (50217585)|SYSTEM_MODE_ENTER|true
17:41:54.0 (50228445)|HEAP_ALLOCATE|[EXTERNAL]|Bytes:396
17:41:54.0 (50234888)|VARIABLE_ASSIGNMENT|[EXTERNAL]|this.basicSearchSort|""|0x5cecbde0
17:41:54.0 (50254964)|SYSTEM_MODE_ENTER|true
17:41:54.0 (50265605)|HEAP_ALLOCATE|[EXTERNAL]|Bytes:396
17:41:54.0 (50276237)|VARIABLE_ASSIGNMENT|[EXTERNAL]|this.mySearchCount|""|0x5cecbde0
17:41:54.0 (50296932)|SYSTEM_MODE_ENTER|true
17:41:54.0 (50307865)|HEAP_ALLOCATE|[EXTERNAL]|Bytes:396
17:41:54.0 (50318054)|VARIABLE_ASSIGNMENT|[EXTERNAL]|this.mySearchState|""|0x5cecbde0
17:41:54.0 (50339266)|SYSTEM_MODE_ENTER|true
17:41:54.0 (50350193)|HEAP_ALLOCATE|[EXTERNAL]|Bytes:396
17:41:54.0 (50360489)|VARIABLE_ASSIGNMENT|[EXTERNAL]|this.pendingCount|""|0x5cecbde0
17:41:54.0 (50380988)|SYSTEM_MODE_ENTER|true
17:41:54.0 (50391663)|HEAP_ALLOCATE|[EXTERNAL]|Bytes:396
17:41:54.0 (50402578)|VARIABLE_ASSIGNMENT|[EXTERNAL]|this.remandCategory|""|0x5cecbde0
17:41:54.0 (50422918)|SYSTEM_MODE_ENTER|true
17:41:54.0 (50433943)|HEAP_ALLOCATE|[EXTERNAL]|Bytes:396
17:41:54.0 (50444794)|VARIABLE_ASSIGNMENT|[EXTERNAL]|this.remandProcess|""|0x5cecbde0
17:41:54.0 (50475411)|SYSTEM_MODE_ENTER|true
17:41:54.0 (50541073)|SYSTEM_MODE_ENTER|true
17:41:54.0 (50553681)|HEAP_ALLOCATE|[EXTERNAL]|Bytes:396
17:41:54.0 (50562184)|VARIABLE_ASSIGNMENT|[EXTERNAL]|this.basicSearchKeywords|""|0x5cecbde0
17:41:54.0 (50584755)|SYSTEM_MODE_ENTER|true
17:41:54.0 (50596123)|HEAP_ALLOCATE|[EXTERNAL]|Bytes:396
17:41:54.0 (50602625)|VARIABLE_ASSIGNMENT|[EXTERNAL]|this.basicSearchDateStart|""|0x5cecbde0
17:41:54.0 (50621926)|SYSTEM_MODE_ENTER|true
17:41:54.0 (50632808)|HEAP_ALLOCATE|[EXTERNAL]|Bytes:396
17:41:54.0 (50639321)|VARIABLE_ASSIGNMENT|[EXTERNAL]|this.basicSearchDateEnd|""|0x5cecbde0
17:41:54.0 (50661054)|SYSTEM_MODE_ENTER|true
17:41:54.0 (50671930)|HEAP_ALLOCATE|[EXTERNAL]|Bytes:1
17:41:54.0 (50675451)|HEAP_ALLOCATE|[EXTERNAL]|Bytes:396
17:41:54.0 (50682728)|VARIABLE_ASSIGNMENT|[EXTERNAL]|this.basicSearchCategory|" "|0x5cecbde0
17:41:54.0 (50703629)|SYSTEM_MODE_ENTER|true
17:41:54.0 (50714469)|HEAP_ALLOCATE|[EXTERNAL]|Bytes:1
17:41:54.0 (50718546)|HEAP_ALLOCATE|[EXTERNAL]|Bytes:396
17:41:54.0 (50724705)|VARIABLE_ASSIGNMENT|[EXTERNAL]|this.basicSearchRole1|" "|0x5cecbde0
17:41:54.0 (50744977)|SYSTEM_MODE_ENTER|true
17:41:54.0 (50756236)|HEAP_ALLOCATE|[EXTERNAL]|Bytes:1
17:41:54.0 (50759376)|HEAP_ALLOCATE|[EXTERNAL]|Bytes:396
17:41:54.0 (50766195)|VARIABLE_ASSIGNMENT|[EXTERNAL]|this.basicSearchRole2|" "|0x5cecbde0
17:41:54.0 (50786849)|SYSTEM_MODE_ENTER|true
17:41:54.0 (50797301)|HEAP_ALLOCATE|[EXTERNAL]|Bytes:1
17:41:54.0 (50801050)|HEAP_ALLOCATE|[EXTERNAL]|Bytes:396
17:41:54.0 (50807474)|VARIABLE_ASSIGNMENT|[EXTERNAL]|this.basicSearchRole3|" "|0x5cecbde0
17:41:54.0 (50827288)|SYSTEM_MODE_ENTER|true
17:41:54.0 (50837734)|HEAP_ALLOCATE|[EXTERNAL]|Bytes:1
17:41:54.0 (50841977)|HEAP_ALLOCATE|[EXTERNAL]|Bytes:396
17:41:54.0 (50848157)|VARIABLE_ASSIGNMENT|[EXTERNAL]|this.basicSearchSort|" "|0x5cecbde0
17:41:54.0 (50868551)|SYSTEM_MODE_ENTER|true
17:41:54.0 (50878877)|HEAP_ALLOCATE|[EXTERNAL]|Bytes:2
17:41:54.0 (50882868)|HEAP_ALLOCATE|[EXTERNAL]|Bytes:396
17:41:54.0 (50889256)|VARIABLE_ASSIGNMENT|[EXTERNAL]|this.basicSearchCount|"20"|0x5cecbde0
17:41:54.0 (50921434)|SYSTEM_MODE_ENTER|true
17:41:54.0 (50956541)|SYSTEM_MODE_ENTER|true
17:41:54.0 (51026096)|SYSTEM_MODE_ENTER|true
17:41:54.0 (51127922)|SYSTEM_MODE_ENTER|true
17:41:54.0 (51170365)|SYSTEM_MODE_ENTER|true
17:41:54.0 (51207410)|SYSTEM_MODE_ENTER|true
17:41:54.0 (51318764)|SYSTEM_MODE_ENTER|true
17:41:54.0 (51381752)|HEAP_ALLOCATE|[EXTERNAL]|Bytes:396
17:41:54.0 (51391816)|VARIABLE_SCOPE_BEGIN|[53]|this|saReportCtrl|true|false
17:41:54.0 (51595649)|VARIABLE_ASSIGNMENT|[53]|this|{"attachmentId":"","basicSearchCategory":" ","basicSearchCount":"20","basicSearchDateEnd":"","basicSearchDateStart":"","basicSearchKeywords":"","basicSearchRole1":" ","basicSearchRole2":" ","basicSearchRole3":" ","basicSearchSort":" ","categoryDataOptions":"0x7f154238","countDataOptions":"0x32ae60ff","createBody":" 1.課題/実践に至った経緯/背景 \n\n (87 more) ...","createdReportId":"","createSubject":"","currentUser":"0x172e803e","draftBody":"","draftSubject":"","isApprover":true,"isCopySelected":false,"isGoodSelected":false,"isVeryGoodSelected":false,"latestBasicSearchCategory":"","latestBasicSearchCount":"","latestBasicSearchDateEnd":"","latestBasicSearchDateStart":"","latestBasicSearchKeywords":"","latestBasicSearchRole1":"","latestBasicSearchRole2":"","latestBasicSearchRole3":"","latestBasicSearchSort":"","latestMySearchCount":"","latestMySearchDateEnd":"","latestMySearchDateStart":"","latestMySearchKeywords":"","latestMySearchState":"","latestPendingCount":"","latestPendingDateEnd":"","latestPendingDateStart":"","latestPendingKeywords":"","latestSelectedProcess":"","listOfCategory":"0x53ee1566","listOfSAReports":"0x4e5fc7ee","lsAttachments":"0xf37ff42","lsRolesFull":"0x46786b1e","mapOfCategory":"0x25b43c9f","messageError":"","messageSubmissionComplete":"","mySearchCount":"","mySearchDateEnd":"","mySearchDateStart":"","mySearchKeywords":"","mySearchState":"","newCommentValue1":"","newCommentValue2":"","pageNum":1,"pageSize":20,"pendingCount":"","pendingDateEnd":"","pendingDateStart":"","pendingKeywords":"","processDataOptions":"0x1564ff70","recordsCount":0,"remandBody":"","remandCategory":"","remandProcess":"","remandSubject":"","reportComments":"0x2599df71","reportGoodViews":"0x203c6047","reportManagedViews":"0x2468e01b","reportRendered":false,"reportState":"","roleLevel1DataOptions":"0x5f403ec9","roleLevel2DataOptions":"0x793b9d7e","roleLevel3DataOptions":"0x39973c40","searchCategoryLabel":"","searchCountLabel":"","searchParttern":0,"searchStateLabel":"","selectedCategoryName":"","selectedProcess":"","selectedReport":"0x16c51499","selectedReportName":"","selectedView":"","sortDataOptions":"0x6c46bdc8","stateDataOptions":"0x7d4c3367"}|0x5cecbde0
17:41:54.0 (51629322)|VARIABLE_SCOPE_BEGIN|[53]|value|String|false|false
17:41:54.0 (51637252)|VARIABLE_ASSIGNMENT|[53]|value|null
17:41:54.0 (51649202)|SYSTEM_MODE_ENTER|false
17:41:54.0 (51658121)|HEAP_ALLOCATE|[54]|Bytes:5
17:41:54.0 (51663296)|STATEMENT_EXECUTE|[53]
17:41:54.0 (51665164)|STATEMENT_EXECUTE|[54]
17:41:54.0 (51676276)|VARIABLE_ASSIGNMENT|[54]|this.createCategory|null|0x5cecbde0
17:41:54.0 (51683390)|SYSTEM_MODE_EXIT|false
17:41:54.0 (51720598)|SYSTEM_MODE_ENTER|true
17:41:54.0 (51735878)|HEAP_ALLOCATE|[EXTERNAL]|Bytes:396
17:41:54.0 (51744486)|VARIABLE_ASSIGNMENT|[EXTERNAL]|this.createProcess|null|0x5cecbde0
17:41:54.0 (51780202)|SYSTEM_MODE_ENTER|true
17:41:54.0 (51817739)|SYSTEM_MODE_ENTER|true
17:41:54.0 (51910387)|SYSTEM_MODE_ENTER|true
17:41:54.0 (51924658)|HEAP_ALLOCATE|[EXTERNAL]|Bytes:396
17:41:54.0 (51937604)|VARIABLE_ASSIGNMENT|[EXTERNAL]|this.mySearchState|null|0x5cecbde0
17:41:54.0 (51962354)|SYSTEM_MODE_ENTER|true
17:41:54.0 (51972949)|HEAP_ALLOCATE|[EXTERNAL]|Bytes:396
17:41:54.0 (51982775)|VARIABLE_ASSIGNMENT|[EXTERNAL]|this.mySearchCount|null|0x5cecbde0
17:41:54.0 (52009803)|SYSTEM_MODE_ENTER|true
17:41:54.0 (52043509)|SYSTEM_MODE_ENTER|true
17:41:54.0 (52118925)|SYSTEM_MODE_ENTER|true
17:41:54.0 (52131957)|HEAP_ALLOCATE|[EXTERNAL]|Bytes:396
17:41:54.0 (52140930)|VARIABLE_ASSIGNMENT|[EXTERNAL]|this.draftCategory|null|0x5cecbde0
17:41:54.0 (52163092)|SYSTEM_MODE_ENTER|true
17:41:54.0 (52173991)|HEAP_ALLOCATE|[EXTERNAL]|Bytes:396
17:41:54.0 (52181314)|VARIABLE_ASSIGNMENT|[EXTERNAL]|this.draftProcess|null|0x5cecbde0
17:41:54.0 (52223475)|SYSTEM_MODE_ENTER|true
17:41:54.0 (52372880)|SYSTEM_MODE_ENTER|true
17:41:54.0 (52387855)|HEAP_ALLOCATE|[EXTERNAL]|Bytes:396
17:41:54.0 (52401998)|VARIABLE_ASSIGNMENT|[EXTERNAL]|this.remandCategory|null|0x5cecbde0
17:41:54.0 (52425116)|SYSTEM_MODE_ENTER|true
17:41:54.0 (52435882)|HEAP_ALLOCATE|[EXTERNAL]|Bytes:396
17:41:54.0 (52446217)|VARIABLE_ASSIGNMENT|[EXTERNAL]|this.remandProcess|null|0x5cecbde0
17:41:54.0 (52491444)|SYSTEM_MODE_ENTER|true
17:41:54.0 (52526176)|SYSTEM_MODE_ENTER|true
17:41:54.0 (52588466)|SYSTEM_MODE_ENTER|true
17:41:54.0 (52601565)|HEAP_ALLOCATE|[EXTERNAL]|Bytes:396
17:41:54.0 (52618948)|VARIABLE_ASSIGNMENT|[EXTERNAL]|this.pendingCount|null|0x5cecbde0
17:41:54.0 (52648355)|SYSTEM_MODE_ENTER|true
17:41:54.0 (52683166)|SYSTEM_MODE_ENTER|true
17:41:54.0 (52852538)|HEAP_ALLOCATE|[EXTERNAL]|Bytes:396
17:41:54.0 (52862627)|VARIABLE_SCOPE_BEGIN|[1135]|this|saReportCtrl|true|false
17:41:54.0 (53067776)|VARIABLE_ASSIGNMENT|[1135]|this|{"attachmentId":"","basicSearchCategory":" ","basicSearchCount":"20","basicSearchDateEnd":"","basicSearchDateStart":"","basicSearchKeywords":"","basicSearchRole1":" ","basicSearchRole2":" ","basicSearchRole3":" ","basicSearchSort":" ","categoryDataOptions":"0x7f154238","countDataOptions":"0x32ae60ff","createBody":" 1.課題/実践に至った経緯/背景 \n\n (87 more) ...","createdReportId":"","createSubject":"","currentUser":"0x172e803e","draftBody":"","draftSubject":"","isApprover":true,"isCopySelected":false,"isGoodSelected":false,"isVeryGoodSelected":false,"latestBasicSearchCategory":"","latestBasicSearchCount":"","latestBasicSearchDateEnd":"","latestBasicSearchDateStart":"","latestBasicSearchKeywords":"","latestBasicSearchRole1":"","latestBasicSearchRole2":"","latestBasicSearchRole3":"","latestBasicSearchSort":"","latestMySearchCount":"","latestMySearchDateEnd":"","latestMySearchDateStart":"","latestMySearchKeywords":"","latestMySearchState":"","latestPendingCount":"","latestPendingDateEnd":"","latestPendingDateStart":"","latestPendingKeywords":"","latestSelectedProcess":"","listOfCategory":"0x53ee1566","listOfSAReports":"0x4e5fc7ee","lsAttachments":"0xf37ff42","lsRolesFull":"0x46786b1e","mapOfCategory":"0x25b43c9f","messageError":"","messageSubmissionComplete":"","mySearchDateEnd":"","mySearchDateStart":"","mySearchKeywords":"","newCommentValue1":"","newCommentValue2":"","pageNum":1,"pageSize":20,"pendingDateEnd":"","pendingDateStart":"","pendingKeywords":"","processDataOptions":"0x1564ff70","recordsCount":0,"remandBody":"","remandSubject":"","reportComments":"0x2599df71","reportGoodViews":"0x203c6047","reportManagedViews":"0x2468e01b","reportRendered":false,"reportState":"","roleLevel1DataOptions":"0x5f403ec9","roleLevel2DataOptions":"0x793b9d7e","roleLevel3DataOptions":"0x39973c40","searchCategoryLabel":"","searchCountLabel":"","searchParttern":0,"searchStateLabel":"","selectedCategoryName":"","selectedProcess":"","selectedReport":"0x16c51499","selectedReportName":"","selectedView":"","sortDataOptions":"0x6c46bdc8","stateDataOptions":"0x7d4c3367"}|0x5cecbde0
17:41:54.0 (53107286)|SYSTEM_MODE_ENTER|false
17:41:54.0 (53115087)|HEAP_ALLOCATE|[1137]|Bytes:5
17:41:54.0 (53119815)|STATEMENT_EXECUTE|[1135]
17:41:54.0 (53121925)|STATEMENT_EXECUTE|[1137]
17:41:54.0 (53126027)|HEAP_ALLOCATE|[1137]|Bytes:22
17:41:54.0 (53186106)|USER_DEBUG|[1137]|DEBUG|Run: createDraftReport
17:41:54.0 (53200046)|STATEMENT_EXECUTE|[1139]
17:41:54.0 (53421216)|VARIABLE_ASSIGNMENT|[EXTERNAL]|this|{"attachmentId":"","basicSearchCategory":" ","basicSearchCount":"20","basicSearchDateEnd":"","basicSearchDateStart":"","basicSearchKeywords":"","basicSearchRole1":" ","basicSearchRole2":" ","basicSearchRole3":" ","basicSearchSort":" ","categoryDataOptions":"0x7f154238","countDataOptions":"0x32ae60ff","createBody":" 1.課題/実践に至った経緯/背景 \n\n (87 more) ...","createdReportId":"","createSubject":"","currentUser":"0x172e803e","draftBody":"","draftSubject":"","isApprover":true,"isCopySelected":false,"isGoodSelected":false,"isVeryGoodSelected":false,"latestBasicSearchCategory":"","latestBasicSearchCount":"","latestBasicSearchDateEnd":"","latestBasicSearchDateStart":"","latestBasicSearchKeywords":"","latestBasicSearchRole1":"","latestBasicSearchRole2":"","latestBasicSearchRole3":"","latestBasicSearchSort":"","latestMySearchCount":"","latestMySearchDateEnd":"","latestMySearchDateStart":"","latestMySearchKeywords":"","latestMySearchState":"","latestPendingCount":"","latestPendingDateEnd":"","latestPendingDateStart":"","latestPendingKeywords":"","latestSelectedProcess":"","listOfCategory":"0x53ee1566","listOfSAReports":"0x4e5fc7ee","lsAttachments":"0xf37ff42","lsRolesFull":"0x46786b1e","mapOfCategory":"0x25b43c9f","messageError":"","messageSubmissionComplete":"","mySearchDateEnd":"","mySearchDateStart":"","mySearchKeywords":"","newCommentValue1":"","newCommentValue2":"","pageNum":1,"pageSize":20,"pendingDateEnd":"","pendingDateStart":"","pendingKeywords":"","processDataOptions":"0x1564ff70","recordsCount":0,"remandBody":"","remandSubject":"","reportComments":"0x2599df71","reportGoodViews":"0x203c6047","reportManagedViews":"0x2468e01b","reportRendered":false,"reportState":"","roleLevel1DataOptions":"0x5f403ec9","roleLevel2DataOptions":"0x793b9d7e","roleLevel3DataOptions":"0x39973c40","searchCategoryLabel":"","searchCountLabel":"","searchParttern":0,"searchStateLabel":"","selectedCategoryName":"","selectedProcess":"","selectedReport":"0x16c51499","selectedReportName":"","selectedView":"","sortDataOptions":"0x6c46bdc8","stateDataOptions":"0x7d4c3367"}|0x5cecbde0
17:41:54.0 (53457354)|VARIABLE_ASSIGNMENT|[EXTERNAL]|value|""
17:41:54.0 (53473036)|VARIABLE_ASSIGNMENT|[71]|this.messageError|""|0x5cecbde0
17:41:54.0 (53483621)|STATEMENT_EXECUTE|[1140]
17:41:54.0 (53692378)|VARIABLE_ASSIGNMENT|[EXTERNAL]|this|{"attachmentId":"","basicSearchCategory":" ","basicSearchCount":"20","basicSearchDateEnd":"","basicSearchDateStart":"","basicSearchKeywords":"","basicSearchRole1":" ","basicSearchRole2":" ","basicSearchRole3":" ","basicSearchSort":" ","categoryDataOptions":"0x7f154238","countDataOptions":"0x32ae60ff","createBody":" 1.課題/実践に至った経緯/背景 \n\n (87 more) ...","createdReportId":"","createSubject":"","currentUser":"0x172e803e","draftBody":"","draftSubject":"","isApprover":true,"isCopySelected":false,"isGoodSelected":false,"isVeryGoodSelected":false,"latestBasicSearchCategory":"","latestBasicSearchCount":"","latestBasicSearchDateEnd":"","latestBasicSearchDateStart":"","latestBasicSearchKeywords":"","latestBasicSearchRole1":"","latestBasicSearchRole2":"","latestBasicSearchRole3":"","latestBasicSearchSort":"","latestMySearchCount":"","latestMySearchDateEnd":"","latestMySearchDateStart":"","latestMySearchKeywords":"","latestMySearchState":"","latestPendingCount":"","latestPendingDateEnd":"","latestPendingDateStart":"","latestPendingKeywords":"","latestSelectedProcess":"","listOfCategory":"0x53ee1566","listOfSAReports":"0x4e5fc7ee","lsAttachments":"0xf37ff42","lsRolesFull":"0x46786b1e","mapOfCategory":"0x25b43c9f","messageError":"","messageSubmissionComplete":"","mySearchDateEnd":"","mySearchDateStart":"","mySearchKeywords":"","newCommentValue1":"","newCommentValue2":"","pageNum":1,"pageSize":20,"pendingDateEnd":"","pendingDateStart":"","pendingKeywords":"","processDataOptions":"0x1564ff70","recordsCount":0,"remandBody":"","remandSubject":"","reportComments":"0x2599df71","reportGoodViews":"0x203c6047","reportManagedViews":"0x2468e01b","reportRendered":false,"reportState":"","roleLevel1DataOptions":"0x5f403ec9","roleLevel2DataOptions":"0x793b9d7e","roleLevel3DataOptions":"0x39973c40","searchCategoryLabel":"","searchCountLabel":"","searchParttern":0,"searchStateLabel":"","selectedCategoryName":"","selectedProcess":"","selectedReport":"0x16c51499","selectedReportName":"","selectedView":"","sortDataOptions":"0x6c46bdc8","stateDataOptions":"0x7d4c3367"}|0x5cecbde0
17:41:54.0 (53726619)|VARIABLE_ASSIGNMENT|[EXTERNAL]|value|""
17:41:54.0 (53740080)|VARIABLE_ASSIGNMENT|[72]|this.messageSubmissionComplete|""|0x5cecbde0
17:41:54.0 (53947386)|VARIABLE_ASSIGNMENT|[EXTERNAL]|this|{"attachmentId":"","basicSearchCategory":" ","basicSearchCount":"20","basicSearchDateEnd":"","basicSearchDateStart":"","basicSearchKeywords":"","basicSearchRole1":" ","basicSearchRole2":" ","basicSearchRole3":" ","basicSearchSort":" ","categoryDataOptions":"0x7f154238","countDataOptions":"0x32ae60ff","createBody":" 1.課題/実践に至った経緯/背景 \n\n (87 more) ...","createdReportId":"","createSubject":"","currentUser":"0x172e803e","draftBody":"","draftSubject":"","isApprover":true,"isCopySelected":false,"isGoodSelected":false,"isVeryGoodSelected":false,"latestBasicSearchCategory":"","latestBasicSearchCount":"","latestBasicSearchDateEnd":"","latestBasicSearchDateStart":"","latestBasicSearchKeywords":"","latestBasicSearchRole1":"","latestBasicSearchRole2":"","latestBasicSearchRole3":"","latestBasicSearchSort":"","latestMySearchCount":"","latestMySearchDateEnd":"","latestMySearchDateStart":"","latestMySearchKeywords":"","latestMySearchState":"","latestPendingCount":"","latestPendingDateEnd":"","latestPendingDateStart":"","latestPendingKeywords":"","latestSelectedProcess":"","listOfCategory":"0x53ee1566","listOfSAReports":"0x4e5fc7ee","lsAttachments":"0xf37ff42","lsRolesFull":"0x46786b1e","mapOfCategory":"0x25b43c9f","messageError":"","messageSubmissionComplete":"","mySearchDateEnd":"","mySearchDateStart":"","mySearchKeywords":"","newCommentValue1":"","newCommentValue2":"","pageNum":1,"pageSize":20,"pendingDateEnd":"","pendingDateStart":"","pendingKeywords":"","processDataOptions":"0x1564ff70","recordsCount":0,"remandBody":"","remandSubject":"","reportComments":"0x2599df71","reportGoodViews":"0x203c6047","reportManagedViews":"0x2468e01b","reportRendered":false,"reportState":"","roleLevel1DataOptions":"0x5f403ec9","roleLevel2DataOptions":"0x793b9d7e","roleLevel3DataOptions":"0x39973c40","searchCategoryLabel":"","searchCountLabel":"","searchParttern":0,"searchStateLabel":"","selectedCategoryName":"","selectedProcess":"","selectedReport":"0x16c51499","selectedReportName":"","selectedView":"","sortDataOptions":"0x6c46bdc8","stateDataOptions":"0x7d4c3367"}|0x5cecbde0
17:41:54.0 (54163201)|VARIABLE_ASSIGNMENT|[EXTERNAL]|this|{"attachmentId":"","basicSearchCategory":" ","basicSearchCount":"20","basicSearchDateEnd":"","basicSearchDateStart":"","basicSearchKeywords":"","basicSearchRole1":" ","basicSearchRole2":" ","basicSearchRole3":" ","basicSearchSort":" ","categoryDataOptions":"0x7f154238","countDataOptions":"0x32ae60ff","createBody":" 1.課題/実践に至った経緯/背景 \n\n (87 more) ...","createdReportId":"","createSubject":"","currentUser":"0x172e803e","draftBody":"","draftSubject":"","isApprover":true,"isCopySelected":false,"isGoodSelected":false,"isVeryGoodSelected":false,"latestBasicSearchCategory":"","latestBasicSearchCount":"","latestBasicSearchDateEnd":"","latestBasicSearchDateStart":"","latestBasicSearchKeywords":"","latestBasicSearchRole1":"","latestBasicSearchRole2":"","latestBasicSearchRole3":"","latestBasicSearchSort":"","latestMySearchCount":"","latestMySearchDateEnd":"","latestMySearchDateStart":"","latestMySearchKeywords":"","latestMySearchState":"","latestPendingCount":"","latestPendingDateEnd":"","latestPendingDateStart":"","latestPendingKeywords":"","latestSelectedProcess":"","listOfCategory":"0x53ee1566","listOfSAReports":"0x4e5fc7ee","lsAttachments":"0xf37ff42","lsRolesFull":"0x46786b1e","mapOfCategory":"0x25b43c9f","messageError":"","messageSubmissionComplete":"","mySearchDateEnd":"","mySearchDateStart":"","mySearchKeywords":"","newCommentValue1":"","newCommentValue2":"","pageNum":1,"pageSize":20,"pendingDateEnd":"","pendingDateStart":"","pendingKeywords":"","processDataOptions":"0x1564ff70","recordsCount":0,"remandBody":"","remandSubject":"","reportComments":"0x2599df71","reportGoodViews":"0x203c6047","reportManagedViews":"0x2468e01b","reportRendered":false,"reportState":"","roleLevel1DataOptions":"0x5f403ec9","roleLevel2DataOptions":"0x793b9d7e","roleLevel3DataOptions":"0x39973c40","searchCategoryLabel":"","searchCountLabel":"","searchParttern":0,"searchStateLabel":"","selectedCategoryName":"","selectedProcess":"","selectedReport":"0x16c51499","selectedReportName":"","selectedView":"","sortDataOptions":"0x6c46bdc8","stateDataOptions":"0x7d4c3367"}|0x5cecbde0
17:41:54.0 (54258129)|STATEMENT_EXECUTE|[1143]
17:41:54.0 (54260823)|STATEMENT_EXECUTE|[1144]
17:41:54.0 (54456816)|VARIABLE_ASSIGNMENT|[EXTERNAL]|this|{"attachmentId":"","basicSearchCategory":" ","basicSearchCount":"20","basicSearchDateEnd":"","basicSearchDateStart":"","basicSearchKeywords":"","basicSearchRole1":" ","basicSearchRole2":" ","basicSearchRole3":" ","basicSearchSort":" ","categoryDataOptions":"0x7f154238","countDataOptions":"0x32ae60ff","createBody":" 1.課題/実践に至った経緯/背景 \n\n (87 more) ...","createdReportId":"","createSubject":"","currentUser":"0x172e803e","draftBody":"","draftSubject":"","isApprover":true,"isCopySelected":false,"isGoodSelected":false,"isVeryGoodSelected":false,"latestBasicSearchCategory":"","latestBasicSearchCount":"","latestBasicSearchDateEnd":"","latestBasicSearchDateStart":"","latestBasicSearchKeywords":"","latestBasicSearchRole1":"","latestBasicSearchRole2":"","latestBasicSearchRole3":"","latestBasicSearchSort":"","latestMySearchCount":"","latestMySearchDateEnd":"","latestMySearchDateStart":"","latestMySearchKeywords":"","latestMySearchState":"","latestPendingCount":"","latestPendingDateEnd":"","latestPendingDateStart":"","latestPendingKeywords":"","latestSelectedProcess":"","listOfCategory":"0x53ee1566","listOfSAReports":"0x4e5fc7ee","lsAttachments":"0xf37ff42","lsRolesFull":"0x46786b1e","mapOfCategory":"0x25b43c9f","messageError":"","messageSubmissionComplete":"","mySearchDateEnd":"","mySearchDateStart":"","mySearchKeywords":"","newCommentValue1":"","newCommentValue2":"","pageNum":1,"pageSize":20,"pendingDateEnd":"","pendingDateStart":"","pendingKeywords":"","processDataOptions":"0x1564ff70","recordsCount":0,"remandBody":"","remandSubject":"","reportComments":"0x2599df71","reportGoodViews":"0x203c6047","reportManagedViews":"0x2468e01b","reportRendered":false,"reportState":"","roleLevel1DataOptions":"0x5f403ec9","roleLevel2DataOptions":"0x793b9d7e","roleLevel3DataOptions":"0x39973c40","searchCategoryLabel":"","searchCountLabel":"","searchParttern":0,"searchStateLabel":"","selectedCategoryName":"","selectedProcess":"","selectedReport":"0x16c51499","selectedReportName":"","selectedView":"","sortDataOptions":"0x6c46bdc8","stateDataOptions":"0x7d4c3367"}|0x5cecbde0
17:41:54.0 (54491108)|VARIABLE_ASSIGNMENT|[EXTERNAL]|value|"タイトルが必須です。"
17:41:54.0 (54504199)|VARIABLE_ASSIGNMENT|[71]|this.messageError|"タイトルが必須です。"|0x5cecbde0
17:41:54.0 (54513126)|STATEMENT_EXECUTE|[1145]
17:41:54.0 (54517267)|HEAP_ALLOCATE|[1145]|Bytes:23
17:41:54.0 (54534279)|USER_DEBUG|[1145]|DEBUG|Subject cannot be empty
17:41:54.0 (54545973)|STATEMENT_EXECUTE|[1147]
17:41:54.0 (54547596)|STATEMENT_EXECUTE|[1148]
17:41:54.0 (54738668)|VARIABLE_ASSIGNMENT|[EXTERNAL]|this|{"attachmentId":"","basicSearchCategory":" ","basicSearchCount":"20","basicSearchDateEnd":"","basicSearchDateStart":"","basicSearchKeywords":"","basicSearchRole1":" ","basicSearchRole2":" ","basicSearchRole3":" ","basicSearchSort":" ","categoryDataOptions":"0x7f154238","countDataOptions":"0x32ae60ff","createBody":" 1.課題/実践に至った経緯/背景 \n\n (87 more) ...","createdReportId":"","createSubject":"","currentUser":"0x172e803e","draftBody":"","draftSubject":"","isApprover":true,"isCopySelected":false,"isGoodSelected":false,"isVeryGoodSelected":false,"latestBasicSearchCategory":"","latestBasicSearchCount":"","latestBasicSearchDateEnd":"","latestBasicSearchDateStart":"","latestBasicSearchKeywords":"","latestBasicSearchRole1":"","latestBasicSearchRole2":"","latestBasicSearchRole3":"","latestBasicSearchSort":"","latestMySearchCount":"","latestMySearchDateEnd":"","latestMySearchDateStart":"","latestMySearchKeywords":"","latestMySearchState":"","latestPendingCount":"","latestPendingDateEnd":"","latestPendingDateStart":"","latestPendingKeywords":"","latestSelectedProcess":"","listOfCategory":"0x53ee1566","listOfSAReports":"0x4e5fc7ee","lsAttachments":"0xf37ff42","lsRolesFull":"0x46786b1e","mapOfCategory":"0x25b43c9f","messageError":"タイトルが必須です。","messageSubmissionComplete":"","mySearchDateEnd":"","mySearchDateStart":"","mySearchKeywords":"","newCommentValue1":"","newCommentValue2":"","pageNum":1,"pageSize":20,"pendingDateEnd":"","pendingDateStart":"","pendingKeywords":"","processDataOptions":"0x1564ff70","recordsCount":0,"remandBody":"","remandSubject":"","reportComments":"0x2599df71","reportGoodViews":"0x203c6047","reportManagedViews":"0x2468e01b","reportRendered":false,"reportState":"","roleLevel1DataOptions":"0x5f403ec9","roleLevel2DataOptions":"0x793b9d7e","roleLevel3DataOptions":"0x39973c40","searchCategoryLabel":"","searchCountLabel":"","searchParttern":0,"searchStateLabel":"","selectedCategoryName":"","selectedProcess":"","selectedReport":"0x16c51499","selectedReportName":"","selectedView":"","sortDataOptions":"0x6c46bdc8","stateDataOptions":"0x7d4c3367"}|0x5cecbde0
17:41:54.0 (54772142)|VARIABLE_ASSIGNMENT|[EXTERNAL]|value|"カテゴリが必須です。"
17:41:54.0 (54784750)|VARIABLE_ASSIGNMENT|[71]|this.messageError|"カテゴリが必須です。"|0x5cecbde0
17:41:54.0 (54793172)|STATEMENT_EXECUTE|[1149]
17:41:54.0 (54796785)|HEAP_ALLOCATE|[1149]|Bytes:24
17:41:54.0 (54810794)|USER_DEBUG|[1149]|DEBUG|Category cannot be empty
17:41:54.0 (55016719)|VARIABLE_ASSIGNMENT|[EXTERNAL]|this|{"attachmentId":"","basicSearchCategory":" ","basicSearchCount":"20","basicSearchDateEnd":"","basicSearchDateStart":"","basicSearchKeywords":"","basicSearchRole1":" ","basicSearchRole2":" ","basicSearchRole3":" ","basicSearchSort":" ","categoryDataOptions":"0x7f154238","countDataOptions":"0x32ae60ff","createBody":" 1.課題/実践に至った経緯/背景 \n\n (87 more) ...","createdReportId":"","createSubject":"","currentUser":"0x172e803e","draftBody":"","draftSubject":"","isApprover":true,"isCopySelected":false,"isGoodSelected":false,"isVeryGoodSelected":false,"latestBasicSearchCategory":"","latestBasicSearchCount":"","latestBasicSearchDateEnd":"","latestBasicSearchDateStart":"","latestBasicSearchKeywords":"","latestBasicSearchRole1":"","latestBasicSearchRole2":"","latestBasicSearchRole3":"","latestBasicSearchSort":"","latestMySearchCount":"","latestMySearchDateEnd":"","latestMySearchDateStart":"","latestMySearchKeywords":"","latestMySearchState":"","latestPendingCount":"","latestPendingDateEnd":"","latestPendingDateStart":"","latestPendingKeywords":"","latestSelectedProcess":"","listOfCategory":"0x53ee1566","listOfSAReports":"0x4e5fc7ee","lsAttachments":"0xf37ff42","lsRolesFull":"0x46786b1e","mapOfCategory":"0x25b43c9f","messageError":"カテゴリが必須です。","messageSubmissionComplete":"","mySearchDateEnd":"","mySearchDateStart":"","mySearchKeywords":"","newCommentValue1":"","newCommentValue2":"","pageNum":1,"pageSize":20,"pendingDateEnd":"","pendingDateStart":"","pendingKeywords":"","processDataOptions":"0x1564ff70","recordsCount":0,"remandBody":"","remandSubject":"","reportComments":"0x2599df71","reportGoodViews":"0x203c6047","reportManagedViews":"0x2468e01b","reportRendered":false,"reportState":"","roleLevel1DataOptions":"0x5f403ec9","roleLevel2DataOptions":"0x793b9d7e","roleLevel3DataOptions":"0x39973c40","searchCategoryLabel":"","searchCountLabel":"","searchParttern":0,"searchStateLabel":"","selectedCategoryName":"","selectedProcess":"","selectedReport":"0x16c51499","selectedReportName":"","selectedView":"","sortDataOptions":"0x6c46bdc8","stateDataOptions":"0x7d4c3367"}|0x5cecbde0
17:41:54.0 (55068902)|STATEMENT_EXECUTE|[1153]
17:41:54.0 (55074065)|SYSTEM_MODE_EXIT|false
17:41:54.0 (102623975)|SYSTEM_MODE_ENTER|true
17:41:54.0 (102687272)|HEAP_ALLOCATE|[EXTERNAL]|Bytes:284
17:41:54.0 (102716259)|HEAP_ALLOCATE|[EXTERNAL]|Bytes:160
17:41:54.0 (102738912)|METHOD_ENTRY|[1]|01pN0000000Mill|auMainTopCompCtrl.auMainTopCompCtrl()
17:41:54.0 (102746267)|STATEMENT_EXECUTE|[1]
17:41:54.0 (102754097)|STATEMENT_EXECUTE|[1]
17:41:54.0 (102756051)|STATEMENT_EXECUTE|[3]
17:41:54.0 (102770020)|HEAP_ALLOCATE|[3]|Bytes:4
17:41:54.0 (102791622)|VARIABLE_ASSIGNMENT|[3]|auMainTopCompCtrl.TYPE_SCREEN_SWITCH|0
17:41:54.0 (102797471)|STATEMENT_EXECUTE|[4]
17:41:54.0 (102801646)|HEAP_ALLOCATE|[4]|Bytes:4
17:41:54.0 (102810216)|VARIABLE_ASSIGNMENT|[4]|auMainTopCompCtrl.TYPE_SCREEN_STPD_EVENT|11
17:41:54.0 (102814013)|STATEMENT_EXECUTE|[5]
17:41:54.0 (102816691)|HEAP_ALLOCATE|[5]|Bytes:4
17:41:54.0 (102824087)|VARIABLE_ASSIGNMENT|[5]|auMainTopCompCtrl.TYPE_SCREEN_STPD_TIMELINE|12
17:41:54.0 (102827923)|STATEMENT_EXECUTE|[6]
17:41:54.0 (102830511)|HEAP_ALLOCATE|[6]|Bytes:4
17:41:54.0 (102836824)|VARIABLE_ASSIGNMENT|[6]|auMainTopCompCtrl.TYPE_SCREEN_STPD_SCREEN|13
17:41:54.0 (102841546)|STATEMENT_EXECUTE|[7]
17:41:54.0 (102844145)|HEAP_ALLOCATE|[7]|Bytes:4
17:41:54.0 (102849458)|VARIABLE_ASSIGNMENT|[7]|auMainTopCompCtrl.TYPE_SCREEN_CX_SCREEN|21
17:41:54.0 (102853322)|STATEMENT_EXECUTE|[8]
17:41:54.0 (102855500)|HEAP_ALLOCATE|[8]|Bytes:4
17:41:54.0 (102860445)|VARIABLE_ASSIGNMENT|[8]|auMainTopCompCtrl.TYPE_SCREEN_CX_TIMELINE|22
17:41:54.0 (102865036)|STATEMENT_EXECUTE|[9]
17:41:54.0 (102867535)|HEAP_ALLOCATE|[9]|Bytes:4
17:41:54.0 (102873595)|VARIABLE_ASSIGNMENT|[9]|auMainTopCompCtrl.TYPE_SCREEN_EVENT_SCHEDULE|31
17:41:54.0 (102877710)|STATEMENT_EXECUTE|[10]
17:41:54.0 (102880761)|HEAP_ALLOCATE|[10]|Bytes:4
17:41:54.0 (102886390)|VARIABLE_ASSIGNMENT|[10]|auMainTopCompCtrl.TYPE_SCREEN_EVENT_SCHEDULE_LIST|32
17:41:54.0 (102890713)|STATEMENT_EXECUTE|[11]
17:41:54.0 (102893358)|HEAP_ALLOCATE|[11]|Bytes:4
17:41:54.0 (102899009)|VARIABLE_ASSIGNMENT|[11]|auMainTopCompCtrl.TYPE_SCREEN_KNOWLEDGE_DASHBOARD|41
17:41:54.0 (102907656)|STATEMENT_EXECUTE|[12]
17:41:54.0 (102910740)|HEAP_ALLOCATE|[12]|Bytes:4
17:41:54.0 (102917353)|VARIABLE_ASSIGNMENT|[12]|auMainTopCompCtrl.TYPE_SCREEN_KNOWLEDGE_LIST|42
17:41:54.0 (102921637)|STATEMENT_EXECUTE|[13]
17:41:54.0 (102923975)|HEAP_ALLOCATE|[13]|Bytes:4
17:41:54.0 (102930506)|VARIABLE_ASSIGNMENT|[13]|auMainTopCompCtrl.TYPE_SCREEN_SA_MESSAGES|51
17:41:54.0 (102934090)|STATEMENT_EXECUTE|[14]
17:41:54.0 (102936587)|HEAP_ALLOCATE|[14]|Bytes:4
17:41:54.0 (102942808)|VARIABLE_ASSIGNMENT|[14]|auMainTopCompCtrl.TYPE_SCREEN_SA_REPORTS|52
17:41:54.0 (102946484)|STATEMENT_EXECUTE|[15]
17:41:54.0 (102949070)|HEAP_ALLOCATE|[15]|Bytes:4
17:41:54.0 (102955276)|VARIABLE_ASSIGNMENT|[15]|auMainTopCompCtrl.TYPE_SCREEN_SA_CHATTER|53
17:41:54.0 (102959441)|STATEMENT_EXECUTE|[16]
17:41:54.0 (102961608)|HEAP_ALLOCATE|[16]|Bytes:4
17:41:54.0 (102967696)|VARIABLE_ASSIGNMENT|[16]|auMainTopCompCtrl.TYPE_SCREEN_SA_DAILYREPORT|54
17:41:54.0 (102971680)|STATEMENT_EXECUTE|[17]
17:41:54.0 (102974070)|HEAP_ALLOCATE|[17]|Bytes:4
17:41:54.0 (102980529)|VARIABLE_ASSIGNMENT|[17]|auMainTopCompCtrl.TYPE_SCREEN_SA_ENQUETE|55
17:41:54.0 (102984137)|STATEMENT_EXECUTE|[18]
17:41:54.0 (102986433)|HEAP_ALLOCATE|[18]|Bytes:4
17:41:54.0 (102992414)|VARIABLE_ASSIGNMENT|[18]|auMainTopCompCtrl.TYPE_SCREEN_SA_DOCUMENTS|56
17:41:54.0 (102995764)|STATEMENT_EXECUTE|[19]
17:41:54.0 (102997994)|HEAP_ALLOCATE|[19]|Bytes:4
17:41:54.0 (103004035)|VARIABLE_ASSIGNMENT|[19]|auMainTopCompCtrl.TYPE_SCREEN_SA_RANKING|57
17:41:54.0 (103008460)|STATEMENT_EXECUTE|[20]
17:41:54.0 (103010857)|HEAP_ALLOCATE|[20]|Bytes:4
17:41:54.0 (103017068)|VARIABLE_ASSIGNMENT|[20]|auMainTopCompCtrl.TYPE_SCREEN_SA_LINKS|58
17:41:54.0 (103021033)|STATEMENT_EXECUTE|[21]
17:41:54.0 (103023175)|HEAP_ALLOCATE|[21]|Bytes:4
17:41:54.0 (103029622)|VARIABLE_ASSIGNMENT|[21]|auMainTopCompCtrl.TYPE_SCREEN_SA_USRSETTINGS|59
17:41:54.0 (103033675)|STATEMENT_EXECUTE|[22]
17:41:54.0 (103036264)|HEAP_ALLOCATE|[22]|Bytes:4
17:41:54.0 (103042137)|VARIABLE_ASSIGNMENT|[22]|auMainTopCompCtrl.TYPE_SCREEN_SA_DAILYREPORTLIST|60
17:41:54.0 (103046505)|STATEMENT_EXECUTE|[23]
17:41:54.0 (103049000)|HEAP_ALLOCATE|[23]|Bytes:4
17:41:54.0 (103055002)|VARIABLE_ASSIGNMENT|[23]|auMainTopCompCtrl.TYPE_SCREEN_SA_TODO|61
17:41:54.0 (103058902)|STATEMENT_EXECUTE|[24]
17:41:54.0 (103061359)|HEAP_ALLOCATE|[24]|Bytes:4
17:41:54.0 (103066524)|VARIABLE_ASSIGNMENT|[24]|auMainTopCompCtrl.TYPE_SCREEN_HONBU_DIRECT|71
17:41:54.0 (103070151)|STATEMENT_EXECUTE|[25]
17:41:54.0 (103072783)|HEAP_ALLOCATE|[25]|Bytes:4
17:41:54.0 (103078055)|VARIABLE_ASSIGNMENT|[25]|auMainTopCompCtrl.TYPE_SCREEN_ACCOUNT_LIST|81
17:41:54.0 (103081675)|STATEMENT_EXECUTE|[26]
17:41:54.0 (103083979)|HEAP_ALLOCATE|[26]|Bytes:4
17:41:54.0 (103089606)|VARIABLE_ASSIGNMENT|[26]|auMainTopCompCtrl.TYPE_SCREEN_ACTIVITY_LIST|82
17:41:54.0 (103093401)|STATEMENT_EXECUTE|[27]
17:41:54.0 (103095615)|HEAP_ALLOCATE|[27]|Bytes:4
17:41:54.0 (103100941)|VARIABLE_ASSIGNMENT|[27]|auMainTopCompCtrl.TYPE_SCREEN_FILE_LIST|83
17:41:54.0 (103111981)|METHOD_EXIT|[1]|auMainTopCompCtrl
17:41:54.0 (103127419)|HEAP_ALLOCATE|[EXTERNAL]|Bytes:44
17:41:54.0 (103141092)|VARIABLE_ASSIGNMENT|[EXTERNAL]|this.iCountComments|null|0x30d2f2f6
17:41:54.0 (103228625)|SYSTEM_MODE_ENTER|true
17:41:54.0 (103242502)|HEAP_ALLOCATE|[EXTERNAL]|Bytes:44
17:41:54.0 (103250970)|VARIABLE_ASSIGNMENT|[EXTERNAL]|this.iCountLikes|null|0x30d2f2f6
17:41:54.0 (103356870)|SYSTEM_MODE_ENTER|true
17:41:54.0 (103430227)|HEAP_ALLOCATE|[EXTERNAL]|Bytes:396
17:41:54.0 (103442346)|VARIABLE_SCOPE_BEGIN|[191]|this|saReportCtrl|true|false
17:41:54.0 (103726673)|VARIABLE_ASSIGNMENT|[191]|this|{"attachmentId":"","basicSearchCategory":" ","basicSearchCount":"20","basicSearchDateEnd":"","basicSearchDateStart":"","basicSearchKeywords":"","basicSearchRole1":" ","basicSearchRole2":" ","basicSearchRole3":" ","basicSearchSort":" ","categoryDataOptions":"0x7f154238","countDataOptions":"0x32ae60ff","createBody":" 1.課題/実践に至った経緯/背景 \n\n (87 more) ...","createdReportId":"","createSubject":"","currentUser":"0x172e803e","draftBody":"","draftSubject":"","isApprover":true,"isCopySelected":false,"isGoodSelected":false,"isVeryGoodSelected":false,"latestBasicSearchCategory":"","latestBasicSearchCount":"","latestBasicSearchDateEnd":"","latestBasicSearchDateStart":"","latestBasicSearchKeywords":"","latestBasicSearchRole1":"","latestBasicSearchRole2":"","latestBasicSearchRole3":"","latestBasicSearchSort":"","latestMySearchCount":"","latestMySearchDateEnd":"","latestMySearchDateStart":"","latestMySearchKeywords":"","latestMySearchState":"","latestPendingCount":"","latestPendingDateEnd":"","latestPendingDateStart":"","latestPendingKeywords":"","latestSelectedProcess":"","listOfCategory":"0x53ee1566","listOfSAReports":"0x4e5fc7ee","lsAttachments":"0xf37ff42","lsRolesFull":"0x46786b1e","mapOfCategory":"0x25b43c9f","messageError":"カテゴリが必須です。","messageSubmissionComplete":"","mySearchDateEnd":"","mySearchDateStart":"","mySearchKeywords":"","newCommentValue1":"","newCommentValue2":"","pageNum":1,"pageSize":20,"pendingDateEnd":"","pendingDateStart":"","pendingKeywords":"","processDataOptions":"0x1564ff70","recordsCount":0,"remandBody":"","remandSubject":"","reportComments":"0x2599df71","reportGoodViews":"0x203c6047","reportManagedViews":"0x2468e01b","reportRendered":false,"reportState":"","roleLevel1DataOptions":"0x5f403ec9","roleLevel2DataOptions":"0x793b9d7e","roleLevel3DataOptions":"0x39973c40","searchCategoryLabel":"","searchCountLabel":"","searchParttern":0,"searchStateLabel":"","selectedCategoryName":"","selectedProcess":"","selectedReport":"0x16c51499","selectedReportName":"","selectedView":"","sortDataOptions":"0x6c46bdc8","stateDataOptions":"0x7d4c3367"}|0x5cecbde0
17:41:54.0 (103768830)|SYSTEM_MODE_ENTER|false
17:41:54.0 (103782532)|HEAP_ALLOCATE|[191]|Bytes:5
17:41:54.0 (103787424)|STATEMENT_EXECUTE|[191]
17:41:54.0 (103789351)|STATEMENT_EXECUTE|[191]
17:41:54.0 (103799154)|SYSTEM_MODE_EXIT|false
17:41:54.0 (103865497)|SYSTEM_MODE_ENTER|true
17:41:54.0 (103883152)|HEAP_ALLOCATE|[EXTERNAL]|Bytes:8
17:41:54.0 (103887696)|HEAP_ALLOCATE|[EXTERNAL]|Bytes:44
17:41:54.0 (103896674)|VARIABLE_ASSIGNMENT|[EXTERNAL]|this.iTypeOfScreen|52|0x30d2f2f6
17:41:54.0 (104142062)|SYSTEM_MODE_ENTER|true
17:41:54.0 (104204148)|HEAP_ALLOCATE|[EXTERNAL]|Bytes:44
17:41:54.0 (104212731)|VARIABLE_SCOPE_BEGIN|[88]|this|auMainTopCompCtrl|true|false
17:41:54.0 (104265339)|VARIABLE_ASSIGNMENT|[88]|this|{"currentUser":"0x2b74a310","isSAUser":false,"iTypeOfScreen":52,"urlReportsSFA":"https://cs6.lightnin (84 more) ..."}|0x30d2f2f6
17:41:54.0 (104275557)|STATEMENT_EXECUTE|[88]
17:41:54.0 (104277374)|STATEMENT_EXECUTE|[89]
17:41:54.0 (104334425)|VARIABLE_ASSIGNMENT|[EXTERNAL]|this|{"currentUser":"0x2b74a310","isSAUser":false,"iTypeOfScreen":52,"urlReportsSFA":"https://cs6.lightnin (84 more) ..."}|0x30d2f2f6
17:41:54.0 (104388131)|VARIABLE_ASSIGNMENT|[EXTERNAL]|this|{"currentUser":"0x2b74a310","isSAUser":false,"iTypeOfScreen":52,"urlReportsSFA":"https://cs6.lightnin (84 more) ..."}|0x30d2f2f6
17:41:54.0 (104406876)|HEAP_ALLOCATE|[89]|Bytes:5
17:41:54.0 (104494951)|SYSTEM_MODE_ENTER|true
17:41:54.0 (104529129)|HEAP_ALLOCATE|[EXTERNAL]|Bytes:44
17:41:54.0 (104537411)|VARIABLE_SCOPE_BEGIN|[106]|this|auMainTopCompCtrl|true|false
17:41:54.0 (104568777)|VARIABLE_ASSIGNMENT|[106]|this|{"currentUser":"0x2b74a310","isSAUser":false,"iTypeOfScreen":52,"urlReportsSFA":"https://cs6.lightnin (84 more) ..."}|0x30d2f2f6
17:41:54.0 (104579147)|STATEMENT_EXECUTE|[106]
17:41:54.0 (104581145)|STATEMENT_EXECUTE|[107]
17:41:54.0 (104616948)|VARIABLE_ASSIGNMENT|[EXTERNAL]|this|{"currentUser":"0x2b74a310","isSAUser":false,"iTypeOfScreen":52,"urlReportsSFA":"https://cs6.lightnin (84 more) ..."}|0x30d2f2f6
17:41:54.0 (104634073)|HEAP_ALLOCATE|[107]|Bytes:5
17:41:54.0 (104703756)|SYSTEM_MODE_ENTER|true
17:41:54.0 (104735479)|HEAP_ALLOCATE|[EXTERNAL]|Bytes:44
17:41:54.0 (104742721)|VARIABLE_SCOPE_BEGIN|[110]|this|auMainTopCompCtrl|true|false
17:41:54.0 (104772936)|VARIABLE_ASSIGNMENT|[110]|this|{"currentUser":"0x2b74a310","isSAUser":false,"iTypeOfScreen":52,"urlReportsSFA":"https://cs6.lightnin (84 more) ..."}|0x30d2f2f6
17:41:54.0 (104781857)|STATEMENT_EXECUTE|[110]
17:41:54.0 (104783603)|STATEMENT_EXECUTE|[111]
17:41:54.0 (104817253)|VARIABLE_ASSIGNMENT|[EXTERNAL]|this|{"currentUser":"0x2b74a310","isSAUser":false,"iTypeOfScreen":52,"urlReportsSFA":"https://cs6.lightnin (84 more) ..."}|0x30d2f2f6
17:41:54.0 (104833185)|HEAP_ALLOCATE|[111]|Bytes:5
17:41:54.0 (104894169)|SYSTEM_MODE_ENTER|true
17:41:54.0 (104928768)|HEAP_ALLOCATE|[EXTERNAL]|Bytes:44
17:41:54.0 (104935885)|VARIABLE_SCOPE_BEGIN|[114]|this|auMainTopCompCtrl|true|false
17:41:54.0 (104965619)|VARIABLE_ASSIGNMENT|[114]|this|{"currentUser":"0x2b74a310","isSAUser":false,"iTypeOfScreen":52,"urlReportsSFA":"https://cs6.lightnin (84 more) ..."}|0x30d2f2f6
17:41:54.0 (104974681)|STATEMENT_EXECUTE|[114]
17:41:54.0 (104976438)|STATEMENT_EXECUTE|[115]
17:41:54.0 (105010313)|VARIABLE_ASSIGNMENT|[EXTERNAL]|this|{"currentUser":"0x2b74a310","isSAUser":false,"iTypeOfScreen":52,"urlReportsSFA":"https://cs6.lightnin (84 more) ..."}|0x30d2f2f6
17:41:54.0 (105026637)|HEAP_ALLOCATE|[115]|Bytes:5
17:41:54.0 (105204457)|SYSTEM_MODE_ENTER|true
17:41:54.0 (105262681)|SYSTEM_MODE_ENTER|true
17:41:54.0 (105636275)|SYSTEM_MODE_ENTER|true
17:41:54.0 (105719646)|SYSTEM_MODE_ENTER|true
17:41:54.0 (105855274)|SYSTEM_MODE_ENTER|true
17:41:54.0 (106057116)|SYSTEM_MODE_ENTER|true
17:41:54.0 (106136235)|SYSTEM_MODE_ENTER|true
17:41:54.0 (106197843)|SYSTEM_MODE_ENTER|true
17:41:54.0 (106254938)|SYSTEM_MODE_ENTER|true
17:41:54.0 (106415339)|SYSTEM_MODE_ENTER|true
17:41:54.0 (106495412)|SYSTEM_MODE_ENTER|true
17:41:54.0 (106565628)|SYSTEM_MODE_ENTER|true
17:41:54.0 (109125304)|SYSTEM_MODE_ENTER|true
17:41:54.0 (109209115)|SYSTEM_MODE_ENTER|true
17:41:54.0 (110922735)|SYSTEM_MODE_ENTER|true
17:41:54.0 (110978551)|SYSTEM_MODE_ENTER|true
17:41:54.0 (111016965)|SYSTEM_MODE_ENTER|true
17:41:54.0 (111049997)|SYSTEM_MODE_ENTER|true
17:41:54.0 (111088687)|SYSTEM_MODE_ENTER|true
17:41:54.0 (112980313)|SYSTEM_MODE_ENTER|true
17:41:54.0 (113105237)|SYSTEM_MODE_ENTER|true
17:41:54.0 (113234140)|SYSTEM_MODE_ENTER|true
17:41:54.0 (113272952)|HEAP_ALLOCATE|[EXTERNAL]|Bytes:396
17:41:54.0 (113281549)|VARIABLE_SCOPE_BEGIN|[57]|this|saReportCtrl|true|false
17:41:54.0 (113488492)|VARIABLE_ASSIGNMENT|[57]|this|{"attachmentId":"","basicSearchCategory":" ","basicSearchCount":"20","basicSearchDateEnd":"","basicSearchDateStart":"","basicSearchKeywords":"","basicSearchRole1":" ","basicSearchRole2":" ","basicSearchRole3":" ","basicSearchSort":" ","categoryDataOptions":"0x7f154238","countDataOptions":"0x32ae60ff","createBody":" 1.課題/実践に至った経緯/背景 \n\n (87 more) ...","createdReportId":"","createSubject":"","currentUser":"0x172e803e","draftBody":"","draftSubject":"","isApprover":true,"isCopySelected":false,"isGoodSelected":false,"isVeryGoodSelected":false,"latestBasicSearchCategory":"","latestBasicSearchCount":"","latestBasicSearchDateEnd":"","latestBasicSearchDateStart":"","latestBasicSearchKeywords":"","latestBasicSearchRole1":"","latestBasicSearchRole2":"","latestBasicSearchRole3":"","latestBasicSearchSort":"","latestMySearchCount":"","latestMySearchDateEnd":"","latestMySearchDateStart":"","latestMySearchKeywords":"","latestMySearchState":"","latestPendingCount":"","latestPendingDateEnd":"","latestPendingDateStart":"","latestPendingKeywords":"","latestSelectedProcess":"","listOfCategory":"0x53ee1566","listOfSAReports":"0x4e5fc7ee","lsAttachments":"0xf37ff42","lsRolesFull":"0x46786b1e","mapOfCategory":"0x25b43c9f","messageError":"カテゴリが必須です。","messageSubmissionComplete":"","mySearchDateEnd":"","mySearchDateStart":"","mySearchKeywords":"","newCommentValue1":"","newCommentValue2":"","pageNum":1,"pageSize":20,"pendingDateEnd":"","pendingDateStart":"","pendingKeywords":"","processDataOptions":"0x1564ff70","recordsCount":0,"remandBody":"","remandSubject":"","reportComments":"0x2599df71","reportGoodViews":"0x203c6047","reportManagedViews":"0x2468e01b","reportRendered":false,"reportState":"","roleLevel1DataOptions":"0x5f403ec9","roleLevel2DataOptions":"0x793b9d7e","roleLevel3DataOptions":"0x39973c40","searchCategoryLabel":"","searchCountLabel":"","searchParttern":0,"searchStateLabel":"","selectedCategoryName":"","selectedProcess":"","selectedReport":"0x16c51499","selectedReportName":"","selectedView":"","sortDataOptions":"0x6c46bdc8","stateDataOptions":"0x7d4c3367"}|0x5cecbde0
17:41:54.0 (113528043)|SYSTEM_MODE_ENTER|false
17:41:54.0 (113535879)|HEAP_ALLOCATE|[58]|Bytes:5
17:41:54.0 (113540641)|STATEMENT_EXECUTE|[57]
17:41:54.0 (113542556)|STATEMENT_EXECUTE|[58]
17:41:54.0 (113546749)|SYSTEM_MODE_EXIT|false
17:41:54.0 (113886990)|SYSTEM_MODE_ENTER|true
17:41:54.0 (113977631)|SYSTEM_MODE_ENTER|true
17:41:54.0 (114086317)|SYSTEM_MODE_ENTER|true
17:41:54.0 (115483544)|SYSTEM_MODE_ENTER|true
17:41:54.0 (115538019)|SYSTEM_MODE_ENTER|true
17:41:54.0 (115577087)|SYSTEM_MODE_ENTER|true
17:41:54.0 (115610133)|SYSTEM_MODE_ENTER|true
17:41:54.0 (120885262)|VF_SERIALIZE_VIEWSTATE_BEGIN|066N0000000M59u
17:41:54.0 (136379172)|VF_SERIALIZE_VIEWSTATE_END
17:41:54.150 (150551309)|CUMULATIVE_LIMIT_USAGE
17:41:54.150 (150551309)|LIMIT_USAGE_FOR_NS|(default)|
  Number of SOQL queries: 0 out of 100
  Number of query rows: 0 out of 50000
  Number of SOSL queries: 0 out of 20
  Number of DML statements: 0 out of 150
  Number of DML rows: 0 out of 10000
  Maximum CPU time: 0 out of 10000
  Maximum heap size: 0 out of 6000000
  Number of callouts: 0 out of 100
  Number of Email Invocations: 0 out of 10
  Number of future calls: 0 out of 50
  Number of queueable jobs added to the queue: 0 out of 50
  Number of Mobile Apex push calls: 0 out of 10

17:41:54.150 (150551309)|CUMULATIVE_LIMIT_USAGE_END

17:41:54.0 (150595832)|CODE_UNIT_FINISHED|VF: /apex/saReport
17:41:54.0 (151444402)|EXECUTION_FINISHED
