38.0 APEX_CODE,FINEST;APEX_PROFILING,INFO;CALLOUT,INFO;DB,INFO;SYSTEM,DEBUG;VALIDATION,INFO;VISUALFORCE,INFO;WAVE,INFO;WORKFLOW,INFO
11:55:44.0 (290910)|USER_INFO|[EXTERNAL]|005N00000057PfO|thomas.remy+kddi_gwdev01@globalway.co.jp|Japan Standard Time|GMT+09:00
11:55:44.0 (323422)|EXECUTION_STARTED
11:55:44.0 (327736)|CODE_UNIT_STARTED|[EXTERNAL]|066N0000000M59u|VF: /apex/saReport
11:55:44.0 (733434)|VF_DESERIALIZE_VIEWSTATE_BEGIN|066N0000000M59u
11:55:44.0 (3835036)|HEAP_ALLOCATE|[72]|Bytes:3
11:55:44.0 (3880601)|HEAP_ALLOCATE|[77]|Bytes:152
11:55:44.0 (3896883)|HEAP_ALLOCATE|[342]|Bytes:408
11:55:44.0 (3909116)|HEAP_ALLOCATE|[355]|Bytes:408
11:55:44.0 (3919698)|HEAP_ALLOCATE|[467]|Bytes:48
11:55:44.0 (3946959)|HEAP_ALLOCATE|[139]|Bytes:6
11:55:44.0 (4208385)|HEAP_ALLOCATE|[50]|Bytes:5
11:55:44.0 (4231889)|HEAP_ALLOCATE|[56]|Bytes:5
11:55:44.0 (4239664)|HEAP_ALLOCATE|[64]|Bytes:7
11:55:44.0 (5466321)|VARIABLE_SCOPE_BEGIN|[5]|saReportCtrl.CASES_CHARACTER|String|false|true
11:55:44.0 (5479099)|VARIABLE_SCOPE_BEGIN|[8]|saReportCtrl.SEARCH_COUNT_NUMBER100|String|false|true
11:55:44.0 (5486093)|VARIABLE_SCOPE_BEGIN|[6]|saReportCtrl.SEARCH_COUNT_NUMBER20|String|false|true
11:55:44.0 (5492060)|VARIABLE_SCOPE_BEGIN|[7]|saReportCtrl.SEARCH_COUNT_NUMBER50|String|false|true
11:55:44.0 (5499027)|VARIABLE_SCOPE_BEGIN|[13]|saReportCtrl.SORTED_BY_FAVORITES_LABEL|String|false|true
11:55:44.0 (5506010)|VARIABLE_SCOPE_BEGIN|[19]|saReportCtrl.SORTED_BY_FAVORITES_VALUE|String|false|true
11:55:44.0 (5512204)|VARIABLE_SCOPE_BEGIN|[11]|saReportCtrl.SORTED_BY_NEWS_LABEL|String|false|true
11:55:44.0 (5517703)|VARIABLE_SCOPE_BEGIN|[17]|saReportCtrl.SORTED_BY_NEWS_VALUE|String|false|true
11:55:44.0 (5523034)|VARIABLE_SCOPE_BEGIN|[10]|saReportCtrl.SORTED_BY_NONE_LABEL|String|false|true
11:55:44.0 (5528830)|VARIABLE_SCOPE_BEGIN|[16]|saReportCtrl.SORTED_BY_NONE_VALUE|String|false|true
11:55:44.0 (5535044)|VARIABLE_SCOPE_BEGIN|[12]|saReportCtrl.SORTED_BY_NUMBER_OF_VIEWS_LABEL|String|false|true
11:55:44.0 (5541199)|VARIABLE_SCOPE_BEGIN|[18]|saReportCtrl.SORTED_BY_NUMBER_OF_VIEWS_VALUE|String|false|true
11:55:44.0 (5546963)|VARIABLE_SCOPE_BEGIN|[14]|saReportCtrl.SORTED_BY_RELEASE_DATES_LABEL|String|false|true
11:55:44.0 (5553133)|VARIABLE_SCOPE_BEGIN|[20]|saReportCtrl.SORTED_BY_RELEASE_DATES_VALUE|String|false|true
11:55:44.0 (6872113)|VARIABLE_SCOPE_BEGIN|[7]|auMainTopCompCtrl.TYPE_SCREEN_CX_SCREEN|Integer|false|true
11:55:44.0 (6890929)|VARIABLE_SCOPE_BEGIN|[8]|auMainTopCompCtrl.TYPE_SCREEN_CX_TIMELINE|Integer|false|true
11:55:44.0 (6897660)|VARIABLE_SCOPE_BEGIN|[9]|auMainTopCompCtrl.TYPE_SCREEN_EVENT_SCHEDULE|Integer|false|true
11:55:44.0 (6903797)|VARIABLE_SCOPE_BEGIN|[10]|auMainTopCompCtrl.TYPE_SCREEN_EVENT_SCHEDULE_LIST|Integer|false|true
11:55:44.0 (6910540)|VARIABLE_SCOPE_BEGIN|[11]|auMainTopCompCtrl.TYPE_SCREEN_KNOWLEDGE_DASHBOARD|Integer|false|true
11:55:44.0 (6917083)|VARIABLE_SCOPE_BEGIN|[12]|auMainTopCompCtrl.TYPE_SCREEN_KNOWLEDGE_LIST|Integer|false|true
11:55:44.0 (6923120)|VARIABLE_SCOPE_BEGIN|[15]|auMainTopCompCtrl.TYPE_SCREEN_SA_CHATTER|Integer|false|true
11:55:44.0 (6928875)|VARIABLE_SCOPE_BEGIN|[16]|auMainTopCompCtrl.TYPE_SCREEN_SA_DAILYREPORT|Integer|false|true
11:55:44.0 (6934650)|VARIABLE_SCOPE_BEGIN|[18]|auMainTopCompCtrl.TYPE_SCREEN_SA_DOCUMENTS|Integer|false|true
11:55:44.0 (6940281)|VARIABLE_SCOPE_BEGIN|[17]|auMainTopCompCtrl.TYPE_SCREEN_SA_ENQUETE|Integer|false|true
11:55:44.0 (6945619)|VARIABLE_SCOPE_BEGIN|[13]|auMainTopCompCtrl.TYPE_SCREEN_SA_MESSAGES|Integer|false|true
11:55:44.0 (6951036)|VARIABLE_SCOPE_BEGIN|[19]|auMainTopCompCtrl.TYPE_SCREEN_SA_RANKING|Integer|false|true
11:55:44.0 (6956571)|VARIABLE_SCOPE_BEGIN|[14]|auMainTopCompCtrl.TYPE_SCREEN_SA_REPORTS|Integer|false|true
11:55:44.0 (6961966)|VARIABLE_SCOPE_BEGIN|[4]|auMainTopCompCtrl.TYPE_SCREEN_STPD_EVENT|Integer|false|true
11:55:44.0 (6967463)|VARIABLE_SCOPE_BEGIN|[6]|auMainTopCompCtrl.TYPE_SCREEN_STPD_SCREEN|Integer|false|true
11:55:44.0 (6972789)|VARIABLE_SCOPE_BEGIN|[5]|auMainTopCompCtrl.TYPE_SCREEN_STPD_TIMELINE|Integer|false|true
11:55:44.0 (6978441)|VARIABLE_SCOPE_BEGIN|[3]|auMainTopCompCtrl.TYPE_SCREEN_SWITCH|Integer|false|true
11:55:44.0 (8621356)|VF_DESERIALIZE_VIEWSTATE_END
11:55:44.0 (10940324)|SYSTEM_MODE_ENTER|true
11:55:44.0 (10981754)|HEAP_ALLOCATE|[EXTERNAL]|Bytes:284
11:55:44.0 (10991913)|HEAP_ALLOCATE|[EXTERNAL]|Bytes:113
11:55:44.0 (11005316)|METHOD_ENTRY|[1]|01pN0000000Mill|auMainTopCompCtrl.auMainTopCompCtrl()
11:55:44.0 (11012609)|STATEMENT_EXECUTE|[1]
11:55:44.0 (11018080)|STATEMENT_EXECUTE|[1]
11:55:44.0 (11019369)|STATEMENT_EXECUTE|[3]
11:55:44.0 (11024879)|HEAP_ALLOCATE|[3]|Bytes:4
11:55:44.0 (11048290)|VARIABLE_ASSIGNMENT|[3]|auMainTopCompCtrl.TYPE_SCREEN_SWITCH|0
11:55:44.0 (11053837)|STATEMENT_EXECUTE|[4]
11:55:44.0 (11056249)|HEAP_ALLOCATE|[4]|Bytes:4
11:55:44.0 (11063181)|VARIABLE_ASSIGNMENT|[4]|auMainTopCompCtrl.TYPE_SCREEN_STPD_EVENT|11
11:55:44.0 (11067117)|STATEMENT_EXECUTE|[5]
11:55:44.0 (11069278)|HEAP_ALLOCATE|[5]|Bytes:4
11:55:44.0 (11074392)|VARIABLE_ASSIGNMENT|[5]|auMainTopCompCtrl.TYPE_SCREEN_STPD_TIMELINE|12
11:55:44.0 (11078194)|STATEMENT_EXECUTE|[6]
11:55:44.0 (11079769)|HEAP_ALLOCATE|[6]|Bytes:4
11:55:44.0 (11085217)|VARIABLE_ASSIGNMENT|[6]|auMainTopCompCtrl.TYPE_SCREEN_STPD_SCREEN|13
11:55:44.0 (11088665)|STATEMENT_EXECUTE|[7]
11:55:44.0 (11090312)|HEAP_ALLOCATE|[7]|Bytes:4
11:55:44.0 (11094666)|VARIABLE_ASSIGNMENT|[7]|auMainTopCompCtrl.TYPE_SCREEN_CX_SCREEN|21
11:55:44.0 (11098092)|STATEMENT_EXECUTE|[8]
11:55:44.0 (11099702)|HEAP_ALLOCATE|[8]|Bytes:4
11:55:44.0 (11104107)|VARIABLE_ASSIGNMENT|[8]|auMainTopCompCtrl.TYPE_SCREEN_CX_TIMELINE|22
11:55:44.0 (11107780)|STATEMENT_EXECUTE|[9]
11:55:44.0 (11109553)|HEAP_ALLOCATE|[9]|Bytes:4
11:55:44.0 (11114022)|VARIABLE_ASSIGNMENT|[9]|auMainTopCompCtrl.TYPE_SCREEN_EVENT_SCHEDULE|31
11:55:44.0 (11117034)|STATEMENT_EXECUTE|[10]
11:55:44.0 (11119147)|HEAP_ALLOCATE|[10]|Bytes:4
11:55:44.0 (11123723)|VARIABLE_ASSIGNMENT|[10]|auMainTopCompCtrl.TYPE_SCREEN_EVENT_SCHEDULE_LIST|32
11:55:44.0 (11126847)|STATEMENT_EXECUTE|[11]
11:55:44.0 (11128708)|HEAP_ALLOCATE|[11]|Bytes:4
11:55:44.0 (11133273)|VARIABLE_ASSIGNMENT|[11]|auMainTopCompCtrl.TYPE_SCREEN_KNOWLEDGE_DASHBOARD|41
11:55:44.0 (11136447)|STATEMENT_EXECUTE|[12]
11:55:44.0 (11137998)|HEAP_ALLOCATE|[12]|Bytes:4
11:55:44.0 (11142706)|VARIABLE_ASSIGNMENT|[12]|auMainTopCompCtrl.TYPE_SCREEN_KNOWLEDGE_LIST|42
11:55:44.0 (11145914)|STATEMENT_EXECUTE|[13]
11:55:44.0 (11147790)|HEAP_ALLOCATE|[13]|Bytes:4
11:55:44.0 (11152551)|VARIABLE_ASSIGNMENT|[13]|auMainTopCompCtrl.TYPE_SCREEN_SA_MESSAGES|51
11:55:44.0 (11156332)|STATEMENT_EXECUTE|[14]
11:55:44.0 (11158413)|HEAP_ALLOCATE|[14]|Bytes:4
11:55:44.0 (11163393)|VARIABLE_ASSIGNMENT|[14]|auMainTopCompCtrl.TYPE_SCREEN_SA_REPORTS|52
11:55:44.0 (11166424)|STATEMENT_EXECUTE|[15]
11:55:44.0 (11168177)|HEAP_ALLOCATE|[15]|Bytes:4
11:55:44.0 (11172575)|VARIABLE_ASSIGNMENT|[15]|auMainTopCompCtrl.TYPE_SCREEN_SA_CHATTER|53
11:55:44.0 (11176054)|STATEMENT_EXECUTE|[16]
11:55:44.0 (11177637)|HEAP_ALLOCATE|[16]|Bytes:4
11:55:44.0 (11182590)|VARIABLE_ASSIGNMENT|[16]|auMainTopCompCtrl.TYPE_SCREEN_SA_DAILYREPORT|54
11:55:44.0 (11185859)|STATEMENT_EXECUTE|[17]
11:55:44.0 (11187563)|HEAP_ALLOCATE|[17]|Bytes:4
11:55:44.0 (11192038)|VARIABLE_ASSIGNMENT|[17]|auMainTopCompCtrl.TYPE_SCREEN_SA_ENQUETE|55
11:55:44.0 (11195101)|STATEMENT_EXECUTE|[18]
11:55:44.0 (11196735)|HEAP_ALLOCATE|[18]|Bytes:4
11:55:44.0 (11201082)|VARIABLE_ASSIGNMENT|[18]|auMainTopCompCtrl.TYPE_SCREEN_SA_DOCUMENTS|56
11:55:44.0 (11204068)|STATEMENT_EXECUTE|[19]
11:55:44.0 (11205749)|HEAP_ALLOCATE|[19]|Bytes:4
11:55:44.0 (11210588)|VARIABLE_ASSIGNMENT|[19]|auMainTopCompCtrl.TYPE_SCREEN_SA_RANKING|57
11:55:44.0 (11219471)|METHOD_EXIT|[1]|auMainTopCompCtrl
11:55:44.0 (11225517)|HEAP_ALLOCATE|[EXTERNAL]|Bytes:40
11:55:44.0 (11236095)|VARIABLE_ASSIGNMENT|[EXTERNAL]|this.iCountComments|null|0x31689684
11:55:44.0 (11297113)|SYSTEM_MODE_ENTER|true
11:55:44.0 (11311954)|HEAP_ALLOCATE|[EXTERNAL]|Bytes:40
11:55:44.0 (11319504)|VARIABLE_ASSIGNMENT|[EXTERNAL]|this.iCountLikes|null|0x31689684
11:55:44.0 (11464346)|SYSTEM_MODE_ENTER|true
11:55:44.0 (11658617)|HEAP_ALLOCATE|[EXTERNAL]|Bytes:644
11:55:44.0 (11668971)|HEAP_ALLOCATE|[EXTERNAL]|Bytes:160
11:55:44.0 (11673786)|HEAP_ALLOCATE|[EXTERNAL]|Bytes:134
11:55:44.0 (11677730)|HEAP_ALLOCATE|[EXTERNAL]|Bytes:1
11:55:44.0 (11690223)|VARIABLE_ASSIGNMENT|[EXTERNAL]|saReportCtrl.CASES_CHARACTER|"件"
11:55:44.0 (11695030)|HEAP_ALLOCATE|[EXTERNAL]|Bytes:4
11:55:44.0 (11700294)|VARIABLE_ASSIGNMENT|[EXTERNAL]|saReportCtrl.SEARCH_COUNT_NUMBER100|"100件"
11:55:44.0 (11705029)|HEAP_ALLOCATE|[EXTERNAL]|Bytes:3
11:55:44.0 (11709720)|VARIABLE_ASSIGNMENT|[EXTERNAL]|saReportCtrl.SEARCH_COUNT_NUMBER20|"20件"
11:55:44.0 (11714028)|HEAP_ALLOCATE|[EXTERNAL]|Bytes:3
11:55:44.0 (11718425)|VARIABLE_ASSIGNMENT|[EXTERNAL]|saReportCtrl.SEARCH_COUNT_NUMBER50|"50件"
11:55:44.0 (11721899)|HEAP_ALLOCATE|[EXTERNAL]|Bytes:4
11:55:44.0 (11726888)|VARIABLE_ASSIGNMENT|[EXTERNAL]|saReportCtrl.SORTED_BY_FAVORITES_LABEL|"いいね順"
11:55:44.0 (11730559)|HEAP_ALLOCATE|[EXTERNAL]|Bytes:4
11:55:44.0 (11735548)|VARIABLE_ASSIGNMENT|[EXTERNAL]|saReportCtrl.SORTED_BY_FAVORITES_VALUE|"いいね順"
11:55:44.0 (11738832)|HEAP_ALLOCATE|[EXTERNAL]|Bytes:3
11:55:44.0 (11743789)|VARIABLE_ASSIGNMENT|[EXTERNAL]|saReportCtrl.SORTED_BY_NEWS_LABEL|"NEW"
11:55:44.0 (11747621)|HEAP_ALLOCATE|[EXTERNAL]|Bytes:3
11:55:44.0 (11752475)|VARIABLE_ASSIGNMENT|[EXTERNAL]|saReportCtrl.SORTED_BY_NEWS_VALUE|"NEW"
11:55:44.0 (11755540)|HEAP_ALLOCATE|[EXTERNAL]|Bytes:1
11:55:44.0 (11760393)|VARIABLE_ASSIGNMENT|[EXTERNAL]|saReportCtrl.SORTED_BY_NONE_LABEL|" "
11:55:44.0 (11764190)|HEAP_ALLOCATE|[EXTERNAL]|Bytes:1
11:55:44.0 (11769430)|VARIABLE_ASSIGNMENT|[EXTERNAL]|saReportCtrl.SORTED_BY_NONE_VALUE|" "
11:55:44.0 (11774293)|HEAP_ALLOCATE|[EXTERNAL]|Bytes:4
11:55:44.0 (11779726)|VARIABLE_ASSIGNMENT|[EXTERNAL]|saReportCtrl.SORTED_BY_NUMBER_OF_VIEWS_LABEL|"閲覧数順"
11:55:44.0 (11783391)|HEAP_ALLOCATE|[EXTERNAL]|Bytes:4
11:55:44.0 (11788411)|VARIABLE_ASSIGNMENT|[EXTERNAL]|saReportCtrl.SORTED_BY_NUMBER_OF_VIEWS_VALUE|"閲覧数順"
11:55:44.0 (11791732)|HEAP_ALLOCATE|[EXTERNAL]|Bytes:4
11:55:44.0 (11797480)|VARIABLE_ASSIGNMENT|[EXTERNAL]|saReportCtrl.SORTED_BY_RELEASE_DATES_LABEL|"公開日時"
11:55:44.0 (11805806)|HEAP_ALLOCATE|[EXTERNAL]|Bytes:4
11:55:44.0 (11812406)|VARIABLE_ASSIGNMENT|[EXTERNAL]|saReportCtrl.SORTED_BY_RELEASE_DATES_VALUE|"公開日時"
11:55:44.0 (11820897)|METHOD_ENTRY|[1]|01pN0000000aEUV|saReportCtrl.saReportCtrl()
11:55:44.0 (11826112)|STATEMENT_EXECUTE|[1]
11:55:44.0 (11829076)|STATEMENT_EXECUTE|[1]
11:55:44.0 (11840883)|SYSTEM_MODE_ENTER|false
11:55:44.0 (11855332)|HEAP_ALLOCATE|[EXTERNAL]|Bytes:5
11:55:44.0 (11863232)|SYSTEM_MODE_EXIT|false
11:55:44.0 (11872041)|METHOD_EXIT|[1]|saReportCtrl
11:55:44.0 (11878432)|HEAP_ALLOCATE|[EXTERNAL]|Bytes:120
11:55:44.0 (11884420)|VARIABLE_SCOPE_BEGIN|[62]|this|saReportCtrl|true|false
11:55:44.0 (11993096)|VARIABLE_ASSIGNMENT|[62]|this|{"categoryDataOptions":"0x4194f36e","countDataOptions":"0x4c09af78","currentDay":"2018-03-12T02:55:42.045Z","currentDayMinusSeven":"2018-03-05T02:55:42.045Z","filterDateEnd":"","filterDateStart":"","filteredRecords":"0x3920dccb","filterKeyword":"","isFromHome":true,"isGoodSelected":true,"isNew":true,"isTrySelected":false,"isVeryGoodSelected":false,"listOfCategory":"0x77599997","listOfSAReports":"0x11300b91","newCommentValue":"","numberOfGoodViews":1,"numberOfManagedViews":1,"reportComments":"0x10c304a0","reportGoodViews":"0x2f3a44f7","reportManagedViews":"0x1494f5a6","selectedCategoryData":"新iPhone","selectedCountData":"20","selectedReport":"0x5e91826","selectedReportName":"SA_Report-00000001","selectedSortData":" ","sortDataOptions":"0xd07fa3f"}|0x125b9d8d
11:55:44.0 (12020435)|SYSTEM_MODE_ENTER|false
11:55:44.0 (12027291)|HEAP_ALLOCATE|[62]|Bytes:5
11:55:44.0 (12031329)|STATEMENT_EXECUTE|[62]
11:55:44.0 (12033048)|STATEMENT_EXECUTE|[62]
11:55:44.0 (12038349)|SYSTEM_MODE_EXIT|false
11:55:44.0 (12096531)|SYSTEM_MODE_ENTER|true
11:55:44.0 (12114112)|HEAP_ALLOCATE|[EXTERNAL]|Bytes:8
11:55:44.0 (12118126)|HEAP_ALLOCATE|[EXTERNAL]|Bytes:40
11:55:44.0 (12125918)|VARIABLE_ASSIGNMENT|[EXTERNAL]|this.iTypeOfScreen|52|0x31689684
11:55:44.0 (12244581)|SYSTEM_MODE_ENTER|true
11:55:44.0 (12377700)|SYSTEM_MODE_ENTER|true
11:55:44.0 (13622299)|SYSTEM_MODE_ENTER|true
11:55:44.0 (13860369)|SYSTEM_MODE_ENTER|true
11:55:44.0 (15112248)|SYSTEM_MODE_ENTER|true
11:55:44.0 (15182598)|SYSTEM_MODE_ENTER|true
11:55:44.0 (15252596)|SYSTEM_MODE_ENTER|true
11:55:44.0 (15320851)|SYSTEM_MODE_ENTER|true
11:55:44.0 (15420269)|SYSTEM_MODE_ENTER|true
11:55:44.0 (15504452)|SYSTEM_MODE_ENTER|true
11:55:44.0 (15592483)|SYSTEM_MODE_ENTER|true
11:55:44.0 (15664357)|SYSTEM_MODE_ENTER|true
11:55:44.0 (16699071)|SYSTEM_MODE_ENTER|true
11:55:44.0 (17682523)|SYSTEM_MODE_ENTER|true
11:55:44.0 (17733303)|SYSTEM_MODE_ENTER|true
11:55:44.0 (17774158)|SYSTEM_MODE_ENTER|true
11:55:44.0 (17849797)|SYSTEM_MODE_ENTER|true
11:55:44.0 (17907482)|SYSTEM_MODE_ENTER|true
11:55:44.0 (17957919)|SYSTEM_MODE_ENTER|true
11:55:44.0 (18000953)|SYSTEM_MODE_ENTER|true
11:55:44.0 (18045249)|SYSTEM_MODE_ENTER|true
11:55:44.0 (18086786)|SYSTEM_MODE_ENTER|true
11:55:44.0 (18529615)|SYSTEM_MODE_ENTER|true
11:55:44.0 (18553954)|HEAP_ALLOCATE|[EXTERNAL]|Bytes:5
11:55:44.0 (18559971)|HEAP_ALLOCATE|[EXTERNAL]|Bytes:120
11:55:44.0 (18570283)|VARIABLE_ASSIGNMENT|[EXTERNAL]|this.isFromHome|true|0x125b9d8d
11:55:44.0 (18623308)|SYSTEM_MODE_ENTER|true
11:55:44.0 (18637737)|HEAP_ALLOCATE|[EXTERNAL]|Bytes:40
11:55:44.0 (18645558)|VARIABLE_ASSIGNMENT|[EXTERNAL]|this.iCountComments|null|0x31689684
11:55:44.0 (18675559)|SYSTEM_MODE_ENTER|true
11:55:44.0 (18686946)|HEAP_ALLOCATE|[EXTERNAL]|Bytes:40
11:55:44.0 (18693195)|VARIABLE_ASSIGNMENT|[EXTERNAL]|this.iCountLikes|null|0x31689684
11:55:44.0 (18735495)|SYSTEM_MODE_ENTER|true
11:55:44.0 (18765810)|HEAP_ALLOCATE|[EXTERNAL]|Bytes:120
11:55:44.0 (18772930)|VARIABLE_SCOPE_BEGIN|[62]|this|saReportCtrl|true|false
11:55:44.0 (18863457)|VARIABLE_ASSIGNMENT|[62]|this|{"categoryDataOptions":"0x4194f36e","countDataOptions":"0x4c09af78","currentDay":"2018-03-12T02:55:42.045Z","currentDayMinusSeven":"2018-03-05T02:55:42.045Z","filterDateEnd":"","filterDateStart":"","filteredRecords":"0x3920dccb","filterKeyword":"","isFromHome":true,"isGoodSelected":true,"isNew":true,"isTrySelected":false,"isVeryGoodSelected":false,"listOfCategory":"0x77599997","listOfSAReports":"0x11300b91","newCommentValue":"","numberOfGoodViews":1,"numberOfManagedViews":1,"reportComments":"0x10c304a0","reportGoodViews":"0x2f3a44f7","reportManagedViews":"0x1494f5a6","selectedCategoryData":"新iPhone","selectedCountData":"20","selectedReport":"0x5e91826","selectedReportName":"SA_Report-00000001","selectedSortData":" ","sortDataOptions":"0xd07fa3f"}|0x125b9d8d
11:55:44.0 (18889979)|SYSTEM_MODE_ENTER|false
11:55:44.0 (18897162)|HEAP_ALLOCATE|[62]|Bytes:5
11:55:44.0 (18902103)|STATEMENT_EXECUTE|[62]
11:55:44.0 (18904035)|STATEMENT_EXECUTE|[62]
11:55:44.0 (18909213)|SYSTEM_MODE_EXIT|false
11:55:44.0 (18948649)|SYSTEM_MODE_ENTER|true
11:55:44.0 (18963717)|HEAP_ALLOCATE|[EXTERNAL]|Bytes:8
11:55:44.0 (18967979)|HEAP_ALLOCATE|[EXTERNAL]|Bytes:40
11:55:44.0 (18975297)|VARIABLE_ASSIGNMENT|[EXTERNAL]|this.iTypeOfScreen|52|0x31689684
11:55:44.0 (19232768)|SYSTEM_MODE_ENTER|true
11:55:44.0 (19426709)|SYSTEM_MODE_ENTER|true
11:55:44.0 (20004162)|SYSTEM_MODE_ENTER|true
11:55:44.0 (20024627)|HEAP_ALLOCATE|[EXTERNAL]|Bytes:120
11:55:44.0 (20035698)|VARIABLE_ASSIGNMENT|[EXTERNAL]|this.filterKeyword|""|0x125b9d8d
11:55:44.0 (20062218)|SYSTEM_MODE_ENTER|true
11:55:44.0 (20075921)|HEAP_ALLOCATE|[EXTERNAL]|Bytes:120
11:55:44.0 (20083420)|VARIABLE_ASSIGNMENT|[EXTERNAL]|this.filterDateStart|""|0x125b9d8d
11:55:44.0 (20106533)|SYSTEM_MODE_ENTER|true
11:55:44.0 (20118164)|HEAP_ALLOCATE|[EXTERNAL]|Bytes:120
11:55:44.0 (20124962)|VARIABLE_ASSIGNMENT|[EXTERNAL]|this.filterDateEnd|""|0x125b9d8d
11:55:44.0 (20155271)|SYSTEM_MODE_ENTER|true
11:55:44.0 (20167582)|HEAP_ALLOCATE|[EXTERNAL]|Bytes:7
11:55:44.0 (20171542)|HEAP_ALLOCATE|[EXTERNAL]|Bytes:120
11:55:44.0 (20178684)|VARIABLE_ASSIGNMENT|[EXTERNAL]|this.selectedCategoryData|"新iPhone"|0x125b9d8d
11:55:44.0 (20203865)|SYSTEM_MODE_ENTER|true
11:55:44.0 (20215864)|HEAP_ALLOCATE|[EXTERNAL]|Bytes:1
11:55:44.0 (20219196)|HEAP_ALLOCATE|[EXTERNAL]|Bytes:120
11:55:44.0 (20226176)|VARIABLE_ASSIGNMENT|[EXTERNAL]|this.selectedSortData|" "|0x125b9d8d
11:55:44.0 (20248298)|SYSTEM_MODE_ENTER|true
11:55:44.0 (20260154)|HEAP_ALLOCATE|[EXTERNAL]|Bytes:2
11:55:44.0 (20263920)|HEAP_ALLOCATE|[EXTERNAL]|Bytes:120
11:55:44.0 (20270099)|VARIABLE_ASSIGNMENT|[EXTERNAL]|this.selectedCountData|"20"|0x125b9d8d
11:55:44.0 (20376545)|SYSTEM_MODE_ENTER|true
11:55:44.0 (20426621)|SYSTEM_MODE_ENTER|true
11:55:44.0 (20467898)|SYSTEM_MODE_ENTER|true
11:55:44.0 (20507625)|SYSTEM_MODE_ENTER|true
11:55:44.0 (20544938)|SYSTEM_MODE_ENTER|true
11:55:44.0 (20558624)|HEAP_ALLOCATE|[EXTERNAL]|Bytes:120
11:55:44.0 (20567157)|VARIABLE_ASSIGNMENT|[EXTERNAL]|this.newCommentValue|""|0x125b9d8d
11:55:44.0 (20598634)|SYSTEM_MODE_ENTER|true
11:55:44.0 (20842261)|SYSTEM_MODE_ENTER|true
11:55:44.0 (20860644)|HEAP_ALLOCATE|[EXTERNAL]|Bytes:18
11:55:44.0 (20865756)|HEAP_ALLOCATE|[EXTERNAL]|Bytes:120
11:55:44.0 (20875761)|VARIABLE_ASSIGNMENT|[EXTERNAL]|this.selectedReportName|"SA_Report-00000001"|0x125b9d8d
11:55:44.0 (21009259)|HEAP_ALLOCATE|[EXTERNAL]|Bytes:120
11:55:44.0 (21019218)|VARIABLE_SCOPE_BEGIN|[433]|this|saReportCtrl|true|false
11:55:44.0 (21087122)|VARIABLE_ASSIGNMENT|[433]|this|{"categoryDataOptions":"0x4194f36e","countDataOptions":"0x4c09af78","currentDay":"2018-03-12T02:55:42.045Z","currentDayMinusSeven":"2018-03-05T02:55:42.045Z","filterDateEnd":"","filterDateStart":"","filteredRecords":"0x3920dccb","filterKeyword":"","isFromHome":true,"isGoodSelected":true,"isNew":true,"isTrySelected":false,"isVeryGoodSelected":false,"listOfCategory":"0x77599997","listOfSAReports":"0x11300b91","newCommentValue":"","numberOfGoodViews":1,"numberOfManagedViews":1,"reportComments":"0x10c304a0","reportGoodViews":"0x2f3a44f7","reportManagedViews":"0x1494f5a6","selectedCategoryData":"新iPhone","selectedCountData":"20","selectedReport":"0x5e91826","selectedReportName":"SA_Report-00000001","selectedSortData":" ","sortDataOptions":"0xd07fa3f"}|0x125b9d8d
11:55:44.0 (21111640)|SYSTEM_MODE_ENTER|false
11:55:44.0 (21119092)|HEAP_ALLOCATE|[435]|Bytes:5
11:55:44.0 (21124201)|STATEMENT_EXECUTE|[433]
11:55:44.0 (21125914)|STATEMENT_EXECUTE|[435]
11:55:44.0 (21129319)|HEAP_ALLOCATE|[435]|Bytes:38
11:55:44.0 (21171488)|USER_DEBUG|[435]|DEBUG|Run: initSelectedReportDetailsFromHome
11:55:44.0 (21182352)|STATEMENT_EXECUTE|[437]
11:55:44.0 (21280619)|VARIABLE_ASSIGNMENT|[EXTERNAL]|this|{"categoryDataOptions":"0x4194f36e","countDataOptions":"0x4c09af78","currentDay":"2018-03-12T02:55:42.045Z","currentDayMinusSeven":"2018-03-05T02:55:42.045Z","filterDateEnd":"","filterDateStart":"","filteredRecords":"0x3920dccb","filterKeyword":"","isFromHome":true,"isGoodSelected":true,"isNew":true,"isTrySelected":false,"isVeryGoodSelected":false,"listOfCategory":"0x77599997","listOfSAReports":"0x11300b91","newCommentValue":"","numberOfGoodViews":1,"numberOfManagedViews":1,"reportComments":"0x10c304a0","reportGoodViews":"0x2f3a44f7","reportManagedViews":"0x1494f5a6","selectedCategoryData":"新iPhone","selectedCountData":"20","selectedReport":"0x5e91826","selectedReportName":"SA_Report-00000001","selectedSortData":" ","sortDataOptions":"0xd07fa3f"}|0x125b9d8d
11:55:44.0 (21301495)|VARIABLE_ASSIGNMENT|[EXTERNAL]|value|false
11:55:44.0 (21308632)|HEAP_ALLOCATE|[40]|Bytes:5
11:55:44.0 (21316680)|VARIABLE_ASSIGNMENT|[40]|this.isFromHome|false|0x125b9d8d
11:55:44.0 (21326189)|STATEMENT_EXECUTE|[439]
11:55:44.0 (21329896)|HEAP_ALLOCATE|[439]|Bytes:21
11:55:44.0 (21394633)|VARIABLE_ASSIGNMENT|[EXTERNAL]|this|{"categoryDataOptions":"0x4194f36e","countDataOptions":"0x4c09af78","currentDay":"2018-03-12T02:55:42.045Z","currentDayMinusSeven":"2018-03-05T02:55:42.045Z","filterDateEnd":"","filterDateStart":"","filteredRecords":"0x3920dccb","filterKeyword":"","isFromHome":false,"isGoodSelected":true,"isNew":true,"isTrySelected":false,"isVeryGoodSelected":false,"listOfCategory":"0x77599997","listOfSAReports":"0x11300b91","newCommentValue":"","numberOfGoodViews":1,"numberOfManagedViews":1,"reportComments":"0x10c304a0","reportGoodViews":"0x2f3a44f7","reportManagedViews":"0x1494f5a6","selectedCategoryData":"新iPhone","selectedCountData":"20","selectedReport":"0x5e91826","selectedReportName":"SA_Report-00000001","selectedSortData":" ","sortDataOptions":"0xd07fa3f"}|0x125b9d8d
11:55:44.0 (21443517)|HEAP_ALLOCATE|[439]|Bytes:5
11:55:44.0 (21460120)|HEAP_ALLOCATE|[439]|Bytes:26
11:55:44.0 (21468865)|USER_DEBUG|[439]|DEBUG|Check Home is false: false
11:55:44.0 (21475815)|STATEMENT_EXECUTE|[441]
11:55:44.0 (21495046)|METHOD_ENTRY|[441]|01pN0000000aEUV|saReportCtrl.initSelectedReportDetails()
11:55:44.0 (21514237)|VARIABLE_SCOPE_BEGIN|[452]|this|saReportCtrl|true|false
11:55:44.0 (21569649)|VARIABLE_ASSIGNMENT|[452]|this|{"categoryDataOptions":"0x4194f36e","countDataOptions":"0x4c09af78","currentDay":"2018-03-12T02:55:42.045Z","currentDayMinusSeven":"2018-03-05T02:55:42.045Z","filterDateEnd":"","filterDateStart":"","filteredRecords":"0x3920dccb","filterKeyword":"","isFromHome":false,"isGoodSelected":true,"isNew":true,"isTrySelected":false,"isVeryGoodSelected":false,"listOfCategory":"0x77599997","listOfSAReports":"0x11300b91","newCommentValue":"","numberOfGoodViews":1,"numberOfManagedViews":1,"reportComments":"0x10c304a0","reportGoodViews":"0x2f3a44f7","reportManagedViews":"0x1494f5a6","selectedCategoryData":"新iPhone","selectedCountData":"20","selectedReport":"0x5e91826","selectedReportName":"SA_Report-00000001","selectedSortData":" ","sortDataOptions":"0xd07fa3f"}|0x125b9d8d
11:55:44.0 (21593157)|HEAP_ALLOCATE|[454]|Bytes:5
11:55:44.0 (21597958)|STATEMENT_EXECUTE|[452]
11:55:44.0 (21599393)|STATEMENT_EXECUTE|[454]
11:55:44.0 (21601943)|HEAP_ALLOCATE|[454]|Bytes:30
11:55:44.0 (21616579)|USER_DEBUG|[454]|DEBUG|Run: initSelectedReportDetails
11:55:44.0 (21624307)|STATEMENT_EXECUTE|[455]
11:55:44.0 (21627402)|HEAP_ALLOCATE|[455]|Bytes:14
11:55:44.0 (21687576)|VARIABLE_ASSIGNMENT|[EXTERNAL]|this|{"categoryDataOptions":"0x4194f36e","countDataOptions":"0x4c09af78","currentDay":"2018-03-12T02:55:42.045Z","currentDayMinusSeven":"2018-03-05T02:55:42.045Z","filterDateEnd":"","filterDateStart":"","filteredRecords":"0x3920dccb","filterKeyword":"","isFromHome":false,"isGoodSelected":true,"isNew":true,"isTrySelected":false,"isVeryGoodSelected":false,"listOfCategory":"0x77599997","listOfSAReports":"0x11300b91","newCommentValue":"","numberOfGoodViews":1,"numberOfManagedViews":1,"reportComments":"0x10c304a0","reportGoodViews":"0x2f3a44f7","reportManagedViews":"0x1494f5a6","selectedCategoryData":"新iPhone","selectedCountData":"20","selectedReport":"0x5e91826","selectedReportName":"SA_Report-00000001","selectedSortData":" ","sortDataOptions":"0xd07fa3f"}|0x125b9d8d
11:55:44.0 (21715487)|HEAP_ALLOCATE|[455]|Bytes:5
11:55:44.0 (21725419)|HEAP_ALLOCATE|[455]|Bytes:19
11:55:44.0 (21732089)|USER_DEBUG|[455]|DEBUG|Check Source: false
11:55:44.0 (21738427)|STATEMENT_EXECUTE|[457]
11:55:44.0 (21806398)|HEAP_ALLOCATE|[457]|Bytes:600
11:55:44.0 (21854270)|HEAP_ALLOCATE|[457]|Bytes:582
11:55:44.0 (21881989)|HEAP_ALLOCATE|[457]|Bytes:13
11:55:44.0 (21967165)|VARIABLE_ASSIGNMENT|[EXTERNAL]|this|{"categoryDataOptions":"0x4194f36e","countDataOptions":"0x4c09af78","currentDay":"2018-03-12T02:55:42.045Z","currentDayMinusSeven":"2018-03-05T02:55:42.045Z","filterDateEnd":"","filterDateStart":"","filteredRecords":"0x3920dccb","filterKeyword":"","isFromHome":false,"isGoodSelected":true,"isNew":true,"isTrySelected":false,"isVeryGoodSelected":false,"listOfCategory":"0x77599997","listOfSAReports":"0x11300b91","newCommentValue":"","numberOfGoodViews":1,"numberOfManagedViews":1,"reportComments":"0x10c304a0","reportGoodViews":"0x2f3a44f7","reportManagedViews":"0x1494f5a6","selectedCategoryData":"新iPhone","selectedCountData":"20","selectedReport":"0x5e91826","selectedReportName":"SA_Report-00000001","selectedSortData":" ","sortDataOptions":"0xd07fa3f"}|0x125b9d8d
11:55:44.0 (21985923)|VARIABLE_ASSIGNMENT|[EXTERNAL]|value|"SA_Report-00000001"
11:55:44.0 (21997079)|VARIABLE_ASSIGNMENT|[35]|this.selectedReportName|"SA_Report-00000001"|0x125b9d8d
11:55:44.0 (22005353)|STATEMENT_EXECUTE|[460]
11:55:44.0 (22009266)|HEAP_ALLOCATE|[460]|Bytes:176
11:55:44.0 (22074915)|VARIABLE_ASSIGNMENT|[EXTERNAL]|this|{"categoryDataOptions":"0x4194f36e","countDataOptions":"0x4c09af78","currentDay":"2018-03-12T02:55:42.045Z","currentDayMinusSeven":"2018-03-05T02:55:42.045Z","filterDateEnd":"","filterDateStart":"","filteredRecords":"0x3920dccb","filterKeyword":"","isFromHome":false,"isGoodSelected":true,"isNew":true,"isTrySelected":false,"isVeryGoodSelected":false,"listOfCategory":"0x77599997","listOfSAReports":"0x11300b91","newCommentValue":"","numberOfGoodViews":1,"numberOfManagedViews":1,"reportComments":"0x10c304a0","reportGoodViews":"0x2f3a44f7","reportManagedViews":"0x1494f5a6","selectedCategoryData":"新iPhone","selectedCountData":"20","selectedReport":"0x5e91826","selectedReportName":"SA_Report-00000001","selectedSortData":" ","sortDataOptions":"0xd07fa3f"}|0x125b9d8d
11:55:44.0 (22095282)|HEAP_ALLOCATE|[460]|Bytes:30
11:55:44.0 (22105140)|HEAP_ALLOCATE|[460]|Bytes:224
11:55:44.0 (22110008)|VARIABLE_SCOPE_BEGIN|[460]|queryStr|String|false|false
11:55:44.0 (22120457)|VARIABLE_ASSIGNMENT|[460]|queryStr|" SELECT Name, Subjec (204 more) ..."
11:55:44.0 (22124916)|STATEMENT_EXECUTE|[461]
11:55:44.0 (23156502)|SOQL_EXECUTE_BEGIN|[461]|Aggregations:0| SELECT Name, Subject__c, Category__c, Process__c, Report_body__c, CreatedBy__r.DisplayedUsernameFormula__c, CreatedDate__c, AvailabilityDate__c FROM saReport__c WHERE Name = 'SA_Report-00000001' ORDER BY CreatedDate__c Desc
11:55:44.0 (31868132)|SOQL_EXECUTE_END|[461]|Rows:1
11:55:44.0 (31897054)|HEAP_ALLOCATE|[461]|Bytes:8
11:55:44.0 (31922047)|HEAP_ALLOCATE|[461]|Bytes:341
11:55:44.0 (31968745)|HEAP_ALLOCATE|[461]|Bytes:8
11:55:44.0 (31988645)|VARIABLE_SCOPE_BEGIN|[461]|selectedReportList|List<saReport__c>|true|false
11:55:44.0 (32029468)|VARIABLE_ASSIGNMENT|[461]|selectedReportList|[{"Name":"SA_Report-00000001","Subject__c":"新iPhoneの販売について","Category__c":"新iPhone","Process__c":"声掛け","Report_body__c":"It should have comme (12 more) ...","CreatedBy__c":"005N00000057PfOIAU","CreatedDate__c":"2018-03-06T01:59:00.000Z","AvailabilityDate__c":"2018-03-09T05:34:00.000Z","Id":"a0HN0000008OfbOMAS","CreatedBy__r":{"DisplayedUsernameFor (7 more) ...":"Remy Thomas","Id":"005N00000057PfOIAU"}}]|0x6814ae83
11:55:44.0 (32042365)|STATEMENT_EXECUTE|[463]
11:55:44.0 (32114255)|HEAP_ALLOCATE|[463]|Bytes:44
11:55:44.0 (32205768)|VARIABLE_ASSIGNMENT|[EXTERNAL]|this|{"categoryDataOptions":"0x4194f36e","countDataOptions":"0x4c09af78","currentDay":"2018-03-12T02:55:42.045Z","currentDayMinusSeven":"2018-03-05T02:55:42.045Z","filterDateEnd":"","filterDateStart":"","filteredRecords":"0x3920dccb","filterKeyword":"","isFromHome":false,"isGoodSelected":true,"isNew":true,"isTrySelected":false,"isVeryGoodSelected":false,"listOfCategory":"0x77599997","listOfSAReports":"0x11300b91","newCommentValue":"","numberOfGoodViews":1,"numberOfManagedViews":1,"reportComments":"0x10c304a0","reportGoodViews":"0x2f3a44f7","reportManagedViews":"0x1494f5a6","selectedCategoryData":"新iPhone","selectedCountData":"20","selectedReport":"0x5e91826","selectedReportName":"SA_Report-00000001","selectedSortData":" ","sortDataOptions":"0xd07fa3f"}|0x125b9d8d
11:55:44.0 (32239979)|VARIABLE_ASSIGNMENT|[EXTERNAL]|value|{"Name":"SA_Report-00000001","Subject__c":"新iPhoneの販売について","Category__c":"新iPhone","Process__c":"声掛け","Report_body__c":"It should have comme (12 more) ...","CreatedBy__c":"005N00000057PfOIAU","CreatedDate__c":"2018-03-06T01:59:00.000Z","AvailabilityDate__c":"2018-03-09T05:34:00.000Z","Id":"a0HN0000008OfbOMAS","CreatedBy__r":{"DisplayedUsernameFor (7 more) ...":"Remy Thomas","Id":"005N00000057PfOIAU"}}|0x69a5664
11:55:44.0 (32267885)|VARIABLE_ASSIGNMENT|[34]|this.selectedReport|{"Name":"SA_Report-00000001","Subject__c":"新iPhoneの販売について","Category__c":"新iPhone","Process__c":"声掛け","Report_body__c":"It should have comme (12 more) ...","CreatedBy__c":"005N00000057PfOIAU","CreatedDate__c":"2018-03-06T01:59:00.000Z","AvailabilityDate__c":"2018-03-09T05:34:00.000Z","Id":"a0HN0000008OfbOMAS","CreatedBy__r":{"DisplayedUsernameFor (7 more) ...":"Remy Thomas","Id":"005N00000057PfOIAU"}}|0x125b9d8d
11:55:44.0 (32354653)|VARIABLE_ASSIGNMENT|[EXTERNAL]|this|{"categoryDataOptions":"0x4194f36e","countDataOptions":"0x4c09af78","currentDay":"2018-03-12T02:55:42.045Z","currentDayMinusSeven":"2018-03-05T02:55:42.045Z","filterDateEnd":"","filterDateStart":"","filteredRecords":"0x3920dccb","filterKeyword":"","isFromHome":false,"isGoodSelected":true,"isNew":true,"isTrySelected":false,"isVeryGoodSelected":false,"listOfCategory":"0x77599997","listOfSAReports":"0x11300b91","newCommentValue":"","numberOfGoodViews":1,"numberOfManagedViews":1,"reportComments":"0x10c304a0","reportGoodViews":"0x2f3a44f7","reportManagedViews":"0x1494f5a6","selectedCategoryData":"新iPhone","selectedCountData":"20","selectedReport":"0x69a5664","selectedReportName":"SA_Report-00000001","selectedSortData":" ","sortDataOptions":"0xd07fa3f"}|0x125b9d8d
11:55:44.0 (32421283)|HEAP_ALLOCATE|[465]|Bytes:56
11:55:44.0 (32494685)|VARIABLE_ASSIGNMENT|[EXTERNAL]|this|{"categoryDataOptions":"0x4194f36e","countDataOptions":"0x4c09af78","currentDay":"2018-03-12T02:55:42.045Z","currentDayMinusSeven":"2018-03-05T02:55:42.045Z","filterDateEnd":"","filterDateStart":"","filteredRecords":"0x3920dccb","filterKeyword":"","isFromHome":false,"isGoodSelected":true,"isNew":true,"isTrySelected":false,"isVeryGoodSelected":false,"listOfCategory":"0x77599997","listOfSAReports":"0x11300b91","newCommentValue":"","numberOfGoodViews":1,"numberOfManagedViews":1,"reportComments":"0x10c304a0","reportGoodViews":"0x2f3a44f7","reportManagedViews":"0x1494f5a6","selectedCategoryData":"新iPhone","selectedCountData":"20","selectedReport":"0x69a5664","selectedReportName":"SA_Report-00000001","selectedSortData":" ","sortDataOptions":"0xd07fa3f"}|0x125b9d8d
11:55:44.0 (32525516)|HEAP_ALLOCATE|[465]|Bytes:56
11:55:44.0 (32542453)|HEAP_ALLOCATE|[465]|Bytes:56
11:55:44.0 (32557302)|STATEMENT_EXECUTE|[465]
11:55:44.0 (32559214)|STATEMENT_EXECUTE|[466]
11:55:44.0 (32623811)|VARIABLE_ASSIGNMENT|[EXTERNAL]|this|{"categoryDataOptions":"0x4194f36e","countDataOptions":"0x4c09af78","currentDay":"2018-03-12T02:55:42.045Z","currentDayMinusSeven":"2018-03-05T02:55:42.045Z","filterDateEnd":"","filterDateStart":"","filteredRecords":"0x3920dccb","filterKeyword":"","isFromHome":false,"isGoodSelected":true,"isNew":true,"isTrySelected":false,"isVeryGoodSelected":false,"listOfCategory":"0x77599997","listOfSAReports":"0x11300b91","newCommentValue":"","numberOfGoodViews":1,"numberOfManagedViews":1,"reportComments":"0x10c304a0","reportGoodViews":"0x2f3a44f7","reportManagedViews":"0x1494f5a6","selectedCategoryData":"新iPhone","selectedCountData":"20","selectedReport":"0x69a5664","selectedReportName":"SA_Report-00000001","selectedSortData":" ","sortDataOptions":"0xd07fa3f"}|0x125b9d8d
11:55:44.0 (32642985)|VARIABLE_ASSIGNMENT|[EXTERNAL]|value|true
11:55:44.0 (32650396)|HEAP_ALLOCATE|[37]|Bytes:5
11:55:44.0 (32657207)|VARIABLE_ASSIGNMENT|[37]|this.isNew|true|0x125b9d8d
11:55:44.0 (32665762)|STATEMENT_EXECUTE|[471]
11:55:44.0 (32680635)|METHOD_ENTRY|[471]|01pN0000000aEUV|saReportCtrl.getReportDetailPageViews()
11:55:44.0 (32700811)|VARIABLE_SCOPE_BEGIN|[486]|this|saReportCtrl|true|false
11:55:44.0 (32754409)|VARIABLE_ASSIGNMENT|[486]|this|{"categoryDataOptions":"0x4194f36e","countDataOptions":"0x4c09af78","currentDay":"2018-03-12T02:55:42.045Z","currentDayMinusSeven":"2018-03-05T02:55:42.045Z","filterDateEnd":"","filterDateStart":"","filteredRecords":"0x3920dccb","filterKeyword":"","isFromHome":false,"isGoodSelected":true,"isNew":true,"isTrySelected":false,"isVeryGoodSelected":false,"listOfCategory":"0x77599997","listOfSAReports":"0x11300b91","newCommentValue":"","numberOfGoodViews":1,"numberOfManagedViews":1,"reportComments":"0x10c304a0","reportGoodViews":"0x2f3a44f7","reportManagedViews":"0x1494f5a6","selectedCategoryData":"新iPhone","selectedCountData":"20","selectedReport":"0x69a5664","selectedReportName":"SA_Report-00000001","selectedSortData":" ","sortDataOptions":"0xd07fa3f"}|0x125b9d8d
11:55:44.0 (32779076)|HEAP_ALLOCATE|[488]|Bytes:5
11:55:44.0 (32783841)|STATEMENT_EXECUTE|[486]
11:55:44.0 (32785307)|STATEMENT_EXECUTE|[488]
11:55:44.0 (32788551)|HEAP_ALLOCATE|[488]|Bytes:29
11:55:44.0 (32807550)|USER_DEBUG|[488]|DEBUG|Run: getReportDetailPageViews
11:55:44.0 (32816098)|STATEMENT_EXECUTE|[491]
11:55:44.0 (32818642)|HEAP_ALLOCATE|[491]|Bytes:166
11:55:44.0 (32882279)|VARIABLE_ASSIGNMENT|[EXTERNAL]|this|{"categoryDataOptions":"0x4194f36e","countDataOptions":"0x4c09af78","currentDay":"2018-03-12T02:55:42.045Z","currentDayMinusSeven":"2018-03-05T02:55:42.045Z","filterDateEnd":"","filterDateStart":"","filteredRecords":"0x3920dccb","filterKeyword":"","isFromHome":false,"isGoodSelected":true,"isNew":true,"isTrySelected":false,"isVeryGoodSelected":false,"listOfCategory":"0x77599997","listOfSAReports":"0x11300b91","newCommentValue":"","numberOfGoodViews":1,"numberOfManagedViews":1,"reportComments":"0x10c304a0","reportGoodViews":"0x2f3a44f7","reportManagedViews":"0x1494f5a6","selectedCategoryData":"新iPhone","selectedCountData":"20","selectedReport":"0x69a5664","selectedReportName":"SA_Report-00000001","selectedSortData":" ","sortDataOptions":"0xd07fa3f"}|0x125b9d8d
11:55:44.0 (32901017)|HEAP_ALLOCATE|[491]|Bytes:75
11:55:44.0 (32909442)|HEAP_ALLOCATE|[491]|Bytes:259
11:55:44.0 (32914605)|VARIABLE_SCOPE_BEGIN|[491]|queryStr|String|false|false
11:55:44.0 (32924421)|VARIABLE_ASSIGNMENT|[491]|queryStr|" SELECT Name, Create (239 more) ..."
11:55:44.0 (32929315)|STATEMENT_EXECUTE|[492]
11:55:44.0 (32931272)|HEAP_ALLOCATE|[492]|Bytes:19
11:55:44.0 (32937058)|HEAP_ALLOCATE|[492]|Bytes:278
11:55:44.0 (32949293)|USER_DEBUG|[492]|DEBUG|Requete Get Good :  SELECT Name, CreatedBy__r.DisplayedUsernameFormula__c, Type__c, Comment__c, CreatedDate__c, ConcernedReport__c FROM saReportDetail__c WHERE ConcernedReport__r.Name='SA_Report-00000001' And (Type__c='LIKE' OR Type__c='VERY_LIKE') ORDER BY CreatedDate__c Desc 
11:55:44.0 (32958071)|STATEMENT_EXECUTE|[493]
11:55:44.0 (33398833)|SOQL_EXECUTE_BEGIN|[493]|Aggregations:0| SELECT Name, CreatedBy__r.DisplayedUsernameFormula__c, Type__c, Comment__c, CreatedDate__c, ConcernedReport__c FROM saReportDetail__c WHERE ConcernedReport__r.Name='SA_Report-00000001' And (Type__c='LIKE' OR Type__c='VERY_LIKE') ORDER BY CreatedDate__c Desc 
11:55:44.0 (41681335)|SOQL_EXECUTE_END|[493]|Rows:1
11:55:44.0 (41702824)|HEAP_ALLOCATE|[493]|Bytes:8
11:55:44.0 (41718620)|HEAP_ALLOCATE|[493]|Bytes:252
11:55:44.0 (41755763)|HEAP_ALLOCATE|[493]|Bytes:8
11:55:44.0 (41854035)|VARIABLE_ASSIGNMENT|[EXTERNAL]|this|{"categoryDataOptions":"0x4194f36e","countDataOptions":"0x4c09af78","currentDay":"2018-03-12T02:55:42.045Z","currentDayMinusSeven":"2018-03-05T02:55:42.045Z","filterDateEnd":"","filterDateStart":"","filteredRecords":"0x3920dccb","filterKeyword":"","isFromHome":false,"isGoodSelected":true,"isNew":true,"isTrySelected":false,"isVeryGoodSelected":false,"listOfCategory":"0x77599997","listOfSAReports":"0x11300b91","newCommentValue":"","numberOfGoodViews":1,"numberOfManagedViews":1,"reportComments":"0x10c304a0","reportGoodViews":"0x2f3a44f7","reportManagedViews":"0x1494f5a6","selectedCategoryData":"新iPhone","selectedCountData":"20","selectedReport":"0x69a5664","selectedReportName":"SA_Report-00000001","selectedSortData":" ","sortDataOptions":"0xd07fa3f"}|0x125b9d8d
11:55:44.0 (41893217)|VARIABLE_ASSIGNMENT|[EXTERNAL]|value|[{"Name":"SA_Detail-00000008","CreatedBy__c":"005N00000057PfOIAU","Type__c":"LIKE","CreatedDate__c":"2018-03-09T01:30:13.000Z","ConcernedReport__c":"a0HN0000008OfbOMAS","Id":"a0GN000000Bwz3OMAR","CreatedBy__r":{"DisplayedUsernameFor (7 more) ...":"Remy Thomas","Id":"005N00000057PfOIAU"}}]|0x53686d91
11:55:44.0 (41919164)|VARIABLE_ASSIGNMENT|[67]|this.reportGoodViews|[{"Name":"SA_Detail-00000008","CreatedBy__c":"005N00000057PfOIAU","Type__c":"LIKE","CreatedDate__c":"2018-03-09T01:30:13.000Z","ConcernedReport__c":"a0HN0000008OfbOMAS","Id":"a0GN000000Bwz3OMAR","CreatedBy__r":{"DisplayedUsernameFor (7 more) ...":"Remy Thomas","Id":"005N00000057PfOIAU"}}]|0x125b9d8d
11:55:44.0 (41933129)|STATEMENT_EXECUTE|[494]
11:55:44.0 (42007797)|VARIABLE_ASSIGNMENT|[EXTERNAL]|this|{"categoryDataOptions":"0x4194f36e","countDataOptions":"0x4c09af78","currentDay":"2018-03-12T02:55:42.045Z","currentDayMinusSeven":"2018-03-05T02:55:42.045Z","filterDateEnd":"","filterDateStart":"","filteredRecords":"0x3920dccb","filterKeyword":"","isFromHome":false,"isGoodSelected":true,"isNew":true,"isTrySelected":false,"isVeryGoodSelected":false,"listOfCategory":"0x77599997","listOfSAReports":"0x11300b91","newCommentValue":"","numberOfGoodViews":1,"numberOfManagedViews":1,"reportComments":"0x10c304a0","reportGoodViews":"0x53686d91","reportManagedViews":"0x1494f5a6","selectedCategoryData":"新iPhone","selectedCountData":"20","selectedReport":"0x69a5664","selectedReportName":"SA_Report-00000001","selectedSortData":" ","sortDataOptions":"0xd07fa3f"}|0x125b9d8d
11:55:44.0 (42117842)|VARIABLE_ASSIGNMENT|[EXTERNAL]|this|{"categoryDataOptions":"0x4194f36e","countDataOptions":"0x4c09af78","currentDay":"2018-03-12T02:55:42.045Z","currentDayMinusSeven":"2018-03-05T02:55:42.045Z","filterDateEnd":"","filterDateStart":"","filteredRecords":"0x3920dccb","filterKeyword":"","isFromHome":false,"isGoodSelected":true,"isNew":true,"isTrySelected":false,"isVeryGoodSelected":false,"listOfCategory":"0x77599997","listOfSAReports":"0x11300b91","newCommentValue":"","numberOfGoodViews":1,"numberOfManagedViews":1,"reportComments":"0x10c304a0","reportGoodViews":"0x53686d91","reportManagedViews":"0x1494f5a6","selectedCategoryData":"新iPhone","selectedCountData":"20","selectedReport":"0x69a5664","selectedReportName":"SA_Report-00000001","selectedSortData":" ","sortDataOptions":"0xd07fa3f"}|0x125b9d8d
11:55:44.0 (42136350)|VARIABLE_ASSIGNMENT|[EXTERNAL]|value|1
11:55:44.0 (42141445)|HEAP_ALLOCATE|[68]|Bytes:4
11:55:44.0 (42149438)|VARIABLE_ASSIGNMENT|[68]|this.numberOfGoodViews|1|0x125b9d8d
11:55:44.0 (42157408)|STATEMENT_EXECUTE|[497]
11:55:44.0 (42216927)|VARIABLE_ASSIGNMENT|[EXTERNAL]|this|{"categoryDataOptions":"0x4194f36e","countDataOptions":"0x4c09af78","currentDay":"2018-03-12T02:55:42.045Z","currentDayMinusSeven":"2018-03-05T02:55:42.045Z","filterDateEnd":"","filterDateStart":"","filteredRecords":"0x3920dccb","filterKeyword":"","isFromHome":false,"isGoodSelected":true,"isNew":true,"isTrySelected":false,"isVeryGoodSelected":false,"listOfCategory":"0x77599997","listOfSAReports":"0x11300b91","newCommentValue":"","numberOfGoodViews":1,"numberOfManagedViews":1,"reportComments":"0x10c304a0","reportGoodViews":"0x53686d91","reportManagedViews":"0x1494f5a6","selectedCategoryData":"新iPhone","selectedCountData":"20","selectedReport":"0x69a5664","selectedReportName":"SA_Report-00000001","selectedSortData":" ","sortDataOptions":"0xd07fa3f"}|0x125b9d8d
11:55:44.0 (42237583)|HEAP_ALLOCATE|[497]|Bytes:50
11:55:44.0 (42246363)|HEAP_ALLOCATE|[497]|Bytes:234
11:55:44.0 (42254715)|VARIABLE_ASSIGNMENT|[497]|queryStr|" SELECT Name, Create (214 more) ..."
11:55:44.0 (42259252)|STATEMENT_EXECUTE|[498]
11:55:44.0 (42261416)|HEAP_ALLOCATE|[498]|Bytes:18
11:55:44.0 (42268566)|HEAP_ALLOCATE|[498]|Bytes:252
11:55:44.0 (42286227)|USER_DEBUG|[498]|DEBUG|Requete Get Bad :  SELECT Name, CreatedBy__r.DisplayedUsernameFormula__c, Type__c, Comment__c, CreatedDate__c, ConcernedReport__c FROM saReportDetail__c WHERE ConcernedReport__r.Name='SA_Report-00000001' And Type__c='COPY' ORDER BY CreatedDate__c Desc 
11:55:44.0 (42295256)|STATEMENT_EXECUTE|[499]
11:55:44.0 (42603959)|SOQL_EXECUTE_BEGIN|[499]|Aggregations:0| SELECT Name, CreatedBy__r.DisplayedUsernameFormula__c, Type__c, Comment__c, CreatedDate__c, ConcernedReport__c FROM saReportDetail__c WHERE ConcernedReport__r.Name='SA_Report-00000001' And Type__c='COPY' ORDER BY CreatedDate__c Desc 
11:55:44.0 (48188058)|SOQL_EXECUTE_END|[499]|Rows:1
11:55:44.0 (48208351)|HEAP_ALLOCATE|[499]|Bytes:8
11:55:44.0 (48223899)|HEAP_ALLOCATE|[499]|Bytes:251
11:55:44.0 (48252839)|HEAP_ALLOCATE|[499]|Bytes:8
11:55:44.0 (48347649)|VARIABLE_ASSIGNMENT|[EXTERNAL]|this|{"categoryDataOptions":"0x4194f36e","countDataOptions":"0x4c09af78","currentDay":"2018-03-12T02:55:42.045Z","currentDayMinusSeven":"2018-03-05T02:55:42.045Z","filterDateEnd":"","filterDateStart":"","filteredRecords":"0x3920dccb","filterKeyword":"","isFromHome":false,"isGoodSelected":true,"isNew":true,"isTrySelected":false,"isVeryGoodSelected":false,"listOfCategory":"0x77599997","listOfSAReports":"0x11300b91","newCommentValue":"","numberOfGoodViews":1,"numberOfManagedViews":1,"reportComments":"0x10c304a0","reportGoodViews":"0x53686d91","reportManagedViews":"0x1494f5a6","selectedCategoryData":"新iPhone","selectedCountData":"20","selectedReport":"0x69a5664","selectedReportName":"SA_Report-00000001","selectedSortData":" ","sortDataOptions":"0xd07fa3f"}|0x125b9d8d
11:55:44.0 (48379643)|VARIABLE_ASSIGNMENT|[EXTERNAL]|value|[{"Name":"SA_Detail-00000009","CreatedBy__c":"005N0000003dz53IAA","Type__c":"COPY","CreatedDate__c":"2018-03-09T07:15:17.000Z","ConcernedReport__c":"a0HN0000008OfbOMAS","Id":"a0GN000000Bwz55MAB","CreatedBy__r":{"DisplayedUsernameFor (7 more) ...":"支社S User S","Id":"005N0000003dz53IAA"}}]|0x6b1813bf
11:55:44.0 (48404345)|VARIABLE_ASSIGNMENT|[69]|this.reportManagedViews|[{"Name":"SA_Detail-00000009","CreatedBy__c":"005N0000003dz53IAA","Type__c":"COPY","CreatedDate__c":"2018-03-09T07:15:17.000Z","ConcernedReport__c":"a0HN0000008OfbOMAS","Id":"a0GN000000Bwz55MAB","CreatedBy__r":{"DisplayedUsernameFor (7 more) ...":"支社S User S","Id":"005N0000003dz53IAA"}}]|0x125b9d8d
11:55:44.0 (48417309)|STATEMENT_EXECUTE|[500]
11:55:44.0 (48492703)|VARIABLE_ASSIGNMENT|[EXTERNAL]|this|{"categoryDataOptions":"0x4194f36e","countDataOptions":"0x4c09af78","currentDay":"2018-03-12T02:55:42.045Z","currentDayMinusSeven":"2018-03-05T02:55:42.045Z","filterDateEnd":"","filterDateStart":"","filteredRecords":"0x3920dccb","filterKeyword":"","isFromHome":false,"isGoodSelected":true,"isNew":true,"isTrySelected":false,"isVeryGoodSelected":false,"listOfCategory":"0x77599997","listOfSAReports":"0x11300b91","newCommentValue":"","numberOfGoodViews":1,"numberOfManagedViews":1,"reportComments":"0x10c304a0","reportGoodViews":"0x53686d91","reportManagedViews":"0x6b1813bf","selectedCategoryData":"新iPhone","selectedCountData":"20","selectedReport":"0x69a5664","selectedReportName":"SA_Report-00000001","selectedSortData":" ","sortDataOptions":"0xd07fa3f"}|0x125b9d8d
11:55:44.0 (48580385)|VARIABLE_ASSIGNMENT|[EXTERNAL]|this|{"categoryDataOptions":"0x4194f36e","countDataOptions":"0x4c09af78","currentDay":"2018-03-12T02:55:42.045Z","currentDayMinusSeven":"2018-03-05T02:55:42.045Z","filterDateEnd":"","filterDateStart":"","filteredRecords":"0x3920dccb","filterKeyword":"","isFromHome":false,"isGoodSelected":true,"isNew":true,"isTrySelected":false,"isVeryGoodSelected":false,"listOfCategory":"0x77599997","listOfSAReports":"0x11300b91","newCommentValue":"","numberOfGoodViews":1,"numberOfManagedViews":1,"reportComments":"0x10c304a0","reportGoodViews":"0x53686d91","reportManagedViews":"0x6b1813bf","selectedCategoryData":"新iPhone","selectedCountData":"20","selectedReport":"0x69a5664","selectedReportName":"SA_Report-00000001","selectedSortData":" ","sortDataOptions":"0xd07fa3f"}|0x125b9d8d
11:55:44.0 (48602481)|VARIABLE_ASSIGNMENT|[EXTERNAL]|value|1
11:55:44.0 (48608211)|HEAP_ALLOCATE|[70]|Bytes:4
11:55:44.0 (48616121)|VARIABLE_ASSIGNMENT|[70]|this.numberOfManagedViews|1|0x125b9d8d
11:55:44.0 (48631761)|METHOD_EXIT|[471]|01pN0000000aEUV|saReportCtrl.getReportDetailPageViews()
11:55:44.0 (48637740)|STATEMENT_EXECUTE|[473]
11:55:44.0 (48650169)|METHOD_ENTRY|[473]|01pN0000000aEUV|saReportCtrl.getReportDetailPageComment()
11:55:44.0 (48672843)|VARIABLE_SCOPE_BEGIN|[509]|this|saReportCtrl|true|false
11:55:44.0 (48728329)|VARIABLE_ASSIGNMENT|[509]|this|{"categoryDataOptions":"0x4194f36e","countDataOptions":"0x4c09af78","currentDay":"2018-03-12T02:55:42.045Z","currentDayMinusSeven":"2018-03-05T02:55:42.045Z","filterDateEnd":"","filterDateStart":"","filteredRecords":"0x3920dccb","filterKeyword":"","isFromHome":false,"isGoodSelected":true,"isNew":true,"isTrySelected":false,"isVeryGoodSelected":false,"listOfCategory":"0x77599997","listOfSAReports":"0x11300b91","newCommentValue":"","numberOfGoodViews":1,"numberOfManagedViews":1,"reportComments":"0x10c304a0","reportGoodViews":"0x53686d91","reportManagedViews":"0x6b1813bf","selectedCategoryData":"新iPhone","selectedCountData":"20","selectedReport":"0x69a5664","selectedReportName":"SA_Report-00000001","selectedSortData":" ","sortDataOptions":"0xd07fa3f"}|0x125b9d8d
11:55:44.0 (48758154)|HEAP_ALLOCATE|[511]|Bytes:5
11:55:44.0 (48763065)|STATEMENT_EXECUTE|[509]
11:55:44.0 (48764599)|STATEMENT_EXECUTE|[511]
11:55:44.0 (48767517)|HEAP_ALLOCATE|[511]|Bytes:31
11:55:44.0 (48786860)|USER_DEBUG|[511]|DEBUG|Run: getReportDetailPageComment
11:55:44.0 (48794916)|STATEMENT_EXECUTE|[514]
11:55:44.0 (48854698)|VARIABLE_ASSIGNMENT|[EXTERNAL]|this|{"categoryDataOptions":"0x4194f36e","countDataOptions":"0x4c09af78","currentDay":"2018-03-12T02:55:42.045Z","currentDayMinusSeven":"2018-03-05T02:55:42.045Z","filterDateEnd":"","filterDateStart":"","filteredRecords":"0x3920dccb","filterKeyword":"","isFromHome":false,"isGoodSelected":true,"isNew":true,"isTrySelected":false,"isVeryGoodSelected":false,"listOfCategory":"0x77599997","listOfSAReports":"0x11300b91","newCommentValue":"","numberOfGoodViews":1,"numberOfManagedViews":1,"reportComments":"0x10c304a0","reportGoodViews":"0x53686d91","reportManagedViews":"0x6b1813bf","selectedCategoryData":"新iPhone","selectedCountData":"20","selectedReport":"0x69a5664","selectedReportName":"SA_Report-00000001","selectedSortData":" ","sortDataOptions":"0xd07fa3f"}|0x125b9d8d
11:55:44.0 (48889678)|HEAP_ALLOCATE|[514]|Bytes:55
11:55:44.0 (48899592)|HEAP_ALLOCATE|[514]|Bytes:239
11:55:44.0 (48905254)|VARIABLE_SCOPE_BEGIN|[514]|queryStr|String|false|false
11:55:44.0 (48915608)|VARIABLE_ASSIGNMENT|[514]|queryStr|" SELECT Name, Create (219 more) ..."
11:55:44.0 (48919961)|STATEMENT_EXECUTE|[515]
11:55:44.0 (49227849)|SOQL_EXECUTE_BEGIN|[515]|Aggregations:0| SELECT Name, CreatedBy__r.DisplayedUsernameFormula__c, Type__c, Comment__c, CreatedDate__c, ConcernedReport__c FROM saReportDetail__c WHERE ConcernedReport__r.Name='SA_Report-00000001' And Type__c LIKE '%コメント%' ORDER BY CreatedDate__c Asc
11:55:44.0 (55186494)|SOQL_EXECUTE_END|[515]|Rows:3
11:55:44.0 (55212916)|HEAP_ALLOCATE|[515]|Bytes:16
11:55:44.0 (55245037)|HEAP_ALLOCATE|[515]|Bytes:796
11:55:44.0 (55285808)|HEAP_ALLOCATE|[515]|Bytes:16
11:55:44.0 (55413446)|VARIABLE_ASSIGNMENT|[EXTERNAL]|this|{"categoryDataOptions":"0x4194f36e","countDataOptions":"0x4c09af78","currentDay":"2018-03-12T02:55:42.045Z","currentDayMinusSeven":"2018-03-05T02:55:42.045Z","filterDateEnd":"","filterDateStart":"","filteredRecords":"0x3920dccb","filterKeyword":"","isFromHome":false,"isGoodSelected":true,"isNew":true,"isTrySelected":false,"isVeryGoodSelected":false,"listOfCategory":"0x77599997","listOfSAReports":"0x11300b91","newCommentValue":"","numberOfGoodViews":1,"numberOfManagedViews":1,"reportComments":"0x10c304a0","reportGoodViews":"0x53686d91","reportManagedViews":"0x6b1813bf","selectedCategoryData":"新iPhone","selectedCountData":"20","selectedReport":"0x69a5664","selectedReportName":"SA_Report-00000001","selectedSortData":" ","sortDataOptions":"0xd07fa3f"}|0x125b9d8d
11:55:44.0 (55487111)|VARIABLE_ASSIGNMENT|[EXTERNAL]|value|[{"Name":"SA_Detail-00000001","CreatedBy__c":"005N00000057PfOIAU","Type__c":"COMMENT","Comment__c":"You've displayed a c (7 more) ...","CreatedDate__c":"2018-03-07T08:57:00.000Z","ConcernedReport__c":"a0HN0000008OfbOMAS","Id":"a0GN000000BwytTMAR","CreatedBy__r":{"DisplayedUsernameFor (7 more) ...":"Remy Thomas","Id":"005N00000057PfOIAU"}},{"Name":"SA_Detail-00000003","CreatedBy__c":"005N00000057PfOIAU","Type__c":"COMMENT","Comment__c":"I've input a new com (5 more) ...","CreatedDate__c":"2018-03-08T01:35:41.000Z","ConcernedReport__c":"a0HN0000008OfbOMAS","Id":"a0GN000000BwyxBMAR","CreatedBy__r":{"DisplayedUsernameFor (7 more) ...":"Remy Thomas","Id":"005N00000057PfOIAU"}},{"Name":"SA_Detail-00000010","CreatedBy__c":"005N0000003dz53IAA","Type__c":"COMMENT","Comment__c":"Me too !","CreatedDate__c":"2018-03-09T07:15:34.000Z","ConcernedReport__c":"a0HN0000008OfbOMAS","Id":"a0GN000000Bwz5AMAR","CreatedBy__r":{"DisplayedUsernameFor (7 more) ...":"支社S User S","Id":"005N0000003dz53IAA"}}]|0x6032a328
11:55:44.0 (55559509)|VARIABLE_ASSIGNMENT|[71]|this.reportComments|[{"Name":"SA_Detail-00000001","CreatedBy__c":"005N00000057PfOIAU","Type__c":"COMMENT","Comment__c":"You've displayed a c (7 more) ...","CreatedDate__c":"2018-03-07T08:57:00.000Z","ConcernedReport__c":"a0HN0000008OfbOMAS","Id":"a0GN000000BwytTMAR","CreatedBy__r":{"DisplayedUsernameFor (7 more) ...":"Remy Thomas","Id":"005N00000057PfOIAU"}},{"Name":"SA_Detail-00000003","CreatedBy__c":"005N00000057PfOIAU","Type__c":"COMMENT","Comment__c":"I've input a new com (5 more) ...","CreatedDate__c":"2018-03-08T01:35:41.000Z","ConcernedReport__c":"a0HN0000008OfbOMAS","Id":"a0GN000000BwyxBMAR","CreatedBy__r":{"DisplayedUsernameFor (7 more) ...":"Remy Thomas","Id":"005N00000057PfOIAU"}},{"Name":"SA_Detail-00000010","CreatedBy__c":"005N0000003dz53IAA","Type__c":"COMMENT","Comment__c":"Me too !","CreatedDate__c":"2018-03-09T07:15:34.000Z","ConcernedReport__c":"a0HN0000008OfbOMAS","Id":"a0GN000000Bwz5AMAR","CreatedBy__r":{"DisplayedUsernameFor (7 more) ...":"支社S User S","Id":"005N0000003dz53IAA"}}]|0x125b9d8d
11:55:44.0 (55601645)|METHOD_EXIT|[473]|01pN0000000aEUV|saReportCtrl.getReportDetailPageComment()
11:55:44.0 (55611803)|STATEMENT_EXECUTE|[475]
11:55:44.0 (55746275)|VARIABLE_ASSIGNMENT|[EXTERNAL]|this|{"categoryDataOptions":"0x4194f36e","countDataOptions":"0x4c09af78","currentDay":"2018-03-12T02:55:42.045Z","currentDayMinusSeven":"2018-03-05T02:55:42.045Z","filterDateEnd":"","filterDateStart":"","filteredRecords":"0x3920dccb","filterKeyword":"","isFromHome":false,"isGoodSelected":true,"isNew":true,"isTrySelected":false,"isVeryGoodSelected":false,"listOfCategory":"0x77599997","listOfSAReports":"0x11300b91","newCommentValue":"","numberOfGoodViews":1,"numberOfManagedViews":1,"reportComments":"0x6032a328","reportGoodViews":"0x53686d91","reportManagedViews":"0x6b1813bf","selectedCategoryData":"新iPhone","selectedCountData":"20","selectedReport":"0x69a5664","selectedReportName":"SA_Report-00000001","selectedSortData":" ","sortDataOptions":"0xd07fa3f"}|0x125b9d8d
11:55:44.0 (55776359)|VARIABLE_ASSIGNMENT|[EXTERNAL]|value|""
11:55:44.0 (55793685)|VARIABLE_ASSIGNMENT|[72]|this.newCommentValue|""|0x125b9d8d
11:55:44.0 (55817515)|STATEMENT_EXECUTE|[477]
11:55:44.0 (55836742)|METHOD_ENTRY|[477]|01pN0000000aEUV|saReportCtrl.initSelectedViewButton()
11:55:44.0 (55864628)|VARIABLE_SCOPE_BEGIN|[524]|this|saReportCtrl|true|false
11:55:44.0 (55957266)|VARIABLE_ASSIGNMENT|[524]|this|{"categoryDataOptions":"0x4194f36e","countDataOptions":"0x4c09af78","currentDay":"2018-03-12T02:55:42.045Z","currentDayMinusSeven":"2018-03-05T02:55:42.045Z","filterDateEnd":"","filterDateStart":"","filteredRecords":"0x3920dccb","filterKeyword":"","isFromHome":false,"isGoodSelected":true,"isNew":true,"isTrySelected":false,"isVeryGoodSelected":false,"listOfCategory":"0x77599997","listOfSAReports":"0x11300b91","newCommentValue":"","numberOfGoodViews":1,"numberOfManagedViews":1,"reportComments":"0x6032a328","reportGoodViews":"0x53686d91","reportManagedViews":"0x6b1813bf","selectedCategoryData":"新iPhone","selectedCountData":"20","selectedReport":"0x69a5664","selectedReportName":"SA_Report-00000001","selectedSortData":" ","sortDataOptions":"0xd07fa3f"}|0x125b9d8d
11:55:44.0 (55999507)|HEAP_ALLOCATE|[526]|Bytes:5
11:55:44.0 (56007920)|STATEMENT_EXECUTE|[524]
11:55:44.0 (56010929)|STATEMENT_EXECUTE|[526]
11:55:44.0 (56014978)|HEAP_ALLOCATE|[526]|Bytes:27
11:55:44.0 (56043499)|USER_DEBUG|[526]|DEBUG|Run: initSelectedViewButton
11:55:44.0 (56057853)|STATEMENT_EXECUTE|[528]
11:55:44.0 (56240266)|VARIABLE_ASSIGNMENT|[EXTERNAL]|this|{"categoryDataOptions":"0x4194f36e","countDataOptions":"0x4c09af78","currentDay":"2018-03-12T02:55:42.045Z","currentDayMinusSeven":"2018-03-05T02:55:42.045Z","filterDateEnd":"","filterDateStart":"","filteredRecords":"0x3920dccb","filterKeyword":"","isFromHome":false,"isGoodSelected":true,"isNew":true,"isTrySelected":false,"isVeryGoodSelected":false,"listOfCategory":"0x77599997","listOfSAReports":"0x11300b91","newCommentValue":"","numberOfGoodViews":1,"numberOfManagedViews":1,"reportComments":"0x6032a328","reportGoodViews":"0x53686d91","reportManagedViews":"0x6b1813bf","selectedCategoryData":"新iPhone","selectedCountData":"20","selectedReport":"0x69a5664","selectedReportName":"SA_Report-00000001","selectedSortData":" ","sortDataOptions":"0xd07fa3f"}|0x125b9d8d
11:55:44.0 (56272608)|VARIABLE_ASSIGNMENT|[EXTERNAL]|value|false
11:55:44.0 (56285075)|HEAP_ALLOCATE|[44]|Bytes:5
11:55:44.0 (56298394)|VARIABLE_ASSIGNMENT|[44]|this.isGoodSelected|false|0x125b9d8d
11:55:44.0 (56314179)|STATEMENT_EXECUTE|[529]
11:55:44.0 (56420718)|VARIABLE_ASSIGNMENT|[EXTERNAL]|this|{"categoryDataOptions":"0x4194f36e","countDataOptions":"0x4c09af78","currentDay":"2018-03-12T02:55:42.045Z","currentDayMinusSeven":"2018-03-05T02:55:42.045Z","filterDateEnd":"","filterDateStart":"","filteredRecords":"0x3920dccb","filterKeyword":"","isFromHome":false,"isGoodSelected":false,"isNew":true,"isTrySelected":false,"isVeryGoodSelected":false,"listOfCategory":"0x77599997","listOfSAReports":"0x11300b91","newCommentValue":"","numberOfGoodViews":1,"numberOfManagedViews":1,"reportComments":"0x6032a328","reportGoodViews":"0x53686d91","reportManagedViews":"0x6b1813bf","selectedCategoryData":"新iPhone","selectedCountData":"20","selectedReport":"0x69a5664","selectedReportName":"SA_Report-00000001","selectedSortData":" ","sortDataOptions":"0xd07fa3f"}|0x125b9d8d
11:55:44.0 (56449437)|VARIABLE_ASSIGNMENT|[EXTERNAL]|value|false
11:55:44.0 (56460763)|HEAP_ALLOCATE|[45]|Bytes:5
11:55:44.0 (56472743)|VARIABLE_ASSIGNMENT|[45]|this.isVeryGoodSelected|false|0x125b9d8d
11:55:44.0 (56486668)|STATEMENT_EXECUTE|[530]
11:55:44.0 (56574507)|VARIABLE_ASSIGNMENT|[EXTERNAL]|this|{"categoryDataOptions":"0x4194f36e","countDataOptions":"0x4c09af78","currentDay":"2018-03-12T02:55:42.045Z","currentDayMinusSeven":"2018-03-05T02:55:42.045Z","filterDateEnd":"","filterDateStart":"","filteredRecords":"0x3920dccb","filterKeyword":"","isFromHome":false,"isGoodSelected":false,"isNew":true,"isTrySelected":false,"isVeryGoodSelected":false,"listOfCategory":"0x77599997","listOfSAReports":"0x11300b91","newCommentValue":"","numberOfGoodViews":1,"numberOfManagedViews":1,"reportComments":"0x6032a328","reportGoodViews":"0x53686d91","reportManagedViews":"0x6b1813bf","selectedCategoryData":"新iPhone","selectedCountData":"20","selectedReport":"0x69a5664","selectedReportName":"SA_Report-00000001","selectedSortData":" ","sortDataOptions":"0xd07fa3f"}|0x125b9d8d
11:55:44.0 (56593661)|VARIABLE_ASSIGNMENT|[EXTERNAL]|value|false
11:55:44.0 (56599907)|HEAP_ALLOCATE|[46]|Bytes:5
11:55:44.0 (56607422)|VARIABLE_ASSIGNMENT|[46]|this.isTrySelected|false|0x125b9d8d
11:55:44.0 (56616068)|STATEMENT_EXECUTE|[532]
11:55:44.0 (56686258)|VARIABLE_ASSIGNMENT|[EXTERNAL]|this|{"categoryDataOptions":"0x4194f36e","countDataOptions":"0x4c09af78","currentDay":"2018-03-12T02:55:42.045Z","currentDayMinusSeven":"2018-03-05T02:55:42.045Z","filterDateEnd":"","filterDateStart":"","filteredRecords":"0x3920dccb","filterKeyword":"","isFromHome":false,"isGoodSelected":false,"isNew":true,"isTrySelected":false,"isVeryGoodSelected":false,"listOfCategory":"0x77599997","listOfSAReports":"0x11300b91","newCommentValue":"","numberOfGoodViews":1,"numberOfManagedViews":1,"reportComments":"0x6032a328","reportGoodViews":"0x53686d91","reportManagedViews":"0x6b1813bf","selectedCategoryData":"新iPhone","selectedCountData":"20","selectedReport":"0x69a5664","selectedReportName":"SA_Report-00000001","selectedSortData":" ","sortDataOptions":"0xd07fa3f"}|0x125b9d8d
11:55:44.0 (56718077)|HEAP_ALLOCATE|[532]|Bytes:20
11:55:44.0 (56812266)|HEAP_ALLOCATE|[532]|Bytes:85
11:55:44.0 (56907968)|SYSTEM_METHOD_ENTRY|[1]|UserInfo.UserInfo()
11:55:44.0 (56923106)|STATEMENT_EXECUTE|[1]
11:55:44.0 (56935137)|SYSTEM_METHOD_EXIT|[1]|UserInfo
11:55:44.0 (56949628)|METHOD_ENTRY|[532]||System.UserInfo.getUserId()
11:55:44.0 (56975929)|METHOD_EXIT|[532]||System.UserInfo.getUserId()
11:55:44.0 (56981466)|HEAP_ALLOCATE|[532]|Bytes:24
11:55:44.0 (56996608)|HEAP_ALLOCATE|[532]|Bytes:246
11:55:44.0 (57001783)|VARIABLE_SCOPE_BEGIN|[532]|queryStr|String|false|false
11:55:44.0 (57014611)|VARIABLE_ASSIGNMENT|[532]|queryStr|" SELECT Name, Create (226 more) ..."
11:55:44.0 (57019603)|STATEMENT_EXECUTE|[533]
11:55:44.0 (57021969)|HEAP_ALLOCATE|[533]|Bytes:25
11:55:44.0 (57029228)|HEAP_ALLOCATE|[533]|Bytes:271
11:55:44.0 (57047339)|USER_DEBUG|[533]|DEBUG|Requete Get Engagement :  SELECT Name, CreatedBy__r.DisplayedUsernameFormula__c, Type__c, Comment__c, CreatedDate__c, ConcernedReport__c FROM saReportDetail__c WHERE ConcernedReport__r.Name='SA_Report-00000001' And CreatedBy__c='005N00000057PfOIAU' And Type__c!='COMMENT'
11:55:44.0 (57068938)|STATEMENT_EXECUTE|[534]
11:55:44.0 (57505193)|SOQL_EXECUTE_BEGIN|[534]|Aggregations:0| SELECT Name, CreatedBy__r.DisplayedUsernameFormula__c, Type__c, Comment__c, CreatedDate__c, ConcernedReport__c FROM saReportDetail__c WHERE ConcernedReport__r.Name='SA_Report-00000001' And CreatedBy__c='005N00000057PfOIAU' And Type__c!='COMMENT'
11:55:44.0 (64812494)|SOQL_EXECUTE_END|[534]|Rows:1
11:55:44.0 (64840137)|HEAP_ALLOCATE|[534]|Bytes:8
11:55:44.0 (64861861)|HEAP_ALLOCATE|[534]|Bytes:252
11:55:44.0 (64911236)|HEAP_ALLOCATE|[534]|Bytes:8
11:55:44.0 (64933291)|VARIABLE_SCOPE_BEGIN|[534]|listOfViews|List<saReportDetail__c>|true|false
11:55:44.0 (64984060)|VARIABLE_ASSIGNMENT|[534]|listOfViews|[{"Name":"SA_Detail-00000008","CreatedBy__c":"005N00000057PfOIAU","Type__c":"LIKE","CreatedDate__c":"2018-03-09T01:30:13.000Z","ConcernedReport__c":"a0HN0000008OfbOMAS","Id":"a0GN000000Bwz3OMAR","CreatedBy__r":{"DisplayedUsernameFor (7 more) ...":"Remy Thomas","Id":"005N00000057PfOIAU"}}]|0x1749e3d0
11:55:44.0 (64998871)|STATEMENT_EXECUTE|[537]
11:55:44.0 (65003665)|HEAP_ALLOCATE|[537]|Bytes:19
11:55:44.0 (65017225)|HEAP_ALLOCATE|[537]|Bytes:265
11:55:44.0 (65045570)|USER_DEBUG|[537]|DEBUG|Get View request :  SELECT Name, CreatedBy__r.DisplayedUsernameFormula__c, Type__c, Comment__c, CreatedDate__c, ConcernedReport__c FROM saReportDetail__c WHERE ConcernedReport__r.Name='SA_Report-00000001' And CreatedBy__c='005N00000057PfOIAU' And Type__c!='COMMENT'
11:55:44.0 (65061591)|STATEMENT_EXECUTE|[538]
11:55:44.0 (65065426)|HEAP_ALLOCATE|[538]|Bytes:18
11:55:44.0 (65168001)|HEAP_ALLOCATE|[538]|Bytes:190
11:55:44.0 (65189928)|HEAP_ALLOCATE|[538]|Bytes:208
11:55:44.0 (65200352)|USER_DEBUG|[538]|DEBUG|Get View result : (saReportDetail__c:{Name=SA_Detail-00000008, CreatedBy__c=005N00000057PfOIAU, Type__c=LIKE, CreatedDate__c=2018-03-09 01:30:13, ConcernedReport__c=a0HN0000008OfbOMAS, Id=a0GN000000Bwz3OMAR})
11:55:44.0 (65231219)|STATEMENT_EXECUTE|[540]
11:55:44.0 (65233025)|STATEMENT_EXECUTE|[542]
11:55:44.0 (65251719)|HEAP_ALLOCATE|[542]|Bytes:32
11:55:44.0 (65282468)|VARIABLE_SCOPE_BEGIN|[542]|typeView|String|false|false
11:55:44.0 (65294933)|VARIABLE_ASSIGNMENT|[542]|typeView|"LIKE"
11:55:44.0 (65303479)|HEAP_ALLOCATE|[544]|Bytes:4
11:55:44.0 (65325180)|STATEMENT_EXECUTE|[545]
11:55:44.0 (65444275)|VARIABLE_ASSIGNMENT|[EXTERNAL]|this|{"categoryDataOptions":"0x4194f36e","countDataOptions":"0x4c09af78","currentDay":"2018-03-12T02:55:42.045Z","currentDayMinusSeven":"2018-03-05T02:55:42.045Z","filterDateEnd":"","filterDateStart":"","filteredRecords":"0x3920dccb","filterKeyword":"","isFromHome":false,"isGoodSelected":false,"isNew":true,"isTrySelected":false,"isVeryGoodSelected":false,"listOfCategory":"0x77599997","listOfSAReports":"0x11300b91","newCommentValue":"","numberOfGoodViews":1,"numberOfManagedViews":1,"reportComments":"0x6032a328","reportGoodViews":"0x53686d91","reportManagedViews":"0x6b1813bf","selectedCategoryData":"新iPhone","selectedCountData":"20","selectedReport":"0x69a5664","selectedReportName":"SA_Report-00000001","selectedSortData":" ","sortDataOptions":"0xd07fa3f"}|0x125b9d8d
11:55:44.0 (65494767)|VARIABLE_ASSIGNMENT|[EXTERNAL]|value|true
11:55:44.0 (65506537)|HEAP_ALLOCATE|[44]|Bytes:5
11:55:44.0 (65518847)|VARIABLE_ASSIGNMENT|[44]|this.isGoodSelected|true|0x125b9d8d
11:55:44.0 (65535839)|HEAP_ALLOCATE|[546]|Bytes:9
11:55:44.0 (65551242)|STATEMENT_EXECUTE|[546]
11:55:44.0 (65555468)|HEAP_ALLOCATE|[548]|Bytes:4
11:55:44.0 (65565698)|STATEMENT_EXECUTE|[548]
11:55:44.0 (65577135)|METHOD_EXIT|[477]|01pN0000000aEUV|saReportCtrl.initSelectedViewButton()
11:55:44.0 (65590307)|METHOD_EXIT|[441]|01pN0000000aEUV|saReportCtrl.initSelectedReportDetails()
11:55:44.0 (65597405)|STATEMENT_EXECUTE|[443]
11:55:44.0 (65603414)|SYSTEM_MODE_EXIT|false
11:55:44.0 (82673270)|SYSTEM_MODE_ENTER|true
11:55:44.0 (82712064)|HEAP_ALLOCATE|[EXTERNAL]|Bytes:40
11:55:44.0 (82732284)|VARIABLE_ASSIGNMENT|[EXTERNAL]|this.iCountComments|null|0x31689684
11:55:44.0 (82781512)|SYSTEM_MODE_ENTER|true
11:55:44.0 (82795480)|HEAP_ALLOCATE|[EXTERNAL]|Bytes:40
11:55:44.0 (82803962)|VARIABLE_ASSIGNMENT|[EXTERNAL]|this.iCountLikes|null|0x31689684
11:55:44.0 (82880125)|SYSTEM_MODE_ENTER|true
11:55:44.0 (82921283)|HEAP_ALLOCATE|[EXTERNAL]|Bytes:120
11:55:44.0 (82930698)|VARIABLE_SCOPE_BEGIN|[62]|this|saReportCtrl|true|false
11:55:44.0 (83054107)|VARIABLE_ASSIGNMENT|[62]|this|{"categoryDataOptions":"0x4194f36e","countDataOptions":"0x4c09af78","currentDay":"2018-03-12T02:55:42.045Z","currentDayMinusSeven":"2018-03-05T02:55:42.045Z","filterDateEnd":"","filterDateStart":"","filteredRecords":"0x3920dccb","filterKeyword":"","isFromHome":false,"isGoodSelected":true,"isNew":true,"isTrySelected":false,"isVeryGoodSelected":false,"listOfCategory":"0x77599997","listOfSAReports":"0x11300b91","newCommentValue":"","numberOfGoodViews":1,"numberOfManagedViews":1,"reportComments":"0x6032a328","reportGoodViews":"0x53686d91","reportManagedViews":"0x6b1813bf","selectedCategoryData":"新iPhone","selectedCountData":"20","selectedReport":"0x69a5664","selectedReportName":"SA_Report-00000001","selectedSortData":" ","sortDataOptions":"0xd07fa3f"}|0x125b9d8d
11:55:44.0 (83084677)|SYSTEM_MODE_ENTER|false
11:55:44.0 (83096661)|HEAP_ALLOCATE|[62]|Bytes:5
11:55:44.0 (83103384)|STATEMENT_EXECUTE|[62]
11:55:44.0 (83105253)|STATEMENT_EXECUTE|[62]
11:55:44.0 (83113035)|SYSTEM_MODE_EXIT|false
11:55:44.0 (83159158)|SYSTEM_MODE_ENTER|true
11:55:44.0 (83175934)|HEAP_ALLOCATE|[EXTERNAL]|Bytes:8
11:55:44.0 (83180481)|HEAP_ALLOCATE|[EXTERNAL]|Bytes:40
11:55:44.0 (83188156)|VARIABLE_ASSIGNMENT|[EXTERNAL]|this.iTypeOfScreen|52|0x31689684
11:55:44.0 (83266780)|SYSTEM_MODE_ENTER|true
11:55:44.0 (83378098)|SYSTEM_MODE_ENTER|true
11:55:44.0 (83645200)|SYSTEM_MODE_ENTER|true
11:55:44.0 (83856196)|SYSTEM_MODE_ENTER|true
11:55:44.0 (84861317)|SYSTEM_MODE_ENTER|true
11:55:44.0 (84937832)|SYSTEM_MODE_ENTER|true
11:55:44.0 (85000044)|SYSTEM_MODE_ENTER|true
11:55:44.0 (85059306)|SYSTEM_MODE_ENTER|true
11:55:44.0 (85143109)|SYSTEM_MODE_ENTER|true
11:55:44.0 (85208679)|SYSTEM_MODE_ENTER|true
11:55:44.0 (85308781)|SYSTEM_MODE_ENTER|true
11:55:44.0 (85392697)|SYSTEM_MODE_ENTER|true
11:55:44.0 (85978382)|SYSTEM_MODE_ENTER|true
11:55:44.0 (89747120)|VF_SERIALIZE_VIEWSTATE_BEGIN|066N0000000M59u
11:55:44.0 (94185788)|VF_SERIALIZE_VIEWSTATE_END
11:55:44.97 (97926097)|CUMULATIVE_LIMIT_USAGE
11:55:44.97 (97926097)|LIMIT_USAGE_FOR_NS|(default)|
  Number of SOQL queries: 5 out of 100
  Number of query rows: 7 out of 50000
  Number of SOSL queries: 0 out of 20
  Number of DML statements: 0 out of 150
  Number of DML rows: 0 out of 10000
  Maximum CPU time: 0 out of 10000
  Maximum heap size: 0 out of 6000000
  Number of callouts: 0 out of 100
  Number of Email Invocations: 0 out of 10
  Number of future calls: 0 out of 50
  Number of queueable jobs added to the queue: 0 out of 50
  Number of Mobile Apex push calls: 0 out of 10

11:55:44.97 (97926097)|CUMULATIVE_LIMIT_USAGE_END

11:55:44.0 (97960578)|CODE_UNIT_FINISHED|VF: /apex/saReport
11:55:44.0 (98714063)|EXECUTION_FINISHED
