42.0 APEX_CODE,FINEST;APEX_PROFILING,INFO;CALLOUT,INFO;DB,INFO;NBA,INFO;SYSTEM,DEBUG;VALIDATION,INFO;VISUALFORCE,INFO;WAVE,INFO;WORKFLOW,INFO
11:00:20.0 (94405)|USER_INFO|[EXTERNAL]|005N00000057PfO|thomas.remy+kddi_gwdev01@globalway.co.jp|Japan Standard Time|GMT+09:00
11:00:20.0 (132615)|EXECUTION_STARTED
11:00:20.0 (137979)|CODE_UNIT_STARTED|[EXTERNAL]|066N0000000M4pW|VF: /apex/sadailyreport
11:00:20.0 (285724)|VF_DESERIALIZE_VIEWSTATE_BEGIN|066N0000000M4pW
11:00:20.0 (3809966)|HEAP_ALLOCATE|[72]|Bytes:3
11:00:20.0 (3863530)|HEAP_ALLOCATE|[77]|Bytes:152
11:00:20.0 (3879869)|HEAP_ALLOCATE|[342]|Bytes:408
11:00:20.0 (3900302)|HEAP_ALLOCATE|[355]|Bytes:408
11:00:20.0 (3915390)|HEAP_ALLOCATE|[467]|Bytes:48
11:00:20.0 (3943119)|HEAP_ALLOCATE|[139]|Bytes:6
11:00:20.0 (4855397)|HEAP_ALLOCATE|[50]|Bytes:5
11:00:20.0 (4887776)|HEAP_ALLOCATE|[56]|Bytes:5
11:00:20.0 (4899756)|HEAP_ALLOCATE|[64]|Bytes:7
11:00:20.0 (5666116)|VARIABLE_SCOPE_BEGIN|[3]|saDailyReportCtrl.SOURCE|String|false|true
11:00:20.0 (5678773)|VARIABLE_SCOPE_BEGIN|[4]|saDailyReportCtrl.SOURCE_ID|String|false|true
11:00:20.0 (6725467)|VARIABLE_SCOPE_BEGIN|[25]|auMainTopCompCtrl.TYPE_SCREEN_ACCOUNT_LIST|Integer|false|true
11:00:20.0 (6736969)|VARIABLE_SCOPE_BEGIN|[26]|auMainTopCompCtrl.TYPE_SCREEN_ACTIVITY_LIST|Integer|false|true
11:00:20.0 (6743404)|VARIABLE_SCOPE_BEGIN|[7]|auMainTopCompCtrl.TYPE_SCREEN_CX_SCREEN|Integer|false|true
11:00:20.0 (6750023)|VARIABLE_SCOPE_BEGIN|[8]|auMainTopCompCtrl.TYPE_SCREEN_CX_TIMELINE|Integer|false|true
11:00:20.0 (6756647)|VARIABLE_SCOPE_BEGIN|[9]|auMainTopCompCtrl.TYPE_SCREEN_EVENT_SCHEDULE|Integer|false|true
11:00:20.0 (6763529)|VARIABLE_SCOPE_BEGIN|[10]|auMainTopCompCtrl.TYPE_SCREEN_EVENT_SCHEDULE_LIST|Integer|false|true
11:00:20.0 (6769526)|VARIABLE_SCOPE_BEGIN|[27]|auMainTopCompCtrl.TYPE_SCREEN_FILE_LIST|Integer|false|true
11:00:20.0 (6775250)|VARIABLE_SCOPE_BEGIN|[24]|auMainTopCompCtrl.TYPE_SCREEN_HONBU_DIRECT|Integer|false|true
11:00:20.0 (6781373)|VARIABLE_SCOPE_BEGIN|[11]|auMainTopCompCtrl.TYPE_SCREEN_KNOWLEDGE_DASHBOARD|Integer|false|true
11:00:20.0 (6787237)|VARIABLE_SCOPE_BEGIN|[12]|auMainTopCompCtrl.TYPE_SCREEN_KNOWLEDGE_LIST|Integer|false|true
11:00:20.0 (6793041)|VARIABLE_SCOPE_BEGIN|[15]|auMainTopCompCtrl.TYPE_SCREEN_SA_CHATTER|Integer|false|true
11:00:20.0 (6798833)|VARIABLE_SCOPE_BEGIN|[16]|auMainTopCompCtrl.TYPE_SCREEN_SA_DAILYREPORT|Integer|false|true
11:00:20.0 (6804793)|VARIABLE_SCOPE_BEGIN|[22]|auMainTopCompCtrl.TYPE_SCREEN_SA_DAILYREPORTLIST|Integer|false|true
11:00:20.0 (6811314)|VARIABLE_SCOPE_BEGIN|[18]|auMainTopCompCtrl.TYPE_SCREEN_SA_DOCUMENTS|Integer|false|true
11:00:20.0 (6817266)|VARIABLE_SCOPE_BEGIN|[17]|auMainTopCompCtrl.TYPE_SCREEN_SA_ENQUETE|Integer|false|true
11:00:20.0 (6822968)|VARIABLE_SCOPE_BEGIN|[20]|auMainTopCompCtrl.TYPE_SCREEN_SA_LINKS|Integer|false|true
11:00:20.0 (6828728)|VARIABLE_SCOPE_BEGIN|[13]|auMainTopCompCtrl.TYPE_SCREEN_SA_MESSAGES|Integer|false|true
11:00:20.0 (6834447)|VARIABLE_SCOPE_BEGIN|[19]|auMainTopCompCtrl.TYPE_SCREEN_SA_RANKING|Integer|false|true
11:00:20.0 (6840069)|VARIABLE_SCOPE_BEGIN|[14]|auMainTopCompCtrl.TYPE_SCREEN_SA_REPORTS|Integer|false|true
11:00:20.0 (6845839)|VARIABLE_SCOPE_BEGIN|[23]|auMainTopCompCtrl.TYPE_SCREEN_SA_TODO|Integer|false|true
11:00:20.0 (6852039)|VARIABLE_SCOPE_BEGIN|[21]|auMainTopCompCtrl.TYPE_SCREEN_SA_USRSETTINGS|Integer|false|true
11:00:20.0 (6859437)|VARIABLE_SCOPE_BEGIN|[4]|auMainTopCompCtrl.TYPE_SCREEN_STPD_EVENT|Integer|false|true
11:00:20.0 (6866629)|VARIABLE_SCOPE_BEGIN|[6]|auMainTopCompCtrl.TYPE_SCREEN_STPD_SCREEN|Integer|false|true
11:00:20.0 (6872850)|VARIABLE_SCOPE_BEGIN|[5]|auMainTopCompCtrl.TYPE_SCREEN_STPD_TIMELINE|Integer|false|true
11:00:20.0 (6879049)|VARIABLE_SCOPE_BEGIN|[3]|auMainTopCompCtrl.TYPE_SCREEN_SWITCH|Integer|false|true
11:00:20.0 (8048350)|VF_DESERIALIZE_VIEWSTATE_END
11:00:20.0 (10392409)|SYSTEM_MODE_ENTER|true
11:00:20.0 (10665054)|HEAP_ALLOCATE|[EXTERNAL]|Bytes:284
11:00:20.0 (10677922)|HEAP_ALLOCATE|[EXTERNAL]|Bytes:150
11:00:20.0 (10690794)|METHOD_ENTRY|[1]|01pN0000000Mill|auMainTopCompCtrl.auMainTopCompCtrl()
11:00:20.0 (10697765)|STATEMENT_EXECUTE|[1]
11:00:20.0 (10703698)|STATEMENT_EXECUTE|[1]
11:00:20.0 (10705261)|STATEMENT_EXECUTE|[3]
11:00:20.0 (10711567)|HEAP_ALLOCATE|[3]|Bytes:4
11:00:20.0 (10737319)|VARIABLE_ASSIGNMENT|[3]|auMainTopCompCtrl.TYPE_SCREEN_SWITCH|0
11:00:20.0 (10742815)|STATEMENT_EXECUTE|[4]
11:00:20.0 (10745536)|HEAP_ALLOCATE|[4]|Bytes:4
11:00:20.0 (10753755)|VARIABLE_ASSIGNMENT|[4]|auMainTopCompCtrl.TYPE_SCREEN_STPD_EVENT|11
11:00:20.0 (10758784)|STATEMENT_EXECUTE|[5]
11:00:20.0 (10761405)|HEAP_ALLOCATE|[5]|Bytes:4
11:00:20.0 (10767843)|VARIABLE_ASSIGNMENT|[5]|auMainTopCompCtrl.TYPE_SCREEN_STPD_TIMELINE|12
11:00:20.0 (10772208)|STATEMENT_EXECUTE|[6]
11:00:20.0 (10774185)|HEAP_ALLOCATE|[6]|Bytes:4
11:00:20.0 (10780886)|VARIABLE_ASSIGNMENT|[6]|auMainTopCompCtrl.TYPE_SCREEN_STPD_SCREEN|13
11:00:20.0 (10785109)|STATEMENT_EXECUTE|[7]
11:00:20.0 (10787141)|HEAP_ALLOCATE|[7]|Bytes:4
11:00:20.0 (10792154)|VARIABLE_ASSIGNMENT|[7]|auMainTopCompCtrl.TYPE_SCREEN_CX_SCREEN|21
11:00:20.0 (10796195)|STATEMENT_EXECUTE|[8]
11:00:20.0 (10797950)|HEAP_ALLOCATE|[8]|Bytes:4
11:00:20.0 (10803715)|VARIABLE_ASSIGNMENT|[8]|auMainTopCompCtrl.TYPE_SCREEN_CX_TIMELINE|22
11:00:20.0 (10808016)|STATEMENT_EXECUTE|[9]
11:00:20.0 (10809931)|HEAP_ALLOCATE|[9]|Bytes:4
11:00:20.0 (10815724)|VARIABLE_ASSIGNMENT|[9]|auMainTopCompCtrl.TYPE_SCREEN_EVENT_SCHEDULE|31
11:00:20.0 (10819744)|STATEMENT_EXECUTE|[10]
11:00:20.0 (10821859)|HEAP_ALLOCATE|[10]|Bytes:4
11:00:20.0 (10827393)|VARIABLE_ASSIGNMENT|[10]|auMainTopCompCtrl.TYPE_SCREEN_EVENT_SCHEDULE_LIST|32
11:00:20.0 (10831659)|STATEMENT_EXECUTE|[11]
11:00:20.0 (10833643)|HEAP_ALLOCATE|[11]|Bytes:4
11:00:20.0 (10839650)|VARIABLE_ASSIGNMENT|[11]|auMainTopCompCtrl.TYPE_SCREEN_KNOWLEDGE_DASHBOARD|41
11:00:20.0 (10844082)|STATEMENT_EXECUTE|[12]
11:00:20.0 (10846060)|HEAP_ALLOCATE|[12]|Bytes:4
11:00:20.0 (10851414)|VARIABLE_ASSIGNMENT|[12]|auMainTopCompCtrl.TYPE_SCREEN_KNOWLEDGE_LIST|42
11:00:20.0 (10855215)|STATEMENT_EXECUTE|[13]
11:00:20.0 (10857337)|HEAP_ALLOCATE|[13]|Bytes:4
11:00:20.0 (10862917)|VARIABLE_ASSIGNMENT|[13]|auMainTopCompCtrl.TYPE_SCREEN_SA_MESSAGES|51
11:00:20.0 (10867257)|STATEMENT_EXECUTE|[14]
11:00:20.0 (10869214)|HEAP_ALLOCATE|[14]|Bytes:4
11:00:20.0 (10874911)|VARIABLE_ASSIGNMENT|[14]|auMainTopCompCtrl.TYPE_SCREEN_SA_REPORTS|52
11:00:20.0 (10878919)|STATEMENT_EXECUTE|[15]
11:00:20.0 (10880783)|HEAP_ALLOCATE|[15]|Bytes:4
11:00:20.0 (10886977)|VARIABLE_ASSIGNMENT|[15]|auMainTopCompCtrl.TYPE_SCREEN_SA_CHATTER|53
11:00:20.0 (10893410)|STATEMENT_EXECUTE|[16]
11:00:20.0 (10896264)|HEAP_ALLOCATE|[16]|Bytes:4
11:00:20.0 (10902280)|VARIABLE_ASSIGNMENT|[16]|auMainTopCompCtrl.TYPE_SCREEN_SA_DAILYREPORT|54
11:00:20.0 (10907149)|STATEMENT_EXECUTE|[17]
11:00:20.0 (10909001)|HEAP_ALLOCATE|[17]|Bytes:4
11:00:20.0 (10914789)|VARIABLE_ASSIGNMENT|[17]|auMainTopCompCtrl.TYPE_SCREEN_SA_ENQUETE|55
11:00:20.0 (10918893)|STATEMENT_EXECUTE|[18]
11:00:20.0 (10921349)|HEAP_ALLOCATE|[18]|Bytes:4
11:00:20.0 (10926923)|VARIABLE_ASSIGNMENT|[18]|auMainTopCompCtrl.TYPE_SCREEN_SA_DOCUMENTS|56
11:00:20.0 (10930394)|STATEMENT_EXECUTE|[19]
11:00:20.0 (10932229)|HEAP_ALLOCATE|[19]|Bytes:4
11:00:20.0 (10937842)|VARIABLE_ASSIGNMENT|[19]|auMainTopCompCtrl.TYPE_SCREEN_SA_RANKING|57
11:00:20.0 (10946791)|STATEMENT_EXECUTE|[20]
11:00:20.0 (10948880)|HEAP_ALLOCATE|[20]|Bytes:4
11:00:20.0 (10956011)|VARIABLE_ASSIGNMENT|[20]|auMainTopCompCtrl.TYPE_SCREEN_SA_LINKS|58
11:00:20.0 (10959953)|STATEMENT_EXECUTE|[21]
11:00:20.0 (10961991)|HEAP_ALLOCATE|[21]|Bytes:4
11:00:20.0 (10967863)|VARIABLE_ASSIGNMENT|[21]|auMainTopCompCtrl.TYPE_SCREEN_SA_USRSETTINGS|59
11:00:20.0 (10972134)|STATEMENT_EXECUTE|[22]
11:00:20.0 (10973902)|HEAP_ALLOCATE|[22]|Bytes:4
11:00:20.0 (10979332)|VARIABLE_ASSIGNMENT|[22]|auMainTopCompCtrl.TYPE_SCREEN_SA_DAILYREPORTLIST|60
11:00:20.0 (10983398)|STATEMENT_EXECUTE|[23]
11:00:20.0 (10985228)|HEAP_ALLOCATE|[23]|Bytes:4
11:00:20.0 (10992717)|VARIABLE_ASSIGNMENT|[23]|auMainTopCompCtrl.TYPE_SCREEN_SA_TODO|61
11:00:20.0 (10996816)|STATEMENT_EXECUTE|[24]
11:00:20.0 (10999118)|HEAP_ALLOCATE|[24]|Bytes:4
11:00:20.0 (11004292)|VARIABLE_ASSIGNMENT|[24]|auMainTopCompCtrl.TYPE_SCREEN_HONBU_DIRECT|71
11:00:20.0 (11008748)|STATEMENT_EXECUTE|[25]
11:00:20.0 (11010669)|HEAP_ALLOCATE|[25]|Bytes:4
11:00:20.0 (11015574)|VARIABLE_ASSIGNMENT|[25]|auMainTopCompCtrl.TYPE_SCREEN_ACCOUNT_LIST|81
11:00:20.0 (11019427)|STATEMENT_EXECUTE|[26]
11:00:20.0 (11021303)|HEAP_ALLOCATE|[26]|Bytes:4
11:00:20.0 (11026583)|VARIABLE_ASSIGNMENT|[26]|auMainTopCompCtrl.TYPE_SCREEN_ACTIVITY_LIST|82
11:00:20.0 (11030834)|STATEMENT_EXECUTE|[27]
11:00:20.0 (11033154)|HEAP_ALLOCATE|[27]|Bytes:4
11:00:20.0 (11038496)|VARIABLE_ASSIGNMENT|[27]|auMainTopCompCtrl.TYPE_SCREEN_FILE_LIST|83
11:00:20.0 (11046312)|METHOD_EXIT|[1]|auMainTopCompCtrl
11:00:20.0 (11052678)|HEAP_ALLOCATE|[EXTERNAL]|Bytes:40
11:00:20.0 (11060397)|VARIABLE_SCOPE_BEGIN|[80]|this|auMainTopCompCtrl|true|false
11:00:20.0 (11124112)|VARIABLE_ASSIGNMENT|[80]|this|{"currentUser":"0x5cd1feb6","iTypeOfScreen":54,"urlReportsSFA":"https://cs6.lightnin (84 more) ..."}|0x74e78366
11:00:20.0 (11137356)|STATEMENT_EXECUTE|[80]
11:00:20.0 (11139068)|STATEMENT_EXECUTE|[81]
11:00:20.0 (11186490)|VARIABLE_ASSIGNMENT|[EXTERNAL]|this|{"currentUser":"0x5cd1feb6","iTypeOfScreen":54,"urlReportsSFA":"https://cs6.lightnin (84 more) ..."}|0x74e78366
11:00:20.0 (11236974)|VARIABLE_ASSIGNMENT|[EXTERNAL]|this|{"currentUser":"0x5cd1feb6","iTypeOfScreen":54,"urlReportsSFA":"https://cs6.lightnin (84 more) ..."}|0x74e78366
11:00:20.0 (11273172)|VARIABLE_ASSIGNMENT|[EXTERNAL]|this|{"currentUser":"0x5cd1feb6","iTypeOfScreen":54,"urlReportsSFA":"https://cs6.lightnin (84 more) ..."}|0x74e78366
11:00:20.0 (11308605)|VARIABLE_ASSIGNMENT|[EXTERNAL]|this|{"currentUser":"0x5cd1feb6","iTypeOfScreen":54,"urlReportsSFA":"https://cs6.lightnin (84 more) ..."}|0x74e78366
11:00:20.0 (11332759)|HEAP_ALLOCATE|[81]|Bytes:5
11:00:20.0 (11435375)|SYSTEM_MODE_ENTER|true
11:00:20.0 (11470658)|HEAP_ALLOCATE|[EXTERNAL]|Bytes:40
11:00:20.0 (11477164)|VARIABLE_SCOPE_BEGIN|[98]|this|auMainTopCompCtrl|true|false
11:00:20.0 (11507899)|VARIABLE_ASSIGNMENT|[98]|this|{"currentUser":"0x5cd1feb6","iTypeOfScreen":54,"urlReportsSFA":"https://cs6.lightnin (84 more) ..."}|0x74e78366
11:00:20.0 (11518492)|STATEMENT_EXECUTE|[98]
11:00:20.0 (11520380)|STATEMENT_EXECUTE|[99]
11:00:20.0 (11553115)|VARIABLE_ASSIGNMENT|[EXTERNAL]|this|{"currentUser":"0x5cd1feb6","iTypeOfScreen":54,"urlReportsSFA":"https://cs6.lightnin (84 more) ..."}|0x74e78366
11:00:20.0 (11567997)|HEAP_ALLOCATE|[99]|Bytes:5
11:00:20.0 (11629181)|SYSTEM_MODE_ENTER|true
11:00:20.0 (11665275)|HEAP_ALLOCATE|[EXTERNAL]|Bytes:40
11:00:20.0 (11671008)|VARIABLE_SCOPE_BEGIN|[102]|this|auMainTopCompCtrl|true|false
11:00:20.0 (11700655)|VARIABLE_ASSIGNMENT|[102]|this|{"currentUser":"0x5cd1feb6","iTypeOfScreen":54,"urlReportsSFA":"https://cs6.lightnin (84 more) ..."}|0x74e78366
11:00:20.0 (11710387)|STATEMENT_EXECUTE|[102]
11:00:20.0 (11712168)|STATEMENT_EXECUTE|[103]
11:00:20.0 (11742423)|VARIABLE_ASSIGNMENT|[EXTERNAL]|this|{"currentUser":"0x5cd1feb6","iTypeOfScreen":54,"urlReportsSFA":"https://cs6.lightnin (84 more) ..."}|0x74e78366
11:00:20.0 (11756226)|HEAP_ALLOCATE|[103]|Bytes:5
11:00:20.0 (11837588)|SYSTEM_MODE_ENTER|true
11:00:20.0 (11860942)|HEAP_ALLOCATE|[EXTERNAL]|Bytes:40
11:00:20.0 (11873988)|VARIABLE_ASSIGNMENT|[EXTERNAL]|this.iCountComments|null|0x74e78366
11:00:20.0 (11920360)|SYSTEM_MODE_ENTER|true
11:00:20.0 (11933503)|HEAP_ALLOCATE|[EXTERNAL]|Bytes:40
11:00:20.0 (11941217)|VARIABLE_ASSIGNMENT|[EXTERNAL]|this.iCountLikes|null|0x74e78366
11:00:20.0 (12021576)|SYSTEM_MODE_ENTER|true
11:00:20.0 (12059676)|HEAP_ALLOCATE|[EXTERNAL]|Bytes:26
11:00:20.0 (12068047)|HEAP_ALLOCATE|[EXTERNAL]|Bytes:460
11:00:20.0 (12072787)|HEAP_ALLOCATE|[EXTERNAL]|Bytes:113
11:00:20.0 (12076085)|HEAP_ALLOCATE|[EXTERNAL]|Bytes:39
11:00:20.0 (12079585)|HEAP_ALLOCATE|[EXTERNAL]|Bytes:3
11:00:20.0 (12088529)|VARIABLE_ASSIGNMENT|[EXTERNAL]|saDailyReportCtrl.SOURCE|"src"
11:00:20.0 (12093166)|HEAP_ALLOCATE|[EXTERNAL]|Bytes:2
11:00:20.0 (12100021)|VARIABLE_ASSIGNMENT|[EXTERNAL]|saDailyReportCtrl.SOURCE_ID|"id"
11:00:20.0 (12108487)|METHOD_ENTRY|[1]|01pN0000000aE0W|saDailyReportCtrl.saDailyReportCtrl()
11:00:20.0 (12114051)|STATEMENT_EXECUTE|[1]
11:00:20.0 (12117286)|STATEMENT_EXECUTE|[1]
11:00:20.0 (12125504)|SYSTEM_MODE_ENTER|false
11:00:20.0 (12133714)|HEAP_ALLOCATE|[EXTERNAL]|Bytes:5
11:00:20.0 (12138826)|STATEMENT_EXECUTE|[649]
11:00:20.0 (12140733)|STATEMENT_EXECUTE|[676]
11:00:20.0 (12145107)|SYSTEM_MODE_EXIT|false
11:00:20.0 (12152683)|METHOD_EXIT|[1]|saDailyReportCtrl
11:00:20.0 (12157505)|HEAP_ALLOCATE|[EXTERNAL]|Bytes:76
11:00:20.0 (12161992)|VARIABLE_SCOPE_BEGIN|[92]|this|saDailyReportCtrl|true|false
11:00:20.0 (12533855)|VARIABLE_ASSIGNMENT|[92]|this|{"BusinessLocationName":"","currentInquiryReply":"0x26caea52","currentInquiryReplyDetail":"0x6efea15e","dailyReportId":"a0IN0000006RUllMAG","dCurrentDay":"2018-06-30T00:00:00Z","dCurrentMonth":"2018-07-01T00:00:00Z","iCurrentDay":0,"idBusinessLocation":"","isIPhone":false,"isPreview":true,"lsBusinessLocation":"0x3d09d679","messageError":"","messageQuestion":"","mpQuestions":"0x53e711be","myUser":"0x220ee9ea","sourceOfTheCall":"preview"}|0x4185f0a6
11:00:20.0 (12554704)|SYSTEM_MODE_ENTER|false
11:00:20.0 (12562507)|HEAP_ALLOCATE|[92]|Bytes:5
11:00:20.0 (12567586)|STATEMENT_EXECUTE|[92]
11:00:20.0 (12569657)|STATEMENT_EXECUTE|[92]
11:00:20.0 (12574619)|SYSTEM_MODE_EXIT|false
11:00:20.0 (12649820)|SYSTEM_MODE_ENTER|true
11:00:20.0 (12668817)|HEAP_ALLOCATE|[EXTERNAL]|Bytes:8
11:00:20.0 (12673668)|HEAP_ALLOCATE|[EXTERNAL]|Bytes:40
11:00:20.0 (12683997)|VARIABLE_ASSIGNMENT|[EXTERNAL]|this.iTypeOfScreen|54|0x74e78366
11:00:20.0 (12833786)|SYSTEM_MODE_ENTER|true
11:00:20.0 (12925413)|SYSTEM_MODE_ENTER|true
11:00:20.0 (13008264)|SYSTEM_MODE_ENTER|true
11:00:20.0 (13202670)|SYSTEM_MODE_ENTER|true
11:00:20.0 (14445141)|SYSTEM_MODE_ENTER|true
11:00:20.0 (16386715)|SYSTEM_MODE_ENTER|true
11:00:20.0 (16469838)|SYSTEM_MODE_ENTER|true
11:00:20.0 (16540099)|SYSTEM_MODE_ENTER|true
11:00:20.0 (16606093)|SYSTEM_MODE_ENTER|true
11:00:20.0 (16674282)|SYSTEM_MODE_ENTER|true
11:00:20.0 (16742923)|SYSTEM_MODE_ENTER|true
11:00:20.0 (16781294)|HEAP_ALLOCATE|[EXTERNAL]|Bytes:40
11:00:20.0 (16788805)|VARIABLE_SCOPE_BEGIN|[80]|this|auMainTopCompCtrl|true|false
11:00:20.0 (16827129)|VARIABLE_ASSIGNMENT|[80]|this|{"currentUser":"0x5cd1feb6","iTypeOfScreen":54,"urlReportsSFA":"https://cs6.lightnin (84 more) ..."}|0x74e78366
11:00:20.0 (16837841)|STATEMENT_EXECUTE|[80]
11:00:20.0 (16840001)|STATEMENT_EXECUTE|[81]
11:00:20.0 (16869454)|VARIABLE_ASSIGNMENT|[EXTERNAL]|this|{"currentUser":"0x5cd1feb6","iTypeOfScreen":54,"urlReportsSFA":"https://cs6.lightnin (84 more) ..."}|0x74e78366
11:00:20.0 (16909872)|VARIABLE_ASSIGNMENT|[EXTERNAL]|this|{"currentUser":"0x5cd1feb6","iTypeOfScreen":54,"urlReportsSFA":"https://cs6.lightnin (84 more) ..."}|0x74e78366
11:00:20.0 (16943546)|VARIABLE_ASSIGNMENT|[EXTERNAL]|this|{"currentUser":"0x5cd1feb6","iTypeOfScreen":54,"urlReportsSFA":"https://cs6.lightnin (84 more) ..."}|0x74e78366
11:00:20.0 (16973962)|VARIABLE_ASSIGNMENT|[EXTERNAL]|this|{"currentUser":"0x5cd1feb6","iTypeOfScreen":54,"urlReportsSFA":"https://cs6.lightnin (84 more) ..."}|0x74e78366
11:00:20.0 (16988424)|HEAP_ALLOCATE|[81]|Bytes:5
11:00:20.0 (17038992)|SYSTEM_MODE_ENTER|true
11:00:20.0 (17084463)|HEAP_ALLOCATE|[EXTERNAL]|Bytes:40
11:00:20.0 (17090795)|VARIABLE_SCOPE_BEGIN|[98]|this|auMainTopCompCtrl|true|false
11:00:20.0 (17120476)|VARIABLE_ASSIGNMENT|[98]|this|{"currentUser":"0x5cd1feb6","iTypeOfScreen":54,"urlReportsSFA":"https://cs6.lightnin (84 more) ..."}|0x74e78366
11:00:20.0 (17129166)|STATEMENT_EXECUTE|[98]
11:00:20.0 (17130805)|STATEMENT_EXECUTE|[99]
11:00:20.0 (17156345)|VARIABLE_ASSIGNMENT|[EXTERNAL]|this|{"currentUser":"0x5cd1feb6","iTypeOfScreen":54,"urlReportsSFA":"https://cs6.lightnin (84 more) ..."}|0x74e78366
11:00:20.0 (17171373)|HEAP_ALLOCATE|[99]|Bytes:5
11:00:20.0 (17216986)|SYSTEM_MODE_ENTER|true
11:00:20.0 (17245610)|HEAP_ALLOCATE|[EXTERNAL]|Bytes:40
11:00:20.0 (17251438)|VARIABLE_SCOPE_BEGIN|[102]|this|auMainTopCompCtrl|true|false
11:00:20.0 (17282031)|VARIABLE_ASSIGNMENT|[102]|this|{"currentUser":"0x5cd1feb6","iTypeOfScreen":54,"urlReportsSFA":"https://cs6.lightnin (84 more) ..."}|0x74e78366
11:00:20.0 (17289736)|STATEMENT_EXECUTE|[102]
11:00:20.0 (17291460)|STATEMENT_EXECUTE|[103]
11:00:20.0 (17316016)|VARIABLE_ASSIGNMENT|[EXTERNAL]|this|{"currentUser":"0x5cd1feb6","iTypeOfScreen":54,"urlReportsSFA":"https://cs6.lightnin (84 more) ..."}|0x74e78366
11:00:20.0 (17329351)|HEAP_ALLOCATE|[103]|Bytes:5
11:00:20.0 (20105693)|SYSTEM_MODE_ENTER|true
11:00:20.0 (20129989)|HEAP_ALLOCATE|[EXTERNAL]|Bytes:16
11:00:20.0 (20136519)|HEAP_ALLOCATE|[EXTERNAL]|Bytes:76
11:00:20.0 (20150953)|VARIABLE_ASSIGNMENT|[EXTERNAL]|this.messageError|"正しいデーターを入れてください。"|0x4185f0a6
11:00:20.0 (20182567)|SYSTEM_MODE_ENTER|true
11:00:20.0 (20196986)|HEAP_ALLOCATE|[EXTERNAL]|Bytes:76
11:00:20.0 (20205830)|VARIABLE_ASSIGNMENT|[EXTERNAL]|this.messageQuestion|""|0x4185f0a6
11:00:20.0 (20230331)|SYSTEM_MODE_ENTER|true
11:00:20.0 (20244870)|HEAP_ALLOCATE|[EXTERNAL]|Bytes:5
11:00:20.0 (20249391)|HEAP_ALLOCATE|[EXTERNAL]|Bytes:76
11:00:20.0 (20256237)|VARIABLE_ASSIGNMENT|[EXTERNAL]|this.isPreview|true|0x4185f0a6
11:00:20.0 (20279284)|SYSTEM_MODE_ENTER|true
11:00:20.0 (20290869)|HEAP_ALLOCATE|[EXTERNAL]|Bytes:76
11:00:20.0 (20298509)|VARIABLE_ASSIGNMENT|[EXTERNAL]|this.idBusinessLocation|""|0x4185f0a6
11:00:20.0 (20319945)|SYSTEM_MODE_ENTER|true
11:00:20.0 (20331221)|HEAP_ALLOCATE|[EXTERNAL]|Bytes:8
11:00:20.0 (20335479)|HEAP_ALLOCATE|[EXTERNAL]|Bytes:76
11:00:20.0 (20341990)|VARIABLE_ASSIGNMENT|[EXTERNAL]|this.iCurrentDay|0|0x4185f0a6
11:00:20.0 (20433209)|SYSTEM_MODE_ENTER|true
11:00:20.0 (20447373)|HEAP_ALLOCATE|[EXTERNAL]|Bytes:40
11:00:20.0 (20456475)|VARIABLE_ASSIGNMENT|[EXTERNAL]|this.iCountComments|null|0x74e78366
11:00:20.0 (20487543)|SYSTEM_MODE_ENTER|true
11:00:20.0 (20498412)|HEAP_ALLOCATE|[EXTERNAL]|Bytes:40
11:00:20.0 (20506330)|VARIABLE_ASSIGNMENT|[EXTERNAL]|this.iCountLikes|null|0x74e78366
11:00:20.0 (20542800)|SYSTEM_MODE_ENTER|true
11:00:20.0 (20579361)|HEAP_ALLOCATE|[EXTERNAL]|Bytes:76
11:00:20.0 (20585732)|VARIABLE_SCOPE_BEGIN|[92]|this|saDailyReportCtrl|true|false
11:00:20.0 (20776614)|VARIABLE_ASSIGNMENT|[92]|this|{"BusinessLocationName":"","currentInquiryReply":"0x26caea52","currentInquiryReplyDetail":"0x6efea15e","dailyReportId":"a0IN0000006RUllMAG","dCurrentDay":"2018-06-30T00:00:00Z","dCurrentMonth":"2018-07-01T00:00:00Z","iCurrentDay":0,"idBusinessLocation":"","isIPhone":false,"isPreview":true,"lsBusinessLocation":"0x3d09d679","messageError":"正しいデーターを入れてください。","messageQuestion":"","mpQuestions":"0x53e711be","myUser":"0x220ee9ea","sourceOfTheCall":"preview"}|0x4185f0a6
11:00:20.0 (20797084)|SYSTEM_MODE_ENTER|false
11:00:20.0 (20804710)|HEAP_ALLOCATE|[92]|Bytes:5
11:00:20.0 (20810307)|STATEMENT_EXECUTE|[92]
11:00:20.0 (20812352)|STATEMENT_EXECUTE|[92]
11:00:20.0 (20816513)|SYSTEM_MODE_EXIT|false
11:00:20.0 (20859572)|SYSTEM_MODE_ENTER|true
11:00:20.0 (20875008)|HEAP_ALLOCATE|[EXTERNAL]|Bytes:8
11:00:20.0 (20880116)|HEAP_ALLOCATE|[EXTERNAL]|Bytes:40
11:00:20.0 (20889942)|VARIABLE_ASSIGNMENT|[EXTERNAL]|this.iTypeOfScreen|54|0x74e78366
11:00:20.0 (21035897)|SYSTEM_MODE_ENTER|true
11:00:20.0 (23437917)|HEAP_ALLOCATE|[EXTERNAL]|Bytes:76
11:00:20.0 (23449267)|VARIABLE_SCOPE_BEGIN|[199]|this|saDailyReportCtrl|true|false
11:00:20.0 (23628205)|VARIABLE_ASSIGNMENT|[199]|this|{"BusinessLocationName":"","currentInquiryReply":"0x26caea52","currentInquiryReplyDetail":"0x6efea15e","dailyReportId":"a0IN0000006RUllMAG","dCurrentDay":"2018-06-30T00:00:00Z","dCurrentMonth":"2018-07-01T00:00:00Z","iCurrentDay":0,"idBusinessLocation":"","isIPhone":false,"isPreview":true,"lsBusinessLocation":"0x3d09d679","messageError":"正しいデーターを入れてください。","messageQuestion":"","mpQuestions":"0x53e711be","myUser":"0x220ee9ea","sourceOfTheCall":"preview"}|0x4185f0a6
11:00:20.0 (23654678)|SYSTEM_MODE_ENTER|false
11:00:20.0 (23663196)|HEAP_ALLOCATE|[201]|Bytes:5
11:00:20.0 (23669498)|STATEMENT_EXECUTE|[199]
11:00:20.0 (23671626)|STATEMENT_EXECUTE|[201]
11:00:20.0 (23839280)|VARIABLE_ASSIGNMENT|[EXTERNAL]|this|{"BusinessLocationName":"","currentInquiryReply":"0x26caea52","currentInquiryReplyDetail":"0x6efea15e","dailyReportId":"a0IN0000006RUllMAG","dCurrentDay":"2018-06-30T00:00:00Z","dCurrentMonth":"2018-07-01T00:00:00Z","iCurrentDay":0,"idBusinessLocation":"","isIPhone":false,"isPreview":true,"lsBusinessLocation":"0x3d09d679","messageError":"正しいデーターを入れてください。","messageQuestion":"","mpQuestions":"0x53e711be","myUser":"0x220ee9ea","sourceOfTheCall":"preview"}|0x4185f0a6
11:00:20.0 (23856281)|VARIABLE_ASSIGNMENT|[EXTERNAL]|value|""
11:00:20.0 (23869303)|VARIABLE_ASSIGNMENT|[6]|this.messageError|""|0x4185f0a6
11:00:20.0 (23881375)|STATEMENT_EXECUTE|[202]
11:00:20.0 (24029223)|VARIABLE_ASSIGNMENT|[EXTERNAL]|this|{"BusinessLocationName":"","currentInquiryReply":"0x26caea52","currentInquiryReplyDetail":"0x6efea15e","dailyReportId":"a0IN0000006RUllMAG","dCurrentDay":"2018-06-30T00:00:00Z","dCurrentMonth":"2018-07-01T00:00:00Z","iCurrentDay":0,"idBusinessLocation":"","isIPhone":false,"isPreview":true,"lsBusinessLocation":"0x3d09d679","messageError":"","messageQuestion":"","mpQuestions":"0x53e711be","myUser":"0x220ee9ea","sourceOfTheCall":"preview"}|0x4185f0a6
11:00:20.0 (24044312)|VARIABLE_ASSIGNMENT|[EXTERNAL]|value|""
11:00:20.0 (24054060)|VARIABLE_ASSIGNMENT|[7]|this.messageQuestion|""|0x4185f0a6
11:00:20.0 (24064349)|STATEMENT_EXECUTE|[204]
11:00:20.0 (24066218)|STATEMENT_EXECUTE|[204]
11:00:20.0 (24067796)|STATEMENT_EXECUTE|[206]
11:00:20.0 (24265587)|VARIABLE_ASSIGNMENT|[EXTERNAL]|this|{"BusinessLocationName":"","currentInquiryReply":"0x26caea52","currentInquiryReplyDetail":"0x6efea15e","dailyReportId":"a0IN0000006RUllMAG","dCurrentDay":"2018-06-30T00:00:00Z","dCurrentMonth":"2018-07-01T00:00:00Z","iCurrentDay":0,"idBusinessLocation":"","isIPhone":false,"isPreview":true,"lsBusinessLocation":"0x3d09d679","messageError":"","messageQuestion":"","mpQuestions":"0x53e711be","myUser":"0x220ee9ea","sourceOfTheCall":"preview"}|0x4185f0a6
11:00:20.0 (24324046)|HEAP_ALLOCATE|[206]|Bytes:4
11:00:20.0 (24357532)|VARIABLE_ASSIGNMENT|[206]|this.dCurrentDay|"2018-06-30T00:00:00.000Z"|0x4185f0a6
11:00:20.0 (24364720)|STATEMENT_EXECUTE|[208]
11:00:20.0 (24381676)|HEAP_ALLOCATE|[208]|Bytes:4
11:00:20.0 (24600881)|VARIABLE_ASSIGNMENT|[EXTERNAL]|this|{"BusinessLocationName":"","currentInquiryReply":"0x26caea52","currentInquiryReplyDetail":"0x6efea15e","dailyReportId":"a0IN0000006RUllMAG","dCurrentDay":"2018-06-30T00:00:00Z","dCurrentMonth":"2018-07-01T00:00:00Z","iCurrentDay":0,"idBusinessLocation":"","isIPhone":false,"isPreview":true,"lsBusinessLocation":"0x3d09d679","messageError":"","messageQuestion":"","mpQuestions":"0x53e711be","myUser":"0x220ee9ea","sourceOfTheCall":"preview"}|0x4185f0a6
11:00:20.0 (24617837)|HEAP_ALLOCATE|[EXTERNAL]|Bytes:4
11:00:20.0 (24631412)|VARIABLE_ASSIGNMENT|[EXTERNAL]|value|[]|0x76806aed
11:00:20.0 (24648883)|VARIABLE_ASSIGNMENT|[22]|this.currentInquiryReplyDetail|[]|0x4185f0a6
11:00:20.0 (24659021)|STATEMENT_EXECUTE|[209]
11:00:20.0 (24673534)|HEAP_ALLOCATE|[209]|Bytes:4
11:00:20.0 (24849097)|VARIABLE_ASSIGNMENT|[EXTERNAL]|this|{"BusinessLocationName":"","currentInquiryReply":"0x26caea52","currentInquiryReplyDetail":"0x76806aed","dailyReportId":"a0IN0000006RUllMAG","dCurrentDay":"2018-06-30T00:00:00Z","dCurrentMonth":"2018-07-01T00:00:00Z","iCurrentDay":0,"idBusinessLocation":"","isIPhone":false,"isPreview":true,"lsBusinessLocation":"0x3d09d679","messageError":"","messageQuestion":"","mpQuestions":"0x53e711be","myUser":"0x220ee9ea","sourceOfTheCall":"preview"}|0x4185f0a6
11:00:20.0 (24870394)|VARIABLE_ASSIGNMENT|[EXTERNAL]|value|{}|0x160a2f79
11:00:20.0 (24882192)|VARIABLE_ASSIGNMENT|[24]|this.mpQuestions|{}|0x4185f0a6
11:00:20.0 (24892079)|STATEMENT_EXECUTE|[211]
11:00:20.0 (25035504)|VARIABLE_ASSIGNMENT|[EXTERNAL]|this|{"BusinessLocationName":"","currentInquiryReply":"0x26caea52","currentInquiryReplyDetail":"0x76806aed","dailyReportId":"a0IN0000006RUllMAG","dCurrentDay":"2018-06-30T00:00:00Z","dCurrentMonth":"2018-07-01T00:00:00Z","iCurrentDay":0,"idBusinessLocation":"","isIPhone":false,"isPreview":true,"lsBusinessLocation":"0x3d09d679","messageError":"","messageQuestion":"","mpQuestions":"0x160a2f79","myUser":"0x220ee9ea","sourceOfTheCall":"preview"}|0x4185f0a6
11:00:20.0 (25050512)|VARIABLE_ASSIGNMENT|[EXTERNAL]|value|""
11:00:20.0 (25060124)|VARIABLE_ASSIGNMENT|[23]|this.BusinessLocationName|""|0x4185f0a6
11:00:20.0 (25073423)|HEAP_ALLOCATE|[212]|Bytes:81
11:00:20.0 (25090121)|HEAP_ALLOCATE|[212]|Bytes:4
11:00:20.0 (25099214)|HEAP_ALLOCATE|[212]|Bytes:7
11:00:20.0 (25244976)|VARIABLE_ASSIGNMENT|[EXTERNAL]|this|{"BusinessLocationName":"","currentInquiryReply":"0x26caea52","currentInquiryReplyDetail":"0x76806aed","dailyReportId":"a0IN0000006RUllMAG","dCurrentDay":"2018-06-30T00:00:00Z","dCurrentMonth":"2018-07-01T00:00:00Z","iCurrentDay":0,"idBusinessLocation":"","isIPhone":false,"isPreview":true,"lsBusinessLocation":"0x3d09d679","messageError":"","messageQuestion":"","mpQuestions":"0x160a2f79","myUser":"0x220ee9ea","sourceOfTheCall":"preview"}|0x4185f0a6
11:00:20.0 (25568033)|SOQL_EXECUTE_BEGIN|[212]|Aggregations:0|SELECT Id, BusinessLocationName__c FROM saBusinessLocation__c 
11:00:20.0 (27112288)|SOQL_EXECUTE_END|[212]|Rows:0
11:00:20.0 (27287236)|HEAP_ALLOCATE|[212]|Bytes:54
11:00:20.0 (27297384)|HEAP_ALLOCATE|[212]|Bytes:8
11:00:20.0 (27332464)|SYSTEM_METHOD_ENTRY|[7]|QueryLocatorIterator.QueryLocatorIterator()
11:00:20.0 (27337551)|STATEMENT_EXECUTE|[7]
11:00:20.0 (27345240)|SYSTEM_METHOD_EXIT|[7]|QueryLocatorIterator
11:00:20.0 (27352612)|HEAP_ALLOCATE|[212]|Bytes:28
11:00:20.0 (27368672)|HEAP_ALLOCATE|[212]|Bytes:8
11:00:20.0 (27372596)|HEAP_ALLOCATE|[212]|Bytes:8
11:00:20.0 (27377780)|VARIABLE_SCOPE_BEGIN|[15]|this|Database.QueryLocatorIterator|true|false
11:00:20.0 (27403407)|VARIABLE_ASSIGNMENT|[15]|this|{}|0x6117e231
11:00:20.0 (27410939)|VARIABLE_SCOPE_BEGIN|[15]|values|List<SObject>|true|false
11:00:20.0 (27419860)|VARIABLE_ASSIGNMENT|[15]|values|null|
11:00:20.0 (27424666)|VARIABLE_SCOPE_BEGIN|[15]|ql|Database.QueryLocator|true|false
11:00:20.0 (27442244)|VARIABLE_ASSIGNMENT|[15]|ql|{"query":"SELECT Id, BusinessL (61 more) ..."}|0x41885edf
11:00:20.0 (27448520)|VARIABLE_SCOPE_BEGIN|[15]|totalNumRecords|Integer|false|false
11:00:20.0 (27456461)|VARIABLE_ASSIGNMENT|[15]|totalNumRecords|0
11:00:20.0 (27461473)|VARIABLE_SCOPE_BEGIN|[15]|queryMoreSize|Integer|false|false
11:00:20.0 (27468723)|VARIABLE_ASSIGNMENT|[15]|queryMoreSize|50000
11:00:20.0 (27549005)|HEAP_ALLOCATE|[212]|Bytes:28
11:00:20.0 (27570202)|METHOD_ENTRY|[212]||Database.QueryLocatorIterator.hasNext()
11:00:20.0 (27591548)|METHOD_EXIT|[212]||Database.QueryLocatorIterator.hasNext()
11:00:20.0 (27629471)|VARIABLE_ASSIGNMENT|[212]|bl|null|
11:00:20.0 (27636854)|STATEMENT_EXECUTE|[212]
11:00:20.0 (27655221)|STATEMENT_EXECUTE|[219]
11:00:20.0 (27658812)|HEAP_ALLOCATE|[219]|Bytes:195
11:00:20.0 (27671740)|HEAP_ALLOCATE|[219]|Bytes:4
11:00:20.0 (27695480)|HEAP_ALLOCATE|[219]|Bytes:7
11:00:20.0 (27728282)|HEAP_ALLOCATE|[223]|Bytes:89
11:00:20.0 (27737520)|SYSTEM_METHOD_ENTRY|[1]|UserInfo.UserInfo()
11:00:20.0 (27741916)|STATEMENT_EXECUTE|[1]
11:00:20.0 (27746938)|SYSTEM_METHOD_EXIT|[1]|UserInfo
11:00:20.0 (27756218)|METHOD_ENTRY|[223]||System.UserInfo.getUserId()
11:00:20.0 (27792716)|METHOD_EXIT|[223]||System.UserInfo.getUserId()
11:00:20.0 (28267430)|SOQL_EXECUTE_BEGIN|[219]|Aggregations:0|SELECT Id, saBusinessLocation__c, Status__c, saInquiry__c, Comment__c FROM saInquiryReply__c WHERE (saInquiry__r.Type__c = 'DAILY_REPORT' AND DailyReportDate__c = :tmpVar1 AND User__c = :tmpVar2)
11:00:20.0 (32961667)|SOQL_EXECUTE_END|[219]|Rows:0
11:00:20.0 (32986996)|HEAP_ALLOCATE|[219]|Bytes:4
11:00:20.0 (33000199)|HEAP_ALLOCATE|[219]|Bytes:0
11:00:20.0 (33072530)|HEAP_ALLOCATE|[219]|Bytes:4
11:00:20.0 (33089505)|VARIABLE_SCOPE_BEGIN|[219]|lsInqRep|List<saInquiryReply__c>|true|false
11:00:20.0 (33109586)|VARIABLE_ASSIGNMENT|[219]|lsInqRep|[]|0x3a910e6c
11:00:20.0 (33176922)|STATEMENT_EXECUTE|[225]
11:00:20.0 (33179540)|STATEMENT_EXECUTE|[227]
11:00:20.0 (33183964)|HEAP_ALLOCATE|[227]|Bytes:207
11:00:20.0 (33198553)|HEAP_ALLOCATE|[227]|Bytes:4
11:00:20.0 (33453035)|VARIABLE_ASSIGNMENT|[EXTERNAL]|this|{"BusinessLocationName":"","currentInquiryReply":"0x26caea52","currentInquiryReplyDetail":"0x76806aed","dailyReportId":"a0IN0000006RUllMAG","dCurrentDay":"2018-06-30T00:00:00Z","dCurrentMonth":"2018-07-01T00:00:00Z","iCurrentDay":0,"idBusinessLocation":"","isIPhone":false,"isPreview":true,"lsBusinessLocation":"0x3d09d679","messageError":"","messageQuestion":"","mpQuestions":"0x160a2f79","myUser":"0x220ee9ea","sourceOfTheCall":"preview"}|0x4185f0a6
11:00:20.0 (33481433)|HEAP_ALLOCATE|[227]|Bytes:7
11:00:20.0 (33492826)|METHOD_ENTRY|[232]||System.UserInfo.getUserId()
11:00:20.0 (33516728)|METHOD_EXIT|[232]||System.UserInfo.getUserId()
11:00:20.0 (33836252)|SOQL_EXECUTE_BEGIN|[227]|Aggregations:0|SELECT Id, saBusinessLocation__c, Status__c FROM saInquiryReply__c WHERE (saInquiry__r.Type__c = 'DAILY_REPORT' AND DailyReportDate__c = :tmpVar1 AND saBusinessLocation__c = :tmpVar2 AND User__c != :tmpVar3)
11:00:20.0 (36509538)|SOQL_EXECUTE_END|[227]|Rows:0
11:00:20.0 (36532155)|HEAP_ALLOCATE|[227]|Bytes:4
11:00:20.0 (36545244)|HEAP_ALLOCATE|[227]|Bytes:0
11:00:20.0 (36569607)|HEAP_ALLOCATE|[227]|Bytes:4
11:00:20.0 (36581078)|VARIABLE_SCOPE_BEGIN|[227]|lsInqOtherPeople|List<saInquiryReply__c>|true|false
11:00:20.0 (36596899)|VARIABLE_ASSIGNMENT|[227]|lsInqOtherPeople|[]|0x46638ccc
11:00:20.0 (36629200)|STATEMENT_EXECUTE|[234]
11:00:20.0 (36631758)|STATEMENT_EXECUTE|[240]
11:00:20.0 (36634841)|VARIABLE_SCOPE_BEGIN|[240]|lsTemplate|List<saInquiryReply__c>|true|false
11:00:20.0 (36645930)|VARIABLE_ASSIGNMENT|[240]|lsTemplate|null|
11:00:20.0 (36830932)|VARIABLE_ASSIGNMENT|[EXTERNAL]|this|{"BusinessLocationName":"","currentInquiryReply":"0x26caea52","currentInquiryReplyDetail":"0x76806aed","dailyReportId":"a0IN0000006RUllMAG","dCurrentDay":"2018-06-30T00:00:00Z","dCurrentMonth":"2018-07-01T00:00:00Z","iCurrentDay":0,"idBusinessLocation":"","isIPhone":false,"isPreview":true,"lsBusinessLocation":"0x3d09d679","messageError":"","messageQuestion":"","mpQuestions":"0x160a2f79","myUser":"0x220ee9ea","sourceOfTheCall":"preview"}|0x4185f0a6
11:00:20.0 (36853519)|STATEMENT_EXECUTE|[252]
11:00:20.0 (36855564)|STATEMENT_EXECUTE|[253]
11:00:20.0 (36859400)|HEAP_ALLOCATE|[253]|Bytes:393
11:00:20.0 (36872740)|HEAP_ALLOCATE|[253]|Bytes:4
11:00:20.0 (36909032)|METHOD_ENTRY|[259]||System.UserInfo.getUserId()
11:00:20.0 (36931533)|METHOD_EXIT|[259]||System.UserInfo.getUserId()
11:00:20.0 (37353943)|SOQL_EXECUTE_BEGIN|[253]|Aggregations:0|SELECT Id, saBusinessLocation__c, Status__c, saInquiry__c, Comment__c FROM saInquiryReply__c WHERE (saInquiry__r.Type__c = 'DAILY_REPORT' AND (saInquiry__r.ValidFrom__c = NULL OR saInquiry__r.ValidFrom__c <= :tmpVar1) AND (saInquiry__r.ValidTo__c = NULL OR saInquiry__r.ValidTo__c >= :tmpVar2) AND DailyReportDate__c = NULL AND User__c = :tmpVar3) ORDER BY CreatedDate DESC NULLS FIRST LIMIT 1
11:00:20.0 (41616135)|SOQL_EXECUTE_END|[253]|Rows:1
11:00:20.0 (41638143)|HEAP_ALLOCATE|[253]|Bytes:8
11:00:20.0 (41652093)|HEAP_ALLOCATE|[253]|Bytes:89
11:00:20.0 (41676856)|HEAP_ALLOCATE|[253]|Bytes:8
11:00:20.0 (41708071)|VARIABLE_ASSIGNMENT|[253]|lsTemplate|[{"Id":"a0KN0000007Kg4nMAC","Status__c":"WAITING_REPLY","saInquiry__c":"a0IN0000006RUllMAG"}]|0xfa49ec4
11:00:20.0 (41716397)|STATEMENT_EXECUTE|[264]
11:00:20.0 (41720437)|HEAP_ALLOCATE|[264]|Bytes:11
11:00:20.0 (41829743)|HEAP_ALLOCATE|[264]|Bytes:101
11:00:20.0 (41853529)|HEAP_ALLOCATE|[264]|Bytes:112
11:00:20.0 (41874883)|USER_DEBUG|[264]|DEBUG|Template : (saInquiryReply__c:{Id=a0KN0000007Kg4nMAC, Status__c=WAITING_REPLY, saInquiry__c=a0IN0000006RUllMAG})
11:00:20.0 (41909037)|STATEMENT_EXECUTE|[265]
11:00:20.0 (41911407)|STATEMENT_EXECUTE|[271]
11:00:20.0 (41928319)|HEAP_ALLOCATE|[271]|Bytes:16
11:00:20.0 (41961450)|VARIABLE_SCOPE_BEGIN|[271]|idInquiry|Id|false|false
11:00:20.0 (42041648)|VARIABLE_ASSIGNMENT|[271]|idInquiry|"a0IN0000006RUllMAG"
11:00:20.0 (42049787)|STATEMENT_EXECUTE|[272]
11:00:20.0 (42069409)|HEAP_ALLOCATE|[272]|Bytes:4
11:00:20.0 (42342005)|VARIABLE_ASSIGNMENT|[EXTERNAL]|this|{"BusinessLocationName":"","currentInquiryReply":"0x26caea52","currentInquiryReplyDetail":"0x76806aed","dailyReportId":"a0IN0000006RUllMAG","dCurrentDay":"2018-06-30T00:00:00Z","dCurrentMonth":"2018-07-01T00:00:00Z","iCurrentDay":0,"idBusinessLocation":"","isIPhone":false,"isPreview":true,"lsBusinessLocation":"0x3d09d679","messageError":"","messageQuestion":"","mpQuestions":"0x160a2f79","myUser":"0x220ee9ea","sourceOfTheCall":"preview"}|0x4185f0a6
11:00:20.0 (42362137)|VARIABLE_ASSIGNMENT|[EXTERNAL]|value|{}|0x52f00a0d
11:00:20.0 (42379236)|VARIABLE_ASSIGNMENT|[21]|this.currentInquiryReply|{}|0x4185f0a6
11:00:20.0 (42391287)|STATEMENT_EXECUTE|[273]
11:00:20.0 (42541397)|VARIABLE_ASSIGNMENT|[EXTERNAL]|this|{"BusinessLocationName":"","currentInquiryReply":"0x52f00a0d","currentInquiryReplyDetail":"0x76806aed","dailyReportId":"a0IN0000006RUllMAG","dCurrentDay":"2018-06-30T00:00:00Z","dCurrentMonth":"2018-07-01T00:00:00Z","iCurrentDay":0,"idBusinessLocation":"","isIPhone":false,"isPreview":true,"lsBusinessLocation":"0x3d09d679","messageError":"","messageQuestion":"","mpQuestions":"0x160a2f79","myUser":"0x220ee9ea","sourceOfTheCall":"preview"}|0x4185f0a6
11:00:20.0 (42631244)|VARIABLE_ASSIGNMENT|[273]|this.saInquiry__c|"a0IN0000006RUllMAG"|0x52f00a0d
11:00:20.0 (42790042)|VARIABLE_ASSIGNMENT|[EXTERNAL]|this|{"BusinessLocationName":"","currentInquiryReply":"0x52f00a0d","currentInquiryReplyDetail":"0x76806aed","dailyReportId":"a0IN0000006RUllMAG","dCurrentDay":"2018-06-30T00:00:00Z","dCurrentMonth":"2018-07-01T00:00:00Z","iCurrentDay":0,"idBusinessLocation":"","isIPhone":false,"isPreview":true,"lsBusinessLocation":"0x3d09d679","messageError":"","messageQuestion":"","mpQuestions":"0x160a2f79","myUser":"0x220ee9ea","sourceOfTheCall":"preview"}|0x4185f0a6
11:00:20.0 (42809341)|STATEMENT_EXECUTE|[277]
11:00:20.0 (42811813)|STATEMENT_EXECUTE|[280]
11:00:20.0 (42818288)|METHOD_ENTRY|[280]||System.UserInfo.getUserId()
11:00:20.0 (42841391)|METHOD_EXIT|[280]||System.UserInfo.getUserId()
11:00:20.0 (42856273)|HEAP_ALLOCATE|[280]|Bytes:4
11:00:20.0 (43009433)|VARIABLE_ASSIGNMENT|[EXTERNAL]|this|{"BusinessLocationName":"","currentInquiryReply":"0x52f00a0d","currentInquiryReplyDetail":"0x76806aed","dailyReportId":"a0IN0000006RUllMAG","dCurrentDay":"2018-06-30T00:00:00Z","dCurrentMonth":"2018-07-01T00:00:00Z","iCurrentDay":0,"idBusinessLocation":"","isIPhone":false,"isPreview":true,"lsBusinessLocation":"0x3d09d679","messageError":"","messageQuestion":"","mpQuestions":"0x160a2f79","myUser":"0x220ee9ea","sourceOfTheCall":"preview"}|0x4185f0a6
11:00:20.0 (43069450)|VARIABLE_ASSIGNMENT|[280]|this.User__c|"005N00000057PfOIAU"|0x52f00a0d
11:00:20.0 (43076867)|STATEMENT_EXECUTE|[281]
11:00:20.0 (43231707)|VARIABLE_ASSIGNMENT|[EXTERNAL]|this|{"BusinessLocationName":"","currentInquiryReply":"0x52f00a0d","currentInquiryReplyDetail":"0x76806aed","dailyReportId":"a0IN0000006RUllMAG","dCurrentDay":"2018-06-30T00:00:00Z","dCurrentMonth":"2018-07-01T00:00:00Z","iCurrentDay":0,"idBusinessLocation":"","isIPhone":false,"isPreview":true,"lsBusinessLocation":"0x3d09d679","messageError":"","messageQuestion":"","mpQuestions":"0x160a2f79","myUser":"0x220ee9ea","sourceOfTheCall":"preview"}|0x4185f0a6
11:00:20.0 (43296977)|VARIABLE_ASSIGNMENT|[281]|this.DailyReportDate__c|"2018-06-30T00:00:00.000Z"|0x52f00a0d
11:00:20.0 (43304638)|STATEMENT_EXECUTE|[282]
11:00:20.0 (43308473)|HEAP_ALLOCATE|[282]|Bytes:13
11:00:20.0 (43459918)|VARIABLE_ASSIGNMENT|[EXTERNAL]|this|{"BusinessLocationName":"","currentInquiryReply":"0x52f00a0d","currentInquiryReplyDetail":"0x76806aed","dailyReportId":"a0IN0000006RUllMAG","dCurrentDay":"2018-06-30T00:00:00Z","dCurrentMonth":"2018-07-01T00:00:00Z","iCurrentDay":0,"idBusinessLocation":"","isIPhone":false,"isPreview":true,"lsBusinessLocation":"0x3d09d679","messageError":"","messageQuestion":"","mpQuestions":"0x160a2f79","myUser":"0x220ee9ea","sourceOfTheCall":"preview"}|0x4185f0a6
11:00:20.0 (43507514)|VARIABLE_ASSIGNMENT|[282]|this.Status__c|"WAITING_REPLY"|0x52f00a0d
11:00:20.0 (43514715)|STATEMENT_EXECUTE|[283]
11:00:20.0 (43663596)|VARIABLE_ASSIGNMENT|[EXTERNAL]|this|{"BusinessLocationName":"","currentInquiryReply":"0x52f00a0d","currentInquiryReplyDetail":"0x76806aed","dailyReportId":"a0IN0000006RUllMAG","dCurrentDay":"2018-06-30T00:00:00Z","dCurrentMonth":"2018-07-01T00:00:00Z","iCurrentDay":0,"idBusinessLocation":"","isIPhone":false,"isPreview":true,"lsBusinessLocation":"0x3d09d679","messageError":"","messageQuestion":"","mpQuestions":"0x160a2f79","myUser":"0x220ee9ea","sourceOfTheCall":"preview"}|0x4185f0a6
11:00:20.0 (43707540)|VARIABLE_ASSIGNMENT|[283]|this.Comment__c|""|0x52f00a0d
11:00:20.0 (43714656)|STATEMENT_EXECUTE|[285]
11:00:20.0 (43718488)|HEAP_ALLOCATE|[285]|Bytes:625
11:00:20.0 (43734042)|HEAP_ALLOCATE|[285]|Bytes:4
11:00:20.0 (44251494)|SOQL_EXECUTE_BEGIN|[285]|Aggregations:0|SELECT Id, QuestionLabel__c, AnswerType__c, NumberPossibleReplies__c, IsShortReply__c, SortNo__c, IsRequired__c, Reply01Label__c, Reply02Label__c, Reply03Label__c, Reply04Label__c, Reply05Label__c, Reply06Label__c, Reply07Label__c, Reply08Label__c, Reply09Label__c, Reply10Label__c, Reply11Label__c, Reply12Label__c, Reply13Label__c, Reply14Label__c, Reply15Label__c, Reply16Label__c, Reply17Label__c, Reply18Label__c, Reply19Label__c, Reply20Label__c, Reply21Label__c, Reply22Label__c, Reply23Label__c, Reply24Label__c, Reply25Label__c FROM saInquiryDetail__c WHERE saInquiry__c = :tmpVar1 ORDER BY SortNo__c ASC NULLS FIRST
11:00:20.0 (54415154)|SOQL_EXECUTE_END|[285]|Rows:1
11:00:20.0 (54450231)|HEAP_ALLOCATE|[285]|Bytes:8
11:00:20.0 (54478944)|HEAP_ALLOCATE|[285]|Bytes:282
11:00:20.0 (54564373)|HEAP_ALLOCATE|[285]|Bytes:8
11:00:20.0 (54590758)|VARIABLE_SCOPE_BEGIN|[285]|lsTmpQuest|List<saInquiryDetail__c>|true|false
11:00:20.0 (54644005)|VARIABLE_ASSIGNMENT|[285]|lsTmpQuest|[{"Id":"a0JN0000008h2r2MAA","QuestionLabel__c":"Works?","AnswerType__c":"CHECKBOX","NumberPossibleReplies__c":2,"IsShortReply__c":true,"SortNo__c":0,"IsRequired__c":false,"Reply01Label__c":"Yes!","Reply02Label__c":"No!"}]|0x6f2785e2
11:00:20.0 (54852062)|HEAP_ALLOCATE|[295]|Bytes:5
11:00:20.0 (54881494)|HEAP_ALLOCATE|[295]|Bytes:40
11:00:20.0 (54898057)|VARIABLE_SCOPE_BEGIN|[295]|quest|saInquiryDetail__c|true|false
11:00:20.0 (54925399)|VARIABLE_ASSIGNMENT|[295]|quest|{"Id":"a0JN0000008h2r2MAA","QuestionLabel__c":"Works?","AnswerType__c":"CHECKBOX","NumberPossibleReplies__c":2,"IsShortReply__c":true,"SortNo__c":0,"IsRequired__c":false,"Reply01Label__c":"Yes!","Reply02Label__c":"No!"}|0x745427f9
11:00:20.0 (54936321)|STATEMENT_EXECUTE|[295]
11:00:20.0 (54938781)|STATEMENT_EXECUTE|[296]
11:00:20.0 (54968776)|HEAP_ALLOCATE|[296]|Bytes:4
11:00:20.0 (55071101)|VARIABLE_SCOPE_BEGIN|[296]|questReply|saInquiryReplyDetail__c|true|false
11:00:20.0 (55088281)|VARIABLE_ASSIGNMENT|[296]|questReply|{}|0x278fb404
11:00:20.0 (55094849)|STATEMENT_EXECUTE|[297]
11:00:20.0 (55210069)|VARIABLE_ASSIGNMENT|[297]|this.saInquiryDetail__c|"a0JN0000008h2r2MAA"|0x278fb404
11:00:20.0 (55218362)|STATEMENT_EXECUTE|[298]
11:00:20.0 (55488643)|VARIABLE_ASSIGNMENT|[EXTERNAL]|this|{"BusinessLocationName":"","currentInquiryReply":"0x52f00a0d","currentInquiryReplyDetail":"0x76806aed","dailyReportId":"a0IN0000006RUllMAG","dCurrentDay":"2018-06-30T00:00:00Z","dCurrentMonth":"2018-07-01T00:00:00Z","iCurrentDay":0,"idBusinessLocation":"","isIPhone":false,"isPreview":true,"lsBusinessLocation":"0x3d09d679","messageError":"","messageQuestion":"","mpQuestions":"0x160a2f79","myUser":"0x220ee9ea","sourceOfTheCall":"preview"}|0x4185f0a6
11:00:20.0 (55524748)|HEAP_ALLOCATE|[EXTERNAL]|Bytes:4
11:00:20.0 (55533318)|STATEMENT_EXECUTE|[299]
11:00:20.0 (55687667)|VARIABLE_ASSIGNMENT|[EXTERNAL]|this|{"BusinessLocationName":"","currentInquiryReply":"0x52f00a0d","currentInquiryReplyDetail":"0x76806aed","dailyReportId":"a0IN0000006RUllMAG","dCurrentDay":"2018-06-30T00:00:00Z","dCurrentMonth":"2018-07-01T00:00:00Z","iCurrentDay":0,"idBusinessLocation":"","isIPhone":false,"isPreview":true,"lsBusinessLocation":"0x3d09d679","messageError":"","messageQuestion":"","mpQuestions":"0x160a2f79","myUser":"0x220ee9ea","sourceOfTheCall":"preview"}|0x4185f0a6
11:00:20.0 (55726050)|HEAP_ALLOCATE|[EXTERNAL]|Bytes:-4
11:00:20.0 (55743018)|HEAP_ALLOCATE|[295]|Bytes:5
11:00:20.0 (55757428)|VARIABLE_ASSIGNMENT|[295]|quest|null|
11:00:20.0 (55769973)|SYSTEM_MODE_EXIT|false
11:00:20.0 (72436779)|SYSTEM_MODE_ENTER|true
11:00:20.0 (72480867)|HEAP_ALLOCATE|[EXTERNAL]|Bytes:40
11:00:20.0 (72507476)|VARIABLE_ASSIGNMENT|[EXTERNAL]|this.iCountComments|null|0x74e78366
11:00:20.0 (72569137)|SYSTEM_MODE_ENTER|true
11:00:20.0 (72584116)|HEAP_ALLOCATE|[EXTERNAL]|Bytes:40
11:00:20.0 (72593810)|VARIABLE_ASSIGNMENT|[EXTERNAL]|this.iCountLikes|null|0x74e78366
11:00:20.0 (72666944)|SYSTEM_MODE_ENTER|true
11:00:20.0 (72749089)|HEAP_ALLOCATE|[EXTERNAL]|Bytes:76
11:00:20.0 (72759885)|VARIABLE_SCOPE_BEGIN|[92]|this|saDailyReportCtrl|true|false
11:00:20.0 (73032784)|VARIABLE_ASSIGNMENT|[92]|this|{"BusinessLocationName":"","currentInquiryReply":"0x52f00a0d","currentInquiryReplyDetail":"0x76806aed","dailyReportId":"a0IN0000006RUllMAG","dCurrentDay":"2018-06-30T00:00:00Z","dCurrentMonth":"2018-07-01T00:00:00Z","iCurrentDay":0,"idBusinessLocation":"","isIPhone":false,"isPreview":true,"lsBusinessLocation":"0x3d09d679","messageError":"","messageQuestion":"","mpQuestions":"0x160a2f79","myUser":"0x220ee9ea","sourceOfTheCall":"preview"}|0x4185f0a6
11:00:20.0 (73059119)|SYSTEM_MODE_ENTER|false
11:00:20.0 (73071912)|HEAP_ALLOCATE|[92]|Bytes:5
11:00:20.0 (73079171)|STATEMENT_EXECUTE|[92]
11:00:20.0 (73081528)|STATEMENT_EXECUTE|[92]
11:00:20.0 (73090105)|SYSTEM_MODE_EXIT|false
11:00:20.0 (73143934)|SYSTEM_MODE_ENTER|true
11:00:20.0 (73162173)|HEAP_ALLOCATE|[EXTERNAL]|Bytes:8
11:00:20.0 (73167572)|HEAP_ALLOCATE|[EXTERNAL]|Bytes:40
11:00:20.0 (73177775)|VARIABLE_ASSIGNMENT|[EXTERNAL]|this.iTypeOfScreen|54|0x74e78366
11:00:20.0 (73247357)|SYSTEM_MODE_ENTER|true
11:00:20.0 (73283854)|HEAP_ALLOCATE|[EXTERNAL]|Bytes:40
11:00:20.0 (73290651)|VARIABLE_SCOPE_BEGIN|[80]|this|auMainTopCompCtrl|true|false
11:00:20.0 (73328411)|VARIABLE_ASSIGNMENT|[80]|this|{"currentUser":"0x5cd1feb6","iTypeOfScreen":54,"urlReportsSFA":"https://cs6.lightnin (84 more) ..."}|0x74e78366
11:00:20.0 (73338462)|STATEMENT_EXECUTE|[80]
11:00:20.0 (73340527)|STATEMENT_EXECUTE|[81]
11:00:20.0 (73375282)|VARIABLE_ASSIGNMENT|[EXTERNAL]|this|{"currentUser":"0x5cd1feb6","iTypeOfScreen":54,"urlReportsSFA":"https://cs6.lightnin (84 more) ..."}|0x74e78366
11:00:20.0 (73415316)|VARIABLE_ASSIGNMENT|[EXTERNAL]|this|{"currentUser":"0x5cd1feb6","iTypeOfScreen":54,"urlReportsSFA":"https://cs6.lightnin (84 more) ..."}|0x74e78366
11:00:20.0 (73447466)|VARIABLE_ASSIGNMENT|[EXTERNAL]|this|{"currentUser":"0x5cd1feb6","iTypeOfScreen":54,"urlReportsSFA":"https://cs6.lightnin (84 more) ..."}|0x74e78366
11:00:20.0 (73478122)|VARIABLE_ASSIGNMENT|[EXTERNAL]|this|{"currentUser":"0x5cd1feb6","iTypeOfScreen":54,"urlReportsSFA":"https://cs6.lightnin (84 more) ..."}|0x74e78366
11:00:20.0 (73492966)|HEAP_ALLOCATE|[81]|Bytes:5
11:00:20.0 (73566272)|SYSTEM_MODE_ENTER|true
11:00:20.0 (73598693)|HEAP_ALLOCATE|[EXTERNAL]|Bytes:40
11:00:20.0 (73605069)|VARIABLE_SCOPE_BEGIN|[98]|this|auMainTopCompCtrl|true|false
11:00:20.0 (73635767)|VARIABLE_ASSIGNMENT|[98]|this|{"currentUser":"0x5cd1feb6","iTypeOfScreen":54,"urlReportsSFA":"https://cs6.lightnin (84 more) ..."}|0x74e78366
11:00:20.0 (73645571)|STATEMENT_EXECUTE|[98]
11:00:20.0 (73647404)|STATEMENT_EXECUTE|[99]
11:00:20.0 (73673572)|VARIABLE_ASSIGNMENT|[EXTERNAL]|this|{"currentUser":"0x5cd1feb6","iTypeOfScreen":54,"urlReportsSFA":"https://cs6.lightnin (84 more) ..."}|0x74e78366
11:00:20.0 (73687902)|HEAP_ALLOCATE|[99]|Bytes:5
11:00:20.0 (73740786)|SYSTEM_MODE_ENTER|true
11:00:20.0 (73770055)|HEAP_ALLOCATE|[EXTERNAL]|Bytes:40
11:00:20.0 (73776507)|VARIABLE_SCOPE_BEGIN|[102]|this|auMainTopCompCtrl|true|false
11:00:20.0 (73806176)|VARIABLE_ASSIGNMENT|[102]|this|{"currentUser":"0x5cd1feb6","iTypeOfScreen":54,"urlReportsSFA":"https://cs6.lightnin (84 more) ..."}|0x74e78366
11:00:20.0 (73815746)|STATEMENT_EXECUTE|[102]
11:00:20.0 (73817667)|STATEMENT_EXECUTE|[103]
11:00:20.0 (73842516)|VARIABLE_ASSIGNMENT|[EXTERNAL]|this|{"currentUser":"0x5cd1feb6","iTypeOfScreen":54,"urlReportsSFA":"https://cs6.lightnin (84 more) ..."}|0x74e78366
11:00:20.0 (73855627)|HEAP_ALLOCATE|[103]|Bytes:5
11:00:20.0 (73937327)|SYSTEM_MODE_ENTER|true
11:00:20.0 (74033175)|SYSTEM_MODE_ENTER|true
11:00:20.0 (74144629)|SYSTEM_MODE_ENTER|true
11:00:20.0 (74329860)|SYSTEM_MODE_ENTER|true
11:00:20.0 (76768455)|SYSTEM_MODE_ENTER|true
11:00:20.0 (76848550)|SYSTEM_MODE_ENTER|true
11:00:20.0 (77515639)|SYSTEM_MODE_ENTER|true
11:00:20.0 (77562053)|HEAP_ALLOCATE|[EXTERNAL]|Bytes:76
11:00:20.0 (77570347)|VARIABLE_SCOPE_BEGIN|[141]|this|saDailyReportCtrl|true|false
11:00:20.0 (77765344)|VARIABLE_ASSIGNMENT|[141]|this|{"BusinessLocationName":"","currentInquiryReply":"0x52f00a0d","currentInquiryReplyDetail":"0x76806aed","dailyReportId":"a0IN0000006RUllMAG","dCurrentDay":"2018-06-30T00:00:00Z","dCurrentMonth":"2018-07-01T00:00:00Z","iCurrentDay":0,"idBusinessLocation":"","isIPhone":false,"isPreview":true,"lsBusinessLocation":"0x3d09d679","messageError":"","messageQuestion":"","mpQuestions":"0x160a2f79","myUser":"0x220ee9ea","sourceOfTheCall":"preview"}|0x4185f0a6
11:00:20.0 (77787211)|SYSTEM_MODE_ENTER|false
11:00:20.0 (77795690)|HEAP_ALLOCATE|[142]|Bytes:5
11:00:20.0 (77801271)|STATEMENT_EXECUTE|[141]
11:00:20.0 (77803414)|STATEMENT_EXECUTE|[142]
11:00:20.0 (77879014)|HEAP_ALLOCATE|[142]|Bytes:4
11:00:20.0 (77891190)|HEAP_ALLOCATE|[142]|Bytes:1
11:00:20.0 (77912379)|HEAP_ALLOCATE|[142]|Bytes:1
11:00:20.0 (77920939)|HEAP_ALLOCATE|[142]|Bytes:1
11:00:20.0 (77947751)|HEAP_ALLOCATE|[142]|Bytes:2
11:00:20.0 (77965838)|HEAP_ALLOCATE|[142]|Bytes:9
11:00:20.0 (77973650)|HEAP_ALLOCATE|[142]|Bytes:10
11:00:20.0 (77981051)|SYSTEM_MODE_EXIT|false
11:00:20.0 (78164123)|SYSTEM_MODE_ENTER|true
11:00:20.0 (78616280)|SYSTEM_MODE_ENTER|true
11:00:20.0 (92686205)|VF_SERIALIZE_VIEWSTATE_BEGIN|066N0000000M4pW
11:00:20.0 (96381056)|VF_SERIALIZE_VIEWSTATE_END
11:00:20.99 (99802823)|CUMULATIVE_LIMIT_USAGE
11:00:20.99 (99802823)|LIMIT_USAGE_FOR_NS|(default)|
  Number of SOQL queries: 5 out of 100
  Number of query rows: 2 out of 50000
  Number of SOSL queries: 0 out of 20
  Number of DML statements: 0 out of 150
  Number of DML rows: 0 out of 10000
  Maximum CPU time: 0 out of 10000
  Maximum heap size: 0 out of 6000000
  Number of callouts: 0 out of 100
  Number of Email Invocations: 0 out of 10
  Number of future calls: 0 out of 50
  Number of queueable jobs added to the queue: 0 out of 50
  Number of Mobile Apex push calls: 0 out of 10

11:00:20.99 (99802823)|CUMULATIVE_LIMIT_USAGE_END

11:00:20.0 (99844533)|CODE_UNIT_FINISHED|VF: /apex/sadailyreport
11:00:20.0 (100567243)|EXECUTION_FINISHED
