42.0 APEX_CODE,FINEST;APEX_PROFILING,INFO;CALLOUT,INFO;DB,INFO;NBA,INFO;SYSTEM,DEBUG;VALIDATION,INFO;VISUALFORCE,INFO;WAVE,INFO;WORKFLOW,INFO
11:55:04.0 (81810)|USER_INFO|[EXTERNAL]|005N00000057PfO|thomas.remy+kddi_gwdev01@globalway.co.jp|Japan Standard Time|GMT+09:00
11:55:04.0 (119907)|EXECUTION_STARTED
11:55:04.0 (125073)|CODE_UNIT_STARTED|[EXTERNAL]|066N0000000M4pW|VF: /apex/sadailyreport
11:55:04.0 (282635)|VF_DESERIALIZE_VIEWSTATE_BEGIN|066N0000000M4pW
11:55:04.0 (3580476)|HEAP_ALLOCATE|[72]|Bytes:3
11:55:04.0 (3629685)|HEAP_ALLOCATE|[77]|Bytes:152
11:55:04.0 (3647581)|HEAP_ALLOCATE|[342]|Bytes:408
11:55:04.0 (3663104)|HEAP_ALLOCATE|[355]|Bytes:408
11:55:04.0 (3677582)|HEAP_ALLOCATE|[467]|Bytes:48
11:55:04.0 (3702742)|HEAP_ALLOCATE|[139]|Bytes:6
11:55:04.0 (4587249)|HEAP_ALLOCATE|[50]|Bytes:5
11:55:04.0 (4618505)|HEAP_ALLOCATE|[56]|Bytes:5
11:55:04.0 (4628180)|HEAP_ALLOCATE|[64]|Bytes:7
11:55:04.0 (5361836)|VARIABLE_SCOPE_BEGIN|[3]|saDailyReportCtrl.SOURCE|String|false|true
11:55:04.0 (5374791)|VARIABLE_SCOPE_BEGIN|[4]|saDailyReportCtrl.SOURCE_ID|String|false|true
11:55:04.0 (6433407)|VARIABLE_SCOPE_BEGIN|[25]|auMainTopCompCtrl.TYPE_SCREEN_ACCOUNT_LIST|Integer|false|true
11:55:04.0 (6445189)|VARIABLE_SCOPE_BEGIN|[26]|auMainTopCompCtrl.TYPE_SCREEN_ACTIVITY_LIST|Integer|false|true
11:55:04.0 (6451947)|VARIABLE_SCOPE_BEGIN|[7]|auMainTopCompCtrl.TYPE_SCREEN_CX_SCREEN|Integer|false|true
11:55:04.0 (6458493)|VARIABLE_SCOPE_BEGIN|[8]|auMainTopCompCtrl.TYPE_SCREEN_CX_TIMELINE|Integer|false|true
11:55:04.0 (6465491)|VARIABLE_SCOPE_BEGIN|[9]|auMainTopCompCtrl.TYPE_SCREEN_EVENT_SCHEDULE|Integer|false|true
11:55:04.0 (6472425)|VARIABLE_SCOPE_BEGIN|[10]|auMainTopCompCtrl.TYPE_SCREEN_EVENT_SCHEDULE_LIST|Integer|false|true
11:55:04.0 (6479547)|VARIABLE_SCOPE_BEGIN|[27]|auMainTopCompCtrl.TYPE_SCREEN_FILE_LIST|Integer|false|true
11:55:04.0 (6486068)|VARIABLE_SCOPE_BEGIN|[24]|auMainTopCompCtrl.TYPE_SCREEN_HONBU_DIRECT|Integer|false|true
11:55:04.0 (6493117)|VARIABLE_SCOPE_BEGIN|[11]|auMainTopCompCtrl.TYPE_SCREEN_KNOWLEDGE_DASHBOARD|Integer|false|true
11:55:04.0 (6499212)|VARIABLE_SCOPE_BEGIN|[12]|auMainTopCompCtrl.TYPE_SCREEN_KNOWLEDGE_LIST|Integer|false|true
11:55:04.0 (6505407)|VARIABLE_SCOPE_BEGIN|[15]|auMainTopCompCtrl.TYPE_SCREEN_SA_CHATTER|Integer|false|true
11:55:04.0 (6511673)|VARIABLE_SCOPE_BEGIN|[16]|auMainTopCompCtrl.TYPE_SCREEN_SA_DAILYREPORT|Integer|false|true
11:55:04.0 (6517818)|VARIABLE_SCOPE_BEGIN|[22]|auMainTopCompCtrl.TYPE_SCREEN_SA_DAILYREPORTLIST|Integer|false|true
11:55:04.0 (6524285)|VARIABLE_SCOPE_BEGIN|[18]|auMainTopCompCtrl.TYPE_SCREEN_SA_DOCUMENTS|Integer|false|true
11:55:04.0 (6530819)|VARIABLE_SCOPE_BEGIN|[17]|auMainTopCompCtrl.TYPE_SCREEN_SA_ENQUETE|Integer|false|true
11:55:04.0 (6537098)|VARIABLE_SCOPE_BEGIN|[20]|auMainTopCompCtrl.TYPE_SCREEN_SA_LINKS|Integer|false|true
11:55:04.0 (6543416)|VARIABLE_SCOPE_BEGIN|[13]|auMainTopCompCtrl.TYPE_SCREEN_SA_MESSAGES|Integer|false|true
11:55:04.0 (6549814)|VARIABLE_SCOPE_BEGIN|[19]|auMainTopCompCtrl.TYPE_SCREEN_SA_RANKING|Integer|false|true
11:55:04.0 (6556038)|VARIABLE_SCOPE_BEGIN|[14]|auMainTopCompCtrl.TYPE_SCREEN_SA_REPORTS|Integer|false|true
11:55:04.0 (6562544)|VARIABLE_SCOPE_BEGIN|[23]|auMainTopCompCtrl.TYPE_SCREEN_SA_TODO|Integer|false|true
11:55:04.0 (6569138)|VARIABLE_SCOPE_BEGIN|[21]|auMainTopCompCtrl.TYPE_SCREEN_SA_USRSETTINGS|Integer|false|true
11:55:04.0 (6575959)|VARIABLE_SCOPE_BEGIN|[4]|auMainTopCompCtrl.TYPE_SCREEN_STPD_EVENT|Integer|false|true
11:55:04.0 (6582824)|VARIABLE_SCOPE_BEGIN|[6]|auMainTopCompCtrl.TYPE_SCREEN_STPD_SCREEN|Integer|false|true
11:55:04.0 (6589618)|VARIABLE_SCOPE_BEGIN|[5]|auMainTopCompCtrl.TYPE_SCREEN_STPD_TIMELINE|Integer|false|true
11:55:04.0 (6596270)|VARIABLE_SCOPE_BEGIN|[3]|auMainTopCompCtrl.TYPE_SCREEN_SWITCH|Integer|false|true
11:55:04.0 (7767636)|VF_DESERIALIZE_VIEWSTATE_END
11:55:04.0 (10011137)|SYSTEM_MODE_ENTER|true
11:55:04.0 (10272169)|HEAP_ALLOCATE|[EXTERNAL]|Bytes:284
11:55:04.0 (10285221)|HEAP_ALLOCATE|[EXTERNAL]|Bytes:156
11:55:04.0 (10299543)|METHOD_ENTRY|[1]|01pN0000000Mill|auMainTopCompCtrl.auMainTopCompCtrl()
11:55:04.0 (10306958)|STATEMENT_EXECUTE|[1]
11:55:04.0 (10312665)|STATEMENT_EXECUTE|[1]
11:55:04.0 (10314312)|STATEMENT_EXECUTE|[3]
11:55:04.0 (10320765)|HEAP_ALLOCATE|[3]|Bytes:4
11:55:04.0 (10346556)|VARIABLE_ASSIGNMENT|[3]|auMainTopCompCtrl.TYPE_SCREEN_SWITCH|0
11:55:04.0 (10353241)|STATEMENT_EXECUTE|[4]
11:55:04.0 (10356002)|HEAP_ALLOCATE|[4]|Bytes:4
11:55:04.0 (10364377)|VARIABLE_ASSIGNMENT|[4]|auMainTopCompCtrl.TYPE_SCREEN_STPD_EVENT|11
11:55:04.0 (10368391)|STATEMENT_EXECUTE|[5]
11:55:04.0 (10370813)|HEAP_ALLOCATE|[5]|Bytes:4
11:55:04.0 (10377964)|VARIABLE_ASSIGNMENT|[5]|auMainTopCompCtrl.TYPE_SCREEN_STPD_TIMELINE|12
11:55:04.0 (10382433)|STATEMENT_EXECUTE|[6]
11:55:04.0 (10384337)|HEAP_ALLOCATE|[6]|Bytes:4
11:55:04.0 (10390828)|VARIABLE_ASSIGNMENT|[6]|auMainTopCompCtrl.TYPE_SCREEN_STPD_SCREEN|13
11:55:04.0 (10395015)|STATEMENT_EXECUTE|[7]
11:55:04.0 (10397029)|HEAP_ALLOCATE|[7]|Bytes:4
11:55:04.0 (10403073)|VARIABLE_ASSIGNMENT|[7]|auMainTopCompCtrl.TYPE_SCREEN_CX_SCREEN|21
11:55:04.0 (10407207)|STATEMENT_EXECUTE|[8]
11:55:04.0 (10409250)|HEAP_ALLOCATE|[8]|Bytes:4
11:55:04.0 (10414676)|VARIABLE_ASSIGNMENT|[8]|auMainTopCompCtrl.TYPE_SCREEN_CX_TIMELINE|22
11:55:04.0 (10420175)|STATEMENT_EXECUTE|[9]
11:55:04.0 (10422912)|HEAP_ALLOCATE|[9]|Bytes:4
11:55:04.0 (10431107)|VARIABLE_ASSIGNMENT|[9]|auMainTopCompCtrl.TYPE_SCREEN_EVENT_SCHEDULE|31
11:55:04.0 (10435782)|STATEMENT_EXECUTE|[10]
11:55:04.0 (10437895)|HEAP_ALLOCATE|[10]|Bytes:4
11:55:04.0 (10443545)|VARIABLE_ASSIGNMENT|[10]|auMainTopCompCtrl.TYPE_SCREEN_EVENT_SCHEDULE_LIST|32
11:55:04.0 (10447889)|STATEMENT_EXECUTE|[11]
11:55:04.0 (10450083)|HEAP_ALLOCATE|[11]|Bytes:4
11:55:04.0 (10456122)|VARIABLE_ASSIGNMENT|[11]|auMainTopCompCtrl.TYPE_SCREEN_KNOWLEDGE_DASHBOARD|41
11:55:04.0 (10460004)|STATEMENT_EXECUTE|[12]
11:55:04.0 (10462052)|HEAP_ALLOCATE|[12]|Bytes:4
11:55:04.0 (10467926)|VARIABLE_ASSIGNMENT|[12]|auMainTopCompCtrl.TYPE_SCREEN_KNOWLEDGE_LIST|42
11:55:04.0 (10471979)|STATEMENT_EXECUTE|[13]
11:55:04.0 (10473900)|HEAP_ALLOCATE|[13]|Bytes:4
11:55:04.0 (10480408)|VARIABLE_ASSIGNMENT|[13]|auMainTopCompCtrl.TYPE_SCREEN_SA_MESSAGES|51
11:55:04.0 (10484425)|STATEMENT_EXECUTE|[14]
11:55:04.0 (10486486)|HEAP_ALLOCATE|[14]|Bytes:4
11:55:04.0 (10492567)|VARIABLE_ASSIGNMENT|[14]|auMainTopCompCtrl.TYPE_SCREEN_SA_REPORTS|52
11:55:04.0 (10496563)|STATEMENT_EXECUTE|[15]
11:55:04.0 (10498531)|HEAP_ALLOCATE|[15]|Bytes:4
11:55:04.0 (10504740)|VARIABLE_ASSIGNMENT|[15]|auMainTopCompCtrl.TYPE_SCREEN_SA_CHATTER|53
11:55:04.0 (10508583)|STATEMENT_EXECUTE|[16]
11:55:04.0 (10510939)|HEAP_ALLOCATE|[16]|Bytes:4
11:55:04.0 (10516925)|VARIABLE_ASSIGNMENT|[16]|auMainTopCompCtrl.TYPE_SCREEN_SA_DAILYREPORT|54
11:55:04.0 (10520375)|STATEMENT_EXECUTE|[17]
11:55:04.0 (10522369)|HEAP_ALLOCATE|[17]|Bytes:4
11:55:04.0 (10528346)|VARIABLE_ASSIGNMENT|[17]|auMainTopCompCtrl.TYPE_SCREEN_SA_ENQUETE|55
11:55:04.0 (10532051)|STATEMENT_EXECUTE|[18]
11:55:04.0 (10533953)|HEAP_ALLOCATE|[18]|Bytes:4
11:55:04.0 (10539861)|VARIABLE_ASSIGNMENT|[18]|auMainTopCompCtrl.TYPE_SCREEN_SA_DOCUMENTS|56
11:55:04.0 (10543692)|STATEMENT_EXECUTE|[19]
11:55:04.0 (10545525)|HEAP_ALLOCATE|[19]|Bytes:4
11:55:04.0 (10552005)|VARIABLE_ASSIGNMENT|[19]|auMainTopCompCtrl.TYPE_SCREEN_SA_RANKING|57
11:55:04.0 (10556139)|STATEMENT_EXECUTE|[20]
11:55:04.0 (10558286)|HEAP_ALLOCATE|[20]|Bytes:4
11:55:04.0 (10564542)|VARIABLE_ASSIGNMENT|[20]|auMainTopCompCtrl.TYPE_SCREEN_SA_LINKS|58
11:55:04.0 (10568755)|STATEMENT_EXECUTE|[21]
11:55:04.0 (10570673)|HEAP_ALLOCATE|[21]|Bytes:4
11:55:04.0 (10577475)|VARIABLE_ASSIGNMENT|[21]|auMainTopCompCtrl.TYPE_SCREEN_SA_USRSETTINGS|59
11:55:04.0 (10581255)|STATEMENT_EXECUTE|[22]
11:55:04.0 (10583127)|HEAP_ALLOCATE|[22]|Bytes:4
11:55:04.0 (10589316)|VARIABLE_ASSIGNMENT|[22]|auMainTopCompCtrl.TYPE_SCREEN_SA_DAILYREPORTLIST|60
11:55:04.0 (10593039)|STATEMENT_EXECUTE|[23]
11:55:04.0 (10594990)|HEAP_ALLOCATE|[23]|Bytes:4
11:55:04.0 (10602694)|VARIABLE_ASSIGNMENT|[23]|auMainTopCompCtrl.TYPE_SCREEN_SA_TODO|61
11:55:04.0 (10607046)|STATEMENT_EXECUTE|[24]
11:55:04.0 (10609253)|HEAP_ALLOCATE|[24]|Bytes:4
11:55:04.0 (10615346)|VARIABLE_ASSIGNMENT|[24]|auMainTopCompCtrl.TYPE_SCREEN_HONBU_DIRECT|71
11:55:04.0 (10619482)|STATEMENT_EXECUTE|[25]
11:55:04.0 (10621450)|HEAP_ALLOCATE|[25]|Bytes:4
11:55:04.0 (10626748)|VARIABLE_ASSIGNMENT|[25]|auMainTopCompCtrl.TYPE_SCREEN_ACCOUNT_LIST|81
11:55:04.0 (10630765)|STATEMENT_EXECUTE|[26]
11:55:04.0 (10632597)|HEAP_ALLOCATE|[26]|Bytes:4
11:55:04.0 (10637817)|VARIABLE_ASSIGNMENT|[26]|auMainTopCompCtrl.TYPE_SCREEN_ACTIVITY_LIST|82
11:55:04.0 (10641490)|STATEMENT_EXECUTE|[27]
11:55:04.0 (10643468)|HEAP_ALLOCATE|[27]|Bytes:4
11:55:04.0 (10649874)|VARIABLE_ASSIGNMENT|[27]|auMainTopCompCtrl.TYPE_SCREEN_FILE_LIST|83
11:55:04.0 (10659175)|METHOD_EXIT|[1]|auMainTopCompCtrl
11:55:04.0 (10666213)|HEAP_ALLOCATE|[EXTERNAL]|Bytes:44
11:55:04.0 (10674018)|VARIABLE_SCOPE_BEGIN|[88]|this|auMainTopCompCtrl|true|false
11:55:04.0 (10736116)|VARIABLE_ASSIGNMENT|[88]|this|{"currentUser":"0x38eae428","isSAUser":false,"iTypeOfScreen":54,"urlReportsSFA":"https://cs6.lightnin (84 more) ..."}|0x1b09c489
11:55:04.0 (10749921)|STATEMENT_EXECUTE|[88]
11:55:04.0 (10751664)|STATEMENT_EXECUTE|[89]
11:55:04.0 (10804315)|VARIABLE_ASSIGNMENT|[EXTERNAL]|this|{"currentUser":"0x38eae428","isSAUser":false,"iTypeOfScreen":54,"urlReportsSFA":"https://cs6.lightnin (84 more) ..."}|0x1b09c489
11:55:04.0 (10859764)|VARIABLE_ASSIGNMENT|[EXTERNAL]|this|{"currentUser":"0x38eae428","isSAUser":false,"iTypeOfScreen":54,"urlReportsSFA":"https://cs6.lightnin (84 more) ..."}|0x1b09c489
11:55:04.0 (10901093)|VARIABLE_ASSIGNMENT|[EXTERNAL]|this|{"currentUser":"0x38eae428","isSAUser":false,"iTypeOfScreen":54,"urlReportsSFA":"https://cs6.lightnin (84 more) ..."}|0x1b09c489
11:55:04.0 (10940241)|VARIABLE_ASSIGNMENT|[EXTERNAL]|this|{"currentUser":"0x38eae428","isSAUser":false,"iTypeOfScreen":54,"urlReportsSFA":"https://cs6.lightnin (84 more) ..."}|0x1b09c489
11:55:04.0 (10964095)|HEAP_ALLOCATE|[89]|Bytes:5
11:55:04.0 (11076348)|SYSTEM_MODE_ENTER|true
11:55:04.0 (11113604)|HEAP_ALLOCATE|[EXTERNAL]|Bytes:44
11:55:04.0 (11120666)|VARIABLE_SCOPE_BEGIN|[106]|this|auMainTopCompCtrl|true|false
11:55:04.0 (11155805)|VARIABLE_ASSIGNMENT|[106]|this|{"currentUser":"0x38eae428","isSAUser":false,"iTypeOfScreen":54,"urlReportsSFA":"https://cs6.lightnin (84 more) ..."}|0x1b09c489
11:55:04.0 (11172004)|STATEMENT_EXECUTE|[106]
11:55:04.0 (11173971)|STATEMENT_EXECUTE|[107]
11:55:04.0 (11210982)|VARIABLE_ASSIGNMENT|[EXTERNAL]|this|{"currentUser":"0x38eae428","isSAUser":false,"iTypeOfScreen":54,"urlReportsSFA":"https://cs6.lightnin (84 more) ..."}|0x1b09c489
11:55:04.0 (11226885)|HEAP_ALLOCATE|[107]|Bytes:5
11:55:04.0 (11292879)|SYSTEM_MODE_ENTER|true
11:55:04.0 (11324956)|HEAP_ALLOCATE|[EXTERNAL]|Bytes:44
11:55:04.0 (11331766)|VARIABLE_SCOPE_BEGIN|[110]|this|auMainTopCompCtrl|true|false
11:55:04.0 (11363732)|VARIABLE_ASSIGNMENT|[110]|this|{"currentUser":"0x38eae428","isSAUser":false,"iTypeOfScreen":54,"urlReportsSFA":"https://cs6.lightnin (84 more) ..."}|0x1b09c489
11:55:04.0 (11373630)|STATEMENT_EXECUTE|[110]
11:55:04.0 (11375390)|STATEMENT_EXECUTE|[111]
11:55:04.0 (11408416)|VARIABLE_ASSIGNMENT|[EXTERNAL]|this|{"currentUser":"0x38eae428","isSAUser":false,"iTypeOfScreen":54,"urlReportsSFA":"https://cs6.lightnin (84 more) ..."}|0x1b09c489
11:55:04.0 (11424308)|HEAP_ALLOCATE|[111]|Bytes:5
11:55:04.0 (11483215)|SYSTEM_MODE_ENTER|true
11:55:04.0 (11512458)|HEAP_ALLOCATE|[EXTERNAL]|Bytes:44
11:55:04.0 (11518828)|VARIABLE_SCOPE_BEGIN|[114]|this|auMainTopCompCtrl|true|false
11:55:04.0 (11550651)|VARIABLE_ASSIGNMENT|[114]|this|{"currentUser":"0x38eae428","isSAUser":false,"iTypeOfScreen":54,"urlReportsSFA":"https://cs6.lightnin (84 more) ..."}|0x1b09c489
11:55:04.0 (11560683)|STATEMENT_EXECUTE|[114]
11:55:04.0 (11562551)|STATEMENT_EXECUTE|[115]
11:55:04.0 (11596108)|VARIABLE_ASSIGNMENT|[EXTERNAL]|this|{"currentUser":"0x38eae428","isSAUser":false,"iTypeOfScreen":54,"urlReportsSFA":"https://cs6.lightnin (84 more) ..."}|0x1b09c489
11:55:04.0 (11612262)|HEAP_ALLOCATE|[115]|Bytes:5
11:55:04.0 (11696074)|SYSTEM_MODE_ENTER|true
11:55:04.0 (11720782)|HEAP_ALLOCATE|[EXTERNAL]|Bytes:44
11:55:04.0 (11731643)|VARIABLE_ASSIGNMENT|[EXTERNAL]|this.iCountComments|null|0x1b09c489
11:55:04.0 (11776814)|SYSTEM_MODE_ENTER|true
11:55:04.0 (11790336)|HEAP_ALLOCATE|[EXTERNAL]|Bytes:44
11:55:04.0 (11798519)|VARIABLE_ASSIGNMENT|[EXTERNAL]|this.iCountLikes|null|0x1b09c489
11:55:04.0 (11883204)|SYSTEM_MODE_ENTER|true
11:55:04.0 (11921781)|HEAP_ALLOCATE|[EXTERNAL]|Bytes:26
11:55:04.0 (11929680)|HEAP_ALLOCATE|[EXTERNAL]|Bytes:460
11:55:04.0 (11934840)|HEAP_ALLOCATE|[EXTERNAL]|Bytes:111
11:55:04.0 (11938513)|HEAP_ALLOCATE|[EXTERNAL]|Bytes:33
11:55:04.0 (11942907)|HEAP_ALLOCATE|[EXTERNAL]|Bytes:3
11:55:04.0 (11952368)|VARIABLE_ASSIGNMENT|[EXTERNAL]|saDailyReportCtrl.SOURCE|"src"
11:55:04.0 (11957523)|HEAP_ALLOCATE|[EXTERNAL]|Bytes:2
11:55:04.0 (11964111)|VARIABLE_ASSIGNMENT|[EXTERNAL]|saDailyReportCtrl.SOURCE_ID|"id"
11:55:04.0 (11972590)|METHOD_ENTRY|[1]|01pN0000000aE0W|saDailyReportCtrl.saDailyReportCtrl()
11:55:04.0 (11977985)|STATEMENT_EXECUTE|[1]
11:55:04.0 (11981247)|STATEMENT_EXECUTE|[1]
11:55:04.0 (11990060)|SYSTEM_MODE_ENTER|false
11:55:04.0 (11997392)|HEAP_ALLOCATE|[EXTERNAL]|Bytes:5
11:55:04.0 (12002675)|STATEMENT_EXECUTE|[644]
11:55:04.0 (12004848)|STATEMENT_EXECUTE|[671]
11:55:04.0 (12010302)|SYSTEM_MODE_EXIT|false
11:55:04.0 (12019383)|METHOD_EXIT|[1]|saDailyReportCtrl
11:55:04.0 (12024444)|HEAP_ALLOCATE|[EXTERNAL]|Bytes:76
11:55:04.0 (12029946)|VARIABLE_SCOPE_BEGIN|[84]|this|saDailyReportCtrl|true|false
11:55:04.0 (12374745)|VARIABLE_ASSIGNMENT|[84]|this|{"BusinessLocationName":"","currentInquiryReply":"0x3ce22b15","currentInquiryReplyDetail":"0x691a9d8c","dailyReportId":"a0IN0000006RUlWMAW","dCurrentDay":"2018-06-30T00:00:00Z","dCurrentMonth":"2018-07-01T00:00:00Z","iCurrentDay":0,"idBusinessLocation":"","isIPhone":false,"isPreview":true,"lsBusinessLocation":"0x6beff23","messageError":"","messageQuestion":"","mpQuestions":"0x7f38971","myUser":"0x2ae4b019"}|0x4f59c2bf
11:55:04.0 (12396457)|SYSTEM_MODE_ENTER|false
11:55:04.0 (12403924)|HEAP_ALLOCATE|[84]|Bytes:5
11:55:04.0 (12409773)|STATEMENT_EXECUTE|[84]
11:55:04.0 (12411756)|STATEMENT_EXECUTE|[84]
11:55:04.0 (12416500)|SYSTEM_MODE_EXIT|false
11:55:04.0 (12481333)|SYSTEM_MODE_ENTER|true
11:55:04.0 (12501296)|HEAP_ALLOCATE|[EXTERNAL]|Bytes:8
11:55:04.0 (12506305)|HEAP_ALLOCATE|[EXTERNAL]|Bytes:44
11:55:04.0 (12515082)|VARIABLE_ASSIGNMENT|[EXTERNAL]|this.iTypeOfScreen|54|0x1b09c489
11:55:04.0 (12666006)|SYSTEM_MODE_ENTER|true
11:55:04.0 (12755159)|SYSTEM_MODE_ENTER|true
11:55:04.0 (12841128)|SYSTEM_MODE_ENTER|true
11:55:04.0 (13035933)|SYSTEM_MODE_ENTER|true
11:55:04.0 (14396381)|SYSTEM_MODE_ENTER|true
11:55:04.0 (16532596)|SYSTEM_MODE_ENTER|true
11:55:04.0 (16589204)|SYSTEM_MODE_ENTER|true
11:55:04.0 (16632293)|SYSTEM_MODE_ENTER|true
11:55:04.0 (16673759)|SYSTEM_MODE_ENTER|true
11:55:04.0 (16712977)|SYSTEM_MODE_ENTER|true
11:55:04.0 (16767438)|SYSTEM_MODE_ENTER|true
11:55:04.0 (16806157)|HEAP_ALLOCATE|[EXTERNAL]|Bytes:44
11:55:04.0 (16814028)|VARIABLE_SCOPE_BEGIN|[88]|this|auMainTopCompCtrl|true|false
11:55:04.0 (16854515)|VARIABLE_ASSIGNMENT|[88]|this|{"currentUser":"0x38eae428","isSAUser":false,"iTypeOfScreen":54,"urlReportsSFA":"https://cs6.lightnin (84 more) ..."}|0x1b09c489
11:55:04.0 (16866169)|STATEMENT_EXECUTE|[88]
11:55:04.0 (16868080)|STATEMENT_EXECUTE|[89]
11:55:04.0 (16907858)|VARIABLE_ASSIGNMENT|[EXTERNAL]|this|{"currentUser":"0x38eae428","isSAUser":false,"iTypeOfScreen":54,"urlReportsSFA":"https://cs6.lightnin (84 more) ..."}|0x1b09c489
11:55:04.0 (16950267)|VARIABLE_ASSIGNMENT|[EXTERNAL]|this|{"currentUser":"0x38eae428","isSAUser":false,"iTypeOfScreen":54,"urlReportsSFA":"https://cs6.lightnin (84 more) ..."}|0x1b09c489
11:55:04.0 (16986983)|VARIABLE_ASSIGNMENT|[EXTERNAL]|this|{"currentUser":"0x38eae428","isSAUser":false,"iTypeOfScreen":54,"urlReportsSFA":"https://cs6.lightnin (84 more) ..."}|0x1b09c489
11:55:04.0 (17021385)|VARIABLE_ASSIGNMENT|[EXTERNAL]|this|{"currentUser":"0x38eae428","isSAUser":false,"iTypeOfScreen":54,"urlReportsSFA":"https://cs6.lightnin (84 more) ..."}|0x1b09c489
11:55:04.0 (17036559)|HEAP_ALLOCATE|[89]|Bytes:5
11:55:04.0 (17091270)|SYSTEM_MODE_ENTER|true
11:55:04.0 (17125134)|HEAP_ALLOCATE|[EXTERNAL]|Bytes:44
11:55:04.0 (17131611)|VARIABLE_SCOPE_BEGIN|[106]|this|auMainTopCompCtrl|true|false
11:55:04.0 (17164105)|VARIABLE_ASSIGNMENT|[106]|this|{"currentUser":"0x38eae428","isSAUser":false,"iTypeOfScreen":54,"urlReportsSFA":"https://cs6.lightnin (84 more) ..."}|0x1b09c489
11:55:04.0 (17179630)|STATEMENT_EXECUTE|[106]
11:55:04.0 (17181603)|STATEMENT_EXECUTE|[107]
11:55:04.0 (17211806)|VARIABLE_ASSIGNMENT|[EXTERNAL]|this|{"currentUser":"0x38eae428","isSAUser":false,"iTypeOfScreen":54,"urlReportsSFA":"https://cs6.lightnin (84 more) ..."}|0x1b09c489
11:55:04.0 (17227056)|HEAP_ALLOCATE|[107]|Bytes:5
11:55:04.0 (17275477)|SYSTEM_MODE_ENTER|true
11:55:04.0 (17305122)|HEAP_ALLOCATE|[EXTERNAL]|Bytes:44
11:55:04.0 (17311058)|VARIABLE_SCOPE_BEGIN|[110]|this|auMainTopCompCtrl|true|false
11:55:04.0 (17343463)|VARIABLE_ASSIGNMENT|[110]|this|{"currentUser":"0x38eae428","isSAUser":false,"iTypeOfScreen":54,"urlReportsSFA":"https://cs6.lightnin (84 more) ..."}|0x1b09c489
11:55:04.0 (17352751)|STATEMENT_EXECUTE|[110]
11:55:04.0 (17354464)|STATEMENT_EXECUTE|[111]
11:55:04.0 (17382346)|VARIABLE_ASSIGNMENT|[EXTERNAL]|this|{"currentUser":"0x38eae428","isSAUser":false,"iTypeOfScreen":54,"urlReportsSFA":"https://cs6.lightnin (84 more) ..."}|0x1b09c489
11:55:04.0 (17396488)|HEAP_ALLOCATE|[111]|Bytes:5
11:55:04.0 (17440857)|SYSTEM_MODE_ENTER|true
11:55:04.0 (17468422)|HEAP_ALLOCATE|[EXTERNAL]|Bytes:44
11:55:04.0 (17474779)|VARIABLE_SCOPE_BEGIN|[114]|this|auMainTopCompCtrl|true|false
11:55:04.0 (17506224)|VARIABLE_ASSIGNMENT|[114]|this|{"currentUser":"0x38eae428","isSAUser":false,"iTypeOfScreen":54,"urlReportsSFA":"https://cs6.lightnin (84 more) ..."}|0x1b09c489
11:55:04.0 (17515065)|STATEMENT_EXECUTE|[114]
11:55:04.0 (17516730)|STATEMENT_EXECUTE|[115]
11:55:04.0 (17544220)|VARIABLE_ASSIGNMENT|[EXTERNAL]|this|{"currentUser":"0x38eae428","isSAUser":false,"iTypeOfScreen":54,"urlReportsSFA":"https://cs6.lightnin (84 more) ..."}|0x1b09c489
11:55:04.0 (17558627)|HEAP_ALLOCATE|[115]|Bytes:5
11:55:04.0 (20720705)|SYSTEM_MODE_ENTER|true
11:55:04.0 (20744698)|HEAP_ALLOCATE|[EXTERNAL]|Bytes:16
11:55:04.0 (20751107)|HEAP_ALLOCATE|[EXTERNAL]|Bytes:76
11:55:04.0 (20763093)|VARIABLE_ASSIGNMENT|[EXTERNAL]|this.messageError|"正しいデーターを入れてください。"|0x4f59c2bf
11:55:04.0 (20798200)|SYSTEM_MODE_ENTER|true
11:55:04.0 (20812911)|HEAP_ALLOCATE|[EXTERNAL]|Bytes:76
11:55:04.0 (20821286)|VARIABLE_ASSIGNMENT|[EXTERNAL]|this.messageQuestion|""|0x4f59c2bf
11:55:04.0 (20848060)|SYSTEM_MODE_ENTER|true
11:55:04.0 (20862482)|HEAP_ALLOCATE|[EXTERNAL]|Bytes:5
11:55:04.0 (20867340)|HEAP_ALLOCATE|[EXTERNAL]|Bytes:76
11:55:04.0 (20873903)|VARIABLE_ASSIGNMENT|[EXTERNAL]|this.isPreview|true|0x4f59c2bf
11:55:04.0 (20899516)|SYSTEM_MODE_ENTER|true
11:55:04.0 (20912105)|HEAP_ALLOCATE|[EXTERNAL]|Bytes:76
11:55:04.0 (20919503)|VARIABLE_ASSIGNMENT|[EXTERNAL]|this.idBusinessLocation|""|0x4f59c2bf
11:55:04.0 (20944090)|SYSTEM_MODE_ENTER|true
11:55:04.0 (20955629)|HEAP_ALLOCATE|[EXTERNAL]|Bytes:8
11:55:04.0 (20960122)|HEAP_ALLOCATE|[EXTERNAL]|Bytes:76
11:55:04.0 (20967146)|VARIABLE_ASSIGNMENT|[EXTERNAL]|this.iCurrentDay|0|0x4f59c2bf
11:55:04.0 (21072035)|SYSTEM_MODE_ENTER|true
11:55:04.0 (21086713)|HEAP_ALLOCATE|[EXTERNAL]|Bytes:44
11:55:04.0 (21095369)|VARIABLE_ASSIGNMENT|[EXTERNAL]|this.iCountComments|null|0x1b09c489
11:55:04.0 (21127993)|SYSTEM_MODE_ENTER|true
11:55:04.0 (21139396)|HEAP_ALLOCATE|[EXTERNAL]|Bytes:44
11:55:04.0 (21146213)|VARIABLE_ASSIGNMENT|[EXTERNAL]|this.iCountLikes|null|0x1b09c489
11:55:04.0 (21190923)|SYSTEM_MODE_ENTER|true
11:55:04.0 (21228907)|HEAP_ALLOCATE|[EXTERNAL]|Bytes:76
11:55:04.0 (21235790)|VARIABLE_SCOPE_BEGIN|[84]|this|saDailyReportCtrl|true|false
11:55:04.0 (21409993)|VARIABLE_ASSIGNMENT|[84]|this|{"BusinessLocationName":"","currentInquiryReply":"0x3ce22b15","currentInquiryReplyDetail":"0x691a9d8c","dailyReportId":"a0IN0000006RUlWMAW","dCurrentDay":"2018-06-30T00:00:00Z","dCurrentMonth":"2018-07-01T00:00:00Z","iCurrentDay":0,"idBusinessLocation":"","isIPhone":false,"isPreview":true,"lsBusinessLocation":"0x6beff23","messageError":"正しいデーターを入れてください。","messageQuestion":"","mpQuestions":"0x7f38971","myUser":"0x2ae4b019"}|0x4f59c2bf
11:55:04.0 (21431535)|SYSTEM_MODE_ENTER|false
11:55:04.0 (21439070)|HEAP_ALLOCATE|[84]|Bytes:5
11:55:04.0 (21444560)|STATEMENT_EXECUTE|[84]
11:55:04.0 (21446446)|STATEMENT_EXECUTE|[84]
11:55:04.0 (21450771)|SYSTEM_MODE_EXIT|false
11:55:04.0 (21497882)|SYSTEM_MODE_ENTER|true
11:55:04.0 (21513983)|HEAP_ALLOCATE|[EXTERNAL]|Bytes:8
11:55:04.0 (21518836)|HEAP_ALLOCATE|[EXTERNAL]|Bytes:44
11:55:04.0 (21527188)|VARIABLE_ASSIGNMENT|[EXTERNAL]|this.iTypeOfScreen|54|0x1b09c489
11:55:04.0 (21671507)|SYSTEM_MODE_ENTER|true
11:55:04.0 (24607950)|HEAP_ALLOCATE|[EXTERNAL]|Bytes:76
11:55:04.0 (24618671)|VARIABLE_SCOPE_BEGIN|[191]|this|saDailyReportCtrl|true|false
11:55:04.0 (24790534)|VARIABLE_ASSIGNMENT|[191]|this|{"BusinessLocationName":"","currentInquiryReply":"0x3ce22b15","currentInquiryReplyDetail":"0x691a9d8c","dailyReportId":"a0IN0000006RUlWMAW","dCurrentDay":"2018-06-30T00:00:00Z","dCurrentMonth":"2018-07-01T00:00:00Z","iCurrentDay":0,"idBusinessLocation":"","isIPhone":false,"isPreview":true,"lsBusinessLocation":"0x6beff23","messageError":"正しいデーターを入れてください。","messageQuestion":"","mpQuestions":"0x7f38971","myUser":"0x2ae4b019"}|0x4f59c2bf
11:55:04.0 (24812518)|SYSTEM_MODE_ENTER|false
11:55:04.0 (24820289)|HEAP_ALLOCATE|[193]|Bytes:5
11:55:04.0 (24827001)|STATEMENT_EXECUTE|[191]
11:55:04.0 (24829271)|STATEMENT_EXECUTE|[193]
11:55:04.0 (24999609)|VARIABLE_ASSIGNMENT|[EXTERNAL]|this|{"BusinessLocationName":"","currentInquiryReply":"0x3ce22b15","currentInquiryReplyDetail":"0x691a9d8c","dailyReportId":"a0IN0000006RUlWMAW","dCurrentDay":"2018-06-30T00:00:00Z","dCurrentMonth":"2018-07-01T00:00:00Z","iCurrentDay":0,"idBusinessLocation":"","isIPhone":false,"isPreview":true,"lsBusinessLocation":"0x6beff23","messageError":"正しいデーターを入れてください。","messageQuestion":"","mpQuestions":"0x7f38971","myUser":"0x2ae4b019"}|0x4f59c2bf
11:55:04.0 (25016757)|VARIABLE_ASSIGNMENT|[EXTERNAL]|value|""
11:55:04.0 (25028797)|VARIABLE_ASSIGNMENT|[6]|this.messageError|""|0x4f59c2bf
11:55:04.0 (25041078)|STATEMENT_EXECUTE|[194]
11:55:04.0 (25192951)|VARIABLE_ASSIGNMENT|[EXTERNAL]|this|{"BusinessLocationName":"","currentInquiryReply":"0x3ce22b15","currentInquiryReplyDetail":"0x691a9d8c","dailyReportId":"a0IN0000006RUlWMAW","dCurrentDay":"2018-06-30T00:00:00Z","dCurrentMonth":"2018-07-01T00:00:00Z","iCurrentDay":0,"idBusinessLocation":"","isIPhone":false,"isPreview":true,"lsBusinessLocation":"0x6beff23","messageError":"","messageQuestion":"","mpQuestions":"0x7f38971","myUser":"0x2ae4b019"}|0x4f59c2bf
11:55:04.0 (25208156)|VARIABLE_ASSIGNMENT|[EXTERNAL]|value|""
11:55:04.0 (25218923)|VARIABLE_ASSIGNMENT|[7]|this.messageQuestion|""|0x4f59c2bf
11:55:04.0 (25229420)|STATEMENT_EXECUTE|[196]
11:55:04.0 (25231182)|STATEMENT_EXECUTE|[196]
11:55:04.0 (25232979)|STATEMENT_EXECUTE|[198]
11:55:04.0 (25429818)|VARIABLE_ASSIGNMENT|[EXTERNAL]|this|{"BusinessLocationName":"","currentInquiryReply":"0x3ce22b15","currentInquiryReplyDetail":"0x691a9d8c","dailyReportId":"a0IN0000006RUlWMAW","dCurrentDay":"2018-06-30T00:00:00Z","dCurrentMonth":"2018-07-01T00:00:00Z","iCurrentDay":0,"idBusinessLocation":"","isIPhone":false,"isPreview":true,"lsBusinessLocation":"0x6beff23","messageError":"","messageQuestion":"","mpQuestions":"0x7f38971","myUser":"0x2ae4b019"}|0x4f59c2bf
11:55:04.0 (25486955)|HEAP_ALLOCATE|[198]|Bytes:4
11:55:04.0 (25519938)|VARIABLE_ASSIGNMENT|[198]|this.dCurrentDay|"2018-06-30T00:00:00.000Z"|0x4f59c2bf
11:55:04.0 (25527607)|STATEMENT_EXECUTE|[200]
11:55:04.0 (25542326)|HEAP_ALLOCATE|[200]|Bytes:4
11:55:04.0 (25765020)|VARIABLE_ASSIGNMENT|[EXTERNAL]|this|{"BusinessLocationName":"","currentInquiryReply":"0x3ce22b15","currentInquiryReplyDetail":"0x691a9d8c","dailyReportId":"a0IN0000006RUlWMAW","dCurrentDay":"2018-06-30T00:00:00Z","dCurrentMonth":"2018-07-01T00:00:00Z","iCurrentDay":0,"idBusinessLocation":"","isIPhone":false,"isPreview":true,"lsBusinessLocation":"0x6beff23","messageError":"","messageQuestion":"","mpQuestions":"0x7f38971","myUser":"0x2ae4b019"}|0x4f59c2bf
11:55:04.0 (25781148)|HEAP_ALLOCATE|[EXTERNAL]|Bytes:4
11:55:04.0 (25792919)|VARIABLE_ASSIGNMENT|[EXTERNAL]|value|[]|0x306e64a1
11:55:04.0 (25804507)|VARIABLE_ASSIGNMENT|[22]|this.currentInquiryReplyDetail|[]|0x4f59c2bf
11:55:04.0 (25814808)|STATEMENT_EXECUTE|[201]
11:55:04.0 (25828213)|HEAP_ALLOCATE|[201]|Bytes:4
11:55:04.0 (26007967)|VARIABLE_ASSIGNMENT|[EXTERNAL]|this|{"BusinessLocationName":"","currentInquiryReply":"0x3ce22b15","currentInquiryReplyDetail":"0x306e64a1","dailyReportId":"a0IN0000006RUlWMAW","dCurrentDay":"2018-06-30T00:00:00Z","dCurrentMonth":"2018-07-01T00:00:00Z","iCurrentDay":0,"idBusinessLocation":"","isIPhone":false,"isPreview":true,"lsBusinessLocation":"0x6beff23","messageError":"","messageQuestion":"","mpQuestions":"0x7f38971","myUser":"0x2ae4b019"}|0x4f59c2bf
11:55:04.0 (26029297)|VARIABLE_ASSIGNMENT|[EXTERNAL]|value|{}|0x1b65310a
11:55:04.0 (26040928)|VARIABLE_ASSIGNMENT|[24]|this.mpQuestions|{}|0x4f59c2bf
11:55:04.0 (26051086)|STATEMENT_EXECUTE|[203]
11:55:04.0 (26201704)|VARIABLE_ASSIGNMENT|[EXTERNAL]|this|{"BusinessLocationName":"","currentInquiryReply":"0x3ce22b15","currentInquiryReplyDetail":"0x306e64a1","dailyReportId":"a0IN0000006RUlWMAW","dCurrentDay":"2018-06-30T00:00:00Z","dCurrentMonth":"2018-07-01T00:00:00Z","iCurrentDay":0,"idBusinessLocation":"","isIPhone":false,"isPreview":true,"lsBusinessLocation":"0x6beff23","messageError":"","messageQuestion":"","mpQuestions":"0x1b65310a","myUser":"0x2ae4b019"}|0x4f59c2bf
11:55:04.0 (26216264)|VARIABLE_ASSIGNMENT|[EXTERNAL]|value|""
11:55:04.0 (26225749)|VARIABLE_ASSIGNMENT|[23]|this.BusinessLocationName|""|0x4f59c2bf
11:55:04.0 (26238657)|HEAP_ALLOCATE|[204]|Bytes:81
11:55:04.0 (26255424)|HEAP_ALLOCATE|[204]|Bytes:4
11:55:04.0 (26264871)|HEAP_ALLOCATE|[204]|Bytes:7
11:55:04.0 (26410224)|VARIABLE_ASSIGNMENT|[EXTERNAL]|this|{"BusinessLocationName":"","currentInquiryReply":"0x3ce22b15","currentInquiryReplyDetail":"0x306e64a1","dailyReportId":"a0IN0000006RUlWMAW","dCurrentDay":"2018-06-30T00:00:00Z","dCurrentMonth":"2018-07-01T00:00:00Z","iCurrentDay":0,"idBusinessLocation":"","isIPhone":false,"isPreview":true,"lsBusinessLocation":"0x6beff23","messageError":"","messageQuestion":"","mpQuestions":"0x1b65310a","myUser":"0x2ae4b019"}|0x4f59c2bf
11:55:04.0 (26785837)|SOQL_EXECUTE_BEGIN|[204]|Aggregations:0|SELECT Id, BusinessLocationName__c FROM saBusinessLocation__c 
11:55:04.0 (28279094)|SOQL_EXECUTE_END|[204]|Rows:0
11:55:04.0 (28441166)|HEAP_ALLOCATE|[204]|Bytes:54
11:55:04.0 (28450999)|HEAP_ALLOCATE|[204]|Bytes:8
11:55:04.0 (28478125)|SYSTEM_METHOD_ENTRY|[7]|QueryLocatorIterator.QueryLocatorIterator()
11:55:04.0 (28482671)|STATEMENT_EXECUTE|[7]
11:55:04.0 (28490036)|SYSTEM_METHOD_EXIT|[7]|QueryLocatorIterator
11:55:04.0 (28498359)|HEAP_ALLOCATE|[204]|Bytes:28
11:55:04.0 (28514897)|HEAP_ALLOCATE|[204]|Bytes:8
11:55:04.0 (28519550)|HEAP_ALLOCATE|[204]|Bytes:8
11:55:04.0 (28525394)|VARIABLE_SCOPE_BEGIN|[15]|this|Database.QueryLocatorIterator|true|false
11:55:04.0 (28552226)|VARIABLE_ASSIGNMENT|[15]|this|{}|0x12a46b10
11:55:04.0 (28559878)|VARIABLE_SCOPE_BEGIN|[15]|values|List<SObject>|true|false
11:55:04.0 (28569027)|VARIABLE_ASSIGNMENT|[15]|values|null|
11:55:04.0 (28573741)|VARIABLE_SCOPE_BEGIN|[15]|ql|Database.QueryLocator|true|false
11:55:04.0 (28592434)|VARIABLE_ASSIGNMENT|[15]|ql|{"query":"SELECT Id, BusinessL (61 more) ..."}|0x43f4b9d7
11:55:04.0 (28599157)|VARIABLE_SCOPE_BEGIN|[15]|totalNumRecords|Integer|false|false
11:55:04.0 (28607419)|VARIABLE_ASSIGNMENT|[15]|totalNumRecords|0
11:55:04.0 (28612418)|VARIABLE_SCOPE_BEGIN|[15]|queryMoreSize|Integer|false|false
11:55:04.0 (28619504)|VARIABLE_ASSIGNMENT|[15]|queryMoreSize|50000
11:55:04.0 (28694343)|HEAP_ALLOCATE|[204]|Bytes:28
11:55:04.0 (28715945)|METHOD_ENTRY|[204]||Database.QueryLocatorIterator.hasNext()
11:55:04.0 (28735281)|METHOD_EXIT|[204]||Database.QueryLocatorIterator.hasNext()
11:55:04.0 (28767960)|VARIABLE_ASSIGNMENT|[204]|bl|null|
11:55:04.0 (28775676)|STATEMENT_EXECUTE|[204]
11:55:04.0 (28791198)|STATEMENT_EXECUTE|[211]
11:55:04.0 (28794747)|HEAP_ALLOCATE|[211]|Bytes:195
11:55:04.0 (28809091)|HEAP_ALLOCATE|[211]|Bytes:4
11:55:04.0 (28833140)|HEAP_ALLOCATE|[211]|Bytes:7
11:55:04.0 (28865435)|HEAP_ALLOCATE|[215]|Bytes:89
11:55:04.0 (28874567)|SYSTEM_METHOD_ENTRY|[1]|UserInfo.UserInfo()
11:55:04.0 (28878605)|STATEMENT_EXECUTE|[1]
11:55:04.0 (28884016)|SYSTEM_METHOD_EXIT|[1]|UserInfo
11:55:04.0 (28893726)|METHOD_ENTRY|[215]||System.UserInfo.getUserId()
11:55:04.0 (28931486)|METHOD_EXIT|[215]||System.UserInfo.getUserId()
11:55:04.0 (29450592)|SOQL_EXECUTE_BEGIN|[211]|Aggregations:0|SELECT Id, saBusinessLocation__c, Status__c, saInquiry__c, Comment__c FROM saInquiryReply__c WHERE (saInquiry__r.Type__c = 'DAILY_REPORT' AND DailyReportDate__c = :tmpVar1 AND User__c = :tmpVar2)
11:55:04.0 (35634045)|SOQL_EXECUTE_END|[211]|Rows:0
11:55:04.0 (35665702)|HEAP_ALLOCATE|[211]|Bytes:4
11:55:04.0 (35683885)|HEAP_ALLOCATE|[211]|Bytes:0
11:55:04.0 (35763401)|HEAP_ALLOCATE|[211]|Bytes:4
11:55:04.0 (35781911)|VARIABLE_SCOPE_BEGIN|[211]|lsInqRep|List<saInquiryReply__c>|true|false
11:55:04.0 (35804402)|VARIABLE_ASSIGNMENT|[211]|lsInqRep|[]|0x7cdc00fd
11:55:04.0 (35889398)|STATEMENT_EXECUTE|[217]
11:55:04.0 (35892797)|STATEMENT_EXECUTE|[219]
11:55:04.0 (35897934)|HEAP_ALLOCATE|[219]|Bytes:207
11:55:04.0 (35917825)|HEAP_ALLOCATE|[219]|Bytes:4
11:55:04.0 (36210788)|VARIABLE_ASSIGNMENT|[EXTERNAL]|this|{"BusinessLocationName":"","currentInquiryReply":"0x3ce22b15","currentInquiryReplyDetail":"0x306e64a1","dailyReportId":"a0IN0000006RUlWMAW","dCurrentDay":"2018-06-30T00:00:00Z","dCurrentMonth":"2018-07-01T00:00:00Z","iCurrentDay":0,"idBusinessLocation":"","isIPhone":false,"isPreview":true,"lsBusinessLocation":"0x6beff23","messageError":"","messageQuestion":"","mpQuestions":"0x1b65310a","myUser":"0x2ae4b019"}|0x4f59c2bf
11:55:04.0 (36254805)|HEAP_ALLOCATE|[219]|Bytes:7
11:55:04.0 (36271718)|METHOD_ENTRY|[224]||System.UserInfo.getUserId()
11:55:04.0 (36305680)|METHOD_EXIT|[224]||System.UserInfo.getUserId()
11:55:04.0 (36790995)|SOQL_EXECUTE_BEGIN|[219]|Aggregations:0|SELECT Id, saBusinessLocation__c, Status__c FROM saInquiryReply__c WHERE (saInquiry__r.Type__c = 'DAILY_REPORT' AND DailyReportDate__c = :tmpVar1 AND saBusinessLocation__c = :tmpVar2 AND User__c != :tmpVar3)
11:55:04.0 (39783417)|SOQL_EXECUTE_END|[219]|Rows:0
11:55:04.0 (39806952)|HEAP_ALLOCATE|[219]|Bytes:4
11:55:04.0 (39820393)|HEAP_ALLOCATE|[219]|Bytes:0
11:55:04.0 (39844593)|HEAP_ALLOCATE|[219]|Bytes:4
11:55:04.0 (39856301)|VARIABLE_SCOPE_BEGIN|[219]|lsInqOtherPeople|List<saInquiryReply__c>|true|false
11:55:04.0 (39871468)|VARIABLE_ASSIGNMENT|[219]|lsInqOtherPeople|[]|0x42dd29c2
11:55:04.0 (39905236)|STATEMENT_EXECUTE|[226]
11:55:04.0 (39907741)|STATEMENT_EXECUTE|[232]
11:55:04.0 (39910788)|VARIABLE_SCOPE_BEGIN|[232]|lsTemplate|List<saInquiryReply__c>|true|false
11:55:04.0 (39921812)|VARIABLE_ASSIGNMENT|[232]|lsTemplate|null|
11:55:04.0 (40100451)|VARIABLE_ASSIGNMENT|[EXTERNAL]|this|{"BusinessLocationName":"","currentInquiryReply":"0x3ce22b15","currentInquiryReplyDetail":"0x306e64a1","dailyReportId":"a0IN0000006RUlWMAW","dCurrentDay":"2018-06-30T00:00:00Z","dCurrentMonth":"2018-07-01T00:00:00Z","iCurrentDay":0,"idBusinessLocation":"","isIPhone":false,"isPreview":true,"lsBusinessLocation":"0x6beff23","messageError":"","messageQuestion":"","mpQuestions":"0x1b65310a","myUser":"0x2ae4b019"}|0x4f59c2bf
11:55:04.0 (40123669)|STATEMENT_EXECUTE|[244]
11:55:04.0 (40125886)|STATEMENT_EXECUTE|[245]
11:55:04.0 (40129374)|HEAP_ALLOCATE|[245]|Bytes:393
11:55:04.0 (40144416)|HEAP_ALLOCATE|[245]|Bytes:4
11:55:04.0 (40181538)|METHOD_ENTRY|[251]||System.UserInfo.getUserId()
11:55:04.0 (40204950)|METHOD_EXIT|[251]||System.UserInfo.getUserId()
11:55:04.0 (40642712)|SOQL_EXECUTE_BEGIN|[245]|Aggregations:0|SELECT Id, saBusinessLocation__c, Status__c, saInquiry__c, Comment__c FROM saInquiryReply__c WHERE (saInquiry__r.Type__c = 'DAILY_REPORT' AND (saInquiry__r.ValidFrom__c = NULL OR saInquiry__r.ValidFrom__c <= :tmpVar1) AND (saInquiry__r.ValidTo__c = NULL OR saInquiry__r.ValidTo__c >= :tmpVar2) AND DailyReportDate__c = NULL AND User__c = :tmpVar3) ORDER BY CreatedDate DESC NULLS FIRST LIMIT 1
11:55:04.0 (44811576)|SOQL_EXECUTE_END|[245]|Rows:1
11:55:04.0 (44832784)|HEAP_ALLOCATE|[245]|Bytes:8
11:55:04.0 (44847546)|HEAP_ALLOCATE|[245]|Bytes:89
11:55:04.0 (44872128)|HEAP_ALLOCATE|[245]|Bytes:8
11:55:04.0 (44902180)|VARIABLE_ASSIGNMENT|[245]|lsTemplate|[{"Id":"a0KN0000007Kg4nMAC","Status__c":"WAITING_REPLY","saInquiry__c":"a0IN0000006RUllMAG"}]|0x2ed0693d
11:55:04.0 (44909937)|STATEMENT_EXECUTE|[256]
11:55:04.0 (44913735)|HEAP_ALLOCATE|[256]|Bytes:11
11:55:04.0 (45015321)|HEAP_ALLOCATE|[256]|Bytes:101
11:55:04.0 (45051057)|HEAP_ALLOCATE|[256]|Bytes:112
11:55:04.0 (45077154)|USER_DEBUG|[256]|DEBUG|Template : (saInquiryReply__c:{Id=a0KN0000007Kg4nMAC, Status__c=WAITING_REPLY, saInquiry__c=a0IN0000006RUllMAG})
11:55:04.0 (45120214)|STATEMENT_EXECUTE|[257]
11:55:04.0 (45123354)|STATEMENT_EXECUTE|[263]
11:55:04.0 (45141374)|HEAP_ALLOCATE|[263]|Bytes:16
11:55:04.0 (45190243)|VARIABLE_SCOPE_BEGIN|[263]|idInquiry|Id|false|false
11:55:04.0 (45296485)|VARIABLE_ASSIGNMENT|[263]|idInquiry|"a0IN0000006RUllMAG"
11:55:04.0 (45306349)|STATEMENT_EXECUTE|[264]
11:55:04.0 (45331443)|HEAP_ALLOCATE|[264]|Bytes:4
11:55:04.0 (45713903)|VARIABLE_ASSIGNMENT|[EXTERNAL]|this|{"BusinessLocationName":"","currentInquiryReply":"0x3ce22b15","currentInquiryReplyDetail":"0x306e64a1","dailyReportId":"a0IN0000006RUlWMAW","dCurrentDay":"2018-06-30T00:00:00Z","dCurrentMonth":"2018-07-01T00:00:00Z","iCurrentDay":0,"idBusinessLocation":"","isIPhone":false,"isPreview":true,"lsBusinessLocation":"0x6beff23","messageError":"","messageQuestion":"","mpQuestions":"0x1b65310a","myUser":"0x2ae4b019"}|0x4f59c2bf
11:55:04.0 (45745782)|VARIABLE_ASSIGNMENT|[EXTERNAL]|value|{}|0xcfc39a7
11:55:04.0 (45766997)|VARIABLE_ASSIGNMENT|[21]|this.currentInquiryReply|{}|0x4f59c2bf
11:55:04.0 (45786247)|STATEMENT_EXECUTE|[265]
11:55:04.0 (46026106)|VARIABLE_ASSIGNMENT|[EXTERNAL]|this|{"BusinessLocationName":"","currentInquiryReply":"0xcfc39a7","currentInquiryReplyDetail":"0x306e64a1","dailyReportId":"a0IN0000006RUlWMAW","dCurrentDay":"2018-06-30T00:00:00Z","dCurrentMonth":"2018-07-01T00:00:00Z","iCurrentDay":0,"idBusinessLocation":"","isIPhone":false,"isPreview":true,"lsBusinessLocation":"0x6beff23","messageError":"","messageQuestion":"","mpQuestions":"0x1b65310a","myUser":"0x2ae4b019"}|0x4f59c2bf
11:55:04.0 (46150403)|VARIABLE_ASSIGNMENT|[265]|this.saInquiry__c|"a0IN0000006RUllMAG"|0xcfc39a7
11:55:04.0 (46361092)|VARIABLE_ASSIGNMENT|[EXTERNAL]|this|{"BusinessLocationName":"","currentInquiryReply":"0xcfc39a7","currentInquiryReplyDetail":"0x306e64a1","dailyReportId":"a0IN0000006RUlWMAW","dCurrentDay":"2018-06-30T00:00:00Z","dCurrentMonth":"2018-07-01T00:00:00Z","iCurrentDay":0,"idBusinessLocation":"","isIPhone":false,"isPreview":true,"lsBusinessLocation":"0x6beff23","messageError":"","messageQuestion":"","mpQuestions":"0x1b65310a","myUser":"0x2ae4b019"}|0x4f59c2bf
11:55:04.0 (46393370)|STATEMENT_EXECUTE|[269]
11:55:04.0 (46395751)|STATEMENT_EXECUTE|[272]
11:55:04.0 (46402422)|METHOD_ENTRY|[272]||System.UserInfo.getUserId()
11:55:04.0 (46428773)|METHOD_EXIT|[272]||System.UserInfo.getUserId()
11:55:04.0 (46444838)|HEAP_ALLOCATE|[272]|Bytes:4
11:55:04.0 (46596579)|VARIABLE_ASSIGNMENT|[EXTERNAL]|this|{"BusinessLocationName":"","currentInquiryReply":"0xcfc39a7","currentInquiryReplyDetail":"0x306e64a1","dailyReportId":"a0IN0000006RUlWMAW","dCurrentDay":"2018-06-30T00:00:00Z","dCurrentMonth":"2018-07-01T00:00:00Z","iCurrentDay":0,"idBusinessLocation":"","isIPhone":false,"isPreview":true,"lsBusinessLocation":"0x6beff23","messageError":"","messageQuestion":"","mpQuestions":"0x1b65310a","myUser":"0x2ae4b019"}|0x4f59c2bf
11:55:04.0 (46661976)|VARIABLE_ASSIGNMENT|[272]|this.User__c|"005N00000057PfOIAU"|0xcfc39a7
11:55:04.0 (46670641)|STATEMENT_EXECUTE|[273]
11:55:04.0 (46824942)|VARIABLE_ASSIGNMENT|[EXTERNAL]|this|{"BusinessLocationName":"","currentInquiryReply":"0xcfc39a7","currentInquiryReplyDetail":"0x306e64a1","dailyReportId":"a0IN0000006RUlWMAW","dCurrentDay":"2018-06-30T00:00:00Z","dCurrentMonth":"2018-07-01T00:00:00Z","iCurrentDay":0,"idBusinessLocation":"","isIPhone":false,"isPreview":true,"lsBusinessLocation":"0x6beff23","messageError":"","messageQuestion":"","mpQuestions":"0x1b65310a","myUser":"0x2ae4b019"}|0x4f59c2bf
11:55:04.0 (46890834)|VARIABLE_ASSIGNMENT|[273]|this.DailyReportDate__c|"2018-06-30T00:00:00.000Z"|0xcfc39a7
11:55:04.0 (46899401)|STATEMENT_EXECUTE|[274]
11:55:04.0 (46903525)|HEAP_ALLOCATE|[274]|Bytes:13
11:55:04.0 (47058447)|VARIABLE_ASSIGNMENT|[EXTERNAL]|this|{"BusinessLocationName":"","currentInquiryReply":"0xcfc39a7","currentInquiryReplyDetail":"0x306e64a1","dailyReportId":"a0IN0000006RUlWMAW","dCurrentDay":"2018-06-30T00:00:00Z","dCurrentMonth":"2018-07-01T00:00:00Z","iCurrentDay":0,"idBusinessLocation":"","isIPhone":false,"isPreview":true,"lsBusinessLocation":"0x6beff23","messageError":"","messageQuestion":"","mpQuestions":"0x1b65310a","myUser":"0x2ae4b019"}|0x4f59c2bf
11:55:04.0 (47115719)|VARIABLE_ASSIGNMENT|[274]|this.Status__c|"WAITING_REPLY"|0xcfc39a7
11:55:04.0 (47123900)|STATEMENT_EXECUTE|[275]
11:55:04.0 (47279198)|VARIABLE_ASSIGNMENT|[EXTERNAL]|this|{"BusinessLocationName":"","currentInquiryReply":"0xcfc39a7","currentInquiryReplyDetail":"0x306e64a1","dailyReportId":"a0IN0000006RUlWMAW","dCurrentDay":"2018-06-30T00:00:00Z","dCurrentMonth":"2018-07-01T00:00:00Z","iCurrentDay":0,"idBusinessLocation":"","isIPhone":false,"isPreview":true,"lsBusinessLocation":"0x6beff23","messageError":"","messageQuestion":"","mpQuestions":"0x1b65310a","myUser":"0x2ae4b019"}|0x4f59c2bf
11:55:04.0 (47326422)|VARIABLE_ASSIGNMENT|[275]|this.Comment__c|""|0xcfc39a7
11:55:04.0 (47334174)|STATEMENT_EXECUTE|[277]
11:55:04.0 (47338384)|HEAP_ALLOCATE|[277]|Bytes:625
11:55:04.0 (47354007)|HEAP_ALLOCATE|[277]|Bytes:4
11:55:04.0 (47867437)|SOQL_EXECUTE_BEGIN|[277]|Aggregations:0|SELECT Id, QuestionLabel__c, AnswerType__c, NumberPossibleReplies__c, IsShortReply__c, SortNo__c, IsRequired__c, Reply01Label__c, Reply02Label__c, Reply03Label__c, Reply04Label__c, Reply05Label__c, Reply06Label__c, Reply07Label__c, Reply08Label__c, Reply09Label__c, Reply10Label__c, Reply11Label__c, Reply12Label__c, Reply13Label__c, Reply14Label__c, Reply15Label__c, Reply16Label__c, Reply17Label__c, Reply18Label__c, Reply19Label__c, Reply20Label__c, Reply21Label__c, Reply22Label__c, Reply23Label__c, Reply24Label__c, Reply25Label__c FROM saInquiryDetail__c WHERE saInquiry__c = :tmpVar1 ORDER BY SortNo__c ASC NULLS FIRST
11:55:04.0 (57578891)|SOQL_EXECUTE_END|[277]|Rows:1
11:55:04.0 (57600496)|HEAP_ALLOCATE|[277]|Bytes:8
11:55:04.0 (57623620)|HEAP_ALLOCATE|[277]|Bytes:282
11:55:04.0 (57663720)|HEAP_ALLOCATE|[277]|Bytes:8
11:55:04.0 (57677184)|VARIABLE_SCOPE_BEGIN|[277]|lsTmpQuest|List<saInquiryDetail__c>|true|false
11:55:04.0 (57712422)|VARIABLE_ASSIGNMENT|[277]|lsTmpQuest|[{"Id":"a0JN0000008h2r2MAA","QuestionLabel__c":"Works?","AnswerType__c":"CHECKBOX","NumberPossibleReplies__c":2,"IsShortReply__c":true,"SortNo__c":0,"IsRequired__c":false,"Reply01Label__c":"Yes!","Reply02Label__c":"No!"}]|0x4184b151
11:55:04.0 (57880596)|HEAP_ALLOCATE|[287]|Bytes:5
11:55:04.0 (57901829)|HEAP_ALLOCATE|[287]|Bytes:40
11:55:04.0 (57911956)|VARIABLE_SCOPE_BEGIN|[287]|quest|saInquiryDetail__c|true|false
11:55:04.0 (57940559)|VARIABLE_ASSIGNMENT|[287]|quest|{"Id":"a0JN0000008h2r2MAA","QuestionLabel__c":"Works?","AnswerType__c":"CHECKBOX","NumberPossibleReplies__c":2,"IsShortReply__c":true,"SortNo__c":0,"IsRequired__c":false,"Reply01Label__c":"Yes!","Reply02Label__c":"No!"}|0x7d9380d1
11:55:04.0 (57950284)|STATEMENT_EXECUTE|[287]
11:55:04.0 (57952461)|STATEMENT_EXECUTE|[288]
11:55:04.0 (57975682)|HEAP_ALLOCATE|[288]|Bytes:4
11:55:04.0 (58051334)|VARIABLE_SCOPE_BEGIN|[288]|questReply|saInquiryReplyDetail__c|true|false
11:55:04.0 (58067417)|VARIABLE_ASSIGNMENT|[288]|questReply|{}|0x1979b80b
11:55:04.0 (58073705)|STATEMENT_EXECUTE|[289]
11:55:04.0 (58162720)|VARIABLE_ASSIGNMENT|[289]|this.saInquiryDetail__c|"a0JN0000008h2r2MAA"|0x1979b80b
11:55:04.0 (58176083)|STATEMENT_EXECUTE|[290]
11:55:04.0 (58355816)|VARIABLE_ASSIGNMENT|[EXTERNAL]|this|{"BusinessLocationName":"","currentInquiryReply":"0xcfc39a7","currentInquiryReplyDetail":"0x306e64a1","dailyReportId":"a0IN0000006RUlWMAW","dCurrentDay":"2018-06-30T00:00:00Z","dCurrentMonth":"2018-07-01T00:00:00Z","iCurrentDay":0,"idBusinessLocation":"","isIPhone":false,"isPreview":true,"lsBusinessLocation":"0x6beff23","messageError":"","messageQuestion":"","mpQuestions":"0x1b65310a","myUser":"0x2ae4b019"}|0x4f59c2bf
11:55:04.0 (58388822)|HEAP_ALLOCATE|[EXTERNAL]|Bytes:4
11:55:04.0 (58397791)|STATEMENT_EXECUTE|[291]
11:55:04.0 (58551135)|VARIABLE_ASSIGNMENT|[EXTERNAL]|this|{"BusinessLocationName":"","currentInquiryReply":"0xcfc39a7","currentInquiryReplyDetail":"0x306e64a1","dailyReportId":"a0IN0000006RUlWMAW","dCurrentDay":"2018-06-30T00:00:00Z","dCurrentMonth":"2018-07-01T00:00:00Z","iCurrentDay":0,"idBusinessLocation":"","isIPhone":false,"isPreview":true,"lsBusinessLocation":"0x6beff23","messageError":"","messageQuestion":"","mpQuestions":"0x1b65310a","myUser":"0x2ae4b019"}|0x4f59c2bf
11:55:04.0 (58588402)|HEAP_ALLOCATE|[EXTERNAL]|Bytes:-4
11:55:04.0 (58606057)|HEAP_ALLOCATE|[287]|Bytes:5
11:55:04.0 (58620197)|VARIABLE_ASSIGNMENT|[287]|quest|null|
11:55:04.0 (58630414)|SYSTEM_MODE_EXIT|false
11:55:04.0 (75085879)|SYSTEM_MODE_ENTER|true
11:55:04.0 (75118903)|HEAP_ALLOCATE|[EXTERNAL]|Bytes:44
11:55:04.0 (75132588)|VARIABLE_ASSIGNMENT|[EXTERNAL]|this.iCountComments|null|0x1b09c489
11:55:04.0 (75185752)|SYSTEM_MODE_ENTER|true
11:55:04.0 (75201056)|HEAP_ALLOCATE|[EXTERNAL]|Bytes:44
11:55:04.0 (75209672)|VARIABLE_ASSIGNMENT|[EXTERNAL]|this.iCountLikes|null|0x1b09c489
11:55:04.0 (75279207)|SYSTEM_MODE_ENTER|true
11:55:04.0 (75329077)|HEAP_ALLOCATE|[EXTERNAL]|Bytes:76
11:55:04.0 (75338137)|VARIABLE_SCOPE_BEGIN|[84]|this|saDailyReportCtrl|true|false
11:55:04.0 (75540430)|VARIABLE_ASSIGNMENT|[84]|this|{"BusinessLocationName":"","currentInquiryReply":"0xcfc39a7","currentInquiryReplyDetail":"0x306e64a1","dailyReportId":"a0IN0000006RUlWMAW","dCurrentDay":"2018-06-30T00:00:00Z","dCurrentMonth":"2018-07-01T00:00:00Z","iCurrentDay":0,"idBusinessLocation":"","isIPhone":false,"isPreview":true,"lsBusinessLocation":"0x6beff23","messageError":"","messageQuestion":"","mpQuestions":"0x1b65310a","myUser":"0x2ae4b019"}|0x4f59c2bf
11:55:04.0 (75562340)|SYSTEM_MODE_ENTER|false
11:55:04.0 (75570038)|HEAP_ALLOCATE|[84]|Bytes:5
11:55:04.0 (75576712)|STATEMENT_EXECUTE|[84]
11:55:04.0 (75579027)|STATEMENT_EXECUTE|[84]
11:55:04.0 (75585208)|SYSTEM_MODE_EXIT|false
11:55:04.0 (75637782)|SYSTEM_MODE_ENTER|true
11:55:04.0 (75655416)|HEAP_ALLOCATE|[EXTERNAL]|Bytes:8
11:55:04.0 (75660264)|HEAP_ALLOCATE|[EXTERNAL]|Bytes:44
11:55:04.0 (75669894)|VARIABLE_ASSIGNMENT|[EXTERNAL]|this.iTypeOfScreen|54|0x1b09c489
11:55:04.0 (75741591)|SYSTEM_MODE_ENTER|true
11:55:04.0 (75778780)|HEAP_ALLOCATE|[EXTERNAL]|Bytes:44
11:55:04.0 (75785949)|VARIABLE_SCOPE_BEGIN|[88]|this|auMainTopCompCtrl|true|false
11:55:04.0 (75825154)|VARIABLE_ASSIGNMENT|[88]|this|{"currentUser":"0x38eae428","isSAUser":false,"iTypeOfScreen":54,"urlReportsSFA":"https://cs6.lightnin (84 more) ..."}|0x1b09c489
11:55:04.0 (75837097)|STATEMENT_EXECUTE|[88]
11:55:04.0 (75839319)|STATEMENT_EXECUTE|[89]
11:55:04.0 (75873026)|VARIABLE_ASSIGNMENT|[EXTERNAL]|this|{"currentUser":"0x38eae428","isSAUser":false,"iTypeOfScreen":54,"urlReportsSFA":"https://cs6.lightnin (84 more) ..."}|0x1b09c489
11:55:04.0 (75914241)|VARIABLE_ASSIGNMENT|[EXTERNAL]|this|{"currentUser":"0x38eae428","isSAUser":false,"iTypeOfScreen":54,"urlReportsSFA":"https://cs6.lightnin (84 more) ..."}|0x1b09c489
11:55:04.0 (75950805)|VARIABLE_ASSIGNMENT|[EXTERNAL]|this|{"currentUser":"0x38eae428","isSAUser":false,"iTypeOfScreen":54,"urlReportsSFA":"https://cs6.lightnin (84 more) ..."}|0x1b09c489
11:55:04.0 (75984988)|VARIABLE_ASSIGNMENT|[EXTERNAL]|this|{"currentUser":"0x38eae428","isSAUser":false,"iTypeOfScreen":54,"urlReportsSFA":"https://cs6.lightnin (84 more) ..."}|0x1b09c489
11:55:04.0 (76000222)|HEAP_ALLOCATE|[89]|Bytes:5
11:55:04.0 (76072310)|SYSTEM_MODE_ENTER|true
11:55:04.0 (76106902)|HEAP_ALLOCATE|[EXTERNAL]|Bytes:44
11:55:04.0 (76113690)|VARIABLE_SCOPE_BEGIN|[106]|this|auMainTopCompCtrl|true|false
11:55:04.0 (76146864)|VARIABLE_ASSIGNMENT|[106]|this|{"currentUser":"0x38eae428","isSAUser":false,"iTypeOfScreen":54,"urlReportsSFA":"https://cs6.lightnin (84 more) ..."}|0x1b09c489
11:55:04.0 (76156869)|STATEMENT_EXECUTE|[106]
11:55:04.0 (76158875)|STATEMENT_EXECUTE|[107]
11:55:04.0 (76193911)|VARIABLE_ASSIGNMENT|[EXTERNAL]|this|{"currentUser":"0x38eae428","isSAUser":false,"iTypeOfScreen":54,"urlReportsSFA":"https://cs6.lightnin (84 more) ..."}|0x1b09c489
11:55:04.0 (76208930)|HEAP_ALLOCATE|[107]|Bytes:5
11:55:04.0 (76263617)|SYSTEM_MODE_ENTER|true
11:55:04.0 (76295543)|HEAP_ALLOCATE|[EXTERNAL]|Bytes:44
11:55:04.0 (76301804)|VARIABLE_SCOPE_BEGIN|[110]|this|auMainTopCompCtrl|true|false
11:55:04.0 (76334125)|VARIABLE_ASSIGNMENT|[110]|this|{"currentUser":"0x38eae428","isSAUser":false,"iTypeOfScreen":54,"urlReportsSFA":"https://cs6.lightnin (84 more) ..."}|0x1b09c489
11:55:04.0 (76344681)|STATEMENT_EXECUTE|[110]
11:55:04.0 (76346446)|STATEMENT_EXECUTE|[111]
11:55:04.0 (76374349)|VARIABLE_ASSIGNMENT|[EXTERNAL]|this|{"currentUser":"0x38eae428","isSAUser":false,"iTypeOfScreen":54,"urlReportsSFA":"https://cs6.lightnin (84 more) ..."}|0x1b09c489
11:55:04.0 (76388521)|HEAP_ALLOCATE|[111]|Bytes:5
11:55:04.0 (76438537)|SYSTEM_MODE_ENTER|true
11:55:04.0 (76468034)|HEAP_ALLOCATE|[EXTERNAL]|Bytes:44
11:55:04.0 (76474130)|VARIABLE_SCOPE_BEGIN|[114]|this|auMainTopCompCtrl|true|false
11:55:04.0 (76507537)|VARIABLE_ASSIGNMENT|[114]|this|{"currentUser":"0x38eae428","isSAUser":false,"iTypeOfScreen":54,"urlReportsSFA":"https://cs6.lightnin (84 more) ..."}|0x1b09c489
11:55:04.0 (76516468)|STATEMENT_EXECUTE|[114]
11:55:04.0 (76518243)|STATEMENT_EXECUTE|[115]
11:55:04.0 (76547123)|VARIABLE_ASSIGNMENT|[EXTERNAL]|this|{"currentUser":"0x38eae428","isSAUser":false,"iTypeOfScreen":54,"urlReportsSFA":"https://cs6.lightnin (84 more) ..."}|0x1b09c489
11:55:04.0 (76560601)|HEAP_ALLOCATE|[115]|Bytes:5
11:55:04.0 (76647593)|SYSTEM_MODE_ENTER|true
11:55:04.0 (76744242)|SYSTEM_MODE_ENTER|true
11:55:04.0 (76849874)|SYSTEM_MODE_ENTER|true
11:55:04.0 (77034410)|SYSTEM_MODE_ENTER|true
11:55:04.0 (79626344)|SYSTEM_MODE_ENTER|true
11:55:04.0 (79712516)|SYSTEM_MODE_ENTER|true
11:55:04.0 (80404280)|SYSTEM_MODE_ENTER|true
11:55:04.0 (80447201)|HEAP_ALLOCATE|[EXTERNAL]|Bytes:76
11:55:04.0 (80455641)|VARIABLE_SCOPE_BEGIN|[133]|this|saDailyReportCtrl|true|false
11:55:04.0 (80631980)|VARIABLE_ASSIGNMENT|[133]|this|{"BusinessLocationName":"","currentInquiryReply":"0xcfc39a7","currentInquiryReplyDetail":"0x306e64a1","dailyReportId":"a0IN0000006RUlWMAW","dCurrentDay":"2018-06-30T00:00:00Z","dCurrentMonth":"2018-07-01T00:00:00Z","iCurrentDay":0,"idBusinessLocation":"","isIPhone":false,"isPreview":true,"lsBusinessLocation":"0x6beff23","messageError":"","messageQuestion":"","mpQuestions":"0x1b65310a","myUser":"0x2ae4b019"}|0x4f59c2bf
11:55:04.0 (80653487)|SYSTEM_MODE_ENTER|false
11:55:04.0 (80661502)|HEAP_ALLOCATE|[134]|Bytes:5
11:55:04.0 (80667615)|STATEMENT_EXECUTE|[133]
11:55:04.0 (80669631)|STATEMENT_EXECUTE|[134]
11:55:04.0 (80731116)|HEAP_ALLOCATE|[134]|Bytes:4
11:55:04.0 (80743194)|HEAP_ALLOCATE|[134]|Bytes:1
11:55:04.0 (80763585)|HEAP_ALLOCATE|[134]|Bytes:1
11:55:04.0 (80772011)|HEAP_ALLOCATE|[134]|Bytes:1
11:55:04.0 (80795992)|HEAP_ALLOCATE|[134]|Bytes:2
11:55:04.0 (80813065)|HEAP_ALLOCATE|[134]|Bytes:9
11:55:04.0 (80820247)|HEAP_ALLOCATE|[134]|Bytes:10
11:55:04.0 (80827614)|SYSTEM_MODE_EXIT|false
11:55:04.0 (81005833)|SYSTEM_MODE_ENTER|true
11:55:04.0 (81470366)|SYSTEM_MODE_ENTER|true
11:55:04.0 (97732693)|VF_SERIALIZE_VIEWSTATE_BEGIN|066N0000000M4pW
11:55:04.0 (101353585)|VF_SERIALIZE_VIEWSTATE_END
11:55:04.104 (104877155)|CUMULATIVE_LIMIT_USAGE
11:55:04.104 (104877155)|LIMIT_USAGE_FOR_NS|(default)|
  Number of SOQL queries: 5 out of 100
  Number of query rows: 2 out of 50000
  Number of SOSL queries: 0 out of 20
  Number of DML statements: 0 out of 150
  Number of DML rows: 0 out of 10000
  Maximum CPU time: 0 out of 10000
  Maximum heap size: 0 out of 6000000
  Number of callouts: 0 out of 100
  Number of Email Invocations: 0 out of 10
  Number of future calls: 0 out of 50
  Number of queueable jobs added to the queue: 0 out of 50
  Number of Mobile Apex push calls: 0 out of 10

11:55:04.104 (104877155)|CUMULATIVE_LIMIT_USAGE_END

11:55:04.0 (104922410)|CODE_UNIT_FINISHED|VF: /apex/sadailyreport
11:55:04.0 (105706090)|EXECUTION_FINISHED
