42.0 APEX_CODE,FINEST;APEX_PROFILING,INFO;CALLOUT,INFO;DB,INFO;NBA,INFO;SYSTEM,DEBUG;VALIDATION,INFO;VISUALFORCE,INFO;WAVE,INFO;WORKFLOW,INFO
11:02:02.0 (75702)|USER_INFO|[EXTERNAL]|005N00000057PfO|thomas.remy+kddi_gwdev01@globalway.co.jp|Japan Standard Time|GMT+09:00
11:02:02.0 (109163)|EXECUTION_STARTED
11:02:02.0 (113494)|CODE_UNIT_STARTED|[EXTERNAL]|066N0000000M4pW|VF: /apex/sadailyreport
11:02:02.0 (278125)|VF_DESERIALIZE_VIEWSTATE_BEGIN|066N0000000M4pW
11:02:02.0 (40641732)|HEAP_ALLOCATE|[72]|Bytes:3
11:02:02.0 (40691156)|HEAP_ALLOCATE|[77]|Bytes:152
11:02:02.0 (40709143)|HEAP_ALLOCATE|[342]|Bytes:408
11:02:02.0 (40728779)|HEAP_ALLOCATE|[355]|Bytes:408
11:02:02.0 (40744103)|HEAP_ALLOCATE|[467]|Bytes:48
11:02:02.0 (40770346)|HEAP_ALLOCATE|[139]|Bytes:6
11:02:02.0 (41734238)|HEAP_ALLOCATE|[50]|Bytes:5
11:02:02.0 (41763791)|HEAP_ALLOCATE|[56]|Bytes:5
11:02:02.0 (41774316)|HEAP_ALLOCATE|[64]|Bytes:7
11:02:02.0 (42553184)|VARIABLE_SCOPE_BEGIN|[3]|saDailyReportCtrl.SOURCE|String|false|true
11:02:02.0 (42565295)|VARIABLE_SCOPE_BEGIN|[4]|saDailyReportCtrl.SOURCE_ID|String|false|true
11:02:02.0 (43693603)|VARIABLE_SCOPE_BEGIN|[25]|auMainTopCompCtrl.TYPE_SCREEN_ACCOUNT_LIST|Integer|false|true
11:02:02.0 (43706233)|VARIABLE_SCOPE_BEGIN|[26]|auMainTopCompCtrl.TYPE_SCREEN_ACTIVITY_LIST|Integer|false|true
11:02:02.0 (43712846)|VARIABLE_SCOPE_BEGIN|[7]|auMainTopCompCtrl.TYPE_SCREEN_CX_SCREEN|Integer|false|true
11:02:02.0 (43719837)|VARIABLE_SCOPE_BEGIN|[8]|auMainTopCompCtrl.TYPE_SCREEN_CX_TIMELINE|Integer|false|true
11:02:02.0 (43725954)|VARIABLE_SCOPE_BEGIN|[9]|auMainTopCompCtrl.TYPE_SCREEN_EVENT_SCHEDULE|Integer|false|true
11:02:02.0 (43732331)|VARIABLE_SCOPE_BEGIN|[10]|auMainTopCompCtrl.TYPE_SCREEN_EVENT_SCHEDULE_LIST|Integer|false|true
11:02:02.0 (43738706)|VARIABLE_SCOPE_BEGIN|[27]|auMainTopCompCtrl.TYPE_SCREEN_FILE_LIST|Integer|false|true
11:02:02.0 (43744897)|VARIABLE_SCOPE_BEGIN|[24]|auMainTopCompCtrl.TYPE_SCREEN_HONBU_DIRECT|Integer|false|true
11:02:02.0 (43750570)|VARIABLE_SCOPE_BEGIN|[11]|auMainTopCompCtrl.TYPE_SCREEN_KNOWLEDGE_DASHBOARD|Integer|false|true
11:02:02.0 (43756501)|VARIABLE_SCOPE_BEGIN|[12]|auMainTopCompCtrl.TYPE_SCREEN_KNOWLEDGE_LIST|Integer|false|true
11:02:02.0 (43762527)|VARIABLE_SCOPE_BEGIN|[15]|auMainTopCompCtrl.TYPE_SCREEN_SA_CHATTER|Integer|false|true
11:02:02.0 (43768824)|VARIABLE_SCOPE_BEGIN|[16]|auMainTopCompCtrl.TYPE_SCREEN_SA_DAILYREPORT|Integer|false|true
11:02:02.0 (43774960)|VARIABLE_SCOPE_BEGIN|[22]|auMainTopCompCtrl.TYPE_SCREEN_SA_DAILYREPORTLIST|Integer|false|true
11:02:02.0 (43781687)|VARIABLE_SCOPE_BEGIN|[18]|auMainTopCompCtrl.TYPE_SCREEN_SA_DOCUMENTS|Integer|false|true
11:02:02.0 (43787969)|VARIABLE_SCOPE_BEGIN|[17]|auMainTopCompCtrl.TYPE_SCREEN_SA_ENQUETE|Integer|false|true
11:02:02.0 (43793962)|VARIABLE_SCOPE_BEGIN|[20]|auMainTopCompCtrl.TYPE_SCREEN_SA_LINKS|Integer|false|true
11:02:02.0 (43800094)|VARIABLE_SCOPE_BEGIN|[13]|auMainTopCompCtrl.TYPE_SCREEN_SA_MESSAGES|Integer|false|true
11:02:02.0 (43806159)|VARIABLE_SCOPE_BEGIN|[19]|auMainTopCompCtrl.TYPE_SCREEN_SA_RANKING|Integer|false|true
11:02:02.0 (43812789)|VARIABLE_SCOPE_BEGIN|[14]|auMainTopCompCtrl.TYPE_SCREEN_SA_REPORTS|Integer|false|true
11:02:02.0 (43819143)|VARIABLE_SCOPE_BEGIN|[23]|auMainTopCompCtrl.TYPE_SCREEN_SA_TODO|Integer|false|true
11:02:02.0 (43825542)|VARIABLE_SCOPE_BEGIN|[21]|auMainTopCompCtrl.TYPE_SCREEN_SA_USRSETTINGS|Integer|false|true
11:02:02.0 (43831737)|VARIABLE_SCOPE_BEGIN|[4]|auMainTopCompCtrl.TYPE_SCREEN_STPD_EVENT|Integer|false|true
11:02:02.0 (43838655)|VARIABLE_SCOPE_BEGIN|[6]|auMainTopCompCtrl.TYPE_SCREEN_STPD_SCREEN|Integer|false|true
11:02:02.0 (43845672)|VARIABLE_SCOPE_BEGIN|[5]|auMainTopCompCtrl.TYPE_SCREEN_STPD_TIMELINE|Integer|false|true
11:02:02.0 (43852568)|VARIABLE_SCOPE_BEGIN|[3]|auMainTopCompCtrl.TYPE_SCREEN_SWITCH|Integer|false|true
11:02:02.0 (45006862)|VF_DESERIALIZE_VIEWSTATE_END
11:02:02.0 (47504372)|SYSTEM_MODE_ENTER|true
11:02:02.0 (47783755)|HEAP_ALLOCATE|[EXTERNAL]|Bytes:284
11:02:02.0 (47797851)|HEAP_ALLOCATE|[EXTERNAL]|Bytes:150
11:02:02.0 (47811955)|METHOD_ENTRY|[1]|01pN0000000Mill|auMainTopCompCtrl.auMainTopCompCtrl()
11:02:02.0 (47818941)|STATEMENT_EXECUTE|[1]
11:02:02.0 (47823299)|STATEMENT_EXECUTE|[1]
11:02:02.0 (47825008)|STATEMENT_EXECUTE|[3]
11:02:02.0 (47831356)|HEAP_ALLOCATE|[3]|Bytes:4
11:02:02.0 (47854458)|VARIABLE_ASSIGNMENT|[3]|auMainTopCompCtrl.TYPE_SCREEN_SWITCH|0
11:02:02.0 (47860143)|STATEMENT_EXECUTE|[4]
11:02:02.0 (47863174)|HEAP_ALLOCATE|[4]|Bytes:4
11:02:02.0 (47871356)|VARIABLE_ASSIGNMENT|[4]|auMainTopCompCtrl.TYPE_SCREEN_STPD_EVENT|11
11:02:02.0 (47876497)|STATEMENT_EXECUTE|[5]
11:02:02.0 (47878946)|HEAP_ALLOCATE|[5]|Bytes:4
11:02:02.0 (47885507)|VARIABLE_ASSIGNMENT|[5]|auMainTopCompCtrl.TYPE_SCREEN_STPD_TIMELINE|12
11:02:02.0 (47890194)|STATEMENT_EXECUTE|[6]
11:02:02.0 (47892329)|HEAP_ALLOCATE|[6]|Bytes:4
11:02:02.0 (47898885)|VARIABLE_ASSIGNMENT|[6]|auMainTopCompCtrl.TYPE_SCREEN_STPD_SCREEN|13
11:02:02.0 (47902747)|STATEMENT_EXECUTE|[7]
11:02:02.0 (47904848)|HEAP_ALLOCATE|[7]|Bytes:4
11:02:02.0 (47910686)|VARIABLE_ASSIGNMENT|[7]|auMainTopCompCtrl.TYPE_SCREEN_CX_SCREEN|21
11:02:02.0 (47914682)|STATEMENT_EXECUTE|[8]
11:02:02.0 (47916524)|HEAP_ALLOCATE|[8]|Bytes:4
11:02:02.0 (47922028)|VARIABLE_ASSIGNMENT|[8]|auMainTopCompCtrl.TYPE_SCREEN_CX_TIMELINE|22
11:02:02.0 (47926198)|STATEMENT_EXECUTE|[9]
11:02:02.0 (47928596)|HEAP_ALLOCATE|[9]|Bytes:4
11:02:02.0 (47933996)|VARIABLE_ASSIGNMENT|[9]|auMainTopCompCtrl.TYPE_SCREEN_EVENT_SCHEDULE|31
11:02:02.0 (47938376)|STATEMENT_EXECUTE|[10]
11:02:02.0 (47940548)|HEAP_ALLOCATE|[10]|Bytes:4
11:02:02.0 (47946145)|VARIABLE_ASSIGNMENT|[10]|auMainTopCompCtrl.TYPE_SCREEN_EVENT_SCHEDULE_LIST|32
11:02:02.0 (47950318)|STATEMENT_EXECUTE|[11]
11:02:02.0 (47952308)|HEAP_ALLOCATE|[11]|Bytes:4
11:02:02.0 (47958206)|VARIABLE_ASSIGNMENT|[11]|auMainTopCompCtrl.TYPE_SCREEN_KNOWLEDGE_DASHBOARD|41
11:02:02.0 (47962565)|STATEMENT_EXECUTE|[12]
11:02:02.0 (47964630)|HEAP_ALLOCATE|[12]|Bytes:4
11:02:02.0 (47970330)|VARIABLE_ASSIGNMENT|[12]|auMainTopCompCtrl.TYPE_SCREEN_KNOWLEDGE_LIST|42
11:02:02.0 (47973954)|STATEMENT_EXECUTE|[13]
11:02:02.0 (47975980)|HEAP_ALLOCATE|[13]|Bytes:4
11:02:02.0 (47981962)|VARIABLE_ASSIGNMENT|[13]|auMainTopCompCtrl.TYPE_SCREEN_SA_MESSAGES|51
11:02:02.0 (47985873)|STATEMENT_EXECUTE|[14]
11:02:02.0 (47988002)|HEAP_ALLOCATE|[14]|Bytes:4
11:02:02.0 (47993838)|VARIABLE_ASSIGNMENT|[14]|auMainTopCompCtrl.TYPE_SCREEN_SA_REPORTS|52
11:02:02.0 (47997733)|STATEMENT_EXECUTE|[15]
11:02:02.0 (47999818)|HEAP_ALLOCATE|[15]|Bytes:4
11:02:02.0 (48005670)|VARIABLE_ASSIGNMENT|[15]|auMainTopCompCtrl.TYPE_SCREEN_SA_CHATTER|53
11:02:02.0 (48010873)|STATEMENT_EXECUTE|[16]
11:02:02.0 (48013327)|HEAP_ALLOCATE|[16]|Bytes:4
11:02:02.0 (48019125)|VARIABLE_ASSIGNMENT|[16]|auMainTopCompCtrl.TYPE_SCREEN_SA_DAILYREPORT|54
11:02:02.0 (48023554)|STATEMENT_EXECUTE|[17]
11:02:02.0 (48025466)|HEAP_ALLOCATE|[17]|Bytes:4
11:02:02.0 (48031533)|VARIABLE_ASSIGNMENT|[17]|auMainTopCompCtrl.TYPE_SCREEN_SA_ENQUETE|55
11:02:02.0 (48035583)|STATEMENT_EXECUTE|[18]
11:02:02.0 (48037688)|HEAP_ALLOCATE|[18]|Bytes:4
11:02:02.0 (48043362)|VARIABLE_ASSIGNMENT|[18]|auMainTopCompCtrl.TYPE_SCREEN_SA_DOCUMENTS|56
11:02:02.0 (48047211)|STATEMENT_EXECUTE|[19]
11:02:02.0 (48049221)|HEAP_ALLOCATE|[19]|Bytes:4
11:02:02.0 (48055347)|VARIABLE_ASSIGNMENT|[19]|auMainTopCompCtrl.TYPE_SCREEN_SA_RANKING|57
11:02:02.0 (48059480)|STATEMENT_EXECUTE|[20]
11:02:02.0 (48061391)|HEAP_ALLOCATE|[20]|Bytes:4
11:02:02.0 (48067224)|VARIABLE_ASSIGNMENT|[20]|auMainTopCompCtrl.TYPE_SCREEN_SA_LINKS|58
11:02:02.0 (48071602)|STATEMENT_EXECUTE|[21]
11:02:02.0 (48073472)|HEAP_ALLOCATE|[21]|Bytes:4
11:02:02.0 (48079722)|VARIABLE_ASSIGNMENT|[21]|auMainTopCompCtrl.TYPE_SCREEN_SA_USRSETTINGS|59
11:02:02.0 (48083678)|STATEMENT_EXECUTE|[22]
11:02:02.0 (48085763)|HEAP_ALLOCATE|[22]|Bytes:4
11:02:02.0 (48091744)|VARIABLE_ASSIGNMENT|[22]|auMainTopCompCtrl.TYPE_SCREEN_SA_DAILYREPORTLIST|60
11:02:02.0 (48095827)|STATEMENT_EXECUTE|[23]
11:02:02.0 (48097724)|HEAP_ALLOCATE|[23]|Bytes:4
11:02:02.0 (48105646)|VARIABLE_ASSIGNMENT|[23]|auMainTopCompCtrl.TYPE_SCREEN_SA_TODO|61
11:02:02.0 (48110455)|STATEMENT_EXECUTE|[24]
11:02:02.0 (48112416)|HEAP_ALLOCATE|[24]|Bytes:4
11:02:02.0 (48118224)|VARIABLE_ASSIGNMENT|[24]|auMainTopCompCtrl.TYPE_SCREEN_HONBU_DIRECT|71
11:02:02.0 (48122283)|STATEMENT_EXECUTE|[25]
11:02:02.0 (48124301)|HEAP_ALLOCATE|[25]|Bytes:4
11:02:02.0 (48129719)|VARIABLE_ASSIGNMENT|[25]|auMainTopCompCtrl.TYPE_SCREEN_ACCOUNT_LIST|81
11:02:02.0 (48133526)|STATEMENT_EXECUTE|[26]
11:02:02.0 (48135717)|HEAP_ALLOCATE|[26]|Bytes:4
11:02:02.0 (48140730)|VARIABLE_ASSIGNMENT|[26]|auMainTopCompCtrl.TYPE_SCREEN_ACTIVITY_LIST|82
11:02:02.0 (48145178)|STATEMENT_EXECUTE|[27]
11:02:02.0 (48147106)|HEAP_ALLOCATE|[27]|Bytes:4
11:02:02.0 (48152670)|VARIABLE_ASSIGNMENT|[27]|auMainTopCompCtrl.TYPE_SCREEN_FILE_LIST|83
11:02:02.0 (48160994)|METHOD_EXIT|[1]|auMainTopCompCtrl
11:02:02.0 (48168019)|HEAP_ALLOCATE|[EXTERNAL]|Bytes:40
11:02:02.0 (48176652)|VARIABLE_SCOPE_BEGIN|[80]|this|auMainTopCompCtrl|true|false
11:02:02.0 (48233627)|VARIABLE_ASSIGNMENT|[80]|this|{"currentUser":"0x23f1ffe","iTypeOfScreen":54,"urlReportsSFA":"https://cs6.lightnin (84 more) ..."}|0x664528b7
11:02:02.0 (48247173)|STATEMENT_EXECUTE|[80]
11:02:02.0 (48249060)|STATEMENT_EXECUTE|[81]
11:02:02.0 (48300762)|VARIABLE_ASSIGNMENT|[EXTERNAL]|this|{"currentUser":"0x23f1ffe","iTypeOfScreen":54,"urlReportsSFA":"https://cs6.lightnin (84 more) ..."}|0x664528b7
11:02:02.0 (48358613)|VARIABLE_ASSIGNMENT|[EXTERNAL]|this|{"currentUser":"0x23f1ffe","iTypeOfScreen":54,"urlReportsSFA":"https://cs6.lightnin (84 more) ..."}|0x664528b7
11:02:02.0 (48398798)|VARIABLE_ASSIGNMENT|[EXTERNAL]|this|{"currentUser":"0x23f1ffe","iTypeOfScreen":54,"urlReportsSFA":"https://cs6.lightnin (84 more) ..."}|0x664528b7
11:02:02.0 (48437714)|VARIABLE_ASSIGNMENT|[EXTERNAL]|this|{"currentUser":"0x23f1ffe","iTypeOfScreen":54,"urlReportsSFA":"https://cs6.lightnin (84 more) ..."}|0x664528b7
11:02:02.0 (48457033)|HEAP_ALLOCATE|[81]|Bytes:5
11:02:02.0 (48574316)|SYSTEM_MODE_ENTER|true
11:02:02.0 (48610182)|HEAP_ALLOCATE|[EXTERNAL]|Bytes:40
11:02:02.0 (48617475)|VARIABLE_SCOPE_BEGIN|[98]|this|auMainTopCompCtrl|true|false
11:02:02.0 (48650056)|VARIABLE_ASSIGNMENT|[98]|this|{"currentUser":"0x23f1ffe","iTypeOfScreen":54,"urlReportsSFA":"https://cs6.lightnin (84 more) ..."}|0x664528b7
11:02:02.0 (48659826)|STATEMENT_EXECUTE|[98]
11:02:02.0 (48661691)|STATEMENT_EXECUTE|[99]
11:02:02.0 (48703682)|VARIABLE_ASSIGNMENT|[EXTERNAL]|this|{"currentUser":"0x23f1ffe","iTypeOfScreen":54,"urlReportsSFA":"https://cs6.lightnin (84 more) ..."}|0x664528b7
11:02:02.0 (48718997)|HEAP_ALLOCATE|[99]|Bytes:5
11:02:02.0 (48788635)|SYSTEM_MODE_ENTER|true
11:02:02.0 (48819398)|HEAP_ALLOCATE|[EXTERNAL]|Bytes:40
11:02:02.0 (48826031)|VARIABLE_SCOPE_BEGIN|[102]|this|auMainTopCompCtrl|true|false
11:02:02.0 (48856891)|VARIABLE_ASSIGNMENT|[102]|this|{"currentUser":"0x23f1ffe","iTypeOfScreen":54,"urlReportsSFA":"https://cs6.lightnin (84 more) ..."}|0x664528b7
11:02:02.0 (48865705)|STATEMENT_EXECUTE|[102]
11:02:02.0 (48867798)|STATEMENT_EXECUTE|[103]
11:02:02.0 (48901199)|VARIABLE_ASSIGNMENT|[EXTERNAL]|this|{"currentUser":"0x23f1ffe","iTypeOfScreen":54,"urlReportsSFA":"https://cs6.lightnin (84 more) ..."}|0x664528b7
11:02:02.0 (48915353)|HEAP_ALLOCATE|[103]|Bytes:5
11:02:02.0 (49002244)|SYSTEM_MODE_ENTER|true
11:02:02.0 (49026776)|HEAP_ALLOCATE|[EXTERNAL]|Bytes:40
11:02:02.0 (49037955)|VARIABLE_ASSIGNMENT|[EXTERNAL]|this.iCountComments|null|0x664528b7
11:02:02.0 (49086982)|SYSTEM_MODE_ENTER|true
11:02:02.0 (49101473)|HEAP_ALLOCATE|[EXTERNAL]|Bytes:40
11:02:02.0 (49109505)|VARIABLE_ASSIGNMENT|[EXTERNAL]|this.iCountLikes|null|0x664528b7
11:02:02.0 (49200957)|SYSTEM_MODE_ENTER|true
11:02:02.0 (49238559)|HEAP_ALLOCATE|[EXTERNAL]|Bytes:26
11:02:02.0 (49247589)|HEAP_ALLOCATE|[EXTERNAL]|Bytes:460
11:02:02.0 (49252490)|HEAP_ALLOCATE|[EXTERNAL]|Bytes:113
11:02:02.0 (49256215)|HEAP_ALLOCATE|[EXTERNAL]|Bytes:39
11:02:02.0 (49260300)|HEAP_ALLOCATE|[EXTERNAL]|Bytes:3
11:02:02.0 (49269786)|VARIABLE_ASSIGNMENT|[EXTERNAL]|saDailyReportCtrl.SOURCE|"src"
11:02:02.0 (49275310)|HEAP_ALLOCATE|[EXTERNAL]|Bytes:2
11:02:02.0 (49281379)|VARIABLE_ASSIGNMENT|[EXTERNAL]|saDailyReportCtrl.SOURCE_ID|"id"
11:02:02.0 (49290580)|METHOD_ENTRY|[1]|01pN0000000aE0W|saDailyReportCtrl.saDailyReportCtrl()
11:02:02.0 (49295771)|STATEMENT_EXECUTE|[1]
11:02:02.0 (49299160)|STATEMENT_EXECUTE|[1]
11:02:02.0 (49307716)|SYSTEM_MODE_ENTER|false
11:02:02.0 (49315464)|HEAP_ALLOCATE|[EXTERNAL]|Bytes:5
11:02:02.0 (49321029)|STATEMENT_EXECUTE|[649]
11:02:02.0 (49322877)|STATEMENT_EXECUTE|[676]
11:02:02.0 (49328123)|SYSTEM_MODE_EXIT|false
11:02:02.0 (49335675)|METHOD_EXIT|[1]|saDailyReportCtrl
11:02:02.0 (49340882)|HEAP_ALLOCATE|[EXTERNAL]|Bytes:76
11:02:02.0 (49346060)|VARIABLE_SCOPE_BEGIN|[92]|this|saDailyReportCtrl|true|false
11:02:02.0 (49744794)|VARIABLE_ASSIGNMENT|[92]|this|{"BusinessLocationName":"","currentInquiryReply":"0x24ab7753","currentInquiryReplyDetail":"0x6be4f3e1","dailyReportId":"a0IN0000006RUllMAG","dCurrentDay":"2018-06-30T00:00:00Z","dCurrentMonth":"2018-07-01T00:00:00Z","iCurrentDay":0,"idBusinessLocation":"","isIPhone":false,"isPreview":true,"lsBusinessLocation":"0x11dec18c","messageError":"","messageQuestion":"","mpQuestions":"0x1deed2d0","myUser":"0x62002fd1","sourceOfTheCall":"preview"}|0x3fd67d4a
11:02:02.0 (49765879)|SYSTEM_MODE_ENTER|false
11:02:02.0 (49773434)|HEAP_ALLOCATE|[92]|Bytes:5
11:02:02.0 (49779399)|STATEMENT_EXECUTE|[92]
11:02:02.0 (49781238)|STATEMENT_EXECUTE|[92]
11:02:02.0 (49786267)|SYSTEM_MODE_EXIT|false
11:02:02.0 (49852274)|SYSTEM_MODE_ENTER|true
11:02:02.0 (49873649)|HEAP_ALLOCATE|[EXTERNAL]|Bytes:8
11:02:02.0 (49878532)|HEAP_ALLOCATE|[EXTERNAL]|Bytes:40
11:02:02.0 (49888189)|VARIABLE_ASSIGNMENT|[EXTERNAL]|this.iTypeOfScreen|54|0x664528b7
11:02:02.0 (50048569)|SYSTEM_MODE_ENTER|true
11:02:02.0 (50146587)|SYSTEM_MODE_ENTER|true
11:02:02.0 (50240584)|SYSTEM_MODE_ENTER|true
11:02:02.0 (50456191)|SYSTEM_MODE_ENTER|true
11:02:02.0 (51877772)|SYSTEM_MODE_ENTER|true
11:02:02.0 (54146698)|SYSTEM_MODE_ENTER|true
11:02:02.0 (54204910)|SYSTEM_MODE_ENTER|true
11:02:02.0 (54251059)|SYSTEM_MODE_ENTER|true
11:02:02.0 (54296049)|SYSTEM_MODE_ENTER|true
11:02:02.0 (54337742)|SYSTEM_MODE_ENTER|true
11:02:02.0 (54399467)|SYSTEM_MODE_ENTER|true
11:02:02.0 (54437987)|HEAP_ALLOCATE|[EXTERNAL]|Bytes:40
11:02:02.0 (54446008)|VARIABLE_SCOPE_BEGIN|[80]|this|auMainTopCompCtrl|true|false
11:02:02.0 (54486377)|VARIABLE_ASSIGNMENT|[80]|this|{"currentUser":"0x23f1ffe","iTypeOfScreen":54,"urlReportsSFA":"https://cs6.lightnin (84 more) ..."}|0x664528b7
11:02:02.0 (54496748)|STATEMENT_EXECUTE|[80]
11:02:02.0 (54498586)|STATEMENT_EXECUTE|[81]
11:02:02.0 (54533052)|VARIABLE_ASSIGNMENT|[EXTERNAL]|this|{"currentUser":"0x23f1ffe","iTypeOfScreen":54,"urlReportsSFA":"https://cs6.lightnin (84 more) ..."}|0x664528b7
11:02:02.0 (54571590)|VARIABLE_ASSIGNMENT|[EXTERNAL]|this|{"currentUser":"0x23f1ffe","iTypeOfScreen":54,"urlReportsSFA":"https://cs6.lightnin (84 more) ..."}|0x664528b7
11:02:02.0 (54606160)|VARIABLE_ASSIGNMENT|[EXTERNAL]|this|{"currentUser":"0x23f1ffe","iTypeOfScreen":54,"urlReportsSFA":"https://cs6.lightnin (84 more) ..."}|0x664528b7
11:02:02.0 (54638874)|VARIABLE_ASSIGNMENT|[EXTERNAL]|this|{"currentUser":"0x23f1ffe","iTypeOfScreen":54,"urlReportsSFA":"https://cs6.lightnin (84 more) ..."}|0x664528b7
11:02:02.0 (54652556)|HEAP_ALLOCATE|[81]|Bytes:5
11:02:02.0 (54714329)|SYSTEM_MODE_ENTER|true
11:02:02.0 (54746096)|HEAP_ALLOCATE|[EXTERNAL]|Bytes:40
11:02:02.0 (54752309)|VARIABLE_SCOPE_BEGIN|[98]|this|auMainTopCompCtrl|true|false
11:02:02.0 (54783561)|VARIABLE_ASSIGNMENT|[98]|this|{"currentUser":"0x23f1ffe","iTypeOfScreen":54,"urlReportsSFA":"https://cs6.lightnin (84 more) ..."}|0x664528b7
11:02:02.0 (54792410)|STATEMENT_EXECUTE|[98]
11:02:02.0 (54794316)|STATEMENT_EXECUTE|[99]
11:02:02.0 (54821993)|VARIABLE_ASSIGNMENT|[EXTERNAL]|this|{"currentUser":"0x23f1ffe","iTypeOfScreen":54,"urlReportsSFA":"https://cs6.lightnin (84 more) ..."}|0x664528b7
11:02:02.0 (54836133)|HEAP_ALLOCATE|[99]|Bytes:5
11:02:02.0 (54887776)|SYSTEM_MODE_ENTER|true
11:02:02.0 (54917170)|HEAP_ALLOCATE|[EXTERNAL]|Bytes:40
11:02:02.0 (54922809)|VARIABLE_SCOPE_BEGIN|[102]|this|auMainTopCompCtrl|true|false
11:02:02.0 (54954445)|VARIABLE_ASSIGNMENT|[102]|this|{"currentUser":"0x23f1ffe","iTypeOfScreen":54,"urlReportsSFA":"https://cs6.lightnin (84 more) ..."}|0x664528b7
11:02:02.0 (54963731)|STATEMENT_EXECUTE|[102]
11:02:02.0 (54965558)|STATEMENT_EXECUTE|[103]
11:02:02.0 (54993260)|VARIABLE_ASSIGNMENT|[EXTERNAL]|this|{"currentUser":"0x23f1ffe","iTypeOfScreen":54,"urlReportsSFA":"https://cs6.lightnin (84 more) ..."}|0x664528b7
11:02:02.0 (55006970)|HEAP_ALLOCATE|[103]|Bytes:5
11:02:02.0 (58755904)|SYSTEM_MODE_ENTER|true
11:02:02.0 (58783253)|HEAP_ALLOCATE|[EXTERNAL]|Bytes:16
11:02:02.0 (58789545)|HEAP_ALLOCATE|[EXTERNAL]|Bytes:76
11:02:02.0 (58803753)|VARIABLE_ASSIGNMENT|[EXTERNAL]|this.messageError|"正しいデーターを入れてください。"|0x3fd67d4a
11:02:02.0 (58842349)|SYSTEM_MODE_ENTER|true
11:02:02.0 (58858689)|HEAP_ALLOCATE|[EXTERNAL]|Bytes:76
11:02:02.0 (58868387)|VARIABLE_ASSIGNMENT|[EXTERNAL]|this.messageQuestion|""|0x3fd67d4a
11:02:02.0 (58896342)|SYSTEM_MODE_ENTER|true
11:02:02.0 (58911327)|HEAP_ALLOCATE|[EXTERNAL]|Bytes:5
11:02:02.0 (58915745)|HEAP_ALLOCATE|[EXTERNAL]|Bytes:76
11:02:02.0 (58923162)|VARIABLE_ASSIGNMENT|[EXTERNAL]|this.isPreview|true|0x3fd67d4a
11:02:02.0 (58949567)|SYSTEM_MODE_ENTER|true
11:02:02.0 (58962806)|HEAP_ALLOCATE|[EXTERNAL]|Bytes:76
11:02:02.0 (58970674)|VARIABLE_ASSIGNMENT|[EXTERNAL]|this.idBusinessLocation|""|0x3fd67d4a
11:02:02.0 (58997506)|SYSTEM_MODE_ENTER|true
11:02:02.0 (59010721)|HEAP_ALLOCATE|[EXTERNAL]|Bytes:8
11:02:02.0 (59015642)|HEAP_ALLOCATE|[EXTERNAL]|Bytes:76
11:02:02.0 (59022644)|VARIABLE_ASSIGNMENT|[EXTERNAL]|this.iCurrentDay|0|0x3fd67d4a
11:02:02.0 (59131014)|SYSTEM_MODE_ENTER|true
11:02:02.0 (59146587)|HEAP_ALLOCATE|[EXTERNAL]|Bytes:40
11:02:02.0 (59155147)|VARIABLE_ASSIGNMENT|[EXTERNAL]|this.iCountComments|null|0x664528b7
11:02:02.0 (59191888)|SYSTEM_MODE_ENTER|true
11:02:02.0 (59204531)|HEAP_ALLOCATE|[EXTERNAL]|Bytes:40
11:02:02.0 (59211602)|VARIABLE_ASSIGNMENT|[EXTERNAL]|this.iCountLikes|null|0x664528b7
11:02:02.0 (59257859)|SYSTEM_MODE_ENTER|true
11:02:02.0 (59317137)|HEAP_ALLOCATE|[EXTERNAL]|Bytes:76
11:02:02.0 (59324427)|VARIABLE_SCOPE_BEGIN|[92]|this|saDailyReportCtrl|true|false
11:02:02.0 (59531518)|VARIABLE_ASSIGNMENT|[92]|this|{"BusinessLocationName":"","currentInquiryReply":"0x24ab7753","currentInquiryReplyDetail":"0x6be4f3e1","dailyReportId":"a0IN0000006RUllMAG","dCurrentDay":"2018-06-30T00:00:00Z","dCurrentMonth":"2018-07-01T00:00:00Z","iCurrentDay":0,"idBusinessLocation":"","isIPhone":false,"isPreview":true,"lsBusinessLocation":"0x11dec18c","messageError":"正しいデーターを入れてください。","messageQuestion":"","mpQuestions":"0x1deed2d0","myUser":"0x62002fd1","sourceOfTheCall":"preview"}|0x3fd67d4a
11:02:02.0 (59553054)|SYSTEM_MODE_ENTER|false
11:02:02.0 (59560335)|HEAP_ALLOCATE|[92]|Bytes:5
11:02:02.0 (59566387)|STATEMENT_EXECUTE|[92]
11:02:02.0 (59568340)|STATEMENT_EXECUTE|[92]
11:02:02.0 (59573959)|SYSTEM_MODE_EXIT|false
11:02:02.0 (59625176)|SYSTEM_MODE_ENTER|true
11:02:02.0 (59642393)|HEAP_ALLOCATE|[EXTERNAL]|Bytes:8
11:02:02.0 (59647369)|HEAP_ALLOCATE|[EXTERNAL]|Bytes:40
11:02:02.0 (59655689)|VARIABLE_ASSIGNMENT|[EXTERNAL]|this.iTypeOfScreen|54|0x664528b7
11:02:02.0 (59814441)|SYSTEM_MODE_ENTER|true
11:02:02.0 (64566403)|HEAP_ALLOCATE|[EXTERNAL]|Bytes:76
11:02:02.0 (64584940)|VARIABLE_SCOPE_BEGIN|[199]|this|saDailyReportCtrl|true|false
11:02:02.0 (64845748)|VARIABLE_ASSIGNMENT|[199]|this|{"BusinessLocationName":"","currentInquiryReply":"0x24ab7753","currentInquiryReplyDetail":"0x6be4f3e1","dailyReportId":"a0IN0000006RUllMAG","dCurrentDay":"2018-06-30T00:00:00Z","dCurrentMonth":"2018-07-01T00:00:00Z","iCurrentDay":0,"idBusinessLocation":"","isIPhone":false,"isPreview":true,"lsBusinessLocation":"0x11dec18c","messageError":"正しいデーターを入れてください。","messageQuestion":"","mpQuestions":"0x1deed2d0","myUser":"0x62002fd1","sourceOfTheCall":"preview"}|0x3fd67d4a
11:02:02.0 (64882163)|SYSTEM_MODE_ENTER|false
11:02:02.0 (64894591)|HEAP_ALLOCATE|[201]|Bytes:5
11:02:02.0 (64904144)|STATEMENT_EXECUTE|[199]
11:02:02.0 (64906818)|STATEMENT_EXECUTE|[201]
11:02:02.0 (65221217)|VARIABLE_ASSIGNMENT|[EXTERNAL]|this|{"BusinessLocationName":"","currentInquiryReply":"0x24ab7753","currentInquiryReplyDetail":"0x6be4f3e1","dailyReportId":"a0IN0000006RUllMAG","dCurrentDay":"2018-06-30T00:00:00Z","dCurrentMonth":"2018-07-01T00:00:00Z","iCurrentDay":0,"idBusinessLocation":"","isIPhone":false,"isPreview":true,"lsBusinessLocation":"0x11dec18c","messageError":"正しいデーターを入れてください。","messageQuestion":"","mpQuestions":"0x1deed2d0","myUser":"0x62002fd1","sourceOfTheCall":"preview"}|0x3fd67d4a
11:02:02.0 (65251055)|VARIABLE_ASSIGNMENT|[EXTERNAL]|value|""
11:02:02.0 (65271154)|VARIABLE_ASSIGNMENT|[6]|this.messageError|""|0x3fd67d4a
11:02:02.0 (65292008)|STATEMENT_EXECUTE|[202]
11:02:02.0 (65531558)|VARIABLE_ASSIGNMENT|[EXTERNAL]|this|{"BusinessLocationName":"","currentInquiryReply":"0x24ab7753","currentInquiryReplyDetail":"0x6be4f3e1","dailyReportId":"a0IN0000006RUllMAG","dCurrentDay":"2018-06-30T00:00:00Z","dCurrentMonth":"2018-07-01T00:00:00Z","iCurrentDay":0,"idBusinessLocation":"","isIPhone":false,"isPreview":true,"lsBusinessLocation":"0x11dec18c","messageError":"","messageQuestion":"","mpQuestions":"0x1deed2d0","myUser":"0x62002fd1","sourceOfTheCall":"preview"}|0x3fd67d4a
11:02:02.0 (65555253)|VARIABLE_ASSIGNMENT|[EXTERNAL]|value|""
11:02:02.0 (65571977)|VARIABLE_ASSIGNMENT|[7]|this.messageQuestion|""|0x3fd67d4a
11:02:02.0 (65590006)|STATEMENT_EXECUTE|[204]
11:02:02.0 (65592800)|STATEMENT_EXECUTE|[204]
11:02:02.0 (65594998)|STATEMENT_EXECUTE|[206]
11:02:02.0 (65918965)|VARIABLE_ASSIGNMENT|[EXTERNAL]|this|{"BusinessLocationName":"","currentInquiryReply":"0x24ab7753","currentInquiryReplyDetail":"0x6be4f3e1","dailyReportId":"a0IN0000006RUllMAG","dCurrentDay":"2018-06-30T00:00:00Z","dCurrentMonth":"2018-07-01T00:00:00Z","iCurrentDay":0,"idBusinessLocation":"","isIPhone":false,"isPreview":true,"lsBusinessLocation":"0x11dec18c","messageError":"","messageQuestion":"","mpQuestions":"0x1deed2d0","myUser":"0x62002fd1","sourceOfTheCall":"preview"}|0x3fd67d4a
11:02:02.0 (66012177)|HEAP_ALLOCATE|[206]|Bytes:4
11:02:02.0 (66053033)|VARIABLE_ASSIGNMENT|[206]|this.dCurrentDay|"2018-06-30T00:00:00.000Z"|0x3fd67d4a
11:02:02.0 (66064940)|STATEMENT_EXECUTE|[208]
11:02:02.0 (66100255)|HEAP_ALLOCATE|[208]|Bytes:4
11:02:02.0 (66453415)|VARIABLE_ASSIGNMENT|[EXTERNAL]|this|{"BusinessLocationName":"","currentInquiryReply":"0x24ab7753","currentInquiryReplyDetail":"0x6be4f3e1","dailyReportId":"a0IN0000006RUllMAG","dCurrentDay":"2018-06-30T00:00:00Z","dCurrentMonth":"2018-07-01T00:00:00Z","iCurrentDay":0,"idBusinessLocation":"","isIPhone":false,"isPreview":true,"lsBusinessLocation":"0x11dec18c","messageError":"","messageQuestion":"","mpQuestions":"0x1deed2d0","myUser":"0x62002fd1","sourceOfTheCall":"preview"}|0x3fd67d4a
11:02:02.0 (66480309)|HEAP_ALLOCATE|[EXTERNAL]|Bytes:4
11:02:02.0 (66497930)|VARIABLE_ASSIGNMENT|[EXTERNAL]|value|[]|0x244c1791
11:02:02.0 (66517983)|VARIABLE_ASSIGNMENT|[22]|this.currentInquiryReplyDetail|[]|0x3fd67d4a
11:02:02.0 (66536627)|STATEMENT_EXECUTE|[209]
11:02:02.0 (66559915)|HEAP_ALLOCATE|[209]|Bytes:4
11:02:02.0 (66869017)|VARIABLE_ASSIGNMENT|[EXTERNAL]|this|{"BusinessLocationName":"","currentInquiryReply":"0x24ab7753","currentInquiryReplyDetail":"0x244c1791","dailyReportId":"a0IN0000006RUllMAG","dCurrentDay":"2018-06-30T00:00:00Z","dCurrentMonth":"2018-07-01T00:00:00Z","iCurrentDay":0,"idBusinessLocation":"","isIPhone":false,"isPreview":true,"lsBusinessLocation":"0x11dec18c","messageError":"","messageQuestion":"","mpQuestions":"0x1deed2d0","myUser":"0x62002fd1","sourceOfTheCall":"preview"}|0x3fd67d4a
11:02:02.0 (66904748)|VARIABLE_ASSIGNMENT|[EXTERNAL]|value|{}|0x49295837
11:02:02.0 (66925363)|VARIABLE_ASSIGNMENT|[24]|this.mpQuestions|{}|0x3fd67d4a
11:02:02.0 (66942621)|STATEMENT_EXECUTE|[211]
11:02:02.0 (67183282)|VARIABLE_ASSIGNMENT|[EXTERNAL]|this|{"BusinessLocationName":"","currentInquiryReply":"0x24ab7753","currentInquiryReplyDetail":"0x244c1791","dailyReportId":"a0IN0000006RUllMAG","dCurrentDay":"2018-06-30T00:00:00Z","dCurrentMonth":"2018-07-01T00:00:00Z","iCurrentDay":0,"idBusinessLocation":"","isIPhone":false,"isPreview":true,"lsBusinessLocation":"0x11dec18c","messageError":"","messageQuestion":"","mpQuestions":"0x49295837","myUser":"0x62002fd1","sourceOfTheCall":"preview"}|0x3fd67d4a
11:02:02.0 (67215915)|VARIABLE_ASSIGNMENT|[EXTERNAL]|value|""
11:02:02.0 (67230872)|VARIABLE_ASSIGNMENT|[23]|this.BusinessLocationName|""|0x3fd67d4a
11:02:02.0 (67253272)|HEAP_ALLOCATE|[212]|Bytes:81
11:02:02.0 (67279250)|HEAP_ALLOCATE|[212]|Bytes:4
11:02:02.0 (67295579)|HEAP_ALLOCATE|[212]|Bytes:7
11:02:02.0 (67536667)|VARIABLE_ASSIGNMENT|[EXTERNAL]|this|{"BusinessLocationName":"","currentInquiryReply":"0x24ab7753","currentInquiryReplyDetail":"0x244c1791","dailyReportId":"a0IN0000006RUllMAG","dCurrentDay":"2018-06-30T00:00:00Z","dCurrentMonth":"2018-07-01T00:00:00Z","iCurrentDay":0,"idBusinessLocation":"","isIPhone":false,"isPreview":true,"lsBusinessLocation":"0x11dec18c","messageError":"","messageQuestion":"","mpQuestions":"0x49295837","myUser":"0x62002fd1","sourceOfTheCall":"preview"}|0x3fd67d4a
11:02:02.0 (68017136)|SOQL_EXECUTE_BEGIN|[212]|Aggregations:0|SELECT Id, BusinessLocationName__c FROM saBusinessLocation__c 
11:02:02.0 (71474537)|SOQL_EXECUTE_END|[212]|Rows:0
11:02:02.0 (71690745)|HEAP_ALLOCATE|[212]|Bytes:54
11:02:02.0 (71702645)|HEAP_ALLOCATE|[212]|Bytes:8
11:02:02.0 (71730894)|SYSTEM_METHOD_ENTRY|[7]|QueryLocatorIterator.QueryLocatorIterator()
11:02:02.0 (71736541)|STATEMENT_EXECUTE|[7]
11:02:02.0 (71745298)|SYSTEM_METHOD_EXIT|[7]|QueryLocatorIterator
11:02:02.0 (71754503)|HEAP_ALLOCATE|[212]|Bytes:28
11:02:02.0 (71772086)|HEAP_ALLOCATE|[212]|Bytes:8
11:02:02.0 (71795757)|HEAP_ALLOCATE|[212]|Bytes:8
11:02:02.0 (71804388)|VARIABLE_SCOPE_BEGIN|[15]|this|Database.QueryLocatorIterator|true|false
11:02:02.0 (71834816)|VARIABLE_ASSIGNMENT|[15]|this|{}|0x177d20db
11:02:02.0 (71856656)|VARIABLE_SCOPE_BEGIN|[15]|values|List<SObject>|true|false
11:02:02.0 (71867152)|VARIABLE_ASSIGNMENT|[15]|values|null|
11:02:02.0 (71871423)|VARIABLE_SCOPE_BEGIN|[15]|ql|Database.QueryLocator|true|false
11:02:02.0 (71893685)|VARIABLE_ASSIGNMENT|[15]|ql|{"query":"SELECT Id, BusinessL (61 more) ..."}|0x3e1447bc
11:02:02.0 (71899932)|VARIABLE_SCOPE_BEGIN|[15]|totalNumRecords|Integer|false|false
11:02:02.0 (71909260)|VARIABLE_ASSIGNMENT|[15]|totalNumRecords|0
11:02:02.0 (71913503)|VARIABLE_SCOPE_BEGIN|[15]|queryMoreSize|Integer|false|false
11:02:02.0 (71920630)|VARIABLE_ASSIGNMENT|[15]|queryMoreSize|50000
11:02:02.0 (72017402)|HEAP_ALLOCATE|[212]|Bytes:28
11:02:02.0 (72039569)|METHOD_ENTRY|[212]||Database.QueryLocatorIterator.hasNext()
11:02:02.0 (72062090)|METHOD_EXIT|[212]||Database.QueryLocatorIterator.hasNext()
11:02:02.0 (72103120)|VARIABLE_ASSIGNMENT|[212]|bl|null|
11:02:02.0 (72110149)|STATEMENT_EXECUTE|[212]
11:02:02.0 (72129584)|STATEMENT_EXECUTE|[219]
11:02:02.0 (72133919)|HEAP_ALLOCATE|[219]|Bytes:195
11:02:02.0 (72153738)|HEAP_ALLOCATE|[219]|Bytes:4
11:02:02.0 (72209671)|HEAP_ALLOCATE|[219]|Bytes:7
11:02:02.0 (72245202)|HEAP_ALLOCATE|[223]|Bytes:89
11:02:02.0 (72254497)|SYSTEM_METHOD_ENTRY|[1]|UserInfo.UserInfo()
11:02:02.0 (72259217)|STATEMENT_EXECUTE|[1]
11:02:02.0 (72264236)|SYSTEM_METHOD_EXIT|[1]|UserInfo
11:02:02.0 (72275948)|METHOD_ENTRY|[223]||System.UserInfo.getUserId()
11:02:02.0 (72311847)|METHOD_EXIT|[223]||System.UserInfo.getUserId()
11:02:02.0 (72927753)|SOQL_EXECUTE_BEGIN|[219]|Aggregations:0|SELECT Id, saBusinessLocation__c, Status__c, saInquiry__c, Comment__c FROM saInquiryReply__c WHERE (saInquiry__r.Type__c = 'DAILY_REPORT' AND DailyReportDate__c = :tmpVar1 AND User__c = :tmpVar2)
11:02:02.0 (78417016)|SOQL_EXECUTE_END|[219]|Rows:0
11:02:02.0 (78445586)|HEAP_ALLOCATE|[219]|Bytes:4
11:02:02.0 (78459728)|HEAP_ALLOCATE|[219]|Bytes:0
11:02:02.0 (78524432)|HEAP_ALLOCATE|[219]|Bytes:4
11:02:02.0 (78539720)|VARIABLE_SCOPE_BEGIN|[219]|lsInqRep|List<saInquiryReply__c>|true|false
11:02:02.0 (78560986)|VARIABLE_ASSIGNMENT|[219]|lsInqRep|[]|0x4f60418a
11:02:02.0 (78645552)|STATEMENT_EXECUTE|[225]
11:02:02.0 (78648312)|STATEMENT_EXECUTE|[227]
11:02:02.0 (78652833)|HEAP_ALLOCATE|[227]|Bytes:207
11:02:02.0 (78687903)|HEAP_ALLOCATE|[227]|Bytes:4
11:02:02.0 (79022904)|VARIABLE_ASSIGNMENT|[EXTERNAL]|this|{"BusinessLocationName":"","currentInquiryReply":"0x24ab7753","currentInquiryReplyDetail":"0x244c1791","dailyReportId":"a0IN0000006RUllMAG","dCurrentDay":"2018-06-30T00:00:00Z","dCurrentMonth":"2018-07-01T00:00:00Z","iCurrentDay":0,"idBusinessLocation":"","isIPhone":false,"isPreview":true,"lsBusinessLocation":"0x11dec18c","messageError":"","messageQuestion":"","mpQuestions":"0x49295837","myUser":"0x62002fd1","sourceOfTheCall":"preview"}|0x3fd67d4a
11:02:02.0 (79053240)|HEAP_ALLOCATE|[227]|Bytes:7
11:02:02.0 (79064666)|METHOD_ENTRY|[232]||System.UserInfo.getUserId()
11:02:02.0 (79088122)|METHOD_EXIT|[232]||System.UserInfo.getUserId()
11:02:02.0 (79431187)|SOQL_EXECUTE_BEGIN|[227]|Aggregations:0|SELECT Id, saBusinessLocation__c, Status__c FROM saInquiryReply__c WHERE (saInquiry__r.Type__c = 'DAILY_REPORT' AND DailyReportDate__c = :tmpVar1 AND saBusinessLocation__c = :tmpVar2 AND User__c != :tmpVar3)
11:02:02.0 (82040077)|SOQL_EXECUTE_END|[227]|Rows:0
11:02:02.0 (82062502)|HEAP_ALLOCATE|[227]|Bytes:4
11:02:02.0 (82076266)|HEAP_ALLOCATE|[227]|Bytes:0
11:02:02.0 (82099771)|HEAP_ALLOCATE|[227]|Bytes:4
11:02:02.0 (82110297)|VARIABLE_SCOPE_BEGIN|[227]|lsInqOtherPeople|List<saInquiryReply__c>|true|false
11:02:02.0 (82126726)|VARIABLE_ASSIGNMENT|[227]|lsInqOtherPeople|[]|0x5b35a8f1
11:02:02.0 (82160896)|STATEMENT_EXECUTE|[234]
11:02:02.0 (82163867)|STATEMENT_EXECUTE|[240]
11:02:02.0 (82166818)|VARIABLE_SCOPE_BEGIN|[240]|lsTemplate|List<saInquiryReply__c>|true|false
11:02:02.0 (82178038)|VARIABLE_ASSIGNMENT|[240]|lsTemplate|null|
11:02:02.0 (82368181)|VARIABLE_ASSIGNMENT|[EXTERNAL]|this|{"BusinessLocationName":"","currentInquiryReply":"0x24ab7753","currentInquiryReplyDetail":"0x244c1791","dailyReportId":"a0IN0000006RUllMAG","dCurrentDay":"2018-06-30T00:00:00Z","dCurrentMonth":"2018-07-01T00:00:00Z","iCurrentDay":0,"idBusinessLocation":"","isIPhone":false,"isPreview":true,"lsBusinessLocation":"0x11dec18c","messageError":"","messageQuestion":"","mpQuestions":"0x49295837","myUser":"0x62002fd1","sourceOfTheCall":"preview"}|0x3fd67d4a
11:02:02.0 (82391412)|STATEMENT_EXECUTE|[252]
11:02:02.0 (82393583)|STATEMENT_EXECUTE|[253]
11:02:02.0 (82397854)|HEAP_ALLOCATE|[253]|Bytes:393
11:02:02.0 (82412942)|HEAP_ALLOCATE|[253]|Bytes:4
11:02:02.0 (82451494)|METHOD_ENTRY|[259]||System.UserInfo.getUserId()
11:02:02.0 (82475062)|METHOD_EXIT|[259]||System.UserInfo.getUserId()
11:02:02.0 (82925240)|SOQL_EXECUTE_BEGIN|[253]|Aggregations:0|SELECT Id, saBusinessLocation__c, Status__c, saInquiry__c, Comment__c FROM saInquiryReply__c WHERE (saInquiry__r.Type__c = 'DAILY_REPORT' AND (saInquiry__r.ValidFrom__c = NULL OR saInquiry__r.ValidFrom__c <= :tmpVar1) AND (saInquiry__r.ValidTo__c = NULL OR saInquiry__r.ValidTo__c >= :tmpVar2) AND DailyReportDate__c = NULL AND User__c = :tmpVar3) ORDER BY CreatedDate DESC NULLS FIRST LIMIT 1
11:02:02.0 (88467738)|SOQL_EXECUTE_END|[253]|Rows:1
11:02:02.0 (88495060)|HEAP_ALLOCATE|[253]|Bytes:8
11:02:02.0 (88511548)|HEAP_ALLOCATE|[253]|Bytes:89
11:02:02.0 (88548214)|HEAP_ALLOCATE|[253]|Bytes:8
11:02:02.0 (88588124)|VARIABLE_ASSIGNMENT|[253]|lsTemplate|[{"Id":"a0KN0000007Kg4nMAC","Status__c":"WAITING_REPLY","saInquiry__c":"a0IN0000006RUllMAG"}]|0x5c39c090
11:02:02.0 (88596914)|STATEMENT_EXECUTE|[264]
11:02:02.0 (88601783)|HEAP_ALLOCATE|[264]|Bytes:11
11:02:02.0 (88724562)|HEAP_ALLOCATE|[264]|Bytes:101
11:02:02.0 (88749317)|HEAP_ALLOCATE|[264]|Bytes:112
11:02:02.0 (88775306)|USER_DEBUG|[264]|DEBUG|Template : (saInquiryReply__c:{Id=a0KN0000007Kg4nMAC, Status__c=WAITING_REPLY, saInquiry__c=a0IN0000006RUllMAG})
11:02:02.0 (88811442)|STATEMENT_EXECUTE|[265]
11:02:02.0 (88813773)|STATEMENT_EXECUTE|[271]
11:02:02.0 (88829185)|HEAP_ALLOCATE|[271]|Bytes:16
11:02:02.0 (88864781)|VARIABLE_SCOPE_BEGIN|[271]|idInquiry|Id|false|false
11:02:02.0 (88974443)|VARIABLE_ASSIGNMENT|[271]|idInquiry|"a0IN0000006RUllMAG"
11:02:02.0 (88982687)|STATEMENT_EXECUTE|[272]
11:02:02.0 (89002975)|HEAP_ALLOCATE|[272]|Bytes:4
11:02:02.0 (89306178)|VARIABLE_ASSIGNMENT|[EXTERNAL]|this|{"BusinessLocationName":"","currentInquiryReply":"0x24ab7753","currentInquiryReplyDetail":"0x244c1791","dailyReportId":"a0IN0000006RUllMAG","dCurrentDay":"2018-06-30T00:00:00Z","dCurrentMonth":"2018-07-01T00:00:00Z","iCurrentDay":0,"idBusinessLocation":"","isIPhone":false,"isPreview":true,"lsBusinessLocation":"0x11dec18c","messageError":"","messageQuestion":"","mpQuestions":"0x49295837","myUser":"0x62002fd1","sourceOfTheCall":"preview"}|0x3fd67d4a
11:02:02.0 (89327621)|VARIABLE_ASSIGNMENT|[EXTERNAL]|value|{}|0x1ce45de0
11:02:02.0 (89342867)|VARIABLE_ASSIGNMENT|[21]|this.currentInquiryReply|{}|0x3fd67d4a
11:02:02.0 (89355328)|STATEMENT_EXECUTE|[273]
11:02:02.0 (89516834)|VARIABLE_ASSIGNMENT|[EXTERNAL]|this|{"BusinessLocationName":"","currentInquiryReply":"0x1ce45de0","currentInquiryReplyDetail":"0x244c1791","dailyReportId":"a0IN0000006RUllMAG","dCurrentDay":"2018-06-30T00:00:00Z","dCurrentMonth":"2018-07-01T00:00:00Z","iCurrentDay":0,"idBusinessLocation":"","isIPhone":false,"isPreview":true,"lsBusinessLocation":"0x11dec18c","messageError":"","messageQuestion":"","mpQuestions":"0x49295837","myUser":"0x62002fd1","sourceOfTheCall":"preview"}|0x3fd67d4a
11:02:02.0 (89616009)|VARIABLE_ASSIGNMENT|[273]|this.saInquiry__c|"a0IN0000006RUllMAG"|0x1ce45de0
11:02:02.0 (89787071)|VARIABLE_ASSIGNMENT|[EXTERNAL]|this|{"BusinessLocationName":"","currentInquiryReply":"0x1ce45de0","currentInquiryReplyDetail":"0x244c1791","dailyReportId":"a0IN0000006RUllMAG","dCurrentDay":"2018-06-30T00:00:00Z","dCurrentMonth":"2018-07-01T00:00:00Z","iCurrentDay":0,"idBusinessLocation":"","isIPhone":false,"isPreview":true,"lsBusinessLocation":"0x11dec18c","messageError":"","messageQuestion":"","mpQuestions":"0x49295837","myUser":"0x62002fd1","sourceOfTheCall":"preview"}|0x3fd67d4a
11:02:02.0 (89808399)|STATEMENT_EXECUTE|[277]
11:02:02.0 (89810741)|STATEMENT_EXECUTE|[280]
11:02:02.0 (89819541)|METHOD_ENTRY|[280]||System.UserInfo.getUserId()
11:02:02.0 (89849824)|METHOD_EXIT|[280]||System.UserInfo.getUserId()
11:02:02.0 (89865840)|HEAP_ALLOCATE|[280]|Bytes:4
11:02:02.0 (90019099)|VARIABLE_ASSIGNMENT|[EXTERNAL]|this|{"BusinessLocationName":"","currentInquiryReply":"0x1ce45de0","currentInquiryReplyDetail":"0x244c1791","dailyReportId":"a0IN0000006RUllMAG","dCurrentDay":"2018-06-30T00:00:00Z","dCurrentMonth":"2018-07-01T00:00:00Z","iCurrentDay":0,"idBusinessLocation":"","isIPhone":false,"isPreview":true,"lsBusinessLocation":"0x11dec18c","messageError":"","messageQuestion":"","mpQuestions":"0x49295837","myUser":"0x62002fd1","sourceOfTheCall":"preview"}|0x3fd67d4a
11:02:02.0 (90080005)|VARIABLE_ASSIGNMENT|[280]|this.User__c|"005N00000057PfOIAU"|0x1ce45de0
11:02:02.0 (90087844)|STATEMENT_EXECUTE|[281]
11:02:02.0 (90246073)|VARIABLE_ASSIGNMENT|[EXTERNAL]|this|{"BusinessLocationName":"","currentInquiryReply":"0x1ce45de0","currentInquiryReplyDetail":"0x244c1791","dailyReportId":"a0IN0000006RUllMAG","dCurrentDay":"2018-06-30T00:00:00Z","dCurrentMonth":"2018-07-01T00:00:00Z","iCurrentDay":0,"idBusinessLocation":"","isIPhone":false,"isPreview":true,"lsBusinessLocation":"0x11dec18c","messageError":"","messageQuestion":"","mpQuestions":"0x49295837","myUser":"0x62002fd1","sourceOfTheCall":"preview"}|0x3fd67d4a
11:02:02.0 (90314849)|VARIABLE_ASSIGNMENT|[281]|this.DailyReportDate__c|"2018-06-30T00:00:00.000Z"|0x1ce45de0
11:02:02.0 (90323026)|STATEMENT_EXECUTE|[282]
11:02:02.0 (90327274)|HEAP_ALLOCATE|[282]|Bytes:13
11:02:02.0 (90488520)|VARIABLE_ASSIGNMENT|[EXTERNAL]|this|{"BusinessLocationName":"","currentInquiryReply":"0x1ce45de0","currentInquiryReplyDetail":"0x244c1791","dailyReportId":"a0IN0000006RUllMAG","dCurrentDay":"2018-06-30T00:00:00Z","dCurrentMonth":"2018-07-01T00:00:00Z","iCurrentDay":0,"idBusinessLocation":"","isIPhone":false,"isPreview":true,"lsBusinessLocation":"0x11dec18c","messageError":"","messageQuestion":"","mpQuestions":"0x49295837","myUser":"0x62002fd1","sourceOfTheCall":"preview"}|0x3fd67d4a
11:02:02.0 (90539641)|VARIABLE_ASSIGNMENT|[282]|this.Status__c|"WAITING_REPLY"|0x1ce45de0
11:02:02.0 (90547239)|STATEMENT_EXECUTE|[283]
11:02:02.0 (90704982)|VARIABLE_ASSIGNMENT|[EXTERNAL]|this|{"BusinessLocationName":"","currentInquiryReply":"0x1ce45de0","currentInquiryReplyDetail":"0x244c1791","dailyReportId":"a0IN0000006RUllMAG","dCurrentDay":"2018-06-30T00:00:00Z","dCurrentMonth":"2018-07-01T00:00:00Z","iCurrentDay":0,"idBusinessLocation":"","isIPhone":false,"isPreview":true,"lsBusinessLocation":"0x11dec18c","messageError":"","messageQuestion":"","mpQuestions":"0x49295837","myUser":"0x62002fd1","sourceOfTheCall":"preview"}|0x3fd67d4a
11:02:02.0 (90750902)|VARIABLE_ASSIGNMENT|[283]|this.Comment__c|""|0x1ce45de0
11:02:02.0 (90758610)|STATEMENT_EXECUTE|[285]
11:02:02.0 (90762643)|HEAP_ALLOCATE|[285]|Bytes:625
11:02:02.0 (90782467)|HEAP_ALLOCATE|[285]|Bytes:4
11:02:02.0 (91357632)|SOQL_EXECUTE_BEGIN|[285]|Aggregations:0|SELECT Id, QuestionLabel__c, AnswerType__c, NumberPossibleReplies__c, IsShortReply__c, SortNo__c, IsRequired__c, Reply01Label__c, Reply02Label__c, Reply03Label__c, Reply04Label__c, Reply05Label__c, Reply06Label__c, Reply07Label__c, Reply08Label__c, Reply09Label__c, Reply10Label__c, Reply11Label__c, Reply12Label__c, Reply13Label__c, Reply14Label__c, Reply15Label__c, Reply16Label__c, Reply17Label__c, Reply18Label__c, Reply19Label__c, Reply20Label__c, Reply21Label__c, Reply22Label__c, Reply23Label__c, Reply24Label__c, Reply25Label__c FROM saInquiryDetail__c WHERE saInquiry__c = :tmpVar1 ORDER BY SortNo__c ASC NULLS FIRST
11:02:02.0 (102341621)|SOQL_EXECUTE_END|[285]|Rows:1
11:02:02.0 (102399525)|HEAP_ALLOCATE|[285]|Bytes:8
11:02:02.0 (102436994)|HEAP_ALLOCATE|[285]|Bytes:282
11:02:02.0 (102515053)|HEAP_ALLOCATE|[285]|Bytes:8
11:02:02.0 (102544883)|VARIABLE_SCOPE_BEGIN|[285]|lsTmpQuest|List<saInquiryDetail__c>|true|false
11:02:02.0 (102615766)|VARIABLE_ASSIGNMENT|[285]|lsTmpQuest|[{"Id":"a0JN0000008h2r2MAA","QuestionLabel__c":"Works?","AnswerType__c":"CHECKBOX","NumberPossibleReplies__c":2,"IsShortReply__c":true,"SortNo__c":0,"IsRequired__c":false,"Reply01Label__c":"Yes!","Reply02Label__c":"No!"}]|0x6ab367c8
11:02:02.0 (102909931)|HEAP_ALLOCATE|[295]|Bytes:5
11:02:02.0 (102940292)|HEAP_ALLOCATE|[295]|Bytes:40
11:02:02.0 (102955409)|VARIABLE_SCOPE_BEGIN|[295]|quest|saInquiryDetail__c|true|false
11:02:02.0 (102998612)|VARIABLE_ASSIGNMENT|[295]|quest|{"Id":"a0JN0000008h2r2MAA","QuestionLabel__c":"Works?","AnswerType__c":"CHECKBOX","NumberPossibleReplies__c":2,"IsShortReply__c":true,"SortNo__c":0,"IsRequired__c":false,"Reply01Label__c":"Yes!","Reply02Label__c":"No!"}|0x279c8eef
11:02:02.0 (103014937)|STATEMENT_EXECUTE|[295]
11:02:02.0 (103019111)|STATEMENT_EXECUTE|[296]
11:02:02.0 (103053072)|HEAP_ALLOCATE|[296]|Bytes:4
11:02:02.0 (103178647)|VARIABLE_SCOPE_BEGIN|[296]|questReply|saInquiryReplyDetail__c|true|false
11:02:02.0 (103203687)|VARIABLE_ASSIGNMENT|[296]|questReply|{}|0x56e020f3
11:02:02.0 (103213357)|STATEMENT_EXECUTE|[297]
11:02:02.0 (103359174)|VARIABLE_ASSIGNMENT|[297]|this.saInquiryDetail__c|"a0JN0000008h2r2MAA"|0x56e020f3
11:02:02.0 (103371661)|STATEMENT_EXECUTE|[298]
11:02:02.0 (103774929)|VARIABLE_ASSIGNMENT|[EXTERNAL]|this|{"BusinessLocationName":"","currentInquiryReply":"0x1ce45de0","currentInquiryReplyDetail":"0x244c1791","dailyReportId":"a0IN0000006RUllMAG","dCurrentDay":"2018-06-30T00:00:00Z","dCurrentMonth":"2018-07-01T00:00:00Z","iCurrentDay":0,"idBusinessLocation":"","isIPhone":false,"isPreview":true,"lsBusinessLocation":"0x11dec18c","messageError":"","messageQuestion":"","mpQuestions":"0x49295837","myUser":"0x62002fd1","sourceOfTheCall":"preview"}|0x3fd67d4a
11:02:02.0 (103824198)|HEAP_ALLOCATE|[EXTERNAL]|Bytes:4
11:02:02.0 (103836744)|STATEMENT_EXECUTE|[299]
11:02:02.0 (104072399)|VARIABLE_ASSIGNMENT|[EXTERNAL]|this|{"BusinessLocationName":"","currentInquiryReply":"0x1ce45de0","currentInquiryReplyDetail":"0x244c1791","dailyReportId":"a0IN0000006RUllMAG","dCurrentDay":"2018-06-30T00:00:00Z","dCurrentMonth":"2018-07-01T00:00:00Z","iCurrentDay":0,"idBusinessLocation":"","isIPhone":false,"isPreview":true,"lsBusinessLocation":"0x11dec18c","messageError":"","messageQuestion":"","mpQuestions":"0x49295837","myUser":"0x62002fd1","sourceOfTheCall":"preview"}|0x3fd67d4a
11:02:02.0 (104128019)|HEAP_ALLOCATE|[EXTERNAL]|Bytes:-4
11:02:02.0 (104151033)|HEAP_ALLOCATE|[295]|Bytes:5
11:02:02.0 (104170993)|VARIABLE_ASSIGNMENT|[295]|quest|null|
11:02:02.0 (104187373)|SYSTEM_MODE_EXIT|false
11:02:02.0 (122339866)|SYSTEM_MODE_ENTER|true
11:02:02.0 (122389927)|HEAP_ALLOCATE|[EXTERNAL]|Bytes:40
11:02:02.0 (122419746)|VARIABLE_ASSIGNMENT|[EXTERNAL]|this.iCountComments|null|0x664528b7
11:02:02.0 (122488299)|SYSTEM_MODE_ENTER|true
11:02:02.0 (122503661)|HEAP_ALLOCATE|[EXTERNAL]|Bytes:40
11:02:02.0 (122512465)|VARIABLE_ASSIGNMENT|[EXTERNAL]|this.iCountLikes|null|0x664528b7
11:02:02.0 (122611203)|SYSTEM_MODE_ENTER|true
11:02:02.0 (122680705)|HEAP_ALLOCATE|[EXTERNAL]|Bytes:76
11:02:02.0 (122692724)|VARIABLE_SCOPE_BEGIN|[92]|this|saDailyReportCtrl|true|false
11:02:02.0 (123015636)|VARIABLE_ASSIGNMENT|[92]|this|{"BusinessLocationName":"","currentInquiryReply":"0x1ce45de0","currentInquiryReplyDetail":"0x244c1791","dailyReportId":"a0IN0000006RUllMAG","dCurrentDay":"2018-06-30T00:00:00Z","dCurrentMonth":"2018-07-01T00:00:00Z","iCurrentDay":0,"idBusinessLocation":"","isIPhone":false,"isPreview":true,"lsBusinessLocation":"0x11dec18c","messageError":"","messageQuestion":"","mpQuestions":"0x49295837","myUser":"0x62002fd1","sourceOfTheCall":"preview"}|0x3fd67d4a
11:02:02.0 (123044105)|SYSTEM_MODE_ENTER|false
11:02:02.0 (123058059)|HEAP_ALLOCATE|[92]|Bytes:5
11:02:02.0 (123065425)|STATEMENT_EXECUTE|[92]
11:02:02.0 (123068272)|STATEMENT_EXECUTE|[92]
11:02:02.0 (123078393)|SYSTEM_MODE_EXIT|false
11:02:02.0 (123140660)|SYSTEM_MODE_ENTER|true
11:02:02.0 (123161937)|HEAP_ALLOCATE|[EXTERNAL]|Bytes:8
11:02:02.0 (123167145)|HEAP_ALLOCATE|[EXTERNAL]|Bytes:40
11:02:02.0 (123176530)|VARIABLE_ASSIGNMENT|[EXTERNAL]|this.iTypeOfScreen|54|0x664528b7
11:02:02.0 (123257417)|SYSTEM_MODE_ENTER|true
11:02:02.0 (123296760)|HEAP_ALLOCATE|[EXTERNAL]|Bytes:40
11:02:02.0 (123306490)|VARIABLE_SCOPE_BEGIN|[80]|this|auMainTopCompCtrl|true|false
11:02:02.0 (123360388)|VARIABLE_ASSIGNMENT|[80]|this|{"currentUser":"0x23f1ffe","iTypeOfScreen":54,"urlReportsSFA":"https://cs6.lightnin (84 more) ..."}|0x664528b7
11:02:02.0 (123371472)|STATEMENT_EXECUTE|[80]
11:02:02.0 (123373522)|STATEMENT_EXECUTE|[81]
11:02:02.0 (123414458)|VARIABLE_ASSIGNMENT|[EXTERNAL]|this|{"currentUser":"0x23f1ffe","iTypeOfScreen":54,"urlReportsSFA":"https://cs6.lightnin (84 more) ..."}|0x664528b7
11:02:02.0 (123463681)|VARIABLE_ASSIGNMENT|[EXTERNAL]|this|{"currentUser":"0x23f1ffe","iTypeOfScreen":54,"urlReportsSFA":"https://cs6.lightnin (84 more) ..."}|0x664528b7
11:02:02.0 (123498853)|VARIABLE_ASSIGNMENT|[EXTERNAL]|this|{"currentUser":"0x23f1ffe","iTypeOfScreen":54,"urlReportsSFA":"https://cs6.lightnin (84 more) ..."}|0x664528b7
11:02:02.0 (123532588)|VARIABLE_ASSIGNMENT|[EXTERNAL]|this|{"currentUser":"0x23f1ffe","iTypeOfScreen":54,"urlReportsSFA":"https://cs6.lightnin (84 more) ..."}|0x664528b7
11:02:02.0 (123548295)|HEAP_ALLOCATE|[81]|Bytes:5
11:02:02.0 (123625583)|SYSTEM_MODE_ENTER|true
11:02:02.0 (123660853)|HEAP_ALLOCATE|[EXTERNAL]|Bytes:40
11:02:02.0 (123675191)|VARIABLE_SCOPE_BEGIN|[98]|this|auMainTopCompCtrl|true|false
11:02:02.0 (123721492)|VARIABLE_ASSIGNMENT|[98]|this|{"currentUser":"0x23f1ffe","iTypeOfScreen":54,"urlReportsSFA":"https://cs6.lightnin (84 more) ..."}|0x664528b7
11:02:02.0 (123731969)|STATEMENT_EXECUTE|[98]
11:02:02.0 (123733875)|STATEMENT_EXECUTE|[99]
11:02:02.0 (123764289)|VARIABLE_ASSIGNMENT|[EXTERNAL]|this|{"currentUser":"0x23f1ffe","iTypeOfScreen":54,"urlReportsSFA":"https://cs6.lightnin (84 more) ..."}|0x664528b7
11:02:02.0 (123780670)|HEAP_ALLOCATE|[99]|Bytes:5
11:02:02.0 (123843029)|SYSTEM_MODE_ENTER|true
11:02:02.0 (123874117)|HEAP_ALLOCATE|[EXTERNAL]|Bytes:40
11:02:02.0 (123880598)|VARIABLE_SCOPE_BEGIN|[102]|this|auMainTopCompCtrl|true|false
11:02:02.0 (123912193)|VARIABLE_ASSIGNMENT|[102]|this|{"currentUser":"0x23f1ffe","iTypeOfScreen":54,"urlReportsSFA":"https://cs6.lightnin (84 more) ..."}|0x664528b7
11:02:02.0 (123921286)|STATEMENT_EXECUTE|[102]
11:02:02.0 (123923257)|STATEMENT_EXECUTE|[103]
11:02:02.0 (123951075)|VARIABLE_ASSIGNMENT|[EXTERNAL]|this|{"currentUser":"0x23f1ffe","iTypeOfScreen":54,"urlReportsSFA":"https://cs6.lightnin (84 more) ..."}|0x664528b7
11:02:02.0 (123965373)|HEAP_ALLOCATE|[103]|Bytes:5
11:02:02.0 (124075712)|SYSTEM_MODE_ENTER|true
11:02:02.0 (124191042)|SYSTEM_MODE_ENTER|true
11:02:02.0 (124312075)|SYSTEM_MODE_ENTER|true
11:02:02.0 (124555993)|SYSTEM_MODE_ENTER|true
11:02:02.0 (127651095)|SYSTEM_MODE_ENTER|true
11:02:02.0 (127756331)|SYSTEM_MODE_ENTER|true
11:02:02.0 (128524966)|SYSTEM_MODE_ENTER|true
11:02:02.0 (128583410)|HEAP_ALLOCATE|[EXTERNAL]|Bytes:76
11:02:02.0 (128596948)|VARIABLE_SCOPE_BEGIN|[141]|this|saDailyReportCtrl|true|false
11:02:02.0 (128879141)|VARIABLE_ASSIGNMENT|[141]|this|{"BusinessLocationName":"","currentInquiryReply":"0x1ce45de0","currentInquiryReplyDetail":"0x244c1791","dailyReportId":"a0IN0000006RUllMAG","dCurrentDay":"2018-06-30T00:00:00Z","dCurrentMonth":"2018-07-01T00:00:00Z","iCurrentDay":0,"idBusinessLocation":"","isIPhone":false,"isPreview":true,"lsBusinessLocation":"0x11dec18c","messageError":"","messageQuestion":"","mpQuestions":"0x49295837","myUser":"0x62002fd1","sourceOfTheCall":"preview"}|0x3fd67d4a
11:02:02.0 (128908412)|SYSTEM_MODE_ENTER|false
11:02:02.0 (128921593)|HEAP_ALLOCATE|[142]|Bytes:5
11:02:02.0 (128927899)|STATEMENT_EXECUTE|[141]
11:02:02.0 (128930532)|STATEMENT_EXECUTE|[142]
11:02:02.0 (129020526)|HEAP_ALLOCATE|[142]|Bytes:4
11:02:02.0 (129033944)|HEAP_ALLOCATE|[142]|Bytes:1
11:02:02.0 (129056374)|HEAP_ALLOCATE|[142]|Bytes:1
11:02:02.0 (129065166)|HEAP_ALLOCATE|[142]|Bytes:1
11:02:02.0 (129095689)|HEAP_ALLOCATE|[142]|Bytes:2
11:02:02.0 (129114108)|HEAP_ALLOCATE|[142]|Bytes:9
11:02:02.0 (129121879)|HEAP_ALLOCATE|[142]|Bytes:10
11:02:02.0 (129131231)|SYSTEM_MODE_EXIT|false
11:02:02.0 (129334341)|SYSTEM_MODE_ENTER|true
11:02:02.0 (129872695)|SYSTEM_MODE_ENTER|true
11:02:02.0 (149085178)|VF_SERIALIZE_VIEWSTATE_BEGIN|066N0000000M4pW
11:02:02.0 (153212702)|VF_SERIALIZE_VIEWSTATE_END
11:02:02.157 (157952171)|CUMULATIVE_LIMIT_USAGE
11:02:02.157 (157952171)|LIMIT_USAGE_FOR_NS|(default)|
  Number of SOQL queries: 5 out of 100
  Number of query rows: 2 out of 50000
  Number of SOSL queries: 0 out of 20
  Number of DML statements: 0 out of 150
  Number of DML rows: 0 out of 10000
  Maximum CPU time: 0 out of 10000
  Maximum heap size: 0 out of 6000000
  Number of callouts: 0 out of 100
  Number of Email Invocations: 0 out of 10
  Number of future calls: 0 out of 50
  Number of queueable jobs added to the queue: 0 out of 50
  Number of Mobile Apex push calls: 0 out of 10

11:02:02.157 (157952171)|CUMULATIVE_LIMIT_USAGE_END

11:02:02.0 (158027656)|CODE_UNIT_FINISHED|VF: /apex/sadailyreport
11:02:02.0 (158874924)|EXECUTION_FINISHED
