38.0 APEX_CODE,FINEST;APEX_PROFILING,INFO;CALLOUT,INFO;DB,INFO;SYSTEM,DEBUG;VALIDATION,INFO;VISUALFORCE,INFO;WAVE,INFO;WORKFLOW,INFO
14:50:11.0 (51133)|USER_INFO|[EXTERNAL]|005N00000057PfO|thomas.remy+kddi_gwdev01@globalway.co.jp|Japan Standard Time|GMT+09:00
14:50:11.0 (87140)|EXECUTION_STARTED
14:50:11.0 (91354)|CODE_UNIT_STARTED|[EXTERNAL]|066N0000000M59u|VF: /apex/saReport
14:50:11.0 (11868173)|SYSTEM_MODE_ENTER|true
14:50:11.0 (12039894)|VARIABLE_SCOPE_BEGIN|[5]|saReportCtrl.CASES_CHARACTER|String|false|true
14:50:11.0 (12051768)|VARIABLE_SCOPE_BEGIN|[8]|saReportCtrl.SEARCH_COUNT_NUMBER100|String|false|true
14:50:11.0 (12058004)|VARIABLE_SCOPE_BEGIN|[6]|saReportCtrl.SEARCH_COUNT_NUMBER20|String|false|true
14:50:11.0 (12064016)|VARIABLE_SCOPE_BEGIN|[7]|saReportCtrl.SEARCH_COUNT_NUMBER50|String|false|true
14:50:11.0 (12070301)|VARIABLE_SCOPE_BEGIN|[13]|saReportCtrl.SORTED_BY_FAVORITES_LABEL|String|false|true
14:50:11.0 (12076445)|VARIABLE_SCOPE_BEGIN|[19]|saReportCtrl.SORTED_BY_FAVORITES_VALUE|String|false|true
14:50:11.0 (12082756)|VARIABLE_SCOPE_BEGIN|[11]|saReportCtrl.SORTED_BY_NEWS_LABEL|String|false|true
14:50:11.0 (12087918)|VARIABLE_SCOPE_BEGIN|[17]|saReportCtrl.SORTED_BY_NEWS_VALUE|String|false|true
14:50:11.0 (12093001)|VARIABLE_SCOPE_BEGIN|[10]|saReportCtrl.SORTED_BY_NONE_LABEL|String|false|true
14:50:11.0 (12098128)|VARIABLE_SCOPE_BEGIN|[16]|saReportCtrl.SORTED_BY_NONE_VALUE|String|false|true
14:50:11.0 (12103727)|VARIABLE_SCOPE_BEGIN|[12]|saReportCtrl.SORTED_BY_NUMBER_OF_VIEWS_LABEL|String|false|true
14:50:11.0 (12109313)|VARIABLE_SCOPE_BEGIN|[18]|saReportCtrl.SORTED_BY_NUMBER_OF_VIEWS_VALUE|String|false|true
14:50:11.0 (12114982)|VARIABLE_SCOPE_BEGIN|[14]|saReportCtrl.SORTED_BY_RELEASE_DATES_LABEL|String|false|true
14:50:11.0 (12120524)|VARIABLE_SCOPE_BEGIN|[20]|saReportCtrl.SORTED_BY_RELEASE_DATES_VALUE|String|false|true
14:50:11.0 (12226506)|HEAP_ALLOCATE|[72]|Bytes:3
14:50:11.0 (12248564)|HEAP_ALLOCATE|[77]|Bytes:152
14:50:11.0 (12258747)|HEAP_ALLOCATE|[342]|Bytes:408
14:50:11.0 (12270309)|HEAP_ALLOCATE|[355]|Bytes:408
14:50:11.0 (12280795)|HEAP_ALLOCATE|[467]|Bytes:48
14:50:11.0 (12302046)|HEAP_ALLOCATE|[139]|Bytes:6
14:50:11.0 (12313527)|HEAP_ALLOCATE|[EXTERNAL]|Bytes:644
14:50:11.0 (12321089)|HEAP_ALLOCATE|[EXTERNAL]|Bytes:167
14:50:11.0 (12325847)|HEAP_ALLOCATE|[EXTERNAL]|Bytes:138
14:50:11.0 (12330693)|HEAP_ALLOCATE|[EXTERNAL]|Bytes:1
14:50:11.0 (12350347)|VARIABLE_ASSIGNMENT|[EXTERNAL]|saReportCtrl.CASES_CHARACTER|"件"
14:50:11.0 (12356392)|HEAP_ALLOCATE|[EXTERNAL]|Bytes:4
14:50:11.0 (12362225)|VARIABLE_ASSIGNMENT|[EXTERNAL]|saReportCtrl.SEARCH_COUNT_NUMBER100|"100件"
14:50:11.0 (12366281)|HEAP_ALLOCATE|[EXTERNAL]|Bytes:3
14:50:11.0 (12370941)|VARIABLE_ASSIGNMENT|[EXTERNAL]|saReportCtrl.SEARCH_COUNT_NUMBER20|"20件"
14:50:11.0 (12374819)|HEAP_ALLOCATE|[EXTERNAL]|Bytes:3
14:50:11.0 (12379782)|VARIABLE_ASSIGNMENT|[EXTERNAL]|saReportCtrl.SEARCH_COUNT_NUMBER50|"50件"
14:50:11.0 (12383535)|HEAP_ALLOCATE|[EXTERNAL]|Bytes:4
14:50:11.0 (12388526)|VARIABLE_ASSIGNMENT|[EXTERNAL]|saReportCtrl.SORTED_BY_FAVORITES_LABEL|"いいね順"
14:50:11.0 (12392414)|HEAP_ALLOCATE|[EXTERNAL]|Bytes:4
14:50:11.0 (12397006)|VARIABLE_ASSIGNMENT|[EXTERNAL]|saReportCtrl.SORTED_BY_FAVORITES_VALUE|"いいね順"
14:50:11.0 (12400665)|HEAP_ALLOCATE|[EXTERNAL]|Bytes:3
14:50:11.0 (12405487)|VARIABLE_ASSIGNMENT|[EXTERNAL]|saReportCtrl.SORTED_BY_NEWS_LABEL|"NEW"
14:50:11.0 (12409021)|HEAP_ALLOCATE|[EXTERNAL]|Bytes:3
14:50:11.0 (12414027)|VARIABLE_ASSIGNMENT|[EXTERNAL]|saReportCtrl.SORTED_BY_NEWS_VALUE|"NEW"
14:50:11.0 (12418064)|HEAP_ALLOCATE|[EXTERNAL]|Bytes:1
14:50:11.0 (12423049)|VARIABLE_ASSIGNMENT|[EXTERNAL]|saReportCtrl.SORTED_BY_NONE_LABEL|" "
14:50:11.0 (12426964)|HEAP_ALLOCATE|[EXTERNAL]|Bytes:1
14:50:11.0 (12436629)|VARIABLE_ASSIGNMENT|[EXTERNAL]|saReportCtrl.SORTED_BY_NONE_VALUE|" "
14:50:11.0 (12440654)|HEAP_ALLOCATE|[EXTERNAL]|Bytes:4
14:50:11.0 (12446104)|VARIABLE_ASSIGNMENT|[EXTERNAL]|saReportCtrl.SORTED_BY_NUMBER_OF_VIEWS_LABEL|"閲覧数順"
14:50:11.0 (12450095)|HEAP_ALLOCATE|[EXTERNAL]|Bytes:4
14:50:11.0 (12455158)|VARIABLE_ASSIGNMENT|[EXTERNAL]|saReportCtrl.SORTED_BY_NUMBER_OF_VIEWS_VALUE|"閲覧数順"
14:50:11.0 (12458727)|HEAP_ALLOCATE|[EXTERNAL]|Bytes:4
14:50:11.0 (12463628)|VARIABLE_ASSIGNMENT|[EXTERNAL]|saReportCtrl.SORTED_BY_RELEASE_DATES_LABEL|"公開日時"
14:50:11.0 (12467337)|HEAP_ALLOCATE|[EXTERNAL]|Bytes:4
14:50:11.0 (12472098)|VARIABLE_ASSIGNMENT|[EXTERNAL]|saReportCtrl.SORTED_BY_RELEASE_DATES_VALUE|"公開日時"
14:50:11.0 (12480817)|METHOD_ENTRY|[1]|01pN0000000aEUV|saReportCtrl.saReportCtrl()
14:50:11.0 (12486234)|STATEMENT_EXECUTE|[1]
14:50:11.0 (12490364)|STATEMENT_EXECUTE|[1]
14:50:11.0 (12515626)|HEAP_ALLOCATE|[50]|Bytes:5
14:50:11.0 (12531258)|HEAP_ALLOCATE|[56]|Bytes:5
14:50:11.0 (12537570)|HEAP_ALLOCATE|[64]|Bytes:7
14:50:11.0 (12556922)|SYSTEM_MODE_ENTER|false
14:50:11.0 (12567057)|HEAP_ALLOCATE|[EXTERNAL]|Bytes:5
14:50:11.0 (12573239)|SYSTEM_MODE_EXIT|false
14:50:11.0 (12579997)|METHOD_EXIT|[1]|saReportCtrl
14:50:11.0 (12585855)|HEAP_ALLOCATE|[EXTERNAL]|Bytes:120
14:50:11.0 (12591595)|VARIABLE_SCOPE_BEGIN|[86]|this|saReportCtrl|true|false
14:50:11.0 (12648122)|VARIABLE_ASSIGNMENT|[86]|this|{}|0x3da9a4e3
14:50:11.0 (12661711)|SYSTEM_MODE_ENTER|false
14:50:11.0 (12666582)|HEAP_ALLOCATE|[88]|Bytes:5
14:50:11.0 (12670349)|STATEMENT_EXECUTE|[1]
14:50:11.0 (12674727)|HEAP_ALLOCATE|[88]|Bytes:5
14:50:11.0 (12677248)|STATEMENT_EXECUTE|[23]
14:50:11.0 (12678776)|STATEMENT_EXECUTE|[26]
14:50:11.0 (12679945)|STATEMENT_EXECUTE|[28]
14:50:11.0 (12681076)|STATEMENT_EXECUTE|[30]
14:50:11.0 (12682186)|STATEMENT_EXECUTE|[31]
14:50:11.0 (12683591)|STATEMENT_EXECUTE|[34]
14:50:11.0 (12684761)|STATEMENT_EXECUTE|[35]
14:50:11.0 (12685895)|STATEMENT_EXECUTE|[37]
14:50:11.0 (12687123)|STATEMENT_EXECUTE|[40]
14:50:11.0 (12688266)|STATEMENT_EXECUTE|[44]
14:50:11.0 (12689409)|STATEMENT_EXECUTE|[45]
14:50:11.0 (12690517)|STATEMENT_EXECUTE|[46]
14:50:11.0 (12691656)|STATEMENT_EXECUTE|[50]
14:50:11.0 (12692778)|STATEMENT_EXECUTE|[51]
14:50:11.0 (12693887)|STATEMENT_EXECUTE|[52]
14:50:11.0 (12695030)|STATEMENT_EXECUTE|[53]
14:50:11.0 (12696262)|STATEMENT_EXECUTE|[54]
14:50:11.0 (12697414)|STATEMENT_EXECUTE|[55]
14:50:11.0 (12698774)|STATEMENT_EXECUTE|[57]
14:50:11.0 (12699889)|STATEMENT_EXECUTE|[58]
14:50:11.0 (12700998)|STATEMENT_EXECUTE|[59]
14:50:11.0 (12702189)|STATEMENT_EXECUTE|[65]
14:50:11.0 (12703388)|STATEMENT_EXECUTE|[66]
14:50:11.0 (12704659)|STATEMENT_EXECUTE|[67]
14:50:11.0 (12705977)|STATEMENT_EXECUTE|[68]
14:50:11.0 (12707116)|STATEMENT_EXECUTE|[69]
14:50:11.0 (12708232)|STATEMENT_EXECUTE|[70]
14:50:11.0 (12709357)|STATEMENT_EXECUTE|[71]
14:50:11.0 (12710661)|STATEMENT_EXECUTE|[72]
14:50:11.0 (12716541)|HEAP_ALLOCATE|[88]|Bytes:6
14:50:11.0 (12743642)|STATEMENT_EXECUTE|[86]
14:50:11.0 (12745190)|STATEMENT_EXECUTE|[88]
14:50:11.0 (12747846)|HEAP_ALLOCATE|[88]|Bytes:17
14:50:11.0 (12785454)|USER_DEBUG|[88]|DEBUG|Run: saReportCtrl
14:50:11.0 (12794667)|STATEMENT_EXECUTE|[91]
14:50:11.0 (12856314)|METHOD_ENTRY|[91]|01pN0000000aEUV|saReportCtrl.initHomePage()
14:50:11.0 (12878338)|VARIABLE_SCOPE_BEGIN|[119]|this|saReportCtrl|true|false
14:50:11.0 (12916884)|VARIABLE_ASSIGNMENT|[119]|this|{}|0x3da9a4e3
14:50:11.0 (12930945)|HEAP_ALLOCATE|[121]|Bytes:5
14:50:11.0 (12934993)|STATEMENT_EXECUTE|[119]
14:50:11.0 (12936431)|STATEMENT_EXECUTE|[121]
14:50:11.0 (12944392)|METHOD_ENTRY|[121]|01pN0000000aEUV|saReportCtrl.initCategory()
14:50:11.0 (12959926)|VARIABLE_SCOPE_BEGIN|[145]|this|saReportCtrl|true|false
14:50:11.0 (12995251)|VARIABLE_ASSIGNMENT|[145]|this|{}|0x3da9a4e3
14:50:11.0 (13005934)|HEAP_ALLOCATE|[147]|Bytes:5
14:50:11.0 (13010517)|STATEMENT_EXECUTE|[145]
14:50:11.0 (13011984)|STATEMENT_EXECUTE|[147]
14:50:11.0 (13014544)|HEAP_ALLOCATE|[147]|Bytes:17
14:50:11.0 (13027325)|USER_DEBUG|[147]|DEBUG|Run: initCategory
14:50:11.0 (13034281)|STATEMENT_EXECUTE|[150]
14:50:11.0 (13036348)|HEAP_ALLOCATE|[150]|Bytes:57
14:50:11.0 (13040816)|VARIABLE_SCOPE_BEGIN|[150]|queryStr|String|false|false
14:50:11.0 (13053140)|VARIABLE_ASSIGNMENT|[150]|queryStr|" SELECT Availability (37 more) ..."
14:50:11.0 (13057231)|STATEMENT_EXECUTE|[151]
14:50:11.0 (13059036)|HEAP_ALLOCATE|[151]|Bytes:44
14:50:11.0 (13072258)|HEAP_ALLOCATE|[151]|Bytes:101
14:50:11.0 (13083094)|USER_DEBUG|[151]|DEBUG|Request to gather the report's categories :  SELECT AvailabilityDate__c,Category__c FROM saReport__c 
14:50:11.0 (13089196)|STATEMENT_EXECUTE|[152]
14:50:11.0 (13375169)|SOQL_EXECUTE_BEGIN|[152]|Aggregations:0| SELECT AvailabilityDate__c,Category__c FROM saReport__c 
14:50:11.0 (15509547)|SOQL_EXECUTE_END|[152]|Rows:6
14:50:11.0 (15528521)|HEAP_ALLOCATE|[152]|Bytes:28
14:50:11.0 (15552406)|HEAP_ALLOCATE|[152]|Bytes:441
14:50:11.0 (15628906)|HEAP_ALLOCATE|[152]|Bytes:28
14:50:11.0 (15647510)|VARIABLE_SCOPE_BEGIN|[152]|listOfReportsCategories|List<saReport__c>|true|false
14:50:11.0 (15665041)|VARIABLE_ASSIGNMENT|[152]|listOfReportsCategories|"List of size 6 too large to display"|0xd89a904
14:50:11.0 (15671179)|STATEMENT_EXECUTE|[154]
14:50:11.0 (15681498)|HEAP_ALLOCATE|[154]|Bytes:4
14:50:11.0 (15710223)|VARIABLE_SCOPE_BEGIN|[154]|listOfCategory|List<String>|true|false
14:50:11.0 (15731671)|HEAP_ALLOCATE|[EXTERNAL]|Bytes:4
14:50:11.0 (15741431)|VARIABLE_ASSIGNMENT|[154]|listOfCategory|[]|0x5e51a8a5
14:50:11.0 (15894779)|HEAP_ALLOCATE|[158]|Bytes:5
14:50:11.0 (15910489)|HEAP_ALLOCATE|[158]|Bytes:16
14:50:11.0 (15917975)|VARIABLE_SCOPE_BEGIN|[158]|report|saReport__c|true|false
14:50:11.0 (15952534)|VARIABLE_ASSIGNMENT|[158]|report|{"AvailabilityDate__c":"3000-03-09T03:20:00.000Z","Category__c":"au Wallet","Id":"a0HN0000008OfjdMAC"}|0x3129fb67
14:50:11.0 (15959623)|STATEMENT_EXECUTE|[158]
14:50:11.0 (15961124)|STATEMENT_EXECUTE|[159]
14:50:11.0 (15965163)|VARIABLE_SCOPE_BEGIN|[159]|i|Integer|false|false
14:50:11.0 (15972730)|HEAP_ALLOCATE|[159]|Bytes:4
14:50:11.0 (15979664)|VARIABLE_ASSIGNMENT|[159]|i|0
14:50:11.0 (15983092)|STATEMENT_EXECUTE|[160]
14:50:11.0 (15985376)|VARIABLE_SCOPE_BEGIN|[160]|alreadyAdded|Boolean|false|false
14:50:11.0 (15993395)|HEAP_ALLOCATE|[160]|Bytes:5
14:50:11.0 (15998473)|VARIABLE_ASSIGNMENT|[160]|alreadyAdded|false
14:50:11.0 (16001836)|STATEMENT_EXECUTE|[161]
14:50:11.0 (16004240)|VARIABLE_SCOPE_BEGIN|[161]|available|Boolean|false|false
14:50:11.0 (16010228)|HEAP_ALLOCATE|[161]|Bytes:5
14:50:11.0 (16014114)|VARIABLE_ASSIGNMENT|[161]|available|false
14:50:11.0 (16079020)|HEAP_ALLOCATE|[162]|Bytes:56
14:50:11.0 (16100484)|STATEMENT_EXECUTE|[162]
14:50:11.0 (16104406)|STATEMENT_EXECUTE|[173]
14:50:11.0 (16111644)|HEAP_ALLOCATE|[158]|Bytes:5
14:50:11.0 (16120910)|HEAP_ALLOCATE|[158]|Bytes:16
14:50:11.0 (16126177)|VARIABLE_SCOPE_BEGIN|[158]|report|saReport__c|true|false
14:50:11.0 (16142699)|VARIABLE_ASSIGNMENT|[158]|report|{"AvailabilityDate__c":"3000-03-09T03:18:00.000Z","Category__c":"au Wallet","Id":"a0HN0000008Oba9MAC"}|0x7c081de4
14:50:11.0 (16148219)|STATEMENT_EXECUTE|[158]
14:50:11.0 (16149511)|STATEMENT_EXECUTE|[159]
14:50:11.0 (16151756)|VARIABLE_SCOPE_BEGIN|[159]|i|Integer|false|false
14:50:11.0 (16157395)|HEAP_ALLOCATE|[159]|Bytes:4
14:50:11.0 (16162350)|VARIABLE_ASSIGNMENT|[159]|i|0
14:50:11.0 (16165987)|STATEMENT_EXECUTE|[160]
14:50:11.0 (16167958)|VARIABLE_SCOPE_BEGIN|[160]|alreadyAdded|Boolean|false|false
14:50:11.0 (16174140)|HEAP_ALLOCATE|[160]|Bytes:5
14:50:11.0 (16178021)|VARIABLE_ASSIGNMENT|[160]|alreadyAdded|false
14:50:11.0 (16181190)|STATEMENT_EXECUTE|[161]
14:50:11.0 (16182949)|VARIABLE_SCOPE_BEGIN|[161]|available|Boolean|false|false
14:50:11.0 (16188274)|HEAP_ALLOCATE|[161]|Bytes:5
14:50:11.0 (16192069)|VARIABLE_ASSIGNMENT|[161]|available|false
14:50:11.0 (16207859)|HEAP_ALLOCATE|[162]|Bytes:56
14:50:11.0 (16219761)|STATEMENT_EXECUTE|[162]
14:50:11.0 (16222555)|STATEMENT_EXECUTE|[173]
14:50:11.0 (16228254)|HEAP_ALLOCATE|[158]|Bytes:5
14:50:11.0 (16235439)|HEAP_ALLOCATE|[158]|Bytes:16
14:50:11.0 (16240008)|VARIABLE_SCOPE_BEGIN|[158]|report|saReport__c|true|false
14:50:11.0 (16253821)|VARIABLE_ASSIGNMENT|[158]|report|{"AvailabilityDate__c":"3000-03-09T03:20:00.000Z","Category__c":"その他","Id":"a0HN0000008OfjYMAS"}|0x135ddf9c
14:50:11.0 (16259348)|STATEMENT_EXECUTE|[158]
14:50:11.0 (16260908)|STATEMENT_EXECUTE|[159]
14:50:11.0 (16262992)|VARIABLE_SCOPE_BEGIN|[159]|i|Integer|false|false
14:50:11.0 (16268646)|HEAP_ALLOCATE|[159]|Bytes:4
14:50:11.0 (16273164)|VARIABLE_ASSIGNMENT|[159]|i|0
14:50:11.0 (16276666)|STATEMENT_EXECUTE|[160]
14:50:11.0 (16278445)|VARIABLE_SCOPE_BEGIN|[160]|alreadyAdded|Boolean|false|false
14:50:11.0 (16284573)|HEAP_ALLOCATE|[160]|Bytes:5
14:50:11.0 (16288601)|VARIABLE_ASSIGNMENT|[160]|alreadyAdded|false
14:50:11.0 (16292141)|STATEMENT_EXECUTE|[161]
14:50:11.0 (16293742)|VARIABLE_SCOPE_BEGIN|[161]|available|Boolean|false|false
14:50:11.0 (16299483)|HEAP_ALLOCATE|[161]|Bytes:5
14:50:11.0 (16303143)|VARIABLE_ASSIGNMENT|[161]|available|false
14:50:11.0 (16316013)|HEAP_ALLOCATE|[162]|Bytes:56
14:50:11.0 (16325966)|STATEMENT_EXECUTE|[162]
14:50:11.0 (16328430)|STATEMENT_EXECUTE|[173]
14:50:11.0 (16333750)|HEAP_ALLOCATE|[158]|Bytes:5
14:50:11.0 (16340475)|HEAP_ALLOCATE|[158]|Bytes:16
14:50:11.0 (16345099)|VARIABLE_SCOPE_BEGIN|[158]|report|saReport__c|true|false
14:50:11.0 (16357816)|VARIABLE_ASSIGNMENT|[158]|report|{"AvailabilityDate__c":"2018-03-09T08:00:00.000Z","Category__c":"新iPhone","Id":"a0HN0000008OfliMAC"}|0x41e6461a
14:50:11.0 (16363067)|STATEMENT_EXECUTE|[158]
14:50:11.0 (16364319)|STATEMENT_EXECUTE|[159]
14:50:11.0 (16366395)|VARIABLE_SCOPE_BEGIN|[159]|i|Integer|false|false
14:50:11.0 (16372058)|HEAP_ALLOCATE|[159]|Bytes:4
14:50:11.0 (16376276)|VARIABLE_ASSIGNMENT|[159]|i|0
14:50:11.0 (16379356)|STATEMENT_EXECUTE|[160]
14:50:11.0 (16381101)|VARIABLE_SCOPE_BEGIN|[160]|alreadyAdded|Boolean|false|false
14:50:11.0 (16386786)|HEAP_ALLOCATE|[160]|Bytes:5
14:50:11.0 (16390683)|VARIABLE_ASSIGNMENT|[160]|alreadyAdded|false
14:50:11.0 (16393614)|STATEMENT_EXECUTE|[161]
14:50:11.0 (16395263)|VARIABLE_SCOPE_BEGIN|[161]|available|Boolean|false|false
14:50:11.0 (16400573)|HEAP_ALLOCATE|[161]|Bytes:5
14:50:11.0 (16404123)|VARIABLE_ASSIGNMENT|[161]|available|false
14:50:11.0 (16417169)|HEAP_ALLOCATE|[162]|Bytes:56
14:50:11.0 (16427404)|STATEMENT_EXECUTE|[162]
14:50:11.0 (16432529)|STATEMENT_EXECUTE|[163]
14:50:11.0 (16435191)|HEAP_ALLOCATE|[163]|Bytes:5
14:50:11.0 (16440120)|VARIABLE_ASSIGNMENT|[163]|available|true
14:50:11.0 (16461134)|STATEMENT_EXECUTE|[164]
14:50:11.0 (16472261)|STATEMENT_EXECUTE|[165]
14:50:11.0 (16473646)|STATEMENT_EXECUTE|[169]
14:50:11.0 (16476423)|HEAP_ALLOCATE|[169]|Bytes:4
14:50:11.0 (16483348)|VARIABLE_ASSIGNMENT|[169]|i|1
14:50:11.0 (16492441)|STATEMENT_EXECUTE|[164]
14:50:11.0 (16497335)|STATEMENT_EXECUTE|[165]
14:50:11.0 (16498573)|STATEMENT_EXECUTE|[169]
14:50:11.0 (16499988)|HEAP_ALLOCATE|[169]|Bytes:4
14:50:11.0 (16503891)|VARIABLE_ASSIGNMENT|[169]|i|2
14:50:11.0 (16510827)|STATEMENT_EXECUTE|[164]
14:50:11.0 (16515434)|STATEMENT_EXECUTE|[165]
14:50:11.0 (16516669)|STATEMENT_EXECUTE|[169]
14:50:11.0 (16518037)|HEAP_ALLOCATE|[169]|Bytes:4
14:50:11.0 (16521688)|VARIABLE_ASSIGNMENT|[169]|i|3
14:50:11.0 (16528003)|STATEMENT_EXECUTE|[164]
14:50:11.0 (16532835)|STATEMENT_EXECUTE|[165]
14:50:11.0 (16534091)|STATEMENT_EXECUTE|[169]
14:50:11.0 (16535464)|HEAP_ALLOCATE|[169]|Bytes:4
14:50:11.0 (16539058)|VARIABLE_ASSIGNMENT|[169]|i|4
14:50:11.0 (16546003)|STATEMENT_EXECUTE|[164]
14:50:11.0 (16550563)|STATEMENT_EXECUTE|[165]
14:50:11.0 (16551786)|STATEMENT_EXECUTE|[169]
14:50:11.0 (16553182)|HEAP_ALLOCATE|[169]|Bytes:4
14:50:11.0 (16557083)|VARIABLE_ASSIGNMENT|[169]|i|5
14:50:11.0 (16563751)|STATEMENT_EXECUTE|[164]
14:50:11.0 (16568307)|STATEMENT_EXECUTE|[165]
14:50:11.0 (16569750)|STATEMENT_EXECUTE|[169]
14:50:11.0 (16571256)|HEAP_ALLOCATE|[169]|Bytes:4
14:50:11.0 (16574951)|VARIABLE_ASSIGNMENT|[169]|i|6
14:50:11.0 (16583385)|STATEMENT_EXECUTE|[173]
14:50:11.0 (16584715)|STATEMENT_EXECUTE|[174]
14:50:11.0 (16622382)|HEAP_ALLOCATE|[EXTERNAL]|Bytes:4
14:50:11.0 (16635899)|HEAP_ALLOCATE|[158]|Bytes:5
14:50:11.0 (16644555)|HEAP_ALLOCATE|[158]|Bytes:12
14:50:11.0 (16649593)|VARIABLE_SCOPE_BEGIN|[158]|report|saReport__c|true|false
14:50:11.0 (16660964)|VARIABLE_ASSIGNMENT|[158]|report|{"Category__c":"新iPhone","Id":"a0HN0000008OfdTMAS"}|0x3f6a7f82
14:50:11.0 (16666069)|STATEMENT_EXECUTE|[158]
14:50:11.0 (16667388)|STATEMENT_EXECUTE|[159]
14:50:11.0 (16669592)|VARIABLE_SCOPE_BEGIN|[159]|i|Integer|false|false
14:50:11.0 (16675157)|HEAP_ALLOCATE|[159]|Bytes:4
14:50:11.0 (16679445)|VARIABLE_ASSIGNMENT|[159]|i|0
14:50:11.0 (16683156)|STATEMENT_EXECUTE|[160]
14:50:11.0 (16684956)|VARIABLE_SCOPE_BEGIN|[160]|alreadyAdded|Boolean|false|false
14:50:11.0 (16690918)|HEAP_ALLOCATE|[160]|Bytes:5
14:50:11.0 (16695079)|VARIABLE_ASSIGNMENT|[160]|alreadyAdded|false
14:50:11.0 (16698214)|STATEMENT_EXECUTE|[161]
14:50:11.0 (16699898)|VARIABLE_SCOPE_BEGIN|[161]|available|Boolean|false|false
14:50:11.0 (16705527)|HEAP_ALLOCATE|[161]|Bytes:5
14:50:11.0 (16709061)|VARIABLE_ASSIGNMENT|[161]|available|false
14:50:11.0 (16725532)|STATEMENT_EXECUTE|[162]
14:50:11.0 (16728279)|STATEMENT_EXECUTE|[173]
14:50:11.0 (16733374)|HEAP_ALLOCATE|[158]|Bytes:5
14:50:11.0 (16741433)|HEAP_ALLOCATE|[158]|Bytes:16
14:50:11.0 (16746032)|VARIABLE_SCOPE_BEGIN|[158]|report|saReport__c|true|false
14:50:11.0 (16759470)|VARIABLE_ASSIGNMENT|[158]|report|{"AvailabilityDate__c":"2018-03-02T03:26:00.000Z","Category__c":"新iPhone","Id":"a0HN0000008OfbOMAS"}|0x331a2b6
14:50:11.0 (16764980)|STATEMENT_EXECUTE|[158]
14:50:11.0 (16766289)|STATEMENT_EXECUTE|[159]
14:50:11.0 (16768533)|VARIABLE_SCOPE_BEGIN|[159]|i|Integer|false|false
14:50:11.0 (16773555)|HEAP_ALLOCATE|[159]|Bytes:4
14:50:11.0 (16777653)|VARIABLE_ASSIGNMENT|[159]|i|0
14:50:11.0 (16780573)|STATEMENT_EXECUTE|[160]
14:50:11.0 (16782360)|VARIABLE_SCOPE_BEGIN|[160]|alreadyAdded|Boolean|false|false
14:50:11.0 (16787774)|HEAP_ALLOCATE|[160]|Bytes:5
14:50:11.0 (16791752)|VARIABLE_ASSIGNMENT|[160]|alreadyAdded|false
14:50:11.0 (16794957)|STATEMENT_EXECUTE|[161]
14:50:11.0 (16796638)|VARIABLE_SCOPE_BEGIN|[161]|available|Boolean|false|false
14:50:11.0 (16802091)|HEAP_ALLOCATE|[161]|Bytes:5
14:50:11.0 (16806016)|VARIABLE_ASSIGNMENT|[161]|available|false
14:50:11.0 (16819677)|HEAP_ALLOCATE|[162]|Bytes:56
14:50:11.0 (16830822)|STATEMENT_EXECUTE|[162]
14:50:11.0 (16832240)|STATEMENT_EXECUTE|[163]
14:50:11.0 (16834637)|HEAP_ALLOCATE|[163]|Bytes:5
14:50:11.0 (16839674)|VARIABLE_ASSIGNMENT|[163]|available|true
14:50:11.0 (16848699)|STATEMENT_EXECUTE|[164]
14:50:11.0 (16854417)|STATEMENT_EXECUTE|[165]
14:50:11.0 (16871048)|HEAP_ALLOCATE|[166]|Bytes:7
14:50:11.0 (16894923)|STATEMENT_EXECUTE|[167]
14:50:11.0 (16898085)|HEAP_ALLOCATE|[167]|Bytes:5
14:50:11.0 (16904424)|VARIABLE_ASSIGNMENT|[167]|alreadyAdded|true
14:50:11.0 (16908662)|STATEMENT_EXECUTE|[169]
14:50:11.0 (16910320)|HEAP_ALLOCATE|[169]|Bytes:4
14:50:11.0 (16914864)|VARIABLE_ASSIGNMENT|[169]|i|1
14:50:11.0 (16923736)|STATEMENT_EXECUTE|[164]
14:50:11.0 (16928812)|STATEMENT_EXECUTE|[165]
14:50:11.0 (16930063)|STATEMENT_EXECUTE|[169]
14:50:11.0 (16931494)|HEAP_ALLOCATE|[169]|Bytes:4
14:50:11.0 (16935381)|VARIABLE_ASSIGNMENT|[169]|i|2
14:50:11.0 (16941938)|STATEMENT_EXECUTE|[164]
14:50:11.0 (16946636)|STATEMENT_EXECUTE|[165]
14:50:11.0 (16948117)|STATEMENT_EXECUTE|[169]
14:50:11.0 (16949558)|HEAP_ALLOCATE|[169]|Bytes:4
14:50:11.0 (16953100)|VARIABLE_ASSIGNMENT|[169]|i|3
14:50:11.0 (16960066)|STATEMENT_EXECUTE|[164]
14:50:11.0 (16964617)|STATEMENT_EXECUTE|[165]
14:50:11.0 (16965876)|STATEMENT_EXECUTE|[169]
14:50:11.0 (16967340)|HEAP_ALLOCATE|[169]|Bytes:4
14:50:11.0 (16970871)|VARIABLE_ASSIGNMENT|[169]|i|4
14:50:11.0 (16977210)|STATEMENT_EXECUTE|[164]
14:50:11.0 (16981772)|STATEMENT_EXECUTE|[165]
14:50:11.0 (16983022)|STATEMENT_EXECUTE|[169]
14:50:11.0 (16984419)|HEAP_ALLOCATE|[169]|Bytes:4
14:50:11.0 (16988731)|VARIABLE_ASSIGNMENT|[169]|i|5
14:50:11.0 (16995445)|STATEMENT_EXECUTE|[164]
14:50:11.0 (16999989)|STATEMENT_EXECUTE|[165]
14:50:11.0 (17001217)|STATEMENT_EXECUTE|[169]
14:50:11.0 (17003165)|HEAP_ALLOCATE|[169]|Bytes:4
14:50:11.0 (17006661)|VARIABLE_ASSIGNMENT|[169]|i|6
14:50:11.0 (17015348)|STATEMENT_EXECUTE|[173]
14:50:11.0 (17021314)|HEAP_ALLOCATE|[158]|Bytes:5
14:50:11.0 (17029749)|VARIABLE_ASSIGNMENT|[158]|report|null|
14:50:11.0 (17034198)|STATEMENT_EXECUTE|[178]
14:50:11.0 (17098363)|VARIABLE_ASSIGNMENT|[EXTERNAL]|this|{}|0x3da9a4e3
14:50:11.0 (17110742)|VARIABLE_ASSIGNMENT|[EXTERNAL]|value|["新iPhone"]|0x5e51a8a5
14:50:11.0 (17124903)|VARIABLE_ASSIGNMENT|[28]|this.listOfCategory|["新iPhone"]|0x3da9a4e3
14:50:11.0 (17139031)|METHOD_EXIT|[121]|01pN0000000aEUV|saReportCtrl.initCategory()
14:50:11.0 (17144296)|STATEMENT_EXECUTE|[123]
14:50:11.0 (17153594)|METHOD_ENTRY|[123]|01pN0000000aEUV|saReportCtrl.getAllReports()
14:50:11.0 (17169815)|VARIABLE_SCOPE_BEGIN|[241]|this|saReportCtrl|true|false
14:50:11.0 (17208517)|VARIABLE_ASSIGNMENT|[241]|this|{"listOfCategory":"0x5e51a8a5"}|0x3da9a4e3
14:50:11.0 (17223268)|HEAP_ALLOCATE|[243]|Bytes:5
14:50:11.0 (17227391)|STATEMENT_EXECUTE|[241]
14:50:11.0 (17228774)|STATEMENT_EXECUTE|[243]
14:50:11.0 (17231467)|HEAP_ALLOCATE|[243]|Bytes:18
14:50:11.0 (17246293)|USER_DEBUG|[243]|DEBUG|Run: getAllReports
14:50:11.0 (17252792)|STATEMENT_EXECUTE|[245]
14:50:11.0 (17255139)|HEAP_ALLOCATE|[245]|Bytes:242
14:50:11.0 (17268155)|HEAP_ALLOCATE|[245]|Bytes:4
14:50:11.0 (18327123)|SOQL_EXECUTE_BEGIN|[245]|Aggregations:0|SELECT Name, Subject__c, Category__c, Process__c, Report_body__c, CreatedBy__r.DisplayedUsernameFormula__c, CreatedDate__c, AvailabilityDate__c, State__C, IsNew__c, NbLike__c, NbView__c FROM saReport__c ORDER BY CreatedDate__c ASC NULLS FIRST
14:50:11.0 (25294439)|SOQL_EXECUTE_END|[245]|Rows:6
14:50:11.0 (25313882)|HEAP_ALLOCATE|[245]|Bytes:28
14:50:11.0 (25362131)|HEAP_ALLOCATE|[245]|Bytes:2526
14:50:11.0 (25390999)|HEAP_ALLOCATE|[245]|Bytes:28
14:50:11.0 (25717084)|VARIABLE_ASSIGNMENT|[EXTERNAL]|this|{"listOfCategory":"0x5e51a8a5"}|0x3da9a4e3
14:50:11.0 (25732493)|VARIABLE_ASSIGNMENT|[EXTERNAL]|value|"List of size 6 too large to display"|0x5cbd50ec
14:50:11.0 (25746165)|VARIABLE_ASSIGNMENT|[26]|this.listOfSAReports|"List of size 6 too large to display"|0x3da9a4e3
14:50:11.0 (25760868)|METHOD_EXIT|[123]|01pN0000000aEUV|saReportCtrl.getAllReports()
14:50:11.0 (25766502)|STATEMENT_EXECUTE|[125]
14:50:11.0 (25777570)|METHOD_ENTRY|[125]|01pN0000000aEUV|saReportCtrl.initDaysForNewTagDisplay()
14:50:11.0 (25802758)|VARIABLE_SCOPE_BEGIN|[134]|this|saReportCtrl|true|false
14:50:11.0 (25842071)|VARIABLE_ASSIGNMENT|[134]|this|{"listOfCategory":"0x5e51a8a5","listOfSAReports":"0x5cbd50ec"}|0x3da9a4e3
14:50:11.0 (25858844)|HEAP_ALLOCATE|[135]|Bytes:5
14:50:11.0 (25863327)|STATEMENT_EXECUTE|[134]
14:50:11.0 (25864811)|STATEMENT_EXECUTE|[135]
14:50:11.0 (25894130)|HEAP_ALLOCATE|[135]|Bytes:56
14:50:11.0 (25914748)|HEAP_ALLOCATE|[135]|Bytes:56
14:50:11.0 (25971782)|VARIABLE_ASSIGNMENT|[EXTERNAL]|this|{"listOfCategory":"0x5e51a8a5","listOfSAReports":"0x5cbd50ec"}|0x3da9a4e3
14:50:11.0 (25997034)|VARIABLE_ASSIGNMENT|[EXTERNAL]|value|"2018-03-05T05:50:11.068Z"
14:50:11.0 (26009929)|VARIABLE_ASSIGNMENT|[30]|this.currentDayMinusSeven|"2018-03-05T05:50:11.068Z"|0x3da9a4e3
14:50:11.0 (26019433)|STATEMENT_EXECUTE|[136]
14:50:11.0 (26039850)|HEAP_ALLOCATE|[136]|Bytes:56
14:50:11.0 (26091348)|VARIABLE_ASSIGNMENT|[EXTERNAL]|this|{"currentDayMinusSeven":"2018-03-05T05:50:11.068Z","listOfCategory":"0x5e51a8a5","listOfSAReports":"0x5cbd50ec"}|0x3da9a4e3
14:50:11.0 (26106416)|VARIABLE_ASSIGNMENT|[EXTERNAL]|value|"2018-03-12T05:50:11.068Z"
14:50:11.0 (26116644)|VARIABLE_ASSIGNMENT|[31]|this.currentDay|"2018-03-12T05:50:11.068Z"|0x3da9a4e3
14:50:11.0 (26127790)|METHOD_EXIT|[125]|01pN0000000aEUV|saReportCtrl.initDaysForNewTagDisplay()
14:50:11.0 (26133687)|METHOD_EXIT|[91]|01pN0000000aEUV|saReportCtrl.initHomePage()
14:50:11.0 (26137997)|STATEMENT_EXECUTE|[94]
14:50:11.0 (26146831)|METHOD_ENTRY|[94]|01pN0000000aEUV|saReportCtrl.initCategoryPicklist()
14:50:11.0 (26163064)|VARIABLE_SCOPE_BEGIN|[222]|this|saReportCtrl|true|false
14:50:11.0 (26205532)|VARIABLE_ASSIGNMENT|[222]|this|{"currentDay":"2018-03-12T05:50:11.068Z","currentDayMinusSeven":"2018-03-05T05:50:11.068Z","listOfCategory":"0x5e51a8a5","listOfSAReports":"0x5cbd50ec"}|0x3da9a4e3
14:50:11.0 (26220866)|HEAP_ALLOCATE|[224]|Bytes:5
14:50:11.0 (26225603)|STATEMENT_EXECUTE|[222]
14:50:11.0 (26227099)|STATEMENT_EXECUTE|[224]
14:50:11.0 (26229831)|HEAP_ALLOCATE|[224]|Bytes:25
14:50:11.0 (26246518)|USER_DEBUG|[224]|DEBUG|Run: initCategoryPicklist
14:50:11.0 (26253501)|STATEMENT_EXECUTE|[226]
14:50:11.0 (26255773)|HEAP_ALLOCATE|[224]|Bytes:11
14:50:11.0 (26259385)|HEAP_ALLOCATE|[224]|Bytes:11
14:50:11.0 (26557379)|HEAP_ALLOCATE|[226]|Bytes:8
14:50:11.0 (26582492)|VARIABLE_SCOPE_BEGIN|[226]|statusFieldDescription|Schema.DescribeFieldResult|true|false
14:50:11.0 (26745592)|VARIABLE_ASSIGNMENT|[226]|statusFieldDescription|"common.api.soap.wsdl.Field@7645e16e"|0x3477c65
14:50:11.0 (26753491)|STATEMENT_EXECUTE|[227]
14:50:11.0 (26768114)|HEAP_ALLOCATE|[227]|Bytes:4
14:50:11.0 (26854705)|VARIABLE_ASSIGNMENT|[EXTERNAL]|this|{"currentDay":"2018-03-12T05:50:11.068Z","currentDayMinusSeven":"2018-03-05T05:50:11.068Z","listOfCategory":"0x5e51a8a5","listOfSAReports":"0x5cbd50ec"}|0x3da9a4e3
14:50:11.0 (26880190)|HEAP_ALLOCATE|[EXTERNAL]|Bytes:4
14:50:11.0 (26888139)|VARIABLE_ASSIGNMENT|[EXTERNAL]|value|[]|0x37be09fc
14:50:11.0 (26900395)|VARIABLE_ASSIGNMENT|[57]|this.categoryDataOptions|[]|0x3da9a4e3
14:50:11.0 (26909177)|STATEMENT_EXECUTE|[228]
14:50:11.0 (26966044)|VARIABLE_ASSIGNMENT|[EXTERNAL]|this|{"categoryDataOptions":"0x37be09fc","currentDay":"2018-03-12T05:50:11.068Z","currentDayMinusSeven":"2018-03-05T05:50:11.068Z","listOfCategory":"0x5e51a8a5","listOfSAReports":"0x5cbd50ec"}|0x3da9a4e3
14:50:11.0 (26982510)|HEAP_ALLOCATE|[228]|Bytes:1
14:50:11.0 (27009989)|HEAP_ALLOCATE|[EXTERNAL]|Bytes:4
14:50:11.0 (27046564)|HEAP_ALLOCATE|[EXTERNAL]|Bytes:68
14:50:11.0 (27087923)|HEAP_ALLOCATE|[229]|Bytes:68
14:50:11.0 (27179829)|HEAP_ALLOCATE|[229]|Bytes:5
14:50:11.0 (27209513)|HEAP_ALLOCATE|[229]|Bytes:4
14:50:11.0 (27229420)|VARIABLE_SCOPE_BEGIN|[229]|picklistEntry|Schema.PicklistEntry|true|false
14:50:11.0 (27246247)|VARIABLE_ASSIGNMENT|[229]|picklistEntry|新料金プラン[CX-STPDレポート (チーム単位)]|0x65c3d3ee
14:50:11.0 (27252563)|STATEMENT_EXECUTE|[230]
14:50:11.0 (27254903)|STATEMENT_EXECUTE|[231]
14:50:11.0 (27315338)|VARIABLE_ASSIGNMENT|[EXTERNAL]|this|{"categoryDataOptions":"0x37be09fc","currentDay":"2018-03-12T05:50:11.068Z","currentDayMinusSeven":"2018-03-05T05:50:11.068Z","listOfCategory":"0x5e51a8a5","listOfSAReports":"0x5cbd50ec"}|0x3da9a4e3
14:50:11.0 (27342614)|HEAP_ALLOCATE|[231]|Bytes:27
14:50:11.0 (27352891)|HEAP_ALLOCATE|[231]|Bytes:27
14:50:11.0 (27370614)|HEAP_ALLOCATE|[EXTERNAL]|Bytes:4
14:50:11.0 (27381538)|HEAP_ALLOCATE|[229]|Bytes:5
14:50:11.0 (27391101)|HEAP_ALLOCATE|[229]|Bytes:4
14:50:11.0 (27403571)|VARIABLE_SCOPE_BEGIN|[229]|picklistEntry|Schema.PicklistEntry|true|false
14:50:11.0 (27415045)|VARIABLE_ASSIGNMENT|[229]|picklistEntry|新iPhone|0x42b5d63c
14:50:11.0 (27420680)|STATEMENT_EXECUTE|[230]
14:50:11.0 (27422003)|STATEMENT_EXECUTE|[231]
14:50:11.0 (27472534)|VARIABLE_ASSIGNMENT|[EXTERNAL]|this|{"categoryDataOptions":"0x37be09fc","currentDay":"2018-03-12T05:50:11.068Z","currentDayMinusSeven":"2018-03-05T05:50:11.068Z","listOfCategory":"0x5e51a8a5","listOfSAReports":"0x5cbd50ec"}|0x3da9a4e3
14:50:11.0 (27487956)|HEAP_ALLOCATE|[231]|Bytes:7
14:50:11.0 (27493411)|HEAP_ALLOCATE|[231]|Bytes:7
14:50:11.0 (27502090)|HEAP_ALLOCATE|[EXTERNAL]|Bytes:4
14:50:11.0 (27512082)|HEAP_ALLOCATE|[229]|Bytes:5
14:50:11.0 (27520575)|HEAP_ALLOCATE|[229]|Bytes:4
14:50:11.0 (27531844)|VARIABLE_SCOPE_BEGIN|[229]|picklistEntry|Schema.PicklistEntry|true|false
14:50:11.0 (27542349)|VARIABLE_ASSIGNMENT|[229]|picklistEntry|CX [プチ自慢] お客さまから褒められたこと|0x3aa0176f
14:50:11.0 (27547530)|STATEMENT_EXECUTE|[230]
14:50:11.0 (27548849)|STATEMENT_EXECUTE|[231]
14:50:11.0 (27613958)|VARIABLE_ASSIGNMENT|[EXTERNAL]|this|{"categoryDataOptions":"0x37be09fc","currentDay":"2018-03-12T05:50:11.068Z","currentDayMinusSeven":"2018-03-05T05:50:11.068Z","listOfCategory":"0x5e51a8a5","listOfSAReports":"0x5cbd50ec"}|0x3da9a4e3
14:50:11.0 (27633435)|HEAP_ALLOCATE|[231]|Bytes:23
14:50:11.0 (27639750)|HEAP_ALLOCATE|[231]|Bytes:23
14:50:11.0 (27648857)|HEAP_ALLOCATE|[EXTERNAL]|Bytes:4
14:50:11.0 (27659511)|HEAP_ALLOCATE|[229]|Bytes:5
14:50:11.0 (27668109)|HEAP_ALLOCATE|[229]|Bytes:4
14:50:11.0 (27680149)|VARIABLE_SCOPE_BEGIN|[229]|picklistEntry|Schema.PicklistEntry|true|false
14:50:11.0 (27690963)|VARIABLE_ASSIGNMENT|[229]|picklistEntry|Vストック|0x36a4ff69
14:50:11.0 (27696601)|STATEMENT_EXECUTE|[230]
14:50:11.0 (27697880)|STATEMENT_EXECUTE|[231]
14:50:11.0 (27740777)|VARIABLE_ASSIGNMENT|[EXTERNAL]|this|{"categoryDataOptions":"0x37be09fc","currentDay":"2018-03-12T05:50:11.068Z","currentDayMinusSeven":"2018-03-05T05:50:11.068Z","listOfCategory":"0x5e51a8a5","listOfSAReports":"0x5cbd50ec"}|0x3da9a4e3
14:50:11.0 (27755000)|HEAP_ALLOCATE|[231]|Bytes:5
14:50:11.0 (27760248)|HEAP_ALLOCATE|[231]|Bytes:5
14:50:11.0 (27769401)|HEAP_ALLOCATE|[EXTERNAL]|Bytes:4
14:50:11.0 (27778665)|HEAP_ALLOCATE|[229]|Bytes:5
14:50:11.0 (27786215)|HEAP_ALLOCATE|[229]|Bytes:4
14:50:11.0 (27796925)|VARIABLE_SCOPE_BEGIN|[229]|picklistEntry|Schema.PicklistEntry|true|false
14:50:11.0 (27807191)|VARIABLE_ASSIGNMENT|[229]|picklistEntry|UQ・家電連携|0x4d8316f0
14:50:11.0 (27812166)|STATEMENT_EXECUTE|[230]
14:50:11.0 (27813477)|STATEMENT_EXECUTE|[231]
14:50:11.0 (27856167)|VARIABLE_ASSIGNMENT|[EXTERNAL]|this|{"categoryDataOptions":"0x37be09fc","currentDay":"2018-03-12T05:50:11.068Z","currentDayMinusSeven":"2018-03-05T05:50:11.068Z","listOfCategory":"0x5e51a8a5","listOfSAReports":"0x5cbd50ec"}|0x3da9a4e3
14:50:11.0 (27869599)|HEAP_ALLOCATE|[231]|Bytes:7
14:50:11.0 (27875193)|HEAP_ALLOCATE|[231]|Bytes:7
14:50:11.0 (27882908)|HEAP_ALLOCATE|[EXTERNAL]|Bytes:4
14:50:11.0 (27891906)|HEAP_ALLOCATE|[229]|Bytes:5
14:50:11.0 (27899623)|HEAP_ALLOCATE|[229]|Bytes:4
14:50:11.0 (27909500)|VARIABLE_SCOPE_BEGIN|[229]|picklistEntry|Schema.PicklistEntry|true|false
14:50:11.0 (27919455)|VARIABLE_ASSIGNMENT|[229]|picklistEntry|au 電気|0x216b3d4a
14:50:11.0 (27924219)|STATEMENT_EXECUTE|[230]
14:50:11.0 (27925496)|STATEMENT_EXECUTE|[231]
14:50:11.0 (27966230)|VARIABLE_ASSIGNMENT|[EXTERNAL]|this|{"categoryDataOptions":"0x37be09fc","currentDay":"2018-03-12T05:50:11.068Z","currentDayMinusSeven":"2018-03-05T05:50:11.068Z","listOfCategory":"0x5e51a8a5","listOfSAReports":"0x5cbd50ec"}|0x3da9a4e3
14:50:11.0 (27980028)|HEAP_ALLOCATE|[231]|Bytes:5
14:50:11.0 (27985275)|HEAP_ALLOCATE|[231]|Bytes:5
14:50:11.0 (27993209)|HEAP_ALLOCATE|[EXTERNAL]|Bytes:4
14:50:11.0 (28002293)|HEAP_ALLOCATE|[229]|Bytes:5
14:50:11.0 (28010842)|HEAP_ALLOCATE|[229]|Bytes:4
14:50:11.0 (28020869)|VARIABLE_SCOPE_BEGIN|[229]|picklistEntry|Schema.PicklistEntry|true|false
14:50:11.0 (28030445)|VARIABLE_ASSIGNMENT|[229]|picklistEntry|au S T A R|0x1bca4d67
14:50:11.0 (28034960)|STATEMENT_EXECUTE|[230]
14:50:11.0 (28036268)|STATEMENT_EXECUTE|[231]
14:50:11.0 (28077021)|VARIABLE_ASSIGNMENT|[EXTERNAL]|this|{"categoryDataOptions":"0x37be09fc","currentDay":"2018-03-12T05:50:11.068Z","currentDayMinusSeven":"2018-03-05T05:50:11.068Z","listOfCategory":"0x5e51a8a5","listOfSAReports":"0x5cbd50ec"}|0x3da9a4e3
14:50:11.0 (28090211)|HEAP_ALLOCATE|[231]|Bytes:10
14:50:11.0 (28095972)|HEAP_ALLOCATE|[231]|Bytes:10
14:50:11.0 (28103821)|HEAP_ALLOCATE|[EXTERNAL]|Bytes:4
14:50:11.0 (28113016)|HEAP_ALLOCATE|[229]|Bytes:5
14:50:11.0 (28120155)|HEAP_ALLOCATE|[229]|Bytes:4
14:50:11.0 (28130388)|VARIABLE_SCOPE_BEGIN|[229]|picklistEntry|Schema.PicklistEntry|true|false
14:50:11.0 (28139938)|VARIABLE_ASSIGNMENT|[229]|picklistEntry|イベント・集客策|0xa04b6c0
14:50:11.0 (28144880)|STATEMENT_EXECUTE|[230]
14:50:11.0 (28146177)|STATEMENT_EXECUTE|[231]
14:50:11.0 (28186861)|VARIABLE_ASSIGNMENT|[EXTERNAL]|this|{"categoryDataOptions":"0x37be09fc","currentDay":"2018-03-12T05:50:11.068Z","currentDayMinusSeven":"2018-03-05T05:50:11.068Z","listOfCategory":"0x5e51a8a5","listOfSAReports":"0x5cbd50ec"}|0x3da9a4e3
14:50:11.0 (28200461)|HEAP_ALLOCATE|[231]|Bytes:8
14:50:11.0 (28205550)|HEAP_ALLOCATE|[231]|Bytes:8
14:50:11.0 (28213658)|HEAP_ALLOCATE|[EXTERNAL]|Bytes:4
14:50:11.0 (28222912)|HEAP_ALLOCATE|[229]|Bytes:5
14:50:11.0 (28230250)|HEAP_ALLOCATE|[229]|Bytes:4
14:50:11.0 (28240261)|VARIABLE_SCOPE_BEGIN|[229]|picklistEntry|Schema.PicklistEntry|true|false
14:50:11.0 (28249220)|VARIABLE_ASSIGNMENT|[229]|picklistEntry|au ひかり|0x5fe515e6
14:50:11.0 (28253872)|STATEMENT_EXECUTE|[230]
14:50:11.0 (28255339)|STATEMENT_EXECUTE|[231]
14:50:11.0 (28295077)|VARIABLE_ASSIGNMENT|[EXTERNAL]|this|{"categoryDataOptions":"0x37be09fc","currentDay":"2018-03-12T05:50:11.068Z","currentDayMinusSeven":"2018-03-05T05:50:11.068Z","listOfCategory":"0x5e51a8a5","listOfSAReports":"0x5cbd50ec"}|0x3da9a4e3
14:50:11.0 (28308023)|HEAP_ALLOCATE|[231]|Bytes:6
14:50:11.0 (28313395)|HEAP_ALLOCATE|[231]|Bytes:6
14:50:11.0 (28321190)|HEAP_ALLOCATE|[EXTERNAL]|Bytes:4
14:50:11.0 (28330526)|HEAP_ALLOCATE|[229]|Bytes:5
14:50:11.0 (28338380)|HEAP_ALLOCATE|[229]|Bytes:4
14:50:11.0 (28348728)|VARIABLE_SCOPE_BEGIN|[229]|picklistEntry|Schema.PicklistEntry|true|false
14:50:11.0 (28358398)|VARIABLE_ASSIGNMENT|[229]|picklistEntry|その他固定商材|0x271ce23d
14:50:11.0 (28365319)|STATEMENT_EXECUTE|[230]
14:50:11.0 (28367331)|STATEMENT_EXECUTE|[231]
14:50:11.0 (28408684)|VARIABLE_ASSIGNMENT|[EXTERNAL]|this|{"categoryDataOptions":"0x37be09fc","currentDay":"2018-03-12T05:50:11.068Z","currentDayMinusSeven":"2018-03-05T05:50:11.068Z","listOfCategory":"0x5e51a8a5","listOfSAReports":"0x5cbd50ec"}|0x3da9a4e3
14:50:11.0 (28421934)|HEAP_ALLOCATE|[231]|Bytes:7
14:50:11.0 (28427029)|HEAP_ALLOCATE|[231]|Bytes:7
14:50:11.0 (28438895)|HEAP_ALLOCATE|[EXTERNAL]|Bytes:4
14:50:11.0 (28448619)|HEAP_ALLOCATE|[229]|Bytes:5
14:50:11.0 (28456376)|HEAP_ALLOCATE|[229]|Bytes:4
14:50:11.0 (28466379)|VARIABLE_SCOPE_BEGIN|[229]|picklistEntry|Schema.PicklistEntry|true|false
14:50:11.0 (28475549)|VARIABLE_ASSIGNMENT|[229]|picklistEntry|タブレット|0x6e7422cc
14:50:11.0 (28480413)|STATEMENT_EXECUTE|[230]
14:50:11.0 (28481667)|STATEMENT_EXECUTE|[231]
14:50:11.0 (28521822)|VARIABLE_ASSIGNMENT|[EXTERNAL]|this|{"categoryDataOptions":"0x37be09fc","currentDay":"2018-03-12T05:50:11.068Z","currentDayMinusSeven":"2018-03-05T05:50:11.068Z","listOfCategory":"0x5e51a8a5","listOfSAReports":"0x5cbd50ec"}|0x3da9a4e3
14:50:11.0 (28535717)|HEAP_ALLOCATE|[231]|Bytes:5
14:50:11.0 (28541094)|HEAP_ALLOCATE|[231]|Bytes:5
14:50:11.0 (28548492)|HEAP_ALLOCATE|[EXTERNAL]|Bytes:4
14:50:11.0 (28557383)|HEAP_ALLOCATE|[229]|Bytes:5
14:50:11.0 (28565080)|HEAP_ALLOCATE|[229]|Bytes:4
14:50:11.0 (28575195)|VARIABLE_SCOPE_BEGIN|[229]|picklistEntry|Schema.PicklistEntry|true|false
14:50:11.0 (28584373)|VARIABLE_ASSIGNMENT|[229]|picklistEntry|スマホ|0x41e92b74
14:50:11.0 (28588967)|STATEMENT_EXECUTE|[230]
14:50:11.0 (28590228)|STATEMENT_EXECUTE|[231]
14:50:11.0 (28630259)|VARIABLE_ASSIGNMENT|[EXTERNAL]|this|{"categoryDataOptions":"0x37be09fc","currentDay":"2018-03-12T05:50:11.068Z","currentDayMinusSeven":"2018-03-05T05:50:11.068Z","listOfCategory":"0x5e51a8a5","listOfSAReports":"0x5cbd50ec"}|0x3da9a4e3
14:50:11.0 (28643046)|HEAP_ALLOCATE|[231]|Bytes:3
14:50:11.0 (28648593)|HEAP_ALLOCATE|[231]|Bytes:3
14:50:11.0 (28656041)|HEAP_ALLOCATE|[EXTERNAL]|Bytes:4
14:50:11.0 (28664739)|HEAP_ALLOCATE|[229]|Bytes:5
14:50:11.0 (28672349)|HEAP_ALLOCATE|[229]|Bytes:4
14:50:11.0 (28682260)|VARIABLE_SCOPE_BEGIN|[229]|picklistEntry|Schema.PicklistEntry|true|false
14:50:11.0 (28691937)|VARIABLE_ASSIGNMENT|[229]|picklistEntry|au Wallet|0x36544c8a
14:50:11.0 (28696309)|STATEMENT_EXECUTE|[230]
14:50:11.0 (28697578)|STATEMENT_EXECUTE|[231]
14:50:11.0 (28737382)|VARIABLE_ASSIGNMENT|[EXTERNAL]|this|{"categoryDataOptions":"0x37be09fc","currentDay":"2018-03-12T05:50:11.068Z","currentDayMinusSeven":"2018-03-05T05:50:11.068Z","listOfCategory":"0x5e51a8a5","listOfSAReports":"0x5cbd50ec"}|0x3da9a4e3
14:50:11.0 (28750692)|HEAP_ALLOCATE|[231]|Bytes:9
14:50:11.0 (28755743)|HEAP_ALLOCATE|[231]|Bytes:9
14:50:11.0 (28763222)|HEAP_ALLOCATE|[EXTERNAL]|Bytes:4
14:50:11.0 (28772004)|HEAP_ALLOCATE|[229]|Bytes:5
14:50:11.0 (28779213)|HEAP_ALLOCATE|[229]|Bytes:4
14:50:11.0 (28789011)|VARIABLE_SCOPE_BEGIN|[229]|picklistEntry|Schema.PicklistEntry|true|false
14:50:11.0 (28798804)|VARIABLE_ASSIGNMENT|[229]|picklistEntry|パス系サービス|0x76195d77
14:50:11.0 (28804170)|STATEMENT_EXECUTE|[230]
14:50:11.0 (28805498)|STATEMENT_EXECUTE|[231]
14:50:11.0 (28845478)|VARIABLE_ASSIGNMENT|[EXTERNAL]|this|{"categoryDataOptions":"0x37be09fc","currentDay":"2018-03-12T05:50:11.068Z","currentDayMinusSeven":"2018-03-05T05:50:11.068Z","listOfCategory":"0x5e51a8a5","listOfSAReports":"0x5cbd50ec"}|0x3da9a4e3
14:50:11.0 (28858925)|HEAP_ALLOCATE|[231]|Bytes:7
14:50:11.0 (28863932)|HEAP_ALLOCATE|[231]|Bytes:7
14:50:11.0 (28871441)|HEAP_ALLOCATE|[EXTERNAL]|Bytes:4
14:50:11.0 (28880268)|HEAP_ALLOCATE|[229]|Bytes:5
14:50:11.0 (28887467)|HEAP_ALLOCATE|[229]|Bytes:4
14:50:11.0 (28897172)|VARIABLE_SCOPE_BEGIN|[229]|picklistEntry|Schema.PicklistEntry|true|false
14:50:11.0 (28906594)|VARIABLE_ASSIGNMENT|[229]|picklistEntry|春商戦|0x39b4633a
14:50:11.0 (28911512)|STATEMENT_EXECUTE|[230]
14:50:11.0 (28912743)|STATEMENT_EXECUTE|[231]
14:50:11.0 (28952412)|VARIABLE_ASSIGNMENT|[EXTERNAL]|this|{"categoryDataOptions":"0x37be09fc","currentDay":"2018-03-12T05:50:11.068Z","currentDayMinusSeven":"2018-03-05T05:50:11.068Z","listOfCategory":"0x5e51a8a5","listOfSAReports":"0x5cbd50ec"}|0x3da9a4e3
14:50:11.0 (28965783)|HEAP_ALLOCATE|[231]|Bytes:3
14:50:11.0 (28970712)|HEAP_ALLOCATE|[231]|Bytes:3
14:50:11.0 (28978314)|HEAP_ALLOCATE|[EXTERNAL]|Bytes:4
14:50:11.0 (28987750)|HEAP_ALLOCATE|[229]|Bytes:5
14:50:11.0 (28995371)|HEAP_ALLOCATE|[229]|Bytes:4
14:50:11.0 (29005081)|VARIABLE_SCOPE_BEGIN|[229]|picklistEntry|Schema.PicklistEntry|true|false
14:50:11.0 (29014937)|VARIABLE_ASSIGNMENT|[229]|picklistEntry|その他|0x310e5df3
14:50:11.0 (29019577)|STATEMENT_EXECUTE|[230]
14:50:11.0 (29020890)|STATEMENT_EXECUTE|[231]
14:50:11.0 (29060939)|VARIABLE_ASSIGNMENT|[EXTERNAL]|this|{"categoryDataOptions":"0x37be09fc","currentDay":"2018-03-12T05:50:11.068Z","currentDayMinusSeven":"2018-03-05T05:50:11.068Z","listOfCategory":"0x5e51a8a5","listOfSAReports":"0x5cbd50ec"}|0x3da9a4e3
14:50:11.0 (29074661)|HEAP_ALLOCATE|[231]|Bytes:3
14:50:11.0 (29079968)|HEAP_ALLOCATE|[231]|Bytes:3
14:50:11.0 (29087330)|HEAP_ALLOCATE|[EXTERNAL]|Bytes:4
14:50:11.0 (29097125)|HEAP_ALLOCATE|[229]|Bytes:5
14:50:11.0 (29105455)|VARIABLE_ASSIGNMENT|[229]|picklistEntry|null|
14:50:11.0 (29114761)|METHOD_EXIT|[94]|01pN0000000aEUV|saReportCtrl.initCategoryPicklist()
14:50:11.0 (29119536)|STATEMENT_EXECUTE|[95]
14:50:11.0 (29129912)|METHOD_ENTRY|[95]|01pN0000000aEUV|saReportCtrl.initSortPicklist()
14:50:11.0 (29151963)|VARIABLE_SCOPE_BEGIN|[204]|this|saReportCtrl|true|false
14:50:11.0 (29195240)|VARIABLE_ASSIGNMENT|[204]|this|{"categoryDataOptions":"0x37be09fc","currentDay":"2018-03-12T05:50:11.068Z","currentDayMinusSeven":"2018-03-05T05:50:11.068Z","listOfCategory":"0x5e51a8a5","listOfSAReports":"0x5cbd50ec"}|0x3da9a4e3
14:50:11.0 (29211990)|HEAP_ALLOCATE|[206]|Bytes:5
14:50:11.0 (29216839)|STATEMENT_EXECUTE|[204]
14:50:11.0 (29218334)|STATEMENT_EXECUTE|[206]
14:50:11.0 (29221034)|HEAP_ALLOCATE|[206]|Bytes:21
14:50:11.0 (29237661)|USER_DEBUG|[206]|DEBUG|Run: initSortPicklist
14:50:11.0 (29244427)|STATEMENT_EXECUTE|[208]
14:50:11.0 (29252579)|HEAP_ALLOCATE|[208]|Bytes:4
14:50:11.0 (29314501)|VARIABLE_ASSIGNMENT|[EXTERNAL]|this|{"categoryDataOptions":"0x37be09fc","currentDay":"2018-03-12T05:50:11.068Z","currentDayMinusSeven":"2018-03-05T05:50:11.068Z","listOfCategory":"0x5e51a8a5","listOfSAReports":"0x5cbd50ec"}|0x3da9a4e3
14:50:11.0 (29336271)|HEAP_ALLOCATE|[EXTERNAL]|Bytes:4
14:50:11.0 (29343192)|VARIABLE_ASSIGNMENT|[EXTERNAL]|value|[]|0x3d379c6
14:50:11.0 (29356449)|VARIABLE_ASSIGNMENT|[58]|this.sortDataOptions|[]|0x3da9a4e3
14:50:11.0 (29366048)|STATEMENT_EXECUTE|[209]
14:50:11.0 (29419805)|VARIABLE_ASSIGNMENT|[EXTERNAL]|this|{"categoryDataOptions":"0x37be09fc","currentDay":"2018-03-12T05:50:11.068Z","currentDayMinusSeven":"2018-03-05T05:50:11.068Z","listOfCategory":"0x5e51a8a5","listOfSAReports":"0x5cbd50ec","sortDataOptions":"0x3d379c6"}|0x3da9a4e3
14:50:11.0 (29454256)|HEAP_ALLOCATE|[EXTERNAL]|Bytes:4
14:50:11.0 (29460189)|STATEMENT_EXECUTE|[210]
14:50:11.0 (29507196)|VARIABLE_ASSIGNMENT|[EXTERNAL]|this|{"categoryDataOptions":"0x37be09fc","currentDay":"2018-03-12T05:50:11.068Z","currentDayMinusSeven":"2018-03-05T05:50:11.068Z","listOfCategory":"0x5e51a8a5","listOfSAReports":"0x5cbd50ec","sortDataOptions":"0x3d379c6"}|0x3da9a4e3
14:50:11.0 (29531758)|HEAP_ALLOCATE|[EXTERNAL]|Bytes:4
14:50:11.0 (29536672)|STATEMENT_EXECUTE|[211]
14:50:11.0 (29581086)|VARIABLE_ASSIGNMENT|[EXTERNAL]|this|{"categoryDataOptions":"0x37be09fc","currentDay":"2018-03-12T05:50:11.068Z","currentDayMinusSeven":"2018-03-05T05:50:11.068Z","listOfCategory":"0x5e51a8a5","listOfSAReports":"0x5cbd50ec","sortDataOptions":"0x3d379c6"}|0x3da9a4e3
14:50:11.0 (29603242)|HEAP_ALLOCATE|[EXTERNAL]|Bytes:4
14:50:11.0 (29608682)|STATEMENT_EXECUTE|[212]
14:50:11.0 (29652001)|VARIABLE_ASSIGNMENT|[EXTERNAL]|this|{"categoryDataOptions":"0x37be09fc","currentDay":"2018-03-12T05:50:11.068Z","currentDayMinusSeven":"2018-03-05T05:50:11.068Z","listOfCategory":"0x5e51a8a5","listOfSAReports":"0x5cbd50ec","sortDataOptions":"0x3d379c6"}|0x3da9a4e3
14:50:11.0 (29673601)|HEAP_ALLOCATE|[EXTERNAL]|Bytes:4
14:50:11.0 (29678931)|STATEMENT_EXECUTE|[213]
14:50:11.0 (29722058)|VARIABLE_ASSIGNMENT|[EXTERNAL]|this|{"categoryDataOptions":"0x37be09fc","currentDay":"2018-03-12T05:50:11.068Z","currentDayMinusSeven":"2018-03-05T05:50:11.068Z","listOfCategory":"0x5e51a8a5","listOfSAReports":"0x5cbd50ec","sortDataOptions":"0x3d379c6"}|0x3da9a4e3
14:50:11.0 (29743310)|HEAP_ALLOCATE|[EXTERNAL]|Bytes:4
14:50:11.0 (29752851)|METHOD_EXIT|[95]|01pN0000000aEUV|saReportCtrl.initSortPicklist()
14:50:11.0 (29757324)|STATEMENT_EXECUTE|[96]
14:50:11.0 (29765816)|METHOD_ENTRY|[96]|01pN0000000aEUV|saReportCtrl.initCountPicklist()
14:50:11.0 (29783686)|VARIABLE_SCOPE_BEGIN|[188]|this|saReportCtrl|true|false
14:50:11.0 (29826980)|VARIABLE_ASSIGNMENT|[188]|this|{"categoryDataOptions":"0x37be09fc","currentDay":"2018-03-12T05:50:11.068Z","currentDayMinusSeven":"2018-03-05T05:50:11.068Z","listOfCategory":"0x5e51a8a5","listOfSAReports":"0x5cbd50ec","sortDataOptions":"0x3d379c6"}|0x3da9a4e3
14:50:11.0 (29843543)|HEAP_ALLOCATE|[190]|Bytes:5
14:50:11.0 (29847696)|STATEMENT_EXECUTE|[188]
14:50:11.0 (29849173)|STATEMENT_EXECUTE|[190]
14:50:11.0 (29851867)|HEAP_ALLOCATE|[190]|Bytes:22
14:50:11.0 (29867135)|USER_DEBUG|[190]|DEBUG|Run: initCountPicklist
14:50:11.0 (29873617)|STATEMENT_EXECUTE|[192]
14:50:11.0 (29881104)|HEAP_ALLOCATE|[192]|Bytes:4
14:50:11.0 (29941417)|VARIABLE_ASSIGNMENT|[EXTERNAL]|this|{"categoryDataOptions":"0x37be09fc","currentDay":"2018-03-12T05:50:11.068Z","currentDayMinusSeven":"2018-03-05T05:50:11.068Z","listOfCategory":"0x5e51a8a5","listOfSAReports":"0x5cbd50ec","sortDataOptions":"0x3d379c6"}|0x3da9a4e3
14:50:11.0 (29962399)|HEAP_ALLOCATE|[EXTERNAL]|Bytes:4
14:50:11.0 (29969388)|VARIABLE_ASSIGNMENT|[EXTERNAL]|value|[]|0x146ffac8
14:50:11.0 (29980988)|VARIABLE_ASSIGNMENT|[59]|this.countDataOptions|[]|0x3da9a4e3
14:50:11.0 (29988447)|STATEMENT_EXECUTE|[193]
14:50:11.0 (30038408)|VARIABLE_ASSIGNMENT|[EXTERNAL]|this|{"categoryDataOptions":"0x37be09fc","countDataOptions":"0x146ffac8","currentDay":"2018-03-12T05:50:11.068Z","currentDayMinusSeven":"2018-03-05T05:50:11.068Z","listOfCategory":"0x5e51a8a5","listOfSAReports":"0x5cbd50ec","sortDataOptions":"0x3d379c6"}|0x3da9a4e3
14:50:11.0 (30053195)|HEAP_ALLOCATE|[193]|Bytes:2
14:50:11.0 (30070764)|HEAP_ALLOCATE|[EXTERNAL]|Bytes:4
14:50:11.0 (30075830)|STATEMENT_EXECUTE|[194]
14:50:11.0 (30122204)|VARIABLE_ASSIGNMENT|[EXTERNAL]|this|{"categoryDataOptions":"0x37be09fc","countDataOptions":"0x146ffac8","currentDay":"2018-03-12T05:50:11.068Z","currentDayMinusSeven":"2018-03-05T05:50:11.068Z","listOfCategory":"0x5e51a8a5","listOfSAReports":"0x5cbd50ec","sortDataOptions":"0x3d379c6"}|0x3da9a4e3
14:50:11.0 (30135233)|HEAP_ALLOCATE|[194]|Bytes:2
14:50:11.0 (30149213)|HEAP_ALLOCATE|[EXTERNAL]|Bytes:4
14:50:11.0 (30154634)|STATEMENT_EXECUTE|[195]
14:50:11.0 (30197959)|VARIABLE_ASSIGNMENT|[EXTERNAL]|this|{"categoryDataOptions":"0x37be09fc","countDataOptions":"0x146ffac8","currentDay":"2018-03-12T05:50:11.068Z","currentDayMinusSeven":"2018-03-05T05:50:11.068Z","listOfCategory":"0x5e51a8a5","listOfSAReports":"0x5cbd50ec","sortDataOptions":"0x3d379c6"}|0x3da9a4e3
14:50:11.0 (30209335)|HEAP_ALLOCATE|[195]|Bytes:3
14:50:11.0 (30222519)|HEAP_ALLOCATE|[EXTERNAL]|Bytes:4
14:50:11.0 (30231239)|METHOD_EXIT|[96]|01pN0000000aEUV|saReportCtrl.initCountPicklist()
14:50:11.0 (30235648)|STATEMENT_EXECUTE|[98]
14:50:11.0 (30295951)|VARIABLE_ASSIGNMENT|[EXTERNAL]|this|{"categoryDataOptions":"0x37be09fc","countDataOptions":"0x146ffac8","currentDay":"2018-03-12T05:50:11.068Z","currentDayMinusSeven":"2018-03-05T05:50:11.068Z","listOfCategory":"0x5e51a8a5","listOfSAReports":"0x5cbd50ec","sortDataOptions":"0x3d379c6"}|0x3da9a4e3
14:50:11.0 (30307032)|VARIABLE_ASSIGNMENT|[EXTERNAL]|value|""
14:50:11.0 (30316467)|VARIABLE_ASSIGNMENT|[50]|this.filterKeywords|""|0x3da9a4e3
14:50:11.0 (30323717)|STATEMENT_EXECUTE|[99]
14:50:11.0 (30381438)|VARIABLE_ASSIGNMENT|[EXTERNAL]|this|{"categoryDataOptions":"0x37be09fc","countDataOptions":"0x146ffac8","currentDay":"2018-03-12T05:50:11.068Z","currentDayMinusSeven":"2018-03-05T05:50:11.068Z","filterKeywords":"","listOfCategory":"0x5e51a8a5","listOfSAReports":"0x5cbd50ec","sortDataOptions":"0x3d379c6"}|0x3da9a4e3
14:50:11.0 (30392027)|VARIABLE_ASSIGNMENT|[EXTERNAL]|value|""
14:50:11.0 (30400289)|VARIABLE_ASSIGNMENT|[51]|this.filterDateStart|""|0x3da9a4e3
14:50:11.0 (30407452)|STATEMENT_EXECUTE|[100]
14:50:11.0 (30465359)|VARIABLE_ASSIGNMENT|[EXTERNAL]|this|{"categoryDataOptions":"0x37be09fc","countDataOptions":"0x146ffac8","currentDay":"2018-03-12T05:50:11.068Z","currentDayMinusSeven":"2018-03-05T05:50:11.068Z","filterDateStart":"","filterKeywords":"","listOfCategory":"0x5e51a8a5","listOfSAReports":"0x5cbd50ec","sortDataOptions":"0x3d379c6"}|0x3da9a4e3
14:50:11.0 (30476645)|VARIABLE_ASSIGNMENT|[EXTERNAL]|value|""
14:50:11.0 (30483901)|VARIABLE_ASSIGNMENT|[52]|this.filterDateEnd|""|0x3da9a4e3
14:50:11.0 (30491237)|STATEMENT_EXECUTE|[102]
14:50:11.0 (30546318)|VARIABLE_ASSIGNMENT|[EXTERNAL]|this|{"categoryDataOptions":"0x37be09fc","countDataOptions":"0x146ffac8","currentDay":"2018-03-12T05:50:11.068Z","currentDayMinusSeven":"2018-03-05T05:50:11.068Z","filterDateEnd":"","filterDateStart":"","filterKeywords":"","listOfCategory":"0x5e51a8a5","listOfSAReports":"0x5cbd50ec","sortDataOptions":"0x3d379c6"}|0x3da9a4e3
14:50:11.0 (30559172)|VARIABLE_ASSIGNMENT|[EXTERNAL]|value|false
14:50:11.0 (30564977)|HEAP_ALLOCATE|[44]|Bytes:5
14:50:11.0 (30571875)|VARIABLE_ASSIGNMENT|[44]|this.isGoodSelected|false|0x3da9a4e3
14:50:11.0 (30578556)|STATEMENT_EXECUTE|[103]
14:50:11.0 (30634999)|VARIABLE_ASSIGNMENT|[EXTERNAL]|this|{"categoryDataOptions":"0x37be09fc","countDataOptions":"0x146ffac8","currentDay":"2018-03-12T05:50:11.068Z","currentDayMinusSeven":"2018-03-05T05:50:11.068Z","filterDateEnd":"","filterDateStart":"","filterKeywords":"","isGoodSelected":false,"listOfCategory":"0x5e51a8a5","listOfSAReports":"0x5cbd50ec","sortDataOptions":"0x3d379c6"}|0x3da9a4e3
14:50:11.0 (30647070)|VARIABLE_ASSIGNMENT|[EXTERNAL]|value|false
14:50:11.0 (30652404)|HEAP_ALLOCATE|[45]|Bytes:5
14:50:11.0 (30658777)|VARIABLE_ASSIGNMENT|[45]|this.isVeryGoodSelected|false|0x3da9a4e3
14:50:11.0 (30666324)|STATEMENT_EXECUTE|[104]
14:50:11.0 (30721885)|VARIABLE_ASSIGNMENT|[EXTERNAL]|this|{"categoryDataOptions":"0x37be09fc","countDataOptions":"0x146ffac8","currentDay":"2018-03-12T05:50:11.068Z","currentDayMinusSeven":"2018-03-05T05:50:11.068Z","filterDateEnd":"","filterDateStart":"","filterKeywords":"","isGoodSelected":false,"isVeryGoodSelected":false,"listOfCategory":"0x5e51a8a5","listOfSAReports":"0x5cbd50ec","sortDataOptions":"0x3d379c6"}|0x3da9a4e3
14:50:11.0 (30734959)|VARIABLE_ASSIGNMENT|[EXTERNAL]|value|false
14:50:11.0 (30740455)|HEAP_ALLOCATE|[46]|Bytes:5
14:50:11.0 (30746960)|VARIABLE_ASSIGNMENT|[46]|this.isTrySelected|false|0x3da9a4e3
14:50:11.0 (30753981)|STATEMENT_EXECUTE|[105]
14:50:11.0 (30811197)|VARIABLE_ASSIGNMENT|[EXTERNAL]|this|{"categoryDataOptions":"0x37be09fc","countDataOptions":"0x146ffac8","currentDay":"2018-03-12T05:50:11.068Z","currentDayMinusSeven":"2018-03-05T05:50:11.068Z","filterDateEnd":"","filterDateStart":"","filterKeywords":"","isGoodSelected":false,"isTrySelected":false,"isVeryGoodSelected":false,"listOfCategory":"0x5e51a8a5","listOfSAReports":"0x5cbd50ec","sortDataOptions":"0x3d379c6"}|0x3da9a4e3
14:50:11.0 (30823133)|VARIABLE_ASSIGNMENT|[EXTERNAL]|value|false
14:50:11.0 (30828113)|HEAP_ALLOCATE|[37]|Bytes:5
14:50:11.0 (30834431)|VARIABLE_ASSIGNMENT|[37]|this.isNew|false|0x3da9a4e3
14:50:11.0 (30841412)|STATEMENT_EXECUTE|[107]
14:50:11.0 (30858930)|HEAP_ALLOCATE|[107]|Bytes:4
14:50:11.0 (30924007)|VARIABLE_ASSIGNMENT|[EXTERNAL]|this|{"categoryDataOptions":"0x37be09fc","countDataOptions":"0x146ffac8","currentDay":"2018-03-12T05:50:11.068Z","currentDayMinusSeven":"2018-03-05T05:50:11.068Z","filterDateEnd":"","filterDateStart":"","filterKeywords":"","isGoodSelected":false,"isNew":false,"isTrySelected":false,"isVeryGoodSelected":false,"listOfCategory":"0x5e51a8a5","listOfSAReports":"0x5cbd50ec","sortDataOptions":"0x3d379c6"}|0x3da9a4e3
14:50:11.0 (30936245)|HEAP_ALLOCATE|[EXTERNAL]|Bytes:4
14:50:11.0 (30941976)|VARIABLE_ASSIGNMENT|[EXTERNAL]|value|[]|0x77d16e62
14:50:11.0 (30951000)|VARIABLE_ASSIGNMENT|[66]|this.filteredRecords|[]|0x3da9a4e3
14:50:11.0 (30957829)|STATEMENT_EXECUTE|[108]
14:50:11.0 (31004677)|HEAP_ALLOCATE|[108]|Bytes:4
14:50:11.0 (31089205)|VARIABLE_ASSIGNMENT|[EXTERNAL]|this|{"categoryDataOptions":"0x37be09fc","countDataOptions":"0x146ffac8","currentDay":"2018-03-12T05:50:11.068Z","currentDayMinusSeven":"2018-03-05T05:50:11.068Z","filterDateEnd":"","filterDateStart":"","filteredRecords":"0x77d16e62","filterKeywords":"","isGoodSelected":false,"isNew":false,"isTrySelected":false,"isVeryGoodSelected":false,"listOfCategory":"0x5e51a8a5","listOfSAReports":"0x5cbd50ec","sortDataOptions":"0x3d379c6"}|0x3da9a4e3
14:50:11.0 (31102154)|HEAP_ALLOCATE|[EXTERNAL]|Bytes:4
14:50:11.0 (31108202)|VARIABLE_ASSIGNMENT|[EXTERNAL]|value|[]|0x7badac9e
14:50:11.0 (31118979)|VARIABLE_ASSIGNMENT|[67]|this.reportGoodViews|[]|0x3da9a4e3
14:50:11.0 (31126621)|STATEMENT_EXECUTE|[109]
14:50:11.0 (31139288)|HEAP_ALLOCATE|[109]|Bytes:4
14:50:11.0 (31200086)|VARIABLE_ASSIGNMENT|[EXTERNAL]|this|{"categoryDataOptions":"0x37be09fc","countDataOptions":"0x146ffac8","currentDay":"2018-03-12T05:50:11.068Z","currentDayMinusSeven":"2018-03-05T05:50:11.068Z","filterDateEnd":"","filterDateStart":"","filteredRecords":"0x77d16e62","filterKeywords":"","isGoodSelected":false,"isNew":false,"isTrySelected":false,"isVeryGoodSelected":false,"listOfCategory":"0x5e51a8a5","listOfSAReports":"0x5cbd50ec","reportGoodViews":"0x7badac9e","sortDataOptions":"0x3d379c6"}|0x3da9a4e3
14:50:11.0 (31212201)|HEAP_ALLOCATE|[EXTERNAL]|Bytes:4
14:50:11.0 (31217490)|VARIABLE_ASSIGNMENT|[EXTERNAL]|value|[]|0x19691aeb
14:50:11.0 (31227087)|VARIABLE_ASSIGNMENT|[69]|this.reportManagedViews|[]|0x3da9a4e3
14:50:11.0 (31234066)|STATEMENT_EXECUTE|[110]
14:50:11.0 (31244854)|HEAP_ALLOCATE|[110]|Bytes:4
14:50:11.0 (31305936)|VARIABLE_ASSIGNMENT|[EXTERNAL]|this|{"categoryDataOptions":"0x37be09fc","countDataOptions":"0x146ffac8","currentDay":"2018-03-12T05:50:11.068Z","currentDayMinusSeven":"2018-03-05T05:50:11.068Z","filterDateEnd":"","filterDateStart":"","filteredRecords":"0x77d16e62","filterKeywords":"","isGoodSelected":false,"isNew":false,"isTrySelected":false,"isVeryGoodSelected":false,"listOfCategory":"0x5e51a8a5","listOfSAReports":"0x5cbd50ec","reportGoodViews":"0x7badac9e","reportManagedViews":"0x19691aeb","sortDataOptions":"0x3d379c6"}|0x3da9a4e3
14:50:11.0 (31318725)|HEAP_ALLOCATE|[EXTERNAL]|Bytes:4
14:50:11.0 (31323758)|VARIABLE_ASSIGNMENT|[EXTERNAL]|value|[]|0x7aad649c
14:50:11.0 (31333121)|VARIABLE_ASSIGNMENT|[71]|this.reportComments|[]|0x3da9a4e3
14:50:11.0 (31342315)|SYSTEM_MODE_EXIT|false
14:50:11.0 (38242799)|SYSTEM_MODE_ENTER|true
14:50:11.0 (38267629)|VARIABLE_SCOPE_BEGIN|[7]|auMainTopCompCtrl.TYPE_SCREEN_CX_SCREEN|Integer|false|true
14:50:11.0 (38275841)|VARIABLE_SCOPE_BEGIN|[8]|auMainTopCompCtrl.TYPE_SCREEN_CX_TIMELINE|Integer|false|true
14:50:11.0 (38281373)|VARIABLE_SCOPE_BEGIN|[9]|auMainTopCompCtrl.TYPE_SCREEN_EVENT_SCHEDULE|Integer|false|true
14:50:11.0 (38286844)|VARIABLE_SCOPE_BEGIN|[10]|auMainTopCompCtrl.TYPE_SCREEN_EVENT_SCHEDULE_LIST|Integer|false|true
14:50:11.0 (38292573)|VARIABLE_SCOPE_BEGIN|[11]|auMainTopCompCtrl.TYPE_SCREEN_KNOWLEDGE_DASHBOARD|Integer|false|true
14:50:11.0 (38298467)|VARIABLE_SCOPE_BEGIN|[12]|auMainTopCompCtrl.TYPE_SCREEN_KNOWLEDGE_LIST|Integer|false|true
14:50:11.0 (38303974)|VARIABLE_SCOPE_BEGIN|[15]|auMainTopCompCtrl.TYPE_SCREEN_SA_CHATTER|Integer|false|true
14:50:11.0 (38309345)|VARIABLE_SCOPE_BEGIN|[16]|auMainTopCompCtrl.TYPE_SCREEN_SA_DAILYREPORT|Integer|false|true
14:50:11.0 (38314662)|VARIABLE_SCOPE_BEGIN|[18]|auMainTopCompCtrl.TYPE_SCREEN_SA_DOCUMENTS|Integer|false|true
14:50:11.0 (38319776)|VARIABLE_SCOPE_BEGIN|[17]|auMainTopCompCtrl.TYPE_SCREEN_SA_ENQUETE|Integer|false|true
14:50:11.0 (38324912)|VARIABLE_SCOPE_BEGIN|[13]|auMainTopCompCtrl.TYPE_SCREEN_SA_MESSAGES|Integer|false|true
14:50:11.0 (38330188)|VARIABLE_SCOPE_BEGIN|[19]|auMainTopCompCtrl.TYPE_SCREEN_SA_RANKING|Integer|false|true
14:50:11.0 (38335264)|VARIABLE_SCOPE_BEGIN|[14]|auMainTopCompCtrl.TYPE_SCREEN_SA_REPORTS|Integer|false|true
14:50:11.0 (38340501)|VARIABLE_SCOPE_BEGIN|[4]|auMainTopCompCtrl.TYPE_SCREEN_STPD_EVENT|Integer|false|true
14:50:11.0 (38345763)|VARIABLE_SCOPE_BEGIN|[6]|auMainTopCompCtrl.TYPE_SCREEN_STPD_SCREEN|Integer|false|true
14:50:11.0 (38350983)|VARIABLE_SCOPE_BEGIN|[5]|auMainTopCompCtrl.TYPE_SCREEN_STPD_TIMELINE|Integer|false|true
14:50:11.0 (38356562)|VARIABLE_SCOPE_BEGIN|[3]|auMainTopCompCtrl.TYPE_SCREEN_SWITCH|Integer|false|true
14:50:11.0 (38382737)|HEAP_ALLOCATE|[EXTERNAL]|Bytes:284
14:50:11.0 (38391675)|HEAP_ALLOCATE|[EXTERNAL]|Bytes:113
14:50:11.0 (38402313)|METHOD_ENTRY|[1]|01pN0000000Mill|auMainTopCompCtrl.auMainTopCompCtrl()
14:50:11.0 (38407338)|STATEMENT_EXECUTE|[1]
14:50:11.0 (38410673)|STATEMENT_EXECUTE|[1]
14:50:11.0 (38411982)|STATEMENT_EXECUTE|[3]
14:50:11.0 (38416482)|HEAP_ALLOCATE|[3]|Bytes:4
14:50:11.0 (38432327)|VARIABLE_ASSIGNMENT|[3]|auMainTopCompCtrl.TYPE_SCREEN_SWITCH|0
14:50:11.0 (38437430)|STATEMENT_EXECUTE|[4]
14:50:11.0 (38439655)|HEAP_ALLOCATE|[4]|Bytes:4
14:50:11.0 (38446195)|VARIABLE_ASSIGNMENT|[4]|auMainTopCompCtrl.TYPE_SCREEN_STPD_EVENT|11
14:50:11.0 (38449609)|STATEMENT_EXECUTE|[5]
14:50:11.0 (38451312)|HEAP_ALLOCATE|[5]|Bytes:4
14:50:11.0 (38459484)|VARIABLE_ASSIGNMENT|[5]|auMainTopCompCtrl.TYPE_SCREEN_STPD_TIMELINE|12
14:50:11.0 (38463060)|STATEMENT_EXECUTE|[6]
14:50:11.0 (38464778)|HEAP_ALLOCATE|[6]|Bytes:4
14:50:11.0 (38469858)|VARIABLE_ASSIGNMENT|[6]|auMainTopCompCtrl.TYPE_SCREEN_STPD_SCREEN|13
14:50:11.0 (38472787)|STATEMENT_EXECUTE|[7]
14:50:11.0 (38474556)|HEAP_ALLOCATE|[7]|Bytes:4
14:50:11.0 (38479150)|VARIABLE_ASSIGNMENT|[7]|auMainTopCompCtrl.TYPE_SCREEN_CX_SCREEN|21
14:50:11.0 (38482420)|STATEMENT_EXECUTE|[8]
14:50:11.0 (38483984)|HEAP_ALLOCATE|[8]|Bytes:4
14:50:11.0 (38488532)|VARIABLE_ASSIGNMENT|[8]|auMainTopCompCtrl.TYPE_SCREEN_CX_TIMELINE|22
14:50:11.0 (38491423)|STATEMENT_EXECUTE|[9]
14:50:11.0 (38493123)|HEAP_ALLOCATE|[9]|Bytes:4
14:50:11.0 (38497731)|VARIABLE_ASSIGNMENT|[9]|auMainTopCompCtrl.TYPE_SCREEN_EVENT_SCHEDULE|31
14:50:11.0 (38501249)|STATEMENT_EXECUTE|[10]
14:50:11.0 (38503085)|HEAP_ALLOCATE|[10]|Bytes:4
14:50:11.0 (38507566)|VARIABLE_ASSIGNMENT|[10]|auMainTopCompCtrl.TYPE_SCREEN_EVENT_SCHEDULE_LIST|32
14:50:11.0 (38510689)|STATEMENT_EXECUTE|[11]
14:50:11.0 (38512308)|HEAP_ALLOCATE|[11]|Bytes:4
14:50:11.0 (38516590)|VARIABLE_ASSIGNMENT|[11]|auMainTopCompCtrl.TYPE_SCREEN_KNOWLEDGE_DASHBOARD|41
14:50:11.0 (38519469)|STATEMENT_EXECUTE|[12]
14:50:11.0 (38521061)|HEAP_ALLOCATE|[12]|Bytes:4
14:50:11.0 (38525631)|VARIABLE_ASSIGNMENT|[12]|auMainTopCompCtrl.TYPE_SCREEN_KNOWLEDGE_LIST|42
14:50:11.0 (38529315)|STATEMENT_EXECUTE|[13]
14:50:11.0 (38530940)|HEAP_ALLOCATE|[13]|Bytes:4
14:50:11.0 (38535771)|VARIABLE_ASSIGNMENT|[13]|auMainTopCompCtrl.TYPE_SCREEN_SA_MESSAGES|51
14:50:11.0 (38538690)|STATEMENT_EXECUTE|[14]
14:50:11.0 (38540522)|HEAP_ALLOCATE|[14]|Bytes:4
14:50:11.0 (38545220)|VARIABLE_ASSIGNMENT|[14]|auMainTopCompCtrl.TYPE_SCREEN_SA_REPORTS|52
14:50:11.0 (38548575)|STATEMENT_EXECUTE|[15]
14:50:11.0 (38550109)|HEAP_ALLOCATE|[15]|Bytes:4
14:50:11.0 (38554842)|VARIABLE_ASSIGNMENT|[15]|auMainTopCompCtrl.TYPE_SCREEN_SA_CHATTER|53
14:50:11.0 (38557996)|STATEMENT_EXECUTE|[16]
14:50:11.0 (38559560)|HEAP_ALLOCATE|[16]|Bytes:4
14:50:11.0 (38564222)|VARIABLE_ASSIGNMENT|[16]|auMainTopCompCtrl.TYPE_SCREEN_SA_DAILYREPORT|54
14:50:11.0 (38567294)|STATEMENT_EXECUTE|[17]
14:50:11.0 (38569067)|HEAP_ALLOCATE|[17]|Bytes:4
14:50:11.0 (38573566)|VARIABLE_ASSIGNMENT|[17]|auMainTopCompCtrl.TYPE_SCREEN_SA_ENQUETE|55
14:50:11.0 (38576370)|STATEMENT_EXECUTE|[18]
14:50:11.0 (38578344)|HEAP_ALLOCATE|[18]|Bytes:4
14:50:11.0 (38582841)|VARIABLE_ASSIGNMENT|[18]|auMainTopCompCtrl.TYPE_SCREEN_SA_DOCUMENTS|56
14:50:11.0 (38586133)|STATEMENT_EXECUTE|[19]
14:50:11.0 (38587833)|HEAP_ALLOCATE|[19]|Bytes:4
14:50:11.0 (38592453)|VARIABLE_ASSIGNMENT|[19]|auMainTopCompCtrl.TYPE_SCREEN_SA_RANKING|57
14:50:11.0 (38599531)|METHOD_EXIT|[1]|auMainTopCompCtrl
14:50:11.0 (38606935)|HEAP_ALLOCATE|[EXTERNAL]|Bytes:40
14:50:11.0 (38613244)|VARIABLE_SCOPE_BEGIN|[38]|this|auMainTopCompCtrl|true|false
14:50:11.0 (38683102)|VARIABLE_ASSIGNMENT|[38]|this|{}|0x69495629
14:50:11.0 (38692154)|STATEMENT_EXECUTE|[1]
14:50:11.0 (38693602)|STATEMENT_EXECUTE|[21]
14:50:11.0 (38694809)|STATEMENT_EXECUTE|[22]
14:50:11.0 (38696009)|STATEMENT_EXECUTE|[23]
14:50:11.0 (38697241)|STATEMENT_EXECUTE|[26]
14:50:11.0 (38698431)|STATEMENT_EXECUTE|[27]
14:50:11.0 (38699623)|STATEMENT_EXECUTE|[28]
14:50:11.0 (38700799)|STATEMENT_EXECUTE|[30]
14:50:11.0 (38701981)|STATEMENT_EXECUTE|[31]
14:50:11.0 (38703410)|STATEMENT_EXECUTE|[33]
14:50:11.0 (38719386)|STATEMENT_EXECUTE|[38]
14:50:11.0 (38720907)|STATEMENT_EXECUTE|[39]
14:50:11.0 (38821005)|VARIABLE_ASSIGNMENT|[EXTERNAL]|this|{}|0x69495629
14:50:11.0 (38830390)|VARIABLE_ASSIGNMENT|[EXTERNAL]|value|0
14:50:11.0 (38835747)|HEAP_ALLOCATE|[26]|Bytes:4
14:50:11.0 (38842754)|VARIABLE_ASSIGNMENT|[26]|this.iTypeOfScreen|0|0x69495629
14:50:11.0 (38851692)|STATEMENT_EXECUTE|[41]
14:50:11.0 (39894907)|HEAP_ALLOCATE|[41]|Bytes:112
14:50:11.0 (39976671)|VARIABLE_ASSIGNMENT|[EXTERNAL]|this|{"iTypeOfScreen":0}|0x69495629
14:50:11.0 (39989373)|VARIABLE_ASSIGNMENT|[EXTERNAL]|value|"https://cs6.lightnin (84 more) ..."
14:50:11.0 (40002325)|VARIABLE_ASSIGNMENT|[31]|this.urlReportsSFA|"https://cs6.lightnin (84 more) ..."|0x69495629
14:50:11.0 (40011201)|STATEMENT_EXECUTE|[43]
14:50:11.0 (40014790)|HEAP_ALLOCATE|[43]|Bytes:173
14:50:11.0 (40029684)|HEAP_ALLOCATE|[43]|Bytes:4
14:50:11.0 (40037198)|HEAP_ALLOCATE|[43]|Bytes:7
14:50:11.0 (40074310)|HEAP_ALLOCATE|[47]|Bytes:85
14:50:11.0 (40082858)|SYSTEM_METHOD_ENTRY|[1]|UserInfo.UserInfo()
14:50:11.0 (40087488)|STATEMENT_EXECUTE|[1]
14:50:11.0 (40093047)|SYSTEM_METHOD_EXIT|[1]|UserInfo
14:50:11.0 (40103550)|METHOD_ENTRY|[47]||System.UserInfo.getUserId()
14:50:11.0 (40133078)|METHOD_EXIT|[47]||System.UserInfo.getUserId()
14:50:11.0 (41843363)|SOQL_EXECUTE_BEGIN|[43]|Aggregations:0|SELECT SmallPhotoUrl, Account.Name, Account.RegionalOfficeId__r.RegionalOfficeName__c, Account.BranchId__r.BranchName__c, Name, Department FROM User WHERE User.ID = :tmpVar1
14:50:11.0 (45236291)|SOQL_EXECUTE_END|[43]|Rows:1
14:50:11.0 (45255413)|HEAP_ALLOCATE|[43]|Bytes:8
14:50:11.0 (45273948)|HEAP_ALLOCATE|[43]|Bytes:115
14:50:11.0 (45314704)|HEAP_ALLOCATE|[43]|Bytes:8
14:50:11.0 (45325485)|HEAP_ALLOCATE|[43]|Bytes:30
14:50:11.0 (45354395)|HEAP_ALLOCATE|[43]|Bytes:16
14:50:11.0 (45403079)|VARIABLE_ASSIGNMENT|[EXTERNAL]|this|{"iTypeOfScreen":0,"urlReportsSFA":"https://cs6.lightnin (84 more) ..."}|0x69495629
14:50:11.0 (45419391)|VARIABLE_ASSIGNMENT|[EXTERNAL]|value|{"SmallPhotoUrl":"https://c.cs6.conten (30 more) ...","Name":"Thomas Remy","Id":"005N00000057PfOIAU"}|0x3a921669
14:50:11.0 (45437749)|VARIABLE_ASSIGNMENT|[30]|this.currentUser|{"SmallPhotoUrl":"https://c.cs6.conten (30 more) ...","Name":"Thomas Remy","Id":"005N00000057PfOIAU"}|0x69495629
14:50:11.0 (45840593)|SYSTEM_MODE_ENTER|true
14:50:11.0 (45864664)|HEAP_ALLOCATE|[EXTERNAL]|Bytes:40
14:50:11.0 (45874111)|VARIABLE_ASSIGNMENT|[EXTERNAL]|this.iCountComments|null|0x69495629
14:50:11.0 (45919680)|SYSTEM_MODE_ENTER|true
14:50:11.0 (45932458)|HEAP_ALLOCATE|[EXTERNAL]|Bytes:40
14:50:11.0 (45939373)|VARIABLE_ASSIGNMENT|[EXTERNAL]|this.iCountLikes|null|0x69495629
14:50:11.0 (46072883)|SYSTEM_MODE_ENTER|true
14:50:11.0 (46102644)|HEAP_ALLOCATE|[EXTERNAL]|Bytes:120
14:50:11.0 (46109102)|VARIABLE_SCOPE_BEGIN|[62]|this|saReportCtrl|true|false
14:50:11.0 (46182275)|VARIABLE_ASSIGNMENT|[62]|this|{"categoryDataOptions":"0x37be09fc","countDataOptions":"0x146ffac8","currentDay":"2018-03-12T05:50:11.068Z","currentDayMinusSeven":"2018-03-05T05:50:11.068Z","filterDateEnd":"","filterDateStart":"","filteredRecords":"0x77d16e62","filterKeywords":"","isGoodSelected":false,"isNew":false,"isTrySelected":false,"isVeryGoodSelected":false,"listOfCategory":"0x5e51a8a5","listOfSAReports":"0x5cbd50ec","reportComments":"0x7aad649c","reportGoodViews":"0x7badac9e","reportManagedViews":"0x19691aeb","sortDataOptions":"0x3d379c6"}|0x3da9a4e3
14:50:11.0 (46205994)|SYSTEM_MODE_ENTER|false
14:50:11.0 (46214151)|HEAP_ALLOCATE|[62]|Bytes:5
14:50:11.0 (46219033)|STATEMENT_EXECUTE|[62]
14:50:11.0 (46220628)|STATEMENT_EXECUTE|[62]
14:50:11.0 (46226117)|SYSTEM_MODE_EXIT|false
14:50:11.0 (46278438)|SYSTEM_MODE_ENTER|true
14:50:11.0 (46293311)|HEAP_ALLOCATE|[EXTERNAL]|Bytes:8
14:50:11.0 (46297666)|HEAP_ALLOCATE|[EXTERNAL]|Bytes:40
14:50:11.0 (46305580)|VARIABLE_ASSIGNMENT|[EXTERNAL]|this.iTypeOfScreen|52|0x69495629
14:50:11.0 (46412014)|SYSTEM_MODE_ENTER|true
14:50:11.0 (46580158)|SYSTEM_MODE_ENTER|true
14:50:11.0 (48983108)|SYSTEM_MODE_ENTER|true
14:50:11.0 (49040868)|SYSTEM_MODE_ENTER|true
14:50:11.0 (49109903)|SYSTEM_MODE_ENTER|true
14:50:11.0 (49176982)|SYSTEM_MODE_ENTER|true
14:50:11.0 (49282408)|SYSTEM_MODE_ENTER|true
14:50:11.0 (49371249)|SYSTEM_MODE_ENTER|true
14:50:11.0 (49488815)|SYSTEM_MODE_ENTER|true
14:50:11.0 (49591758)|SYSTEM_MODE_ENTER|true
14:50:11.0 (50138191)|SYSTEM_MODE_ENTER|true
14:50:11.0 (50217897)|SYSTEM_MODE_ENTER|true
14:50:11.0 (50275120)|SYSTEM_MODE_ENTER|true
14:50:11.0 (50327727)|SYSTEM_MODE_ENTER|true
14:50:11.0 (50379962)|SYSTEM_MODE_ENTER|true
14:50:11.0 (50434678)|SYSTEM_MODE_ENTER|true
14:50:11.0 (50484208)|SYSTEM_MODE_ENTER|true
14:50:11.0 (51300460)|SYSTEM_MODE_ENTER|true
14:50:11.0 (51320157)|HEAP_ALLOCATE|[EXTERNAL]|Bytes:40
14:50:11.0 (51330691)|VARIABLE_ASSIGNMENT|[EXTERNAL]|this.iCountComments|null|0x69495629
14:50:11.0 (51367189)|SYSTEM_MODE_ENTER|true
14:50:11.0 (51379451)|HEAP_ALLOCATE|[EXTERNAL]|Bytes:40
14:50:11.0 (51385857)|VARIABLE_ASSIGNMENT|[EXTERNAL]|this.iCountLikes|null|0x69495629
14:50:11.0 (51446241)|SYSTEM_MODE_ENTER|true
14:50:11.0 (51459463)|HEAP_ALLOCATE|[EXTERNAL]|Bytes:8
14:50:11.0 (51463617)|HEAP_ALLOCATE|[EXTERNAL]|Bytes:40
14:50:11.0 (51470361)|VARIABLE_ASSIGNMENT|[EXTERNAL]|this.iTypeOfScreen|52|0x69495629
14:50:11.0 (51574408)|SYSTEM_MODE_ENTER|true
14:50:11.0 (51599945)|HEAP_ALLOCATE|[EXTERNAL]|Bytes:40
14:50:11.0 (51607553)|VARIABLE_SCOPE_BEGIN|[107]|this|auMainTopCompCtrl|true|false
14:50:11.0 (51637901)|VARIABLE_ASSIGNMENT|[107]|this|{"currentUser":"0x3a921669","iTypeOfScreen":52,"urlReportsSFA":"https://cs6.lightnin (84 more) ..."}|0x69495629
14:50:11.0 (51647108)|STATEMENT_EXECUTE|[107]
14:50:11.0 (51648795)|STATEMENT_EXECUTE|[108]
14:50:11.0 (51687154)|VARIABLE_ASSIGNMENT|[EXTERNAL]|this|{"currentUser":"0x3a921669","iTypeOfScreen":52,"urlReportsSFA":"https://cs6.lightnin (84 more) ..."}|0x69495629
14:50:11.0 (51707482)|HEAP_ALLOCATE|[108]|Bytes:5
14:50:11.0 (51785140)|SYSTEM_MODE_ENTER|true
14:50:11.0 (51807008)|HEAP_ALLOCATE|[EXTERNAL]|Bytes:40
14:50:11.0 (51813096)|VARIABLE_SCOPE_BEGIN|[111]|this|auMainTopCompCtrl|true|false
14:50:11.0 (51837333)|VARIABLE_ASSIGNMENT|[111]|this|{"currentUser":"0x3a921669","iTypeOfScreen":52,"urlReportsSFA":"https://cs6.lightnin (84 more) ..."}|0x69495629
14:50:11.0 (51845676)|STATEMENT_EXECUTE|[111]
14:50:11.0 (51847252)|STATEMENT_EXECUTE|[112]
14:50:11.0 (51875084)|VARIABLE_ASSIGNMENT|[EXTERNAL]|this|{"currentUser":"0x3a921669","iTypeOfScreen":52,"urlReportsSFA":"https://cs6.lightnin (84 more) ..."}|0x69495629
14:50:11.0 (51890916)|HEAP_ALLOCATE|[112]|Bytes:5
14:50:11.0 (51964080)|SYSTEM_MODE_ENTER|true
14:50:11.0 (51984531)|HEAP_ALLOCATE|[EXTERNAL]|Bytes:40
14:50:11.0 (51990519)|VARIABLE_SCOPE_BEGIN|[115]|this|auMainTopCompCtrl|true|false
14:50:11.0 (52014001)|VARIABLE_ASSIGNMENT|[115]|this|{"currentUser":"0x3a921669","iTypeOfScreen":52,"urlReportsSFA":"https://cs6.lightnin (84 more) ..."}|0x69495629
14:50:11.0 (52022126)|STATEMENT_EXECUTE|[115]
14:50:11.0 (52023598)|STATEMENT_EXECUTE|[116]
14:50:11.0 (52050249)|VARIABLE_ASSIGNMENT|[EXTERNAL]|this|{"currentUser":"0x3a921669","iTypeOfScreen":52,"urlReportsSFA":"https://cs6.lightnin (84 more) ..."}|0x69495629
14:50:11.0 (52063988)|HEAP_ALLOCATE|[116]|Bytes:5
14:50:11.0 (52130246)|SYSTEM_MODE_ENTER|true
14:50:11.0 (52150107)|HEAP_ALLOCATE|[EXTERNAL]|Bytes:40
14:50:11.0 (52156152)|VARIABLE_SCOPE_BEGIN|[119]|this|auMainTopCompCtrl|true|false
14:50:11.0 (52179576)|VARIABLE_ASSIGNMENT|[119]|this|{"currentUser":"0x3a921669","iTypeOfScreen":52,"urlReportsSFA":"https://cs6.lightnin (84 more) ..."}|0x69495629
14:50:11.0 (52187358)|STATEMENT_EXECUTE|[119]
14:50:11.0 (52188880)|STATEMENT_EXECUTE|[120]
14:50:11.0 (52213930)|VARIABLE_ASSIGNMENT|[EXTERNAL]|this|{"currentUser":"0x3a921669","iTypeOfScreen":52,"urlReportsSFA":"https://cs6.lightnin (84 more) ..."}|0x69495629
14:50:11.0 (52226382)|HEAP_ALLOCATE|[120]|Bytes:5
14:50:11.0 (52288524)|SYSTEM_MODE_ENTER|true
14:50:11.0 (52307324)|HEAP_ALLOCATE|[EXTERNAL]|Bytes:40
14:50:11.0 (52312812)|VARIABLE_SCOPE_BEGIN|[123]|this|auMainTopCompCtrl|true|false
14:50:11.0 (52335031)|VARIABLE_ASSIGNMENT|[123]|this|{"currentUser":"0x3a921669","iTypeOfScreen":52,"urlReportsSFA":"https://cs6.lightnin (84 more) ..."}|0x69495629
14:50:11.0 (52342385)|STATEMENT_EXECUTE|[123]
14:50:11.0 (52343821)|STATEMENT_EXECUTE|[124]
14:50:11.0 (52367913)|VARIABLE_ASSIGNMENT|[EXTERNAL]|this|{"currentUser":"0x3a921669","iTypeOfScreen":52,"urlReportsSFA":"https://cs6.lightnin (84 more) ..."}|0x69495629
14:50:11.0 (52380214)|HEAP_ALLOCATE|[124]|Bytes:5
14:50:11.0 (52448773)|SYSTEM_MODE_ENTER|true
14:50:11.0 (52468394)|HEAP_ALLOCATE|[EXTERNAL]|Bytes:40
14:50:11.0 (52474531)|VARIABLE_SCOPE_BEGIN|[127]|this|auMainTopCompCtrl|true|false
14:50:11.0 (52497214)|VARIABLE_ASSIGNMENT|[127]|this|{"currentUser":"0x3a921669","iTypeOfScreen":52,"urlReportsSFA":"https://cs6.lightnin (84 more) ..."}|0x69495629
14:50:11.0 (52505317)|STATEMENT_EXECUTE|[127]
14:50:11.0 (52506776)|STATEMENT_EXECUTE|[128]
14:50:11.0 (52531357)|VARIABLE_ASSIGNMENT|[EXTERNAL]|this|{"currentUser":"0x3a921669","iTypeOfScreen":52,"urlReportsSFA":"https://cs6.lightnin (84 more) ..."}|0x69495629
14:50:11.0 (52543882)|HEAP_ALLOCATE|[128]|Bytes:5
14:50:11.0 (52607744)|SYSTEM_MODE_ENTER|true
14:50:11.0 (52625960)|HEAP_ALLOCATE|[EXTERNAL]|Bytes:40
14:50:11.0 (52631705)|VARIABLE_SCOPE_BEGIN|[131]|this|auMainTopCompCtrl|true|false
14:50:11.0 (52653711)|VARIABLE_ASSIGNMENT|[131]|this|{"currentUser":"0x3a921669","iTypeOfScreen":52,"urlReportsSFA":"https://cs6.lightnin (84 more) ..."}|0x69495629
14:50:11.0 (52661358)|STATEMENT_EXECUTE|[131]
14:50:11.0 (52662982)|STATEMENT_EXECUTE|[132]
14:50:11.0 (52687510)|VARIABLE_ASSIGNMENT|[EXTERNAL]|this|{"currentUser":"0x3a921669","iTypeOfScreen":52,"urlReportsSFA":"https://cs6.lightnin (84 more) ..."}|0x69495629
14:50:11.0 (52699657)|HEAP_ALLOCATE|[132]|Bytes:5
14:50:11.0 (52799825)|SYSTEM_MODE_ENTER|true
14:50:11.0 (58499282)|SYSTEM_MODE_ENTER|true
14:50:11.0 (59068330)|SYSTEM_MODE_ENTER|true
14:50:11.0 (59263309)|SYSTEM_MODE_ENTER|true
14:50:11.0 (65549375)|SYSTEM_MODE_ENTER|true
14:50:11.0 (65802683)|SYSTEM_MODE_ENTER|true
14:50:11.0 (65848823)|SYSTEM_MODE_ENTER|true
14:50:11.0 (68481381)|VF_SERIALIZE_VIEWSTATE_BEGIN|066N0000000M59u
14:50:11.0 (72747090)|VF_SERIALIZE_VIEWSTATE_END
14:50:11.76 (76849130)|CUMULATIVE_LIMIT_USAGE
14:50:11.76 (76849130)|LIMIT_USAGE_FOR_NS|(default)|
  Number of SOQL queries: 3 out of 100
  Number of query rows: 13 out of 50000
  Number of SOSL queries: 0 out of 20
  Number of DML statements: 0 out of 150
  Number of DML rows: 0 out of 10000
  Maximum CPU time: 0 out of 10000
  Maximum heap size: 0 out of 6000000
  Number of callouts: 0 out of 100
  Number of Email Invocations: 0 out of 10
  Number of future calls: 0 out of 50
  Number of queueable jobs added to the queue: 0 out of 50
  Number of Mobile Apex push calls: 0 out of 10

14:50:11.76 (76849130)|CUMULATIVE_LIMIT_USAGE_END

14:50:11.0 (76882440)|CODE_UNIT_FINISHED|VF: /apex/saReport
14:50:11.0 (77596157)|EXECUTION_FINISHED
