36.0 APEX_CODE,FINEST;APEX_PROFILING,INFO;CALLOUT,INFO;DB,INFO;SYSTEM,DEBUG;VALIDATION,INFO;VISUALFORCE,INFO;WAVE,INFO;WORKFLOW,INFO
19:00:54.0 (269426)|USER_INFO|[EXTERNAL]|005N00000057RPN|duc.huynhmanh+kddi-gwdev01@globalway.co.jp|日本標準時|GMT+09:00
19:00:54.0 (301321)|EXECUTION_STARTED
19:00:54.0 (306734)|CODE_UNIT_STARTED|[EXTERNAL]|066N0000000M524|VF: /apex/auDailyReportListForAdmin
19:00:54.0 (14070701)|SYSTEM_MODE_ENTER|true
19:00:54.0 (14417027)|VARIABLE_SCOPE_BEGIN|[60]|auDailyReportListForAdminCtl.BASE_QUERY_STRING|String|false|true
19:00:54.0 (14435064)|VARIABLE_SCOPE_BEGIN|[59]|auDailyReportListForAdminCtl.COOKIE_EXPIRATION_DATE|Integer|false|true
19:00:54.0 (14442526)|VARIABLE_SCOPE_BEGIN|[57]|auDailyReportListForAdminCtl.COOKIE_PATH|String|false|true
19:00:54.0 (14449343)|VARIABLE_SCOPE_BEGIN|[54]|auDailyReportListForAdminCtl.LABEL_DATE_FROM|String|false|true
19:00:54.0 (14455763)|VARIABLE_SCOPE_BEGIN|[55]|auDailyReportListForAdminCtl.LABEL_DATE_TO|String|false|true
19:00:54.0 (14462209)|VARIABLE_SCOPE_BEGIN|[44]|auDailyReportListForAdminCtl.LABEL_FIELD_1|String|false|true
19:00:54.0 (14468290)|VARIABLE_SCOPE_BEGIN|[53]|auDailyReportListForAdminCtl.LABEL_FIELD_10|String|false|true
19:00:54.0 (14474402)|VARIABLE_SCOPE_BEGIN|[45]|auDailyReportListForAdminCtl.LABEL_FIELD_2|String|false|true
19:00:54.0 (14480563)|VARIABLE_SCOPE_BEGIN|[46]|auDailyReportListForAdminCtl.LABEL_FIELD_3|String|false|true
19:00:54.0 (14487278)|VARIABLE_SCOPE_BEGIN|[47]|auDailyReportListForAdminCtl.LABEL_FIELD_4|String|false|true
19:00:54.0 (14492897)|VARIABLE_SCOPE_BEGIN|[48]|auDailyReportListForAdminCtl.LABEL_FIELD_5|String|false|true
19:00:54.0 (14498447)|VARIABLE_SCOPE_BEGIN|[49]|auDailyReportListForAdminCtl.LABEL_FIELD_6|String|false|true
19:00:54.0 (14504614)|VARIABLE_SCOPE_BEGIN|[50]|auDailyReportListForAdminCtl.LABEL_FIELD_7|String|false|true
19:00:54.0 (14510247)|VARIABLE_SCOPE_BEGIN|[51]|auDailyReportListForAdminCtl.LABEL_FIELD_8|String|false|true
19:00:54.0 (14516064)|VARIABLE_SCOPE_BEGIN|[52]|auDailyReportListForAdminCtl.LABEL_FIELD_9|String|false|true
19:00:54.0 (14522108)|VARIABLE_SCOPE_BEGIN|[56]|auDailyReportListForAdminCtl.LABEL_TARGETRECORDS|String|false|true
19:00:54.0 (14528865)|VARIABLE_SCOPE_BEGIN|[65]|auDailyReportListForAdminCtl.QUERY_LIMIT|String|false|true
19:00:54.0 (14535849)|VARIABLE_SCOPE_BEGIN|[66]|auDailyReportListForAdminCtl.QUERY_LIMIT_MAX|String|false|true
19:00:54.0 (14542776)|VARIABLE_SCOPE_BEGIN|[64]|auDailyReportListForAdminCtl.SELECTOPTION_ALL|String|false|true
19:00:54.0 (14549984)|VARIABLE_SCOPE_BEGIN|[63]|auDailyReportListForAdminCtl.SELECTOPTION_LASTMODIFIED|String|false|true
19:00:54.0 (14597649)|VARIABLE_SCOPE_BEGIN|[69]|auDailyReportListForAdminCtl.targetRecordsOption|List<System.SelectOption>|true|true
19:00:54.0 (14692476)|HEAP_ALLOCATE|[72]|Bytes:3
19:00:54.0 (14728394)|HEAP_ALLOCATE|[77]|Bytes:152
19:00:54.0 (14739910)|HEAP_ALLOCATE|[342]|Bytes:408
19:00:54.0 (14750168)|HEAP_ALLOCATE|[355]|Bytes:408
19:00:54.0 (14759758)|HEAP_ALLOCATE|[467]|Bytes:48
19:00:54.0 (14785328)|HEAP_ALLOCATE|[139]|Bytes:6
19:00:54.0 (14798719)|HEAP_ALLOCATE|[EXTERNAL]|Bytes:392
19:00:54.0 (14807197)|HEAP_ALLOCATE|[EXTERNAL]|Bytes:146
19:00:54.0 (14812122)|HEAP_ALLOCATE|[EXTERNAL]|Bytes:18
19:00:54.0 (14818419)|HEAP_ALLOCATE|[EXTERNAL]|Bytes:31
19:00:54.0 (14841710)|VARIABLE_ASSIGNMENT|[EXTERNAL]|auDailyReportListForAdminCtl.COOKIE_PATH|"/apex/auDailyReportL (11 more) ..."
19:00:54.0 (14846707)|HEAP_ALLOCATE|[EXTERNAL]|Bytes:8
19:00:54.0 (14852622)|VARIABLE_ASSIGNMENT|[EXTERNAL]|auDailyReportListForAdminCtl.LABEL_DATE_FROM|"dateFrom"
19:00:54.0 (14856906)|HEAP_ALLOCATE|[EXTERNAL]|Bytes:6
19:00:54.0 (14861599)|VARIABLE_ASSIGNMENT|[EXTERNAL]|auDailyReportListForAdminCtl.LABEL_DATE_TO|"dateTo"
19:00:54.0 (14865164)|HEAP_ALLOCATE|[EXTERNAL]|Bytes:4
19:00:54.0 (14869826)|VARIABLE_ASSIGNMENT|[EXTERNAL]|auDailyReportListForAdminCtl.LABEL_FIELD_1|"Name"
19:00:54.0 (14873383)|HEAP_ALLOCATE|[EXTERNAL]|Bytes:19
19:00:54.0 (14878738)|VARIABLE_ASSIGNMENT|[EXTERNAL]|auDailyReportListForAdminCtl.LABEL_FIELD_10|"kdKnowledge__r.Name"
19:00:54.0 (14882085)|HEAP_ALLOCATE|[EXTERNAL]|Bytes:14
19:00:54.0 (14887072)|VARIABLE_ASSIGNMENT|[EXTERNAL]|auDailyReportListForAdminCtl.LABEL_FIELD_2|"CommentLike__c"
19:00:54.0 (14890465)|HEAP_ALLOCATE|[EXTERNAL]|Bytes:9
19:00:54.0 (14896002)|VARIABLE_ASSIGNMENT|[EXTERNAL]|auDailyReportListForAdminCtl.LABEL_FIELD_3|"IsCopy__c"
19:00:54.0 (14899887)|HEAP_ALLOCATE|[EXTERNAL]|Bytes:9
19:00:54.0 (14905128)|VARIABLE_ASSIGNMENT|[EXTERNAL]|auDailyReportListForAdminCtl.LABEL_FIELD_4|"IsLike__c"
19:00:54.0 (14908573)|HEAP_ALLOCATE|[EXTERNAL]|Bytes:9
19:00:54.0 (14913262)|VARIABLE_ASSIGNMENT|[EXTERNAL]|auDailyReportListForAdminCtl.LABEL_FIELD_5|"IsView__c"
19:00:54.0 (14916576)|HEAP_ALLOCATE|[EXTERNAL]|Bytes:16
19:00:54.0 (14921508)|VARIABLE_ASSIGNMENT|[EXTERNAL]|auDailyReportListForAdminCtl.LABEL_FIELD_6|"User__r.LastName"
19:00:54.0 (14924972)|HEAP_ALLOCATE|[EXTERNAL]|Bytes:24
19:00:54.0 (14930738)|VARIABLE_ASSIGNMENT|[EXTERNAL]|auDailyReportListForAdminCtl.LABEL_FIELD_7|"kdKnowledge__c.Statu (4 more) ..."
19:00:54.0 (14934394)|HEAP_ALLOCATE|[EXTERNAL]|Bytes:18
19:00:54.0 (14939598)|VARIABLE_ASSIGNMENT|[EXTERNAL]|auDailyReportListForAdminCtl.LABEL_FIELD_8|"kdKnowledgeCopy__c"
19:00:54.0 (14942917)|HEAP_ALLOCATE|[EXTERNAL]|Bytes:18
19:00:54.0 (14947895)|VARIABLE_ASSIGNMENT|[EXTERNAL]|auDailyReportListForAdminCtl.LABEL_FIELD_9|"kdKnowledgeLike__c"
19:00:54.0 (14951232)|HEAP_ALLOCATE|[EXTERNAL]|Bytes:13
19:00:54.0 (14957050)|VARIABLE_ASSIGNMENT|[EXTERNAL]|auDailyReportListForAdminCtl.LABEL_TARGETRECORDS|"targetRecords"
19:00:54.0 (14961084)|HEAP_ALLOCATE|[EXTERNAL]|Bytes:4
19:00:54.0 (14966712)|VARIABLE_ASSIGNMENT|[EXTERNAL]|auDailyReportListForAdminCtl.QUERY_LIMIT|"1000"
19:00:54.0 (14970656)|HEAP_ALLOCATE|[EXTERNAL]|Bytes:5
19:00:54.0 (14975878)|VARIABLE_ASSIGNMENT|[EXTERNAL]|auDailyReportListForAdminCtl.QUERY_LIMIT_MAX|"10000"
19:00:54.0 (14979729)|HEAP_ALLOCATE|[EXTERNAL]|Bytes:1
19:00:54.0 (14985129)|VARIABLE_ASSIGNMENT|[EXTERNAL]|auDailyReportListForAdminCtl.SELECTOPTION_ALL|"2"
19:00:54.0 (14988534)|HEAP_ALLOCATE|[EXTERNAL]|Bytes:1
19:00:54.0 (14993884)|VARIABLE_ASSIGNMENT|[EXTERNAL]|auDailyReportListForAdminCtl.SELECTOPTION_LASTMODIFIED|"1"
19:00:54.0 (15003779)|METHOD_ENTRY|[1]|01pN0000000aEDx|auDailyReportListForAdminCtl.auDailyReportListForAdminCtl()
19:00:54.0 (15010115)|STATEMENT_EXECUTE|[1]
19:00:54.0 (15014154)|STATEMENT_EXECUTE|[1]
19:00:54.0 (15043572)|HEAP_ALLOCATE|[50]|Bytes:5
19:00:54.0 (15068911)|HEAP_ALLOCATE|[56]|Bytes:5
19:00:54.0 (15076591)|HEAP_ALLOCATE|[64]|Bytes:7
19:00:54.0 (15094744)|SYSTEM_MODE_ENTER|false
19:00:54.0 (15105721)|HEAP_ALLOCATE|[59]|Bytes:5
19:00:54.0 (15109474)|STATEMENT_EXECUTE|[59]
19:00:54.0 (15115882)|HEAP_ALLOCATE|[59]|Bytes:4
19:00:54.0 (15125995)|VARIABLE_ASSIGNMENT|[59]|auDailyReportListForAdminCtl.COOKIE_EXPIRATION_DATE|-1
19:00:54.0 (15131455)|STATEMENT_EXECUTE|[60]
19:00:54.0 (15134640)|HEAP_ALLOCATE|[60]|Bytes:207
19:00:54.0 (15144812)|VARIABLE_ASSIGNMENT|[60]|auDailyReportListForAdminCtl.BASE_QUERY_STRING|"SELECT Name, Comment (187 more) ..."
19:00:54.0 (15148467)|STATEMENT_EXECUTE|[70]
19:00:54.0 (15149838)|STATEMENT_EXECUTE|[71]
19:00:54.0 (15164092)|HEAP_ALLOCATE|[71]|Bytes:4
19:00:54.0 (15230931)|HEAP_ALLOCATE|[EXTERNAL]|Bytes:4
19:00:54.0 (15244676)|VARIABLE_ASSIGNMENT|[EXTERNAL]|value|[]|0x2cb3effb
19:00:54.0 (15260643)|VARIABLE_ASSIGNMENT|[69]|auDailyReportListForAdminCtl.targetRecordsOption|[]|0x2cb3effb
19:00:54.0 (15270194)|STATEMENT_EXECUTE|[72]
19:00:54.0 (15298130)|HEAP_ALLOCATE|[72]|Bytes:9
19:00:54.0 (15331365)|HEAP_ALLOCATE|[EXTERNAL]|Bytes:4
19:00:54.0 (15337966)|STATEMENT_EXECUTE|[73]
19:00:54.0 (15351762)|HEAP_ALLOCATE|[73]|Bytes:8
19:00:54.0 (15364598)|HEAP_ALLOCATE|[EXTERNAL]|Bytes:4
19:00:54.0 (15373929)|SYSTEM_MODE_EXIT|false
19:00:54.0 (15383036)|METHOD_EXIT|[1]|auDailyReportListForAdminCtl
19:00:54.0 (15484762)|HEAP_ALLOCATE|[EXTERNAL]|Bytes:108
19:00:54.0 (15492635)|VARIABLE_SCOPE_BEGIN|[76]|this|auDailyReportListForAdminCtl|true|false
19:00:54.0 (15578455)|VARIABLE_ASSIGNMENT|[76]|this|{}|0x51a41213
19:00:54.0 (15594886)|SYSTEM_MODE_ENTER|false
19:00:54.0 (15601560)|HEAP_ALLOCATE|[4]|Bytes:5
19:00:54.0 (15605640)|STATEMENT_EXECUTE|[1]
19:00:54.0 (15609949)|HEAP_ALLOCATE|[4]|Bytes:5
19:00:54.0 (15612761)|STATEMENT_EXECUTE|[4]
19:00:54.0 (15622582)|VARIABLE_ASSIGNMENT|[4]|this.conditionStr|null|0x51a41213
19:00:54.0 (15627196)|STATEMENT_EXECUTE|[6]
19:00:54.0 (15633106)|VARIABLE_ASSIGNMENT|[6]|this.orderBy|null|0x51a41213
19:00:54.0 (15637547)|STATEMENT_EXECUTE|[8]
19:00:54.0 (15641649)|VARIABLE_ASSIGNMENT|[8]|this.limitStr|null|0x51a41213
19:00:54.0 (15645760)|STATEMENT_EXECUTE|[10]
19:00:54.0 (15647043)|STATEMENT_EXECUTE|[12]
19:00:54.0 (15648421)|STATEMENT_EXECUTE|[14]
19:00:54.0 (15650904)|HEAP_ALLOCATE|[14]|Bytes:4
19:00:54.0 (15657666)|VARIABLE_ASSIGNMENT|[14]|this.pageNum|1|0x51a41213
19:00:54.0 (15661687)|STATEMENT_EXECUTE|[15]
19:00:54.0 (15663497)|HEAP_ALLOCATE|[15]|Bytes:4
19:00:54.0 (15669088)|VARIABLE_ASSIGNMENT|[15]|this.pageSize|50|0x51a41213
19:00:54.0 (15672855)|STATEMENT_EXECUTE|[17]
19:00:54.0 (15679389)|VARIABLE_ASSIGNMENT|[17]|this.initSearchFlg|""|0x51a41213
19:00:54.0 (15684006)|STATEMENT_EXECUTE|[19]
19:00:54.0 (15687941)|HEAP_ALLOCATE|[19]|Bytes:5
19:00:54.0 (15693716)|VARIABLE_ASSIGNMENT|[19]|this.errFlg|false|0x51a41213
19:00:54.0 (15698436)|STATEMENT_EXECUTE|[21]
19:00:54.0 (15703330)|VARIABLE_ASSIGNMENT|[21]|this.selectedOrderTarget|null|0x51a41213
19:00:54.0 (15707818)|STATEMENT_EXECUTE|[23]
19:00:54.0 (15709078)|STATEMENT_EXECUTE|[25]
19:00:54.0 (15710245)|STATEMENT_EXECUTE|[27]
19:00:54.0 (15711396)|STATEMENT_EXECUTE|[28]
19:00:54.0 (15712615)|STATEMENT_EXECUTE|[29]
19:00:54.0 (15713742)|STATEMENT_EXECUTE|[30]
19:00:54.0 (15715126)|STATEMENT_EXECUTE|[31]
19:00:54.0 (15716369)|STATEMENT_EXECUTE|[32]
19:00:54.0 (15717498)|STATEMENT_EXECUTE|[33]
19:00:54.0 (15718679)|STATEMENT_EXECUTE|[34]
19:00:54.0 (15719829)|STATEMENT_EXECUTE|[35]
19:00:54.0 (15720966)|STATEMENT_EXECUTE|[36]
19:00:54.0 (15722112)|STATEMENT_EXECUTE|[38]
19:00:54.0 (15723303)|STATEMENT_EXECUTE|[39]
19:00:54.0 (15724427)|STATEMENT_EXECUTE|[40]
19:00:54.0 (15725560)|STATEMENT_EXECUTE|[41]
19:00:54.0 (15733619)|HEAP_ALLOCATE|[21]|Bytes:6
19:00:54.0 (15763683)|STATEMENT_EXECUTE|[76]
19:00:54.0 (15765378)|STATEMENT_EXECUTE|[77]
19:00:54.0 (15878714)|VARIABLE_ASSIGNMENT|[EXTERNAL]|this|{"errFlg":false,"initSearchFlg":"","pageNum":1,"pageSize":50}|0x51a41213
19:00:54.0 (15888646)|VARIABLE_ASSIGNMENT|[EXTERNAL]|value|"1"
19:00:54.0 (15899439)|VARIABLE_ASSIGNMENT|[40]|this.targetRecords|"1"|0x51a41213
19:00:54.0 (15907943)|STATEMENT_EXECUTE|[78]
19:00:54.0 (15960512)|VARIABLE_ASSIGNMENT|[EXTERNAL]|this|{"errFlg":false,"initSearchFlg":"","pageNum":1,"pageSize":50,"targetRecords":"1"}|0x51a41213
19:00:54.0 (15971827)|VARIABLE_ASSIGNMENT|[EXTERNAL]|value|true
19:00:54.0 (15977640)|HEAP_ALLOCATE|[25]|Bytes:5
19:00:54.0 (15985388)|VARIABLE_ASSIGNMENT|[25]|this.orderDesc|true|0x51a41213
19:00:54.0 (15992229)|STATEMENT_EXECUTE|[79]
19:00:54.0 (15994738)|HEAP_ALLOCATE|[79]|Bytes:16
19:00:54.0 (16045362)|VARIABLE_ASSIGNMENT|[EXTERNAL]|this|{"errFlg":false,"initSearchFlg":"","orderDesc":true,"pageNum":1,"pageSize":50,"targetRecords":"1"}|0x51a41213
19:00:54.0 (16058947)|VARIABLE_ASSIGNMENT|[EXTERNAL]|value|"LastModifiedDate"
19:00:54.0 (16068879)|VARIABLE_ASSIGNMENT|[23]|this.orderTarget|"LastModifiedDate"|0x51a41213
19:00:54.0 (16075774)|STATEMENT_EXECUTE|[82]
19:00:54.0 (16109120)|METHOD_ENTRY|[82]|01pN0000000aEDx|auDailyReportListForAdminCtl.initFieldFromCookie()
19:00:54.0 (16121195)|VARIABLE_SCOPE_BEGIN|[119]|this|auDailyReportListForAdminCtl|true|false
19:00:54.0 (16160133)|VARIABLE_ASSIGNMENT|[119]|this|{"errFlg":false,"initSearchFlg":"","orderDesc":true,"orderTarget":"LastModifiedDate","pageNum":1,"pageSize":50,"targetRecords":"1"}|0x51a41213
19:00:54.0 (16175916)|HEAP_ALLOCATE|[120]|Bytes:5
19:00:54.0 (16179978)|STATEMENT_EXECUTE|[119]
19:00:54.0 (16181416)|STATEMENT_EXECUTE|[120]
19:00:54.0 (16227509)|HEAP_ALLOCATE|[120]|Bytes:35
19:00:54.0 (16296317)|HEAP_ALLOCATE|[120]|Bytes:846
19:00:54.0 (16336775)|VARIABLE_SCOPE_BEGIN|[120]|cookies|Map<String,System.Cookie>|true|false
19:00:54.0 (16354154)|VARIABLE_ASSIGNMENT|[120]|cookies|"Map of size 22 too large to display"|0x2803382e
19:00:54.0 (16358957)|STATEMENT_EXECUTE|[121]
19:00:54.0 (16362130)|VARIABLE_SCOPE_BEGIN|[121]|hasSearchValues|Boolean|false|false
19:00:54.0 (16369333)|HEAP_ALLOCATE|[121]|Bytes:5
19:00:54.0 (16374587)|VARIABLE_ASSIGNMENT|[121]|hasSearchValues|false
19:00:54.0 (16413475)|STATEMENT_EXECUTE|[123]
19:00:54.0 (16415231)|STATEMENT_EXECUTE|[124]
19:00:54.0 (16495505)|VARIABLE_ASSIGNMENT|[EXTERNAL]|this|{"errFlg":false,"initSearchFlg":"","orderDesc":true,"orderTarget":"LastModifiedDate","pageNum":1,"pageSize":50,"targetRecords":"1"}|0x51a41213
19:00:54.0 (16505376)|VARIABLE_ASSIGNMENT|[EXTERNAL]|value|""
19:00:54.0 (16516787)|VARIABLE_ASSIGNMENT|[27]|this.targetField1|""|0x51a41213
19:00:54.0 (16524137)|STATEMENT_EXECUTE|[125]
19:00:54.0 (16528229)|HEAP_ALLOCATE|[125]|Bytes:5
19:00:54.0 (16533676)|VARIABLE_ASSIGNMENT|[125]|hasSearchValues|true
19:00:54.0 (16556710)|STATEMENT_EXECUTE|[127]
19:00:54.0 (16558341)|STATEMENT_EXECUTE|[128]
19:00:54.0 (16625142)|VARIABLE_ASSIGNMENT|[EXTERNAL]|this|{"errFlg":false,"initSearchFlg":"","orderDesc":true,"orderTarget":"LastModifiedDate","pageNum":1,"pageSize":50,"targetField1":"","targetRecords":"1"}|0x51a41213
19:00:54.0 (16634683)|VARIABLE_ASSIGNMENT|[EXTERNAL]|value|""
19:00:54.0 (16644592)|VARIABLE_ASSIGNMENT|[28]|this.targetField2|""|0x51a41213
19:00:54.0 (16651699)|STATEMENT_EXECUTE|[129]
19:00:54.0 (16655533)|HEAP_ALLOCATE|[129]|Bytes:5
19:00:54.0 (16661299)|VARIABLE_ASSIGNMENT|[129]|hasSearchValues|true
19:00:54.0 (16699154)|STATEMENT_EXECUTE|[132]
19:00:54.0 (16701022)|STATEMENT_EXECUTE|[133]
19:00:54.0 (16767759)|VARIABLE_ASSIGNMENT|[EXTERNAL]|this|{"errFlg":false,"initSearchFlg":"","orderDesc":true,"orderTarget":"LastModifiedDate","pageNum":1,"pageSize":50,"targetField1":"","targetField2":"","targetRecords":"1"}|0x51a41213
19:00:54.0 (16778104)|VARIABLE_ASSIGNMENT|[EXTERNAL]|value|""
19:00:54.0 (16787957)|VARIABLE_ASSIGNMENT|[29]|this.targetField3|""|0x51a41213
19:00:54.0 (16794843)|STATEMENT_EXECUTE|[134]
19:00:54.0 (16798472)|HEAP_ALLOCATE|[134]|Bytes:5
19:00:54.0 (16803936)|VARIABLE_ASSIGNMENT|[134]|hasSearchValues|true
19:00:54.0 (16825105)|STATEMENT_EXECUTE|[137]
19:00:54.0 (16826586)|STATEMENT_EXECUTE|[138]
19:00:54.0 (16888221)|VARIABLE_ASSIGNMENT|[EXTERNAL]|this|{"errFlg":false,"initSearchFlg":"","orderDesc":true,"orderTarget":"LastModifiedDate","pageNum":1,"pageSize":50,"targetField1":"","targetField2":"","targetField3":"","targetRecords":"1"}|0x51a41213
19:00:54.0 (16898236)|VARIABLE_ASSIGNMENT|[EXTERNAL]|value|""
19:00:54.0 (16908216)|VARIABLE_ASSIGNMENT|[30]|this.targetField4|""|0x51a41213
19:00:54.0 (16914564)|STATEMENT_EXECUTE|[139]
19:00:54.0 (16918193)|HEAP_ALLOCATE|[139]|Bytes:5
19:00:54.0 (16923501)|VARIABLE_ASSIGNMENT|[139]|hasSearchValues|true
19:00:54.0 (16943074)|STATEMENT_EXECUTE|[142]
19:00:54.0 (16944596)|STATEMENT_EXECUTE|[143]
19:00:54.0 (17004870)|VARIABLE_ASSIGNMENT|[EXTERNAL]|this|{"errFlg":false,"initSearchFlg":"","orderDesc":true,"orderTarget":"LastModifiedDate","pageNum":1,"pageSize":50,"targetField1":"","targetField2":"","targetField3":"","targetField4":"","targetRecords":"1"}|0x51a41213
19:00:54.0 (17014841)|VARIABLE_ASSIGNMENT|[EXTERNAL]|value|""
19:00:54.0 (17023846)|VARIABLE_ASSIGNMENT|[31]|this.targetField5|""|0x51a41213
19:00:54.0 (17030377)|STATEMENT_EXECUTE|[144]
19:00:54.0 (17033746)|HEAP_ALLOCATE|[144]|Bytes:5
19:00:54.0 (17038814)|VARIABLE_ASSIGNMENT|[144]|hasSearchValues|true
19:00:54.0 (17074038)|STATEMENT_EXECUTE|[146]
19:00:54.0 (17075706)|STATEMENT_EXECUTE|[147]
19:00:54.0 (17143046)|VARIABLE_ASSIGNMENT|[EXTERNAL]|this|{"errFlg":false,"initSearchFlg":"","orderDesc":true,"orderTarget":"LastModifiedDate","pageNum":1,"pageSize":50,"targetField1":"","targetField2":"","targetField3":"","targetField4":"","targetField5":"","targetRecords":"1"}|0x51a41213
19:00:54.0 (17153944)|VARIABLE_ASSIGNMENT|[EXTERNAL]|value|""
19:00:54.0 (17163571)|VARIABLE_ASSIGNMENT|[32]|this.targetField6|""|0x51a41213
19:00:54.0 (17170387)|STATEMENT_EXECUTE|[148]
19:00:54.0 (17173961)|HEAP_ALLOCATE|[148]|Bytes:5
19:00:54.0 (17179311)|VARIABLE_ASSIGNMENT|[148]|hasSearchValues|true
19:00:54.0 (17199512)|STATEMENT_EXECUTE|[151]
19:00:54.0 (17201007)|STATEMENT_EXECUTE|[152]
19:00:54.0 (17262477)|VARIABLE_ASSIGNMENT|[EXTERNAL]|this|{"errFlg":false,"initSearchFlg":"","orderDesc":true,"orderTarget":"LastModifiedDate","pageNum":1,"pageSize":50,"targetField1":"","targetField2":"","targetField3":"","targetField4":"","targetField5":"","targetField6":"","targetRecords":"1"}|0x51a41213
19:00:54.0 (17272314)|VARIABLE_ASSIGNMENT|[EXTERNAL]|value|""
19:00:54.0 (17281631)|VARIABLE_ASSIGNMENT|[33]|this.targetField7|""|0x51a41213
19:00:54.0 (17288275)|STATEMENT_EXECUTE|[153]
19:00:54.0 (17291993)|HEAP_ALLOCATE|[153]|Bytes:5
19:00:54.0 (17297309)|VARIABLE_ASSIGNMENT|[153]|hasSearchValues|true
19:00:54.0 (17317245)|STATEMENT_EXECUTE|[156]
19:00:54.0 (17318717)|STATEMENT_EXECUTE|[157]
19:00:54.0 (17381219)|VARIABLE_ASSIGNMENT|[EXTERNAL]|this|{"errFlg":false,"initSearchFlg":"","orderDesc":true,"orderTarget":"LastModifiedDate","pageNum":1,"pageSize":50,"targetField1":"","targetField2":"","targetField3":"","targetField4":"","targetField5":"","targetField6":"","targetField7":"","targetRecords":"1"}|0x51a41213
19:00:54.0 (17391561)|VARIABLE_ASSIGNMENT|[EXTERNAL]|value|""
19:00:54.0 (17400536)|VARIABLE_ASSIGNMENT|[34]|this.targetField8|""|0x51a41213
19:00:54.0 (17407279)|STATEMENT_EXECUTE|[158]
19:00:54.0 (17410519)|HEAP_ALLOCATE|[158]|Bytes:5
19:00:54.0 (17415621)|VARIABLE_ASSIGNMENT|[158]|hasSearchValues|true
19:00:54.0 (17435290)|STATEMENT_EXECUTE|[161]
19:00:54.0 (17436802)|STATEMENT_EXECUTE|[162]
19:00:54.0 (17511761)|VARIABLE_ASSIGNMENT|[EXTERNAL]|this|{"errFlg":false,"initSearchFlg":"","orderDesc":true,"orderTarget":"LastModifiedDate","pageNum":1,"pageSize":50,"targetField1":"","targetField2":"","targetField3":"","targetField4":"","targetField5":"","targetField6":"","targetField7":"","targetField8":"","targetRecords":"1"}|0x51a41213
19:00:54.0 (17522244)|VARIABLE_ASSIGNMENT|[EXTERNAL]|value|""
19:00:54.0 (17531661)|VARIABLE_ASSIGNMENT|[35]|this.targetField9|""|0x51a41213
19:00:54.0 (17538324)|STATEMENT_EXECUTE|[163]
19:00:54.0 (17541720)|HEAP_ALLOCATE|[163]|Bytes:5
19:00:54.0 (17546998)|VARIABLE_ASSIGNMENT|[163]|hasSearchValues|true
19:00:54.0 (17567038)|STATEMENT_EXECUTE|[166]
19:00:54.0 (17568590)|STATEMENT_EXECUTE|[167]
19:00:54.0 (17641363)|VARIABLE_ASSIGNMENT|[EXTERNAL]|this|{"errFlg":false,"initSearchFlg":"","orderDesc":true,"orderTarget":"LastModifiedDate","pageNum":1,"pageSize":50,"targetField1":"","targetField2":"","targetField3":"","targetField4":"","targetField5":"","targetField6":"","targetField7":"","targetField8":"","targetField9":"","targetRecords":"1"}|0x51a41213
19:00:54.0 (17652287)|VARIABLE_ASSIGNMENT|[EXTERNAL]|value|""
19:00:54.0 (17661816)|VARIABLE_ASSIGNMENT|[36]|this.targetField10|""|0x51a41213
19:00:54.0 (17668350)|STATEMENT_EXECUTE|[168]
19:00:54.0 (17671763)|HEAP_ALLOCATE|[168]|Bytes:5
19:00:54.0 (17676996)|VARIABLE_ASSIGNMENT|[168]|hasSearchValues|true
19:00:54.0 (17697978)|STATEMENT_EXECUTE|[170]
19:00:54.0 (17699455)|STATEMENT_EXECUTE|[171]
19:00:54.0 (17719552)|HEAP_ALLOCATE|[171]|Bytes:1
19:00:54.0 (17763502)|VARIABLE_ASSIGNMENT|[EXTERNAL]|this|{"errFlg":false,"initSearchFlg":"","orderDesc":true,"orderTarget":"LastModifiedDate","pageNum":1,"pageSize":50,"targetField1":"","targetField10":"","targetField2":"","targetField3":"","targetField4":"","targetField5":"","targetField6":"","targetField7":"","targetField8":"","targetField9":"","targetRecords":"1"}|0x51a41213
19:00:54.0 (17773756)|VARIABLE_ASSIGNMENT|[EXTERNAL]|value|"1"
19:00:54.0 (17782514)|VARIABLE_ASSIGNMENT|[40]|this.targetRecords|"1"|0x51a41213
19:00:54.0 (17804670)|STATEMENT_EXECUTE|[175]
19:00:54.0 (17806515)|STATEMENT_EXECUTE|[176]
19:00:54.0 (17828589)|HEAP_ALLOCATE|[176]|Bytes:1
19:00:54.0 (17833123)|HEAP_ALLOCATE|[176]|Bytes:1
19:00:54.0 (17915057)|VARIABLE_ASSIGNMENT|[EXTERNAL]|this|{"errFlg":false,"initSearchFlg":"","orderDesc":true,"orderTarget":"LastModifiedDate","pageNum":1,"pageSize":50,"targetField1":"","targetField10":"","targetField2":"","targetField3":"","targetField4":"","targetField5":"","targetField6":"","targetField7":"","targetField8":"","targetField9":"","targetRecords":"1"}|0x51a41213
19:00:54.0 (17925653)|VARIABLE_ASSIGNMENT|[EXTERNAL]|value|""
19:00:54.0 (17933253)|VARIABLE_ASSIGNMENT|[38]|this.fieldDateFrom|""|0x51a41213
19:00:54.0 (17940298)|STATEMENT_EXECUTE|[177]
19:00:54.0 (17943713)|HEAP_ALLOCATE|[177]|Bytes:5
19:00:54.0 (17948913)|VARIABLE_ASSIGNMENT|[177]|hasSearchValues|true
19:00:54.0 (17952248)|STATEMENT_EXECUTE|[178]
19:00:54.0 (17954974)|HEAP_ALLOCATE|[178]|Bytes:15
19:00:54.0 (18006472)|VARIABLE_ASSIGNMENT|[EXTERNAL]|this|{"errFlg":false,"fieldDateFrom":"","initSearchFlg":"","orderDesc":true,"orderTarget":"LastModifiedDate","pageNum":1,"pageSize":50,"targetField1":"","targetField10":"","targetField2":"","targetField3":"","targetField4":"","targetField5":"","targetField6":"","targetField7":"","targetField8":"","targetField9":"","targetRecords":"1"}|0x51a41213
19:00:54.0 (18028421)|HEAP_ALLOCATE|[178]|Bytes:15
19:00:54.0 (18048483)|USER_DEBUG|[178]|DEBUG|fieldDateFrom: 
19:00:54.0 (18077186)|STATEMENT_EXECUTE|[180]
19:00:54.0 (18078852)|STATEMENT_EXECUTE|[181]
19:00:54.0 (18163210)|VARIABLE_ASSIGNMENT|[EXTERNAL]|this|{"errFlg":false,"fieldDateFrom":"","initSearchFlg":"","orderDesc":true,"orderTarget":"LastModifiedDate","pageNum":1,"pageSize":50,"targetField1":"","targetField10":"","targetField2":"","targetField3":"","targetField4":"","targetField5":"","targetField6":"","targetField7":"","targetField8":"","targetField9":"","targetRecords":"1"}|0x51a41213
19:00:54.0 (18174936)|VARIABLE_ASSIGNMENT|[EXTERNAL]|value|""
19:00:54.0 (18182947)|VARIABLE_ASSIGNMENT|[39]|this.fieldDateTo|""|0x51a41213
19:00:54.0 (18190200)|STATEMENT_EXECUTE|[182]
19:00:54.0 (18194285)|HEAP_ALLOCATE|[182]|Bytes:5
19:00:54.0 (18199529)|VARIABLE_ASSIGNMENT|[182]|hasSearchValues|true
19:00:54.0 (18202975)|STATEMENT_EXECUTE|[183]
19:00:54.0 (18205383)|HEAP_ALLOCATE|[183]|Bytes:11
19:00:54.0 (18255754)|VARIABLE_ASSIGNMENT|[EXTERNAL]|this|{"errFlg":false,"fieldDateFrom":"","fieldDateTo":"","initSearchFlg":"","orderDesc":true,"orderTarget":"LastModifiedDate","pageNum":1,"pageSize":50,"targetField1":"","targetField10":"","targetField2":"","targetField3":"","targetField4":"","targetField5":"","targetField6":"","targetField7":"","targetField8":"","targetField9":"","targetRecords":"1"}|0x51a41213
19:00:54.0 (18271208)|HEAP_ALLOCATE|[183]|Bytes:11
19:00:54.0 (18280082)|USER_DEBUG|[183]|DEBUG|fieldDateTo
19:00:54.0 (18286319)|STATEMENT_EXECUTE|[186]
19:00:54.0 (18289342)|HEAP_ALLOCATE|[186]|Bytes:5
19:00:54.0 (18296618)|METHOD_EXIT|[82]|01pN0000000aEDx|auDailyReportListForAdminCtl.initFieldFromCookie()
19:00:54.0 (18302344)|VARIABLE_SCOPE_BEGIN|[82]|hasSearchValue|Boolean|false|false
19:00:54.0 (18309208)|HEAP_ALLOCATE|[82]|Bytes:5
19:00:54.0 (18313738)|VARIABLE_ASSIGNMENT|[82]|hasSearchValue|true
19:00:54.0 (18317801)|STATEMENT_EXECUTE|[83]
19:00:54.0 (18319224)|STATEMENT_EXECUTE|[84]
19:00:54.0 (18321509)|HEAP_ALLOCATE|[84]|Bytes:19
19:00:54.0 (18336427)|USER_DEBUG|[84]|DEBUG|recordSearchメソッドコール
19:00:54.0 (18342455)|STATEMENT_EXECUTE|[85]
19:00:54.0 (18350624)|METHOD_ENTRY|[85]|01pN0000000aEDx|auDailyReportListForAdminCtl.recordSearch()
19:00:54.0 (18365416)|VARIABLE_SCOPE_BEGIN|[350]|this|auDailyReportListForAdminCtl|true|false
19:00:54.0 (18407854)|VARIABLE_ASSIGNMENT|[350]|this|{"errFlg":false,"fieldDateFrom":"","fieldDateTo":"","initSearchFlg":"","orderDesc":true,"orderTarget":"LastModifiedDate","pageNum":1,"pageSize":50,"targetField1":"","targetField10":"","targetField2":"","targetField3":"","targetField4":"","targetField5":"","targetField6":"","targetField7":"","targetField8":"","targetField9":"","targetRecords":"1"}|0x51a41213
19:00:54.0 (18425871)|HEAP_ALLOCATE|[351]|Bytes:5
19:00:54.0 (18429756)|STATEMENT_EXECUTE|[350]
19:00:54.0 (18431118)|STATEMENT_EXECUTE|[351]
19:00:54.0 (18435099)|VARIABLE_SCOPE_BEGIN|[351]|queryStr|String|false|false
19:00:54.0 (18445274)|VARIABLE_ASSIGNMENT|[351]|queryStr|"SELECT Name, Comment (187 more) ..."
19:00:54.0 (18449035)|STATEMENT_EXECUTE|[352]
19:00:54.0 (18451063)|HEAP_ALLOCATE|[352]|Bytes:4
19:00:54.0 (18459491)|VARIABLE_ASSIGNMENT|[352]|this.initSearchFlg|"true"|0x51a41213
19:00:54.0 (18464254)|STATEMENT_EXECUTE|[355]
19:00:54.0 (18471628)|METHOD_ENTRY|[355]|01pN0000000aEDx|auDailyReportListForAdminCtl.getContditions()
19:00:54.0 (18483594)|VARIABLE_SCOPE_BEGIN|[275]|this|auDailyReportListForAdminCtl|true|false
19:00:54.0 (18523648)|VARIABLE_ASSIGNMENT|[275]|this|{"errFlg":false,"fieldDateFrom":"","fieldDateTo":"","initSearchFlg":"true","orderDesc":true,"orderTarget":"LastModifiedDate","pageNum":1,"pageSize":50,"targetField1":"","targetField10":"","targetField2":"","targetField3":"","targetField4":"","targetField5":"","targetField6":"","targetField7":"","targetField8":"","targetField9":"","targetRecords":"1"}|0x51a41213
19:00:54.0 (18541115)|HEAP_ALLOCATE|[276]|Bytes:5
19:00:54.0 (18544746)|STATEMENT_EXECUTE|[275]
19:00:54.0 (18546056)|STATEMENT_EXECUTE|[276]
19:00:54.0 (18549202)|HEAP_ALLOCATE|[276]|Bytes:5
19:00:54.0 (18556040)|VARIABLE_ASSIGNMENT|[276]|this.errFlg|false|0x51a41213
19:00:54.0 (18560091)|STATEMENT_EXECUTE|[277]
19:00:54.0 (18570942)|HEAP_ALLOCATE|[277]|Bytes:4
19:00:54.0 (18590522)|VARIABLE_SCOPE_BEGIN|[277]|conditions|List<String>|true|false
19:00:54.0 (18610573)|HEAP_ALLOCATE|[EXTERNAL]|Bytes:4
19:00:54.0 (18617898)|VARIABLE_ASSIGNMENT|[277]|conditions|[]|0x3561f7c7
19:00:54.0 (18672505)|VARIABLE_ASSIGNMENT|[EXTERNAL]|this|{"errFlg":false,"fieldDateFrom":"","fieldDateTo":"","initSearchFlg":"true","orderDesc":true,"orderTarget":"LastModifiedDate","pageNum":1,"pageSize":50,"targetField1":"","targetField10":"","targetField2":"","targetField3":"","targetField4":"","targetField5":"","targetField6":"","targetField7":"","targetField8":"","targetField9":"","targetRecords":"1"}|0x51a41213
19:00:54.0 (18704522)|STATEMENT_EXECUTE|[278]
19:00:54.0 (18750437)|VARIABLE_ASSIGNMENT|[EXTERNAL]|this|{"errFlg":false,"fieldDateFrom":"","fieldDateTo":"","initSearchFlg":"true","orderDesc":true,"orderTarget":"LastModifiedDate","pageNum":1,"pageSize":50,"targetField1":"","targetField10":"","targetField2":"","targetField3":"","targetField4":"","targetField5":"","targetField6":"","targetField7":"","targetField8":"","targetField9":"","targetRecords":"1"}|0x51a41213
19:00:54.0 (18773329)|STATEMENT_EXECUTE|[281]
19:00:54.0 (18817394)|VARIABLE_ASSIGNMENT|[EXTERNAL]|this|{"errFlg":false,"fieldDateFrom":"","fieldDateTo":"","initSearchFlg":"true","orderDesc":true,"orderTarget":"LastModifiedDate","pageNum":1,"pageSize":50,"targetField1":"","targetField10":"","targetField2":"","targetField3":"","targetField4":"","targetField5":"","targetField6":"","targetField7":"","targetField8":"","targetField9":"","targetRecords":"1"}|0x51a41213
19:00:54.0 (18838833)|STATEMENT_EXECUTE|[284]
19:00:54.0 (18882258)|VARIABLE_ASSIGNMENT|[EXTERNAL]|this|{"errFlg":false,"fieldDateFrom":"","fieldDateTo":"","initSearchFlg":"true","orderDesc":true,"orderTarget":"LastModifiedDate","pageNum":1,"pageSize":50,"targetField1":"","targetField10":"","targetField2":"","targetField3":"","targetField4":"","targetField5":"","targetField6":"","targetField7":"","targetField8":"","targetField9":"","targetRecords":"1"}|0x51a41213
19:00:54.0 (18903334)|STATEMENT_EXECUTE|[287]
19:00:54.0 (18946304)|VARIABLE_ASSIGNMENT|[EXTERNAL]|this|{"errFlg":false,"fieldDateFrom":"","fieldDateTo":"","initSearchFlg":"true","orderDesc":true,"orderTarget":"LastModifiedDate","pageNum":1,"pageSize":50,"targetField1":"","targetField10":"","targetField2":"","targetField3":"","targetField4":"","targetField5":"","targetField6":"","targetField7":"","targetField8":"","targetField9":"","targetRecords":"1"}|0x51a41213
19:00:54.0 (18966612)|STATEMENT_EXECUTE|[290]
19:00:54.0 (19009131)|VARIABLE_ASSIGNMENT|[EXTERNAL]|this|{"errFlg":false,"fieldDateFrom":"","fieldDateTo":"","initSearchFlg":"true","orderDesc":true,"orderTarget":"LastModifiedDate","pageNum":1,"pageSize":50,"targetField1":"","targetField10":"","targetField2":"","targetField3":"","targetField4":"","targetField5":"","targetField6":"","targetField7":"","targetField8":"","targetField9":"","targetRecords":"1"}|0x51a41213
19:00:54.0 (19030559)|STATEMENT_EXECUTE|[293]
19:00:54.0 (19076926)|VARIABLE_ASSIGNMENT|[EXTERNAL]|this|{"errFlg":false,"fieldDateFrom":"","fieldDateTo":"","initSearchFlg":"true","orderDesc":true,"orderTarget":"LastModifiedDate","pageNum":1,"pageSize":50,"targetField1":"","targetField10":"","targetField2":"","targetField3":"","targetField4":"","targetField5":"","targetField6":"","targetField7":"","targetField8":"","targetField9":"","targetRecords":"1"}|0x51a41213
19:00:54.0 (19097762)|STATEMENT_EXECUTE|[296]
19:00:54.0 (19144616)|VARIABLE_ASSIGNMENT|[EXTERNAL]|this|{"errFlg":false,"fieldDateFrom":"","fieldDateTo":"","initSearchFlg":"true","orderDesc":true,"orderTarget":"LastModifiedDate","pageNum":1,"pageSize":50,"targetField1":"","targetField10":"","targetField2":"","targetField3":"","targetField4":"","targetField5":"","targetField6":"","targetField7":"","targetField8":"","targetField9":"","targetRecords":"1"}|0x51a41213
19:00:54.0 (19166437)|STATEMENT_EXECUTE|[299]
19:00:54.0 (19210158)|VARIABLE_ASSIGNMENT|[EXTERNAL]|this|{"errFlg":false,"fieldDateFrom":"","fieldDateTo":"","initSearchFlg":"true","orderDesc":true,"orderTarget":"LastModifiedDate","pageNum":1,"pageSize":50,"targetField1":"","targetField10":"","targetField2":"","targetField3":"","targetField4":"","targetField5":"","targetField6":"","targetField7":"","targetField8":"","targetField9":"","targetRecords":"1"}|0x51a41213
19:00:54.0 (19230822)|STATEMENT_EXECUTE|[302]
19:00:54.0 (19275120)|VARIABLE_ASSIGNMENT|[EXTERNAL]|this|{"errFlg":false,"fieldDateFrom":"","fieldDateTo":"","initSearchFlg":"true","orderDesc":true,"orderTarget":"LastModifiedDate","pageNum":1,"pageSize":50,"targetField1":"","targetField10":"","targetField2":"","targetField3":"","targetField4":"","targetField5":"","targetField6":"","targetField7":"","targetField8":"","targetField9":"","targetRecords":"1"}|0x51a41213
19:00:54.0 (19295554)|STATEMENT_EXECUTE|[305]
19:00:54.0 (19297453)|STATEMENT_EXECUTE|[309]
19:00:54.0 (19298716)|STATEMENT_EXECUTE|[309]
19:00:54.0 (19340162)|VARIABLE_ASSIGNMENT|[EXTERNAL]|this|{"errFlg":false,"fieldDateFrom":"","fieldDateTo":"","initSearchFlg":"true","orderDesc":true,"orderTarget":"LastModifiedDate","pageNum":1,"pageSize":50,"targetField1":"","targetField10":"","targetField2":"","targetField3":"","targetField4":"","targetField5":"","targetField6":"","targetField7":"","targetField8":"","targetField9":"","targetRecords":"1"}|0x51a41213
19:00:54.0 (19360433)|STATEMENT_EXECUTE|[310]
19:00:54.0 (19401429)|VARIABLE_ASSIGNMENT|[EXTERNAL]|this|{"errFlg":false,"fieldDateFrom":"","fieldDateTo":"","initSearchFlg":"true","orderDesc":true,"orderTarget":"LastModifiedDate","pageNum":1,"pageSize":50,"targetField1":"","targetField10":"","targetField2":"","targetField3":"","targetField4":"","targetField5":"","targetField6":"","targetField7":"","targetField8":"","targetField9":"","targetRecords":"1"}|0x51a41213
19:00:54.0 (19420840)|STATEMENT_EXECUTE|[316]
19:00:54.0 (19422811)|STATEMENT_EXECUTE|[327]
19:00:54.0 (19432339)|METHOD_ENTRY|[327]|01pN0000000aEDx|auDailyReportListForAdminCtl.joinWhereConditions(List<String>)
19:00:54.0 (19444204)|VARIABLE_SCOPE_BEGIN|[252]|this|auDailyReportListForAdminCtl|true|false
19:00:54.0 (19482176)|VARIABLE_ASSIGNMENT|[252]|this|{"errFlg":false,"fieldDateFrom":"","fieldDateTo":"","initSearchFlg":"true","orderDesc":true,"orderTarget":"LastModifiedDate","pageNum":1,"pageSize":50,"targetField1":"","targetField10":"","targetField2":"","targetField3":"","targetField4":"","targetField5":"","targetField6":"","targetField7":"","targetField8":"","targetField9":"","targetRecords":"1"}|0x51a41213
19:00:54.0 (19491818)|VARIABLE_SCOPE_BEGIN|[252]|conditions|List<String>|true|false
19:00:54.0 (19499436)|VARIABLE_ASSIGNMENT|[252]|conditions|[]|0x3561f7c7
19:00:54.0 (19513648)|HEAP_ALLOCATE|[253]|Bytes:5
19:00:54.0 (19518096)|STATEMENT_EXECUTE|[252]
19:00:54.0 (19519448)|STATEMENT_EXECUTE|[253]
19:00:54.0 (19521928)|VARIABLE_SCOPE_BEGIN|[253]|ret|String|false|false
19:00:54.0 (19529724)|VARIABLE_ASSIGNMENT|[253]|ret|null
19:00:54.0 (19534052)|STATEMENT_EXECUTE|[254]
19:00:54.0 (19591426)|HEAP_ALLOCATE|[257]|Bytes:5
19:00:54.0 (19602254)|VARIABLE_ASSIGNMENT|[257]|condition|null
19:00:54.0 (19606583)|STATEMENT_EXECUTE|[257]
19:00:54.0 (19608147)|STATEMENT_EXECUTE|[264]
19:00:54.0 (19609321)|STATEMENT_EXECUTE|[265]
19:00:54.0 (19613323)|VARIABLE_ASSIGNMENT|[265]|ret|""
19:00:54.0 (19616809)|STATEMENT_EXECUTE|[267]
19:00:54.0 (19622579)|METHOD_EXIT|[327]|01pN0000000aEDx|auDailyReportListForAdminCtl.joinWhereConditions(List<String>)
19:00:54.0 (19628854)|METHOD_EXIT|[355]|01pN0000000aEDx|auDailyReportListForAdminCtl.getContditions()
19:00:54.0 (19633412)|VARIABLE_SCOPE_BEGIN|[355]|conditionStr|String|false|false
19:00:54.0 (19640382)|VARIABLE_ASSIGNMENT|[355]|conditionStr|""
19:00:54.0 (19643796)|STATEMENT_EXECUTE|[358]
19:00:54.0 (19651302)|METHOD_ENTRY|[358]|01pN0000000aEDx|auDailyReportListForAdminCtl.getOrderBy()
19:00:54.0 (19662946)|VARIABLE_SCOPE_BEGIN|[404]|this|auDailyReportListForAdminCtl|true|false
19:00:54.0 (19706034)|VARIABLE_ASSIGNMENT|[404]|this|{"errFlg":false,"fieldDateFrom":"","fieldDateTo":"","initSearchFlg":"true","orderDesc":true,"orderTarget":"LastModifiedDate","pageNum":1,"pageSize":50,"targetField1":"","targetField10":"","targetField2":"","targetField3":"","targetField4":"","targetField5":"","targetField6":"","targetField7":"","targetField8":"","targetField9":"","targetRecords":"1"}|0x51a41213
19:00:54.0 (19721411)|HEAP_ALLOCATE|[405]|Bytes:5
19:00:54.0 (19725170)|STATEMENT_EXECUTE|[404]
19:00:54.0 (19726485)|STATEMENT_EXECUTE|[405]
19:00:54.0 (19728565)|HEAP_ALLOCATE|[405]|Bytes:10
19:00:54.0 (19779314)|VARIABLE_ASSIGNMENT|[EXTERNAL]|this|{"errFlg":false,"fieldDateFrom":"","fieldDateTo":"","initSearchFlg":"true","orderDesc":true,"orderTarget":"LastModifiedDate","pageNum":1,"pageSize":50,"targetField1":"","targetField10":"","targetField2":"","targetField3":"","targetField4":"","targetField5":"","targetField6":"","targetField7":"","targetField8":"","targetField9":"","targetRecords":"1"}|0x51a41213
19:00:54.0 (19795294)|HEAP_ALLOCATE|[405]|Bytes:26
19:00:54.0 (19799571)|VARIABLE_SCOPE_BEGIN|[405]|orderByStr|String|false|false
19:00:54.0 (19808853)|VARIABLE_ASSIGNMENT|[405]|orderByStr|" ORDER BY LastModifi (6 more) ..."
19:00:54.0 (19812721)|STATEMENT_EXECUTE|[406]
19:00:54.0 (19814875)|VARIABLE_SCOPE_BEGIN|[406]|descStr|String|false|false
19:00:54.0 (19821444)|VARIABLE_ASSIGNMENT|[406]|descStr|""
19:00:54.0 (19869289)|VARIABLE_ASSIGNMENT|[EXTERNAL]|this|{"errFlg":false,"fieldDateFrom":"","fieldDateTo":"","initSearchFlg":"true","orderDesc":true,"orderTarget":"LastModifiedDate","pageNum":1,"pageSize":50,"targetField1":"","targetField10":"","targetField2":"","targetField3":"","targetField4":"","targetField5":"","targetField6":"","targetField7":"","targetField8":"","targetField9":"","targetRecords":"1"}|0x51a41213
19:00:54.0 (19881790)|STATEMENT_EXECUTE|[409]
19:00:54.0 (19883398)|STATEMENT_EXECUTE|[410]
19:00:54.0 (19885832)|HEAP_ALLOCATE|[410]|Bytes:17
19:00:54.0 (19892249)|VARIABLE_ASSIGNMENT|[410]|descStr|" Desc nulls last "
19:00:54.0 (19896330)|STATEMENT_EXECUTE|[412]
19:00:54.0 (19899926)|HEAP_ALLOCATE|[412]|Bytes:43
19:00:54.0 (19905466)|VARIABLE_ASSIGNMENT|[412]|orderByStr|" ORDER BY LastModifi (23 more) ..."
19:00:54.0 (19909030)|STATEMENT_EXECUTE|[413]
19:00:54.0 (19913656)|METHOD_EXIT|[358]|01pN0000000aEDx|auDailyReportListForAdminCtl.getOrderBy()
19:00:54.0 (19918318)|VARIABLE_SCOPE_BEGIN|[358]|orderBy|String|false|false
19:00:54.0 (19926727)|VARIABLE_ASSIGNMENT|[358]|orderBy|" ORDER BY LastModifi (23 more) ..."
19:00:54.0 (19930222)|STATEMENT_EXECUTE|[361]
19:00:54.0 (19933652)|VARIABLE_SCOPE_BEGIN|[361]|range|String|false|false
19:00:54.0 (19940759)|VARIABLE_ASSIGNMENT|[361]|range|"10000"
19:00:54.0 (19988817)|VARIABLE_ASSIGNMENT|[EXTERNAL]|this|{"errFlg":false,"fieldDateFrom":"","fieldDateTo":"","initSearchFlg":"true","orderDesc":true,"orderTarget":"LastModifiedDate","pageNum":1,"pageSize":50,"targetField1":"","targetField10":"","targetField2":"","targetField3":"","targetField4":"","targetField5":"","targetField6":"","targetField7":"","targetField8":"","targetField9":"","targetRecords":"1"}|0x51a41213
19:00:54.0 (20018185)|STATEMENT_EXECUTE|[363]
19:00:54.0 (20020077)|STATEMENT_EXECUTE|[364]
19:00:54.0 (20024725)|VARIABLE_ASSIGNMENT|[364]|range|"1000"
19:00:54.0 (20028826)|STATEMENT_EXECUTE|[366]
19:00:54.0 (20031341)|HEAP_ALLOCATE|[366]|Bytes:7
19:00:54.0 (20036336)|HEAP_ALLOCATE|[366]|Bytes:11
19:00:54.0 (20040339)|VARIABLE_SCOPE_BEGIN|[366]|limitStr|String|false|false
19:00:54.0 (20047544)|VARIABLE_ASSIGNMENT|[366]|limitStr|" LIMIT 1000"
19:00:54.0 (20050980)|STATEMENT_EXECUTE|[369]
19:00:54.0 (20059693)|HEAP_ALLOCATE|[369]|Bytes:54
19:00:54.0 (20065284)|HEAP_ALLOCATE|[369]|Bytes:261
19:00:54.0 (20071117)|VARIABLE_ASSIGNMENT|[369]|queryStr|"SELECT Name, Comment (241 more) ..."
19:00:54.0 (20076902)|STATEMENT_EXECUTE|[373]
19:00:54.0 (20078241)|STATEMENT_EXECUTE|[374]
19:00:54.0 (20087084)|METHOD_ENTRY|[374]|01pN0000000aEDx|auDailyReportListForAdminCtl.createSsc(String)
19:00:54.0 (20100009)|VARIABLE_SCOPE_BEGIN|[417]|this|auDailyReportListForAdminCtl|true|false
19:00:54.0 (20142807)|VARIABLE_ASSIGNMENT|[417]|this|{"errFlg":false,"fieldDateFrom":"","fieldDateTo":"","initSearchFlg":"true","orderDesc":true,"orderTarget":"LastModifiedDate","pageNum":1,"pageSize":50,"targetField1":"","targetField10":"","targetField2":"","targetField3":"","targetField4":"","targetField5":"","targetField6":"","targetField7":"","targetField8":"","targetField9":"","targetRecords":"1"}|0x51a41213
19:00:54.0 (20151611)|VARIABLE_SCOPE_BEGIN|[417]|queryStr|String|false|false
19:00:54.0 (20159433)|VARIABLE_ASSIGNMENT|[417]|queryStr|"SELECT Name, Comment (241 more) ..."
19:00:54.0 (20170514)|HEAP_ALLOCATE|[418]|Bytes:5
19:00:54.0 (20174316)|STATEMENT_EXECUTE|[417]
19:00:54.0 (20175665)|STATEMENT_EXECUTE|[418]
19:00:54.0 (20177758)|HEAP_ALLOCATE|[418]|Bytes:23
19:00:54.0 (20183465)|HEAP_ALLOCATE|[418]|Bytes:284
19:00:54.0 (20198981)|USER_DEBUG|[418]|DEBUG|createSsc -> queryStr: SELECT Name, CommentCopy__c, CommentLike__c, IsCopy__c, IsLike__c, kdKnowledge__r.Name, kdKnowledge__r.Status__c, IsView__c, User__r.LastName, kdKnowledgeCopy__c, kdKnowledgeLike__c FROM kdKnowledgeDetail__c ORDER BY LastModifiedDate Desc nulls last  LIMIT 1000
19:00:54.0 (20207857)|STATEMENT_EXECUTE|[419]
19:00:54.0 (22513768)|SOQL_EXECUTE_BEGIN|[419]|Aggregations:0|SELECT Name, CommentCopy__c, CommentLike__c, IsCopy__c, IsLike__c, kdKnowledge__r.Name, kdKnowledge__r.Status__c, IsView__c, User__r.LastName, kdKnowledgeCopy__c, kdKnowledgeLike__c FROM kdKnowledgeDetail__c 
19:00:54.0 (38640793)|SOQL_EXECUTE_END|[419]|Rows:38
19:00:54.0 (38685449)|HEAP_ALLOCATE|[419]|Bytes:20
19:00:54.0 (38786378)|VARIABLE_SCOPE_BEGIN|[419]|localSsc|ApexPages.StandardSetController|true|false
19:00:54.0 (38904899)|VARIABLE_ASSIGNMENT|[419]|localSsc|"core.apexpages.components.framework.controller.SetOrientedStandardControllerImpl@2c5ae7eb"|0x2c5ae7eb
19:00:54.0 (38913489)|STATEMENT_EXECUTE|[420]
19:00:54.0 (48299189)|STATEMENT_EXECUTE|[421]
19:00:54.0 (48367214)|STATEMENT_EXECUTE|[422]
19:00:54.0 (48381537)|METHOD_EXIT|[374]|01pN0000000aEDx|auDailyReportListForAdminCtl.createSsc(String)
19:00:54.0 (48503071)|VARIABLE_ASSIGNMENT|[EXTERNAL]|this|{"errFlg":false,"fieldDateFrom":"","fieldDateTo":"","initSearchFlg":"true","orderDesc":true,"orderTarget":"LastModifiedDate","pageNum":1,"pageSize":50,"targetField1":"","targetField10":"","targetField2":"","targetField3":"","targetField4":"","targetField5":"","targetField6":"","targetField7":"","targetField8":"","targetField9":"","targetRecords":"1"}|0x51a41213
19:00:54.0 (48611400)|VARIABLE_ASSIGNMENT|[EXTERNAL]|value|"core.apexpages.components.framework.controller.SetOrientedStandardControllerImpl@2c5ae7eb"|0x2c5ae7eb
19:00:54.0 (48709802)|VARIABLE_ASSIGNMENT|[12]|this.ssc|"core.apexpages.components.framework.controller.SetOrientedStandardControllerImpl@2c5ae7eb"|0x51a41213
19:00:54.0 (48727915)|STATEMENT_EXECUTE|[375]
19:00:54.0 (48738989)|VARIABLE_ASSIGNMENT|[375]|this.conditionStr|""|0x51a41213
19:00:54.0 (48747030)|STATEMENT_EXECUTE|[376]
19:00:54.0 (48751647)|HEAP_ALLOCATE|[376]|Bytes:14
19:00:54.0 (48764876)|HEAP_ALLOCATE|[376]|Bytes:14
19:00:54.0 (48794413)|USER_DEBUG|[376]|DEBUG|conditionStrは：
19:00:54.0 (48806353)|STATEMENT_EXECUTE|[377]
19:00:54.0 (48819340)|VARIABLE_ASSIGNMENT|[377]|this.limitStr|" LIMIT 1000"|0x51a41213
19:00:54.0 (48826544)|STATEMENT_EXECUTE|[379]
19:00:54.0 (48842978)|METHOD_ENTRY|[379]|01pN0000000aEDx|auDailyReportListForAdminCtl.saveInputValues()
19:00:54.0 (48874940)|VARIABLE_SCOPE_BEGIN|[90]|this|auDailyReportListForAdminCtl|true|false
19:00:54.0 (49099543)|VARIABLE_ASSIGNMENT|[90]|this|{"conditionStr":"","errFlg":false,"fieldDateFrom":"","fieldDateTo":"","initSearchFlg":"true","limitStr":" LIMIT 1000","orderDesc":true,"orderTarget":"LastModifiedDate","pageNum":1,"pageSize":50,"ssc":"core.apexpages.components.framework.controller.SetOrientedStandardControllerImpl@2c5ae7eb","targetField1":"","targetField10":"","targetField2":"","targetField3":"","targetField4":"","targetField5":"","targetField6":"","targetField7":"","targetField8":"","targetField9":"","targetRecords":"1"}|0x51a41213
19:00:54.0 (49133872)|HEAP_ALLOCATE|[91]|Bytes:5
19:00:54.0 (49141725)|STATEMENT_EXECUTE|[90]
19:00:54.0 (49143971)|STATEMENT_EXECUTE|[91]
19:00:54.0 (49161633)|HEAP_ALLOCATE|[91]|Bytes:4
19:00:54.0 (49197826)|VARIABLE_SCOPE_BEGIN|[91]|cookies|List<System.Cookie>|true|false
19:00:54.0 (49231497)|HEAP_ALLOCATE|[EXTERNAL]|Bytes:4
19:00:54.0 (49244038)|VARIABLE_ASSIGNMENT|[91]|cookies|[]|0x2724fa4c
19:00:54.0 (49252208)|STATEMENT_EXECUTE|[92]
19:00:54.0 (49453124)|VARIABLE_ASSIGNMENT|[EXTERNAL]|this|{"conditionStr":"","errFlg":false,"fieldDateFrom":"","fieldDateTo":"","initSearchFlg":"true","limitStr":" LIMIT 1000","orderDesc":true,"orderTarget":"LastModifiedDate","pageNum":1,"pageSize":50,"ssc":"core.apexpages.components.framework.controller.SetOrientedStandardControllerImpl@2c5ae7eb","targetField1":"","targetField10":"","targetField2":"","targetField3":"","targetField4":"","targetField5":"","targetField6":"","targetField7":"","targetField8":"","targetField9":"","targetRecords":"1"}|0x51a41213
19:00:54.0 (49533264)|HEAP_ALLOCATE|[EXTERNAL]|Bytes:4
19:00:54.0 (49545618)|STATEMENT_EXECUTE|[93]
19:00:54.0 (49768563)|VARIABLE_ASSIGNMENT|[EXTERNAL]|this|{"conditionStr":"","errFlg":false,"fieldDateFrom":"","fieldDateTo":"","initSearchFlg":"true","limitStr":" LIMIT 1000","orderDesc":true,"orderTarget":"LastModifiedDate","pageNum":1,"pageSize":50,"ssc":"core.apexpages.components.framework.controller.SetOrientedStandardControllerImpl@2c5ae7eb","targetField1":"","targetField10":"","targetField2":"","targetField3":"","targetField4":"","targetField5":"","targetField6":"","targetField7":"","targetField8":"","targetField9":"","targetRecords":"1"}|0x51a41213
19:00:54.0 (49830859)|HEAP_ALLOCATE|[EXTERNAL]|Bytes:4
19:00:54.0 (49840986)|STATEMENT_EXECUTE|[94]
19:00:54.0 (50066707)|VARIABLE_ASSIGNMENT|[EXTERNAL]|this|{"conditionStr":"","errFlg":false,"fieldDateFrom":"","fieldDateTo":"","initSearchFlg":"true","limitStr":" LIMIT 1000","orderDesc":true,"orderTarget":"LastModifiedDate","pageNum":1,"pageSize":50,"ssc":"core.apexpages.components.framework.controller.SetOrientedStandardControllerImpl@2c5ae7eb","targetField1":"","targetField10":"","targetField2":"","targetField3":"","targetField4":"","targetField5":"","targetField6":"","targetField7":"","targetField8":"","targetField9":"","targetRecords":"1"}|0x51a41213
19:00:54.0 (50129704)|HEAP_ALLOCATE|[EXTERNAL]|Bytes:4
19:00:54.0 (50140836)|STATEMENT_EXECUTE|[95]
19:00:54.0 (50361552)|VARIABLE_ASSIGNMENT|[EXTERNAL]|this|{"conditionStr":"","errFlg":false,"fieldDateFrom":"","fieldDateTo":"","initSearchFlg":"true","limitStr":" LIMIT 1000","orderDesc":true,"orderTarget":"LastModifiedDate","pageNum":1,"pageSize":50,"ssc":"core.apexpages.components.framework.controller.SetOrientedStandardControllerImpl@2c5ae7eb","targetField1":"","targetField10":"","targetField2":"","targetField3":"","targetField4":"","targetField5":"","targetField6":"","targetField7":"","targetField8":"","targetField9":"","targetRecords":"1"}|0x51a41213
19:00:54.0 (50419907)|HEAP_ALLOCATE|[EXTERNAL]|Bytes:4
19:00:54.0 (50428941)|STATEMENT_EXECUTE|[96]
19:00:54.0 (50639956)|VARIABLE_ASSIGNMENT|[EXTERNAL]|this|{"conditionStr":"","errFlg":false,"fieldDateFrom":"","fieldDateTo":"","initSearchFlg":"true","limitStr":" LIMIT 1000","orderDesc":true,"orderTarget":"LastModifiedDate","pageNum":1,"pageSize":50,"ssc":"core.apexpages.components.framework.controller.SetOrientedStandardControllerImpl@2c5ae7eb","targetField1":"","targetField10":"","targetField2":"","targetField3":"","targetField4":"","targetField5":"","targetField6":"","targetField7":"","targetField8":"","targetField9":"","targetRecords":"1"}|0x51a41213
19:00:54.0 (50694340)|HEAP_ALLOCATE|[EXTERNAL]|Bytes:4
19:00:54.0 (50702982)|STATEMENT_EXECUTE|[97]
19:00:54.0 (50914887)|VARIABLE_ASSIGNMENT|[EXTERNAL]|this|{"conditionStr":"","errFlg":false,"fieldDateFrom":"","fieldDateTo":"","initSearchFlg":"true","limitStr":" LIMIT 1000","orderDesc":true,"orderTarget":"LastModifiedDate","pageNum":1,"pageSize":50,"ssc":"core.apexpages.components.framework.controller.SetOrientedStandardControllerImpl@2c5ae7eb","targetField1":"","targetField10":"","targetField2":"","targetField3":"","targetField4":"","targetField5":"","targetField6":"","targetField7":"","targetField8":"","targetField9":"","targetRecords":"1"}|0x51a41213
19:00:54.0 (50970861)|HEAP_ALLOCATE|[EXTERNAL]|Bytes:4
19:00:54.0 (50979892)|STATEMENT_EXECUTE|[98]
19:00:54.0 (51202184)|VARIABLE_ASSIGNMENT|[EXTERNAL]|this|{"conditionStr":"","errFlg":false,"fieldDateFrom":"","fieldDateTo":"","initSearchFlg":"true","limitStr":" LIMIT 1000","orderDesc":true,"orderTarget":"LastModifiedDate","pageNum":1,"pageSize":50,"ssc":"core.apexpages.components.framework.controller.SetOrientedStandardControllerImpl@2c5ae7eb","targetField1":"","targetField10":"","targetField2":"","targetField3":"","targetField4":"","targetField5":"","targetField6":"","targetField7":"","targetField8":"","targetField9":"","targetRecords":"1"}|0x51a41213
19:00:54.0 (51259819)|HEAP_ALLOCATE|[EXTERNAL]|Bytes:4
19:00:54.0 (51268420)|STATEMENT_EXECUTE|[99]
19:00:54.0 (51484266)|VARIABLE_ASSIGNMENT|[EXTERNAL]|this|{"conditionStr":"","errFlg":false,"fieldDateFrom":"","fieldDateTo":"","initSearchFlg":"true","limitStr":" LIMIT 1000","orderDesc":true,"orderTarget":"LastModifiedDate","pageNum":1,"pageSize":50,"ssc":"core.apexpages.components.framework.controller.SetOrientedStandardControllerImpl@2c5ae7eb","targetField1":"","targetField10":"","targetField2":"","targetField3":"","targetField4":"","targetField5":"","targetField6":"","targetField7":"","targetField8":"","targetField9":"","targetRecords":"1"}|0x51a41213
19:00:54.0 (51539608)|HEAP_ALLOCATE|[EXTERNAL]|Bytes:4
19:00:54.0 (51548571)|STATEMENT_EXECUTE|[100]
19:00:54.0 (51762287)|VARIABLE_ASSIGNMENT|[EXTERNAL]|this|{"conditionStr":"","errFlg":false,"fieldDateFrom":"","fieldDateTo":"","initSearchFlg":"true","limitStr":" LIMIT 1000","orderDesc":true,"orderTarget":"LastModifiedDate","pageNum":1,"pageSize":50,"ssc":"core.apexpages.components.framework.controller.SetOrientedStandardControllerImpl@2c5ae7eb","targetField1":"","targetField10":"","targetField2":"","targetField3":"","targetField4":"","targetField5":"","targetField6":"","targetField7":"","targetField8":"","targetField9":"","targetRecords":"1"}|0x51a41213
19:00:54.0 (51825553)|HEAP_ALLOCATE|[EXTERNAL]|Bytes:4
19:00:54.0 (51836531)|STATEMENT_EXECUTE|[101]
19:00:54.0 (52050935)|VARIABLE_ASSIGNMENT|[EXTERNAL]|this|{"conditionStr":"","errFlg":false,"fieldDateFrom":"","fieldDateTo":"","initSearchFlg":"true","limitStr":" LIMIT 1000","orderDesc":true,"orderTarget":"LastModifiedDate","pageNum":1,"pageSize":50,"ssc":"core.apexpages.components.framework.controller.SetOrientedStandardControllerImpl@2c5ae7eb","targetField1":"","targetField10":"","targetField2":"","targetField3":"","targetField4":"","targetField5":"","targetField6":"","targetField7":"","targetField8":"","targetField9":"","targetRecords":"1"}|0x51a41213
19:00:54.0 (52110670)|HEAP_ALLOCATE|[EXTERNAL]|Bytes:4
19:00:54.0 (52119858)|STATEMENT_EXECUTE|[102]
19:00:54.0 (52315950)|VARIABLE_ASSIGNMENT|[EXTERNAL]|this|{"conditionStr":"","errFlg":false,"fieldDateFrom":"","fieldDateTo":"","initSearchFlg":"true","limitStr":" LIMIT 1000","orderDesc":true,"orderTarget":"LastModifiedDate","pageNum":1,"pageSize":50,"ssc":"core.apexpages.components.framework.controller.SetOrientedStandardControllerImpl@2c5ae7eb","targetField1":"","targetField10":"","targetField2":"","targetField3":"","targetField4":"","targetField5":"","targetField6":"","targetField7":"","targetField8":"","targetField9":"","targetRecords":"1"}|0x51a41213
19:00:54.0 (52379176)|HEAP_ALLOCATE|[EXTERNAL]|Bytes:4
19:00:54.0 (52387526)|STATEMENT_EXECUTE|[104]
19:00:54.0 (52391763)|VARIABLE_SCOPE_BEGIN|[104]|fromDateStr|String|false|false
19:00:54.0 (52401705)|VARIABLE_ASSIGNMENT|[104]|fromDateStr|null
19:00:54.0 (52551135)|VARIABLE_ASSIGNMENT|[EXTERNAL]|this|{"conditionStr":"","errFlg":false,"fieldDateFrom":"","fieldDateTo":"","initSearchFlg":"true","limitStr":" LIMIT 1000","orderDesc":true,"orderTarget":"LastModifiedDate","pageNum":1,"pageSize":50,"ssc":"core.apexpages.components.framework.controller.SetOrientedStandardControllerImpl@2c5ae7eb","targetField1":"","targetField10":"","targetField2":"","targetField3":"","targetField4":"","targetField5":"","targetField6":"","targetField7":"","targetField8":"","targetField9":"","targetRecords":"1"}|0x51a41213
19:00:54.0 (52568962)|STATEMENT_EXECUTE|[105]
19:00:54.0 (52570873)|STATEMENT_EXECUTE|[106]
19:00:54.0 (52701795)|VARIABLE_ASSIGNMENT|[EXTERNAL]|this|{"conditionStr":"","errFlg":false,"fieldDateFrom":"","fieldDateTo":"","initSearchFlg":"true","limitStr":" LIMIT 1000","orderDesc":true,"orderTarget":"LastModifiedDate","pageNum":1,"pageSize":50,"ssc":"core.apexpages.components.framework.controller.SetOrientedStandardControllerImpl@2c5ae7eb","targetField1":"","targetField10":"","targetField2":"","targetField3":"","targetField4":"","targetField5":"","targetField6":"","targetField7":"","targetField8":"","targetField9":"","targetRecords":"1"}|0x51a41213
19:00:54.0 (52747587)|VARIABLE_ASSIGNMENT|[106]|fromDateStr|""
19:00:54.0 (52752754)|STATEMENT_EXECUTE|[108]
19:00:54.0 (52802715)|HEAP_ALLOCATE|[EXTERNAL]|Bytes:4
19:00:54.0 (52810564)|STATEMENT_EXECUTE|[110]
19:00:54.0 (52813280)|VARIABLE_SCOPE_BEGIN|[110]|toDateStr|String|false|false
19:00:54.0 (52821861)|VARIABLE_ASSIGNMENT|[110]|toDateStr|null
19:00:54.0 (52959100)|VARIABLE_ASSIGNMENT|[EXTERNAL]|this|{"conditionStr":"","errFlg":false,"fieldDateFrom":"","fieldDateTo":"","initSearchFlg":"true","limitStr":" LIMIT 1000","orderDesc":true,"orderTarget":"LastModifiedDate","pageNum":1,"pageSize":50,"ssc":"core.apexpages.components.framework.controller.SetOrientedStandardControllerImpl@2c5ae7eb","targetField1":"","targetField10":"","targetField2":"","targetField3":"","targetField4":"","targetField5":"","targetField6":"","targetField7":"","targetField8":"","targetField9":"","targetRecords":"1"}|0x51a41213
19:00:54.0 (52975156)|STATEMENT_EXECUTE|[111]
19:00:54.0 (52976969)|STATEMENT_EXECUTE|[112]
19:00:54.0 (53108765)|VARIABLE_ASSIGNMENT|[EXTERNAL]|this|{"conditionStr":"","errFlg":false,"fieldDateFrom":"","fieldDateTo":"","initSearchFlg":"true","limitStr":" LIMIT 1000","orderDesc":true,"orderTarget":"LastModifiedDate","pageNum":1,"pageSize":50,"ssc":"core.apexpages.components.framework.controller.SetOrientedStandardControllerImpl@2c5ae7eb","targetField1":"","targetField10":"","targetField2":"","targetField3":"","targetField4":"","targetField5":"","targetField6":"","targetField7":"","targetField8":"","targetField9":"","targetRecords":"1"}|0x51a41213
19:00:54.0 (53144154)|VARIABLE_ASSIGNMENT|[112]|toDateStr|""
19:00:54.0 (53149200)|STATEMENT_EXECUTE|[114]
19:00:54.0 (53189580)|HEAP_ALLOCATE|[EXTERNAL]|Bytes:4
19:00:54.0 (53196343)|STATEMENT_EXECUTE|[115]
19:00:54.0 (53220664)|HEAP_ALLOCATE|[115]|Bytes:35
19:00:54.0 (53342671)|METHOD_EXIT|[379]|01pN0000000aEDx|auDailyReportListForAdminCtl.saveInputValues()
19:00:54.0 (53351975)|METHOD_EXIT|[85]|01pN0000000aEDx|auDailyReportListForAdminCtl.recordSearch()
19:00:54.0 (53357676)|SYSTEM_MODE_EXIT|false
19:00:54.0 (63264087)|SYSTEM_MODE_ENTER|true
19:00:54.0 (63701303)|SYSTEM_MODE_ENTER|true
19:00:54.0 (63738953)|HEAP_ALLOCATE|[EXTERNAL]|Bytes:108
19:00:54.0 (63747629)|VARIABLE_SCOPE_BEGIN|[190]|this|auDailyReportListForAdminCtl|true|false
19:00:54.0 (63928917)|VARIABLE_ASSIGNMENT|[190]|this|{"conditionStr":"","errFlg":false,"fieldDateFrom":"","fieldDateTo":"","initSearchFlg":"true","limitStr":" LIMIT 1000","orderDesc":true,"orderTarget":"LastModifiedDate","pageNum":1,"pageSize":50,"ssc":"core.apexpages.components.framework.controller.SetOrientedStandardControllerImpl@2c5ae7eb","targetField1":"","targetField10":"","targetField2":"","targetField3":"","targetField4":"","targetField5":"","targetField6":"","targetField7":"","targetField8":"","targetField9":"","targetRecords":"1"}|0x51a41213
19:00:54.0 (63951665)|SYSTEM_MODE_ENTER|false
19:00:54.0 (63959559)|HEAP_ALLOCATE|[191]|Bytes:5
19:00:54.0 (63964820)|STATEMENT_EXECUTE|[190]
19:00:54.0 (63966581)|STATEMENT_EXECUTE|[191]
19:00:54.0 (63969357)|HEAP_ALLOCATE|[191]|Bytes:36
19:00:54.0 (63985374)|HEAP_ALLOCATE|[191]|Bytes:4
19:00:54.0 (64100757)|SOQL_EXECUTE_BEGIN|[191]|Aggregations:0|SELECT Status__c FROM kdKnowledge__c
19:00:54.0 (65561455)|SOQL_EXECUTE_END|[191]|Rows:13
19:00:54.0 (65588945)|HEAP_ALLOCATE|[191]|Bytes:56
19:00:54.0 (65623863)|HEAP_ALLOCATE|[191]|Bytes:683
19:00:54.0 (65689529)|HEAP_ALLOCATE|[191]|Bytes:56
19:00:54.0 (65705107)|VARIABLE_SCOPE_BEGIN|[191]|recs|List<kdKnowledge__c>|true|false
19:00:54.0 (65726246)|VARIABLE_ASSIGNMENT|[191]|recs|"List of size 13 too large to display"|0x6dded95f
19:00:54.0 (65735591)|STATEMENT_EXECUTE|[198]
19:00:54.0 (65746887)|HEAP_ALLOCATE|[198]|Bytes:4
19:00:54.0 (65774717)|VARIABLE_SCOPE_BEGIN|[198]|result|List<System.SelectOption>|true|false
19:00:54.0 (65802455)|HEAP_ALLOCATE|[EXTERNAL]|Bytes:4
19:00:54.0 (65813559)|VARIABLE_ASSIGNMENT|[198]|result|[]|0x5b0d72f7
19:00:54.0 (65936386)|HEAP_ALLOCATE|[199]|Bytes:5
19:00:54.0 (65956362)|HEAP_ALLOCATE|[199]|Bytes:12
19:00:54.0 (65965590)|VARIABLE_SCOPE_BEGIN|[199]|rec|kdKnowledge__c|true|false
19:00:54.0 (65986588)|VARIABLE_ASSIGNMENT|[199]|rec|{"Status__c":"TemporarySaved","Id":"a0AN0000009dZXJMA2"}|0x3878e16d
19:00:54.0 (65996205)|STATEMENT_EXECUTE|[199]
19:00:54.0 (65998778)|STATEMENT_EXECUTE|[200]
19:00:54.0 (66085790)|HEAP_ALLOCATE|[EXTERNAL]|Bytes:4
19:00:54.0 (66108560)|HEAP_ALLOCATE|[199]|Bytes:5
19:00:54.0 (66123296)|HEAP_ALLOCATE|[199]|Bytes:12
19:00:54.0 (66131782)|VARIABLE_SCOPE_BEGIN|[199]|rec|kdKnowledge__c|true|false
19:00:54.0 (66149381)|VARIABLE_ASSIGNMENT|[199]|rec|{"Status__c":"TemporarySaved","Id":"a0AN0000009dZXOMA2"}|0x6b5b0100
19:00:54.0 (66157649)|STATEMENT_EXECUTE|[199]
19:00:54.0 (66159702)|STATEMENT_EXECUTE|[200]
19:00:54.0 (66179779)|HEAP_ALLOCATE|[EXTERNAL]|Bytes:4
19:00:54.0 (66195159)|HEAP_ALLOCATE|[199]|Bytes:5
19:00:54.0 (66206876)|HEAP_ALLOCATE|[199]|Bytes:12
19:00:54.0 (66213954)|VARIABLE_SCOPE_BEGIN|[199]|rec|kdKnowledge__c|true|false
19:00:54.0 (66228574)|VARIABLE_ASSIGNMENT|[199]|rec|{"Status__c":"Saved","Id":"a0AN0000009dZQvMAM"}|0x777059f4
19:00:54.0 (66235984)|STATEMENT_EXECUTE|[199]
19:00:54.0 (66237937)|STATEMENT_EXECUTE|[200]
19:00:54.0 (66252803)|HEAP_ALLOCATE|[EXTERNAL]|Bytes:4
19:00:54.0 (66265765)|HEAP_ALLOCATE|[199]|Bytes:5
19:00:54.0 (66277094)|HEAP_ALLOCATE|[199]|Bytes:12
19:00:54.0 (66283997)|VARIABLE_SCOPE_BEGIN|[199]|rec|kdKnowledge__c|true|false
19:00:54.0 (66297948)|VARIABLE_ASSIGNMENT|[199]|rec|{"Status__c":"Saved","Id":"a0AN0000009dZR0MAM"}|0x5464184f
19:00:54.0 (66305694)|STATEMENT_EXECUTE|[199]
19:00:54.0 (66308017)|STATEMENT_EXECUTE|[200]
19:00:54.0 (66322146)|HEAP_ALLOCATE|[EXTERNAL]|Bytes:4
19:00:54.0 (66335465)|HEAP_ALLOCATE|[199]|Bytes:5
19:00:54.0 (66346512)|HEAP_ALLOCATE|[199]|Bytes:12
19:00:54.0 (66352848)|VARIABLE_SCOPE_BEGIN|[199]|rec|kdKnowledge__c|true|false
19:00:54.0 (66367066)|VARIABLE_ASSIGNMENT|[199]|rec|{"Status__c":"TemporarySaved","Id":"a0AN0000009dYa7MAE"}|0x2be8e827
19:00:54.0 (66374481)|STATEMENT_EXECUTE|[199]
19:00:54.0 (66376129)|STATEMENT_EXECUTE|[200]
19:00:54.0 (66391145)|HEAP_ALLOCATE|[EXTERNAL]|Bytes:4
19:00:54.0 (66405969)|HEAP_ALLOCATE|[199]|Bytes:5
19:00:54.0 (66417353)|HEAP_ALLOCATE|[199]|Bytes:12
19:00:54.0 (66424489)|VARIABLE_SCOPE_BEGIN|[199]|rec|kdKnowledge__c|true|false
19:00:54.0 (66438769)|VARIABLE_ASSIGNMENT|[199]|rec|{"Status__c":"TemporarySaved","Id":"a0AN0000009dZXEMA2"}|0x1888af5b
19:00:54.0 (66445286)|STATEMENT_EXECUTE|[199]
19:00:54.0 (66447179)|STATEMENT_EXECUTE|[200]
19:00:54.0 (66461470)|HEAP_ALLOCATE|[EXTERNAL]|Bytes:4
19:00:54.0 (66474887)|HEAP_ALLOCATE|[199]|Bytes:5
19:00:54.0 (66486111)|HEAP_ALLOCATE|[199]|Bytes:12
19:00:54.0 (66493501)|VARIABLE_SCOPE_BEGIN|[199]|rec|kdKnowledge__c|true|false
19:00:54.0 (66507029)|VARIABLE_ASSIGNMENT|[199]|rec|{"Status__c":"TemporarySaved","Id":"a0AN0000009dZOaMAM"}|0x6dc2fa47
19:00:54.0 (66515108)|STATEMENT_EXECUTE|[199]
19:00:54.0 (66516792)|STATEMENT_EXECUTE|[200]
19:00:54.0 (66532013)|HEAP_ALLOCATE|[EXTERNAL]|Bytes:4
19:00:54.0 (66545720)|HEAP_ALLOCATE|[199]|Bytes:5
19:00:54.0 (66557626)|HEAP_ALLOCATE|[199]|Bytes:12
19:00:54.0 (66565303)|VARIABLE_SCOPE_BEGIN|[199]|rec|kdKnowledge__c|true|false
19:00:54.0 (66580747)|VARIABLE_ASSIGNMENT|[199]|rec|{"Status__c":"TemporarySaved","Id":"a0AN0000009dZQqMAM"}|0x191031d0
19:00:54.0 (66589016)|STATEMENT_EXECUTE|[199]
19:00:54.0 (66590923)|STATEMENT_EXECUTE|[200]
19:00:54.0 (66606668)|HEAP_ALLOCATE|[EXTERNAL]|Bytes:4
19:00:54.0 (66620482)|HEAP_ALLOCATE|[199]|Bytes:5
19:00:54.0 (66631311)|HEAP_ALLOCATE|[199]|Bytes:12
19:00:54.0 (66637364)|VARIABLE_SCOPE_BEGIN|[199]|rec|kdKnowledge__c|true|false
19:00:54.0 (66651312)|VARIABLE_ASSIGNMENT|[199]|rec|{"Status__c":"TemporarySaved","Id":"a0AN0000009dZPiMAM"}|0x75554b05
19:00:54.0 (66657856)|STATEMENT_EXECUTE|[199]
19:00:54.0 (66659656)|STATEMENT_EXECUTE|[200]
19:00:54.0 (66673151)|HEAP_ALLOCATE|[EXTERNAL]|Bytes:4
19:00:54.0 (66685762)|HEAP_ALLOCATE|[199]|Bytes:5
19:00:54.0 (66695528)|HEAP_ALLOCATE|[199]|Bytes:12
19:00:54.0 (66701800)|VARIABLE_SCOPE_BEGIN|[199]|rec|kdKnowledge__c|true|false
19:00:54.0 (66715117)|VARIABLE_ASSIGNMENT|[199]|rec|{"Status__c":"Saved","Id":"a0AN0000009dZeaMAE"}|0x287ad083
19:00:54.0 (66722227)|STATEMENT_EXECUTE|[199]
19:00:54.0 (66724045)|STATEMENT_EXECUTE|[200]
19:00:54.0 (66736508)|HEAP_ALLOCATE|[EXTERNAL]|Bytes:4
19:00:54.0 (66748960)|HEAP_ALLOCATE|[199]|Bytes:5
19:00:54.0 (66759958)|HEAP_ALLOCATE|[199]|Bytes:12
19:00:54.0 (66766512)|VARIABLE_SCOPE_BEGIN|[199]|rec|kdKnowledge__c|true|false
19:00:54.0 (66781438)|VARIABLE_ASSIGNMENT|[199]|rec|{"Status__c":"TemporarySaved","Id":"a0AN0000009dZQgMAM"}|0x52100709
19:00:54.0 (66788758)|STATEMENT_EXECUTE|[199]
19:00:54.0 (66790549)|STATEMENT_EXECUTE|[200]
19:00:54.0 (66804626)|HEAP_ALLOCATE|[EXTERNAL]|Bytes:4
19:00:54.0 (66818736)|HEAP_ALLOCATE|[199]|Bytes:5
19:00:54.0 (66829779)|HEAP_ALLOCATE|[199]|Bytes:12
19:00:54.0 (66836452)|VARIABLE_SCOPE_BEGIN|[199]|rec|kdKnowledge__c|true|false
19:00:54.0 (66851226)|VARIABLE_ASSIGNMENT|[199]|rec|{"Status__c":"Saved","Id":"a0AN0000009dZQbMAM"}|0x4a16222a
19:00:54.0 (66858400)|STATEMENT_EXECUTE|[199]
19:00:54.0 (66860159)|STATEMENT_EXECUTE|[200]
19:00:54.0 (66875071)|HEAP_ALLOCATE|[EXTERNAL]|Bytes:4
19:00:54.0 (66886157)|HEAP_ALLOCATE|[199]|Bytes:5
19:00:54.0 (66893720)|HEAP_ALLOCATE|[199]|Bytes:12
19:00:54.0 (66897957)|VARIABLE_SCOPE_BEGIN|[199]|rec|kdKnowledge__c|true|false
19:00:54.0 (66907817)|VARIABLE_ASSIGNMENT|[199]|rec|{"Status__c":"Saved","Id":"a0AN0000009dZpeMAE"}|0x1544550e
19:00:54.0 (66912113)|STATEMENT_EXECUTE|[199]
19:00:54.0 (66913454)|STATEMENT_EXECUTE|[200]
19:00:54.0 (66923004)|HEAP_ALLOCATE|[EXTERNAL]|Bytes:4
19:00:54.0 (66931468)|HEAP_ALLOCATE|[199]|Bytes:5
19:00:54.0 (66939280)|VARIABLE_ASSIGNMENT|[199]|rec|null|
19:00:54.0 (66943269)|STATEMENT_EXECUTE|[202]
19:00:54.0 (66947715)|SYSTEM_MODE_EXIT|false
19:00:54.67 (67678112)|SYSTEM_MODE_ENTER|true
19:00:54.67 (67712950)|HEAP_ALLOCATE|[EXTERNAL]|Bytes:38
19:00:54.67 (67720923)|HEAP_ALLOCATE|[EXTERNAL]|Bytes:7
19:00:54.67 (67728882)|SYSTEM_METHOD_ENTRY|[1]|PageMessagesComponentController.PageMessagesComponentController()
19:00:54.67 (67732996)|STATEMENT_EXECUTE|[1]
19:00:54.67 (67851382)|SYSTEM_MODE_ENTER|true
19:00:54.67 (67892793)|HEAP_ALLOCATE|[EXTERNAL]|Bytes:8
19:00:54.67 (67899225)|VARIABLE_SCOPE_BEGIN|[88]|this|ApexPage.PageMessagesComponentController|true|false
19:00:54.67 (67921266)|VARIABLE_ASSIGNMENT|[88]|this|{}|0x8fc9eee
19:00:54.67 (67927127)|VARIABLE_SCOPE_BEGIN|[88]|escape|Boolean|false|false
19:00:54.67 (67934294)|VARIABLE_ASSIGNMENT|[88]|escape|null
19:00:54.68 (68025987)|SYSTEM_MODE_ENTER|true
19:00:54.68 (68051577)|HEAP_ALLOCATE|[EXTERNAL]|Bytes:8
19:00:54.68 (68061737)|VARIABLE_SCOPE_BEGIN|[2]|this|ApexPage.PageMessagesComponentController|true|false
19:00:54.68 (68078655)|VARIABLE_ASSIGNMENT|[2]|this|{}|0x8fc9eee
19:00:54.0 (68823531)|SYSTEM_MODE_ENTER|true
19:00:54.0 (69255254)|SYSTEM_MODE_ENTER|true
19:00:54.0 (69286393)|HEAP_ALLOCATE|[EXTERNAL]|Bytes:108
19:00:54.0 (69295443)|VARIABLE_SCOPE_BEGIN|[425]|this|auDailyReportListForAdminCtl|true|false
19:00:54.0 (69459649)|VARIABLE_ASSIGNMENT|[425]|this|{"conditionStr":"","errFlg":false,"fieldDateFrom":"","fieldDateTo":"","initSearchFlg":"true","limitStr":" LIMIT 1000","orderDesc":true,"orderTarget":"LastModifiedDate","pageNum":1,"pageSize":50,"ssc":"core.apexpages.components.framework.controller.SetOrientedStandardControllerImpl@2c5ae7eb","targetField1":"","targetField10":"","targetField2":"","targetField3":"","targetField4":"","targetField5":"","targetField6":"","targetField7":"","targetField8":"","targetField9":"","targetRecords":"1"}|0x51a41213
19:00:54.0 (69483490)|SYSTEM_MODE_ENTER|false
19:00:54.0 (69492273)|HEAP_ALLOCATE|[426]|Bytes:5
19:00:54.0 (69497507)|STATEMENT_EXECUTE|[425]
19:00:54.0 (69499155)|STATEMENT_EXECUTE|[426]
19:00:54.0 (69502741)|VARIABLE_SCOPE_BEGIN|[426]|recs|List<kdKnowledgeDetail__c>|true|false
19:00:54.0 (69511542)|VARIABLE_ASSIGNMENT|[426]|recs|null|
19:00:54.0 (69666000)|VARIABLE_ASSIGNMENT|[EXTERNAL]|this|{"conditionStr":"","errFlg":false,"fieldDateFrom":"","fieldDateTo":"","initSearchFlg":"true","limitStr":" LIMIT 1000","orderDesc":true,"orderTarget":"LastModifiedDate","pageNum":1,"pageSize":50,"ssc":"core.apexpages.components.framework.controller.SetOrientedStandardControllerImpl@2c5ae7eb","targetField1":"","targetField10":"","targetField2":"","targetField3":"","targetField4":"","targetField5":"","targetField6":"","targetField7":"","targetField8":"","targetField9":"","targetRecords":"1"}|0x51a41213
19:00:54.0 (69685027)|STATEMENT_EXECUTE|[427]
19:00:54.0 (69686584)|STATEMENT_EXECUTE|[428]
19:00:54.0 (69818312)|VARIABLE_ASSIGNMENT|[EXTERNAL]|this|{"conditionStr":"","errFlg":false,"fieldDateFrom":"","fieldDateTo":"","initSearchFlg":"true","limitStr":" LIMIT 1000","orderDesc":true,"orderTarget":"LastModifiedDate","pageNum":1,"pageSize":50,"ssc":"core.apexpages.components.framework.controller.SetOrientedStandardControllerImpl@2c5ae7eb","targetField1":"","targetField10":"","targetField2":"","targetField3":"","targetField4":"","targetField5":"","targetField6":"","targetField7":"","targetField8":"","targetField9":"","targetRecords":"1"}|0x51a41213
19:00:54.0 (69866743)|HEAP_ALLOCATE|[428]|Bytes:156
19:00:54.0 (69891339)|HEAP_ALLOCATE|[428]|Bytes:156
19:00:54.0 (69907252)|VARIABLE_ASSIGNMENT|[428]|recs|"List of size 38 too large to display"|0x2966451c
19:00:54.0 (69913556)|STATEMENT_EXECUTE|[430]
19:00:54.0 (69915293)|STATEMENT_EXECUTE|[433]
19:00:54.0 (69918529)|SYSTEM_MODE_EXIT|false
19:00:54.0 (74109694)|SYSTEM_MODE_ENTER|true
19:00:54.0 (75687406)|SYSTEM_MODE_ENTER|true
19:00:54.0 (75899515)|SYSTEM_MODE_ENTER|true
19:00:54.0 (76167535)|SYSTEM_MODE_ENTER|true
19:00:54.0 (76325375)|SYSTEM_MODE_ENTER|true
19:00:54.0 (76467144)|SYSTEM_MODE_ENTER|true
19:00:54.0 (76600723)|SYSTEM_MODE_ENTER|true
19:00:54.0 (76731988)|SYSTEM_MODE_ENTER|true
19:00:54.0 (76864110)|SYSTEM_MODE_ENTER|true
19:00:54.0 (76986371)|SYSTEM_MODE_ENTER|true
19:00:54.0 (78932698)|SYSTEM_MODE_ENTER|true
19:00:54.0 (79095735)|SYSTEM_MODE_ENTER|true
19:00:54.0 (79238804)|SYSTEM_MODE_ENTER|true
19:00:54.0 (79377882)|SYSTEM_MODE_ENTER|true
19:00:54.0 (79555954)|SYSTEM_MODE_ENTER|true
19:00:54.80 (80328359)|SYSTEM_MODE_ENTER|true
19:00:54.80 (80374021)|HEAP_ALLOCATE|[EXTERNAL]|Bytes:8
19:00:54.80 (80381569)|VARIABLE_SCOPE_BEGIN|[88]|this|ApexPage.PageMessagesComponentController|true|false
19:00:54.80 (80402576)|VARIABLE_ASSIGNMENT|[88]|this|{}|0x8fc9eee
19:00:54.80 (80408258)|VARIABLE_SCOPE_BEGIN|[88]|escape|Boolean|false|false
19:00:54.80 (80416003)|VARIABLE_ASSIGNMENT|[88]|escape|null
19:00:54.80 (80511636)|SYSTEM_MODE_ENTER|true
19:00:54.80 (80537838)|HEAP_ALLOCATE|[EXTERNAL]|Bytes:8
19:00:54.80 (80543670)|VARIABLE_SCOPE_BEGIN|[2]|this|ApexPage.PageMessagesComponentController|true|false
19:00:54.80 (80559859)|VARIABLE_ASSIGNMENT|[2]|this|{}|0x8fc9eee
19:00:54.0 (128731519)|VF_SERIALIZE_VIEWSTATE_BEGIN|066N0000000M524
19:00:54.0 (133413150)|VF_SERIALIZE_VIEWSTATE_END
19:00:54.138 (138272562)|CUMULATIVE_LIMIT_USAGE
19:00:54.138 (138272562)|LIMIT_USAGE_FOR_NS|(default)|
  Number of SOQL queries: 2 out of 100
  Number of query rows: 51 out of 50000
  Number of SOSL queries: 0 out of 20
  Number of DML statements: 0 out of 150
  Number of DML rows: 0 out of 10000
  Maximum CPU time: 0 out of 10000
  Maximum heap size: 0 out of 6000000
  Number of callouts: 0 out of 100
  Number of Email Invocations: 0 out of 10
  Number of future calls: 0 out of 50
  Number of queueable jobs added to the queue: 0 out of 50
  Number of Mobile Apex push calls: 0 out of 10

19:00:54.138 (138272562)|CUMULATIVE_LIMIT_USAGE_END

19:00:54.0 (138310782)|CODE_UNIT_FINISHED|VF: /apex/auDailyReportListForAdmin
19:00:54.0 (138996353)|EXECUTION_FINISHED
