38.0 APEX_CODE,FINEST;APEX_PROFILING,INFO;CALLOUT,INFO;DB,INFO;NBA,INFO;SYSTEM,DEBUG;VALIDATION,INFO;VISUALFORCE,INFO;WAVE,INFO;WORKFLOW,INFO
15:31:08.0 (70418)|USER_INFO|[EXTERNAL]|0056F000006PtYl|gwadmin@gw.jp.kddi.gwdev01|日本標準時|GMT+09:00
15:31:08.0 (102151)|EXECUTION_STARTED
15:31:08.0 (106869)|CODE_UNIT_STARTED|[EXTERNAL]|066N0000000M59u|VF: /apex/saReport
15:31:08.0 (786454)|VF_DESERIALIZE_VIEWSTATE_BEGIN|066N0000000M59u
15:31:08.0 (15863528)|HEAP_ALLOCATE|[72]|Bytes:3
15:31:08.0 (15906119)|HEAP_ALLOCATE|[77]|Bytes:152
15:31:08.0 (15920772)|HEAP_ALLOCATE|[342]|Bytes:408
15:31:08.0 (15933213)|HEAP_ALLOCATE|[355]|Bytes:408
15:31:08.0 (15943427)|HEAP_ALLOCATE|[467]|Bytes:48
15:31:08.0 (15967445)|HEAP_ALLOCATE|[139]|Bytes:6
15:31:08.0 (17389042)|HEAP_ALLOCATE|[50]|Bytes:5
15:31:08.0 (17418062)|HEAP_ALLOCATE|[56]|Bytes:5
15:31:08.0 (17426965)|HEAP_ALLOCATE|[64]|Bytes:7
15:31:08.0 (20280731)|VARIABLE_SCOPE_BEGIN|[30]|saReportCtrl.ERROR_CATEGORY_MISSING|String|false|true
15:31:08.0 (20296043)|VARIABLE_SCOPE_BEGIN|[31]|saReportCtrl.ERROR_COMMENT_MISSING|String|false|true
15:31:08.0 (20304400)|VARIABLE_SCOPE_BEGIN|[29]|saReportCtrl.ERROR_TITLE_MISSING|String|false|true
15:31:08.0 (20313044)|VARIABLE_SCOPE_BEGIN|[32]|saReportCtrl.MESSAGE_ASK_FOR_VALIDATION|String|false|true
15:31:08.0 (20321330)|VARIABLE_SCOPE_BEGIN|[33]|saReportCtrl.MESSAGE_PUBLISHED|String|false|true
15:31:08.0 (20330787)|VARIABLE_SCOPE_BEGIN|[27]|saReportCtrl.SA_REPORT_STATE_NONE_LABEL|String|false|true
15:31:08.0 (20340112)|VARIABLE_SCOPE_BEGIN|[26]|saReportCtrl.SA_REPORT_STATE_NONE_VALUE|String|false|true
15:31:08.0 (20348661)|VARIABLE_SCOPE_BEGIN|[8]|saReportCtrl.SEARCH_COUNT_AVERAGE_LABEL|String|false|true
15:31:08.0 (20357057)|VARIABLE_SCOPE_BEGIN|[11]|saReportCtrl.SEARCH_COUNT_AVERAGE_VALUE|String|false|true
15:31:08.0 (20366377)|VARIABLE_SCOPE_BEGIN|[7]|saReportCtrl.SEARCH_COUNT_FEW_LABEL|String|false|true
15:31:08.0 (20375087)|VARIABLE_SCOPE_BEGIN|[10]|saReportCtrl.SEARCH_COUNT_FEW_VALUE|String|false|true
15:31:08.0 (20383762)|VARIABLE_SCOPE_BEGIN|[9]|saReportCtrl.SEARCH_COUNT_LOT_LABEL|String|false|true
15:31:08.0 (20392426)|VARIABLE_SCOPE_BEGIN|[12]|saReportCtrl.SEARCH_COUNT_LOT_VALUE|String|false|true
15:31:08.0 (20401341)|VARIABLE_SCOPE_BEGIN|[17]|saReportCtrl.SORTED_BY_FAVORITES_LABEL|String|false|true
15:31:08.0 (20411286)|VARIABLE_SCOPE_BEGIN|[23]|saReportCtrl.SORTED_BY_FAVORITES_VALUE|String|false|true
15:31:08.0 (20421453)|VARIABLE_SCOPE_BEGIN|[15]|saReportCtrl.SORTED_BY_NEWS_LABEL|String|false|true
15:31:08.0 (20430630)|VARIABLE_SCOPE_BEGIN|[21]|saReportCtrl.SORTED_BY_NEWS_VALUE|String|false|true
15:31:08.0 (20439569)|VARIABLE_SCOPE_BEGIN|[14]|saReportCtrl.SORTED_BY_NONE_LABEL|String|false|true
15:31:08.0 (20448649)|VARIABLE_SCOPE_BEGIN|[20]|saReportCtrl.SORTED_BY_NONE_VALUE|String|false|true
15:31:08.0 (20460490)|VARIABLE_SCOPE_BEGIN|[16]|saReportCtrl.SORTED_BY_NUMBER_OF_VIEWS_LABEL|String|false|true
15:31:08.0 (20470719)|VARIABLE_SCOPE_BEGIN|[22]|saReportCtrl.SORTED_BY_NUMBER_OF_VIEWS_VALUE|String|false|true
15:31:08.0 (20480255)|VARIABLE_SCOPE_BEGIN|[18]|saReportCtrl.SORTED_BY_RELEASE_DATES_LABEL|String|false|true
15:31:08.0 (20490106)|VARIABLE_SCOPE_BEGIN|[24]|saReportCtrl.SORTED_BY_RELEASE_DATES_VALUE|String|false|true
15:31:08.0 (20497166)|VARIABLE_SCOPE_BEGIN|[161]|saReportCtrl.forcedReportId|String|false|true
15:31:08.0 (24228322)|VARIABLE_SCOPE_BEGIN|[25]|auMainTopCompCtrl.TYPE_SCREEN_ACCOUNT_LIST|Integer|false|true
15:31:08.0 (24247073)|VARIABLE_SCOPE_BEGIN|[26]|auMainTopCompCtrl.TYPE_SCREEN_ACTIVITY_LIST|Integer|false|true
15:31:08.0 (24255274)|VARIABLE_SCOPE_BEGIN|[7]|auMainTopCompCtrl.TYPE_SCREEN_CX_SCREEN|Integer|false|true
15:31:08.0 (24262632)|VARIABLE_SCOPE_BEGIN|[8]|auMainTopCompCtrl.TYPE_SCREEN_CX_TIMELINE|Integer|false|true
15:31:08.0 (24269564)|VARIABLE_SCOPE_BEGIN|[9]|auMainTopCompCtrl.TYPE_SCREEN_EVENT_SCHEDULE|Integer|false|true
15:31:08.0 (24276552)|VARIABLE_SCOPE_BEGIN|[10]|auMainTopCompCtrl.TYPE_SCREEN_EVENT_SCHEDULE_LIST|Integer|false|true
15:31:08.0 (24283428)|VARIABLE_SCOPE_BEGIN|[27]|auMainTopCompCtrl.TYPE_SCREEN_FILE_LIST|Integer|false|true
15:31:08.0 (24289826)|VARIABLE_SCOPE_BEGIN|[24]|auMainTopCompCtrl.TYPE_SCREEN_HONBU_DIRECT|Integer|false|true
15:31:08.0 (24296821)|VARIABLE_SCOPE_BEGIN|[11]|auMainTopCompCtrl.TYPE_SCREEN_KNOWLEDGE_DASHBOARD|Integer|false|true
15:31:08.0 (24303401)|VARIABLE_SCOPE_BEGIN|[12]|auMainTopCompCtrl.TYPE_SCREEN_KNOWLEDGE_LIST|Integer|false|true
15:31:08.0 (24310060)|VARIABLE_SCOPE_BEGIN|[15]|auMainTopCompCtrl.TYPE_SCREEN_SA_CHATTER|Integer|false|true
15:31:08.0 (24316791)|VARIABLE_SCOPE_BEGIN|[16]|auMainTopCompCtrl.TYPE_SCREEN_SA_DAILYREPORT|Integer|false|true
15:31:08.0 (24323421)|VARIABLE_SCOPE_BEGIN|[22]|auMainTopCompCtrl.TYPE_SCREEN_SA_DAILYREPORTLIST|Integer|false|true
15:31:08.0 (24330354)|VARIABLE_SCOPE_BEGIN|[18]|auMainTopCompCtrl.TYPE_SCREEN_SA_DOCUMENTS|Integer|false|true
15:31:08.0 (24337107)|VARIABLE_SCOPE_BEGIN|[17]|auMainTopCompCtrl.TYPE_SCREEN_SA_ENQUETE|Integer|false|true
15:31:08.0 (24344206)|VARIABLE_SCOPE_BEGIN|[20]|auMainTopCompCtrl.TYPE_SCREEN_SA_LINKS|Integer|false|true
15:31:08.0 (24351304)|VARIABLE_SCOPE_BEGIN|[13]|auMainTopCompCtrl.TYPE_SCREEN_SA_MESSAGES|Integer|false|true
15:31:08.0 (24358427)|VARIABLE_SCOPE_BEGIN|[19]|auMainTopCompCtrl.TYPE_SCREEN_SA_RANKING|Integer|false|true
15:31:08.0 (24365289)|VARIABLE_SCOPE_BEGIN|[14]|auMainTopCompCtrl.TYPE_SCREEN_SA_REPORTS|Integer|false|true
15:31:08.0 (24372401)|VARIABLE_SCOPE_BEGIN|[23]|auMainTopCompCtrl.TYPE_SCREEN_SA_TODO|Integer|false|true
15:31:08.0 (24379801)|VARIABLE_SCOPE_BEGIN|[21]|auMainTopCompCtrl.TYPE_SCREEN_SA_USRSETTINGS|Integer|false|true
15:31:08.0 (24387217)|VARIABLE_SCOPE_BEGIN|[4]|auMainTopCompCtrl.TYPE_SCREEN_STPD_EVENT|Integer|false|true
15:31:08.0 (24394391)|VARIABLE_SCOPE_BEGIN|[6]|auMainTopCompCtrl.TYPE_SCREEN_STPD_SCREEN|Integer|false|true
15:31:08.0 (24401655)|VARIABLE_SCOPE_BEGIN|[5]|auMainTopCompCtrl.TYPE_SCREEN_STPD_TIMELINE|Integer|false|true
15:31:08.0 (24408877)|VARIABLE_SCOPE_BEGIN|[3]|auMainTopCompCtrl.TYPE_SCREEN_SWITCH|Integer|false|true
15:31:08.0 (29092885)|VF_DESERIALIZE_VIEWSTATE_END
15:31:08.0 (33000081)|SYSTEM_MODE_ENTER|true
15:31:08.0 (33033731)|HEAP_ALLOCATE|[EXTERNAL]|Bytes:1580
15:31:08.0 (33051468)|HEAP_ALLOCATE|[EXTERNAL]|Bytes:635
15:31:08.0 (33058231)|HEAP_ALLOCATE|[EXTERNAL]|Bytes:864
15:31:08.0 (33064140)|HEAP_ALLOCATE|[EXTERNAL]|Bytes:10
15:31:08.0 (33089956)|VARIABLE_ASSIGNMENT|[EXTERNAL]|saReportCtrl.ERROR_CATEGORY_MISSING|"カテゴリが必須です。"
15:31:08.0 (33096525)|HEAP_ALLOCATE|[EXTERNAL]|Bytes:10
15:31:08.0 (33103021)|VARIABLE_ASSIGNMENT|[EXTERNAL]|saReportCtrl.ERROR_COMMENT_MISSING|"コメントが必須です。"
15:31:08.0 (33106993)|HEAP_ALLOCATE|[EXTERNAL]|Bytes:10
15:31:08.0 (33112984)|VARIABLE_ASSIGNMENT|[EXTERNAL]|saReportCtrl.ERROR_TITLE_MISSING|"タイトルが必須です。"
15:31:08.0 (33117597)|HEAP_ALLOCATE|[EXTERNAL]|Bytes:11
15:31:08.0 (33124291)|VARIABLE_ASSIGNMENT|[EXTERNAL]|saReportCtrl.MESSAGE_ASK_FOR_VALIDATION|"承認申請を出しました。"
15:31:08.0 (33128920)|HEAP_ALLOCATE|[EXTERNAL]|Bytes:7
15:31:08.0 (33135706)|VARIABLE_ASSIGNMENT|[EXTERNAL]|saReportCtrl.MESSAGE_PUBLISHED|"公開しました。"
15:31:08.0 (33140149)|HEAP_ALLOCATE|[EXTERNAL]|Bytes:3
15:31:08.0 (33146948)|VARIABLE_ASSIGNMENT|[EXTERNAL]|saReportCtrl.SA_REPORT_STATE_NONE_LABEL|"未選択"
15:31:08.0 (33151334)|HEAP_ALLOCATE|[EXTERNAL]|Bytes:1
15:31:08.0 (33157853)|VARIABLE_ASSIGNMENT|[EXTERNAL]|saReportCtrl.SA_REPORT_STATE_NONE_VALUE|" "
15:31:08.0 (33162149)|HEAP_ALLOCATE|[EXTERNAL]|Bytes:3
15:31:08.0 (33168523)|VARIABLE_ASSIGNMENT|[EXTERNAL]|saReportCtrl.SEARCH_COUNT_AVERAGE_LABEL|"50件"
15:31:08.0 (33172879)|HEAP_ALLOCATE|[EXTERNAL]|Bytes:2
15:31:08.0 (33179145)|VARIABLE_ASSIGNMENT|[EXTERNAL]|saReportCtrl.SEARCH_COUNT_AVERAGE_VALUE|"50"
15:31:08.0 (33183406)|HEAP_ALLOCATE|[EXTERNAL]|Bytes:3
15:31:08.0 (33190670)|VARIABLE_ASSIGNMENT|[EXTERNAL]|saReportCtrl.SEARCH_COUNT_FEW_LABEL|"20件"
15:31:08.0 (33194718)|HEAP_ALLOCATE|[EXTERNAL]|Bytes:2
15:31:08.0 (33201121)|VARIABLE_ASSIGNMENT|[EXTERNAL]|saReportCtrl.SEARCH_COUNT_FEW_VALUE|"20"
15:31:08.0 (33204980)|HEAP_ALLOCATE|[EXTERNAL]|Bytes:4
15:31:08.0 (33211079)|VARIABLE_ASSIGNMENT|[EXTERNAL]|saReportCtrl.SEARCH_COUNT_LOT_LABEL|"100件"
15:31:08.0 (33215751)|HEAP_ALLOCATE|[EXTERNAL]|Bytes:3
15:31:08.0 (33221911)|VARIABLE_ASSIGNMENT|[EXTERNAL]|saReportCtrl.SEARCH_COUNT_LOT_VALUE|"100"
15:31:08.0 (33226020)|HEAP_ALLOCATE|[EXTERNAL]|Bytes:4
15:31:08.0 (33233037)|VARIABLE_ASSIGNMENT|[EXTERNAL]|saReportCtrl.SORTED_BY_FAVORITES_LABEL|"いいね順"
15:31:08.0 (33237414)|HEAP_ALLOCATE|[EXTERNAL]|Bytes:4
15:31:08.0 (33249341)|VARIABLE_ASSIGNMENT|[EXTERNAL]|saReportCtrl.SORTED_BY_FAVORITES_VALUE|"いいね順"
15:31:08.0 (33253592)|HEAP_ALLOCATE|[EXTERNAL]|Bytes:3
15:31:08.0 (33261634)|VARIABLE_ASSIGNMENT|[EXTERNAL]|saReportCtrl.SORTED_BY_NEWS_LABEL|"NEW"
15:31:08.0 (33265343)|HEAP_ALLOCATE|[EXTERNAL]|Bytes:3
15:31:08.0 (33272465)|VARIABLE_ASSIGNMENT|[EXTERNAL]|saReportCtrl.SORTED_BY_NEWS_VALUE|"NEW"
15:31:08.0 (33276396)|HEAP_ALLOCATE|[EXTERNAL]|Bytes:1
15:31:08.0 (33283209)|VARIABLE_ASSIGNMENT|[EXTERNAL]|saReportCtrl.SORTED_BY_NONE_LABEL|" "
15:31:08.0 (33287175)|HEAP_ALLOCATE|[EXTERNAL]|Bytes:1
15:31:08.0 (33294245)|VARIABLE_ASSIGNMENT|[EXTERNAL]|saReportCtrl.SORTED_BY_NONE_VALUE|" "
15:31:08.0 (33297917)|HEAP_ALLOCATE|[EXTERNAL]|Bytes:4
15:31:08.0 (33306722)|VARIABLE_ASSIGNMENT|[EXTERNAL]|saReportCtrl.SORTED_BY_NUMBER_OF_VIEWS_LABEL|"閲覧数順"
15:31:08.0 (33311076)|HEAP_ALLOCATE|[EXTERNAL]|Bytes:4
15:31:08.0 (33318562)|VARIABLE_ASSIGNMENT|[EXTERNAL]|saReportCtrl.SORTED_BY_NUMBER_OF_VIEWS_VALUE|"閲覧数順"
15:31:08.0 (33322712)|HEAP_ALLOCATE|[EXTERNAL]|Bytes:4
15:31:08.0 (33330218)|VARIABLE_ASSIGNMENT|[EXTERNAL]|saReportCtrl.SORTED_BY_RELEASE_DATES_LABEL|"公開日時"
15:31:08.0 (33334015)|HEAP_ALLOCATE|[EXTERNAL]|Bytes:4
15:31:08.0 (33340911)|VARIABLE_ASSIGNMENT|[EXTERNAL]|saReportCtrl.SORTED_BY_RELEASE_DATES_VALUE|"公開日時"
15:31:08.0 (33357307)|METHOD_ENTRY|[1]|01pN0000000aEUV|saReportCtrl.saReportCtrl()
15:31:08.0 (33363996)|STATEMENT_EXECUTE|[1]
15:31:08.0 (33369462)|STATEMENT_EXECUTE|[1]
15:31:08.0 (33379639)|SYSTEM_MODE_ENTER|false
15:31:08.0 (33396408)|HEAP_ALLOCATE|[EXTERNAL]|Bytes:5
15:31:08.0 (33405075)|SYSTEM_MODE_EXIT|false
15:31:08.0 (33413470)|METHOD_EXIT|[1]|saReportCtrl
15:31:08.0 (33534986)|SYSTEM_MODE_ENTER|true
15:31:08.0 (33827722)|SYSTEM_MODE_ENTER|true
15:31:08.0 (35893532)|SYSTEM_MODE_ENTER|true
15:31:08.0 (36003846)|SYSTEM_MODE_ENTER|true
15:31:08.0 (36090697)|SYSTEM_MODE_ENTER|true
15:31:08.0 (36165114)|SYSTEM_MODE_ENTER|true
15:31:08.0 (36394515)|SYSTEM_MODE_ENTER|true
15:31:08.0 (36474980)|SYSTEM_MODE_ENTER|true
15:31:08.0 (36544221)|SYSTEM_MODE_ENTER|true
15:31:08.0 (37337759)|SYSTEM_MODE_ENTER|true
15:31:08.0 (37610289)|HEAP_ALLOCATE|[EXTERNAL]|Bytes:372
15:31:08.0 (37624666)|VARIABLE_SCOPE_BEGIN|[36]|this|saReportCtrl|true|false
15:31:08.0 (38500707)|VARIABLE_ASSIGNMENT|[36]|this|{"attachmentId":"","basicSearchCategory":" ","basicSearchCount":"20","basicSearchDateEnd":"","basicSearchDateStart":"","basicSearchKeywords":"","basicSearchRole1":" ","basicSearchRole2":" ","basicSearchRole3":" ","basicSearchSort":" ","categoryDataOptions":"0x48a73e81","countDataOptions":"0x3613ce6c","createBody":"","createdReportId":"","createSubject":"","currentUser":"0x253374c9","draftBody":"","draftSubject":"","isApprover":false,"isCopySelected":false,"isGoodSelected":false,"isVeryGoodSelected":false,"latestBasicSearchCategory":"","latestBasicSearchCount":"","latestBasicSearchDateEnd":"","latestBasicSearchDateStart":"","latestBasicSearchKeywords":"","latestBasicSearchRole1":"","latestBasicSearchRole2":"","latestBasicSearchRole3":"","latestBasicSearchSort":"","latestMySearchCount":"","latestMySearchDateEnd":"","latestMySearchDateStart":"","latestMySearchKeywords":"","latestMySearchState":"","latestPendingCount":"","latestPendingDateEnd":"","latestPendingDateStart":"","latestPendingKeywords":"","latestSelectedProcess":"","listOfCategory":"0x6c8169c7","listOfSAReports":"0x70049c60","lsAttachments":"0x1a6f7d7","lsRolesFull":"0x296e2921","mapOfCategory":"0x17c585f9","messageError":"","messageSubmissionComplete":"","mySearchDateEnd":"","mySearchDateStart":"","mySearchKeywords":"","newCommentValue":"","pendingDateEnd":"","pendingDateStart":"","pendingKeywords":"","processDataOptions":"0x4376fcfd","remandBody":"","remandSubject":"","reportComments":"0x75d8a30b","reportGoodViews":"0x2da7bbb0","reportManagedViews":"0x167609b0","reportRendered":false,"roleLevel1DataOptions":"0x62139e97","roleLevel2DataOptions":"0x52e3a925","roleLevel3DataOptions":"0x4209e2f2","searchCategoryLabel":"","searchCountLabel":"","searchStateLabel":"","selectedCategoryName":"","selectedProcess":"","selectedReport":"0x6414488a","selectedReportName":"","selectedView":"","sortDataOptions":"0x1a0d95b9","stateDataOptions":"0x55e8bd5c"}|0x5a365d20
15:31:08.0 (38542745)|SYSTEM_MODE_ENTER|false
15:31:08.0 (38550594)|HEAP_ALLOCATE|[36]|Bytes:5
15:31:08.0 (38556214)|STATEMENT_EXECUTE|[36]
15:31:08.0 (38558227)|STATEMENT_EXECUTE|[36]
15:31:08.0 (39939379)|VARIABLE_SCOPE_BEGIN|[7]|saConstantCmn.PUSH_NOTIFICATION_STATUS_NONE|String|false|true
15:31:08.0 (39958901)|VARIABLE_SCOPE_BEGIN|[9]|saConstantCmn.PUSH_NOTIFICATION_STATUS_RESENDING|String|false|true
15:31:08.0 (39969759)|VARIABLE_SCOPE_BEGIN|[8]|saConstantCmn.PUSH_NOTIFICATION_STATUS_SENDING|String|false|true
15:31:08.0 (39980654)|VARIABLE_SCOPE_BEGIN|[10]|saConstantCmn.PUSH_NOTIFICATION_STATUS_SENT|String|false|true
15:31:08.0 (40006267)|VARIABLE_SCOPE_BEGIN|[24]|saConstantCmn.SA_INQUIRY_TYPE_AU_HEARING|String|false|true
15:31:08.0 (40019848)|VARIABLE_SCOPE_BEGIN|[22]|saConstantCmn.SA_INQUIRY_TYPE_DAILYREPORT|String|false|true
15:31:08.0 (40029476)|VARIABLE_SCOPE_BEGIN|[23]|saConstantCmn.SA_INQUIRY_TYPE_HEARING|String|false|true
15:31:08.0 (40041075)|VARIABLE_SCOPE_BEGIN|[15]|saConstantCmn.SA_MESSAGEDETAIL_TYPE_DONE|String|false|true
15:31:08.0 (40053063)|VARIABLE_SCOPE_BEGIN|[14]|saConstantCmn.SA_MESSAGEDETAIL_TYPE_READ|String|false|true
15:31:08.0 (40064856)|VARIABLE_SCOPE_BEGIN|[13]|saConstantCmn.SA_MESSAGEDETAIL_TYPE_SHARED|String|false|true
15:31:08.0 (40076009)|VARIABLE_SCOPE_BEGIN|[18]|saConstantCmn.SA_MESSAGE_TYPE_MESSAGE|String|false|true
15:31:08.0 (40088915)|VARIABLE_SCOPE_BEGIN|[19]|saConstantCmn.SA_MESSAGE_TYPE_TASK|String|false|true
15:31:08.0 (40101300)|VARIABLE_SCOPE_BEGIN|[41]|saConstantCmn.SA_REPORT_DETAIL_TYPE_LIKE|String|false|true
15:31:08.0 (40116008)|VARIABLE_SCOPE_BEGIN|[42]|saConstantCmn.SA_REPORT_DETAIL_TYPE_VERY_LIKE|String|false|true
15:31:08.0 (40128955)|VARIABLE_SCOPE_BEGIN|[34]|saConstantCmn.SA_REPORT_REPLY_STATUS_REPLYSAVED|String|false|true
15:31:08.0 (40141039)|VARIABLE_SCOPE_BEGIN|[35]|saConstantCmn.SA_REPORT_REPLY_STATUS_REPLYSENT|String|false|true
15:31:08.0 (40153580)|VARIABLE_SCOPE_BEGIN|[33]|saConstantCmn.SA_REPORT_REPLY_STATUS_WAITINGREPLY|String|false|true
15:31:08.0 (40165856)|VARIABLE_SCOPE_BEGIN|[39]|saConstantCmn.SA_REPORT_SOURCE_NEW|String|false|true
15:31:08.0 (40178830)|VARIABLE_SCOPE_BEGIN|[38]|saConstantCmn.SA_REPORT_SOURCE_WEEKLY|String|false|true
15:31:08.0 (40191823)|VARIABLE_SCOPE_BEGIN|[27]|saConstantCmn.SA_REPORT_STATE_DRAFT|String|false|true
15:31:08.0 (40204204)|VARIABLE_SCOPE_BEGIN|[30]|saConstantCmn.SA_REPORT_STATE_PUBLISHED|String|false|true
15:31:08.0 (40217319)|VARIABLE_SCOPE_BEGIN|[29]|saConstantCmn.SA_REPORT_STATE_REJECTED|String|false|true
15:31:08.0 (40229532)|VARIABLE_SCOPE_BEGIN|[28]|saConstantCmn.SA_REPORT_STATE_WAITING_APPROVAL|String|false|true
15:31:08.0 (40241498)|VARIABLE_SCOPE_BEGIN|[45]|saConstantCmn.SOURCE|String|false|true
15:31:08.0 (40253449)|VARIABLE_SCOPE_BEGIN|[46]|saConstantCmn.SOURCE_PREVIEW|String|false|true
15:31:08.0 (40268871)|HEAP_ALLOCATE|[36]|Bytes:4
15:31:08.0 (40286126)|VARIABLE_ASSIGNMENT|[36]|saConstantCmn.PUSH_NOTIFICATION_STATUS_NONE|"NONE"
15:31:08.0 (40294226)|HEAP_ALLOCATE|[36]|Bytes:9
15:31:08.0 (40304016)|VARIABLE_ASSIGNMENT|[36]|saConstantCmn.PUSH_NOTIFICATION_STATUS_RESENDING|"RESENDING"
15:31:08.0 (40311507)|HEAP_ALLOCATE|[36]|Bytes:7
15:31:08.0 (40320408)|VARIABLE_ASSIGNMENT|[36]|saConstantCmn.PUSH_NOTIFICATION_STATUS_SENDING|"SENDING"
15:31:08.0 (40327467)|HEAP_ALLOCATE|[36]|Bytes:4
15:31:08.0 (40336346)|VARIABLE_ASSIGNMENT|[36]|saConstantCmn.PUSH_NOTIFICATION_STATUS_SENT|"SENT"
15:31:08.0 (40342880)|HEAP_ALLOCATE|[36]|Bytes:10
15:31:08.0 (40352348)|VARIABLE_ASSIGNMENT|[36]|saConstantCmn.SA_INQUIRY_TYPE_AU_HEARING|"AU_HEARING"
15:31:08.0 (40359380)|HEAP_ALLOCATE|[36]|Bytes:12
15:31:08.0 (40369037)|VARIABLE_ASSIGNMENT|[36]|saConstantCmn.SA_INQUIRY_TYPE_DAILYREPORT|"DAILY_REPORT"
15:31:08.0 (40373899)|HEAP_ALLOCATE|[36]|Bytes:6
15:31:08.0 (40379751)|VARIABLE_ASSIGNMENT|[36]|saConstantCmn.SA_INQUIRY_TYPE_HEARING|"SURVEY"
15:31:08.0 (40383843)|HEAP_ALLOCATE|[36]|Bytes:4
15:31:08.0 (40389764)|VARIABLE_ASSIGNMENT|[36]|saConstantCmn.SA_MESSAGEDETAIL_TYPE_DONE|"DONE"
15:31:08.0 (40393656)|HEAP_ALLOCATE|[36]|Bytes:4
15:31:08.0 (40399516)|VARIABLE_ASSIGNMENT|[36]|saConstantCmn.SA_MESSAGEDETAIL_TYPE_READ|"READ"
15:31:08.0 (40403191)|HEAP_ALLOCATE|[36]|Bytes:6
15:31:08.0 (40408921)|VARIABLE_ASSIGNMENT|[36]|saConstantCmn.SA_MESSAGEDETAIL_TYPE_SHARED|"SHARED"
15:31:08.0 (40412877)|HEAP_ALLOCATE|[36]|Bytes:7
15:31:08.0 (40418283)|VARIABLE_ASSIGNMENT|[36]|saConstantCmn.SA_MESSAGE_TYPE_MESSAGE|"MESSAGE"
15:31:08.0 (40422187)|HEAP_ALLOCATE|[36]|Bytes:4
15:31:08.0 (40428072)|VARIABLE_ASSIGNMENT|[36]|saConstantCmn.SA_MESSAGE_TYPE_TASK|"TASK"
15:31:08.0 (40432086)|HEAP_ALLOCATE|[36]|Bytes:4
15:31:08.0 (40438064)|VARIABLE_ASSIGNMENT|[36]|saConstantCmn.SA_REPORT_DETAIL_TYPE_LIKE|"LIKE"
15:31:08.0 (40441641)|HEAP_ALLOCATE|[36]|Bytes:9
15:31:08.0 (40447594)|VARIABLE_ASSIGNMENT|[36]|saConstantCmn.SA_REPORT_DETAIL_TYPE_VERY_LIKE|"VERY_LIKE"
15:31:08.0 (40451439)|HEAP_ALLOCATE|[36]|Bytes:11
15:31:08.0 (40457646)|VARIABLE_ASSIGNMENT|[36]|saConstantCmn.SA_REPORT_REPLY_STATUS_REPLYSAVED|"REPLY_SAVED"
15:31:08.0 (40461856)|HEAP_ALLOCATE|[36]|Bytes:10
15:31:08.0 (40468854)|VARIABLE_ASSIGNMENT|[36]|saConstantCmn.SA_REPORT_REPLY_STATUS_REPLYSENT|"REPLY_SENT"
15:31:08.0 (40472781)|HEAP_ALLOCATE|[36]|Bytes:13
15:31:08.0 (40479099)|VARIABLE_ASSIGNMENT|[36]|saConstantCmn.SA_REPORT_REPLY_STATUS_WAITINGREPLY|"WAITING_REPLY"
15:31:08.0 (40483412)|HEAP_ALLOCATE|[36]|Bytes:3
15:31:08.0 (40489681)|VARIABLE_ASSIGNMENT|[36]|saConstantCmn.SA_REPORT_SOURCE_NEW|"New"
15:31:08.0 (40493571)|HEAP_ALLOCATE|[36]|Bytes:6
15:31:08.0 (40499459)|VARIABLE_ASSIGNMENT|[36]|saConstantCmn.SA_REPORT_SOURCE_WEEKLY|"Weekly"
15:31:08.0 (40503368)|HEAP_ALLOCATE|[36]|Bytes:5
15:31:08.0 (40509920)|VARIABLE_ASSIGNMENT|[36]|saConstantCmn.SA_REPORT_STATE_DRAFT|"Draft"
15:31:08.0 (40513580)|HEAP_ALLOCATE|[36]|Bytes:7
15:31:08.0 (40519546)|VARIABLE_ASSIGNMENT|[36]|saConstantCmn.SA_REPORT_STATE_PUBLISHED|"Publish"
15:31:08.0 (40523519)|HEAP_ALLOCATE|[36]|Bytes:6
15:31:08.0 (40530219)|VARIABLE_ASSIGNMENT|[36]|saConstantCmn.SA_REPORT_STATE_REJECTED|"Remand"
15:31:08.0 (40533980)|HEAP_ALLOCATE|[36]|Bytes:7
15:31:08.0 (40540552)|VARIABLE_ASSIGNMENT|[36]|saConstantCmn.SA_REPORT_STATE_WAITING_APPROVAL|"Pending"
15:31:08.0 (40545024)|HEAP_ALLOCATE|[36]|Bytes:3
15:31:08.0 (40551484)|VARIABLE_ASSIGNMENT|[36]|saConstantCmn.SOURCE|"src"
15:31:08.0 (40555669)|HEAP_ALLOCATE|[36]|Bytes:7
15:31:08.0 (40562216)|VARIABLE_ASSIGNMENT|[36]|saConstantCmn.SOURCE_PREVIEW|"preview"
15:31:08.0 (40591904)|METHOD_ENTRY|[4]|01pN0000000aH2z|saConstantCmn.saConstantCmn()
15:31:08.0 (40597506)|STATEMENT_EXECUTE|[4]
15:31:08.0 (40601103)|STATEMENT_EXECUTE|[4]
15:31:08.0 (40609178)|HEAP_ALLOCATE|[36]|Bytes:5
15:31:08.0 (40617634)|METHOD_EXIT|[4]|saConstantCmn
15:31:08.0 (40625338)|SYSTEM_MODE_EXIT|false
15:31:08.0 (40792129)|SYSTEM_MODE_ENTER|true
15:31:08.0 (40834049)|HEAP_ALLOCATE|[EXTERNAL]|Bytes:372
15:31:08.0 (40842349)|VARIABLE_SCOPE_BEGIN|[37]|this|saReportCtrl|true|false
15:31:08.0 (41044432)|VARIABLE_ASSIGNMENT|[37]|this|{"attachmentId":"","basicSearchCategory":" ","basicSearchCount":"20","basicSearchDateEnd":"","basicSearchDateStart":"","basicSearchKeywords":"","basicSearchRole1":" ","basicSearchRole2":" ","basicSearchRole3":" ","basicSearchSort":" ","categoryDataOptions":"0x48a73e81","countDataOptions":"0x3613ce6c","createBody":"","createdReportId":"","createSubject":"","currentUser":"0x253374c9","draftBody":"","draftSubject":"","isApprover":false,"isCopySelected":false,"isGoodSelected":false,"isVeryGoodSelected":false,"latestBasicSearchCategory":"","latestBasicSearchCount":"","latestBasicSearchDateEnd":"","latestBasicSearchDateStart":"","latestBasicSearchKeywords":"","latestBasicSearchRole1":"","latestBasicSearchRole2":"","latestBasicSearchRole3":"","latestBasicSearchSort":"","latestMySearchCount":"","latestMySearchDateEnd":"","latestMySearchDateStart":"","latestMySearchKeywords":"","latestMySearchState":"","latestPendingCount":"","latestPendingDateEnd":"","latestPendingDateStart":"","latestPendingKeywords":"","latestSelectedProcess":"","listOfCategory":"0x6c8169c7","listOfSAReports":"0x70049c60","lsAttachments":"0x1a6f7d7","lsRolesFull":"0x296e2921","mapOfCategory":"0x17c585f9","messageError":"","messageSubmissionComplete":"","mySearchDateEnd":"","mySearchDateStart":"","mySearchKeywords":"","newCommentValue":"","pendingDateEnd":"","pendingDateStart":"","pendingKeywords":"","processDataOptions":"0x4376fcfd","remandBody":"","remandSubject":"","reportComments":"0x75d8a30b","reportGoodViews":"0x2da7bbb0","reportManagedViews":"0x167609b0","reportRendered":false,"roleLevel1DataOptions":"0x62139e97","roleLevel2DataOptions":"0x52e3a925","roleLevel3DataOptions":"0x4209e2f2","searchCategoryLabel":"","searchCountLabel":"","searchStateLabel":"","selectedCategoryName":"","selectedProcess":"","selectedReport":"0x6414488a","selectedReportName":"","selectedView":"","sortDataOptions":"0x1a0d95b9","stateDataOptions":"0x55e8bd5c"}|0x5a365d20
15:31:08.0 (41078821)|SYSTEM_MODE_ENTER|false
15:31:08.0 (41086216)|HEAP_ALLOCATE|[37]|Bytes:5
15:31:08.0 (41091380)|STATEMENT_EXECUTE|[37]
15:31:08.0 (41093384)|STATEMENT_EXECUTE|[37]
15:31:08.0 (41099394)|SYSTEM_MODE_EXIT|false
15:31:08.0 (41241600)|SYSTEM_MODE_ENTER|true
15:31:08.0 (41281820)|HEAP_ALLOCATE|[EXTERNAL]|Bytes:372
15:31:08.0 (41290061)|VARIABLE_SCOPE_BEGIN|[39]|this|saReportCtrl|true|false
15:31:08.0 (41482388)|VARIABLE_ASSIGNMENT|[39]|this|{"attachmentId":"","basicSearchCategory":" ","basicSearchCount":"20","basicSearchDateEnd":"","basicSearchDateStart":"","basicSearchKeywords":"","basicSearchRole1":" ","basicSearchRole2":" ","basicSearchRole3":" ","basicSearchSort":" ","categoryDataOptions":"0x48a73e81","countDataOptions":"0x3613ce6c","createBody":"","createdReportId":"","createSubject":"","currentUser":"0x253374c9","draftBody":"","draftSubject":"","isApprover":false,"isCopySelected":false,"isGoodSelected":false,"isVeryGoodSelected":false,"latestBasicSearchCategory":"","latestBasicSearchCount":"","latestBasicSearchDateEnd":"","latestBasicSearchDateStart":"","latestBasicSearchKeywords":"","latestBasicSearchRole1":"","latestBasicSearchRole2":"","latestBasicSearchRole3":"","latestBasicSearchSort":"","latestMySearchCount":"","latestMySearchDateEnd":"","latestMySearchDateStart":"","latestMySearchKeywords":"","latestMySearchState":"","latestPendingCount":"","latestPendingDateEnd":"","latestPendingDateStart":"","latestPendingKeywords":"","latestSelectedProcess":"","listOfCategory":"0x6c8169c7","listOfSAReports":"0x70049c60","lsAttachments":"0x1a6f7d7","lsRolesFull":"0x296e2921","mapOfCategory":"0x17c585f9","messageError":"","messageSubmissionComplete":"","mySearchDateEnd":"","mySearchDateStart":"","mySearchKeywords":"","newCommentValue":"","pendingDateEnd":"","pendingDateStart":"","pendingKeywords":"","processDataOptions":"0x4376fcfd","remandBody":"","remandSubject":"","reportComments":"0x75d8a30b","reportGoodViews":"0x2da7bbb0","reportManagedViews":"0x167609b0","reportRendered":false,"roleLevel1DataOptions":"0x62139e97","roleLevel2DataOptions":"0x52e3a925","roleLevel3DataOptions":"0x4209e2f2","searchCategoryLabel":"","searchCountLabel":"","searchStateLabel":"","selectedCategoryName":"","selectedProcess":"","selectedReport":"0x6414488a","selectedReportName":"","selectedView":"","sortDataOptions":"0x1a0d95b9","stateDataOptions":"0x55e8bd5c"}|0x5a365d20
15:31:08.0 (41514635)|SYSTEM_MODE_ENTER|false
15:31:08.0 (41521556)|HEAP_ALLOCATE|[39]|Bytes:5
15:31:08.0 (41526689)|STATEMENT_EXECUTE|[39]
15:31:08.0 (41528557)|STATEMENT_EXECUTE|[39]
15:31:08.0 (41533764)|SYSTEM_MODE_EXIT|false
15:31:08.0 (41755948)|SYSTEM_MODE_ENTER|true
15:31:08.0 (41794232)|HEAP_ALLOCATE|[EXTERNAL]|Bytes:372
15:31:08.0 (41802576)|VARIABLE_SCOPE_BEGIN|[38]|this|saReportCtrl|true|false
15:31:08.0 (41999510)|VARIABLE_ASSIGNMENT|[38]|this|{"attachmentId":"","basicSearchCategory":" ","basicSearchCount":"20","basicSearchDateEnd":"","basicSearchDateStart":"","basicSearchKeywords":"","basicSearchRole1":" ","basicSearchRole2":" ","basicSearchRole3":" ","basicSearchSort":" ","categoryDataOptions":"0x48a73e81","countDataOptions":"0x3613ce6c","createBody":"","createdReportId":"","createSubject":"","currentUser":"0x253374c9","draftBody":"","draftSubject":"","isApprover":false,"isCopySelected":false,"isGoodSelected":false,"isVeryGoodSelected":false,"latestBasicSearchCategory":"","latestBasicSearchCount":"","latestBasicSearchDateEnd":"","latestBasicSearchDateStart":"","latestBasicSearchKeywords":"","latestBasicSearchRole1":"","latestBasicSearchRole2":"","latestBasicSearchRole3":"","latestBasicSearchSort":"","latestMySearchCount":"","latestMySearchDateEnd":"","latestMySearchDateStart":"","latestMySearchKeywords":"","latestMySearchState":"","latestPendingCount":"","latestPendingDateEnd":"","latestPendingDateStart":"","latestPendingKeywords":"","latestSelectedProcess":"","listOfCategory":"0x6c8169c7","listOfSAReports":"0x70049c60","lsAttachments":"0x1a6f7d7","lsRolesFull":"0x296e2921","mapOfCategory":"0x17c585f9","messageError":"","messageSubmissionComplete":"","mySearchDateEnd":"","mySearchDateStart":"","mySearchKeywords":"","newCommentValue":"","pendingDateEnd":"","pendingDateStart":"","pendingKeywords":"","processDataOptions":"0x4376fcfd","remandBody":"","remandSubject":"","reportComments":"0x75d8a30b","reportGoodViews":"0x2da7bbb0","reportManagedViews":"0x167609b0","reportRendered":false,"roleLevel1DataOptions":"0x62139e97","roleLevel2DataOptions":"0x52e3a925","roleLevel3DataOptions":"0x4209e2f2","searchCategoryLabel":"","searchCountLabel":"","searchStateLabel":"","selectedCategoryName":"","selectedProcess":"","selectedReport":"0x6414488a","selectedReportName":"","selectedView":"","sortDataOptions":"0x1a0d95b9","stateDataOptions":"0x55e8bd5c"}|0x5a365d20
15:31:08.0 (42033459)|SYSTEM_MODE_ENTER|false
15:31:08.0 (42040706)|HEAP_ALLOCATE|[38]|Bytes:5
15:31:08.0 (42045729)|STATEMENT_EXECUTE|[38]
15:31:08.0 (42047401)|STATEMENT_EXECUTE|[38]
15:31:08.0 (42053270)|SYSTEM_MODE_EXIT|false
15:31:08.0 (47747605)|SYSTEM_MODE_ENTER|true
15:31:08.0 (48463252)|SYSTEM_MODE_ENTER|true
15:31:08.0 (48521403)|SYSTEM_MODE_ENTER|true
15:31:08.0 (48560964)|SYSTEM_MODE_ENTER|true
15:31:08.0 (48598719)|SYSTEM_MODE_ENTER|true
15:31:08.0 (48634495)|SYSTEM_MODE_ENTER|true
15:31:08.0 (48669985)|SYSTEM_MODE_ENTER|true
15:31:08.0 (48709006)|SYSTEM_MODE_ENTER|true
15:31:08.0 (48745174)|SYSTEM_MODE_ENTER|true
15:31:08.0 (48780574)|SYSTEM_MODE_ENTER|true
15:31:08.0 (48816788)|SYSTEM_MODE_ENTER|true
15:31:08.0 (48853132)|SYSTEM_MODE_ENTER|true
15:31:08.0 (48888384)|SYSTEM_MODE_ENTER|true
15:31:08.0 (48922125)|SYSTEM_MODE_ENTER|true
15:31:08.0 (49018576)|SYSTEM_MODE_ENTER|true
15:31:08.0 (49058156)|SYSTEM_MODE_ENTER|true
15:31:08.0 (49093491)|SYSTEM_MODE_ENTER|true
15:31:08.0 (49155329)|SYSTEM_MODE_ENTER|true
15:31:08.0 (49230795)|SYSTEM_MODE_ENTER|true
15:31:08.0 (49278769)|SYSTEM_MODE_ENTER|true
15:31:08.0 (49323982)|SYSTEM_MODE_ENTER|true
15:31:08.0 (49363691)|SYSTEM_MODE_ENTER|true
15:31:08.0 (49408517)|SYSTEM_MODE_ENTER|true
15:31:08.0 (49447174)|SYSTEM_MODE_ENTER|true
15:31:08.0 (49493386)|SYSTEM_MODE_ENTER|true
15:31:08.0 (49551581)|SYSTEM_MODE_ENTER|true
15:31:08.0 (50739653)|SYSTEM_MODE_ENTER|true
15:31:08.0 (50789066)|SYSTEM_MODE_ENTER|true
15:31:08.0 (50829605)|SYSTEM_MODE_ENTER|true
15:31:08.0 (53284206)|SYSTEM_MODE_ENTER|true
15:31:08.0 (53329083)|SYSTEM_MODE_ENTER|true
15:31:08.0 (53366840)|SYSTEM_MODE_ENTER|true
15:31:08.0 (55774451)|SYSTEM_MODE_ENTER|true
15:31:08.0 (55820812)|SYSTEM_MODE_ENTER|true
15:31:08.0 (55864319)|SYSTEM_MODE_ENTER|true
15:31:08.0 (56036687)|SYSTEM_MODE_ENTER|true
15:31:08.0 (56183256)|SYSTEM_MODE_ENTER|true
15:31:08.0 (56221707)|SYSTEM_MODE_ENTER|true
15:31:08.0 (56278271)|SYSTEM_MODE_ENTER|true
15:31:08.0 (56543087)|SYSTEM_MODE_ENTER|true
15:31:08.0 (56588442)|HEAP_ALLOCATE|[EXTERNAL]|Bytes:372
15:31:08.0 (56605102)|VARIABLE_ASSIGNMENT|[EXTERNAL]|this.attachmentId|""|0x5a365d20
15:31:08.0 (56652748)|SYSTEM_MODE_ENTER|true
15:31:08.0 (56678000)|HEAP_ALLOCATE|[EXTERNAL]|Bytes:372
15:31:08.0 (56692827)|VARIABLE_ASSIGNMENT|[EXTERNAL]|this.selectedReportName|""|0x5a365d20
15:31:08.0 (56721280)|SYSTEM_MODE_ENTER|true
15:31:08.0 (56735288)|HEAP_ALLOCATE|[EXTERNAL]|Bytes:372
15:31:08.0 (56746082)|VARIABLE_ASSIGNMENT|[EXTERNAL]|this.selectedCategoryName|""|0x5a365d20
15:31:08.0 (56798495)|SYSTEM_MODE_ENTER|true
15:31:08.0 (56813717)|HEAP_ALLOCATE|[EXTERNAL]|Bytes:372
15:31:08.0 (56823396)|VARIABLE_ASSIGNMENT|[EXTERNAL]|this.messageError|""|0x5a365d20
15:31:08.0 (56861974)|SYSTEM_MODE_ENTER|true
15:31:08.0 (56876278)|HEAP_ALLOCATE|[EXTERNAL]|Bytes:372
15:31:08.0 (56885897)|VARIABLE_ASSIGNMENT|[EXTERNAL]|this.messageSubmissionComplete|""|0x5a365d20
15:31:08.0 (56924038)|SYSTEM_MODE_ENTER|true
15:31:08.0 (56938407)|HEAP_ALLOCATE|[EXTERNAL]|Bytes:372
15:31:08.0 (56956565)|VARIABLE_ASSIGNMENT|[EXTERNAL]|this.basicSearchCategory|""|0x5a365d20
15:31:08.0 (56999084)|SYSTEM_MODE_ENTER|true
15:31:08.0 (57013014)|HEAP_ALLOCATE|[EXTERNAL]|Bytes:372
15:31:08.0 (57021309)|VARIABLE_ASSIGNMENT|[EXTERNAL]|this.basicSearchCount|""|0x5a365d20
15:31:08.0 (57045766)|SYSTEM_MODE_ENTER|true
15:31:08.0 (57070270)|HEAP_ALLOCATE|[EXTERNAL]|Bytes:372
15:31:08.0 (57078475)|VARIABLE_ASSIGNMENT|[EXTERNAL]|this.basicSearchSort|""|0x5a365d20
15:31:08.0 (57114504)|SYSTEM_MODE_ENTER|true
15:31:08.0 (57127721)|HEAP_ALLOCATE|[EXTERNAL]|Bytes:372
15:31:08.0 (57137078)|VARIABLE_ASSIGNMENT|[EXTERNAL]|this.mySearchCount|""|0x5a365d20
15:31:08.0 (57172756)|SYSTEM_MODE_ENTER|true
15:31:08.0 (57185824)|HEAP_ALLOCATE|[EXTERNAL]|Bytes:372
15:31:08.0 (57194996)|VARIABLE_ASSIGNMENT|[EXTERNAL]|this.mySearchState|""|0x5a365d20
15:31:08.0 (57231276)|SYSTEM_MODE_ENTER|true
15:31:08.0 (57245190)|HEAP_ALLOCATE|[EXTERNAL]|Bytes:372
15:31:08.0 (57254903)|VARIABLE_ASSIGNMENT|[EXTERNAL]|this.pendingCount|""|0x5a365d20
15:31:08.0 (57279489)|SYSTEM_MODE_ENTER|true
15:31:08.0 (57304607)|HEAP_ALLOCATE|[EXTERNAL]|Bytes:372
15:31:08.0 (57314160)|VARIABLE_ASSIGNMENT|[EXTERNAL]|this.remandCategory|""|0x5a365d20
15:31:08.0 (57350138)|SYSTEM_MODE_ENTER|true
15:31:08.0 (57363355)|HEAP_ALLOCATE|[EXTERNAL]|Bytes:372
15:31:08.0 (57373100)|VARIABLE_ASSIGNMENT|[EXTERNAL]|this.remandProcess|""|0x5a365d20
15:31:08.0 (57420873)|SYSTEM_MODE_ENTER|true
15:31:08.0 (57524329)|SYSTEM_MODE_ENTER|true
15:31:08.0 (57539633)|HEAP_ALLOCATE|[EXTERNAL]|Bytes:372
15:31:08.0 (57549828)|VARIABLE_ASSIGNMENT|[EXTERNAL]|this.basicSearchKeywords|""|0x5a365d20
15:31:08.0 (57576037)|SYSTEM_MODE_ENTER|true
15:31:08.0 (57588590)|HEAP_ALLOCATE|[EXTERNAL]|Bytes:372
15:31:08.0 (57596086)|VARIABLE_ASSIGNMENT|[EXTERNAL]|this.basicSearchDateStart|""|0x5a365d20
15:31:08.0 (57618485)|SYSTEM_MODE_ENTER|true
15:31:08.0 (57630485)|HEAP_ALLOCATE|[EXTERNAL]|Bytes:372
15:31:08.0 (57637614)|VARIABLE_ASSIGNMENT|[EXTERNAL]|this.basicSearchDateEnd|""|0x5a365d20
15:31:08.0 (57678752)|SYSTEM_MODE_ENTER|true
15:31:08.0 (57702282)|HEAP_ALLOCATE|[EXTERNAL]|Bytes:1
15:31:08.0 (57706900)|HEAP_ALLOCATE|[EXTERNAL]|Bytes:372
15:31:08.0 (57714182)|VARIABLE_ASSIGNMENT|[EXTERNAL]|this.basicSearchCategory|" "|0x5a365d20
15:31:08.0 (57752602)|SYSTEM_MODE_ENTER|true
15:31:08.0 (57765518)|HEAP_ALLOCATE|[EXTERNAL]|Bytes:1
15:31:08.0 (57770034)|HEAP_ALLOCATE|[EXTERNAL]|Bytes:372
15:31:08.0 (57776363)|VARIABLE_ASSIGNMENT|[EXTERNAL]|this.basicSearchRole1|" "|0x5a365d20
15:31:08.0 (57803221)|SYSTEM_MODE_ENTER|true
15:31:08.0 (57815420)|HEAP_ALLOCATE|[EXTERNAL]|Bytes:1
15:31:08.0 (57819391)|HEAP_ALLOCATE|[EXTERNAL]|Bytes:372
15:31:08.0 (57825353)|VARIABLE_ASSIGNMENT|[EXTERNAL]|this.basicSearchRole2|" "|0x5a365d20
15:31:08.0 (57866759)|SYSTEM_MODE_ENTER|true
15:31:08.0 (57879549)|HEAP_ALLOCATE|[EXTERNAL]|Bytes:1
15:31:08.0 (57883327)|HEAP_ALLOCATE|[EXTERNAL]|Bytes:372
15:31:08.0 (57890329)|VARIABLE_ASSIGNMENT|[EXTERNAL]|this.basicSearchRole3|" "|0x5a365d20
15:31:08.0 (57916576)|SYSTEM_MODE_ENTER|true
15:31:08.0 (57941034)|HEAP_ALLOCATE|[EXTERNAL]|Bytes:1
15:31:08.0 (57946002)|HEAP_ALLOCATE|[EXTERNAL]|Bytes:372
15:31:08.0 (57952691)|VARIABLE_ASSIGNMENT|[EXTERNAL]|this.basicSearchSort|" "|0x5a365d20
15:31:08.0 (57994474)|SYSTEM_MODE_ENTER|true
15:31:08.0 (58018064)|HEAP_ALLOCATE|[EXTERNAL]|Bytes:2
15:31:08.0 (58023145)|HEAP_ALLOCATE|[EXTERNAL]|Bytes:372
15:31:08.0 (58030098)|VARIABLE_ASSIGNMENT|[EXTERNAL]|this.basicSearchCount|"20"|0x5a365d20
15:31:08.0 (58066560)|SYSTEM_MODE_ENTER|true
15:31:08.0 (59777864)|SYSTEM_MODE_ENTER|true
15:31:08.0 (59863420)|SYSTEM_MODE_ENTER|true
15:31:08.0 (59909072)|SYSTEM_MODE_ENTER|true
15:31:08.0 (59950692)|SYSTEM_MODE_ENTER|true
15:31:08.0 (60094507)|SYSTEM_MODE_ENTER|true
15:31:08.0 (60112989)|HEAP_ALLOCATE|[EXTERNAL]|Bytes:372
15:31:08.0 (60124413)|VARIABLE_ASSIGNMENT|[EXTERNAL]|this.createCategory|null|0x5a365d20
15:31:08.0 (60155756)|SYSTEM_MODE_ENTER|true
15:31:08.0 (60170103)|HEAP_ALLOCATE|[EXTERNAL]|Bytes:372
15:31:08.0 (60177884)|VARIABLE_ASSIGNMENT|[EXTERNAL]|this.createProcess|null|0x5a365d20
15:31:08.0 (60215338)|SYSTEM_MODE_ENTER|true
15:31:08.0 (60619204)|SYSTEM_MODE_ENTER|true
15:31:08.0 (60661563)|HEAP_ALLOCATE|[EXTERNAL]|Bytes:372
15:31:08.0 (60669614)|VARIABLE_SCOPE_BEGIN|[36]|this|saReportCtrl|true|false
15:31:08.0 (60920271)|VARIABLE_ASSIGNMENT|[36]|this|{"attachmentId":"","basicSearchCategory":" ","basicSearchCount":"20","basicSearchDateEnd":"","basicSearchDateStart":"","basicSearchKeywords":"","basicSearchRole1":" ","basicSearchRole2":" ","basicSearchRole3":" ","basicSearchSort":" ","categoryDataOptions":"0x48a73e81","countDataOptions":"0x3613ce6c","createBody":"","createdReportId":"","createSubject":"","currentUser":"0x253374c9","draftBody":"","draftSubject":"","isApprover":false,"isCopySelected":false,"isGoodSelected":false,"isVeryGoodSelected":false,"latestBasicSearchCategory":"","latestBasicSearchCount":"","latestBasicSearchDateEnd":"","latestBasicSearchDateStart":"","latestBasicSearchKeywords":"","latestBasicSearchRole1":"","latestBasicSearchRole2":"","latestBasicSearchRole3":"","latestBasicSearchSort":"","latestMySearchCount":"","latestMySearchDateEnd":"","latestMySearchDateStart":"","latestMySearchKeywords":"","latestMySearchState":"","latestPendingCount":"","latestPendingDateEnd":"","latestPendingDateStart":"","latestPendingKeywords":"","latestSelectedProcess":"","listOfCategory":"0x6c8169c7","listOfSAReports":"0x70049c60","lsAttachments":"0x1a6f7d7","lsRolesFull":"0x296e2921","mapOfCategory":"0x17c585f9","messageError":"","messageSubmissionComplete":"","mySearchCount":"","mySearchDateEnd":"","mySearchDateStart":"","mySearchKeywords":"","mySearchState":"","newCommentValue":"","pendingCount":"","pendingDateEnd":"","pendingDateStart":"","pendingKeywords":"","processDataOptions":"0x4376fcfd","remandBody":"","remandCategory":"","remandProcess":"","remandSubject":"","reportComments":"0x75d8a30b","reportGoodViews":"0x2da7bbb0","reportManagedViews":"0x167609b0","reportRendered":false,"roleLevel1DataOptions":"0x62139e97","roleLevel2DataOptions":"0x52e3a925","roleLevel3DataOptions":"0x4209e2f2","searchCategoryLabel":"","searchCountLabel":"","searchStateLabel":"","selectedCategoryName":"","selectedProcess":"","selectedReport":"0x6414488a","selectedReportName":"","selectedView":"","sortDataOptions":"0x1a0d95b9","stateDataOptions":"0x55e8bd5c"}|0x5a365d20
15:31:08.0 (60958235)|SYSTEM_MODE_ENTER|false
15:31:08.0 (60967079)|HEAP_ALLOCATE|[36]|Bytes:5
15:31:08.0 (60972633)|STATEMENT_EXECUTE|[36]
15:31:08.0 (60974927)|STATEMENT_EXECUTE|[36]
15:31:08.0 (60980710)|SYSTEM_MODE_EXIT|false
15:31:08.0 (61105152)|SYSTEM_MODE_ENTER|true
15:31:08.0 (61156506)|HEAP_ALLOCATE|[EXTERNAL]|Bytes:372
15:31:08.0 (61163590)|VARIABLE_SCOPE_BEGIN|[37]|this|saReportCtrl|true|false
15:31:08.0 (61366973)|VARIABLE_ASSIGNMENT|[37]|this|{"attachmentId":"","basicSearchCategory":" ","basicSearchCount":"20","basicSearchDateEnd":"","basicSearchDateStart":"","basicSearchKeywords":"","basicSearchRole1":" ","basicSearchRole2":" ","basicSearchRole3":" ","basicSearchSort":" ","categoryDataOptions":"0x48a73e81","countDataOptions":"0x3613ce6c","createBody":"","createdReportId":"","createSubject":"","currentUser":"0x253374c9","draftBody":"","draftSubject":"","isApprover":false,"isCopySelected":false,"isGoodSelected":false,"isVeryGoodSelected":false,"latestBasicSearchCategory":"","latestBasicSearchCount":"","latestBasicSearchDateEnd":"","latestBasicSearchDateStart":"","latestBasicSearchKeywords":"","latestBasicSearchRole1":"","latestBasicSearchRole2":"","latestBasicSearchRole3":"","latestBasicSearchSort":"","latestMySearchCount":"","latestMySearchDateEnd":"","latestMySearchDateStart":"","latestMySearchKeywords":"","latestMySearchState":"","latestPendingCount":"","latestPendingDateEnd":"","latestPendingDateStart":"","latestPendingKeywords":"","latestSelectedProcess":"","listOfCategory":"0x6c8169c7","listOfSAReports":"0x70049c60","lsAttachments":"0x1a6f7d7","lsRolesFull":"0x296e2921","mapOfCategory":"0x17c585f9","messageError":"","messageSubmissionComplete":"","mySearchCount":"","mySearchDateEnd":"","mySearchDateStart":"","mySearchKeywords":"","mySearchState":"","newCommentValue":"","pendingCount":"","pendingDateEnd":"","pendingDateStart":"","pendingKeywords":"","processDataOptions":"0x4376fcfd","remandBody":"","remandCategory":"","remandProcess":"","remandSubject":"","reportComments":"0x75d8a30b","reportGoodViews":"0x2da7bbb0","reportManagedViews":"0x167609b0","reportRendered":false,"roleLevel1DataOptions":"0x62139e97","roleLevel2DataOptions":"0x52e3a925","roleLevel3DataOptions":"0x4209e2f2","searchCategoryLabel":"","searchCountLabel":"","searchStateLabel":"","selectedCategoryName":"","selectedProcess":"","selectedReport":"0x6414488a","selectedReportName":"","selectedView":"","sortDataOptions":"0x1a0d95b9","stateDataOptions":"0x55e8bd5c"}|0x5a365d20
15:31:08.0 (61401092)|SYSTEM_MODE_ENTER|false
15:31:08.0 (61407794)|HEAP_ALLOCATE|[37]|Bytes:5
15:31:08.0 (61413070)|STATEMENT_EXECUTE|[37]
15:31:08.0 (61415314)|STATEMENT_EXECUTE|[37]
15:31:08.0 (61420254)|SYSTEM_MODE_EXIT|false
15:31:08.0 (61530121)|SYSTEM_MODE_ENTER|true
15:31:08.0 (61563361)|HEAP_ALLOCATE|[EXTERNAL]|Bytes:372
15:31:08.0 (61569872)|VARIABLE_SCOPE_BEGIN|[39]|this|saReportCtrl|true|false
15:31:08.0 (61767196)|VARIABLE_ASSIGNMENT|[39]|this|{"attachmentId":"","basicSearchCategory":" ","basicSearchCount":"20","basicSearchDateEnd":"","basicSearchDateStart":"","basicSearchKeywords":"","basicSearchRole1":" ","basicSearchRole2":" ","basicSearchRole3":" ","basicSearchSort":" ","categoryDataOptions":"0x48a73e81","countDataOptions":"0x3613ce6c","createBody":"","createdReportId":"","createSubject":"","currentUser":"0x253374c9","draftBody":"","draftSubject":"","isApprover":false,"isCopySelected":false,"isGoodSelected":false,"isVeryGoodSelected":false,"latestBasicSearchCategory":"","latestBasicSearchCount":"","latestBasicSearchDateEnd":"","latestBasicSearchDateStart":"","latestBasicSearchKeywords":"","latestBasicSearchRole1":"","latestBasicSearchRole2":"","latestBasicSearchRole3":"","latestBasicSearchSort":"","latestMySearchCount":"","latestMySearchDateEnd":"","latestMySearchDateStart":"","latestMySearchKeywords":"","latestMySearchState":"","latestPendingCount":"","latestPendingDateEnd":"","latestPendingDateStart":"","latestPendingKeywords":"","latestSelectedProcess":"","listOfCategory":"0x6c8169c7","listOfSAReports":"0x70049c60","lsAttachments":"0x1a6f7d7","lsRolesFull":"0x296e2921","mapOfCategory":"0x17c585f9","messageError":"","messageSubmissionComplete":"","mySearchCount":"","mySearchDateEnd":"","mySearchDateStart":"","mySearchKeywords":"","mySearchState":"","newCommentValue":"","pendingCount":"","pendingDateEnd":"","pendingDateStart":"","pendingKeywords":"","processDataOptions":"0x4376fcfd","remandBody":"","remandCategory":"","remandProcess":"","remandSubject":"","reportComments":"0x75d8a30b","reportGoodViews":"0x2da7bbb0","reportManagedViews":"0x167609b0","reportRendered":false,"roleLevel1DataOptions":"0x62139e97","roleLevel2DataOptions":"0x52e3a925","roleLevel3DataOptions":"0x4209e2f2","searchCategoryLabel":"","searchCountLabel":"","searchStateLabel":"","selectedCategoryName":"","selectedProcess":"","selectedReport":"0x6414488a","selectedReportName":"","selectedView":"","sortDataOptions":"0x1a0d95b9","stateDataOptions":"0x55e8bd5c"}|0x5a365d20
15:31:08.0 (61800759)|SYSTEM_MODE_ENTER|false
15:31:08.0 (61808115)|HEAP_ALLOCATE|[39]|Bytes:5
15:31:08.0 (61813137)|STATEMENT_EXECUTE|[39]
15:31:08.0 (61814878)|STATEMENT_EXECUTE|[39]
15:31:08.0 (61819198)|SYSTEM_MODE_EXIT|false
15:31:08.0 (61927024)|SYSTEM_MODE_ENTER|true
15:31:08.0 (61958760)|HEAP_ALLOCATE|[EXTERNAL]|Bytes:372
15:31:08.0 (61965084)|VARIABLE_SCOPE_BEGIN|[38]|this|saReportCtrl|true|false
15:31:08.0 (62166361)|VARIABLE_ASSIGNMENT|[38]|this|{"attachmentId":"","basicSearchCategory":" ","basicSearchCount":"20","basicSearchDateEnd":"","basicSearchDateStart":"","basicSearchKeywords":"","basicSearchRole1":" ","basicSearchRole2":" ","basicSearchRole3":" ","basicSearchSort":" ","categoryDataOptions":"0x48a73e81","countDataOptions":"0x3613ce6c","createBody":"","createdReportId":"","createSubject":"","currentUser":"0x253374c9","draftBody":"","draftSubject":"","isApprover":false,"isCopySelected":false,"isGoodSelected":false,"isVeryGoodSelected":false,"latestBasicSearchCategory":"","latestBasicSearchCount":"","latestBasicSearchDateEnd":"","latestBasicSearchDateStart":"","latestBasicSearchKeywords":"","latestBasicSearchRole1":"","latestBasicSearchRole2":"","latestBasicSearchRole3":"","latestBasicSearchSort":"","latestMySearchCount":"","latestMySearchDateEnd":"","latestMySearchDateStart":"","latestMySearchKeywords":"","latestMySearchState":"","latestPendingCount":"","latestPendingDateEnd":"","latestPendingDateStart":"","latestPendingKeywords":"","latestSelectedProcess":"","listOfCategory":"0x6c8169c7","listOfSAReports":"0x70049c60","lsAttachments":"0x1a6f7d7","lsRolesFull":"0x296e2921","mapOfCategory":"0x17c585f9","messageError":"","messageSubmissionComplete":"","mySearchCount":"","mySearchDateEnd":"","mySearchDateStart":"","mySearchKeywords":"","mySearchState":"","newCommentValue":"","pendingCount":"","pendingDateEnd":"","pendingDateStart":"","pendingKeywords":"","processDataOptions":"0x4376fcfd","remandBody":"","remandCategory":"","remandProcess":"","remandSubject":"","reportComments":"0x75d8a30b","reportGoodViews":"0x2da7bbb0","reportManagedViews":"0x167609b0","reportRendered":false,"roleLevel1DataOptions":"0x62139e97","roleLevel2DataOptions":"0x52e3a925","roleLevel3DataOptions":"0x4209e2f2","searchCategoryLabel":"","searchCountLabel":"","searchStateLabel":"","selectedCategoryName":"","selectedProcess":"","selectedReport":"0x6414488a","selectedReportName":"","selectedView":"","sortDataOptions":"0x1a0d95b9","stateDataOptions":"0x55e8bd5c"}|0x5a365d20
15:31:08.0 (62200389)|SYSTEM_MODE_ENTER|false
15:31:08.0 (62206892)|HEAP_ALLOCATE|[38]|Bytes:5
15:31:08.0 (62211600)|STATEMENT_EXECUTE|[38]
15:31:08.0 (62213242)|STATEMENT_EXECUTE|[38]
15:31:08.0 (62217241)|SYSTEM_MODE_EXIT|false
15:31:08.0 (64182264)|SYSTEM_MODE_ENTER|true
15:31:08.0 (64202404)|HEAP_ALLOCATE|[EXTERNAL]|Bytes:372
15:31:08.0 (64215097)|VARIABLE_ASSIGNMENT|[EXTERNAL]|this.mySearchState|null|0x5a365d20
15:31:08.0 (64250066)|SYSTEM_MODE_ENTER|true
15:31:08.0 (64264263)|HEAP_ALLOCATE|[EXTERNAL]|Bytes:372
15:31:08.0 (64273632)|VARIABLE_ASSIGNMENT|[EXTERNAL]|this.mySearchCount|null|0x5a365d20
15:31:08.0 (64308860)|SYSTEM_MODE_ENTER|true
15:31:08.0 (64699637)|SYSTEM_MODE_ENTER|true
15:31:08.0 (64734652)|HEAP_ALLOCATE|[EXTERNAL]|Bytes:372
15:31:08.0 (64741127)|VARIABLE_SCOPE_BEGIN|[36]|this|saReportCtrl|true|false
15:31:08.0 (64936141)|VARIABLE_ASSIGNMENT|[36]|this|{"attachmentId":"","basicSearchCategory":" ","basicSearchCount":"20","basicSearchDateEnd":"","basicSearchDateStart":"","basicSearchKeywords":"","basicSearchRole1":" ","basicSearchRole2":" ","basicSearchRole3":" ","basicSearchSort":" ","categoryDataOptions":"0x48a73e81","countDataOptions":"0x3613ce6c","createBody":"","createdReportId":"","createSubject":"","currentUser":"0x253374c9","draftBody":"","draftSubject":"","isApprover":false,"isCopySelected":false,"isGoodSelected":false,"isVeryGoodSelected":false,"latestBasicSearchCategory":"","latestBasicSearchCount":"","latestBasicSearchDateEnd":"","latestBasicSearchDateStart":"","latestBasicSearchKeywords":"","latestBasicSearchRole1":"","latestBasicSearchRole2":"","latestBasicSearchRole3":"","latestBasicSearchSort":"","latestMySearchCount":"","latestMySearchDateEnd":"","latestMySearchDateStart":"","latestMySearchKeywords":"","latestMySearchState":"","latestPendingCount":"","latestPendingDateEnd":"","latestPendingDateStart":"","latestPendingKeywords":"","latestSelectedProcess":"","listOfCategory":"0x6c8169c7","listOfSAReports":"0x70049c60","lsAttachments":"0x1a6f7d7","lsRolesFull":"0x296e2921","mapOfCategory":"0x17c585f9","messageError":"","messageSubmissionComplete":"","mySearchDateEnd":"","mySearchDateStart":"","mySearchKeywords":"","newCommentValue":"","pendingCount":"","pendingDateEnd":"","pendingDateStart":"","pendingKeywords":"","processDataOptions":"0x4376fcfd","remandBody":"","remandCategory":"","remandProcess":"","remandSubject":"","reportComments":"0x75d8a30b","reportGoodViews":"0x2da7bbb0","reportManagedViews":"0x167609b0","reportRendered":false,"roleLevel1DataOptions":"0x62139e97","roleLevel2DataOptions":"0x52e3a925","roleLevel3DataOptions":"0x4209e2f2","searchCategoryLabel":"","searchCountLabel":"","searchStateLabel":"","selectedCategoryName":"","selectedProcess":"","selectedReport":"0x6414488a","selectedReportName":"","selectedView":"","sortDataOptions":"0x1a0d95b9","stateDataOptions":"0x55e8bd5c"}|0x5a365d20
15:31:08.0 (64969262)|SYSTEM_MODE_ENTER|false
15:31:08.0 (64976620)|HEAP_ALLOCATE|[36]|Bytes:5
15:31:08.0 (64981669)|STATEMENT_EXECUTE|[36]
15:31:08.0 (64983523)|STATEMENT_EXECUTE|[36]
15:31:08.0 (64988195)|SYSTEM_MODE_EXIT|false
15:31:08.0 (65109047)|SYSTEM_MODE_ENTER|true
15:31:08.0 (65142449)|HEAP_ALLOCATE|[EXTERNAL]|Bytes:372
15:31:08.0 (65149112)|VARIABLE_SCOPE_BEGIN|[37]|this|saReportCtrl|true|false
15:31:08.0 (65342289)|VARIABLE_ASSIGNMENT|[37]|this|{"attachmentId":"","basicSearchCategory":" ","basicSearchCount":"20","basicSearchDateEnd":"","basicSearchDateStart":"","basicSearchKeywords":"","basicSearchRole1":" ","basicSearchRole2":" ","basicSearchRole3":" ","basicSearchSort":" ","categoryDataOptions":"0x48a73e81","countDataOptions":"0x3613ce6c","createBody":"","createdReportId":"","createSubject":"","currentUser":"0x253374c9","draftBody":"","draftSubject":"","isApprover":false,"isCopySelected":false,"isGoodSelected":false,"isVeryGoodSelected":false,"latestBasicSearchCategory":"","latestBasicSearchCount":"","latestBasicSearchDateEnd":"","latestBasicSearchDateStart":"","latestBasicSearchKeywords":"","latestBasicSearchRole1":"","latestBasicSearchRole2":"","latestBasicSearchRole3":"","latestBasicSearchSort":"","latestMySearchCount":"","latestMySearchDateEnd":"","latestMySearchDateStart":"","latestMySearchKeywords":"","latestMySearchState":"","latestPendingCount":"","latestPendingDateEnd":"","latestPendingDateStart":"","latestPendingKeywords":"","latestSelectedProcess":"","listOfCategory":"0x6c8169c7","listOfSAReports":"0x70049c60","lsAttachments":"0x1a6f7d7","lsRolesFull":"0x296e2921","mapOfCategory":"0x17c585f9","messageError":"","messageSubmissionComplete":"","mySearchDateEnd":"","mySearchDateStart":"","mySearchKeywords":"","newCommentValue":"","pendingCount":"","pendingDateEnd":"","pendingDateStart":"","pendingKeywords":"","processDataOptions":"0x4376fcfd","remandBody":"","remandCategory":"","remandProcess":"","remandSubject":"","reportComments":"0x75d8a30b","reportGoodViews":"0x2da7bbb0","reportManagedViews":"0x167609b0","reportRendered":false,"roleLevel1DataOptions":"0x62139e97","roleLevel2DataOptions":"0x52e3a925","roleLevel3DataOptions":"0x4209e2f2","searchCategoryLabel":"","searchCountLabel":"","searchStateLabel":"","selectedCategoryName":"","selectedProcess":"","selectedReport":"0x6414488a","selectedReportName":"","selectedView":"","sortDataOptions":"0x1a0d95b9","stateDataOptions":"0x55e8bd5c"}|0x5a365d20
15:31:08.0 (65374105)|SYSTEM_MODE_ENTER|false
15:31:08.0 (65380413)|HEAP_ALLOCATE|[37]|Bytes:5
15:31:08.0 (65385274)|STATEMENT_EXECUTE|[37]
15:31:08.0 (65386948)|STATEMENT_EXECUTE|[37]
15:31:08.0 (65390875)|SYSTEM_MODE_EXIT|false
15:31:08.0 (65491790)|SYSTEM_MODE_ENTER|true
15:31:08.0 (65523157)|HEAP_ALLOCATE|[EXTERNAL]|Bytes:372
15:31:08.0 (65529364)|VARIABLE_SCOPE_BEGIN|[38]|this|saReportCtrl|true|false
15:31:08.0 (65721207)|VARIABLE_ASSIGNMENT|[38]|this|{"attachmentId":"","basicSearchCategory":" ","basicSearchCount":"20","basicSearchDateEnd":"","basicSearchDateStart":"","basicSearchKeywords":"","basicSearchRole1":" ","basicSearchRole2":" ","basicSearchRole3":" ","basicSearchSort":" ","categoryDataOptions":"0x48a73e81","countDataOptions":"0x3613ce6c","createBody":"","createdReportId":"","createSubject":"","currentUser":"0x253374c9","draftBody":"","draftSubject":"","isApprover":false,"isCopySelected":false,"isGoodSelected":false,"isVeryGoodSelected":false,"latestBasicSearchCategory":"","latestBasicSearchCount":"","latestBasicSearchDateEnd":"","latestBasicSearchDateStart":"","latestBasicSearchKeywords":"","latestBasicSearchRole1":"","latestBasicSearchRole2":"","latestBasicSearchRole3":"","latestBasicSearchSort":"","latestMySearchCount":"","latestMySearchDateEnd":"","latestMySearchDateStart":"","latestMySearchKeywords":"","latestMySearchState":"","latestPendingCount":"","latestPendingDateEnd":"","latestPendingDateStart":"","latestPendingKeywords":"","latestSelectedProcess":"","listOfCategory":"0x6c8169c7","listOfSAReports":"0x70049c60","lsAttachments":"0x1a6f7d7","lsRolesFull":"0x296e2921","mapOfCategory":"0x17c585f9","messageError":"","messageSubmissionComplete":"","mySearchDateEnd":"","mySearchDateStart":"","mySearchKeywords":"","newCommentValue":"","pendingCount":"","pendingDateEnd":"","pendingDateStart":"","pendingKeywords":"","processDataOptions":"0x4376fcfd","remandBody":"","remandCategory":"","remandProcess":"","remandSubject":"","reportComments":"0x75d8a30b","reportGoodViews":"0x2da7bbb0","reportManagedViews":"0x167609b0","reportRendered":false,"roleLevel1DataOptions":"0x62139e97","roleLevel2DataOptions":"0x52e3a925","roleLevel3DataOptions":"0x4209e2f2","searchCategoryLabel":"","searchCountLabel":"","searchStateLabel":"","selectedCategoryName":"","selectedProcess":"","selectedReport":"0x6414488a","selectedReportName":"","selectedView":"","sortDataOptions":"0x1a0d95b9","stateDataOptions":"0x55e8bd5c"}|0x5a365d20
15:31:08.0 (65752711)|SYSTEM_MODE_ENTER|false
15:31:08.0 (65759038)|HEAP_ALLOCATE|[38]|Bytes:5
15:31:08.0 (65763863)|STATEMENT_EXECUTE|[38]
15:31:08.0 (65765432)|STATEMENT_EXECUTE|[38]
15:31:08.0 (65769369)|SYSTEM_MODE_EXIT|false
15:31:08.0 (65868787)|SYSTEM_MODE_ENTER|true
15:31:08.0 (65900289)|HEAP_ALLOCATE|[EXTERNAL]|Bytes:372
15:31:08.0 (65906590)|VARIABLE_SCOPE_BEGIN|[39]|this|saReportCtrl|true|false
15:31:08.0 (66103784)|VARIABLE_ASSIGNMENT|[39]|this|{"attachmentId":"","basicSearchCategory":" ","basicSearchCount":"20","basicSearchDateEnd":"","basicSearchDateStart":"","basicSearchKeywords":"","basicSearchRole1":" ","basicSearchRole2":" ","basicSearchRole3":" ","basicSearchSort":" ","categoryDataOptions":"0x48a73e81","countDataOptions":"0x3613ce6c","createBody":"","createdReportId":"","createSubject":"","currentUser":"0x253374c9","draftBody":"","draftSubject":"","isApprover":false,"isCopySelected":false,"isGoodSelected":false,"isVeryGoodSelected":false,"latestBasicSearchCategory":"","latestBasicSearchCount":"","latestBasicSearchDateEnd":"","latestBasicSearchDateStart":"","latestBasicSearchKeywords":"","latestBasicSearchRole1":"","latestBasicSearchRole2":"","latestBasicSearchRole3":"","latestBasicSearchSort":"","latestMySearchCount":"","latestMySearchDateEnd":"","latestMySearchDateStart":"","latestMySearchKeywords":"","latestMySearchState":"","latestPendingCount":"","latestPendingDateEnd":"","latestPendingDateStart":"","latestPendingKeywords":"","latestSelectedProcess":"","listOfCategory":"0x6c8169c7","listOfSAReports":"0x70049c60","lsAttachments":"0x1a6f7d7","lsRolesFull":"0x296e2921","mapOfCategory":"0x17c585f9","messageError":"","messageSubmissionComplete":"","mySearchDateEnd":"","mySearchDateStart":"","mySearchKeywords":"","newCommentValue":"","pendingCount":"","pendingDateEnd":"","pendingDateStart":"","pendingKeywords":"","processDataOptions":"0x4376fcfd","remandBody":"","remandCategory":"","remandProcess":"","remandSubject":"","reportComments":"0x75d8a30b","reportGoodViews":"0x2da7bbb0","reportManagedViews":"0x167609b0","reportRendered":false,"roleLevel1DataOptions":"0x62139e97","roleLevel2DataOptions":"0x52e3a925","roleLevel3DataOptions":"0x4209e2f2","searchCategoryLabel":"","searchCountLabel":"","searchStateLabel":"","selectedCategoryName":"","selectedProcess":"","selectedReport":"0x6414488a","selectedReportName":"","selectedView":"","sortDataOptions":"0x1a0d95b9","stateDataOptions":"0x55e8bd5c"}|0x5a365d20
15:31:08.0 (66136376)|SYSTEM_MODE_ENTER|false
15:31:08.0 (66141995)|HEAP_ALLOCATE|[39]|Bytes:5
15:31:08.0 (66146604)|STATEMENT_EXECUTE|[39]
15:31:08.0 (66148370)|STATEMENT_EXECUTE|[39]
15:31:08.0 (66152327)|SYSTEM_MODE_EXIT|false
15:31:08.0 (68140507)|SYSTEM_MODE_ENTER|true
15:31:08.0 (68160235)|HEAP_ALLOCATE|[EXTERNAL]|Bytes:372
15:31:08.0 (68171562)|VARIABLE_ASSIGNMENT|[EXTERNAL]|this.draftCategory|null|0x5a365d20
15:31:08.0 (68205062)|SYSTEM_MODE_ENTER|true
15:31:08.0 (68218615)|HEAP_ALLOCATE|[EXTERNAL]|Bytes:372
15:31:08.0 (68226791)|VARIABLE_ASSIGNMENT|[EXTERNAL]|this.draftProcess|null|0x5a365d20
15:31:08.0 (68276867)|SYSTEM_MODE_ENTER|true
15:31:08.0 (68417726)|SYSTEM_MODE_ENTER|true
15:31:08.0 (68433450)|HEAP_ALLOCATE|[EXTERNAL]|Bytes:372
15:31:08.0 (68445579)|VARIABLE_ASSIGNMENT|[EXTERNAL]|this.remandCategory|null|0x5a365d20
15:31:08.0 (68478971)|SYSTEM_MODE_ENTER|true
15:31:08.0 (68492596)|HEAP_ALLOCATE|[EXTERNAL]|Bytes:372
15:31:08.0 (68502701)|VARIABLE_ASSIGNMENT|[EXTERNAL]|this.remandProcess|null|0x5a365d20
15:31:08.0 (68546660)|SYSTEM_MODE_ENTER|true
15:31:08.0 (68666801)|SYSTEM_MODE_ENTER|true
15:31:08.0 (68682337)|HEAP_ALLOCATE|[EXTERNAL]|Bytes:372
15:31:08.0 (68693542)|VARIABLE_ASSIGNMENT|[EXTERNAL]|this.pendingCount|null|0x5a365d20
15:31:08.0 (68730219)|SYSTEM_MODE_ENTER|true
15:31:08.0 (97578230)|SYSTEM_MODE_ENTER|true
15:31:08.0 (97613930)|HEAP_ALLOCATE|[EXTERNAL]|Bytes:284
15:31:08.0 (97635130)|HEAP_ALLOCATE|[EXTERNAL]|Bytes:160
15:31:08.0 (97655008)|METHOD_ENTRY|[1]|01pN0000000Mill|auMainTopCompCtrl.auMainTopCompCtrl()
15:31:08.0 (97661207)|STATEMENT_EXECUTE|[1]
15:31:08.0 (97665799)|STATEMENT_EXECUTE|[1]
15:31:08.0 (97667648)|STATEMENT_EXECUTE|[3]
15:31:08.0 (97677214)|HEAP_ALLOCATE|[3]|Bytes:4
15:31:08.0 (97695004)|VARIABLE_ASSIGNMENT|[3]|auMainTopCompCtrl.TYPE_SCREEN_SWITCH|0
15:31:08.0 (97700710)|STATEMENT_EXECUTE|[4]
15:31:08.0 (97704339)|HEAP_ALLOCATE|[4]|Bytes:4
15:31:08.0 (97712438)|VARIABLE_ASSIGNMENT|[4]|auMainTopCompCtrl.TYPE_SCREEN_STPD_EVENT|11
15:31:08.0 (97716664)|STATEMENT_EXECUTE|[5]
15:31:08.0 (97719151)|HEAP_ALLOCATE|[5]|Bytes:4
15:31:08.0 (97726169)|VARIABLE_ASSIGNMENT|[5]|auMainTopCompCtrl.TYPE_SCREEN_STPD_TIMELINE|12
15:31:08.0 (97729977)|STATEMENT_EXECUTE|[6]
15:31:08.0 (97732426)|HEAP_ALLOCATE|[6]|Bytes:4
15:31:08.0 (97739526)|VARIABLE_ASSIGNMENT|[6]|auMainTopCompCtrl.TYPE_SCREEN_STPD_SCREEN|13
15:31:08.0 (97743015)|STATEMENT_EXECUTE|[7]
15:31:08.0 (97745472)|HEAP_ALLOCATE|[7]|Bytes:4
15:31:08.0 (97750807)|VARIABLE_ASSIGNMENT|[7]|auMainTopCompCtrl.TYPE_SCREEN_CX_SCREEN|21
15:31:08.0 (97754500)|STATEMENT_EXECUTE|[8]
15:31:08.0 (97756678)|HEAP_ALLOCATE|[8]|Bytes:4
15:31:08.0 (97761906)|VARIABLE_ASSIGNMENT|[8]|auMainTopCompCtrl.TYPE_SCREEN_CX_TIMELINE|22
15:31:08.0 (97765373)|STATEMENT_EXECUTE|[9]
15:31:08.0 (97767852)|HEAP_ALLOCATE|[9]|Bytes:4
15:31:08.0 (97773553)|VARIABLE_ASSIGNMENT|[9]|auMainTopCompCtrl.TYPE_SCREEN_EVENT_SCHEDULE|31
15:31:08.0 (97777193)|STATEMENT_EXECUTE|[10]
15:31:08.0 (97779779)|HEAP_ALLOCATE|[10]|Bytes:4
15:31:08.0 (97785356)|VARIABLE_ASSIGNMENT|[10]|auMainTopCompCtrl.TYPE_SCREEN_EVENT_SCHEDULE_LIST|32
15:31:08.0 (97789025)|STATEMENT_EXECUTE|[11]
15:31:08.0 (97791759)|HEAP_ALLOCATE|[11]|Bytes:4
15:31:08.0 (97797531)|VARIABLE_ASSIGNMENT|[11]|auMainTopCompCtrl.TYPE_SCREEN_KNOWLEDGE_DASHBOARD|41
15:31:08.0 (97801486)|STATEMENT_EXECUTE|[12]
15:31:08.0 (97803847)|HEAP_ALLOCATE|[12]|Bytes:4
15:31:08.0 (97809569)|VARIABLE_ASSIGNMENT|[12]|auMainTopCompCtrl.TYPE_SCREEN_KNOWLEDGE_LIST|42
15:31:08.0 (97813033)|STATEMENT_EXECUTE|[13]
15:31:08.0 (97815320)|HEAP_ALLOCATE|[13]|Bytes:4
15:31:08.0 (97821003)|VARIABLE_ASSIGNMENT|[13]|auMainTopCompCtrl.TYPE_SCREEN_SA_MESSAGES|51
15:31:08.0 (97824731)|STATEMENT_EXECUTE|[14]
15:31:08.0 (97827083)|HEAP_ALLOCATE|[14]|Bytes:4
15:31:08.0 (97833471)|VARIABLE_ASSIGNMENT|[14]|auMainTopCompCtrl.TYPE_SCREEN_SA_REPORTS|52
15:31:08.0 (97836849)|STATEMENT_EXECUTE|[15]
15:31:08.0 (97839627)|HEAP_ALLOCATE|[15]|Bytes:4
15:31:08.0 (97845488)|VARIABLE_ASSIGNMENT|[15]|auMainTopCompCtrl.TYPE_SCREEN_SA_CHATTER|53
15:31:08.0 (97849148)|STATEMENT_EXECUTE|[16]
15:31:08.0 (97851402)|HEAP_ALLOCATE|[16]|Bytes:4
15:31:08.0 (97857325)|VARIABLE_ASSIGNMENT|[16]|auMainTopCompCtrl.TYPE_SCREEN_SA_DAILYREPORT|54
15:31:08.0 (97861161)|STATEMENT_EXECUTE|[17]
15:31:08.0 (97863670)|HEAP_ALLOCATE|[17]|Bytes:4
15:31:08.0 (97869436)|VARIABLE_ASSIGNMENT|[17]|auMainTopCompCtrl.TYPE_SCREEN_SA_ENQUETE|55
15:31:08.0 (97873300)|STATEMENT_EXECUTE|[18]
15:31:08.0 (97875533)|HEAP_ALLOCATE|[18]|Bytes:4
15:31:08.0 (97881341)|VARIABLE_ASSIGNMENT|[18]|auMainTopCompCtrl.TYPE_SCREEN_SA_DOCUMENTS|56
15:31:08.0 (97884843)|STATEMENT_EXECUTE|[19]
15:31:08.0 (97887239)|HEAP_ALLOCATE|[19]|Bytes:4
15:31:08.0 (97892994)|VARIABLE_ASSIGNMENT|[19]|auMainTopCompCtrl.TYPE_SCREEN_SA_RANKING|57
15:31:08.0 (97896844)|STATEMENT_EXECUTE|[20]
15:31:08.0 (97899311)|HEAP_ALLOCATE|[20]|Bytes:4
15:31:08.0 (97911694)|VARIABLE_ASSIGNMENT|[20]|auMainTopCompCtrl.TYPE_SCREEN_SA_LINKS|58
15:31:08.0 (97916199)|STATEMENT_EXECUTE|[21]
15:31:08.0 (97918531)|HEAP_ALLOCATE|[21]|Bytes:4
15:31:08.0 (97925024)|VARIABLE_ASSIGNMENT|[21]|auMainTopCompCtrl.TYPE_SCREEN_SA_USRSETTINGS|59
15:31:08.0 (97928690)|STATEMENT_EXECUTE|[22]
15:31:08.0 (97931176)|HEAP_ALLOCATE|[22]|Bytes:4
15:31:08.0 (97937293)|VARIABLE_ASSIGNMENT|[22]|auMainTopCompCtrl.TYPE_SCREEN_SA_DAILYREPORTLIST|60
15:31:08.0 (97940975)|STATEMENT_EXECUTE|[23]
15:31:08.0 (97943818)|HEAP_ALLOCATE|[23]|Bytes:4
15:31:08.0 (97949964)|VARIABLE_ASSIGNMENT|[23]|auMainTopCompCtrl.TYPE_SCREEN_SA_TODO|61
15:31:08.0 (97953493)|STATEMENT_EXECUTE|[24]
15:31:08.0 (97955851)|HEAP_ALLOCATE|[24]|Bytes:4
15:31:08.0 (97961416)|VARIABLE_ASSIGNMENT|[24]|auMainTopCompCtrl.TYPE_SCREEN_HONBU_DIRECT|71
15:31:08.0 (97965132)|STATEMENT_EXECUTE|[25]
15:31:08.0 (97967669)|HEAP_ALLOCATE|[25]|Bytes:4
15:31:08.0 (97973131)|VARIABLE_ASSIGNMENT|[25]|auMainTopCompCtrl.TYPE_SCREEN_ACCOUNT_LIST|81
15:31:08.0 (97976643)|STATEMENT_EXECUTE|[26]
15:31:08.0 (97978861)|HEAP_ALLOCATE|[26]|Bytes:4
15:31:08.0 (97983582)|VARIABLE_ASSIGNMENT|[26]|auMainTopCompCtrl.TYPE_SCREEN_ACTIVITY_LIST|82
15:31:08.0 (97987280)|STATEMENT_EXECUTE|[27]
15:31:08.0 (97989781)|HEAP_ALLOCATE|[27]|Bytes:4
15:31:08.0 (98001762)|VARIABLE_ASSIGNMENT|[27]|auMainTopCompCtrl.TYPE_SCREEN_FILE_LIST|83
15:31:08.0 (98012529)|METHOD_EXIT|[1]|auMainTopCompCtrl
15:31:08.0 (98025525)|HEAP_ALLOCATE|[EXTERNAL]|Bytes:44
15:31:08.0 (98034274)|VARIABLE_ASSIGNMENT|[EXTERNAL]|this.iCountComments|null|0x7a8f8019
15:31:08.0 (98100077)|SYSTEM_MODE_ENTER|true
15:31:08.0 (98115971)|HEAP_ALLOCATE|[EXTERNAL]|Bytes:44
15:31:08.0 (98124540)|VARIABLE_ASSIGNMENT|[EXTERNAL]|this.iCountLikes|null|0x7a8f8019
15:31:08.0 (98202177)|SYSTEM_MODE_ENTER|true
15:31:08.0 (98249428)|HEAP_ALLOCATE|[EXTERNAL]|Bytes:372
15:31:08.0 (98258512)|VARIABLE_SCOPE_BEGIN|[173]|this|saReportCtrl|true|false
15:31:08.0 (98467633)|VARIABLE_ASSIGNMENT|[173]|this|{"attachmentId":"","basicSearchCategory":" ","basicSearchCount":"20","basicSearchDateEnd":"","basicSearchDateStart":"","basicSearchKeywords":"","basicSearchRole1":" ","basicSearchRole2":" ","basicSearchRole3":" ","basicSearchSort":" ","categoryDataOptions":"0x48a73e81","countDataOptions":"0x3613ce6c","createBody":"","createdReportId":"","createSubject":"","currentUser":"0x253374c9","draftBody":"","draftSubject":"","isApprover":false,"isCopySelected":false,"isGoodSelected":false,"isVeryGoodSelected":false,"latestBasicSearchCategory":"","latestBasicSearchCount":"","latestBasicSearchDateEnd":"","latestBasicSearchDateStart":"","latestBasicSearchKeywords":"","latestBasicSearchRole1":"","latestBasicSearchRole2":"","latestBasicSearchRole3":"","latestBasicSearchSort":"","latestMySearchCount":"","latestMySearchDateEnd":"","latestMySearchDateStart":"","latestMySearchKeywords":"","latestMySearchState":"","latestPendingCount":"","latestPendingDateEnd":"","latestPendingDateStart":"","latestPendingKeywords":"","latestSelectedProcess":"","listOfCategory":"0x6c8169c7","listOfSAReports":"0x70049c60","lsAttachments":"0x1a6f7d7","lsRolesFull":"0x296e2921","mapOfCategory":"0x17c585f9","messageError":"","messageSubmissionComplete":"","mySearchDateEnd":"","mySearchDateStart":"","mySearchKeywords":"","newCommentValue":"","pendingDateEnd":"","pendingDateStart":"","pendingKeywords":"","processDataOptions":"0x4376fcfd","remandBody":"","remandSubject":"","reportComments":"0x75d8a30b","reportGoodViews":"0x2da7bbb0","reportManagedViews":"0x167609b0","reportRendered":false,"roleLevel1DataOptions":"0x62139e97","roleLevel2DataOptions":"0x52e3a925","roleLevel3DataOptions":"0x4209e2f2","searchCategoryLabel":"","searchCountLabel":"","searchStateLabel":"","selectedCategoryName":"","selectedProcess":"","selectedReport":"0x6414488a","selectedReportName":"","selectedView":"","sortDataOptions":"0x1a0d95b9","stateDataOptions":"0x55e8bd5c"}|0x5a365d20
15:31:08.0 (98502400)|SYSTEM_MODE_ENTER|false
15:31:08.0 (98511359)|HEAP_ALLOCATE|[173]|Bytes:5
15:31:08.0 (98516588)|STATEMENT_EXECUTE|[173]
15:31:08.0 (98518483)|STATEMENT_EXECUTE|[173]
15:31:08.0 (98525774)|SYSTEM_MODE_EXIT|false
15:31:08.0 (98585498)|SYSTEM_MODE_ENTER|true
15:31:08.0 (98602923)|HEAP_ALLOCATE|[EXTERNAL]|Bytes:8
15:31:08.0 (98607981)|HEAP_ALLOCATE|[EXTERNAL]|Bytes:44
15:31:08.0 (98616069)|VARIABLE_ASSIGNMENT|[EXTERNAL]|this.iTypeOfScreen|52|0x7a8f8019
15:31:08.0 (98840961)|SYSTEM_MODE_ENTER|true
15:31:08.0 (98879334)|HEAP_ALLOCATE|[EXTERNAL]|Bytes:44
15:31:08.0 (98887272)|VARIABLE_SCOPE_BEGIN|[88]|this|auMainTopCompCtrl|true|false
15:31:08.0 (98942928)|VARIABLE_ASSIGNMENT|[88]|this|{"currentUser":"0x41ea0428","isSAUser":false,"iTypeOfScreen":52,"urlReportsSFA":"https://cs6.lightnin (84 more) ..."}|0x7a8f8019
15:31:08.0 (98953554)|STATEMENT_EXECUTE|[88]
15:31:08.0 (98955461)|STATEMENT_EXECUTE|[89]
15:31:08.0 (99019543)|VARIABLE_ASSIGNMENT|[EXTERNAL]|this|{"currentUser":"0x41ea0428","isSAUser":false,"iTypeOfScreen":52,"urlReportsSFA":"https://cs6.lightnin (84 more) ..."}|0x7a8f8019
15:31:08.0 (99074074)|VARIABLE_ASSIGNMENT|[EXTERNAL]|this|{"currentUser":"0x41ea0428","isSAUser":false,"iTypeOfScreen":52,"urlReportsSFA":"https://cs6.lightnin (84 more) ..."}|0x7a8f8019
15:31:08.0 (99091709)|HEAP_ALLOCATE|[89]|Bytes:5
15:31:08.0 (99179382)|SYSTEM_MODE_ENTER|true
15:31:08.0 (99214268)|HEAP_ALLOCATE|[EXTERNAL]|Bytes:44
15:31:08.0 (99221881)|VARIABLE_SCOPE_BEGIN|[106]|this|auMainTopCompCtrl|true|false
15:31:08.0 (99254924)|VARIABLE_ASSIGNMENT|[106]|this|{"currentUser":"0x41ea0428","isSAUser":false,"iTypeOfScreen":52,"urlReportsSFA":"https://cs6.lightnin (84 more) ..."}|0x7a8f8019
15:31:08.0 (99264188)|STATEMENT_EXECUTE|[106]
15:31:08.0 (99266427)|STATEMENT_EXECUTE|[107]
15:31:08.0 (99301189)|VARIABLE_ASSIGNMENT|[EXTERNAL]|this|{"currentUser":"0x41ea0428","isSAUser":false,"iTypeOfScreen":52,"urlReportsSFA":"https://cs6.lightnin (84 more) ..."}|0x7a8f8019
15:31:08.0 (99317231)|HEAP_ALLOCATE|[107]|Bytes:5
15:31:08.0 (99384471)|SYSTEM_MODE_ENTER|true
15:31:08.0 (99416299)|HEAP_ALLOCATE|[EXTERNAL]|Bytes:44
15:31:08.0 (99423680)|VARIABLE_SCOPE_BEGIN|[110]|this|auMainTopCompCtrl|true|false
15:31:08.0 (99457853)|VARIABLE_ASSIGNMENT|[110]|this|{"currentUser":"0x41ea0428","isSAUser":false,"iTypeOfScreen":52,"urlReportsSFA":"https://cs6.lightnin (84 more) ..."}|0x7a8f8019
15:31:08.0 (99466610)|STATEMENT_EXECUTE|[110]
15:31:08.0 (99468505)|STATEMENT_EXECUTE|[111]
15:31:08.0 (99505541)|VARIABLE_ASSIGNMENT|[EXTERNAL]|this|{"currentUser":"0x41ea0428","isSAUser":false,"iTypeOfScreen":52,"urlReportsSFA":"https://cs6.lightnin (84 more) ..."}|0x7a8f8019
15:31:08.0 (99520803)|HEAP_ALLOCATE|[111]|Bytes:5
15:31:08.0 (99583340)|SYSTEM_MODE_ENTER|true
15:31:08.0 (99613456)|HEAP_ALLOCATE|[EXTERNAL]|Bytes:44
15:31:08.0 (99620839)|VARIABLE_SCOPE_BEGIN|[114]|this|auMainTopCompCtrl|true|false
15:31:08.0 (99651487)|VARIABLE_ASSIGNMENT|[114]|this|{"currentUser":"0x41ea0428","isSAUser":false,"iTypeOfScreen":52,"urlReportsSFA":"https://cs6.lightnin (84 more) ..."}|0x7a8f8019
15:31:08.0 (99659846)|STATEMENT_EXECUTE|[114]
15:31:08.0 (99661685)|STATEMENT_EXECUTE|[115]
15:31:08.0 (99695902)|VARIABLE_ASSIGNMENT|[EXTERNAL]|this|{"currentUser":"0x41ea0428","isSAUser":false,"iTypeOfScreen":52,"urlReportsSFA":"https://cs6.lightnin (84 more) ..."}|0x7a8f8019
15:31:08.0 (99710301)|HEAP_ALLOCATE|[115]|Bytes:5
15:31:08.0 (99888031)|SYSTEM_MODE_ENTER|true
15:31:08.0 (99953619)|SYSTEM_MODE_ENTER|true
15:31:08.0 (100357508)|SYSTEM_MODE_ENTER|true
15:31:08.0 (101656577)|SYSTEM_MODE_ENTER|true
15:31:08.0 (101762083)|SYSTEM_MODE_ENTER|true
15:31:08.0 (101824776)|SYSTEM_MODE_ENTER|true
15:31:08.0 (101882081)|SYSTEM_MODE_ENTER|true
15:31:08.0 (102046729)|SYSTEM_MODE_ENTER|true
15:31:08.0 (102133130)|SYSTEM_MODE_ENTER|true
15:31:08.0 (102206739)|SYSTEM_MODE_ENTER|true
15:31:08.0 (102537918)|SYSTEM_MODE_ENTER|true
15:31:08.0 (102575863)|HEAP_ALLOCATE|[EXTERNAL]|Bytes:372
15:31:08.0 (102583453)|VARIABLE_SCOPE_BEGIN|[36]|this|saReportCtrl|true|false
15:31:08.0 (102779478)|VARIABLE_ASSIGNMENT|[36]|this|{"attachmentId":"","basicSearchCategory":" ","basicSearchCount":"20","basicSearchDateEnd":"","basicSearchDateStart":"","basicSearchKeywords":"","basicSearchRole1":" ","basicSearchRole2":" ","basicSearchRole3":" ","basicSearchSort":" ","categoryDataOptions":"0x48a73e81","countDataOptions":"0x3613ce6c","createBody":"","createdReportId":"","createSubject":"","currentUser":"0x253374c9","draftBody":"","draftSubject":"","isApprover":false,"isCopySelected":false,"isGoodSelected":false,"isVeryGoodSelected":false,"latestBasicSearchCategory":"","latestBasicSearchCount":"","latestBasicSearchDateEnd":"","latestBasicSearchDateStart":"","latestBasicSearchKeywords":"","latestBasicSearchRole1":"","latestBasicSearchRole2":"","latestBasicSearchRole3":"","latestBasicSearchSort":"","latestMySearchCount":"","latestMySearchDateEnd":"","latestMySearchDateStart":"","latestMySearchKeywords":"","latestMySearchState":"","latestPendingCount":"","latestPendingDateEnd":"","latestPendingDateStart":"","latestPendingKeywords":"","latestSelectedProcess":"","listOfCategory":"0x6c8169c7","listOfSAReports":"0x70049c60","lsAttachments":"0x1a6f7d7","lsRolesFull":"0x296e2921","mapOfCategory":"0x17c585f9","messageError":"","messageSubmissionComplete":"","mySearchDateEnd":"","mySearchDateStart":"","mySearchKeywords":"","newCommentValue":"","pendingDateEnd":"","pendingDateStart":"","pendingKeywords":"","processDataOptions":"0x4376fcfd","remandBody":"","remandSubject":"","reportComments":"0x75d8a30b","reportGoodViews":"0x2da7bbb0","reportManagedViews":"0x167609b0","reportRendered":false,"roleLevel1DataOptions":"0x62139e97","roleLevel2DataOptions":"0x52e3a925","roleLevel3DataOptions":"0x4209e2f2","searchCategoryLabel":"","searchCountLabel":"","searchStateLabel":"","selectedCategoryName":"","selectedProcess":"","selectedReport":"0x6414488a","selectedReportName":"","selectedView":"","sortDataOptions":"0x1a0d95b9","stateDataOptions":"0x55e8bd5c"}|0x5a365d20
15:31:08.0 (102812995)|SYSTEM_MODE_ENTER|false
15:31:08.0 (102820389)|HEAP_ALLOCATE|[36]|Bytes:5
15:31:08.0 (102825672)|STATEMENT_EXECUTE|[36]
15:31:08.0 (102827490)|STATEMENT_EXECUTE|[36]
15:31:08.0 (102832353)|SYSTEM_MODE_EXIT|false
15:31:08.0 (102946739)|SYSTEM_MODE_ENTER|true
15:31:08.0 (102981209)|HEAP_ALLOCATE|[EXTERNAL]|Bytes:372
15:31:08.0 (102987953)|VARIABLE_SCOPE_BEGIN|[37]|this|saReportCtrl|true|false
15:31:08.0 (103183795)|VARIABLE_ASSIGNMENT|[37]|this|{"attachmentId":"","basicSearchCategory":" ","basicSearchCount":"20","basicSearchDateEnd":"","basicSearchDateStart":"","basicSearchKeywords":"","basicSearchRole1":" ","basicSearchRole2":" ","basicSearchRole3":" ","basicSearchSort":" ","categoryDataOptions":"0x48a73e81","countDataOptions":"0x3613ce6c","createBody":"","createdReportId":"","createSubject":"","currentUser":"0x253374c9","draftBody":"","draftSubject":"","isApprover":false,"isCopySelected":false,"isGoodSelected":false,"isVeryGoodSelected":false,"latestBasicSearchCategory":"","latestBasicSearchCount":"","latestBasicSearchDateEnd":"","latestBasicSearchDateStart":"","latestBasicSearchKeywords":"","latestBasicSearchRole1":"","latestBasicSearchRole2":"","latestBasicSearchRole3":"","latestBasicSearchSort":"","latestMySearchCount":"","latestMySearchDateEnd":"","latestMySearchDateStart":"","latestMySearchKeywords":"","latestMySearchState":"","latestPendingCount":"","latestPendingDateEnd":"","latestPendingDateStart":"","latestPendingKeywords":"","latestSelectedProcess":"","listOfCategory":"0x6c8169c7","listOfSAReports":"0x70049c60","lsAttachments":"0x1a6f7d7","lsRolesFull":"0x296e2921","mapOfCategory":"0x17c585f9","messageError":"","messageSubmissionComplete":"","mySearchDateEnd":"","mySearchDateStart":"","mySearchKeywords":"","newCommentValue":"","pendingDateEnd":"","pendingDateStart":"","pendingKeywords":"","processDataOptions":"0x4376fcfd","remandBody":"","remandSubject":"","reportComments":"0x75d8a30b","reportGoodViews":"0x2da7bbb0","reportManagedViews":"0x167609b0","reportRendered":false,"roleLevel1DataOptions":"0x62139e97","roleLevel2DataOptions":"0x52e3a925","roleLevel3DataOptions":"0x4209e2f2","searchCategoryLabel":"","searchCountLabel":"","searchStateLabel":"","selectedCategoryName":"","selectedProcess":"","selectedReport":"0x6414488a","selectedReportName":"","selectedView":"","sortDataOptions":"0x1a0d95b9","stateDataOptions":"0x55e8bd5c"}|0x5a365d20
15:31:08.0 (103216756)|SYSTEM_MODE_ENTER|false
15:31:08.0 (103223521)|HEAP_ALLOCATE|[37]|Bytes:5
15:31:08.0 (103228174)|STATEMENT_EXECUTE|[37]
15:31:08.0 (103229898)|STATEMENT_EXECUTE|[37]
15:31:08.0 (103234343)|SYSTEM_MODE_EXIT|false
15:31:08.0 (103342232)|SYSTEM_MODE_ENTER|true
15:31:08.0 (103375043)|HEAP_ALLOCATE|[EXTERNAL]|Bytes:372
15:31:08.0 (103381765)|VARIABLE_SCOPE_BEGIN|[39]|this|saReportCtrl|true|false
15:31:08.0 (103570274)|VARIABLE_ASSIGNMENT|[39]|this|{"attachmentId":"","basicSearchCategory":" ","basicSearchCount":"20","basicSearchDateEnd":"","basicSearchDateStart":"","basicSearchKeywords":"","basicSearchRole1":" ","basicSearchRole2":" ","basicSearchRole3":" ","basicSearchSort":" ","categoryDataOptions":"0x48a73e81","countDataOptions":"0x3613ce6c","createBody":"","createdReportId":"","createSubject":"","currentUser":"0x253374c9","draftBody":"","draftSubject":"","isApprover":false,"isCopySelected":false,"isGoodSelected":false,"isVeryGoodSelected":false,"latestBasicSearchCategory":"","latestBasicSearchCount":"","latestBasicSearchDateEnd":"","latestBasicSearchDateStart":"","latestBasicSearchKeywords":"","latestBasicSearchRole1":"","latestBasicSearchRole2":"","latestBasicSearchRole3":"","latestBasicSearchSort":"","latestMySearchCount":"","latestMySearchDateEnd":"","latestMySearchDateStart":"","latestMySearchKeywords":"","latestMySearchState":"","latestPendingCount":"","latestPendingDateEnd":"","latestPendingDateStart":"","latestPendingKeywords":"","latestSelectedProcess":"","listOfCategory":"0x6c8169c7","listOfSAReports":"0x70049c60","lsAttachments":"0x1a6f7d7","lsRolesFull":"0x296e2921","mapOfCategory":"0x17c585f9","messageError":"","messageSubmissionComplete":"","mySearchDateEnd":"","mySearchDateStart":"","mySearchKeywords":"","newCommentValue":"","pendingDateEnd":"","pendingDateStart":"","pendingKeywords":"","processDataOptions":"0x4376fcfd","remandBody":"","remandSubject":"","reportComments":"0x75d8a30b","reportGoodViews":"0x2da7bbb0","reportManagedViews":"0x167609b0","reportRendered":false,"roleLevel1DataOptions":"0x62139e97","roleLevel2DataOptions":"0x52e3a925","roleLevel3DataOptions":"0x4209e2f2","searchCategoryLabel":"","searchCountLabel":"","searchStateLabel":"","selectedCategoryName":"","selectedProcess":"","selectedReport":"0x6414488a","selectedReportName":"","selectedView":"","sortDataOptions":"0x1a0d95b9","stateDataOptions":"0x55e8bd5c"}|0x5a365d20
15:31:08.0 (103601946)|SYSTEM_MODE_ENTER|false
15:31:08.0 (103608113)|HEAP_ALLOCATE|[39]|Bytes:5
15:31:08.0 (103613080)|STATEMENT_EXECUTE|[39]
15:31:08.0 (103614763)|STATEMENT_EXECUTE|[39]
15:31:08.0 (103619074)|SYSTEM_MODE_EXIT|false
15:31:08.0 (103764775)|SYSTEM_MODE_ENTER|true
15:31:08.0 (103797769)|HEAP_ALLOCATE|[EXTERNAL]|Bytes:372
15:31:08.0 (103804154)|VARIABLE_SCOPE_BEGIN|[38]|this|saReportCtrl|true|false
15:31:08.0 (103998176)|VARIABLE_ASSIGNMENT|[38]|this|{"attachmentId":"","basicSearchCategory":" ","basicSearchCount":"20","basicSearchDateEnd":"","basicSearchDateStart":"","basicSearchKeywords":"","basicSearchRole1":" ","basicSearchRole2":" ","basicSearchRole3":" ","basicSearchSort":" ","categoryDataOptions":"0x48a73e81","countDataOptions":"0x3613ce6c","createBody":"","createdReportId":"","createSubject":"","currentUser":"0x253374c9","draftBody":"","draftSubject":"","isApprover":false,"isCopySelected":false,"isGoodSelected":false,"isVeryGoodSelected":false,"latestBasicSearchCategory":"","latestBasicSearchCount":"","latestBasicSearchDateEnd":"","latestBasicSearchDateStart":"","latestBasicSearchKeywords":"","latestBasicSearchRole1":"","latestBasicSearchRole2":"","latestBasicSearchRole3":"","latestBasicSearchSort":"","latestMySearchCount":"","latestMySearchDateEnd":"","latestMySearchDateStart":"","latestMySearchKeywords":"","latestMySearchState":"","latestPendingCount":"","latestPendingDateEnd":"","latestPendingDateStart":"","latestPendingKeywords":"","latestSelectedProcess":"","listOfCategory":"0x6c8169c7","listOfSAReports":"0x70049c60","lsAttachments":"0x1a6f7d7","lsRolesFull":"0x296e2921","mapOfCategory":"0x17c585f9","messageError":"","messageSubmissionComplete":"","mySearchDateEnd":"","mySearchDateStart":"","mySearchKeywords":"","newCommentValue":"","pendingDateEnd":"","pendingDateStart":"","pendingKeywords":"","processDataOptions":"0x4376fcfd","remandBody":"","remandSubject":"","reportComments":"0x75d8a30b","reportGoodViews":"0x2da7bbb0","reportManagedViews":"0x167609b0","reportRendered":false,"roleLevel1DataOptions":"0x62139e97","roleLevel2DataOptions":"0x52e3a925","roleLevel3DataOptions":"0x4209e2f2","searchCategoryLabel":"","searchCountLabel":"","searchStateLabel":"","selectedCategoryName":"","selectedProcess":"","selectedReport":"0x6414488a","selectedReportName":"","selectedView":"","sortDataOptions":"0x1a0d95b9","stateDataOptions":"0x55e8bd5c"}|0x5a365d20
15:31:08.0 (104028990)|SYSTEM_MODE_ENTER|false
15:31:08.0 (104035872)|HEAP_ALLOCATE|[38]|Bytes:5
15:31:08.0 (104041083)|STATEMENT_EXECUTE|[38]
15:31:08.0 (104042738)|STATEMENT_EXECUTE|[38]
15:31:08.0 (104046837)|SYSTEM_MODE_EXIT|false
15:31:08.0 (109147455)|SYSTEM_MODE_ENTER|true
15:31:08.0 (118424241)|SYSTEM_MODE_ENTER|true
15:31:08.0 (118469051)|HEAP_ALLOCATE|[EXTERNAL]|Bytes:372
15:31:08.0 (118671648)|VARIABLE_ASSIGNMENT|[EXTERNAL]|this|{"attachmentId":"","basicSearchCategory":" ","basicSearchCount":"20","basicSearchDateEnd":"","basicSearchDateStart":"","basicSearchKeywords":"","basicSearchRole1":" ","basicSearchRole2":" ","basicSearchRole3":" ","basicSearchSort":" ","categoryDataOptions":"0x48a73e81","countDataOptions":"0x3613ce6c","createBody":"","createdReportId":"","createSubject":"","currentUser":"0x253374c9","draftBody":"","draftSubject":"","isApprover":false,"isCopySelected":false,"isGoodSelected":false,"isVeryGoodSelected":false,"latestBasicSearchCategory":"","latestBasicSearchCount":"","latestBasicSearchDateEnd":"","latestBasicSearchDateStart":"","latestBasicSearchKeywords":"","latestBasicSearchRole1":"","latestBasicSearchRole2":"","latestBasicSearchRole3":"","latestBasicSearchSort":"","latestMySearchCount":"","latestMySearchDateEnd":"","latestMySearchDateStart":"","latestMySearchKeywords":"","latestMySearchState":"","latestPendingCount":"","latestPendingDateEnd":"","latestPendingDateStart":"","latestPendingKeywords":"","latestSelectedProcess":"","listOfCategory":"0x6c8169c7","listOfSAReports":"0x70049c60","lsAttachments":"0x1a6f7d7","lsRolesFull":"0x296e2921","mapOfCategory":"0x17c585f9","messageError":"","messageSubmissionComplete":"","mySearchDateEnd":"","mySearchDateStart":"","mySearchKeywords":"","newCommentValue":"","pendingDateEnd":"","pendingDateStart":"","pendingKeywords":"","processDataOptions":"0x4376fcfd","remandBody":"","remandSubject":"","reportComments":"0x75d8a30b","reportGoodViews":"0x2da7bbb0","reportManagedViews":"0x167609b0","reportRendered":false,"roleLevel1DataOptions":"0x62139e97","roleLevel2DataOptions":"0x52e3a925","roleLevel3DataOptions":"0x4209e2f2","searchCategoryLabel":"","searchCountLabel":"","searchStateLabel":"","selectedCategoryName":"","selectedProcess":"","selectedReport":"0x6414488a","selectedReportName":"","selectedView":"","sortDataOptions":"0x1a0d95b9","stateDataOptions":"0x55e8bd5c"}|0x5a365d20
15:31:08.0 (118705431)|SYSTEM_MODE_ENTER|false
15:31:08.0 (118713339)|HEAP_ALLOCATE|[178]|Bytes:5
15:31:08.0 (118719218)|STATEMENT_EXECUTE|[177]
15:31:08.0 (118721197)|STATEMENT_EXECUTE|[178]
15:31:08.0 (118788482)|HEAP_ALLOCATE|[178]|Bytes:89
15:31:08.0 (118800613)|SYSTEM_METHOD_ENTRY|[1]|UserInfo.UserInfo()
15:31:08.0 (118804757)|STATEMENT_EXECUTE|[1]
15:31:08.0 (118811507)|SYSTEM_METHOD_EXIT|[1]|UserInfo
15:31:08.0 (118823657)|METHOD_ENTRY|[178]||System.UserInfo.getTimeZone()
15:31:08.0 (119063701)|METHOD_EXIT|[178]||System.UserInfo.getTimeZone()
15:31:08.0 (119072523)|VARIABLE_SCOPE_BEGIN|[178]|tz|System.TimeZone|true|false
15:31:08.0 (119098613)|VARIABLE_ASSIGNMENT|[178]|tz|{"delegate":"0x6b53e63e"}|0x5de0babd
15:31:08.0 (119104959)|STATEMENT_EXECUTE|[180]
15:31:08.0 (119155109)|HEAP_ALLOCATE|[180]|Bytes:56
15:31:08.0 (119176480)|METHOD_ENTRY|[180]||System.TimeZone.getOffset(Datetime)
15:31:08.0 (119203164)|METHOD_EXIT|[180]||System.TimeZone.getOffset(Datetime)
15:31:08.0 (119228661)|HEAP_ALLOCATE|[180]|Bytes:28
15:31:08.0 (119236980)|HEAP_ALLOCATE|[180]|Bytes:28
15:31:08.0 (119243149)|HEAP_ALLOCATE|[180]|Bytes:4
15:31:08.0 (119253062)|HEAP_ALLOCATE|[180]|Bytes:28
15:31:08.0 (119286413)|HEAP_ALLOCATE|[180]|Bytes:28
15:31:08.0 (119352572)|HEAP_ALLOCATE|[180]|Bytes:28
15:31:08.0 (119357261)|HEAP_ALLOCATE|[180]|Bytes:28
15:31:08.0 (119372943)|HEAP_ALLOCATE|[180]|Bytes:12
15:31:08.0 (119379981)|SYSTEM_MODE_EXIT|false
15:31:08.0 (144498582)|VF_SERIALIZE_VIEWSTATE_BEGIN|066N0000000M59u
15:31:08.0 (156474824)|VF_SERIALIZE_VIEWSTATE_END
15:31:08.174 (174546148)|CUMULATIVE_LIMIT_USAGE
15:31:08.174 (174546148)|LIMIT_USAGE_FOR_NS|(default)|
  Number of SOQL queries: 0 out of 100
  Number of query rows: 0 out of 50000
  Number of SOSL queries: 0 out of 20
  Number of DML statements: 0 out of 150
  Number of DML rows: 0 out of 10000
  Maximum CPU time: 0 out of 10000
  Maximum heap size: 0 out of 6000000
  Number of callouts: 0 out of 100
  Number of Email Invocations: 0 out of 10
  Number of future calls: 0 out of 50
  Number of queueable jobs added to the queue: 0 out of 50
  Number of Mobile Apex push calls: 0 out of 10

15:31:08.174 (174546148)|CUMULATIVE_LIMIT_USAGE_END

15:31:08.0 (174587035)|CODE_UNIT_FINISHED|VF: /apex/saReport
15:31:08.0 (175354438)|EXECUTION_FINISHED
