38.0 APEX_CODE,FINEST;APEX_PROFILING,INFO;CALLOUT,INFO;DB,INFO;SYSTEM,DEBUG;VALIDATION,INFO;VISUALFORCE,INFO;WAVE,INFO;WORKFLOW,INFO
11:32:50.0 (286247)|USER_INFO|[EXTERNAL]|005N00000057PfO|thomas.remy+kddi_gwdev01@globalway.co.jp|Japan Standard Time|GMT+09:00
11:32:50.0 (321098)|EXECUTION_STARTED
11:32:50.0 (324831)|CODE_UNIT_STARTED|[EXTERNAL]|066N0000000M59u|VF: /apex/saReport
11:32:50.0 (23384560)|SYSTEM_MODE_ENTER|true
11:32:50.0 (23680346)|VARIABLE_SCOPE_BEGIN|[7]|auMainTopCompCtrl.TYPE_SCREEN_CX_SCREEN|Integer|false|true
11:32:50.0 (23693959)|VARIABLE_SCOPE_BEGIN|[8]|auMainTopCompCtrl.TYPE_SCREEN_CX_TIMELINE|Integer|false|true
11:32:50.0 (23701325)|VARIABLE_SCOPE_BEGIN|[9]|auMainTopCompCtrl.TYPE_SCREEN_EVENT_SCHEDULE|Integer|false|true
11:32:50.0 (23708724)|VARIABLE_SCOPE_BEGIN|[10]|auMainTopCompCtrl.TYPE_SCREEN_EVENT_SCHEDULE_LIST|Integer|false|true
11:32:50.0 (23716184)|VARIABLE_SCOPE_BEGIN|[11]|auMainTopCompCtrl.TYPE_SCREEN_KNOWLEDGE_DASHBOARD|Integer|false|true
11:32:50.0 (23723459)|VARIABLE_SCOPE_BEGIN|[12]|auMainTopCompCtrl.TYPE_SCREEN_KNOWLEDGE_LIST|Integer|false|true
11:32:50.0 (23730433)|VARIABLE_SCOPE_BEGIN|[15]|auMainTopCompCtrl.TYPE_SCREEN_SA_CHATTER|Integer|false|true
11:32:50.0 (23737329)|VARIABLE_SCOPE_BEGIN|[16]|auMainTopCompCtrl.TYPE_SCREEN_SA_DAILYREPORT|Integer|false|true
11:32:50.0 (23744197)|VARIABLE_SCOPE_BEGIN|[18]|auMainTopCompCtrl.TYPE_SCREEN_SA_DOCUMENTS|Integer|false|true
11:32:50.0 (23752006)|VARIABLE_SCOPE_BEGIN|[17]|auMainTopCompCtrl.TYPE_SCREEN_SA_ENQUETE|Integer|false|true
11:32:50.0 (23758975)|VARIABLE_SCOPE_BEGIN|[13]|auMainTopCompCtrl.TYPE_SCREEN_SA_MESSAGES|Integer|false|true
11:32:50.0 (23766237)|VARIABLE_SCOPE_BEGIN|[19]|auMainTopCompCtrl.TYPE_SCREEN_SA_RANKING|Integer|false|true
11:32:50.0 (23773355)|VARIABLE_SCOPE_BEGIN|[14]|auMainTopCompCtrl.TYPE_SCREEN_SA_REPORTS|Integer|false|true
11:32:50.0 (23780436)|VARIABLE_SCOPE_BEGIN|[4]|auMainTopCompCtrl.TYPE_SCREEN_STPD_EVENT|Integer|false|true
11:32:50.0 (23787970)|VARIABLE_SCOPE_BEGIN|[6]|auMainTopCompCtrl.TYPE_SCREEN_STPD_SCREEN|Integer|false|true
11:32:50.0 (23795216)|VARIABLE_SCOPE_BEGIN|[5]|auMainTopCompCtrl.TYPE_SCREEN_STPD_TIMELINE|Integer|false|true
11:32:50.0 (23802766)|VARIABLE_SCOPE_BEGIN|[3]|auMainTopCompCtrl.TYPE_SCREEN_SWITCH|Integer|false|true
11:32:50.0 (23929111)|HEAP_ALLOCATE|[72]|Bytes:3
11:32:50.0 (23965758)|HEAP_ALLOCATE|[77]|Bytes:152
11:32:50.0 (23977933)|HEAP_ALLOCATE|[342]|Bytes:408
11:32:50.0 (23989634)|HEAP_ALLOCATE|[355]|Bytes:408
11:32:50.0 (24000880)|HEAP_ALLOCATE|[467]|Bytes:48
11:32:50.0 (24031046)|HEAP_ALLOCATE|[139]|Bytes:6
11:32:50.0 (24046033)|HEAP_ALLOCATE|[EXTERNAL]|Bytes:284
11:32:50.0 (24053754)|HEAP_ALLOCATE|[EXTERNAL]|Bytes:113
11:32:50.0 (24069198)|METHOD_ENTRY|[1]|01pN0000000Mill|auMainTopCompCtrl.auMainTopCompCtrl()
11:32:50.0 (24076425)|STATEMENT_EXECUTE|[1]
11:32:50.0 (24080585)|STATEMENT_EXECUTE|[1]
11:32:50.0 (24082096)|STATEMENT_EXECUTE|[3]
11:32:50.0 (24087506)|HEAP_ALLOCATE|[3]|Bytes:4
11:32:50.0 (24112468)|VARIABLE_ASSIGNMENT|[3]|auMainTopCompCtrl.TYPE_SCREEN_SWITCH|0
11:32:50.0 (24118116)|STATEMENT_EXECUTE|[4]
11:32:50.0 (24120886)|HEAP_ALLOCATE|[4]|Bytes:4
11:32:50.0 (24128099)|VARIABLE_ASSIGNMENT|[4]|auMainTopCompCtrl.TYPE_SCREEN_STPD_EVENT|11
11:32:50.0 (24132152)|STATEMENT_EXECUTE|[5]
11:32:50.0 (24134374)|HEAP_ALLOCATE|[5]|Bytes:4
11:32:50.0 (24140122)|VARIABLE_ASSIGNMENT|[5]|auMainTopCompCtrl.TYPE_SCREEN_STPD_TIMELINE|12
11:32:50.0 (24143747)|STATEMENT_EXECUTE|[6]
11:32:50.0 (24145644)|HEAP_ALLOCATE|[6]|Bytes:4
11:32:50.0 (24151750)|VARIABLE_ASSIGNMENT|[6]|auMainTopCompCtrl.TYPE_SCREEN_STPD_SCREEN|13
11:32:50.0 (24155519)|STATEMENT_EXECUTE|[7]
11:32:50.0 (24157659)|HEAP_ALLOCATE|[7]|Bytes:4
11:32:50.0 (24162669)|VARIABLE_ASSIGNMENT|[7]|auMainTopCompCtrl.TYPE_SCREEN_CX_SCREEN|21
11:32:50.0 (24166324)|STATEMENT_EXECUTE|[8]
11:32:50.0 (24168353)|HEAP_ALLOCATE|[8]|Bytes:4
11:32:50.0 (24173228)|VARIABLE_ASSIGNMENT|[8]|auMainTopCompCtrl.TYPE_SCREEN_CX_TIMELINE|22
11:32:50.0 (24176940)|STATEMENT_EXECUTE|[9]
11:32:50.0 (24178996)|HEAP_ALLOCATE|[9]|Bytes:4
11:32:50.0 (24184262)|VARIABLE_ASSIGNMENT|[9]|auMainTopCompCtrl.TYPE_SCREEN_EVENT_SCHEDULE|31
11:32:50.0 (24187629)|STATEMENT_EXECUTE|[10]
11:32:50.0 (24190001)|HEAP_ALLOCATE|[10]|Bytes:4
11:32:50.0 (24195219)|VARIABLE_ASSIGNMENT|[10]|auMainTopCompCtrl.TYPE_SCREEN_EVENT_SCHEDULE_LIST|32
11:32:50.0 (24198970)|STATEMENT_EXECUTE|[11]
11:32:50.0 (24201060)|HEAP_ALLOCATE|[11]|Bytes:4
11:32:50.0 (24206074)|VARIABLE_ASSIGNMENT|[11]|auMainTopCompCtrl.TYPE_SCREEN_KNOWLEDGE_DASHBOARD|41
11:32:50.0 (24209477)|STATEMENT_EXECUTE|[12]
11:32:50.0 (24211734)|HEAP_ALLOCATE|[12]|Bytes:4
11:32:50.0 (24217048)|VARIABLE_ASSIGNMENT|[12]|auMainTopCompCtrl.TYPE_SCREEN_KNOWLEDGE_LIST|42
11:32:50.0 (24220468)|STATEMENT_EXECUTE|[13]
11:32:50.0 (24222592)|HEAP_ALLOCATE|[13]|Bytes:4
11:32:50.0 (24228400)|VARIABLE_ASSIGNMENT|[13]|auMainTopCompCtrl.TYPE_SCREEN_SA_MESSAGES|51
11:32:50.0 (24231822)|STATEMENT_EXECUTE|[14]
11:32:50.0 (24233864)|HEAP_ALLOCATE|[14]|Bytes:4
11:32:50.0 (24239263)|VARIABLE_ASSIGNMENT|[14]|auMainTopCompCtrl.TYPE_SCREEN_SA_REPORTS|52
11:32:50.0 (24242889)|STATEMENT_EXECUTE|[15]
11:32:50.0 (24244899)|HEAP_ALLOCATE|[15]|Bytes:4
11:32:50.0 (24250036)|VARIABLE_ASSIGNMENT|[15]|auMainTopCompCtrl.TYPE_SCREEN_SA_CHATTER|53
11:32:50.0 (24253266)|STATEMENT_EXECUTE|[16]
11:32:50.0 (24255153)|HEAP_ALLOCATE|[16]|Bytes:4
11:32:50.0 (24260348)|VARIABLE_ASSIGNMENT|[16]|auMainTopCompCtrl.TYPE_SCREEN_SA_DAILYREPORT|54
11:32:50.0 (24263960)|STATEMENT_EXECUTE|[17]
11:32:50.0 (24265941)|HEAP_ALLOCATE|[17]|Bytes:4
11:32:50.0 (24271061)|VARIABLE_ASSIGNMENT|[17]|auMainTopCompCtrl.TYPE_SCREEN_SA_ENQUETE|55
11:32:50.0 (24274596)|STATEMENT_EXECUTE|[18]
11:32:50.0 (24276728)|HEAP_ALLOCATE|[18]|Bytes:4
11:32:50.0 (24282042)|VARIABLE_ASSIGNMENT|[18]|auMainTopCompCtrl.TYPE_SCREEN_SA_DOCUMENTS|56
11:32:50.0 (24285522)|STATEMENT_EXECUTE|[19]
11:32:50.0 (24287360)|HEAP_ALLOCATE|[19]|Bytes:4
11:32:50.0 (24292766)|VARIABLE_ASSIGNMENT|[19]|auMainTopCompCtrl.TYPE_SCREEN_SA_RANKING|57
11:32:50.0 (24300240)|METHOD_EXIT|[1]|auMainTopCompCtrl
11:32:50.0 (24362779)|HEAP_ALLOCATE|[EXTERNAL]|Bytes:40
11:32:50.0 (24372708)|VARIABLE_SCOPE_BEGIN|[38]|this|auMainTopCompCtrl|true|false
11:32:50.0 (24432299)|VARIABLE_ASSIGNMENT|[38]|this|{}|0x1fe7fd56
11:32:50.0 (24441829)|STATEMENT_EXECUTE|[1]
11:32:50.0 (24443495)|STATEMENT_EXECUTE|[21]
11:32:50.0 (24444967)|STATEMENT_EXECUTE|[22]
11:32:50.0 (24446333)|STATEMENT_EXECUTE|[23]
11:32:50.0 (24447704)|STATEMENT_EXECUTE|[26]
11:32:50.0 (24449047)|STATEMENT_EXECUTE|[27]
11:32:50.0 (24450376)|STATEMENT_EXECUTE|[28]
11:32:50.0 (24451719)|STATEMENT_EXECUTE|[30]
11:32:50.0 (24453053)|STATEMENT_EXECUTE|[31]
11:32:50.0 (24454592)|STATEMENT_EXECUTE|[33]
11:32:50.0 (24462657)|HEAP_ALLOCATE|[39]|Bytes:6
11:32:50.0 (24518025)|STATEMENT_EXECUTE|[38]
11:32:50.0 (24520168)|STATEMENT_EXECUTE|[39]
11:32:50.0 (24641859)|VARIABLE_ASSIGNMENT|[EXTERNAL]|this|{}|0x1fe7fd56
11:32:50.0 (24652993)|VARIABLE_ASSIGNMENT|[EXTERNAL]|value|0
11:32:50.0 (24660324)|HEAP_ALLOCATE|[26]|Bytes:4
11:32:50.0 (24670344)|VARIABLE_ASSIGNMENT|[26]|this.iTypeOfScreen|0|0x1fe7fd56
11:32:50.0 (24681285)|STATEMENT_EXECUTE|[41]
11:32:50.0 (25904853)|HEAP_ALLOCATE|[41]|Bytes:112
11:32:50.0 (26029335)|VARIABLE_ASSIGNMENT|[EXTERNAL]|this|{"iTypeOfScreen":0}|0x1fe7fd56
11:32:50.0 (26044778)|VARIABLE_ASSIGNMENT|[EXTERNAL]|value|"https://cs6.lightnin (84 more) ..."
11:32:50.0 (26059282)|VARIABLE_ASSIGNMENT|[31]|this.urlReportsSFA|"https://cs6.lightnin (84 more) ..."|0x1fe7fd56
11:32:50.0 (26069521)|STATEMENT_EXECUTE|[43]
11:32:50.0 (26073254)|HEAP_ALLOCATE|[43]|Bytes:173
11:32:50.0 (26095352)|HEAP_ALLOCATE|[43]|Bytes:4
11:32:50.0 (26107006)|HEAP_ALLOCATE|[43]|Bytes:7
11:32:50.0 (26143169)|HEAP_ALLOCATE|[47]|Bytes:85
11:32:50.0 (26154282)|SYSTEM_METHOD_ENTRY|[1]|UserInfo.UserInfo()
11:32:50.0 (26158357)|STATEMENT_EXECUTE|[1]
11:32:50.0 (26165098)|SYSTEM_METHOD_EXIT|[1]|UserInfo
11:32:50.0 (26177148)|METHOD_ENTRY|[47]||System.UserInfo.getUserId()
11:32:50.0 (26250680)|METHOD_EXIT|[47]||System.UserInfo.getUserId()
11:32:50.0 (29203453)|SOQL_EXECUTE_BEGIN|[43]|Aggregations:0|SELECT SmallPhotoUrl, Account.Name, Account.RegionalOfficeId__r.RegionalOfficeName__c, Account.BranchId__r.BranchName__c, Name, Department FROM User WHERE User.ID = :tmpVar1
11:32:50.0 (33118289)|SOQL_EXECUTE_END|[43]|Rows:1
11:32:50.0 (33141076)|HEAP_ALLOCATE|[43]|Bytes:8
11:32:50.0 (33162083)|HEAP_ALLOCATE|[43]|Bytes:115
11:32:50.0 (33238284)|HEAP_ALLOCATE|[43]|Bytes:8
11:32:50.0 (33249774)|HEAP_ALLOCATE|[43]|Bytes:30
11:32:50.0 (33290905)|HEAP_ALLOCATE|[43]|Bytes:16
11:32:50.0 (33342482)|VARIABLE_ASSIGNMENT|[EXTERNAL]|this|{"iTypeOfScreen":0,"urlReportsSFA":"https://cs6.lightnin (84 more) ..."}|0x1fe7fd56
11:32:50.0 (33360644)|VARIABLE_ASSIGNMENT|[EXTERNAL]|value|{"SmallPhotoUrl":"https://c.cs6.conten (30 more) ...","Name":"Thomas Remy","Id":"005N00000057PfOIAU"}|0x24839b0c
11:32:50.0 (33375316)|VARIABLE_ASSIGNMENT|[30]|this.currentUser|{"SmallPhotoUrl":"https://c.cs6.conten (30 more) ...","Name":"Thomas Remy","Id":"005N00000057PfOIAU"}|0x1fe7fd56
11:32:50.0 (33809519)|SYSTEM_MODE_ENTER|true
11:32:50.0 (33838688)|HEAP_ALLOCATE|[EXTERNAL]|Bytes:40
11:32:50.0 (33849217)|VARIABLE_ASSIGNMENT|[EXTERNAL]|this.iCountComments|null|0x1fe7fd56
11:32:50.0 (33904272)|SYSTEM_MODE_ENTER|true
11:32:50.0 (33920177)|HEAP_ALLOCATE|[EXTERNAL]|Bytes:40
11:32:50.0 (33929199)|VARIABLE_ASSIGNMENT|[EXTERNAL]|this.iCountLikes|null|0x1fe7fd56
11:32:50.0 (37873901)|SYSTEM_MODE_ENTER|true
11:32:50.0 (37899335)|VARIABLE_SCOPE_BEGIN|[5]|saReportCtrl.CASES_CHARACTER|String|false|true
11:32:50.0 (37909696)|VARIABLE_SCOPE_BEGIN|[8]|saReportCtrl.SEARCH_COUNT_NUMBER100|String|false|true
11:32:50.0 (37916959)|VARIABLE_SCOPE_BEGIN|[6]|saReportCtrl.SEARCH_COUNT_NUMBER20|String|false|true
11:32:50.0 (37924115)|VARIABLE_SCOPE_BEGIN|[7]|saReportCtrl.SEARCH_COUNT_NUMBER50|String|false|true
11:32:50.0 (37931453)|VARIABLE_SCOPE_BEGIN|[13]|saReportCtrl.SORTED_BY_FAVORITES_LABEL|String|false|true
11:32:50.0 (37938776)|VARIABLE_SCOPE_BEGIN|[19]|saReportCtrl.SORTED_BY_FAVORITES_VALUE|String|false|true
11:32:50.0 (37945965)|VARIABLE_SCOPE_BEGIN|[11]|saReportCtrl.SORTED_BY_NEWS_LABEL|String|false|true
11:32:50.0 (37953459)|VARIABLE_SCOPE_BEGIN|[17]|saReportCtrl.SORTED_BY_NEWS_VALUE|String|false|true
11:32:50.0 (37960491)|VARIABLE_SCOPE_BEGIN|[10]|saReportCtrl.SORTED_BY_NONE_LABEL|String|false|true
11:32:50.0 (37967329)|VARIABLE_SCOPE_BEGIN|[16]|saReportCtrl.SORTED_BY_NONE_VALUE|String|false|true
11:32:50.0 (37974579)|VARIABLE_SCOPE_BEGIN|[12]|saReportCtrl.SORTED_BY_NUMBER_OF_VIEWS_LABEL|String|false|true
11:32:50.0 (37982167)|VARIABLE_SCOPE_BEGIN|[18]|saReportCtrl.SORTED_BY_NUMBER_OF_VIEWS_VALUE|String|false|true
11:32:50.0 (37989527)|VARIABLE_SCOPE_BEGIN|[14]|saReportCtrl.SORTED_BY_RELEASE_DATES_LABEL|String|false|true
11:32:50.0 (37997190)|VARIABLE_SCOPE_BEGIN|[20]|saReportCtrl.SORTED_BY_RELEASE_DATES_VALUE|String|false|true
11:32:50.0 (38022884)|HEAP_ALLOCATE|[EXTERNAL]|Bytes:644
11:32:50.0 (38032856)|HEAP_ALLOCATE|[EXTERNAL]|Bytes:160
11:32:50.0 (38042260)|HEAP_ALLOCATE|[EXTERNAL]|Bytes:134
11:32:50.0 (38046888)|HEAP_ALLOCATE|[EXTERNAL]|Bytes:1
11:32:50.0 (38055726)|VARIABLE_ASSIGNMENT|[EXTERNAL]|saReportCtrl.CASES_CHARACTER|"件"
11:32:50.0 (38060625)|HEAP_ALLOCATE|[EXTERNAL]|Bytes:4
11:32:50.0 (38066556)|VARIABLE_ASSIGNMENT|[EXTERNAL]|saReportCtrl.SEARCH_COUNT_NUMBER100|"100件"
11:32:50.0 (38070625)|HEAP_ALLOCATE|[EXTERNAL]|Bytes:3
11:32:50.0 (38075959)|VARIABLE_ASSIGNMENT|[EXTERNAL]|saReportCtrl.SEARCH_COUNT_NUMBER20|"20件"
11:32:50.0 (38079920)|HEAP_ALLOCATE|[EXTERNAL]|Bytes:3
11:32:50.0 (38085080)|VARIABLE_ASSIGNMENT|[EXTERNAL]|saReportCtrl.SEARCH_COUNT_NUMBER50|"50件"
11:32:50.0 (38088902)|HEAP_ALLOCATE|[EXTERNAL]|Bytes:4
11:32:50.0 (38094527)|VARIABLE_ASSIGNMENT|[EXTERNAL]|saReportCtrl.SORTED_BY_FAVORITES_LABEL|"いいね順"
11:32:50.0 (38098313)|HEAP_ALLOCATE|[EXTERNAL]|Bytes:4
11:32:50.0 (38103528)|VARIABLE_ASSIGNMENT|[EXTERNAL]|saReportCtrl.SORTED_BY_FAVORITES_VALUE|"いいね順"
11:32:50.0 (38107178)|HEAP_ALLOCATE|[EXTERNAL]|Bytes:3
11:32:50.0 (38112664)|VARIABLE_ASSIGNMENT|[EXTERNAL]|saReportCtrl.SORTED_BY_NEWS_LABEL|"NEW"
11:32:50.0 (38117256)|HEAP_ALLOCATE|[EXTERNAL]|Bytes:3
11:32:50.0 (38122622)|VARIABLE_ASSIGNMENT|[EXTERNAL]|saReportCtrl.SORTED_BY_NEWS_VALUE|"NEW"
11:32:50.0 (38126268)|HEAP_ALLOCATE|[EXTERNAL]|Bytes:1
11:32:50.0 (38131512)|VARIABLE_ASSIGNMENT|[EXTERNAL]|saReportCtrl.SORTED_BY_NONE_LABEL|" "
11:32:50.0 (38135266)|HEAP_ALLOCATE|[EXTERNAL]|Bytes:1
11:32:50.0 (38140384)|VARIABLE_ASSIGNMENT|[EXTERNAL]|saReportCtrl.SORTED_BY_NONE_VALUE|" "
11:32:50.0 (38144310)|HEAP_ALLOCATE|[EXTERNAL]|Bytes:4
11:32:50.0 (38149664)|VARIABLE_ASSIGNMENT|[EXTERNAL]|saReportCtrl.SORTED_BY_NUMBER_OF_VIEWS_LABEL|"閲覧数順"
11:32:50.0 (38153520)|HEAP_ALLOCATE|[EXTERNAL]|Bytes:4
11:32:50.0 (38158921)|VARIABLE_ASSIGNMENT|[EXTERNAL]|saReportCtrl.SORTED_BY_NUMBER_OF_VIEWS_VALUE|"閲覧数順"
11:32:50.0 (38162547)|HEAP_ALLOCATE|[EXTERNAL]|Bytes:4
11:32:50.0 (38168184)|VARIABLE_ASSIGNMENT|[EXTERNAL]|saReportCtrl.SORTED_BY_RELEASE_DATES_LABEL|"公開日時"
11:32:50.0 (38172050)|HEAP_ALLOCATE|[EXTERNAL]|Bytes:4
11:32:50.0 (38177539)|VARIABLE_ASSIGNMENT|[EXTERNAL]|saReportCtrl.SORTED_BY_RELEASE_DATES_VALUE|"公開日時"
11:32:50.0 (38188959)|METHOD_ENTRY|[1]|01pN0000000aEUV|saReportCtrl.saReportCtrl()
11:32:50.0 (38194683)|STATEMENT_EXECUTE|[1]
11:32:50.0 (38198370)|STATEMENT_EXECUTE|[1]
11:32:50.0 (38211537)|SYSTEM_MODE_ENTER|false
11:32:50.0 (38226557)|HEAP_ALLOCATE|[EXTERNAL]|Bytes:5
11:32:50.0 (38235208)|SYSTEM_MODE_EXIT|false
11:32:50.0 (38244710)|METHOD_EXIT|[1]|saReportCtrl
11:32:50.0 (38362408)|HEAP_ALLOCATE|[EXTERNAL]|Bytes:120
11:32:50.0 (38372905)|VARIABLE_SCOPE_BEGIN|[83]|this|saReportCtrl|true|false
11:32:50.0 (38474037)|VARIABLE_ASSIGNMENT|[83]|this|{}|0x67cb1ad6
11:32:50.0 (38494934)|SYSTEM_MODE_ENTER|false
11:32:50.0 (38502876)|HEAP_ALLOCATE|[85]|Bytes:5
11:32:50.0 (38507725)|STATEMENT_EXECUTE|[1]
11:32:50.0 (38512767)|HEAP_ALLOCATE|[85]|Bytes:5
11:32:50.0 (38516205)|STATEMENT_EXECUTE|[23]
11:32:50.0 (38517882)|STATEMENT_EXECUTE|[26]
11:32:50.0 (38519231)|STATEMENT_EXECUTE|[28]
11:32:50.0 (38520601)|STATEMENT_EXECUTE|[30]
11:32:50.0 (38521958)|STATEMENT_EXECUTE|[31]
11:32:50.0 (38523307)|STATEMENT_EXECUTE|[34]
11:32:50.0 (38524660)|STATEMENT_EXECUTE|[35]
11:32:50.0 (38526321)|STATEMENT_EXECUTE|[37]
11:32:50.0 (38527824)|STATEMENT_EXECUTE|[40]
11:32:50.0 (38529162)|STATEMENT_EXECUTE|[44]
11:32:50.0 (38530495)|STATEMENT_EXECUTE|[45]
11:32:50.0 (38531829)|STATEMENT_EXECUTE|[46]
11:32:50.0 (38533175)|STATEMENT_EXECUTE|[50]
11:32:50.0 (38534512)|STATEMENT_EXECUTE|[51]
11:32:50.0 (38535849)|STATEMENT_EXECUTE|[52]
11:32:50.0 (38537183)|STATEMENT_EXECUTE|[53]
11:32:50.0 (38538512)|STATEMENT_EXECUTE|[54]
11:32:50.0 (38539834)|STATEMENT_EXECUTE|[55]
11:32:50.0 (38541241)|STATEMENT_EXECUTE|[57]
11:32:50.0 (38542644)|STATEMENT_EXECUTE|[58]
11:32:50.0 (38548868)|STATEMENT_EXECUTE|[59]
11:32:50.0 (38550247)|STATEMENT_EXECUTE|[65]
11:32:50.0 (38551567)|STATEMENT_EXECUTE|[66]
11:32:50.0 (38552892)|STATEMENT_EXECUTE|[67]
11:32:50.0 (38554234)|STATEMENT_EXECUTE|[68]
11:32:50.0 (38555651)|STATEMENT_EXECUTE|[69]
11:32:50.0 (38556976)|STATEMENT_EXECUTE|[70]
11:32:50.0 (38558298)|STATEMENT_EXECUTE|[71]
11:32:50.0 (38559628)|STATEMENT_EXECUTE|[72]
11:32:50.0 (38579101)|STATEMENT_EXECUTE|[83]
11:32:50.0 (38581255)|STATEMENT_EXECUTE|[85]
11:32:50.0 (38584375)|HEAP_ALLOCATE|[85]|Bytes:17
11:32:50.0 (38625843)|USER_DEBUG|[85]|DEBUG|Run: saReportCtrl
11:32:50.0 (38635437)|STATEMENT_EXECUTE|[88]
11:32:50.0 (38685624)|METHOD_ENTRY|[88]|01pN0000000aEUV|saReportCtrl.initHomePage()
11:32:50.0 (38707031)|VARIABLE_SCOPE_BEGIN|[117]|this|saReportCtrl|true|false
11:32:50.0 (38749015)|VARIABLE_ASSIGNMENT|[117]|this|{}|0x67cb1ad6
11:32:50.0 (38765853)|HEAP_ALLOCATE|[119]|Bytes:5
11:32:50.0 (38770228)|STATEMENT_EXECUTE|[117]
11:32:50.0 (38771884)|STATEMENT_EXECUTE|[119]
11:32:50.0 (38781127)|METHOD_ENTRY|[119]|01pN0000000aEUV|saReportCtrl.initCategory()
11:32:50.0 (38799614)|VARIABLE_SCOPE_BEGIN|[143]|this|saReportCtrl|true|false
11:32:50.0 (38837790)|VARIABLE_ASSIGNMENT|[143]|this|{}|0x67cb1ad6
11:32:50.0 (38851653)|HEAP_ALLOCATE|[145]|Bytes:5
11:32:50.0 (38855911)|STATEMENT_EXECUTE|[143]
11:32:50.0 (38857499)|STATEMENT_EXECUTE|[145]
11:32:50.0 (38860325)|HEAP_ALLOCATE|[145]|Bytes:17
11:32:50.0 (38878485)|USER_DEBUG|[145]|DEBUG|Run: initCategory
11:32:50.0 (38885965)|STATEMENT_EXECUTE|[148]
11:32:50.0 (38888124)|HEAP_ALLOCATE|[148]|Bytes:57
11:32:50.0 (38894916)|VARIABLE_SCOPE_BEGIN|[148]|queryStr|String|false|false
11:32:50.0 (38906930)|VARIABLE_ASSIGNMENT|[148]|queryStr|" SELECT Availability (37 more) ..."
11:32:50.0 (38911478)|STATEMENT_EXECUTE|[149]
11:32:50.0 (38913694)|HEAP_ALLOCATE|[149]|Bytes:44
11:32:50.0 (38931110)|HEAP_ALLOCATE|[149]|Bytes:101
11:32:50.0 (38945654)|USER_DEBUG|[149]|DEBUG|Request to gather the report's categories :  SELECT AvailabilityDate__c,Category__c FROM saReport__c 
11:32:50.0 (38953302)|STATEMENT_EXECUTE|[150]
11:32:50.0 (39594954)|SOQL_EXECUTE_BEGIN|[150]|Aggregations:0| SELECT AvailabilityDate__c,Category__c FROM saReport__c 
11:32:50.0 (42190552)|SOQL_EXECUTE_END|[150]|Rows:6
11:32:50.0 (42213170)|HEAP_ALLOCATE|[150]|Bytes:28
11:32:50.0 (42239849)|HEAP_ALLOCATE|[150]|Bytes:468
11:32:50.0 (42270457)|HEAP_ALLOCATE|[150]|Bytes:28
11:32:50.0 (42291359)|VARIABLE_SCOPE_BEGIN|[150]|listOfReportsCategories|List<saReport__c>|true|false
11:32:50.0 (42309776)|VARIABLE_ASSIGNMENT|[150]|listOfReportsCategories|"List of size 6 too large to display"|0x6cd034f
11:32:50.0 (42316174)|STATEMENT_EXECUTE|[152]
11:32:50.0 (42326641)|HEAP_ALLOCATE|[152]|Bytes:4
11:32:50.0 (42358271)|VARIABLE_SCOPE_BEGIN|[152]|listOfCategory|List<String>|true|false
11:32:50.0 (42383652)|HEAP_ALLOCATE|[EXTERNAL]|Bytes:4
11:32:50.0 (42394834)|VARIABLE_ASSIGNMENT|[152]|listOfCategory|[]|0x4e4fe8a
11:32:50.0 (42575048)|HEAP_ALLOCATE|[156]|Bytes:5
11:32:50.0 (42593871)|HEAP_ALLOCATE|[156]|Bytes:16
11:32:50.0 (42604429)|VARIABLE_SCOPE_BEGIN|[156]|report|saReport__c|true|false
11:32:50.0 (42644496)|VARIABLE_ASSIGNMENT|[156]|report|{"AvailabilityDate__c":"3000-03-09T03:20:00.000Z","Category__c":"au Wallet","Id":"a0HN0000008OfjdMAC"}|0x78dedd24
11:32:50.0 (42651934)|STATEMENT_EXECUTE|[156]
11:32:50.0 (42653682)|STATEMENT_EXECUTE|[157]
11:32:50.0 (42658027)|VARIABLE_SCOPE_BEGIN|[157]|i|Integer|false|false
11:32:50.0 (42664490)|HEAP_ALLOCATE|[157]|Bytes:4
11:32:50.0 (42671044)|VARIABLE_ASSIGNMENT|[157]|i|0
11:32:50.0 (42675024)|STATEMENT_EXECUTE|[158]
11:32:50.0 (42678618)|VARIABLE_SCOPE_BEGIN|[158]|alreadyAdded|Boolean|false|false
11:32:50.0 (42686013)|HEAP_ALLOCATE|[158]|Bytes:5
11:32:50.0 (42691350)|VARIABLE_ASSIGNMENT|[158]|alreadyAdded|false
11:32:50.0 (42695193)|STATEMENT_EXECUTE|[159]
11:32:50.0 (42697887)|VARIABLE_SCOPE_BEGIN|[159]|available|Boolean|false|false
11:32:50.0 (42703878)|HEAP_ALLOCATE|[159]|Bytes:5
11:32:50.0 (42708651)|VARIABLE_ASSIGNMENT|[159]|available|false
11:32:50.0 (42783752)|HEAP_ALLOCATE|[160]|Bytes:56
11:32:50.0 (42808923)|STATEMENT_EXECUTE|[160]
11:32:50.0 (42813302)|STATEMENT_EXECUTE|[171]
11:32:50.0 (42821858)|HEAP_ALLOCATE|[156]|Bytes:5
11:32:50.0 (42832922)|HEAP_ALLOCATE|[156]|Bytes:16
11:32:50.0 (42840456)|VARIABLE_SCOPE_BEGIN|[156]|report|saReport__c|true|false
11:32:50.0 (42862228)|VARIABLE_ASSIGNMENT|[156]|report|{"AvailabilityDate__c":"3000-03-09T03:18:00.000Z","Category__c":"au Wallet","Id":"a0HN0000008Oba9MAC"}|0x46bb8a6b
11:32:50.0 (42868710)|STATEMENT_EXECUTE|[156]
11:32:50.0 (42870268)|STATEMENT_EXECUTE|[157]
11:32:50.0 (42873518)|VARIABLE_SCOPE_BEGIN|[157]|i|Integer|false|false
11:32:50.0 (42879629)|HEAP_ALLOCATE|[157]|Bytes:4
11:32:50.0 (42884821)|VARIABLE_ASSIGNMENT|[157]|i|0
11:32:50.0 (42888331)|STATEMENT_EXECUTE|[158]
11:32:50.0 (42891153)|VARIABLE_SCOPE_BEGIN|[158]|alreadyAdded|Boolean|false|false
11:32:50.0 (42897897)|HEAP_ALLOCATE|[158]|Bytes:5
11:32:50.0 (42902369)|VARIABLE_ASSIGNMENT|[158]|alreadyAdded|false
11:32:50.0 (42905705)|STATEMENT_EXECUTE|[159]
11:32:50.0 (42908061)|VARIABLE_SCOPE_BEGIN|[159]|available|Boolean|false|false
11:32:50.0 (42913842)|HEAP_ALLOCATE|[159]|Bytes:5
11:32:50.0 (42918053)|VARIABLE_ASSIGNMENT|[159]|available|false
11:32:50.0 (42939452)|HEAP_ALLOCATE|[160]|Bytes:56
11:32:50.0 (42953201)|STATEMENT_EXECUTE|[160]
11:32:50.0 (42956327)|STATEMENT_EXECUTE|[171]
11:32:50.0 (42962863)|HEAP_ALLOCATE|[156]|Bytes:5
11:32:50.0 (42971955)|HEAP_ALLOCATE|[156]|Bytes:16
11:32:50.0 (42978122)|VARIABLE_SCOPE_BEGIN|[156]|report|saReport__c|true|false
11:32:50.0 (42995882)|VARIABLE_ASSIGNMENT|[156]|report|{"AvailabilityDate__c":"3000-03-09T03:20:00.000Z","Category__c":"その他","Id":"a0HN0000008OfjYMAS"}|0x2818b99b
11:32:50.0 (43002019)|STATEMENT_EXECUTE|[156]
11:32:50.0 (43004201)|STATEMENT_EXECUTE|[157]
11:32:50.0 (43007856)|VARIABLE_SCOPE_BEGIN|[157]|i|Integer|false|false
11:32:50.0 (43013882)|HEAP_ALLOCATE|[157]|Bytes:4
11:32:50.0 (43018626)|VARIABLE_ASSIGNMENT|[157]|i|0
11:32:50.0 (43022143)|STATEMENT_EXECUTE|[158]
11:32:50.0 (43024534)|VARIABLE_SCOPE_BEGIN|[158]|alreadyAdded|Boolean|false|false
11:32:50.0 (43031052)|HEAP_ALLOCATE|[158]|Bytes:5
11:32:50.0 (43035563)|VARIABLE_ASSIGNMENT|[158]|alreadyAdded|false
11:32:50.0 (43038883)|STATEMENT_EXECUTE|[159]
11:32:50.0 (43041177)|VARIABLE_SCOPE_BEGIN|[159]|available|Boolean|false|false
11:32:50.0 (43046904)|HEAP_ALLOCATE|[159]|Bytes:5
11:32:50.0 (43051233)|VARIABLE_ASSIGNMENT|[159]|available|false
11:32:50.0 (43067145)|HEAP_ALLOCATE|[160]|Bytes:56
11:32:50.0 (43079341)|STATEMENT_EXECUTE|[160]
11:32:50.0 (43082457)|STATEMENT_EXECUTE|[171]
11:32:50.0 (43089125)|HEAP_ALLOCATE|[156]|Bytes:5
11:32:50.0 (43097851)|HEAP_ALLOCATE|[156]|Bytes:16
11:32:50.0 (43104177)|VARIABLE_SCOPE_BEGIN|[156]|report|saReport__c|true|false
11:32:50.0 (43120848)|VARIABLE_ASSIGNMENT|[156]|report|{"AvailabilityDate__c":"2018-03-09T08:00:00.000Z","Category__c":"新iPhone","Id":"a0HN0000008OfliMAC"}|0x7e36daa2
11:32:50.0 (43127469)|STATEMENT_EXECUTE|[156]
11:32:50.0 (43129007)|STATEMENT_EXECUTE|[157]
11:32:50.0 (43132069)|VARIABLE_SCOPE_BEGIN|[157]|i|Integer|false|false
11:32:50.0 (43137556)|HEAP_ALLOCATE|[157]|Bytes:4
11:32:50.0 (43142911)|VARIABLE_ASSIGNMENT|[157]|i|0
11:32:50.0 (43146525)|STATEMENT_EXECUTE|[158]
11:32:50.0 (43148880)|VARIABLE_SCOPE_BEGIN|[158]|alreadyAdded|Boolean|false|false
11:32:50.0 (43155403)|HEAP_ALLOCATE|[158]|Bytes:5
11:32:50.0 (43160079)|VARIABLE_ASSIGNMENT|[158]|alreadyAdded|false
11:32:50.0 (43163277)|STATEMENT_EXECUTE|[159]
11:32:50.0 (43165532)|VARIABLE_SCOPE_BEGIN|[159]|available|Boolean|false|false
11:32:50.0 (43171184)|HEAP_ALLOCATE|[159]|Bytes:5
11:32:50.0 (43175441)|VARIABLE_ASSIGNMENT|[159]|available|false
11:32:50.0 (43191162)|HEAP_ALLOCATE|[160]|Bytes:56
11:32:50.0 (43203370)|STATEMENT_EXECUTE|[160]
11:32:50.0 (43204981)|STATEMENT_EXECUTE|[161]
11:32:50.0 (43207934)|HEAP_ALLOCATE|[161]|Bytes:5
11:32:50.0 (43213234)|VARIABLE_ASSIGNMENT|[161]|available|true
11:32:50.0 (43237476)|STATEMENT_EXECUTE|[162]
11:32:50.0 (43250554)|STATEMENT_EXECUTE|[163]
11:32:50.0 (43252221)|STATEMENT_EXECUTE|[167]
11:32:50.0 (43254669)|HEAP_ALLOCATE|[167]|Bytes:4
11:32:50.0 (43260605)|VARIABLE_ASSIGNMENT|[167]|i|1
11:32:50.0 (43270002)|STATEMENT_EXECUTE|[162]
11:32:50.0 (43276119)|STATEMENT_EXECUTE|[163]
11:32:50.0 (43277595)|STATEMENT_EXECUTE|[167]
11:32:50.0 (43279066)|HEAP_ALLOCATE|[167]|Bytes:4
11:32:50.0 (43283377)|VARIABLE_ASSIGNMENT|[167]|i|2
11:32:50.0 (43291296)|STATEMENT_EXECUTE|[162]
11:32:50.0 (43297012)|STATEMENT_EXECUTE|[163]
11:32:50.0 (43298471)|STATEMENT_EXECUTE|[167]
11:32:50.0 (43299935)|HEAP_ALLOCATE|[167]|Bytes:4
11:32:50.0 (43304151)|VARIABLE_ASSIGNMENT|[167]|i|3
11:32:50.0 (43311899)|STATEMENT_EXECUTE|[162]
11:32:50.0 (43317649)|STATEMENT_EXECUTE|[163]
11:32:50.0 (43319223)|STATEMENT_EXECUTE|[167]
11:32:50.0 (43320701)|HEAP_ALLOCATE|[167]|Bytes:4
11:32:50.0 (43325100)|VARIABLE_ASSIGNMENT|[167]|i|4
11:32:50.0 (43333099)|STATEMENT_EXECUTE|[162]
11:32:50.0 (43338814)|STATEMENT_EXECUTE|[163]
11:32:50.0 (43340281)|STATEMENT_EXECUTE|[167]
11:32:50.0 (43341740)|HEAP_ALLOCATE|[167]|Bytes:4
11:32:50.0 (43345879)|VARIABLE_ASSIGNMENT|[167]|i|5
11:32:50.0 (43353416)|STATEMENT_EXECUTE|[162]
11:32:50.0 (43359082)|STATEMENT_EXECUTE|[163]
11:32:50.0 (43360534)|STATEMENT_EXECUTE|[167]
11:32:50.0 (43362027)|HEAP_ALLOCATE|[167]|Bytes:4
11:32:50.0 (43366332)|VARIABLE_ASSIGNMENT|[167]|i|6
11:32:50.0 (43375820)|STATEMENT_EXECUTE|[171]
11:32:50.0 (43377405)|STATEMENT_EXECUTE|[172]
11:32:50.0 (43425679)|HEAP_ALLOCATE|[EXTERNAL]|Bytes:4
11:32:50.0 (43442119)|HEAP_ALLOCATE|[156]|Bytes:5
11:32:50.0 (43453290)|HEAP_ALLOCATE|[156]|Bytes:16
11:32:50.0 (43460802)|VARIABLE_SCOPE_BEGIN|[156]|report|saReport__c|true|false
11:32:50.0 (43481483)|VARIABLE_ASSIGNMENT|[156]|report|{"AvailabilityDate__c":"3000-03-09T03:19:00.000Z","Category__c":"新iPhone","Id":"a0HN0000008OfdTMAS"}|0x700f0fbd
11:32:50.0 (43488311)|STATEMENT_EXECUTE|[156]
11:32:50.0 (43490223)|STATEMENT_EXECUTE|[157]
11:32:50.0 (43493557)|VARIABLE_SCOPE_BEGIN|[157]|i|Integer|false|false
11:32:50.0 (43499163)|HEAP_ALLOCATE|[157]|Bytes:4
11:32:50.0 (43504041)|VARIABLE_ASSIGNMENT|[157]|i|0
11:32:50.0 (43507393)|STATEMENT_EXECUTE|[158]
11:32:50.0 (43509964)|VARIABLE_SCOPE_BEGIN|[158]|alreadyAdded|Boolean|false|false
11:32:50.0 (43516455)|HEAP_ALLOCATE|[158]|Bytes:5
11:32:50.0 (43520999)|VARIABLE_ASSIGNMENT|[158]|alreadyAdded|false
11:32:50.0 (43524354)|STATEMENT_EXECUTE|[159]
11:32:50.0 (43526516)|VARIABLE_SCOPE_BEGIN|[159]|available|Boolean|false|false
11:32:50.0 (43532993)|HEAP_ALLOCATE|[159]|Bytes:5
11:32:50.0 (43537484)|VARIABLE_ASSIGNMENT|[159]|available|false
11:32:50.0 (43561785)|HEAP_ALLOCATE|[160]|Bytes:56
11:32:50.0 (43575753)|STATEMENT_EXECUTE|[160]
11:32:50.0 (43578936)|STATEMENT_EXECUTE|[171]
11:32:50.0 (43585439)|HEAP_ALLOCATE|[156]|Bytes:5
11:32:50.0 (43594877)|HEAP_ALLOCATE|[156]|Bytes:16
11:32:50.0 (43601059)|VARIABLE_SCOPE_BEGIN|[156]|report|saReport__c|true|false
11:32:50.0 (43619210)|VARIABLE_ASSIGNMENT|[156]|report|{"AvailabilityDate__c":"2018-03-09T05:34:00.000Z","Category__c":"新iPhone","Id":"a0HN0000008OfbOMAS"}|0x6afd2b05
11:32:50.0 (43625640)|STATEMENT_EXECUTE|[156]
11:32:50.0 (43627105)|STATEMENT_EXECUTE|[157]
11:32:50.0 (43630329)|VARIABLE_SCOPE_BEGIN|[157]|i|Integer|false|false
11:32:50.0 (43636274)|HEAP_ALLOCATE|[157]|Bytes:4
11:32:50.0 (43641306)|VARIABLE_ASSIGNMENT|[157]|i|0
11:32:50.0 (43644764)|STATEMENT_EXECUTE|[158]
11:32:50.0 (43647087)|VARIABLE_SCOPE_BEGIN|[158]|alreadyAdded|Boolean|false|false
11:32:50.0 (43653825)|HEAP_ALLOCATE|[158]|Bytes:5
11:32:50.0 (43658438)|VARIABLE_ASSIGNMENT|[158]|alreadyAdded|false
11:32:50.0 (43661900)|STATEMENT_EXECUTE|[159]
11:32:50.0 (43664188)|VARIABLE_SCOPE_BEGIN|[159]|available|Boolean|false|false
11:32:50.0 (43669933)|HEAP_ALLOCATE|[159]|Bytes:5
11:32:50.0 (43674141)|VARIABLE_ASSIGNMENT|[159]|available|false
11:32:50.0 (43689974)|HEAP_ALLOCATE|[160]|Bytes:56
11:32:50.0 (43702099)|STATEMENT_EXECUTE|[160]
11:32:50.0 (43703923)|STATEMENT_EXECUTE|[161]
11:32:50.0 (43706713)|HEAP_ALLOCATE|[161]|Bytes:5
11:32:50.0 (43712027)|VARIABLE_ASSIGNMENT|[161]|available|true
11:32:50.0 (43722823)|STATEMENT_EXECUTE|[162]
11:32:50.0 (43729263)|STATEMENT_EXECUTE|[163]
11:32:50.0 (43752016)|HEAP_ALLOCATE|[164]|Bytes:7
11:32:50.0 (43783675)|STATEMENT_EXECUTE|[165]
11:32:50.0 (43787738)|HEAP_ALLOCATE|[165]|Bytes:5
11:32:50.0 (43794417)|VARIABLE_ASSIGNMENT|[165]|alreadyAdded|true
11:32:50.0 (43798841)|STATEMENT_EXECUTE|[167]
11:32:50.0 (43800760)|HEAP_ALLOCATE|[167]|Bytes:4
11:32:50.0 (43805530)|VARIABLE_ASSIGNMENT|[167]|i|1
11:32:50.0 (43816038)|STATEMENT_EXECUTE|[162]
11:32:50.0 (43822180)|STATEMENT_EXECUTE|[163]
11:32:50.0 (43823687)|STATEMENT_EXECUTE|[167]
11:32:50.0 (43825509)|HEAP_ALLOCATE|[167]|Bytes:4
11:32:50.0 (43829909)|VARIABLE_ASSIGNMENT|[167]|i|2
11:32:50.0 (43837878)|STATEMENT_EXECUTE|[162]
11:32:50.0 (43843593)|STATEMENT_EXECUTE|[163]
11:32:50.0 (43845065)|STATEMENT_EXECUTE|[167]
11:32:50.0 (43846788)|HEAP_ALLOCATE|[167]|Bytes:4
11:32:50.0 (43850965)|VARIABLE_ASSIGNMENT|[167]|i|3
11:32:50.0 (43858737)|STATEMENT_EXECUTE|[162]
11:32:50.0 (43864385)|STATEMENT_EXECUTE|[163]
11:32:50.0 (43865857)|STATEMENT_EXECUTE|[167]
11:32:50.0 (43867364)|HEAP_ALLOCATE|[167]|Bytes:4
11:32:50.0 (43871652)|VARIABLE_ASSIGNMENT|[167]|i|4
11:32:50.0 (43879581)|STATEMENT_EXECUTE|[162]
11:32:50.0 (43885322)|STATEMENT_EXECUTE|[163]
11:32:50.0 (43886772)|STATEMENT_EXECUTE|[167]
11:32:50.0 (43888317)|HEAP_ALLOCATE|[167]|Bytes:4
11:32:50.0 (43892471)|VARIABLE_ASSIGNMENT|[167]|i|5
11:32:50.0 (43900265)|STATEMENT_EXECUTE|[162]
11:32:50.0 (43905957)|STATEMENT_EXECUTE|[163]
11:32:50.0 (43907447)|STATEMENT_EXECUTE|[167]
11:32:50.0 (43908968)|HEAP_ALLOCATE|[167]|Bytes:4
11:32:50.0 (43913423)|VARIABLE_ASSIGNMENT|[167]|i|6
11:32:50.0 (43922533)|STATEMENT_EXECUTE|[171]
11:32:50.0 (43929634)|HEAP_ALLOCATE|[156]|Bytes:5
11:32:50.0 (43939887)|VARIABLE_ASSIGNMENT|[156]|report|null|
11:32:50.0 (43943939)|STATEMENT_EXECUTE|[176]
11:32:50.0 (44013542)|VARIABLE_ASSIGNMENT|[EXTERNAL]|this|{}|0x67cb1ad6
11:32:50.0 (44028007)|VARIABLE_ASSIGNMENT|[EXTERNAL]|value|["新iPhone"]|0x4e4fe8a
11:32:50.0 (44041479)|VARIABLE_ASSIGNMENT|[28]|this.listOfCategory|["新iPhone"]|0x67cb1ad6
11:32:50.0 (44056828)|METHOD_EXIT|[119]|01pN0000000aEUV|saReportCtrl.initCategory()
11:32:50.0 (44062032)|STATEMENT_EXECUTE|[121]
11:32:50.0 (44071970)|METHOD_ENTRY|[121]|01pN0000000aEUV|saReportCtrl.getAllReports()
11:32:50.0 (44091701)|VARIABLE_SCOPE_BEGIN|[239]|this|saReportCtrl|true|false
11:32:50.0 (44133051)|VARIABLE_ASSIGNMENT|[239]|this|{"listOfCategory":"0x4e4fe8a"}|0x67cb1ad6
11:32:50.0 (44152614)|HEAP_ALLOCATE|[241]|Bytes:5
11:32:50.0 (44157301)|STATEMENT_EXECUTE|[239]
11:32:50.0 (44158868)|STATEMENT_EXECUTE|[241]
11:32:50.0 (44161671)|HEAP_ALLOCATE|[241]|Bytes:18
11:32:50.0 (44181343)|USER_DEBUG|[241]|DEBUG|Run: getAllReports
11:32:50.0 (44189334)|STATEMENT_EXECUTE|[243]
11:32:50.0 (44191974)|HEAP_ALLOCATE|[243]|Bytes:200
11:32:50.0 (44205339)|HEAP_ALLOCATE|[243]|Bytes:4
11:32:50.0 (44518246)|SOQL_EXECUTE_BEGIN|[243]|Aggregations:0|SELECT Name, Subject__c, Category__c, Process__c, Report_body__c, CreatedBy__r.DisplayedUsernameFormula__c, CreatedDate__c, AvailabilityDate__c FROM saReport__c ORDER BY CreatedDate__c ASC NULLS FIRST
11:32:50.0 (49918816)|SOQL_EXECUTE_END|[243]|Rows:6
11:32:50.0 (49942568)|HEAP_ALLOCATE|[243]|Bytes:28
11:32:50.0 (49982900)|HEAP_ALLOCATE|[243]|Bytes:1831
11:32:50.0 (50014726)|HEAP_ALLOCATE|[243]|Bytes:28
11:32:50.0 (50089314)|VARIABLE_ASSIGNMENT|[EXTERNAL]|this|{"listOfCategory":"0x4e4fe8a"}|0x67cb1ad6
11:32:50.0 (50105318)|VARIABLE_ASSIGNMENT|[EXTERNAL]|value|"List of size 6 too large to display"|0x128578e0
11:32:50.0 (50119514)|VARIABLE_ASSIGNMENT|[26]|this.listOfSAReports|"List of size 6 too large to display"|0x67cb1ad6
11:32:50.0 (50135343)|METHOD_EXIT|[121]|01pN0000000aEUV|saReportCtrl.getAllReports()
11:32:50.0 (50140912)|STATEMENT_EXECUTE|[123]
11:32:50.0 (50152903)|METHOD_ENTRY|[123]|01pN0000000aEUV|saReportCtrl.initDaysForNewTagDisplay()
11:32:50.0 (50180270)|VARIABLE_SCOPE_BEGIN|[132]|this|saReportCtrl|true|false
11:32:50.0 (50224984)|VARIABLE_ASSIGNMENT|[132]|this|{"listOfCategory":"0x4e4fe8a","listOfSAReports":"0x128578e0"}|0x67cb1ad6
11:32:50.0 (50245281)|HEAP_ALLOCATE|[133]|Bytes:5
11:32:50.0 (50250380)|STATEMENT_EXECUTE|[132]
11:32:50.0 (50252254)|STATEMENT_EXECUTE|[133]
11:32:50.0 (50286458)|HEAP_ALLOCATE|[133]|Bytes:56
11:32:50.0 (50313970)|HEAP_ALLOCATE|[133]|Bytes:56
11:32:50.0 (50370371)|VARIABLE_ASSIGNMENT|[EXTERNAL]|this|{"listOfCategory":"0x4e4fe8a","listOfSAReports":"0x128578e0"}|0x67cb1ad6
11:32:50.0 (50400912)|VARIABLE_ASSIGNMENT|[EXTERNAL]|value|"2018-03-05T02:32:50.116Z"
11:32:50.0 (50418234)|VARIABLE_ASSIGNMENT|[30]|this.currentDayMinusSeven|"2018-03-05T02:32:50.116Z"|0x67cb1ad6
11:32:50.0 (50428611)|STATEMENT_EXECUTE|[134]
11:32:50.0 (50454056)|HEAP_ALLOCATE|[134]|Bytes:56
11:32:50.0 (50514754)|VARIABLE_ASSIGNMENT|[EXTERNAL]|this|{"currentDayMinusSeven":"2018-03-05T02:32:50.116Z","listOfCategory":"0x4e4fe8a","listOfSAReports":"0x128578e0"}|0x67cb1ad6
11:32:50.0 (50534789)|VARIABLE_ASSIGNMENT|[EXTERNAL]|value|"2018-03-12T02:32:50.116Z"
11:32:50.0 (50558283)|VARIABLE_ASSIGNMENT|[31]|this.currentDay|"2018-03-12T02:32:50.116Z"|0x67cb1ad6
11:32:50.0 (50573646)|METHOD_EXIT|[123]|01pN0000000aEUV|saReportCtrl.initDaysForNewTagDisplay()
11:32:50.0 (50580559)|METHOD_EXIT|[88]|01pN0000000aEUV|saReportCtrl.initHomePage()
11:32:50.0 (50584864)|STATEMENT_EXECUTE|[91]
11:32:50.0 (50595466)|METHOD_ENTRY|[91]|01pN0000000aEUV|saReportCtrl.initCategoryPicklist()
11:32:50.0 (50617071)|VARIABLE_SCOPE_BEGIN|[220]|this|saReportCtrl|true|false
11:32:50.0 (50667235)|VARIABLE_ASSIGNMENT|[220]|this|{"currentDay":"2018-03-12T02:32:50.116Z","currentDayMinusSeven":"2018-03-05T02:32:50.116Z","listOfCategory":"0x4e4fe8a","listOfSAReports":"0x128578e0"}|0x67cb1ad6
11:32:50.0 (50688622)|HEAP_ALLOCATE|[222]|Bytes:5
11:32:50.0 (50693462)|STATEMENT_EXECUTE|[220]
11:32:50.0 (50695452)|STATEMENT_EXECUTE|[222]
11:32:50.0 (50698677)|HEAP_ALLOCATE|[222]|Bytes:25
11:32:50.0 (50720655)|USER_DEBUG|[222]|DEBUG|Run: initCategoryPicklist
11:32:50.0 (50729058)|STATEMENT_EXECUTE|[224]
11:32:50.0 (50731849)|HEAP_ALLOCATE|[222]|Bytes:11
11:32:50.0 (50735875)|HEAP_ALLOCATE|[222]|Bytes:11
11:32:50.0 (51287158)|HEAP_ALLOCATE|[224]|Bytes:8
11:32:50.0 (51321579)|VARIABLE_SCOPE_BEGIN|[224]|statusFieldDescription|Schema.DescribeFieldResult|true|false
11:32:50.0 (51528128)|VARIABLE_ASSIGNMENT|[224]|statusFieldDescription|"common.api.soap.wsdl.Field@7645e16e"|0x74b3f63
11:32:50.0 (51537947)|STATEMENT_EXECUTE|[225]
11:32:50.0 (51557631)|HEAP_ALLOCATE|[225]|Bytes:4
11:32:50.0 (51657240)|VARIABLE_ASSIGNMENT|[EXTERNAL]|this|{"currentDay":"2018-03-12T02:32:50.116Z","currentDayMinusSeven":"2018-03-05T02:32:50.116Z","listOfCategory":"0x4e4fe8a","listOfSAReports":"0x128578e0"}|0x67cb1ad6
11:32:50.0 (51688379)|HEAP_ALLOCATE|[EXTERNAL]|Bytes:4
11:32:50.0 (51696941)|VARIABLE_ASSIGNMENT|[EXTERNAL]|value|[]|0x1a2a7232
11:32:50.0 (51710577)|VARIABLE_ASSIGNMENT|[57]|this.categoryDataOptions|[]|0x67cb1ad6
11:32:50.0 (51721258)|STATEMENT_EXECUTE|[226]
11:32:50.0 (51786913)|VARIABLE_ASSIGNMENT|[EXTERNAL]|this|{"categoryDataOptions":"0x1a2a7232","currentDay":"2018-03-12T02:32:50.116Z","currentDayMinusSeven":"2018-03-05T02:32:50.116Z","listOfCategory":"0x4e4fe8a","listOfSAReports":"0x128578e0"}|0x67cb1ad6
11:32:50.0 (51809482)|HEAP_ALLOCATE|[226]|Bytes:1
11:32:50.0 (51844124)|HEAP_ALLOCATE|[EXTERNAL]|Bytes:4
11:32:50.0 (51883103)|HEAP_ALLOCATE|[EXTERNAL]|Bytes:68
11:32:50.0 (51930084)|HEAP_ALLOCATE|[227]|Bytes:68
11:32:50.0 (52046547)|HEAP_ALLOCATE|[227]|Bytes:5
11:32:50.0 (52081959)|HEAP_ALLOCATE|[227]|Bytes:4
11:32:50.0 (52106304)|VARIABLE_SCOPE_BEGIN|[227]|picklistEntry|Schema.PicklistEntry|true|false
11:32:50.0 (52120790)|VARIABLE_ASSIGNMENT|[227]|picklistEntry|新料金プラン[CX-STPDレポート (チーム単位)]|0x670487a1
11:32:50.0 (52127298)|STATEMENT_EXECUTE|[228]
11:32:50.0 (52129098)|STATEMENT_EXECUTE|[229]
11:32:50.0 (52199190)|VARIABLE_ASSIGNMENT|[EXTERNAL]|this|{"categoryDataOptions":"0x1a2a7232","currentDay":"2018-03-12T02:32:50.116Z","currentDayMinusSeven":"2018-03-05T02:32:50.116Z","listOfCategory":"0x4e4fe8a","listOfSAReports":"0x128578e0"}|0x67cb1ad6
11:32:50.0 (52231066)|HEAP_ALLOCATE|[229]|Bytes:27
11:32:50.0 (52241415)|HEAP_ALLOCATE|[229]|Bytes:27
11:32:50.0 (52264400)|HEAP_ALLOCATE|[EXTERNAL]|Bytes:4
11:32:50.0 (52279312)|HEAP_ALLOCATE|[227]|Bytes:5
11:32:50.0 (52290416)|HEAP_ALLOCATE|[227]|Bytes:4
11:32:50.0 (52307505)|VARIABLE_SCOPE_BEGIN|[227]|picklistEntry|Schema.PicklistEntry|true|false
11:32:50.0 (52319966)|VARIABLE_ASSIGNMENT|[227]|picklistEntry|新iPhone|0x34272d6f
11:32:50.0 (52325654)|STATEMENT_EXECUTE|[228]
11:32:50.0 (52327343)|STATEMENT_EXECUTE|[229]
11:32:50.0 (52381624)|VARIABLE_ASSIGNMENT|[EXTERNAL]|this|{"categoryDataOptions":"0x1a2a7232","currentDay":"2018-03-12T02:32:50.116Z","currentDayMinusSeven":"2018-03-05T02:32:50.116Z","listOfCategory":"0x4e4fe8a","listOfSAReports":"0x128578e0"}|0x67cb1ad6
11:32:50.0 (52401085)|HEAP_ALLOCATE|[229]|Bytes:7
11:32:50.0 (52407193)|HEAP_ALLOCATE|[229]|Bytes:7
11:32:50.0 (52418775)|HEAP_ALLOCATE|[EXTERNAL]|Bytes:4
11:32:50.0 (52431263)|HEAP_ALLOCATE|[227]|Bytes:5
11:32:50.0 (52441730)|HEAP_ALLOCATE|[227]|Bytes:4
11:32:50.0 (52457183)|VARIABLE_SCOPE_BEGIN|[227]|picklistEntry|Schema.PicklistEntry|true|false
11:32:50.0 (52468596)|VARIABLE_ASSIGNMENT|[227]|picklistEntry|CX [プチ自慢] お客さまから褒められたこと|0x4d114883
11:32:50.0 (52474947)|STATEMENT_EXECUTE|[228]
11:32:50.0 (52476556)|STATEMENT_EXECUTE|[229]
11:32:50.0 (52526174)|VARIABLE_ASSIGNMENT|[EXTERNAL]|this|{"categoryDataOptions":"0x1a2a7232","currentDay":"2018-03-12T02:32:50.116Z","currentDayMinusSeven":"2018-03-05T02:32:50.116Z","listOfCategory":"0x4e4fe8a","listOfSAReports":"0x128578e0"}|0x67cb1ad6
11:32:50.0 (52549827)|HEAP_ALLOCATE|[229]|Bytes:23
11:32:50.0 (52556005)|HEAP_ALLOCATE|[229]|Bytes:23
11:32:50.0 (52567149)|HEAP_ALLOCATE|[EXTERNAL]|Bytes:4
11:32:50.0 (52579090)|HEAP_ALLOCATE|[227]|Bytes:5
11:32:50.0 (52589161)|HEAP_ALLOCATE|[227]|Bytes:4
11:32:50.0 (52604079)|VARIABLE_SCOPE_BEGIN|[227]|picklistEntry|Schema.PicklistEntry|true|false
11:32:50.0 (52615227)|VARIABLE_ASSIGNMENT|[227]|picklistEntry|Vストック|0x552249ad
11:32:50.0 (52620804)|STATEMENT_EXECUTE|[228]
11:32:50.0 (52622351)|STATEMENT_EXECUTE|[229]
11:32:50.0 (52675634)|VARIABLE_ASSIGNMENT|[EXTERNAL]|this|{"categoryDataOptions":"0x1a2a7232","currentDay":"2018-03-12T02:32:50.116Z","currentDayMinusSeven":"2018-03-05T02:32:50.116Z","listOfCategory":"0x4e4fe8a","listOfSAReports":"0x128578e0"}|0x67cb1ad6
11:32:50.0 (52693807)|HEAP_ALLOCATE|[229]|Bytes:5
11:32:50.0 (52699730)|HEAP_ALLOCATE|[229]|Bytes:5
11:32:50.0 (52710541)|HEAP_ALLOCATE|[EXTERNAL]|Bytes:4
11:32:50.0 (52721830)|HEAP_ALLOCATE|[227]|Bytes:5
11:32:50.0 (52731599)|HEAP_ALLOCATE|[227]|Bytes:4
11:32:50.0 (52746046)|VARIABLE_SCOPE_BEGIN|[227]|picklistEntry|Schema.PicklistEntry|true|false
11:32:50.0 (52756797)|VARIABLE_ASSIGNMENT|[227]|picklistEntry|UQ・家電連携|0x1658e527
11:32:50.0 (52762138)|STATEMENT_EXECUTE|[228]
11:32:50.0 (52763653)|STATEMENT_EXECUTE|[229]
11:32:50.0 (52812662)|VARIABLE_ASSIGNMENT|[EXTERNAL]|this|{"categoryDataOptions":"0x1a2a7232","currentDay":"2018-03-12T02:32:50.116Z","currentDayMinusSeven":"2018-03-05T02:32:50.116Z","listOfCategory":"0x4e4fe8a","listOfSAReports":"0x128578e0"}|0x67cb1ad6
11:32:50.0 (52830099)|HEAP_ALLOCATE|[229]|Bytes:7
11:32:50.0 (52835539)|HEAP_ALLOCATE|[229]|Bytes:7
11:32:50.0 (52845716)|HEAP_ALLOCATE|[EXTERNAL]|Bytes:4
11:32:50.0 (52856682)|HEAP_ALLOCATE|[227]|Bytes:5
11:32:50.0 (52865926)|HEAP_ALLOCATE|[227]|Bytes:4
11:32:50.0 (52879924)|VARIABLE_SCOPE_BEGIN|[227]|picklistEntry|Schema.PicklistEntry|true|false
11:32:50.0 (52890420)|VARIABLE_ASSIGNMENT|[227]|picklistEntry|au 電気|0x1b19eed6
11:32:50.0 (52895949)|STATEMENT_EXECUTE|[228]
11:32:50.0 (52897496)|STATEMENT_EXECUTE|[229]
11:32:50.0 (52946107)|VARIABLE_ASSIGNMENT|[EXTERNAL]|this|{"categoryDataOptions":"0x1a2a7232","currentDay":"2018-03-12T02:32:50.116Z","currentDayMinusSeven":"2018-03-05T02:32:50.116Z","listOfCategory":"0x4e4fe8a","listOfSAReports":"0x128578e0"}|0x67cb1ad6
11:32:50.0 (52963267)|HEAP_ALLOCATE|[229]|Bytes:5
11:32:50.0 (52968486)|HEAP_ALLOCATE|[229]|Bytes:5
11:32:50.0 (52978773)|HEAP_ALLOCATE|[EXTERNAL]|Bytes:4
11:32:50.0 (52990057)|HEAP_ALLOCATE|[227]|Bytes:5
11:32:50.0 (52999075)|HEAP_ALLOCATE|[227]|Bytes:4
11:32:50.0 (53013090)|VARIABLE_SCOPE_BEGIN|[227]|picklistEntry|Schema.PicklistEntry|true|false
11:32:50.0 (53024040)|VARIABLE_ASSIGNMENT|[227]|picklistEntry|au S T A R|0x5c0bf866
11:32:50.0 (53029606)|STATEMENT_EXECUTE|[228]
11:32:50.0 (53031133)|STATEMENT_EXECUTE|[229]
11:32:50.0 (53079319)|VARIABLE_ASSIGNMENT|[EXTERNAL]|this|{"categoryDataOptions":"0x1a2a7232","currentDay":"2018-03-12T02:32:50.116Z","currentDayMinusSeven":"2018-03-05T02:32:50.116Z","listOfCategory":"0x4e4fe8a","listOfSAReports":"0x128578e0"}|0x67cb1ad6
11:32:50.0 (53096025)|HEAP_ALLOCATE|[229]|Bytes:10
11:32:50.0 (53101753)|HEAP_ALLOCATE|[229]|Bytes:10
11:32:50.0 (53112158)|HEAP_ALLOCATE|[EXTERNAL]|Bytes:4
11:32:50.0 (53123124)|HEAP_ALLOCATE|[227]|Bytes:5
11:32:50.0 (53132468)|HEAP_ALLOCATE|[227]|Bytes:4
11:32:50.0 (53146512)|VARIABLE_SCOPE_BEGIN|[227]|picklistEntry|Schema.PicklistEntry|true|false
11:32:50.0 (53157369)|VARIABLE_ASSIGNMENT|[227]|picklistEntry|イベント・集客策|0x1ba3ad6b
11:32:50.0 (53163164)|STATEMENT_EXECUTE|[228]
11:32:50.0 (53164780)|STATEMENT_EXECUTE|[229]
11:32:50.0 (53213586)|VARIABLE_ASSIGNMENT|[EXTERNAL]|this|{"categoryDataOptions":"0x1a2a7232","currentDay":"2018-03-12T02:32:50.116Z","currentDayMinusSeven":"2018-03-05T02:32:50.116Z","listOfCategory":"0x4e4fe8a","listOfSAReports":"0x128578e0"}|0x67cb1ad6
11:32:50.0 (53230165)|HEAP_ALLOCATE|[229]|Bytes:8
11:32:50.0 (53235451)|HEAP_ALLOCATE|[229]|Bytes:8
11:32:50.0 (53245345)|HEAP_ALLOCATE|[EXTERNAL]|Bytes:4
11:32:50.0 (53256573)|HEAP_ALLOCATE|[227]|Bytes:5
11:32:50.0 (53265817)|HEAP_ALLOCATE|[227]|Bytes:4
11:32:50.0 (53279500)|VARIABLE_SCOPE_BEGIN|[227]|picklistEntry|Schema.PicklistEntry|true|false
11:32:50.0 (53290647)|VARIABLE_ASSIGNMENT|[227]|picklistEntry|au ひかり|0x4a8302e5
11:32:50.0 (53296283)|STATEMENT_EXECUTE|[228]
11:32:50.0 (53297837)|STATEMENT_EXECUTE|[229]
11:32:50.0 (53345698)|VARIABLE_ASSIGNMENT|[EXTERNAL]|this|{"categoryDataOptions":"0x1a2a7232","currentDay":"2018-03-12T02:32:50.116Z","currentDayMinusSeven":"2018-03-05T02:32:50.116Z","listOfCategory":"0x4e4fe8a","listOfSAReports":"0x128578e0"}|0x67cb1ad6
11:32:50.0 (53362441)|HEAP_ALLOCATE|[229]|Bytes:6
11:32:50.0 (53367939)|HEAP_ALLOCATE|[229]|Bytes:6
11:32:50.0 (53377931)|HEAP_ALLOCATE|[EXTERNAL]|Bytes:4
11:32:50.0 (53388737)|HEAP_ALLOCATE|[227]|Bytes:5
11:32:50.0 (53398012)|HEAP_ALLOCATE|[227]|Bytes:4
11:32:50.0 (53411631)|VARIABLE_SCOPE_BEGIN|[227]|picklistEntry|Schema.PicklistEntry|true|false
11:32:50.0 (53421682)|VARIABLE_ASSIGNMENT|[227]|picklistEntry|その他固定商材|0x1eb83a3d
11:32:50.0 (53427346)|STATEMENT_EXECUTE|[228]
11:32:50.0 (53429120)|STATEMENT_EXECUTE|[229]
11:32:50.0 (53476980)|VARIABLE_ASSIGNMENT|[EXTERNAL]|this|{"categoryDataOptions":"0x1a2a7232","currentDay":"2018-03-12T02:32:50.116Z","currentDayMinusSeven":"2018-03-05T02:32:50.116Z","listOfCategory":"0x4e4fe8a","listOfSAReports":"0x128578e0"}|0x67cb1ad6
11:32:50.0 (53493807)|HEAP_ALLOCATE|[229]|Bytes:7
11:32:50.0 (53499271)|HEAP_ALLOCATE|[229]|Bytes:7
11:32:50.0 (53509221)|HEAP_ALLOCATE|[EXTERNAL]|Bytes:4
11:32:50.0 (53521034)|HEAP_ALLOCATE|[227]|Bytes:5
11:32:50.0 (53530151)|HEAP_ALLOCATE|[227]|Bytes:4
11:32:50.0 (53548534)|VARIABLE_SCOPE_BEGIN|[227]|picklistEntry|Schema.PicklistEntry|true|false
11:32:50.0 (53559929)|VARIABLE_ASSIGNMENT|[227]|picklistEntry|タブレット|0x1df33944
11:32:50.0 (53565551)|STATEMENT_EXECUTE|[228]
11:32:50.0 (53567099)|STATEMENT_EXECUTE|[229]
11:32:50.0 (53616724)|VARIABLE_ASSIGNMENT|[EXTERNAL]|this|{"categoryDataOptions":"0x1a2a7232","currentDay":"2018-03-12T02:32:50.116Z","currentDayMinusSeven":"2018-03-05T02:32:50.116Z","listOfCategory":"0x4e4fe8a","listOfSAReports":"0x128578e0"}|0x67cb1ad6
11:32:50.0 (53633875)|HEAP_ALLOCATE|[229]|Bytes:5
11:32:50.0 (53639733)|HEAP_ALLOCATE|[229]|Bytes:5
11:32:50.0 (53649934)|HEAP_ALLOCATE|[EXTERNAL]|Bytes:4
11:32:50.0 (53660859)|HEAP_ALLOCATE|[227]|Bytes:5
11:32:50.0 (53670183)|HEAP_ALLOCATE|[227]|Bytes:4
11:32:50.0 (53684544)|VARIABLE_SCOPE_BEGIN|[227]|picklistEntry|Schema.PicklistEntry|true|false
11:32:50.0 (53695337)|VARIABLE_ASSIGNMENT|[227]|picklistEntry|スマホ|0x1b3d1764
11:32:50.0 (53700565)|STATEMENT_EXECUTE|[228]
11:32:50.0 (53702173)|STATEMENT_EXECUTE|[229]
11:32:50.0 (53749922)|VARIABLE_ASSIGNMENT|[EXTERNAL]|this|{"categoryDataOptions":"0x1a2a7232","currentDay":"2018-03-12T02:32:50.116Z","currentDayMinusSeven":"2018-03-05T02:32:50.116Z","listOfCategory":"0x4e4fe8a","listOfSAReports":"0x128578e0"}|0x67cb1ad6
11:32:50.0 (53766636)|HEAP_ALLOCATE|[229]|Bytes:3
11:32:50.0 (53771913)|HEAP_ALLOCATE|[229]|Bytes:3
11:32:50.0 (53782308)|HEAP_ALLOCATE|[EXTERNAL]|Bytes:4
11:32:50.0 (53793141)|HEAP_ALLOCATE|[227]|Bytes:5
11:32:50.0 (53802409)|HEAP_ALLOCATE|[227]|Bytes:4
11:32:50.0 (53816145)|VARIABLE_SCOPE_BEGIN|[227]|picklistEntry|Schema.PicklistEntry|true|false
11:32:50.0 (53827036)|VARIABLE_ASSIGNMENT|[227]|picklistEntry|au Wallet|0x49fbbacc
11:32:50.0 (53832654)|STATEMENT_EXECUTE|[228]
11:32:50.0 (53834158)|STATEMENT_EXECUTE|[229]
11:32:50.0 (53881876)|VARIABLE_ASSIGNMENT|[EXTERNAL]|this|{"categoryDataOptions":"0x1a2a7232","currentDay":"2018-03-12T02:32:50.116Z","currentDayMinusSeven":"2018-03-05T02:32:50.116Z","listOfCategory":"0x4e4fe8a","listOfSAReports":"0x128578e0"}|0x67cb1ad6
11:32:50.0 (53898415)|HEAP_ALLOCATE|[229]|Bytes:9
11:32:50.0 (53903841)|HEAP_ALLOCATE|[229]|Bytes:9
11:32:50.0 (53913981)|HEAP_ALLOCATE|[EXTERNAL]|Bytes:4
11:32:50.0 (53924703)|HEAP_ALLOCATE|[227]|Bytes:5
11:32:50.0 (53933816)|HEAP_ALLOCATE|[227]|Bytes:4
11:32:50.0 (53947657)|VARIABLE_SCOPE_BEGIN|[227]|picklistEntry|Schema.PicklistEntry|true|false
11:32:50.0 (53958120)|VARIABLE_ASSIGNMENT|[227]|picklistEntry|パス系サービス|0x164d181c
11:32:50.0 (53963553)|STATEMENT_EXECUTE|[228]
11:32:50.0 (53965439)|STATEMENT_EXECUTE|[229]
11:32:50.0 (54013120)|VARIABLE_ASSIGNMENT|[EXTERNAL]|this|{"categoryDataOptions":"0x1a2a7232","currentDay":"2018-03-12T02:32:50.116Z","currentDayMinusSeven":"2018-03-05T02:32:50.116Z","listOfCategory":"0x4e4fe8a","listOfSAReports":"0x128578e0"}|0x67cb1ad6
11:32:50.0 (54030611)|HEAP_ALLOCATE|[229]|Bytes:7
11:32:50.0 (54036353)|HEAP_ALLOCATE|[229]|Bytes:7
11:32:50.0 (54046246)|HEAP_ALLOCATE|[EXTERNAL]|Bytes:4
11:32:50.0 (54056961)|HEAP_ALLOCATE|[227]|Bytes:5
11:32:50.0 (54066106)|HEAP_ALLOCATE|[227]|Bytes:4
11:32:50.0 (54079599)|VARIABLE_SCOPE_BEGIN|[227]|picklistEntry|Schema.PicklistEntry|true|false
11:32:50.0 (54089959)|VARIABLE_ASSIGNMENT|[227]|picklistEntry|春商戦|0x12703a88
11:32:50.0 (54095391)|STATEMENT_EXECUTE|[228]
11:32:50.0 (54096926)|STATEMENT_EXECUTE|[229]
11:32:50.0 (54145148)|VARIABLE_ASSIGNMENT|[EXTERNAL]|this|{"categoryDataOptions":"0x1a2a7232","currentDay":"2018-03-12T02:32:50.116Z","currentDayMinusSeven":"2018-03-05T02:32:50.116Z","listOfCategory":"0x4e4fe8a","listOfSAReports":"0x128578e0"}|0x67cb1ad6
11:32:50.0 (54161780)|HEAP_ALLOCATE|[229]|Bytes:3
11:32:50.0 (54167505)|HEAP_ALLOCATE|[229]|Bytes:3
11:32:50.0 (54177259)|HEAP_ALLOCATE|[EXTERNAL]|Bytes:4
11:32:50.0 (54188257)|HEAP_ALLOCATE|[227]|Bytes:5
11:32:50.0 (54197619)|HEAP_ALLOCATE|[227]|Bytes:4
11:32:50.0 (54211333)|VARIABLE_SCOPE_BEGIN|[227]|picklistEntry|Schema.PicklistEntry|true|false
11:32:50.0 (54221672)|VARIABLE_ASSIGNMENT|[227]|picklistEntry|その他|0x61858995
11:32:50.0 (54226950)|STATEMENT_EXECUTE|[228]
11:32:50.0 (54228452)|STATEMENT_EXECUTE|[229]
11:32:50.0 (54276068)|VARIABLE_ASSIGNMENT|[EXTERNAL]|this|{"categoryDataOptions":"0x1a2a7232","currentDay":"2018-03-12T02:32:50.116Z","currentDayMinusSeven":"2018-03-05T02:32:50.116Z","listOfCategory":"0x4e4fe8a","listOfSAReports":"0x128578e0"}|0x67cb1ad6
11:32:50.0 (54293064)|HEAP_ALLOCATE|[229]|Bytes:3
11:32:50.0 (54298702)|HEAP_ALLOCATE|[229]|Bytes:3
11:32:50.0 (54308305)|HEAP_ALLOCATE|[EXTERNAL]|Bytes:4
11:32:50.0 (54318989)|HEAP_ALLOCATE|[227]|Bytes:5
11:32:50.0 (54329619)|VARIABLE_ASSIGNMENT|[227]|picklistEntry|null|
11:32:50.0 (54340147)|METHOD_EXIT|[91]|01pN0000000aEUV|saReportCtrl.initCategoryPicklist()
11:32:50.0 (54345391)|STATEMENT_EXECUTE|[92]
11:32:50.0 (54357369)|METHOD_ENTRY|[92]|01pN0000000aEUV|saReportCtrl.initSortPicklist()
11:32:50.0 (54382835)|VARIABLE_SCOPE_BEGIN|[202]|this|saReportCtrl|true|false
11:32:50.0 (54434181)|VARIABLE_ASSIGNMENT|[202]|this|{"categoryDataOptions":"0x1a2a7232","currentDay":"2018-03-12T02:32:50.116Z","currentDayMinusSeven":"2018-03-05T02:32:50.116Z","listOfCategory":"0x4e4fe8a","listOfSAReports":"0x128578e0"}|0x67cb1ad6
11:32:50.0 (54456255)|HEAP_ALLOCATE|[204]|Bytes:5
11:32:50.0 (54461039)|STATEMENT_EXECUTE|[202]
11:32:50.0 (54462682)|STATEMENT_EXECUTE|[204]
11:32:50.0 (54465257)|HEAP_ALLOCATE|[204]|Bytes:21
11:32:50.0 (54486357)|USER_DEBUG|[204]|DEBUG|Run: initSortPicklist
11:32:50.0 (54494663)|STATEMENT_EXECUTE|[206]
11:32:50.0 (54507829)|HEAP_ALLOCATE|[206]|Bytes:4
11:32:50.0 (54588901)|VARIABLE_ASSIGNMENT|[EXTERNAL]|this|{"categoryDataOptions":"0x1a2a7232","currentDay":"2018-03-12T02:32:50.116Z","currentDayMinusSeven":"2018-03-05T02:32:50.116Z","listOfCategory":"0x4e4fe8a","listOfSAReports":"0x128578e0"}|0x67cb1ad6
11:32:50.0 (54615233)|HEAP_ALLOCATE|[EXTERNAL]|Bytes:4
11:32:50.0 (54623497)|VARIABLE_ASSIGNMENT|[EXTERNAL]|value|[]|0x1878d67b
11:32:50.0 (54637813)|VARIABLE_ASSIGNMENT|[58]|this.sortDataOptions|[]|0x67cb1ad6
11:32:50.0 (54647856)|STATEMENT_EXECUTE|[207]
11:32:50.0 (54710816)|VARIABLE_ASSIGNMENT|[EXTERNAL]|this|{"categoryDataOptions":"0x1a2a7232","currentDay":"2018-03-12T02:32:50.116Z","currentDayMinusSeven":"2018-03-05T02:32:50.116Z","listOfCategory":"0x4e4fe8a","listOfSAReports":"0x128578e0","sortDataOptions":"0x1878d67b"}|0x67cb1ad6
11:32:50.0 (54751771)|HEAP_ALLOCATE|[EXTERNAL]|Bytes:4
11:32:50.0 (54759156)|STATEMENT_EXECUTE|[208]
11:32:50.0 (54815060)|VARIABLE_ASSIGNMENT|[EXTERNAL]|this|{"categoryDataOptions":"0x1a2a7232","currentDay":"2018-03-12T02:32:50.116Z","currentDayMinusSeven":"2018-03-05T02:32:50.116Z","listOfCategory":"0x4e4fe8a","listOfSAReports":"0x128578e0","sortDataOptions":"0x1878d67b"}|0x67cb1ad6
11:32:50.0 (54846286)|HEAP_ALLOCATE|[EXTERNAL]|Bytes:4
11:32:50.0 (54853154)|STATEMENT_EXECUTE|[209]
11:32:50.0 (54906539)|VARIABLE_ASSIGNMENT|[EXTERNAL]|this|{"categoryDataOptions":"0x1a2a7232","currentDay":"2018-03-12T02:32:50.116Z","currentDayMinusSeven":"2018-03-05T02:32:50.116Z","listOfCategory":"0x4e4fe8a","listOfSAReports":"0x128578e0","sortDataOptions":"0x1878d67b"}|0x67cb1ad6
11:32:50.0 (54936669)|HEAP_ALLOCATE|[EXTERNAL]|Bytes:4
11:32:50.0 (54942865)|STATEMENT_EXECUTE|[210]
11:32:50.0 (54996134)|VARIABLE_ASSIGNMENT|[EXTERNAL]|this|{"categoryDataOptions":"0x1a2a7232","currentDay":"2018-03-12T02:32:50.116Z","currentDayMinusSeven":"2018-03-05T02:32:50.116Z","listOfCategory":"0x4e4fe8a","listOfSAReports":"0x128578e0","sortDataOptions":"0x1878d67b"}|0x67cb1ad6
11:32:50.0 (55025505)|HEAP_ALLOCATE|[EXTERNAL]|Bytes:4
11:32:50.0 (55032289)|STATEMENT_EXECUTE|[211]
11:32:50.0 (55084667)|VARIABLE_ASSIGNMENT|[EXTERNAL]|this|{"categoryDataOptions":"0x1a2a7232","currentDay":"2018-03-12T02:32:50.116Z","currentDayMinusSeven":"2018-03-05T02:32:50.116Z","listOfCategory":"0x4e4fe8a","listOfSAReports":"0x128578e0","sortDataOptions":"0x1878d67b"}|0x67cb1ad6
11:32:50.0 (55114076)|HEAP_ALLOCATE|[EXTERNAL]|Bytes:4
11:32:50.0 (55125342)|METHOD_EXIT|[92]|01pN0000000aEUV|saReportCtrl.initSortPicklist()
11:32:50.0 (55130563)|STATEMENT_EXECUTE|[93]
11:32:50.0 (55140267)|METHOD_ENTRY|[93]|01pN0000000aEUV|saReportCtrl.initCountPicklist()
11:32:50.0 (55161565)|VARIABLE_SCOPE_BEGIN|[186]|this|saReportCtrl|true|false
11:32:50.0 (55213670)|VARIABLE_ASSIGNMENT|[186]|this|{"categoryDataOptions":"0x1a2a7232","currentDay":"2018-03-12T02:32:50.116Z","currentDayMinusSeven":"2018-03-05T02:32:50.116Z","listOfCategory":"0x4e4fe8a","listOfSAReports":"0x128578e0","sortDataOptions":"0x1878d67b"}|0x67cb1ad6
11:32:50.0 (55235346)|HEAP_ALLOCATE|[188]|Bytes:5
11:32:50.0 (55240347)|STATEMENT_EXECUTE|[186]
11:32:50.0 (55241835)|STATEMENT_EXECUTE|[188]
11:32:50.0 (55244350)|HEAP_ALLOCATE|[188]|Bytes:22
11:32:50.0 (55263683)|USER_DEBUG|[188]|DEBUG|Run: initCountPicklist
11:32:50.0 (55271631)|STATEMENT_EXECUTE|[190]
11:32:50.0 (55281316)|HEAP_ALLOCATE|[190]|Bytes:4
11:32:50.0 (55354842)|VARIABLE_ASSIGNMENT|[EXTERNAL]|this|{"categoryDataOptions":"0x1a2a7232","currentDay":"2018-03-12T02:32:50.116Z","currentDayMinusSeven":"2018-03-05T02:32:50.116Z","listOfCategory":"0x4e4fe8a","listOfSAReports":"0x128578e0","sortDataOptions":"0x1878d67b"}|0x67cb1ad6
11:32:50.0 (55380577)|HEAP_ALLOCATE|[EXTERNAL]|Bytes:4
11:32:50.0 (55388600)|VARIABLE_ASSIGNMENT|[EXTERNAL]|value|[]|0x6ea536d4
11:32:50.0 (55401755)|VARIABLE_ASSIGNMENT|[59]|this.countDataOptions|[]|0x67cb1ad6
11:32:50.0 (55411302)|STATEMENT_EXECUTE|[191]
11:32:50.0 (55472873)|VARIABLE_ASSIGNMENT|[EXTERNAL]|this|{"categoryDataOptions":"0x1a2a7232","countDataOptions":"0x6ea536d4","currentDay":"2018-03-12T02:32:50.116Z","currentDayMinusSeven":"2018-03-05T02:32:50.116Z","listOfCategory":"0x4e4fe8a","listOfSAReports":"0x128578e0","sortDataOptions":"0x1878d67b"}|0x67cb1ad6
11:32:50.0 (55493162)|HEAP_ALLOCATE|[191]|Bytes:2
11:32:50.0 (55516131)|HEAP_ALLOCATE|[EXTERNAL]|Bytes:4
11:32:50.0 (55522894)|STATEMENT_EXECUTE|[192]
11:32:50.0 (55583098)|VARIABLE_ASSIGNMENT|[EXTERNAL]|this|{"categoryDataOptions":"0x1a2a7232","countDataOptions":"0x6ea536d4","currentDay":"2018-03-12T02:32:50.116Z","currentDayMinusSeven":"2018-03-05T02:32:50.116Z","listOfCategory":"0x4e4fe8a","listOfSAReports":"0x128578e0","sortDataOptions":"0x1878d67b"}|0x67cb1ad6
11:32:50.0 (55599409)|HEAP_ALLOCATE|[192]|Bytes:2
11:32:50.0 (55618645)|HEAP_ALLOCATE|[EXTERNAL]|Bytes:4
11:32:50.0 (55624629)|STATEMENT_EXECUTE|[193]
11:32:50.0 (55678438)|VARIABLE_ASSIGNMENT|[EXTERNAL]|this|{"categoryDataOptions":"0x1a2a7232","countDataOptions":"0x6ea536d4","currentDay":"2018-03-12T02:32:50.116Z","currentDayMinusSeven":"2018-03-05T02:32:50.116Z","listOfCategory":"0x4e4fe8a","listOfSAReports":"0x128578e0","sortDataOptions":"0x1878d67b"}|0x67cb1ad6
11:32:50.0 (55693788)|HEAP_ALLOCATE|[193]|Bytes:3
11:32:50.0 (55712189)|HEAP_ALLOCATE|[EXTERNAL]|Bytes:4
11:32:50.0 (55723706)|METHOD_EXIT|[93]|01pN0000000aEUV|saReportCtrl.initCountPicklist()
11:32:50.0 (55729102)|STATEMENT_EXECUTE|[95]
11:32:50.0 (55801651)|VARIABLE_ASSIGNMENT|[EXTERNAL]|this|{"categoryDataOptions":"0x1a2a7232","countDataOptions":"0x6ea536d4","currentDay":"2018-03-12T02:32:50.116Z","currentDayMinusSeven":"2018-03-05T02:32:50.116Z","listOfCategory":"0x4e4fe8a","listOfSAReports":"0x128578e0","sortDataOptions":"0x1878d67b"}|0x67cb1ad6
11:32:50.0 (55815105)|VARIABLE_ASSIGNMENT|[EXTERNAL]|value|""
11:32:50.0 (55825892)|VARIABLE_ASSIGNMENT|[50]|this.filterKeyword|""|0x67cb1ad6
11:32:50.0 (55835041)|STATEMENT_EXECUTE|[96]
11:32:50.0 (55901131)|VARIABLE_ASSIGNMENT|[EXTERNAL]|this|{"categoryDataOptions":"0x1a2a7232","countDataOptions":"0x6ea536d4","currentDay":"2018-03-12T02:32:50.116Z","currentDayMinusSeven":"2018-03-05T02:32:50.116Z","filterKeyword":"","listOfCategory":"0x4e4fe8a","listOfSAReports":"0x128578e0","sortDataOptions":"0x1878d67b"}|0x67cb1ad6
11:32:50.0 (55913894)|VARIABLE_ASSIGNMENT|[EXTERNAL]|value|""
11:32:50.0 (55923256)|VARIABLE_ASSIGNMENT|[51]|this.filterDateStart|""|0x67cb1ad6
11:32:50.0 (55931920)|STATEMENT_EXECUTE|[97]
11:32:50.0 (55996231)|VARIABLE_ASSIGNMENT|[EXTERNAL]|this|{"categoryDataOptions":"0x1a2a7232","countDataOptions":"0x6ea536d4","currentDay":"2018-03-12T02:32:50.116Z","currentDayMinusSeven":"2018-03-05T02:32:50.116Z","filterDateStart":"","filterKeyword":"","listOfCategory":"0x4e4fe8a","listOfSAReports":"0x128578e0","sortDataOptions":"0x1878d67b"}|0x67cb1ad6
11:32:50.0 (56009337)|VARIABLE_ASSIGNMENT|[EXTERNAL]|value|""
11:32:50.0 (56019490)|VARIABLE_ASSIGNMENT|[52]|this.filterDateEnd|""|0x67cb1ad6
11:32:50.0 (56027873)|STATEMENT_EXECUTE|[99]
11:32:50.0 (56094549)|VARIABLE_ASSIGNMENT|[EXTERNAL]|this|{"categoryDataOptions":"0x1a2a7232","countDataOptions":"0x6ea536d4","currentDay":"2018-03-12T02:32:50.116Z","currentDayMinusSeven":"2018-03-05T02:32:50.116Z","filterDateEnd":"","filterDateStart":"","filterKeyword":"","listOfCategory":"0x4e4fe8a","listOfSAReports":"0x128578e0","sortDataOptions":"0x1878d67b"}|0x67cb1ad6
11:32:50.0 (56110981)|VARIABLE_ASSIGNMENT|[EXTERNAL]|value|false
11:32:50.0 (56117635)|HEAP_ALLOCATE|[44]|Bytes:5
11:32:50.0 (56125839)|VARIABLE_ASSIGNMENT|[44]|this.isGoodSelected|false|0x67cb1ad6
11:32:50.0 (56134336)|STATEMENT_EXECUTE|[100]
11:32:50.0 (56202734)|VARIABLE_ASSIGNMENT|[EXTERNAL]|this|{"categoryDataOptions":"0x1a2a7232","countDataOptions":"0x6ea536d4","currentDay":"2018-03-12T02:32:50.116Z","currentDayMinusSeven":"2018-03-05T02:32:50.116Z","filterDateEnd":"","filterDateStart":"","filterKeyword":"","isGoodSelected":false,"listOfCategory":"0x4e4fe8a","listOfSAReports":"0x128578e0","sortDataOptions":"0x1878d67b"}|0x67cb1ad6
11:32:50.0 (56218480)|VARIABLE_ASSIGNMENT|[EXTERNAL]|value|false
11:32:50.0 (56223909)|HEAP_ALLOCATE|[45]|Bytes:5
11:32:50.0 (56231747)|VARIABLE_ASSIGNMENT|[45]|this.isVeryGoodSelected|false|0x67cb1ad6
11:32:50.0 (56240349)|STATEMENT_EXECUTE|[101]
11:32:50.0 (56307921)|VARIABLE_ASSIGNMENT|[EXTERNAL]|this|{"categoryDataOptions":"0x1a2a7232","countDataOptions":"0x6ea536d4","currentDay":"2018-03-12T02:32:50.116Z","currentDayMinusSeven":"2018-03-05T02:32:50.116Z","filterDateEnd":"","filterDateStart":"","filterKeyword":"","isGoodSelected":false,"isVeryGoodSelected":false,"listOfCategory":"0x4e4fe8a","listOfSAReports":"0x128578e0","sortDataOptions":"0x1878d67b"}|0x67cb1ad6
11:32:50.0 (56323289)|VARIABLE_ASSIGNMENT|[EXTERNAL]|value|false
11:32:50.0 (56329343)|HEAP_ALLOCATE|[46]|Bytes:5
11:32:50.0 (56336560)|VARIABLE_ASSIGNMENT|[46]|this.isTrySelected|false|0x67cb1ad6
11:32:50.0 (56345089)|STATEMENT_EXECUTE|[102]
11:32:50.0 (56415382)|VARIABLE_ASSIGNMENT|[EXTERNAL]|this|{"categoryDataOptions":"0x1a2a7232","countDataOptions":"0x6ea536d4","currentDay":"2018-03-12T02:32:50.116Z","currentDayMinusSeven":"2018-03-05T02:32:50.116Z","filterDateEnd":"","filterDateStart":"","filterKeyword":"","isGoodSelected":false,"isTrySelected":false,"isVeryGoodSelected":false,"listOfCategory":"0x4e4fe8a","listOfSAReports":"0x128578e0","sortDataOptions":"0x1878d67b"}|0x67cb1ad6
11:32:50.0 (56430939)|VARIABLE_ASSIGNMENT|[EXTERNAL]|value|false
11:32:50.0 (56436410)|HEAP_ALLOCATE|[37]|Bytes:5
11:32:50.0 (56443588)|VARIABLE_ASSIGNMENT|[37]|this.isNew|false|0x67cb1ad6
11:32:50.0 (56452365)|STATEMENT_EXECUTE|[105]
11:32:50.0 (56472119)|HEAP_ALLOCATE|[105]|Bytes:4
11:32:50.0 (56557666)|VARIABLE_ASSIGNMENT|[EXTERNAL]|this|{"categoryDataOptions":"0x1a2a7232","countDataOptions":"0x6ea536d4","currentDay":"2018-03-12T02:32:50.116Z","currentDayMinusSeven":"2018-03-05T02:32:50.116Z","filterDateEnd":"","filterDateStart":"","filterKeyword":"","isGoodSelected":false,"isNew":false,"isTrySelected":false,"isVeryGoodSelected":false,"listOfCategory":"0x4e4fe8a","listOfSAReports":"0x128578e0","sortDataOptions":"0x1878d67b"}|0x67cb1ad6
11:32:50.0 (56572947)|HEAP_ALLOCATE|[EXTERNAL]|Bytes:4
11:32:50.0 (56579894)|VARIABLE_ASSIGNMENT|[EXTERNAL]|value|[]|0x3203be2d
11:32:50.0 (56590806)|VARIABLE_ASSIGNMENT|[66]|this.filteredRecords|[]|0x67cb1ad6
11:32:50.0 (56599822)|STATEMENT_EXECUTE|[106]
11:32:50.0 (56624873)|HEAP_ALLOCATE|[106]|Bytes:4
11:32:50.0 (56726244)|VARIABLE_ASSIGNMENT|[EXTERNAL]|this|{"categoryDataOptions":"0x1a2a7232","countDataOptions":"0x6ea536d4","currentDay":"2018-03-12T02:32:50.116Z","currentDayMinusSeven":"2018-03-05T02:32:50.116Z","filterDateEnd":"","filterDateStart":"","filteredRecords":"0x3203be2d","filterKeyword":"","isGoodSelected":false,"isNew":false,"isTrySelected":false,"isVeryGoodSelected":false,"listOfCategory":"0x4e4fe8a","listOfSAReports":"0x128578e0","sortDataOptions":"0x1878d67b"}|0x67cb1ad6
11:32:50.0 (56741683)|HEAP_ALLOCATE|[EXTERNAL]|Bytes:4
11:32:50.0 (56748025)|VARIABLE_ASSIGNMENT|[EXTERNAL]|value|[]|0x87930ad
11:32:50.0 (56759045)|VARIABLE_ASSIGNMENT|[67]|this.reportGoodViews|[]|0x67cb1ad6
11:32:50.0 (56767579)|STATEMENT_EXECUTE|[107]
11:32:50.0 (56784213)|HEAP_ALLOCATE|[107]|Bytes:4
11:32:50.0 (56859721)|VARIABLE_ASSIGNMENT|[EXTERNAL]|this|{"categoryDataOptions":"0x1a2a7232","countDataOptions":"0x6ea536d4","currentDay":"2018-03-12T02:32:50.116Z","currentDayMinusSeven":"2018-03-05T02:32:50.116Z","filterDateEnd":"","filterDateStart":"","filteredRecords":"0x3203be2d","filterKeyword":"","isGoodSelected":false,"isNew":false,"isTrySelected":false,"isVeryGoodSelected":false,"listOfCategory":"0x4e4fe8a","listOfSAReports":"0x128578e0","reportGoodViews":"0x87930ad","sortDataOptions":"0x1878d67b"}|0x67cb1ad6
11:32:50.0 (56874507)|HEAP_ALLOCATE|[EXTERNAL]|Bytes:4
11:32:50.0 (56880107)|VARIABLE_ASSIGNMENT|[EXTERNAL]|value|[]|0x593fb709
11:32:50.0 (56891041)|VARIABLE_ASSIGNMENT|[69]|this.reportManagedViews|[]|0x67cb1ad6
11:32:50.0 (56899275)|STATEMENT_EXECUTE|[108]
11:32:50.0 (56912882)|HEAP_ALLOCATE|[108]|Bytes:4
11:32:50.0 (56989926)|VARIABLE_ASSIGNMENT|[EXTERNAL]|this|{"categoryDataOptions":"0x1a2a7232","countDataOptions":"0x6ea536d4","currentDay":"2018-03-12T02:32:50.116Z","currentDayMinusSeven":"2018-03-05T02:32:50.116Z","filterDateEnd":"","filterDateStart":"","filteredRecords":"0x3203be2d","filterKeyword":"","isGoodSelected":false,"isNew":false,"isTrySelected":false,"isVeryGoodSelected":false,"listOfCategory":"0x4e4fe8a","listOfSAReports":"0x128578e0","reportGoodViews":"0x87930ad","reportManagedViews":"0x593fb709","sortDataOptions":"0x1878d67b"}|0x67cb1ad6
11:32:50.0 (57005070)|HEAP_ALLOCATE|[EXTERNAL]|Bytes:4
11:32:50.0 (57011540)|VARIABLE_ASSIGNMENT|[EXTERNAL]|value|[]|0x2f84f8ce
11:32:50.0 (57021728)|VARIABLE_ASSIGNMENT|[71]|this.reportComments|[]|0x67cb1ad6
11:32:50.0 (57033491)|SYSTEM_MODE_EXIT|false
11:32:50.0 (57098590)|SYSTEM_MODE_ENTER|true
11:32:50.0 (57140465)|HEAP_ALLOCATE|[EXTERNAL]|Bytes:120
11:32:50.0 (57150282)|VARIABLE_SCOPE_BEGIN|[62]|this|saReportCtrl|true|false
11:32:50.0 (57210613)|VARIABLE_ASSIGNMENT|[62]|this|{"categoryDataOptions":"0x1a2a7232","countDataOptions":"0x6ea536d4","currentDay":"2018-03-12T02:32:50.116Z","currentDayMinusSeven":"2018-03-05T02:32:50.116Z","filterDateEnd":"","filterDateStart":"","filteredRecords":"0x3203be2d","filterKeyword":"","isGoodSelected":false,"isNew":false,"isTrySelected":false,"isVeryGoodSelected":false,"listOfCategory":"0x4e4fe8a","listOfSAReports":"0x128578e0","reportComments":"0x2f84f8ce","reportGoodViews":"0x87930ad","reportManagedViews":"0x593fb709","sortDataOptions":"0x1878d67b"}|0x67cb1ad6
11:32:50.0 (57236301)|SYSTEM_MODE_ENTER|false
11:32:50.0 (57243814)|HEAP_ALLOCATE|[62]|Bytes:5
11:32:50.0 (57248424)|STATEMENT_EXECUTE|[62]
11:32:50.0 (57250255)|STATEMENT_EXECUTE|[62]
11:32:50.0 (57258003)|SYSTEM_MODE_EXIT|false
11:32:50.0 (57348100)|SYSTEM_MODE_ENTER|true
11:32:50.0 (57371858)|HEAP_ALLOCATE|[EXTERNAL]|Bytes:8
11:32:50.0 (57376494)|HEAP_ALLOCATE|[EXTERNAL]|Bytes:40
11:32:50.0 (57385028)|VARIABLE_ASSIGNMENT|[EXTERNAL]|this.iTypeOfScreen|52|0x1fe7fd56
11:32:50.0 (57565026)|SYSTEM_MODE_ENTER|true
11:32:50.0 (57782995)|SYSTEM_MODE_ENTER|true
11:32:50.0 (58747222)|SYSTEM_MODE_ENTER|true
11:32:50.0 (59014896)|SYSTEM_MODE_ENTER|true
11:32:50.0 (60339931)|SYSTEM_MODE_ENTER|true
11:32:50.0 (60417455)|SYSTEM_MODE_ENTER|true
11:32:50.0 (60508782)|SYSTEM_MODE_ENTER|true
11:32:50.0 (60602637)|SYSTEM_MODE_ENTER|true
11:32:50.0 (60744117)|SYSTEM_MODE_ENTER|true
11:32:50.0 (60862116)|SYSTEM_MODE_ENTER|true
11:32:50.0 (61001007)|SYSTEM_MODE_ENTER|true
11:32:50.0 (61133702)|SYSTEM_MODE_ENTER|true
11:32:50.0 (62646847)|SYSTEM_MODE_ENTER|true
11:32:50.0 (62670912)|HEAP_ALLOCATE|[EXTERNAL]|Bytes:40
11:32:50.0 (62682977)|VARIABLE_ASSIGNMENT|[EXTERNAL]|this.iCountComments|null|0x1fe7fd56
11:32:50.0 (62730238)|SYSTEM_MODE_ENTER|true
11:32:50.0 (62745333)|HEAP_ALLOCATE|[EXTERNAL]|Bytes:40
11:32:50.0 (62753829)|VARIABLE_ASSIGNMENT|[EXTERNAL]|this.iCountLikes|null|0x1fe7fd56
11:32:50.0 (62823877)|SYSTEM_MODE_ENTER|true
11:32:50.0 (62840970)|HEAP_ALLOCATE|[EXTERNAL]|Bytes:8
11:32:50.0 (62845786)|HEAP_ALLOCATE|[EXTERNAL]|Bytes:40
11:32:50.0 (62854706)|VARIABLE_ASSIGNMENT|[EXTERNAL]|this.iTypeOfScreen|52|0x1fe7fd56
11:32:50.0 (62990784)|SYSTEM_MODE_ENTER|true
11:32:50.0 (63021969)|HEAP_ALLOCATE|[EXTERNAL]|Bytes:40
11:32:50.0 (63031888)|VARIABLE_SCOPE_BEGIN|[107]|this|auMainTopCompCtrl|true|false
11:32:50.0 (63068809)|VARIABLE_ASSIGNMENT|[107]|this|{"currentUser":"0x24839b0c","iTypeOfScreen":52,"urlReportsSFA":"https://cs6.lightnin (84 more) ..."}|0x1fe7fd56
11:32:50.0 (63079578)|STATEMENT_EXECUTE|[107]
11:32:50.0 (63081536)|STATEMENT_EXECUTE|[108]
11:32:50.0 (63124710)|VARIABLE_ASSIGNMENT|[EXTERNAL]|this|{"currentUser":"0x24839b0c","iTypeOfScreen":52,"urlReportsSFA":"https://cs6.lightnin (84 more) ..."}|0x1fe7fd56
11:32:50.0 (63149166)|HEAP_ALLOCATE|[108]|Bytes:5
11:32:50.0 (63248322)|SYSTEM_MODE_ENTER|true
11:32:50.0 (63276295)|HEAP_ALLOCATE|[EXTERNAL]|Bytes:40
11:32:50.0 (63284922)|VARIABLE_SCOPE_BEGIN|[111]|this|auMainTopCompCtrl|true|false
11:32:50.0 (63312578)|VARIABLE_ASSIGNMENT|[111]|this|{"currentUser":"0x24839b0c","iTypeOfScreen":52,"urlReportsSFA":"https://cs6.lightnin (84 more) ..."}|0x1fe7fd56
11:32:50.0 (63321362)|STATEMENT_EXECUTE|[111]
11:32:50.0 (63323276)|STATEMENT_EXECUTE|[112]
11:32:50.0 (63355508)|VARIABLE_ASSIGNMENT|[EXTERNAL]|this|{"currentUser":"0x24839b0c","iTypeOfScreen":52,"urlReportsSFA":"https://cs6.lightnin (84 more) ..."}|0x1fe7fd56
11:32:50.0 (63374180)|HEAP_ALLOCATE|[112]|Bytes:5
11:32:50.0 (63465482)|SYSTEM_MODE_ENTER|true
11:32:50.0 (63491676)|HEAP_ALLOCATE|[EXTERNAL]|Bytes:40
11:32:50.0 (63499843)|VARIABLE_SCOPE_BEGIN|[115]|this|auMainTopCompCtrl|true|false
11:32:50.0 (63526439)|VARIABLE_ASSIGNMENT|[115]|this|{"currentUser":"0x24839b0c","iTypeOfScreen":52,"urlReportsSFA":"https://cs6.lightnin (84 more) ..."}|0x1fe7fd56
11:32:50.0 (63535094)|STATEMENT_EXECUTE|[115]
11:32:50.0 (63536954)|STATEMENT_EXECUTE|[116]
11:32:50.0 (63573891)|VARIABLE_ASSIGNMENT|[EXTERNAL]|this|{"currentUser":"0x24839b0c","iTypeOfScreen":52,"urlReportsSFA":"https://cs6.lightnin (84 more) ..."}|0x1fe7fd56
11:32:50.0 (63592379)|HEAP_ALLOCATE|[116]|Bytes:5
11:32:50.0 (63680313)|SYSTEM_MODE_ENTER|true
11:32:50.0 (63707146)|HEAP_ALLOCATE|[EXTERNAL]|Bytes:40
11:32:50.0 (63715200)|VARIABLE_SCOPE_BEGIN|[119]|this|auMainTopCompCtrl|true|false
11:32:50.0 (63740942)|VARIABLE_ASSIGNMENT|[119]|this|{"currentUser":"0x24839b0c","iTypeOfScreen":52,"urlReportsSFA":"https://cs6.lightnin (84 more) ..."}|0x1fe7fd56
11:32:50.0 (63753400)|STATEMENT_EXECUTE|[119]
11:32:50.0 (63755148)|STATEMENT_EXECUTE|[120]
11:32:50.0 (63786516)|VARIABLE_ASSIGNMENT|[EXTERNAL]|this|{"currentUser":"0x24839b0c","iTypeOfScreen":52,"urlReportsSFA":"https://cs6.lightnin (84 more) ..."}|0x1fe7fd56
11:32:50.0 (63803425)|HEAP_ALLOCATE|[120]|Bytes:5
11:32:50.0 (63887928)|SYSTEM_MODE_ENTER|true
11:32:50.0 (63912781)|HEAP_ALLOCATE|[EXTERNAL]|Bytes:40
11:32:50.0 (63921069)|VARIABLE_SCOPE_BEGIN|[123]|this|auMainTopCompCtrl|true|false
11:32:50.0 (63947431)|VARIABLE_ASSIGNMENT|[123]|this|{"currentUser":"0x24839b0c","iTypeOfScreen":52,"urlReportsSFA":"https://cs6.lightnin (84 more) ..."}|0x1fe7fd56
11:32:50.0 (63955291)|STATEMENT_EXECUTE|[123]
11:32:50.0 (63956955)|STATEMENT_EXECUTE|[124]
11:32:50.0 (63986298)|VARIABLE_ASSIGNMENT|[EXTERNAL]|this|{"currentUser":"0x24839b0c","iTypeOfScreen":52,"urlReportsSFA":"https://cs6.lightnin (84 more) ..."}|0x1fe7fd56
11:32:50.0 (64002687)|HEAP_ALLOCATE|[124]|Bytes:5
11:32:50.0 (64086858)|SYSTEM_MODE_ENTER|true
11:32:50.0 (64111552)|HEAP_ALLOCATE|[EXTERNAL]|Bytes:40
11:32:50.0 (64119623)|VARIABLE_SCOPE_BEGIN|[127]|this|auMainTopCompCtrl|true|false
11:32:50.0 (64146398)|VARIABLE_ASSIGNMENT|[127]|this|{"currentUser":"0x24839b0c","iTypeOfScreen":52,"urlReportsSFA":"https://cs6.lightnin (84 more) ..."}|0x1fe7fd56
11:32:50.0 (64155068)|STATEMENT_EXECUTE|[127]
11:32:50.0 (64156691)|STATEMENT_EXECUTE|[128]
11:32:50.0 (64186766)|VARIABLE_ASSIGNMENT|[EXTERNAL]|this|{"currentUser":"0x24839b0c","iTypeOfScreen":52,"urlReportsSFA":"https://cs6.lightnin (84 more) ..."}|0x1fe7fd56
11:32:50.0 (64203615)|HEAP_ALLOCATE|[128]|Bytes:5
11:32:50.0 (64285329)|SYSTEM_MODE_ENTER|true
11:32:50.0 (64309362)|HEAP_ALLOCATE|[EXTERNAL]|Bytes:40
11:32:50.0 (64317095)|VARIABLE_SCOPE_BEGIN|[131]|this|auMainTopCompCtrl|true|false
11:32:50.0 (64342930)|VARIABLE_ASSIGNMENT|[131]|this|{"currentUser":"0x24839b0c","iTypeOfScreen":52,"urlReportsSFA":"https://cs6.lightnin (84 more) ..."}|0x1fe7fd56
11:32:50.0 (64350966)|STATEMENT_EXECUTE|[131]
11:32:50.0 (64352656)|STATEMENT_EXECUTE|[132]
11:32:50.0 (64381942)|VARIABLE_ASSIGNMENT|[EXTERNAL]|this|{"currentUser":"0x24839b0c","iTypeOfScreen":52,"urlReportsSFA":"https://cs6.lightnin (84 more) ..."}|0x1fe7fd56
11:32:50.0 (64398234)|HEAP_ALLOCATE|[132]|Bytes:5
11:32:50.0 (64525786)|SYSTEM_MODE_ENTER|true
11:32:50.0 (71813910)|SYSTEM_MODE_ENTER|true
11:32:50.0 (72003467)|SYSTEM_MODE_ENTER|true
11:32:50.0 (72111394)|SYSTEM_MODE_ENTER|true
11:32:50.0 (72232660)|SYSTEM_MODE_ENTER|true
11:32:50.0 (72609416)|SYSTEM_MODE_ENTER|true
11:32:50.0 (72966114)|SYSTEM_MODE_ENTER|true
11:32:50.0 (73094465)|SYSTEM_MODE_ENTER|true
11:32:50.0 (73241833)|SYSTEM_MODE_ENTER|true
11:32:50.0 (73358317)|SYSTEM_MODE_ENTER|true
11:32:50.0 (74384917)|SYSTEM_MODE_ENTER|true
11:32:50.0 (79296289)|SYSTEM_MODE_ENTER|true
11:32:50.0 (79521614)|SYSTEM_MODE_ENTER|true
11:32:50.0 (79580883)|SYSTEM_MODE_ENTER|true
11:32:50.0 (82886146)|VF_SERIALIZE_VIEWSTATE_BEGIN|066N0000000M59u
11:32:50.0 (87586899)|VF_SERIALIZE_VIEWSTATE_END
11:32:50.92 (92817896)|CUMULATIVE_LIMIT_USAGE
11:32:50.92 (92817896)|LIMIT_USAGE_FOR_NS|(default)|
  Number of SOQL queries: 3 out of 100
  Number of query rows: 13 out of 50000
  Number of SOSL queries: 0 out of 20
  Number of DML statements: 0 out of 150
  Number of DML rows: 0 out of 10000
  Maximum CPU time: 0 out of 10000
  Maximum heap size: 0 out of 6000000
  Number of callouts: 0 out of 100
  Number of Email Invocations: 0 out of 10
  Number of future calls: 0 out of 50
  Number of queueable jobs added to the queue: 0 out of 50
  Number of Mobile Apex push calls: 0 out of 10

11:32:50.92 (92817896)|CUMULATIVE_LIMIT_USAGE_END

11:32:50.0 (92854393)|CODE_UNIT_FINISHED|VF: /apex/saReport
11:32:50.0 (93657374)|EXECUTION_FINISHED
