36.0 APEX_CODE,FINEST;APEX_PROFILING,INFO;CALLOUT,INFO;DB,INFO;NBA,INFO;SYSTEM,DEBUG;VALIDATION,INFO;VISUALFORCE,INFO;WAVE,INFO;WORKFLOW,INFO
13:52:58.0 (340186)|USER_INFO|[EXTERNAL]|005N00000057RPN|duc.huynhmanh+kddi-gwdev01@globalway.co.jp|日本標準時|GMT+10:00
13:52:58.0 (383437)|EXECUTION_STARTED
13:52:58.0 (420431)|CODE_UNIT_STARTED|[EXTERNAL]|01pN0000000yFWy|auUpdateHasAttachmentStateBatch
13:52:58.0 (1660831)|HEAP_ALLOCATE|[72]|Bytes:3
13:52:58.0 (1726398)|HEAP_ALLOCATE|[77]|Bytes:152
13:52:58.0 (1742777)|HEAP_ALLOCATE|[342]|Bytes:408
13:52:58.0 (1755596)|HEAP_ALLOCATE|[355]|Bytes:408
13:52:58.0 (1766912)|HEAP_ALLOCATE|[467]|Bytes:48
13:52:58.0 (1795986)|HEAP_ALLOCATE|[139]|Bytes:6
13:52:58.0 (1925009)|HEAP_ALLOCATE|[50]|Bytes:5
13:52:58.0 (1951676)|HEAP_ALLOCATE|[56]|Bytes:5
13:52:58.0 (1960546)|HEAP_ALLOCATE|[64]|Bytes:7
13:52:58.0 (2542789)|HEAP_ALLOCATE|[EXTERNAL]|Bytes:706
13:52:58.0 (9049438)|HEAP_ALLOCATE|[EXTERNAL]|Bytes:11
13:52:58.0 (9072140)|SYSTEM_METHOD_ENTRY|[15]|BatchableContextImpl.BatchableContextImpl()
13:52:58.0 (9079510)|STATEMENT_EXECUTE|[15]
13:52:58.0 (9089664)|SYSTEM_METHOD_EXIT|[15]|BatchableContextImpl
13:52:58.0 (9097936)|HEAP_ALLOCATE|[EXTERNAL]|Bytes:12
13:52:58.0 (9103118)|HEAP_ALLOCATE|[EXTERNAL]|Bytes:4
13:52:58.0 (9109063)|VARIABLE_SCOPE_BEGIN|[31]|this|Database.BatchableContextImpl|true|false
13:52:58.0 (9159530)|VARIABLE_ASSIGNMENT|[31]|this|{}|0x63e8aa81
13:52:58.0 (9167608)|VARIABLE_SCOPE_BEGIN|[31]|jobId|Id|false|false
13:52:58.0 (9271499)|VARIABLE_ASSIGNMENT|[31]|jobId|"707N000002I5kE9IAJ"
13:52:58.0 (9278889)|VARIABLE_SCOPE_BEGIN|[31]|childJobId|Id|false|false
13:52:58.0 (9288801)|VARIABLE_ASSIGNMENT|[31]|childJobId|null
13:52:58.0 (9877629)|HEAP_ALLOCATE|[EXTERNAL]|Bytes:57
13:52:58.0 (9886001)|HEAP_ALLOCATE|[EXTERNAL]|Bytes:10
13:52:58.0 (9890543)|HEAP_ALLOCATE|[EXTERNAL]|Bytes:5
13:52:58.0 (9902356)|METHOD_ENTRY|[1]|01pN0000000yFWy|auUpdateHasAttachmentStateBatch.auUpdateHasAttachmentStateBatch()
13:52:58.0 (9908416)|STATEMENT_EXECUTE|[1]
13:52:58.0 (9912153)|STATEMENT_EXECUTE|[1]
13:52:58.0 (9916704)|METHOD_EXIT|[1]|auUpdateHasAttachmentStateBatch
13:52:58.0 (9923527)|HEAP_ALLOCATE|[EXTERNAL]|Bytes:12
13:52:58.0 (9927469)|HEAP_ALLOCATE|[EXTERNAL]|Bytes:12
13:52:58.0 (9932619)|VARIABLE_SCOPE_BEGIN|[12]|this|auUpdateHasAttachmentStateBatch|true|false
13:52:58.0 (9966825)|VARIABLE_ASSIGNMENT|[12]|this|{"hasError":false,"query":"SELECT HasAttachment (669 more) ..."}|0xebcc2d9
13:52:58.0 (9974468)|VARIABLE_SCOPE_BEGIN|[12]|BC|Database.BatchableContext|true|false
13:52:58.0 (10030324)|VARIABLE_ASSIGNMENT|[12]|BC|{"jobId":"707N000002I5kE9IAJ"}|0x63e8aa81
13:52:58.0 (10043687)|STATEMENT_EXECUTE|[12]
13:52:58.0 (10045689)|STATEMENT_EXECUTE|[13]
13:52:58.0 (11681603)|SOQL_EXECUTE_BEGIN|[13]|Aggregations:0|SELECT HasAttachment__c FROM auCXKnowledge__c 
13:52:58.0 (26124591)|SOQL_EXECUTE_END|[13]|Rows:30
13:52:58.0 (26183915)|HEAP_ALLOCATE|[13]|Bytes:20
13:52:58.39 (39566979)|CUMULATIVE_LIMIT_USAGE
13:52:58.39 (39566979)|LIMIT_USAGE_FOR_NS|(default)|
  Number of SOQL queries: 0 out of 200
  Number of query rows: 0 out of 50000
  Number of SOSL queries: 0 out of 20
  Number of DML statements: 0 out of 150
  Number of DML rows: 0 out of 10000
  Maximum CPU time: 0 out of 60000
  Maximum heap size: 0 out of 12000000
  Number of callouts: 0 out of 0
  Number of Email Invocations: 0 out of 10
  Number of future calls: 0 out of 0
  Number of queueable jobs added to the queue: 0 out of 1
  Number of Mobile Apex push calls: 0 out of 10

13:52:58.39 (39566979)|CUMULATIVE_LIMIT_USAGE_END

13:52:58.0 (39631014)|CODE_UNIT_FINISHED|auUpdateHasAttachmentStateBatch
13:52:58.0 (40422852)|EXECUTION_FINISHED
