42.0 APEX_CODE,FINEST;APEX_PROFILING,INFO;CALLOUT,INFO;DB,INFO;NBA,INFO;SYSTEM,DEBUG;VALIDATION,INFO;VISUALFORCE,INFO;WAVE,INFO;WORKFLOW,INFO
11:05:32.0 (101352)|USER_INFO|[EXTERNAL]|005N00000057PfO|thomas.remy+kddi_gwdev01@globalway.co.jp|Japan Standard Time|GMT+09:00
11:05:32.0 (153985)|EXECUTION_STARTED
11:05:32.0 (160822)|CODE_UNIT_STARTED|[EXTERNAL]|066N0000000M4pW|VF: /apex/sadailyreport
11:05:32.0 (323966)|VF_DESERIALIZE_VIEWSTATE_BEGIN|066N0000000M4pW
11:05:32.0 (3866862)|HEAP_ALLOCATE|[72]|Bytes:3
11:05:32.0 (3916912)|HEAP_ALLOCATE|[77]|Bytes:152
11:05:32.0 (3935419)|HEAP_ALLOCATE|[342]|Bytes:408
11:05:32.0 (3952061)|HEAP_ALLOCATE|[355]|Bytes:408
11:05:32.0 (3967493)|HEAP_ALLOCATE|[467]|Bytes:48
11:05:32.0 (3994184)|HEAP_ALLOCATE|[139]|Bytes:6
11:05:32.0 (4971109)|HEAP_ALLOCATE|[50]|Bytes:5
11:05:32.0 (5004099)|HEAP_ALLOCATE|[56]|Bytes:5
11:05:32.0 (5014330)|HEAP_ALLOCATE|[64]|Bytes:7
11:05:32.0 (5802342)|VARIABLE_SCOPE_BEGIN|[3]|saDailyReportCtrl.SOURCE|String|false|true
11:05:32.0 (5816217)|VARIABLE_SCOPE_BEGIN|[4]|saDailyReportCtrl.SOURCE_ID|String|false|true
11:05:32.0 (6815425)|VARIABLE_SCOPE_BEGIN|[25]|auMainTopCompCtrl.TYPE_SCREEN_ACCOUNT_LIST|Integer|false|true
11:05:32.0 (6827090)|VARIABLE_SCOPE_BEGIN|[26]|auMainTopCompCtrl.TYPE_SCREEN_ACTIVITY_LIST|Integer|false|true
11:05:32.0 (6834440)|VARIABLE_SCOPE_BEGIN|[7]|auMainTopCompCtrl.TYPE_SCREEN_CX_SCREEN|Integer|false|true
11:05:32.0 (6840914)|VARIABLE_SCOPE_BEGIN|[8]|auMainTopCompCtrl.TYPE_SCREEN_CX_TIMELINE|Integer|false|true
11:05:32.0 (6847977)|VARIABLE_SCOPE_BEGIN|[9]|auMainTopCompCtrl.TYPE_SCREEN_EVENT_SCHEDULE|Integer|false|true
11:05:32.0 (6854504)|VARIABLE_SCOPE_BEGIN|[10]|auMainTopCompCtrl.TYPE_SCREEN_EVENT_SCHEDULE_LIST|Integer|false|true
11:05:32.0 (6860952)|VARIABLE_SCOPE_BEGIN|[27]|auMainTopCompCtrl.TYPE_SCREEN_FILE_LIST|Integer|false|true
11:05:32.0 (6866641)|VARIABLE_SCOPE_BEGIN|[24]|auMainTopCompCtrl.TYPE_SCREEN_HONBU_DIRECT|Integer|false|true
11:05:32.0 (6872499)|VARIABLE_SCOPE_BEGIN|[11]|auMainTopCompCtrl.TYPE_SCREEN_KNOWLEDGE_DASHBOARD|Integer|false|true
11:05:32.0 (6878067)|VARIABLE_SCOPE_BEGIN|[12]|auMainTopCompCtrl.TYPE_SCREEN_KNOWLEDGE_LIST|Integer|false|true
11:05:32.0 (6883670)|VARIABLE_SCOPE_BEGIN|[15]|auMainTopCompCtrl.TYPE_SCREEN_SA_CHATTER|Integer|false|true
11:05:32.0 (6889251)|VARIABLE_SCOPE_BEGIN|[16]|auMainTopCompCtrl.TYPE_SCREEN_SA_DAILYREPORT|Integer|false|true
11:05:32.0 (6894841)|VARIABLE_SCOPE_BEGIN|[22]|auMainTopCompCtrl.TYPE_SCREEN_SA_DAILYREPORTLIST|Integer|false|true
11:05:32.0 (6901010)|VARIABLE_SCOPE_BEGIN|[18]|auMainTopCompCtrl.TYPE_SCREEN_SA_DOCUMENTS|Integer|false|true
11:05:32.0 (6907145)|VARIABLE_SCOPE_BEGIN|[17]|auMainTopCompCtrl.TYPE_SCREEN_SA_ENQUETE|Integer|false|true
11:05:32.0 (6913147)|VARIABLE_SCOPE_BEGIN|[20]|auMainTopCompCtrl.TYPE_SCREEN_SA_LINKS|Integer|false|true
11:05:32.0 (6919339)|VARIABLE_SCOPE_BEGIN|[13]|auMainTopCompCtrl.TYPE_SCREEN_SA_MESSAGES|Integer|false|true
11:05:32.0 (6925720)|VARIABLE_SCOPE_BEGIN|[19]|auMainTopCompCtrl.TYPE_SCREEN_SA_RANKING|Integer|false|true
11:05:32.0 (6931696)|VARIABLE_SCOPE_BEGIN|[14]|auMainTopCompCtrl.TYPE_SCREEN_SA_REPORTS|Integer|false|true
11:05:32.0 (6937450)|VARIABLE_SCOPE_BEGIN|[23]|auMainTopCompCtrl.TYPE_SCREEN_SA_TODO|Integer|false|true
11:05:32.0 (6943807)|VARIABLE_SCOPE_BEGIN|[21]|auMainTopCompCtrl.TYPE_SCREEN_SA_USRSETTINGS|Integer|false|true
11:05:32.0 (6949798)|VARIABLE_SCOPE_BEGIN|[4]|auMainTopCompCtrl.TYPE_SCREEN_STPD_EVENT|Integer|false|true
11:05:32.0 (6956303)|VARIABLE_SCOPE_BEGIN|[6]|auMainTopCompCtrl.TYPE_SCREEN_STPD_SCREEN|Integer|false|true
11:05:32.0 (6962692)|VARIABLE_SCOPE_BEGIN|[5]|auMainTopCompCtrl.TYPE_SCREEN_STPD_TIMELINE|Integer|false|true
11:05:32.0 (6968968)|VARIABLE_SCOPE_BEGIN|[3]|auMainTopCompCtrl.TYPE_SCREEN_SWITCH|Integer|false|true
11:05:32.0 (8248712)|VF_DESERIALIZE_VIEWSTATE_END
11:05:32.0 (10483106)|SYSTEM_MODE_ENTER|true
11:05:32.0 (10734813)|HEAP_ALLOCATE|[EXTERNAL]|Bytes:284
11:05:32.0 (10747825)|HEAP_ALLOCATE|[EXTERNAL]|Bytes:150
11:05:32.0 (10761639)|METHOD_ENTRY|[1]|01pN0000000Mill|auMainTopCompCtrl.auMainTopCompCtrl()
11:05:32.0 (10768886)|STATEMENT_EXECUTE|[1]
11:05:32.0 (10774632)|STATEMENT_EXECUTE|[1]
11:05:32.0 (10776576)|STATEMENT_EXECUTE|[3]
11:05:32.0 (10783556)|HEAP_ALLOCATE|[3]|Bytes:4
11:05:32.0 (10810826)|VARIABLE_ASSIGNMENT|[3]|auMainTopCompCtrl.TYPE_SCREEN_SWITCH|0
11:05:32.0 (10816862)|STATEMENT_EXECUTE|[4]
11:05:32.0 (10819780)|HEAP_ALLOCATE|[4]|Bytes:4
11:05:32.0 (10827622)|VARIABLE_ASSIGNMENT|[4]|auMainTopCompCtrl.TYPE_SCREEN_STPD_EVENT|11
11:05:32.0 (10832097)|STATEMENT_EXECUTE|[5]
11:05:32.0 (10834504)|HEAP_ALLOCATE|[5]|Bytes:4
11:05:32.0 (10841857)|VARIABLE_ASSIGNMENT|[5]|auMainTopCompCtrl.TYPE_SCREEN_STPD_TIMELINE|12
11:05:32.0 (10845748)|STATEMENT_EXECUTE|[6]
11:05:32.0 (10847635)|HEAP_ALLOCATE|[6]|Bytes:4
11:05:32.0 (10853668)|VARIABLE_ASSIGNMENT|[6]|auMainTopCompCtrl.TYPE_SCREEN_STPD_SCREEN|13
11:05:32.0 (10857588)|STATEMENT_EXECUTE|[7]
11:05:32.0 (10859750)|HEAP_ALLOCATE|[7]|Bytes:4
11:05:32.0 (10864813)|VARIABLE_ASSIGNMENT|[7]|auMainTopCompCtrl.TYPE_SCREEN_CX_SCREEN|21
11:05:32.0 (10868763)|STATEMENT_EXECUTE|[8]
11:05:32.0 (10870559)|HEAP_ALLOCATE|[8]|Bytes:4
11:05:32.0 (10875666)|VARIABLE_ASSIGNMENT|[8]|auMainTopCompCtrl.TYPE_SCREEN_CX_TIMELINE|22
11:05:32.0 (10879339)|STATEMENT_EXECUTE|[9]
11:05:32.0 (10881424)|HEAP_ALLOCATE|[9]|Bytes:4
11:05:32.0 (10887021)|VARIABLE_ASSIGNMENT|[9]|auMainTopCompCtrl.TYPE_SCREEN_EVENT_SCHEDULE|31
11:05:32.0 (10891232)|STATEMENT_EXECUTE|[10]
11:05:32.0 (10893285)|HEAP_ALLOCATE|[10]|Bytes:4
11:05:32.0 (10899875)|VARIABLE_ASSIGNMENT|[10]|auMainTopCompCtrl.TYPE_SCREEN_EVENT_SCHEDULE_LIST|32
11:05:32.0 (10904345)|STATEMENT_EXECUTE|[11]
11:05:32.0 (10906470)|HEAP_ALLOCATE|[11]|Bytes:4
11:05:32.0 (10911764)|VARIABLE_ASSIGNMENT|[11]|auMainTopCompCtrl.TYPE_SCREEN_KNOWLEDGE_DASHBOARD|41
11:05:32.0 (10916107)|STATEMENT_EXECUTE|[12]
11:05:32.0 (10917934)|HEAP_ALLOCATE|[12]|Bytes:4
11:05:32.0 (10924173)|VARIABLE_ASSIGNMENT|[12]|auMainTopCompCtrl.TYPE_SCREEN_KNOWLEDGE_LIST|42
11:05:32.0 (10928305)|STATEMENT_EXECUTE|[13]
11:05:32.0 (10930491)|HEAP_ALLOCATE|[13]|Bytes:4
11:05:32.0 (10936283)|VARIABLE_ASSIGNMENT|[13]|auMainTopCompCtrl.TYPE_SCREEN_SA_MESSAGES|51
11:05:32.0 (10939769)|STATEMENT_EXECUTE|[14]
11:05:32.0 (10941827)|HEAP_ALLOCATE|[14]|Bytes:4
11:05:32.0 (10947755)|VARIABLE_ASSIGNMENT|[14]|auMainTopCompCtrl.TYPE_SCREEN_SA_REPORTS|52
11:05:32.0 (10951714)|STATEMENT_EXECUTE|[15]
11:05:32.0 (10953597)|HEAP_ALLOCATE|[15]|Bytes:4
11:05:32.0 (10959155)|VARIABLE_ASSIGNMENT|[15]|auMainTopCompCtrl.TYPE_SCREEN_SA_CHATTER|53
11:05:32.0 (10963315)|STATEMENT_EXECUTE|[16]
11:05:32.0 (10965436)|HEAP_ALLOCATE|[16]|Bytes:4
11:05:32.0 (10971495)|VARIABLE_ASSIGNMENT|[16]|auMainTopCompCtrl.TYPE_SCREEN_SA_DAILYREPORT|54
11:05:32.0 (10975392)|STATEMENT_EXECUTE|[17]
11:05:32.0 (10977365)|HEAP_ALLOCATE|[17]|Bytes:4
11:05:32.0 (10982993)|VARIABLE_ASSIGNMENT|[17]|auMainTopCompCtrl.TYPE_SCREEN_SA_ENQUETE|55
11:05:32.0 (10987259)|STATEMENT_EXECUTE|[18]
11:05:32.0 (10989071)|HEAP_ALLOCATE|[18]|Bytes:4
11:05:32.0 (10995174)|VARIABLE_ASSIGNMENT|[18]|auMainTopCompCtrl.TYPE_SCREEN_SA_DOCUMENTS|56
11:05:32.0 (10998481)|STATEMENT_EXECUTE|[19]
11:05:32.0 (11000598)|HEAP_ALLOCATE|[19]|Bytes:4
11:05:32.0 (11007039)|VARIABLE_ASSIGNMENT|[19]|auMainTopCompCtrl.TYPE_SCREEN_SA_RANKING|57
11:05:32.0 (11010732)|STATEMENT_EXECUTE|[20]
11:05:32.0 (11012537)|HEAP_ALLOCATE|[20]|Bytes:4
11:05:32.0 (11018225)|VARIABLE_ASSIGNMENT|[20]|auMainTopCompCtrl.TYPE_SCREEN_SA_LINKS|58
11:05:32.0 (11022192)|STATEMENT_EXECUTE|[21]
11:05:32.0 (11024138)|HEAP_ALLOCATE|[21]|Bytes:4
11:05:32.0 (11030118)|VARIABLE_ASSIGNMENT|[21]|auMainTopCompCtrl.TYPE_SCREEN_SA_USRSETTINGS|59
11:05:32.0 (11034090)|STATEMENT_EXECUTE|[22]
11:05:32.0 (11036100)|HEAP_ALLOCATE|[22]|Bytes:4
11:05:32.0 (11041921)|VARIABLE_ASSIGNMENT|[22]|auMainTopCompCtrl.TYPE_SCREEN_SA_DAILYREPORTLIST|60
11:05:32.0 (11045854)|STATEMENT_EXECUTE|[23]
11:05:32.0 (11047885)|HEAP_ALLOCATE|[23]|Bytes:4
11:05:32.0 (11055516)|VARIABLE_ASSIGNMENT|[23]|auMainTopCompCtrl.TYPE_SCREEN_SA_TODO|61
11:05:32.0 (11059566)|STATEMENT_EXECUTE|[24]
11:05:32.0 (11061598)|HEAP_ALLOCATE|[24]|Bytes:4
11:05:32.0 (11066927)|VARIABLE_ASSIGNMENT|[24]|auMainTopCompCtrl.TYPE_SCREEN_HONBU_DIRECT|71
11:05:32.0 (11070522)|STATEMENT_EXECUTE|[25]
11:05:32.0 (11072611)|HEAP_ALLOCATE|[25]|Bytes:4
11:05:32.0 (11077475)|VARIABLE_ASSIGNMENT|[25]|auMainTopCompCtrl.TYPE_SCREEN_ACCOUNT_LIST|81
11:05:32.0 (11081321)|STATEMENT_EXECUTE|[26]
11:05:32.0 (11083130)|HEAP_ALLOCATE|[26]|Bytes:4
11:05:32.0 (11088109)|VARIABLE_ASSIGNMENT|[26]|auMainTopCompCtrl.TYPE_SCREEN_ACTIVITY_LIST|82
11:05:32.0 (11092308)|STATEMENT_EXECUTE|[27]
11:05:32.0 (11094756)|HEAP_ALLOCATE|[27]|Bytes:4
11:05:32.0 (11100269)|VARIABLE_ASSIGNMENT|[27]|auMainTopCompCtrl.TYPE_SCREEN_FILE_LIST|83
11:05:32.0 (11108483)|METHOD_EXIT|[1]|auMainTopCompCtrl
11:05:32.0 (11115362)|HEAP_ALLOCATE|[EXTERNAL]|Bytes:40
11:05:32.0 (11124281)|VARIABLE_SCOPE_BEGIN|[80]|this|auMainTopCompCtrl|true|false
11:05:32.0 (11185263)|VARIABLE_ASSIGNMENT|[80]|this|{"currentUser":"0x15ae36a1","iTypeOfScreen":54,"urlReportsSFA":"https://cs6.lightnin (84 more) ..."}|0x5cdabdfa
11:05:32.0 (11198512)|STATEMENT_EXECUTE|[80]
11:05:32.0 (11200270)|STATEMENT_EXECUTE|[81]
11:05:32.0 (11248861)|VARIABLE_ASSIGNMENT|[EXTERNAL]|this|{"currentUser":"0x15ae36a1","iTypeOfScreen":54,"urlReportsSFA":"https://cs6.lightnin (84 more) ..."}|0x5cdabdfa
11:05:32.0 (11298834)|VARIABLE_ASSIGNMENT|[EXTERNAL]|this|{"currentUser":"0x15ae36a1","iTypeOfScreen":54,"urlReportsSFA":"https://cs6.lightnin (84 more) ..."}|0x5cdabdfa
11:05:32.0 (11334932)|VARIABLE_ASSIGNMENT|[EXTERNAL]|this|{"currentUser":"0x15ae36a1","iTypeOfScreen":54,"urlReportsSFA":"https://cs6.lightnin (84 more) ..."}|0x5cdabdfa
11:05:32.0 (11373164)|VARIABLE_ASSIGNMENT|[EXTERNAL]|this|{"currentUser":"0x15ae36a1","iTypeOfScreen":54,"urlReportsSFA":"https://cs6.lightnin (84 more) ..."}|0x5cdabdfa
11:05:32.0 (11395669)|HEAP_ALLOCATE|[81]|Bytes:5
11:05:32.0 (11497378)|SYSTEM_MODE_ENTER|true
11:05:32.0 (11549311)|HEAP_ALLOCATE|[EXTERNAL]|Bytes:40
11:05:32.0 (11556931)|VARIABLE_SCOPE_BEGIN|[98]|this|auMainTopCompCtrl|true|false
11:05:32.0 (11588449)|VARIABLE_ASSIGNMENT|[98]|this|{"currentUser":"0x15ae36a1","iTypeOfScreen":54,"urlReportsSFA":"https://cs6.lightnin (84 more) ..."}|0x5cdabdfa
11:05:32.0 (11599000)|STATEMENT_EXECUTE|[98]
11:05:32.0 (11600871)|STATEMENT_EXECUTE|[99]
11:05:32.0 (11638080)|VARIABLE_ASSIGNMENT|[EXTERNAL]|this|{"currentUser":"0x15ae36a1","iTypeOfScreen":54,"urlReportsSFA":"https://cs6.lightnin (84 more) ..."}|0x5cdabdfa
11:05:32.0 (11653089)|HEAP_ALLOCATE|[99]|Bytes:5
11:05:32.0 (11716237)|SYSTEM_MODE_ENTER|true
11:05:32.0 (11748996)|HEAP_ALLOCATE|[EXTERNAL]|Bytes:40
11:05:32.0 (11755975)|VARIABLE_SCOPE_BEGIN|[102]|this|auMainTopCompCtrl|true|false
11:05:32.0 (11785723)|VARIABLE_ASSIGNMENT|[102]|this|{"currentUser":"0x15ae36a1","iTypeOfScreen":54,"urlReportsSFA":"https://cs6.lightnin (84 more) ..."}|0x5cdabdfa
11:05:32.0 (11795170)|STATEMENT_EXECUTE|[102]
11:05:32.0 (11797292)|STATEMENT_EXECUTE|[103]
11:05:32.0 (11828602)|VARIABLE_ASSIGNMENT|[EXTERNAL]|this|{"currentUser":"0x15ae36a1","iTypeOfScreen":54,"urlReportsSFA":"https://cs6.lightnin (84 more) ..."}|0x5cdabdfa
11:05:32.0 (11842881)|HEAP_ALLOCATE|[103]|Bytes:5
11:05:32.0 (11926301)|SYSTEM_MODE_ENTER|true
11:05:32.0 (11950008)|HEAP_ALLOCATE|[EXTERNAL]|Bytes:40
11:05:32.0 (11960979)|VARIABLE_ASSIGNMENT|[EXTERNAL]|this.iCountComments|null|0x5cdabdfa
11:05:32.0 (12002782)|SYSTEM_MODE_ENTER|true
11:05:32.0 (12015454)|HEAP_ALLOCATE|[EXTERNAL]|Bytes:40
11:05:32.0 (12022746)|VARIABLE_ASSIGNMENT|[EXTERNAL]|this.iCountLikes|null|0x5cdabdfa
11:05:32.0 (12103553)|SYSTEM_MODE_ENTER|true
11:05:32.0 (12141827)|HEAP_ALLOCATE|[EXTERNAL]|Bytes:26
11:05:32.0 (12150920)|HEAP_ALLOCATE|[EXTERNAL]|Bytes:460
11:05:32.0 (12155897)|HEAP_ALLOCATE|[EXTERNAL]|Bytes:113
11:05:32.0 (12159301)|HEAP_ALLOCATE|[EXTERNAL]|Bytes:39
11:05:32.0 (12162964)|HEAP_ALLOCATE|[EXTERNAL]|Bytes:3
11:05:32.0 (12172563)|VARIABLE_ASSIGNMENT|[EXTERNAL]|saDailyReportCtrl.SOURCE|"src"
11:05:32.0 (12177804)|HEAP_ALLOCATE|[EXTERNAL]|Bytes:2
11:05:32.0 (12184010)|VARIABLE_ASSIGNMENT|[EXTERNAL]|saDailyReportCtrl.SOURCE_ID|"id"
11:05:32.0 (12192197)|METHOD_ENTRY|[1]|01pN0000000aE0W|saDailyReportCtrl.saDailyReportCtrl()
11:05:32.0 (12197402)|STATEMENT_EXECUTE|[1]
11:05:32.0 (12200658)|STATEMENT_EXECUTE|[1]
11:05:32.0 (12209790)|SYSTEM_MODE_ENTER|false
11:05:32.0 (12217337)|HEAP_ALLOCATE|[EXTERNAL]|Bytes:5
11:05:32.0 (12222417)|STATEMENT_EXECUTE|[650]
11:05:32.0 (12224315)|STATEMENT_EXECUTE|[677]
11:05:32.0 (12229654)|SYSTEM_MODE_EXIT|false
11:05:32.0 (12237689)|METHOD_EXIT|[1]|saDailyReportCtrl
11:05:32.0 (12243441)|HEAP_ALLOCATE|[EXTERNAL]|Bytes:76
11:05:32.0 (12248713)|VARIABLE_SCOPE_BEGIN|[92]|this|saDailyReportCtrl|true|false
11:05:32.0 (12586175)|VARIABLE_ASSIGNMENT|[92]|this|{"BusinessLocationName":"","currentInquiryReply":"0x4256ab80","currentInquiryReplyDetail":"0x4b6afb5d","dailyReportId":"a0IN0000006RUllMAG","dCurrentDay":"2018-06-30T00:00:00Z","dCurrentMonth":"2018-07-01T00:00:00Z","iCurrentDay":0,"idBusinessLocation":"","isIPhone":false,"isPreview":true,"lsBusinessLocation":"0x2f95d7af","messageError":"","messageQuestion":"","mpQuestions":"0xcb2fd2e","myUser":"0x7b4f5d93","sourceOfTheCall":"preview"}|0x745afbc8
11:05:32.0 (12613333)|SYSTEM_MODE_ENTER|false
11:05:32.0 (12621242)|HEAP_ALLOCATE|[92]|Bytes:5
11:05:32.0 (12627176)|STATEMENT_EXECUTE|[92]
11:05:32.0 (12628866)|STATEMENT_EXECUTE|[92]
11:05:32.0 (12634024)|SYSTEM_MODE_EXIT|false
11:05:32.0 (12695882)|SYSTEM_MODE_ENTER|true
11:05:32.0 (12716013)|HEAP_ALLOCATE|[EXTERNAL]|Bytes:8
11:05:32.0 (12720805)|HEAP_ALLOCATE|[EXTERNAL]|Bytes:40
11:05:32.0 (12730030)|VARIABLE_ASSIGNMENT|[EXTERNAL]|this.iTypeOfScreen|54|0x5cdabdfa
11:05:32.0 (12874409)|SYSTEM_MODE_ENTER|true
11:05:32.0 (12963969)|SYSTEM_MODE_ENTER|true
11:05:32.0 (13044738)|SYSTEM_MODE_ENTER|true
11:05:32.0 (13235577)|SYSTEM_MODE_ENTER|true
11:05:32.0 (14482886)|SYSTEM_MODE_ENTER|true
11:05:32.0 (16425883)|SYSTEM_MODE_ENTER|true
11:05:32.0 (16476258)|SYSTEM_MODE_ENTER|true
11:05:32.0 (16514750)|SYSTEM_MODE_ENTER|true
11:05:32.0 (16551380)|SYSTEM_MODE_ENTER|true
11:05:32.0 (16585252)|SYSTEM_MODE_ENTER|true
11:05:32.0 (16640996)|SYSTEM_MODE_ENTER|true
11:05:32.0 (16680495)|HEAP_ALLOCATE|[EXTERNAL]|Bytes:40
11:05:32.0 (16688402)|VARIABLE_SCOPE_BEGIN|[80]|this|auMainTopCompCtrl|true|false
11:05:32.0 (16726312)|VARIABLE_ASSIGNMENT|[80]|this|{"currentUser":"0x15ae36a1","iTypeOfScreen":54,"urlReportsSFA":"https://cs6.lightnin (84 more) ..."}|0x5cdabdfa
11:05:32.0 (16736911)|STATEMENT_EXECUTE|[80]
11:05:32.0 (16738910)|STATEMENT_EXECUTE|[81]
11:05:32.0 (16768527)|VARIABLE_ASSIGNMENT|[EXTERNAL]|this|{"currentUser":"0x15ae36a1","iTypeOfScreen":54,"urlReportsSFA":"https://cs6.lightnin (84 more) ..."}|0x5cdabdfa
11:05:32.0 (16804668)|VARIABLE_ASSIGNMENT|[EXTERNAL]|this|{"currentUser":"0x15ae36a1","iTypeOfScreen":54,"urlReportsSFA":"https://cs6.lightnin (84 more) ..."}|0x5cdabdfa
11:05:32.0 (16836582)|VARIABLE_ASSIGNMENT|[EXTERNAL]|this|{"currentUser":"0x15ae36a1","iTypeOfScreen":54,"urlReportsSFA":"https://cs6.lightnin (84 more) ..."}|0x5cdabdfa
11:05:32.0 (16867052)|VARIABLE_ASSIGNMENT|[EXTERNAL]|this|{"currentUser":"0x15ae36a1","iTypeOfScreen":54,"urlReportsSFA":"https://cs6.lightnin (84 more) ..."}|0x5cdabdfa
11:05:32.0 (16880446)|HEAP_ALLOCATE|[81]|Bytes:5
11:05:32.0 (16931432)|SYSTEM_MODE_ENTER|true
11:05:32.0 (16964343)|HEAP_ALLOCATE|[EXTERNAL]|Bytes:40
11:05:32.0 (16971796)|VARIABLE_SCOPE_BEGIN|[98]|this|auMainTopCompCtrl|true|false
11:05:32.0 (17001913)|VARIABLE_ASSIGNMENT|[98]|this|{"currentUser":"0x15ae36a1","iTypeOfScreen":54,"urlReportsSFA":"https://cs6.lightnin (84 more) ..."}|0x5cdabdfa
11:05:32.0 (17011666)|STATEMENT_EXECUTE|[98]
11:05:32.0 (17013424)|STATEMENT_EXECUTE|[99]
11:05:32.0 (17039772)|VARIABLE_ASSIGNMENT|[EXTERNAL]|this|{"currentUser":"0x15ae36a1","iTypeOfScreen":54,"urlReportsSFA":"https://cs6.lightnin (84 more) ..."}|0x5cdabdfa
11:05:32.0 (17053247)|HEAP_ALLOCATE|[99]|Bytes:5
11:05:32.0 (17099419)|SYSTEM_MODE_ENTER|true
11:05:32.0 (17129301)|HEAP_ALLOCATE|[EXTERNAL]|Bytes:40
11:05:32.0 (17135562)|VARIABLE_SCOPE_BEGIN|[102]|this|auMainTopCompCtrl|true|false
11:05:32.0 (17165137)|VARIABLE_ASSIGNMENT|[102]|this|{"currentUser":"0x15ae36a1","iTypeOfScreen":54,"urlReportsSFA":"https://cs6.lightnin (84 more) ..."}|0x5cdabdfa
11:05:32.0 (17173405)|STATEMENT_EXECUTE|[102]
11:05:32.0 (17175232)|STATEMENT_EXECUTE|[103]
11:05:32.0 (17198973)|VARIABLE_ASSIGNMENT|[EXTERNAL]|this|{"currentUser":"0x15ae36a1","iTypeOfScreen":54,"urlReportsSFA":"https://cs6.lightnin (84 more) ..."}|0x5cdabdfa
11:05:32.0 (17212147)|HEAP_ALLOCATE|[103]|Bytes:5
11:05:32.0 (21175742)|SYSTEM_MODE_ENTER|true
11:05:32.0 (21200792)|HEAP_ALLOCATE|[EXTERNAL]|Bytes:16
11:05:32.0 (21207384)|HEAP_ALLOCATE|[EXTERNAL]|Bytes:76
11:05:32.0 (21222333)|VARIABLE_ASSIGNMENT|[EXTERNAL]|this.messageError|"正しいデーターを入れてください。"|0x745afbc8
11:05:32.0 (21270836)|SYSTEM_MODE_ENTER|true
11:05:32.0 (21293584)|HEAP_ALLOCATE|[EXTERNAL]|Bytes:76
11:05:32.0 (21306780)|VARIABLE_ASSIGNMENT|[EXTERNAL]|this.messageQuestion|""|0x745afbc8
11:05:32.0 (21345544)|SYSTEM_MODE_ENTER|true
11:05:32.0 (21367103)|HEAP_ALLOCATE|[EXTERNAL]|Bytes:5
11:05:32.0 (21373329)|HEAP_ALLOCATE|[EXTERNAL]|Bytes:76
11:05:32.0 (21383197)|VARIABLE_ASSIGNMENT|[EXTERNAL]|this.isPreview|true|0x745afbc8
11:05:32.0 (21420308)|SYSTEM_MODE_ENTER|true
11:05:32.0 (21439732)|HEAP_ALLOCATE|[EXTERNAL]|Bytes:76
11:05:32.0 (21452002)|VARIABLE_ASSIGNMENT|[EXTERNAL]|this.idBusinessLocation|""|0x745afbc8
11:05:32.0 (21489540)|SYSTEM_MODE_ENTER|true
11:05:32.0 (21503247)|HEAP_ALLOCATE|[EXTERNAL]|Bytes:8
11:05:32.0 (21507437)|HEAP_ALLOCATE|[EXTERNAL]|Bytes:76
11:05:32.0 (21514762)|VARIABLE_ASSIGNMENT|[EXTERNAL]|this.iCurrentDay|0|0x745afbc8
11:05:32.0 (21616989)|SYSTEM_MODE_ENTER|true
11:05:32.0 (21631467)|HEAP_ALLOCATE|[EXTERNAL]|Bytes:40
11:05:32.0 (21640455)|VARIABLE_ASSIGNMENT|[EXTERNAL]|this.iCountComments|null|0x5cdabdfa
11:05:32.0 (21672612)|SYSTEM_MODE_ENTER|true
11:05:32.0 (21683980)|HEAP_ALLOCATE|[EXTERNAL]|Bytes:40
11:05:32.0 (21690759)|VARIABLE_ASSIGNMENT|[EXTERNAL]|this.iCountLikes|null|0x5cdabdfa
11:05:32.0 (21736764)|SYSTEM_MODE_ENTER|true
11:05:32.0 (21787744)|HEAP_ALLOCATE|[EXTERNAL]|Bytes:76
11:05:32.0 (21797555)|VARIABLE_SCOPE_BEGIN|[92]|this|saDailyReportCtrl|true|false
11:05:32.0 (22019605)|VARIABLE_ASSIGNMENT|[92]|this|{"BusinessLocationName":"","currentInquiryReply":"0x4256ab80","currentInquiryReplyDetail":"0x4b6afb5d","dailyReportId":"a0IN0000006RUllMAG","dCurrentDay":"2018-06-30T00:00:00Z","dCurrentMonth":"2018-07-01T00:00:00Z","iCurrentDay":0,"idBusinessLocation":"","isIPhone":false,"isPreview":true,"lsBusinessLocation":"0x2f95d7af","messageError":"正しいデーターを入れてください。","messageQuestion":"","mpQuestions":"0xcb2fd2e","myUser":"0x7b4f5d93","sourceOfTheCall":"preview"}|0x745afbc8
11:05:32.0 (22051403)|SYSTEM_MODE_ENTER|false
11:05:32.0 (22062183)|HEAP_ALLOCATE|[92]|Bytes:5
11:05:32.0 (22070403)|STATEMENT_EXECUTE|[92]
11:05:32.0 (22073000)|STATEMENT_EXECUTE|[92]
11:05:32.0 (22078564)|SYSTEM_MODE_EXIT|false
11:05:32.0 (22143361)|SYSTEM_MODE_ENTER|true
11:05:32.0 (22166600)|HEAP_ALLOCATE|[EXTERNAL]|Bytes:8
11:05:32.0 (22173823)|HEAP_ALLOCATE|[EXTERNAL]|Bytes:40
11:05:32.0 (22187484)|VARIABLE_ASSIGNMENT|[EXTERNAL]|this.iTypeOfScreen|54|0x5cdabdfa
11:05:32.0 (22412207)|SYSTEM_MODE_ENTER|true
11:05:32.0 (25128715)|HEAP_ALLOCATE|[EXTERNAL]|Bytes:76
11:05:32.0 (25140336)|VARIABLE_SCOPE_BEGIN|[199]|this|saDailyReportCtrl|true|false
11:05:32.0 (25314071)|VARIABLE_ASSIGNMENT|[199]|this|{"BusinessLocationName":"","currentInquiryReply":"0x4256ab80","currentInquiryReplyDetail":"0x4b6afb5d","dailyReportId":"a0IN0000006RUllMAG","dCurrentDay":"2018-06-30T00:00:00Z","dCurrentMonth":"2018-07-01T00:00:00Z","iCurrentDay":0,"idBusinessLocation":"","isIPhone":false,"isPreview":true,"lsBusinessLocation":"0x2f95d7af","messageError":"正しいデーターを入れてください。","messageQuestion":"","mpQuestions":"0xcb2fd2e","myUser":"0x7b4f5d93","sourceOfTheCall":"preview"}|0x745afbc8
11:05:32.0 (25337388)|SYSTEM_MODE_ENTER|false
11:05:32.0 (25344839)|HEAP_ALLOCATE|[201]|Bytes:5
11:05:32.0 (25350893)|STATEMENT_EXECUTE|[199]
11:05:32.0 (25353002)|STATEMENT_EXECUTE|[201]
11:05:32.0 (25522251)|VARIABLE_ASSIGNMENT|[EXTERNAL]|this|{"BusinessLocationName":"","currentInquiryReply":"0x4256ab80","currentInquiryReplyDetail":"0x4b6afb5d","dailyReportId":"a0IN0000006RUllMAG","dCurrentDay":"2018-06-30T00:00:00Z","dCurrentMonth":"2018-07-01T00:00:00Z","iCurrentDay":0,"idBusinessLocation":"","isIPhone":false,"isPreview":true,"lsBusinessLocation":"0x2f95d7af","messageError":"正しいデーターを入れてください。","messageQuestion":"","mpQuestions":"0xcb2fd2e","myUser":"0x7b4f5d93","sourceOfTheCall":"preview"}|0x745afbc8
11:05:32.0 (25538746)|VARIABLE_ASSIGNMENT|[EXTERNAL]|value|""
11:05:32.0 (25550551)|VARIABLE_ASSIGNMENT|[6]|this.messageError|""|0x745afbc8
11:05:32.0 (25562484)|STATEMENT_EXECUTE|[202]
11:05:32.0 (25713337)|VARIABLE_ASSIGNMENT|[EXTERNAL]|this|{"BusinessLocationName":"","currentInquiryReply":"0x4256ab80","currentInquiryReplyDetail":"0x4b6afb5d","dailyReportId":"a0IN0000006RUllMAG","dCurrentDay":"2018-06-30T00:00:00Z","dCurrentMonth":"2018-07-01T00:00:00Z","iCurrentDay":0,"idBusinessLocation":"","isIPhone":false,"isPreview":true,"lsBusinessLocation":"0x2f95d7af","messageError":"","messageQuestion":"","mpQuestions":"0xcb2fd2e","myUser":"0x7b4f5d93","sourceOfTheCall":"preview"}|0x745afbc8
11:05:32.0 (25729253)|VARIABLE_ASSIGNMENT|[EXTERNAL]|value|""
11:05:32.0 (25738104)|VARIABLE_ASSIGNMENT|[7]|this.messageQuestion|""|0x745afbc8
11:05:32.0 (25748317)|STATEMENT_EXECUTE|[204]
11:05:32.0 (25750093)|STATEMENT_EXECUTE|[204]
11:05:32.0 (25751763)|STATEMENT_EXECUTE|[206]
11:05:32.0 (25945094)|VARIABLE_ASSIGNMENT|[EXTERNAL]|this|{"BusinessLocationName":"","currentInquiryReply":"0x4256ab80","currentInquiryReplyDetail":"0x4b6afb5d","dailyReportId":"a0IN0000006RUllMAG","dCurrentDay":"2018-06-30T00:00:00Z","dCurrentMonth":"2018-07-01T00:00:00Z","iCurrentDay":0,"idBusinessLocation":"","isIPhone":false,"isPreview":true,"lsBusinessLocation":"0x2f95d7af","messageError":"","messageQuestion":"","mpQuestions":"0xcb2fd2e","myUser":"0x7b4f5d93","sourceOfTheCall":"preview"}|0x745afbc8
11:05:32.0 (26002166)|HEAP_ALLOCATE|[206]|Bytes:4
11:05:32.0 (26038115)|VARIABLE_ASSIGNMENT|[206]|this.dCurrentDay|"2018-06-30T00:00:00.000Z"|0x745afbc8
11:05:32.0 (26045006)|STATEMENT_EXECUTE|[208]
11:05:32.0 (26058088)|HEAP_ALLOCATE|[208]|Bytes:4
11:05:32.0 (26278230)|VARIABLE_ASSIGNMENT|[EXTERNAL]|this|{"BusinessLocationName":"","currentInquiryReply":"0x4256ab80","currentInquiryReplyDetail":"0x4b6afb5d","dailyReportId":"a0IN0000006RUllMAG","dCurrentDay":"2018-06-30T00:00:00Z","dCurrentMonth":"2018-07-01T00:00:00Z","iCurrentDay":0,"idBusinessLocation":"","isIPhone":false,"isPreview":true,"lsBusinessLocation":"0x2f95d7af","messageError":"","messageQuestion":"","mpQuestions":"0xcb2fd2e","myUser":"0x7b4f5d93","sourceOfTheCall":"preview"}|0x745afbc8
11:05:32.0 (26294131)|HEAP_ALLOCATE|[EXTERNAL]|Bytes:4
11:05:32.0 (26305178)|VARIABLE_ASSIGNMENT|[EXTERNAL]|value|[]|0x7c01c692
11:05:32.0 (26316238)|VARIABLE_ASSIGNMENT|[22]|this.currentInquiryReplyDetail|[]|0x745afbc8
11:05:32.0 (26326327)|STATEMENT_EXECUTE|[209]
11:05:32.0 (26337437)|HEAP_ALLOCATE|[209]|Bytes:4
11:05:32.0 (26527445)|VARIABLE_ASSIGNMENT|[EXTERNAL]|this|{"BusinessLocationName":"","currentInquiryReply":"0x4256ab80","currentInquiryReplyDetail":"0x7c01c692","dailyReportId":"a0IN0000006RUllMAG","dCurrentDay":"2018-06-30T00:00:00Z","dCurrentMonth":"2018-07-01T00:00:00Z","iCurrentDay":0,"idBusinessLocation":"","isIPhone":false,"isPreview":true,"lsBusinessLocation":"0x2f95d7af","messageError":"","messageQuestion":"","mpQuestions":"0xcb2fd2e","myUser":"0x7b4f5d93","sourceOfTheCall":"preview"}|0x745afbc8
11:05:32.0 (26547810)|VARIABLE_ASSIGNMENT|[EXTERNAL]|value|{}|0x21d78549
11:05:32.0 (26559816)|VARIABLE_ASSIGNMENT|[24]|this.mpQuestions|{}|0x745afbc8
11:05:32.0 (26570340)|STATEMENT_EXECUTE|[211]
11:05:32.0 (26721982)|VARIABLE_ASSIGNMENT|[EXTERNAL]|this|{"BusinessLocationName":"","currentInquiryReply":"0x4256ab80","currentInquiryReplyDetail":"0x7c01c692","dailyReportId":"a0IN0000006RUllMAG","dCurrentDay":"2018-06-30T00:00:00Z","dCurrentMonth":"2018-07-01T00:00:00Z","iCurrentDay":0,"idBusinessLocation":"","isIPhone":false,"isPreview":true,"lsBusinessLocation":"0x2f95d7af","messageError":"","messageQuestion":"","mpQuestions":"0x21d78549","myUser":"0x7b4f5d93","sourceOfTheCall":"preview"}|0x745afbc8
11:05:32.0 (26736848)|VARIABLE_ASSIGNMENT|[EXTERNAL]|value|""
11:05:32.0 (26745981)|VARIABLE_ASSIGNMENT|[23]|this.BusinessLocationName|""|0x745afbc8
11:05:32.0 (26759337)|HEAP_ALLOCATE|[212]|Bytes:81
11:05:32.0 (26773942)|HEAP_ALLOCATE|[212]|Bytes:4
11:05:32.0 (26783164)|HEAP_ALLOCATE|[212]|Bytes:7
11:05:32.0 (26971224)|VARIABLE_ASSIGNMENT|[EXTERNAL]|this|{"BusinessLocationName":"","currentInquiryReply":"0x4256ab80","currentInquiryReplyDetail":"0x7c01c692","dailyReportId":"a0IN0000006RUllMAG","dCurrentDay":"2018-06-30T00:00:00Z","dCurrentMonth":"2018-07-01T00:00:00Z","iCurrentDay":0,"idBusinessLocation":"","isIPhone":false,"isPreview":true,"lsBusinessLocation":"0x2f95d7af","messageError":"","messageQuestion":"","mpQuestions":"0x21d78549","myUser":"0x7b4f5d93","sourceOfTheCall":"preview"}|0x745afbc8
11:05:32.0 (27384662)|SOQL_EXECUTE_BEGIN|[212]|Aggregations:0|SELECT Id, BusinessLocationName__c FROM saBusinessLocation__c 
11:05:32.0 (29015424)|SOQL_EXECUTE_END|[212]|Rows:0
11:05:32.0 (29211040)|HEAP_ALLOCATE|[212]|Bytes:54
11:05:32.0 (29226051)|HEAP_ALLOCATE|[212]|Bytes:8
11:05:32.0 (29278122)|SYSTEM_METHOD_ENTRY|[7]|QueryLocatorIterator.QueryLocatorIterator()
11:05:32.0 (29286553)|STATEMENT_EXECUTE|[7]
11:05:32.0 (29296149)|SYSTEM_METHOD_EXIT|[7]|QueryLocatorIterator
11:05:32.0 (29307954)|HEAP_ALLOCATE|[212]|Bytes:28
11:05:32.0 (29334456)|HEAP_ALLOCATE|[212]|Bytes:8
11:05:32.0 (29341205)|HEAP_ALLOCATE|[212]|Bytes:8
11:05:32.0 (29349369)|VARIABLE_SCOPE_BEGIN|[15]|this|Database.QueryLocatorIterator|true|false
11:05:32.0 (29383095)|VARIABLE_ASSIGNMENT|[15]|this|{}|0x6d98395
11:05:32.0 (29395307)|VARIABLE_SCOPE_BEGIN|[15]|values|List<SObject>|true|false
11:05:32.0 (29409468)|VARIABLE_ASSIGNMENT|[15]|values|null|
11:05:32.0 (29416999)|VARIABLE_SCOPE_BEGIN|[15]|ql|Database.QueryLocator|true|false
11:05:32.0 (29442564)|VARIABLE_ASSIGNMENT|[15]|ql|{"query":"SELECT Id, BusinessL (61 more) ..."}|0x23916776
11:05:32.0 (29452559)|VARIABLE_SCOPE_BEGIN|[15]|totalNumRecords|Integer|false|false
11:05:32.0 (29466587)|VARIABLE_ASSIGNMENT|[15]|totalNumRecords|0
11:05:32.0 (29474371)|VARIABLE_SCOPE_BEGIN|[15]|queryMoreSize|Integer|false|false
11:05:32.0 (29486983)|VARIABLE_ASSIGNMENT|[15]|queryMoreSize|50000
11:05:32.0 (29597516)|HEAP_ALLOCATE|[212]|Bytes:28
11:05:32.0 (29635015)|METHOD_ENTRY|[212]||Database.QueryLocatorIterator.hasNext()
11:05:32.0 (29665374)|METHOD_EXIT|[212]||Database.QueryLocatorIterator.hasNext()
11:05:32.0 (29710723)|VARIABLE_ASSIGNMENT|[212]|bl|null|
11:05:32.0 (29721655)|STATEMENT_EXECUTE|[212]
11:05:32.0 (29742990)|STATEMENT_EXECUTE|[219]
11:05:32.0 (29748247)|HEAP_ALLOCATE|[219]|Bytes:195
11:05:32.0 (29767185)|HEAP_ALLOCATE|[219]|Bytes:4
11:05:32.0 (29800968)|HEAP_ALLOCATE|[219]|Bytes:7
11:05:32.0 (29844538)|HEAP_ALLOCATE|[223]|Bytes:89
11:05:32.0 (29856058)|SYSTEM_METHOD_ENTRY|[1]|UserInfo.UserInfo()
11:05:32.0 (29860605)|STATEMENT_EXECUTE|[1]
11:05:32.0 (29866605)|SYSTEM_METHOD_EXIT|[1]|UserInfo
11:05:32.0 (29878274)|METHOD_ENTRY|[223]||System.UserInfo.getUserId()
11:05:32.0 (29913763)|METHOD_EXIT|[223]||System.UserInfo.getUserId()
11:05:32.0 (30534449)|SOQL_EXECUTE_BEGIN|[219]|Aggregations:0|SELECT Id, saBusinessLocation__c, Status__c, saInquiry__c, Comment__c FROM saInquiryReply__c WHERE (saInquiry__r.Type__c = 'DAILY_REPORT' AND DailyReportDate__c = :tmpVar1 AND User__c = :tmpVar2)
11:05:32.0 (35987907)|SOQL_EXECUTE_END|[219]|Rows:0
11:05:32.0 (36012802)|HEAP_ALLOCATE|[219]|Bytes:4
11:05:32.0 (36025991)|HEAP_ALLOCATE|[219]|Bytes:0
11:05:32.0 (36090714)|HEAP_ALLOCATE|[219]|Bytes:4
11:05:32.0 (36107554)|VARIABLE_SCOPE_BEGIN|[219]|lsInqRep|List<saInquiryReply__c>|true|false
11:05:32.0 (36128427)|VARIABLE_ASSIGNMENT|[219]|lsInqRep|[]|0x5be2921f
11:05:32.0 (36197677)|STATEMENT_EXECUTE|[225]
11:05:32.0 (36201233)|STATEMENT_EXECUTE|[227]
11:05:32.0 (36206333)|HEAP_ALLOCATE|[227]|Bytes:207
11:05:32.0 (36221524)|HEAP_ALLOCATE|[227]|Bytes:4
11:05:32.0 (36439994)|VARIABLE_ASSIGNMENT|[EXTERNAL]|this|{"BusinessLocationName":"","currentInquiryReply":"0x4256ab80","currentInquiryReplyDetail":"0x7c01c692","dailyReportId":"a0IN0000006RUllMAG","dCurrentDay":"2018-06-30T00:00:00Z","dCurrentMonth":"2018-07-01T00:00:00Z","iCurrentDay":0,"idBusinessLocation":"","isIPhone":false,"isPreview":true,"lsBusinessLocation":"0x2f95d7af","messageError":"","messageQuestion":"","mpQuestions":"0x21d78549","myUser":"0x7b4f5d93","sourceOfTheCall":"preview"}|0x745afbc8
11:05:32.0 (36469585)|HEAP_ALLOCATE|[227]|Bytes:7
11:05:32.0 (36479787)|METHOD_ENTRY|[232]||System.UserInfo.getUserId()
11:05:32.0 (36501044)|METHOD_EXIT|[232]||System.UserInfo.getUserId()
11:05:32.0 (36809801)|SOQL_EXECUTE_BEGIN|[227]|Aggregations:0|SELECT Id, saBusinessLocation__c, Status__c FROM saInquiryReply__c WHERE (saInquiry__r.Type__c = 'DAILY_REPORT' AND DailyReportDate__c = :tmpVar1 AND saBusinessLocation__c = :tmpVar2 AND User__c != :tmpVar3)
11:05:32.0 (39325626)|SOQL_EXECUTE_END|[227]|Rows:0
11:05:32.0 (39354587)|HEAP_ALLOCATE|[227]|Bytes:4
11:05:32.0 (39372002)|HEAP_ALLOCATE|[227]|Bytes:0
11:05:32.0 (39402041)|HEAP_ALLOCATE|[227]|Bytes:4
11:05:32.0 (39417036)|VARIABLE_SCOPE_BEGIN|[227]|lsInqOtherPeople|List<saInquiryReply__c>|true|false
11:05:32.0 (39438665)|VARIABLE_ASSIGNMENT|[227]|lsInqOtherPeople|[]|0x4301d0aa
11:05:32.0 (39482620)|STATEMENT_EXECUTE|[234]
11:05:32.0 (39486351)|STATEMENT_EXECUTE|[240]
11:05:32.0 (39490923)|VARIABLE_SCOPE_BEGIN|[240]|lsTemplate|List<saInquiryReply__c>|true|false
11:05:32.0 (39506675)|VARIABLE_ASSIGNMENT|[240]|lsTemplate|null|
11:05:32.0 (39733159)|VARIABLE_ASSIGNMENT|[EXTERNAL]|this|{"BusinessLocationName":"","currentInquiryReply":"0x4256ab80","currentInquiryReplyDetail":"0x7c01c692","dailyReportId":"a0IN0000006RUllMAG","dCurrentDay":"2018-06-30T00:00:00Z","dCurrentMonth":"2018-07-01T00:00:00Z","iCurrentDay":0,"idBusinessLocation":"","isIPhone":false,"isPreview":true,"lsBusinessLocation":"0x2f95d7af","messageError":"","messageQuestion":"","mpQuestions":"0x21d78549","myUser":"0x7b4f5d93","sourceOfTheCall":"preview"}|0x745afbc8
11:05:32.0 (39757471)|STATEMENT_EXECUTE|[252]
11:05:32.0 (39759832)|STATEMENT_EXECUTE|[253]
11:05:32.0 (39763740)|HEAP_ALLOCATE|[253]|Bytes:393
11:05:32.0 (39778395)|HEAP_ALLOCATE|[253]|Bytes:4
11:05:32.0 (39811204)|METHOD_ENTRY|[259]||System.UserInfo.getUserId()
11:05:32.0 (39842448)|METHOD_EXIT|[259]||System.UserInfo.getUserId()
11:05:32.0 (40322597)|SOQL_EXECUTE_BEGIN|[253]|Aggregations:0|SELECT Id, saBusinessLocation__c, Status__c, saInquiry__c, Comment__c FROM saInquiryReply__c WHERE (saInquiry__r.Type__c = 'DAILY_REPORT' AND (saInquiry__r.ValidFrom__c = NULL OR saInquiry__r.ValidFrom__c <= :tmpVar1) AND (saInquiry__r.ValidTo__c = NULL OR saInquiry__r.ValidTo__c >= :tmpVar2) AND DailyReportDate__c = NULL AND User__c = :tmpVar3) ORDER BY CreatedDate DESC NULLS FIRST LIMIT 1
11:05:32.0 (46165730)|SOQL_EXECUTE_END|[253]|Rows:1
11:05:32.0 (46187386)|HEAP_ALLOCATE|[253]|Bytes:8
11:05:32.0 (46201493)|HEAP_ALLOCATE|[253]|Bytes:89
11:05:32.0 (46225540)|HEAP_ALLOCATE|[253]|Bytes:8
11:05:32.0 (46255870)|VARIABLE_ASSIGNMENT|[253]|lsTemplate|[{"Id":"a0KN0000007Kg4nMAC","Status__c":"WAITING_REPLY","saInquiry__c":"a0IN0000006RUllMAG"}]|0x7c6d455
11:05:32.0 (46266688)|STATEMENT_EXECUTE|[264]
11:05:32.0 (46272127)|HEAP_ALLOCATE|[264]|Bytes:11
11:05:32.0 (46396249)|HEAP_ALLOCATE|[264]|Bytes:101
11:05:32.0 (46430203)|HEAP_ALLOCATE|[264]|Bytes:112
11:05:32.0 (46450332)|USER_DEBUG|[264]|DEBUG|Template : (saInquiryReply__c:{Id=a0KN0000007Kg4nMAC, Status__c=WAITING_REPLY, saInquiry__c=a0IN0000006RUllMAG})
11:05:32.0 (46481029)|STATEMENT_EXECUTE|[265]
11:05:32.0 (46483429)|STATEMENT_EXECUTE|[271]
11:05:32.0 (46496028)|HEAP_ALLOCATE|[271]|Bytes:16
11:05:32.0 (46527911)|VARIABLE_SCOPE_BEGIN|[271]|idInquiry|Id|false|false
11:05:32.0 (46637088)|VARIABLE_ASSIGNMENT|[271]|idInquiry|"a0IN0000006RUllMAG"
11:05:32.0 (46647207)|STATEMENT_EXECUTE|[272]
11:05:32.0 (46669205)|HEAP_ALLOCATE|[272]|Bytes:4
11:05:32.0 (47031786)|VARIABLE_ASSIGNMENT|[EXTERNAL]|this|{"BusinessLocationName":"","currentInquiryReply":"0x4256ab80","currentInquiryReplyDetail":"0x7c01c692","dailyReportId":"a0IN0000006RUllMAG","dCurrentDay":"2018-06-30T00:00:00Z","dCurrentMonth":"2018-07-01T00:00:00Z","iCurrentDay":0,"idBusinessLocation":"","isIPhone":false,"isPreview":true,"lsBusinessLocation":"0x2f95d7af","messageError":"","messageQuestion":"","mpQuestions":"0x21d78549","myUser":"0x7b4f5d93","sourceOfTheCall":"preview"}|0x745afbc8
11:05:32.0 (47066574)|VARIABLE_ASSIGNMENT|[EXTERNAL]|value|{}|0x3c26e393
11:05:32.0 (47081667)|VARIABLE_ASSIGNMENT|[21]|this.currentInquiryReply|{}|0x745afbc8
11:05:32.0 (47094376)|STATEMENT_EXECUTE|[273]
11:05:32.0 (47254870)|VARIABLE_ASSIGNMENT|[EXTERNAL]|this|{"BusinessLocationName":"","currentInquiryReply":"0x3c26e393","currentInquiryReplyDetail":"0x7c01c692","dailyReportId":"a0IN0000006RUllMAG","dCurrentDay":"2018-06-30T00:00:00Z","dCurrentMonth":"2018-07-01T00:00:00Z","iCurrentDay":0,"idBusinessLocation":"","isIPhone":false,"isPreview":true,"lsBusinessLocation":"0x2f95d7af","messageError":"","messageQuestion":"","mpQuestions":"0x21d78549","myUser":"0x7b4f5d93","sourceOfTheCall":"preview"}|0x745afbc8
11:05:32.0 (47368821)|VARIABLE_ASSIGNMENT|[273]|this.saInquiry__c|"a0IN0000006RUllMAG"|0x3c26e393
11:05:32.0 (47607160)|VARIABLE_ASSIGNMENT|[EXTERNAL]|this|{"BusinessLocationName":"","currentInquiryReply":"0x3c26e393","currentInquiryReplyDetail":"0x7c01c692","dailyReportId":"a0IN0000006RUllMAG","dCurrentDay":"2018-06-30T00:00:00Z","dCurrentMonth":"2018-07-01T00:00:00Z","iCurrentDay":0,"idBusinessLocation":"","isIPhone":false,"isPreview":true,"lsBusinessLocation":"0x2f95d7af","messageError":"","messageQuestion":"","mpQuestions":"0x21d78549","myUser":"0x7b4f5d93","sourceOfTheCall":"preview"}|0x745afbc8
11:05:32.0 (47632932)|STATEMENT_EXECUTE|[277]
11:05:32.0 (47635376)|STATEMENT_EXECUTE|[280]
11:05:32.0 (47642315)|METHOD_ENTRY|[280]||System.UserInfo.getUserId()
11:05:32.0 (47667791)|METHOD_EXIT|[280]||System.UserInfo.getUserId()
11:05:32.0 (47682936)|HEAP_ALLOCATE|[280]|Bytes:4
11:05:32.0 (47834992)|VARIABLE_ASSIGNMENT|[EXTERNAL]|this|{"BusinessLocationName":"","currentInquiryReply":"0x3c26e393","currentInquiryReplyDetail":"0x7c01c692","dailyReportId":"a0IN0000006RUllMAG","dCurrentDay":"2018-06-30T00:00:00Z","dCurrentMonth":"2018-07-01T00:00:00Z","iCurrentDay":0,"idBusinessLocation":"","isIPhone":false,"isPreview":true,"lsBusinessLocation":"0x2f95d7af","messageError":"","messageQuestion":"","mpQuestions":"0x21d78549","myUser":"0x7b4f5d93","sourceOfTheCall":"preview"}|0x745afbc8
11:05:32.0 (47899288)|VARIABLE_ASSIGNMENT|[280]|this.User__c|"005N00000057PfOIAU"|0x3c26e393
11:05:32.0 (47907805)|STATEMENT_EXECUTE|[281]
11:05:32.0 (48061085)|VARIABLE_ASSIGNMENT|[EXTERNAL]|this|{"BusinessLocationName":"","currentInquiryReply":"0x3c26e393","currentInquiryReplyDetail":"0x7c01c692","dailyReportId":"a0IN0000006RUllMAG","dCurrentDay":"2018-06-30T00:00:00Z","dCurrentMonth":"2018-07-01T00:00:00Z","iCurrentDay":0,"idBusinessLocation":"","isIPhone":false,"isPreview":true,"lsBusinessLocation":"0x2f95d7af","messageError":"","messageQuestion":"","mpQuestions":"0x21d78549","myUser":"0x7b4f5d93","sourceOfTheCall":"preview"}|0x745afbc8
11:05:32.0 (48126868)|VARIABLE_ASSIGNMENT|[281]|this.DailyReportDate__c|"2018-06-30T00:00:00.000Z"|0x3c26e393
11:05:32.0 (48134611)|STATEMENT_EXECUTE|[282]
11:05:32.0 (48138630)|HEAP_ALLOCATE|[282]|Bytes:13
11:05:32.0 (48291560)|VARIABLE_ASSIGNMENT|[EXTERNAL]|this|{"BusinessLocationName":"","currentInquiryReply":"0x3c26e393","currentInquiryReplyDetail":"0x7c01c692","dailyReportId":"a0IN0000006RUllMAG","dCurrentDay":"2018-06-30T00:00:00Z","dCurrentMonth":"2018-07-01T00:00:00Z","iCurrentDay":0,"idBusinessLocation":"","isIPhone":false,"isPreview":true,"lsBusinessLocation":"0x2f95d7af","messageError":"","messageQuestion":"","mpQuestions":"0x21d78549","myUser":"0x7b4f5d93","sourceOfTheCall":"preview"}|0x745afbc8
11:05:32.0 (48344933)|VARIABLE_ASSIGNMENT|[282]|this.Status__c|"WAITING_REPLY"|0x3c26e393
11:05:32.0 (48352802)|STATEMENT_EXECUTE|[283]
11:05:32.0 (48503491)|VARIABLE_ASSIGNMENT|[EXTERNAL]|this|{"BusinessLocationName":"","currentInquiryReply":"0x3c26e393","currentInquiryReplyDetail":"0x7c01c692","dailyReportId":"a0IN0000006RUllMAG","dCurrentDay":"2018-06-30T00:00:00Z","dCurrentMonth":"2018-07-01T00:00:00Z","iCurrentDay":0,"idBusinessLocation":"","isIPhone":false,"isPreview":true,"lsBusinessLocation":"0x2f95d7af","messageError":"","messageQuestion":"","mpQuestions":"0x21d78549","myUser":"0x7b4f5d93","sourceOfTheCall":"preview"}|0x745afbc8
11:05:32.0 (48551841)|VARIABLE_ASSIGNMENT|[283]|this.Comment__c|""|0x3c26e393
11:05:32.0 (48559260)|STATEMENT_EXECUTE|[285]
11:05:32.0 (48563469)|HEAP_ALLOCATE|[285]|Bytes:625
11:05:32.0 (48578777)|HEAP_ALLOCATE|[285]|Bytes:4
11:05:32.0 (49222021)|SOQL_EXECUTE_BEGIN|[285]|Aggregations:0|SELECT Id, QuestionLabel__c, AnswerType__c, NumberPossibleReplies__c, IsShortReply__c, SortNo__c, IsRequired__c, Reply01Label__c, Reply02Label__c, Reply03Label__c, Reply04Label__c, Reply05Label__c, Reply06Label__c, Reply07Label__c, Reply08Label__c, Reply09Label__c, Reply10Label__c, Reply11Label__c, Reply12Label__c, Reply13Label__c, Reply14Label__c, Reply15Label__c, Reply16Label__c, Reply17Label__c, Reply18Label__c, Reply19Label__c, Reply20Label__c, Reply21Label__c, Reply22Label__c, Reply23Label__c, Reply24Label__c, Reply25Label__c FROM saInquiryDetail__c WHERE saInquiry__c = :tmpVar1 ORDER BY SortNo__c ASC NULLS FIRST
11:05:32.0 (61277286)|SOQL_EXECUTE_END|[285]|Rows:1
11:05:32.0 (61303409)|HEAP_ALLOCATE|[285]|Bytes:8
11:05:32.0 (61328884)|HEAP_ALLOCATE|[285]|Bytes:282
11:05:32.0 (61386844)|HEAP_ALLOCATE|[285]|Bytes:8
11:05:32.0 (61403780)|VARIABLE_SCOPE_BEGIN|[285]|lsTmpQuest|List<saInquiryDetail__c>|true|false
11:05:32.0 (61445927)|VARIABLE_ASSIGNMENT|[285]|lsTmpQuest|[{"Id":"a0JN0000008h2r2MAA","QuestionLabel__c":"Works?","AnswerType__c":"CHECKBOX","NumberPossibleReplies__c":2,"IsShortReply__c":true,"SortNo__c":0,"IsRequired__c":false,"Reply01Label__c":"Yes!","Reply02Label__c":"No!"}]|0x6b15ca4a
11:05:32.0 (61628952)|HEAP_ALLOCATE|[295]|Bytes:5
11:05:32.0 (61652647)|HEAP_ALLOCATE|[295]|Bytes:40
11:05:32.0 (61663294)|VARIABLE_SCOPE_BEGIN|[295]|quest|saInquiryDetail__c|true|false
11:05:32.0 (61692012)|VARIABLE_ASSIGNMENT|[295]|quest|{"Id":"a0JN0000008h2r2MAA","QuestionLabel__c":"Works?","AnswerType__c":"CHECKBOX","NumberPossibleReplies__c":2,"IsShortReply__c":true,"SortNo__c":0,"IsRequired__c":false,"Reply01Label__c":"Yes!","Reply02Label__c":"No!"}|0x789f2728
11:05:32.0 (61701479)|STATEMENT_EXECUTE|[295]
11:05:32.0 (61703560)|STATEMENT_EXECUTE|[296]
11:05:32.0 (61727824)|HEAP_ALLOCATE|[296]|Bytes:4
11:05:32.0 (61814002)|VARIABLE_SCOPE_BEGIN|[296]|questReply|saInquiryReplyDetail__c|true|false
11:05:32.0 (61830751)|VARIABLE_ASSIGNMENT|[296]|questReply|{}|0x3d1de5eb
11:05:32.0 (61840071)|STATEMENT_EXECUTE|[297]
11:05:32.0 (61983838)|VARIABLE_ASSIGNMENT|[297]|this.saInquiryDetail__c|"a0JN0000008h2r2MAA"|0x3d1de5eb
11:05:32.0 (61995141)|STATEMENT_EXECUTE|[298]
11:05:32.0 (62236033)|VARIABLE_ASSIGNMENT|[EXTERNAL]|this|{"BusinessLocationName":"","currentInquiryReply":"0x3c26e393","currentInquiryReplyDetail":"0x7c01c692","dailyReportId":"a0IN0000006RUllMAG","dCurrentDay":"2018-06-30T00:00:00Z","dCurrentMonth":"2018-07-01T00:00:00Z","iCurrentDay":0,"idBusinessLocation":"","isIPhone":false,"isPreview":true,"lsBusinessLocation":"0x2f95d7af","messageError":"","messageQuestion":"","mpQuestions":"0x21d78549","myUser":"0x7b4f5d93","sourceOfTheCall":"preview"}|0x745afbc8
11:05:32.0 (62272808)|HEAP_ALLOCATE|[EXTERNAL]|Bytes:4
11:05:32.0 (62281918)|STATEMENT_EXECUTE|[299]
11:05:32.0 (62441728)|VARIABLE_ASSIGNMENT|[EXTERNAL]|this|{"BusinessLocationName":"","currentInquiryReply":"0x3c26e393","currentInquiryReplyDetail":"0x7c01c692","dailyReportId":"a0IN0000006RUllMAG","dCurrentDay":"2018-06-30T00:00:00Z","dCurrentMonth":"2018-07-01T00:00:00Z","iCurrentDay":0,"idBusinessLocation":"","isIPhone":false,"isPreview":true,"lsBusinessLocation":"0x2f95d7af","messageError":"","messageQuestion":"","mpQuestions":"0x21d78549","myUser":"0x7b4f5d93","sourceOfTheCall":"preview"}|0x745afbc8
11:05:32.0 (62481491)|HEAP_ALLOCATE|[EXTERNAL]|Bytes:-4
11:05:32.0 (62498592)|HEAP_ALLOCATE|[295]|Bytes:5
11:05:32.0 (62513318)|VARIABLE_ASSIGNMENT|[295]|quest|null|
11:05:32.0 (62525404)|SYSTEM_MODE_EXIT|false
11:05:32.0 (82233317)|SYSTEM_MODE_ENTER|true
11:05:32.0 (82292959)|HEAP_ALLOCATE|[EXTERNAL]|Bytes:40
11:05:32.0 (82324166)|VARIABLE_ASSIGNMENT|[EXTERNAL]|this.iCountComments|null|0x5cdabdfa
11:05:32.0 (82395853)|SYSTEM_MODE_ENTER|true
11:05:32.0 (82412753)|HEAP_ALLOCATE|[EXTERNAL]|Bytes:40
11:05:32.0 (82422236)|VARIABLE_ASSIGNMENT|[EXTERNAL]|this.iCountLikes|null|0x5cdabdfa
11:05:32.0 (82502633)|SYSTEM_MODE_ENTER|true
11:05:32.0 (82569621)|HEAP_ALLOCATE|[EXTERNAL]|Bytes:76
11:05:32.0 (82581707)|VARIABLE_SCOPE_BEGIN|[92]|this|saDailyReportCtrl|true|false
11:05:32.0 (82901837)|VARIABLE_ASSIGNMENT|[92]|this|{"BusinessLocationName":"","currentInquiryReply":"0x3c26e393","currentInquiryReplyDetail":"0x7c01c692","dailyReportId":"a0IN0000006RUllMAG","dCurrentDay":"2018-06-30T00:00:00Z","dCurrentMonth":"2018-07-01T00:00:00Z","iCurrentDay":0,"idBusinessLocation":"","isIPhone":false,"isPreview":true,"lsBusinessLocation":"0x2f95d7af","messageError":"","messageQuestion":"","mpQuestions":"0x21d78549","myUser":"0x7b4f5d93","sourceOfTheCall":"preview"}|0x745afbc8
11:05:32.0 (82930812)|SYSTEM_MODE_ENTER|false
11:05:32.0 (82942851)|HEAP_ALLOCATE|[92]|Bytes:5
11:05:32.0 (82950339)|STATEMENT_EXECUTE|[92]
11:05:32.0 (82952836)|STATEMENT_EXECUTE|[92]
11:05:32.0 (82962241)|SYSTEM_MODE_EXIT|false
11:05:32.0 (83018345)|SYSTEM_MODE_ENTER|true
11:05:32.0 (83039308)|HEAP_ALLOCATE|[EXTERNAL]|Bytes:8
11:05:32.0 (83043950)|HEAP_ALLOCATE|[EXTERNAL]|Bytes:40
11:05:32.0 (83054267)|VARIABLE_ASSIGNMENT|[EXTERNAL]|this.iTypeOfScreen|54|0x5cdabdfa
11:05:32.0 (83125951)|SYSTEM_MODE_ENTER|true
11:05:32.0 (83165146)|HEAP_ALLOCATE|[EXTERNAL]|Bytes:40
11:05:32.0 (83172326)|VARIABLE_SCOPE_BEGIN|[80]|this|auMainTopCompCtrl|true|false
11:05:32.0 (83211691)|VARIABLE_ASSIGNMENT|[80]|this|{"currentUser":"0x15ae36a1","iTypeOfScreen":54,"urlReportsSFA":"https://cs6.lightnin (84 more) ..."}|0x5cdabdfa
11:05:32.0 (83222839)|STATEMENT_EXECUTE|[80]
11:05:32.0 (83224802)|STATEMENT_EXECUTE|[81]
11:05:32.0 (83258520)|VARIABLE_ASSIGNMENT|[EXTERNAL]|this|{"currentUser":"0x15ae36a1","iTypeOfScreen":54,"urlReportsSFA":"https://cs6.lightnin (84 more) ..."}|0x5cdabdfa
11:05:32.0 (83299075)|VARIABLE_ASSIGNMENT|[EXTERNAL]|this|{"currentUser":"0x15ae36a1","iTypeOfScreen":54,"urlReportsSFA":"https://cs6.lightnin (84 more) ..."}|0x5cdabdfa
11:05:32.0 (83331082)|VARIABLE_ASSIGNMENT|[EXTERNAL]|this|{"currentUser":"0x15ae36a1","iTypeOfScreen":54,"urlReportsSFA":"https://cs6.lightnin (84 more) ..."}|0x5cdabdfa
11:05:32.0 (83366084)|VARIABLE_ASSIGNMENT|[EXTERNAL]|this|{"currentUser":"0x15ae36a1","iTypeOfScreen":54,"urlReportsSFA":"https://cs6.lightnin (84 more) ..."}|0x5cdabdfa
11:05:32.0 (83382119)|HEAP_ALLOCATE|[81]|Bytes:5
11:05:32.0 (83449088)|SYSTEM_MODE_ENTER|true
11:05:32.0 (83482194)|HEAP_ALLOCATE|[EXTERNAL]|Bytes:40
11:05:32.0 (83489174)|VARIABLE_SCOPE_BEGIN|[98]|this|auMainTopCompCtrl|true|false
11:05:32.0 (83519362)|VARIABLE_ASSIGNMENT|[98]|this|{"currentUser":"0x15ae36a1","iTypeOfScreen":54,"urlReportsSFA":"https://cs6.lightnin (84 more) ..."}|0x5cdabdfa
11:05:32.0 (83529155)|STATEMENT_EXECUTE|[98]
11:05:32.0 (83530937)|STATEMENT_EXECUTE|[99]
11:05:32.0 (83556064)|VARIABLE_ASSIGNMENT|[EXTERNAL]|this|{"currentUser":"0x15ae36a1","iTypeOfScreen":54,"urlReportsSFA":"https://cs6.lightnin (84 more) ..."}|0x5cdabdfa
11:05:32.0 (83570480)|HEAP_ALLOCATE|[99]|Bytes:5
11:05:32.0 (83631166)|SYSTEM_MODE_ENTER|true
11:05:32.0 (83668828)|HEAP_ALLOCATE|[EXTERNAL]|Bytes:40
11:05:32.0 (83676163)|VARIABLE_SCOPE_BEGIN|[102]|this|auMainTopCompCtrl|true|false
11:05:32.0 (83706003)|VARIABLE_ASSIGNMENT|[102]|this|{"currentUser":"0x15ae36a1","iTypeOfScreen":54,"urlReportsSFA":"https://cs6.lightnin (84 more) ..."}|0x5cdabdfa
11:05:32.0 (83715781)|STATEMENT_EXECUTE|[102]
11:05:32.0 (83717879)|STATEMENT_EXECUTE|[103]
11:05:32.0 (83749871)|VARIABLE_ASSIGNMENT|[EXTERNAL]|this|{"currentUser":"0x15ae36a1","iTypeOfScreen":54,"urlReportsSFA":"https://cs6.lightnin (84 more) ..."}|0x5cdabdfa
11:05:32.0 (83765265)|HEAP_ALLOCATE|[103]|Bytes:5
11:05:32.0 (83850707)|SYSTEM_MODE_ENTER|true
11:05:32.0 (83944125)|SYSTEM_MODE_ENTER|true
11:05:32.0 (84042715)|SYSTEM_MODE_ENTER|true
11:05:32.0 (84227685)|SYSTEM_MODE_ENTER|true
11:05:32.0 (87509928)|SYSTEM_MODE_ENTER|true
11:05:32.0 (87633063)|SYSTEM_MODE_ENTER|true
11:05:32.0 (88397431)|SYSTEM_MODE_ENTER|true
11:05:32.0 (88443104)|HEAP_ALLOCATE|[EXTERNAL]|Bytes:76
11:05:32.0 (88452606)|VARIABLE_SCOPE_BEGIN|[141]|this|saDailyReportCtrl|true|false
11:05:32.0 (88636579)|VARIABLE_ASSIGNMENT|[141]|this|{"BusinessLocationName":"","currentInquiryReply":"0x3c26e393","currentInquiryReplyDetail":"0x7c01c692","dailyReportId":"a0IN0000006RUllMAG","dCurrentDay":"2018-06-30T00:00:00Z","dCurrentMonth":"2018-07-01T00:00:00Z","iCurrentDay":0,"idBusinessLocation":"","isIPhone":false,"isPreview":true,"lsBusinessLocation":"0x2f95d7af","messageError":"","messageQuestion":"","mpQuestions":"0x21d78549","myUser":"0x7b4f5d93","sourceOfTheCall":"preview"}|0x745afbc8
11:05:32.0 (88659774)|SYSTEM_MODE_ENTER|false
11:05:32.0 (88667732)|HEAP_ALLOCATE|[142]|Bytes:5
11:05:32.0 (88673319)|STATEMENT_EXECUTE|[141]
11:05:32.0 (88675467)|STATEMENT_EXECUTE|[142]
11:05:32.0 (88756142)|HEAP_ALLOCATE|[142]|Bytes:4
11:05:32.0 (88768536)|HEAP_ALLOCATE|[142]|Bytes:1
11:05:32.0 (88789721)|HEAP_ALLOCATE|[142]|Bytes:1
11:05:32.0 (88798300)|HEAP_ALLOCATE|[142]|Bytes:1
11:05:32.0 (88824760)|HEAP_ALLOCATE|[142]|Bytes:2
11:05:32.0 (88842545)|HEAP_ALLOCATE|[142]|Bytes:9
11:05:32.0 (88850060)|HEAP_ALLOCATE|[142]|Bytes:10
11:05:32.0 (88856470)|SYSTEM_MODE_EXIT|false
11:05:32.0 (89037750)|SYSTEM_MODE_ENTER|true
11:05:32.0 (89666053)|SYSTEM_MODE_ENTER|true
11:05:32.0 (106172242)|VF_SERIALIZE_VIEWSTATE_BEGIN|066N0000000M4pW
11:05:32.0 (110855878)|VF_SERIALIZE_VIEWSTATE_END
11:05:32.114 (114333431)|CUMULATIVE_LIMIT_USAGE
11:05:32.114 (114333431)|LIMIT_USAGE_FOR_NS|(default)|
  Number of SOQL queries: 5 out of 100
  Number of query rows: 2 out of 50000
  Number of SOSL queries: 0 out of 20
  Number of DML statements: 0 out of 150
  Number of DML rows: 0 out of 10000
  Maximum CPU time: 0 out of 10000
  Maximum heap size: 0 out of 6000000
  Number of callouts: 0 out of 100
  Number of Email Invocations: 0 out of 10
  Number of future calls: 0 out of 50
  Number of queueable jobs added to the queue: 0 out of 50
  Number of Mobile Apex push calls: 0 out of 10

11:05:32.114 (114333431)|CUMULATIVE_LIMIT_USAGE_END

11:05:32.0 (114378500)|CODE_UNIT_FINISHED|VF: /apex/sadailyreport
11:05:32.0 (115103347)|EXECUTION_FINISHED
