38.0 APEX_CODE,FINEST;APEX_PROFILING,INFO;CALLOUT,INFO;DB,INFO;NBA,INFO;SYSTEM,DEBUG;VALIDATION,INFO;VISUALFORCE,INFO;WAVE,INFO;WORKFLOW,INFO
14:12:56.0 (79419)|USER_INFO|[EXTERNAL]|005N00000057PfO|thomas.remy+kddi_gwdev01@globalway.co.jp|日本標準時|GMT+09:00
14:12:56.0 (115738)|EXECUTION_STARTED
14:12:56.0 (120621)|CODE_UNIT_STARTED|[EXTERNAL]|066N0000000M59u|VF: /apex/saReport
14:12:56.0 (289181)|VF_DESERIALIZE_VIEWSTATE_BEGIN|066N0000000M59u
14:12:56.0 (5718318)|HEAP_ALLOCATE|[72]|Bytes:3
14:12:56.0 (5754693)|HEAP_ALLOCATE|[77]|Bytes:152
14:12:56.0 (5768638)|HEAP_ALLOCATE|[342]|Bytes:408
14:12:56.0 (5780692)|HEAP_ALLOCATE|[355]|Bytes:408
14:12:56.0 (5790791)|HEAP_ALLOCATE|[467]|Bytes:48
14:12:56.0 (5815005)|HEAP_ALLOCATE|[139]|Bytes:6
14:12:56.0 (7579487)|HEAP_ALLOCATE|[50]|Bytes:5
14:12:56.0 (7605067)|HEAP_ALLOCATE|[56]|Bytes:5
14:12:56.0 (7615198)|HEAP_ALLOCATE|[64]|Bytes:7
14:12:56.0 (9826363)|VARIABLE_SCOPE_BEGIN|[30]|saReportCtrl.ERROR_CATEGORY_MISSING|String|false|true
14:12:56.0 (9840553)|VARIABLE_SCOPE_BEGIN|[31]|saReportCtrl.ERROR_COMMENT_MISSING|String|false|true
14:12:56.0 (9847738)|VARIABLE_SCOPE_BEGIN|[29]|saReportCtrl.ERROR_TITLE_MISSING|String|false|true
14:12:56.0 (9854575)|VARIABLE_SCOPE_BEGIN|[40]|saReportCtrl.LABEL_NBCOPY|String|false|true
14:12:56.0 (9861878)|VARIABLE_SCOPE_BEGIN|[39]|saReportCtrl.LABEL_NBLIKE|String|false|true
14:12:56.0 (9867531)|VARIABLE_SCOPE_BEGIN|[41]|saReportCtrl.LABEL_NBVIEW|String|false|true
14:12:56.0 (9874993)|VARIABLE_SCOPE_BEGIN|[32]|saReportCtrl.MESSAGE_ASK_FOR_VALIDATION|String|false|true
14:12:56.0 (9883209)|VARIABLE_SCOPE_BEGIN|[33]|saReportCtrl.MESSAGE_PUBLISHED|String|false|true
14:12:56.0 (9890559)|VARIABLE_SCOPE_BEGIN|[34]|saReportCtrl.MESSAGE_TEMPORARY_SAVED|String|false|true
14:12:56.0 (9899552)|VARIABLE_SCOPE_BEGIN|[27]|saReportCtrl.SA_REPORT_STATE_NONE_LABEL|String|false|true
14:12:56.0 (9907398)|VARIABLE_SCOPE_BEGIN|[26]|saReportCtrl.SA_REPORT_STATE_NONE_VALUE|String|false|true
14:12:56.0 (9914583)|VARIABLE_SCOPE_BEGIN|[8]|saReportCtrl.SEARCH_COUNT_AVERAGE_LABEL|String|false|true
14:12:56.0 (9922768)|VARIABLE_SCOPE_BEGIN|[11]|saReportCtrl.SEARCH_COUNT_AVERAGE_VALUE|String|false|true
14:12:56.0 (9931236)|VARIABLE_SCOPE_BEGIN|[7]|saReportCtrl.SEARCH_COUNT_FEW_LABEL|String|false|true
14:12:56.0 (9938780)|VARIABLE_SCOPE_BEGIN|[10]|saReportCtrl.SEARCH_COUNT_FEW_VALUE|String|false|true
14:12:56.0 (9946470)|VARIABLE_SCOPE_BEGIN|[9]|saReportCtrl.SEARCH_COUNT_LOT_LABEL|String|false|true
14:12:56.0 (9954143)|VARIABLE_SCOPE_BEGIN|[12]|saReportCtrl.SEARCH_COUNT_LOT_VALUE|String|false|true
14:12:56.0 (9962243)|VARIABLE_SCOPE_BEGIN|[17]|saReportCtrl.SORTED_BY_FAVORITES_LABEL|String|false|true
14:12:56.0 (9971321)|VARIABLE_SCOPE_BEGIN|[23]|saReportCtrl.SORTED_BY_FAVORITES_VALUE|String|false|true
14:12:56.0 (9979946)|VARIABLE_SCOPE_BEGIN|[15]|saReportCtrl.SORTED_BY_NEWS_LABEL|String|false|true
14:12:56.0 (9987584)|VARIABLE_SCOPE_BEGIN|[21]|saReportCtrl.SORTED_BY_NEWS_VALUE|String|false|true
14:12:56.0 (9995502)|VARIABLE_SCOPE_BEGIN|[14]|saReportCtrl.SORTED_BY_NONE_LABEL|String|false|true
14:12:56.0 (10003251)|VARIABLE_SCOPE_BEGIN|[20]|saReportCtrl.SORTED_BY_NONE_VALUE|String|false|true
14:12:56.0 (10011847)|VARIABLE_SCOPE_BEGIN|[16]|saReportCtrl.SORTED_BY_NUMBER_OF_VIEWS_LABEL|String|false|true
14:12:56.0 (10020668)|VARIABLE_SCOPE_BEGIN|[22]|saReportCtrl.SORTED_BY_NUMBER_OF_VIEWS_VALUE|String|false|true
14:12:56.0 (10029168)|VARIABLE_SCOPE_BEGIN|[18]|saReportCtrl.SORTED_BY_RELEASE_DATES_LABEL|String|false|true
14:12:56.0 (10037657)|VARIABLE_SCOPE_BEGIN|[24]|saReportCtrl.SORTED_BY_RELEASE_DATES_VALUE|String|false|true
14:12:56.0 (10046560)|VARIABLE_SCOPE_BEGIN|[37]|saReportCtrl.SOURCE_RANKING_LIKE|String|false|true
14:12:56.0 (10055590)|VARIABLE_SCOPE_BEGIN|[36]|saReportCtrl.SOURCE_RANKING_VIEW|String|false|true
14:12:56.0 (11233035)|VARIABLE_SCOPE_BEGIN|[25]|auMainTopCompCtrl.TYPE_SCREEN_ACCOUNT_LIST|Integer|false|true
14:12:56.0 (11245268)|VARIABLE_SCOPE_BEGIN|[26]|auMainTopCompCtrl.TYPE_SCREEN_ACTIVITY_LIST|Integer|false|true
14:12:56.0 (11251451)|VARIABLE_SCOPE_BEGIN|[7]|auMainTopCompCtrl.TYPE_SCREEN_CX_SCREEN|Integer|false|true
14:12:56.0 (11257339)|VARIABLE_SCOPE_BEGIN|[8]|auMainTopCompCtrl.TYPE_SCREEN_CX_TIMELINE|Integer|false|true
14:12:56.0 (11264121)|VARIABLE_SCOPE_BEGIN|[9]|auMainTopCompCtrl.TYPE_SCREEN_EVENT_SCHEDULE|Integer|false|true
14:12:56.0 (11270321)|VARIABLE_SCOPE_BEGIN|[10]|auMainTopCompCtrl.TYPE_SCREEN_EVENT_SCHEDULE_LIST|Integer|false|true
14:12:56.0 (11276582)|VARIABLE_SCOPE_BEGIN|[27]|auMainTopCompCtrl.TYPE_SCREEN_FILE_LIST|Integer|false|true
14:12:56.0 (11282263)|VARIABLE_SCOPE_BEGIN|[24]|auMainTopCompCtrl.TYPE_SCREEN_HONBU_DIRECT|Integer|false|true
14:12:56.0 (11287892)|VARIABLE_SCOPE_BEGIN|[11]|auMainTopCompCtrl.TYPE_SCREEN_KNOWLEDGE_DASHBOARD|Integer|false|true
14:12:56.0 (11293424)|VARIABLE_SCOPE_BEGIN|[12]|auMainTopCompCtrl.TYPE_SCREEN_KNOWLEDGE_LIST|Integer|false|true
14:12:56.0 (11299260)|VARIABLE_SCOPE_BEGIN|[15]|auMainTopCompCtrl.TYPE_SCREEN_SA_CHATTER|Integer|false|true
14:12:56.0 (11304988)|VARIABLE_SCOPE_BEGIN|[16]|auMainTopCompCtrl.TYPE_SCREEN_SA_DAILYREPORT|Integer|false|true
14:12:56.0 (11310563)|VARIABLE_SCOPE_BEGIN|[22]|auMainTopCompCtrl.TYPE_SCREEN_SA_DAILYREPORTLIST|Integer|false|true
14:12:56.0 (11316683)|VARIABLE_SCOPE_BEGIN|[18]|auMainTopCompCtrl.TYPE_SCREEN_SA_DOCUMENTS|Integer|false|true
14:12:56.0 (11322378)|VARIABLE_SCOPE_BEGIN|[17]|auMainTopCompCtrl.TYPE_SCREEN_SA_ENQUETE|Integer|false|true
14:12:56.0 (11328189)|VARIABLE_SCOPE_BEGIN|[20]|auMainTopCompCtrl.TYPE_SCREEN_SA_LINKS|Integer|false|true
14:12:56.0 (11334104)|VARIABLE_SCOPE_BEGIN|[13]|auMainTopCompCtrl.TYPE_SCREEN_SA_MESSAGES|Integer|false|true
14:12:56.0 (11345231)|VARIABLE_SCOPE_BEGIN|[19]|auMainTopCompCtrl.TYPE_SCREEN_SA_RANKING|Integer|false|true
14:12:56.0 (11352260)|VARIABLE_SCOPE_BEGIN|[14]|auMainTopCompCtrl.TYPE_SCREEN_SA_REPORTS|Integer|false|true
14:12:56.0 (11359196)|VARIABLE_SCOPE_BEGIN|[23]|auMainTopCompCtrl.TYPE_SCREEN_SA_TODO|Integer|false|true
14:12:56.0 (11365796)|VARIABLE_SCOPE_BEGIN|[21]|auMainTopCompCtrl.TYPE_SCREEN_SA_USRSETTINGS|Integer|false|true
14:12:56.0 (11372823)|VARIABLE_SCOPE_BEGIN|[4]|auMainTopCompCtrl.TYPE_SCREEN_STPD_EVENT|Integer|false|true
14:12:56.0 (11378820)|VARIABLE_SCOPE_BEGIN|[6]|auMainTopCompCtrl.TYPE_SCREEN_STPD_SCREEN|Integer|false|true
14:12:56.0 (11385161)|VARIABLE_SCOPE_BEGIN|[5]|auMainTopCompCtrl.TYPE_SCREEN_STPD_TIMELINE|Integer|false|true
14:12:56.0 (11391427)|VARIABLE_SCOPE_BEGIN|[3]|auMainTopCompCtrl.TYPE_SCREEN_SWITCH|Integer|false|true
14:12:56.0 (11397905)|VARIABLE_SCOPE_BEGIN|[28]|auMainTopCompCtrl.TYPE_SCREEN_TELEMA_LIST|Integer|false|true
14:12:56.0 (11404278)|VARIABLE_SCOPE_BEGIN|[29]|auMainTopCompCtrl.TYPE_SCREEN_TELEMA_RESULTS|Integer|false|true
14:12:56.0 (18398093)|VF_DESERIALIZE_VIEWSTATE_END
14:12:56.0 (23901927)|SYSTEM_MODE_ENTER|true
14:12:56.0 (23949244)|HEAP_ALLOCATE|[EXTERNAL]|Bytes:1676
14:12:56.0 (23988986)|HEAP_ALLOCATE|[EXTERNAL]|Bytes:855
14:12:56.0 (23997524)|HEAP_ALLOCATE|[EXTERNAL]|Bytes:597
14:12:56.0 (24004965)|HEAP_ALLOCATE|[EXTERNAL]|Bytes:10
14:12:56.0 (24030873)|VARIABLE_ASSIGNMENT|[EXTERNAL]|saReportCtrl.ERROR_CATEGORY_MISSING|"カテゴリが必須です。"
14:12:56.0 (24038019)|HEAP_ALLOCATE|[EXTERNAL]|Bytes:10
14:12:56.0 (24044961)|VARIABLE_ASSIGNMENT|[EXTERNAL]|saReportCtrl.ERROR_COMMENT_MISSING|"コメントが必須です。"
14:12:56.0 (24049784)|HEAP_ALLOCATE|[EXTERNAL]|Bytes:10
14:12:56.0 (24056222)|VARIABLE_ASSIGNMENT|[EXTERNAL]|saReportCtrl.ERROR_TITLE_MISSING|"タイトルが必須です。"
14:12:56.0 (24060929)|HEAP_ALLOCATE|[EXTERNAL]|Bytes:6
14:12:56.0 (24068498)|VARIABLE_ASSIGNMENT|[EXTERNAL]|saReportCtrl.LABEL_NBCOPY|"マネ数 : "
14:12:56.0 (24072996)|HEAP_ALLOCATE|[EXTERNAL]|Bytes:13
14:12:56.0 (24079671)|VARIABLE_ASSIGNMENT|[EXTERNAL]|saReportCtrl.LABEL_NBLIKE|"いいね！超いいね！数 : "
14:12:56.0 (24084065)|HEAP_ALLOCATE|[EXTERNAL]|Bytes:6
14:12:56.0 (24090374)|VARIABLE_ASSIGNMENT|[EXTERNAL]|saReportCtrl.LABEL_NBVIEW|"閲覧数 : "
14:12:56.0 (24094538)|HEAP_ALLOCATE|[EXTERNAL]|Bytes:11
14:12:56.0 (24101995)|VARIABLE_ASSIGNMENT|[EXTERNAL]|saReportCtrl.MESSAGE_ASK_FOR_VALIDATION|"承認申請を出しました。"
14:12:56.0 (24106829)|HEAP_ALLOCATE|[EXTERNAL]|Bytes:7
14:12:56.0 (24114404)|VARIABLE_ASSIGNMENT|[EXTERNAL]|saReportCtrl.MESSAGE_PUBLISHED|"公開しました。"
14:12:56.0 (24118693)|HEAP_ALLOCATE|[EXTERNAL]|Bytes:9
14:12:56.0 (24125362)|VARIABLE_ASSIGNMENT|[EXTERNAL]|saReportCtrl.MESSAGE_TEMPORARY_SAVED|"一時保存しました。"
14:12:56.0 (24130284)|HEAP_ALLOCATE|[EXTERNAL]|Bytes:3
14:12:56.0 (24138174)|VARIABLE_ASSIGNMENT|[EXTERNAL]|saReportCtrl.SA_REPORT_STATE_NONE_LABEL|"未選択"
14:12:56.0 (24142430)|HEAP_ALLOCATE|[EXTERNAL]|Bytes:1
14:12:56.0 (24149879)|VARIABLE_ASSIGNMENT|[EXTERNAL]|saReportCtrl.SA_REPORT_STATE_NONE_VALUE|" "
14:12:56.0 (24154180)|HEAP_ALLOCATE|[EXTERNAL]|Bytes:3
14:12:56.0 (24161687)|VARIABLE_ASSIGNMENT|[EXTERNAL]|saReportCtrl.SEARCH_COUNT_AVERAGE_LABEL|"50件"
14:12:56.0 (24165740)|HEAP_ALLOCATE|[EXTERNAL]|Bytes:2
14:12:56.0 (24178865)|VARIABLE_ASSIGNMENT|[EXTERNAL]|saReportCtrl.SEARCH_COUNT_AVERAGE_VALUE|"50"
14:12:56.0 (24183500)|HEAP_ALLOCATE|[EXTERNAL]|Bytes:3
14:12:56.0 (24192113)|VARIABLE_ASSIGNMENT|[EXTERNAL]|saReportCtrl.SEARCH_COUNT_FEW_LABEL|"20件"
14:12:56.0 (24196215)|HEAP_ALLOCATE|[EXTERNAL]|Bytes:2
14:12:56.0 (24204070)|VARIABLE_ASSIGNMENT|[EXTERNAL]|saReportCtrl.SEARCH_COUNT_FEW_VALUE|"20"
14:12:56.0 (24207831)|HEAP_ALLOCATE|[EXTERNAL]|Bytes:4
14:12:56.0 (24215448)|VARIABLE_ASSIGNMENT|[EXTERNAL]|saReportCtrl.SEARCH_COUNT_LOT_LABEL|"100件"
14:12:56.0 (24219975)|HEAP_ALLOCATE|[EXTERNAL]|Bytes:3
14:12:56.0 (24227361)|VARIABLE_ASSIGNMENT|[EXTERNAL]|saReportCtrl.SEARCH_COUNT_LOT_VALUE|"100"
14:12:56.0 (24231372)|HEAP_ALLOCATE|[EXTERNAL]|Bytes:4
14:12:56.0 (24239615)|VARIABLE_ASSIGNMENT|[EXTERNAL]|saReportCtrl.SORTED_BY_FAVORITES_LABEL|"いいね順"
14:12:56.0 (24244762)|HEAP_ALLOCATE|[EXTERNAL]|Bytes:4
14:12:56.0 (24252765)|VARIABLE_ASSIGNMENT|[EXTERNAL]|saReportCtrl.SORTED_BY_FAVORITES_VALUE|"いいね順"
14:12:56.0 (24256699)|HEAP_ALLOCATE|[EXTERNAL]|Bytes:3
14:12:56.0 (24267923)|VARIABLE_ASSIGNMENT|[EXTERNAL]|saReportCtrl.SORTED_BY_NEWS_LABEL|"NEW"
14:12:56.0 (24272535)|HEAP_ALLOCATE|[EXTERNAL]|Bytes:3
14:12:56.0 (24280673)|VARIABLE_ASSIGNMENT|[EXTERNAL]|saReportCtrl.SORTED_BY_NEWS_VALUE|"NEW"
14:12:56.0 (24284990)|HEAP_ALLOCATE|[EXTERNAL]|Bytes:1
14:12:56.0 (24292934)|VARIABLE_ASSIGNMENT|[EXTERNAL]|saReportCtrl.SORTED_BY_NONE_LABEL|" "
14:12:56.0 (24297571)|HEAP_ALLOCATE|[EXTERNAL]|Bytes:1
14:12:56.0 (24305891)|VARIABLE_ASSIGNMENT|[EXTERNAL]|saReportCtrl.SORTED_BY_NONE_VALUE|" "
14:12:56.0 (24310191)|HEAP_ALLOCATE|[EXTERNAL]|Bytes:4
14:12:56.0 (24318388)|VARIABLE_ASSIGNMENT|[EXTERNAL]|saReportCtrl.SORTED_BY_NUMBER_OF_VIEWS_LABEL|"閲覧数順"
14:12:56.0 (24322843)|HEAP_ALLOCATE|[EXTERNAL]|Bytes:4
14:12:56.0 (24330902)|VARIABLE_ASSIGNMENT|[EXTERNAL]|saReportCtrl.SORTED_BY_NUMBER_OF_VIEWS_VALUE|"閲覧数順"
14:12:56.0 (24335430)|HEAP_ALLOCATE|[EXTERNAL]|Bytes:4
14:12:56.0 (24343688)|VARIABLE_ASSIGNMENT|[EXTERNAL]|saReportCtrl.SORTED_BY_RELEASE_DATES_LABEL|"公開日時"
14:12:56.0 (24348654)|HEAP_ALLOCATE|[EXTERNAL]|Bytes:4
14:12:56.0 (24356731)|VARIABLE_ASSIGNMENT|[EXTERNAL]|saReportCtrl.SORTED_BY_RELEASE_DATES_VALUE|"公開日時"
14:12:56.0 (24361335)|HEAP_ALLOCATE|[EXTERNAL]|Bytes:6
14:12:56.0 (24370355)|VARIABLE_ASSIGNMENT|[EXTERNAL]|saReportCtrl.SOURCE_RANKING_LIKE|"rsLike"
14:12:56.0 (24374385)|HEAP_ALLOCATE|[EXTERNAL]|Bytes:6
14:12:56.0 (24383160)|VARIABLE_ASSIGNMENT|[EXTERNAL]|saReportCtrl.SOURCE_RANKING_VIEW|"rsView"
14:12:56.0 (24400773)|METHOD_ENTRY|[1]|01pN0000000aEUV|saReportCtrl.saReportCtrl()
14:12:56.0 (24407953)|STATEMENT_EXECUTE|[1]
14:12:56.0 (24414491)|STATEMENT_EXECUTE|[1]
14:12:56.0 (24425170)|SYSTEM_MODE_ENTER|false
14:12:56.0 (24437419)|HEAP_ALLOCATE|[EXTERNAL]|Bytes:5
14:12:56.0 (24445824)|SYSTEM_MODE_EXIT|false
14:12:56.0 (24455155)|METHOD_EXIT|[1]|saReportCtrl
14:12:56.0 (24591103)|SYSTEM_MODE_ENTER|true
14:12:56.0 (24903752)|SYSTEM_MODE_ENTER|true
14:12:56.0 (24945312)|SYSTEM_MODE_ENTER|true
14:12:56.0 (24982790)|SYSTEM_MODE_ENTER|true
14:12:56.0 (25137256)|SYSTEM_MODE_ENTER|true
14:12:56.0 (28896414)|SYSTEM_MODE_ENTER|true
14:12:56.0 (29028906)|SYSTEM_MODE_ENTER|true
14:12:56.0 (29098690)|SYSTEM_MODE_ENTER|true
14:12:56.0 (29184991)|SYSTEM_MODE_ENTER|true
14:12:56.0 (29257298)|SYSTEM_MODE_ENTER|true
14:12:56.0 (29488889)|SYSTEM_MODE_ENTER|true
14:12:56.0 (29564350)|SYSTEM_MODE_ENTER|true
14:12:56.0 (29630560)|SYSTEM_MODE_ENTER|true
14:12:56.0 (30836335)|SYSTEM_MODE_ENTER|true
14:12:56.0 (31090603)|HEAP_ALLOCATE|[EXTERNAL]|Bytes:400
14:12:56.0 (31103757)|VARIABLE_SCOPE_BEGIN|[44]|this|saReportCtrl|true|false
14:12:56.0 (31371099)|VARIABLE_ASSIGNMENT|[44]|this|{"approveCommentValue":"","attachmentId":"","basicSearchCategory":" ","basicSearchCount":"20","basicSearchDateEnd":"","basicSearchDateStart":"","basicSearchKeywords":"","basicSearchRole1":" ","basicSearchRole2":" ","basicSearchRole3":" ","basicSearchSort":" ","categoryDataOptions":"0x73a5df5b","countDataOptions":"0x37c5ea3e","createBody":"","createCategory":" ","createdReportId":"","createProcess":" ","createSubject":"","currentUser":"0x5fdfa006","draftBody":"","draftCategory":" ","draftProcess":" ","draftSubject":"","isApprover":true,"isCopySelected":false,"isGoodSelected":false,"isVeryGoodSelected":false,"latestBasicSearchCategory":" ","latestBasicSearchCount":"20","latestBasicSearchDateEnd":"","latestBasicSearchDateStart":"","latestBasicSearchKeywords":"","latestBasicSearchRole1":" ","latestBasicSearchRole2":" ","latestBasicSearchRole3":" ","latestBasicSearchSort":" ","latestMySearchCount":"","latestMySearchDateEnd":"","latestMySearchDateStart":"","latestMySearchKeywords":"","latestMySearchState":"","latestPendingCount":"20","latestPendingDateEnd":"","latestPendingDateStart":"","latestPendingKeywords":"","latestSelectedProcess":"","listOfCategory":"0x4ee0c396","listOfSAReports":"0x5de0f8ed","lsAttachments":"0x62ab0d","lsRolesFull":"0x186e3525","mapOfCategory":"0x3a9379be","messageError":"","messageSubmissionComplete":"","mySearchCount":"20","mySearchDateEnd":"","mySearchDateStart":"","mySearchKeywords":"","mySearchState":" ","newCommentValue1":"","newCommentValue2":"","pageNum":1,"pageSize":20,"pendingCount":"20","pendingDateEnd":"","pendingDateStart":"","pendingKeywords":"","processDataOptions":"0x60eec991","recordsCount":20,"remandBody":"","remandCategory":" ","remandProcess":" ","remandSubject":"","reportComments":"0x75413c42","reportGoodViews":"0x1ceff8d2","reportManagedViews":"0x3d103c78","reportRendered":false,"reportState":"","roleLevel1DataOptions":"0x2ba4d80a","roleLevel2DataOptions":"0x57fb5210","roleLevel3DataOptions":"0x34310955","searchCategoryLabel":"","searchCountLabel":"20件","searchParttern":6,"searchStateLabel":"","selectedCategoryName":"au でんき","selectedProcess":"","selectedReport":"0x87e0057","selectedReportName":"","selectedView":"","sortDataOptions":"0x517fdda","stateDataOptions":"0x87154ba"}|0x55fd9d24
14:12:56.0 (31414244)|SYSTEM_MODE_ENTER|false
14:12:56.0 (31422704)|HEAP_ALLOCATE|[44]|Bytes:5
14:12:56.0 (31429224)|STATEMENT_EXECUTE|[44]
14:12:56.0 (31431218)|STATEMENT_EXECUTE|[44]
14:12:56.0 (31527104)|VARIABLE_SCOPE_BEGIN|[7]|saConstantCmn.PUSH_NOTIFICATION_STATUS_NONE|String|false|true
14:12:56.0 (31537838)|VARIABLE_SCOPE_BEGIN|[9]|saConstantCmn.PUSH_NOTIFICATION_STATUS_RESENDING|String|false|true
14:12:56.0 (31544734)|VARIABLE_SCOPE_BEGIN|[8]|saConstantCmn.PUSH_NOTIFICATION_STATUS_SENDING|String|false|true
14:12:56.0 (31551501)|VARIABLE_SCOPE_BEGIN|[10]|saConstantCmn.PUSH_NOTIFICATION_STATUS_SENT|String|false|true
14:12:56.0 (31558824)|VARIABLE_SCOPE_BEGIN|[24]|saConstantCmn.SA_INQUIRY_TYPE_AU_HEARING|String|false|true
14:12:56.0 (31564650)|VARIABLE_SCOPE_BEGIN|[22]|saConstantCmn.SA_INQUIRY_TYPE_DAILYREPORT|String|false|true
14:12:56.0 (31570457)|VARIABLE_SCOPE_BEGIN|[23]|saConstantCmn.SA_INQUIRY_TYPE_HEARING|String|false|true
14:12:56.0 (31577394)|VARIABLE_SCOPE_BEGIN|[15]|saConstantCmn.SA_MESSAGEDETAIL_TYPE_DONE|String|false|true
14:12:56.0 (31583839)|VARIABLE_SCOPE_BEGIN|[14]|saConstantCmn.SA_MESSAGEDETAIL_TYPE_READ|String|false|true
14:12:56.0 (31589745)|VARIABLE_SCOPE_BEGIN|[13]|saConstantCmn.SA_MESSAGEDETAIL_TYPE_SHARED|String|false|true
14:12:56.0 (31595919)|VARIABLE_SCOPE_BEGIN|[18]|saConstantCmn.SA_MESSAGE_TYPE_MESSAGE|String|false|true
14:12:56.0 (31601824)|VARIABLE_SCOPE_BEGIN|[19]|saConstantCmn.SA_MESSAGE_TYPE_TASK|String|false|true
14:12:56.0 (31607992)|VARIABLE_SCOPE_BEGIN|[41]|saConstantCmn.SA_REPORT_DETAIL_TYPE_LIKE|String|false|true
14:12:56.0 (31613711)|VARIABLE_SCOPE_BEGIN|[42]|saConstantCmn.SA_REPORT_DETAIL_TYPE_VERY_LIKE|String|false|true
14:12:56.0 (31620085)|VARIABLE_SCOPE_BEGIN|[34]|saConstantCmn.SA_REPORT_REPLY_STATUS_REPLYSAVED|String|false|true
14:12:56.0 (31625761)|VARIABLE_SCOPE_BEGIN|[35]|saConstantCmn.SA_REPORT_REPLY_STATUS_REPLYSENT|String|false|true
14:12:56.0 (31632069)|VARIABLE_SCOPE_BEGIN|[33]|saConstantCmn.SA_REPORT_REPLY_STATUS_WAITINGREPLY|String|false|true
14:12:56.0 (31638456)|VARIABLE_SCOPE_BEGIN|[39]|saConstantCmn.SA_REPORT_SOURCE_NEW|String|false|true
14:12:56.0 (31645551)|VARIABLE_SCOPE_BEGIN|[38]|saConstantCmn.SA_REPORT_SOURCE_WEEKLY|String|false|true
14:12:56.0 (31651857)|VARIABLE_SCOPE_BEGIN|[27]|saConstantCmn.SA_REPORT_STATE_DRAFT|String|false|true
14:12:56.0 (31658337)|VARIABLE_SCOPE_BEGIN|[30]|saConstantCmn.SA_REPORT_STATE_PUBLISHED|String|false|true
14:12:56.0 (31664380)|VARIABLE_SCOPE_BEGIN|[29]|saConstantCmn.SA_REPORT_STATE_REJECTED|String|false|true
14:12:56.0 (31671189)|VARIABLE_SCOPE_BEGIN|[28]|saConstantCmn.SA_REPORT_STATE_WAITING_APPROVAL|String|false|true
14:12:56.0 (31677805)|VARIABLE_SCOPE_BEGIN|[45]|saConstantCmn.SOURCE|String|false|true
14:12:56.0 (31684771)|VARIABLE_SCOPE_BEGIN|[46]|saConstantCmn.SOURCE_PREVIEW|String|false|true
14:12:56.0 (31691448)|VARIABLE_SCOPE_BEGIN|[48]|saConstantCmn.SOURCE_RANKING_LIKE|String|false|true
14:12:56.0 (31698310)|VARIABLE_SCOPE_BEGIN|[47]|saConstantCmn.SOURCE_RANKING_VIEW|String|false|true
14:12:56.0 (31709656)|HEAP_ALLOCATE|[44]|Bytes:4
14:12:56.0 (31721166)|VARIABLE_ASSIGNMENT|[44]|saConstantCmn.PUSH_NOTIFICATION_STATUS_NONE|"NONE"
14:12:56.0 (31725932)|HEAP_ALLOCATE|[44]|Bytes:9
14:12:56.0 (31731852)|VARIABLE_ASSIGNMENT|[44]|saConstantCmn.PUSH_NOTIFICATION_STATUS_RESENDING|"RESENDING"
14:12:56.0 (31736375)|HEAP_ALLOCATE|[44]|Bytes:7
14:12:56.0 (31742432)|VARIABLE_ASSIGNMENT|[44]|saConstantCmn.PUSH_NOTIFICATION_STATUS_SENDING|"SENDING"
14:12:56.0 (31746314)|HEAP_ALLOCATE|[44]|Bytes:4
14:12:56.0 (31751307)|VARIABLE_ASSIGNMENT|[44]|saConstantCmn.PUSH_NOTIFICATION_STATUS_SENT|"SENT"
14:12:56.0 (31755333)|HEAP_ALLOCATE|[44]|Bytes:10
14:12:56.0 (31761650)|VARIABLE_ASSIGNMENT|[44]|saConstantCmn.SA_INQUIRY_TYPE_AU_HEARING|"AU_HEARING"
14:12:56.0 (31765469)|HEAP_ALLOCATE|[44]|Bytes:12
14:12:56.0 (31771073)|VARIABLE_ASSIGNMENT|[44]|saConstantCmn.SA_INQUIRY_TYPE_DAILYREPORT|"DAILY_REPORT"
14:12:56.0 (31775227)|HEAP_ALLOCATE|[44]|Bytes:6
14:12:56.0 (31781080)|VARIABLE_ASSIGNMENT|[44]|saConstantCmn.SA_INQUIRY_TYPE_HEARING|"SURVEY"
14:12:56.0 (31785617)|HEAP_ALLOCATE|[44]|Bytes:4
14:12:56.0 (31792083)|VARIABLE_ASSIGNMENT|[44]|saConstantCmn.SA_MESSAGEDETAIL_TYPE_DONE|"DONE"
14:12:56.0 (31795830)|HEAP_ALLOCATE|[44]|Bytes:4
14:12:56.0 (31801003)|VARIABLE_ASSIGNMENT|[44]|saConstantCmn.SA_MESSAGEDETAIL_TYPE_READ|"READ"
14:12:56.0 (31805490)|HEAP_ALLOCATE|[44]|Bytes:6
14:12:56.0 (31811026)|VARIABLE_ASSIGNMENT|[44]|saConstantCmn.SA_MESSAGEDETAIL_TYPE_SHARED|"SHARED"
14:12:56.0 (31814942)|HEAP_ALLOCATE|[44]|Bytes:7
14:12:56.0 (31820745)|VARIABLE_ASSIGNMENT|[44]|saConstantCmn.SA_MESSAGE_TYPE_MESSAGE|"MESSAGE"
14:12:56.0 (31824394)|HEAP_ALLOCATE|[44]|Bytes:4
14:12:56.0 (31829457)|VARIABLE_ASSIGNMENT|[44]|saConstantCmn.SA_MESSAGE_TYPE_TASK|"TASK"
14:12:56.0 (31833553)|HEAP_ALLOCATE|[44]|Bytes:4
14:12:56.0 (31839441)|VARIABLE_ASSIGNMENT|[44]|saConstantCmn.SA_REPORT_DETAIL_TYPE_LIKE|"LIKE"
14:12:56.0 (31843069)|HEAP_ALLOCATE|[44]|Bytes:9
14:12:56.0 (31848828)|VARIABLE_ASSIGNMENT|[44]|saConstantCmn.SA_REPORT_DETAIL_TYPE_VERY_LIKE|"VERY_LIKE"
14:12:56.0 (31852799)|HEAP_ALLOCATE|[44]|Bytes:11
14:12:56.0 (31858859)|VARIABLE_ASSIGNMENT|[44]|saConstantCmn.SA_REPORT_REPLY_STATUS_REPLYSAVED|"REPLY_SAVED"
14:12:56.0 (31863025)|HEAP_ALLOCATE|[44]|Bytes:10
14:12:56.0 (31869141)|VARIABLE_ASSIGNMENT|[44]|saConstantCmn.SA_REPORT_REPLY_STATUS_REPLYSENT|"REPLY_SENT"
14:12:56.0 (31872853)|HEAP_ALLOCATE|[44]|Bytes:13
14:12:56.0 (31878696)|VARIABLE_ASSIGNMENT|[44]|saConstantCmn.SA_REPORT_REPLY_STATUS_WAITINGREPLY|"WAITING_REPLY"
14:12:56.0 (31882362)|HEAP_ALLOCATE|[44]|Bytes:3
14:12:56.0 (31888158)|VARIABLE_ASSIGNMENT|[44]|saConstantCmn.SA_REPORT_SOURCE_NEW|"New"
14:12:56.0 (31892856)|HEAP_ALLOCATE|[44]|Bytes:6
14:12:56.0 (31898613)|VARIABLE_ASSIGNMENT|[44]|saConstantCmn.SA_REPORT_SOURCE_WEEKLY|"Weekly"
14:12:56.0 (31903338)|HEAP_ALLOCATE|[44]|Bytes:5
14:12:56.0 (31909330)|VARIABLE_ASSIGNMENT|[44]|saConstantCmn.SA_REPORT_STATE_DRAFT|"Draft"
14:12:56.0 (31913295)|HEAP_ALLOCATE|[44]|Bytes:7
14:12:56.0 (31919996)|VARIABLE_ASSIGNMENT|[44]|saConstantCmn.SA_REPORT_STATE_PUBLISHED|"Publish"
14:12:56.0 (31924040)|HEAP_ALLOCATE|[44]|Bytes:6
14:12:56.0 (31930089)|VARIABLE_ASSIGNMENT|[44]|saConstantCmn.SA_REPORT_STATE_REJECTED|"Remand"
14:12:56.0 (31934204)|HEAP_ALLOCATE|[44]|Bytes:7
14:12:56.0 (31940167)|VARIABLE_ASSIGNMENT|[44]|saConstantCmn.SA_REPORT_STATE_WAITING_APPROVAL|"Pending"
14:12:56.0 (31944620)|HEAP_ALLOCATE|[44]|Bytes:3
14:12:56.0 (31950820)|VARIABLE_ASSIGNMENT|[44]|saConstantCmn.SOURCE|"src"
14:12:56.0 (31954854)|HEAP_ALLOCATE|[44]|Bytes:7
14:12:56.0 (31961183)|VARIABLE_ASSIGNMENT|[44]|saConstantCmn.SOURCE_PREVIEW|"preview"
14:12:56.0 (31964957)|HEAP_ALLOCATE|[44]|Bytes:6
14:12:56.0 (31971741)|VARIABLE_ASSIGNMENT|[44]|saConstantCmn.SOURCE_RANKING_LIKE|"rsLike"
14:12:56.0 (31975875)|HEAP_ALLOCATE|[44]|Bytes:6
14:12:56.0 (31982280)|VARIABLE_ASSIGNMENT|[44]|saConstantCmn.SOURCE_RANKING_VIEW|"rsView"
14:12:56.0 (32004678)|METHOD_ENTRY|[4]|01pN0000000aH2z|saConstantCmn.saConstantCmn()
14:12:56.0 (32010380)|STATEMENT_EXECUTE|[4]
14:12:56.0 (32014228)|STATEMENT_EXECUTE|[4]
14:12:56.0 (32021217)|HEAP_ALLOCATE|[44]|Bytes:5
14:12:56.0 (32030300)|METHOD_EXIT|[4]|saConstantCmn
14:12:56.0 (32037894)|SYSTEM_MODE_EXIT|false
14:12:56.0 (32198404)|SYSTEM_MODE_ENTER|true
14:12:56.0 (32235369)|HEAP_ALLOCATE|[EXTERNAL]|Bytes:400
14:12:56.0 (32243079)|VARIABLE_SCOPE_BEGIN|[45]|this|saReportCtrl|true|false
14:12:56.0 (32452537)|VARIABLE_ASSIGNMENT|[45]|this|{"approveCommentValue":"","attachmentId":"","basicSearchCategory":" ","basicSearchCount":"20","basicSearchDateEnd":"","basicSearchDateStart":"","basicSearchKeywords":"","basicSearchRole1":" ","basicSearchRole2":" ","basicSearchRole3":" ","basicSearchSort":" ","categoryDataOptions":"0x73a5df5b","countDataOptions":"0x37c5ea3e","createBody":"","createCategory":" ","createdReportId":"","createProcess":" ","createSubject":"","currentUser":"0x5fdfa006","draftBody":"","draftCategory":" ","draftProcess":" ","draftSubject":"","isApprover":true,"isCopySelected":false,"isGoodSelected":false,"isVeryGoodSelected":false,"latestBasicSearchCategory":" ","latestBasicSearchCount":"20","latestBasicSearchDateEnd":"","latestBasicSearchDateStart":"","latestBasicSearchKeywords":"","latestBasicSearchRole1":" ","latestBasicSearchRole2":" ","latestBasicSearchRole3":" ","latestBasicSearchSort":" ","latestMySearchCount":"","latestMySearchDateEnd":"","latestMySearchDateStart":"","latestMySearchKeywords":"","latestMySearchState":"","latestPendingCount":"20","latestPendingDateEnd":"","latestPendingDateStart":"","latestPendingKeywords":"","latestSelectedProcess":"","listOfCategory":"0x4ee0c396","listOfSAReports":"0x5de0f8ed","lsAttachments":"0x62ab0d","lsRolesFull":"0x186e3525","mapOfCategory":"0x3a9379be","messageError":"","messageSubmissionComplete":"","mySearchCount":"20","mySearchDateEnd":"","mySearchDateStart":"","mySearchKeywords":"","mySearchState":" ","newCommentValue1":"","newCommentValue2":"","pageNum":1,"pageSize":20,"pendingCount":"20","pendingDateEnd":"","pendingDateStart":"","pendingKeywords":"","processDataOptions":"0x60eec991","recordsCount":20,"remandBody":"","remandCategory":" ","remandProcess":" ","remandSubject":"","reportComments":"0x75413c42","reportGoodViews":"0x1ceff8d2","reportManagedViews":"0x3d103c78","reportRendered":false,"reportState":"","roleLevel1DataOptions":"0x2ba4d80a","roleLevel2DataOptions":"0x57fb5210","roleLevel3DataOptions":"0x34310955","searchCategoryLabel":"","searchCountLabel":"20件","searchParttern":6,"searchStateLabel":"","selectedCategoryName":"au でんき","selectedProcess":"","selectedReport":"0x87e0057","selectedReportName":"","selectedView":"","sortDataOptions":"0x517fdda","stateDataOptions":"0x87154ba"}|0x55fd9d24
14:12:56.0 (32489150)|SYSTEM_MODE_ENTER|false
14:12:56.0 (32496514)|HEAP_ALLOCATE|[45]|Bytes:5
14:12:56.0 (32501996)|STATEMENT_EXECUTE|[45]
14:12:56.0 (32503768)|STATEMENT_EXECUTE|[45]
14:12:56.0 (32509127)|SYSTEM_MODE_EXIT|false
14:12:56.0 (32736369)|SYSTEM_MODE_ENTER|true
14:12:56.0 (32770839)|HEAP_ALLOCATE|[EXTERNAL]|Bytes:400
14:12:56.0 (32779242)|VARIABLE_SCOPE_BEGIN|[47]|this|saReportCtrl|true|false
14:12:56.0 (32988810)|VARIABLE_ASSIGNMENT|[47]|this|{"approveCommentValue":"","attachmentId":"","basicSearchCategory":" ","basicSearchCount":"20","basicSearchDateEnd":"","basicSearchDateStart":"","basicSearchKeywords":"","basicSearchRole1":" ","basicSearchRole2":" ","basicSearchRole3":" ","basicSearchSort":" ","categoryDataOptions":"0x73a5df5b","countDataOptions":"0x37c5ea3e","createBody":"","createCategory":" ","createdReportId":"","createProcess":" ","createSubject":"","currentUser":"0x5fdfa006","draftBody":"","draftCategory":" ","draftProcess":" ","draftSubject":"","isApprover":true,"isCopySelected":false,"isGoodSelected":false,"isVeryGoodSelected":false,"latestBasicSearchCategory":" ","latestBasicSearchCount":"20","latestBasicSearchDateEnd":"","latestBasicSearchDateStart":"","latestBasicSearchKeywords":"","latestBasicSearchRole1":" ","latestBasicSearchRole2":" ","latestBasicSearchRole3":" ","latestBasicSearchSort":" ","latestMySearchCount":"","latestMySearchDateEnd":"","latestMySearchDateStart":"","latestMySearchKeywords":"","latestMySearchState":"","latestPendingCount":"20","latestPendingDateEnd":"","latestPendingDateStart":"","latestPendingKeywords":"","latestSelectedProcess":"","listOfCategory":"0x4ee0c396","listOfSAReports":"0x5de0f8ed","lsAttachments":"0x62ab0d","lsRolesFull":"0x186e3525","mapOfCategory":"0x3a9379be","messageError":"","messageSubmissionComplete":"","mySearchCount":"20","mySearchDateEnd":"","mySearchDateStart":"","mySearchKeywords":"","mySearchState":" ","newCommentValue1":"","newCommentValue2":"","pageNum":1,"pageSize":20,"pendingCount":"20","pendingDateEnd":"","pendingDateStart":"","pendingKeywords":"","processDataOptions":"0x60eec991","recordsCount":20,"remandBody":"","remandCategory":" ","remandProcess":" ","remandSubject":"","reportComments":"0x75413c42","reportGoodViews":"0x1ceff8d2","reportManagedViews":"0x3d103c78","reportRendered":false,"reportState":"","roleLevel1DataOptions":"0x2ba4d80a","roleLevel2DataOptions":"0x57fb5210","roleLevel3DataOptions":"0x34310955","searchCategoryLabel":"","searchCountLabel":"20件","searchParttern":6,"searchStateLabel":"","selectedCategoryName":"au でんき","selectedProcess":"","selectedReport":"0x87e0057","selectedReportName":"","selectedView":"","sortDataOptions":"0x517fdda","stateDataOptions":"0x87154ba"}|0x55fd9d24
14:12:56.0 (33024917)|SYSTEM_MODE_ENTER|false
14:12:56.0 (33032370)|HEAP_ALLOCATE|[47]|Bytes:5
14:12:56.0 (33037492)|STATEMENT_EXECUTE|[47]
14:12:56.0 (33039316)|STATEMENT_EXECUTE|[47]
14:12:56.0 (33044490)|SYSTEM_MODE_EXIT|false
14:12:56.0 (33183628)|SYSTEM_MODE_ENTER|true
14:12:56.0 (33217107)|HEAP_ALLOCATE|[EXTERNAL]|Bytes:400
14:12:56.0 (33224356)|VARIABLE_SCOPE_BEGIN|[46]|this|saReportCtrl|true|false
14:12:56.0 (33430708)|VARIABLE_ASSIGNMENT|[46]|this|{"approveCommentValue":"","attachmentId":"","basicSearchCategory":" ","basicSearchCount":"20","basicSearchDateEnd":"","basicSearchDateStart":"","basicSearchKeywords":"","basicSearchRole1":" ","basicSearchRole2":" ","basicSearchRole3":" ","basicSearchSort":" ","categoryDataOptions":"0x73a5df5b","countDataOptions":"0x37c5ea3e","createBody":"","createCategory":" ","createdReportId":"","createProcess":" ","createSubject":"","currentUser":"0x5fdfa006","draftBody":"","draftCategory":" ","draftProcess":" ","draftSubject":"","isApprover":true,"isCopySelected":false,"isGoodSelected":false,"isVeryGoodSelected":false,"latestBasicSearchCategory":" ","latestBasicSearchCount":"20","latestBasicSearchDateEnd":"","latestBasicSearchDateStart":"","latestBasicSearchKeywords":"","latestBasicSearchRole1":" ","latestBasicSearchRole2":" ","latestBasicSearchRole3":" ","latestBasicSearchSort":" ","latestMySearchCount":"","latestMySearchDateEnd":"","latestMySearchDateStart":"","latestMySearchKeywords":"","latestMySearchState":"","latestPendingCount":"20","latestPendingDateEnd":"","latestPendingDateStart":"","latestPendingKeywords":"","latestSelectedProcess":"","listOfCategory":"0x4ee0c396","listOfSAReports":"0x5de0f8ed","lsAttachments":"0x62ab0d","lsRolesFull":"0x186e3525","mapOfCategory":"0x3a9379be","messageError":"","messageSubmissionComplete":"","mySearchCount":"20","mySearchDateEnd":"","mySearchDateStart":"","mySearchKeywords":"","mySearchState":" ","newCommentValue1":"","newCommentValue2":"","pageNum":1,"pageSize":20,"pendingCount":"20","pendingDateEnd":"","pendingDateStart":"","pendingKeywords":"","processDataOptions":"0x60eec991","recordsCount":20,"remandBody":"","remandCategory":" ","remandProcess":" ","remandSubject":"","reportComments":"0x75413c42","reportGoodViews":"0x1ceff8d2","reportManagedViews":"0x3d103c78","reportRendered":false,"reportState":"","roleLevel1DataOptions":"0x2ba4d80a","roleLevel2DataOptions":"0x57fb5210","roleLevel3DataOptions":"0x34310955","searchCategoryLabel":"","searchCountLabel":"20件","searchParttern":6,"searchStateLabel":"","selectedCategoryName":"au でんき","selectedProcess":"","selectedReport":"0x87e0057","selectedReportName":"","selectedView":"","sortDataOptions":"0x517fdda","stateDataOptions":"0x87154ba"}|0x55fd9d24
14:12:56.0 (33465619)|SYSTEM_MODE_ENTER|false
14:12:56.0 (33472528)|HEAP_ALLOCATE|[46]|Bytes:5
14:12:56.0 (33477470)|STATEMENT_EXECUTE|[46]
14:12:56.0 (33479179)|STATEMENT_EXECUTE|[46]
14:12:56.0 (33483959)|SYSTEM_MODE_EXIT|false
14:12:56.0 (47844518)|SYSTEM_MODE_ENTER|true
14:12:56.0 (47912560)|SYSTEM_MODE_ENTER|true
14:12:56.0 (47953715)|SYSTEM_MODE_ENTER|true
14:12:56.0 (47990161)|SYSTEM_MODE_ENTER|true
14:12:56.0 (48027741)|SYSTEM_MODE_ENTER|true
14:12:56.0 (48064775)|SYSTEM_MODE_ENTER|true
14:12:56.0 (48101535)|SYSTEM_MODE_ENTER|true
14:12:56.0 (48140859)|SYSTEM_MODE_ENTER|true
14:12:56.0 (48182596)|SYSTEM_MODE_ENTER|true
14:12:56.0 (48220064)|SYSTEM_MODE_ENTER|true
14:12:56.0 (48255204)|SYSTEM_MODE_ENTER|true
14:12:56.0 (48291185)|SYSTEM_MODE_ENTER|true
14:12:56.0 (48325632)|SYSTEM_MODE_ENTER|true
14:12:56.0 (48413765)|SYSTEM_MODE_ENTER|true
14:12:56.0 (48452201)|SYSTEM_MODE_ENTER|true
14:12:56.0 (48487355)|SYSTEM_MODE_ENTER|true
14:12:56.0 (48548095)|SYSTEM_MODE_ENTER|true
14:12:56.0 (48628467)|SYSTEM_MODE_ENTER|true
14:12:56.0 (48676044)|SYSTEM_MODE_ENTER|true
14:12:56.0 (48719287)|SYSTEM_MODE_ENTER|true
14:12:56.0 (48760566)|SYSTEM_MODE_ENTER|true
14:12:56.0 (48803340)|SYSTEM_MODE_ENTER|true
14:12:56.0 (48843668)|SYSTEM_MODE_ENTER|true
14:12:56.0 (48889289)|SYSTEM_MODE_ENTER|true
14:12:56.0 (48946993)|SYSTEM_MODE_ENTER|true
14:12:56.0 (51383459)|SYSTEM_MODE_ENTER|true
14:12:56.0 (51453222)|SYSTEM_MODE_ENTER|true
14:12:56.0 (51506484)|SYSTEM_MODE_ENTER|true
14:12:56.0 (51559031)|SYSTEM_MODE_ENTER|true
14:12:56.0 (51604130)|SYSTEM_MODE_ENTER|true
14:12:56.0 (51641791)|SYSTEM_MODE_ENTER|true
14:12:56.0 (57427350)|SYSTEM_MODE_ENTER|true
14:12:56.0 (57538193)|SYSTEM_MODE_ENTER|true
14:12:56.0 (57592706)|SYSTEM_MODE_ENTER|true
14:12:56.0 (57630268)|SYSTEM_MODE_ENTER|true
14:12:56.0 (64954030)|SYSTEM_MODE_ENTER|true
14:12:56.0 (65049976)|SYSTEM_MODE_ENTER|true
14:12:56.0 (65109251)|SYSTEM_MODE_ENTER|true
14:12:56.0 (65149314)|SYSTEM_MODE_ENTER|true
14:12:56.0 (65350768)|SYSTEM_MODE_ENTER|true
14:12:56.0 (65407302)|SYSTEM_MODE_ENTER|true
14:12:56.0 (65485820)|SYSTEM_MODE_ENTER|true
14:12:56.0 (65546407)|SYSTEM_MODE_ENTER|true
14:12:56.0 (65736433)|SYSTEM_MODE_ENTER|true
14:12:56.0 (65777296)|SYSTEM_MODE_ENTER|true
14:12:56.0 (65812893)|SYSTEM_MODE_ENTER|true
14:12:56.0 (66124493)|SYSTEM_MODE_ENTER|true
14:12:56.0 (66153121)|HEAP_ALLOCATE|[EXTERNAL]|Bytes:400
14:12:56.0 (66184723)|VARIABLE_ASSIGNMENT|[EXTERNAL]|this.attachmentId|""|0x55fd9d24
14:12:56.0 (66225464)|SYSTEM_MODE_ENTER|true
14:12:56.0 (66240382)|HEAP_ALLOCATE|[EXTERNAL]|Bytes:400
14:12:56.0 (66267331)|VARIABLE_ASSIGNMENT|[EXTERNAL]|this.selectedReportName|""|0x55fd9d24
14:12:56.0 (66293573)|SYSTEM_MODE_ENTER|true
14:12:56.0 (66306615)|HEAP_ALLOCATE|[EXTERNAL]|Bytes:6
14:12:56.0 (66311394)|HEAP_ALLOCATE|[EXTERNAL]|Bytes:400
14:12:56.0 (66325885)|VARIABLE_ASSIGNMENT|[EXTERNAL]|this.selectedCategoryName|"au でんき"|0x55fd9d24
14:12:56.0 (66351336)|SYSTEM_MODE_ENTER|true
14:12:56.0 (66363903)|HEAP_ALLOCATE|[EXTERNAL]|Bytes:400
14:12:56.0 (66374727)|VARIABLE_ASSIGNMENT|[EXTERNAL]|this.messageError|""|0x55fd9d24
14:12:56.0 (66399157)|SYSTEM_MODE_ENTER|true
14:12:56.0 (66411484)|HEAP_ALLOCATE|[EXTERNAL]|Bytes:400
14:12:56.0 (66421748)|VARIABLE_ASSIGNMENT|[EXTERNAL]|this.messageSubmissionComplete|""|0x55fd9d24
14:12:56.0 (66445813)|SYSTEM_MODE_ENTER|true
14:12:56.0 (66458247)|HEAP_ALLOCATE|[EXTERNAL]|Bytes:400
14:12:56.0 (66465515)|VARIABLE_ASSIGNMENT|[EXTERNAL]|this.basicSearchCategory|""|0x55fd9d24
14:12:56.0 (66488004)|SYSTEM_MODE_ENTER|true
14:12:56.0 (66499437)|HEAP_ALLOCATE|[EXTERNAL]|Bytes:400
14:12:56.0 (66506137)|VARIABLE_ASSIGNMENT|[EXTERNAL]|this.basicSearchCount|""|0x55fd9d24
14:12:56.0 (66528829)|SYSTEM_MODE_ENTER|true
14:12:56.0 (66540834)|HEAP_ALLOCATE|[EXTERNAL]|Bytes:400
14:12:56.0 (66547649)|VARIABLE_ASSIGNMENT|[EXTERNAL]|this.basicSearchSort|""|0x55fd9d24
14:12:56.0 (66570110)|SYSTEM_MODE_ENTER|true
14:12:56.0 (66582018)|HEAP_ALLOCATE|[EXTERNAL]|Bytes:400
14:12:56.0 (66592268)|VARIABLE_ASSIGNMENT|[EXTERNAL]|this.mySearchCount|""|0x55fd9d24
14:12:56.0 (66615435)|SYSTEM_MODE_ENTER|true
14:12:56.0 (66627602)|HEAP_ALLOCATE|[EXTERNAL]|Bytes:400
14:12:56.0 (66637533)|VARIABLE_ASSIGNMENT|[EXTERNAL]|this.mySearchState|""|0x55fd9d24
14:12:56.0 (66660711)|SYSTEM_MODE_ENTER|true
14:12:56.0 (66672468)|HEAP_ALLOCATE|[EXTERNAL]|Bytes:400
14:12:56.0 (66682832)|VARIABLE_ASSIGNMENT|[EXTERNAL]|this.pendingCount|""|0x55fd9d24
14:12:56.0 (66705553)|SYSTEM_MODE_ENTER|true
14:12:56.0 (66717339)|HEAP_ALLOCATE|[EXTERNAL]|Bytes:400
14:12:56.0 (66727977)|VARIABLE_ASSIGNMENT|[EXTERNAL]|this.remandCategory|""|0x55fd9d24
14:12:56.0 (66750405)|SYSTEM_MODE_ENTER|true
14:12:56.0 (66762509)|HEAP_ALLOCATE|[EXTERNAL]|Bytes:400
14:12:56.0 (66773095)|VARIABLE_ASSIGNMENT|[EXTERNAL]|this.remandProcess|""|0x55fd9d24
14:12:56.0 (66806954)|SYSTEM_MODE_ENTER|true
14:12:56.0 (66882524)|SYSTEM_MODE_ENTER|true
14:12:56.0 (66897432)|HEAP_ALLOCATE|[EXTERNAL]|Bytes:400
14:12:56.0 (66906185)|VARIABLE_ASSIGNMENT|[EXTERNAL]|this.basicSearchKeywords|""|0x55fd9d24
14:12:56.0 (66931296)|SYSTEM_MODE_ENTER|true
14:12:56.0 (66944064)|HEAP_ALLOCATE|[EXTERNAL]|Bytes:400
14:12:56.0 (66950778)|VARIABLE_ASSIGNMENT|[EXTERNAL]|this.basicSearchDateStart|""|0x55fd9d24
14:12:56.0 (66973192)|SYSTEM_MODE_ENTER|true
14:12:56.0 (66984716)|HEAP_ALLOCATE|[EXTERNAL]|Bytes:400
14:12:56.0 (66992104)|VARIABLE_ASSIGNMENT|[EXTERNAL]|this.basicSearchDateEnd|""|0x55fd9d24
14:12:56.0 (67014749)|SYSTEM_MODE_ENTER|true
14:12:56.0 (67026922)|HEAP_ALLOCATE|[EXTERNAL]|Bytes:1
14:12:56.0 (67030495)|HEAP_ALLOCATE|[EXTERNAL]|Bytes:400
14:12:56.0 (67037474)|VARIABLE_ASSIGNMENT|[EXTERNAL]|this.basicSearchCategory|" "|0x55fd9d24
14:12:56.0 (67060039)|SYSTEM_MODE_ENTER|true
14:12:56.0 (67071542)|HEAP_ALLOCATE|[EXTERNAL]|Bytes:1
14:12:56.0 (67075318)|HEAP_ALLOCATE|[EXTERNAL]|Bytes:400
14:12:56.0 (67081719)|VARIABLE_ASSIGNMENT|[EXTERNAL]|this.basicSearchRole1|" "|0x55fd9d24
14:12:56.0 (67105224)|SYSTEM_MODE_ENTER|true
14:12:56.0 (67117229)|HEAP_ALLOCATE|[EXTERNAL]|Bytes:1
14:12:56.0 (67120816)|HEAP_ALLOCATE|[EXTERNAL]|Bytes:400
14:12:56.0 (67127418)|VARIABLE_ASSIGNMENT|[EXTERNAL]|this.basicSearchRole2|" "|0x55fd9d24
14:12:56.0 (67149864)|SYSTEM_MODE_ENTER|true
14:12:56.0 (67161693)|HEAP_ALLOCATE|[EXTERNAL]|Bytes:1
14:12:56.0 (67165521)|HEAP_ALLOCATE|[EXTERNAL]|Bytes:400
14:12:56.0 (67175573)|VARIABLE_ASSIGNMENT|[EXTERNAL]|this.basicSearchRole3|" "|0x55fd9d24
14:12:56.0 (67198946)|SYSTEM_MODE_ENTER|true
14:12:56.0 (67210993)|HEAP_ALLOCATE|[EXTERNAL]|Bytes:1
14:12:56.0 (67215145)|HEAP_ALLOCATE|[EXTERNAL]|Bytes:400
14:12:56.0 (67221689)|VARIABLE_ASSIGNMENT|[EXTERNAL]|this.basicSearchSort|" "|0x55fd9d24
14:12:56.0 (67243613)|SYSTEM_MODE_ENTER|true
14:12:56.0 (67255072)|HEAP_ALLOCATE|[EXTERNAL]|Bytes:2
14:12:56.0 (67259311)|HEAP_ALLOCATE|[EXTERNAL]|Bytes:400
14:12:56.0 (67265797)|VARIABLE_ASSIGNMENT|[EXTERNAL]|this.basicSearchCount|"20"|0x55fd9d24
14:12:56.0 (67296864)|SYSTEM_MODE_ENTER|true
14:12:56.0 (67335375)|SYSTEM_MODE_ENTER|true
14:12:56.0 (67364349)|SYSTEM_MODE_ENTER|true
14:12:56.0 (67391931)|SYSTEM_MODE_ENTER|true
14:12:56.0 (70001941)|SYSTEM_MODE_ENTER|true
14:12:56.0 (70102347)|SYSTEM_MODE_ENTER|true
14:12:56.0 (70152324)|SYSTEM_MODE_ENTER|true
14:12:56.0 (70199266)|SYSTEM_MODE_ENTER|true
14:12:56.0 (70291369)|SYSTEM_MODE_ENTER|true
14:12:56.0 (70311217)|HEAP_ALLOCATE|[EXTERNAL]|Bytes:400
14:12:56.0 (70328284)|VARIABLE_ASSIGNMENT|[EXTERNAL]|this.newCommentValue1|""|0x55fd9d24
14:12:56.0 (70381910)|SYSTEM_MODE_ENTER|true
14:12:56.0 (70397399)|HEAP_ALLOCATE|[EXTERNAL]|Bytes:400
14:12:56.0 (70407178)|VARIABLE_ASSIGNMENT|[EXTERNAL]|this.createSubject|""|0x55fd9d24
14:12:56.0 (70432797)|SYSTEM_MODE_ENTER|true
14:12:56.0 (70445825)|HEAP_ALLOCATE|[EXTERNAL]|Bytes:1
14:12:56.0 (70449921)|HEAP_ALLOCATE|[EXTERNAL]|Bytes:400
14:12:56.0 (70457861)|VARIABLE_ASSIGNMENT|[EXTERNAL]|this.createCategory|" "|0x55fd9d24
14:12:56.0 (70482512)|SYSTEM_MODE_ENTER|true
14:12:56.0 (70494639)|HEAP_ALLOCATE|[EXTERNAL]|Bytes:1
14:12:56.0 (70498786)|HEAP_ALLOCATE|[EXTERNAL]|Bytes:400
14:12:56.0 (70505562)|VARIABLE_ASSIGNMENT|[EXTERNAL]|this.createProcess|" "|0x55fd9d24
14:12:56.0 (70528797)|SYSTEM_MODE_ENTER|true
14:12:56.0 (70541189)|HEAP_ALLOCATE|[EXTERNAL]|Bytes:400
14:12:56.0 (70548844)|VARIABLE_ASSIGNMENT|[EXTERNAL]|this.createBody|""|0x55fd9d24
14:12:56.0 (70581233)|SYSTEM_MODE_ENTER|true
14:12:56.0 (70618924)|SYSTEM_MODE_ENTER|true
14:12:56.0 (70647408)|SYSTEM_MODE_ENTER|true
14:12:56.0 (70675167)|SYSTEM_MODE_ENTER|true
14:12:56.0 (71633484)|SYSTEM_MODE_ENTER|true
14:12:56.0 (71682451)|HEAP_ALLOCATE|[EXTERNAL]|Bytes:400
14:12:56.0 (71693715)|VARIABLE_SCOPE_BEGIN|[44]|this|saReportCtrl|true|false
14:12:56.0 (71945623)|VARIABLE_ASSIGNMENT|[44]|this|{"approveCommentValue":"","attachmentId":"","basicSearchCategory":" ","basicSearchCount":"20","basicSearchDateEnd":"","basicSearchDateStart":"","basicSearchKeywords":"","basicSearchRole1":" ","basicSearchRole2":" ","basicSearchRole3":" ","basicSearchSort":" ","categoryDataOptions":"0x73a5df5b","countDataOptions":"0x37c5ea3e","createBody":"","createCategory":" ","createdReportId":"","createProcess":" ","createSubject":"","currentUser":"0x5fdfa006","draftBody":"","draftCategory":" ","draftProcess":" ","draftSubject":"","isApprover":true,"isCopySelected":false,"isGoodSelected":false,"isVeryGoodSelected":false,"latestBasicSearchCategory":" ","latestBasicSearchCount":"20","latestBasicSearchDateEnd":"","latestBasicSearchDateStart":"","latestBasicSearchKeywords":"","latestBasicSearchRole1":" ","latestBasicSearchRole2":" ","latestBasicSearchRole3":" ","latestBasicSearchSort":" ","latestMySearchCount":"","latestMySearchDateEnd":"","latestMySearchDateStart":"","latestMySearchKeywords":"","latestMySearchState":"","latestPendingCount":"20","latestPendingDateEnd":"","latestPendingDateStart":"","latestPendingKeywords":"","latestSelectedProcess":"","listOfCategory":"0x4ee0c396","listOfSAReports":"0x5de0f8ed","lsAttachments":"0x62ab0d","lsRolesFull":"0x186e3525","mapOfCategory":"0x3a9379be","messageError":"","messageSubmissionComplete":"","mySearchCount":"","mySearchDateEnd":"","mySearchDateStart":"","mySearchKeywords":"","mySearchState":"","newCommentValue1":"","newCommentValue2":"","pageNum":1,"pageSize":20,"pendingCount":"","pendingDateEnd":"","pendingDateStart":"","pendingKeywords":"","processDataOptions":"0x60eec991","recordsCount":20,"remandBody":"","remandCategory":"","remandProcess":"","remandSubject":"","reportComments":"0x75413c42","reportGoodViews":"0x1ceff8d2","reportManagedViews":"0x3d103c78","reportRendered":false,"reportState":"","roleLevel1DataOptions":"0x2ba4d80a","roleLevel2DataOptions":"0x57fb5210","roleLevel3DataOptions":"0x34310955","searchCategoryLabel":"","searchCountLabel":"20件","searchParttern":6,"searchStateLabel":"","selectedCategoryName":"au でんき","selectedProcess":"","selectedReport":"0x87e0057","selectedReportName":"","selectedView":"","sortDataOptions":"0x517fdda","stateDataOptions":"0x87154ba"}|0x55fd9d24
14:12:56.0 (71985239)|SYSTEM_MODE_ENTER|false
14:12:56.0 (71993464)|HEAP_ALLOCATE|[44]|Bytes:5
14:12:56.0 (72001392)|STATEMENT_EXECUTE|[44]
14:12:56.0 (72004342)|STATEMENT_EXECUTE|[44]
14:12:56.0 (72011122)|SYSTEM_MODE_EXIT|false
14:12:56.0 (72136259)|SYSTEM_MODE_ENTER|true
14:12:56.0 (72175566)|HEAP_ALLOCATE|[EXTERNAL]|Bytes:400
14:12:56.0 (72183341)|VARIABLE_SCOPE_BEGIN|[45]|this|saReportCtrl|true|false
14:12:56.0 (72391031)|VARIABLE_ASSIGNMENT|[45]|this|{"approveCommentValue":"","attachmentId":"","basicSearchCategory":" ","basicSearchCount":"20","basicSearchDateEnd":"","basicSearchDateStart":"","basicSearchKeywords":"","basicSearchRole1":" ","basicSearchRole2":" ","basicSearchRole3":" ","basicSearchSort":" ","categoryDataOptions":"0x73a5df5b","countDataOptions":"0x37c5ea3e","createBody":"","createCategory":" ","createdReportId":"","createProcess":" ","createSubject":"","currentUser":"0x5fdfa006","draftBody":"","draftCategory":" ","draftProcess":" ","draftSubject":"","isApprover":true,"isCopySelected":false,"isGoodSelected":false,"isVeryGoodSelected":false,"latestBasicSearchCategory":" ","latestBasicSearchCount":"20","latestBasicSearchDateEnd":"","latestBasicSearchDateStart":"","latestBasicSearchKeywords":"","latestBasicSearchRole1":" ","latestBasicSearchRole2":" ","latestBasicSearchRole3":" ","latestBasicSearchSort":" ","latestMySearchCount":"","latestMySearchDateEnd":"","latestMySearchDateStart":"","latestMySearchKeywords":"","latestMySearchState":"","latestPendingCount":"20","latestPendingDateEnd":"","latestPendingDateStart":"","latestPendingKeywords":"","latestSelectedProcess":"","listOfCategory":"0x4ee0c396","listOfSAReports":"0x5de0f8ed","lsAttachments":"0x62ab0d","lsRolesFull":"0x186e3525","mapOfCategory":"0x3a9379be","messageError":"","messageSubmissionComplete":"","mySearchCount":"","mySearchDateEnd":"","mySearchDateStart":"","mySearchKeywords":"","mySearchState":"","newCommentValue1":"","newCommentValue2":"","pageNum":1,"pageSize":20,"pendingCount":"","pendingDateEnd":"","pendingDateStart":"","pendingKeywords":"","processDataOptions":"0x60eec991","recordsCount":20,"remandBody":"","remandCategory":"","remandProcess":"","remandSubject":"","reportComments":"0x75413c42","reportGoodViews":"0x1ceff8d2","reportManagedViews":"0x3d103c78","reportRendered":false,"reportState":"","roleLevel1DataOptions":"0x2ba4d80a","roleLevel2DataOptions":"0x57fb5210","roleLevel3DataOptions":"0x34310955","searchCategoryLabel":"","searchCountLabel":"20件","searchParttern":6,"searchStateLabel":"","selectedCategoryName":"au でんき","selectedProcess":"","selectedReport":"0x87e0057","selectedReportName":"","selectedView":"","sortDataOptions":"0x517fdda","stateDataOptions":"0x87154ba"}|0x55fd9d24
14:12:56.0 (72426690)|SYSTEM_MODE_ENTER|false
14:12:56.0 (72433954)|HEAP_ALLOCATE|[45]|Bytes:5
14:12:56.0 (72438937)|STATEMENT_EXECUTE|[45]
14:12:56.0 (72440700)|STATEMENT_EXECUTE|[45]
14:12:56.0 (72445963)|SYSTEM_MODE_EXIT|false
14:12:56.0 (72565232)|SYSTEM_MODE_ENTER|true
14:12:56.0 (72599026)|HEAP_ALLOCATE|[EXTERNAL]|Bytes:400
14:12:56.0 (72606956)|VARIABLE_SCOPE_BEGIN|[47]|this|saReportCtrl|true|false
14:12:56.0 (72816589)|VARIABLE_ASSIGNMENT|[47]|this|{"approveCommentValue":"","attachmentId":"","basicSearchCategory":" ","basicSearchCount":"20","basicSearchDateEnd":"","basicSearchDateStart":"","basicSearchKeywords":"","basicSearchRole1":" ","basicSearchRole2":" ","basicSearchRole3":" ","basicSearchSort":" ","categoryDataOptions":"0x73a5df5b","countDataOptions":"0x37c5ea3e","createBody":"","createCategory":" ","createdReportId":"","createProcess":" ","createSubject":"","currentUser":"0x5fdfa006","draftBody":"","draftCategory":" ","draftProcess":" ","draftSubject":"","isApprover":true,"isCopySelected":false,"isGoodSelected":false,"isVeryGoodSelected":false,"latestBasicSearchCategory":" ","latestBasicSearchCount":"20","latestBasicSearchDateEnd":"","latestBasicSearchDateStart":"","latestBasicSearchKeywords":"","latestBasicSearchRole1":" ","latestBasicSearchRole2":" ","latestBasicSearchRole3":" ","latestBasicSearchSort":" ","latestMySearchCount":"","latestMySearchDateEnd":"","latestMySearchDateStart":"","latestMySearchKeywords":"","latestMySearchState":"","latestPendingCount":"20","latestPendingDateEnd":"","latestPendingDateStart":"","latestPendingKeywords":"","latestSelectedProcess":"","listOfCategory":"0x4ee0c396","listOfSAReports":"0x5de0f8ed","lsAttachments":"0x62ab0d","lsRolesFull":"0x186e3525","mapOfCategory":"0x3a9379be","messageError":"","messageSubmissionComplete":"","mySearchCount":"","mySearchDateEnd":"","mySearchDateStart":"","mySearchKeywords":"","mySearchState":"","newCommentValue1":"","newCommentValue2":"","pageNum":1,"pageSize":20,"pendingCount":"","pendingDateEnd":"","pendingDateStart":"","pendingKeywords":"","processDataOptions":"0x60eec991","recordsCount":20,"remandBody":"","remandCategory":"","remandProcess":"","remandSubject":"","reportComments":"0x75413c42","reportGoodViews":"0x1ceff8d2","reportManagedViews":"0x3d103c78","reportRendered":false,"reportState":"","roleLevel1DataOptions":"0x2ba4d80a","roleLevel2DataOptions":"0x57fb5210","roleLevel3DataOptions":"0x34310955","searchCategoryLabel":"","searchCountLabel":"20件","searchParttern":6,"searchStateLabel":"","selectedCategoryName":"au でんき","selectedProcess":"","selectedReport":"0x87e0057","selectedReportName":"","selectedView":"","sortDataOptions":"0x517fdda","stateDataOptions":"0x87154ba"}|0x55fd9d24
14:12:56.0 (72855027)|SYSTEM_MODE_ENTER|false
14:12:56.0 (72862245)|HEAP_ALLOCATE|[47]|Bytes:5
14:12:56.0 (72867621)|STATEMENT_EXECUTE|[47]
14:12:56.0 (72869393)|STATEMENT_EXECUTE|[47]
14:12:56.0 (72874534)|SYSTEM_MODE_EXIT|false
14:12:56.0 (72991615)|SYSTEM_MODE_ENTER|true
14:12:56.0 (73023883)|HEAP_ALLOCATE|[EXTERNAL]|Bytes:400
14:12:56.0 (73031600)|VARIABLE_SCOPE_BEGIN|[46]|this|saReportCtrl|true|false
14:12:56.0 (73239484)|VARIABLE_ASSIGNMENT|[46]|this|{"approveCommentValue":"","attachmentId":"","basicSearchCategory":" ","basicSearchCount":"20","basicSearchDateEnd":"","basicSearchDateStart":"","basicSearchKeywords":"","basicSearchRole1":" ","basicSearchRole2":" ","basicSearchRole3":" ","basicSearchSort":" ","categoryDataOptions":"0x73a5df5b","countDataOptions":"0x37c5ea3e","createBody":"","createCategory":" ","createdReportId":"","createProcess":" ","createSubject":"","currentUser":"0x5fdfa006","draftBody":"","draftCategory":" ","draftProcess":" ","draftSubject":"","isApprover":true,"isCopySelected":false,"isGoodSelected":false,"isVeryGoodSelected":false,"latestBasicSearchCategory":" ","latestBasicSearchCount":"20","latestBasicSearchDateEnd":"","latestBasicSearchDateStart":"","latestBasicSearchKeywords":"","latestBasicSearchRole1":" ","latestBasicSearchRole2":" ","latestBasicSearchRole3":" ","latestBasicSearchSort":" ","latestMySearchCount":"","latestMySearchDateEnd":"","latestMySearchDateStart":"","latestMySearchKeywords":"","latestMySearchState":"","latestPendingCount":"20","latestPendingDateEnd":"","latestPendingDateStart":"","latestPendingKeywords":"","latestSelectedProcess":"","listOfCategory":"0x4ee0c396","listOfSAReports":"0x5de0f8ed","lsAttachments":"0x62ab0d","lsRolesFull":"0x186e3525","mapOfCategory":"0x3a9379be","messageError":"","messageSubmissionComplete":"","mySearchCount":"","mySearchDateEnd":"","mySearchDateStart":"","mySearchKeywords":"","mySearchState":"","newCommentValue1":"","newCommentValue2":"","pageNum":1,"pageSize":20,"pendingCount":"","pendingDateEnd":"","pendingDateStart":"","pendingKeywords":"","processDataOptions":"0x60eec991","recordsCount":20,"remandBody":"","remandCategory":"","remandProcess":"","remandSubject":"","reportComments":"0x75413c42","reportGoodViews":"0x1ceff8d2","reportManagedViews":"0x3d103c78","reportRendered":false,"reportState":"","roleLevel1DataOptions":"0x2ba4d80a","roleLevel2DataOptions":"0x57fb5210","roleLevel3DataOptions":"0x34310955","searchCategoryLabel":"","searchCountLabel":"20件","searchParttern":6,"searchStateLabel":"","selectedCategoryName":"au でんき","selectedProcess":"","selectedReport":"0x87e0057","selectedReportName":"","selectedView":"","sortDataOptions":"0x517fdda","stateDataOptions":"0x87154ba"}|0x55fd9d24
14:12:56.0 (73274938)|SYSTEM_MODE_ENTER|false
14:12:56.0 (73281990)|HEAP_ALLOCATE|[46]|Bytes:5
14:12:56.0 (73287136)|STATEMENT_EXECUTE|[46]
14:12:56.0 (73288831)|STATEMENT_EXECUTE|[46]
14:12:56.0 (73293116)|SYSTEM_MODE_EXIT|false
14:12:56.0 (78430700)|SYSTEM_MODE_ENTER|true
14:12:56.0 (78453231)|HEAP_ALLOCATE|[EXTERNAL]|Bytes:1
14:12:56.0 (78459080)|HEAP_ALLOCATE|[EXTERNAL]|Bytes:400
14:12:56.0 (78474787)|VARIABLE_ASSIGNMENT|[EXTERNAL]|this.mySearchState|" "|0x55fd9d24
14:12:56.0 (78508687)|SYSTEM_MODE_ENTER|true
14:12:56.0 (78523553)|HEAP_ALLOCATE|[EXTERNAL]|Bytes:400
14:12:56.0 (78536027)|VARIABLE_ASSIGNMENT|[EXTERNAL]|this.mySearchKeywords|""|0x55fd9d24
14:12:56.0 (78561041)|SYSTEM_MODE_ENTER|true
14:12:56.0 (78573681)|HEAP_ALLOCATE|[EXTERNAL]|Bytes:400
14:12:56.0 (78584349)|VARIABLE_ASSIGNMENT|[EXTERNAL]|this.mySearchDateStart|""|0x55fd9d24
14:12:56.0 (78609548)|SYSTEM_MODE_ENTER|true
14:12:56.0 (78622388)|HEAP_ALLOCATE|[EXTERNAL]|Bytes:400
14:12:56.0 (78632336)|VARIABLE_ASSIGNMENT|[EXTERNAL]|this.mySearchDateEnd|""|0x55fd9d24
14:12:56.0 (78655997)|SYSTEM_MODE_ENTER|true
14:12:56.0 (78667672)|HEAP_ALLOCATE|[EXTERNAL]|Bytes:2
14:12:56.0 (78671345)|HEAP_ALLOCATE|[EXTERNAL]|Bytes:400
14:12:56.0 (78682028)|VARIABLE_ASSIGNMENT|[EXTERNAL]|this.mySearchCount|"20"|0x55fd9d24
14:12:56.0 (78715238)|SYSTEM_MODE_ENTER|true
14:12:56.0 (78757680)|SYSTEM_MODE_ENTER|true
14:12:56.0 (78787538)|SYSTEM_MODE_ENTER|true
14:12:56.0 (78816150)|SYSTEM_MODE_ENTER|true
14:12:56.0 (79774065)|SYSTEM_MODE_ENTER|true
14:12:56.0 (79812188)|HEAP_ALLOCATE|[EXTERNAL]|Bytes:400
14:12:56.0 (79820264)|VARIABLE_SCOPE_BEGIN|[44]|this|saReportCtrl|true|false
14:12:56.0 (80033186)|VARIABLE_ASSIGNMENT|[44]|this|{"approveCommentValue":"","attachmentId":"","basicSearchCategory":" ","basicSearchCount":"20","basicSearchDateEnd":"","basicSearchDateStart":"","basicSearchKeywords":"","basicSearchRole1":" ","basicSearchRole2":" ","basicSearchRole3":" ","basicSearchSort":" ","categoryDataOptions":"0x73a5df5b","countDataOptions":"0x37c5ea3e","createBody":"","createCategory":" ","createdReportId":"","createProcess":" ","createSubject":"","currentUser":"0x5fdfa006","draftBody":"","draftCategory":" ","draftProcess":" ","draftSubject":"","isApprover":true,"isCopySelected":false,"isGoodSelected":false,"isVeryGoodSelected":false,"latestBasicSearchCategory":" ","latestBasicSearchCount":"20","latestBasicSearchDateEnd":"","latestBasicSearchDateStart":"","latestBasicSearchKeywords":"","latestBasicSearchRole1":" ","latestBasicSearchRole2":" ","latestBasicSearchRole3":" ","latestBasicSearchSort":" ","latestMySearchCount":"","latestMySearchDateEnd":"","latestMySearchDateStart":"","latestMySearchKeywords":"","latestMySearchState":"","latestPendingCount":"20","latestPendingDateEnd":"","latestPendingDateStart":"","latestPendingKeywords":"","latestSelectedProcess":"","listOfCategory":"0x4ee0c396","listOfSAReports":"0x5de0f8ed","lsAttachments":"0x62ab0d","lsRolesFull":"0x186e3525","mapOfCategory":"0x3a9379be","messageError":"","messageSubmissionComplete":"","mySearchCount":"20","mySearchDateEnd":"","mySearchDateStart":"","mySearchKeywords":"","mySearchState":" ","newCommentValue1":"","newCommentValue2":"","pageNum":1,"pageSize":20,"pendingCount":"","pendingDateEnd":"","pendingDateStart":"","pendingKeywords":"","processDataOptions":"0x60eec991","recordsCount":20,"remandBody":"","remandCategory":"","remandProcess":"","remandSubject":"","reportComments":"0x75413c42","reportGoodViews":"0x1ceff8d2","reportManagedViews":"0x3d103c78","reportRendered":false,"reportState":"","roleLevel1DataOptions":"0x2ba4d80a","roleLevel2DataOptions":"0x57fb5210","roleLevel3DataOptions":"0x34310955","searchCategoryLabel":"","searchCountLabel":"20件","searchParttern":6,"searchStateLabel":"","selectedCategoryName":"au でんき","selectedProcess":"","selectedReport":"0x87e0057","selectedReportName":"","selectedView":"","sortDataOptions":"0x517fdda","stateDataOptions":"0x87154ba"}|0x55fd9d24
14:12:56.0 (80070085)|SYSTEM_MODE_ENTER|false
14:12:56.0 (80078442)|HEAP_ALLOCATE|[44]|Bytes:5
14:12:56.0 (80083856)|STATEMENT_EXECUTE|[44]
14:12:56.0 (80085708)|STATEMENT_EXECUTE|[44]
14:12:56.0 (80090586)|SYSTEM_MODE_EXIT|false
14:12:56.0 (80215763)|SYSTEM_MODE_ENTER|true
14:12:56.0 (80249719)|HEAP_ALLOCATE|[EXTERNAL]|Bytes:400
14:12:56.0 (80257000)|VARIABLE_SCOPE_BEGIN|[45]|this|saReportCtrl|true|false
14:12:56.0 (80465567)|VARIABLE_ASSIGNMENT|[45]|this|{"approveCommentValue":"","attachmentId":"","basicSearchCategory":" ","basicSearchCount":"20","basicSearchDateEnd":"","basicSearchDateStart":"","basicSearchKeywords":"","basicSearchRole1":" ","basicSearchRole2":" ","basicSearchRole3":" ","basicSearchSort":" ","categoryDataOptions":"0x73a5df5b","countDataOptions":"0x37c5ea3e","createBody":"","createCategory":" ","createdReportId":"","createProcess":" ","createSubject":"","currentUser":"0x5fdfa006","draftBody":"","draftCategory":" ","draftProcess":" ","draftSubject":"","isApprover":true,"isCopySelected":false,"isGoodSelected":false,"isVeryGoodSelected":false,"latestBasicSearchCategory":" ","latestBasicSearchCount":"20","latestBasicSearchDateEnd":"","latestBasicSearchDateStart":"","latestBasicSearchKeywords":"","latestBasicSearchRole1":" ","latestBasicSearchRole2":" ","latestBasicSearchRole3":" ","latestBasicSearchSort":" ","latestMySearchCount":"","latestMySearchDateEnd":"","latestMySearchDateStart":"","latestMySearchKeywords":"","latestMySearchState":"","latestPendingCount":"20","latestPendingDateEnd":"","latestPendingDateStart":"","latestPendingKeywords":"","latestSelectedProcess":"","listOfCategory":"0x4ee0c396","listOfSAReports":"0x5de0f8ed","lsAttachments":"0x62ab0d","lsRolesFull":"0x186e3525","mapOfCategory":"0x3a9379be","messageError":"","messageSubmissionComplete":"","mySearchCount":"20","mySearchDateEnd":"","mySearchDateStart":"","mySearchKeywords":"","mySearchState":" ","newCommentValue1":"","newCommentValue2":"","pageNum":1,"pageSize":20,"pendingCount":"","pendingDateEnd":"","pendingDateStart":"","pendingKeywords":"","processDataOptions":"0x60eec991","recordsCount":20,"remandBody":"","remandCategory":"","remandProcess":"","remandSubject":"","reportComments":"0x75413c42","reportGoodViews":"0x1ceff8d2","reportManagedViews":"0x3d103c78","reportRendered":false,"reportState":"","roleLevel1DataOptions":"0x2ba4d80a","roleLevel2DataOptions":"0x57fb5210","roleLevel3DataOptions":"0x34310955","searchCategoryLabel":"","searchCountLabel":"20件","searchParttern":6,"searchStateLabel":"","selectedCategoryName":"au でんき","selectedProcess":"","selectedReport":"0x87e0057","selectedReportName":"","selectedView":"","sortDataOptions":"0x517fdda","stateDataOptions":"0x87154ba"}|0x55fd9d24
14:12:56.0 (80499986)|SYSTEM_MODE_ENTER|false
14:12:56.0 (80506770)|HEAP_ALLOCATE|[45]|Bytes:5
14:12:56.0 (80511715)|STATEMENT_EXECUTE|[45]
14:12:56.0 (80513460)|STATEMENT_EXECUTE|[45]
14:12:56.0 (80518227)|SYSTEM_MODE_EXIT|false
14:12:56.0 (80636704)|SYSTEM_MODE_ENTER|true
14:12:56.0 (80669530)|HEAP_ALLOCATE|[EXTERNAL]|Bytes:400
14:12:56.0 (80677266)|VARIABLE_SCOPE_BEGIN|[46]|this|saReportCtrl|true|false
14:12:56.0 (80882667)|VARIABLE_ASSIGNMENT|[46]|this|{"approveCommentValue":"","attachmentId":"","basicSearchCategory":" ","basicSearchCount":"20","basicSearchDateEnd":"","basicSearchDateStart":"","basicSearchKeywords":"","basicSearchRole1":" ","basicSearchRole2":" ","basicSearchRole3":" ","basicSearchSort":" ","categoryDataOptions":"0x73a5df5b","countDataOptions":"0x37c5ea3e","createBody":"","createCategory":" ","createdReportId":"","createProcess":" ","createSubject":"","currentUser":"0x5fdfa006","draftBody":"","draftCategory":" ","draftProcess":" ","draftSubject":"","isApprover":true,"isCopySelected":false,"isGoodSelected":false,"isVeryGoodSelected":false,"latestBasicSearchCategory":" ","latestBasicSearchCount":"20","latestBasicSearchDateEnd":"","latestBasicSearchDateStart":"","latestBasicSearchKeywords":"","latestBasicSearchRole1":" ","latestBasicSearchRole2":" ","latestBasicSearchRole3":" ","latestBasicSearchSort":" ","latestMySearchCount":"","latestMySearchDateEnd":"","latestMySearchDateStart":"","latestMySearchKeywords":"","latestMySearchState":"","latestPendingCount":"20","latestPendingDateEnd":"","latestPendingDateStart":"","latestPendingKeywords":"","latestSelectedProcess":"","listOfCategory":"0x4ee0c396","listOfSAReports":"0x5de0f8ed","lsAttachments":"0x62ab0d","lsRolesFull":"0x186e3525","mapOfCategory":"0x3a9379be","messageError":"","messageSubmissionComplete":"","mySearchCount":"20","mySearchDateEnd":"","mySearchDateStart":"","mySearchKeywords":"","mySearchState":" ","newCommentValue1":"","newCommentValue2":"","pageNum":1,"pageSize":20,"pendingCount":"","pendingDateEnd":"","pendingDateStart":"","pendingKeywords":"","processDataOptions":"0x60eec991","recordsCount":20,"remandBody":"","remandCategory":"","remandProcess":"","remandSubject":"","reportComments":"0x75413c42","reportGoodViews":"0x1ceff8d2","reportManagedViews":"0x3d103c78","reportRendered":false,"reportState":"","roleLevel1DataOptions":"0x2ba4d80a","roleLevel2DataOptions":"0x57fb5210","roleLevel3DataOptions":"0x34310955","searchCategoryLabel":"","searchCountLabel":"20件","searchParttern":6,"searchStateLabel":"","selectedCategoryName":"au でんき","selectedProcess":"","selectedReport":"0x87e0057","selectedReportName":"","selectedView":"","sortDataOptions":"0x517fdda","stateDataOptions":"0x87154ba"}|0x55fd9d24
14:12:56.0 (80917715)|SYSTEM_MODE_ENTER|false
14:12:56.0 (80924599)|HEAP_ALLOCATE|[46]|Bytes:5
14:12:56.0 (80929434)|STATEMENT_EXECUTE|[46]
14:12:56.0 (80931110)|STATEMENT_EXECUTE|[46]
14:12:56.0 (80935527)|SYSTEM_MODE_EXIT|false
14:12:56.0 (81045956)|SYSTEM_MODE_ENTER|true
14:12:56.0 (81078676)|HEAP_ALLOCATE|[EXTERNAL]|Bytes:400
14:12:56.0 (81086169)|VARIABLE_SCOPE_BEGIN|[47]|this|saReportCtrl|true|false
14:12:56.0 (81294666)|VARIABLE_ASSIGNMENT|[47]|this|{"approveCommentValue":"","attachmentId":"","basicSearchCategory":" ","basicSearchCount":"20","basicSearchDateEnd":"","basicSearchDateStart":"","basicSearchKeywords":"","basicSearchRole1":" ","basicSearchRole2":" ","basicSearchRole3":" ","basicSearchSort":" ","categoryDataOptions":"0x73a5df5b","countDataOptions":"0x37c5ea3e","createBody":"","createCategory":" ","createdReportId":"","createProcess":" ","createSubject":"","currentUser":"0x5fdfa006","draftBody":"","draftCategory":" ","draftProcess":" ","draftSubject":"","isApprover":true,"isCopySelected":false,"isGoodSelected":false,"isVeryGoodSelected":false,"latestBasicSearchCategory":" ","latestBasicSearchCount":"20","latestBasicSearchDateEnd":"","latestBasicSearchDateStart":"","latestBasicSearchKeywords":"","latestBasicSearchRole1":" ","latestBasicSearchRole2":" ","latestBasicSearchRole3":" ","latestBasicSearchSort":" ","latestMySearchCount":"","latestMySearchDateEnd":"","latestMySearchDateStart":"","latestMySearchKeywords":"","latestMySearchState":"","latestPendingCount":"20","latestPendingDateEnd":"","latestPendingDateStart":"","latestPendingKeywords":"","latestSelectedProcess":"","listOfCategory":"0x4ee0c396","listOfSAReports":"0x5de0f8ed","lsAttachments":"0x62ab0d","lsRolesFull":"0x186e3525","mapOfCategory":"0x3a9379be","messageError":"","messageSubmissionComplete":"","mySearchCount":"20","mySearchDateEnd":"","mySearchDateStart":"","mySearchKeywords":"","mySearchState":" ","newCommentValue1":"","newCommentValue2":"","pageNum":1,"pageSize":20,"pendingCount":"","pendingDateEnd":"","pendingDateStart":"","pendingKeywords":"","processDataOptions":"0x60eec991","recordsCount":20,"remandBody":"","remandCategory":"","remandProcess":"","remandSubject":"","reportComments":"0x75413c42","reportGoodViews":"0x1ceff8d2","reportManagedViews":"0x3d103c78","reportRendered":false,"reportState":"","roleLevel1DataOptions":"0x2ba4d80a","roleLevel2DataOptions":"0x57fb5210","roleLevel3DataOptions":"0x34310955","searchCategoryLabel":"","searchCountLabel":"20件","searchParttern":6,"searchStateLabel":"","selectedCategoryName":"au でんき","selectedProcess":"","selectedReport":"0x87e0057","selectedReportName":"","selectedView":"","sortDataOptions":"0x517fdda","stateDataOptions":"0x87154ba"}|0x55fd9d24
14:12:56.0 (81330412)|SYSTEM_MODE_ENTER|false
14:12:56.0 (81337355)|HEAP_ALLOCATE|[47]|Bytes:5
14:12:56.0 (81342353)|STATEMENT_EXECUTE|[47]
14:12:56.0 (81344186)|STATEMENT_EXECUTE|[47]
14:12:56.0 (81349200)|SYSTEM_MODE_EXIT|false
14:12:56.0 (86019904)|SYSTEM_MODE_ENTER|true
14:12:56.0 (86042731)|HEAP_ALLOCATE|[EXTERNAL]|Bytes:400
14:12:56.0 (86056295)|VARIABLE_ASSIGNMENT|[EXTERNAL]|this.draftSubject|""|0x55fd9d24
14:12:56.0 (86093171)|SYSTEM_MODE_ENTER|true
14:12:56.0 (86108255)|HEAP_ALLOCATE|[EXTERNAL]|Bytes:1
14:12:56.0 (86112664)|HEAP_ALLOCATE|[EXTERNAL]|Bytes:400
14:12:56.0 (86121609)|VARIABLE_ASSIGNMENT|[EXTERNAL]|this.draftCategory|" "|0x55fd9d24
14:12:56.0 (86146905)|SYSTEM_MODE_ENTER|true
14:12:56.0 (86159369)|HEAP_ALLOCATE|[EXTERNAL]|Bytes:1
14:12:56.0 (86163095)|HEAP_ALLOCATE|[EXTERNAL]|Bytes:400
14:12:56.0 (86174763)|VARIABLE_ASSIGNMENT|[EXTERNAL]|this.draftProcess|" "|0x55fd9d24
14:12:56.0 (86200066)|SYSTEM_MODE_ENTER|true
14:12:56.0 (86212938)|HEAP_ALLOCATE|[EXTERNAL]|Bytes:400
14:12:56.0 (86221077)|VARIABLE_ASSIGNMENT|[EXTERNAL]|this.draftBody|""|0x55fd9d24
14:12:56.0 (86288766)|SYSTEM_MODE_ENTER|true
14:12:56.0 (86441566)|SYSTEM_MODE_ENTER|true
14:12:56.0 (86458942)|HEAP_ALLOCATE|[EXTERNAL]|Bytes:400
14:12:56.0 (86473125)|VARIABLE_ASSIGNMENT|[EXTERNAL]|this.newCommentValue2|""|0x55fd9d24
14:12:56.0 (86511514)|SYSTEM_MODE_ENTER|true
14:12:56.0 (86524539)|HEAP_ALLOCATE|[EXTERNAL]|Bytes:400
14:12:56.0 (86536770)|VARIABLE_ASSIGNMENT|[EXTERNAL]|this.remandSubject|""|0x55fd9d24
14:12:56.0 (86561963)|SYSTEM_MODE_ENTER|true
14:12:56.0 (86573517)|HEAP_ALLOCATE|[EXTERNAL]|Bytes:1
14:12:56.0 (86577566)|HEAP_ALLOCATE|[EXTERNAL]|Bytes:400
14:12:56.0 (86588734)|VARIABLE_ASSIGNMENT|[EXTERNAL]|this.remandCategory|" "|0x55fd9d24
14:12:56.0 (86613129)|SYSTEM_MODE_ENTER|true
14:12:56.0 (86624639)|HEAP_ALLOCATE|[EXTERNAL]|Bytes:1
14:12:56.0 (86628515)|HEAP_ALLOCATE|[EXTERNAL]|Bytes:400
14:12:56.0 (86638812)|VARIABLE_ASSIGNMENT|[EXTERNAL]|this.remandProcess|" "|0x55fd9d24
14:12:56.0 (86662244)|SYSTEM_MODE_ENTER|true
14:12:56.0 (86674112)|HEAP_ALLOCATE|[EXTERNAL]|Bytes:400
14:12:56.0 (86685985)|VARIABLE_ASSIGNMENT|[EXTERNAL]|this.remandBody|""|0x55fd9d24
14:12:56.0 (86731050)|SYSTEM_MODE_ENTER|true
14:12:56.0 (86744370)|HEAP_ALLOCATE|[EXTERNAL]|Bytes:400
14:12:56.0 (86751744)|VARIABLE_ASSIGNMENT|[EXTERNAL]|this.approveCommentValue|""|0x55fd9d24
14:12:56.0 (86785995)|SYSTEM_MODE_ENTER|true
14:12:56.0 (86825698)|SYSTEM_MODE_ENTER|true
14:12:56.0 (86855068)|SYSTEM_MODE_ENTER|true
14:12:56.0 (86882740)|SYSTEM_MODE_ENTER|true
14:12:56.0 (87023102)|SYSTEM_MODE_ENTER|true
14:12:56.0 (87039462)|HEAP_ALLOCATE|[EXTERNAL]|Bytes:400
14:12:56.0 (87052752)|VARIABLE_ASSIGNMENT|[EXTERNAL]|this.pendingKeywords|""|0x55fd9d24
14:12:56.0 (87077864)|SYSTEM_MODE_ENTER|true
14:12:56.0 (87090197)|HEAP_ALLOCATE|[EXTERNAL]|Bytes:400
14:12:56.0 (87100952)|VARIABLE_ASSIGNMENT|[EXTERNAL]|this.pendingDateStart|""|0x55fd9d24
14:12:56.0 (87124472)|SYSTEM_MODE_ENTER|true
14:12:56.0 (87136702)|HEAP_ALLOCATE|[EXTERNAL]|Bytes:400
14:12:56.0 (87147035)|VARIABLE_ASSIGNMENT|[EXTERNAL]|this.pendingDateEnd|""|0x55fd9d24
14:12:56.0 (87175905)|SYSTEM_MODE_ENTER|true
14:12:56.0 (87188696)|HEAP_ALLOCATE|[EXTERNAL]|Bytes:2
14:12:56.0 (87192398)|HEAP_ALLOCATE|[EXTERNAL]|Bytes:400
14:12:56.0 (87202736)|VARIABLE_ASSIGNMENT|[EXTERNAL]|this.pendingCount|"20"|0x55fd9d24
14:12:56.0 (87233409)|SYSTEM_MODE_ENTER|true
14:12:56.0 (87271443)|SYSTEM_MODE_ENTER|true
14:12:56.0 (87299647)|SYSTEM_MODE_ENTER|true
14:12:56.0 (87325713)|SYSTEM_MODE_ENTER|true
14:12:56.0 (136404555)|SYSTEM_MODE_ENTER|true
14:12:56.0 (136472988)|HEAP_ALLOCATE|[EXTERNAL]|Bytes:284
14:12:56.0 (136502851)|HEAP_ALLOCATE|[EXTERNAL]|Bytes:172
14:12:56.0 (136523772)|METHOD_ENTRY|[1]|01pN0000000Mill|auMainTopCompCtrl.auMainTopCompCtrl()
14:12:56.0 (136531503)|STATEMENT_EXECUTE|[1]
14:12:56.0 (136540072)|STATEMENT_EXECUTE|[1]
14:12:56.0 (136541565)|STATEMENT_EXECUTE|[3]
14:12:56.0 (136552509)|HEAP_ALLOCATE|[3]|Bytes:4
14:12:56.0 (136575637)|VARIABLE_ASSIGNMENT|[3]|auMainTopCompCtrl.TYPE_SCREEN_SWITCH|0
14:12:56.0 (136581222)|STATEMENT_EXECUTE|[4]
14:12:56.0 (136584646)|HEAP_ALLOCATE|[4]|Bytes:4
14:12:56.0 (136592948)|VARIABLE_ASSIGNMENT|[4]|auMainTopCompCtrl.TYPE_SCREEN_STPD_EVENT|11
14:12:56.0 (136597367)|STATEMENT_EXECUTE|[5]
14:12:56.0 (136599845)|HEAP_ALLOCATE|[5]|Bytes:4
14:12:56.0 (136606586)|VARIABLE_ASSIGNMENT|[5]|auMainTopCompCtrl.TYPE_SCREEN_STPD_TIMELINE|12
14:12:56.0 (136610487)|STATEMENT_EXECUTE|[6]
14:12:56.0 (136612521)|HEAP_ALLOCATE|[6]|Bytes:4
14:12:56.0 (136618974)|VARIABLE_ASSIGNMENT|[6]|auMainTopCompCtrl.TYPE_SCREEN_STPD_SCREEN|13
14:12:56.0 (136622840)|STATEMENT_EXECUTE|[7]
14:12:56.0 (136625244)|HEAP_ALLOCATE|[7]|Bytes:4
14:12:56.0 (136630509)|VARIABLE_ASSIGNMENT|[7]|auMainTopCompCtrl.TYPE_SCREEN_CX_SCREEN|21
14:12:56.0 (136634296)|STATEMENT_EXECUTE|[8]
14:12:56.0 (136636815)|HEAP_ALLOCATE|[8]|Bytes:4
14:12:56.0 (136641999)|VARIABLE_ASSIGNMENT|[8]|auMainTopCompCtrl.TYPE_SCREEN_CX_TIMELINE|22
14:12:56.0 (136645267)|STATEMENT_EXECUTE|[9]
14:12:56.0 (136647480)|HEAP_ALLOCATE|[9]|Bytes:4
14:12:56.0 (136652741)|VARIABLE_ASSIGNMENT|[9]|auMainTopCompCtrl.TYPE_SCREEN_EVENT_SCHEDULE|31
14:12:56.0 (136656676)|STATEMENT_EXECUTE|[10]
14:12:56.0 (136659622)|HEAP_ALLOCATE|[10]|Bytes:4
14:12:56.0 (136665263)|VARIABLE_ASSIGNMENT|[10]|auMainTopCompCtrl.TYPE_SCREEN_EVENT_SCHEDULE_LIST|32
14:12:56.0 (136669363)|STATEMENT_EXECUTE|[11]
14:12:56.0 (136671714)|HEAP_ALLOCATE|[11]|Bytes:4
14:12:56.0 (136678143)|VARIABLE_ASSIGNMENT|[11]|auMainTopCompCtrl.TYPE_SCREEN_KNOWLEDGE_DASHBOARD|41
14:12:56.0 (136682089)|STATEMENT_EXECUTE|[12]
14:12:56.0 (136683961)|HEAP_ALLOCATE|[12]|Bytes:4
14:12:56.0 (136698199)|VARIABLE_ASSIGNMENT|[12]|auMainTopCompCtrl.TYPE_SCREEN_KNOWLEDGE_LIST|42
14:12:56.0 (136702213)|STATEMENT_EXECUTE|[13]
14:12:56.0 (136704565)|HEAP_ALLOCATE|[13]|Bytes:4
14:12:56.0 (136710271)|VARIABLE_ASSIGNMENT|[13]|auMainTopCompCtrl.TYPE_SCREEN_SA_MESSAGES|51
14:12:56.0 (136713867)|STATEMENT_EXECUTE|[14]
14:12:56.0 (136715972)|HEAP_ALLOCATE|[14]|Bytes:4
14:12:56.0 (136721808)|VARIABLE_ASSIGNMENT|[14]|auMainTopCompCtrl.TYPE_SCREEN_SA_REPORTS|52
14:12:56.0 (136725364)|STATEMENT_EXECUTE|[15]
14:12:56.0 (136727440)|HEAP_ALLOCATE|[15]|Bytes:4
14:12:56.0 (136732979)|VARIABLE_ASSIGNMENT|[15]|auMainTopCompCtrl.TYPE_SCREEN_SA_CHATTER|53
14:12:56.0 (136736842)|STATEMENT_EXECUTE|[16]
14:12:56.0 (136738925)|HEAP_ALLOCATE|[16]|Bytes:4
14:12:56.0 (136744580)|VARIABLE_ASSIGNMENT|[16]|auMainTopCompCtrl.TYPE_SCREEN_SA_DAILYREPORT|54
14:12:56.0 (136748309)|STATEMENT_EXECUTE|[17]
14:12:56.0 (136750563)|HEAP_ALLOCATE|[17]|Bytes:4
14:12:56.0 (136756088)|VARIABLE_ASSIGNMENT|[17]|auMainTopCompCtrl.TYPE_SCREEN_SA_ENQUETE|55
14:12:56.0 (136759646)|STATEMENT_EXECUTE|[18]
14:12:56.0 (136761658)|HEAP_ALLOCATE|[18]|Bytes:4
14:12:56.0 (136767290)|VARIABLE_ASSIGNMENT|[18]|auMainTopCompCtrl.TYPE_SCREEN_SA_DOCUMENTS|56
14:12:56.0 (136770679)|STATEMENT_EXECUTE|[19]
14:12:56.0 (136772657)|HEAP_ALLOCATE|[19]|Bytes:4
14:12:56.0 (136778260)|VARIABLE_ASSIGNMENT|[19]|auMainTopCompCtrl.TYPE_SCREEN_SA_RANKING|57
14:12:56.0 (136781913)|STATEMENT_EXECUTE|[20]
14:12:56.0 (136783805)|HEAP_ALLOCATE|[20]|Bytes:4
14:12:56.0 (136789677)|VARIABLE_ASSIGNMENT|[20]|auMainTopCompCtrl.TYPE_SCREEN_SA_LINKS|58
14:12:56.0 (136793439)|STATEMENT_EXECUTE|[21]
14:12:56.0 (136795551)|HEAP_ALLOCATE|[21]|Bytes:4
14:12:56.0 (136801268)|VARIABLE_ASSIGNMENT|[21]|auMainTopCompCtrl.TYPE_SCREEN_SA_USRSETTINGS|59
14:12:56.0 (136805203)|STATEMENT_EXECUTE|[22]
14:12:56.0 (136807011)|HEAP_ALLOCATE|[22]|Bytes:4
14:12:56.0 (136812571)|VARIABLE_ASSIGNMENT|[22]|auMainTopCompCtrl.TYPE_SCREEN_SA_DAILYREPORTLIST|60
14:12:56.0 (136816403)|STATEMENT_EXECUTE|[23]
14:12:56.0 (136818686)|HEAP_ALLOCATE|[23]|Bytes:4
14:12:56.0 (136824590)|VARIABLE_ASSIGNMENT|[23]|auMainTopCompCtrl.TYPE_SCREEN_SA_TODO|61
14:12:56.0 (136828621)|STATEMENT_EXECUTE|[24]
14:12:56.0 (136830765)|HEAP_ALLOCATE|[24]|Bytes:4
14:12:56.0 (136835969)|VARIABLE_ASSIGNMENT|[24]|auMainTopCompCtrl.TYPE_SCREEN_HONBU_DIRECT|71
14:12:56.0 (136839749)|STATEMENT_EXECUTE|[25]
14:12:56.0 (136841761)|HEAP_ALLOCATE|[25]|Bytes:4
14:12:56.0 (136846946)|VARIABLE_ASSIGNMENT|[25]|auMainTopCompCtrl.TYPE_SCREEN_ACCOUNT_LIST|81
14:12:56.0 (136850390)|STATEMENT_EXECUTE|[26]
14:12:56.0 (136852436)|HEAP_ALLOCATE|[26]|Bytes:4
14:12:56.0 (136857812)|VARIABLE_ASSIGNMENT|[26]|auMainTopCompCtrl.TYPE_SCREEN_ACTIVITY_LIST|82
14:12:56.0 (136861761)|STATEMENT_EXECUTE|[27]
14:12:56.0 (136863559)|HEAP_ALLOCATE|[27]|Bytes:4
14:12:56.0 (136868805)|VARIABLE_ASSIGNMENT|[27]|auMainTopCompCtrl.TYPE_SCREEN_FILE_LIST|83
14:12:56.0 (136872112)|STATEMENT_EXECUTE|[28]
14:12:56.0 (136874572)|HEAP_ALLOCATE|[28]|Bytes:4
14:12:56.0 (136880686)|VARIABLE_ASSIGNMENT|[28]|auMainTopCompCtrl.TYPE_SCREEN_TELEMA_LIST|91
14:12:56.0 (136884541)|STATEMENT_EXECUTE|[29]
14:12:56.0 (136886706)|HEAP_ALLOCATE|[29]|Bytes:4
14:12:56.0 (136899297)|VARIABLE_ASSIGNMENT|[29]|auMainTopCompCtrl.TYPE_SCREEN_TELEMA_RESULTS|92
14:12:56.0 (136911149)|METHOD_EXIT|[1]|auMainTopCompCtrl
14:12:56.0 (136918562)|HEAP_ALLOCATE|[EXTERNAL]|Bytes:44
14:12:56.0 (136930644)|VARIABLE_ASSIGNMENT|[EXTERNAL]|this.iCountComments|null|0x5067e587
14:12:56.0 (137014937)|SYSTEM_MODE_ENTER|true
14:12:56.0 (137032650)|HEAP_ALLOCATE|[EXTERNAL]|Bytes:44
14:12:56.0 (137041082)|VARIABLE_ASSIGNMENT|[EXTERNAL]|this.iCountLikes|null|0x5067e587
14:12:56.0 (137148268)|SYSTEM_MODE_ENTER|true
14:12:56.0 (137219411)|HEAP_ALLOCATE|[EXTERNAL]|Bytes:400
14:12:56.0 (137231589)|VARIABLE_SCOPE_BEGIN|[196]|this|saReportCtrl|true|false
14:12:56.0 (137539332)|VARIABLE_ASSIGNMENT|[196]|this|{"approveCommentValue":"","attachmentId":"","basicSearchCategory":" ","basicSearchCount":"20","basicSearchDateEnd":"","basicSearchDateStart":"","basicSearchKeywords":"","basicSearchRole1":" ","basicSearchRole2":" ","basicSearchRole3":" ","basicSearchSort":" ","categoryDataOptions":"0x73a5df5b","countDataOptions":"0x37c5ea3e","createBody":"","createCategory":" ","createdReportId":"","createProcess":" ","createSubject":"","currentUser":"0x5fdfa006","draftBody":"","draftCategory":" ","draftProcess":" ","draftSubject":"","isApprover":true,"isCopySelected":false,"isGoodSelected":false,"isVeryGoodSelected":false,"latestBasicSearchCategory":" ","latestBasicSearchCount":"20","latestBasicSearchDateEnd":"","latestBasicSearchDateStart":"","latestBasicSearchKeywords":"","latestBasicSearchRole1":" ","latestBasicSearchRole2":" ","latestBasicSearchRole3":" ","latestBasicSearchSort":" ","latestMySearchCount":"","latestMySearchDateEnd":"","latestMySearchDateStart":"","latestMySearchKeywords":"","latestMySearchState":"","latestPendingCount":"20","latestPendingDateEnd":"","latestPendingDateStart":"","latestPendingKeywords":"","latestSelectedProcess":"","listOfCategory":"0x4ee0c396","listOfSAReports":"0x5de0f8ed","lsAttachments":"0x62ab0d","lsRolesFull":"0x186e3525","mapOfCategory":"0x3a9379be","messageError":"","messageSubmissionComplete":"","mySearchCount":"20","mySearchDateEnd":"","mySearchDateStart":"","mySearchKeywords":"","mySearchState":" ","newCommentValue1":"","newCommentValue2":"","pageNum":1,"pageSize":20,"pendingCount":"20","pendingDateEnd":"","pendingDateStart":"","pendingKeywords":"","processDataOptions":"0x60eec991","recordsCount":20,"remandBody":"","remandCategory":" ","remandProcess":" ","remandSubject":"","reportComments":"0x75413c42","reportGoodViews":"0x1ceff8d2","reportManagedViews":"0x3d103c78","reportRendered":false,"reportState":"","roleLevel1DataOptions":"0x2ba4d80a","roleLevel2DataOptions":"0x57fb5210","roleLevel3DataOptions":"0x34310955","searchCategoryLabel":"","searchCountLabel":"20件","searchParttern":6,"searchStateLabel":"","selectedCategoryName":"au でんき","selectedProcess":"","selectedReport":"0x87e0057","selectedReportName":"","selectedView":"","sortDataOptions":"0x517fdda","stateDataOptions":"0x87154ba"}|0x55fd9d24
14:12:56.0 (137580239)|SYSTEM_MODE_ENTER|false
14:12:56.0 (137594661)|HEAP_ALLOCATE|[196]|Bytes:5
14:12:56.0 (137600029)|STATEMENT_EXECUTE|[196]
14:12:56.0 (137602022)|STATEMENT_EXECUTE|[196]
14:12:56.0 (137612601)|SYSTEM_MODE_EXIT|false
14:12:56.0 (137677874)|SYSTEM_MODE_ENTER|true
14:12:56.0 (137697547)|HEAP_ALLOCATE|[EXTERNAL]|Bytes:8
14:12:56.0 (137702269)|HEAP_ALLOCATE|[EXTERNAL]|Bytes:44
14:12:56.0 (137711233)|VARIABLE_ASSIGNMENT|[EXTERNAL]|this.iTypeOfScreen|52|0x5067e587
14:12:56.0 (137862198)|SYSTEM_MODE_ENTER|true
14:12:56.0 (137902929)|HEAP_ALLOCATE|[EXTERNAL]|Bytes:44
14:12:56.0 (137911096)|VARIABLE_SCOPE_BEGIN|[90]|this|auMainTopCompCtrl|true|false
14:12:56.0 (137950792)|VARIABLE_ASSIGNMENT|[90]|this|{"currentUser":"0x36a74f0a","isSAUser":false,"iTypeOfScreen":52,"urlReportsSFA":"https://cs6.lightnin (84 more) ..."}|0x5067e587
14:12:56.0 (137961712)|STATEMENT_EXECUTE|[90]
14:12:56.0 (137963680)|STATEMENT_EXECUTE|[91]
14:12:56.0 (138023349)|VARIABLE_ASSIGNMENT|[EXTERNAL]|this|{"currentUser":"0x36a74f0a","isSAUser":false,"iTypeOfScreen":52,"urlReportsSFA":"https://cs6.lightnin (84 more) ..."}|0x5067e587
14:12:56.0 (138076808)|VARIABLE_ASSIGNMENT|[EXTERNAL]|this|{"currentUser":"0x36a74f0a","isSAUser":false,"iTypeOfScreen":52,"urlReportsSFA":"https://cs6.lightnin (84 more) ..."}|0x5067e587
14:12:56.0 (138095695)|HEAP_ALLOCATE|[91]|Bytes:5
14:12:56.0 (138176960)|SYSTEM_MODE_ENTER|true
14:12:56.0 (138207717)|HEAP_ALLOCATE|[EXTERNAL]|Bytes:44
14:12:56.0 (138214542)|VARIABLE_SCOPE_BEGIN|[108]|this|auMainTopCompCtrl|true|false
14:12:56.0 (138245924)|VARIABLE_ASSIGNMENT|[108]|this|{"currentUser":"0x36a74f0a","isSAUser":false,"iTypeOfScreen":52,"urlReportsSFA":"https://cs6.lightnin (84 more) ..."}|0x5067e587
14:12:56.0 (138255897)|STATEMENT_EXECUTE|[108]
14:12:56.0 (138257821)|STATEMENT_EXECUTE|[109]
14:12:56.0 (138291629)|VARIABLE_ASSIGNMENT|[EXTERNAL]|this|{"currentUser":"0x36a74f0a","isSAUser":false,"iTypeOfScreen":52,"urlReportsSFA":"https://cs6.lightnin (84 more) ..."}|0x5067e587
14:12:56.0 (138307788)|HEAP_ALLOCATE|[109]|Bytes:5
14:12:56.0 (138369259)|SYSTEM_MODE_ENTER|true
14:12:56.0 (138396672)|HEAP_ALLOCATE|[EXTERNAL]|Bytes:44
14:12:56.0 (138402589)|VARIABLE_SCOPE_BEGIN|[112]|this|auMainTopCompCtrl|true|false
14:12:56.0 (138434369)|VARIABLE_ASSIGNMENT|[112]|this|{"currentUser":"0x36a74f0a","isSAUser":false,"iTypeOfScreen":52,"urlReportsSFA":"https://cs6.lightnin (84 more) ..."}|0x5067e587
14:12:56.0 (138444333)|STATEMENT_EXECUTE|[112]
14:12:56.0 (138446272)|STATEMENT_EXECUTE|[113]
14:12:56.0 (138479687)|VARIABLE_ASSIGNMENT|[EXTERNAL]|this|{"currentUser":"0x36a74f0a","isSAUser":false,"iTypeOfScreen":52,"urlReportsSFA":"https://cs6.lightnin (84 more) ..."}|0x5067e587
14:12:56.0 (138494908)|HEAP_ALLOCATE|[113]|Bytes:5
14:12:56.0 (138551414)|SYSTEM_MODE_ENTER|true
14:12:56.0 (138577330)|HEAP_ALLOCATE|[EXTERNAL]|Bytes:44
14:12:56.0 (138583697)|VARIABLE_SCOPE_BEGIN|[116]|this|auMainTopCompCtrl|true|false
14:12:56.0 (138614535)|VARIABLE_ASSIGNMENT|[116]|this|{"currentUser":"0x36a74f0a","isSAUser":false,"iTypeOfScreen":52,"urlReportsSFA":"https://cs6.lightnin (84 more) ..."}|0x5067e587
14:12:56.0 (138623985)|STATEMENT_EXECUTE|[116]
14:12:56.0 (138625814)|STATEMENT_EXECUTE|[117]
14:12:56.0 (138658066)|VARIABLE_ASSIGNMENT|[EXTERNAL]|this|{"currentUser":"0x36a74f0a","isSAUser":false,"iTypeOfScreen":52,"urlReportsSFA":"https://cs6.lightnin (84 more) ..."}|0x5067e587
14:12:56.0 (138672978)|HEAP_ALLOCATE|[117]|Bytes:5
14:12:56.0 (138846109)|SYSTEM_MODE_ENTER|true
14:12:56.0 (138918075)|SYSTEM_MODE_ENTER|true
14:12:56.0 (139293014)|SYSTEM_MODE_ENTER|true
14:12:56.0 (139332616)|SYSTEM_MODE_ENTER|true
14:12:56.0 (139365351)|SYSTEM_MODE_ENTER|true
14:12:56.0 (139468759)|SYSTEM_MODE_ENTER|true
14:12:56.0 (142506021)|SYSTEM_MODE_ENTER|true
14:12:56.0 (142625616)|SYSTEM_MODE_ENTER|true
14:12:56.0 (142705955)|SYSTEM_MODE_ENTER|true
14:12:56.0 (142768169)|SYSTEM_MODE_ENTER|true
14:12:56.0 (142824227)|SYSTEM_MODE_ENTER|true
14:12:56.0 (142987620)|SYSTEM_MODE_ENTER|true
14:12:56.0 (143071740)|SYSTEM_MODE_ENTER|true
14:12:56.0 (143165696)|SYSTEM_MODE_ENTER|true
14:12:56.0 (143574455)|SYSTEM_MODE_ENTER|true
14:12:56.0 (143612920)|HEAP_ALLOCATE|[EXTERNAL]|Bytes:400
14:12:56.0 (143621563)|VARIABLE_SCOPE_BEGIN|[44]|this|saReportCtrl|true|false
14:12:56.0 (143861518)|VARIABLE_ASSIGNMENT|[44]|this|{"approveCommentValue":"","attachmentId":"","basicSearchCategory":" ","basicSearchCount":"20","basicSearchDateEnd":"","basicSearchDateStart":"","basicSearchKeywords":"","basicSearchRole1":" ","basicSearchRole2":" ","basicSearchRole3":" ","basicSearchSort":" ","categoryDataOptions":"0x73a5df5b","countDataOptions":"0x37c5ea3e","createBody":"","createCategory":" ","createdReportId":"","createProcess":" ","createSubject":"","currentUser":"0x5fdfa006","draftBody":"","draftCategory":" ","draftProcess":" ","draftSubject":"","isApprover":true,"isCopySelected":false,"isGoodSelected":false,"isVeryGoodSelected":false,"latestBasicSearchCategory":" ","latestBasicSearchCount":"20","latestBasicSearchDateEnd":"","latestBasicSearchDateStart":"","latestBasicSearchKeywords":"","latestBasicSearchRole1":" ","latestBasicSearchRole2":" ","latestBasicSearchRole3":" ","latestBasicSearchSort":" ","latestMySearchCount":"","latestMySearchDateEnd":"","latestMySearchDateStart":"","latestMySearchKeywords":"","latestMySearchState":"","latestPendingCount":"20","latestPendingDateEnd":"","latestPendingDateStart":"","latestPendingKeywords":"","latestSelectedProcess":"","listOfCategory":"0x4ee0c396","listOfSAReports":"0x5de0f8ed","lsAttachments":"0x62ab0d","lsRolesFull":"0x186e3525","mapOfCategory":"0x3a9379be","messageError":"","messageSubmissionComplete":"","mySearchCount":"20","mySearchDateEnd":"","mySearchDateStart":"","mySearchKeywords":"","mySearchState":" ","newCommentValue1":"","newCommentValue2":"","pageNum":1,"pageSize":20,"pendingCount":"20","pendingDateEnd":"","pendingDateStart":"","pendingKeywords":"","processDataOptions":"0x60eec991","recordsCount":20,"remandBody":"","remandCategory":" ","remandProcess":" ","remandSubject":"","reportComments":"0x75413c42","reportGoodViews":"0x1ceff8d2","reportManagedViews":"0x3d103c78","reportRendered":false,"reportState":"","roleLevel1DataOptions":"0x2ba4d80a","roleLevel2DataOptions":"0x57fb5210","roleLevel3DataOptions":"0x34310955","searchCategoryLabel":"","searchCountLabel":"20件","searchParttern":6,"searchStateLabel":"","selectedCategoryName":"au でんき","selectedProcess":"","selectedReport":"0x87e0057","selectedReportName":"","selectedView":"","sortDataOptions":"0x517fdda","stateDataOptions":"0x87154ba"}|0x55fd9d24
14:12:56.0 (143907821)|SYSTEM_MODE_ENTER|false
14:12:56.0 (143916227)|HEAP_ALLOCATE|[44]|Bytes:5
14:12:56.0 (143922095)|STATEMENT_EXECUTE|[44]
14:12:56.0 (143924057)|STATEMENT_EXECUTE|[44]
14:12:56.0 (143931015)|SYSTEM_MODE_EXIT|false
14:12:56.0 (144067144)|SYSTEM_MODE_ENTER|true
14:12:56.0 (144102925)|HEAP_ALLOCATE|[EXTERNAL]|Bytes:400
14:12:56.0 (144110671)|VARIABLE_SCOPE_BEGIN|[45]|this|saReportCtrl|true|false
14:12:56.0 (144355052)|VARIABLE_ASSIGNMENT|[45]|this|{"approveCommentValue":"","attachmentId":"","basicSearchCategory":" ","basicSearchCount":"20","basicSearchDateEnd":"","basicSearchDateStart":"","basicSearchKeywords":"","basicSearchRole1":" ","basicSearchRole2":" ","basicSearchRole3":" ","basicSearchSort":" ","categoryDataOptions":"0x73a5df5b","countDataOptions":"0x37c5ea3e","createBody":"","createCategory":" ","createdReportId":"","createProcess":" ","createSubject":"","currentUser":"0x5fdfa006","draftBody":"","draftCategory":" ","draftProcess":" ","draftSubject":"","isApprover":true,"isCopySelected":false,"isGoodSelected":false,"isVeryGoodSelected":false,"latestBasicSearchCategory":" ","latestBasicSearchCount":"20","latestBasicSearchDateEnd":"","latestBasicSearchDateStart":"","latestBasicSearchKeywords":"","latestBasicSearchRole1":" ","latestBasicSearchRole2":" ","latestBasicSearchRole3":" ","latestBasicSearchSort":" ","latestMySearchCount":"","latestMySearchDateEnd":"","latestMySearchDateStart":"","latestMySearchKeywords":"","latestMySearchState":"","latestPendingCount":"20","latestPendingDateEnd":"","latestPendingDateStart":"","latestPendingKeywords":"","latestSelectedProcess":"","listOfCategory":"0x4ee0c396","listOfSAReports":"0x5de0f8ed","lsAttachments":"0x62ab0d","lsRolesFull":"0x186e3525","mapOfCategory":"0x3a9379be","messageError":"","messageSubmissionComplete":"","mySearchCount":"20","mySearchDateEnd":"","mySearchDateStart":"","mySearchKeywords":"","mySearchState":" ","newCommentValue1":"","newCommentValue2":"","pageNum":1,"pageSize":20,"pendingCount":"20","pendingDateEnd":"","pendingDateStart":"","pendingKeywords":"","processDataOptions":"0x60eec991","recordsCount":20,"remandBody":"","remandCategory":" ","remandProcess":" ","remandSubject":"","reportComments":"0x75413c42","reportGoodViews":"0x1ceff8d2","reportManagedViews":"0x3d103c78","reportRendered":false,"reportState":"","roleLevel1DataOptions":"0x2ba4d80a","roleLevel2DataOptions":"0x57fb5210","roleLevel3DataOptions":"0x34310955","searchCategoryLabel":"","searchCountLabel":"20件","searchParttern":6,"searchStateLabel":"","selectedCategoryName":"au でんき","selectedProcess":"","selectedReport":"0x87e0057","selectedReportName":"","selectedView":"","sortDataOptions":"0x517fdda","stateDataOptions":"0x87154ba"}|0x55fd9d24
14:12:56.0 (144394048)|SYSTEM_MODE_ENTER|false
14:12:56.0 (144401400)|HEAP_ALLOCATE|[45]|Bytes:5
14:12:56.0 (144407091)|STATEMENT_EXECUTE|[45]
14:12:56.0 (144408897)|STATEMENT_EXECUTE|[45]
14:12:56.0 (144414196)|SYSTEM_MODE_EXIT|false
14:12:56.0 (144578141)|SYSTEM_MODE_ENTER|true
14:12:56.0 (144612174)|HEAP_ALLOCATE|[EXTERNAL]|Bytes:400
14:12:56.0 (144619970)|VARIABLE_SCOPE_BEGIN|[47]|this|saReportCtrl|true|false
14:12:56.0 (144838958)|VARIABLE_ASSIGNMENT|[47]|this|{"approveCommentValue":"","attachmentId":"","basicSearchCategory":" ","basicSearchCount":"20","basicSearchDateEnd":"","basicSearchDateStart":"","basicSearchKeywords":"","basicSearchRole1":" ","basicSearchRole2":" ","basicSearchRole3":" ","basicSearchSort":" ","categoryDataOptions":"0x73a5df5b","countDataOptions":"0x37c5ea3e","createBody":"","createCategory":" ","createdReportId":"","createProcess":" ","createSubject":"","currentUser":"0x5fdfa006","draftBody":"","draftCategory":" ","draftProcess":" ","draftSubject":"","isApprover":true,"isCopySelected":false,"isGoodSelected":false,"isVeryGoodSelected":false,"latestBasicSearchCategory":" ","latestBasicSearchCount":"20","latestBasicSearchDateEnd":"","latestBasicSearchDateStart":"","latestBasicSearchKeywords":"","latestBasicSearchRole1":" ","latestBasicSearchRole2":" ","latestBasicSearchRole3":" ","latestBasicSearchSort":" ","latestMySearchCount":"","latestMySearchDateEnd":"","latestMySearchDateStart":"","latestMySearchKeywords":"","latestMySearchState":"","latestPendingCount":"20","latestPendingDateEnd":"","latestPendingDateStart":"","latestPendingKeywords":"","latestSelectedProcess":"","listOfCategory":"0x4ee0c396","listOfSAReports":"0x5de0f8ed","lsAttachments":"0x62ab0d","lsRolesFull":"0x186e3525","mapOfCategory":"0x3a9379be","messageError":"","messageSubmissionComplete":"","mySearchCount":"20","mySearchDateEnd":"","mySearchDateStart":"","mySearchKeywords":"","mySearchState":" ","newCommentValue1":"","newCommentValue2":"","pageNum":1,"pageSize":20,"pendingCount":"20","pendingDateEnd":"","pendingDateStart":"","pendingKeywords":"","processDataOptions":"0x60eec991","recordsCount":20,"remandBody":"","remandCategory":" ","remandProcess":" ","remandSubject":"","reportComments":"0x75413c42","reportGoodViews":"0x1ceff8d2","reportManagedViews":"0x3d103c78","reportRendered":false,"reportState":"","roleLevel1DataOptions":"0x2ba4d80a","roleLevel2DataOptions":"0x57fb5210","roleLevel3DataOptions":"0x34310955","searchCategoryLabel":"","searchCountLabel":"20件","searchParttern":6,"searchStateLabel":"","selectedCategoryName":"au でんき","selectedProcess":"","selectedReport":"0x87e0057","selectedReportName":"","selectedView":"","sortDataOptions":"0x517fdda","stateDataOptions":"0x87154ba"}|0x55fd9d24
14:12:56.0 (144882124)|SYSTEM_MODE_ENTER|false
14:12:56.0 (144889844)|HEAP_ALLOCATE|[47]|Bytes:5
14:12:56.0 (144904887)|STATEMENT_EXECUTE|[47]
14:12:56.0 (144907462)|STATEMENT_EXECUTE|[47]
14:12:56.0 (144914273)|SYSTEM_MODE_EXIT|false
14:12:56.0 (145048481)|SYSTEM_MODE_ENTER|true
14:12:56.0 (145083544)|HEAP_ALLOCATE|[EXTERNAL]|Bytes:400
14:12:56.0 (145091303)|VARIABLE_SCOPE_BEGIN|[46]|this|saReportCtrl|true|false
14:12:56.0 (145326198)|VARIABLE_ASSIGNMENT|[46]|this|{"approveCommentValue":"","attachmentId":"","basicSearchCategory":" ","basicSearchCount":"20","basicSearchDateEnd":"","basicSearchDateStart":"","basicSearchKeywords":"","basicSearchRole1":" ","basicSearchRole2":" ","basicSearchRole3":" ","basicSearchSort":" ","categoryDataOptions":"0x73a5df5b","countDataOptions":"0x37c5ea3e","createBody":"","createCategory":" ","createdReportId":"","createProcess":" ","createSubject":"","currentUser":"0x5fdfa006","draftBody":"","draftCategory":" ","draftProcess":" ","draftSubject":"","isApprover":true,"isCopySelected":false,"isGoodSelected":false,"isVeryGoodSelected":false,"latestBasicSearchCategory":" ","latestBasicSearchCount":"20","latestBasicSearchDateEnd":"","latestBasicSearchDateStart":"","latestBasicSearchKeywords":"","latestBasicSearchRole1":" ","latestBasicSearchRole2":" ","latestBasicSearchRole3":" ","latestBasicSearchSort":" ","latestMySearchCount":"","latestMySearchDateEnd":"","latestMySearchDateStart":"","latestMySearchKeywords":"","latestMySearchState":"","latestPendingCount":"20","latestPendingDateEnd":"","latestPendingDateStart":"","latestPendingKeywords":"","latestSelectedProcess":"","listOfCategory":"0x4ee0c396","listOfSAReports":"0x5de0f8ed","lsAttachments":"0x62ab0d","lsRolesFull":"0x186e3525","mapOfCategory":"0x3a9379be","messageError":"","messageSubmissionComplete":"","mySearchCount":"20","mySearchDateEnd":"","mySearchDateStart":"","mySearchKeywords":"","mySearchState":" ","newCommentValue1":"","newCommentValue2":"","pageNum":1,"pageSize":20,"pendingCount":"20","pendingDateEnd":"","pendingDateStart":"","pendingKeywords":"","processDataOptions":"0x60eec991","recordsCount":20,"remandBody":"","remandCategory":" ","remandProcess":" ","remandSubject":"","reportComments":"0x75413c42","reportGoodViews":"0x1ceff8d2","reportManagedViews":"0x3d103c78","reportRendered":false,"reportState":"","roleLevel1DataOptions":"0x2ba4d80a","roleLevel2DataOptions":"0x57fb5210","roleLevel3DataOptions":"0x34310955","searchCategoryLabel":"","searchCountLabel":"20件","searchParttern":6,"searchStateLabel":"","selectedCategoryName":"au でんき","selectedProcess":"","selectedReport":"0x87e0057","selectedReportName":"","selectedView":"","sortDataOptions":"0x517fdda","stateDataOptions":"0x87154ba"}|0x55fd9d24
14:12:56.0 (145363872)|SYSTEM_MODE_ENTER|false
14:12:56.0 (145371319)|HEAP_ALLOCATE|[46]|Bytes:5
14:12:56.0 (145376534)|STATEMENT_EXECUTE|[46]
14:12:56.0 (145378481)|STATEMENT_EXECUTE|[46]
14:12:56.0 (145383162)|SYSTEM_MODE_EXIT|false
14:12:56.0 (196004714)|SYSTEM_MODE_ENTER|true
14:12:56.0 (196083061)|SYSTEM_MODE_ENTER|true
14:12:56.0 (196122851)|SYSTEM_MODE_ENTER|true
14:12:56.0 (196164476)|SYSTEM_MODE_ENTER|true
14:12:56.0 (197216994)|SYSTEM_MODE_ENTER|true
14:12:56.0 (197273199)|HEAP_ALLOCATE|[EXTERNAL]|Bytes:400
14:12:56.0 (197577743)|VARIABLE_ASSIGNMENT|[EXTERNAL]|this|{"approveCommentValue":"","attachmentId":"","basicSearchCategory":" ","basicSearchCount":"20","basicSearchDateEnd":"","basicSearchDateStart":"","basicSearchKeywords":"","basicSearchRole1":" ","basicSearchRole2":" ","basicSearchRole3":" ","basicSearchSort":" ","categoryDataOptions":"0x73a5df5b","countDataOptions":"0x37c5ea3e","createBody":"","createCategory":" ","createdReportId":"","createProcess":" ","createSubject":"","currentUser":"0x5fdfa006","draftBody":"","draftCategory":" ","draftProcess":" ","draftSubject":"","isApprover":true,"isCopySelected":false,"isGoodSelected":false,"isVeryGoodSelected":false,"latestBasicSearchCategory":" ","latestBasicSearchCount":"20","latestBasicSearchDateEnd":"","latestBasicSearchDateStart":"","latestBasicSearchKeywords":"","latestBasicSearchRole1":" ","latestBasicSearchRole2":" ","latestBasicSearchRole3":" ","latestBasicSearchSort":" ","latestMySearchCount":"","latestMySearchDateEnd":"","latestMySearchDateStart":"","latestMySearchKeywords":"","latestMySearchState":"","latestPendingCount":"20","latestPendingDateEnd":"","latestPendingDateStart":"","latestPendingKeywords":"","latestSelectedProcess":"","listOfCategory":"0x4ee0c396","listOfSAReports":"0x5de0f8ed","lsAttachments":"0x62ab0d","lsRolesFull":"0x186e3525","mapOfCategory":"0x3a9379be","messageError":"","messageSubmissionComplete":"","mySearchCount":"20","mySearchDateEnd":"","mySearchDateStart":"","mySearchKeywords":"","mySearchState":" ","newCommentValue1":"","newCommentValue2":"","pageNum":1,"pageSize":20,"pendingCount":"20","pendingDateEnd":"","pendingDateStart":"","pendingKeywords":"","processDataOptions":"0x60eec991","recordsCount":20,"remandBody":"","remandCategory":" ","remandProcess":" ","remandSubject":"","reportComments":"0x75413c42","reportGoodViews":"0x1ceff8d2","reportManagedViews":"0x3d103c78","reportRendered":false,"reportState":"","roleLevel1DataOptions":"0x2ba4d80a","roleLevel2DataOptions":"0x57fb5210","roleLevel3DataOptions":"0x34310955","searchCategoryLabel":"","searchCountLabel":"20件","searchParttern":6,"searchStateLabel":"","selectedCategoryName":"au でんき","selectedProcess":"","selectedReport":"0x87e0057","selectedReportName":"","selectedView":"","sortDataOptions":"0x517fdda","stateDataOptions":"0x87154ba"}|0x55fd9d24
14:12:56.0 (197618061)|SYSTEM_MODE_ENTER|false
14:12:56.0 (197626551)|HEAP_ALLOCATE|[201]|Bytes:5
14:12:56.0 (197633998)|STATEMENT_EXECUTE|[200]
14:12:56.0 (197636550)|STATEMENT_EXECUTE|[201]
14:12:56.0 (197690251)|HEAP_ALLOCATE|[201]|Bytes:93
14:12:56.0 (197706059)|SYSTEM_METHOD_ENTRY|[1]|UserInfo.UserInfo()
14:12:56.0 (197710903)|STATEMENT_EXECUTE|[1]
14:12:56.0 (197718383)|SYSTEM_METHOD_EXIT|[1]|UserInfo
14:12:56.0 (197733529)|METHOD_ENTRY|[201]||System.UserInfo.getTimeZone()
14:12:56.0 (197972157)|METHOD_EXIT|[201]||System.UserInfo.getTimeZone()
14:12:56.0 (197981337)|VARIABLE_SCOPE_BEGIN|[201]|tz|System.TimeZone|true|false
14:12:56.0 (198010537)|VARIABLE_ASSIGNMENT|[201]|tz|{"delegate":"0x1035ee13"}|0x6ddcce76
14:12:56.0 (198018156)|STATEMENT_EXECUTE|[203]
14:12:56.0 (198062713)|HEAP_ALLOCATE|[203]|Bytes:56
14:12:56.0 (198082315)|METHOD_ENTRY|[203]||System.TimeZone.getOffset(Datetime)
14:12:56.0 (198108992)|METHOD_EXIT|[203]||System.TimeZone.getOffset(Datetime)
14:12:56.0 (198134425)|HEAP_ALLOCATE|[203]|Bytes:28
14:12:56.0 (198142732)|HEAP_ALLOCATE|[203]|Bytes:28
14:12:56.0 (198147822)|HEAP_ALLOCATE|[203]|Bytes:4
14:12:56.0 (198156397)|HEAP_ALLOCATE|[203]|Bytes:28
14:12:56.0 (198192074)|HEAP_ALLOCATE|[203]|Bytes:28
14:12:56.0 (198262715)|HEAP_ALLOCATE|[203]|Bytes:28
14:12:56.0 (198267832)|HEAP_ALLOCATE|[203]|Bytes:28
14:12:56.0 (198283436)|HEAP_ALLOCATE|[203]|Bytes:12
14:12:56.0 (198291627)|SYSTEM_MODE_EXIT|false
14:12:56.0 (209110045)|VF_SERIALIZE_VIEWSTATE_BEGIN|066N0000000M59u
14:12:56.0 (225993066)|VF_SERIALIZE_VIEWSTATE_END
14:12:56.253 (253105993)|CUMULATIVE_LIMIT_USAGE
14:12:56.253 (253105993)|LIMIT_USAGE_FOR_NS|(default)|
  Number of SOQL queries: 0 out of 100
  Number of query rows: 0 out of 50000
  Number of SOSL queries: 0 out of 20
  Number of DML statements: 0 out of 150
  Number of DML rows: 0 out of 10000
  Maximum CPU time: 0 out of 10000
  Maximum heap size: 0 out of 6000000
  Number of callouts: 0 out of 100
  Number of Email Invocations: 0 out of 10
  Number of future calls: 0 out of 50
  Number of queueable jobs added to the queue: 0 out of 50
  Number of Mobile Apex push calls: 0 out of 10

14:12:56.253 (253105993)|CUMULATIVE_LIMIT_USAGE_END

14:12:56.0 (253177968)|CODE_UNIT_FINISHED|VF: /apex/saReport
14:12:56.0 (254001228)|EXECUTION_FINISHED
