36.0 APEX_CODE,FINEST;APEX_PROFILING,INFO;CALLOUT,INFO;DB,INFO;NBA,INFO;SYSTEM,DEBUG;VALIDATION,INFO;VISUALFORCE,INFO;WAVE,INFO;WORKFLOW,INFO
15:55:06.0 (71488)|USER_INFO|[EXTERNAL]|005N00000057RPN|duc.huynhmanh+kddi-gwdev01@globalway.co.jp|日本標準時|GMT+09:00
15:55:06.0 (105407)|EXECUTION_STARTED
15:55:06.0 (110127)|CODE_UNIT_STARTED|[EXTERNAL]|066N0000000M524|VF: /apex/saDailyReportListForAdmin
15:55:06.0 (244677)|VF_DESERIALIZE_VIEWSTATE_BEGIN|066N0000000M524
15:55:06.0 (3983577)|HEAP_ALLOCATE|[72]|Bytes:3
15:55:06.0 (4016109)|HEAP_ALLOCATE|[77]|Bytes:152
15:55:06.0 (4034478)|HEAP_ALLOCATE|[342]|Bytes:408
15:55:06.0 (4055111)|HEAP_ALLOCATE|[355]|Bytes:408
15:55:06.0 (4073940)|HEAP_ALLOCATE|[467]|Bytes:48
15:55:06.0 (4103586)|HEAP_ALLOCATE|[139]|Bytes:6
15:55:06.0 (4496230)|HEAP_ALLOCATE|[50]|Bytes:5
15:55:06.0 (4520478)|HEAP_ALLOCATE|[56]|Bytes:5
15:55:06.0 (4532739)|HEAP_ALLOCATE|[64]|Bytes:7
15:55:06.0 (6682918)|VARIABLE_SCOPE_BEGIN|[49]|saDailyReportListForAdminCtl.BASE_QUERY_STRING|String|false|true
15:55:06.0 (6696328)|VARIABLE_SCOPE_BEGIN|[5]|saDailyReportListForAdminCtl.COOKIE_LABEL_CREATOR_NAME|String|false|true
15:55:06.0 (6702821)|VARIABLE_SCOPE_BEGIN|[11]|saDailyReportListForAdminCtl.COOKIE_LABEL_INIT_SEARCH_FLG|String|false|true
15:55:06.0 (6709417)|VARIABLE_SCOPE_BEGIN|[9]|saDailyReportListForAdminCtl.COOKIE_LABEL_PAGE_NUMBER|String|false|true
15:55:06.0 (6716187)|VARIABLE_SCOPE_BEGIN|[3]|saDailyReportListForAdminCtl.COOKIE_LABEL_PREFIX|String|false|true
15:55:06.0 (6722949)|VARIABLE_SCOPE_BEGIN|[6]|saDailyReportListForAdminCtl.COOKIE_LABEL_REPORT_NAME|String|false|true
15:55:06.0 (6729665)|VARIABLE_SCOPE_BEGIN|[4]|saDailyReportListForAdminCtl.COOKIE_LABEL_SHISHA|String|false|true
15:55:06.0 (6735175)|VARIABLE_SCOPE_BEGIN|[7]|saDailyReportListForAdminCtl.COOKIE_LABEL_VALIDITY_DATE|String|false|true
15:55:06.0 (6740779)|VARIABLE_SCOPE_BEGIN|[10]|saDailyReportListForAdminCtl.COOKIE_PATH|String|false|true
15:55:06.0 (6747039)|VARIABLE_SCOPE_BEGIN|[54]|saDailyReportListForAdminCtl.QUERY_LIMIT|String|false|true
15:55:06.0 (6753017)|VARIABLE_SCOPE_BEGIN|[55]|saDailyReportListForAdminCtl.QUERY_LIMIT_MAX|String|false|true
15:55:06.0 (6758974)|VARIABLE_SCOPE_BEGIN|[53]|saDailyReportListForAdminCtl.SELECTOPTION_ALL|String|false|true
15:55:06.0 (6765686)|VARIABLE_SCOPE_BEGIN|[52]|saDailyReportListForAdminCtl.SELECTOPTION_LASTMODIFIED|String|false|true
15:55:06.0 (6774274)|VARIABLE_SCOPE_BEGIN|[64]|saDailyReportListForAdminCtl.targetRecordsOption|List<System.SelectOption>|true|true
15:55:06.0 (9698540)|VF_DESERIALIZE_VIEWSTATE_END
15:55:06.0 (13693472)|SYSTEM_MODE_ENTER|true
15:55:06.0 (13726817)|HEAP_ALLOCATE|[EXTERNAL]|Bytes:336
15:55:06.0 (13741228)|HEAP_ALLOCATE|[EXTERNAL]|Bytes:136
15:55:06.0 (13747184)|HEAP_ALLOCATE|[EXTERNAL]|Bytes:18
15:55:06.0 (13752759)|HEAP_ALLOCATE|[EXTERNAL]|Bytes:13
15:55:06.0 (13778909)|VARIABLE_ASSIGNMENT|[EXTERNAL]|saDailyReportListForAdminCtl.COOKIE_LABEL_INIT_SEARCH_FLG|"initSearchFlg"
15:55:06.0 (13785393)|HEAP_ALLOCATE|[EXTERNAL]|Bytes:10
15:55:06.0 (13792795)|VARIABLE_ASSIGNMENT|[EXTERNAL]|saDailyReportListForAdminCtl.COOKIE_LABEL_PAGE_NUMBER|"PageNumber"
15:55:06.0 (13797551)|HEAP_ALLOCATE|[EXTERNAL]|Bytes:18
15:55:06.0 (13803972)|VARIABLE_ASSIGNMENT|[EXTERNAL]|saDailyReportListForAdminCtl.COOKIE_LABEL_PREFIX|"saDailyReportList_"
15:55:06.0 (13808338)|HEAP_ALLOCATE|[EXTERNAL]|Bytes:31
15:55:06.0 (13816616)|VARIABLE_ASSIGNMENT|[EXTERNAL]|saDailyReportListForAdminCtl.COOKIE_PATH|"/apex/saDailyReportL (11 more) ..."
15:55:06.0 (13821680)|HEAP_ALLOCATE|[EXTERNAL]|Bytes:4
15:55:06.0 (13828678)|VARIABLE_ASSIGNMENT|[EXTERNAL]|saDailyReportListForAdminCtl.QUERY_LIMIT|"1000"
15:55:06.0 (13833049)|HEAP_ALLOCATE|[EXTERNAL]|Bytes:5
15:55:06.0 (13839001)|VARIABLE_ASSIGNMENT|[EXTERNAL]|saDailyReportListForAdminCtl.QUERY_LIMIT_MAX|"10000"
15:55:06.0 (13843363)|HEAP_ALLOCATE|[EXTERNAL]|Bytes:1
15:55:06.0 (13849312)|VARIABLE_ASSIGNMENT|[EXTERNAL]|saDailyReportListForAdminCtl.SELECTOPTION_ALL|"2"
15:55:06.0 (13853468)|HEAP_ALLOCATE|[EXTERNAL]|Bytes:1
15:55:06.0 (13859993)|VARIABLE_ASSIGNMENT|[EXTERNAL]|saDailyReportListForAdminCtl.SELECTOPTION_LASTMODIFIED|"1"
15:55:06.0 (13896926)|METHOD_ENTRY|[1]|01pN0000000aGgq|saDailyReportListForAdminCtl.saDailyReportListForAdminCtl()
15:55:06.0 (13905364)|STATEMENT_EXECUTE|[1]
15:55:06.0 (13911831)|STATEMENT_EXECUTE|[1]
15:55:06.0 (13920297)|SYSTEM_MODE_ENTER|false
15:55:06.0 (13931625)|HEAP_ALLOCATE|[4]|Bytes:5
15:55:06.0 (13937514)|STATEMENT_EXECUTE|[4]
15:55:06.0 (13942628)|HEAP_ALLOCATE|[4]|Bytes:6
15:55:06.0 (13954048)|HEAP_ALLOCATE|[4]|Bytes:24
15:55:06.0 (13968150)|VARIABLE_ASSIGNMENT|[4]|saDailyReportListForAdminCtl.COOKIE_LABEL_SHISHA|"saDailyReportList_Sh (4 more) ..."
15:55:06.0 (13973856)|STATEMENT_EXECUTE|[5]
15:55:06.0 (13977238)|HEAP_ALLOCATE|[5]|Bytes:11
15:55:06.0 (13982626)|HEAP_ALLOCATE|[5]|Bytes:29
15:55:06.0 (13991225)|VARIABLE_ASSIGNMENT|[5]|saDailyReportListForAdminCtl.COOKIE_LABEL_CREATOR_NAME|"saDailyReportList_Cr (9 more) ..."
15:55:06.0 (13995649)|STATEMENT_EXECUTE|[6]
15:55:06.0 (13998780)|HEAP_ALLOCATE|[6]|Bytes:10
15:55:06.0 (14003340)|HEAP_ALLOCATE|[6]|Bytes:28
15:55:06.0 (14012225)|VARIABLE_ASSIGNMENT|[6]|saDailyReportListForAdminCtl.COOKIE_LABEL_REPORT_NAME|"saDailyReportList_Re (8 more) ..."
15:55:06.0 (14015958)|STATEMENT_EXECUTE|[7]
15:55:06.0 (14018541)|HEAP_ALLOCATE|[7]|Bytes:12
15:55:06.0 (14041911)|HEAP_ALLOCATE|[7]|Bytes:30
15:55:06.0 (14054183)|VARIABLE_ASSIGNMENT|[7]|saDailyReportListForAdminCtl.COOKIE_LABEL_VALIDITY_DATE|"saDailyReportList_Va (10 more) ..."
15:55:06.0 (14059828)|STATEMENT_EXECUTE|[49]
15:55:06.0 (14062729)|HEAP_ALLOCATE|[49]|Bytes:215
15:55:06.0 (14075183)|VARIABLE_ASSIGNMENT|[49]|saDailyReportListForAdminCtl.BASE_QUERY_STRING|"SELECT RegionalOffic (195 more) ..."
15:55:06.0 (14079721)|STATEMENT_EXECUTE|[65]
15:55:06.0 (14081358)|STATEMENT_EXECUTE|[66]
15:55:06.0 (14091712)|HEAP_ALLOCATE|[66]|Bytes:4
15:55:06.0 (14170250)|HEAP_ALLOCATE|[EXTERNAL]|Bytes:4
15:55:06.0 (14190512)|VARIABLE_ASSIGNMENT|[EXTERNAL]|value|[]|0x458891c5
15:55:06.0 (14205643)|VARIABLE_ASSIGNMENT|[64]|saDailyReportListForAdminCtl.targetRecordsOption|[]|0x458891c5
15:55:06.0 (14217404)|STATEMENT_EXECUTE|[67]
15:55:06.0 (14249650)|HEAP_ALLOCATE|[67]|Bytes:9
15:55:06.0 (14288168)|HEAP_ALLOCATE|[EXTERNAL]|Bytes:4
15:55:06.0 (14296265)|STATEMENT_EXECUTE|[68]
15:55:06.0 (14312282)|HEAP_ALLOCATE|[68]|Bytes:5
15:55:06.0 (14341233)|HEAP_ALLOCATE|[EXTERNAL]|Bytes:4
15:55:06.0 (14351048)|SYSTEM_MODE_EXIT|false
15:55:06.0 (14362571)|METHOD_EXIT|[1]|saDailyReportListForAdminCtl
15:55:06.15 (15115377)|SYSTEM_MODE_ENTER|true
15:55:06.15 (15171914)|HEAP_ALLOCATE|[EXTERNAL]|Bytes:38
15:55:06.15 (15180497)|HEAP_ALLOCATE|[EXTERNAL]|Bytes:7
15:55:06.15 (15931867)|SYSTEM_MODE_ENTER|true
15:55:06.15 (15991353)|HEAP_ALLOCATE|[EXTERNAL]|Bytes:8
15:55:06.15 (15999780)|VARIABLE_SCOPE_BEGIN|[88]|this|ApexPage.PageMessagesComponentController|true|false
15:55:06.15 (16035491)|VARIABLE_ASSIGNMENT|[88]|this|{}|0x610baa6d
15:55:06.15 (16042671)|VARIABLE_SCOPE_BEGIN|[88]|escape|Boolean|false|false
15:55:06.15 (16052817)|VARIABLE_ASSIGNMENT|[88]|escape|null
15:55:06.0 (16398991)|SYSTEM_MODE_ENTER|true
15:55:06.0 (16597775)|SYSTEM_MODE_ENTER|true
15:55:06.0 (16758586)|SYSTEM_MODE_ENTER|true
15:55:06.0 (17006343)|HEAP_ALLOCATE|[EXTERNAL]|Bytes:84
15:55:06.0 (17016396)|VARIABLE_SCOPE_BEGIN|[365]|this|saDailyReportListForAdminCtl|true|false
15:55:06.0 (17356408)|VARIABLE_ASSIGNMENT|[365]|this|{"conditionStr":" WHERE IsEvolva__c = false AND  Type__c = 'DAILY_REPORT' ","currentUser":"0x6e866bb1","errFlg":false,"errMess":"","filterCreatorName":"","filterReportName":"","filterValidityDate":"","initSearchFlg":"true","limitStr":" LIMIT 1000","mpShishaOptions":"0x52e2ecce","orderDesc":true,"orderTarget":"LastModifiedDate","pageNum":1,"pageSize":50,"ssc":"core.apexpages.components.framework.controller.SetOrientedStandardControllerImpl@2914c367","targetRecords":"1"}|0x102253b6
15:55:06.0 (17385692)|SYSTEM_MODE_ENTER|false
15:55:06.0 (17394300)|HEAP_ALLOCATE|[366]|Bytes:5
15:55:06.0 (17400296)|STATEMENT_EXECUTE|[365]
15:55:06.0 (17402437)|STATEMENT_EXECUTE|[366]
15:55:06.0 (17423683)|VARIABLE_SCOPE_BEGIN|[366]|recs|List<saInquiry__c>|true|false
15:55:06.0 (17435384)|VARIABLE_ASSIGNMENT|[366]|recs|null|
15:55:06.0 (17632124)|VARIABLE_ASSIGNMENT|[EXTERNAL]|this|{"conditionStr":" WHERE IsEvolva__c = false AND  Type__c = 'DAILY_REPORT' ","currentUser":"0x6e866bb1","errFlg":false,"errMess":"","filterCreatorName":"","filterReportName":"","filterValidityDate":"","initSearchFlg":"true","limitStr":" LIMIT 1000","mpShishaOptions":"0x52e2ecce","orderDesc":true,"orderTarget":"LastModifiedDate","pageNum":1,"pageSize":50,"ssc":"core.apexpages.components.framework.controller.SetOrientedStandardControllerImpl@2914c367","targetRecords":"1"}|0x102253b6
15:55:06.0 (17653199)|STATEMENT_EXECUTE|[367]
15:55:06.0 (17655278)|STATEMENT_EXECUTE|[368]
15:55:06.0 (17818926)|VARIABLE_ASSIGNMENT|[EXTERNAL]|this|{"conditionStr":" WHERE IsEvolva__c = false AND  Type__c = 'DAILY_REPORT' ","currentUser":"0x6e866bb1","errFlg":false,"errMess":"","filterCreatorName":"","filterReportName":"","filterValidityDate":"","initSearchFlg":"true","limitStr":" LIMIT 1000","mpShishaOptions":"0x52e2ecce","orderDesc":true,"orderTarget":"LastModifiedDate","pageNum":1,"pageSize":50,"ssc":"core.apexpages.components.framework.controller.SetOrientedStandardControllerImpl@2914c367","targetRecords":"1"}|0x102253b6
15:55:06.0 (17904091)|HEAP_ALLOCATE|[368]|Bytes:204
15:55:06.0 (17927675)|HEAP_ALLOCATE|[368]|Bytes:204
15:55:06.0 (17950705)|VARIABLE_ASSIGNMENT|[368]|recs|"List of size 50 too large to display"|0x5c773ed
15:55:06.0 (17957992)|STATEMENT_EXECUTE|[370]
15:55:06.0 (17959977)|STATEMENT_EXECUTE|[373]
15:55:06.0 (17963494)|SYSTEM_MODE_EXIT|false
15:55:06.0 (22012815)|SYSTEM_MODE_ENTER|true
15:55:06.0 (22099538)|SYSTEM_MODE_ENTER|true
15:55:06.0 (22174622)|SYSTEM_MODE_ENTER|true
15:55:06.0 (22225545)|SYSTEM_MODE_ENTER|true
15:55:06.0 (22265113)|SYSTEM_MODE_ENTER|true
15:55:06.0 (22303040)|SYSTEM_MODE_ENTER|true
15:55:06.0 (22356565)|SYSTEM_MODE_ENTER|true
15:55:06.0 (25916230)|SYSTEM_MODE_ENTER|true
15:55:06.0 (25949268)|HEAP_ALLOCATE|[EXTERNAL]|Bytes:16
15:55:06.0 (25955805)|HEAP_ALLOCATE|[EXTERNAL]|Bytes:84
15:55:06.0 (25970823)|VARIABLE_ASSIGNMENT|[EXTERNAL]|this.orderTarget|"LastModifiedDate"|0x102253b6
15:55:06.0 (26006564)|SYSTEM_MODE_ENTER|true
15:55:06.0 (26023032)|HEAP_ALLOCATE|[EXTERNAL]|Bytes:84
15:55:06.0 (26032651)|VARIABLE_ASSIGNMENT|[EXTERNAL]|this.errMess|""|0x102253b6
15:55:06.0 (26061429)|SYSTEM_MODE_ENTER|true
15:55:06.0 (26075187)|HEAP_ALLOCATE|[EXTERNAL]|Bytes:1
15:55:06.0 (26079821)|HEAP_ALLOCATE|[EXTERNAL]|Bytes:84
15:55:06.0 (26088961)|VARIABLE_ASSIGNMENT|[EXTERNAL]|this.targetRecords|"1"|0x102253b6
15:55:06.0 (26115464)|SYSTEM_MODE_ENTER|true
15:55:06.0 (26129038)|HEAP_ALLOCATE|[EXTERNAL]|Bytes:84
15:55:06.0 (26137568)|VARIABLE_ASSIGNMENT|[EXTERNAL]|this.filterShisha|null|0x102253b6
15:55:06.0 (26161822)|SYSTEM_MODE_ENTER|true
15:55:06.0 (26174532)|HEAP_ALLOCATE|[EXTERNAL]|Bytes:84
15:55:06.0 (26183545)|VARIABLE_ASSIGNMENT|[EXTERNAL]|this.filterCreatorName|""|0x102253b6
15:55:06.0 (26206964)|SYSTEM_MODE_ENTER|true
15:55:06.0 (26219520)|HEAP_ALLOCATE|[EXTERNAL]|Bytes:84
15:55:06.0 (26227813)|VARIABLE_ASSIGNMENT|[EXTERNAL]|this.filterReportName|""|0x102253b6
15:55:06.0 (26252781)|SYSTEM_MODE_ENTER|true
15:55:06.0 (26265071)|HEAP_ALLOCATE|[EXTERNAL]|Bytes:84
15:55:06.0 (26273871)|VARIABLE_ASSIGNMENT|[EXTERNAL]|this.filterValidityDate|""|0x102253b6
15:55:06.26 (26396479)|SYSTEM_MODE_ENTER|true
15:55:06.26 (26449814)|HEAP_ALLOCATE|[EXTERNAL]|Bytes:8
15:55:06.26 (26457956)|VARIABLE_SCOPE_BEGIN|[88]|this|ApexPage.PageMessagesComponentController|true|false
15:55:06.26 (26482445)|VARIABLE_ASSIGNMENT|[88]|this|{}|0x610baa6d
15:55:06.26 (26489159)|VARIABLE_SCOPE_BEGIN|[88]|escape|Boolean|false|false
15:55:06.26 (26496585)|VARIABLE_ASSIGNMENT|[88]|escape|null
15:55:06.0 (26555847)|SYSTEM_MODE_ENTER|true
15:55:06.0 (26688081)|SYSTEM_MODE_ENTER|true
15:55:06.0 (26822981)|SYSTEM_MODE_ENTER|true
15:55:06.0 (30175143)|HEAP_ALLOCATE|[EXTERNAL]|Bytes:84
15:55:06.0 (30186436)|VARIABLE_SCOPE_BEGIN|[270]|this|saDailyReportListForAdminCtl|true|false
15:55:06.0 (30386918)|VARIABLE_ASSIGNMENT|[270]|this|{"conditionStr":" WHERE IsEvolva__c = false AND  Type__c = 'DAILY_REPORT' ","currentUser":"0x6e866bb1","errFlg":false,"errMess":"","filterCreatorName":"","filterReportName":"","filterValidityDate":"","initSearchFlg":"true","limitStr":" LIMIT 1000","mpShishaOptions":"0x52e2ecce","orderDesc":true,"orderTarget":"LastModifiedDate","pageNum":1,"pageSize":50,"ssc":"core.apexpages.components.framework.controller.SetOrientedStandardControllerImpl@2914c367","targetRecords":"1"}|0x102253b6
15:55:06.0 (30408808)|SYSTEM_MODE_ENTER|false
15:55:06.0 (30417004)|HEAP_ALLOCATE|[271]|Bytes:5
15:55:06.0 (30422797)|STATEMENT_EXECUTE|[270]
15:55:06.0 (30425321)|STATEMENT_EXECUTE|[271]
15:55:06.0 (30466884)|HEAP_ALLOCATE|[271]|Bytes:4
15:55:06.0 (30484353)|HEAP_ALLOCATE|[271]|Bytes:4
15:55:06.0 (30508578)|SYSTEM_MODE_EXIT|false
15:55:06.0 (44328232)|SYSTEM_MODE_ENTER|true
15:55:06.44 (44679657)|SYSTEM_MODE_ENTER|true
15:55:06.44 (44739737)|HEAP_ALLOCATE|[EXTERNAL]|Bytes:8
15:55:06.44 (44748683)|VARIABLE_SCOPE_BEGIN|[88]|this|ApexPage.PageMessagesComponentController|true|false
15:55:06.44 (44776236)|VARIABLE_ASSIGNMENT|[88]|this|{}|0x610baa6d
15:55:06.44 (44782843)|VARIABLE_SCOPE_BEGIN|[88]|escape|Boolean|false|false
15:55:06.44 (44791097)|VARIABLE_ASSIGNMENT|[88]|escape|null
15:55:06.44 (44872327)|SYSTEM_MODE_ENTER|true
15:55:06.44 (44907391)|HEAP_ALLOCATE|[EXTERNAL]|Bytes:8
15:55:06.44 (44914489)|VARIABLE_SCOPE_BEGIN|[2]|this|ApexPage.PageMessagesComponentController|true|false
15:55:06.44 (44933059)|VARIABLE_ASSIGNMENT|[2]|this|{}|0x610baa6d
15:55:06.0 (45442468)|SYSTEM_MODE_ENTER|true
15:55:06.0 (45626148)|SYSTEM_MODE_ENTER|true
15:55:06.0 (45724863)|SYSTEM_MODE_ENTER|true
15:55:06.0 (45761641)|HEAP_ALLOCATE|[EXTERNAL]|Bytes:84
15:55:06.0 (45770212)|VARIABLE_SCOPE_BEGIN|[365]|this|saDailyReportListForAdminCtl|true|false
15:55:06.0 (45977172)|VARIABLE_ASSIGNMENT|[365]|this|{"conditionStr":" WHERE IsEvolva__c = false AND  Type__c = 'DAILY_REPORT' ","currentUser":"0x6e866bb1","errFlg":false,"errMess":"","filterCreatorName":"","filterReportName":"","filterValidityDate":"","initSearchFlg":"true","limitStr":" LIMIT 1000","mpShishaOptions":"0x52e2ecce","orderDesc":true,"orderTarget":"LastModifiedDate","pageNum":1,"pageSize":50,"ssc":"core.apexpages.components.framework.controller.SetOrientedStandardControllerImpl@2914c367","targetRecords":"1"}|0x102253b6
15:55:06.0 (45998548)|SYSTEM_MODE_ENTER|false
15:55:06.0 (46005800)|HEAP_ALLOCATE|[366]|Bytes:5
15:55:06.0 (46012458)|STATEMENT_EXECUTE|[365]
15:55:06.0 (46014521)|STATEMENT_EXECUTE|[366]
15:55:06.0 (46019652)|VARIABLE_SCOPE_BEGIN|[366]|recs|List<saInquiry__c>|true|false
15:55:06.0 (46030221)|VARIABLE_ASSIGNMENT|[366]|recs|null|
15:55:06.0 (46201497)|VARIABLE_ASSIGNMENT|[EXTERNAL]|this|{"conditionStr":" WHERE IsEvolva__c = false AND  Type__c = 'DAILY_REPORT' ","currentUser":"0x6e866bb1","errFlg":false,"errMess":"","filterCreatorName":"","filterReportName":"","filterValidityDate":"","initSearchFlg":"true","limitStr":" LIMIT 1000","mpShishaOptions":"0x52e2ecce","orderDesc":true,"orderTarget":"LastModifiedDate","pageNum":1,"pageSize":50,"ssc":"core.apexpages.components.framework.controller.SetOrientedStandardControllerImpl@2914c367","targetRecords":"1"}|0x102253b6
15:55:06.0 (46221047)|STATEMENT_EXECUTE|[367]
15:55:06.0 (46223037)|STATEMENT_EXECUTE|[368]
15:55:06.0 (46383063)|VARIABLE_ASSIGNMENT|[EXTERNAL]|this|{"conditionStr":" WHERE IsEvolva__c = false AND  Type__c = 'DAILY_REPORT' ","currentUser":"0x6e866bb1","errFlg":false,"errMess":"","filterCreatorName":"","filterReportName":"","filterValidityDate":"","initSearchFlg":"true","limitStr":" LIMIT 1000","mpShishaOptions":"0x52e2ecce","orderDesc":true,"orderTarget":"LastModifiedDate","pageNum":1,"pageSize":50,"ssc":"core.apexpages.components.framework.controller.SetOrientedStandardControllerImpl@2914c367","targetRecords":"1"}|0x102253b6
15:55:06.0 (46438489)|HEAP_ALLOCATE|[368]|Bytes:204
15:55:06.0 (46462607)|HEAP_ALLOCATE|[368]|Bytes:204
15:55:06.0 (46486427)|VARIABLE_ASSIGNMENT|[368]|recs|"List of size 50 too large to display"|0x7fa12459
15:55:06.0 (46493495)|STATEMENT_EXECUTE|[370]
15:55:06.0 (46495415)|STATEMENT_EXECUTE|[373]
15:55:06.0 (46498718)|SYSTEM_MODE_EXIT|false
15:55:06.53 (53904858)|SYSTEM_MODE_ENTER|true
15:55:06.53 (53962894)|HEAP_ALLOCATE|[EXTERNAL]|Bytes:8
15:55:06.53 (53971188)|VARIABLE_SCOPE_BEGIN|[88]|this|ApexPage.PageMessagesComponentController|true|false
15:55:06.53 (53995458)|VARIABLE_ASSIGNMENT|[88]|this|{}|0x610baa6d
15:55:06.53 (54001554)|VARIABLE_SCOPE_BEGIN|[88]|escape|Boolean|false|false
15:55:06.53 (54010093)|VARIABLE_ASSIGNMENT|[88]|escape|null
15:55:06.54 (54126489)|SYSTEM_MODE_ENTER|true
15:55:06.54 (54162129)|HEAP_ALLOCATE|[EXTERNAL]|Bytes:8
15:55:06.54 (54169198)|VARIABLE_SCOPE_BEGIN|[2]|this|ApexPage.PageMessagesComponentController|true|false
15:55:06.54 (54189304)|VARIABLE_ASSIGNMENT|[2]|this|{}|0x610baa6d
15:55:06.0 (76722723)|VF_SERIALIZE_VIEWSTATE_BEGIN|066N0000000M524
15:55:06.0 (125930478)|VF_SERIALIZE_VIEWSTATE_END
15:55:06.0 (142863662)|CODE_UNIT_STARTED|[EXTERNAL]|Generate Metadata
15:55:06.0 (144782876)|CODE_UNIT_FINISHED|Generate Metadata
15:55:06.151 (151752606)|CUMULATIVE_LIMIT_USAGE
15:55:06.151 (151752606)|LIMIT_USAGE_FOR_NS|(default)|
  Number of SOQL queries: 0 out of 100
  Number of query rows: 0 out of 50000
  Number of SOSL queries: 0 out of 20
  Number of DML statements: 0 out of 150
  Number of DML rows: 0 out of 10000
  Maximum CPU time: 0 out of 10000
  Maximum heap size: 0 out of 6000000
  Number of callouts: 0 out of 100
  Number of Email Invocations: 0 out of 10
  Number of future calls: 0 out of 50
  Number of queueable jobs added to the queue: 0 out of 50
  Number of Mobile Apex push calls: 0 out of 10

15:55:06.151 (151752606)|CUMULATIVE_LIMIT_USAGE_END

15:55:06.0 (151790100)|CODE_UNIT_FINISHED|VF: /apex/saDailyReportListForAdmin
15:55:06.0 (152490980)|EXECUTION_FINISHED
