42.0 APEX_CODE,FINEST;APEX_PROFILING,INFO;CALLOUT,INFO;DB,INFO;NBA,INFO;SYSTEM,DEBUG;VALIDATION,INFO;VISUALFORCE,INFO;WAVE,INFO;WORKFLOW,INFO
11:55:34.0 (78310)|USER_INFO|[EXTERNAL]|005N00000057PfO|thomas.remy+kddi_gwdev01@globalway.co.jp|Japan Standard Time|GMT+09:00
11:55:34.0 (112158)|EXECUTION_STARTED
11:55:34.0 (116808)|CODE_UNIT_STARTED|[EXTERNAL]|066N0000000M4pW|VF: /apex/sadailyreport
11:55:34.0 (254631)|VF_DESERIALIZE_VIEWSTATE_BEGIN|066N0000000M4pW
11:55:34.0 (3883569)|HEAP_ALLOCATE|[72]|Bytes:3
11:55:34.0 (3921363)|HEAP_ALLOCATE|[77]|Bytes:152
11:55:34.0 (3937705)|HEAP_ALLOCATE|[342]|Bytes:408
11:55:34.0 (3955019)|HEAP_ALLOCATE|[355]|Bytes:408
11:55:34.0 (3968857)|HEAP_ALLOCATE|[467]|Bytes:48
11:55:34.0 (3993664)|HEAP_ALLOCATE|[139]|Bytes:6
11:55:34.0 (4859710)|HEAP_ALLOCATE|[50]|Bytes:5
11:55:34.0 (4884419)|HEAP_ALLOCATE|[56]|Bytes:5
11:55:34.0 (4893693)|HEAP_ALLOCATE|[64]|Bytes:7
11:55:34.0 (5640002)|VARIABLE_SCOPE_BEGIN|[3]|saDailyReportCtrl.SOURCE|String|false|true
11:55:34.0 (5652011)|VARIABLE_SCOPE_BEGIN|[4]|saDailyReportCtrl.SOURCE_ID|String|false|true
11:55:34.0 (6676906)|VARIABLE_SCOPE_BEGIN|[25]|auMainTopCompCtrl.TYPE_SCREEN_ACCOUNT_LIST|Integer|false|true
11:55:34.0 (6688497)|VARIABLE_SCOPE_BEGIN|[26]|auMainTopCompCtrl.TYPE_SCREEN_ACTIVITY_LIST|Integer|false|true
11:55:34.0 (6694915)|VARIABLE_SCOPE_BEGIN|[7]|auMainTopCompCtrl.TYPE_SCREEN_CX_SCREEN|Integer|false|true
11:55:34.0 (6700869)|VARIABLE_SCOPE_BEGIN|[8]|auMainTopCompCtrl.TYPE_SCREEN_CX_TIMELINE|Integer|false|true
11:55:34.0 (6707717)|VARIABLE_SCOPE_BEGIN|[9]|auMainTopCompCtrl.TYPE_SCREEN_EVENT_SCHEDULE|Integer|false|true
11:55:34.0 (6713654)|VARIABLE_SCOPE_BEGIN|[10]|auMainTopCompCtrl.TYPE_SCREEN_EVENT_SCHEDULE_LIST|Integer|false|true
11:55:34.0 (6720149)|VARIABLE_SCOPE_BEGIN|[27]|auMainTopCompCtrl.TYPE_SCREEN_FILE_LIST|Integer|false|true
11:55:34.0 (6726771)|VARIABLE_SCOPE_BEGIN|[24]|auMainTopCompCtrl.TYPE_SCREEN_HONBU_DIRECT|Integer|false|true
11:55:34.0 (6733266)|VARIABLE_SCOPE_BEGIN|[11]|auMainTopCompCtrl.TYPE_SCREEN_KNOWLEDGE_DASHBOARD|Integer|false|true
11:55:34.0 (6738960)|VARIABLE_SCOPE_BEGIN|[12]|auMainTopCompCtrl.TYPE_SCREEN_KNOWLEDGE_LIST|Integer|false|true
11:55:34.0 (6744641)|VARIABLE_SCOPE_BEGIN|[15]|auMainTopCompCtrl.TYPE_SCREEN_SA_CHATTER|Integer|false|true
11:55:34.0 (6750011)|VARIABLE_SCOPE_BEGIN|[16]|auMainTopCompCtrl.TYPE_SCREEN_SA_DAILYREPORT|Integer|false|true
11:55:34.0 (6755758)|VARIABLE_SCOPE_BEGIN|[22]|auMainTopCompCtrl.TYPE_SCREEN_SA_DAILYREPORTLIST|Integer|false|true
11:55:34.0 (6761630)|VARIABLE_SCOPE_BEGIN|[18]|auMainTopCompCtrl.TYPE_SCREEN_SA_DOCUMENTS|Integer|false|true
11:55:34.0 (6767268)|VARIABLE_SCOPE_BEGIN|[17]|auMainTopCompCtrl.TYPE_SCREEN_SA_ENQUETE|Integer|false|true
11:55:34.0 (6773118)|VARIABLE_SCOPE_BEGIN|[20]|auMainTopCompCtrl.TYPE_SCREEN_SA_LINKS|Integer|false|true
11:55:34.0 (6778946)|VARIABLE_SCOPE_BEGIN|[13]|auMainTopCompCtrl.TYPE_SCREEN_SA_MESSAGES|Integer|false|true
11:55:34.0 (6784591)|VARIABLE_SCOPE_BEGIN|[19]|auMainTopCompCtrl.TYPE_SCREEN_SA_RANKING|Integer|false|true
11:55:34.0 (6790396)|VARIABLE_SCOPE_BEGIN|[14]|auMainTopCompCtrl.TYPE_SCREEN_SA_REPORTS|Integer|false|true
11:55:34.0 (6796573)|VARIABLE_SCOPE_BEGIN|[23]|auMainTopCompCtrl.TYPE_SCREEN_SA_TODO|Integer|false|true
11:55:34.0 (6802472)|VARIABLE_SCOPE_BEGIN|[21]|auMainTopCompCtrl.TYPE_SCREEN_SA_USRSETTINGS|Integer|false|true
11:55:34.0 (6808213)|VARIABLE_SCOPE_BEGIN|[4]|auMainTopCompCtrl.TYPE_SCREEN_STPD_EVENT|Integer|false|true
11:55:34.0 (6814422)|VARIABLE_SCOPE_BEGIN|[6]|auMainTopCompCtrl.TYPE_SCREEN_STPD_SCREEN|Integer|false|true
11:55:34.0 (6820412)|VARIABLE_SCOPE_BEGIN|[5]|auMainTopCompCtrl.TYPE_SCREEN_STPD_TIMELINE|Integer|false|true
11:55:34.0 (6827080)|VARIABLE_SCOPE_BEGIN|[3]|auMainTopCompCtrl.TYPE_SCREEN_SWITCH|Integer|false|true
11:55:34.0 (7954310)|VF_DESERIALIZE_VIEWSTATE_END
11:55:34.0 (10161260)|SYSTEM_MODE_ENTER|true
11:55:34.0 (10445212)|HEAP_ALLOCATE|[EXTERNAL]|Bytes:284
11:55:34.0 (10458124)|HEAP_ALLOCATE|[EXTERNAL]|Bytes:156
11:55:34.0 (10471567)|METHOD_ENTRY|[1]|01pN0000000Mill|auMainTopCompCtrl.auMainTopCompCtrl()
11:55:34.0 (10478400)|STATEMENT_EXECUTE|[1]
11:55:34.0 (10484393)|STATEMENT_EXECUTE|[1]
11:55:34.0 (10486799)|STATEMENT_EXECUTE|[3]
11:55:34.0 (10491517)|HEAP_ALLOCATE|[3]|Bytes:4
11:55:34.0 (10516997)|VARIABLE_ASSIGNMENT|[3]|auMainTopCompCtrl.TYPE_SCREEN_SWITCH|0
11:55:34.0 (10522325)|STATEMENT_EXECUTE|[4]
11:55:34.0 (10525076)|HEAP_ALLOCATE|[4]|Bytes:4
11:55:34.0 (10533211)|VARIABLE_ASSIGNMENT|[4]|auMainTopCompCtrl.TYPE_SCREEN_STPD_EVENT|11
11:55:34.0 (10537357)|STATEMENT_EXECUTE|[5]
11:55:34.0 (10539899)|HEAP_ALLOCATE|[5]|Bytes:4
11:55:34.0 (10546430)|VARIABLE_ASSIGNMENT|[5]|auMainTopCompCtrl.TYPE_SCREEN_STPD_TIMELINE|12
11:55:34.0 (10550539)|STATEMENT_EXECUTE|[6]
11:55:34.0 (10552525)|HEAP_ALLOCATE|[6]|Bytes:4
11:55:34.0 (10559151)|VARIABLE_ASSIGNMENT|[6]|auMainTopCompCtrl.TYPE_SCREEN_STPD_SCREEN|13
11:55:34.0 (10562537)|STATEMENT_EXECUTE|[7]
11:55:34.0 (10564380)|HEAP_ALLOCATE|[7]|Bytes:4
11:55:34.0 (10571083)|VARIABLE_ASSIGNMENT|[7]|auMainTopCompCtrl.TYPE_SCREEN_CX_SCREEN|21
11:55:34.0 (10575595)|STATEMENT_EXECUTE|[8]
11:55:34.0 (10577788)|HEAP_ALLOCATE|[8]|Bytes:4
11:55:34.0 (10583501)|VARIABLE_ASSIGNMENT|[8]|auMainTopCompCtrl.TYPE_SCREEN_CX_TIMELINE|22
11:55:34.0 (10587537)|STATEMENT_EXECUTE|[9]
11:55:34.0 (10589686)|HEAP_ALLOCATE|[9]|Bytes:4
11:55:34.0 (10595449)|VARIABLE_ASSIGNMENT|[9]|auMainTopCompCtrl.TYPE_SCREEN_EVENT_SCHEDULE|31
11:55:34.0 (10599522)|STATEMENT_EXECUTE|[10]
11:55:34.0 (10601599)|HEAP_ALLOCATE|[10]|Bytes:4
11:55:34.0 (10606944)|VARIABLE_ASSIGNMENT|[10]|auMainTopCompCtrl.TYPE_SCREEN_EVENT_SCHEDULE_LIST|32
11:55:34.0 (10611065)|STATEMENT_EXECUTE|[11]
11:55:34.0 (10613102)|HEAP_ALLOCATE|[11]|Bytes:4
11:55:34.0 (10618552)|VARIABLE_ASSIGNMENT|[11]|auMainTopCompCtrl.TYPE_SCREEN_KNOWLEDGE_DASHBOARD|41
11:55:34.0 (10622268)|STATEMENT_EXECUTE|[12]
11:55:34.0 (10624253)|HEAP_ALLOCATE|[12]|Bytes:4
11:55:34.0 (10629777)|VARIABLE_ASSIGNMENT|[12]|auMainTopCompCtrl.TYPE_SCREEN_KNOWLEDGE_LIST|42
11:55:34.0 (10633369)|STATEMENT_EXECUTE|[13]
11:55:34.0 (10635342)|HEAP_ALLOCATE|[13]|Bytes:4
11:55:34.0 (10641168)|VARIABLE_ASSIGNMENT|[13]|auMainTopCompCtrl.TYPE_SCREEN_SA_MESSAGES|51
11:55:34.0 (10645125)|STATEMENT_EXECUTE|[14]
11:55:34.0 (10647147)|HEAP_ALLOCATE|[14]|Bytes:4
11:55:34.0 (10653437)|VARIABLE_ASSIGNMENT|[14]|auMainTopCompCtrl.TYPE_SCREEN_SA_REPORTS|52
11:55:34.0 (10656924)|STATEMENT_EXECUTE|[15]
11:55:34.0 (10658748)|HEAP_ALLOCATE|[15]|Bytes:4
11:55:34.0 (10664042)|VARIABLE_ASSIGNMENT|[15]|auMainTopCompCtrl.TYPE_SCREEN_SA_CHATTER|53
11:55:34.0 (10667513)|STATEMENT_EXECUTE|[16]
11:55:34.0 (10669816)|HEAP_ALLOCATE|[16]|Bytes:4
11:55:34.0 (10675704)|VARIABLE_ASSIGNMENT|[16]|auMainTopCompCtrl.TYPE_SCREEN_SA_DAILYREPORT|54
11:55:34.0 (10679099)|STATEMENT_EXECUTE|[17]
11:55:34.0 (10680988)|HEAP_ALLOCATE|[17]|Bytes:4
11:55:34.0 (10686509)|VARIABLE_ASSIGNMENT|[17]|auMainTopCompCtrl.TYPE_SCREEN_SA_ENQUETE|55
11:55:34.0 (10690500)|STATEMENT_EXECUTE|[18]
11:55:34.0 (10692565)|HEAP_ALLOCATE|[18]|Bytes:4
11:55:34.0 (10698190)|VARIABLE_ASSIGNMENT|[18]|auMainTopCompCtrl.TYPE_SCREEN_SA_DOCUMENTS|56
11:55:34.0 (10701593)|STATEMENT_EXECUTE|[19]
11:55:34.0 (10703343)|HEAP_ALLOCATE|[19]|Bytes:4
11:55:34.0 (10709129)|VARIABLE_ASSIGNMENT|[19]|auMainTopCompCtrl.TYPE_SCREEN_SA_RANKING|57
11:55:34.0 (10712805)|STATEMENT_EXECUTE|[20]
11:55:34.0 (10714623)|HEAP_ALLOCATE|[20]|Bytes:4
11:55:34.0 (10720397)|VARIABLE_ASSIGNMENT|[20]|auMainTopCompCtrl.TYPE_SCREEN_SA_LINKS|58
11:55:34.0 (10723844)|STATEMENT_EXECUTE|[21]
11:55:34.0 (10725650)|HEAP_ALLOCATE|[21]|Bytes:4
11:55:34.0 (10731488)|VARIABLE_ASSIGNMENT|[21]|auMainTopCompCtrl.TYPE_SCREEN_SA_USRSETTINGS|59
11:55:34.0 (10735540)|STATEMENT_EXECUTE|[22]
11:55:34.0 (10737514)|HEAP_ALLOCATE|[22]|Bytes:4
11:55:34.0 (10743230)|VARIABLE_ASSIGNMENT|[22]|auMainTopCompCtrl.TYPE_SCREEN_SA_DAILYREPORTLIST|60
11:55:34.0 (10747286)|STATEMENT_EXECUTE|[23]
11:55:34.0 (10749417)|HEAP_ALLOCATE|[23]|Bytes:4
11:55:34.0 (10757483)|VARIABLE_ASSIGNMENT|[23]|auMainTopCompCtrl.TYPE_SCREEN_SA_TODO|61
11:55:34.0 (10761359)|STATEMENT_EXECUTE|[24]
11:55:34.0 (10763203)|HEAP_ALLOCATE|[24]|Bytes:4
11:55:34.0 (10768419)|VARIABLE_ASSIGNMENT|[24]|auMainTopCompCtrl.TYPE_SCREEN_HONBU_DIRECT|71
11:55:34.0 (10772086)|STATEMENT_EXECUTE|[25]
11:55:34.0 (10773893)|HEAP_ALLOCATE|[25]|Bytes:4
11:55:34.0 (10779262)|VARIABLE_ASSIGNMENT|[25]|auMainTopCompCtrl.TYPE_SCREEN_ACCOUNT_LIST|81
11:55:34.0 (10783038)|STATEMENT_EXECUTE|[26]
11:55:34.0 (10784861)|HEAP_ALLOCATE|[26]|Bytes:4
11:55:34.0 (10789916)|VARIABLE_ASSIGNMENT|[26]|auMainTopCompCtrl.TYPE_SCREEN_ACTIVITY_LIST|82
11:55:34.0 (10793662)|STATEMENT_EXECUTE|[27]
11:55:34.0 (10795727)|HEAP_ALLOCATE|[27]|Bytes:4
11:55:34.0 (10800867)|VARIABLE_ASSIGNMENT|[27]|auMainTopCompCtrl.TYPE_SCREEN_FILE_LIST|83
11:55:34.0 (10808440)|METHOD_EXIT|[1]|auMainTopCompCtrl
11:55:34.0 (10814886)|HEAP_ALLOCATE|[EXTERNAL]|Bytes:44
11:55:34.0 (10822660)|VARIABLE_SCOPE_BEGIN|[88]|this|auMainTopCompCtrl|true|false
11:55:34.0 (10881019)|VARIABLE_ASSIGNMENT|[88]|this|{"currentUser":"0x347e502f","isSAUser":false,"iTypeOfScreen":54,"urlReportsSFA":"https://cs6.lightnin (84 more) ..."}|0x4a05c24b
11:55:34.0 (10892222)|STATEMENT_EXECUTE|[88]
11:55:34.0 (10894070)|STATEMENT_EXECUTE|[89]
11:55:34.0 (10943492)|VARIABLE_ASSIGNMENT|[EXTERNAL]|this|{"currentUser":"0x347e502f","isSAUser":false,"iTypeOfScreen":54,"urlReportsSFA":"https://cs6.lightnin (84 more) ..."}|0x4a05c24b
11:55:34.0 (10990228)|VARIABLE_ASSIGNMENT|[EXTERNAL]|this|{"currentUser":"0x347e502f","isSAUser":false,"iTypeOfScreen":54,"urlReportsSFA":"https://cs6.lightnin (84 more) ..."}|0x4a05c24b
11:55:34.0 (11028674)|VARIABLE_ASSIGNMENT|[EXTERNAL]|this|{"currentUser":"0x347e502f","isSAUser":false,"iTypeOfScreen":54,"urlReportsSFA":"https://cs6.lightnin (84 more) ..."}|0x4a05c24b
11:55:34.0 (11066006)|VARIABLE_ASSIGNMENT|[EXTERNAL]|this|{"currentUser":"0x347e502f","isSAUser":false,"iTypeOfScreen":54,"urlReportsSFA":"https://cs6.lightnin (84 more) ..."}|0x4a05c24b
11:55:34.0 (11083075)|HEAP_ALLOCATE|[89]|Bytes:5
11:55:34.0 (11181284)|SYSTEM_MODE_ENTER|true
11:55:34.0 (11213777)|HEAP_ALLOCATE|[EXTERNAL]|Bytes:44
11:55:34.0 (11220730)|VARIABLE_SCOPE_BEGIN|[106]|this|auMainTopCompCtrl|true|false
11:55:34.0 (11254064)|VARIABLE_ASSIGNMENT|[106]|this|{"currentUser":"0x347e502f","isSAUser":false,"iTypeOfScreen":54,"urlReportsSFA":"https://cs6.lightnin (84 more) ..."}|0x4a05c24b
11:55:34.0 (11264242)|STATEMENT_EXECUTE|[106]
11:55:34.0 (11266258)|STATEMENT_EXECUTE|[107]
11:55:34.0 (11300119)|VARIABLE_ASSIGNMENT|[EXTERNAL]|this|{"currentUser":"0x347e502f","isSAUser":false,"iTypeOfScreen":54,"urlReportsSFA":"https://cs6.lightnin (84 more) ..."}|0x4a05c24b
11:55:34.0 (11314261)|HEAP_ALLOCATE|[107]|Bytes:5
11:55:34.0 (11375466)|SYSTEM_MODE_ENTER|true
11:55:34.0 (11403713)|HEAP_ALLOCATE|[EXTERNAL]|Bytes:44
11:55:34.0 (11410059)|VARIABLE_SCOPE_BEGIN|[110]|this|auMainTopCompCtrl|true|false
11:55:34.0 (11441254)|VARIABLE_ASSIGNMENT|[110]|this|{"currentUser":"0x347e502f","isSAUser":false,"iTypeOfScreen":54,"urlReportsSFA":"https://cs6.lightnin (84 more) ..."}|0x4a05c24b
11:55:34.0 (11450317)|STATEMENT_EXECUTE|[110]
11:55:34.0 (11452160)|STATEMENT_EXECUTE|[111]
11:55:34.0 (11484147)|VARIABLE_ASSIGNMENT|[EXTERNAL]|this|{"currentUser":"0x347e502f","isSAUser":false,"iTypeOfScreen":54,"urlReportsSFA":"https://cs6.lightnin (84 more) ..."}|0x4a05c24b
11:55:34.0 (11497848)|HEAP_ALLOCATE|[111]|Bytes:5
11:55:34.0 (11547621)|SYSTEM_MODE_ENTER|true
11:55:34.0 (11574676)|HEAP_ALLOCATE|[EXTERNAL]|Bytes:44
11:55:34.0 (11581455)|VARIABLE_SCOPE_BEGIN|[114]|this|auMainTopCompCtrl|true|false
11:55:34.0 (11612031)|VARIABLE_ASSIGNMENT|[114]|this|{"currentUser":"0x347e502f","isSAUser":false,"iTypeOfScreen":54,"urlReportsSFA":"https://cs6.lightnin (84 more) ..."}|0x4a05c24b
11:55:34.0 (11620971)|STATEMENT_EXECUTE|[114]
11:55:34.0 (11622618)|STATEMENT_EXECUTE|[115]
11:55:34.0 (11653743)|VARIABLE_ASSIGNMENT|[EXTERNAL]|this|{"currentUser":"0x347e502f","isSAUser":false,"iTypeOfScreen":54,"urlReportsSFA":"https://cs6.lightnin (84 more) ..."}|0x4a05c24b
11:55:34.0 (11666843)|HEAP_ALLOCATE|[115]|Bytes:5
11:55:34.0 (11743949)|SYSTEM_MODE_ENTER|true
11:55:34.0 (11764079)|HEAP_ALLOCATE|[EXTERNAL]|Bytes:44
11:55:34.0 (11773968)|VARIABLE_ASSIGNMENT|[EXTERNAL]|this.iCountComments|null|0x4a05c24b
11:55:34.0 (11815670)|SYSTEM_MODE_ENTER|true
11:55:34.0 (11828318)|HEAP_ALLOCATE|[EXTERNAL]|Bytes:44
11:55:34.0 (11836220)|VARIABLE_ASSIGNMENT|[EXTERNAL]|this.iCountLikes|null|0x4a05c24b
11:55:34.0 (11915931)|SYSTEM_MODE_ENTER|true
11:55:34.0 (11950858)|HEAP_ALLOCATE|[EXTERNAL]|Bytes:26
11:55:34.0 (11959249)|HEAP_ALLOCATE|[EXTERNAL]|Bytes:460
11:55:34.0 (11963817)|HEAP_ALLOCATE|[EXTERNAL]|Bytes:111
11:55:34.0 (11967829)|HEAP_ALLOCATE|[EXTERNAL]|Bytes:33
11:55:34.0 (11971851)|HEAP_ALLOCATE|[EXTERNAL]|Bytes:3
11:55:34.0 (11980314)|VARIABLE_ASSIGNMENT|[EXTERNAL]|saDailyReportCtrl.SOURCE|"src"
11:55:34.0 (11985188)|HEAP_ALLOCATE|[EXTERNAL]|Bytes:2
11:55:34.0 (11990921)|VARIABLE_ASSIGNMENT|[EXTERNAL]|saDailyReportCtrl.SOURCE_ID|"id"
11:55:34.0 (11998975)|METHOD_ENTRY|[1]|01pN0000000aE0W|saDailyReportCtrl.saDailyReportCtrl()
11:55:34.0 (12004514)|STATEMENT_EXECUTE|[1]
11:55:34.0 (12008729)|STATEMENT_EXECUTE|[1]
11:55:34.0 (12016960)|SYSTEM_MODE_ENTER|false
11:55:34.0 (12024108)|HEAP_ALLOCATE|[EXTERNAL]|Bytes:5
11:55:34.0 (12028571)|STATEMENT_EXECUTE|[644]
11:55:34.0 (12030358)|STATEMENT_EXECUTE|[671]
11:55:34.0 (12035303)|SYSTEM_MODE_EXIT|false
11:55:34.0 (12042185)|METHOD_EXIT|[1]|saDailyReportCtrl
11:55:34.0 (12047555)|HEAP_ALLOCATE|[EXTERNAL]|Bytes:76
11:55:34.0 (12052382)|VARIABLE_SCOPE_BEGIN|[84]|this|saDailyReportCtrl|true|false
11:55:34.0 (12385291)|VARIABLE_ASSIGNMENT|[84]|this|{"BusinessLocationName":"","currentInquiryReply":"0x69f59cbc","currentInquiryReplyDetail":"0xd860c53","dailyReportId":"a0IN0000006RUlWMAW","dCurrentDay":"2018-06-30T00:00:00Z","dCurrentMonth":"2018-07-01T00:00:00Z","iCurrentDay":0,"idBusinessLocation":"","isIPhone":false,"isPreview":true,"lsBusinessLocation":"0x4bbfcae4","messageError":"","messageQuestion":"","mpQuestions":"0x4add0b6d","myUser":"0xf886ef6"}|0x49790355
11:55:34.0 (12406094)|SYSTEM_MODE_ENTER|false
11:55:34.0 (12412647)|HEAP_ALLOCATE|[84]|Bytes:5
11:55:34.0 (12417732)|STATEMENT_EXECUTE|[84]
11:55:34.0 (12419718)|STATEMENT_EXECUTE|[84]
11:55:34.0 (12424411)|SYSTEM_MODE_EXIT|false
11:55:34.0 (12485284)|SYSTEM_MODE_ENTER|true
11:55:34.0 (12502303)|HEAP_ALLOCATE|[EXTERNAL]|Bytes:8
11:55:34.0 (12507060)|HEAP_ALLOCATE|[EXTERNAL]|Bytes:44
11:55:34.0 (12516343)|VARIABLE_ASSIGNMENT|[EXTERNAL]|this.iTypeOfScreen|54|0x4a05c24b
11:55:34.0 (12663966)|SYSTEM_MODE_ENTER|true
11:55:34.0 (12744005)|SYSTEM_MODE_ENTER|true
11:55:34.0 (12822662)|SYSTEM_MODE_ENTER|true
11:55:34.0 (13007733)|SYSTEM_MODE_ENTER|true
11:55:34.0 (14193051)|SYSTEM_MODE_ENTER|true
11:55:34.0 (16023157)|SYSTEM_MODE_ENTER|true
11:55:34.0 (16071148)|SYSTEM_MODE_ENTER|true
11:55:34.0 (16107652)|SYSTEM_MODE_ENTER|true
11:55:34.0 (16143797)|SYSTEM_MODE_ENTER|true
11:55:34.0 (16177395)|SYSTEM_MODE_ENTER|true
11:55:34.0 (16225460)|SYSTEM_MODE_ENTER|true
11:55:34.0 (16260111)|HEAP_ALLOCATE|[EXTERNAL]|Bytes:44
11:55:34.0 (16267537)|VARIABLE_SCOPE_BEGIN|[88]|this|auMainTopCompCtrl|true|false
11:55:34.0 (16307103)|VARIABLE_ASSIGNMENT|[88]|this|{"currentUser":"0x347e502f","isSAUser":false,"iTypeOfScreen":54,"urlReportsSFA":"https://cs6.lightnin (84 more) ..."}|0x4a05c24b
11:55:34.0 (16322681)|STATEMENT_EXECUTE|[88]
11:55:34.0 (16324725)|STATEMENT_EXECUTE|[89]
11:55:34.0 (16356340)|VARIABLE_ASSIGNMENT|[EXTERNAL]|this|{"currentUser":"0x347e502f","isSAUser":false,"iTypeOfScreen":54,"urlReportsSFA":"https://cs6.lightnin (84 more) ..."}|0x4a05c24b
11:55:34.0 (16394342)|VARIABLE_ASSIGNMENT|[EXTERNAL]|this|{"currentUser":"0x347e502f","isSAUser":false,"iTypeOfScreen":54,"urlReportsSFA":"https://cs6.lightnin (84 more) ..."}|0x4a05c24b
11:55:34.0 (16426047)|VARIABLE_ASSIGNMENT|[EXTERNAL]|this|{"currentUser":"0x347e502f","isSAUser":false,"iTypeOfScreen":54,"urlReportsSFA":"https://cs6.lightnin (84 more) ..."}|0x4a05c24b
11:55:34.0 (16456776)|VARIABLE_ASSIGNMENT|[EXTERNAL]|this|{"currentUser":"0x347e502f","isSAUser":false,"iTypeOfScreen":54,"urlReportsSFA":"https://cs6.lightnin (84 more) ..."}|0x4a05c24b
11:55:34.0 (16469771)|HEAP_ALLOCATE|[89]|Bytes:5
11:55:34.0 (16517285)|SYSTEM_MODE_ENTER|true
11:55:34.0 (16545780)|HEAP_ALLOCATE|[EXTERNAL]|Bytes:44
11:55:34.0 (16551788)|VARIABLE_SCOPE_BEGIN|[106]|this|auMainTopCompCtrl|true|false
11:55:34.0 (16585400)|VARIABLE_ASSIGNMENT|[106]|this|{"currentUser":"0x347e502f","isSAUser":false,"iTypeOfScreen":54,"urlReportsSFA":"https://cs6.lightnin (84 more) ..."}|0x4a05c24b
11:55:34.0 (16595115)|STATEMENT_EXECUTE|[106]
11:55:34.0 (16596975)|STATEMENT_EXECUTE|[107]
11:55:34.0 (16623168)|VARIABLE_ASSIGNMENT|[EXTERNAL]|this|{"currentUser":"0x347e502f","isSAUser":false,"iTypeOfScreen":54,"urlReportsSFA":"https://cs6.lightnin (84 more) ..."}|0x4a05c24b
11:55:34.0 (16636335)|HEAP_ALLOCATE|[107]|Bytes:5
11:55:34.0 (16677777)|SYSTEM_MODE_ENTER|true
11:55:34.0 (16704203)|HEAP_ALLOCATE|[EXTERNAL]|Bytes:44
11:55:34.0 (16709553)|VARIABLE_SCOPE_BEGIN|[110]|this|auMainTopCompCtrl|true|false
11:55:34.0 (16740271)|VARIABLE_ASSIGNMENT|[110]|this|{"currentUser":"0x347e502f","isSAUser":false,"iTypeOfScreen":54,"urlReportsSFA":"https://cs6.lightnin (84 more) ..."}|0x4a05c24b
11:55:34.0 (16748178)|STATEMENT_EXECUTE|[110]
11:55:34.0 (16749924)|STATEMENT_EXECUTE|[111]
11:55:34.0 (16775083)|VARIABLE_ASSIGNMENT|[EXTERNAL]|this|{"currentUser":"0x347e502f","isSAUser":false,"iTypeOfScreen":54,"urlReportsSFA":"https://cs6.lightnin (84 more) ..."}|0x4a05c24b
11:55:34.0 (16787587)|HEAP_ALLOCATE|[111]|Bytes:5
11:55:34.0 (16826933)|SYSTEM_MODE_ENTER|true
11:55:34.0 (16850976)|HEAP_ALLOCATE|[EXTERNAL]|Bytes:44
11:55:34.0 (16856218)|VARIABLE_SCOPE_BEGIN|[114]|this|auMainTopCompCtrl|true|false
11:55:34.0 (16886401)|VARIABLE_ASSIGNMENT|[114]|this|{"currentUser":"0x347e502f","isSAUser":false,"iTypeOfScreen":54,"urlReportsSFA":"https://cs6.lightnin (84 more) ..."}|0x4a05c24b
11:55:34.0 (16894548)|STATEMENT_EXECUTE|[114]
11:55:34.0 (16896156)|STATEMENT_EXECUTE|[115]
11:55:34.0 (16921106)|VARIABLE_ASSIGNMENT|[EXTERNAL]|this|{"currentUser":"0x347e502f","isSAUser":false,"iTypeOfScreen":54,"urlReportsSFA":"https://cs6.lightnin (84 more) ..."}|0x4a05c24b
11:55:34.0 (16933300)|HEAP_ALLOCATE|[115]|Bytes:5
11:55:34.0 (19553514)|SYSTEM_MODE_ENTER|true
11:55:34.0 (19576898)|HEAP_ALLOCATE|[EXTERNAL]|Bytes:16
11:55:34.0 (19583120)|HEAP_ALLOCATE|[EXTERNAL]|Bytes:76
11:55:34.0 (19595093)|VARIABLE_ASSIGNMENT|[EXTERNAL]|this.messageError|"正しいデーターを入れてください。"|0x49790355
11:55:34.0 (19625996)|SYSTEM_MODE_ENTER|true
11:55:34.0 (19640257)|HEAP_ALLOCATE|[EXTERNAL]|Bytes:76
11:55:34.0 (19648928)|VARIABLE_ASSIGNMENT|[EXTERNAL]|this.messageQuestion|""|0x49790355
11:55:34.0 (19671937)|SYSTEM_MODE_ENTER|true
11:55:34.0 (19685979)|HEAP_ALLOCATE|[EXTERNAL]|Bytes:5
11:55:34.0 (19690391)|HEAP_ALLOCATE|[EXTERNAL]|Bytes:76
11:55:34.0 (19697089)|VARIABLE_ASSIGNMENT|[EXTERNAL]|this.isPreview|true|0x49790355
11:55:34.0 (19719864)|SYSTEM_MODE_ENTER|true
11:55:34.0 (19732191)|HEAP_ALLOCATE|[EXTERNAL]|Bytes:76
11:55:34.0 (19740222)|VARIABLE_ASSIGNMENT|[EXTERNAL]|this.idBusinessLocation|""|0x49790355
11:55:34.0 (19761599)|SYSTEM_MODE_ENTER|true
11:55:34.0 (19773179)|HEAP_ALLOCATE|[EXTERNAL]|Bytes:8
11:55:34.0 (19777315)|HEAP_ALLOCATE|[EXTERNAL]|Bytes:76
11:55:34.0 (19783853)|VARIABLE_ASSIGNMENT|[EXTERNAL]|this.iCurrentDay|0|0x49790355
11:55:34.0 (19879434)|SYSTEM_MODE_ENTER|true
11:55:34.0 (19893169)|HEAP_ALLOCATE|[EXTERNAL]|Bytes:44
11:55:34.0 (19901518)|VARIABLE_ASSIGNMENT|[EXTERNAL]|this.iCountComments|null|0x4a05c24b
11:55:34.0 (19930402)|SYSTEM_MODE_ENTER|true
11:55:34.0 (19941527)|HEAP_ALLOCATE|[EXTERNAL]|Bytes:44
11:55:34.0 (19948226)|VARIABLE_ASSIGNMENT|[EXTERNAL]|this.iCountLikes|null|0x4a05c24b
11:55:34.0 (19983582)|SYSTEM_MODE_ENTER|true
11:55:34.0 (20016338)|HEAP_ALLOCATE|[EXTERNAL]|Bytes:76
11:55:34.0 (20023709)|VARIABLE_SCOPE_BEGIN|[84]|this|saDailyReportCtrl|true|false
11:55:34.0 (20194643)|VARIABLE_ASSIGNMENT|[84]|this|{"BusinessLocationName":"","currentInquiryReply":"0x69f59cbc","currentInquiryReplyDetail":"0xd860c53","dailyReportId":"a0IN0000006RUlWMAW","dCurrentDay":"2018-06-30T00:00:00Z","dCurrentMonth":"2018-07-01T00:00:00Z","iCurrentDay":0,"idBusinessLocation":"","isIPhone":false,"isPreview":true,"lsBusinessLocation":"0x4bbfcae4","messageError":"正しいデーターを入れてください。","messageQuestion":"","mpQuestions":"0x4add0b6d","myUser":"0xf886ef6"}|0x49790355
11:55:34.0 (20214536)|SYSTEM_MODE_ENTER|false
11:55:34.0 (20221633)|HEAP_ALLOCATE|[84]|Bytes:5
11:55:34.0 (20226581)|STATEMENT_EXECUTE|[84]
11:55:34.0 (20228758)|STATEMENT_EXECUTE|[84]
11:55:34.0 (20233159)|SYSTEM_MODE_EXIT|false
11:55:34.0 (20275263)|SYSTEM_MODE_ENTER|true
11:55:34.0 (20290028)|HEAP_ALLOCATE|[EXTERNAL]|Bytes:8
11:55:34.0 (20294843)|HEAP_ALLOCATE|[EXTERNAL]|Bytes:44
11:55:34.0 (20302882)|VARIABLE_ASSIGNMENT|[EXTERNAL]|this.iTypeOfScreen|54|0x4a05c24b
11:55:34.0 (20443975)|SYSTEM_MODE_ENTER|true
11:55:34.0 (22692229)|HEAP_ALLOCATE|[EXTERNAL]|Bytes:76
11:55:34.0 (22702938)|VARIABLE_SCOPE_BEGIN|[191]|this|saDailyReportCtrl|true|false
11:55:34.0 (22870230)|VARIABLE_ASSIGNMENT|[191]|this|{"BusinessLocationName":"","currentInquiryReply":"0x69f59cbc","currentInquiryReplyDetail":"0xd860c53","dailyReportId":"a0IN0000006RUlWMAW","dCurrentDay":"2018-06-30T00:00:00Z","dCurrentMonth":"2018-07-01T00:00:00Z","iCurrentDay":0,"idBusinessLocation":"","isIPhone":false,"isPreview":true,"lsBusinessLocation":"0x4bbfcae4","messageError":"正しいデーターを入れてください。","messageQuestion":"","mpQuestions":"0x4add0b6d","myUser":"0xf886ef6"}|0x49790355
11:55:34.0 (22890386)|SYSTEM_MODE_ENTER|false
11:55:34.0 (22897739)|HEAP_ALLOCATE|[193]|Bytes:5
11:55:34.0 (22903749)|STATEMENT_EXECUTE|[191]
11:55:34.0 (22905733)|STATEMENT_EXECUTE|[193]
11:55:34.0 (23067744)|VARIABLE_ASSIGNMENT|[EXTERNAL]|this|{"BusinessLocationName":"","currentInquiryReply":"0x69f59cbc","currentInquiryReplyDetail":"0xd860c53","dailyReportId":"a0IN0000006RUlWMAW","dCurrentDay":"2018-06-30T00:00:00Z","dCurrentMonth":"2018-07-01T00:00:00Z","iCurrentDay":0,"idBusinessLocation":"","isIPhone":false,"isPreview":true,"lsBusinessLocation":"0x4bbfcae4","messageError":"正しいデーターを入れてください。","messageQuestion":"","mpQuestions":"0x4add0b6d","myUser":"0xf886ef6"}|0x49790355
11:55:34.0 (23084903)|VARIABLE_ASSIGNMENT|[EXTERNAL]|value|""
11:55:34.0 (23096615)|VARIABLE_ASSIGNMENT|[6]|this.messageError|""|0x49790355
11:55:34.0 (23107639)|STATEMENT_EXECUTE|[194]
11:55:34.0 (23249483)|VARIABLE_ASSIGNMENT|[EXTERNAL]|this|{"BusinessLocationName":"","currentInquiryReply":"0x69f59cbc","currentInquiryReplyDetail":"0xd860c53","dailyReportId":"a0IN0000006RUlWMAW","dCurrentDay":"2018-06-30T00:00:00Z","dCurrentMonth":"2018-07-01T00:00:00Z","iCurrentDay":0,"idBusinessLocation":"","isIPhone":false,"isPreview":true,"lsBusinessLocation":"0x4bbfcae4","messageError":"","messageQuestion":"","mpQuestions":"0x4add0b6d","myUser":"0xf886ef6"}|0x49790355
11:55:34.0 (23264484)|VARIABLE_ASSIGNMENT|[EXTERNAL]|value|""
11:55:34.0 (23274176)|VARIABLE_ASSIGNMENT|[7]|this.messageQuestion|""|0x49790355
11:55:34.0 (23284173)|STATEMENT_EXECUTE|[196]
11:55:34.0 (23286046)|STATEMENT_EXECUTE|[196]
11:55:34.0 (23287591)|STATEMENT_EXECUTE|[198]
11:55:34.0 (23476782)|VARIABLE_ASSIGNMENT|[EXTERNAL]|this|{"BusinessLocationName":"","currentInquiryReply":"0x69f59cbc","currentInquiryReplyDetail":"0xd860c53","dailyReportId":"a0IN0000006RUlWMAW","dCurrentDay":"2018-06-30T00:00:00Z","dCurrentMonth":"2018-07-01T00:00:00Z","iCurrentDay":0,"idBusinessLocation":"","isIPhone":false,"isPreview":true,"lsBusinessLocation":"0x4bbfcae4","messageError":"","messageQuestion":"","mpQuestions":"0x4add0b6d","myUser":"0xf886ef6"}|0x49790355
11:55:34.0 (23531359)|HEAP_ALLOCATE|[198]|Bytes:4
11:55:34.0 (23564662)|VARIABLE_ASSIGNMENT|[198]|this.dCurrentDay|"2018-06-30T00:00:00.000Z"|0x49790355
11:55:34.0 (23573080)|STATEMENT_EXECUTE|[200]
11:55:34.0 (23587246)|HEAP_ALLOCATE|[200]|Bytes:4
11:55:34.0 (23805194)|VARIABLE_ASSIGNMENT|[EXTERNAL]|this|{"BusinessLocationName":"","currentInquiryReply":"0x69f59cbc","currentInquiryReplyDetail":"0xd860c53","dailyReportId":"a0IN0000006RUlWMAW","dCurrentDay":"2018-06-30T00:00:00Z","dCurrentMonth":"2018-07-01T00:00:00Z","iCurrentDay":0,"idBusinessLocation":"","isIPhone":false,"isPreview":true,"lsBusinessLocation":"0x4bbfcae4","messageError":"","messageQuestion":"","mpQuestions":"0x4add0b6d","myUser":"0xf886ef6"}|0x49790355
11:55:34.0 (23820129)|HEAP_ALLOCATE|[EXTERNAL]|Bytes:4
11:55:34.0 (23831619)|VARIABLE_ASSIGNMENT|[EXTERNAL]|value|[]|0x6a4391b
11:55:34.0 (23842915)|VARIABLE_ASSIGNMENT|[22]|this.currentInquiryReplyDetail|[]|0x49790355
11:55:34.0 (23851917)|STATEMENT_EXECUTE|[201]
11:55:34.0 (23865540)|HEAP_ALLOCATE|[201]|Bytes:4
11:55:34.0 (24035756)|VARIABLE_ASSIGNMENT|[EXTERNAL]|this|{"BusinessLocationName":"","currentInquiryReply":"0x69f59cbc","currentInquiryReplyDetail":"0x6a4391b","dailyReportId":"a0IN0000006RUlWMAW","dCurrentDay":"2018-06-30T00:00:00Z","dCurrentMonth":"2018-07-01T00:00:00Z","iCurrentDay":0,"idBusinessLocation":"","isIPhone":false,"isPreview":true,"lsBusinessLocation":"0x4bbfcae4","messageError":"","messageQuestion":"","mpQuestions":"0x4add0b6d","myUser":"0xf886ef6"}|0x49790355
11:55:34.0 (24056655)|VARIABLE_ASSIGNMENT|[EXTERNAL]|value|{}|0x6b025d1b
11:55:34.0 (24068127)|VARIABLE_ASSIGNMENT|[24]|this.mpQuestions|{}|0x49790355
11:55:34.0 (24077288)|STATEMENT_EXECUTE|[203]
11:55:34.0 (24216542)|VARIABLE_ASSIGNMENT|[EXTERNAL]|this|{"BusinessLocationName":"","currentInquiryReply":"0x69f59cbc","currentInquiryReplyDetail":"0x6a4391b","dailyReportId":"a0IN0000006RUlWMAW","dCurrentDay":"2018-06-30T00:00:00Z","dCurrentMonth":"2018-07-01T00:00:00Z","iCurrentDay":0,"idBusinessLocation":"","isIPhone":false,"isPreview":true,"lsBusinessLocation":"0x4bbfcae4","messageError":"","messageQuestion":"","mpQuestions":"0x6b025d1b","myUser":"0xf886ef6"}|0x49790355
11:55:34.0 (24230722)|VARIABLE_ASSIGNMENT|[EXTERNAL]|value|""
11:55:34.0 (24239646)|VARIABLE_ASSIGNMENT|[23]|this.BusinessLocationName|""|0x49790355
11:55:34.0 (24251917)|HEAP_ALLOCATE|[204]|Bytes:81
11:55:34.0 (24268899)|HEAP_ALLOCATE|[204]|Bytes:4
11:55:34.0 (24278593)|HEAP_ALLOCATE|[204]|Bytes:7
11:55:34.0 (24425180)|VARIABLE_ASSIGNMENT|[EXTERNAL]|this|{"BusinessLocationName":"","currentInquiryReply":"0x69f59cbc","currentInquiryReplyDetail":"0x6a4391b","dailyReportId":"a0IN0000006RUlWMAW","dCurrentDay":"2018-06-30T00:00:00Z","dCurrentMonth":"2018-07-01T00:00:00Z","iCurrentDay":0,"idBusinessLocation":"","isIPhone":false,"isPreview":true,"lsBusinessLocation":"0x4bbfcae4","messageError":"","messageQuestion":"","mpQuestions":"0x6b025d1b","myUser":"0xf886ef6"}|0x49790355
11:55:34.0 (24792684)|SOQL_EXECUTE_BEGIN|[204]|Aggregations:0|SELECT Id, BusinessLocationName__c FROM saBusinessLocation__c 
11:55:34.0 (26652808)|SOQL_EXECUTE_END|[204]|Rows:0
11:55:34.0 (26809505)|HEAP_ALLOCATE|[204]|Bytes:54
11:55:34.0 (26818922)|HEAP_ALLOCATE|[204]|Bytes:8
11:55:34.0 (26844845)|SYSTEM_METHOD_ENTRY|[7]|QueryLocatorIterator.QueryLocatorIterator()
11:55:34.0 (26849077)|STATEMENT_EXECUTE|[7]
11:55:34.0 (26855825)|SYSTEM_METHOD_EXIT|[7]|QueryLocatorIterator
11:55:34.0 (26863441)|HEAP_ALLOCATE|[204]|Bytes:28
11:55:34.0 (26879074)|HEAP_ALLOCATE|[204]|Bytes:8
11:55:34.0 (26882880)|HEAP_ALLOCATE|[204]|Bytes:8
11:55:34.0 (26888305)|VARIABLE_SCOPE_BEGIN|[15]|this|Database.QueryLocatorIterator|true|false
11:55:34.0 (26913231)|VARIABLE_ASSIGNMENT|[15]|this|{}|0x522a0c53
11:55:34.0 (26919819)|VARIABLE_SCOPE_BEGIN|[15]|values|List<SObject>|true|false
11:55:34.0 (26927937)|VARIABLE_ASSIGNMENT|[15]|values|null|
11:55:34.0 (26932345)|VARIABLE_SCOPE_BEGIN|[15]|ql|Database.QueryLocator|true|false
11:55:34.0 (26949611)|VARIABLE_ASSIGNMENT|[15]|ql|{"query":"SELECT Id, BusinessL (61 more) ..."}|0xa0c283a
11:55:34.0 (26955536)|VARIABLE_SCOPE_BEGIN|[15]|totalNumRecords|Integer|false|false
11:55:34.0 (26962894)|VARIABLE_ASSIGNMENT|[15]|totalNumRecords|0
11:55:34.0 (26966775)|VARIABLE_SCOPE_BEGIN|[15]|queryMoreSize|Integer|false|false
11:55:34.0 (26973582)|VARIABLE_ASSIGNMENT|[15]|queryMoreSize|50000
11:55:34.0 (27044812)|HEAP_ALLOCATE|[204]|Bytes:28
11:55:34.0 (27066527)|METHOD_ENTRY|[204]||Database.QueryLocatorIterator.hasNext()
11:55:34.0 (27084333)|METHOD_EXIT|[204]||Database.QueryLocatorIterator.hasNext()
11:55:34.0 (27116113)|VARIABLE_ASSIGNMENT|[204]|bl|null|
11:55:34.0 (27122680)|STATEMENT_EXECUTE|[204]
11:55:34.0 (27137929)|STATEMENT_EXECUTE|[211]
11:55:34.0 (27141177)|HEAP_ALLOCATE|[211]|Bytes:195
11:55:34.0 (27155069)|HEAP_ALLOCATE|[211]|Bytes:4
11:55:34.0 (27180074)|HEAP_ALLOCATE|[211]|Bytes:7
11:55:34.0 (27210778)|HEAP_ALLOCATE|[215]|Bytes:89
11:55:34.0 (27219593)|SYSTEM_METHOD_ENTRY|[1]|UserInfo.UserInfo()
11:55:34.0 (27223211)|STATEMENT_EXECUTE|[1]
11:55:34.0 (27227795)|SYSTEM_METHOD_EXIT|[1]|UserInfo
11:55:34.0 (27237701)|METHOD_ENTRY|[215]||System.UserInfo.getUserId()
11:55:34.0 (27274007)|METHOD_EXIT|[215]||System.UserInfo.getUserId()
11:55:34.0 (27758874)|SOQL_EXECUTE_BEGIN|[211]|Aggregations:0|SELECT Id, saBusinessLocation__c, Status__c, saInquiry__c, Comment__c FROM saInquiryReply__c WHERE (saInquiry__r.Type__c = 'DAILY_REPORT' AND DailyReportDate__c = :tmpVar1 AND User__c = :tmpVar2)
11:55:34.0 (32972979)|SOQL_EXECUTE_END|[211]|Rows:0
11:55:34.0 (32996209)|HEAP_ALLOCATE|[211]|Bytes:4
11:55:34.0 (33008679)|HEAP_ALLOCATE|[211]|Bytes:0
11:55:34.0 (33069380)|HEAP_ALLOCATE|[211]|Bytes:4
11:55:34.0 (33081921)|VARIABLE_SCOPE_BEGIN|[211]|lsInqRep|List<saInquiryReply__c>|true|false
11:55:34.0 (33098186)|VARIABLE_ASSIGNMENT|[211]|lsInqRep|[]|0x373e0a62
11:55:34.0 (33154771)|STATEMENT_EXECUTE|[217]
11:55:34.0 (33157369)|STATEMENT_EXECUTE|[219]
11:55:34.0 (33160929)|HEAP_ALLOCATE|[219]|Bytes:207
11:55:34.0 (33174373)|HEAP_ALLOCATE|[219]|Bytes:4
11:55:34.0 (33367525)|VARIABLE_ASSIGNMENT|[EXTERNAL]|this|{"BusinessLocationName":"","currentInquiryReply":"0x69f59cbc","currentInquiryReplyDetail":"0x6a4391b","dailyReportId":"a0IN0000006RUlWMAW","dCurrentDay":"2018-06-30T00:00:00Z","dCurrentMonth":"2018-07-01T00:00:00Z","iCurrentDay":0,"idBusinessLocation":"","isIPhone":false,"isPreview":true,"lsBusinessLocation":"0x4bbfcae4","messageError":"","messageQuestion":"","mpQuestions":"0x6b025d1b","myUser":"0xf886ef6"}|0x49790355
11:55:34.0 (33394460)|HEAP_ALLOCATE|[219]|Bytes:7
11:55:34.0 (33403942)|METHOD_ENTRY|[224]||System.UserInfo.getUserId()
11:55:34.0 (33424912)|METHOD_EXIT|[224]||System.UserInfo.getUserId()
11:55:34.0 (33715454)|SOQL_EXECUTE_BEGIN|[219]|Aggregations:0|SELECT Id, saBusinessLocation__c, Status__c FROM saInquiryReply__c WHERE (saInquiry__r.Type__c = 'DAILY_REPORT' AND DailyReportDate__c = :tmpVar1 AND saBusinessLocation__c = :tmpVar2 AND User__c != :tmpVar3)
11:55:34.0 (36226126)|SOQL_EXECUTE_END|[219]|Rows:0
11:55:34.0 (36248616)|HEAP_ALLOCATE|[219]|Bytes:4
11:55:34.0 (36261467)|HEAP_ALLOCATE|[219]|Bytes:0
11:55:34.0 (36285373)|HEAP_ALLOCATE|[219]|Bytes:4
11:55:34.0 (36296168)|VARIABLE_SCOPE_BEGIN|[219]|lsInqOtherPeople|List<saInquiryReply__c>|true|false
11:55:34.0 (36310960)|VARIABLE_ASSIGNMENT|[219]|lsInqOtherPeople|[]|0x15763459
11:55:34.0 (36347599)|STATEMENT_EXECUTE|[226]
11:55:34.0 (36349886)|STATEMENT_EXECUTE|[232]
11:55:34.0 (36352679)|VARIABLE_SCOPE_BEGIN|[232]|lsTemplate|List<saInquiryReply__c>|true|false
11:55:34.0 (36363652)|VARIABLE_ASSIGNMENT|[232]|lsTemplate|null|
11:55:34.0 (36537077)|VARIABLE_ASSIGNMENT|[EXTERNAL]|this|{"BusinessLocationName":"","currentInquiryReply":"0x69f59cbc","currentInquiryReplyDetail":"0x6a4391b","dailyReportId":"a0IN0000006RUlWMAW","dCurrentDay":"2018-06-30T00:00:00Z","dCurrentMonth":"2018-07-01T00:00:00Z","iCurrentDay":0,"idBusinessLocation":"","isIPhone":false,"isPreview":true,"lsBusinessLocation":"0x4bbfcae4","messageError":"","messageQuestion":"","mpQuestions":"0x6b025d1b","myUser":"0xf886ef6"}|0x49790355
11:55:34.0 (36557437)|STATEMENT_EXECUTE|[244]
11:55:34.0 (36559509)|STATEMENT_EXECUTE|[245]
11:55:34.0 (36562958)|HEAP_ALLOCATE|[245]|Bytes:393
11:55:34.0 (36578426)|HEAP_ALLOCATE|[245]|Bytes:4
11:55:34.0 (36609751)|METHOD_ENTRY|[251]||System.UserInfo.getUserId()
11:55:34.0 (36631971)|METHOD_EXIT|[251]||System.UserInfo.getUserId()
11:55:34.0 (37027947)|SOQL_EXECUTE_BEGIN|[245]|Aggregations:0|SELECT Id, saBusinessLocation__c, Status__c, saInquiry__c, Comment__c FROM saInquiryReply__c WHERE (saInquiry__r.Type__c = 'DAILY_REPORT' AND (saInquiry__r.ValidFrom__c = NULL OR saInquiry__r.ValidFrom__c <= :tmpVar1) AND (saInquiry__r.ValidTo__c = NULL OR saInquiry__r.ValidTo__c >= :tmpVar2) AND DailyReportDate__c = NULL AND User__c = :tmpVar3) ORDER BY CreatedDate DESC NULLS FIRST LIMIT 1
11:55:34.0 (41143612)|SOQL_EXECUTE_END|[245]|Rows:1
11:55:34.0 (41163578)|HEAP_ALLOCATE|[245]|Bytes:8
11:55:34.0 (41177110)|HEAP_ALLOCATE|[245]|Bytes:89
11:55:34.0 (41200838)|HEAP_ALLOCATE|[245]|Bytes:8
11:55:34.0 (41229548)|VARIABLE_ASSIGNMENT|[245]|lsTemplate|[{"Id":"a0KN0000007Kg4nMAC","Status__c":"WAITING_REPLY","saInquiry__c":"a0IN0000006RUllMAG"}]|0x1e0d01b2
11:55:34.0 (41236792)|STATEMENT_EXECUTE|[256]
11:55:34.0 (41240792)|HEAP_ALLOCATE|[256]|Bytes:11
11:55:34.0 (41335991)|HEAP_ALLOCATE|[256]|Bytes:101
11:55:34.0 (41359606)|HEAP_ALLOCATE|[256]|Bytes:112
11:55:34.0 (41379633)|USER_DEBUG|[256]|DEBUG|Template : (saInquiryReply__c:{Id=a0KN0000007Kg4nMAC, Status__c=WAITING_REPLY, saInquiry__c=a0IN0000006RUllMAG})
11:55:34.0 (41408323)|STATEMENT_EXECUTE|[257]
11:55:34.0 (41410334)|STATEMENT_EXECUTE|[263]
11:55:34.0 (41424542)|HEAP_ALLOCATE|[263]|Bytes:16
11:55:34.0 (41454065)|VARIABLE_SCOPE_BEGIN|[263]|idInquiry|Id|false|false
11:55:34.0 (41528977)|VARIABLE_ASSIGNMENT|[263]|idInquiry|"a0IN0000006RUllMAG"
11:55:34.0 (41536249)|STATEMENT_EXECUTE|[264]
11:55:34.0 (41556799)|HEAP_ALLOCATE|[264]|Bytes:4
11:55:34.0 (41816704)|VARIABLE_ASSIGNMENT|[EXTERNAL]|this|{"BusinessLocationName":"","currentInquiryReply":"0x69f59cbc","currentInquiryReplyDetail":"0x6a4391b","dailyReportId":"a0IN0000006RUlWMAW","dCurrentDay":"2018-06-30T00:00:00Z","dCurrentMonth":"2018-07-01T00:00:00Z","iCurrentDay":0,"idBusinessLocation":"","isIPhone":false,"isPreview":true,"lsBusinessLocation":"0x4bbfcae4","messageError":"","messageQuestion":"","mpQuestions":"0x6b025d1b","myUser":"0xf886ef6"}|0x49790355
11:55:34.0 (41836057)|VARIABLE_ASSIGNMENT|[EXTERNAL]|value|{}|0xee82055
11:55:34.0 (41848814)|VARIABLE_ASSIGNMENT|[21]|this.currentInquiryReply|{}|0x49790355
11:55:34.0 (41859226)|STATEMENT_EXECUTE|[265]
11:55:34.0 (42006850)|VARIABLE_ASSIGNMENT|[EXTERNAL]|this|{"BusinessLocationName":"","currentInquiryReply":"0xee82055","currentInquiryReplyDetail":"0x6a4391b","dailyReportId":"a0IN0000006RUlWMAW","dCurrentDay":"2018-06-30T00:00:00Z","dCurrentMonth":"2018-07-01T00:00:00Z","iCurrentDay":0,"idBusinessLocation":"","isIPhone":false,"isPreview":true,"lsBusinessLocation":"0x4bbfcae4","messageError":"","messageQuestion":"","mpQuestions":"0x6b025d1b","myUser":"0xf886ef6"}|0x49790355
11:55:34.0 (42089058)|VARIABLE_ASSIGNMENT|[265]|this.saInquiry__c|"a0IN0000006RUllMAG"|0xee82055
11:55:34.0 (42242175)|VARIABLE_ASSIGNMENT|[EXTERNAL]|this|{"BusinessLocationName":"","currentInquiryReply":"0xee82055","currentInquiryReplyDetail":"0x6a4391b","dailyReportId":"a0IN0000006RUlWMAW","dCurrentDay":"2018-06-30T00:00:00Z","dCurrentMonth":"2018-07-01T00:00:00Z","iCurrentDay":0,"idBusinessLocation":"","isIPhone":false,"isPreview":true,"lsBusinessLocation":"0x4bbfcae4","messageError":"","messageQuestion":"","mpQuestions":"0x6b025d1b","myUser":"0xf886ef6"}|0x49790355
11:55:34.0 (42261172)|STATEMENT_EXECUTE|[269]
11:55:34.0 (42263106)|STATEMENT_EXECUTE|[272]
11:55:34.0 (42269177)|METHOD_ENTRY|[272]||System.UserInfo.getUserId()
11:55:34.0 (42291195)|METHOD_EXIT|[272]||System.UserInfo.getUserId()
11:55:34.0 (42305488)|HEAP_ALLOCATE|[272]|Bytes:4
11:55:34.0 (42451436)|VARIABLE_ASSIGNMENT|[EXTERNAL]|this|{"BusinessLocationName":"","currentInquiryReply":"0xee82055","currentInquiryReplyDetail":"0x6a4391b","dailyReportId":"a0IN0000006RUlWMAW","dCurrentDay":"2018-06-30T00:00:00Z","dCurrentMonth":"2018-07-01T00:00:00Z","iCurrentDay":0,"idBusinessLocation":"","isIPhone":false,"isPreview":true,"lsBusinessLocation":"0x4bbfcae4","messageError":"","messageQuestion":"","mpQuestions":"0x6b025d1b","myUser":"0xf886ef6"}|0x49790355
11:55:34.0 (42507989)|VARIABLE_ASSIGNMENT|[272]|this.User__c|"005N00000057PfOIAU"|0xee82055
11:55:34.0 (42514993)|STATEMENT_EXECUTE|[273]
11:55:34.0 (42661685)|VARIABLE_ASSIGNMENT|[EXTERNAL]|this|{"BusinessLocationName":"","currentInquiryReply":"0xee82055","currentInquiryReplyDetail":"0x6a4391b","dailyReportId":"a0IN0000006RUlWMAW","dCurrentDay":"2018-06-30T00:00:00Z","dCurrentMonth":"2018-07-01T00:00:00Z","iCurrentDay":0,"idBusinessLocation":"","isIPhone":false,"isPreview":true,"lsBusinessLocation":"0x4bbfcae4","messageError":"","messageQuestion":"","mpQuestions":"0x6b025d1b","myUser":"0xf886ef6"}|0x49790355
11:55:34.0 (42725075)|VARIABLE_ASSIGNMENT|[273]|this.DailyReportDate__c|"2018-06-30T00:00:00.000Z"|0xee82055
11:55:34.0 (42732249)|STATEMENT_EXECUTE|[274]
11:55:34.0 (42736232)|HEAP_ALLOCATE|[274]|Bytes:13
11:55:34.0 (42883587)|VARIABLE_ASSIGNMENT|[EXTERNAL]|this|{"BusinessLocationName":"","currentInquiryReply":"0xee82055","currentInquiryReplyDetail":"0x6a4391b","dailyReportId":"a0IN0000006RUlWMAW","dCurrentDay":"2018-06-30T00:00:00Z","dCurrentMonth":"2018-07-01T00:00:00Z","iCurrentDay":0,"idBusinessLocation":"","isIPhone":false,"isPreview":true,"lsBusinessLocation":"0x4bbfcae4","messageError":"","messageQuestion":"","mpQuestions":"0x6b025d1b","myUser":"0xf886ef6"}|0x49790355
11:55:34.0 (42930651)|VARIABLE_ASSIGNMENT|[274]|this.Status__c|"WAITING_REPLY"|0xee82055
11:55:34.0 (42937275)|STATEMENT_EXECUTE|[275]
11:55:34.0 (43078967)|VARIABLE_ASSIGNMENT|[EXTERNAL]|this|{"BusinessLocationName":"","currentInquiryReply":"0xee82055","currentInquiryReplyDetail":"0x6a4391b","dailyReportId":"a0IN0000006RUlWMAW","dCurrentDay":"2018-06-30T00:00:00Z","dCurrentMonth":"2018-07-01T00:00:00Z","iCurrentDay":0,"idBusinessLocation":"","isIPhone":false,"isPreview":true,"lsBusinessLocation":"0x4bbfcae4","messageError":"","messageQuestion":"","mpQuestions":"0x6b025d1b","myUser":"0xf886ef6"}|0x49790355
11:55:34.0 (43122480)|VARIABLE_ASSIGNMENT|[275]|this.Comment__c|""|0xee82055
11:55:34.0 (43129161)|STATEMENT_EXECUTE|[277]
11:55:34.0 (43133462)|HEAP_ALLOCATE|[277]|Bytes:625
11:55:34.0 (43147587)|HEAP_ALLOCATE|[277]|Bytes:4
11:55:34.0 (43609425)|SOQL_EXECUTE_BEGIN|[277]|Aggregations:0|SELECT Id, QuestionLabel__c, AnswerType__c, NumberPossibleReplies__c, IsShortReply__c, SortNo__c, IsRequired__c, Reply01Label__c, Reply02Label__c, Reply03Label__c, Reply04Label__c, Reply05Label__c, Reply06Label__c, Reply07Label__c, Reply08Label__c, Reply09Label__c, Reply10Label__c, Reply11Label__c, Reply12Label__c, Reply13Label__c, Reply14Label__c, Reply15Label__c, Reply16Label__c, Reply17Label__c, Reply18Label__c, Reply19Label__c, Reply20Label__c, Reply21Label__c, Reply22Label__c, Reply23Label__c, Reply24Label__c, Reply25Label__c FROM saInquiryDetail__c WHERE saInquiry__c = :tmpVar1 ORDER BY SortNo__c ASC NULLS FIRST
11:55:34.0 (53037077)|SOQL_EXECUTE_END|[277]|Rows:1
11:55:34.0 (53057726)|HEAP_ALLOCATE|[277]|Bytes:8
11:55:34.0 (53079807)|HEAP_ALLOCATE|[277]|Bytes:282
11:55:34.0 (53120352)|HEAP_ALLOCATE|[277]|Bytes:8
11:55:34.0 (53133422)|VARIABLE_SCOPE_BEGIN|[277]|lsTmpQuest|List<saInquiryDetail__c>|true|false
11:55:34.0 (53168565)|VARIABLE_ASSIGNMENT|[277]|lsTmpQuest|[{"Id":"a0JN0000008h2r2MAA","QuestionLabel__c":"Works?","AnswerType__c":"CHECKBOX","NumberPossibleReplies__c":2,"IsShortReply__c":true,"SortNo__c":0,"IsRequired__c":false,"Reply01Label__c":"Yes!","Reply02Label__c":"No!"}]|0x3f60e58b
11:55:34.0 (53333677)|HEAP_ALLOCATE|[287]|Bytes:5
11:55:34.0 (53355814)|HEAP_ALLOCATE|[287]|Bytes:40
11:55:34.0 (53365673)|VARIABLE_SCOPE_BEGIN|[287]|quest|saInquiryDetail__c|true|false
11:55:34.0 (53391915)|VARIABLE_ASSIGNMENT|[287]|quest|{"Id":"a0JN0000008h2r2MAA","QuestionLabel__c":"Works?","AnswerType__c":"CHECKBOX","NumberPossibleReplies__c":2,"IsShortReply__c":true,"SortNo__c":0,"IsRequired__c":false,"Reply01Label__c":"Yes!","Reply02Label__c":"No!"}|0x56ea6074
11:55:34.0 (53400348)|STATEMENT_EXECUTE|[287]
11:55:34.0 (53402658)|STATEMENT_EXECUTE|[288]
11:55:34.0 (53427722)|HEAP_ALLOCATE|[288]|Bytes:4
11:55:34.0 (53505405)|VARIABLE_SCOPE_BEGIN|[288]|questReply|saInquiryReplyDetail__c|true|false
11:55:34.0 (53520192)|VARIABLE_ASSIGNMENT|[288]|questReply|{}|0x6e9e8b9f
11:55:34.0 (53525829)|STATEMENT_EXECUTE|[289]
11:55:34.0 (53612286)|VARIABLE_ASSIGNMENT|[289]|this.saInquiryDetail__c|"a0JN0000008h2r2MAA"|0x6e9e8b9f
11:55:34.0 (53619619)|STATEMENT_EXECUTE|[290]
11:55:34.0 (53796950)|VARIABLE_ASSIGNMENT|[EXTERNAL]|this|{"BusinessLocationName":"","currentInquiryReply":"0xee82055","currentInquiryReplyDetail":"0x6a4391b","dailyReportId":"a0IN0000006RUlWMAW","dCurrentDay":"2018-06-30T00:00:00Z","dCurrentMonth":"2018-07-01T00:00:00Z","iCurrentDay":0,"idBusinessLocation":"","isIPhone":false,"isPreview":true,"lsBusinessLocation":"0x4bbfcae4","messageError":"","messageQuestion":"","mpQuestions":"0x6b025d1b","myUser":"0xf886ef6"}|0x49790355
11:55:34.0 (53829169)|HEAP_ALLOCATE|[EXTERNAL]|Bytes:4
11:55:34.0 (53837173)|STATEMENT_EXECUTE|[291]
11:55:34.0 (53985464)|VARIABLE_ASSIGNMENT|[EXTERNAL]|this|{"BusinessLocationName":"","currentInquiryReply":"0xee82055","currentInquiryReplyDetail":"0x6a4391b","dailyReportId":"a0IN0000006RUlWMAW","dCurrentDay":"2018-06-30T00:00:00Z","dCurrentMonth":"2018-07-01T00:00:00Z","iCurrentDay":0,"idBusinessLocation":"","isIPhone":false,"isPreview":true,"lsBusinessLocation":"0x4bbfcae4","messageError":"","messageQuestion":"","mpQuestions":"0x6b025d1b","myUser":"0xf886ef6"}|0x49790355
11:55:34.0 (54020563)|HEAP_ALLOCATE|[EXTERNAL]|Bytes:-4
11:55:34.0 (54038106)|HEAP_ALLOCATE|[287]|Bytes:5
11:55:34.0 (54052144)|VARIABLE_ASSIGNMENT|[287]|quest|null|
11:55:34.0 (54062853)|SYSTEM_MODE_EXIT|false
11:55:34.0 (70748913)|SYSTEM_MODE_ENTER|true
11:55:34.0 (70787364)|HEAP_ALLOCATE|[EXTERNAL]|Bytes:44
11:55:34.0 (70802201)|VARIABLE_ASSIGNMENT|[EXTERNAL]|this.iCountComments|null|0x4a05c24b
11:55:34.0 (70850631)|SYSTEM_MODE_ENTER|true
11:55:34.0 (70863797)|HEAP_ALLOCATE|[EXTERNAL]|Bytes:44
11:55:34.0 (70878586)|VARIABLE_ASSIGNMENT|[EXTERNAL]|this.iCountLikes|null|0x4a05c24b
11:55:34.0 (70946500)|SYSTEM_MODE_ENTER|true
11:55:34.0 (70997707)|HEAP_ALLOCATE|[EXTERNAL]|Bytes:76
11:55:34.0 (71008179)|VARIABLE_SCOPE_BEGIN|[84]|this|saDailyReportCtrl|true|false
11:55:34.0 (71232433)|VARIABLE_ASSIGNMENT|[84]|this|{"BusinessLocationName":"","currentInquiryReply":"0xee82055","currentInquiryReplyDetail":"0x6a4391b","dailyReportId":"a0IN0000006RUlWMAW","dCurrentDay":"2018-06-30T00:00:00Z","dCurrentMonth":"2018-07-01T00:00:00Z","iCurrentDay":0,"idBusinessLocation":"","isIPhone":false,"isPreview":true,"lsBusinessLocation":"0x4bbfcae4","messageError":"","messageQuestion":"","mpQuestions":"0x6b025d1b","myUser":"0xf886ef6"}|0x49790355
11:55:34.0 (71255342)|SYSTEM_MODE_ENTER|false
11:55:34.0 (71263339)|HEAP_ALLOCATE|[84]|Bytes:5
11:55:34.0 (71268957)|STATEMENT_EXECUTE|[84]
11:55:34.0 (71270973)|STATEMENT_EXECUTE|[84]
11:55:34.0 (71278015)|SYSTEM_MODE_EXIT|false
11:55:34.0 (71333485)|SYSTEM_MODE_ENTER|true
11:55:34.0 (71357517)|HEAP_ALLOCATE|[EXTERNAL]|Bytes:8
11:55:34.0 (71363097)|HEAP_ALLOCATE|[EXTERNAL]|Bytes:44
11:55:34.0 (71372717)|VARIABLE_ASSIGNMENT|[EXTERNAL]|this.iTypeOfScreen|54|0x4a05c24b
11:55:34.0 (71450054)|SYSTEM_MODE_ENTER|true
11:55:34.0 (71485035)|HEAP_ALLOCATE|[EXTERNAL]|Bytes:44
11:55:34.0 (71492286)|VARIABLE_SCOPE_BEGIN|[88]|this|auMainTopCompCtrl|true|false
11:55:34.0 (71536664)|VARIABLE_ASSIGNMENT|[88]|this|{"currentUser":"0x347e502f","isSAUser":false,"iTypeOfScreen":54,"urlReportsSFA":"https://cs6.lightnin (84 more) ..."}|0x4a05c24b
11:55:34.0 (71547283)|STATEMENT_EXECUTE|[88]
11:55:34.0 (71549413)|STATEMENT_EXECUTE|[89]
11:55:34.0 (71586401)|VARIABLE_ASSIGNMENT|[EXTERNAL]|this|{"currentUser":"0x347e502f","isSAUser":false,"iTypeOfScreen":54,"urlReportsSFA":"https://cs6.lightnin (84 more) ..."}|0x4a05c24b
11:55:34.0 (71632516)|VARIABLE_ASSIGNMENT|[EXTERNAL]|this|{"currentUser":"0x347e502f","isSAUser":false,"iTypeOfScreen":54,"urlReportsSFA":"https://cs6.lightnin (84 more) ..."}|0x4a05c24b
11:55:34.0 (71669019)|VARIABLE_ASSIGNMENT|[EXTERNAL]|this|{"currentUser":"0x347e502f","isSAUser":false,"iTypeOfScreen":54,"urlReportsSFA":"https://cs6.lightnin (84 more) ..."}|0x4a05c24b
11:55:34.0 (71700553)|VARIABLE_ASSIGNMENT|[EXTERNAL]|this|{"currentUser":"0x347e502f","isSAUser":false,"iTypeOfScreen":54,"urlReportsSFA":"https://cs6.lightnin (84 more) ..."}|0x4a05c24b
11:55:34.0 (71721615)|HEAP_ALLOCATE|[89]|Bytes:5
11:55:34.0 (71796286)|SYSTEM_MODE_ENTER|true
11:55:34.0 (71828202)|HEAP_ALLOCATE|[EXTERNAL]|Bytes:44
11:55:34.0 (71835070)|VARIABLE_SCOPE_BEGIN|[106]|this|auMainTopCompCtrl|true|false
11:55:34.0 (71866767)|VARIABLE_ASSIGNMENT|[106]|this|{"currentUser":"0x347e502f","isSAUser":false,"iTypeOfScreen":54,"urlReportsSFA":"https://cs6.lightnin (84 more) ..."}|0x4a05c24b
11:55:34.0 (71876549)|STATEMENT_EXECUTE|[106]
11:55:34.0 (71878602)|STATEMENT_EXECUTE|[107]
11:55:34.0 (71912432)|VARIABLE_ASSIGNMENT|[EXTERNAL]|this|{"currentUser":"0x347e502f","isSAUser":false,"iTypeOfScreen":54,"urlReportsSFA":"https://cs6.lightnin (84 more) ..."}|0x4a05c24b
11:55:34.0 (71930178)|HEAP_ALLOCATE|[107]|Bytes:5
11:55:34.0 (71984317)|SYSTEM_MODE_ENTER|true
11:55:34.0 (72013787)|HEAP_ALLOCATE|[EXTERNAL]|Bytes:44
11:55:34.0 (72021175)|VARIABLE_SCOPE_BEGIN|[110]|this|auMainTopCompCtrl|true|false
11:55:34.0 (72052041)|VARIABLE_ASSIGNMENT|[110]|this|{"currentUser":"0x347e502f","isSAUser":false,"iTypeOfScreen":54,"urlReportsSFA":"https://cs6.lightnin (84 more) ..."}|0x4a05c24b
11:55:34.0 (72060588)|STATEMENT_EXECUTE|[110]
11:55:34.0 (72062673)|STATEMENT_EXECUTE|[111]
11:55:34.0 (72088520)|VARIABLE_ASSIGNMENT|[EXTERNAL]|this|{"currentUser":"0x347e502f","isSAUser":false,"iTypeOfScreen":54,"urlReportsSFA":"https://cs6.lightnin (84 more) ..."}|0x4a05c24b
11:55:34.0 (72102249)|HEAP_ALLOCATE|[111]|Bytes:5
11:55:34.0 (72153991)|SYSTEM_MODE_ENTER|true
11:55:34.0 (72181938)|HEAP_ALLOCATE|[EXTERNAL]|Bytes:44
11:55:34.0 (72188826)|VARIABLE_SCOPE_BEGIN|[114]|this|auMainTopCompCtrl|true|false
11:55:34.0 (72225327)|VARIABLE_ASSIGNMENT|[114]|this|{"currentUser":"0x347e502f","isSAUser":false,"iTypeOfScreen":54,"urlReportsSFA":"https://cs6.lightnin (84 more) ..."}|0x4a05c24b
11:55:34.0 (72234732)|STATEMENT_EXECUTE|[114]
11:55:34.0 (72237241)|STATEMENT_EXECUTE|[115]
11:55:34.0 (72266053)|VARIABLE_ASSIGNMENT|[EXTERNAL]|this|{"currentUser":"0x347e502f","isSAUser":false,"iTypeOfScreen":54,"urlReportsSFA":"https://cs6.lightnin (84 more) ..."}|0x4a05c24b
11:55:34.0 (72279749)|HEAP_ALLOCATE|[115]|Bytes:5
11:55:34.0 (72368002)|SYSTEM_MODE_ENTER|true
11:55:34.0 (72466914)|SYSTEM_MODE_ENTER|true
11:55:34.0 (72578447)|SYSTEM_MODE_ENTER|true
11:55:34.0 (72767528)|SYSTEM_MODE_ENTER|true
11:55:34.0 (75243481)|SYSTEM_MODE_ENTER|true
11:55:34.0 (75326363)|SYSTEM_MODE_ENTER|true
11:55:34.0 (75967569)|SYSTEM_MODE_ENTER|true
11:55:34.0 (76004562)|HEAP_ALLOCATE|[EXTERNAL]|Bytes:76
11:55:34.0 (76013536)|VARIABLE_SCOPE_BEGIN|[133]|this|saDailyReportCtrl|true|false
11:55:34.0 (76184859)|VARIABLE_ASSIGNMENT|[133]|this|{"BusinessLocationName":"","currentInquiryReply":"0xee82055","currentInquiryReplyDetail":"0x6a4391b","dailyReportId":"a0IN0000006RUlWMAW","dCurrentDay":"2018-06-30T00:00:00Z","dCurrentMonth":"2018-07-01T00:00:00Z","iCurrentDay":0,"idBusinessLocation":"","isIPhone":false,"isPreview":true,"lsBusinessLocation":"0x4bbfcae4","messageError":"","messageQuestion":"","mpQuestions":"0x6b025d1b","myUser":"0xf886ef6"}|0x49790355
11:55:34.0 (76204902)|SYSTEM_MODE_ENTER|false
11:55:34.0 (76212247)|HEAP_ALLOCATE|[134]|Bytes:5
11:55:34.0 (76217495)|STATEMENT_EXECUTE|[133]
11:55:34.0 (76219386)|STATEMENT_EXECUTE|[134]
11:55:34.0 (76287397)|HEAP_ALLOCATE|[134]|Bytes:4
11:55:34.0 (76298432)|HEAP_ALLOCATE|[134]|Bytes:1
11:55:34.0 (76325309)|HEAP_ALLOCATE|[134]|Bytes:1
11:55:34.0 (76334495)|HEAP_ALLOCATE|[134]|Bytes:1
11:55:34.0 (76360679)|HEAP_ALLOCATE|[134]|Bytes:2
11:55:34.0 (76376704)|HEAP_ALLOCATE|[134]|Bytes:9
11:55:34.0 (76383164)|HEAP_ALLOCATE|[134]|Bytes:10
11:55:34.0 (76390277)|SYSTEM_MODE_EXIT|false
11:55:34.0 (76561504)|SYSTEM_MODE_ENTER|true
11:55:34.0 (76969474)|SYSTEM_MODE_ENTER|true
11:55:34.0 (90654303)|VF_SERIALIZE_VIEWSTATE_BEGIN|066N0000000M4pW
11:55:34.0 (94283383)|VF_SERIALIZE_VIEWSTATE_END
11:55:34.97 (97465732)|CUMULATIVE_LIMIT_USAGE
11:55:34.97 (97465732)|LIMIT_USAGE_FOR_NS|(default)|
  Number of SOQL queries: 5 out of 100
  Number of query rows: 2 out of 50000
  Number of SOSL queries: 0 out of 20
  Number of DML statements: 0 out of 150
  Number of DML rows: 0 out of 10000
  Maximum CPU time: 0 out of 10000
  Maximum heap size: 0 out of 6000000
  Number of callouts: 0 out of 100
  Number of Email Invocations: 0 out of 10
  Number of future calls: 0 out of 50
  Number of queueable jobs added to the queue: 0 out of 50
  Number of Mobile Apex push calls: 0 out of 10

11:55:34.97 (97465732)|CUMULATIVE_LIMIT_USAGE_END

11:55:34.0 (97502179)|CODE_UNIT_FINISHED|VF: /apex/sadailyreport
11:55:34.0 (98193762)|EXECUTION_FINISHED
