42.0 APEX_CODE,FINEST;APEX_PROFILING,INFO;CALLOUT,INFO;DB,INFO;NBA,INFO;SYSTEM,DEBUG;VALIDATION,INFO;VISUALFORCE,INFO;WAVE,INFO;WORKFLOW,INFO
10:50:31.0 (82530)|USER_INFO|[EXTERNAL]|005N00000057PfO|thomas.remy+kddi_gwdev01@globalway.co.jp|Japan Standard Time|GMT+09:00
10:50:31.0 (124039)|EXECUTION_STARTED
10:50:31.0 (129283)|CODE_UNIT_STARTED|[EXTERNAL]|066N0000000M4pW|VF: /apex/sadailyreport
10:50:31.0 (290006)|VF_DESERIALIZE_VIEWSTATE_BEGIN|066N0000000M4pW
10:50:31.0 (3660091)|HEAP_ALLOCATE|[72]|Bytes:3
10:50:31.0 (3712639)|HEAP_ALLOCATE|[77]|Bytes:152
10:50:31.0 (3730756)|HEAP_ALLOCATE|[342]|Bytes:408
10:50:31.0 (3743780)|HEAP_ALLOCATE|[355]|Bytes:408
10:50:31.0 (3756962)|HEAP_ALLOCATE|[467]|Bytes:48
10:50:31.0 (3784048)|HEAP_ALLOCATE|[139]|Bytes:6
10:50:31.0 (4749866)|HEAP_ALLOCATE|[50]|Bytes:5
10:50:31.0 (4784081)|HEAP_ALLOCATE|[56]|Bytes:5
10:50:31.0 (4793834)|HEAP_ALLOCATE|[64]|Bytes:7
10:50:31.0 (5529583)|VARIABLE_SCOPE_BEGIN|[3]|saDailyReportCtrl.SOURCE|String|false|true
10:50:31.0 (5542258)|VARIABLE_SCOPE_BEGIN|[4]|saDailyReportCtrl.SOURCE_ID|String|false|true
10:50:31.0 (6611826)|VARIABLE_SCOPE_BEGIN|[25]|auMainTopCompCtrl.TYPE_SCREEN_ACCOUNT_LIST|Integer|false|true
10:50:31.0 (6623746)|VARIABLE_SCOPE_BEGIN|[26]|auMainTopCompCtrl.TYPE_SCREEN_ACTIVITY_LIST|Integer|false|true
10:50:31.0 (6630778)|VARIABLE_SCOPE_BEGIN|[7]|auMainTopCompCtrl.TYPE_SCREEN_CX_SCREEN|Integer|false|true
10:50:31.0 (6636758)|VARIABLE_SCOPE_BEGIN|[8]|auMainTopCompCtrl.TYPE_SCREEN_CX_TIMELINE|Integer|false|true
10:50:31.0 (6643318)|VARIABLE_SCOPE_BEGIN|[9]|auMainTopCompCtrl.TYPE_SCREEN_EVENT_SCHEDULE|Integer|false|true
10:50:31.0 (6649204)|VARIABLE_SCOPE_BEGIN|[10]|auMainTopCompCtrl.TYPE_SCREEN_EVENT_SCHEDULE_LIST|Integer|false|true
10:50:31.0 (6655415)|VARIABLE_SCOPE_BEGIN|[27]|auMainTopCompCtrl.TYPE_SCREEN_FILE_LIST|Integer|false|true
10:50:31.0 (6661628)|VARIABLE_SCOPE_BEGIN|[24]|auMainTopCompCtrl.TYPE_SCREEN_HONBU_DIRECT|Integer|false|true
10:50:31.0 (6667755)|VARIABLE_SCOPE_BEGIN|[11]|auMainTopCompCtrl.TYPE_SCREEN_KNOWLEDGE_DASHBOARD|Integer|false|true
10:50:31.0 (6673456)|VARIABLE_SCOPE_BEGIN|[12]|auMainTopCompCtrl.TYPE_SCREEN_KNOWLEDGE_LIST|Integer|false|true
10:50:31.0 (6678930)|VARIABLE_SCOPE_BEGIN|[15]|auMainTopCompCtrl.TYPE_SCREEN_SA_CHATTER|Integer|false|true
10:50:31.0 (6684789)|VARIABLE_SCOPE_BEGIN|[16]|auMainTopCompCtrl.TYPE_SCREEN_SA_DAILYREPORT|Integer|false|true
10:50:31.0 (6690312)|VARIABLE_SCOPE_BEGIN|[22]|auMainTopCompCtrl.TYPE_SCREEN_SA_DAILYREPORTLIST|Integer|false|true
10:50:31.0 (6696354)|VARIABLE_SCOPE_BEGIN|[18]|auMainTopCompCtrl.TYPE_SCREEN_SA_DOCUMENTS|Integer|false|true
10:50:31.0 (6701981)|VARIABLE_SCOPE_BEGIN|[17]|auMainTopCompCtrl.TYPE_SCREEN_SA_ENQUETE|Integer|false|true
10:50:31.0 (6707726)|VARIABLE_SCOPE_BEGIN|[20]|auMainTopCompCtrl.TYPE_SCREEN_SA_LINKS|Integer|false|true
10:50:31.0 (6713456)|VARIABLE_SCOPE_BEGIN|[13]|auMainTopCompCtrl.TYPE_SCREEN_SA_MESSAGES|Integer|false|true
10:50:31.0 (6719404)|VARIABLE_SCOPE_BEGIN|[19]|auMainTopCompCtrl.TYPE_SCREEN_SA_RANKING|Integer|false|true
10:50:31.0 (6725793)|VARIABLE_SCOPE_BEGIN|[14]|auMainTopCompCtrl.TYPE_SCREEN_SA_REPORTS|Integer|false|true
10:50:31.0 (6731564)|VARIABLE_SCOPE_BEGIN|[23]|auMainTopCompCtrl.TYPE_SCREEN_SA_TODO|Integer|false|true
10:50:31.0 (6737619)|VARIABLE_SCOPE_BEGIN|[21]|auMainTopCompCtrl.TYPE_SCREEN_SA_USRSETTINGS|Integer|false|true
10:50:31.0 (6743627)|VARIABLE_SCOPE_BEGIN|[4]|auMainTopCompCtrl.TYPE_SCREEN_STPD_EVENT|Integer|false|true
10:50:31.0 (6749902)|VARIABLE_SCOPE_BEGIN|[6]|auMainTopCompCtrl.TYPE_SCREEN_STPD_SCREEN|Integer|false|true
10:50:31.0 (6756113)|VARIABLE_SCOPE_BEGIN|[5]|auMainTopCompCtrl.TYPE_SCREEN_STPD_TIMELINE|Integer|false|true
10:50:31.0 (6762091)|VARIABLE_SCOPE_BEGIN|[3]|auMainTopCompCtrl.TYPE_SCREEN_SWITCH|Integer|false|true
10:50:31.0 (8517219)|VF_DESERIALIZE_VIEWSTATE_END
10:50:31.0 (10771962)|SYSTEM_MODE_ENTER|true
10:50:31.0 (11083973)|HEAP_ALLOCATE|[EXTERNAL]|Bytes:284
10:50:31.0 (11097961)|HEAP_ALLOCATE|[EXTERNAL]|Bytes:146
10:50:31.0 (11111500)|METHOD_ENTRY|[1]|01pN0000000Mill|auMainTopCompCtrl.auMainTopCompCtrl()
10:50:31.0 (11118473)|STATEMENT_EXECUTE|[1]
10:50:31.0 (11124255)|STATEMENT_EXECUTE|[1]
10:50:31.0 (11126120)|STATEMENT_EXECUTE|[3]
10:50:31.0 (11133705)|HEAP_ALLOCATE|[3]|Bytes:4
10:50:31.0 (11157241)|VARIABLE_ASSIGNMENT|[3]|auMainTopCompCtrl.TYPE_SCREEN_SWITCH|0
10:50:31.0 (11162173)|STATEMENT_EXECUTE|[4]
10:50:31.0 (11165112)|HEAP_ALLOCATE|[4]|Bytes:4
10:50:31.0 (11173035)|VARIABLE_ASSIGNMENT|[4]|auMainTopCompCtrl.TYPE_SCREEN_STPD_EVENT|11
10:50:31.0 (11177199)|STATEMENT_EXECUTE|[5]
10:50:31.0 (11180221)|HEAP_ALLOCATE|[5]|Bytes:4
10:50:31.0 (11190390)|VARIABLE_ASSIGNMENT|[5]|auMainTopCompCtrl.TYPE_SCREEN_STPD_TIMELINE|12
10:50:31.0 (11198551)|STATEMENT_EXECUTE|[6]
10:50:31.0 (11202116)|HEAP_ALLOCATE|[6]|Bytes:4
10:50:31.0 (11213482)|VARIABLE_ASSIGNMENT|[6]|auMainTopCompCtrl.TYPE_SCREEN_STPD_SCREEN|13
10:50:31.0 (11219890)|STATEMENT_EXECUTE|[7]
10:50:31.0 (11223101)|HEAP_ALLOCATE|[7]|Bytes:4
10:50:31.0 (11229581)|VARIABLE_ASSIGNMENT|[7]|auMainTopCompCtrl.TYPE_SCREEN_CX_SCREEN|21
10:50:31.0 (11233578)|STATEMENT_EXECUTE|[8]
10:50:31.0 (11235459)|HEAP_ALLOCATE|[8]|Bytes:4
10:50:31.0 (11240896)|VARIABLE_ASSIGNMENT|[8]|auMainTopCompCtrl.TYPE_SCREEN_CX_TIMELINE|22
10:50:31.0 (11244979)|STATEMENT_EXECUTE|[9]
10:50:31.0 (11247036)|HEAP_ALLOCATE|[9]|Bytes:4
10:50:31.0 (11252730)|VARIABLE_ASSIGNMENT|[9]|auMainTopCompCtrl.TYPE_SCREEN_EVENT_SCHEDULE|31
10:50:31.0 (11256536)|STATEMENT_EXECUTE|[10]
10:50:31.0 (11258576)|HEAP_ALLOCATE|[10]|Bytes:4
10:50:31.0 (11263919)|VARIABLE_ASSIGNMENT|[10]|auMainTopCompCtrl.TYPE_SCREEN_EVENT_SCHEDULE_LIST|32
10:50:31.0 (11267923)|STATEMENT_EXECUTE|[11]
10:50:31.0 (11269974)|HEAP_ALLOCATE|[11]|Bytes:4
10:50:31.0 (11275498)|VARIABLE_ASSIGNMENT|[11]|auMainTopCompCtrl.TYPE_SCREEN_KNOWLEDGE_DASHBOARD|41
10:50:31.0 (11279220)|STATEMENT_EXECUTE|[12]
10:50:31.0 (11281113)|HEAP_ALLOCATE|[12]|Bytes:4
10:50:31.0 (11286509)|VARIABLE_ASSIGNMENT|[12]|auMainTopCompCtrl.TYPE_SCREEN_KNOWLEDGE_LIST|42
10:50:31.0 (11289892)|STATEMENT_EXECUTE|[13]
10:50:31.0 (11291836)|HEAP_ALLOCATE|[13]|Bytes:4
10:50:31.0 (11297705)|VARIABLE_ASSIGNMENT|[13]|auMainTopCompCtrl.TYPE_SCREEN_SA_MESSAGES|51
10:50:31.0 (11301374)|STATEMENT_EXECUTE|[14]
10:50:31.0 (11303401)|HEAP_ALLOCATE|[14]|Bytes:4
10:50:31.0 (11309199)|VARIABLE_ASSIGNMENT|[14]|auMainTopCompCtrl.TYPE_SCREEN_SA_REPORTS|52
10:50:31.0 (11312441)|STATEMENT_EXECUTE|[15]
10:50:31.0 (11314828)|HEAP_ALLOCATE|[15]|Bytes:4
10:50:31.0 (11319998)|VARIABLE_ASSIGNMENT|[15]|auMainTopCompCtrl.TYPE_SCREEN_SA_CHATTER|53
10:50:31.0 (11323650)|STATEMENT_EXECUTE|[16]
10:50:31.0 (11326368)|HEAP_ALLOCATE|[16]|Bytes:4
10:50:31.0 (11331843)|VARIABLE_ASSIGNMENT|[16]|auMainTopCompCtrl.TYPE_SCREEN_SA_DAILYREPORT|54
10:50:31.0 (11335104)|STATEMENT_EXECUTE|[17]
10:50:31.0 (11336947)|HEAP_ALLOCATE|[17]|Bytes:4
10:50:31.0 (11342447)|VARIABLE_ASSIGNMENT|[17]|auMainTopCompCtrl.TYPE_SCREEN_SA_ENQUETE|55
10:50:31.0 (11345649)|STATEMENT_EXECUTE|[18]
10:50:31.0 (11347614)|HEAP_ALLOCATE|[18]|Bytes:4
10:50:31.0 (11353578)|VARIABLE_ASSIGNMENT|[18]|auMainTopCompCtrl.TYPE_SCREEN_SA_DOCUMENTS|56
10:50:31.0 (11357216)|STATEMENT_EXECUTE|[19]
10:50:31.0 (11359166)|HEAP_ALLOCATE|[19]|Bytes:4
10:50:31.0 (11364912)|VARIABLE_ASSIGNMENT|[19]|auMainTopCompCtrl.TYPE_SCREEN_SA_RANKING|57
10:50:31.0 (11368103)|STATEMENT_EXECUTE|[20]
10:50:31.0 (11370339)|HEAP_ALLOCATE|[20]|Bytes:4
10:50:31.0 (11375936)|VARIABLE_ASSIGNMENT|[20]|auMainTopCompCtrl.TYPE_SCREEN_SA_LINKS|58
10:50:31.0 (11379328)|STATEMENT_EXECUTE|[21]
10:50:31.0 (11381333)|HEAP_ALLOCATE|[21]|Bytes:4
10:50:31.0 (11387104)|VARIABLE_ASSIGNMENT|[21]|auMainTopCompCtrl.TYPE_SCREEN_SA_USRSETTINGS|59
10:50:31.0 (11391549)|STATEMENT_EXECUTE|[22]
10:50:31.0 (11393749)|HEAP_ALLOCATE|[22]|Bytes:4
10:50:31.0 (11399185)|VARIABLE_ASSIGNMENT|[22]|auMainTopCompCtrl.TYPE_SCREEN_SA_DAILYREPORTLIST|60
10:50:31.0 (11402560)|STATEMENT_EXECUTE|[23]
10:50:31.0 (11404579)|HEAP_ALLOCATE|[23]|Bytes:4
10:50:31.0 (11412340)|VARIABLE_ASSIGNMENT|[23]|auMainTopCompCtrl.TYPE_SCREEN_SA_TODO|61
10:50:31.0 (11415884)|STATEMENT_EXECUTE|[24]
10:50:31.0 (11417882)|HEAP_ALLOCATE|[24]|Bytes:4
10:50:31.0 (11422924)|VARIABLE_ASSIGNMENT|[24]|auMainTopCompCtrl.TYPE_SCREEN_HONBU_DIRECT|71
10:50:31.0 (11426628)|STATEMENT_EXECUTE|[25]
10:50:31.0 (11428548)|HEAP_ALLOCATE|[25]|Bytes:4
10:50:31.0 (11433699)|VARIABLE_ASSIGNMENT|[25]|auMainTopCompCtrl.TYPE_SCREEN_ACCOUNT_LIST|81
10:50:31.0 (11437278)|STATEMENT_EXECUTE|[26]
10:50:31.0 (11439203)|HEAP_ALLOCATE|[26]|Bytes:4
10:50:31.0 (11444250)|VARIABLE_ASSIGNMENT|[26]|auMainTopCompCtrl.TYPE_SCREEN_ACTIVITY_LIST|82
10:50:31.0 (11447988)|STATEMENT_EXECUTE|[27]
10:50:31.0 (11449999)|HEAP_ALLOCATE|[27]|Bytes:4
10:50:31.0 (11455169)|VARIABLE_ASSIGNMENT|[27]|auMainTopCompCtrl.TYPE_SCREEN_FILE_LIST|83
10:50:31.0 (11463805)|METHOD_EXIT|[1]|auMainTopCompCtrl
10:50:31.0 (11470664)|HEAP_ALLOCATE|[EXTERNAL]|Bytes:40
10:50:31.0 (11477436)|VARIABLE_SCOPE_BEGIN|[80]|this|auMainTopCompCtrl|true|false
10:50:31.0 (11535238)|VARIABLE_ASSIGNMENT|[80]|this|{"currentUser":"0x216f7351","iTypeOfScreen":54,"urlReportsSFA":"https://cs6.lightnin (84 more) ..."}|0x128ad925
10:50:31.0 (11547548)|STATEMENT_EXECUTE|[80]
10:50:31.0 (11549587)|STATEMENT_EXECUTE|[81]
10:50:31.0 (11597231)|VARIABLE_ASSIGNMENT|[EXTERNAL]|this|{"currentUser":"0x216f7351","iTypeOfScreen":54,"urlReportsSFA":"https://cs6.lightnin (84 more) ..."}|0x128ad925
10:50:31.0 (11647414)|VARIABLE_ASSIGNMENT|[EXTERNAL]|this|{"currentUser":"0x216f7351","iTypeOfScreen":54,"urlReportsSFA":"https://cs6.lightnin (84 more) ..."}|0x128ad925
10:50:31.0 (11683113)|VARIABLE_ASSIGNMENT|[EXTERNAL]|this|{"currentUser":"0x216f7351","iTypeOfScreen":54,"urlReportsSFA":"https://cs6.lightnin (84 more) ..."}|0x128ad925
10:50:31.0 (11716831)|VARIABLE_ASSIGNMENT|[EXTERNAL]|this|{"currentUser":"0x216f7351","iTypeOfScreen":54,"urlReportsSFA":"https://cs6.lightnin (84 more) ..."}|0x128ad925
10:50:31.0 (11740114)|HEAP_ALLOCATE|[81]|Bytes:5
10:50:31.0 (11874331)|SYSTEM_MODE_ENTER|true
10:50:31.0 (11915681)|HEAP_ALLOCATE|[EXTERNAL]|Bytes:40
10:50:31.0 (11923131)|VARIABLE_SCOPE_BEGIN|[99]|this|auMainTopCompCtrl|true|false
10:50:31.0 (11956693)|VARIABLE_ASSIGNMENT|[99]|this|{"currentUser":"0x216f7351","iTypeOfScreen":54,"urlReportsSFA":"https://cs6.lightnin (84 more) ..."}|0x128ad925
10:50:31.0 (11966746)|STATEMENT_EXECUTE|[99]
10:50:31.0 (11968601)|STATEMENT_EXECUTE|[100]
10:50:31.0 (12002682)|VARIABLE_ASSIGNMENT|[EXTERNAL]|this|{"currentUser":"0x216f7351","iTypeOfScreen":54,"urlReportsSFA":"https://cs6.lightnin (84 more) ..."}|0x128ad925
10:50:31.0 (12019170)|HEAP_ALLOCATE|[100]|Bytes:5
10:50:31.0 (12108943)|SYSTEM_MODE_ENTER|true
10:50:31.0 (12131986)|HEAP_ALLOCATE|[EXTERNAL]|Bytes:40
10:50:31.0 (12143944)|VARIABLE_ASSIGNMENT|[EXTERNAL]|this.iCountComments|null|0x128ad925
10:50:31.0 (12185184)|SYSTEM_MODE_ENTER|true
10:50:31.0 (12202378)|HEAP_ALLOCATE|[EXTERNAL]|Bytes:40
10:50:31.0 (12209794)|VARIABLE_ASSIGNMENT|[EXTERNAL]|this.iCountLikes|null|0x128ad925
10:50:31.0 (12290134)|SYSTEM_MODE_ENTER|true
10:50:31.0 (12329839)|HEAP_ALLOCATE|[EXTERNAL]|Bytes:26
10:50:31.0 (12337994)|HEAP_ALLOCATE|[EXTERNAL]|Bytes:460
10:50:31.0 (12342058)|HEAP_ALLOCATE|[EXTERNAL]|Bytes:113
10:50:31.0 (12345586)|HEAP_ALLOCATE|[EXTERNAL]|Bytes:39
10:50:31.0 (12348934)|HEAP_ALLOCATE|[EXTERNAL]|Bytes:3
10:50:31.0 (12357390)|VARIABLE_ASSIGNMENT|[EXTERNAL]|saDailyReportCtrl.SOURCE|"src"
10:50:31.0 (12362020)|HEAP_ALLOCATE|[EXTERNAL]|Bytes:2
10:50:31.0 (12367454)|VARIABLE_ASSIGNMENT|[EXTERNAL]|saDailyReportCtrl.SOURCE_ID|"id"
10:50:31.0 (12375556)|METHOD_ENTRY|[1]|01pN0000000aE0W|saDailyReportCtrl.saDailyReportCtrl()
10:50:31.0 (12380313)|STATEMENT_EXECUTE|[1]
10:50:31.0 (12383419)|STATEMENT_EXECUTE|[1]
10:50:31.0 (12391567)|SYSTEM_MODE_ENTER|false
10:50:31.0 (12398873)|HEAP_ALLOCATE|[EXTERNAL]|Bytes:5
10:50:31.0 (12403436)|STATEMENT_EXECUTE|[651]
10:50:31.0 (12405468)|STATEMENT_EXECUTE|[678]
10:50:31.0 (12410943)|SYSTEM_MODE_EXIT|false
10:50:31.0 (12418503)|METHOD_EXIT|[1]|saDailyReportCtrl
10:50:31.0 (12423643)|HEAP_ALLOCATE|[EXTERNAL]|Bytes:76
10:50:31.0 (12428411)|VARIABLE_SCOPE_BEGIN|[92]|this|saDailyReportCtrl|true|false
10:50:31.0 (12806294)|VARIABLE_ASSIGNMENT|[92]|this|{"BusinessLocationName":"","currentInquiryReply":"0x7e7cab52","currentInquiryReplyDetail":"0x3afb0649","dailyReportId":"a0IN0000006RUllMAG","dCurrentDay":"2018-06-30T00:00:00Z","dCurrentMonth":"2018-07-01T00:00:00Z","iCurrentDay":0,"idBusinessLocation":"","isIPhone":false,"isPreview":true,"lsBusinessLocation":"0x60540fbc","messageError":"","messageQuestion":"","mpQuestions":"0x394322ff","myUser":"0x227e38be","sourceOfTheCall":"preview"}|0x63b75f26
10:50:31.0 (12829382)|SYSTEM_MODE_ENTER|false
10:50:31.0 (12837955)|HEAP_ALLOCATE|[92]|Bytes:5
10:50:31.0 (12843735)|STATEMENT_EXECUTE|[92]
10:50:31.0 (12845731)|STATEMENT_EXECUTE|[92]
10:50:31.0 (12851621)|SYSTEM_MODE_EXIT|false
10:50:31.0 (12913419)|SYSTEM_MODE_ENTER|true
10:50:31.0 (12931818)|HEAP_ALLOCATE|[EXTERNAL]|Bytes:8
10:50:31.0 (12936646)|HEAP_ALLOCATE|[EXTERNAL]|Bytes:40
10:50:31.0 (12946085)|VARIABLE_ASSIGNMENT|[EXTERNAL]|this.iTypeOfScreen|54|0x128ad925
10:50:31.0 (13103829)|SYSTEM_MODE_ENTER|true
10:50:31.0 (13224537)|SYSTEM_MODE_ENTER|true
10:50:31.0 (13310619)|SYSTEM_MODE_ENTER|true
10:50:31.0 (13505011)|SYSTEM_MODE_ENTER|true
10:50:31.0 (14705190)|SYSTEM_MODE_ENTER|true
10:50:31.0 (16591874)|SYSTEM_MODE_ENTER|true
10:50:31.0 (16645400)|SYSTEM_MODE_ENTER|true
10:50:31.0 (16684685)|SYSTEM_MODE_ENTER|true
10:50:31.0 (16721607)|SYSTEM_MODE_ENTER|true
10:50:31.0 (16755230)|SYSTEM_MODE_ENTER|true
10:50:31.0 (16803760)|SYSTEM_MODE_ENTER|true
10:50:31.0 (16845318)|HEAP_ALLOCATE|[EXTERNAL]|Bytes:40
10:50:31.0 (16852782)|VARIABLE_SCOPE_BEGIN|[80]|this|auMainTopCompCtrl|true|false
10:50:31.0 (16889700)|VARIABLE_ASSIGNMENT|[80]|this|{"currentUser":"0x216f7351","iTypeOfScreen":54,"urlReportsSFA":"https://cs6.lightnin (84 more) ..."}|0x128ad925
10:50:31.0 (16899936)|STATEMENT_EXECUTE|[80]
10:50:31.0 (16902112)|STATEMENT_EXECUTE|[81]
10:50:31.0 (16931879)|VARIABLE_ASSIGNMENT|[EXTERNAL]|this|{"currentUser":"0x216f7351","iTypeOfScreen":54,"urlReportsSFA":"https://cs6.lightnin (84 more) ..."}|0x128ad925
10:50:31.0 (16967326)|VARIABLE_ASSIGNMENT|[EXTERNAL]|this|{"currentUser":"0x216f7351","iTypeOfScreen":54,"urlReportsSFA":"https://cs6.lightnin (84 more) ..."}|0x128ad925
10:50:31.0 (16997168)|VARIABLE_ASSIGNMENT|[EXTERNAL]|this|{"currentUser":"0x216f7351","iTypeOfScreen":54,"urlReportsSFA":"https://cs6.lightnin (84 more) ..."}|0x128ad925
10:50:31.0 (17025923)|VARIABLE_ASSIGNMENT|[EXTERNAL]|this|{"currentUser":"0x216f7351","iTypeOfScreen":54,"urlReportsSFA":"https://cs6.lightnin (84 more) ..."}|0x128ad925
10:50:31.0 (17039266)|HEAP_ALLOCATE|[81]|Bytes:5
10:50:31.0 (17094238)|SYSTEM_MODE_ENTER|true
10:50:31.0 (17128153)|HEAP_ALLOCATE|[EXTERNAL]|Bytes:40
10:50:31.0 (17134145)|VARIABLE_SCOPE_BEGIN|[99]|this|auMainTopCompCtrl|true|false
10:50:31.0 (17163176)|VARIABLE_ASSIGNMENT|[99]|this|{"currentUser":"0x216f7351","iTypeOfScreen":54,"urlReportsSFA":"https://cs6.lightnin (84 more) ..."}|0x128ad925
10:50:31.0 (17172037)|STATEMENT_EXECUTE|[99]
10:50:31.0 (17173826)|STATEMENT_EXECUTE|[100]
10:50:31.0 (17198522)|VARIABLE_ASSIGNMENT|[EXTERNAL]|this|{"currentUser":"0x216f7351","iTypeOfScreen":54,"urlReportsSFA":"https://cs6.lightnin (84 more) ..."}|0x128ad925
10:50:31.0 (17211633)|HEAP_ALLOCATE|[100]|Bytes:5
10:50:31.0 (19950054)|SYSTEM_MODE_ENTER|true
10:50:31.0 (19973480)|HEAP_ALLOCATE|[EXTERNAL]|Bytes:16
10:50:31.0 (19979313)|HEAP_ALLOCATE|[EXTERNAL]|Bytes:76
10:50:31.0 (19990492)|VARIABLE_ASSIGNMENT|[EXTERNAL]|this.messageError|"正しいデーターを入れてください。"|0x63b75f26
10:50:31.0 (20021264)|SYSTEM_MODE_ENTER|true
10:50:31.0 (20035396)|HEAP_ALLOCATE|[EXTERNAL]|Bytes:76
10:50:31.0 (20042855)|VARIABLE_ASSIGNMENT|[EXTERNAL]|this.messageQuestion|""|0x63b75f26
10:50:31.0 (20070695)|SYSTEM_MODE_ENTER|true
10:50:31.0 (20085119)|HEAP_ALLOCATE|[EXTERNAL]|Bytes:5
10:50:31.0 (20089466)|HEAP_ALLOCATE|[EXTERNAL]|Bytes:76
10:50:31.0 (20096156)|VARIABLE_ASSIGNMENT|[EXTERNAL]|this.isPreview|true|0x63b75f26
10:50:31.0 (20118343)|SYSTEM_MODE_ENTER|true
10:50:31.0 (20129475)|HEAP_ALLOCATE|[EXTERNAL]|Bytes:76
10:50:31.0 (20136373)|VARIABLE_ASSIGNMENT|[EXTERNAL]|this.idBusinessLocation|""|0x63b75f26
10:50:31.0 (20157237)|SYSTEM_MODE_ENTER|true
10:50:31.0 (20167798)|HEAP_ALLOCATE|[EXTERNAL]|Bytes:8
10:50:31.0 (20187662)|HEAP_ALLOCATE|[EXTERNAL]|Bytes:76
10:50:31.0 (20198823)|VARIABLE_ASSIGNMENT|[EXTERNAL]|this.iCurrentDay|0|0x63b75f26
10:50:31.0 (20288357)|SYSTEM_MODE_ENTER|true
10:50:31.0 (20302289)|HEAP_ALLOCATE|[EXTERNAL]|Bytes:40
10:50:31.0 (20309972)|VARIABLE_ASSIGNMENT|[EXTERNAL]|this.iCountComments|null|0x128ad925
10:50:31.0 (20338730)|SYSTEM_MODE_ENTER|true
10:50:31.0 (20349051)|HEAP_ALLOCATE|[EXTERNAL]|Bytes:40
10:50:31.0 (20355476)|VARIABLE_ASSIGNMENT|[EXTERNAL]|this.iCountLikes|null|0x128ad925
10:50:31.0 (20390427)|SYSTEM_MODE_ENTER|true
10:50:31.0 (20428198)|HEAP_ALLOCATE|[EXTERNAL]|Bytes:76
10:50:31.0 (20435027)|VARIABLE_SCOPE_BEGIN|[92]|this|saDailyReportCtrl|true|false
10:50:31.0 (20608166)|VARIABLE_ASSIGNMENT|[92]|this|{"BusinessLocationName":"","currentInquiryReply":"0x7e7cab52","currentInquiryReplyDetail":"0x3afb0649","dailyReportId":"a0IN0000006RUllMAG","dCurrentDay":"2018-06-30T00:00:00Z","dCurrentMonth":"2018-07-01T00:00:00Z","iCurrentDay":0,"idBusinessLocation":"","isIPhone":false,"isPreview":true,"lsBusinessLocation":"0x60540fbc","messageError":"正しいデーターを入れてください。","messageQuestion":"","mpQuestions":"0x394322ff","myUser":"0x227e38be","sourceOfTheCall":"preview"}|0x63b75f26
10:50:31.0 (20627649)|SYSTEM_MODE_ENTER|false
10:50:31.0 (20634840)|HEAP_ALLOCATE|[92]|Bytes:5
10:50:31.0 (20640395)|STATEMENT_EXECUTE|[92]
10:50:31.0 (20642331)|STATEMENT_EXECUTE|[92]
10:50:31.0 (20646810)|SYSTEM_MODE_EXIT|false
10:50:31.0 (20687403)|SYSTEM_MODE_ENTER|true
10:50:31.0 (20702331)|HEAP_ALLOCATE|[EXTERNAL]|Bytes:8
10:50:31.0 (20707201)|HEAP_ALLOCATE|[EXTERNAL]|Bytes:40
10:50:31.0 (20715274)|VARIABLE_ASSIGNMENT|[EXTERNAL]|this.iTypeOfScreen|54|0x128ad925
10:50:31.0 (20857110)|SYSTEM_MODE_ENTER|true
10:50:31.0 (23264269)|HEAP_ALLOCATE|[EXTERNAL]|Bytes:76
10:50:31.0 (23275659)|VARIABLE_SCOPE_BEGIN|[199]|this|saDailyReportCtrl|true|false
10:50:31.0 (23445429)|VARIABLE_ASSIGNMENT|[199]|this|{"BusinessLocationName":"","currentInquiryReply":"0x7e7cab52","currentInquiryReplyDetail":"0x3afb0649","dailyReportId":"a0IN0000006RUllMAG","dCurrentDay":"2018-06-30T00:00:00Z","dCurrentMonth":"2018-07-01T00:00:00Z","iCurrentDay":0,"idBusinessLocation":"","isIPhone":false,"isPreview":true,"lsBusinessLocation":"0x60540fbc","messageError":"正しいデーターを入れてください。","messageQuestion":"","mpQuestions":"0x394322ff","myUser":"0x227e38be","sourceOfTheCall":"preview"}|0x63b75f26
10:50:31.0 (23465975)|SYSTEM_MODE_ENTER|false
10:50:31.0 (23473624)|HEAP_ALLOCATE|[201]|Bytes:5
10:50:31.0 (23479811)|STATEMENT_EXECUTE|[199]
10:50:31.0 (23481874)|STATEMENT_EXECUTE|[201]
10:50:31.0 (23645083)|VARIABLE_ASSIGNMENT|[EXTERNAL]|this|{"BusinessLocationName":"","currentInquiryReply":"0x7e7cab52","currentInquiryReplyDetail":"0x3afb0649","dailyReportId":"a0IN0000006RUllMAG","dCurrentDay":"2018-06-30T00:00:00Z","dCurrentMonth":"2018-07-01T00:00:00Z","iCurrentDay":0,"idBusinessLocation":"","isIPhone":false,"isPreview":true,"lsBusinessLocation":"0x60540fbc","messageError":"正しいデーターを入れてください。","messageQuestion":"","mpQuestions":"0x394322ff","myUser":"0x227e38be","sourceOfTheCall":"preview"}|0x63b75f26
10:50:31.0 (23661534)|VARIABLE_ASSIGNMENT|[EXTERNAL]|value|""
10:50:31.0 (23673065)|VARIABLE_ASSIGNMENT|[6]|this.messageError|""|0x63b75f26
10:50:31.0 (23684472)|STATEMENT_EXECUTE|[202]
10:50:31.0 (23824905)|VARIABLE_ASSIGNMENT|[EXTERNAL]|this|{"BusinessLocationName":"","currentInquiryReply":"0x7e7cab52","currentInquiryReplyDetail":"0x3afb0649","dailyReportId":"a0IN0000006RUllMAG","dCurrentDay":"2018-06-30T00:00:00Z","dCurrentMonth":"2018-07-01T00:00:00Z","iCurrentDay":0,"idBusinessLocation":"","isIPhone":false,"isPreview":true,"lsBusinessLocation":"0x60540fbc","messageError":"","messageQuestion":"","mpQuestions":"0x394322ff","myUser":"0x227e38be","sourceOfTheCall":"preview"}|0x63b75f26
10:50:31.0 (23839781)|VARIABLE_ASSIGNMENT|[EXTERNAL]|value|""
10:50:31.0 (23848743)|VARIABLE_ASSIGNMENT|[7]|this.messageQuestion|""|0x63b75f26
10:50:31.0 (23858123)|STATEMENT_EXECUTE|[204]
10:50:31.0 (23859841)|STATEMENT_EXECUTE|[204]
10:50:31.0 (23861359)|STATEMENT_EXECUTE|[206]
10:50:31.0 (24054182)|VARIABLE_ASSIGNMENT|[EXTERNAL]|this|{"BusinessLocationName":"","currentInquiryReply":"0x7e7cab52","currentInquiryReplyDetail":"0x3afb0649","dailyReportId":"a0IN0000006RUllMAG","dCurrentDay":"2018-06-30T00:00:00Z","dCurrentMonth":"2018-07-01T00:00:00Z","iCurrentDay":0,"idBusinessLocation":"","isIPhone":false,"isPreview":true,"lsBusinessLocation":"0x60540fbc","messageError":"","messageQuestion":"","mpQuestions":"0x394322ff","myUser":"0x227e38be","sourceOfTheCall":"preview"}|0x63b75f26
10:50:31.0 (24117186)|HEAP_ALLOCATE|[206]|Bytes:4
10:50:31.0 (24150480)|VARIABLE_ASSIGNMENT|[206]|this.dCurrentDay|"2018-06-30T00:00:00.000Z"|0x63b75f26
10:50:31.0 (24156703)|STATEMENT_EXECUTE|[208]
10:50:31.0 (24173899)|HEAP_ALLOCATE|[208]|Bytes:4
10:50:31.0 (24387466)|VARIABLE_ASSIGNMENT|[EXTERNAL]|this|{"BusinessLocationName":"","currentInquiryReply":"0x7e7cab52","currentInquiryReplyDetail":"0x3afb0649","dailyReportId":"a0IN0000006RUllMAG","dCurrentDay":"2018-06-30T00:00:00Z","dCurrentMonth":"2018-07-01T00:00:00Z","iCurrentDay":0,"idBusinessLocation":"","isIPhone":false,"isPreview":true,"lsBusinessLocation":"0x60540fbc","messageError":"","messageQuestion":"","mpQuestions":"0x394322ff","myUser":"0x227e38be","sourceOfTheCall":"preview"}|0x63b75f26
10:50:31.0 (24402336)|HEAP_ALLOCATE|[EXTERNAL]|Bytes:4
10:50:31.0 (24413430)|VARIABLE_ASSIGNMENT|[EXTERNAL]|value|[]|0x6cddf17f
10:50:31.0 (24423909)|VARIABLE_ASSIGNMENT|[22]|this.currentInquiryReplyDetail|[]|0x63b75f26
10:50:31.0 (24433032)|STATEMENT_EXECUTE|[209]
10:50:31.0 (24447428)|HEAP_ALLOCATE|[209]|Bytes:4
10:50:31.0 (24620589)|VARIABLE_ASSIGNMENT|[EXTERNAL]|this|{"BusinessLocationName":"","currentInquiryReply":"0x7e7cab52","currentInquiryReplyDetail":"0x6cddf17f","dailyReportId":"a0IN0000006RUllMAG","dCurrentDay":"2018-06-30T00:00:00Z","dCurrentMonth":"2018-07-01T00:00:00Z","iCurrentDay":0,"idBusinessLocation":"","isIPhone":false,"isPreview":true,"lsBusinessLocation":"0x60540fbc","messageError":"","messageQuestion":"","mpQuestions":"0x394322ff","myUser":"0x227e38be","sourceOfTheCall":"preview"}|0x63b75f26
10:50:31.0 (24648009)|VARIABLE_ASSIGNMENT|[EXTERNAL]|value|{}|0x3055b09f
10:50:31.0 (24662962)|VARIABLE_ASSIGNMENT|[24]|this.mpQuestions|{}|0x63b75f26
10:50:31.0 (24673388)|STATEMENT_EXECUTE|[211]
10:50:31.0 (24818358)|VARIABLE_ASSIGNMENT|[EXTERNAL]|this|{"BusinessLocationName":"","currentInquiryReply":"0x7e7cab52","currentInquiryReplyDetail":"0x6cddf17f","dailyReportId":"a0IN0000006RUllMAG","dCurrentDay":"2018-06-30T00:00:00Z","dCurrentMonth":"2018-07-01T00:00:00Z","iCurrentDay":0,"idBusinessLocation":"","isIPhone":false,"isPreview":true,"lsBusinessLocation":"0x60540fbc","messageError":"","messageQuestion":"","mpQuestions":"0x3055b09f","myUser":"0x227e38be","sourceOfTheCall":"preview"}|0x63b75f26
10:50:31.0 (24833174)|VARIABLE_ASSIGNMENT|[EXTERNAL]|value|""
10:50:31.0 (24841930)|VARIABLE_ASSIGNMENT|[23]|this.BusinessLocationName|""|0x63b75f26
10:50:31.0 (24853630)|HEAP_ALLOCATE|[212]|Bytes:81
10:50:31.0 (24871580)|HEAP_ALLOCATE|[212]|Bytes:4
10:50:31.0 (24882101)|HEAP_ALLOCATE|[212]|Bytes:7
10:50:31.0 (25023237)|VARIABLE_ASSIGNMENT|[EXTERNAL]|this|{"BusinessLocationName":"","currentInquiryReply":"0x7e7cab52","currentInquiryReplyDetail":"0x6cddf17f","dailyReportId":"a0IN0000006RUllMAG","dCurrentDay":"2018-06-30T00:00:00Z","dCurrentMonth":"2018-07-01T00:00:00Z","iCurrentDay":0,"idBusinessLocation":"","isIPhone":false,"isPreview":true,"lsBusinessLocation":"0x60540fbc","messageError":"","messageQuestion":"","mpQuestions":"0x3055b09f","myUser":"0x227e38be","sourceOfTheCall":"preview"}|0x63b75f26
10:50:31.0 (25347235)|SOQL_EXECUTE_BEGIN|[212]|Aggregations:0|SELECT Id, BusinessLocationName__c FROM saBusinessLocation__c 
10:50:31.0 (26742649)|SOQL_EXECUTE_END|[212]|Rows:0
10:50:31.0 (26933302)|HEAP_ALLOCATE|[212]|Bytes:54
10:50:31.0 (26942824)|HEAP_ALLOCATE|[212]|Bytes:8
10:50:31.0 (26967465)|SYSTEM_METHOD_ENTRY|[7]|QueryLocatorIterator.QueryLocatorIterator()
10:50:31.0 (26972312)|STATEMENT_EXECUTE|[7]
10:50:31.0 (26979887)|SYSTEM_METHOD_EXIT|[7]|QueryLocatorIterator
10:50:31.0 (26988110)|HEAP_ALLOCATE|[212]|Bytes:28
10:50:31.0 (27003815)|HEAP_ALLOCATE|[212]|Bytes:8
10:50:31.0 (27008358)|HEAP_ALLOCATE|[212]|Bytes:8
10:50:31.0 (27013532)|VARIABLE_SCOPE_BEGIN|[15]|this|Database.QueryLocatorIterator|true|false
10:50:31.0 (27040028)|VARIABLE_ASSIGNMENT|[15]|this|{}|0x6ed329ec
10:50:31.0 (27046930)|VARIABLE_SCOPE_BEGIN|[15]|values|List<SObject>|true|false
10:50:31.0 (27055419)|VARIABLE_ASSIGNMENT|[15]|values|null|
10:50:31.0 (27059439)|VARIABLE_SCOPE_BEGIN|[15]|ql|Database.QueryLocator|true|false
10:50:31.0 (27086067)|VARIABLE_ASSIGNMENT|[15]|ql|{"query":"SELECT Id, BusinessL (61 more) ..."}|0x34db81a6
10:50:31.0 (27092428)|VARIABLE_SCOPE_BEGIN|[15]|totalNumRecords|Integer|false|false
10:50:31.0 (27100699)|VARIABLE_ASSIGNMENT|[15]|totalNumRecords|0
10:50:31.0 (27104841)|VARIABLE_SCOPE_BEGIN|[15]|queryMoreSize|Integer|false|false
10:50:31.0 (27111246)|VARIABLE_ASSIGNMENT|[15]|queryMoreSize|50000
10:50:31.0 (27189902)|HEAP_ALLOCATE|[212]|Bytes:28
10:50:31.0 (27209972)|METHOD_ENTRY|[212]||Database.QueryLocatorIterator.hasNext()
10:50:31.0 (27229364)|METHOD_EXIT|[212]||Database.QueryLocatorIterator.hasNext()
10:50:31.0 (27263086)|VARIABLE_ASSIGNMENT|[212]|bl|null|
10:50:31.0 (27269906)|STATEMENT_EXECUTE|[212]
10:50:31.0 (27285251)|STATEMENT_EXECUTE|[219]
10:50:31.0 (27288692)|HEAP_ALLOCATE|[219]|Bytes:195
10:50:31.0 (27302588)|HEAP_ALLOCATE|[219]|Bytes:4
10:50:31.0 (27324438)|HEAP_ALLOCATE|[219]|Bytes:7
10:50:31.0 (27357943)|HEAP_ALLOCATE|[223]|Bytes:89
10:50:31.0 (27366220)|SYSTEM_METHOD_ENTRY|[1]|UserInfo.UserInfo()
10:50:31.0 (27369728)|STATEMENT_EXECUTE|[1]
10:50:31.0 (27374668)|SYSTEM_METHOD_EXIT|[1]|UserInfo
10:50:31.0 (27383449)|METHOD_ENTRY|[223]||System.UserInfo.getUserId()
10:50:31.0 (27418856)|METHOD_EXIT|[223]||System.UserInfo.getUserId()
10:50:31.0 (27904587)|SOQL_EXECUTE_BEGIN|[219]|Aggregations:0|SELECT Id, saBusinessLocation__c, Status__c, saInquiry__c, Comment__c FROM saInquiryReply__c WHERE (saInquiry__r.Type__c = 'DAILY_REPORT' AND DailyReportDate__c = :tmpVar1 AND User__c = :tmpVar2)
10:50:31.0 (33212691)|SOQL_EXECUTE_END|[219]|Rows:0
10:50:31.0 (33236903)|HEAP_ALLOCATE|[219]|Bytes:4
10:50:31.0 (33248788)|HEAP_ALLOCATE|[219]|Bytes:0
10:50:31.0 (33311070)|HEAP_ALLOCATE|[219]|Bytes:4
10:50:31.0 (33323019)|VARIABLE_SCOPE_BEGIN|[219]|lsInqRep|List<saInquiryReply__c>|true|false
10:50:31.0 (33338545)|VARIABLE_ASSIGNMENT|[219]|lsInqRep|[]|0x544237a8
10:50:31.0 (33393521)|STATEMENT_EXECUTE|[225]
10:50:31.0 (33396011)|STATEMENT_EXECUTE|[227]
10:50:31.0 (33399668)|HEAP_ALLOCATE|[227]|Bytes:207
10:50:31.0 (33413109)|HEAP_ALLOCATE|[227]|Bytes:4
10:50:31.0 (33604341)|VARIABLE_ASSIGNMENT|[EXTERNAL]|this|{"BusinessLocationName":"","currentInquiryReply":"0x7e7cab52","currentInquiryReplyDetail":"0x6cddf17f","dailyReportId":"a0IN0000006RUllMAG","dCurrentDay":"2018-06-30T00:00:00Z","dCurrentMonth":"2018-07-01T00:00:00Z","iCurrentDay":0,"idBusinessLocation":"","isIPhone":false,"isPreview":true,"lsBusinessLocation":"0x60540fbc","messageError":"","messageQuestion":"","mpQuestions":"0x3055b09f","myUser":"0x227e38be","sourceOfTheCall":"preview"}|0x63b75f26
10:50:31.0 (33630495)|HEAP_ALLOCATE|[227]|Bytes:7
10:50:31.0 (33639413)|METHOD_ENTRY|[232]||System.UserInfo.getUserId()
10:50:31.0 (33660538)|METHOD_EXIT|[232]||System.UserInfo.getUserId()
10:50:31.0 (33976407)|SOQL_EXECUTE_BEGIN|[227]|Aggregations:0|SELECT Id, saBusinessLocation__c, Status__c FROM saInquiryReply__c WHERE (saInquiry__r.Type__c = 'DAILY_REPORT' AND DailyReportDate__c = :tmpVar1 AND saBusinessLocation__c = :tmpVar2 AND User__c != :tmpVar3)
10:50:31.0 (36466891)|SOQL_EXECUTE_END|[227]|Rows:0
10:50:31.0 (36489238)|HEAP_ALLOCATE|[227]|Bytes:4
10:50:31.0 (36502357)|HEAP_ALLOCATE|[227]|Bytes:0
10:50:31.0 (36525335)|HEAP_ALLOCATE|[227]|Bytes:4
10:50:31.0 (36535597)|VARIABLE_SCOPE_BEGIN|[227]|lsInqOtherPeople|List<saInquiryReply__c>|true|false
10:50:31.0 (36551071)|VARIABLE_ASSIGNMENT|[227]|lsInqOtherPeople|[]|0x65fe4166
10:50:31.0 (36584340)|STATEMENT_EXECUTE|[234]
10:50:31.0 (36586689)|STATEMENT_EXECUTE|[240]
10:50:31.0 (36589367)|VARIABLE_SCOPE_BEGIN|[240]|lsTemplate|List<saInquiryReply__c>|true|false
10:50:31.0 (36599358)|VARIABLE_ASSIGNMENT|[240]|lsTemplate|null|
10:50:31.0 (36773815)|VARIABLE_ASSIGNMENT|[EXTERNAL]|this|{"BusinessLocationName":"","currentInquiryReply":"0x7e7cab52","currentInquiryReplyDetail":"0x6cddf17f","dailyReportId":"a0IN0000006RUllMAG","dCurrentDay":"2018-06-30T00:00:00Z","dCurrentMonth":"2018-07-01T00:00:00Z","iCurrentDay":0,"idBusinessLocation":"","isIPhone":false,"isPreview":true,"lsBusinessLocation":"0x60540fbc","messageError":"","messageQuestion":"","mpQuestions":"0x3055b09f","myUser":"0x227e38be","sourceOfTheCall":"preview"}|0x63b75f26
10:50:31.0 (36795390)|STATEMENT_EXECUTE|[252]
10:50:31.0 (36797388)|STATEMENT_EXECUTE|[253]
10:50:31.0 (36801015)|HEAP_ALLOCATE|[253]|Bytes:393
10:50:31.0 (36815294)|HEAP_ALLOCATE|[253]|Bytes:4
10:50:31.0 (36843901)|METHOD_ENTRY|[259]||System.UserInfo.getUserId()
10:50:31.0 (36866493)|METHOD_EXIT|[259]||System.UserInfo.getUserId()
10:50:31.0 (37275583)|SOQL_EXECUTE_BEGIN|[253]|Aggregations:0|SELECT Id, saBusinessLocation__c, Status__c, saInquiry__c, Comment__c FROM saInquiryReply__c WHERE (saInquiry__r.Type__c = 'DAILY_REPORT' AND (saInquiry__r.ValidFrom__c = NULL OR saInquiry__r.ValidFrom__c <= :tmpVar1) AND (saInquiry__r.ValidTo__c = NULL OR saInquiry__r.ValidTo__c >= :tmpVar2) AND DailyReportDate__c = NULL AND User__c = :tmpVar3) ORDER BY CreatedDate DESC NULLS FIRST LIMIT 1
10:50:31.0 (42822676)|SOQL_EXECUTE_END|[253]|Rows:1
10:50:31.0 (42843870)|HEAP_ALLOCATE|[253]|Bytes:8
10:50:31.0 (42856795)|HEAP_ALLOCATE|[253]|Bytes:89
10:50:31.0 (42880410)|HEAP_ALLOCATE|[253]|Bytes:8
10:50:31.0 (42908325)|VARIABLE_ASSIGNMENT|[253]|lsTemplate|[{"Id":"a0KN0000007Kg4nMAC","Status__c":"WAITING_REPLY","saInquiry__c":"a0IN0000006RUllMAG"}]|0x20dc1390
10:50:31.0 (42915441)|STATEMENT_EXECUTE|[264]
10:50:31.0 (42919241)|HEAP_ALLOCATE|[264]|Bytes:11
10:50:31.0 (43012123)|HEAP_ALLOCATE|[264]|Bytes:101
10:50:31.0 (43035136)|HEAP_ALLOCATE|[264]|Bytes:112
10:50:31.0 (43054757)|USER_DEBUG|[264]|DEBUG|Template : (saInquiryReply__c:{Id=a0KN0000007Kg4nMAC, Status__c=WAITING_REPLY, saInquiry__c=a0IN0000006RUllMAG})
10:50:31.0 (43089364)|STATEMENT_EXECUTE|[265]
10:50:31.0 (43091758)|STATEMENT_EXECUTE|[271]
10:50:31.0 (43104977)|HEAP_ALLOCATE|[271]|Bytes:16
10:50:31.0 (43135349)|VARIABLE_SCOPE_BEGIN|[271]|idInquiry|Id|false|false
10:50:31.0 (43208119)|VARIABLE_ASSIGNMENT|[271]|idInquiry|"a0IN0000006RUllMAG"
10:50:31.0 (43215128)|STATEMENT_EXECUTE|[272]
10:50:31.0 (43234626)|HEAP_ALLOCATE|[272]|Bytes:4
10:50:31.0 (43488139)|VARIABLE_ASSIGNMENT|[EXTERNAL]|this|{"BusinessLocationName":"","currentInquiryReply":"0x7e7cab52","currentInquiryReplyDetail":"0x6cddf17f","dailyReportId":"a0IN0000006RUllMAG","dCurrentDay":"2018-06-30T00:00:00Z","dCurrentMonth":"2018-07-01T00:00:00Z","iCurrentDay":0,"idBusinessLocation":"","isIPhone":false,"isPreview":true,"lsBusinessLocation":"0x60540fbc","messageError":"","messageQuestion":"","mpQuestions":"0x3055b09f","myUser":"0x227e38be","sourceOfTheCall":"preview"}|0x63b75f26
10:50:31.0 (43507710)|VARIABLE_ASSIGNMENT|[EXTERNAL]|value|{}|0x15d0d5b6
10:50:31.0 (43520448)|VARIABLE_ASSIGNMENT|[21]|this.currentInquiryReply|{}|0x63b75f26
10:50:31.0 (43531583)|STATEMENT_EXECUTE|[273]
10:50:31.0 (43676658)|VARIABLE_ASSIGNMENT|[EXTERNAL]|this|{"BusinessLocationName":"","currentInquiryReply":"0x15d0d5b6","currentInquiryReplyDetail":"0x6cddf17f","dailyReportId":"a0IN0000006RUllMAG","dCurrentDay":"2018-06-30T00:00:00Z","dCurrentMonth":"2018-07-01T00:00:00Z","iCurrentDay":0,"idBusinessLocation":"","isIPhone":false,"isPreview":true,"lsBusinessLocation":"0x60540fbc","messageError":"","messageQuestion":"","mpQuestions":"0x3055b09f","myUser":"0x227e38be","sourceOfTheCall":"preview"}|0x63b75f26
10:50:31.0 (43758650)|VARIABLE_ASSIGNMENT|[273]|this.saInquiry__c|"a0IN0000006RUllMAG"|0x15d0d5b6
10:50:31.0 (43912781)|VARIABLE_ASSIGNMENT|[EXTERNAL]|this|{"BusinessLocationName":"","currentInquiryReply":"0x15d0d5b6","currentInquiryReplyDetail":"0x6cddf17f","dailyReportId":"a0IN0000006RUllMAG","dCurrentDay":"2018-06-30T00:00:00Z","dCurrentMonth":"2018-07-01T00:00:00Z","iCurrentDay":0,"idBusinessLocation":"","isIPhone":false,"isPreview":true,"lsBusinessLocation":"0x60540fbc","messageError":"","messageQuestion":"","mpQuestions":"0x3055b09f","myUser":"0x227e38be","sourceOfTheCall":"preview"}|0x63b75f26
10:50:31.0 (43931372)|STATEMENT_EXECUTE|[277]
10:50:31.0 (43933691)|STATEMENT_EXECUTE|[280]
10:50:31.0 (43939638)|METHOD_ENTRY|[280]||System.UserInfo.getUserId()
10:50:31.0 (43961689)|METHOD_EXIT|[280]||System.UserInfo.getUserId()
10:50:31.0 (43976169)|HEAP_ALLOCATE|[280]|Bytes:4
10:50:31.0 (44131732)|VARIABLE_ASSIGNMENT|[EXTERNAL]|this|{"BusinessLocationName":"","currentInquiryReply":"0x15d0d5b6","currentInquiryReplyDetail":"0x6cddf17f","dailyReportId":"a0IN0000006RUllMAG","dCurrentDay":"2018-06-30T00:00:00Z","dCurrentMonth":"2018-07-01T00:00:00Z","iCurrentDay":0,"idBusinessLocation":"","isIPhone":false,"isPreview":true,"lsBusinessLocation":"0x60540fbc","messageError":"","messageQuestion":"","mpQuestions":"0x3055b09f","myUser":"0x227e38be","sourceOfTheCall":"preview"}|0x63b75f26
10:50:31.0 (44188977)|VARIABLE_ASSIGNMENT|[280]|this.User__c|"005N00000057PfOIAU"|0x15d0d5b6
10:50:31.0 (44196176)|STATEMENT_EXECUTE|[281]
10:50:31.0 (44363032)|VARIABLE_ASSIGNMENT|[EXTERNAL]|this|{"BusinessLocationName":"","currentInquiryReply":"0x15d0d5b6","currentInquiryReplyDetail":"0x6cddf17f","dailyReportId":"a0IN0000006RUllMAG","dCurrentDay":"2018-06-30T00:00:00Z","dCurrentMonth":"2018-07-01T00:00:00Z","iCurrentDay":0,"idBusinessLocation":"","isIPhone":false,"isPreview":true,"lsBusinessLocation":"0x60540fbc","messageError":"","messageQuestion":"","mpQuestions":"0x3055b09f","myUser":"0x227e38be","sourceOfTheCall":"preview"}|0x63b75f26
10:50:31.0 (44433505)|VARIABLE_ASSIGNMENT|[281]|this.DailyReportDate__c|"2018-06-30T00:00:00.000Z"|0x15d0d5b6
10:50:31.0 (44441010)|STATEMENT_EXECUTE|[282]
10:50:31.0 (44445038)|HEAP_ALLOCATE|[282]|Bytes:13
10:50:31.0 (44598914)|VARIABLE_ASSIGNMENT|[EXTERNAL]|this|{"BusinessLocationName":"","currentInquiryReply":"0x15d0d5b6","currentInquiryReplyDetail":"0x6cddf17f","dailyReportId":"a0IN0000006RUllMAG","dCurrentDay":"2018-06-30T00:00:00Z","dCurrentMonth":"2018-07-01T00:00:00Z","iCurrentDay":0,"idBusinessLocation":"","isIPhone":false,"isPreview":true,"lsBusinessLocation":"0x60540fbc","messageError":"","messageQuestion":"","mpQuestions":"0x3055b09f","myUser":"0x227e38be","sourceOfTheCall":"preview"}|0x63b75f26
10:50:31.0 (44645309)|VARIABLE_ASSIGNMENT|[282]|this.Status__c|"WAITING_REPLY"|0x15d0d5b6
10:50:31.0 (44652483)|STATEMENT_EXECUTE|[283]
10:50:31.0 (44795304)|VARIABLE_ASSIGNMENT|[EXTERNAL]|this|{"BusinessLocationName":"","currentInquiryReply":"0x15d0d5b6","currentInquiryReplyDetail":"0x6cddf17f","dailyReportId":"a0IN0000006RUllMAG","dCurrentDay":"2018-06-30T00:00:00Z","dCurrentMonth":"2018-07-01T00:00:00Z","iCurrentDay":0,"idBusinessLocation":"","isIPhone":false,"isPreview":true,"lsBusinessLocation":"0x60540fbc","messageError":"","messageQuestion":"","mpQuestions":"0x3055b09f","myUser":"0x227e38be","sourceOfTheCall":"preview"}|0x63b75f26
10:50:31.0 (44838134)|VARIABLE_ASSIGNMENT|[283]|this.Comment__c|""|0x15d0d5b6
10:50:31.0 (44845272)|STATEMENT_EXECUTE|[285]
10:50:31.0 (44848704)|HEAP_ALLOCATE|[285]|Bytes:625
10:50:31.0 (44862749)|HEAP_ALLOCATE|[285]|Bytes:4
10:50:31.0 (45334917)|SOQL_EXECUTE_BEGIN|[285]|Aggregations:0|SELECT Id, QuestionLabel__c, AnswerType__c, NumberPossibleReplies__c, IsShortReply__c, SortNo__c, IsRequired__c, Reply01Label__c, Reply02Label__c, Reply03Label__c, Reply04Label__c, Reply05Label__c, Reply06Label__c, Reply07Label__c, Reply08Label__c, Reply09Label__c, Reply10Label__c, Reply11Label__c, Reply12Label__c, Reply13Label__c, Reply14Label__c, Reply15Label__c, Reply16Label__c, Reply17Label__c, Reply18Label__c, Reply19Label__c, Reply20Label__c, Reply21Label__c, Reply22Label__c, Reply23Label__c, Reply24Label__c, Reply25Label__c FROM saInquiryDetail__c WHERE saInquiry__c = :tmpVar1 ORDER BY SortNo__c ASC NULLS FIRST
10:50:31.0 (54773356)|SOQL_EXECUTE_END|[285]|Rows:1
10:50:31.0 (54796175)|HEAP_ALLOCATE|[285]|Bytes:8
10:50:31.0 (54819246)|HEAP_ALLOCATE|[285]|Bytes:282
10:50:31.0 (54864469)|HEAP_ALLOCATE|[285]|Bytes:8
10:50:31.0 (54879459)|VARIABLE_SCOPE_BEGIN|[285]|lsTmpQuest|List<saInquiryDetail__c>|true|false
10:50:31.0 (54914894)|VARIABLE_ASSIGNMENT|[285]|lsTmpQuest|[{"Id":"a0JN0000008h2r2MAA","QuestionLabel__c":"Works?","AnswerType__c":"CHECKBOX","NumberPossibleReplies__c":2,"IsShortReply__c":true,"SortNo__c":0,"IsRequired__c":false,"Reply01Label__c":"Yes!","Reply02Label__c":"No!"}]|0x3c5daa3a
10:50:31.0 (55087719)|HEAP_ALLOCATE|[295]|Bytes:5
10:50:31.0 (55108931)|HEAP_ALLOCATE|[295]|Bytes:40
10:50:31.0 (55119982)|VARIABLE_SCOPE_BEGIN|[295]|quest|saInquiryDetail__c|true|false
10:50:31.0 (55145930)|VARIABLE_ASSIGNMENT|[295]|quest|{"Id":"a0JN0000008h2r2MAA","QuestionLabel__c":"Works?","AnswerType__c":"CHECKBOX","NumberPossibleReplies__c":2,"IsShortReply__c":true,"SortNo__c":0,"IsRequired__c":false,"Reply01Label__c":"Yes!","Reply02Label__c":"No!"}|0x6a379917
10:50:31.0 (55154669)|STATEMENT_EXECUTE|[295]
10:50:31.0 (55156792)|STATEMENT_EXECUTE|[296]
10:50:31.0 (55179804)|HEAP_ALLOCATE|[296]|Bytes:4
10:50:31.0 (55243110)|VARIABLE_SCOPE_BEGIN|[296]|questReply|saInquiryReplyDetail__c|true|false
10:50:31.0 (55256940)|VARIABLE_ASSIGNMENT|[296]|questReply|{}|0x3beae211
10:50:31.0 (55263068)|STATEMENT_EXECUTE|[297]
10:50:31.0 (55350416)|VARIABLE_ASSIGNMENT|[297]|this.saInquiryDetail__c|"a0JN0000008h2r2MAA"|0x3beae211
10:50:31.0 (55358264)|STATEMENT_EXECUTE|[298]
10:50:31.0 (55555919)|VARIABLE_ASSIGNMENT|[EXTERNAL]|this|{"BusinessLocationName":"","currentInquiryReply":"0x15d0d5b6","currentInquiryReplyDetail":"0x6cddf17f","dailyReportId":"a0IN0000006RUllMAG","dCurrentDay":"2018-06-30T00:00:00Z","dCurrentMonth":"2018-07-01T00:00:00Z","iCurrentDay":0,"idBusinessLocation":"","isIPhone":false,"isPreview":true,"lsBusinessLocation":"0x60540fbc","messageError":"","messageQuestion":"","mpQuestions":"0x3055b09f","myUser":"0x227e38be","sourceOfTheCall":"preview"}|0x63b75f26
10:50:31.0 (55602401)|HEAP_ALLOCATE|[EXTERNAL]|Bytes:4
10:50:31.0 (55614801)|STATEMENT_EXECUTE|[299]
10:50:31.0 (55779077)|VARIABLE_ASSIGNMENT|[EXTERNAL]|this|{"BusinessLocationName":"","currentInquiryReply":"0x15d0d5b6","currentInquiryReplyDetail":"0x6cddf17f","dailyReportId":"a0IN0000006RUllMAG","dCurrentDay":"2018-06-30T00:00:00Z","dCurrentMonth":"2018-07-01T00:00:00Z","iCurrentDay":0,"idBusinessLocation":"","isIPhone":false,"isPreview":true,"lsBusinessLocation":"0x60540fbc","messageError":"","messageQuestion":"","mpQuestions":"0x3055b09f","myUser":"0x227e38be","sourceOfTheCall":"preview"}|0x63b75f26
10:50:31.0 (55816387)|HEAP_ALLOCATE|[EXTERNAL]|Bytes:-4
10:50:31.0 (55833344)|HEAP_ALLOCATE|[295]|Bytes:5
10:50:31.0 (55847069)|VARIABLE_ASSIGNMENT|[295]|quest|null|
10:50:31.0 (55859475)|SYSTEM_MODE_EXIT|false
10:50:31.0 (74006294)|SYSTEM_MODE_ENTER|true
10:50:31.0 (74039910)|HEAP_ALLOCATE|[EXTERNAL]|Bytes:40
10:50:31.0 (74066156)|VARIABLE_ASSIGNMENT|[EXTERNAL]|this.iCountComments|null|0x128ad925
10:50:31.0 (74121706)|SYSTEM_MODE_ENTER|true
10:50:31.0 (74142298)|HEAP_ALLOCATE|[EXTERNAL]|Bytes:40
10:50:31.0 (74150147)|VARIABLE_ASSIGNMENT|[EXTERNAL]|this.iCountLikes|null|0x128ad925
10:50:31.0 (74210463)|SYSTEM_MODE_ENTER|true
10:50:31.0 (74280845)|HEAP_ALLOCATE|[EXTERNAL]|Bytes:76
10:50:31.0 (74294732)|VARIABLE_SCOPE_BEGIN|[92]|this|saDailyReportCtrl|true|false
10:50:31.0 (74608765)|VARIABLE_ASSIGNMENT|[92]|this|{"BusinessLocationName":"","currentInquiryReply":"0x15d0d5b6","currentInquiryReplyDetail":"0x6cddf17f","dailyReportId":"a0IN0000006RUllMAG","dCurrentDay":"2018-06-30T00:00:00Z","dCurrentMonth":"2018-07-01T00:00:00Z","iCurrentDay":0,"idBusinessLocation":"","isIPhone":false,"isPreview":true,"lsBusinessLocation":"0x60540fbc","messageError":"","messageQuestion":"","mpQuestions":"0x3055b09f","myUser":"0x227e38be","sourceOfTheCall":"preview"}|0x63b75f26
10:50:31.0 (74634855)|SYSTEM_MODE_ENTER|false
10:50:31.0 (74645177)|HEAP_ALLOCATE|[92]|Bytes:5
10:50:31.0 (74652189)|STATEMENT_EXECUTE|[92]
10:50:31.0 (74654407)|STATEMENT_EXECUTE|[92]
10:50:31.0 (74661760)|SYSTEM_MODE_EXIT|false
10:50:31.0 (74715453)|SYSTEM_MODE_ENTER|true
10:50:31.0 (74734709)|HEAP_ALLOCATE|[EXTERNAL]|Bytes:8
10:50:31.0 (74739436)|HEAP_ALLOCATE|[EXTERNAL]|Bytes:40
10:50:31.0 (74749557)|VARIABLE_ASSIGNMENT|[EXTERNAL]|this.iTypeOfScreen|54|0x128ad925
10:50:31.0 (74821529)|SYSTEM_MODE_ENTER|true
10:50:31.0 (74861611)|HEAP_ALLOCATE|[EXTERNAL]|Bytes:40
10:50:31.0 (74869058)|VARIABLE_SCOPE_BEGIN|[80]|this|auMainTopCompCtrl|true|false
10:50:31.0 (74908706)|VARIABLE_ASSIGNMENT|[80]|this|{"currentUser":"0x216f7351","iTypeOfScreen":54,"urlReportsSFA":"https://cs6.lightnin (84 more) ..."}|0x128ad925
10:50:31.0 (74919032)|STATEMENT_EXECUTE|[80]
10:50:31.0 (74920853)|STATEMENT_EXECUTE|[81]
10:50:31.0 (74953905)|VARIABLE_ASSIGNMENT|[EXTERNAL]|this|{"currentUser":"0x216f7351","iTypeOfScreen":54,"urlReportsSFA":"https://cs6.lightnin (84 more) ..."}|0x128ad925
10:50:31.0 (74993789)|VARIABLE_ASSIGNMENT|[EXTERNAL]|this|{"currentUser":"0x216f7351","iTypeOfScreen":54,"urlReportsSFA":"https://cs6.lightnin (84 more) ..."}|0x128ad925
10:50:31.0 (75024545)|VARIABLE_ASSIGNMENT|[EXTERNAL]|this|{"currentUser":"0x216f7351","iTypeOfScreen":54,"urlReportsSFA":"https://cs6.lightnin (84 more) ..."}|0x128ad925
10:50:31.0 (75055071)|VARIABLE_ASSIGNMENT|[EXTERNAL]|this|{"currentUser":"0x216f7351","iTypeOfScreen":54,"urlReportsSFA":"https://cs6.lightnin (84 more) ..."}|0x128ad925
10:50:31.0 (75076305)|HEAP_ALLOCATE|[81]|Bytes:5
10:50:31.0 (75145069)|SYSTEM_MODE_ENTER|true
10:50:31.0 (75179970)|HEAP_ALLOCATE|[EXTERNAL]|Bytes:40
10:50:31.0 (75186353)|VARIABLE_SCOPE_BEGIN|[99]|this|auMainTopCompCtrl|true|false
10:50:31.0 (75216193)|VARIABLE_ASSIGNMENT|[99]|this|{"currentUser":"0x216f7351","iTypeOfScreen":54,"urlReportsSFA":"https://cs6.lightnin (84 more) ..."}|0x128ad925
10:50:31.0 (75225800)|STATEMENT_EXECUTE|[99]
10:50:31.0 (75227619)|STATEMENT_EXECUTE|[100]
10:50:31.0 (75252589)|VARIABLE_ASSIGNMENT|[EXTERNAL]|this|{"currentUser":"0x216f7351","iTypeOfScreen":54,"urlReportsSFA":"https://cs6.lightnin (84 more) ..."}|0x128ad925
10:50:31.0 (75266582)|HEAP_ALLOCATE|[100]|Bytes:5
10:50:31.0 (75349149)|SYSTEM_MODE_ENTER|true
10:50:31.0 (75447928)|SYSTEM_MODE_ENTER|true
10:50:31.0 (75547131)|SYSTEM_MODE_ENTER|true
10:50:31.0 (75718449)|SYSTEM_MODE_ENTER|true
10:50:31.0 (78032452)|SYSTEM_MODE_ENTER|true
10:50:31.0 (78123379)|SYSTEM_MODE_ENTER|true
10:50:31.0 (78756392)|SYSTEM_MODE_ENTER|true
10:50:31.0 (78797824)|HEAP_ALLOCATE|[EXTERNAL]|Bytes:76
10:50:31.0 (78805984)|VARIABLE_SCOPE_BEGIN|[141]|this|saDailyReportCtrl|true|false
10:50:31.0 (78977469)|VARIABLE_ASSIGNMENT|[141]|this|{"BusinessLocationName":"","currentInquiryReply":"0x15d0d5b6","currentInquiryReplyDetail":"0x6cddf17f","dailyReportId":"a0IN0000006RUllMAG","dCurrentDay":"2018-06-30T00:00:00Z","dCurrentMonth":"2018-07-01T00:00:00Z","iCurrentDay":0,"idBusinessLocation":"","isIPhone":false,"isPreview":true,"lsBusinessLocation":"0x60540fbc","messageError":"","messageQuestion":"","mpQuestions":"0x3055b09f","myUser":"0x227e38be","sourceOfTheCall":"preview"}|0x63b75f26
10:50:31.0 (78997627)|SYSTEM_MODE_ENTER|false
10:50:31.0 (79004819)|HEAP_ALLOCATE|[142]|Bytes:5
10:50:31.0 (79010845)|STATEMENT_EXECUTE|[141]
10:50:31.0 (79012881)|STATEMENT_EXECUTE|[142]
10:50:31.0 (79088372)|HEAP_ALLOCATE|[142]|Bytes:4
10:50:31.0 (79099843)|HEAP_ALLOCATE|[142]|Bytes:1
10:50:31.0 (79120671)|HEAP_ALLOCATE|[142]|Bytes:1
10:50:31.0 (79128788)|HEAP_ALLOCATE|[142]|Bytes:1
10:50:31.0 (79153886)|HEAP_ALLOCATE|[142]|Bytes:2
10:50:31.0 (79170290)|HEAP_ALLOCATE|[142]|Bytes:9
10:50:31.0 (79177065)|HEAP_ALLOCATE|[142]|Bytes:10
10:50:31.0 (79183533)|SYSTEM_MODE_EXIT|false
10:50:31.0 (79363209)|SYSTEM_MODE_ENTER|true
10:50:31.0 (79857017)|SYSTEM_MODE_ENTER|true
10:50:31.0 (93889805)|VF_SERIALIZE_VIEWSTATE_BEGIN|066N0000000M4pW
10:50:31.0 (97313509)|VF_SERIALIZE_VIEWSTATE_END
10:50:31.100 (100571893)|CUMULATIVE_LIMIT_USAGE
10:50:31.100 (100571893)|LIMIT_USAGE_FOR_NS|(default)|
  Number of SOQL queries: 5 out of 100
  Number of query rows: 2 out of 50000
  Number of SOSL queries: 0 out of 20
  Number of DML statements: 0 out of 150
  Number of DML rows: 0 out of 10000
  Maximum CPU time: 0 out of 10000
  Maximum heap size: 0 out of 6000000
  Number of callouts: 0 out of 100
  Number of Email Invocations: 0 out of 10
  Number of future calls: 0 out of 50
  Number of queueable jobs added to the queue: 0 out of 50
  Number of Mobile Apex push calls: 0 out of 10

10:50:31.100 (100571893)|CUMULATIVE_LIMIT_USAGE_END

10:50:31.0 (100614901)|CODE_UNIT_FINISHED|VF: /apex/sadailyreport
10:50:31.0 (101298181)|EXECUTION_FINISHED
