38.0 APEX_CODE,FINEST;APEX_PROFILING,INFO;CALLOUT,INFO;DB,INFO;NBA,INFO;SYSTEM,DEBUG;VALIDATION,INFO;VISUALFORCE,INFO;WAVE,INFO;WORKFLOW,INFO
19:18:57.0 (74847)|USER_INFO|[EXTERNAL]|005N00000057RPN|duc.huynhmanh+kddi-gwdev01@globalway.co.jp|日本標準時|GMT+09:00
19:18:57.0 (113062)|EXECUTION_STARTED
19:18:57.0 (117201)|CODE_UNIT_STARTED|[EXTERNAL]|066N0000000M59u|VF: /apex/saReport
19:18:57.0 (242915)|VF_DESERIALIZE_VIEWSTATE_BEGIN|066N0000000M59u
19:18:57.0 (4631403)|HEAP_ALLOCATE|[72]|Bytes:3
19:18:57.0 (4669511)|HEAP_ALLOCATE|[77]|Bytes:152
19:18:57.0 (4684658)|HEAP_ALLOCATE|[342]|Bytes:408
19:18:57.0 (4698571)|HEAP_ALLOCATE|[355]|Bytes:408
19:18:57.0 (4708986)|HEAP_ALLOCATE|[467]|Bytes:48
19:18:57.0 (4733378)|HEAP_ALLOCATE|[139]|Bytes:6
19:18:57.0 (5753745)|HEAP_ALLOCATE|[50]|Bytes:5
19:18:57.0 (5781845)|HEAP_ALLOCATE|[56]|Bytes:5
19:18:57.0 (5792063)|HEAP_ALLOCATE|[64]|Bytes:7
19:18:57.0 (7779436)|VARIABLE_SCOPE_BEGIN|[30]|saReportCtrl.ERROR_CATEGORY_MISSING|String|false|true
19:18:57.0 (7791839)|VARIABLE_SCOPE_BEGIN|[31]|saReportCtrl.ERROR_COMMENT_MISSING|String|false|true
19:18:57.0 (7798974)|VARIABLE_SCOPE_BEGIN|[29]|saReportCtrl.ERROR_TITLE_MISSING|String|false|true
19:18:57.0 (7806637)|VARIABLE_SCOPE_BEGIN|[32]|saReportCtrl.MESSAGE_ASK_FOR_VALIDATION|String|false|true
19:18:57.0 (7813318)|VARIABLE_SCOPE_BEGIN|[33]|saReportCtrl.MESSAGE_PUBLISHED|String|false|true
19:18:57.0 (7819229)|VARIABLE_SCOPE_BEGIN|[34]|saReportCtrl.MESSAGE_TEMPORARY_SAVED|String|false|true
19:18:57.0 (7826055)|VARIABLE_SCOPE_BEGIN|[27]|saReportCtrl.SA_REPORT_STATE_NONE_LABEL|String|false|true
19:18:57.0 (7832666)|VARIABLE_SCOPE_BEGIN|[26]|saReportCtrl.SA_REPORT_STATE_NONE_VALUE|String|false|true
19:18:57.0 (7839634)|VARIABLE_SCOPE_BEGIN|[8]|saReportCtrl.SEARCH_COUNT_AVERAGE_LABEL|String|false|true
19:18:57.0 (7847037)|VARIABLE_SCOPE_BEGIN|[11]|saReportCtrl.SEARCH_COUNT_AVERAGE_VALUE|String|false|true
19:18:57.0 (7854510)|VARIABLE_SCOPE_BEGIN|[7]|saReportCtrl.SEARCH_COUNT_FEW_LABEL|String|false|true
19:18:57.0 (7860742)|VARIABLE_SCOPE_BEGIN|[10]|saReportCtrl.SEARCH_COUNT_FEW_VALUE|String|false|true
19:18:57.0 (7870490)|VARIABLE_SCOPE_BEGIN|[9]|saReportCtrl.SEARCH_COUNT_LOT_LABEL|String|false|true
19:18:57.0 (7877983)|VARIABLE_SCOPE_BEGIN|[12]|saReportCtrl.SEARCH_COUNT_LOT_VALUE|String|false|true
19:18:57.0 (7885990)|VARIABLE_SCOPE_BEGIN|[17]|saReportCtrl.SORTED_BY_FAVORITES_LABEL|String|false|true
19:18:57.0 (7892491)|VARIABLE_SCOPE_BEGIN|[23]|saReportCtrl.SORTED_BY_FAVORITES_VALUE|String|false|true
19:18:57.0 (7900114)|VARIABLE_SCOPE_BEGIN|[15]|saReportCtrl.SORTED_BY_NEWS_LABEL|String|false|true
19:18:57.0 (7907862)|VARIABLE_SCOPE_BEGIN|[21]|saReportCtrl.SORTED_BY_NEWS_VALUE|String|false|true
19:18:57.0 (7914592)|VARIABLE_SCOPE_BEGIN|[14]|saReportCtrl.SORTED_BY_NONE_LABEL|String|false|true
19:18:57.0 (7920755)|VARIABLE_SCOPE_BEGIN|[20]|saReportCtrl.SORTED_BY_NONE_VALUE|String|false|true
19:18:57.0 (7927289)|VARIABLE_SCOPE_BEGIN|[16]|saReportCtrl.SORTED_BY_NUMBER_OF_VIEWS_LABEL|String|false|true
19:18:57.0 (7933957)|VARIABLE_SCOPE_BEGIN|[22]|saReportCtrl.SORTED_BY_NUMBER_OF_VIEWS_VALUE|String|false|true
19:18:57.0 (7940778)|VARIABLE_SCOPE_BEGIN|[18]|saReportCtrl.SORTED_BY_RELEASE_DATES_LABEL|String|false|true
19:18:57.0 (7947790)|VARIABLE_SCOPE_BEGIN|[24]|saReportCtrl.SORTED_BY_RELEASE_DATES_VALUE|String|false|true
19:18:57.0 (8913474)|VARIABLE_SCOPE_BEGIN|[25]|auMainTopCompCtrl.TYPE_SCREEN_ACCOUNT_LIST|Integer|false|true
19:18:57.0 (8924997)|VARIABLE_SCOPE_BEGIN|[26]|auMainTopCompCtrl.TYPE_SCREEN_ACTIVITY_LIST|Integer|false|true
19:18:57.0 (8931746)|VARIABLE_SCOPE_BEGIN|[7]|auMainTopCompCtrl.TYPE_SCREEN_CX_SCREEN|Integer|false|true
19:18:57.0 (8937982)|VARIABLE_SCOPE_BEGIN|[8]|auMainTopCompCtrl.TYPE_SCREEN_CX_TIMELINE|Integer|false|true
19:18:57.0 (8944413)|VARIABLE_SCOPE_BEGIN|[9]|auMainTopCompCtrl.TYPE_SCREEN_EVENT_SCHEDULE|Integer|false|true
19:18:57.0 (8950835)|VARIABLE_SCOPE_BEGIN|[10]|auMainTopCompCtrl.TYPE_SCREEN_EVENT_SCHEDULE_LIST|Integer|false|true
19:18:57.0 (8957536)|VARIABLE_SCOPE_BEGIN|[27]|auMainTopCompCtrl.TYPE_SCREEN_FILE_LIST|Integer|false|true
19:18:57.0 (8963905)|VARIABLE_SCOPE_BEGIN|[24]|auMainTopCompCtrl.TYPE_SCREEN_HONBU_DIRECT|Integer|false|true
19:18:57.0 (8969359)|VARIABLE_SCOPE_BEGIN|[11]|auMainTopCompCtrl.TYPE_SCREEN_KNOWLEDGE_DASHBOARD|Integer|false|true
19:18:57.0 (8974754)|VARIABLE_SCOPE_BEGIN|[12]|auMainTopCompCtrl.TYPE_SCREEN_KNOWLEDGE_LIST|Integer|false|true
19:18:57.0 (8980536)|VARIABLE_SCOPE_BEGIN|[15]|auMainTopCompCtrl.TYPE_SCREEN_SA_CHATTER|Integer|false|true
19:18:57.0 (8986295)|VARIABLE_SCOPE_BEGIN|[16]|auMainTopCompCtrl.TYPE_SCREEN_SA_DAILYREPORT|Integer|false|true
19:18:57.0 (8991976)|VARIABLE_SCOPE_BEGIN|[22]|auMainTopCompCtrl.TYPE_SCREEN_SA_DAILYREPORTLIST|Integer|false|true
19:18:57.0 (8997851)|VARIABLE_SCOPE_BEGIN|[18]|auMainTopCompCtrl.TYPE_SCREEN_SA_DOCUMENTS|Integer|false|true
19:18:57.0 (9003626)|VARIABLE_SCOPE_BEGIN|[17]|auMainTopCompCtrl.TYPE_SCREEN_SA_ENQUETE|Integer|false|true
19:18:57.0 (9009598)|VARIABLE_SCOPE_BEGIN|[20]|auMainTopCompCtrl.TYPE_SCREEN_SA_LINKS|Integer|false|true
19:18:57.0 (9015386)|VARIABLE_SCOPE_BEGIN|[13]|auMainTopCompCtrl.TYPE_SCREEN_SA_MESSAGES|Integer|false|true
19:18:57.0 (9021110)|VARIABLE_SCOPE_BEGIN|[19]|auMainTopCompCtrl.TYPE_SCREEN_SA_RANKING|Integer|false|true
19:18:57.0 (9026991)|VARIABLE_SCOPE_BEGIN|[14]|auMainTopCompCtrl.TYPE_SCREEN_SA_REPORTS|Integer|false|true
19:18:57.0 (9032579)|VARIABLE_SCOPE_BEGIN|[23]|auMainTopCompCtrl.TYPE_SCREEN_SA_TODO|Integer|false|true
19:18:57.0 (9038693)|VARIABLE_SCOPE_BEGIN|[21]|auMainTopCompCtrl.TYPE_SCREEN_SA_USRSETTINGS|Integer|false|true
19:18:57.0 (9044717)|VARIABLE_SCOPE_BEGIN|[4]|auMainTopCompCtrl.TYPE_SCREEN_STPD_EVENT|Integer|false|true
19:18:57.0 (9050720)|VARIABLE_SCOPE_BEGIN|[6]|auMainTopCompCtrl.TYPE_SCREEN_STPD_SCREEN|Integer|false|true
19:18:57.0 (9056879)|VARIABLE_SCOPE_BEGIN|[5]|auMainTopCompCtrl.TYPE_SCREEN_STPD_TIMELINE|Integer|false|true
19:18:57.0 (9062799)|VARIABLE_SCOPE_BEGIN|[3]|auMainTopCompCtrl.TYPE_SCREEN_SWITCH|Integer|false|true
19:18:57.0 (15538141)|VF_DESERIALIZE_VIEWSTATE_END
19:18:57.0 (19813933)|SYSTEM_MODE_ENTER|true
19:18:57.0 (19846324)|HEAP_ALLOCATE|[EXTERNAL]|Bytes:1648
19:18:57.0 (19862834)|HEAP_ALLOCATE|[EXTERNAL]|Bytes:814
19:18:57.0 (19869811)|HEAP_ALLOCATE|[EXTERNAL]|Bytes:828
19:18:57.0 (19875103)|HEAP_ALLOCATE|[EXTERNAL]|Bytes:10
19:18:57.0 (19898924)|VARIABLE_ASSIGNMENT|[EXTERNAL]|saReportCtrl.ERROR_CATEGORY_MISSING|"カテゴリが必須です。"
19:18:57.0 (19905404)|HEAP_ALLOCATE|[EXTERNAL]|Bytes:10
19:18:57.0 (19912305)|VARIABLE_ASSIGNMENT|[EXTERNAL]|saReportCtrl.ERROR_COMMENT_MISSING|"コメントが必須です。"
19:18:57.0 (19917225)|HEAP_ALLOCATE|[EXTERNAL]|Bytes:10
19:18:57.0 (19924163)|VARIABLE_ASSIGNMENT|[EXTERNAL]|saReportCtrl.ERROR_TITLE_MISSING|"タイトルが必須です。"
19:18:57.0 (19929396)|HEAP_ALLOCATE|[EXTERNAL]|Bytes:11
19:18:57.0 (19936578)|VARIABLE_ASSIGNMENT|[EXTERNAL]|saReportCtrl.MESSAGE_ASK_FOR_VALIDATION|"承認申請を出しました。"
19:18:57.0 (19941418)|HEAP_ALLOCATE|[EXTERNAL]|Bytes:7
19:18:57.0 (19947574)|VARIABLE_ASSIGNMENT|[EXTERNAL]|saReportCtrl.MESSAGE_PUBLISHED|"公開しました。"
19:18:57.0 (19951972)|HEAP_ALLOCATE|[EXTERNAL]|Bytes:9
19:18:57.0 (19957692)|VARIABLE_ASSIGNMENT|[EXTERNAL]|saReportCtrl.MESSAGE_TEMPORARY_SAVED|"一時保存しました。"
19:18:57.0 (19961669)|HEAP_ALLOCATE|[EXTERNAL]|Bytes:3
19:18:57.0 (19968186)|VARIABLE_ASSIGNMENT|[EXTERNAL]|saReportCtrl.SA_REPORT_STATE_NONE_LABEL|"未選択"
19:18:57.0 (19972839)|HEAP_ALLOCATE|[EXTERNAL]|Bytes:1
19:18:57.0 (19979452)|VARIABLE_ASSIGNMENT|[EXTERNAL]|saReportCtrl.SA_REPORT_STATE_NONE_VALUE|" "
19:18:57.0 (19984530)|HEAP_ALLOCATE|[EXTERNAL]|Bytes:3
19:18:57.0 (19991173)|VARIABLE_ASSIGNMENT|[EXTERNAL]|saReportCtrl.SEARCH_COUNT_AVERAGE_LABEL|"50件"
19:18:57.0 (19995159)|HEAP_ALLOCATE|[EXTERNAL]|Bytes:2
19:18:57.0 (20001519)|VARIABLE_ASSIGNMENT|[EXTERNAL]|saReportCtrl.SEARCH_COUNT_AVERAGE_VALUE|"50"
19:18:57.0 (20006250)|HEAP_ALLOCATE|[EXTERNAL]|Bytes:3
19:18:57.0 (20012828)|VARIABLE_ASSIGNMENT|[EXTERNAL]|saReportCtrl.SEARCH_COUNT_FEW_LABEL|"20件"
19:18:57.0 (20016963)|HEAP_ALLOCATE|[EXTERNAL]|Bytes:2
19:18:57.0 (20023191)|VARIABLE_ASSIGNMENT|[EXTERNAL]|saReportCtrl.SEARCH_COUNT_FEW_VALUE|"20"
19:18:57.0 (20027393)|HEAP_ALLOCATE|[EXTERNAL]|Bytes:4
19:18:57.0 (20034558)|VARIABLE_ASSIGNMENT|[EXTERNAL]|saReportCtrl.SEARCH_COUNT_LOT_LABEL|"100件"
19:18:57.0 (20038401)|HEAP_ALLOCATE|[EXTERNAL]|Bytes:3
19:18:57.0 (20044805)|VARIABLE_ASSIGNMENT|[EXTERNAL]|saReportCtrl.SEARCH_COUNT_LOT_VALUE|"100"
19:18:57.0 (20049005)|HEAP_ALLOCATE|[EXTERNAL]|Bytes:4
19:18:57.0 (20056279)|VARIABLE_ASSIGNMENT|[EXTERNAL]|saReportCtrl.SORTED_BY_FAVORITES_LABEL|"いいね順"
19:18:57.0 (20060896)|HEAP_ALLOCATE|[EXTERNAL]|Bytes:4
19:18:57.0 (20067473)|VARIABLE_ASSIGNMENT|[EXTERNAL]|saReportCtrl.SORTED_BY_FAVORITES_VALUE|"いいね順"
19:18:57.0 (20071410)|HEAP_ALLOCATE|[EXTERNAL]|Bytes:3
19:18:57.0 (20078121)|VARIABLE_ASSIGNMENT|[EXTERNAL]|saReportCtrl.SORTED_BY_NEWS_LABEL|"NEW"
19:18:57.0 (20082821)|HEAP_ALLOCATE|[EXTERNAL]|Bytes:3
19:18:57.0 (20090306)|VARIABLE_ASSIGNMENT|[EXTERNAL]|saReportCtrl.SORTED_BY_NEWS_VALUE|"NEW"
19:18:57.0 (20094362)|HEAP_ALLOCATE|[EXTERNAL]|Bytes:1
19:18:57.0 (20100912)|VARIABLE_ASSIGNMENT|[EXTERNAL]|saReportCtrl.SORTED_BY_NONE_LABEL|" "
19:18:57.0 (20105234)|HEAP_ALLOCATE|[EXTERNAL]|Bytes:1
19:18:57.0 (20113837)|VARIABLE_ASSIGNMENT|[EXTERNAL]|saReportCtrl.SORTED_BY_NONE_VALUE|" "
19:18:57.0 (20118208)|HEAP_ALLOCATE|[EXTERNAL]|Bytes:4
19:18:57.0 (20125052)|VARIABLE_ASSIGNMENT|[EXTERNAL]|saReportCtrl.SORTED_BY_NUMBER_OF_VIEWS_LABEL|"閲覧数順"
19:18:57.0 (20129499)|HEAP_ALLOCATE|[EXTERNAL]|Bytes:4
19:18:57.0 (20136913)|VARIABLE_ASSIGNMENT|[EXTERNAL]|saReportCtrl.SORTED_BY_NUMBER_OF_VIEWS_VALUE|"閲覧数順"
19:18:57.0 (20140835)|HEAP_ALLOCATE|[EXTERNAL]|Bytes:4
19:18:57.0 (20147800)|VARIABLE_ASSIGNMENT|[EXTERNAL]|saReportCtrl.SORTED_BY_RELEASE_DATES_LABEL|"公開日時"
19:18:57.0 (20152700)|HEAP_ALLOCATE|[EXTERNAL]|Bytes:4
19:18:57.0 (20159865)|VARIABLE_ASSIGNMENT|[EXTERNAL]|saReportCtrl.SORTED_BY_RELEASE_DATES_VALUE|"公開日時"
19:18:57.0 (20174542)|METHOD_ENTRY|[1]|01pN0000000aEUV|saReportCtrl.saReportCtrl()
19:18:57.0 (20181493)|STATEMENT_EXECUTE|[1]
19:18:57.0 (20186425)|STATEMENT_EXECUTE|[1]
19:18:57.0 (20197642)|SYSTEM_MODE_ENTER|false
19:18:57.0 (20213380)|HEAP_ALLOCATE|[EXTERNAL]|Bytes:5
19:18:57.0 (20222399)|SYSTEM_MODE_EXIT|false
19:18:57.0 (20231773)|METHOD_EXIT|[1]|saReportCtrl
19:18:57.0 (20349212)|SYSTEM_MODE_ENTER|true
19:18:57.0 (20609712)|SYSTEM_MODE_ENTER|true
19:18:57.0 (20649111)|SYSTEM_MODE_ENTER|true
19:18:57.0 (20684219)|SYSTEM_MODE_ENTER|true
19:18:57.0 (20786979)|SYSTEM_MODE_ENTER|true
19:18:57.0 (20923325)|SYSTEM_MODE_ENTER|true
19:18:57.0 (21130318)|HEAP_ALLOCATE|[EXTERNAL]|Bytes:396
19:18:57.0 (21141393)|VARIABLE_SCOPE_BEGIN|[166]|this|saReportCtrl|true|false
19:18:57.0 (21392275)|VARIABLE_ASSIGNMENT|[166]|this|{"attachmentId":"","basicSearchCategory":" ","basicSearchCount":"20","basicSearchDateEnd":"","basicSearchDateStart":"","basicSearchKeywords":"佐山営業所の佐山","basicSearchRole1":" ","basicSearchRole2":" ","basicSearchRole3":" ","basicSearchSort":" ","categoryDataOptions":"0x765cc418","countDataOptions":"0x5cd4f46","createBody":"","createdReportId":"","createSubject":"","currentUser":"0x2a9e1a0e","draftBody":"","draftSubject":"","isApprover":true,"isCopySelected":false,"isGoodSelected":false,"isVeryGoodSelected":false,"latestBasicSearchCategory":" ","latestBasicSearchCount":"20","latestBasicSearchDateEnd":"","latestBasicSearchDateStart":"","latestBasicSearchKeywords":"佐山営業所の佐山","latestBasicSearchRole1":" ","latestBasicSearchRole2":" ","latestBasicSearchRole3":" ","latestBasicSearchSort":" ","latestMySearchCount":"","latestMySearchDateEnd":"","latestMySearchDateStart":"","latestMySearchKeywords":"","latestMySearchState":"","latestPendingCount":"","latestPendingDateEnd":"","latestPendingDateStart":"","latestPendingKeywords":"","latestSelectedProcess":"","listOfCategory":"0xff79510","listOfSAReports":"0x34ccfc2d","lsAttachments":"0x24a092a8","lsRolesFull":"0x4bf84e05","mapOfCategory":"0x11ec631e","messageError":"","messageSubmissionComplete":"","mySearchDateEnd":"","mySearchDateStart":"","mySearchKeywords":"","newCommentValue1":"","newCommentValue2":"","pageNum":1,"pageSize":20,"pendingDateEnd":"","pendingDateStart":"","pendingKeywords":"","processDataOptions":"0x4212d89a","recordsCount":100,"remandBody":"","remandSubject":"","reportComments":"0x628727a2","reportGoodViews":"0x6b86c591","reportManagedViews":"0x1900bf6c","reportRendered":false,"reportState":"","roleLevel1DataOptions":"0x4d8272de","roleLevel2DataOptions":"0x1663e6fb","roleLevel3DataOptions":"0x4b1413eb","searchCategoryLabel":"","searchCountLabel":"","searchParttern":1,"searchStateLabel":"","selectedCategoryName":"","selectedProcess":"","selectedReport":"0x57733e3a","selectedReportName":"","selectedView":"","sortDataOptions":"0x9b9b288","stateDataOptions":"0x64d97a"}|0x2af14725
19:18:57.0 (21439531)|SYSTEM_MODE_ENTER|false
19:18:57.0 (21447434)|HEAP_ALLOCATE|[166]|Bytes:5
19:18:57.0 (21453061)|STATEMENT_EXECUTE|[166]
19:18:57.0 (21455161)|STATEMENT_EXECUTE|[166]
19:18:57.0 (21679746)|VARIABLE_ASSIGNMENT|[EXTERNAL]|this|{"attachmentId":"","basicSearchCategory":" ","basicSearchCount":"20","basicSearchDateEnd":"","basicSearchDateStart":"","basicSearchKeywords":"佐山営業所の佐山","basicSearchRole1":" ","basicSearchRole2":" ","basicSearchRole3":" ","basicSearchSort":" ","categoryDataOptions":"0x765cc418","countDataOptions":"0x5cd4f46","createBody":"","createdReportId":"","createSubject":"","currentUser":"0x2a9e1a0e","draftBody":"","draftSubject":"","isApprover":true,"isCopySelected":false,"isGoodSelected":false,"isVeryGoodSelected":false,"latestBasicSearchCategory":" ","latestBasicSearchCount":"20","latestBasicSearchDateEnd":"","latestBasicSearchDateStart":"","latestBasicSearchKeywords":"佐山営業所の佐山","latestBasicSearchRole1":" ","latestBasicSearchRole2":" ","latestBasicSearchRole3":" ","latestBasicSearchSort":" ","latestMySearchCount":"","latestMySearchDateEnd":"","latestMySearchDateStart":"","latestMySearchKeywords":"","latestMySearchState":"","latestPendingCount":"","latestPendingDateEnd":"","latestPendingDateStart":"","latestPendingKeywords":"","latestSelectedProcess":"","listOfCategory":"0xff79510","listOfSAReports":"0x34ccfc2d","lsAttachments":"0x24a092a8","lsRolesFull":"0x4bf84e05","mapOfCategory":"0x11ec631e","messageError":"","messageSubmissionComplete":"","mySearchDateEnd":"","mySearchDateStart":"","mySearchKeywords":"","newCommentValue1":"","newCommentValue2":"","pageNum":1,"pageSize":20,"pendingDateEnd":"","pendingDateStart":"","pendingKeywords":"","processDataOptions":"0x4212d89a","recordsCount":100,"remandBody":"","remandSubject":"","reportComments":"0x628727a2","reportGoodViews":"0x6b86c591","reportManagedViews":"0x1900bf6c","reportRendered":false,"reportState":"","roleLevel1DataOptions":"0x4d8272de","roleLevel2DataOptions":"0x1663e6fb","roleLevel3DataOptions":"0x4b1413eb","searchCategoryLabel":"","searchCountLabel":"","searchParttern":1,"searchStateLabel":"","selectedCategoryName":"","selectedProcess":"","selectedReport":"0x57733e3a","selectedReportName":"","selectedView":"","sortDataOptions":"0x9b9b288","stateDataOptions":"0x64d97a"}|0x2af14725
19:18:57.0 (21920081)|VARIABLE_ASSIGNMENT|[EXTERNAL]|this|{"attachmentId":"","basicSearchCategory":" ","basicSearchCount":"20","basicSearchDateEnd":"","basicSearchDateStart":"","basicSearchKeywords":"佐山営業所の佐山","basicSearchRole1":" ","basicSearchRole2":" ","basicSearchRole3":" ","basicSearchSort":" ","categoryDataOptions":"0x765cc418","countDataOptions":"0x5cd4f46","createBody":"","createdReportId":"","createSubject":"","currentUser":"0x2a9e1a0e","draftBody":"","draftSubject":"","isApprover":true,"isCopySelected":false,"isGoodSelected":false,"isVeryGoodSelected":false,"latestBasicSearchCategory":" ","latestBasicSearchCount":"20","latestBasicSearchDateEnd":"","latestBasicSearchDateStart":"","latestBasicSearchKeywords":"佐山営業所の佐山","latestBasicSearchRole1":" ","latestBasicSearchRole2":" ","latestBasicSearchRole3":" ","latestBasicSearchSort":" ","latestMySearchCount":"","latestMySearchDateEnd":"","latestMySearchDateStart":"","latestMySearchKeywords":"","latestMySearchState":"","latestPendingCount":"","latestPendingDateEnd":"","latestPendingDateStart":"","latestPendingKeywords":"","latestSelectedProcess":"","listOfCategory":"0xff79510","listOfSAReports":"0x34ccfc2d","lsAttachments":"0x24a092a8","lsRolesFull":"0x4bf84e05","mapOfCategory":"0x11ec631e","messageError":"","messageSubmissionComplete":"","mySearchDateEnd":"","mySearchDateStart":"","mySearchKeywords":"","newCommentValue1":"","newCommentValue2":"","pageNum":1,"pageSize":20,"pendingDateEnd":"","pendingDateStart":"","pendingKeywords":"","processDataOptions":"0x4212d89a","recordsCount":100,"remandBody":"","remandSubject":"","reportComments":"0x628727a2","reportGoodViews":"0x6b86c591","reportManagedViews":"0x1900bf6c","reportRendered":false,"reportState":"","roleLevel1DataOptions":"0x4d8272de","roleLevel2DataOptions":"0x1663e6fb","roleLevel3DataOptions":"0x4b1413eb","searchCategoryLabel":"","searchCountLabel":"","searchParttern":1,"searchStateLabel":"","selectedCategoryName":"","selectedProcess":"","selectedReport":"0x57733e3a","selectedReportName":"","selectedView":"","sortDataOptions":"0x9b9b288","stateDataOptions":"0x64d97a"}|0x2af14725
19:18:57.0 (22149918)|VARIABLE_ASSIGNMENT|[EXTERNAL]|this|{"attachmentId":"","basicSearchCategory":" ","basicSearchCount":"20","basicSearchDateEnd":"","basicSearchDateStart":"","basicSearchKeywords":"佐山営業所の佐山","basicSearchRole1":" ","basicSearchRole2":" ","basicSearchRole3":" ","basicSearchSort":" ","categoryDataOptions":"0x765cc418","countDataOptions":"0x5cd4f46","createBody":"","createdReportId":"","createSubject":"","currentUser":"0x2a9e1a0e","draftBody":"","draftSubject":"","isApprover":true,"isCopySelected":false,"isGoodSelected":false,"isVeryGoodSelected":false,"latestBasicSearchCategory":" ","latestBasicSearchCount":"20","latestBasicSearchDateEnd":"","latestBasicSearchDateStart":"","latestBasicSearchKeywords":"佐山営業所の佐山","latestBasicSearchRole1":" ","latestBasicSearchRole2":" ","latestBasicSearchRole3":" ","latestBasicSearchSort":" ","latestMySearchCount":"","latestMySearchDateEnd":"","latestMySearchDateStart":"","latestMySearchKeywords":"","latestMySearchState":"","latestPendingCount":"","latestPendingDateEnd":"","latestPendingDateStart":"","latestPendingKeywords":"","latestSelectedProcess":"","listOfCategory":"0xff79510","listOfSAReports":"0x34ccfc2d","lsAttachments":"0x24a092a8","lsRolesFull":"0x4bf84e05","mapOfCategory":"0x11ec631e","messageError":"","messageSubmissionComplete":"","mySearchDateEnd":"","mySearchDateStart":"","mySearchKeywords":"","newCommentValue1":"","newCommentValue2":"","pageNum":1,"pageSize":20,"pendingDateEnd":"","pendingDateStart":"","pendingKeywords":"","processDataOptions":"0x4212d89a","recordsCount":100,"remandBody":"","remandSubject":"","reportComments":"0x628727a2","reportGoodViews":"0x6b86c591","reportManagedViews":"0x1900bf6c","reportRendered":false,"reportState":"","roleLevel1DataOptions":"0x4d8272de","roleLevel2DataOptions":"0x1663e6fb","roleLevel3DataOptions":"0x4b1413eb","searchCategoryLabel":"","searchCountLabel":"","searchParttern":1,"searchStateLabel":"","selectedCategoryName":"","selectedProcess":"","selectedReport":"0x57733e3a","selectedReportName":"","selectedView":"","sortDataOptions":"0x9b9b288","stateDataOptions":"0x64d97a"}|0x2af14725
19:18:57.0 (22191729)|HEAP_ALLOCATE|[166]|Bytes:5
19:18:57.0 (22199108)|SYSTEM_MODE_EXIT|false
19:18:57.0 (22205824)|HEAP_ALLOCATE|[166]|Bytes:5
19:18:57.0 (22341639)|SYSTEM_MODE_ENTER|true
19:18:57.0 (22606277)|SYSTEM_MODE_ENTER|true
19:18:57.0 (22951103)|SYSTEM_MODE_ENTER|true
19:18:57.0 (23020684)|SYSTEM_MODE_ENTER|true
19:18:57.0 (23096676)|SYSTEM_MODE_ENTER|true
19:18:57.0 (23161570)|SYSTEM_MODE_ENTER|true
19:18:57.0 (23381815)|SYSTEM_MODE_ENTER|true
19:18:57.0 (23451702)|SYSTEM_MODE_ENTER|true
19:18:57.0 (23510813)|SYSTEM_MODE_ENTER|true
19:18:57.0 (25158958)|SYSTEM_MODE_ENTER|true
19:18:57.0 (25215559)|SYSTEM_MODE_ENTER|true
19:18:57.0 (25254286)|SYSTEM_MODE_ENTER|true
19:18:57.0 (25289843)|SYSTEM_MODE_ENTER|true
19:18:57.0 (25322746)|SYSTEM_MODE_ENTER|true
19:18:57.0 (25355650)|SYSTEM_MODE_ENTER|true
19:18:57.0 (25389967)|SYSTEM_MODE_ENTER|true
19:18:57.0 (25423286)|SYSTEM_MODE_ENTER|true
19:18:57.0 (25458204)|SYSTEM_MODE_ENTER|true
19:18:57.0 (25494812)|SYSTEM_MODE_ENTER|true
19:18:57.0 (25527413)|SYSTEM_MODE_ENTER|true
19:18:57.0 (25561153)|SYSTEM_MODE_ENTER|true
19:18:57.0 (25594127)|SYSTEM_MODE_ENTER|true
19:18:57.0 (25672243)|SYSTEM_MODE_ENTER|true
19:18:57.0 (25707907)|SYSTEM_MODE_ENTER|true
19:18:57.0 (25746822)|SYSTEM_MODE_ENTER|true
19:18:57.0 (25804396)|SYSTEM_MODE_ENTER|true
19:18:57.0 (25871941)|SYSTEM_MODE_ENTER|true
19:18:57.0 (25916186)|SYSTEM_MODE_ENTER|true
19:18:57.0 (25957138)|SYSTEM_MODE_ENTER|true
19:18:57.0 (25995219)|SYSTEM_MODE_ENTER|true
19:18:57.0 (26035348)|SYSTEM_MODE_ENTER|true
19:18:57.0 (26073004)|SYSTEM_MODE_ENTER|true
19:18:57.0 (26114494)|SYSTEM_MODE_ENTER|true
19:18:57.0 (26166897)|SYSTEM_MODE_ENTER|true
19:18:57.0 (26530831)|SYSTEM_MODE_ENTER|true
19:18:57.0 (26570442)|SYSTEM_MODE_ENTER|true
19:18:57.0 (26605363)|SYSTEM_MODE_ENTER|true
19:18:57.0 (26787114)|SYSTEM_MODE_ENTER|true
19:18:57.0 (26823109)|SYSTEM_MODE_ENTER|true
19:18:57.0 (26856180)|SYSTEM_MODE_ENTER|true
19:18:57.0 (27019873)|SYSTEM_MODE_ENTER|true
19:18:57.0 (27059549)|SYSTEM_MODE_ENTER|true
19:18:57.0 (27097530)|SYSTEM_MODE_ENTER|true
19:18:57.0 (27265466)|SYSTEM_MODE_ENTER|true
19:18:57.0 (27446629)|SYSTEM_MODE_ENTER|true
19:18:57.0 (27483385)|SYSTEM_MODE_ENTER|true
19:18:57.0 (27514989)|SYSTEM_MODE_ENTER|true
19:18:57.0 (27785334)|SYSTEM_MODE_ENTER|true
19:18:57.0 (27813110)|HEAP_ALLOCATE|[EXTERNAL]|Bytes:396
19:18:57.0 (27828254)|VARIABLE_ASSIGNMENT|[EXTERNAL]|this.attachmentId|""|0x2af14725
19:18:57.0 (27862260)|SYSTEM_MODE_ENTER|true
19:18:57.0 (27875512)|HEAP_ALLOCATE|[EXTERNAL]|Bytes:396
19:18:57.0 (27888360)|VARIABLE_ASSIGNMENT|[EXTERNAL]|this.selectedReportName|""|0x2af14725
19:18:57.0 (27914428)|SYSTEM_MODE_ENTER|true
19:18:57.0 (27926128)|HEAP_ALLOCATE|[EXTERNAL]|Bytes:396
19:18:57.0 (27935985)|VARIABLE_ASSIGNMENT|[EXTERNAL]|this.selectedCategoryName|""|0x2af14725
19:18:57.0 (27959582)|SYSTEM_MODE_ENTER|true
19:18:57.0 (27971012)|HEAP_ALLOCATE|[EXTERNAL]|Bytes:396
19:18:57.0 (27979464)|VARIABLE_ASSIGNMENT|[EXTERNAL]|this.messageError|""|0x2af14725
19:18:57.0 (28000909)|SYSTEM_MODE_ENTER|true
19:18:57.0 (28012599)|HEAP_ALLOCATE|[EXTERNAL]|Bytes:396
19:18:57.0 (28020909)|VARIABLE_ASSIGNMENT|[EXTERNAL]|this.messageSubmissionComplete|""|0x2af14725
19:18:57.0 (28043607)|SYSTEM_MODE_ENTER|true
19:18:57.0 (28054418)|HEAP_ALLOCATE|[EXTERNAL]|Bytes:396
19:18:57.0 (28061454)|VARIABLE_ASSIGNMENT|[EXTERNAL]|this.basicSearchCategory|""|0x2af14725
19:18:57.0 (28083030)|SYSTEM_MODE_ENTER|true
19:18:57.0 (28094097)|HEAP_ALLOCATE|[EXTERNAL]|Bytes:396
19:18:57.0 (28101092)|VARIABLE_ASSIGNMENT|[EXTERNAL]|this.basicSearchCount|""|0x2af14725
19:18:57.0 (28122894)|SYSTEM_MODE_ENTER|true
19:18:57.0 (28133948)|HEAP_ALLOCATE|[EXTERNAL]|Bytes:396
19:18:57.0 (28141016)|VARIABLE_ASSIGNMENT|[EXTERNAL]|this.basicSearchSort|""|0x2af14725
19:18:57.0 (28162554)|SYSTEM_MODE_ENTER|true
19:18:57.0 (28173182)|HEAP_ALLOCATE|[EXTERNAL]|Bytes:396
19:18:57.0 (28181548)|VARIABLE_ASSIGNMENT|[EXTERNAL]|this.mySearchCount|""|0x2af14725
19:18:57.0 (28203334)|SYSTEM_MODE_ENTER|true
19:18:57.0 (28214385)|HEAP_ALLOCATE|[EXTERNAL]|Bytes:396
19:18:57.0 (28222833)|VARIABLE_ASSIGNMENT|[EXTERNAL]|this.mySearchState|""|0x2af14725
19:18:57.0 (28245427)|SYSTEM_MODE_ENTER|true
19:18:57.0 (28256388)|HEAP_ALLOCATE|[EXTERNAL]|Bytes:396
19:18:57.0 (28264758)|VARIABLE_ASSIGNMENT|[EXTERNAL]|this.pendingCount|""|0x2af14725
19:18:57.0 (28286331)|SYSTEM_MODE_ENTER|true
19:18:57.0 (28297586)|HEAP_ALLOCATE|[EXTERNAL]|Bytes:396
19:18:57.0 (28306364)|VARIABLE_ASSIGNMENT|[EXTERNAL]|this.remandCategory|""|0x2af14725
19:18:57.0 (28328166)|SYSTEM_MODE_ENTER|true
19:18:57.0 (28339251)|HEAP_ALLOCATE|[EXTERNAL]|Bytes:396
19:18:57.0 (28347191)|VARIABLE_ASSIGNMENT|[EXTERNAL]|this.remandProcess|""|0x2af14725
19:18:57.0 (28379054)|SYSTEM_MODE_ENTER|true
19:18:57.0 (28446210)|SYSTEM_MODE_ENTER|true
19:18:57.0 (28458673)|HEAP_ALLOCATE|[EXTERNAL]|Bytes:8
19:18:57.0 (28463139)|HEAP_ALLOCATE|[EXTERNAL]|Bytes:396
19:18:57.0 (28471399)|VARIABLE_ASSIGNMENT|[EXTERNAL]|this.basicSearchKeywords|"佐山営業所の佐山"|0x2af14725
19:18:57.0 (28496112)|SYSTEM_MODE_ENTER|true
19:18:57.0 (28507524)|HEAP_ALLOCATE|[EXTERNAL]|Bytes:396
19:18:57.0 (28514851)|VARIABLE_ASSIGNMENT|[EXTERNAL]|this.basicSearchDateStart|""|0x2af14725
19:18:57.0 (28536895)|SYSTEM_MODE_ENTER|true
19:18:57.0 (28547555)|HEAP_ALLOCATE|[EXTERNAL]|Bytes:396
19:18:57.0 (28554412)|VARIABLE_ASSIGNMENT|[EXTERNAL]|this.basicSearchDateEnd|""|0x2af14725
19:18:57.0 (28576232)|SYSTEM_MODE_ENTER|true
19:18:57.0 (28586840)|HEAP_ALLOCATE|[EXTERNAL]|Bytes:1
19:18:57.0 (28590070)|HEAP_ALLOCATE|[EXTERNAL]|Bytes:396
19:18:57.0 (28596705)|VARIABLE_ASSIGNMENT|[EXTERNAL]|this.basicSearchCategory|" "|0x2af14725
19:18:57.0 (28619156)|SYSTEM_MODE_ENTER|true
19:18:57.0 (28629947)|HEAP_ALLOCATE|[EXTERNAL]|Bytes:1
19:18:57.0 (28634117)|HEAP_ALLOCATE|[EXTERNAL]|Bytes:396
19:18:57.0 (28640415)|VARIABLE_ASSIGNMENT|[EXTERNAL]|this.basicSearchRole1|" "|0x2af14725
19:18:57.0 (28661835)|SYSTEM_MODE_ENTER|true
19:18:57.0 (28672858)|HEAP_ALLOCATE|[EXTERNAL]|Bytes:1
19:18:57.0 (28676519)|HEAP_ALLOCATE|[EXTERNAL]|Bytes:396
19:18:57.0 (28682454)|VARIABLE_ASSIGNMENT|[EXTERNAL]|this.basicSearchRole2|" "|0x2af14725
19:18:57.0 (28704223)|SYSTEM_MODE_ENTER|true
19:18:57.0 (28714840)|HEAP_ALLOCATE|[EXTERNAL]|Bytes:1
19:18:57.0 (28718157)|HEAP_ALLOCATE|[EXTERNAL]|Bytes:396
19:18:57.0 (28725067)|VARIABLE_ASSIGNMENT|[EXTERNAL]|this.basicSearchRole3|" "|0x2af14725
19:18:57.0 (28750637)|SYSTEM_MODE_ENTER|true
19:18:57.0 (28761921)|HEAP_ALLOCATE|[EXTERNAL]|Bytes:1
19:18:57.0 (28765631)|HEAP_ALLOCATE|[EXTERNAL]|Bytes:396
19:18:57.0 (28771563)|VARIABLE_ASSIGNMENT|[EXTERNAL]|this.basicSearchSort|" "|0x2af14725
19:18:57.0 (28793083)|SYSTEM_MODE_ENTER|true
19:18:57.0 (28803792)|HEAP_ALLOCATE|[EXTERNAL]|Bytes:2
19:18:57.0 (28808063)|HEAP_ALLOCATE|[EXTERNAL]|Bytes:396
19:18:57.0 (28813983)|VARIABLE_ASSIGNMENT|[EXTERNAL]|this.basicSearchCount|"20"|0x2af14725
19:18:57.0 (28842185)|SYSTEM_MODE_ENTER|true
19:18:57.0 (28878429)|SYSTEM_MODE_ENTER|true
19:18:57.0 (28906669)|SYSTEM_MODE_ENTER|true
19:18:57.0 (28932307)|SYSTEM_MODE_ENTER|true
19:18:57.0 (28997520)|SYSTEM_MODE_ENTER|true
19:18:57.0 (29046593)|SYSTEM_MODE_ENTER|true
19:18:57.0 (29084212)|HEAP_ALLOCATE|[EXTERNAL]|Bytes:396
19:18:57.0 (29091830)|VARIABLE_SCOPE_BEGIN|[166]|this|saReportCtrl|true|false
19:18:57.0 (29307488)|VARIABLE_ASSIGNMENT|[166]|this|{"attachmentId":"","basicSearchCategory":" ","basicSearchCount":"20","basicSearchDateEnd":"","basicSearchDateStart":"","basicSearchKeywords":"佐山営業所の佐山","basicSearchRole1":" ","basicSearchRole2":" ","basicSearchRole3":" ","basicSearchSort":" ","categoryDataOptions":"0x765cc418","countDataOptions":"0x5cd4f46","createBody":"","createdReportId":"","createSubject":"","currentUser":"0x2a9e1a0e","draftBody":"","draftSubject":"","isApprover":true,"isCopySelected":false,"isGoodSelected":false,"isVeryGoodSelected":false,"latestBasicSearchCategory":" ","latestBasicSearchCount":"20","latestBasicSearchDateEnd":"","latestBasicSearchDateStart":"","latestBasicSearchKeywords":"佐山営業所の佐山","latestBasicSearchRole1":" ","latestBasicSearchRole2":" ","latestBasicSearchRole3":" ","latestBasicSearchSort":" ","latestMySearchCount":"","latestMySearchDateEnd":"","latestMySearchDateStart":"","latestMySearchKeywords":"","latestMySearchState":"","latestPendingCount":"","latestPendingDateEnd":"","latestPendingDateStart":"","latestPendingKeywords":"","latestSelectedProcess":"","listOfCategory":"0xff79510","listOfSAReports":"0x34ccfc2d","lsAttachments":"0x24a092a8","lsRolesFull":"0x4bf84e05","mapOfCategory":"0x11ec631e","messageError":"","messageSubmissionComplete":"","mySearchCount":"","mySearchDateEnd":"","mySearchDateStart":"","mySearchKeywords":"","mySearchState":"","newCommentValue1":"","newCommentValue2":"","pageNum":1,"pageSize":20,"pendingCount":"","pendingDateEnd":"","pendingDateStart":"","pendingKeywords":"","processDataOptions":"0x4212d89a","recordsCount":100,"remandBody":"","remandCategory":"","remandProcess":"","remandSubject":"","reportComments":"0x628727a2","reportGoodViews":"0x6b86c591","reportManagedViews":"0x1900bf6c","reportRendered":false,"reportState":"","roleLevel1DataOptions":"0x4d8272de","roleLevel2DataOptions":"0x1663e6fb","roleLevel3DataOptions":"0x4b1413eb","searchCategoryLabel":"","searchCountLabel":"","searchParttern":1,"searchStateLabel":"","selectedCategoryName":"","selectedProcess":"","selectedReport":"0x57733e3a","selectedReportName":"","selectedView":"","sortDataOptions":"0x9b9b288","stateDataOptions":"0x64d97a"}|0x2af14725
19:18:57.0 (29349280)|SYSTEM_MODE_ENTER|false
19:18:57.0 (29357205)|HEAP_ALLOCATE|[166]|Bytes:5
19:18:57.0 (29362582)|STATEMENT_EXECUTE|[166]
19:18:57.0 (29364436)|STATEMENT_EXECUTE|[166]
19:18:57.0 (29566385)|VARIABLE_ASSIGNMENT|[EXTERNAL]|this|{"attachmentId":"","basicSearchCategory":" ","basicSearchCount":"20","basicSearchDateEnd":"","basicSearchDateStart":"","basicSearchKeywords":"佐山営業所の佐山","basicSearchRole1":" ","basicSearchRole2":" ","basicSearchRole3":" ","basicSearchSort":" ","categoryDataOptions":"0x765cc418","countDataOptions":"0x5cd4f46","createBody":"","createdReportId":"","createSubject":"","currentUser":"0x2a9e1a0e","draftBody":"","draftSubject":"","isApprover":true,"isCopySelected":false,"isGoodSelected":false,"isVeryGoodSelected":false,"latestBasicSearchCategory":" ","latestBasicSearchCount":"20","latestBasicSearchDateEnd":"","latestBasicSearchDateStart":"","latestBasicSearchKeywords":"佐山営業所の佐山","latestBasicSearchRole1":" ","latestBasicSearchRole2":" ","latestBasicSearchRole3":" ","latestBasicSearchSort":" ","latestMySearchCount":"","latestMySearchDateEnd":"","latestMySearchDateStart":"","latestMySearchKeywords":"","latestMySearchState":"","latestPendingCount":"","latestPendingDateEnd":"","latestPendingDateStart":"","latestPendingKeywords":"","latestSelectedProcess":"","listOfCategory":"0xff79510","listOfSAReports":"0x34ccfc2d","lsAttachments":"0x24a092a8","lsRolesFull":"0x4bf84e05","mapOfCategory":"0x11ec631e","messageError":"","messageSubmissionComplete":"","mySearchCount":"","mySearchDateEnd":"","mySearchDateStart":"","mySearchKeywords":"","mySearchState":"","newCommentValue1":"","newCommentValue2":"","pageNum":1,"pageSize":20,"pendingCount":"","pendingDateEnd":"","pendingDateStart":"","pendingKeywords":"","processDataOptions":"0x4212d89a","recordsCount":100,"remandBody":"","remandCategory":"","remandProcess":"","remandSubject":"","reportComments":"0x628727a2","reportGoodViews":"0x6b86c591","reportManagedViews":"0x1900bf6c","reportRendered":false,"reportState":"","roleLevel1DataOptions":"0x4d8272de","roleLevel2DataOptions":"0x1663e6fb","roleLevel3DataOptions":"0x4b1413eb","searchCategoryLabel":"","searchCountLabel":"","searchParttern":1,"searchStateLabel":"","selectedCategoryName":"","selectedProcess":"","selectedReport":"0x57733e3a","selectedReportName":"","selectedView":"","sortDataOptions":"0x9b9b288","stateDataOptions":"0x64d97a"}|0x2af14725
19:18:57.0 (29805042)|VARIABLE_ASSIGNMENT|[EXTERNAL]|this|{"attachmentId":"","basicSearchCategory":" ","basicSearchCount":"20","basicSearchDateEnd":"","basicSearchDateStart":"","basicSearchKeywords":"佐山営業所の佐山","basicSearchRole1":" ","basicSearchRole2":" ","basicSearchRole3":" ","basicSearchSort":" ","categoryDataOptions":"0x765cc418","countDataOptions":"0x5cd4f46","createBody":"","createdReportId":"","createSubject":"","currentUser":"0x2a9e1a0e","draftBody":"","draftSubject":"","isApprover":true,"isCopySelected":false,"isGoodSelected":false,"isVeryGoodSelected":false,"latestBasicSearchCategory":" ","latestBasicSearchCount":"20","latestBasicSearchDateEnd":"","latestBasicSearchDateStart":"","latestBasicSearchKeywords":"佐山営業所の佐山","latestBasicSearchRole1":" ","latestBasicSearchRole2":" ","latestBasicSearchRole3":" ","latestBasicSearchSort":" ","latestMySearchCount":"","latestMySearchDateEnd":"","latestMySearchDateStart":"","latestMySearchKeywords":"","latestMySearchState":"","latestPendingCount":"","latestPendingDateEnd":"","latestPendingDateStart":"","latestPendingKeywords":"","latestSelectedProcess":"","listOfCategory":"0xff79510","listOfSAReports":"0x34ccfc2d","lsAttachments":"0x24a092a8","lsRolesFull":"0x4bf84e05","mapOfCategory":"0x11ec631e","messageError":"","messageSubmissionComplete":"","mySearchCount":"","mySearchDateEnd":"","mySearchDateStart":"","mySearchKeywords":"","mySearchState":"","newCommentValue1":"","newCommentValue2":"","pageNum":1,"pageSize":20,"pendingCount":"","pendingDateEnd":"","pendingDateStart":"","pendingKeywords":"","processDataOptions":"0x4212d89a","recordsCount":100,"remandBody":"","remandCategory":"","remandProcess":"","remandSubject":"","reportComments":"0x628727a2","reportGoodViews":"0x6b86c591","reportManagedViews":"0x1900bf6c","reportRendered":false,"reportState":"","roleLevel1DataOptions":"0x4d8272de","roleLevel2DataOptions":"0x1663e6fb","roleLevel3DataOptions":"0x4b1413eb","searchCategoryLabel":"","searchCountLabel":"","searchParttern":1,"searchStateLabel":"","selectedCategoryName":"","selectedProcess":"","selectedReport":"0x57733e3a","selectedReportName":"","selectedView":"","sortDataOptions":"0x9b9b288","stateDataOptions":"0x64d97a"}|0x2af14725
19:18:57.0 (30036611)|VARIABLE_ASSIGNMENT|[EXTERNAL]|this|{"attachmentId":"","basicSearchCategory":" ","basicSearchCount":"20","basicSearchDateEnd":"","basicSearchDateStart":"","basicSearchKeywords":"佐山営業所の佐山","basicSearchRole1":" ","basicSearchRole2":" ","basicSearchRole3":" ","basicSearchSort":" ","categoryDataOptions":"0x765cc418","countDataOptions":"0x5cd4f46","createBody":"","createdReportId":"","createSubject":"","currentUser":"0x2a9e1a0e","draftBody":"","draftSubject":"","isApprover":true,"isCopySelected":false,"isGoodSelected":false,"isVeryGoodSelected":false,"latestBasicSearchCategory":" ","latestBasicSearchCount":"20","latestBasicSearchDateEnd":"","latestBasicSearchDateStart":"","latestBasicSearchKeywords":"佐山営業所の佐山","latestBasicSearchRole1":" ","latestBasicSearchRole2":" ","latestBasicSearchRole3":" ","latestBasicSearchSort":" ","latestMySearchCount":"","latestMySearchDateEnd":"","latestMySearchDateStart":"","latestMySearchKeywords":"","latestMySearchState":"","latestPendingCount":"","latestPendingDateEnd":"","latestPendingDateStart":"","latestPendingKeywords":"","latestSelectedProcess":"","listOfCategory":"0xff79510","listOfSAReports":"0x34ccfc2d","lsAttachments":"0x24a092a8","lsRolesFull":"0x4bf84e05","mapOfCategory":"0x11ec631e","messageError":"","messageSubmissionComplete":"","mySearchCount":"","mySearchDateEnd":"","mySearchDateStart":"","mySearchKeywords":"","mySearchState":"","newCommentValue1":"","newCommentValue2":"","pageNum":1,"pageSize":20,"pendingCount":"","pendingDateEnd":"","pendingDateStart":"","pendingKeywords":"","processDataOptions":"0x4212d89a","recordsCount":100,"remandBody":"","remandCategory":"","remandProcess":"","remandSubject":"","reportComments":"0x628727a2","reportGoodViews":"0x6b86c591","reportManagedViews":"0x1900bf6c","reportRendered":false,"reportState":"","roleLevel1DataOptions":"0x4d8272de","roleLevel2DataOptions":"0x1663e6fb","roleLevel3DataOptions":"0x4b1413eb","searchCategoryLabel":"","searchCountLabel":"","searchParttern":1,"searchStateLabel":"","selectedCategoryName":"","selectedProcess":"","selectedReport":"0x57733e3a","selectedReportName":"","selectedView":"","sortDataOptions":"0x9b9b288","stateDataOptions":"0x64d97a"}|0x2af14725
19:18:57.0 (30077662)|HEAP_ALLOCATE|[166]|Bytes:5
19:18:57.0 (30084610)|SYSTEM_MODE_EXIT|false
19:18:57.0 (30090564)|HEAP_ALLOCATE|[166]|Bytes:5
19:18:57.0 (30168152)|SYSTEM_MODE_ENTER|true
19:18:57.0 (30276606)|SYSTEM_MODE_ENTER|true
19:18:57.0 (30323026)|SYSTEM_MODE_ENTER|true
19:18:57.0 (30362147)|SYSTEM_MODE_ENTER|true
19:18:57.0 (30469974)|SYSTEM_MODE_ENTER|true
19:18:57.0 (30485806)|HEAP_ALLOCATE|[EXTERNAL]|Bytes:396
19:18:57.0 (30497332)|VARIABLE_ASSIGNMENT|[EXTERNAL]|this.createCategory|null|0x2af14725
19:18:57.0 (30524133)|SYSTEM_MODE_ENTER|true
19:18:57.0 (30535997)|HEAP_ALLOCATE|[EXTERNAL]|Bytes:396
19:18:57.0 (30543654)|VARIABLE_ASSIGNMENT|[EXTERNAL]|this.createProcess|null|0x2af14725
19:18:57.0 (30575069)|SYSTEM_MODE_ENTER|true
19:18:57.0 (30611564)|SYSTEM_MODE_ENTER|true
19:18:57.0 (30639905)|SYSTEM_MODE_ENTER|true
19:18:57.0 (30666079)|SYSTEM_MODE_ENTER|true
19:18:57.0 (30733598)|SYSTEM_MODE_ENTER|true
19:18:57.0 (30788714)|SYSTEM_MODE_ENTER|true
19:18:57.0 (30822511)|HEAP_ALLOCATE|[EXTERNAL]|Bytes:396
19:18:57.0 (30829213)|VARIABLE_SCOPE_BEGIN|[166]|this|saReportCtrl|true|false
19:18:57.0 (31036212)|VARIABLE_ASSIGNMENT|[166]|this|{"attachmentId":"","basicSearchCategory":" ","basicSearchCount":"20","basicSearchDateEnd":"","basicSearchDateStart":"","basicSearchKeywords":"佐山営業所の佐山","basicSearchRole1":" ","basicSearchRole2":" ","basicSearchRole3":" ","basicSearchSort":" ","categoryDataOptions":"0x765cc418","countDataOptions":"0x5cd4f46","createBody":"","createdReportId":"","createSubject":"","currentUser":"0x2a9e1a0e","draftBody":"","draftSubject":"","isApprover":true,"isCopySelected":false,"isGoodSelected":false,"isVeryGoodSelected":false,"latestBasicSearchCategory":" ","latestBasicSearchCount":"20","latestBasicSearchDateEnd":"","latestBasicSearchDateStart":"","latestBasicSearchKeywords":"佐山営業所の佐山","latestBasicSearchRole1":" ","latestBasicSearchRole2":" ","latestBasicSearchRole3":" ","latestBasicSearchSort":" ","latestMySearchCount":"","latestMySearchDateEnd":"","latestMySearchDateStart":"","latestMySearchKeywords":"","latestMySearchState":"","latestPendingCount":"","latestPendingDateEnd":"","latestPendingDateStart":"","latestPendingKeywords":"","latestSelectedProcess":"","listOfCategory":"0xff79510","listOfSAReports":"0x34ccfc2d","lsAttachments":"0x24a092a8","lsRolesFull":"0x4bf84e05","mapOfCategory":"0x11ec631e","messageError":"","messageSubmissionComplete":"","mySearchCount":"","mySearchDateEnd":"","mySearchDateStart":"","mySearchKeywords":"","mySearchState":"","newCommentValue1":"","newCommentValue2":"","pageNum":1,"pageSize":20,"pendingCount":"","pendingDateEnd":"","pendingDateStart":"","pendingKeywords":"","processDataOptions":"0x4212d89a","recordsCount":100,"remandBody":"","remandCategory":"","remandProcess":"","remandSubject":"","reportComments":"0x628727a2","reportGoodViews":"0x6b86c591","reportManagedViews":"0x1900bf6c","reportRendered":false,"reportState":"","roleLevel1DataOptions":"0x4d8272de","roleLevel2DataOptions":"0x1663e6fb","roleLevel3DataOptions":"0x4b1413eb","searchCategoryLabel":"","searchCountLabel":"","searchParttern":1,"searchStateLabel":"","selectedCategoryName":"","selectedProcess":"","selectedReport":"0x57733e3a","selectedReportName":"","selectedView":"","sortDataOptions":"0x9b9b288","stateDataOptions":"0x64d97a"}|0x2af14725
19:18:57.0 (31078422)|SYSTEM_MODE_ENTER|false
19:18:57.0 (31085537)|HEAP_ALLOCATE|[166]|Bytes:5
19:18:57.0 (31090568)|STATEMENT_EXECUTE|[166]
19:18:57.0 (31092419)|STATEMENT_EXECUTE|[166]
19:18:57.0 (31292404)|VARIABLE_ASSIGNMENT|[EXTERNAL]|this|{"attachmentId":"","basicSearchCategory":" ","basicSearchCount":"20","basicSearchDateEnd":"","basicSearchDateStart":"","basicSearchKeywords":"佐山営業所の佐山","basicSearchRole1":" ","basicSearchRole2":" ","basicSearchRole3":" ","basicSearchSort":" ","categoryDataOptions":"0x765cc418","countDataOptions":"0x5cd4f46","createBody":"","createdReportId":"","createSubject":"","currentUser":"0x2a9e1a0e","draftBody":"","draftSubject":"","isApprover":true,"isCopySelected":false,"isGoodSelected":false,"isVeryGoodSelected":false,"latestBasicSearchCategory":" ","latestBasicSearchCount":"20","latestBasicSearchDateEnd":"","latestBasicSearchDateStart":"","latestBasicSearchKeywords":"佐山営業所の佐山","latestBasicSearchRole1":" ","latestBasicSearchRole2":" ","latestBasicSearchRole3":" ","latestBasicSearchSort":" ","latestMySearchCount":"","latestMySearchDateEnd":"","latestMySearchDateStart":"","latestMySearchKeywords":"","latestMySearchState":"","latestPendingCount":"","latestPendingDateEnd":"","latestPendingDateStart":"","latestPendingKeywords":"","latestSelectedProcess":"","listOfCategory":"0xff79510","listOfSAReports":"0x34ccfc2d","lsAttachments":"0x24a092a8","lsRolesFull":"0x4bf84e05","mapOfCategory":"0x11ec631e","messageError":"","messageSubmissionComplete":"","mySearchCount":"","mySearchDateEnd":"","mySearchDateStart":"","mySearchKeywords":"","mySearchState":"","newCommentValue1":"","newCommentValue2":"","pageNum":1,"pageSize":20,"pendingCount":"","pendingDateEnd":"","pendingDateStart":"","pendingKeywords":"","processDataOptions":"0x4212d89a","recordsCount":100,"remandBody":"","remandCategory":"","remandProcess":"","remandSubject":"","reportComments":"0x628727a2","reportGoodViews":"0x6b86c591","reportManagedViews":"0x1900bf6c","reportRendered":false,"reportState":"","roleLevel1DataOptions":"0x4d8272de","roleLevel2DataOptions":"0x1663e6fb","roleLevel3DataOptions":"0x4b1413eb","searchCategoryLabel":"","searchCountLabel":"","searchParttern":1,"searchStateLabel":"","selectedCategoryName":"","selectedProcess":"","selectedReport":"0x57733e3a","selectedReportName":"","selectedView":"","sortDataOptions":"0x9b9b288","stateDataOptions":"0x64d97a"}|0x2af14725
19:18:57.0 (31526277)|VARIABLE_ASSIGNMENT|[EXTERNAL]|this|{"attachmentId":"","basicSearchCategory":" ","basicSearchCount":"20","basicSearchDateEnd":"","basicSearchDateStart":"","basicSearchKeywords":"佐山営業所の佐山","basicSearchRole1":" ","basicSearchRole2":" ","basicSearchRole3":" ","basicSearchSort":" ","categoryDataOptions":"0x765cc418","countDataOptions":"0x5cd4f46","createBody":"","createdReportId":"","createSubject":"","currentUser":"0x2a9e1a0e","draftBody":"","draftSubject":"","isApprover":true,"isCopySelected":false,"isGoodSelected":false,"isVeryGoodSelected":false,"latestBasicSearchCategory":" ","latestBasicSearchCount":"20","latestBasicSearchDateEnd":"","latestBasicSearchDateStart":"","latestBasicSearchKeywords":"佐山営業所の佐山","latestBasicSearchRole1":" ","latestBasicSearchRole2":" ","latestBasicSearchRole3":" ","latestBasicSearchSort":" ","latestMySearchCount":"","latestMySearchDateEnd":"","latestMySearchDateStart":"","latestMySearchKeywords":"","latestMySearchState":"","latestPendingCount":"","latestPendingDateEnd":"","latestPendingDateStart":"","latestPendingKeywords":"","latestSelectedProcess":"","listOfCategory":"0xff79510","listOfSAReports":"0x34ccfc2d","lsAttachments":"0x24a092a8","lsRolesFull":"0x4bf84e05","mapOfCategory":"0x11ec631e","messageError":"","messageSubmissionComplete":"","mySearchCount":"","mySearchDateEnd":"","mySearchDateStart":"","mySearchKeywords":"","mySearchState":"","newCommentValue1":"","newCommentValue2":"","pageNum":1,"pageSize":20,"pendingCount":"","pendingDateEnd":"","pendingDateStart":"","pendingKeywords":"","processDataOptions":"0x4212d89a","recordsCount":100,"remandBody":"","remandCategory":"","remandProcess":"","remandSubject":"","reportComments":"0x628727a2","reportGoodViews":"0x6b86c591","reportManagedViews":"0x1900bf6c","reportRendered":false,"reportState":"","roleLevel1DataOptions":"0x4d8272de","roleLevel2DataOptions":"0x1663e6fb","roleLevel3DataOptions":"0x4b1413eb","searchCategoryLabel":"","searchCountLabel":"","searchParttern":1,"searchStateLabel":"","selectedCategoryName":"","selectedProcess":"","selectedReport":"0x57733e3a","selectedReportName":"","selectedView":"","sortDataOptions":"0x9b9b288","stateDataOptions":"0x64d97a"}|0x2af14725
19:18:57.0 (31758054)|VARIABLE_ASSIGNMENT|[EXTERNAL]|this|{"attachmentId":"","basicSearchCategory":" ","basicSearchCount":"20","basicSearchDateEnd":"","basicSearchDateStart":"","basicSearchKeywords":"佐山営業所の佐山","basicSearchRole1":" ","basicSearchRole2":" ","basicSearchRole3":" ","basicSearchSort":" ","categoryDataOptions":"0x765cc418","countDataOptions":"0x5cd4f46","createBody":"","createdReportId":"","createSubject":"","currentUser":"0x2a9e1a0e","draftBody":"","draftSubject":"","isApprover":true,"isCopySelected":false,"isGoodSelected":false,"isVeryGoodSelected":false,"latestBasicSearchCategory":" ","latestBasicSearchCount":"20","latestBasicSearchDateEnd":"","latestBasicSearchDateStart":"","latestBasicSearchKeywords":"佐山営業所の佐山","latestBasicSearchRole1":" ","latestBasicSearchRole2":" ","latestBasicSearchRole3":" ","latestBasicSearchSort":" ","latestMySearchCount":"","latestMySearchDateEnd":"","latestMySearchDateStart":"","latestMySearchKeywords":"","latestMySearchState":"","latestPendingCount":"","latestPendingDateEnd":"","latestPendingDateStart":"","latestPendingKeywords":"","latestSelectedProcess":"","listOfCategory":"0xff79510","listOfSAReports":"0x34ccfc2d","lsAttachments":"0x24a092a8","lsRolesFull":"0x4bf84e05","mapOfCategory":"0x11ec631e","messageError":"","messageSubmissionComplete":"","mySearchCount":"","mySearchDateEnd":"","mySearchDateStart":"","mySearchKeywords":"","mySearchState":"","newCommentValue1":"","newCommentValue2":"","pageNum":1,"pageSize":20,"pendingCount":"","pendingDateEnd":"","pendingDateStart":"","pendingKeywords":"","processDataOptions":"0x4212d89a","recordsCount":100,"remandBody":"","remandCategory":"","remandProcess":"","remandSubject":"","reportComments":"0x628727a2","reportGoodViews":"0x6b86c591","reportManagedViews":"0x1900bf6c","reportRendered":false,"reportState":"","roleLevel1DataOptions":"0x4d8272de","roleLevel2DataOptions":"0x1663e6fb","roleLevel3DataOptions":"0x4b1413eb","searchCategoryLabel":"","searchCountLabel":"","searchParttern":1,"searchStateLabel":"","selectedCategoryName":"","selectedProcess":"","selectedReport":"0x57733e3a","selectedReportName":"","selectedView":"","sortDataOptions":"0x9b9b288","stateDataOptions":"0x64d97a"}|0x2af14725
19:18:57.0 (31798472)|HEAP_ALLOCATE|[166]|Bytes:5
19:18:57.0 (31805222)|SYSTEM_MODE_EXIT|false
19:18:57.0 (31810895)|HEAP_ALLOCATE|[166]|Bytes:5
19:18:57.0 (31901451)|SYSTEM_MODE_ENTER|true
19:18:57.0 (31916811)|HEAP_ALLOCATE|[EXTERNAL]|Bytes:396
19:18:57.0 (31928511)|VARIABLE_ASSIGNMENT|[EXTERNAL]|this.mySearchState|null|0x2af14725
19:18:57.0 (31955752)|SYSTEM_MODE_ENTER|true
19:18:57.0 (31966783)|HEAP_ALLOCATE|[EXTERNAL]|Bytes:396
19:18:57.0 (31975970)|VARIABLE_ASSIGNMENT|[EXTERNAL]|this.mySearchCount|null|0x2af14725
19:18:57.0 (32007145)|SYSTEM_MODE_ENTER|true
19:18:57.0 (32046381)|SYSTEM_MODE_ENTER|true
19:18:57.0 (32074001)|SYSTEM_MODE_ENTER|true
19:18:57.0 (32100041)|SYSTEM_MODE_ENTER|true
19:18:57.0 (32166391)|SYSTEM_MODE_ENTER|true
19:18:57.0 (32217276)|SYSTEM_MODE_ENTER|true
19:18:57.0 (32250692)|HEAP_ALLOCATE|[EXTERNAL]|Bytes:396
19:18:57.0 (32257135)|VARIABLE_SCOPE_BEGIN|[166]|this|saReportCtrl|true|false
19:18:57.0 (32465135)|VARIABLE_ASSIGNMENT|[166]|this|{"attachmentId":"","basicSearchCategory":" ","basicSearchCount":"20","basicSearchDateEnd":"","basicSearchDateStart":"","basicSearchKeywords":"佐山営業所の佐山","basicSearchRole1":" ","basicSearchRole2":" ","basicSearchRole3":" ","basicSearchSort":" ","categoryDataOptions":"0x765cc418","countDataOptions":"0x5cd4f46","createBody":"","createdReportId":"","createSubject":"","currentUser":"0x2a9e1a0e","draftBody":"","draftSubject":"","isApprover":true,"isCopySelected":false,"isGoodSelected":false,"isVeryGoodSelected":false,"latestBasicSearchCategory":" ","latestBasicSearchCount":"20","latestBasicSearchDateEnd":"","latestBasicSearchDateStart":"","latestBasicSearchKeywords":"佐山営業所の佐山","latestBasicSearchRole1":" ","latestBasicSearchRole2":" ","latestBasicSearchRole3":" ","latestBasicSearchSort":" ","latestMySearchCount":"","latestMySearchDateEnd":"","latestMySearchDateStart":"","latestMySearchKeywords":"","latestMySearchState":"","latestPendingCount":"","latestPendingDateEnd":"","latestPendingDateStart":"","latestPendingKeywords":"","latestSelectedProcess":"","listOfCategory":"0xff79510","listOfSAReports":"0x34ccfc2d","lsAttachments":"0x24a092a8","lsRolesFull":"0x4bf84e05","mapOfCategory":"0x11ec631e","messageError":"","messageSubmissionComplete":"","mySearchDateEnd":"","mySearchDateStart":"","mySearchKeywords":"","newCommentValue1":"","newCommentValue2":"","pageNum":1,"pageSize":20,"pendingCount":"","pendingDateEnd":"","pendingDateStart":"","pendingKeywords":"","processDataOptions":"0x4212d89a","recordsCount":100,"remandBody":"","remandCategory":"","remandProcess":"","remandSubject":"","reportComments":"0x628727a2","reportGoodViews":"0x6b86c591","reportManagedViews":"0x1900bf6c","reportRendered":false,"reportState":"","roleLevel1DataOptions":"0x4d8272de","roleLevel2DataOptions":"0x1663e6fb","roleLevel3DataOptions":"0x4b1413eb","searchCategoryLabel":"","searchCountLabel":"","searchParttern":1,"searchStateLabel":"","selectedCategoryName":"","selectedProcess":"","selectedReport":"0x57733e3a","selectedReportName":"","selectedView":"","sortDataOptions":"0x9b9b288","stateDataOptions":"0x64d97a"}|0x2af14725
19:18:57.0 (32505656)|SYSTEM_MODE_ENTER|false
19:18:57.0 (32512407)|HEAP_ALLOCATE|[166]|Bytes:5
19:18:57.0 (32517817)|STATEMENT_EXECUTE|[166]
19:18:57.0 (32519617)|STATEMENT_EXECUTE|[166]
19:18:57.0 (32723489)|VARIABLE_ASSIGNMENT|[EXTERNAL]|this|{"attachmentId":"","basicSearchCategory":" ","basicSearchCount":"20","basicSearchDateEnd":"","basicSearchDateStart":"","basicSearchKeywords":"佐山営業所の佐山","basicSearchRole1":" ","basicSearchRole2":" ","basicSearchRole3":" ","basicSearchSort":" ","categoryDataOptions":"0x765cc418","countDataOptions":"0x5cd4f46","createBody":"","createdReportId":"","createSubject":"","currentUser":"0x2a9e1a0e","draftBody":"","draftSubject":"","isApprover":true,"isCopySelected":false,"isGoodSelected":false,"isVeryGoodSelected":false,"latestBasicSearchCategory":" ","latestBasicSearchCount":"20","latestBasicSearchDateEnd":"","latestBasicSearchDateStart":"","latestBasicSearchKeywords":"佐山営業所の佐山","latestBasicSearchRole1":" ","latestBasicSearchRole2":" ","latestBasicSearchRole3":" ","latestBasicSearchSort":" ","latestMySearchCount":"","latestMySearchDateEnd":"","latestMySearchDateStart":"","latestMySearchKeywords":"","latestMySearchState":"","latestPendingCount":"","latestPendingDateEnd":"","latestPendingDateStart":"","latestPendingKeywords":"","latestSelectedProcess":"","listOfCategory":"0xff79510","listOfSAReports":"0x34ccfc2d","lsAttachments":"0x24a092a8","lsRolesFull":"0x4bf84e05","mapOfCategory":"0x11ec631e","messageError":"","messageSubmissionComplete":"","mySearchDateEnd":"","mySearchDateStart":"","mySearchKeywords":"","newCommentValue1":"","newCommentValue2":"","pageNum":1,"pageSize":20,"pendingCount":"","pendingDateEnd":"","pendingDateStart":"","pendingKeywords":"","processDataOptions":"0x4212d89a","recordsCount":100,"remandBody":"","remandCategory":"","remandProcess":"","remandSubject":"","reportComments":"0x628727a2","reportGoodViews":"0x6b86c591","reportManagedViews":"0x1900bf6c","reportRendered":false,"reportState":"","roleLevel1DataOptions":"0x4d8272de","roleLevel2DataOptions":"0x1663e6fb","roleLevel3DataOptions":"0x4b1413eb","searchCategoryLabel":"","searchCountLabel":"","searchParttern":1,"searchStateLabel":"","selectedCategoryName":"","selectedProcess":"","selectedReport":"0x57733e3a","selectedReportName":"","selectedView":"","sortDataOptions":"0x9b9b288","stateDataOptions":"0x64d97a"}|0x2af14725
19:18:57.0 (32955581)|VARIABLE_ASSIGNMENT|[EXTERNAL]|this|{"attachmentId":"","basicSearchCategory":" ","basicSearchCount":"20","basicSearchDateEnd":"","basicSearchDateStart":"","basicSearchKeywords":"佐山営業所の佐山","basicSearchRole1":" ","basicSearchRole2":" ","basicSearchRole3":" ","basicSearchSort":" ","categoryDataOptions":"0x765cc418","countDataOptions":"0x5cd4f46","createBody":"","createdReportId":"","createSubject":"","currentUser":"0x2a9e1a0e","draftBody":"","draftSubject":"","isApprover":true,"isCopySelected":false,"isGoodSelected":false,"isVeryGoodSelected":false,"latestBasicSearchCategory":" ","latestBasicSearchCount":"20","latestBasicSearchDateEnd":"","latestBasicSearchDateStart":"","latestBasicSearchKeywords":"佐山営業所の佐山","latestBasicSearchRole1":" ","latestBasicSearchRole2":" ","latestBasicSearchRole3":" ","latestBasicSearchSort":" ","latestMySearchCount":"","latestMySearchDateEnd":"","latestMySearchDateStart":"","latestMySearchKeywords":"","latestMySearchState":"","latestPendingCount":"","latestPendingDateEnd":"","latestPendingDateStart":"","latestPendingKeywords":"","latestSelectedProcess":"","listOfCategory":"0xff79510","listOfSAReports":"0x34ccfc2d","lsAttachments":"0x24a092a8","lsRolesFull":"0x4bf84e05","mapOfCategory":"0x11ec631e","messageError":"","messageSubmissionComplete":"","mySearchDateEnd":"","mySearchDateStart":"","mySearchKeywords":"","newCommentValue1":"","newCommentValue2":"","pageNum":1,"pageSize":20,"pendingCount":"","pendingDateEnd":"","pendingDateStart":"","pendingKeywords":"","processDataOptions":"0x4212d89a","recordsCount":100,"remandBody":"","remandCategory":"","remandProcess":"","remandSubject":"","reportComments":"0x628727a2","reportGoodViews":"0x6b86c591","reportManagedViews":"0x1900bf6c","reportRendered":false,"reportState":"","roleLevel1DataOptions":"0x4d8272de","roleLevel2DataOptions":"0x1663e6fb","roleLevel3DataOptions":"0x4b1413eb","searchCategoryLabel":"","searchCountLabel":"","searchParttern":1,"searchStateLabel":"","selectedCategoryName":"","selectedProcess":"","selectedReport":"0x57733e3a","selectedReportName":"","selectedView":"","sortDataOptions":"0x9b9b288","stateDataOptions":"0x64d97a"}|0x2af14725
19:18:57.0 (33181465)|VARIABLE_ASSIGNMENT|[EXTERNAL]|this|{"attachmentId":"","basicSearchCategory":" ","basicSearchCount":"20","basicSearchDateEnd":"","basicSearchDateStart":"","basicSearchKeywords":"佐山営業所の佐山","basicSearchRole1":" ","basicSearchRole2":" ","basicSearchRole3":" ","basicSearchSort":" ","categoryDataOptions":"0x765cc418","countDataOptions":"0x5cd4f46","createBody":"","createdReportId":"","createSubject":"","currentUser":"0x2a9e1a0e","draftBody":"","draftSubject":"","isApprover":true,"isCopySelected":false,"isGoodSelected":false,"isVeryGoodSelected":false,"latestBasicSearchCategory":" ","latestBasicSearchCount":"20","latestBasicSearchDateEnd":"","latestBasicSearchDateStart":"","latestBasicSearchKeywords":"佐山営業所の佐山","latestBasicSearchRole1":" ","latestBasicSearchRole2":" ","latestBasicSearchRole3":" ","latestBasicSearchSort":" ","latestMySearchCount":"","latestMySearchDateEnd":"","latestMySearchDateStart":"","latestMySearchKeywords":"","latestMySearchState":"","latestPendingCount":"","latestPendingDateEnd":"","latestPendingDateStart":"","latestPendingKeywords":"","latestSelectedProcess":"","listOfCategory":"0xff79510","listOfSAReports":"0x34ccfc2d","lsAttachments":"0x24a092a8","lsRolesFull":"0x4bf84e05","mapOfCategory":"0x11ec631e","messageError":"","messageSubmissionComplete":"","mySearchDateEnd":"","mySearchDateStart":"","mySearchKeywords":"","newCommentValue1":"","newCommentValue2":"","pageNum":1,"pageSize":20,"pendingCount":"","pendingDateEnd":"","pendingDateStart":"","pendingKeywords":"","processDataOptions":"0x4212d89a","recordsCount":100,"remandBody":"","remandCategory":"","remandProcess":"","remandSubject":"","reportComments":"0x628727a2","reportGoodViews":"0x6b86c591","reportManagedViews":"0x1900bf6c","reportRendered":false,"reportState":"","roleLevel1DataOptions":"0x4d8272de","roleLevel2DataOptions":"0x1663e6fb","roleLevel3DataOptions":"0x4b1413eb","searchCategoryLabel":"","searchCountLabel":"","searchParttern":1,"searchStateLabel":"","selectedCategoryName":"","selectedProcess":"","selectedReport":"0x57733e3a","selectedReportName":"","selectedView":"","sortDataOptions":"0x9b9b288","stateDataOptions":"0x64d97a"}|0x2af14725
19:18:57.0 (33221267)|HEAP_ALLOCATE|[166]|Bytes:5
19:18:57.0 (33227524)|SYSTEM_MODE_EXIT|false
19:18:57.0 (33233587)|HEAP_ALLOCATE|[166]|Bytes:5
19:18:57.0 (33315150)|SYSTEM_MODE_ENTER|true
19:18:57.0 (33330773)|HEAP_ALLOCATE|[EXTERNAL]|Bytes:396
19:18:57.0 (33341092)|VARIABLE_ASSIGNMENT|[EXTERNAL]|this.draftCategory|null|0x2af14725
19:18:57.0 (33367350)|SYSTEM_MODE_ENTER|true
19:18:57.0 (33378551)|HEAP_ALLOCATE|[EXTERNAL]|Bytes:396
19:18:57.0 (33386365)|VARIABLE_ASSIGNMENT|[EXTERNAL]|this.draftProcess|null|0x2af14725
19:18:57.0 (33435071)|SYSTEM_MODE_ENTER|true
19:18:57.0 (33594692)|SYSTEM_MODE_ENTER|true
19:18:57.0 (33609408)|HEAP_ALLOCATE|[EXTERNAL]|Bytes:396
19:18:57.0 (33621591)|VARIABLE_ASSIGNMENT|[EXTERNAL]|this.remandCategory|null|0x2af14725
19:18:57.0 (33646879)|SYSTEM_MODE_ENTER|true
19:18:57.0 (33657812)|HEAP_ALLOCATE|[EXTERNAL]|Bytes:396
19:18:57.0 (33666626)|VARIABLE_ASSIGNMENT|[EXTERNAL]|this.remandProcess|null|0x2af14725
19:18:57.0 (33716172)|SYSTEM_MODE_ENTER|true
19:18:57.0 (33760100)|SYSTEM_MODE_ENTER|true
19:18:57.0 (33789619)|SYSTEM_MODE_ENTER|true
19:18:57.0 (33816652)|SYSTEM_MODE_ENTER|true
19:18:57.0 (33883014)|SYSTEM_MODE_ENTER|true
19:18:57.0 (33933334)|SYSTEM_MODE_ENTER|true
19:18:57.0 (33968041)|HEAP_ALLOCATE|[EXTERNAL]|Bytes:396
19:18:57.0 (33975001)|VARIABLE_SCOPE_BEGIN|[166]|this|saReportCtrl|true|false
19:18:57.0 (34181139)|VARIABLE_ASSIGNMENT|[166]|this|{"attachmentId":"","basicSearchCategory":" ","basicSearchCount":"20","basicSearchDateEnd":"","basicSearchDateStart":"","basicSearchKeywords":"佐山営業所の佐山","basicSearchRole1":" ","basicSearchRole2":" ","basicSearchRole3":" ","basicSearchSort":" ","categoryDataOptions":"0x765cc418","countDataOptions":"0x5cd4f46","createBody":"","createdReportId":"","createSubject":"","currentUser":"0x2a9e1a0e","draftBody":"","draftSubject":"","isApprover":true,"isCopySelected":false,"isGoodSelected":false,"isVeryGoodSelected":false,"latestBasicSearchCategory":" ","latestBasicSearchCount":"20","latestBasicSearchDateEnd":"","latestBasicSearchDateStart":"","latestBasicSearchKeywords":"佐山営業所の佐山","latestBasicSearchRole1":" ","latestBasicSearchRole2":" ","latestBasicSearchRole3":" ","latestBasicSearchSort":" ","latestMySearchCount":"","latestMySearchDateEnd":"","latestMySearchDateStart":"","latestMySearchKeywords":"","latestMySearchState":"","latestPendingCount":"","latestPendingDateEnd":"","latestPendingDateStart":"","latestPendingKeywords":"","latestSelectedProcess":"","listOfCategory":"0xff79510","listOfSAReports":"0x34ccfc2d","lsAttachments":"0x24a092a8","lsRolesFull":"0x4bf84e05","mapOfCategory":"0x11ec631e","messageError":"","messageSubmissionComplete":"","mySearchDateEnd":"","mySearchDateStart":"","mySearchKeywords":"","newCommentValue1":"","newCommentValue2":"","pageNum":1,"pageSize":20,"pendingCount":"","pendingDateEnd":"","pendingDateStart":"","pendingKeywords":"","processDataOptions":"0x4212d89a","recordsCount":100,"remandBody":"","remandSubject":"","reportComments":"0x628727a2","reportGoodViews":"0x6b86c591","reportManagedViews":"0x1900bf6c","reportRendered":false,"reportState":"","roleLevel1DataOptions":"0x4d8272de","roleLevel2DataOptions":"0x1663e6fb","roleLevel3DataOptions":"0x4b1413eb","searchCategoryLabel":"","searchCountLabel":"","searchParttern":1,"searchStateLabel":"","selectedCategoryName":"","selectedProcess":"","selectedReport":"0x57733e3a","selectedReportName":"","selectedView":"","sortDataOptions":"0x9b9b288","stateDataOptions":"0x64d97a"}|0x2af14725
19:18:57.0 (34222449)|SYSTEM_MODE_ENTER|false
19:18:57.0 (34229724)|HEAP_ALLOCATE|[166]|Bytes:5
19:18:57.0 (34234835)|STATEMENT_EXECUTE|[166]
19:18:57.0 (34236663)|STATEMENT_EXECUTE|[166]
19:18:57.0 (34432843)|VARIABLE_ASSIGNMENT|[EXTERNAL]|this|{"attachmentId":"","basicSearchCategory":" ","basicSearchCount":"20","basicSearchDateEnd":"","basicSearchDateStart":"","basicSearchKeywords":"佐山営業所の佐山","basicSearchRole1":" ","basicSearchRole2":" ","basicSearchRole3":" ","basicSearchSort":" ","categoryDataOptions":"0x765cc418","countDataOptions":"0x5cd4f46","createBody":"","createdReportId":"","createSubject":"","currentUser":"0x2a9e1a0e","draftBody":"","draftSubject":"","isApprover":true,"isCopySelected":false,"isGoodSelected":false,"isVeryGoodSelected":false,"latestBasicSearchCategory":" ","latestBasicSearchCount":"20","latestBasicSearchDateEnd":"","latestBasicSearchDateStart":"","latestBasicSearchKeywords":"佐山営業所の佐山","latestBasicSearchRole1":" ","latestBasicSearchRole2":" ","latestBasicSearchRole3":" ","latestBasicSearchSort":" ","latestMySearchCount":"","latestMySearchDateEnd":"","latestMySearchDateStart":"","latestMySearchKeywords":"","latestMySearchState":"","latestPendingCount":"","latestPendingDateEnd":"","latestPendingDateStart":"","latestPendingKeywords":"","latestSelectedProcess":"","listOfCategory":"0xff79510","listOfSAReports":"0x34ccfc2d","lsAttachments":"0x24a092a8","lsRolesFull":"0x4bf84e05","mapOfCategory":"0x11ec631e","messageError":"","messageSubmissionComplete":"","mySearchDateEnd":"","mySearchDateStart":"","mySearchKeywords":"","newCommentValue1":"","newCommentValue2":"","pageNum":1,"pageSize":20,"pendingCount":"","pendingDateEnd":"","pendingDateStart":"","pendingKeywords":"","processDataOptions":"0x4212d89a","recordsCount":100,"remandBody":"","remandSubject":"","reportComments":"0x628727a2","reportGoodViews":"0x6b86c591","reportManagedViews":"0x1900bf6c","reportRendered":false,"reportState":"","roleLevel1DataOptions":"0x4d8272de","roleLevel2DataOptions":"0x1663e6fb","roleLevel3DataOptions":"0x4b1413eb","searchCategoryLabel":"","searchCountLabel":"","searchParttern":1,"searchStateLabel":"","selectedCategoryName":"","selectedProcess":"","selectedReport":"0x57733e3a","selectedReportName":"","selectedView":"","sortDataOptions":"0x9b9b288","stateDataOptions":"0x64d97a"}|0x2af14725
19:18:57.0 (34658820)|VARIABLE_ASSIGNMENT|[EXTERNAL]|this|{"attachmentId":"","basicSearchCategory":" ","basicSearchCount":"20","basicSearchDateEnd":"","basicSearchDateStart":"","basicSearchKeywords":"佐山営業所の佐山","basicSearchRole1":" ","basicSearchRole2":" ","basicSearchRole3":" ","basicSearchSort":" ","categoryDataOptions":"0x765cc418","countDataOptions":"0x5cd4f46","createBody":"","createdReportId":"","createSubject":"","currentUser":"0x2a9e1a0e","draftBody":"","draftSubject":"","isApprover":true,"isCopySelected":false,"isGoodSelected":false,"isVeryGoodSelected":false,"latestBasicSearchCategory":" ","latestBasicSearchCount":"20","latestBasicSearchDateEnd":"","latestBasicSearchDateStart":"","latestBasicSearchKeywords":"佐山営業所の佐山","latestBasicSearchRole1":" ","latestBasicSearchRole2":" ","latestBasicSearchRole3":" ","latestBasicSearchSort":" ","latestMySearchCount":"","latestMySearchDateEnd":"","latestMySearchDateStart":"","latestMySearchKeywords":"","latestMySearchState":"","latestPendingCount":"","latestPendingDateEnd":"","latestPendingDateStart":"","latestPendingKeywords":"","latestSelectedProcess":"","listOfCategory":"0xff79510","listOfSAReports":"0x34ccfc2d","lsAttachments":"0x24a092a8","lsRolesFull":"0x4bf84e05","mapOfCategory":"0x11ec631e","messageError":"","messageSubmissionComplete":"","mySearchDateEnd":"","mySearchDateStart":"","mySearchKeywords":"","newCommentValue1":"","newCommentValue2":"","pageNum":1,"pageSize":20,"pendingCount":"","pendingDateEnd":"","pendingDateStart":"","pendingKeywords":"","processDataOptions":"0x4212d89a","recordsCount":100,"remandBody":"","remandSubject":"","reportComments":"0x628727a2","reportGoodViews":"0x6b86c591","reportManagedViews":"0x1900bf6c","reportRendered":false,"reportState":"","roleLevel1DataOptions":"0x4d8272de","roleLevel2DataOptions":"0x1663e6fb","roleLevel3DataOptions":"0x4b1413eb","searchCategoryLabel":"","searchCountLabel":"","searchParttern":1,"searchStateLabel":"","selectedCategoryName":"","selectedProcess":"","selectedReport":"0x57733e3a","selectedReportName":"","selectedView":"","sortDataOptions":"0x9b9b288","stateDataOptions":"0x64d97a"}|0x2af14725
19:18:57.0 (34888046)|VARIABLE_ASSIGNMENT|[EXTERNAL]|this|{"attachmentId":"","basicSearchCategory":" ","basicSearchCount":"20","basicSearchDateEnd":"","basicSearchDateStart":"","basicSearchKeywords":"佐山営業所の佐山","basicSearchRole1":" ","basicSearchRole2":" ","basicSearchRole3":" ","basicSearchSort":" ","categoryDataOptions":"0x765cc418","countDataOptions":"0x5cd4f46","createBody":"","createdReportId":"","createSubject":"","currentUser":"0x2a9e1a0e","draftBody":"","draftSubject":"","isApprover":true,"isCopySelected":false,"isGoodSelected":false,"isVeryGoodSelected":false,"latestBasicSearchCategory":" ","latestBasicSearchCount":"20","latestBasicSearchDateEnd":"","latestBasicSearchDateStart":"","latestBasicSearchKeywords":"佐山営業所の佐山","latestBasicSearchRole1":" ","latestBasicSearchRole2":" ","latestBasicSearchRole3":" ","latestBasicSearchSort":" ","latestMySearchCount":"","latestMySearchDateEnd":"","latestMySearchDateStart":"","latestMySearchKeywords":"","latestMySearchState":"","latestPendingCount":"","latestPendingDateEnd":"","latestPendingDateStart":"","latestPendingKeywords":"","latestSelectedProcess":"","listOfCategory":"0xff79510","listOfSAReports":"0x34ccfc2d","lsAttachments":"0x24a092a8","lsRolesFull":"0x4bf84e05","mapOfCategory":"0x11ec631e","messageError":"","messageSubmissionComplete":"","mySearchDateEnd":"","mySearchDateStart":"","mySearchKeywords":"","newCommentValue1":"","newCommentValue2":"","pageNum":1,"pageSize":20,"pendingCount":"","pendingDateEnd":"","pendingDateStart":"","pendingKeywords":"","processDataOptions":"0x4212d89a","recordsCount":100,"remandBody":"","remandSubject":"","reportComments":"0x628727a2","reportGoodViews":"0x6b86c591","reportManagedViews":"0x1900bf6c","reportRendered":false,"reportState":"","roleLevel1DataOptions":"0x4d8272de","roleLevel2DataOptions":"0x1663e6fb","roleLevel3DataOptions":"0x4b1413eb","searchCategoryLabel":"","searchCountLabel":"","searchParttern":1,"searchStateLabel":"","selectedCategoryName":"","selectedProcess":"","selectedReport":"0x57733e3a","selectedReportName":"","selectedView":"","sortDataOptions":"0x9b9b288","stateDataOptions":"0x64d97a"}|0x2af14725
19:18:57.0 (34926833)|HEAP_ALLOCATE|[166]|Bytes:5
19:18:57.0 (34933372)|SYSTEM_MODE_EXIT|false
19:18:57.0 (34939443)|HEAP_ALLOCATE|[166]|Bytes:5
19:18:57.0 (35010811)|SYSTEM_MODE_ENTER|true
19:18:57.0 (35027204)|HEAP_ALLOCATE|[EXTERNAL]|Bytes:396
19:18:57.0 (35039199)|VARIABLE_ASSIGNMENT|[EXTERNAL]|this.pendingCount|null|0x2af14725
19:18:57.0 (35071774)|SYSTEM_MODE_ENTER|true
19:18:57.0 (35109290)|SYSTEM_MODE_ENTER|true
19:18:57.0 (35138243)|SYSTEM_MODE_ENTER|true
19:18:57.0 (35164900)|SYSTEM_MODE_ENTER|true
19:18:57.0 (35232007)|SYSTEM_MODE_ENTER|true
19:18:57.0 (35282826)|SYSTEM_MODE_ENTER|true
19:18:57.0 (35315437)|HEAP_ALLOCATE|[EXTERNAL]|Bytes:396
19:18:57.0 (35322405)|VARIABLE_SCOPE_BEGIN|[166]|this|saReportCtrl|true|false
19:18:57.0 (35530902)|VARIABLE_ASSIGNMENT|[166]|this|{"attachmentId":"","basicSearchCategory":" ","basicSearchCount":"20","basicSearchDateEnd":"","basicSearchDateStart":"","basicSearchKeywords":"佐山営業所の佐山","basicSearchRole1":" ","basicSearchRole2":" ","basicSearchRole3":" ","basicSearchSort":" ","categoryDataOptions":"0x765cc418","countDataOptions":"0x5cd4f46","createBody":"","createdReportId":"","createSubject":"","currentUser":"0x2a9e1a0e","draftBody":"","draftSubject":"","isApprover":true,"isCopySelected":false,"isGoodSelected":false,"isVeryGoodSelected":false,"latestBasicSearchCategory":" ","latestBasicSearchCount":"20","latestBasicSearchDateEnd":"","latestBasicSearchDateStart":"","latestBasicSearchKeywords":"佐山営業所の佐山","latestBasicSearchRole1":" ","latestBasicSearchRole2":" ","latestBasicSearchRole3":" ","latestBasicSearchSort":" ","latestMySearchCount":"","latestMySearchDateEnd":"","latestMySearchDateStart":"","latestMySearchKeywords":"","latestMySearchState":"","latestPendingCount":"","latestPendingDateEnd":"","latestPendingDateStart":"","latestPendingKeywords":"","latestSelectedProcess":"","listOfCategory":"0xff79510","listOfSAReports":"0x34ccfc2d","lsAttachments":"0x24a092a8","lsRolesFull":"0x4bf84e05","mapOfCategory":"0x11ec631e","messageError":"","messageSubmissionComplete":"","mySearchDateEnd":"","mySearchDateStart":"","mySearchKeywords":"","newCommentValue1":"","newCommentValue2":"","pageNum":1,"pageSize":20,"pendingDateEnd":"","pendingDateStart":"","pendingKeywords":"","processDataOptions":"0x4212d89a","recordsCount":100,"remandBody":"","remandSubject":"","reportComments":"0x628727a2","reportGoodViews":"0x6b86c591","reportManagedViews":"0x1900bf6c","reportRendered":false,"reportState":"","roleLevel1DataOptions":"0x4d8272de","roleLevel2DataOptions":"0x1663e6fb","roleLevel3DataOptions":"0x4b1413eb","searchCategoryLabel":"","searchCountLabel":"","searchParttern":1,"searchStateLabel":"","selectedCategoryName":"","selectedProcess":"","selectedReport":"0x57733e3a","selectedReportName":"","selectedView":"","sortDataOptions":"0x9b9b288","stateDataOptions":"0x64d97a"}|0x2af14725
19:18:57.0 (35571477)|SYSTEM_MODE_ENTER|false
19:18:57.0 (35577851)|HEAP_ALLOCATE|[166]|Bytes:5
19:18:57.0 (35583356)|STATEMENT_EXECUTE|[166]
19:18:57.0 (35585191)|STATEMENT_EXECUTE|[166]
19:18:57.0 (35786450)|VARIABLE_ASSIGNMENT|[EXTERNAL]|this|{"attachmentId":"","basicSearchCategory":" ","basicSearchCount":"20","basicSearchDateEnd":"","basicSearchDateStart":"","basicSearchKeywords":"佐山営業所の佐山","basicSearchRole1":" ","basicSearchRole2":" ","basicSearchRole3":" ","basicSearchSort":" ","categoryDataOptions":"0x765cc418","countDataOptions":"0x5cd4f46","createBody":"","createdReportId":"","createSubject":"","currentUser":"0x2a9e1a0e","draftBody":"","draftSubject":"","isApprover":true,"isCopySelected":false,"isGoodSelected":false,"isVeryGoodSelected":false,"latestBasicSearchCategory":" ","latestBasicSearchCount":"20","latestBasicSearchDateEnd":"","latestBasicSearchDateStart":"","latestBasicSearchKeywords":"佐山営業所の佐山","latestBasicSearchRole1":" ","latestBasicSearchRole2":" ","latestBasicSearchRole3":" ","latestBasicSearchSort":" ","latestMySearchCount":"","latestMySearchDateEnd":"","latestMySearchDateStart":"","latestMySearchKeywords":"","latestMySearchState":"","latestPendingCount":"","latestPendingDateEnd":"","latestPendingDateStart":"","latestPendingKeywords":"","latestSelectedProcess":"","listOfCategory":"0xff79510","listOfSAReports":"0x34ccfc2d","lsAttachments":"0x24a092a8","lsRolesFull":"0x4bf84e05","mapOfCategory":"0x11ec631e","messageError":"","messageSubmissionComplete":"","mySearchDateEnd":"","mySearchDateStart":"","mySearchKeywords":"","newCommentValue1":"","newCommentValue2":"","pageNum":1,"pageSize":20,"pendingDateEnd":"","pendingDateStart":"","pendingKeywords":"","processDataOptions":"0x4212d89a","recordsCount":100,"remandBody":"","remandSubject":"","reportComments":"0x628727a2","reportGoodViews":"0x6b86c591","reportManagedViews":"0x1900bf6c","reportRendered":false,"reportState":"","roleLevel1DataOptions":"0x4d8272de","roleLevel2DataOptions":"0x1663e6fb","roleLevel3DataOptions":"0x4b1413eb","searchCategoryLabel":"","searchCountLabel":"","searchParttern":1,"searchStateLabel":"","selectedCategoryName":"","selectedProcess":"","selectedReport":"0x57733e3a","selectedReportName":"","selectedView":"","sortDataOptions":"0x9b9b288","stateDataOptions":"0x64d97a"}|0x2af14725
19:18:57.0 (36012631)|VARIABLE_ASSIGNMENT|[EXTERNAL]|this|{"attachmentId":"","basicSearchCategory":" ","basicSearchCount":"20","basicSearchDateEnd":"","basicSearchDateStart":"","basicSearchKeywords":"佐山営業所の佐山","basicSearchRole1":" ","basicSearchRole2":" ","basicSearchRole3":" ","basicSearchSort":" ","categoryDataOptions":"0x765cc418","countDataOptions":"0x5cd4f46","createBody":"","createdReportId":"","createSubject":"","currentUser":"0x2a9e1a0e","draftBody":"","draftSubject":"","isApprover":true,"isCopySelected":false,"isGoodSelected":false,"isVeryGoodSelected":false,"latestBasicSearchCategory":" ","latestBasicSearchCount":"20","latestBasicSearchDateEnd":"","latestBasicSearchDateStart":"","latestBasicSearchKeywords":"佐山営業所の佐山","latestBasicSearchRole1":" ","latestBasicSearchRole2":" ","latestBasicSearchRole3":" ","latestBasicSearchSort":" ","latestMySearchCount":"","latestMySearchDateEnd":"","latestMySearchDateStart":"","latestMySearchKeywords":"","latestMySearchState":"","latestPendingCount":"","latestPendingDateEnd":"","latestPendingDateStart":"","latestPendingKeywords":"","latestSelectedProcess":"","listOfCategory":"0xff79510","listOfSAReports":"0x34ccfc2d","lsAttachments":"0x24a092a8","lsRolesFull":"0x4bf84e05","mapOfCategory":"0x11ec631e","messageError":"","messageSubmissionComplete":"","mySearchDateEnd":"","mySearchDateStart":"","mySearchKeywords":"","newCommentValue1":"","newCommentValue2":"","pageNum":1,"pageSize":20,"pendingDateEnd":"","pendingDateStart":"","pendingKeywords":"","processDataOptions":"0x4212d89a","recordsCount":100,"remandBody":"","remandSubject":"","reportComments":"0x628727a2","reportGoodViews":"0x6b86c591","reportManagedViews":"0x1900bf6c","reportRendered":false,"reportState":"","roleLevel1DataOptions":"0x4d8272de","roleLevel2DataOptions":"0x1663e6fb","roleLevel3DataOptions":"0x4b1413eb","searchCategoryLabel":"","searchCountLabel":"","searchParttern":1,"searchStateLabel":"","selectedCategoryName":"","selectedProcess":"","selectedReport":"0x57733e3a","selectedReportName":"","selectedView":"","sortDataOptions":"0x9b9b288","stateDataOptions":"0x64d97a"}|0x2af14725
19:18:57.0 (36237370)|VARIABLE_ASSIGNMENT|[EXTERNAL]|this|{"attachmentId":"","basicSearchCategory":" ","basicSearchCount":"20","basicSearchDateEnd":"","basicSearchDateStart":"","basicSearchKeywords":"佐山営業所の佐山","basicSearchRole1":" ","basicSearchRole2":" ","basicSearchRole3":" ","basicSearchSort":" ","categoryDataOptions":"0x765cc418","countDataOptions":"0x5cd4f46","createBody":"","createdReportId":"","createSubject":"","currentUser":"0x2a9e1a0e","draftBody":"","draftSubject":"","isApprover":true,"isCopySelected":false,"isGoodSelected":false,"isVeryGoodSelected":false,"latestBasicSearchCategory":" ","latestBasicSearchCount":"20","latestBasicSearchDateEnd":"","latestBasicSearchDateStart":"","latestBasicSearchKeywords":"佐山営業所の佐山","latestBasicSearchRole1":" ","latestBasicSearchRole2":" ","latestBasicSearchRole3":" ","latestBasicSearchSort":" ","latestMySearchCount":"","latestMySearchDateEnd":"","latestMySearchDateStart":"","latestMySearchKeywords":"","latestMySearchState":"","latestPendingCount":"","latestPendingDateEnd":"","latestPendingDateStart":"","latestPendingKeywords":"","latestSelectedProcess":"","listOfCategory":"0xff79510","listOfSAReports":"0x34ccfc2d","lsAttachments":"0x24a092a8","lsRolesFull":"0x4bf84e05","mapOfCategory":"0x11ec631e","messageError":"","messageSubmissionComplete":"","mySearchDateEnd":"","mySearchDateStart":"","mySearchKeywords":"","newCommentValue1":"","newCommentValue2":"","pageNum":1,"pageSize":20,"pendingDateEnd":"","pendingDateStart":"","pendingKeywords":"","processDataOptions":"0x4212d89a","recordsCount":100,"remandBody":"","remandSubject":"","reportComments":"0x628727a2","reportGoodViews":"0x6b86c591","reportManagedViews":"0x1900bf6c","reportRendered":false,"reportState":"","roleLevel1DataOptions":"0x4d8272de","roleLevel2DataOptions":"0x1663e6fb","roleLevel3DataOptions":"0x4b1413eb","searchCategoryLabel":"","searchCountLabel":"","searchParttern":1,"searchStateLabel":"","selectedCategoryName":"","selectedProcess":"","selectedReport":"0x57733e3a","selectedReportName":"","selectedView":"","sortDataOptions":"0x9b9b288","stateDataOptions":"0x64d97a"}|0x2af14725
19:18:57.0 (36275759)|HEAP_ALLOCATE|[166]|Bytes:5
19:18:57.0 (36282479)|SYSTEM_MODE_EXIT|false
19:18:57.0 (36288285)|HEAP_ALLOCATE|[166]|Bytes:5
19:18:57.0 (82716178)|SYSTEM_MODE_ENTER|true
19:18:57.0 (82771742)|HEAP_ALLOCATE|[EXTERNAL]|Bytes:284
19:18:57.0 (82794811)|HEAP_ALLOCATE|[EXTERNAL]|Bytes:160
19:18:57.0 (82813456)|METHOD_ENTRY|[1]|01pN0000000Mill|auMainTopCompCtrl.auMainTopCompCtrl()
19:18:57.0 (82838648)|STATEMENT_EXECUTE|[1]
19:18:57.0 (82844409)|STATEMENT_EXECUTE|[1]
19:18:57.0 (82846079)|STATEMENT_EXECUTE|[3]
19:18:57.0 (82853231)|HEAP_ALLOCATE|[3]|Bytes:4
19:18:57.0 (82876671)|VARIABLE_ASSIGNMENT|[3]|auMainTopCompCtrl.TYPE_SCREEN_SWITCH|0
19:18:57.0 (82882190)|STATEMENT_EXECUTE|[4]
19:18:57.0 (82885314)|HEAP_ALLOCATE|[4]|Bytes:4
19:18:57.0 (82893583)|VARIABLE_ASSIGNMENT|[4]|auMainTopCompCtrl.TYPE_SCREEN_STPD_EVENT|11
19:18:57.0 (82897703)|STATEMENT_EXECUTE|[5]
19:18:57.0 (82899834)|HEAP_ALLOCATE|[5]|Bytes:4
19:18:57.0 (82906892)|VARIABLE_ASSIGNMENT|[5]|auMainTopCompCtrl.TYPE_SCREEN_STPD_TIMELINE|12
19:18:57.0 (82910863)|STATEMENT_EXECUTE|[6]
19:18:57.0 (82912852)|HEAP_ALLOCATE|[6]|Bytes:4
19:18:57.0 (82919340)|VARIABLE_ASSIGNMENT|[6]|auMainTopCompCtrl.TYPE_SCREEN_STPD_SCREEN|13
19:18:57.0 (82923316)|STATEMENT_EXECUTE|[7]
19:18:57.0 (82925372)|HEAP_ALLOCATE|[7]|Bytes:4
19:18:57.0 (82930563)|VARIABLE_ASSIGNMENT|[7]|auMainTopCompCtrl.TYPE_SCREEN_CX_SCREEN|21
19:18:57.0 (82934298)|STATEMENT_EXECUTE|[8]
19:18:57.0 (82936350)|HEAP_ALLOCATE|[8]|Bytes:4
19:18:57.0 (82941480)|VARIABLE_ASSIGNMENT|[8]|auMainTopCompCtrl.TYPE_SCREEN_CX_TIMELINE|22
19:18:57.0 (82944927)|STATEMENT_EXECUTE|[9]
19:18:57.0 (82947101)|HEAP_ALLOCATE|[9]|Bytes:4
19:18:57.0 (82952369)|VARIABLE_ASSIGNMENT|[9]|auMainTopCompCtrl.TYPE_SCREEN_EVENT_SCHEDULE|31
19:18:57.0 (82956218)|STATEMENT_EXECUTE|[10]
19:18:57.0 (82958315)|HEAP_ALLOCATE|[10]|Bytes:4
19:18:57.0 (82964251)|VARIABLE_ASSIGNMENT|[10]|auMainTopCompCtrl.TYPE_SCREEN_EVENT_SCHEDULE_LIST|32
19:18:57.0 (82968253)|STATEMENT_EXECUTE|[11]
19:18:57.0 (82970486)|HEAP_ALLOCATE|[11]|Bytes:4
19:18:57.0 (82976111)|VARIABLE_ASSIGNMENT|[11]|auMainTopCompCtrl.TYPE_SCREEN_KNOWLEDGE_DASHBOARD|41
19:18:57.0 (82979542)|STATEMENT_EXECUTE|[12]
19:18:57.0 (82981685)|HEAP_ALLOCATE|[12]|Bytes:4
19:18:57.0 (82987493)|VARIABLE_ASSIGNMENT|[12]|auMainTopCompCtrl.TYPE_SCREEN_KNOWLEDGE_LIST|42
19:18:57.0 (82990973)|STATEMENT_EXECUTE|[13]
19:18:57.0 (82993162)|HEAP_ALLOCATE|[13]|Bytes:4
19:18:57.0 (82998897)|VARIABLE_ASSIGNMENT|[13]|auMainTopCompCtrl.TYPE_SCREEN_SA_MESSAGES|51
19:18:57.0 (83002370)|STATEMENT_EXECUTE|[14]
19:18:57.0 (83004887)|HEAP_ALLOCATE|[14]|Bytes:4
19:18:57.0 (83010908)|VARIABLE_ASSIGNMENT|[14]|auMainTopCompCtrl.TYPE_SCREEN_SA_REPORTS|52
19:18:57.0 (83014630)|STATEMENT_EXECUTE|[15]
19:18:57.0 (83016822)|HEAP_ALLOCATE|[15]|Bytes:4
19:18:57.0 (83022385)|VARIABLE_ASSIGNMENT|[15]|auMainTopCompCtrl.TYPE_SCREEN_SA_CHATTER|53
19:18:57.0 (83025851)|STATEMENT_EXECUTE|[16]
19:18:57.0 (83027859)|HEAP_ALLOCATE|[16]|Bytes:4
19:18:57.0 (83033741)|VARIABLE_ASSIGNMENT|[16]|auMainTopCompCtrl.TYPE_SCREEN_SA_DAILYREPORT|54
19:18:57.0 (83037584)|STATEMENT_EXECUTE|[17]
19:18:57.0 (83039804)|HEAP_ALLOCATE|[17]|Bytes:4
19:18:57.0 (83045562)|VARIABLE_ASSIGNMENT|[17]|auMainTopCompCtrl.TYPE_SCREEN_SA_ENQUETE|55
19:18:57.0 (83048792)|STATEMENT_EXECUTE|[18]
19:18:57.0 (83050819)|HEAP_ALLOCATE|[18]|Bytes:4
19:18:57.0 (83056846)|VARIABLE_ASSIGNMENT|[18]|auMainTopCompCtrl.TYPE_SCREEN_SA_DOCUMENTS|56
19:18:57.0 (83061094)|STATEMENT_EXECUTE|[19]
19:18:57.0 (83063100)|HEAP_ALLOCATE|[19]|Bytes:4
19:18:57.0 (83068590)|VARIABLE_ASSIGNMENT|[19]|auMainTopCompCtrl.TYPE_SCREEN_SA_RANKING|57
19:18:57.0 (83072576)|STATEMENT_EXECUTE|[20]
19:18:57.0 (83074583)|HEAP_ALLOCATE|[20]|Bytes:4
19:18:57.0 (83079930)|VARIABLE_ASSIGNMENT|[20]|auMainTopCompCtrl.TYPE_SCREEN_SA_LINKS|58
19:18:57.0 (83083279)|STATEMENT_EXECUTE|[21]
19:18:57.0 (83085288)|HEAP_ALLOCATE|[21]|Bytes:4
19:18:57.0 (83090933)|VARIABLE_ASSIGNMENT|[21]|auMainTopCompCtrl.TYPE_SCREEN_SA_USRSETTINGS|59
19:18:57.0 (83094958)|STATEMENT_EXECUTE|[22]
19:18:57.0 (83096849)|HEAP_ALLOCATE|[22]|Bytes:4
19:18:57.0 (83102764)|VARIABLE_ASSIGNMENT|[22]|auMainTopCompCtrl.TYPE_SCREEN_SA_DAILYREPORTLIST|60
19:18:57.0 (83106496)|STATEMENT_EXECUTE|[23]
19:18:57.0 (83108834)|HEAP_ALLOCATE|[23]|Bytes:4
19:18:57.0 (83114637)|VARIABLE_ASSIGNMENT|[23]|auMainTopCompCtrl.TYPE_SCREEN_SA_TODO|61
19:18:57.0 (83117948)|STATEMENT_EXECUTE|[24]
19:18:57.0 (83120077)|HEAP_ALLOCATE|[24]|Bytes:4
19:18:57.0 (83125490)|VARIABLE_ASSIGNMENT|[24]|auMainTopCompCtrl.TYPE_SCREEN_HONBU_DIRECT|71
19:18:57.0 (83128888)|STATEMENT_EXECUTE|[25]
19:18:57.0 (83131083)|HEAP_ALLOCATE|[25]|Bytes:4
19:18:57.0 (83136265)|VARIABLE_ASSIGNMENT|[25]|auMainTopCompCtrl.TYPE_SCREEN_ACCOUNT_LIST|81
19:18:57.0 (83139269)|STATEMENT_EXECUTE|[26]
19:18:57.0 (83141130)|HEAP_ALLOCATE|[26]|Bytes:4
19:18:57.0 (83146580)|VARIABLE_ASSIGNMENT|[26]|auMainTopCompCtrl.TYPE_SCREEN_ACTIVITY_LIST|82
19:18:57.0 (83150592)|STATEMENT_EXECUTE|[27]
19:18:57.0 (83152648)|HEAP_ALLOCATE|[27]|Bytes:4
19:18:57.0 (83158223)|VARIABLE_ASSIGNMENT|[27]|auMainTopCompCtrl.TYPE_SCREEN_FILE_LIST|83
19:18:57.0 (83168262)|METHOD_EXIT|[1]|auMainTopCompCtrl
19:18:57.0 (83174726)|HEAP_ALLOCATE|[EXTERNAL]|Bytes:44
19:18:57.0 (83185749)|VARIABLE_ASSIGNMENT|[EXTERNAL]|this.iCountComments|null|0x420d7c6c
19:18:57.0 (83248906)|SYSTEM_MODE_ENTER|true
19:18:57.0 (83263494)|HEAP_ALLOCATE|[EXTERNAL]|Bytes:44
19:18:57.0 (83272317)|VARIABLE_ASSIGNMENT|[EXTERNAL]|this.iCountLikes|null|0x420d7c6c
19:18:57.0 (83362554)|SYSTEM_MODE_ENTER|true
19:18:57.0 (83418348)|HEAP_ALLOCATE|[EXTERNAL]|Bytes:396
19:18:57.0 (83428064)|VARIABLE_SCOPE_BEGIN|[181]|this|saReportCtrl|true|false
19:18:57.0 (83709040)|VARIABLE_ASSIGNMENT|[181]|this|{"attachmentId":"","basicSearchCategory":" ","basicSearchCount":"20","basicSearchDateEnd":"","basicSearchDateStart":"","basicSearchKeywords":"佐山営業所の佐山","basicSearchRole1":" ","basicSearchRole2":" ","basicSearchRole3":" ","basicSearchSort":" ","categoryDataOptions":"0x765cc418","countDataOptions":"0x5cd4f46","createBody":"","createdReportId":"","createSubject":"","currentUser":"0x2a9e1a0e","draftBody":"","draftSubject":"","isApprover":true,"isCopySelected":false,"isGoodSelected":false,"isVeryGoodSelected":false,"latestBasicSearchCategory":" ","latestBasicSearchCount":"20","latestBasicSearchDateEnd":"","latestBasicSearchDateStart":"","latestBasicSearchKeywords":"佐山営業所の佐山","latestBasicSearchRole1":" ","latestBasicSearchRole2":" ","latestBasicSearchRole3":" ","latestBasicSearchSort":" ","latestMySearchCount":"","latestMySearchDateEnd":"","latestMySearchDateStart":"","latestMySearchKeywords":"","latestMySearchState":"","latestPendingCount":"","latestPendingDateEnd":"","latestPendingDateStart":"","latestPendingKeywords":"","latestSelectedProcess":"","listOfCategory":"0xff79510","listOfSAReports":"0x34ccfc2d","lsAttachments":"0x24a092a8","lsRolesFull":"0x4bf84e05","mapOfCategory":"0x11ec631e","messageError":"","messageSubmissionComplete":"","mySearchDateEnd":"","mySearchDateStart":"","mySearchKeywords":"","newCommentValue1":"","newCommentValue2":"","pageNum":1,"pageSize":20,"pendingDateEnd":"","pendingDateStart":"","pendingKeywords":"","processDataOptions":"0x4212d89a","recordsCount":100,"remandBody":"","remandSubject":"","reportComments":"0x628727a2","reportGoodViews":"0x6b86c591","reportManagedViews":"0x1900bf6c","reportRendered":false,"reportState":"","roleLevel1DataOptions":"0x4d8272de","roleLevel2DataOptions":"0x1663e6fb","roleLevel3DataOptions":"0x4b1413eb","searchCategoryLabel":"","searchCountLabel":"","searchParttern":1,"searchStateLabel":"","selectedCategoryName":"","selectedProcess":"","selectedReport":"0x57733e3a","selectedReportName":"","selectedView":"","sortDataOptions":"0x9b9b288","stateDataOptions":"0x64d97a"}|0x2af14725
19:18:57.0 (83757945)|SYSTEM_MODE_ENTER|false
19:18:57.0 (83770428)|HEAP_ALLOCATE|[181]|Bytes:5
19:18:57.0 (83776085)|STATEMENT_EXECUTE|[181]
19:18:57.0 (83777943)|STATEMENT_EXECUTE|[181]
19:18:57.0 (83785923)|SYSTEM_MODE_EXIT|false
19:18:57.0 (83845759)|SYSTEM_MODE_ENTER|true
19:18:57.0 (83862948)|HEAP_ALLOCATE|[EXTERNAL]|Bytes:8
19:18:57.0 (83867349)|HEAP_ALLOCATE|[EXTERNAL]|Bytes:44
19:18:57.0 (83876111)|VARIABLE_ASSIGNMENT|[EXTERNAL]|this.iTypeOfScreen|52|0x420d7c6c
19:18:57.0 (83999384)|SYSTEM_MODE_ENTER|true
19:18:57.0 (84034723)|HEAP_ALLOCATE|[EXTERNAL]|Bytes:44
19:18:57.0 (84042574)|VARIABLE_SCOPE_BEGIN|[88]|this|auMainTopCompCtrl|true|false
19:18:57.0 (84083060)|VARIABLE_ASSIGNMENT|[88]|this|{"currentUser":"0x2e636d65","isSAUser":false,"iTypeOfScreen":52,"urlReportsSFA":"https://cs6.lightnin (84 more) ..."}|0x420d7c6c
19:18:57.0 (84094615)|STATEMENT_EXECUTE|[88]
19:18:57.0 (84096591)|STATEMENT_EXECUTE|[89]
19:18:57.0 (84148725)|VARIABLE_ASSIGNMENT|[EXTERNAL]|this|{"currentUser":"0x2e636d65","isSAUser":false,"iTypeOfScreen":52,"urlReportsSFA":"https://cs6.lightnin (84 more) ..."}|0x420d7c6c
19:18:57.0 (84198111)|VARIABLE_ASSIGNMENT|[EXTERNAL]|this|{"currentUser":"0x2e636d65","isSAUser":false,"iTypeOfScreen":52,"urlReportsSFA":"https://cs6.lightnin (84 more) ..."}|0x420d7c6c
19:18:57.0 (84215226)|HEAP_ALLOCATE|[89]|Bytes:5
19:18:57.0 (84293075)|SYSTEM_MODE_ENTER|true
19:18:57.0 (84324468)|HEAP_ALLOCATE|[EXTERNAL]|Bytes:44
19:18:57.0 (84330839)|VARIABLE_SCOPE_BEGIN|[106]|this|auMainTopCompCtrl|true|false
19:18:57.0 (84364217)|VARIABLE_ASSIGNMENT|[106]|this|{"currentUser":"0x2e636d65","isSAUser":false,"iTypeOfScreen":52,"urlReportsSFA":"https://cs6.lightnin (84 more) ..."}|0x420d7c6c
19:18:57.0 (84373652)|STATEMENT_EXECUTE|[106]
19:18:57.0 (84375579)|STATEMENT_EXECUTE|[107]
19:18:57.0 (84411371)|VARIABLE_ASSIGNMENT|[EXTERNAL]|this|{"currentUser":"0x2e636d65","isSAUser":false,"iTypeOfScreen":52,"urlReportsSFA":"https://cs6.lightnin (84 more) ..."}|0x420d7c6c
19:18:57.0 (84427584)|HEAP_ALLOCATE|[107]|Bytes:5
19:18:57.0 (84488653)|SYSTEM_MODE_ENTER|true
19:18:57.0 (84517589)|HEAP_ALLOCATE|[EXTERNAL]|Bytes:44
19:18:57.0 (84523657)|VARIABLE_SCOPE_BEGIN|[110]|this|auMainTopCompCtrl|true|false
19:18:57.0 (84555439)|VARIABLE_ASSIGNMENT|[110]|this|{"currentUser":"0x2e636d65","isSAUser":false,"iTypeOfScreen":52,"urlReportsSFA":"https://cs6.lightnin (84 more) ..."}|0x420d7c6c
19:18:57.0 (84565062)|STATEMENT_EXECUTE|[110]
19:18:57.0 (84566950)|STATEMENT_EXECUTE|[111]
19:18:57.0 (84601634)|VARIABLE_ASSIGNMENT|[EXTERNAL]|this|{"currentUser":"0x2e636d65","isSAUser":false,"iTypeOfScreen":52,"urlReportsSFA":"https://cs6.lightnin (84 more) ..."}|0x420d7c6c
19:18:57.0 (84616769)|HEAP_ALLOCATE|[111]|Bytes:5
19:18:57.0 (84671994)|SYSTEM_MODE_ENTER|true
19:18:57.0 (84698992)|HEAP_ALLOCATE|[EXTERNAL]|Bytes:44
19:18:57.0 (84704831)|VARIABLE_SCOPE_BEGIN|[114]|this|auMainTopCompCtrl|true|false
19:18:57.0 (84736211)|VARIABLE_ASSIGNMENT|[114]|this|{"currentUser":"0x2e636d65","isSAUser":false,"iTypeOfScreen":52,"urlReportsSFA":"https://cs6.lightnin (84 more) ..."}|0x420d7c6c
19:18:57.0 (84749720)|STATEMENT_EXECUTE|[114]
19:18:57.0 (84751550)|STATEMENT_EXECUTE|[115]
19:18:57.0 (84785797)|VARIABLE_ASSIGNMENT|[EXTERNAL]|this|{"currentUser":"0x2e636d65","isSAUser":false,"iTypeOfScreen":52,"urlReportsSFA":"https://cs6.lightnin (84 more) ..."}|0x420d7c6c
19:18:57.0 (84801020)|HEAP_ALLOCATE|[115]|Bytes:5
19:18:57.0 (84981454)|SYSTEM_MODE_ENTER|true
19:18:57.0 (85038989)|SYSTEM_MODE_ENTER|true
19:18:57.0 (85427710)|SYSTEM_MODE_ENTER|true
19:18:57.0 (85463825)|SYSTEM_MODE_ENTER|true
19:18:57.0 (85494222)|SYSTEM_MODE_ENTER|true
19:18:57.0 (85590843)|SYSTEM_MODE_ENTER|true
19:18:57.0 (85796919)|SYSTEM_MODE_ENTER|true
19:18:57.0 (85829485)|HEAP_ALLOCATE|[EXTERNAL]|Bytes:396
19:18:57.0 (85836627)|VARIABLE_SCOPE_BEGIN|[166]|this|saReportCtrl|true|false
19:18:57.0 (86041919)|VARIABLE_ASSIGNMENT|[166]|this|{"attachmentId":"","basicSearchCategory":" ","basicSearchCount":"20","basicSearchDateEnd":"","basicSearchDateStart":"","basicSearchKeywords":"佐山営業所の佐山","basicSearchRole1":" ","basicSearchRole2":" ","basicSearchRole3":" ","basicSearchSort":" ","categoryDataOptions":"0x765cc418","countDataOptions":"0x5cd4f46","createBody":"","createdReportId":"","createSubject":"","currentUser":"0x2a9e1a0e","draftBody":"","draftSubject":"","isApprover":true,"isCopySelected":false,"isGoodSelected":false,"isVeryGoodSelected":false,"latestBasicSearchCategory":" ","latestBasicSearchCount":"20","latestBasicSearchDateEnd":"","latestBasicSearchDateStart":"","latestBasicSearchKeywords":"佐山営業所の佐山","latestBasicSearchRole1":" ","latestBasicSearchRole2":" ","latestBasicSearchRole3":" ","latestBasicSearchSort":" ","latestMySearchCount":"","latestMySearchDateEnd":"","latestMySearchDateStart":"","latestMySearchKeywords":"","latestMySearchState":"","latestPendingCount":"","latestPendingDateEnd":"","latestPendingDateStart":"","latestPendingKeywords":"","latestSelectedProcess":"","listOfCategory":"0xff79510","listOfSAReports":"0x34ccfc2d","lsAttachments":"0x24a092a8","lsRolesFull":"0x4bf84e05","mapOfCategory":"0x11ec631e","messageError":"","messageSubmissionComplete":"","mySearchDateEnd":"","mySearchDateStart":"","mySearchKeywords":"","newCommentValue1":"","newCommentValue2":"","pageNum":1,"pageSize":20,"pendingDateEnd":"","pendingDateStart":"","pendingKeywords":"","processDataOptions":"0x4212d89a","recordsCount":100,"remandBody":"","remandSubject":"","reportComments":"0x628727a2","reportGoodViews":"0x6b86c591","reportManagedViews":"0x1900bf6c","reportRendered":false,"reportState":"","roleLevel1DataOptions":"0x4d8272de","roleLevel2DataOptions":"0x1663e6fb","roleLevel3DataOptions":"0x4b1413eb","searchCategoryLabel":"","searchCountLabel":"","searchParttern":1,"searchStateLabel":"","selectedCategoryName":"","selectedProcess":"","selectedReport":"0x57733e3a","selectedReportName":"","selectedView":"","sortDataOptions":"0x9b9b288","stateDataOptions":"0x64d97a"}|0x2af14725
19:18:57.0 (86083059)|SYSTEM_MODE_ENTER|false
19:18:57.0 (86089867)|HEAP_ALLOCATE|[166]|Bytes:5
19:18:57.0 (86095359)|STATEMENT_EXECUTE|[166]
19:18:57.0 (86097283)|STATEMENT_EXECUTE|[166]
19:18:57.0 (86294555)|VARIABLE_ASSIGNMENT|[EXTERNAL]|this|{"attachmentId":"","basicSearchCategory":" ","basicSearchCount":"20","basicSearchDateEnd":"","basicSearchDateStart":"","basicSearchKeywords":"佐山営業所の佐山","basicSearchRole1":" ","basicSearchRole2":" ","basicSearchRole3":" ","basicSearchSort":" ","categoryDataOptions":"0x765cc418","countDataOptions":"0x5cd4f46","createBody":"","createdReportId":"","createSubject":"","currentUser":"0x2a9e1a0e","draftBody":"","draftSubject":"","isApprover":true,"isCopySelected":false,"isGoodSelected":false,"isVeryGoodSelected":false,"latestBasicSearchCategory":" ","latestBasicSearchCount":"20","latestBasicSearchDateEnd":"","latestBasicSearchDateStart":"","latestBasicSearchKeywords":"佐山営業所の佐山","latestBasicSearchRole1":" ","latestBasicSearchRole2":" ","latestBasicSearchRole3":" ","latestBasicSearchSort":" ","latestMySearchCount":"","latestMySearchDateEnd":"","latestMySearchDateStart":"","latestMySearchKeywords":"","latestMySearchState":"","latestPendingCount":"","latestPendingDateEnd":"","latestPendingDateStart":"","latestPendingKeywords":"","latestSelectedProcess":"","listOfCategory":"0xff79510","listOfSAReports":"0x34ccfc2d","lsAttachments":"0x24a092a8","lsRolesFull":"0x4bf84e05","mapOfCategory":"0x11ec631e","messageError":"","messageSubmissionComplete":"","mySearchDateEnd":"","mySearchDateStart":"","mySearchKeywords":"","newCommentValue1":"","newCommentValue2":"","pageNum":1,"pageSize":20,"pendingDateEnd":"","pendingDateStart":"","pendingKeywords":"","processDataOptions":"0x4212d89a","recordsCount":100,"remandBody":"","remandSubject":"","reportComments":"0x628727a2","reportGoodViews":"0x6b86c591","reportManagedViews":"0x1900bf6c","reportRendered":false,"reportState":"","roleLevel1DataOptions":"0x4d8272de","roleLevel2DataOptions":"0x1663e6fb","roleLevel3DataOptions":"0x4b1413eb","searchCategoryLabel":"","searchCountLabel":"","searchParttern":1,"searchStateLabel":"","selectedCategoryName":"","selectedProcess":"","selectedReport":"0x57733e3a","selectedReportName":"","selectedView":"","sortDataOptions":"0x9b9b288","stateDataOptions":"0x64d97a"}|0x2af14725
19:18:57.0 (86527156)|VARIABLE_ASSIGNMENT|[EXTERNAL]|this|{"attachmentId":"","basicSearchCategory":" ","basicSearchCount":"20","basicSearchDateEnd":"","basicSearchDateStart":"","basicSearchKeywords":"佐山営業所の佐山","basicSearchRole1":" ","basicSearchRole2":" ","basicSearchRole3":" ","basicSearchSort":" ","categoryDataOptions":"0x765cc418","countDataOptions":"0x5cd4f46","createBody":"","createdReportId":"","createSubject":"","currentUser":"0x2a9e1a0e","draftBody":"","draftSubject":"","isApprover":true,"isCopySelected":false,"isGoodSelected":false,"isVeryGoodSelected":false,"latestBasicSearchCategory":" ","latestBasicSearchCount":"20","latestBasicSearchDateEnd":"","latestBasicSearchDateStart":"","latestBasicSearchKeywords":"佐山営業所の佐山","latestBasicSearchRole1":" ","latestBasicSearchRole2":" ","latestBasicSearchRole3":" ","latestBasicSearchSort":" ","latestMySearchCount":"","latestMySearchDateEnd":"","latestMySearchDateStart":"","latestMySearchKeywords":"","latestMySearchState":"","latestPendingCount":"","latestPendingDateEnd":"","latestPendingDateStart":"","latestPendingKeywords":"","latestSelectedProcess":"","listOfCategory":"0xff79510","listOfSAReports":"0x34ccfc2d","lsAttachments":"0x24a092a8","lsRolesFull":"0x4bf84e05","mapOfCategory":"0x11ec631e","messageError":"","messageSubmissionComplete":"","mySearchDateEnd":"","mySearchDateStart":"","mySearchKeywords":"","newCommentValue1":"","newCommentValue2":"","pageNum":1,"pageSize":20,"pendingDateEnd":"","pendingDateStart":"","pendingKeywords":"","processDataOptions":"0x4212d89a","recordsCount":100,"remandBody":"","remandSubject":"","reportComments":"0x628727a2","reportGoodViews":"0x6b86c591","reportManagedViews":"0x1900bf6c","reportRendered":false,"reportState":"","roleLevel1DataOptions":"0x4d8272de","roleLevel2DataOptions":"0x1663e6fb","roleLevel3DataOptions":"0x4b1413eb","searchCategoryLabel":"","searchCountLabel":"","searchParttern":1,"searchStateLabel":"","selectedCategoryName":"","selectedProcess":"","selectedReport":"0x57733e3a","selectedReportName":"","selectedView":"","sortDataOptions":"0x9b9b288","stateDataOptions":"0x64d97a"}|0x2af14725
19:18:57.0 (86775295)|VARIABLE_ASSIGNMENT|[EXTERNAL]|this|{"attachmentId":"","basicSearchCategory":" ","basicSearchCount":"20","basicSearchDateEnd":"","basicSearchDateStart":"","basicSearchKeywords":"佐山営業所の佐山","basicSearchRole1":" ","basicSearchRole2":" ","basicSearchRole3":" ","basicSearchSort":" ","categoryDataOptions":"0x765cc418","countDataOptions":"0x5cd4f46","createBody":"","createdReportId":"","createSubject":"","currentUser":"0x2a9e1a0e","draftBody":"","draftSubject":"","isApprover":true,"isCopySelected":false,"isGoodSelected":false,"isVeryGoodSelected":false,"latestBasicSearchCategory":" ","latestBasicSearchCount":"20","latestBasicSearchDateEnd":"","latestBasicSearchDateStart":"","latestBasicSearchKeywords":"佐山営業所の佐山","latestBasicSearchRole1":" ","latestBasicSearchRole2":" ","latestBasicSearchRole3":" ","latestBasicSearchSort":" ","latestMySearchCount":"","latestMySearchDateEnd":"","latestMySearchDateStart":"","latestMySearchKeywords":"","latestMySearchState":"","latestPendingCount":"","latestPendingDateEnd":"","latestPendingDateStart":"","latestPendingKeywords":"","latestSelectedProcess":"","listOfCategory":"0xff79510","listOfSAReports":"0x34ccfc2d","lsAttachments":"0x24a092a8","lsRolesFull":"0x4bf84e05","mapOfCategory":"0x11ec631e","messageError":"","messageSubmissionComplete":"","mySearchDateEnd":"","mySearchDateStart":"","mySearchKeywords":"","newCommentValue1":"","newCommentValue2":"","pageNum":1,"pageSize":20,"pendingDateEnd":"","pendingDateStart":"","pendingKeywords":"","processDataOptions":"0x4212d89a","recordsCount":100,"remandBody":"","remandSubject":"","reportComments":"0x628727a2","reportGoodViews":"0x6b86c591","reportManagedViews":"0x1900bf6c","reportRendered":false,"reportState":"","roleLevel1DataOptions":"0x4d8272de","roleLevel2DataOptions":"0x1663e6fb","roleLevel3DataOptions":"0x4b1413eb","searchCategoryLabel":"","searchCountLabel":"","searchParttern":1,"searchStateLabel":"","selectedCategoryName":"","selectedProcess":"","selectedReport":"0x57733e3a","selectedReportName":"","selectedView":"","sortDataOptions":"0x9b9b288","stateDataOptions":"0x64d97a"}|0x2af14725
19:18:57.0 (86815996)|HEAP_ALLOCATE|[166]|Bytes:5
19:18:57.0 (86822706)|SYSTEM_MODE_EXIT|false
19:18:57.0 (86828744)|HEAP_ALLOCATE|[166]|Bytes:5
19:18:57.0 (86900124)|SYSTEM_MODE_ENTER|true
19:18:57.0 (87043210)|SYSTEM_MODE_ENTER|true
19:18:57.0 (87212934)|SYSTEM_MODE_ENTER|true
19:18:57.0 (87290717)|SYSTEM_MODE_ENTER|true
19:18:57.0 (87352988)|SYSTEM_MODE_ENTER|true
19:18:57.0 (87410304)|SYSTEM_MODE_ENTER|true
19:18:57.0 (87572923)|SYSTEM_MODE_ENTER|true
19:18:57.0 (87652362)|SYSTEM_MODE_ENTER|true
19:18:57.0 (87723863)|SYSTEM_MODE_ENTER|true
19:18:57.0 (92492840)|SYSTEM_MODE_ENTER|true
19:18:57.0 (92549756)|SYSTEM_MODE_ENTER|true
19:18:57.0 (92593461)|SYSTEM_MODE_ENTER|true
19:18:57.0 (92628152)|SYSTEM_MODE_ENTER|true
19:18:57.0 (92665425)|SYSTEM_MODE_ENTER|true
19:18:57.0 (107610877)|VF_SERIALIZE_VIEWSTATE_BEGIN|066N0000000M59u
19:18:57.0 (122747681)|VF_SERIALIZE_VIEWSTATE_END
19:18:57.136 (136328961)|CUMULATIVE_LIMIT_USAGE
19:18:57.136 (136328961)|LIMIT_USAGE_FOR_NS|(default)|
  Number of SOQL queries: 0 out of 100
  Number of query rows: 0 out of 50000
  Number of SOSL queries: 0 out of 20
  Number of DML statements: 0 out of 150
  Number of DML rows: 0 out of 10000
  Maximum CPU time: 0 out of 10000
  Maximum heap size: 0 out of 6000000
  Number of callouts: 0 out of 100
  Number of Email Invocations: 0 out of 10
  Number of future calls: 0 out of 50
  Number of queueable jobs added to the queue: 0 out of 50
  Number of Mobile Apex push calls: 0 out of 10

19:18:57.136 (136328961)|CUMULATIVE_LIMIT_USAGE_END

19:18:57.0 (136367035)|CODE_UNIT_FINISHED|VF: /apex/saReport
19:18:57.0 (137065920)|EXECUTION_FINISHED
