42.0 APEX_CODE,FINEST;APEX_PROFILING,INFO;CALLOUT,INFO;DB,INFO;NBA,INFO;SYSTEM,DEBUG;VALIDATION,INFO;VISUALFORCE,INFO;WAVE,INFO;WORKFLOW,INFO
11:52:44.0 (80776)|USER_INFO|[EXTERNAL]|005N00000057PfO|thomas.remy+kddi_gwdev01@globalway.co.jp|Japan Standard Time|GMT+09:00
11:52:44.0 (114824)|EXECUTION_STARTED
11:52:44.0 (120087)|CODE_UNIT_STARTED|[EXTERNAL]|066N0000000M4pW|VF: /apex/sadailyreport
11:52:44.0 (261306)|VF_DESERIALIZE_VIEWSTATE_BEGIN|066N0000000M4pW
11:52:44.0 (3472283)|HEAP_ALLOCATE|[72]|Bytes:3
11:52:44.0 (3517900)|HEAP_ALLOCATE|[77]|Bytes:152
11:52:44.0 (3534469)|HEAP_ALLOCATE|[342]|Bytes:408
11:52:44.0 (3555941)|HEAP_ALLOCATE|[355]|Bytes:408
11:52:44.0 (3571079)|HEAP_ALLOCATE|[467]|Bytes:48
11:52:44.0 (3596293)|HEAP_ALLOCATE|[139]|Bytes:6
11:52:44.0 (4481864)|HEAP_ALLOCATE|[50]|Bytes:5
11:52:44.0 (4512647)|HEAP_ALLOCATE|[56]|Bytes:5
11:52:44.0 (4524496)|HEAP_ALLOCATE|[64]|Bytes:7
11:52:44.0 (5269233)|VARIABLE_SCOPE_BEGIN|[3]|saDailyReportCtrl.SOURCE|String|false|true
11:52:44.0 (5283258)|VARIABLE_SCOPE_BEGIN|[4]|saDailyReportCtrl.SOURCE_ID|String|false|true
11:52:44.0 (6448587)|VARIABLE_SCOPE_BEGIN|[25]|auMainTopCompCtrl.TYPE_SCREEN_ACCOUNT_LIST|Integer|false|true
11:52:44.0 (6461481)|VARIABLE_SCOPE_BEGIN|[26]|auMainTopCompCtrl.TYPE_SCREEN_ACTIVITY_LIST|Integer|false|true
11:52:44.0 (6467611)|VARIABLE_SCOPE_BEGIN|[7]|auMainTopCompCtrl.TYPE_SCREEN_CX_SCREEN|Integer|false|true
11:52:44.0 (6474324)|VARIABLE_SCOPE_BEGIN|[8]|auMainTopCompCtrl.TYPE_SCREEN_CX_TIMELINE|Integer|false|true
11:52:44.0 (6481198)|VARIABLE_SCOPE_BEGIN|[9]|auMainTopCompCtrl.TYPE_SCREEN_EVENT_SCHEDULE|Integer|false|true
11:52:44.0 (6488366)|VARIABLE_SCOPE_BEGIN|[10]|auMainTopCompCtrl.TYPE_SCREEN_EVENT_SCHEDULE_LIST|Integer|false|true
11:52:44.0 (6496986)|VARIABLE_SCOPE_BEGIN|[27]|auMainTopCompCtrl.TYPE_SCREEN_FILE_LIST|Integer|false|true
11:52:44.0 (6504684)|VARIABLE_SCOPE_BEGIN|[24]|auMainTopCompCtrl.TYPE_SCREEN_HONBU_DIRECT|Integer|false|true
11:52:44.0 (6511007)|VARIABLE_SCOPE_BEGIN|[11]|auMainTopCompCtrl.TYPE_SCREEN_KNOWLEDGE_DASHBOARD|Integer|false|true
11:52:44.0 (6517645)|VARIABLE_SCOPE_BEGIN|[12]|auMainTopCompCtrl.TYPE_SCREEN_KNOWLEDGE_LIST|Integer|false|true
11:52:44.0 (6524484)|VARIABLE_SCOPE_BEGIN|[15]|auMainTopCompCtrl.TYPE_SCREEN_SA_CHATTER|Integer|false|true
11:52:44.0 (6531366)|VARIABLE_SCOPE_BEGIN|[16]|auMainTopCompCtrl.TYPE_SCREEN_SA_DAILYREPORT|Integer|false|true
11:52:44.0 (6537552)|VARIABLE_SCOPE_BEGIN|[22]|auMainTopCompCtrl.TYPE_SCREEN_SA_DAILYREPORTLIST|Integer|false|true
11:52:44.0 (6543685)|VARIABLE_SCOPE_BEGIN|[18]|auMainTopCompCtrl.TYPE_SCREEN_SA_DOCUMENTS|Integer|false|true
11:52:44.0 (6551540)|VARIABLE_SCOPE_BEGIN|[17]|auMainTopCompCtrl.TYPE_SCREEN_SA_ENQUETE|Integer|false|true
11:52:44.0 (6559794)|VARIABLE_SCOPE_BEGIN|[20]|auMainTopCompCtrl.TYPE_SCREEN_SA_LINKS|Integer|false|true
11:52:44.0 (6566991)|VARIABLE_SCOPE_BEGIN|[13]|auMainTopCompCtrl.TYPE_SCREEN_SA_MESSAGES|Integer|false|true
11:52:44.0 (6573484)|VARIABLE_SCOPE_BEGIN|[19]|auMainTopCompCtrl.TYPE_SCREEN_SA_RANKING|Integer|false|true
11:52:44.0 (6580636)|VARIABLE_SCOPE_BEGIN|[14]|auMainTopCompCtrl.TYPE_SCREEN_SA_REPORTS|Integer|false|true
11:52:44.0 (6591654)|VARIABLE_SCOPE_BEGIN|[23]|auMainTopCompCtrl.TYPE_SCREEN_SA_TODO|Integer|false|true
11:52:44.0 (6598759)|VARIABLE_SCOPE_BEGIN|[21]|auMainTopCompCtrl.TYPE_SCREEN_SA_USRSETTINGS|Integer|false|true
11:52:44.0 (6608493)|VARIABLE_SCOPE_BEGIN|[4]|auMainTopCompCtrl.TYPE_SCREEN_STPD_EVENT|Integer|false|true
11:52:44.0 (6616861)|VARIABLE_SCOPE_BEGIN|[6]|auMainTopCompCtrl.TYPE_SCREEN_STPD_SCREEN|Integer|false|true
11:52:44.0 (6623431)|VARIABLE_SCOPE_BEGIN|[5]|auMainTopCompCtrl.TYPE_SCREEN_STPD_TIMELINE|Integer|false|true
11:52:44.0 (6630889)|VARIABLE_SCOPE_BEGIN|[3]|auMainTopCompCtrl.TYPE_SCREEN_SWITCH|Integer|false|true
11:52:44.0 (8023600)|VF_DESERIALIZE_VIEWSTATE_END
11:52:44.0 (10245537)|SYSTEM_MODE_ENTER|true
11:52:44.0 (10446606)|HEAP_ALLOCATE|[EXTERNAL]|Bytes:284
11:52:44.0 (10459208)|HEAP_ALLOCATE|[EXTERNAL]|Bytes:156
11:52:44.0 (10473258)|METHOD_ENTRY|[1]|01pN0000000Mill|auMainTopCompCtrl.auMainTopCompCtrl()
11:52:44.0 (10481510)|STATEMENT_EXECUTE|[1]
11:52:44.0 (10487124)|STATEMENT_EXECUTE|[1]
11:52:44.0 (10488629)|STATEMENT_EXECUTE|[3]
11:52:44.0 (10494029)|HEAP_ALLOCATE|[3]|Bytes:4
11:52:44.0 (10520532)|VARIABLE_ASSIGNMENT|[3]|auMainTopCompCtrl.TYPE_SCREEN_SWITCH|0
11:52:44.0 (10526690)|STATEMENT_EXECUTE|[4]
11:52:44.0 (10530414)|HEAP_ALLOCATE|[4]|Bytes:4
11:52:44.0 (10539945)|VARIABLE_ASSIGNMENT|[4]|auMainTopCompCtrl.TYPE_SCREEN_STPD_EVENT|11
11:52:44.0 (10544790)|STATEMENT_EXECUTE|[5]
11:52:44.0 (10547422)|HEAP_ALLOCATE|[5]|Bytes:4
11:52:44.0 (10554164)|VARIABLE_ASSIGNMENT|[5]|auMainTopCompCtrl.TYPE_SCREEN_STPD_TIMELINE|12
11:52:44.0 (10558161)|STATEMENT_EXECUTE|[6]
11:52:44.0 (10560164)|HEAP_ALLOCATE|[6]|Bytes:4
11:52:44.0 (10566527)|VARIABLE_ASSIGNMENT|[6]|auMainTopCompCtrl.TYPE_SCREEN_STPD_SCREEN|13
11:52:44.0 (10570150)|STATEMENT_EXECUTE|[7]
11:52:44.0 (10572120)|HEAP_ALLOCATE|[7]|Bytes:4
11:52:44.0 (10577407)|VARIABLE_ASSIGNMENT|[7]|auMainTopCompCtrl.TYPE_SCREEN_CX_SCREEN|21
11:52:44.0 (10581933)|STATEMENT_EXECUTE|[8]
11:52:44.0 (10584545)|HEAP_ALLOCATE|[8]|Bytes:4
11:52:44.0 (10592195)|VARIABLE_ASSIGNMENT|[8]|auMainTopCompCtrl.TYPE_SCREEN_CX_TIMELINE|22
11:52:44.0 (10596452)|STATEMENT_EXECUTE|[9]
11:52:44.0 (10598474)|HEAP_ALLOCATE|[9]|Bytes:4
11:52:44.0 (10604281)|VARIABLE_ASSIGNMENT|[9]|auMainTopCompCtrl.TYPE_SCREEN_EVENT_SCHEDULE|31
11:52:44.0 (10608688)|STATEMENT_EXECUTE|[10]
11:52:44.0 (10610910)|HEAP_ALLOCATE|[10]|Bytes:4
11:52:44.0 (10616358)|VARIABLE_ASSIGNMENT|[10]|auMainTopCompCtrl.TYPE_SCREEN_EVENT_SCHEDULE_LIST|32
11:52:44.0 (10620368)|STATEMENT_EXECUTE|[11]
11:52:44.0 (10622623)|HEAP_ALLOCATE|[11]|Bytes:4
11:52:44.0 (10627909)|VARIABLE_ASSIGNMENT|[11]|auMainTopCompCtrl.TYPE_SCREEN_KNOWLEDGE_DASHBOARD|41
11:52:44.0 (10631728)|STATEMENT_EXECUTE|[12]
11:52:44.0 (10633592)|HEAP_ALLOCATE|[12]|Bytes:4
11:52:44.0 (10640894)|VARIABLE_ASSIGNMENT|[12]|auMainTopCompCtrl.TYPE_SCREEN_KNOWLEDGE_LIST|42
11:52:44.0 (10646660)|STATEMENT_EXECUTE|[13]
11:52:44.0 (10648849)|HEAP_ALLOCATE|[13]|Bytes:4
11:52:44.0 (10655341)|VARIABLE_ASSIGNMENT|[13]|auMainTopCompCtrl.TYPE_SCREEN_SA_MESSAGES|51
11:52:44.0 (10659263)|STATEMENT_EXECUTE|[14]
11:52:44.0 (10661257)|HEAP_ALLOCATE|[14]|Bytes:4
11:52:44.0 (10667444)|VARIABLE_ASSIGNMENT|[14]|auMainTopCompCtrl.TYPE_SCREEN_SA_REPORTS|52
11:52:44.0 (10671142)|STATEMENT_EXECUTE|[15]
11:52:44.0 (10673162)|HEAP_ALLOCATE|[15]|Bytes:4
11:52:44.0 (10678757)|VARIABLE_ASSIGNMENT|[15]|auMainTopCompCtrl.TYPE_SCREEN_SA_CHATTER|53
11:52:44.0 (10682315)|STATEMENT_EXECUTE|[16]
11:52:44.0 (10684650)|HEAP_ALLOCATE|[16]|Bytes:4
11:52:44.0 (10690796)|VARIABLE_ASSIGNMENT|[16]|auMainTopCompCtrl.TYPE_SCREEN_SA_DAILYREPORT|54
11:52:44.0 (10696589)|STATEMENT_EXECUTE|[17]
11:52:44.0 (10699205)|HEAP_ALLOCATE|[17]|Bytes:4
11:52:44.0 (10706254)|VARIABLE_ASSIGNMENT|[17]|auMainTopCompCtrl.TYPE_SCREEN_SA_ENQUETE|55
11:52:44.0 (10710440)|STATEMENT_EXECUTE|[18]
11:52:44.0 (10712401)|HEAP_ALLOCATE|[18]|Bytes:4
11:52:44.0 (10717983)|VARIABLE_ASSIGNMENT|[18]|auMainTopCompCtrl.TYPE_SCREEN_SA_DOCUMENTS|56
11:52:44.0 (10721361)|STATEMENT_EXECUTE|[19]
11:52:44.0 (10723216)|HEAP_ALLOCATE|[19]|Bytes:4
11:52:44.0 (10729238)|VARIABLE_ASSIGNMENT|[19]|auMainTopCompCtrl.TYPE_SCREEN_SA_RANKING|57
11:52:44.0 (10733983)|STATEMENT_EXECUTE|[20]
11:52:44.0 (10736129)|HEAP_ALLOCATE|[20]|Bytes:4
11:52:44.0 (10741729)|VARIABLE_ASSIGNMENT|[20]|auMainTopCompCtrl.TYPE_SCREEN_SA_LINKS|58
11:52:44.0 (10745823)|STATEMENT_EXECUTE|[21]
11:52:44.0 (10748547)|HEAP_ALLOCATE|[21]|Bytes:4
11:52:44.0 (10756689)|VARIABLE_ASSIGNMENT|[21]|auMainTopCompCtrl.TYPE_SCREEN_SA_USRSETTINGS|59
11:52:44.0 (10761654)|STATEMENT_EXECUTE|[22]
11:52:44.0 (10763697)|HEAP_ALLOCATE|[22]|Bytes:4
11:52:44.0 (10769737)|VARIABLE_ASSIGNMENT|[22]|auMainTopCompCtrl.TYPE_SCREEN_SA_DAILYREPORTLIST|60
11:52:44.0 (10773635)|STATEMENT_EXECUTE|[23]
11:52:44.0 (10775669)|HEAP_ALLOCATE|[23]|Bytes:4
11:52:44.0 (10784097)|VARIABLE_ASSIGNMENT|[23]|auMainTopCompCtrl.TYPE_SCREEN_SA_TODO|61
11:52:44.0 (10787890)|STATEMENT_EXECUTE|[24]
11:52:44.0 (10789830)|HEAP_ALLOCATE|[24]|Bytes:4
11:52:44.0 (10800397)|VARIABLE_ASSIGNMENT|[24]|auMainTopCompCtrl.TYPE_SCREEN_HONBU_DIRECT|71
11:52:44.0 (10806909)|STATEMENT_EXECUTE|[25]
11:52:44.0 (10809263)|HEAP_ALLOCATE|[25]|Bytes:4
11:52:44.0 (10815855)|VARIABLE_ASSIGNMENT|[25]|auMainTopCompCtrl.TYPE_SCREEN_ACCOUNT_LIST|81
11:52:44.0 (10820001)|STATEMENT_EXECUTE|[26]
11:52:44.0 (10822108)|HEAP_ALLOCATE|[26]|Bytes:4
11:52:44.0 (10827115)|VARIABLE_ASSIGNMENT|[26]|auMainTopCompCtrl.TYPE_SCREEN_ACTIVITY_LIST|82
11:52:44.0 (10831320)|STATEMENT_EXECUTE|[27]
11:52:44.0 (10833555)|HEAP_ALLOCATE|[27]|Bytes:4
11:52:44.0 (10838856)|VARIABLE_ASSIGNMENT|[27]|auMainTopCompCtrl.TYPE_SCREEN_FILE_LIST|83
11:52:44.0 (10847163)|METHOD_EXIT|[1]|auMainTopCompCtrl
11:52:44.0 (10852981)|HEAP_ALLOCATE|[EXTERNAL]|Bytes:44
11:52:44.0 (10861735)|VARIABLE_SCOPE_BEGIN|[88]|this|auMainTopCompCtrl|true|false
11:52:44.0 (10925002)|VARIABLE_ASSIGNMENT|[88]|this|{"currentUser":"0x2afc6083","isSAUser":false,"iTypeOfScreen":54,"urlReportsSFA":"https://cs6.lightnin (84 more) ..."}|0x55c830eb
11:52:44.0 (10937479)|STATEMENT_EXECUTE|[88]
11:52:44.0 (10939313)|STATEMENT_EXECUTE|[89]
11:52:44.0 (10990951)|VARIABLE_ASSIGNMENT|[EXTERNAL]|this|{"currentUser":"0x2afc6083","isSAUser":false,"iTypeOfScreen":54,"urlReportsSFA":"https://cs6.lightnin (84 more) ..."}|0x55c830eb
11:52:44.0 (11045317)|VARIABLE_ASSIGNMENT|[EXTERNAL]|this|{"currentUser":"0x2afc6083","isSAUser":false,"iTypeOfScreen":54,"urlReportsSFA":"https://cs6.lightnin (84 more) ..."}|0x55c830eb
11:52:44.0 (11089634)|VARIABLE_ASSIGNMENT|[EXTERNAL]|this|{"currentUser":"0x2afc6083","isSAUser":false,"iTypeOfScreen":54,"urlReportsSFA":"https://cs6.lightnin (84 more) ..."}|0x55c830eb
11:52:44.0 (11128381)|VARIABLE_ASSIGNMENT|[EXTERNAL]|this|{"currentUser":"0x2afc6083","isSAUser":false,"iTypeOfScreen":54,"urlReportsSFA":"https://cs6.lightnin (84 more) ..."}|0x55c830eb
11:52:44.0 (11149795)|HEAP_ALLOCATE|[89]|Bytes:5
11:52:44.0 (11252335)|SYSTEM_MODE_ENTER|true
11:52:44.0 (11288176)|HEAP_ALLOCATE|[EXTERNAL]|Bytes:44
11:52:44.0 (11295300)|VARIABLE_SCOPE_BEGIN|[106]|this|auMainTopCompCtrl|true|false
11:52:44.0 (11331330)|VARIABLE_ASSIGNMENT|[106]|this|{"currentUser":"0x2afc6083","isSAUser":false,"iTypeOfScreen":54,"urlReportsSFA":"https://cs6.lightnin (84 more) ..."}|0x55c830eb
11:52:44.0 (11341856)|STATEMENT_EXECUTE|[106]
11:52:44.0 (11343790)|STATEMENT_EXECUTE|[107]
11:52:44.0 (11380510)|VARIABLE_ASSIGNMENT|[EXTERNAL]|this|{"currentUser":"0x2afc6083","isSAUser":false,"iTypeOfScreen":54,"urlReportsSFA":"https://cs6.lightnin (84 more) ..."}|0x55c830eb
11:52:44.0 (11396385)|HEAP_ALLOCATE|[107]|Bytes:5
11:52:44.0 (11464074)|SYSTEM_MODE_ENTER|true
11:52:44.0 (11496599)|HEAP_ALLOCATE|[EXTERNAL]|Bytes:44
11:52:44.0 (11503597)|VARIABLE_SCOPE_BEGIN|[110]|this|auMainTopCompCtrl|true|false
11:52:44.0 (11537637)|VARIABLE_ASSIGNMENT|[110]|this|{"currentUser":"0x2afc6083","isSAUser":false,"iTypeOfScreen":54,"urlReportsSFA":"https://cs6.lightnin (84 more) ..."}|0x55c830eb
11:52:44.0 (11547519)|STATEMENT_EXECUTE|[110]
11:52:44.0 (11549520)|STATEMENT_EXECUTE|[111]
11:52:44.0 (11584558)|VARIABLE_ASSIGNMENT|[EXTERNAL]|this|{"currentUser":"0x2afc6083","isSAUser":false,"iTypeOfScreen":54,"urlReportsSFA":"https://cs6.lightnin (84 more) ..."}|0x55c830eb
11:52:44.0 (11602462)|HEAP_ALLOCATE|[111]|Bytes:5
11:52:44.0 (11659993)|SYSTEM_MODE_ENTER|true
11:52:44.0 (11687873)|HEAP_ALLOCATE|[EXTERNAL]|Bytes:44
11:52:44.0 (11694778)|VARIABLE_SCOPE_BEGIN|[114]|this|auMainTopCompCtrl|true|false
11:52:44.0 (11728967)|VARIABLE_ASSIGNMENT|[114]|this|{"currentUser":"0x2afc6083","isSAUser":false,"iTypeOfScreen":54,"urlReportsSFA":"https://cs6.lightnin (84 more) ..."}|0x55c830eb
11:52:44.0 (11738816)|STATEMENT_EXECUTE|[114]
11:52:44.0 (11740727)|STATEMENT_EXECUTE|[115]
11:52:44.0 (11779276)|VARIABLE_ASSIGNMENT|[EXTERNAL]|this|{"currentUser":"0x2afc6083","isSAUser":false,"iTypeOfScreen":54,"urlReportsSFA":"https://cs6.lightnin (84 more) ..."}|0x55c830eb
11:52:44.0 (11799934)|HEAP_ALLOCATE|[115]|Bytes:5
11:52:44.0 (11884851)|SYSTEM_MODE_ENTER|true
11:52:44.0 (11908077)|HEAP_ALLOCATE|[EXTERNAL]|Bytes:44
11:52:44.0 (11919640)|VARIABLE_ASSIGNMENT|[EXTERNAL]|this.iCountComments|null|0x55c830eb
11:52:44.0 (11965739)|SYSTEM_MODE_ENTER|true
11:52:44.0 (11980070)|HEAP_ALLOCATE|[EXTERNAL]|Bytes:44
11:52:44.0 (11989953)|VARIABLE_ASSIGNMENT|[EXTERNAL]|this.iCountLikes|null|0x55c830eb
11:52:44.0 (12073684)|SYSTEM_MODE_ENTER|true
11:52:44.0 (12115271)|HEAP_ALLOCATE|[EXTERNAL]|Bytes:26
11:52:44.0 (12123799)|HEAP_ALLOCATE|[EXTERNAL]|Bytes:460
11:52:44.0 (12128549)|HEAP_ALLOCATE|[EXTERNAL]|Bytes:111
11:52:44.0 (12132259)|HEAP_ALLOCATE|[EXTERNAL]|Bytes:33
11:52:44.0 (12136217)|HEAP_ALLOCATE|[EXTERNAL]|Bytes:3
11:52:44.0 (12145055)|VARIABLE_ASSIGNMENT|[EXTERNAL]|saDailyReportCtrl.SOURCE|"src"
11:52:44.0 (12152461)|HEAP_ALLOCATE|[EXTERNAL]|Bytes:2
11:52:44.0 (12160501)|VARIABLE_ASSIGNMENT|[EXTERNAL]|saDailyReportCtrl.SOURCE_ID|"id"
11:52:44.0 (12169192)|METHOD_ENTRY|[1]|01pN0000000aE0W|saDailyReportCtrl.saDailyReportCtrl()
11:52:44.0 (12174512)|STATEMENT_EXECUTE|[1]
11:52:44.0 (12177487)|STATEMENT_EXECUTE|[1]
11:52:44.0 (12185534)|SYSTEM_MODE_ENTER|false
11:52:44.0 (12192166)|HEAP_ALLOCATE|[EXTERNAL]|Bytes:5
11:52:44.0 (12197249)|STATEMENT_EXECUTE|[644]
11:52:44.0 (12199139)|STATEMENT_EXECUTE|[671]
11:52:44.0 (12204932)|SYSTEM_MODE_EXIT|false
11:52:44.0 (12213758)|METHOD_EXIT|[1]|saDailyReportCtrl
11:52:44.0 (12219324)|HEAP_ALLOCATE|[EXTERNAL]|Bytes:76
11:52:44.0 (12223953)|VARIABLE_SCOPE_BEGIN|[84]|this|saDailyReportCtrl|true|false
11:52:44.0 (12544198)|VARIABLE_ASSIGNMENT|[84]|this|{"BusinessLocationName":"","currentInquiryReply":"0x7ab5c1fa","currentInquiryReplyDetail":"0x6e6ef92f","dailyReportId":"a0IN0000006RUlWMAW","dCurrentDay":"2018-06-30T00:00:00Z","dCurrentMonth":"2018-07-01T00:00:00Z","iCurrentDay":0,"idBusinessLocation":"","isIPhone":false,"isPreview":true,"lsBusinessLocation":"0x275f7419","messageError":"","messageQuestion":"","mpQuestions":"0x7cfeb797","myUser":"0x281003e3"}|0x58906d48
11:52:44.0 (12567010)|SYSTEM_MODE_ENTER|false
11:52:44.0 (12574024)|HEAP_ALLOCATE|[84]|Bytes:5
11:52:44.0 (12579216)|STATEMENT_EXECUTE|[84]
11:52:44.0 (12581222)|STATEMENT_EXECUTE|[84]
11:52:44.0 (12586139)|SYSTEM_MODE_EXIT|false
11:52:44.0 (12648278)|SYSTEM_MODE_ENTER|true
11:52:44.0 (12668520)|HEAP_ALLOCATE|[EXTERNAL]|Bytes:8
11:52:44.0 (12673831)|HEAP_ALLOCATE|[EXTERNAL]|Bytes:44
11:52:44.0 (12682874)|VARIABLE_ASSIGNMENT|[EXTERNAL]|this.iTypeOfScreen|54|0x55c830eb
11:52:44.0 (12842995)|SYSTEM_MODE_ENTER|true
11:52:44.0 (12932434)|SYSTEM_MODE_ENTER|true
11:52:44.0 (13016909)|SYSTEM_MODE_ENTER|true
11:52:44.0 (13215442)|SYSTEM_MODE_ENTER|true
11:52:44.0 (14510895)|SYSTEM_MODE_ENTER|true
11:52:44.0 (16546011)|SYSTEM_MODE_ENTER|true
11:52:44.0 (16599660)|SYSTEM_MODE_ENTER|true
11:52:44.0 (16641502)|SYSTEM_MODE_ENTER|true
11:52:44.0 (16680739)|SYSTEM_MODE_ENTER|true
11:52:44.0 (16719793)|SYSTEM_MODE_ENTER|true
11:52:44.0 (16770474)|SYSTEM_MODE_ENTER|true
11:52:44.0 (16812971)|HEAP_ALLOCATE|[EXTERNAL]|Bytes:44
11:52:44.0 (16820630)|VARIABLE_SCOPE_BEGIN|[88]|this|auMainTopCompCtrl|true|false
11:52:44.0 (16860723)|VARIABLE_ASSIGNMENT|[88]|this|{"currentUser":"0x2afc6083","isSAUser":false,"iTypeOfScreen":54,"urlReportsSFA":"https://cs6.lightnin (84 more) ..."}|0x55c830eb
11:52:44.0 (16874027)|STATEMENT_EXECUTE|[88]
11:52:44.0 (16876056)|STATEMENT_EXECUTE|[89]
11:52:44.0 (16909870)|VARIABLE_ASSIGNMENT|[EXTERNAL]|this|{"currentUser":"0x2afc6083","isSAUser":false,"iTypeOfScreen":54,"urlReportsSFA":"https://cs6.lightnin (84 more) ..."}|0x55c830eb
11:52:44.0 (16952426)|VARIABLE_ASSIGNMENT|[EXTERNAL]|this|{"currentUser":"0x2afc6083","isSAUser":false,"iTypeOfScreen":54,"urlReportsSFA":"https://cs6.lightnin (84 more) ..."}|0x55c830eb
11:52:44.0 (16989337)|VARIABLE_ASSIGNMENT|[EXTERNAL]|this|{"currentUser":"0x2afc6083","isSAUser":false,"iTypeOfScreen":54,"urlReportsSFA":"https://cs6.lightnin (84 more) ..."}|0x55c830eb
11:52:44.0 (17024406)|VARIABLE_ASSIGNMENT|[EXTERNAL]|this|{"currentUser":"0x2afc6083","isSAUser":false,"iTypeOfScreen":54,"urlReportsSFA":"https://cs6.lightnin (84 more) ..."}|0x55c830eb
11:52:44.0 (17042470)|HEAP_ALLOCATE|[89]|Bytes:5
11:52:44.0 (17095276)|SYSTEM_MODE_ENTER|true
11:52:44.0 (17126725)|HEAP_ALLOCATE|[EXTERNAL]|Bytes:44
11:52:44.0 (17133441)|VARIABLE_SCOPE_BEGIN|[106]|this|auMainTopCompCtrl|true|false
11:52:44.0 (17169435)|VARIABLE_ASSIGNMENT|[106]|this|{"currentUser":"0x2afc6083","isSAUser":false,"iTypeOfScreen":54,"urlReportsSFA":"https://cs6.lightnin (84 more) ..."}|0x55c830eb
11:52:44.0 (17178540)|STATEMENT_EXECUTE|[106]
11:52:44.0 (17180426)|STATEMENT_EXECUTE|[107]
11:52:44.0 (17210543)|VARIABLE_ASSIGNMENT|[EXTERNAL]|this|{"currentUser":"0x2afc6083","isSAUser":false,"iTypeOfScreen":54,"urlReportsSFA":"https://cs6.lightnin (84 more) ..."}|0x55c830eb
11:52:44.0 (17224929)|HEAP_ALLOCATE|[107]|Bytes:5
11:52:44.0 (17272431)|SYSTEM_MODE_ENTER|true
11:52:44.0 (17300577)|HEAP_ALLOCATE|[EXTERNAL]|Bytes:44
11:52:44.0 (17307400)|VARIABLE_SCOPE_BEGIN|[110]|this|auMainTopCompCtrl|true|false
11:52:44.0 (17341010)|VARIABLE_ASSIGNMENT|[110]|this|{"currentUser":"0x2afc6083","isSAUser":false,"iTypeOfScreen":54,"urlReportsSFA":"https://cs6.lightnin (84 more) ..."}|0x55c830eb
11:52:44.0 (17350389)|STATEMENT_EXECUTE|[110]
11:52:44.0 (17352228)|STATEMENT_EXECUTE|[111]
11:52:44.0 (17381660)|VARIABLE_ASSIGNMENT|[EXTERNAL]|this|{"currentUser":"0x2afc6083","isSAUser":false,"iTypeOfScreen":54,"urlReportsSFA":"https://cs6.lightnin (84 more) ..."}|0x55c830eb
11:52:44.0 (17400098)|HEAP_ALLOCATE|[111]|Bytes:5
11:52:44.0 (17443569)|SYSTEM_MODE_ENTER|true
11:52:44.0 (17468906)|HEAP_ALLOCATE|[EXTERNAL]|Bytes:44
11:52:44.0 (17475491)|VARIABLE_SCOPE_BEGIN|[114]|this|auMainTopCompCtrl|true|false
11:52:44.0 (17507986)|VARIABLE_ASSIGNMENT|[114]|this|{"currentUser":"0x2afc6083","isSAUser":false,"iTypeOfScreen":54,"urlReportsSFA":"https://cs6.lightnin (84 more) ..."}|0x55c830eb
11:52:44.0 (17516832)|STATEMENT_EXECUTE|[114]
11:52:44.0 (17518776)|STATEMENT_EXECUTE|[115]
11:52:44.0 (17551526)|VARIABLE_ASSIGNMENT|[EXTERNAL]|this|{"currentUser":"0x2afc6083","isSAUser":false,"iTypeOfScreen":54,"urlReportsSFA":"https://cs6.lightnin (84 more) ..."}|0x55c830eb
11:52:44.0 (17565353)|HEAP_ALLOCATE|[115]|Bytes:5
11:52:44.0 (20571174)|SYSTEM_MODE_ENTER|true
11:52:44.0 (20597753)|HEAP_ALLOCATE|[EXTERNAL]|Bytes:16
11:52:44.0 (20604981)|HEAP_ALLOCATE|[EXTERNAL]|Bytes:76
11:52:44.0 (20617204)|VARIABLE_ASSIGNMENT|[EXTERNAL]|this.messageError|"正しいデーターを入れてください。"|0x58906d48
11:52:44.0 (20651826)|SYSTEM_MODE_ENTER|true
11:52:44.0 (20665873)|HEAP_ALLOCATE|[EXTERNAL]|Bytes:76
11:52:44.0 (20675347)|VARIABLE_ASSIGNMENT|[EXTERNAL]|this.messageQuestion|""|0x58906d48
11:52:44.0 (20702504)|SYSTEM_MODE_ENTER|true
11:52:44.0 (20716766)|HEAP_ALLOCATE|[EXTERNAL]|Bytes:5
11:52:44.0 (20721739)|HEAP_ALLOCATE|[EXTERNAL]|Bytes:76
11:52:44.0 (20728429)|VARIABLE_ASSIGNMENT|[EXTERNAL]|this.isPreview|true|0x58906d48
11:52:44.0 (20753903)|SYSTEM_MODE_ENTER|true
11:52:44.0 (20766819)|HEAP_ALLOCATE|[EXTERNAL]|Bytes:76
11:52:44.0 (20774543)|VARIABLE_ASSIGNMENT|[EXTERNAL]|this.idBusinessLocation|""|0x58906d48
11:52:44.0 (20809331)|SYSTEM_MODE_ENTER|true
11:52:44.0 (20822776)|HEAP_ALLOCATE|[EXTERNAL]|Bytes:8
11:52:44.0 (20827110)|HEAP_ALLOCATE|[EXTERNAL]|Bytes:76
11:52:44.0 (20833729)|VARIABLE_ASSIGNMENT|[EXTERNAL]|this.iCurrentDay|0|0x58906d48
11:52:44.0 (20936778)|SYSTEM_MODE_ENTER|true
11:52:44.0 (20950680)|HEAP_ALLOCATE|[EXTERNAL]|Bytes:44
11:52:44.0 (20959410)|VARIABLE_ASSIGNMENT|[EXTERNAL]|this.iCountComments|null|0x55c830eb
11:52:44.0 (20993990)|SYSTEM_MODE_ENTER|true
11:52:44.0 (21004914)|HEAP_ALLOCATE|[EXTERNAL]|Bytes:44
11:52:44.0 (21012962)|VARIABLE_ASSIGNMENT|[EXTERNAL]|this.iCountLikes|null|0x55c830eb
11:52:44.0 (21052835)|SYSTEM_MODE_ENTER|true
11:52:44.0 (21088395)|HEAP_ALLOCATE|[EXTERNAL]|Bytes:76
11:52:44.0 (21096721)|VARIABLE_SCOPE_BEGIN|[84]|this|saDailyReportCtrl|true|false
11:52:44.0 (21277190)|VARIABLE_ASSIGNMENT|[84]|this|{"BusinessLocationName":"","currentInquiryReply":"0x7ab5c1fa","currentInquiryReplyDetail":"0x6e6ef92f","dailyReportId":"a0IN0000006RUlWMAW","dCurrentDay":"2018-06-30T00:00:00Z","dCurrentMonth":"2018-07-01T00:00:00Z","iCurrentDay":0,"idBusinessLocation":"","isIPhone":false,"isPreview":true,"lsBusinessLocation":"0x275f7419","messageError":"正しいデーターを入れてください。","messageQuestion":"","mpQuestions":"0x7cfeb797","myUser":"0x281003e3"}|0x58906d48
11:52:44.0 (21299058)|SYSTEM_MODE_ENTER|false
11:52:44.0 (21305772)|HEAP_ALLOCATE|[84]|Bytes:5
11:52:44.0 (21310913)|STATEMENT_EXECUTE|[84]
11:52:44.0 (21313364)|STATEMENT_EXECUTE|[84]
11:52:44.0 (21319203)|SYSTEM_MODE_EXIT|false
11:52:44.0 (21362474)|SYSTEM_MODE_ENTER|true
11:52:44.0 (21381563)|HEAP_ALLOCATE|[EXTERNAL]|Bytes:8
11:52:44.0 (21386654)|HEAP_ALLOCATE|[EXTERNAL]|Bytes:44
11:52:44.0 (21395343)|VARIABLE_ASSIGNMENT|[EXTERNAL]|this.iTypeOfScreen|54|0x55c830eb
11:52:44.0 (21545026)|SYSTEM_MODE_ENTER|true
11:52:44.0 (24138969)|HEAP_ALLOCATE|[EXTERNAL]|Bytes:76
11:52:44.0 (24150494)|VARIABLE_SCOPE_BEGIN|[191]|this|saDailyReportCtrl|true|false
11:52:44.0 (24315513)|VARIABLE_ASSIGNMENT|[191]|this|{"BusinessLocationName":"","currentInquiryReply":"0x7ab5c1fa","currentInquiryReplyDetail":"0x6e6ef92f","dailyReportId":"a0IN0000006RUlWMAW","dCurrentDay":"2018-06-30T00:00:00Z","dCurrentMonth":"2018-07-01T00:00:00Z","iCurrentDay":0,"idBusinessLocation":"","isIPhone":false,"isPreview":true,"lsBusinessLocation":"0x275f7419","messageError":"正しいデーターを入れてください。","messageQuestion":"","mpQuestions":"0x7cfeb797","myUser":"0x281003e3"}|0x58906d48
11:52:44.0 (24340111)|SYSTEM_MODE_ENTER|false
11:52:44.0 (24347734)|HEAP_ALLOCATE|[193]|Bytes:5
11:52:44.0 (24353982)|STATEMENT_EXECUTE|[191]
11:52:44.0 (24355985)|STATEMENT_EXECUTE|[193]
11:52:44.0 (24531790)|VARIABLE_ASSIGNMENT|[EXTERNAL]|this|{"BusinessLocationName":"","currentInquiryReply":"0x7ab5c1fa","currentInquiryReplyDetail":"0x6e6ef92f","dailyReportId":"a0IN0000006RUlWMAW","dCurrentDay":"2018-06-30T00:00:00Z","dCurrentMonth":"2018-07-01T00:00:00Z","iCurrentDay":0,"idBusinessLocation":"","isIPhone":false,"isPreview":true,"lsBusinessLocation":"0x275f7419","messageError":"正しいデーターを入れてください。","messageQuestion":"","mpQuestions":"0x7cfeb797","myUser":"0x281003e3"}|0x58906d48
11:52:44.0 (24550820)|VARIABLE_ASSIGNMENT|[EXTERNAL]|value|""
11:52:44.0 (24563157)|VARIABLE_ASSIGNMENT|[6]|this.messageError|""|0x58906d48
11:52:44.0 (24575430)|STATEMENT_EXECUTE|[194]
11:52:44.0 (24730047)|VARIABLE_ASSIGNMENT|[EXTERNAL]|this|{"BusinessLocationName":"","currentInquiryReply":"0x7ab5c1fa","currentInquiryReplyDetail":"0x6e6ef92f","dailyReportId":"a0IN0000006RUlWMAW","dCurrentDay":"2018-06-30T00:00:00Z","dCurrentMonth":"2018-07-01T00:00:00Z","iCurrentDay":0,"idBusinessLocation":"","isIPhone":false,"isPreview":true,"lsBusinessLocation":"0x275f7419","messageError":"","messageQuestion":"","mpQuestions":"0x7cfeb797","myUser":"0x281003e3"}|0x58906d48
11:52:44.0 (24745421)|VARIABLE_ASSIGNMENT|[EXTERNAL]|value|""
11:52:44.0 (24755468)|VARIABLE_ASSIGNMENT|[7]|this.messageQuestion|""|0x58906d48
11:52:44.0 (24766384)|STATEMENT_EXECUTE|[196]
11:52:44.0 (24768792)|STATEMENT_EXECUTE|[196]
11:52:44.0 (24771030)|STATEMENT_EXECUTE|[198]
11:52:44.0 (24975928)|VARIABLE_ASSIGNMENT|[EXTERNAL]|this|{"BusinessLocationName":"","currentInquiryReply":"0x7ab5c1fa","currentInquiryReplyDetail":"0x6e6ef92f","dailyReportId":"a0IN0000006RUlWMAW","dCurrentDay":"2018-06-30T00:00:00Z","dCurrentMonth":"2018-07-01T00:00:00Z","iCurrentDay":0,"idBusinessLocation":"","isIPhone":false,"isPreview":true,"lsBusinessLocation":"0x275f7419","messageError":"","messageQuestion":"","mpQuestions":"0x7cfeb797","myUser":"0x281003e3"}|0x58906d48
11:52:44.0 (25035441)|HEAP_ALLOCATE|[198]|Bytes:4
11:52:44.0 (25076999)|VARIABLE_ASSIGNMENT|[198]|this.dCurrentDay|"2018-06-30T00:00:00.000Z"|0x58906d48
11:52:44.0 (25084211)|STATEMENT_EXECUTE|[200]
11:52:44.0 (25098635)|HEAP_ALLOCATE|[200]|Bytes:4
11:52:44.0 (25319072)|VARIABLE_ASSIGNMENT|[EXTERNAL]|this|{"BusinessLocationName":"","currentInquiryReply":"0x7ab5c1fa","currentInquiryReplyDetail":"0x6e6ef92f","dailyReportId":"a0IN0000006RUlWMAW","dCurrentDay":"2018-06-30T00:00:00Z","dCurrentMonth":"2018-07-01T00:00:00Z","iCurrentDay":0,"idBusinessLocation":"","isIPhone":false,"isPreview":true,"lsBusinessLocation":"0x275f7419","messageError":"","messageQuestion":"","mpQuestions":"0x7cfeb797","myUser":"0x281003e3"}|0x58906d48
11:52:44.0 (25338155)|HEAP_ALLOCATE|[EXTERNAL]|Bytes:4
11:52:44.0 (25350194)|VARIABLE_ASSIGNMENT|[EXTERNAL]|value|[]|0x4d89374a
11:52:44.0 (25362218)|VARIABLE_ASSIGNMENT|[22]|this.currentInquiryReplyDetail|[]|0x58906d48
11:52:44.0 (25372073)|STATEMENT_EXECUTE|[201]
11:52:44.0 (25387963)|HEAP_ALLOCATE|[201]|Bytes:4
11:52:44.0 (25576350)|VARIABLE_ASSIGNMENT|[EXTERNAL]|this|{"BusinessLocationName":"","currentInquiryReply":"0x7ab5c1fa","currentInquiryReplyDetail":"0x4d89374a","dailyReportId":"a0IN0000006RUlWMAW","dCurrentDay":"2018-06-30T00:00:00Z","dCurrentMonth":"2018-07-01T00:00:00Z","iCurrentDay":0,"idBusinessLocation":"","isIPhone":false,"isPreview":true,"lsBusinessLocation":"0x275f7419","messageError":"","messageQuestion":"","mpQuestions":"0x7cfeb797","myUser":"0x281003e3"}|0x58906d48
11:52:44.0 (25596769)|VARIABLE_ASSIGNMENT|[EXTERNAL]|value|{}|0x1e628ff4
11:52:44.0 (25610209)|VARIABLE_ASSIGNMENT|[24]|this.mpQuestions|{}|0x58906d48
11:52:44.0 (25620893)|STATEMENT_EXECUTE|[203]
11:52:44.0 (25766122)|VARIABLE_ASSIGNMENT|[EXTERNAL]|this|{"BusinessLocationName":"","currentInquiryReply":"0x7ab5c1fa","currentInquiryReplyDetail":"0x4d89374a","dailyReportId":"a0IN0000006RUlWMAW","dCurrentDay":"2018-06-30T00:00:00Z","dCurrentMonth":"2018-07-01T00:00:00Z","iCurrentDay":0,"idBusinessLocation":"","isIPhone":false,"isPreview":true,"lsBusinessLocation":"0x275f7419","messageError":"","messageQuestion":"","mpQuestions":"0x1e628ff4","myUser":"0x281003e3"}|0x58906d48
11:52:44.0 (25784501)|VARIABLE_ASSIGNMENT|[EXTERNAL]|value|""
11:52:44.0 (25798661)|VARIABLE_ASSIGNMENT|[23]|this.BusinessLocationName|""|0x58906d48
11:52:44.0 (25811075)|HEAP_ALLOCATE|[204]|Bytes:81
11:52:44.0 (25830205)|HEAP_ALLOCATE|[204]|Bytes:4
11:52:44.0 (25840909)|HEAP_ALLOCATE|[204]|Bytes:7
11:52:44.0 (25988793)|VARIABLE_ASSIGNMENT|[EXTERNAL]|this|{"BusinessLocationName":"","currentInquiryReply":"0x7ab5c1fa","currentInquiryReplyDetail":"0x4d89374a","dailyReportId":"a0IN0000006RUlWMAW","dCurrentDay":"2018-06-30T00:00:00Z","dCurrentMonth":"2018-07-01T00:00:00Z","iCurrentDay":0,"idBusinessLocation":"","isIPhone":false,"isPreview":true,"lsBusinessLocation":"0x275f7419","messageError":"","messageQuestion":"","mpQuestions":"0x1e628ff4","myUser":"0x281003e3"}|0x58906d48
11:52:44.0 (26374836)|SOQL_EXECUTE_BEGIN|[204]|Aggregations:0|SELECT Id, BusinessLocationName__c FROM saBusinessLocation__c 
11:52:44.0 (27884793)|SOQL_EXECUTE_END|[204]|Rows:0
11:52:44.0 (28057415)|HEAP_ALLOCATE|[204]|Bytes:54
11:52:44.0 (28067424)|HEAP_ALLOCATE|[204]|Bytes:8
11:52:44.0 (28097086)|SYSTEM_METHOD_ENTRY|[7]|QueryLocatorIterator.QueryLocatorIterator()
11:52:44.0 (28103238)|STATEMENT_EXECUTE|[7]
11:52:44.0 (28110016)|SYSTEM_METHOD_EXIT|[7]|QueryLocatorIterator
11:52:44.0 (28119087)|HEAP_ALLOCATE|[204]|Bytes:28
11:52:44.0 (28136427)|HEAP_ALLOCATE|[204]|Bytes:8
11:52:44.0 (28140711)|HEAP_ALLOCATE|[204]|Bytes:8
11:52:44.0 (28147333)|VARIABLE_SCOPE_BEGIN|[15]|this|Database.QueryLocatorIterator|true|false
11:52:44.0 (28184013)|VARIABLE_ASSIGNMENT|[15]|this|{}|0x86c4c50
11:52:44.0 (28190969)|VARIABLE_SCOPE_BEGIN|[15]|values|List<SObject>|true|false
11:52:44.0 (28199388)|VARIABLE_ASSIGNMENT|[15]|values|null|
11:52:44.0 (28204247)|VARIABLE_SCOPE_BEGIN|[15]|ql|Database.QueryLocator|true|false
11:52:44.0 (28227265)|VARIABLE_ASSIGNMENT|[15]|ql|{"query":"SELECT Id, BusinessL (61 more) ..."}|0x6bd9051a
11:52:44.0 (28233656)|VARIABLE_SCOPE_BEGIN|[15]|totalNumRecords|Integer|false|false
11:52:44.0 (28242033)|VARIABLE_ASSIGNMENT|[15]|totalNumRecords|0
11:52:44.0 (28246119)|VARIABLE_SCOPE_BEGIN|[15]|queryMoreSize|Integer|false|false
11:52:44.0 (28253748)|VARIABLE_ASSIGNMENT|[15]|queryMoreSize|50000
11:52:44.0 (28336069)|HEAP_ALLOCATE|[204]|Bytes:28
11:52:44.0 (28356708)|METHOD_ENTRY|[204]||Database.QueryLocatorIterator.hasNext()
11:52:44.0 (28377731)|METHOD_EXIT|[204]||Database.QueryLocatorIterator.hasNext()
11:52:44.0 (28413006)|VARIABLE_ASSIGNMENT|[204]|bl|null|
11:52:44.0 (28420484)|STATEMENT_EXECUTE|[204]
11:52:44.0 (28438954)|STATEMENT_EXECUTE|[211]
11:52:44.0 (28442495)|HEAP_ALLOCATE|[211]|Bytes:195
11:52:44.0 (28457381)|HEAP_ALLOCATE|[211]|Bytes:4
11:52:44.0 (28482120)|HEAP_ALLOCATE|[211]|Bytes:7
11:52:44.0 (28517048)|HEAP_ALLOCATE|[215]|Bytes:89
11:52:44.0 (28526649)|SYSTEM_METHOD_ENTRY|[1]|UserInfo.UserInfo()
11:52:44.0 (28530769)|STATEMENT_EXECUTE|[1]
11:52:44.0 (28535674)|SYSTEM_METHOD_EXIT|[1]|UserInfo
11:52:44.0 (28546889)|METHOD_ENTRY|[215]||System.UserInfo.getUserId()
11:52:44.0 (28584353)|METHOD_EXIT|[215]||System.UserInfo.getUserId()
11:52:44.0 (29116706)|SOQL_EXECUTE_BEGIN|[211]|Aggregations:0|SELECT Id, saBusinessLocation__c, Status__c, saInquiry__c, Comment__c FROM saInquiryReply__c WHERE (saInquiry__r.Type__c = 'DAILY_REPORT' AND DailyReportDate__c = :tmpVar1 AND User__c = :tmpVar2)
11:52:44.0 (34444482)|SOQL_EXECUTE_END|[211]|Rows:0
11:52:44.0 (34468836)|HEAP_ALLOCATE|[211]|Bytes:4
11:52:44.0 (34483270)|HEAP_ALLOCATE|[211]|Bytes:0
11:52:44.0 (34544006)|HEAP_ALLOCATE|[211]|Bytes:4
11:52:44.0 (34556874)|VARIABLE_SCOPE_BEGIN|[211]|lsInqRep|List<saInquiryReply__c>|true|false
11:52:44.0 (34572791)|VARIABLE_ASSIGNMENT|[211]|lsInqRep|[]|0x7e8d6742
11:52:44.0 (34629246)|STATEMENT_EXECUTE|[217]
11:52:44.0 (34631925)|STATEMENT_EXECUTE|[219]
11:52:44.0 (34636265)|HEAP_ALLOCATE|[219]|Bytes:207
11:52:44.0 (34653010)|HEAP_ALLOCATE|[219]|Bytes:4
11:52:44.0 (34859961)|VARIABLE_ASSIGNMENT|[EXTERNAL]|this|{"BusinessLocationName":"","currentInquiryReply":"0x7ab5c1fa","currentInquiryReplyDetail":"0x4d89374a","dailyReportId":"a0IN0000006RUlWMAW","dCurrentDay":"2018-06-30T00:00:00Z","dCurrentMonth":"2018-07-01T00:00:00Z","iCurrentDay":0,"idBusinessLocation":"","isIPhone":false,"isPreview":true,"lsBusinessLocation":"0x275f7419","messageError":"","messageQuestion":"","mpQuestions":"0x1e628ff4","myUser":"0x281003e3"}|0x58906d48
11:52:44.0 (34890046)|HEAP_ALLOCATE|[219]|Bytes:7
11:52:44.0 (34900428)|METHOD_ENTRY|[224]||System.UserInfo.getUserId()
11:52:44.0 (34923716)|METHOD_EXIT|[224]||System.UserInfo.getUserId()
11:52:44.0 (35241337)|SOQL_EXECUTE_BEGIN|[219]|Aggregations:0|SELECT Id, saBusinessLocation__c, Status__c FROM saInquiryReply__c WHERE (saInquiry__r.Type__c = 'DAILY_REPORT' AND DailyReportDate__c = :tmpVar1 AND saBusinessLocation__c = :tmpVar2 AND User__c != :tmpVar3)
11:52:44.0 (37874086)|SOQL_EXECUTE_END|[219]|Rows:0
11:52:44.0 (37895709)|HEAP_ALLOCATE|[219]|Bytes:4
11:52:44.0 (37909366)|HEAP_ALLOCATE|[219]|Bytes:0
11:52:44.0 (37934033)|HEAP_ALLOCATE|[219]|Bytes:4
11:52:44.0 (37944305)|VARIABLE_SCOPE_BEGIN|[219]|lsInqOtherPeople|List<saInquiryReply__c>|true|false
11:52:44.0 (37960842)|VARIABLE_ASSIGNMENT|[219]|lsInqOtherPeople|[]|0x6c454b38
11:52:44.0 (37994774)|STATEMENT_EXECUTE|[226]
11:52:44.0 (37997416)|STATEMENT_EXECUTE|[232]
11:52:44.0 (38000219)|VARIABLE_SCOPE_BEGIN|[232]|lsTemplate|List<saInquiryReply__c>|true|false
11:52:44.0 (38011706)|VARIABLE_ASSIGNMENT|[232]|lsTemplate|null|
11:52:44.0 (38193620)|VARIABLE_ASSIGNMENT|[EXTERNAL]|this|{"BusinessLocationName":"","currentInquiryReply":"0x7ab5c1fa","currentInquiryReplyDetail":"0x4d89374a","dailyReportId":"a0IN0000006RUlWMAW","dCurrentDay":"2018-06-30T00:00:00Z","dCurrentMonth":"2018-07-01T00:00:00Z","iCurrentDay":0,"idBusinessLocation":"","isIPhone":false,"isPreview":true,"lsBusinessLocation":"0x275f7419","messageError":"","messageQuestion":"","mpQuestions":"0x1e628ff4","myUser":"0x281003e3"}|0x58906d48
11:52:44.0 (38215650)|STATEMENT_EXECUTE|[244]
11:52:44.0 (38217820)|STATEMENT_EXECUTE|[245]
11:52:44.0 (38221934)|HEAP_ALLOCATE|[245]|Bytes:393
11:52:44.0 (38237329)|HEAP_ALLOCATE|[245]|Bytes:4
11:52:44.0 (38270292)|METHOD_ENTRY|[251]||System.UserInfo.getUserId()
11:52:44.0 (38292379)|METHOD_EXIT|[251]||System.UserInfo.getUserId()
11:52:44.0 (38743175)|SOQL_EXECUTE_BEGIN|[245]|Aggregations:0|SELECT Id, saBusinessLocation__c, Status__c, saInquiry__c, Comment__c FROM saInquiryReply__c WHERE (saInquiry__r.Type__c = 'DAILY_REPORT' AND (saInquiry__r.ValidFrom__c = NULL OR saInquiry__r.ValidFrom__c <= :tmpVar1) AND (saInquiry__r.ValidTo__c = NULL OR saInquiry__r.ValidTo__c >= :tmpVar2) AND DailyReportDate__c = NULL AND User__c = :tmpVar3) ORDER BY CreatedDate DESC NULLS FIRST LIMIT 1
11:52:44.0 (43006983)|SOQL_EXECUTE_END|[245]|Rows:1
11:52:44.0 (43027637)|HEAP_ALLOCATE|[245]|Bytes:8
11:52:44.0 (43040920)|HEAP_ALLOCATE|[245]|Bytes:89
11:52:44.0 (43066460)|HEAP_ALLOCATE|[245]|Bytes:8
11:52:44.0 (43096102)|VARIABLE_ASSIGNMENT|[245]|lsTemplate|[{"Id":"a0KN0000007Kg4nMAC","Status__c":"WAITING_REPLY","saInquiry__c":"a0IN0000006RUllMAG"}]|0x4ecaec62
11:52:44.0 (43107002)|STATEMENT_EXECUTE|[256]
11:52:44.0 (43112227)|HEAP_ALLOCATE|[256]|Bytes:11
11:52:44.0 (43211371)|HEAP_ALLOCATE|[256]|Bytes:101
11:52:44.0 (43238592)|HEAP_ALLOCATE|[256]|Bytes:112
11:52:44.0 (43258178)|USER_DEBUG|[256]|DEBUG|Template : (saInquiryReply__c:{Id=a0KN0000007Kg4nMAC, Status__c=WAITING_REPLY, saInquiry__c=a0IN0000006RUllMAG})
11:52:44.0 (43289733)|STATEMENT_EXECUTE|[257]
11:52:44.0 (43292223)|STATEMENT_EXECUTE|[263]
11:52:44.0 (43306924)|HEAP_ALLOCATE|[263]|Bytes:16
11:52:44.0 (43341262)|VARIABLE_SCOPE_BEGIN|[263]|idInquiry|Id|false|false
11:52:44.0 (43412462)|VARIABLE_ASSIGNMENT|[263]|idInquiry|"a0IN0000006RUllMAG"
11:52:44.0 (43420515)|STATEMENT_EXECUTE|[264]
11:52:44.0 (43440143)|HEAP_ALLOCATE|[264]|Bytes:4
11:52:44.0 (43712987)|VARIABLE_ASSIGNMENT|[EXTERNAL]|this|{"BusinessLocationName":"","currentInquiryReply":"0x7ab5c1fa","currentInquiryReplyDetail":"0x4d89374a","dailyReportId":"a0IN0000006RUlWMAW","dCurrentDay":"2018-06-30T00:00:00Z","dCurrentMonth":"2018-07-01T00:00:00Z","iCurrentDay":0,"idBusinessLocation":"","isIPhone":false,"isPreview":true,"lsBusinessLocation":"0x275f7419","messageError":"","messageQuestion":"","mpQuestions":"0x1e628ff4","myUser":"0x281003e3"}|0x58906d48
11:52:44.0 (43736009)|VARIABLE_ASSIGNMENT|[EXTERNAL]|value|{}|0x45e32032
11:52:44.0 (43751242)|VARIABLE_ASSIGNMENT|[21]|this.currentInquiryReply|{}|0x58906d48
11:52:44.0 (43762650)|STATEMENT_EXECUTE|[265]
11:52:44.0 (43920186)|VARIABLE_ASSIGNMENT|[EXTERNAL]|this|{"BusinessLocationName":"","currentInquiryReply":"0x45e32032","currentInquiryReplyDetail":"0x4d89374a","dailyReportId":"a0IN0000006RUlWMAW","dCurrentDay":"2018-06-30T00:00:00Z","dCurrentMonth":"2018-07-01T00:00:00Z","iCurrentDay":0,"idBusinessLocation":"","isIPhone":false,"isPreview":true,"lsBusinessLocation":"0x275f7419","messageError":"","messageQuestion":"","mpQuestions":"0x1e628ff4","myUser":"0x281003e3"}|0x58906d48
11:52:44.0 (44006492)|VARIABLE_ASSIGNMENT|[265]|this.saInquiry__c|"a0IN0000006RUllMAG"|0x45e32032
11:52:44.0 (44163481)|VARIABLE_ASSIGNMENT|[EXTERNAL]|this|{"BusinessLocationName":"","currentInquiryReply":"0x45e32032","currentInquiryReplyDetail":"0x4d89374a","dailyReportId":"a0IN0000006RUlWMAW","dCurrentDay":"2018-06-30T00:00:00Z","dCurrentMonth":"2018-07-01T00:00:00Z","iCurrentDay":0,"idBusinessLocation":"","isIPhone":false,"isPreview":true,"lsBusinessLocation":"0x275f7419","messageError":"","messageQuestion":"","mpQuestions":"0x1e628ff4","myUser":"0x281003e3"}|0x58906d48
11:52:44.0 (44187141)|STATEMENT_EXECUTE|[269]
11:52:44.0 (44189631)|STATEMENT_EXECUTE|[272]
11:52:44.0 (44196124)|METHOD_ENTRY|[272]||System.UserInfo.getUserId()
11:52:44.0 (44218482)|METHOD_EXIT|[272]||System.UserInfo.getUserId()
11:52:44.0 (44235358)|HEAP_ALLOCATE|[272]|Bytes:4
11:52:44.0 (44378412)|VARIABLE_ASSIGNMENT|[EXTERNAL]|this|{"BusinessLocationName":"","currentInquiryReply":"0x45e32032","currentInquiryReplyDetail":"0x4d89374a","dailyReportId":"a0IN0000006RUlWMAW","dCurrentDay":"2018-06-30T00:00:00Z","dCurrentMonth":"2018-07-01T00:00:00Z","iCurrentDay":0,"idBusinessLocation":"","isIPhone":false,"isPreview":true,"lsBusinessLocation":"0x275f7419","messageError":"","messageQuestion":"","mpQuestions":"0x1e628ff4","myUser":"0x281003e3"}|0x58906d48
11:52:44.0 (44439708)|VARIABLE_ASSIGNMENT|[272]|this.User__c|"005N00000057PfOIAU"|0x45e32032
11:52:44.0 (44449054)|STATEMENT_EXECUTE|[273]
11:52:44.0 (44599126)|VARIABLE_ASSIGNMENT|[EXTERNAL]|this|{"BusinessLocationName":"","currentInquiryReply":"0x45e32032","currentInquiryReplyDetail":"0x4d89374a","dailyReportId":"a0IN0000006RUlWMAW","dCurrentDay":"2018-06-30T00:00:00Z","dCurrentMonth":"2018-07-01T00:00:00Z","iCurrentDay":0,"idBusinessLocation":"","isIPhone":false,"isPreview":true,"lsBusinessLocation":"0x275f7419","messageError":"","messageQuestion":"","mpQuestions":"0x1e628ff4","myUser":"0x281003e3"}|0x58906d48
11:52:44.0 (44664069)|VARIABLE_ASSIGNMENT|[273]|this.DailyReportDate__c|"2018-06-30T00:00:00.000Z"|0x45e32032
11:52:44.0 (44674641)|STATEMENT_EXECUTE|[274]
11:52:44.0 (44679442)|HEAP_ALLOCATE|[274]|Bytes:13
11:52:44.0 (44836983)|VARIABLE_ASSIGNMENT|[EXTERNAL]|this|{"BusinessLocationName":"","currentInquiryReply":"0x45e32032","currentInquiryReplyDetail":"0x4d89374a","dailyReportId":"a0IN0000006RUlWMAW","dCurrentDay":"2018-06-30T00:00:00Z","dCurrentMonth":"2018-07-01T00:00:00Z","iCurrentDay":0,"idBusinessLocation":"","isIPhone":false,"isPreview":true,"lsBusinessLocation":"0x275f7419","messageError":"","messageQuestion":"","mpQuestions":"0x1e628ff4","myUser":"0x281003e3"}|0x58906d48
11:52:44.0 (44888890)|VARIABLE_ASSIGNMENT|[274]|this.Status__c|"WAITING_REPLY"|0x45e32032
11:52:44.0 (44900098)|STATEMENT_EXECUTE|[275]
11:52:44.0 (45045377)|VARIABLE_ASSIGNMENT|[EXTERNAL]|this|{"BusinessLocationName":"","currentInquiryReply":"0x45e32032","currentInquiryReplyDetail":"0x4d89374a","dailyReportId":"a0IN0000006RUlWMAW","dCurrentDay":"2018-06-30T00:00:00Z","dCurrentMonth":"2018-07-01T00:00:00Z","iCurrentDay":0,"idBusinessLocation":"","isIPhone":false,"isPreview":true,"lsBusinessLocation":"0x275f7419","messageError":"","messageQuestion":"","mpQuestions":"0x1e628ff4","myUser":"0x281003e3"}|0x58906d48
11:52:44.0 (45094626)|VARIABLE_ASSIGNMENT|[275]|this.Comment__c|""|0x45e32032
11:52:44.0 (45102410)|STATEMENT_EXECUTE|[277]
11:52:44.0 (45106248)|HEAP_ALLOCATE|[277]|Bytes:625
11:52:44.0 (45123238)|HEAP_ALLOCATE|[277]|Bytes:4
11:52:44.0 (45642324)|SOQL_EXECUTE_BEGIN|[277]|Aggregations:0|SELECT Id, QuestionLabel__c, AnswerType__c, NumberPossibleReplies__c, IsShortReply__c, SortNo__c, IsRequired__c, Reply01Label__c, Reply02Label__c, Reply03Label__c, Reply04Label__c, Reply05Label__c, Reply06Label__c, Reply07Label__c, Reply08Label__c, Reply09Label__c, Reply10Label__c, Reply11Label__c, Reply12Label__c, Reply13Label__c, Reply14Label__c, Reply15Label__c, Reply16Label__c, Reply17Label__c, Reply18Label__c, Reply19Label__c, Reply20Label__c, Reply21Label__c, Reply22Label__c, Reply23Label__c, Reply24Label__c, Reply25Label__c FROM saInquiryDetail__c WHERE saInquiry__c = :tmpVar1 ORDER BY SortNo__c ASC NULLS FIRST
11:52:44.0 (55910265)|SOQL_EXECUTE_END|[277]|Rows:1
11:52:44.0 (55934864)|HEAP_ALLOCATE|[277]|Bytes:8
11:52:44.0 (55959120)|HEAP_ALLOCATE|[277]|Bytes:282
11:52:44.0 (56000984)|HEAP_ALLOCATE|[277]|Bytes:8
11:52:44.0 (56015973)|VARIABLE_SCOPE_BEGIN|[277]|lsTmpQuest|List<saInquiryDetail__c>|true|false
11:52:44.0 (56057460)|VARIABLE_ASSIGNMENT|[277]|lsTmpQuest|[{"Id":"a0JN0000008h2r2MAA","QuestionLabel__c":"Works?","AnswerType__c":"CHECKBOX","NumberPossibleReplies__c":2,"IsShortReply__c":true,"SortNo__c":0,"IsRequired__c":false,"Reply01Label__c":"Yes!","Reply02Label__c":"No!"}]|0x7b09c1b5
11:52:44.0 (56218794)|HEAP_ALLOCATE|[287]|Bytes:5
11:52:44.0 (56238684)|HEAP_ALLOCATE|[287]|Bytes:40
11:52:44.0 (56248654)|VARIABLE_SCOPE_BEGIN|[287]|quest|saInquiryDetail__c|true|false
11:52:44.0 (56277314)|VARIABLE_ASSIGNMENT|[287]|quest|{"Id":"a0JN0000008h2r2MAA","QuestionLabel__c":"Works?","AnswerType__c":"CHECKBOX","NumberPossibleReplies__c":2,"IsShortReply__c":true,"SortNo__c":0,"IsRequired__c":false,"Reply01Label__c":"Yes!","Reply02Label__c":"No!"}|0x9fbbd69
11:52:44.0 (56286659)|STATEMENT_EXECUTE|[287]
11:52:44.0 (56288745)|STATEMENT_EXECUTE|[288]
11:52:44.0 (56314198)|HEAP_ALLOCATE|[288]|Bytes:4
11:52:44.0 (56390207)|VARIABLE_SCOPE_BEGIN|[288]|questReply|saInquiryReplyDetail__c|true|false
11:52:44.0 (56405473)|VARIABLE_ASSIGNMENT|[288]|questReply|{}|0x3c4ad18a
11:52:44.0 (56412063)|STATEMENT_EXECUTE|[289]
11:52:44.0 (56504629)|VARIABLE_ASSIGNMENT|[289]|this.saInquiryDetail__c|"a0JN0000008h2r2MAA"|0x3c4ad18a
11:52:44.0 (56513031)|STATEMENT_EXECUTE|[290]
11:52:44.0 (56721761)|VARIABLE_ASSIGNMENT|[EXTERNAL]|this|{"BusinessLocationName":"","currentInquiryReply":"0x45e32032","currentInquiryReplyDetail":"0x4d89374a","dailyReportId":"a0IN0000006RUlWMAW","dCurrentDay":"2018-06-30T00:00:00Z","dCurrentMonth":"2018-07-01T00:00:00Z","iCurrentDay":0,"idBusinessLocation":"","isIPhone":false,"isPreview":true,"lsBusinessLocation":"0x275f7419","messageError":"","messageQuestion":"","mpQuestions":"0x1e628ff4","myUser":"0x281003e3"}|0x58906d48
11:52:44.0 (56756435)|HEAP_ALLOCATE|[EXTERNAL]|Bytes:4
11:52:44.0 (56767023)|STATEMENT_EXECUTE|[291]
11:52:44.0 (56930988)|VARIABLE_ASSIGNMENT|[EXTERNAL]|this|{"BusinessLocationName":"","currentInquiryReply":"0x45e32032","currentInquiryReplyDetail":"0x4d89374a","dailyReportId":"a0IN0000006RUlWMAW","dCurrentDay":"2018-06-30T00:00:00Z","dCurrentMonth":"2018-07-01T00:00:00Z","iCurrentDay":0,"idBusinessLocation":"","isIPhone":false,"isPreview":true,"lsBusinessLocation":"0x275f7419","messageError":"","messageQuestion":"","mpQuestions":"0x1e628ff4","myUser":"0x281003e3"}|0x58906d48
11:52:44.0 (56967347)|HEAP_ALLOCATE|[EXTERNAL]|Bytes:-4
11:52:44.0 (56986301)|HEAP_ALLOCATE|[287]|Bytes:5
11:52:44.0 (57003539)|VARIABLE_ASSIGNMENT|[287]|quest|null|
11:52:44.0 (57016817)|SYSTEM_MODE_EXIT|false
11:52:44.0 (75719417)|SYSTEM_MODE_ENTER|true
11:52:44.0 (75753157)|HEAP_ALLOCATE|[EXTERNAL]|Bytes:44
11:52:44.0 (75772312)|VARIABLE_ASSIGNMENT|[EXTERNAL]|this.iCountComments|null|0x55c830eb
11:52:44.0 (75829645)|SYSTEM_MODE_ENTER|true
11:52:44.0 (75844218)|HEAP_ALLOCATE|[EXTERNAL]|Bytes:44
11:52:44.0 (75853045)|VARIABLE_ASSIGNMENT|[EXTERNAL]|this.iCountLikes|null|0x55c830eb
11:52:44.0 (75923917)|SYSTEM_MODE_ENTER|true
11:52:44.0 (75975820)|HEAP_ALLOCATE|[EXTERNAL]|Bytes:76
11:52:44.0 (75985585)|VARIABLE_SCOPE_BEGIN|[84]|this|saDailyReportCtrl|true|false
11:52:44.0 (76242550)|VARIABLE_ASSIGNMENT|[84]|this|{"BusinessLocationName":"","currentInquiryReply":"0x45e32032","currentInquiryReplyDetail":"0x4d89374a","dailyReportId":"a0IN0000006RUlWMAW","dCurrentDay":"2018-06-30T00:00:00Z","dCurrentMonth":"2018-07-01T00:00:00Z","iCurrentDay":0,"idBusinessLocation":"","isIPhone":false,"isPreview":true,"lsBusinessLocation":"0x275f7419","messageError":"","messageQuestion":"","mpQuestions":"0x1e628ff4","myUser":"0x281003e3"}|0x58906d48
11:52:44.0 (76266817)|SYSTEM_MODE_ENTER|false
11:52:44.0 (76275908)|HEAP_ALLOCATE|[84]|Bytes:5
11:52:44.0 (76282315)|STATEMENT_EXECUTE|[84]
11:52:44.0 (76284742)|STATEMENT_EXECUTE|[84]
11:52:44.0 (76290948)|SYSTEM_MODE_EXIT|false
11:52:44.0 (76341772)|SYSTEM_MODE_ENTER|true
11:52:44.0 (76358721)|HEAP_ALLOCATE|[EXTERNAL]|Bytes:8
11:52:44.0 (76363955)|HEAP_ALLOCATE|[EXTERNAL]|Bytes:44
11:52:44.0 (76373524)|VARIABLE_ASSIGNMENT|[EXTERNAL]|this.iTypeOfScreen|54|0x55c830eb
11:52:44.0 (76448335)|SYSTEM_MODE_ENTER|true
11:52:44.0 (76482652)|HEAP_ALLOCATE|[EXTERNAL]|Bytes:44
11:52:44.0 (76489229)|VARIABLE_SCOPE_BEGIN|[88]|this|auMainTopCompCtrl|true|false
11:52:44.0 (76533466)|VARIABLE_ASSIGNMENT|[88]|this|{"currentUser":"0x2afc6083","isSAUser":false,"iTypeOfScreen":54,"urlReportsSFA":"https://cs6.lightnin (84 more) ..."}|0x55c830eb
11:52:44.0 (76544235)|STATEMENT_EXECUTE|[88]
11:52:44.0 (76546503)|STATEMENT_EXECUTE|[89]
11:52:44.0 (76582705)|VARIABLE_ASSIGNMENT|[EXTERNAL]|this|{"currentUser":"0x2afc6083","isSAUser":false,"iTypeOfScreen":54,"urlReportsSFA":"https://cs6.lightnin (84 more) ..."}|0x55c830eb
11:52:44.0 (76627434)|VARIABLE_ASSIGNMENT|[EXTERNAL]|this|{"currentUser":"0x2afc6083","isSAUser":false,"iTypeOfScreen":54,"urlReportsSFA":"https://cs6.lightnin (84 more) ..."}|0x55c830eb
11:52:44.0 (76664091)|VARIABLE_ASSIGNMENT|[EXTERNAL]|this|{"currentUser":"0x2afc6083","isSAUser":false,"iTypeOfScreen":54,"urlReportsSFA":"https://cs6.lightnin (84 more) ..."}|0x55c830eb
11:52:44.0 (76700423)|VARIABLE_ASSIGNMENT|[EXTERNAL]|this|{"currentUser":"0x2afc6083","isSAUser":false,"iTypeOfScreen":54,"urlReportsSFA":"https://cs6.lightnin (84 more) ..."}|0x55c830eb
11:52:44.0 (76715881)|HEAP_ALLOCATE|[89]|Bytes:5
11:52:44.0 (76787518)|SYSTEM_MODE_ENTER|true
11:52:44.0 (76823964)|HEAP_ALLOCATE|[EXTERNAL]|Bytes:44
11:52:44.0 (76832352)|VARIABLE_SCOPE_BEGIN|[106]|this|auMainTopCompCtrl|true|false
11:52:44.0 (76865818)|VARIABLE_ASSIGNMENT|[106]|this|{"currentUser":"0x2afc6083","isSAUser":false,"iTypeOfScreen":54,"urlReportsSFA":"https://cs6.lightnin (84 more) ..."}|0x55c830eb
11:52:44.0 (76876464)|STATEMENT_EXECUTE|[106]
11:52:44.0 (76878439)|STATEMENT_EXECUTE|[107]
11:52:44.0 (76910044)|VARIABLE_ASSIGNMENT|[EXTERNAL]|this|{"currentUser":"0x2afc6083","isSAUser":false,"iTypeOfScreen":54,"urlReportsSFA":"https://cs6.lightnin (84 more) ..."}|0x55c830eb
11:52:44.0 (76925093)|HEAP_ALLOCATE|[107]|Bytes:5
11:52:44.0 (76979475)|SYSTEM_MODE_ENTER|true
11:52:44.0 (77009991)|HEAP_ALLOCATE|[EXTERNAL]|Bytes:44
11:52:44.0 (77017085)|VARIABLE_SCOPE_BEGIN|[110]|this|auMainTopCompCtrl|true|false
11:52:44.0 (77048595)|VARIABLE_ASSIGNMENT|[110]|this|{"currentUser":"0x2afc6083","isSAUser":false,"iTypeOfScreen":54,"urlReportsSFA":"https://cs6.lightnin (84 more) ..."}|0x55c830eb
11:52:44.0 (77061163)|STATEMENT_EXECUTE|[110]
11:52:44.0 (77063017)|STATEMENT_EXECUTE|[111]
11:52:44.0 (77090903)|VARIABLE_ASSIGNMENT|[EXTERNAL]|this|{"currentUser":"0x2afc6083","isSAUser":false,"iTypeOfScreen":54,"urlReportsSFA":"https://cs6.lightnin (84 more) ..."}|0x55c830eb
11:52:44.0 (77105405)|HEAP_ALLOCATE|[111]|Bytes:5
11:52:44.0 (77155319)|SYSTEM_MODE_ENTER|true
11:52:44.0 (77184712)|HEAP_ALLOCATE|[EXTERNAL]|Bytes:44
11:52:44.0 (77191211)|VARIABLE_SCOPE_BEGIN|[114]|this|auMainTopCompCtrl|true|false
11:52:44.0 (77223724)|VARIABLE_ASSIGNMENT|[114]|this|{"currentUser":"0x2afc6083","isSAUser":false,"iTypeOfScreen":54,"urlReportsSFA":"https://cs6.lightnin (84 more) ..."}|0x55c830eb
11:52:44.0 (77234933)|STATEMENT_EXECUTE|[114]
11:52:44.0 (77236752)|STATEMENT_EXECUTE|[115]
11:52:44.0 (77263325)|VARIABLE_ASSIGNMENT|[EXTERNAL]|this|{"currentUser":"0x2afc6083","isSAUser":false,"iTypeOfScreen":54,"urlReportsSFA":"https://cs6.lightnin (84 more) ..."}|0x55c830eb
11:52:44.0 (77279692)|HEAP_ALLOCATE|[115]|Bytes:5
11:52:44.0 (77369071)|SYSTEM_MODE_ENTER|true
11:52:44.0 (77470828)|SYSTEM_MODE_ENTER|true
11:52:44.0 (77581355)|SYSTEM_MODE_ENTER|true
11:52:44.0 (77777170)|SYSTEM_MODE_ENTER|true
11:52:44.0 (80354694)|SYSTEM_MODE_ENTER|true
11:52:44.0 (80441988)|SYSTEM_MODE_ENTER|true
11:52:44.0 (81121450)|SYSTEM_MODE_ENTER|true
11:52:44.0 (81162706)|HEAP_ALLOCATE|[EXTERNAL]|Bytes:76
11:52:44.0 (81171481)|VARIABLE_SCOPE_BEGIN|[133]|this|saDailyReportCtrl|true|false
11:52:44.0 (81346073)|VARIABLE_ASSIGNMENT|[133]|this|{"BusinessLocationName":"","currentInquiryReply":"0x45e32032","currentInquiryReplyDetail":"0x4d89374a","dailyReportId":"a0IN0000006RUlWMAW","dCurrentDay":"2018-06-30T00:00:00Z","dCurrentMonth":"2018-07-01T00:00:00Z","iCurrentDay":0,"idBusinessLocation":"","isIPhone":false,"isPreview":true,"lsBusinessLocation":"0x275f7419","messageError":"","messageQuestion":"","mpQuestions":"0x1e628ff4","myUser":"0x281003e3"}|0x58906d48
11:52:44.0 (81367730)|SYSTEM_MODE_ENTER|false
11:52:44.0 (81375138)|HEAP_ALLOCATE|[134]|Bytes:5
11:52:44.0 (81381112)|STATEMENT_EXECUTE|[133]
11:52:44.0 (81383993)|STATEMENT_EXECUTE|[134]
11:52:44.0 (81447868)|HEAP_ALLOCATE|[134]|Bytes:4
11:52:44.0 (81460689)|HEAP_ALLOCATE|[134]|Bytes:1
11:52:44.0 (81481519)|HEAP_ALLOCATE|[134]|Bytes:1
11:52:44.0 (81489599)|HEAP_ALLOCATE|[134]|Bytes:1
11:52:44.0 (81516313)|HEAP_ALLOCATE|[134]|Bytes:2
11:52:44.0 (81532177)|HEAP_ALLOCATE|[134]|Bytes:9
11:52:44.0 (81538627)|HEAP_ALLOCATE|[134]|Bytes:10
11:52:44.0 (81545379)|SYSTEM_MODE_EXIT|false
11:52:44.0 (81728527)|SYSTEM_MODE_ENTER|true
11:52:44.0 (82182685)|SYSTEM_MODE_ENTER|true
11:52:44.0 (97575933)|VF_SERIALIZE_VIEWSTATE_BEGIN|066N0000000M4pW
11:52:44.0 (101294737)|VF_SERIALIZE_VIEWSTATE_END
11:52:44.104 (104803948)|CUMULATIVE_LIMIT_USAGE
11:52:44.104 (104803948)|LIMIT_USAGE_FOR_NS|(default)|
  Number of SOQL queries: 5 out of 100
  Number of query rows: 2 out of 50000
  Number of SOSL queries: 0 out of 20
  Number of DML statements: 0 out of 150
  Number of DML rows: 0 out of 10000
  Maximum CPU time: 0 out of 10000
  Maximum heap size: 0 out of 6000000
  Number of callouts: 0 out of 100
  Number of Email Invocations: 0 out of 10
  Number of future calls: 0 out of 50
  Number of queueable jobs added to the queue: 0 out of 50
  Number of Mobile Apex push calls: 0 out of 10

11:52:44.104 (104803948)|CUMULATIVE_LIMIT_USAGE_END

11:52:44.0 (104847325)|CODE_UNIT_FINISHED|VF: /apex/sadailyreport
11:52:44.0 (105564032)|EXECUTION_FINISHED
