42.0 APEX_CODE,FINEST;APEX_PROFILING,INFO;CALLOUT,INFO;DB,INFO;NBA,INFO;SYSTEM,DEBUG;VALIDATION,INFO;VISUALFORCE,INFO;WAVE,INFO;WORKFLOW,INFO
10:46:14.0 (76255)|USER_INFO|[EXTERNAL]|005N00000057PfO|thomas.remy+kddi_gwdev01@globalway.co.jp|Japan Standard Time|GMT+09:00
10:46:14.0 (117350)|EXECUTION_STARTED
10:46:14.0 (122401)|CODE_UNIT_STARTED|[EXTERNAL]|066N0000000M4pW|VF: /apex/sadailyreport
10:46:14.0 (282178)|VF_DESERIALIZE_VIEWSTATE_BEGIN|066N0000000M4pW
10:46:14.0 (3700382)|HEAP_ALLOCATE|[72]|Bytes:3
10:46:14.0 (3749649)|HEAP_ALLOCATE|[77]|Bytes:152
10:46:14.0 (3765121)|HEAP_ALLOCATE|[342]|Bytes:408
10:46:14.0 (3778784)|HEAP_ALLOCATE|[355]|Bytes:408
10:46:14.0 (3791444)|HEAP_ALLOCATE|[467]|Bytes:48
10:46:14.0 (3817981)|HEAP_ALLOCATE|[139]|Bytes:6
10:46:14.0 (4674744)|HEAP_ALLOCATE|[50]|Bytes:5
10:46:14.0 (4699117)|HEAP_ALLOCATE|[56]|Bytes:5
10:46:14.0 (4713013)|HEAP_ALLOCATE|[64]|Bytes:7
10:46:14.0 (5470582)|VARIABLE_SCOPE_BEGIN|[3]|saDailyReportCtrl.SOURCE|String|false|true
10:46:14.0 (5482614)|VARIABLE_SCOPE_BEGIN|[4]|saDailyReportCtrl.SOURCE_ID|String|false|true
10:46:14.0 (6558298)|VARIABLE_SCOPE_BEGIN|[25]|auMainTopCompCtrl.TYPE_SCREEN_ACCOUNT_LIST|Integer|false|true
10:46:14.0 (6569952)|VARIABLE_SCOPE_BEGIN|[26]|auMainTopCompCtrl.TYPE_SCREEN_ACTIVITY_LIST|Integer|false|true
10:46:14.0 (6576244)|VARIABLE_SCOPE_BEGIN|[7]|auMainTopCompCtrl.TYPE_SCREEN_CX_SCREEN|Integer|false|true
10:46:14.0 (6581848)|VARIABLE_SCOPE_BEGIN|[8]|auMainTopCompCtrl.TYPE_SCREEN_CX_TIMELINE|Integer|false|true
10:46:14.0 (6588044)|VARIABLE_SCOPE_BEGIN|[9]|auMainTopCompCtrl.TYPE_SCREEN_EVENT_SCHEDULE|Integer|false|true
10:46:14.0 (6594490)|VARIABLE_SCOPE_BEGIN|[10]|auMainTopCompCtrl.TYPE_SCREEN_EVENT_SCHEDULE_LIST|Integer|false|true
10:46:14.0 (6600893)|VARIABLE_SCOPE_BEGIN|[27]|auMainTopCompCtrl.TYPE_SCREEN_FILE_LIST|Integer|false|true
10:46:14.0 (6606999)|VARIABLE_SCOPE_BEGIN|[24]|auMainTopCompCtrl.TYPE_SCREEN_HONBU_DIRECT|Integer|false|true
10:46:14.0 (6612788)|VARIABLE_SCOPE_BEGIN|[11]|auMainTopCompCtrl.TYPE_SCREEN_KNOWLEDGE_DASHBOARD|Integer|false|true
10:46:14.0 (6618329)|VARIABLE_SCOPE_BEGIN|[12]|auMainTopCompCtrl.TYPE_SCREEN_KNOWLEDGE_LIST|Integer|false|true
10:46:14.0 (6624025)|VARIABLE_SCOPE_BEGIN|[15]|auMainTopCompCtrl.TYPE_SCREEN_SA_CHATTER|Integer|false|true
10:46:14.0 (6629577)|VARIABLE_SCOPE_BEGIN|[16]|auMainTopCompCtrl.TYPE_SCREEN_SA_DAILYREPORT|Integer|false|true
10:46:14.0 (6635221)|VARIABLE_SCOPE_BEGIN|[22]|auMainTopCompCtrl.TYPE_SCREEN_SA_DAILYREPORTLIST|Integer|false|true
10:46:14.0 (6641172)|VARIABLE_SCOPE_BEGIN|[18]|auMainTopCompCtrl.TYPE_SCREEN_SA_DOCUMENTS|Integer|false|true
10:46:14.0 (6647058)|VARIABLE_SCOPE_BEGIN|[17]|auMainTopCompCtrl.TYPE_SCREEN_SA_ENQUETE|Integer|false|true
10:46:14.0 (6652948)|VARIABLE_SCOPE_BEGIN|[20]|auMainTopCompCtrl.TYPE_SCREEN_SA_LINKS|Integer|false|true
10:46:14.0 (6658848)|VARIABLE_SCOPE_BEGIN|[13]|auMainTopCompCtrl.TYPE_SCREEN_SA_MESSAGES|Integer|false|true
10:46:14.0 (6664582)|VARIABLE_SCOPE_BEGIN|[19]|auMainTopCompCtrl.TYPE_SCREEN_SA_RANKING|Integer|false|true
10:46:14.0 (6670385)|VARIABLE_SCOPE_BEGIN|[14]|auMainTopCompCtrl.TYPE_SCREEN_SA_REPORTS|Integer|false|true
10:46:14.0 (6676417)|VARIABLE_SCOPE_BEGIN|[23]|auMainTopCompCtrl.TYPE_SCREEN_SA_TODO|Integer|false|true
10:46:14.0 (6682400)|VARIABLE_SCOPE_BEGIN|[21]|auMainTopCompCtrl.TYPE_SCREEN_SA_USRSETTINGS|Integer|false|true
10:46:14.0 (6688660)|VARIABLE_SCOPE_BEGIN|[4]|auMainTopCompCtrl.TYPE_SCREEN_STPD_EVENT|Integer|false|true
10:46:14.0 (6694797)|VARIABLE_SCOPE_BEGIN|[6]|auMainTopCompCtrl.TYPE_SCREEN_STPD_SCREEN|Integer|false|true
10:46:14.0 (6700870)|VARIABLE_SCOPE_BEGIN|[5]|auMainTopCompCtrl.TYPE_SCREEN_STPD_TIMELINE|Integer|false|true
10:46:14.0 (6712232)|VARIABLE_SCOPE_BEGIN|[3]|auMainTopCompCtrl.TYPE_SCREEN_SWITCH|Integer|false|true
10:46:14.0 (7856065)|VF_DESERIALIZE_VIEWSTATE_END
10:46:14.0 (10192054)|SYSTEM_MODE_ENTER|true
10:46:14.0 (10412199)|HEAP_ALLOCATE|[EXTERNAL]|Bytes:284
10:46:14.0 (10427457)|HEAP_ALLOCATE|[EXTERNAL]|Bytes:146
10:46:14.0 (10441398)|METHOD_ENTRY|[1]|01pN0000000Mill|auMainTopCompCtrl.auMainTopCompCtrl()
10:46:14.0 (10448135)|STATEMENT_EXECUTE|[1]
10:46:14.0 (10452882)|STATEMENT_EXECUTE|[1]
10:46:14.0 (10454642)|STATEMENT_EXECUTE|[3]
10:46:14.0 (10459793)|HEAP_ALLOCATE|[3]|Bytes:4
10:46:14.0 (10483995)|VARIABLE_ASSIGNMENT|[3]|auMainTopCompCtrl.TYPE_SCREEN_SWITCH|0
10:46:14.0 (10489283)|STATEMENT_EXECUTE|[4]
10:46:14.0 (10492539)|HEAP_ALLOCATE|[4]|Bytes:4
10:46:14.0 (10500317)|VARIABLE_ASSIGNMENT|[4]|auMainTopCompCtrl.TYPE_SCREEN_STPD_EVENT|11
10:46:14.0 (10504928)|STATEMENT_EXECUTE|[5]
10:46:14.0 (10507470)|HEAP_ALLOCATE|[5]|Bytes:4
10:46:14.0 (10514432)|VARIABLE_ASSIGNMENT|[5]|auMainTopCompCtrl.TYPE_SCREEN_STPD_TIMELINE|12
10:46:14.0 (10517956)|STATEMENT_EXECUTE|[6]
10:46:14.0 (10519984)|HEAP_ALLOCATE|[6]|Bytes:4
10:46:14.0 (10525949)|VARIABLE_ASSIGNMENT|[6]|auMainTopCompCtrl.TYPE_SCREEN_STPD_SCREEN|13
10:46:14.0 (10529699)|STATEMENT_EXECUTE|[7]
10:46:14.0 (10531672)|HEAP_ALLOCATE|[7]|Bytes:4
10:46:14.0 (10536751)|VARIABLE_ASSIGNMENT|[7]|auMainTopCompCtrl.TYPE_SCREEN_CX_SCREEN|21
10:46:14.0 (10540466)|STATEMENT_EXECUTE|[8]
10:46:14.0 (10542487)|HEAP_ALLOCATE|[8]|Bytes:4
10:46:14.0 (10547494)|VARIABLE_ASSIGNMENT|[8]|auMainTopCompCtrl.TYPE_SCREEN_CX_TIMELINE|22
10:46:14.0 (10550967)|STATEMENT_EXECUTE|[9]
10:46:14.0 (10552973)|HEAP_ALLOCATE|[9]|Bytes:4
10:46:14.0 (10558140)|VARIABLE_ASSIGNMENT|[9]|auMainTopCompCtrl.TYPE_SCREEN_EVENT_SCHEDULE|31
10:46:14.0 (10561834)|STATEMENT_EXECUTE|[10]
10:46:14.0 (10563913)|HEAP_ALLOCATE|[10]|Bytes:4
10:46:14.0 (10569632)|VARIABLE_ASSIGNMENT|[10]|auMainTopCompCtrl.TYPE_SCREEN_EVENT_SCHEDULE_LIST|32
10:46:14.0 (10573425)|STATEMENT_EXECUTE|[11]
10:46:14.0 (10575640)|HEAP_ALLOCATE|[11]|Bytes:4
10:46:14.0 (10581218)|VARIABLE_ASSIGNMENT|[11]|auMainTopCompCtrl.TYPE_SCREEN_KNOWLEDGE_DASHBOARD|41
10:46:14.0 (10584956)|STATEMENT_EXECUTE|[12]
10:46:14.0 (10586778)|HEAP_ALLOCATE|[12]|Bytes:4
10:46:14.0 (10592527)|VARIABLE_ASSIGNMENT|[12]|auMainTopCompCtrl.TYPE_SCREEN_KNOWLEDGE_LIST|42
10:46:14.0 (10596564)|STATEMENT_EXECUTE|[13]
10:46:14.0 (10598808)|HEAP_ALLOCATE|[13]|Bytes:4
10:46:14.0 (10604461)|VARIABLE_ASSIGNMENT|[13]|auMainTopCompCtrl.TYPE_SCREEN_SA_MESSAGES|51
10:46:14.0 (10608059)|STATEMENT_EXECUTE|[14]
10:46:14.0 (10609979)|HEAP_ALLOCATE|[14]|Bytes:4
10:46:14.0 (10615610)|VARIABLE_ASSIGNMENT|[14]|auMainTopCompCtrl.TYPE_SCREEN_SA_REPORTS|52
10:46:14.0 (10618814)|STATEMENT_EXECUTE|[15]
10:46:14.0 (10620691)|HEAP_ALLOCATE|[15]|Bytes:4
10:46:14.0 (10626169)|VARIABLE_ASSIGNMENT|[15]|auMainTopCompCtrl.TYPE_SCREEN_SA_CHATTER|53
10:46:14.0 (10629461)|STATEMENT_EXECUTE|[16]
10:46:14.0 (10631662)|HEAP_ALLOCATE|[16]|Bytes:4
10:46:14.0 (10637637)|VARIABLE_ASSIGNMENT|[16]|auMainTopCompCtrl.TYPE_SCREEN_SA_DAILYREPORT|54
10:46:14.0 (10641100)|STATEMENT_EXECUTE|[17]
10:46:14.0 (10643191)|HEAP_ALLOCATE|[17]|Bytes:4
10:46:14.0 (10648690)|VARIABLE_ASSIGNMENT|[17]|auMainTopCompCtrl.TYPE_SCREEN_SA_ENQUETE|55
10:46:14.0 (10652315)|STATEMENT_EXECUTE|[18]
10:46:14.0 (10654271)|HEAP_ALLOCATE|[18]|Bytes:4
10:46:14.0 (10659642)|VARIABLE_ASSIGNMENT|[18]|auMainTopCompCtrl.TYPE_SCREEN_SA_DOCUMENTS|56
10:46:14.0 (10662792)|STATEMENT_EXECUTE|[19]
10:46:14.0 (10665024)|HEAP_ALLOCATE|[19]|Bytes:4
10:46:14.0 (10671252)|VARIABLE_ASSIGNMENT|[19]|auMainTopCompCtrl.TYPE_SCREEN_SA_RANKING|57
10:46:14.0 (10675084)|STATEMENT_EXECUTE|[20]
10:46:14.0 (10677140)|HEAP_ALLOCATE|[20]|Bytes:4
10:46:14.0 (10682828)|VARIABLE_ASSIGNMENT|[20]|auMainTopCompCtrl.TYPE_SCREEN_SA_LINKS|58
10:46:14.0 (10686113)|STATEMENT_EXECUTE|[21]
10:46:14.0 (10688060)|HEAP_ALLOCATE|[21]|Bytes:4
10:46:14.0 (10693809)|VARIABLE_ASSIGNMENT|[21]|auMainTopCompCtrl.TYPE_SCREEN_SA_USRSETTINGS|59
10:46:14.0 (10697416)|STATEMENT_EXECUTE|[22]
10:46:14.0 (10699322)|HEAP_ALLOCATE|[22]|Bytes:4
10:46:14.0 (10709807)|VARIABLE_ASSIGNMENT|[22]|auMainTopCompCtrl.TYPE_SCREEN_SA_DAILYREPORTLIST|60
10:46:14.0 (10714047)|STATEMENT_EXECUTE|[23]
10:46:14.0 (10716120)|HEAP_ALLOCATE|[23]|Bytes:4
10:46:14.0 (10724528)|VARIABLE_ASSIGNMENT|[23]|auMainTopCompCtrl.TYPE_SCREEN_SA_TODO|61
10:46:14.0 (10728534)|STATEMENT_EXECUTE|[24]
10:46:14.0 (10730591)|HEAP_ALLOCATE|[24]|Bytes:4
10:46:14.0 (10735828)|VARIABLE_ASSIGNMENT|[24]|auMainTopCompCtrl.TYPE_SCREEN_HONBU_DIRECT|71
10:46:14.0 (10739281)|STATEMENT_EXECUTE|[25]
10:46:14.0 (10741268)|HEAP_ALLOCATE|[25]|Bytes:4
10:46:14.0 (10746202)|VARIABLE_ASSIGNMENT|[25]|auMainTopCompCtrl.TYPE_SCREEN_ACCOUNT_LIST|81
10:46:14.0 (10749570)|STATEMENT_EXECUTE|[26]
10:46:14.0 (10751405)|HEAP_ALLOCATE|[26]|Bytes:4
10:46:14.0 (10756478)|VARIABLE_ASSIGNMENT|[26]|auMainTopCompCtrl.TYPE_SCREEN_ACTIVITY_LIST|82
10:46:14.0 (10760337)|STATEMENT_EXECUTE|[27]
10:46:14.0 (10762626)|HEAP_ALLOCATE|[27]|Bytes:4
10:46:14.0 (10767947)|VARIABLE_ASSIGNMENT|[27]|auMainTopCompCtrl.TYPE_SCREEN_FILE_LIST|83
10:46:14.0 (10781074)|METHOD_EXIT|[1]|auMainTopCompCtrl
10:46:14.0 (10787658)|HEAP_ALLOCATE|[EXTERNAL]|Bytes:40
10:46:14.0 (10794449)|VARIABLE_SCOPE_BEGIN|[80]|this|auMainTopCompCtrl|true|false
10:46:14.0 (10846268)|VARIABLE_ASSIGNMENT|[80]|this|{"currentUser":"0x415cc464","iTypeOfScreen":54,"urlReportsSFA":"https://cs6.lightnin (84 more) ..."}|0x7655b04f
10:46:14.0 (10857687)|STATEMENT_EXECUTE|[80]
10:46:14.0 (10859515)|STATEMENT_EXECUTE|[81]
10:46:14.0 (10908580)|VARIABLE_ASSIGNMENT|[EXTERNAL]|this|{"currentUser":"0x415cc464","iTypeOfScreen":54,"urlReportsSFA":"https://cs6.lightnin (84 more) ..."}|0x7655b04f
10:46:14.0 (10953886)|VARIABLE_ASSIGNMENT|[EXTERNAL]|this|{"currentUser":"0x415cc464","iTypeOfScreen":54,"urlReportsSFA":"https://cs6.lightnin (84 more) ..."}|0x7655b04f
10:46:14.0 (10990678)|VARIABLE_ASSIGNMENT|[EXTERNAL]|this|{"currentUser":"0x415cc464","iTypeOfScreen":54,"urlReportsSFA":"https://cs6.lightnin (84 more) ..."}|0x7655b04f
10:46:14.0 (11024574)|VARIABLE_ASSIGNMENT|[EXTERNAL]|this|{"currentUser":"0x415cc464","iTypeOfScreen":54,"urlReportsSFA":"https://cs6.lightnin (84 more) ..."}|0x7655b04f
10:46:14.0 (11045262)|HEAP_ALLOCATE|[81]|Bytes:5
10:46:14.0 (11137007)|SYSTEM_MODE_ENTER|true
10:46:14.0 (11175302)|HEAP_ALLOCATE|[EXTERNAL]|Bytes:40
10:46:14.0 (11182071)|VARIABLE_SCOPE_BEGIN|[99]|this|auMainTopCompCtrl|true|false
10:46:14.0 (11212519)|VARIABLE_ASSIGNMENT|[99]|this|{"currentUser":"0x415cc464","iTypeOfScreen":54,"urlReportsSFA":"https://cs6.lightnin (84 more) ..."}|0x7655b04f
10:46:14.0 (11221779)|STATEMENT_EXECUTE|[99]
10:46:14.0 (11223505)|STATEMENT_EXECUTE|[100]
10:46:14.0 (11255555)|VARIABLE_ASSIGNMENT|[EXTERNAL]|this|{"currentUser":"0x415cc464","iTypeOfScreen":54,"urlReportsSFA":"https://cs6.lightnin (84 more) ..."}|0x7655b04f
10:46:14.0 (11270602)|HEAP_ALLOCATE|[100]|Bytes:5
10:46:14.0 (11336733)|SYSTEM_MODE_ENTER|true
10:46:14.0 (11356379)|HEAP_ALLOCATE|[EXTERNAL]|Bytes:40
10:46:14.0 (11367915)|VARIABLE_ASSIGNMENT|[EXTERNAL]|this.iCountComments|null|0x7655b04f
10:46:14.0 (11408928)|SYSTEM_MODE_ENTER|true
10:46:14.0 (11421003)|HEAP_ALLOCATE|[EXTERNAL]|Bytes:40
10:46:14.0 (11428091)|VARIABLE_ASSIGNMENT|[EXTERNAL]|this.iCountLikes|null|0x7655b04f
10:46:14.0 (11508950)|SYSTEM_MODE_ENTER|true
10:46:14.0 (11548332)|HEAP_ALLOCATE|[EXTERNAL]|Bytes:26
10:46:14.0 (11556585)|HEAP_ALLOCATE|[EXTERNAL]|Bytes:460
10:46:14.0 (11561543)|HEAP_ALLOCATE|[EXTERNAL]|Bytes:113
10:46:14.0 (11565074)|HEAP_ALLOCATE|[EXTERNAL]|Bytes:39
10:46:14.0 (11568697)|HEAP_ALLOCATE|[EXTERNAL]|Bytes:3
10:46:14.0 (11577541)|VARIABLE_ASSIGNMENT|[EXTERNAL]|saDailyReportCtrl.SOURCE|"src"
10:46:14.0 (11581971)|HEAP_ALLOCATE|[EXTERNAL]|Bytes:2
10:46:14.0 (11587960)|VARIABLE_ASSIGNMENT|[EXTERNAL]|saDailyReportCtrl.SOURCE_ID|"id"
10:46:14.0 (11596856)|METHOD_ENTRY|[1]|01pN0000000aE0W|saDailyReportCtrl.saDailyReportCtrl()
10:46:14.0 (11601690)|STATEMENT_EXECUTE|[1]
10:46:14.0 (11604961)|STATEMENT_EXECUTE|[1]
10:46:14.0 (11612530)|SYSTEM_MODE_ENTER|false
10:46:14.0 (11619119)|HEAP_ALLOCATE|[EXTERNAL]|Bytes:5
10:46:14.0 (11624046)|STATEMENT_EXECUTE|[651]
10:46:14.0 (11625992)|STATEMENT_EXECUTE|[678]
10:46:14.0 (11630140)|SYSTEM_MODE_EXIT|false
10:46:14.0 (11636872)|METHOD_EXIT|[1]|saDailyReportCtrl
10:46:14.0 (11641441)|HEAP_ALLOCATE|[EXTERNAL]|Bytes:76
10:46:14.0 (11646332)|VARIABLE_SCOPE_BEGIN|[92]|this|saDailyReportCtrl|true|false
10:46:14.0 (11985285)|VARIABLE_ASSIGNMENT|[92]|this|{"BusinessLocationName":"","currentInquiryReply":"0x421b30c7","currentInquiryReplyDetail":"0x19972703","dailyReportId":"a0IN0000006RUllMAG","dCurrentDay":"2018-06-30T00:00:00Z","dCurrentMonth":"2018-07-01T00:00:00Z","iCurrentDay":0,"idBusinessLocation":"","isIPhone":false,"isPreview":true,"lsBusinessLocation":"0x3e4fbfb1","messageError":"","messageQuestion":"","mpQuestions":"0x6712a6f","myUser":"0x1d77af6e","sourceOfTheCall":"preview"}|0x28e21c93
10:46:14.0 (12005533)|SYSTEM_MODE_ENTER|false
10:46:14.0 (12013311)|HEAP_ALLOCATE|[92]|Bytes:5
10:46:14.0 (12017920)|STATEMENT_EXECUTE|[92]
10:46:14.0 (12019912)|STATEMENT_EXECUTE|[92]
10:46:14.0 (12025051)|SYSTEM_MODE_EXIT|false
10:46:14.0 (12084137)|SYSTEM_MODE_ENTER|true
10:46:14.0 (12103006)|HEAP_ALLOCATE|[EXTERNAL]|Bytes:8
10:46:14.0 (12107578)|HEAP_ALLOCATE|[EXTERNAL]|Bytes:40
10:46:14.0 (12116737)|VARIABLE_ASSIGNMENT|[EXTERNAL]|this.iTypeOfScreen|54|0x7655b04f
10:46:14.0 (12254895)|SYSTEM_MODE_ENTER|true
10:46:14.0 (12331521)|SYSTEM_MODE_ENTER|true
10:46:14.0 (12410819)|SYSTEM_MODE_ENTER|true
10:46:14.0 (12598864)|SYSTEM_MODE_ENTER|true
10:46:14.0 (13797005)|SYSTEM_MODE_ENTER|true
10:46:14.0 (15804142)|SYSTEM_MODE_ENTER|true
10:46:14.0 (15860020)|SYSTEM_MODE_ENTER|true
10:46:14.0 (15901940)|SYSTEM_MODE_ENTER|true
10:46:14.0 (15939990)|SYSTEM_MODE_ENTER|true
10:46:14.0 (15976065)|SYSTEM_MODE_ENTER|true
10:46:14.0 (16026597)|SYSTEM_MODE_ENTER|true
10:46:14.0 (16066624)|HEAP_ALLOCATE|[EXTERNAL]|Bytes:40
10:46:14.0 (16074783)|VARIABLE_SCOPE_BEGIN|[80]|this|auMainTopCompCtrl|true|false
10:46:14.0 (16112268)|VARIABLE_ASSIGNMENT|[80]|this|{"currentUser":"0x415cc464","iTypeOfScreen":54,"urlReportsSFA":"https://cs6.lightnin (84 more) ..."}|0x7655b04f
10:46:14.0 (16122204)|STATEMENT_EXECUTE|[80]
10:46:14.0 (16124403)|STATEMENT_EXECUTE|[81]
10:46:14.0 (16154457)|VARIABLE_ASSIGNMENT|[EXTERNAL]|this|{"currentUser":"0x415cc464","iTypeOfScreen":54,"urlReportsSFA":"https://cs6.lightnin (84 more) ..."}|0x7655b04f
10:46:14.0 (16189460)|VARIABLE_ASSIGNMENT|[EXTERNAL]|this|{"currentUser":"0x415cc464","iTypeOfScreen":54,"urlReportsSFA":"https://cs6.lightnin (84 more) ..."}|0x7655b04f
10:46:14.0 (16219878)|VARIABLE_ASSIGNMENT|[EXTERNAL]|this|{"currentUser":"0x415cc464","iTypeOfScreen":54,"urlReportsSFA":"https://cs6.lightnin (84 more) ..."}|0x7655b04f
10:46:14.0 (16247741)|VARIABLE_ASSIGNMENT|[EXTERNAL]|this|{"currentUser":"0x415cc464","iTypeOfScreen":54,"urlReportsSFA":"https://cs6.lightnin (84 more) ..."}|0x7655b04f
10:46:14.0 (16261206)|HEAP_ALLOCATE|[81]|Bytes:5
10:46:14.0 (16311420)|SYSTEM_MODE_ENTER|true
10:46:14.0 (16344053)|HEAP_ALLOCATE|[EXTERNAL]|Bytes:40
10:46:14.0 (16350107)|VARIABLE_SCOPE_BEGIN|[99]|this|auMainTopCompCtrl|true|false
10:46:14.0 (16379637)|VARIABLE_ASSIGNMENT|[99]|this|{"currentUser":"0x415cc464","iTypeOfScreen":54,"urlReportsSFA":"https://cs6.lightnin (84 more) ..."}|0x7655b04f
10:46:14.0 (16388235)|STATEMENT_EXECUTE|[99]
10:46:14.0 (16390111)|STATEMENT_EXECUTE|[100]
10:46:14.0 (16414132)|VARIABLE_ASSIGNMENT|[EXTERNAL]|this|{"currentUser":"0x415cc464","iTypeOfScreen":54,"urlReportsSFA":"https://cs6.lightnin (84 more) ..."}|0x7655b04f
10:46:14.0 (16427458)|HEAP_ALLOCATE|[100]|Bytes:5
10:46:14.0 (19202544)|SYSTEM_MODE_ENTER|true
10:46:14.0 (19227708)|HEAP_ALLOCATE|[EXTERNAL]|Bytes:16
10:46:14.0 (19233530)|HEAP_ALLOCATE|[EXTERNAL]|Bytes:76
10:46:14.0 (19244794)|VARIABLE_ASSIGNMENT|[EXTERNAL]|this.messageError|"正しいデーターを入れてください。"|0x28e21c93
10:46:14.0 (19275445)|SYSTEM_MODE_ENTER|true
10:46:14.0 (19288811)|HEAP_ALLOCATE|[EXTERNAL]|Bytes:76
10:46:14.0 (19296786)|VARIABLE_ASSIGNMENT|[EXTERNAL]|this.messageQuestion|""|0x28e21c93
10:46:14.0 (19318945)|SYSTEM_MODE_ENTER|true
10:46:14.0 (19332904)|HEAP_ALLOCATE|[EXTERNAL]|Bytes:5
10:46:14.0 (19337169)|HEAP_ALLOCATE|[EXTERNAL]|Bytes:76
10:46:14.0 (19343975)|VARIABLE_ASSIGNMENT|[EXTERNAL]|this.isPreview|true|0x28e21c93
10:46:14.0 (19366435)|SYSTEM_MODE_ENTER|true
10:46:14.0 (19377524)|HEAP_ALLOCATE|[EXTERNAL]|Bytes:76
10:46:14.0 (19384676)|VARIABLE_ASSIGNMENT|[EXTERNAL]|this.idBusinessLocation|""|0x28e21c93
10:46:14.0 (19406350)|SYSTEM_MODE_ENTER|true
10:46:14.0 (19417131)|HEAP_ALLOCATE|[EXTERNAL]|Bytes:8
10:46:14.0 (19420798)|HEAP_ALLOCATE|[EXTERNAL]|Bytes:76
10:46:14.0 (19427352)|VARIABLE_ASSIGNMENT|[EXTERNAL]|this.iCurrentDay|0|0x28e21c93
10:46:14.0 (19507744)|SYSTEM_MODE_ENTER|true
10:46:14.0 (19521385)|HEAP_ALLOCATE|[EXTERNAL]|Bytes:40
10:46:14.0 (19529070)|VARIABLE_ASSIGNMENT|[EXTERNAL]|this.iCountComments|null|0x7655b04f
10:46:14.0 (19559350)|SYSTEM_MODE_ENTER|true
10:46:14.0 (19570227)|HEAP_ALLOCATE|[EXTERNAL]|Bytes:40
10:46:14.0 (19576591)|VARIABLE_ASSIGNMENT|[EXTERNAL]|this.iCountLikes|null|0x7655b04f
10:46:14.0 (19611861)|SYSTEM_MODE_ENTER|true
10:46:14.0 (19649174)|HEAP_ALLOCATE|[EXTERNAL]|Bytes:76
10:46:14.0 (19656043)|VARIABLE_SCOPE_BEGIN|[92]|this|saDailyReportCtrl|true|false
10:46:14.0 (19861704)|VARIABLE_ASSIGNMENT|[92]|this|{"BusinessLocationName":"","currentInquiryReply":"0x421b30c7","currentInquiryReplyDetail":"0x19972703","dailyReportId":"a0IN0000006RUllMAG","dCurrentDay":"2018-06-30T00:00:00Z","dCurrentMonth":"2018-07-01T00:00:00Z","iCurrentDay":0,"idBusinessLocation":"","isIPhone":false,"isPreview":true,"lsBusinessLocation":"0x3e4fbfb1","messageError":"正しいデーターを入れてください。","messageQuestion":"","mpQuestions":"0x6712a6f","myUser":"0x1d77af6e","sourceOfTheCall":"preview"}|0x28e21c93
10:46:14.0 (19881560)|SYSTEM_MODE_ENTER|false
10:46:14.0 (19888622)|HEAP_ALLOCATE|[92]|Bytes:5
10:46:14.0 (19894211)|STATEMENT_EXECUTE|[92]
10:46:14.0 (19896238)|STATEMENT_EXECUTE|[92]
10:46:14.0 (19900857)|SYSTEM_MODE_EXIT|false
10:46:14.0 (19943772)|SYSTEM_MODE_ENTER|true
10:46:14.0 (19958844)|HEAP_ALLOCATE|[EXTERNAL]|Bytes:8
10:46:14.0 (19963619)|HEAP_ALLOCATE|[EXTERNAL]|Bytes:40
10:46:14.0 (19971741)|VARIABLE_ASSIGNMENT|[EXTERNAL]|this.iTypeOfScreen|54|0x7655b04f
10:46:14.0 (20109430)|SYSTEM_MODE_ENTER|true
10:46:14.0 (22501075)|HEAP_ALLOCATE|[EXTERNAL]|Bytes:76
10:46:14.0 (22512171)|VARIABLE_SCOPE_BEGIN|[199]|this|saDailyReportCtrl|true|false
10:46:14.0 (22682405)|VARIABLE_ASSIGNMENT|[199]|this|{"BusinessLocationName":"","currentInquiryReply":"0x421b30c7","currentInquiryReplyDetail":"0x19972703","dailyReportId":"a0IN0000006RUllMAG","dCurrentDay":"2018-06-30T00:00:00Z","dCurrentMonth":"2018-07-01T00:00:00Z","iCurrentDay":0,"idBusinessLocation":"","isIPhone":false,"isPreview":true,"lsBusinessLocation":"0x3e4fbfb1","messageError":"正しいデーターを入れてください。","messageQuestion":"","mpQuestions":"0x6712a6f","myUser":"0x1d77af6e","sourceOfTheCall":"preview"}|0x28e21c93
10:46:14.0 (22703419)|SYSTEM_MODE_ENTER|false
10:46:14.0 (22716183)|HEAP_ALLOCATE|[201]|Bytes:5
10:46:14.0 (22722446)|STATEMENT_EXECUTE|[199]
10:46:14.0 (22724450)|STATEMENT_EXECUTE|[201]
10:46:14.0 (22890830)|VARIABLE_ASSIGNMENT|[EXTERNAL]|this|{"BusinessLocationName":"","currentInquiryReply":"0x421b30c7","currentInquiryReplyDetail":"0x19972703","dailyReportId":"a0IN0000006RUllMAG","dCurrentDay":"2018-06-30T00:00:00Z","dCurrentMonth":"2018-07-01T00:00:00Z","iCurrentDay":0,"idBusinessLocation":"","isIPhone":false,"isPreview":true,"lsBusinessLocation":"0x3e4fbfb1","messageError":"正しいデーターを入れてください。","messageQuestion":"","mpQuestions":"0x6712a6f","myUser":"0x1d77af6e","sourceOfTheCall":"preview"}|0x28e21c93
10:46:14.0 (22907914)|VARIABLE_ASSIGNMENT|[EXTERNAL]|value|""
10:46:14.0 (22919654)|VARIABLE_ASSIGNMENT|[6]|this.messageError|""|0x28e21c93
10:46:14.0 (22931639)|STATEMENT_EXECUTE|[202]
10:46:14.0 (23072811)|VARIABLE_ASSIGNMENT|[EXTERNAL]|this|{"BusinessLocationName":"","currentInquiryReply":"0x421b30c7","currentInquiryReplyDetail":"0x19972703","dailyReportId":"a0IN0000006RUllMAG","dCurrentDay":"2018-06-30T00:00:00Z","dCurrentMonth":"2018-07-01T00:00:00Z","iCurrentDay":0,"idBusinessLocation":"","isIPhone":false,"isPreview":true,"lsBusinessLocation":"0x3e4fbfb1","messageError":"","messageQuestion":"","mpQuestions":"0x6712a6f","myUser":"0x1d77af6e","sourceOfTheCall":"preview"}|0x28e21c93
10:46:14.0 (23088307)|VARIABLE_ASSIGNMENT|[EXTERNAL]|value|""
10:46:14.0 (23097291)|VARIABLE_ASSIGNMENT|[7]|this.messageQuestion|""|0x28e21c93
10:46:14.0 (23106873)|STATEMENT_EXECUTE|[204]
10:46:14.0 (23108555)|STATEMENT_EXECUTE|[204]
10:46:14.0 (23110222)|STATEMENT_EXECUTE|[206]
10:46:14.0 (23307606)|VARIABLE_ASSIGNMENT|[EXTERNAL]|this|{"BusinessLocationName":"","currentInquiryReply":"0x421b30c7","currentInquiryReplyDetail":"0x19972703","dailyReportId":"a0IN0000006RUllMAG","dCurrentDay":"2018-06-30T00:00:00Z","dCurrentMonth":"2018-07-01T00:00:00Z","iCurrentDay":0,"idBusinessLocation":"","isIPhone":false,"isPreview":true,"lsBusinessLocation":"0x3e4fbfb1","messageError":"","messageQuestion":"","mpQuestions":"0x6712a6f","myUser":"0x1d77af6e","sourceOfTheCall":"preview"}|0x28e21c93
10:46:14.0 (23367006)|HEAP_ALLOCATE|[206]|Bytes:4
10:46:14.0 (23399503)|VARIABLE_ASSIGNMENT|[206]|this.dCurrentDay|"2018-06-30T00:00:00.000Z"|0x28e21c93
10:46:14.0 (23406074)|STATEMENT_EXECUTE|[208]
10:46:14.0 (23425075)|HEAP_ALLOCATE|[208]|Bytes:4
10:46:14.0 (23641752)|VARIABLE_ASSIGNMENT|[EXTERNAL]|this|{"BusinessLocationName":"","currentInquiryReply":"0x421b30c7","currentInquiryReplyDetail":"0x19972703","dailyReportId":"a0IN0000006RUllMAG","dCurrentDay":"2018-06-30T00:00:00Z","dCurrentMonth":"2018-07-01T00:00:00Z","iCurrentDay":0,"idBusinessLocation":"","isIPhone":false,"isPreview":true,"lsBusinessLocation":"0x3e4fbfb1","messageError":"","messageQuestion":"","mpQuestions":"0x6712a6f","myUser":"0x1d77af6e","sourceOfTheCall":"preview"}|0x28e21c93
10:46:14.0 (23657262)|HEAP_ALLOCATE|[EXTERNAL]|Bytes:4
10:46:14.0 (23668382)|VARIABLE_ASSIGNMENT|[EXTERNAL]|value|[]|0x2d2c2fca
10:46:14.0 (23678812)|VARIABLE_ASSIGNMENT|[22]|this.currentInquiryReplyDetail|[]|0x28e21c93
10:46:14.0 (23688686)|STATEMENT_EXECUTE|[209]
10:46:14.0 (23704139)|HEAP_ALLOCATE|[209]|Bytes:4
10:46:14.0 (23885588)|VARIABLE_ASSIGNMENT|[EXTERNAL]|this|{"BusinessLocationName":"","currentInquiryReply":"0x421b30c7","currentInquiryReplyDetail":"0x2d2c2fca","dailyReportId":"a0IN0000006RUllMAG","dCurrentDay":"2018-06-30T00:00:00Z","dCurrentMonth":"2018-07-01T00:00:00Z","iCurrentDay":0,"idBusinessLocation":"","isIPhone":false,"isPreview":true,"lsBusinessLocation":"0x3e4fbfb1","messageError":"","messageQuestion":"","mpQuestions":"0x6712a6f","myUser":"0x1d77af6e","sourceOfTheCall":"preview"}|0x28e21c93
10:46:14.0 (23906787)|VARIABLE_ASSIGNMENT|[EXTERNAL]|value|{}|0x2afd178d
10:46:14.0 (23917610)|VARIABLE_ASSIGNMENT|[24]|this.mpQuestions|{}|0x28e21c93
10:46:14.0 (23927175)|STATEMENT_EXECUTE|[211]
10:46:14.0 (24070897)|VARIABLE_ASSIGNMENT|[EXTERNAL]|this|{"BusinessLocationName":"","currentInquiryReply":"0x421b30c7","currentInquiryReplyDetail":"0x2d2c2fca","dailyReportId":"a0IN0000006RUllMAG","dCurrentDay":"2018-06-30T00:00:00Z","dCurrentMonth":"2018-07-01T00:00:00Z","iCurrentDay":0,"idBusinessLocation":"","isIPhone":false,"isPreview":true,"lsBusinessLocation":"0x3e4fbfb1","messageError":"","messageQuestion":"","mpQuestions":"0x2afd178d","myUser":"0x1d77af6e","sourceOfTheCall":"preview"}|0x28e21c93
10:46:14.0 (24085993)|VARIABLE_ASSIGNMENT|[EXTERNAL]|value|""
10:46:14.0 (24094627)|VARIABLE_ASSIGNMENT|[23]|this.BusinessLocationName|""|0x28e21c93
10:46:14.0 (24106809)|HEAP_ALLOCATE|[212]|Bytes:81
10:46:14.0 (24124747)|HEAP_ALLOCATE|[212]|Bytes:4
10:46:14.0 (24134437)|HEAP_ALLOCATE|[212]|Bytes:7
10:46:14.0 (24276295)|VARIABLE_ASSIGNMENT|[EXTERNAL]|this|{"BusinessLocationName":"","currentInquiryReply":"0x421b30c7","currentInquiryReplyDetail":"0x2d2c2fca","dailyReportId":"a0IN0000006RUllMAG","dCurrentDay":"2018-06-30T00:00:00Z","dCurrentMonth":"2018-07-01T00:00:00Z","iCurrentDay":0,"idBusinessLocation":"","isIPhone":false,"isPreview":true,"lsBusinessLocation":"0x3e4fbfb1","messageError":"","messageQuestion":"","mpQuestions":"0x2afd178d","myUser":"0x1d77af6e","sourceOfTheCall":"preview"}|0x28e21c93
10:46:14.0 (24673830)|SOQL_EXECUTE_BEGIN|[212]|Aggregations:0|SELECT Id, BusinessLocationName__c FROM saBusinessLocation__c 
10:46:14.0 (26457241)|SOQL_EXECUTE_END|[212]|Rows:0
10:46:14.0 (26653527)|HEAP_ALLOCATE|[212]|Bytes:54
10:46:14.0 (26663771)|HEAP_ALLOCATE|[212]|Bytes:8
10:46:14.0 (26690241)|SYSTEM_METHOD_ENTRY|[7]|QueryLocatorIterator.QueryLocatorIterator()
10:46:14.0 (26695572)|STATEMENT_EXECUTE|[7]
10:46:14.0 (26704366)|SYSTEM_METHOD_EXIT|[7]|QueryLocatorIterator
10:46:14.0 (26718411)|HEAP_ALLOCATE|[212]|Bytes:28
10:46:14.0 (26734917)|HEAP_ALLOCATE|[212]|Bytes:8
10:46:14.0 (26738865)|HEAP_ALLOCATE|[212]|Bytes:8
10:46:14.0 (26743664)|VARIABLE_SCOPE_BEGIN|[15]|this|Database.QueryLocatorIterator|true|false
10:46:14.0 (26771399)|VARIABLE_ASSIGNMENT|[15]|this|{}|0x3fb798e2
10:46:14.0 (26777881)|VARIABLE_SCOPE_BEGIN|[15]|values|List<SObject>|true|false
10:46:14.0 (26785893)|VARIABLE_ASSIGNMENT|[15]|values|null|
10:46:14.0 (26789539)|VARIABLE_SCOPE_BEGIN|[15]|ql|Database.QueryLocator|true|false
10:46:14.0 (26808781)|VARIABLE_ASSIGNMENT|[15]|ql|{"query":"SELECT Id, BusinessL (61 more) ..."}|0x5e815d9e
10:46:14.0 (26814887)|VARIABLE_SCOPE_BEGIN|[15]|totalNumRecords|Integer|false|false
10:46:14.0 (26823374)|VARIABLE_ASSIGNMENT|[15]|totalNumRecords|0
10:46:14.0 (26827623)|VARIABLE_SCOPE_BEGIN|[15]|queryMoreSize|Integer|false|false
10:46:14.0 (26834118)|VARIABLE_ASSIGNMENT|[15]|queryMoreSize|50000
10:46:14.0 (26914620)|HEAP_ALLOCATE|[212]|Bytes:28
10:46:14.0 (26935959)|METHOD_ENTRY|[212]||Database.QueryLocatorIterator.hasNext()
10:46:14.0 (26957450)|METHOD_EXIT|[212]||Database.QueryLocatorIterator.hasNext()
10:46:14.0 (27000137)|VARIABLE_ASSIGNMENT|[212]|bl|null|
10:46:14.0 (27007905)|STATEMENT_EXECUTE|[212]
10:46:14.0 (27023871)|STATEMENT_EXECUTE|[219]
10:46:14.0 (27027372)|HEAP_ALLOCATE|[219]|Bytes:195
10:46:14.0 (27042182)|HEAP_ALLOCATE|[219]|Bytes:4
10:46:14.0 (27067778)|HEAP_ALLOCATE|[219]|Bytes:7
10:46:14.0 (27101296)|HEAP_ALLOCATE|[223]|Bytes:89
10:46:14.0 (27110111)|SYSTEM_METHOD_ENTRY|[1]|UserInfo.UserInfo()
10:46:14.0 (27113675)|STATEMENT_EXECUTE|[1]
10:46:14.0 (27118828)|SYSTEM_METHOD_EXIT|[1]|UserInfo
10:46:14.0 (27127610)|METHOD_ENTRY|[223]||System.UserInfo.getUserId()
10:46:14.0 (27164449)|METHOD_EXIT|[223]||System.UserInfo.getUserId()
10:46:14.0 (27699018)|SOQL_EXECUTE_BEGIN|[219]|Aggregations:0|SELECT Id, saBusinessLocation__c, Status__c, saInquiry__c, Comment__c FROM saInquiryReply__c WHERE (saInquiry__r.Type__c = 'DAILY_REPORT' AND DailyReportDate__c = :tmpVar1 AND User__c = :tmpVar2)
10:46:14.0 (33404563)|SOQL_EXECUTE_END|[219]|Rows:0
10:46:14.0 (33432686)|HEAP_ALLOCATE|[219]|Bytes:4
10:46:14.0 (33446235)|HEAP_ALLOCATE|[219]|Bytes:0
10:46:14.0 (33525095)|HEAP_ALLOCATE|[219]|Bytes:4
10:46:14.0 (33540225)|VARIABLE_SCOPE_BEGIN|[219]|lsInqRep|List<saInquiryReply__c>|true|false
10:46:14.0 (33564681)|VARIABLE_ASSIGNMENT|[219]|lsInqRep|[]|0x3710090
10:46:14.0 (33639979)|STATEMENT_EXECUTE|[225]
10:46:14.0 (33642435)|STATEMENT_EXECUTE|[227]
10:46:14.0 (33646783)|HEAP_ALLOCATE|[227]|Bytes:207
10:46:14.0 (33662119)|HEAP_ALLOCATE|[227]|Bytes:4
10:46:14.0 (33892465)|VARIABLE_ASSIGNMENT|[EXTERNAL]|this|{"BusinessLocationName":"","currentInquiryReply":"0x421b30c7","currentInquiryReplyDetail":"0x2d2c2fca","dailyReportId":"a0IN0000006RUllMAG","dCurrentDay":"2018-06-30T00:00:00Z","dCurrentMonth":"2018-07-01T00:00:00Z","iCurrentDay":0,"idBusinessLocation":"","isIPhone":false,"isPreview":true,"lsBusinessLocation":"0x3e4fbfb1","messageError":"","messageQuestion":"","mpQuestions":"0x2afd178d","myUser":"0x1d77af6e","sourceOfTheCall":"preview"}|0x28e21c93
10:46:14.0 (33919600)|HEAP_ALLOCATE|[227]|Bytes:7
10:46:14.0 (33931388)|METHOD_ENTRY|[232]||System.UserInfo.getUserId()
10:46:14.0 (33958801)|METHOD_EXIT|[232]||System.UserInfo.getUserId()
10:46:14.0 (34293962)|SOQL_EXECUTE_BEGIN|[227]|Aggregations:0|SELECT Id, saBusinessLocation__c, Status__c FROM saInquiryReply__c WHERE (saInquiry__r.Type__c = 'DAILY_REPORT' AND DailyReportDate__c = :tmpVar1 AND saBusinessLocation__c = :tmpVar2 AND User__c != :tmpVar3)
10:46:14.0 (37111737)|SOQL_EXECUTE_END|[227]|Rows:0
10:46:14.0 (37134981)|HEAP_ALLOCATE|[227]|Bytes:4
10:46:14.0 (37148104)|HEAP_ALLOCATE|[227]|Bytes:0
10:46:14.0 (37180443)|HEAP_ALLOCATE|[227]|Bytes:4
10:46:14.0 (37191407)|VARIABLE_SCOPE_BEGIN|[227]|lsInqOtherPeople|List<saInquiryReply__c>|true|false
10:46:14.0 (37209013)|VARIABLE_ASSIGNMENT|[227]|lsInqOtherPeople|[]|0x68fd25dd
10:46:14.0 (37247544)|STATEMENT_EXECUTE|[234]
10:46:14.0 (37250199)|STATEMENT_EXECUTE|[240]
10:46:14.0 (37253516)|VARIABLE_SCOPE_BEGIN|[240]|lsTemplate|List<saInquiryReply__c>|true|false
10:46:14.0 (37263568)|VARIABLE_ASSIGNMENT|[240]|lsTemplate|null|
10:46:14.0 (37458388)|VARIABLE_ASSIGNMENT|[EXTERNAL]|this|{"BusinessLocationName":"","currentInquiryReply":"0x421b30c7","currentInquiryReplyDetail":"0x2d2c2fca","dailyReportId":"a0IN0000006RUllMAG","dCurrentDay":"2018-06-30T00:00:00Z","dCurrentMonth":"2018-07-01T00:00:00Z","iCurrentDay":0,"idBusinessLocation":"","isIPhone":false,"isPreview":true,"lsBusinessLocation":"0x3e4fbfb1","messageError":"","messageQuestion":"","mpQuestions":"0x2afd178d","myUser":"0x1d77af6e","sourceOfTheCall":"preview"}|0x28e21c93
10:46:14.0 (37481992)|STATEMENT_EXECUTE|[252]
10:46:14.0 (37483956)|STATEMENT_EXECUTE|[253]
10:46:14.0 (37487861)|HEAP_ALLOCATE|[253]|Bytes:393
10:46:14.0 (37503872)|HEAP_ALLOCATE|[253]|Bytes:4
10:46:14.0 (37538109)|METHOD_ENTRY|[259]||System.UserInfo.getUserId()
10:46:14.0 (37564140)|METHOD_EXIT|[259]||System.UserInfo.getUserId()
10:46:14.0 (38026562)|SOQL_EXECUTE_BEGIN|[253]|Aggregations:0|SELECT Id, saBusinessLocation__c, Status__c, saInquiry__c, Comment__c FROM saInquiryReply__c WHERE (saInquiry__r.Type__c = 'DAILY_REPORT' AND (saInquiry__r.ValidFrom__c = NULL OR saInquiry__r.ValidFrom__c <= :tmpVar1) AND (saInquiry__r.ValidTo__c = NULL OR saInquiry__r.ValidTo__c >= :tmpVar2) AND DailyReportDate__c = NULL AND User__c = :tmpVar3) ORDER BY CreatedDate DESC NULLS FIRST LIMIT 1
10:46:14.0 (42668208)|SOQL_EXECUTE_END|[253]|Rows:1
10:46:14.0 (42690416)|HEAP_ALLOCATE|[253]|Bytes:8
10:46:14.0 (42704019)|HEAP_ALLOCATE|[253]|Bytes:89
10:46:14.0 (42742505)|HEAP_ALLOCATE|[253]|Bytes:8
10:46:14.0 (42776990)|VARIABLE_ASSIGNMENT|[253]|lsTemplate|[{"Id":"a0KN0000007Kg4nMAC","Status__c":"WAITING_REPLY","saInquiry__c":"a0IN0000006RUllMAG"}]|0x460a8854
10:46:14.0 (42784848)|STATEMENT_EXECUTE|[264]
10:46:14.0 (42788776)|HEAP_ALLOCATE|[264]|Bytes:11
10:46:14.0 (42903044)|HEAP_ALLOCATE|[264]|Bytes:101
10:46:14.0 (42926380)|HEAP_ALLOCATE|[264]|Bytes:112
10:46:14.0 (42948852)|USER_DEBUG|[264]|DEBUG|Template : (saInquiryReply__c:{Id=a0KN0000007Kg4nMAC, Status__c=WAITING_REPLY, saInquiry__c=a0IN0000006RUllMAG})
10:46:14.0 (42982166)|STATEMENT_EXECUTE|[265]
10:46:14.0 (42984737)|STATEMENT_EXECUTE|[271]
10:46:14.0 (43000776)|HEAP_ALLOCATE|[271]|Bytes:16
10:46:14.0 (43033515)|VARIABLE_SCOPE_BEGIN|[271]|idInquiry|Id|false|false
10:46:14.0 (43121485)|VARIABLE_ASSIGNMENT|[271]|idInquiry|"a0IN0000006RUllMAG"
10:46:14.0 (43128513)|STATEMENT_EXECUTE|[272]
10:46:14.0 (43148761)|HEAP_ALLOCATE|[272]|Bytes:4
10:46:14.0 (43434978)|VARIABLE_ASSIGNMENT|[EXTERNAL]|this|{"BusinessLocationName":"","currentInquiryReply":"0x421b30c7","currentInquiryReplyDetail":"0x2d2c2fca","dailyReportId":"a0IN0000006RUllMAG","dCurrentDay":"2018-06-30T00:00:00Z","dCurrentMonth":"2018-07-01T00:00:00Z","iCurrentDay":0,"idBusinessLocation":"","isIPhone":false,"isPreview":true,"lsBusinessLocation":"0x3e4fbfb1","messageError":"","messageQuestion":"","mpQuestions":"0x2afd178d","myUser":"0x1d77af6e","sourceOfTheCall":"preview"}|0x28e21c93
10:46:14.0 (43455873)|VARIABLE_ASSIGNMENT|[EXTERNAL]|value|{}|0x3a0576a6
10:46:14.0 (43471531)|VARIABLE_ASSIGNMENT|[21]|this.currentInquiryReply|{}|0x28e21c93
10:46:14.0 (43483321)|STATEMENT_EXECUTE|[273]
10:46:14.0 (43628751)|VARIABLE_ASSIGNMENT|[EXTERNAL]|this|{"BusinessLocationName":"","currentInquiryReply":"0x3a0576a6","currentInquiryReplyDetail":"0x2d2c2fca","dailyReportId":"a0IN0000006RUllMAG","dCurrentDay":"2018-06-30T00:00:00Z","dCurrentMonth":"2018-07-01T00:00:00Z","iCurrentDay":0,"idBusinessLocation":"","isIPhone":false,"isPreview":true,"lsBusinessLocation":"0x3e4fbfb1","messageError":"","messageQuestion":"","mpQuestions":"0x2afd178d","myUser":"0x1d77af6e","sourceOfTheCall":"preview"}|0x28e21c93
10:46:14.0 (43727824)|VARIABLE_ASSIGNMENT|[273]|this.saInquiry__c|"a0IN0000006RUllMAG"|0x3a0576a6
10:46:14.0 (43883201)|VARIABLE_ASSIGNMENT|[EXTERNAL]|this|{"BusinessLocationName":"","currentInquiryReply":"0x3a0576a6","currentInquiryReplyDetail":"0x2d2c2fca","dailyReportId":"a0IN0000006RUllMAG","dCurrentDay":"2018-06-30T00:00:00Z","dCurrentMonth":"2018-07-01T00:00:00Z","iCurrentDay":0,"idBusinessLocation":"","isIPhone":false,"isPreview":true,"lsBusinessLocation":"0x3e4fbfb1","messageError":"","messageQuestion":"","mpQuestions":"0x2afd178d","myUser":"0x1d77af6e","sourceOfTheCall":"preview"}|0x28e21c93
10:46:14.0 (43903431)|STATEMENT_EXECUTE|[277]
10:46:14.0 (43905641)|STATEMENT_EXECUTE|[280]
10:46:14.0 (43912670)|METHOD_ENTRY|[280]||System.UserInfo.getUserId()
10:46:14.0 (43939347)|METHOD_EXIT|[280]||System.UserInfo.getUserId()
10:46:14.0 (43954246)|HEAP_ALLOCATE|[280]|Bytes:4
10:46:14.0 (44091735)|VARIABLE_ASSIGNMENT|[EXTERNAL]|this|{"BusinessLocationName":"","currentInquiryReply":"0x3a0576a6","currentInquiryReplyDetail":"0x2d2c2fca","dailyReportId":"a0IN0000006RUllMAG","dCurrentDay":"2018-06-30T00:00:00Z","dCurrentMonth":"2018-07-01T00:00:00Z","iCurrentDay":0,"idBusinessLocation":"","isIPhone":false,"isPreview":true,"lsBusinessLocation":"0x3e4fbfb1","messageError":"","messageQuestion":"","mpQuestions":"0x2afd178d","myUser":"0x1d77af6e","sourceOfTheCall":"preview"}|0x28e21c93
10:46:14.0 (44147760)|VARIABLE_ASSIGNMENT|[280]|this.User__c|"005N00000057PfOIAU"|0x3a0576a6
10:46:14.0 (44154959)|STATEMENT_EXECUTE|[281]
10:46:14.0 (44301346)|VARIABLE_ASSIGNMENT|[EXTERNAL]|this|{"BusinessLocationName":"","currentInquiryReply":"0x3a0576a6","currentInquiryReplyDetail":"0x2d2c2fca","dailyReportId":"a0IN0000006RUllMAG","dCurrentDay":"2018-06-30T00:00:00Z","dCurrentMonth":"2018-07-01T00:00:00Z","iCurrentDay":0,"idBusinessLocation":"","isIPhone":false,"isPreview":true,"lsBusinessLocation":"0x3e4fbfb1","messageError":"","messageQuestion":"","mpQuestions":"0x2afd178d","myUser":"0x1d77af6e","sourceOfTheCall":"preview"}|0x28e21c93
10:46:14.0 (44364036)|VARIABLE_ASSIGNMENT|[281]|this.DailyReportDate__c|"2018-06-30T00:00:00.000Z"|0x3a0576a6
10:46:14.0 (44371659)|STATEMENT_EXECUTE|[282]
10:46:14.0 (44376457)|HEAP_ALLOCATE|[282]|Bytes:13
10:46:14.0 (44547484)|VARIABLE_ASSIGNMENT|[EXTERNAL]|this|{"BusinessLocationName":"","currentInquiryReply":"0x3a0576a6","currentInquiryReplyDetail":"0x2d2c2fca","dailyReportId":"a0IN0000006RUllMAG","dCurrentDay":"2018-06-30T00:00:00Z","dCurrentMonth":"2018-07-01T00:00:00Z","iCurrentDay":0,"idBusinessLocation":"","isIPhone":false,"isPreview":true,"lsBusinessLocation":"0x3e4fbfb1","messageError":"","messageQuestion":"","mpQuestions":"0x2afd178d","myUser":"0x1d77af6e","sourceOfTheCall":"preview"}|0x28e21c93
10:46:14.0 (44604177)|VARIABLE_ASSIGNMENT|[282]|this.Status__c|"WAITING_REPLY"|0x3a0576a6
10:46:14.0 (44611293)|STATEMENT_EXECUTE|[283]
10:46:14.0 (44762681)|VARIABLE_ASSIGNMENT|[EXTERNAL]|this|{"BusinessLocationName":"","currentInquiryReply":"0x3a0576a6","currentInquiryReplyDetail":"0x2d2c2fca","dailyReportId":"a0IN0000006RUllMAG","dCurrentDay":"2018-06-30T00:00:00Z","dCurrentMonth":"2018-07-01T00:00:00Z","iCurrentDay":0,"idBusinessLocation":"","isIPhone":false,"isPreview":true,"lsBusinessLocation":"0x3e4fbfb1","messageError":"","messageQuestion":"","mpQuestions":"0x2afd178d","myUser":"0x1d77af6e","sourceOfTheCall":"preview"}|0x28e21c93
10:46:14.0 (44808807)|VARIABLE_ASSIGNMENT|[283]|this.Comment__c|""|0x3a0576a6
10:46:14.0 (44815888)|STATEMENT_EXECUTE|[285]
10:46:14.0 (44819949)|HEAP_ALLOCATE|[285]|Bytes:625
10:46:14.0 (44836876)|HEAP_ALLOCATE|[285]|Bytes:4
10:46:14.0 (45332397)|SOQL_EXECUTE_BEGIN|[285]|Aggregations:0|SELECT Id, QuestionLabel__c, AnswerType__c, NumberPossibleReplies__c, IsShortReply__c, SortNo__c, IsRequired__c, Reply01Label__c, Reply02Label__c, Reply03Label__c, Reply04Label__c, Reply05Label__c, Reply06Label__c, Reply07Label__c, Reply08Label__c, Reply09Label__c, Reply10Label__c, Reply11Label__c, Reply12Label__c, Reply13Label__c, Reply14Label__c, Reply15Label__c, Reply16Label__c, Reply17Label__c, Reply18Label__c, Reply19Label__c, Reply20Label__c, Reply21Label__c, Reply22Label__c, Reply23Label__c, Reply24Label__c, Reply25Label__c FROM saInquiryDetail__c WHERE saInquiry__c = :tmpVar1 ORDER BY SortNo__c ASC NULLS FIRST
10:46:14.0 (55378629)|SOQL_EXECUTE_END|[285]|Rows:1
10:46:14.0 (55410601)|HEAP_ALLOCATE|[285]|Bytes:8
10:46:14.0 (55434624)|HEAP_ALLOCATE|[285]|Bytes:282
10:46:14.0 (55495562)|HEAP_ALLOCATE|[285]|Bytes:8
10:46:14.0 (55515165)|VARIABLE_SCOPE_BEGIN|[285]|lsTmpQuest|List<saInquiryDetail__c>|true|false
10:46:14.0 (55559976)|VARIABLE_ASSIGNMENT|[285]|lsTmpQuest|[{"Id":"a0JN0000008h2r2MAA","QuestionLabel__c":"Works?","AnswerType__c":"CHECKBOX","NumberPossibleReplies__c":2,"IsShortReply__c":true,"SortNo__c":0,"IsRequired__c":false,"Reply01Label__c":"Yes!","Reply02Label__c":"No!"}]|0x389e5d87
10:46:14.0 (55759479)|HEAP_ALLOCATE|[295]|Bytes:5
10:46:14.0 (55783394)|HEAP_ALLOCATE|[295]|Bytes:40
10:46:14.0 (55795174)|VARIABLE_SCOPE_BEGIN|[295]|quest|saInquiryDetail__c|true|false
10:46:14.0 (55827364)|VARIABLE_ASSIGNMENT|[295]|quest|{"Id":"a0JN0000008h2r2MAA","QuestionLabel__c":"Works?","AnswerType__c":"CHECKBOX","NumberPossibleReplies__c":2,"IsShortReply__c":true,"SortNo__c":0,"IsRequired__c":false,"Reply01Label__c":"Yes!","Reply02Label__c":"No!"}|0x75b2a9b8
10:46:14.0 (55837183)|STATEMENT_EXECUTE|[295]
10:46:14.0 (55839296)|STATEMENT_EXECUTE|[296]
10:46:14.0 (55864129)|HEAP_ALLOCATE|[296]|Bytes:4
10:46:14.0 (55960734)|VARIABLE_SCOPE_BEGIN|[296]|questReply|saInquiryReplyDetail__c|true|false
10:46:14.0 (55976448)|VARIABLE_ASSIGNMENT|[296]|questReply|{}|0x3f0aa0ec
10:46:14.0 (55982425)|STATEMENT_EXECUTE|[297]
10:46:14.0 (56094375)|VARIABLE_ASSIGNMENT|[297]|this.saInquiryDetail__c|"a0JN0000008h2r2MAA"|0x3f0aa0ec
10:46:14.0 (56102441)|STATEMENT_EXECUTE|[298]
10:46:14.0 (56380283)|VARIABLE_ASSIGNMENT|[EXTERNAL]|this|{"BusinessLocationName":"","currentInquiryReply":"0x3a0576a6","currentInquiryReplyDetail":"0x2d2c2fca","dailyReportId":"a0IN0000006RUllMAG","dCurrentDay":"2018-06-30T00:00:00Z","dCurrentMonth":"2018-07-01T00:00:00Z","iCurrentDay":0,"idBusinessLocation":"","isIPhone":false,"isPreview":true,"lsBusinessLocation":"0x3e4fbfb1","messageError":"","messageQuestion":"","mpQuestions":"0x2afd178d","myUser":"0x1d77af6e","sourceOfTheCall":"preview"}|0x28e21c93
10:46:14.0 (56415321)|HEAP_ALLOCATE|[EXTERNAL]|Bytes:4
10:46:14.0 (56423682)|STATEMENT_EXECUTE|[299]
10:46:14.0 (56573342)|VARIABLE_ASSIGNMENT|[EXTERNAL]|this|{"BusinessLocationName":"","currentInquiryReply":"0x3a0576a6","currentInquiryReplyDetail":"0x2d2c2fca","dailyReportId":"a0IN0000006RUllMAG","dCurrentDay":"2018-06-30T00:00:00Z","dCurrentMonth":"2018-07-01T00:00:00Z","iCurrentDay":0,"idBusinessLocation":"","isIPhone":false,"isPreview":true,"lsBusinessLocation":"0x3e4fbfb1","messageError":"","messageQuestion":"","mpQuestions":"0x2afd178d","myUser":"0x1d77af6e","sourceOfTheCall":"preview"}|0x28e21c93
10:46:14.0 (56611843)|HEAP_ALLOCATE|[EXTERNAL]|Bytes:-4
10:46:14.0 (56630372)|HEAP_ALLOCATE|[295]|Bytes:5
10:46:14.0 (56644778)|VARIABLE_ASSIGNMENT|[295]|quest|null|
10:46:14.0 (56657556)|SYSTEM_MODE_EXIT|false
10:46:14.0 (73388269)|SYSTEM_MODE_ENTER|true
10:46:14.0 (73429952)|HEAP_ALLOCATE|[EXTERNAL]|Bytes:40
10:46:14.0 (73453758)|VARIABLE_ASSIGNMENT|[EXTERNAL]|this.iCountComments|null|0x7655b04f
10:46:14.0 (73500543)|SYSTEM_MODE_ENTER|true
10:46:14.0 (73513296)|HEAP_ALLOCATE|[EXTERNAL]|Bytes:40
10:46:14.0 (73521192)|VARIABLE_ASSIGNMENT|[EXTERNAL]|this.iCountLikes|null|0x7655b04f
10:46:14.0 (73590272)|SYSTEM_MODE_ENTER|true
10:46:14.0 (73659475)|HEAP_ALLOCATE|[EXTERNAL]|Bytes:76
10:46:14.0 (73669892)|VARIABLE_SCOPE_BEGIN|[92]|this|saDailyReportCtrl|true|false
10:46:14.0 (73975273)|VARIABLE_ASSIGNMENT|[92]|this|{"BusinessLocationName":"","currentInquiryReply":"0x3a0576a6","currentInquiryReplyDetail":"0x2d2c2fca","dailyReportId":"a0IN0000006RUllMAG","dCurrentDay":"2018-06-30T00:00:00Z","dCurrentMonth":"2018-07-01T00:00:00Z","iCurrentDay":0,"idBusinessLocation":"","isIPhone":false,"isPreview":true,"lsBusinessLocation":"0x3e4fbfb1","messageError":"","messageQuestion":"","mpQuestions":"0x2afd178d","myUser":"0x1d77af6e","sourceOfTheCall":"preview"}|0x28e21c93
10:46:14.0 (74000832)|SYSTEM_MODE_ENTER|false
10:46:14.0 (74013390)|HEAP_ALLOCATE|[92]|Bytes:5
10:46:14.0 (74019645)|STATEMENT_EXECUTE|[92]
10:46:14.0 (74021944)|STATEMENT_EXECUTE|[92]
10:46:14.0 (74030414)|SYSTEM_MODE_EXIT|false
10:46:14.0 (74084260)|SYSTEM_MODE_ENTER|true
10:46:14.0 (74102890)|HEAP_ALLOCATE|[EXTERNAL]|Bytes:8
10:46:14.0 (74107442)|HEAP_ALLOCATE|[EXTERNAL]|Bytes:40
10:46:14.0 (74116868)|VARIABLE_ASSIGNMENT|[EXTERNAL]|this.iTypeOfScreen|54|0x7655b04f
10:46:14.0 (74185870)|SYSTEM_MODE_ENTER|true
10:46:14.0 (74223813)|HEAP_ALLOCATE|[EXTERNAL]|Bytes:40
10:46:14.0 (74230517)|VARIABLE_SCOPE_BEGIN|[80]|this|auMainTopCompCtrl|true|false
10:46:14.0 (74268840)|VARIABLE_ASSIGNMENT|[80]|this|{"currentUser":"0x415cc464","iTypeOfScreen":54,"urlReportsSFA":"https://cs6.lightnin (84 more) ..."}|0x7655b04f
10:46:14.0 (74278633)|STATEMENT_EXECUTE|[80]
10:46:14.0 (74280519)|STATEMENT_EXECUTE|[81]
10:46:14.0 (74314720)|VARIABLE_ASSIGNMENT|[EXTERNAL]|this|{"currentUser":"0x415cc464","iTypeOfScreen":54,"urlReportsSFA":"https://cs6.lightnin (84 more) ..."}|0x7655b04f
10:46:14.0 (74355859)|VARIABLE_ASSIGNMENT|[EXTERNAL]|this|{"currentUser":"0x415cc464","iTypeOfScreen":54,"urlReportsSFA":"https://cs6.lightnin (84 more) ..."}|0x7655b04f
10:46:14.0 (74385364)|VARIABLE_ASSIGNMENT|[EXTERNAL]|this|{"currentUser":"0x415cc464","iTypeOfScreen":54,"urlReportsSFA":"https://cs6.lightnin (84 more) ..."}|0x7655b04f
10:46:14.0 (74413830)|VARIABLE_ASSIGNMENT|[EXTERNAL]|this|{"currentUser":"0x415cc464","iTypeOfScreen":54,"urlReportsSFA":"https://cs6.lightnin (84 more) ..."}|0x7655b04f
10:46:14.0 (74429409)|HEAP_ALLOCATE|[81]|Bytes:5
10:46:14.0 (74497472)|SYSTEM_MODE_ENTER|true
10:46:14.0 (74536422)|HEAP_ALLOCATE|[EXTERNAL]|Bytes:40
10:46:14.0 (74543038)|VARIABLE_SCOPE_BEGIN|[99]|this|auMainTopCompCtrl|true|false
10:46:14.0 (74572823)|VARIABLE_ASSIGNMENT|[99]|this|{"currentUser":"0x415cc464","iTypeOfScreen":54,"urlReportsSFA":"https://cs6.lightnin (84 more) ..."}|0x7655b04f
10:46:14.0 (74581627)|STATEMENT_EXECUTE|[99]
10:46:14.0 (74583481)|STATEMENT_EXECUTE|[100]
10:46:14.0 (74608939)|VARIABLE_ASSIGNMENT|[EXTERNAL]|this|{"currentUser":"0x415cc464","iTypeOfScreen":54,"urlReportsSFA":"https://cs6.lightnin (84 more) ..."}|0x7655b04f
10:46:14.0 (74622751)|HEAP_ALLOCATE|[100]|Bytes:5
10:46:14.0 (74704690)|SYSTEM_MODE_ENTER|true
10:46:14.0 (74810573)|SYSTEM_MODE_ENTER|true
10:46:14.0 (74909708)|SYSTEM_MODE_ENTER|true
10:46:14.0 (75087941)|SYSTEM_MODE_ENTER|true
10:46:14.0 (77426426)|SYSTEM_MODE_ENTER|true
10:46:14.0 (77509468)|SYSTEM_MODE_ENTER|true
10:46:14.0 (78160144)|SYSTEM_MODE_ENTER|true
10:46:14.0 (78202238)|HEAP_ALLOCATE|[EXTERNAL]|Bytes:76
10:46:14.0 (78210468)|VARIABLE_SCOPE_BEGIN|[141]|this|saDailyReportCtrl|true|false
10:46:14.0 (78385569)|VARIABLE_ASSIGNMENT|[141]|this|{"BusinessLocationName":"","currentInquiryReply":"0x3a0576a6","currentInquiryReplyDetail":"0x2d2c2fca","dailyReportId":"a0IN0000006RUllMAG","dCurrentDay":"2018-06-30T00:00:00Z","dCurrentMonth":"2018-07-01T00:00:00Z","iCurrentDay":0,"idBusinessLocation":"","isIPhone":false,"isPreview":true,"lsBusinessLocation":"0x3e4fbfb1","messageError":"","messageQuestion":"","mpQuestions":"0x2afd178d","myUser":"0x1d77af6e","sourceOfTheCall":"preview"}|0x28e21c93
10:46:14.0 (78405832)|SYSTEM_MODE_ENTER|false
10:46:14.0 (78413781)|HEAP_ALLOCATE|[142]|Bytes:5
10:46:14.0 (78419254)|STATEMENT_EXECUTE|[141]
10:46:14.0 (78421411)|STATEMENT_EXECUTE|[142]
10:46:14.0 (78501462)|HEAP_ALLOCATE|[142]|Bytes:4
10:46:14.0 (78517883)|HEAP_ALLOCATE|[142]|Bytes:1
10:46:14.0 (78539848)|HEAP_ALLOCATE|[142]|Bytes:1
10:46:14.0 (78548456)|HEAP_ALLOCATE|[142]|Bytes:1
10:46:14.0 (78575020)|HEAP_ALLOCATE|[142]|Bytes:2
10:46:14.0 (78591391)|HEAP_ALLOCATE|[142]|Bytes:9
10:46:14.0 (78598816)|HEAP_ALLOCATE|[142]|Bytes:10
10:46:14.0 (78605638)|SYSTEM_MODE_EXIT|false
10:46:14.0 (78792767)|SYSTEM_MODE_ENTER|true
10:46:14.0 (79220472)|SYSTEM_MODE_ENTER|true
10:46:14.0 (93270794)|VF_SERIALIZE_VIEWSTATE_BEGIN|066N0000000M4pW
10:46:14.0 (97039569)|VF_SERIALIZE_VIEWSTATE_END
10:46:14.100 (100490688)|CUMULATIVE_LIMIT_USAGE
10:46:14.100 (100490688)|LIMIT_USAGE_FOR_NS|(default)|
  Number of SOQL queries: 5 out of 100
  Number of query rows: 2 out of 50000
  Number of SOSL queries: 0 out of 20
  Number of DML statements: 0 out of 150
  Number of DML rows: 0 out of 10000
  Maximum CPU time: 0 out of 10000
  Maximum heap size: 0 out of 6000000
  Number of callouts: 0 out of 100
  Number of Email Invocations: 0 out of 10
  Number of future calls: 0 out of 50
  Number of queueable jobs added to the queue: 0 out of 50
  Number of Mobile Apex push calls: 0 out of 10

10:46:14.100 (100490688)|CUMULATIVE_LIMIT_USAGE_END

10:46:14.0 (100535952)|CODE_UNIT_FINISHED|VF: /apex/sadailyreport
10:46:14.0 (101252076)|EXECUTION_FINISHED
