42.0 APEX_CODE,FINEST;APEX_PROFILING,INFO;CALLOUT,INFO;DB,INFO;NBA,INFO;SYSTEM,DEBUG;VALIDATION,INFO;VISUALFORCE,INFO;WAVE,INFO;WORKFLOW,INFO
11:55:26.0 (101812)|USER_INFO|[EXTERNAL]|005N00000057PfO|thomas.remy+kddi_gwdev01@globalway.co.jp|Japan Standard Time|GMT+09:00
11:55:26.0 (139616)|EXECUTION_STARTED
11:55:26.0 (144454)|CODE_UNIT_STARTED|[EXTERNAL]|066N0000000M4pW|VF: /apex/sadailyreport
11:55:26.0 (306163)|VF_DESERIALIZE_VIEWSTATE_BEGIN|066N0000000M4pW
11:55:26.0 (3708427)|HEAP_ALLOCATE|[72]|Bytes:3
11:55:26.0 (3746971)|HEAP_ALLOCATE|[77]|Bytes:152
11:55:26.0 (3762228)|HEAP_ALLOCATE|[342]|Bytes:408
11:55:26.0 (3778357)|HEAP_ALLOCATE|[355]|Bytes:408
11:55:26.0 (3792867)|HEAP_ALLOCATE|[467]|Bytes:48
11:55:26.0 (3823804)|HEAP_ALLOCATE|[139]|Bytes:6
11:55:26.0 (4693796)|HEAP_ALLOCATE|[50]|Bytes:5
11:55:26.0 (4719129)|HEAP_ALLOCATE|[56]|Bytes:5
11:55:26.0 (4729453)|HEAP_ALLOCATE|[64]|Bytes:7
11:55:26.0 (5499592)|VARIABLE_SCOPE_BEGIN|[3]|saDailyReportCtrl.SOURCE|String|false|true
11:55:26.0 (5511833)|VARIABLE_SCOPE_BEGIN|[4]|saDailyReportCtrl.SOURCE_ID|String|false|true
11:55:26.0 (6536308)|VARIABLE_SCOPE_BEGIN|[25]|auMainTopCompCtrl.TYPE_SCREEN_ACCOUNT_LIST|Integer|false|true
11:55:26.0 (6549098)|VARIABLE_SCOPE_BEGIN|[26]|auMainTopCompCtrl.TYPE_SCREEN_ACTIVITY_LIST|Integer|false|true
11:55:26.0 (6556149)|VARIABLE_SCOPE_BEGIN|[7]|auMainTopCompCtrl.TYPE_SCREEN_CX_SCREEN|Integer|false|true
11:55:26.0 (6562836)|VARIABLE_SCOPE_BEGIN|[8]|auMainTopCompCtrl.TYPE_SCREEN_CX_TIMELINE|Integer|false|true
11:55:26.0 (6569690)|VARIABLE_SCOPE_BEGIN|[9]|auMainTopCompCtrl.TYPE_SCREEN_EVENT_SCHEDULE|Integer|false|true
11:55:26.0 (6576769)|VARIABLE_SCOPE_BEGIN|[10]|auMainTopCompCtrl.TYPE_SCREEN_EVENT_SCHEDULE_LIST|Integer|false|true
11:55:26.0 (6583515)|VARIABLE_SCOPE_BEGIN|[27]|auMainTopCompCtrl.TYPE_SCREEN_FILE_LIST|Integer|false|true
11:55:26.0 (6589239)|VARIABLE_SCOPE_BEGIN|[24]|auMainTopCompCtrl.TYPE_SCREEN_HONBU_DIRECT|Integer|false|true
11:55:26.0 (6595312)|VARIABLE_SCOPE_BEGIN|[11]|auMainTopCompCtrl.TYPE_SCREEN_KNOWLEDGE_DASHBOARD|Integer|false|true
11:55:26.0 (6601135)|VARIABLE_SCOPE_BEGIN|[12]|auMainTopCompCtrl.TYPE_SCREEN_KNOWLEDGE_LIST|Integer|false|true
11:55:26.0 (6607550)|VARIABLE_SCOPE_BEGIN|[15]|auMainTopCompCtrl.TYPE_SCREEN_SA_CHATTER|Integer|false|true
11:55:26.0 (6613629)|VARIABLE_SCOPE_BEGIN|[16]|auMainTopCompCtrl.TYPE_SCREEN_SA_DAILYREPORT|Integer|false|true
11:55:26.0 (6619514)|VARIABLE_SCOPE_BEGIN|[22]|auMainTopCompCtrl.TYPE_SCREEN_SA_DAILYREPORTLIST|Integer|false|true
11:55:26.0 (6625601)|VARIABLE_SCOPE_BEGIN|[18]|auMainTopCompCtrl.TYPE_SCREEN_SA_DOCUMENTS|Integer|false|true
11:55:26.0 (6631498)|VARIABLE_SCOPE_BEGIN|[17]|auMainTopCompCtrl.TYPE_SCREEN_SA_ENQUETE|Integer|false|true
11:55:26.0 (6637307)|VARIABLE_SCOPE_BEGIN|[20]|auMainTopCompCtrl.TYPE_SCREEN_SA_LINKS|Integer|false|true
11:55:26.0 (6643327)|VARIABLE_SCOPE_BEGIN|[13]|auMainTopCompCtrl.TYPE_SCREEN_SA_MESSAGES|Integer|false|true
11:55:26.0 (6649526)|VARIABLE_SCOPE_BEGIN|[19]|auMainTopCompCtrl.TYPE_SCREEN_SA_RANKING|Integer|false|true
11:55:26.0 (6655560)|VARIABLE_SCOPE_BEGIN|[14]|auMainTopCompCtrl.TYPE_SCREEN_SA_REPORTS|Integer|false|true
11:55:26.0 (6661589)|VARIABLE_SCOPE_BEGIN|[23]|auMainTopCompCtrl.TYPE_SCREEN_SA_TODO|Integer|false|true
11:55:26.0 (6668542)|VARIABLE_SCOPE_BEGIN|[21]|auMainTopCompCtrl.TYPE_SCREEN_SA_USRSETTINGS|Integer|false|true
11:55:26.0 (6674773)|VARIABLE_SCOPE_BEGIN|[4]|auMainTopCompCtrl.TYPE_SCREEN_STPD_EVENT|Integer|false|true
11:55:26.0 (6681343)|VARIABLE_SCOPE_BEGIN|[6]|auMainTopCompCtrl.TYPE_SCREEN_STPD_SCREEN|Integer|false|true
11:55:26.0 (6687829)|VARIABLE_SCOPE_BEGIN|[5]|auMainTopCompCtrl.TYPE_SCREEN_STPD_TIMELINE|Integer|false|true
11:55:26.0 (6695239)|VARIABLE_SCOPE_BEGIN|[3]|auMainTopCompCtrl.TYPE_SCREEN_SWITCH|Integer|false|true
11:55:26.0 (7867092)|VF_DESERIALIZE_VIEWSTATE_END
11:55:26.0 (10265247)|SYSTEM_MODE_ENTER|true
11:55:26.0 (10573860)|HEAP_ALLOCATE|[EXTERNAL]|Bytes:284
11:55:26.0 (10588311)|HEAP_ALLOCATE|[EXTERNAL]|Bytes:156
11:55:26.0 (10602389)|METHOD_ENTRY|[1]|01pN0000000Mill|auMainTopCompCtrl.auMainTopCompCtrl()
11:55:26.0 (10610149)|STATEMENT_EXECUTE|[1]
11:55:26.0 (10615305)|STATEMENT_EXECUTE|[1]
11:55:26.0 (10616912)|STATEMENT_EXECUTE|[3]
11:55:26.0 (10622376)|HEAP_ALLOCATE|[3]|Bytes:4
11:55:26.0 (10648630)|VARIABLE_ASSIGNMENT|[3]|auMainTopCompCtrl.TYPE_SCREEN_SWITCH|0
11:55:26.0 (10654772)|STATEMENT_EXECUTE|[4]
11:55:26.0 (10657750)|HEAP_ALLOCATE|[4]|Bytes:4
11:55:26.0 (10666759)|VARIABLE_ASSIGNMENT|[4]|auMainTopCompCtrl.TYPE_SCREEN_STPD_EVENT|11
11:55:26.0 (10671350)|STATEMENT_EXECUTE|[5]
11:55:26.0 (10673869)|HEAP_ALLOCATE|[5]|Bytes:4
11:55:26.0 (10681784)|VARIABLE_ASSIGNMENT|[5]|auMainTopCompCtrl.TYPE_SCREEN_STPD_TIMELINE|12
11:55:26.0 (10685947)|STATEMENT_EXECUTE|[6]
11:55:26.0 (10687949)|HEAP_ALLOCATE|[6]|Bytes:4
11:55:26.0 (10694310)|VARIABLE_ASSIGNMENT|[6]|auMainTopCompCtrl.TYPE_SCREEN_STPD_SCREEN|13
11:55:26.0 (10698653)|STATEMENT_EXECUTE|[7]
11:55:26.0 (10700951)|HEAP_ALLOCATE|[7]|Bytes:4
11:55:26.0 (10706793)|VARIABLE_ASSIGNMENT|[7]|auMainTopCompCtrl.TYPE_SCREEN_CX_SCREEN|21
11:55:26.0 (10710857)|STATEMENT_EXECUTE|[8]
11:55:26.0 (10712795)|HEAP_ALLOCATE|[8]|Bytes:4
11:55:26.0 (10718280)|VARIABLE_ASSIGNMENT|[8]|auMainTopCompCtrl.TYPE_SCREEN_CX_TIMELINE|22
11:55:26.0 (10721584)|STATEMENT_EXECUTE|[9]
11:55:26.0 (10723824)|HEAP_ALLOCATE|[9]|Bytes:4
11:55:26.0 (10729240)|VARIABLE_ASSIGNMENT|[9]|auMainTopCompCtrl.TYPE_SCREEN_EVENT_SCHEDULE|31
11:55:26.0 (10733420)|STATEMENT_EXECUTE|[10]
11:55:26.0 (10735525)|HEAP_ALLOCATE|[10]|Bytes:4
11:55:26.0 (10741762)|VARIABLE_ASSIGNMENT|[10]|auMainTopCompCtrl.TYPE_SCREEN_EVENT_SCHEDULE_LIST|32
11:55:26.0 (10745513)|STATEMENT_EXECUTE|[11]
11:55:26.0 (10747745)|HEAP_ALLOCATE|[11]|Bytes:4
11:55:26.0 (10753780)|VARIABLE_ASSIGNMENT|[11]|auMainTopCompCtrl.TYPE_SCREEN_KNOWLEDGE_DASHBOARD|41
11:55:26.0 (10757614)|STATEMENT_EXECUTE|[12]
11:55:26.0 (10759619)|HEAP_ALLOCATE|[12]|Bytes:4
11:55:26.0 (10765848)|VARIABLE_ASSIGNMENT|[12]|auMainTopCompCtrl.TYPE_SCREEN_KNOWLEDGE_LIST|42
11:55:26.0 (10770109)|STATEMENT_EXECUTE|[13]
11:55:26.0 (10772164)|HEAP_ALLOCATE|[13]|Bytes:4
11:55:26.0 (10778391)|VARIABLE_ASSIGNMENT|[13]|auMainTopCompCtrl.TYPE_SCREEN_SA_MESSAGES|51
11:55:26.0 (10782342)|STATEMENT_EXECUTE|[14]
11:55:26.0 (10784338)|HEAP_ALLOCATE|[14]|Bytes:4
11:55:26.0 (10790559)|VARIABLE_ASSIGNMENT|[14]|auMainTopCompCtrl.TYPE_SCREEN_SA_REPORTS|52
11:55:26.0 (10794467)|STATEMENT_EXECUTE|[15]
11:55:26.0 (10796549)|HEAP_ALLOCATE|[15]|Bytes:4
11:55:26.0 (10802147)|VARIABLE_ASSIGNMENT|[15]|auMainTopCompCtrl.TYPE_SCREEN_SA_CHATTER|53
11:55:26.0 (10805830)|STATEMENT_EXECUTE|[16]
11:55:26.0 (10807954)|HEAP_ALLOCATE|[16]|Bytes:4
11:55:26.0 (10819906)|VARIABLE_ASSIGNMENT|[16]|auMainTopCompCtrl.TYPE_SCREEN_SA_DAILYREPORT|54
11:55:26.0 (10824031)|STATEMENT_EXECUTE|[17]
11:55:26.0 (10826511)|HEAP_ALLOCATE|[17]|Bytes:4
11:55:26.0 (10832493)|VARIABLE_ASSIGNMENT|[17]|auMainTopCompCtrl.TYPE_SCREEN_SA_ENQUETE|55
11:55:26.0 (10836748)|STATEMENT_EXECUTE|[18]
11:55:26.0 (10838715)|HEAP_ALLOCATE|[18]|Bytes:4
11:55:26.0 (10845120)|VARIABLE_ASSIGNMENT|[18]|auMainTopCompCtrl.TYPE_SCREEN_SA_DOCUMENTS|56
11:55:26.0 (10849353)|STATEMENT_EXECUTE|[19]
11:55:26.0 (10851515)|HEAP_ALLOCATE|[19]|Bytes:4
11:55:26.0 (10857761)|VARIABLE_ASSIGNMENT|[19]|auMainTopCompCtrl.TYPE_SCREEN_SA_RANKING|57
11:55:26.0 (10861277)|STATEMENT_EXECUTE|[20]
11:55:26.0 (10863329)|HEAP_ALLOCATE|[20]|Bytes:4
11:55:26.0 (10869704)|VARIABLE_ASSIGNMENT|[20]|auMainTopCompCtrl.TYPE_SCREEN_SA_LINKS|58
11:55:26.0 (10874113)|STATEMENT_EXECUTE|[21]
11:55:26.0 (10876206)|HEAP_ALLOCATE|[21]|Bytes:4
11:55:26.0 (10882376)|VARIABLE_ASSIGNMENT|[21]|auMainTopCompCtrl.TYPE_SCREEN_SA_USRSETTINGS|59
11:55:26.0 (10886777)|STATEMENT_EXECUTE|[22]
11:55:26.0 (10888853)|HEAP_ALLOCATE|[22]|Bytes:4
11:55:26.0 (10895192)|VARIABLE_ASSIGNMENT|[22]|auMainTopCompCtrl.TYPE_SCREEN_SA_DAILYREPORTLIST|60
11:55:26.0 (10899243)|STATEMENT_EXECUTE|[23]
11:55:26.0 (10901390)|HEAP_ALLOCATE|[23]|Bytes:4
11:55:26.0 (10909148)|VARIABLE_ASSIGNMENT|[23]|auMainTopCompCtrl.TYPE_SCREEN_SA_TODO|61
11:55:26.0 (10913487)|STATEMENT_EXECUTE|[24]
11:55:26.0 (10915669)|HEAP_ALLOCATE|[24]|Bytes:4
11:55:26.0 (10921365)|VARIABLE_ASSIGNMENT|[24]|auMainTopCompCtrl.TYPE_SCREEN_HONBU_DIRECT|71
11:55:26.0 (10925389)|STATEMENT_EXECUTE|[25]
11:55:26.0 (10927475)|HEAP_ALLOCATE|[25]|Bytes:4
11:55:26.0 (10932952)|VARIABLE_ASSIGNMENT|[25]|auMainTopCompCtrl.TYPE_SCREEN_ACCOUNT_LIST|81
11:55:26.0 (10936283)|STATEMENT_EXECUTE|[26]
11:55:26.0 (10938503)|HEAP_ALLOCATE|[26]|Bytes:4
11:55:26.0 (10943804)|VARIABLE_ASSIGNMENT|[26]|auMainTopCompCtrl.TYPE_SCREEN_ACTIVITY_LIST|82
11:55:26.0 (10947726)|STATEMENT_EXECUTE|[27]
11:55:26.0 (10950647)|HEAP_ALLOCATE|[27]|Bytes:4
11:55:26.0 (10956670)|VARIABLE_ASSIGNMENT|[27]|auMainTopCompCtrl.TYPE_SCREEN_FILE_LIST|83
11:55:26.0 (10964829)|METHOD_EXIT|[1]|auMainTopCompCtrl
11:55:26.0 (10971076)|HEAP_ALLOCATE|[EXTERNAL]|Bytes:44
11:55:26.0 (10979210)|VARIABLE_SCOPE_BEGIN|[88]|this|auMainTopCompCtrl|true|false
11:55:26.0 (11043258)|VARIABLE_ASSIGNMENT|[88]|this|{"currentUser":"0x51bf5ee7","isSAUser":false,"iTypeOfScreen":54,"urlReportsSFA":"https://cs6.lightnin (84 more) ..."}|0x61fd34c4
11:55:26.0 (11056660)|STATEMENT_EXECUTE|[88]
11:55:26.0 (11058780)|STATEMENT_EXECUTE|[89]
11:55:26.0 (11112034)|VARIABLE_ASSIGNMENT|[EXTERNAL]|this|{"currentUser":"0x51bf5ee7","isSAUser":false,"iTypeOfScreen":54,"urlReportsSFA":"https://cs6.lightnin (84 more) ..."}|0x61fd34c4
11:55:26.0 (11159716)|VARIABLE_ASSIGNMENT|[EXTERNAL]|this|{"currentUser":"0x51bf5ee7","isSAUser":false,"iTypeOfScreen":54,"urlReportsSFA":"https://cs6.lightnin (84 more) ..."}|0x61fd34c4
11:55:26.0 (11198087)|VARIABLE_ASSIGNMENT|[EXTERNAL]|this|{"currentUser":"0x51bf5ee7","isSAUser":false,"iTypeOfScreen":54,"urlReportsSFA":"https://cs6.lightnin (84 more) ..."}|0x61fd34c4
11:55:26.0 (11236506)|VARIABLE_ASSIGNMENT|[EXTERNAL]|this|{"currentUser":"0x51bf5ee7","isSAUser":false,"iTypeOfScreen":54,"urlReportsSFA":"https://cs6.lightnin (84 more) ..."}|0x61fd34c4
11:55:26.0 (11256462)|HEAP_ALLOCATE|[89]|Bytes:5
11:55:26.0 (11367903)|SYSTEM_MODE_ENTER|true
11:55:26.0 (11403615)|HEAP_ALLOCATE|[EXTERNAL]|Bytes:44
11:55:26.0 (11410781)|VARIABLE_SCOPE_BEGIN|[106]|this|auMainTopCompCtrl|true|false
11:55:26.0 (11444066)|VARIABLE_ASSIGNMENT|[106]|this|{"currentUser":"0x51bf5ee7","isSAUser":false,"iTypeOfScreen":54,"urlReportsSFA":"https://cs6.lightnin (84 more) ..."}|0x61fd34c4
11:55:26.0 (11455319)|STATEMENT_EXECUTE|[106]
11:55:26.0 (11457402)|STATEMENT_EXECUTE|[107]
11:55:26.0 (11492831)|VARIABLE_ASSIGNMENT|[EXTERNAL]|this|{"currentUser":"0x51bf5ee7","isSAUser":false,"iTypeOfScreen":54,"urlReportsSFA":"https://cs6.lightnin (84 more) ..."}|0x61fd34c4
11:55:26.0 (11508654)|HEAP_ALLOCATE|[107]|Bytes:5
11:55:26.0 (11575215)|SYSTEM_MODE_ENTER|true
11:55:26.0 (11606600)|HEAP_ALLOCATE|[EXTERNAL]|Bytes:44
11:55:26.0 (11613897)|VARIABLE_SCOPE_BEGIN|[110]|this|auMainTopCompCtrl|true|false
11:55:26.0 (11646293)|VARIABLE_ASSIGNMENT|[110]|this|{"currentUser":"0x51bf5ee7","isSAUser":false,"iTypeOfScreen":54,"urlReportsSFA":"https://cs6.lightnin (84 more) ..."}|0x61fd34c4
11:55:26.0 (11655822)|STATEMENT_EXECUTE|[110]
11:55:26.0 (11657430)|STATEMENT_EXECUTE|[111]
11:55:26.0 (11691382)|VARIABLE_ASSIGNMENT|[EXTERNAL]|this|{"currentUser":"0x51bf5ee7","isSAUser":false,"iTypeOfScreen":54,"urlReportsSFA":"https://cs6.lightnin (84 more) ..."}|0x61fd34c4
11:55:26.0 (11707674)|HEAP_ALLOCATE|[111]|Bytes:5
11:55:26.0 (11765695)|SYSTEM_MODE_ENTER|true
11:55:26.0 (11794449)|HEAP_ALLOCATE|[EXTERNAL]|Bytes:44
11:55:26.0 (11800921)|VARIABLE_SCOPE_BEGIN|[114]|this|auMainTopCompCtrl|true|false
11:55:26.0 (11837759)|VARIABLE_ASSIGNMENT|[114]|this|{"currentUser":"0x51bf5ee7","isSAUser":false,"iTypeOfScreen":54,"urlReportsSFA":"https://cs6.lightnin (84 more) ..."}|0x61fd34c4
11:55:26.0 (11847731)|STATEMENT_EXECUTE|[114]
11:55:26.0 (11849529)|STATEMENT_EXECUTE|[115]
11:55:26.0 (11882531)|VARIABLE_ASSIGNMENT|[EXTERNAL]|this|{"currentUser":"0x51bf5ee7","isSAUser":false,"iTypeOfScreen":54,"urlReportsSFA":"https://cs6.lightnin (84 more) ..."}|0x61fd34c4
11:55:26.0 (11897378)|HEAP_ALLOCATE|[115]|Bytes:5
11:55:26.0 (11979787)|SYSTEM_MODE_ENTER|true
11:55:26.0 (12002545)|HEAP_ALLOCATE|[EXTERNAL]|Bytes:44
11:55:26.0 (12015463)|VARIABLE_ASSIGNMENT|[EXTERNAL]|this.iCountComments|null|0x61fd34c4
11:55:26.0 (12059215)|SYSTEM_MODE_ENTER|true
11:55:26.0 (12072145)|HEAP_ALLOCATE|[EXTERNAL]|Bytes:44
11:55:26.0 (12080617)|VARIABLE_ASSIGNMENT|[EXTERNAL]|this.iCountLikes|null|0x61fd34c4
11:55:26.0 (12168976)|SYSTEM_MODE_ENTER|true
11:55:26.0 (12206782)|HEAP_ALLOCATE|[EXTERNAL]|Bytes:26
11:55:26.0 (12215703)|HEAP_ALLOCATE|[EXTERNAL]|Bytes:460
11:55:26.0 (12220525)|HEAP_ALLOCATE|[EXTERNAL]|Bytes:111
11:55:26.0 (12224358)|HEAP_ALLOCATE|[EXTERNAL]|Bytes:33
11:55:26.0 (12228607)|HEAP_ALLOCATE|[EXTERNAL]|Bytes:3
11:55:26.0 (12237790)|VARIABLE_ASSIGNMENT|[EXTERNAL]|saDailyReportCtrl.SOURCE|"src"
11:55:26.0 (12242937)|HEAP_ALLOCATE|[EXTERNAL]|Bytes:2
11:55:26.0 (12249211)|VARIABLE_ASSIGNMENT|[EXTERNAL]|saDailyReportCtrl.SOURCE_ID|"id"
11:55:26.0 (12257732)|METHOD_ENTRY|[1]|01pN0000000aE0W|saDailyReportCtrl.saDailyReportCtrl()
11:55:26.0 (12262995)|STATEMENT_EXECUTE|[1]
11:55:26.0 (12266210)|STATEMENT_EXECUTE|[1]
11:55:26.0 (12273397)|SYSTEM_MODE_ENTER|false
11:55:26.0 (12280070)|HEAP_ALLOCATE|[EXTERNAL]|Bytes:5
11:55:26.0 (12284812)|STATEMENT_EXECUTE|[644]
11:55:26.0 (12286554)|STATEMENT_EXECUTE|[671]
11:55:26.0 (12290144)|SYSTEM_MODE_EXIT|false
11:55:26.0 (12297776)|METHOD_EXIT|[1]|saDailyReportCtrl
11:55:26.0 (12303154)|HEAP_ALLOCATE|[EXTERNAL]|Bytes:76
11:55:26.0 (12308903)|VARIABLE_SCOPE_BEGIN|[84]|this|saDailyReportCtrl|true|false
11:55:26.0 (12703313)|VARIABLE_ASSIGNMENT|[84]|this|{"BusinessLocationName":"","currentInquiryReply":"0x30ceeff5","currentInquiryReplyDetail":"0x381da63c","dailyReportId":"a0IN0000006RUlWMAW","dCurrentDay":"2018-06-30T00:00:00Z","dCurrentMonth":"2018-07-01T00:00:00Z","iCurrentDay":0,"idBusinessLocation":"","isIPhone":false,"isPreview":true,"lsBusinessLocation":"0x13fe9fbe","messageError":"","messageQuestion":"","mpQuestions":"0x7e11a3be","myUser":"0x39e74ace"}|0x6c202443
11:55:26.0 (12724869)|SYSTEM_MODE_ENTER|false
11:55:26.0 (12732612)|HEAP_ALLOCATE|[84]|Bytes:5
11:55:26.0 (12737778)|STATEMENT_EXECUTE|[84]
11:55:26.0 (12739938)|STATEMENT_EXECUTE|[84]
11:55:26.0 (12744884)|SYSTEM_MODE_EXIT|false
11:55:26.0 (12808509)|SYSTEM_MODE_ENTER|true
11:55:26.0 (12833973)|HEAP_ALLOCATE|[EXTERNAL]|Bytes:8
11:55:26.0 (12843196)|HEAP_ALLOCATE|[EXTERNAL]|Bytes:44
11:55:26.0 (12854125)|VARIABLE_ASSIGNMENT|[EXTERNAL]|this.iTypeOfScreen|54|0x61fd34c4
11:55:26.0 (13011593)|SYSTEM_MODE_ENTER|true
11:55:26.0 (13102135)|SYSTEM_MODE_ENTER|true
11:55:26.0 (13188896)|SYSTEM_MODE_ENTER|true
11:55:26.0 (13394525)|SYSTEM_MODE_ENTER|true
11:55:26.0 (14768334)|SYSTEM_MODE_ENTER|true
11:55:26.0 (17088271)|SYSTEM_MODE_ENTER|true
11:55:26.0 (17141997)|SYSTEM_MODE_ENTER|true
11:55:26.0 (17181910)|SYSTEM_MODE_ENTER|true
11:55:26.0 (17221202)|SYSTEM_MODE_ENTER|true
11:55:26.0 (17257920)|SYSTEM_MODE_ENTER|true
11:55:26.0 (17311360)|SYSTEM_MODE_ENTER|true
11:55:26.0 (17349195)|HEAP_ALLOCATE|[EXTERNAL]|Bytes:44
11:55:26.0 (17357083)|VARIABLE_SCOPE_BEGIN|[88]|this|auMainTopCompCtrl|true|false
11:55:26.0 (17399692)|VARIABLE_ASSIGNMENT|[88]|this|{"currentUser":"0x51bf5ee7","isSAUser":false,"iTypeOfScreen":54,"urlReportsSFA":"https://cs6.lightnin (84 more) ..."}|0x61fd34c4
11:55:26.0 (17411130)|STATEMENT_EXECUTE|[88]
11:55:26.0 (17413099)|STATEMENT_EXECUTE|[89]
11:55:26.0 (17447605)|VARIABLE_ASSIGNMENT|[EXTERNAL]|this|{"currentUser":"0x51bf5ee7","isSAUser":false,"iTypeOfScreen":54,"urlReportsSFA":"https://cs6.lightnin (84 more) ..."}|0x61fd34c4
11:55:26.0 (17486471)|VARIABLE_ASSIGNMENT|[EXTERNAL]|this|{"currentUser":"0x51bf5ee7","isSAUser":false,"iTypeOfScreen":54,"urlReportsSFA":"https://cs6.lightnin (84 more) ..."}|0x61fd34c4
11:55:26.0 (17520942)|VARIABLE_ASSIGNMENT|[EXTERNAL]|this|{"currentUser":"0x51bf5ee7","isSAUser":false,"iTypeOfScreen":54,"urlReportsSFA":"https://cs6.lightnin (84 more) ..."}|0x61fd34c4
11:55:26.0 (17554500)|VARIABLE_ASSIGNMENT|[EXTERNAL]|this|{"currentUser":"0x51bf5ee7","isSAUser":false,"iTypeOfScreen":54,"urlReportsSFA":"https://cs6.lightnin (84 more) ..."}|0x61fd34c4
11:55:26.0 (17572421)|HEAP_ALLOCATE|[89]|Bytes:5
11:55:26.0 (17625928)|SYSTEM_MODE_ENTER|true
11:55:26.0 (17658565)|HEAP_ALLOCATE|[EXTERNAL]|Bytes:44
11:55:26.0 (17665886)|VARIABLE_SCOPE_BEGIN|[106]|this|auMainTopCompCtrl|true|false
11:55:26.0 (17699489)|VARIABLE_ASSIGNMENT|[106]|this|{"currentUser":"0x51bf5ee7","isSAUser":false,"iTypeOfScreen":54,"urlReportsSFA":"https://cs6.lightnin (84 more) ..."}|0x61fd34c4
11:55:26.0 (17708818)|STATEMENT_EXECUTE|[106]
11:55:26.0 (17710851)|STATEMENT_EXECUTE|[107]
11:55:26.0 (17739005)|VARIABLE_ASSIGNMENT|[EXTERNAL]|this|{"currentUser":"0x51bf5ee7","isSAUser":false,"iTypeOfScreen":54,"urlReportsSFA":"https://cs6.lightnin (84 more) ..."}|0x61fd34c4
11:55:26.0 (17754230)|HEAP_ALLOCATE|[107]|Bytes:5
11:55:26.0 (17801200)|SYSTEM_MODE_ENTER|true
11:55:26.0 (17836357)|HEAP_ALLOCATE|[EXTERNAL]|Bytes:44
11:55:26.0 (17842405)|VARIABLE_SCOPE_BEGIN|[110]|this|auMainTopCompCtrl|true|false
11:55:26.0 (17874689)|VARIABLE_ASSIGNMENT|[110]|this|{"currentUser":"0x51bf5ee7","isSAUser":false,"iTypeOfScreen":54,"urlReportsSFA":"https://cs6.lightnin (84 more) ..."}|0x61fd34c4
11:55:26.0 (17884171)|STATEMENT_EXECUTE|[110]
11:55:26.0 (17885890)|STATEMENT_EXECUTE|[111]
11:55:26.0 (17913156)|VARIABLE_ASSIGNMENT|[EXTERNAL]|this|{"currentUser":"0x51bf5ee7","isSAUser":false,"iTypeOfScreen":54,"urlReportsSFA":"https://cs6.lightnin (84 more) ..."}|0x61fd34c4
11:55:26.0 (17927402)|HEAP_ALLOCATE|[111]|Bytes:5
11:55:26.0 (17971418)|SYSTEM_MODE_ENTER|true
11:55:26.0 (17997703)|HEAP_ALLOCATE|[EXTERNAL]|Bytes:44
11:55:26.0 (18003655)|VARIABLE_SCOPE_BEGIN|[114]|this|auMainTopCompCtrl|true|false
11:55:26.0 (18034866)|VARIABLE_ASSIGNMENT|[114]|this|{"currentUser":"0x51bf5ee7","isSAUser":false,"iTypeOfScreen":54,"urlReportsSFA":"https://cs6.lightnin (84 more) ..."}|0x61fd34c4
11:55:26.0 (18044396)|STATEMENT_EXECUTE|[114]
11:55:26.0 (18046361)|STATEMENT_EXECUTE|[115]
11:55:26.0 (18073782)|VARIABLE_ASSIGNMENT|[EXTERNAL]|this|{"currentUser":"0x51bf5ee7","isSAUser":false,"iTypeOfScreen":54,"urlReportsSFA":"https://cs6.lightnin (84 more) ..."}|0x61fd34c4
11:55:26.0 (18087904)|HEAP_ALLOCATE|[115]|Bytes:5
11:55:26.0 (21113023)|SYSTEM_MODE_ENTER|true
11:55:26.0 (21139986)|HEAP_ALLOCATE|[EXTERNAL]|Bytes:16
11:55:26.0 (21145981)|HEAP_ALLOCATE|[EXTERNAL]|Bytes:76
11:55:26.0 (21160804)|VARIABLE_ASSIGNMENT|[EXTERNAL]|this.messageError|"正しいデーターを入れてください。"|0x6c202443
11:55:26.0 (21193486)|SYSTEM_MODE_ENTER|true
11:55:26.0 (21207574)|HEAP_ALLOCATE|[EXTERNAL]|Bytes:76
11:55:26.0 (21217357)|VARIABLE_ASSIGNMENT|[EXTERNAL]|this.messageQuestion|""|0x6c202443
11:55:26.0 (21242030)|SYSTEM_MODE_ENTER|true
11:55:26.0 (21257120)|HEAP_ALLOCATE|[EXTERNAL]|Bytes:5
11:55:26.0 (21261409)|HEAP_ALLOCATE|[EXTERNAL]|Bytes:76
11:55:26.0 (21268793)|VARIABLE_ASSIGNMENT|[EXTERNAL]|this.isPreview|true|0x6c202443
11:55:26.0 (21293735)|SYSTEM_MODE_ENTER|true
11:55:26.0 (21305937)|HEAP_ALLOCATE|[EXTERNAL]|Bytes:76
11:55:26.0 (21314335)|VARIABLE_ASSIGNMENT|[EXTERNAL]|this.idBusinessLocation|""|0x6c202443
11:55:26.0 (21337349)|SYSTEM_MODE_ENTER|true
11:55:26.0 (21350089)|HEAP_ALLOCATE|[EXTERNAL]|Bytes:8
11:55:26.0 (21354266)|HEAP_ALLOCATE|[EXTERNAL]|Bytes:76
11:55:26.0 (21361540)|VARIABLE_ASSIGNMENT|[EXTERNAL]|this.iCurrentDay|0|0x6c202443
11:55:26.0 (21468249)|SYSTEM_MODE_ENTER|true
11:55:26.0 (21482342)|HEAP_ALLOCATE|[EXTERNAL]|Bytes:44
11:55:26.0 (21491176)|VARIABLE_ASSIGNMENT|[EXTERNAL]|this.iCountComments|null|0x61fd34c4
11:55:26.0 (21523370)|SYSTEM_MODE_ENTER|true
11:55:26.0 (21534268)|HEAP_ALLOCATE|[EXTERNAL]|Bytes:44
11:55:26.0 (21541789)|VARIABLE_ASSIGNMENT|[EXTERNAL]|this.iCountLikes|null|0x61fd34c4
11:55:26.0 (21585249)|SYSTEM_MODE_ENTER|true
11:55:26.0 (21621798)|HEAP_ALLOCATE|[EXTERNAL]|Bytes:76
11:55:26.0 (21629375)|VARIABLE_SCOPE_BEGIN|[84]|this|saDailyReportCtrl|true|false
11:55:26.0 (21851386)|VARIABLE_ASSIGNMENT|[84]|this|{"BusinessLocationName":"","currentInquiryReply":"0x30ceeff5","currentInquiryReplyDetail":"0x381da63c","dailyReportId":"a0IN0000006RUlWMAW","dCurrentDay":"2018-06-30T00:00:00Z","dCurrentMonth":"2018-07-01T00:00:00Z","iCurrentDay":0,"idBusinessLocation":"","isIPhone":false,"isPreview":true,"lsBusinessLocation":"0x13fe9fbe","messageError":"正しいデーターを入れてください。","messageQuestion":"","mpQuestions":"0x7e11a3be","myUser":"0x39e74ace"}|0x6c202443
11:55:26.0 (21873205)|SYSTEM_MODE_ENTER|false
11:55:26.0 (21880509)|HEAP_ALLOCATE|[84]|Bytes:5
11:55:26.0 (21886105)|STATEMENT_EXECUTE|[84]
11:55:26.0 (21888114)|STATEMENT_EXECUTE|[84]
11:55:26.0 (21892707)|SYSTEM_MODE_EXIT|false
11:55:26.0 (21935792)|SYSTEM_MODE_ENTER|true
11:55:26.0 (21951184)|HEAP_ALLOCATE|[EXTERNAL]|Bytes:8
11:55:26.0 (21955735)|HEAP_ALLOCATE|[EXTERNAL]|Bytes:44
11:55:26.0 (21965096)|VARIABLE_ASSIGNMENT|[EXTERNAL]|this.iTypeOfScreen|54|0x61fd34c4
11:55:26.0 (22106107)|SYSTEM_MODE_ENTER|true
11:55:26.0 (24679555)|HEAP_ALLOCATE|[EXTERNAL]|Bytes:76
11:55:26.0 (24692226)|VARIABLE_SCOPE_BEGIN|[191]|this|saDailyReportCtrl|true|false
11:55:26.0 (24874135)|VARIABLE_ASSIGNMENT|[191]|this|{"BusinessLocationName":"","currentInquiryReply":"0x30ceeff5","currentInquiryReplyDetail":"0x381da63c","dailyReportId":"a0IN0000006RUlWMAW","dCurrentDay":"2018-06-30T00:00:00Z","dCurrentMonth":"2018-07-01T00:00:00Z","iCurrentDay":0,"idBusinessLocation":"","isIPhone":false,"isPreview":true,"lsBusinessLocation":"0x13fe9fbe","messageError":"正しいデーターを入れてください。","messageQuestion":"","mpQuestions":"0x7e11a3be","myUser":"0x39e74ace"}|0x6c202443
11:55:26.0 (24895194)|SYSTEM_MODE_ENTER|false
11:55:26.0 (24902798)|HEAP_ALLOCATE|[193]|Bytes:5
11:55:26.0 (24909693)|STATEMENT_EXECUTE|[191]
11:55:26.0 (24911768)|STATEMENT_EXECUTE|[193]
11:55:26.0 (25084314)|VARIABLE_ASSIGNMENT|[EXTERNAL]|this|{"BusinessLocationName":"","currentInquiryReply":"0x30ceeff5","currentInquiryReplyDetail":"0x381da63c","dailyReportId":"a0IN0000006RUlWMAW","dCurrentDay":"2018-06-30T00:00:00Z","dCurrentMonth":"2018-07-01T00:00:00Z","iCurrentDay":0,"idBusinessLocation":"","isIPhone":false,"isPreview":true,"lsBusinessLocation":"0x13fe9fbe","messageError":"正しいデーターを入れてください。","messageQuestion":"","mpQuestions":"0x7e11a3be","myUser":"0x39e74ace"}|0x6c202443
11:55:26.0 (25101994)|VARIABLE_ASSIGNMENT|[EXTERNAL]|value|""
11:55:26.0 (25114874)|VARIABLE_ASSIGNMENT|[6]|this.messageError|""|0x6c202443
11:55:26.0 (25127530)|STATEMENT_EXECUTE|[194]
11:55:26.0 (25274835)|VARIABLE_ASSIGNMENT|[EXTERNAL]|this|{"BusinessLocationName":"","currentInquiryReply":"0x30ceeff5","currentInquiryReplyDetail":"0x381da63c","dailyReportId":"a0IN0000006RUlWMAW","dCurrentDay":"2018-06-30T00:00:00Z","dCurrentMonth":"2018-07-01T00:00:00Z","iCurrentDay":0,"idBusinessLocation":"","isIPhone":false,"isPreview":true,"lsBusinessLocation":"0x13fe9fbe","messageError":"","messageQuestion":"","mpQuestions":"0x7e11a3be","myUser":"0x39e74ace"}|0x6c202443
11:55:26.0 (25290026)|VARIABLE_ASSIGNMENT|[EXTERNAL]|value|""
11:55:26.0 (25301126)|VARIABLE_ASSIGNMENT|[7]|this.messageQuestion|""|0x6c202443
11:55:26.0 (25311147)|STATEMENT_EXECUTE|[196]
11:55:26.0 (25313045)|STATEMENT_EXECUTE|[196]
11:55:26.0 (25314691)|STATEMENT_EXECUTE|[198]
11:55:26.0 (25511785)|VARIABLE_ASSIGNMENT|[EXTERNAL]|this|{"BusinessLocationName":"","currentInquiryReply":"0x30ceeff5","currentInquiryReplyDetail":"0x381da63c","dailyReportId":"a0IN0000006RUlWMAW","dCurrentDay":"2018-06-30T00:00:00Z","dCurrentMonth":"2018-07-01T00:00:00Z","iCurrentDay":0,"idBusinessLocation":"","isIPhone":false,"isPreview":true,"lsBusinessLocation":"0x13fe9fbe","messageError":"","messageQuestion":"","mpQuestions":"0x7e11a3be","myUser":"0x39e74ace"}|0x6c202443
11:55:26.0 (25571164)|HEAP_ALLOCATE|[198]|Bytes:4
11:55:26.0 (25605346)|VARIABLE_ASSIGNMENT|[198]|this.dCurrentDay|"2018-06-30T00:00:00.000Z"|0x6c202443
11:55:26.0 (25612409)|STATEMENT_EXECUTE|[200]
11:55:26.0 (25626774)|HEAP_ALLOCATE|[200]|Bytes:4
11:55:26.0 (25852326)|VARIABLE_ASSIGNMENT|[EXTERNAL]|this|{"BusinessLocationName":"","currentInquiryReply":"0x30ceeff5","currentInquiryReplyDetail":"0x381da63c","dailyReportId":"a0IN0000006RUlWMAW","dCurrentDay":"2018-06-30T00:00:00Z","dCurrentMonth":"2018-07-01T00:00:00Z","iCurrentDay":0,"idBusinessLocation":"","isIPhone":false,"isPreview":true,"lsBusinessLocation":"0x13fe9fbe","messageError":"","messageQuestion":"","mpQuestions":"0x7e11a3be","myUser":"0x39e74ace"}|0x6c202443
11:55:26.0 (25868421)|HEAP_ALLOCATE|[EXTERNAL]|Bytes:4
11:55:26.0 (25880850)|VARIABLE_ASSIGNMENT|[EXTERNAL]|value|[]|0x7ec3e0ac
11:55:26.0 (25893298)|VARIABLE_ASSIGNMENT|[22]|this.currentInquiryReplyDetail|[]|0x6c202443
11:55:26.0 (25907791)|STATEMENT_EXECUTE|[201]
11:55:26.0 (25920430)|HEAP_ALLOCATE|[201]|Bytes:4
11:55:26.0 (26098615)|VARIABLE_ASSIGNMENT|[EXTERNAL]|this|{"BusinessLocationName":"","currentInquiryReply":"0x30ceeff5","currentInquiryReplyDetail":"0x7ec3e0ac","dailyReportId":"a0IN0000006RUlWMAW","dCurrentDay":"2018-06-30T00:00:00Z","dCurrentMonth":"2018-07-01T00:00:00Z","iCurrentDay":0,"idBusinessLocation":"","isIPhone":false,"isPreview":true,"lsBusinessLocation":"0x13fe9fbe","messageError":"","messageQuestion":"","mpQuestions":"0x7e11a3be","myUser":"0x39e74ace"}|0x6c202443
11:55:26.0 (26120921)|VARIABLE_ASSIGNMENT|[EXTERNAL]|value|{}|0x1d2efb3c
11:55:26.0 (26133138)|VARIABLE_ASSIGNMENT|[24]|this.mpQuestions|{}|0x6c202443
11:55:26.0 (26142981)|STATEMENT_EXECUTE|[203]
11:55:26.0 (26288457)|VARIABLE_ASSIGNMENT|[EXTERNAL]|this|{"BusinessLocationName":"","currentInquiryReply":"0x30ceeff5","currentInquiryReplyDetail":"0x7ec3e0ac","dailyReportId":"a0IN0000006RUlWMAW","dCurrentDay":"2018-06-30T00:00:00Z","dCurrentMonth":"2018-07-01T00:00:00Z","iCurrentDay":0,"idBusinessLocation":"","isIPhone":false,"isPreview":true,"lsBusinessLocation":"0x13fe9fbe","messageError":"","messageQuestion":"","mpQuestions":"0x1d2efb3c","myUser":"0x39e74ace"}|0x6c202443
11:55:26.0 (26303056)|VARIABLE_ASSIGNMENT|[EXTERNAL]|value|""
11:55:26.0 (26313693)|VARIABLE_ASSIGNMENT|[23]|this.BusinessLocationName|""|0x6c202443
11:55:26.0 (26326093)|HEAP_ALLOCATE|[204]|Bytes:81
11:55:26.0 (26342589)|HEAP_ALLOCATE|[204]|Bytes:4
11:55:26.0 (26352153)|HEAP_ALLOCATE|[204]|Bytes:7
11:55:26.0 (26498549)|VARIABLE_ASSIGNMENT|[EXTERNAL]|this|{"BusinessLocationName":"","currentInquiryReply":"0x30ceeff5","currentInquiryReplyDetail":"0x7ec3e0ac","dailyReportId":"a0IN0000006RUlWMAW","dCurrentDay":"2018-06-30T00:00:00Z","dCurrentMonth":"2018-07-01T00:00:00Z","iCurrentDay":0,"idBusinessLocation":"","isIPhone":false,"isPreview":true,"lsBusinessLocation":"0x13fe9fbe","messageError":"","messageQuestion":"","mpQuestions":"0x1d2efb3c","myUser":"0x39e74ace"}|0x6c202443
11:55:26.0 (26911438)|SOQL_EXECUTE_BEGIN|[204]|Aggregations:0|SELECT Id, BusinessLocationName__c FROM saBusinessLocation__c 
11:55:26.0 (28524194)|SOQL_EXECUTE_END|[204]|Rows:0
11:55:26.0 (28695330)|HEAP_ALLOCATE|[204]|Bytes:54
11:55:26.0 (28705448)|HEAP_ALLOCATE|[204]|Bytes:8
11:55:26.0 (28735680)|SYSTEM_METHOD_ENTRY|[7]|QueryLocatorIterator.QueryLocatorIterator()
11:55:26.0 (28740626)|STATEMENT_EXECUTE|[7]
11:55:26.0 (28749512)|SYSTEM_METHOD_EXIT|[7]|QueryLocatorIterator
11:55:26.0 (28757026)|HEAP_ALLOCATE|[204]|Bytes:28
11:55:26.0 (28772390)|HEAP_ALLOCATE|[204]|Bytes:8
11:55:26.0 (28776580)|HEAP_ALLOCATE|[204]|Bytes:8
11:55:26.0 (28783566)|VARIABLE_SCOPE_BEGIN|[15]|this|Database.QueryLocatorIterator|true|false
11:55:26.0 (28818272)|VARIABLE_ASSIGNMENT|[15]|this|{}|0x564e07a4
11:55:26.0 (28825748)|VARIABLE_SCOPE_BEGIN|[15]|values|List<SObject>|true|false
11:55:26.0 (28834936)|VARIABLE_ASSIGNMENT|[15]|values|null|
11:55:26.0 (28839232)|VARIABLE_SCOPE_BEGIN|[15]|ql|Database.QueryLocator|true|false
11:55:26.0 (28861161)|VARIABLE_ASSIGNMENT|[15]|ql|{"query":"SELECT Id, BusinessL (61 more) ..."}|0x3c899c76
11:55:26.0 (28867348)|VARIABLE_SCOPE_BEGIN|[15]|totalNumRecords|Integer|false|false
11:55:26.0 (28875752)|VARIABLE_ASSIGNMENT|[15]|totalNumRecords|0
11:55:26.0 (28880138)|VARIABLE_SCOPE_BEGIN|[15]|queryMoreSize|Integer|false|false
11:55:26.0 (28888057)|VARIABLE_ASSIGNMENT|[15]|queryMoreSize|50000
11:55:26.0 (28967222)|HEAP_ALLOCATE|[204]|Bytes:28
11:55:26.0 (28987517)|METHOD_ENTRY|[204]||Database.QueryLocatorIterator.hasNext()
11:55:26.0 (29006998)|METHOD_EXIT|[204]||Database.QueryLocatorIterator.hasNext()
11:55:26.0 (29046065)|VARIABLE_ASSIGNMENT|[204]|bl|null|
11:55:26.0 (29053348)|STATEMENT_EXECUTE|[204]
11:55:26.0 (29069558)|STATEMENT_EXECUTE|[211]
11:55:26.0 (29073025)|HEAP_ALLOCATE|[211]|Bytes:195
11:55:26.0 (29086521)|HEAP_ALLOCATE|[211]|Bytes:4
11:55:26.0 (29113891)|HEAP_ALLOCATE|[211]|Bytes:7
11:55:26.0 (29147362)|HEAP_ALLOCATE|[215]|Bytes:89
11:55:26.0 (29156641)|SYSTEM_METHOD_ENTRY|[1]|UserInfo.UserInfo()
11:55:26.0 (29161328)|STATEMENT_EXECUTE|[1]
11:55:26.0 (29166275)|SYSTEM_METHOD_EXIT|[1]|UserInfo
11:55:26.0 (29176065)|METHOD_ENTRY|[215]||System.UserInfo.getUserId()
11:55:26.0 (29208701)|METHOD_EXIT|[215]||System.UserInfo.getUserId()
11:55:26.0 (29764004)|SOQL_EXECUTE_BEGIN|[211]|Aggregations:0|SELECT Id, saBusinessLocation__c, Status__c, saInquiry__c, Comment__c FROM saInquiryReply__c WHERE (saInquiry__r.Type__c = 'DAILY_REPORT' AND DailyReportDate__c = :tmpVar1 AND User__c = :tmpVar2)
11:55:26.0 (35263577)|SOQL_EXECUTE_END|[211]|Rows:0
11:55:26.0 (35291909)|HEAP_ALLOCATE|[211]|Bytes:4
11:55:26.0 (35307443)|HEAP_ALLOCATE|[211]|Bytes:0
11:55:26.0 (35382129)|HEAP_ALLOCATE|[211]|Bytes:4
11:55:26.0 (35398124)|VARIABLE_SCOPE_BEGIN|[211]|lsInqRep|List<saInquiryReply__c>|true|false
11:55:26.0 (35420232)|VARIABLE_ASSIGNMENT|[211]|lsInqRep|[]|0x410a89c5
11:55:26.0 (35490713)|STATEMENT_EXECUTE|[217]
11:55:26.0 (35493791)|STATEMENT_EXECUTE|[219]
11:55:26.0 (35498626)|HEAP_ALLOCATE|[219]|Bytes:207
11:55:26.0 (35513523)|HEAP_ALLOCATE|[219]|Bytes:4
11:55:26.0 (35772682)|VARIABLE_ASSIGNMENT|[EXTERNAL]|this|{"BusinessLocationName":"","currentInquiryReply":"0x30ceeff5","currentInquiryReplyDetail":"0x7ec3e0ac","dailyReportId":"a0IN0000006RUlWMAW","dCurrentDay":"2018-06-30T00:00:00Z","dCurrentMonth":"2018-07-01T00:00:00Z","iCurrentDay":0,"idBusinessLocation":"","isIPhone":false,"isPreview":true,"lsBusinessLocation":"0x13fe9fbe","messageError":"","messageQuestion":"","mpQuestions":"0x1d2efb3c","myUser":"0x39e74ace"}|0x6c202443
11:55:26.0 (35802525)|HEAP_ALLOCATE|[219]|Bytes:7
11:55:26.0 (35818806)|METHOD_ENTRY|[224]||System.UserInfo.getUserId()
11:55:26.0 (35842645)|METHOD_EXIT|[224]||System.UserInfo.getUserId()
11:55:26.0 (36217554)|SOQL_EXECUTE_BEGIN|[219]|Aggregations:0|SELECT Id, saBusinessLocation__c, Status__c FROM saInquiryReply__c WHERE (saInquiry__r.Type__c = 'DAILY_REPORT' AND DailyReportDate__c = :tmpVar1 AND saBusinessLocation__c = :tmpVar2 AND User__c != :tmpVar3)
11:55:26.0 (38881752)|SOQL_EXECUTE_END|[219]|Rows:0
11:55:26.0 (38904805)|HEAP_ALLOCATE|[219]|Bytes:4
11:55:26.0 (38918877)|HEAP_ALLOCATE|[219]|Bytes:0
11:55:26.0 (38943492)|HEAP_ALLOCATE|[219]|Bytes:4
11:55:26.0 (38955070)|VARIABLE_SCOPE_BEGIN|[219]|lsInqOtherPeople|List<saInquiryReply__c>|true|false
11:55:26.0 (38971683)|VARIABLE_ASSIGNMENT|[219]|lsInqOtherPeople|[]|0xd93bf0e
11:55:26.0 (39005597)|STATEMENT_EXECUTE|[226]
11:55:26.0 (39008609)|STATEMENT_EXECUTE|[232]
11:55:26.0 (39011530)|VARIABLE_SCOPE_BEGIN|[232]|lsTemplate|List<saInquiryReply__c>|true|false
11:55:26.0 (39023405)|VARIABLE_ASSIGNMENT|[232]|lsTemplate|null|
11:55:26.0 (39229802)|VARIABLE_ASSIGNMENT|[EXTERNAL]|this|{"BusinessLocationName":"","currentInquiryReply":"0x30ceeff5","currentInquiryReplyDetail":"0x7ec3e0ac","dailyReportId":"a0IN0000006RUlWMAW","dCurrentDay":"2018-06-30T00:00:00Z","dCurrentMonth":"2018-07-01T00:00:00Z","iCurrentDay":0,"idBusinessLocation":"","isIPhone":false,"isPreview":true,"lsBusinessLocation":"0x13fe9fbe","messageError":"","messageQuestion":"","mpQuestions":"0x1d2efb3c","myUser":"0x39e74ace"}|0x6c202443
11:55:26.0 (39253238)|STATEMENT_EXECUTE|[244]
11:55:26.0 (39255323)|STATEMENT_EXECUTE|[245]
11:55:26.0 (39259308)|HEAP_ALLOCATE|[245]|Bytes:393
11:55:26.0 (39273975)|HEAP_ALLOCATE|[245]|Bytes:4
11:55:26.0 (39305141)|METHOD_ENTRY|[251]||System.UserInfo.getUserId()
11:55:26.0 (39328533)|METHOD_EXIT|[251]||System.UserInfo.getUserId()
11:55:26.0 (39808212)|SOQL_EXECUTE_BEGIN|[245]|Aggregations:0|SELECT Id, saBusinessLocation__c, Status__c, saInquiry__c, Comment__c FROM saInquiryReply__c WHERE (saInquiry__r.Type__c = 'DAILY_REPORT' AND (saInquiry__r.ValidFrom__c = NULL OR saInquiry__r.ValidFrom__c <= :tmpVar1) AND (saInquiry__r.ValidTo__c = NULL OR saInquiry__r.ValidTo__c >= :tmpVar2) AND DailyReportDate__c = NULL AND User__c = :tmpVar3) ORDER BY CreatedDate DESC NULLS FIRST LIMIT 1
11:55:26.0 (44241425)|SOQL_EXECUTE_END|[245]|Rows:1
11:55:26.0 (44263231)|HEAP_ALLOCATE|[245]|Bytes:8
11:55:26.0 (44278585)|HEAP_ALLOCATE|[245]|Bytes:89
11:55:26.0 (44304734)|HEAP_ALLOCATE|[245]|Bytes:8
11:55:26.0 (44337177)|VARIABLE_ASSIGNMENT|[245]|lsTemplate|[{"Id":"a0KN0000007Kg4nMAC","Status__c":"WAITING_REPLY","saInquiry__c":"a0IN0000006RUllMAG"}]|0x559d3f5b
11:55:26.0 (44346381)|STATEMENT_EXECUTE|[256]
11:55:26.0 (44350799)|HEAP_ALLOCATE|[256]|Bytes:11
11:55:26.0 (44453906)|HEAP_ALLOCATE|[256]|Bytes:101
11:55:26.0 (44476431)|HEAP_ALLOCATE|[256]|Bytes:112
11:55:26.0 (44498025)|USER_DEBUG|[256]|DEBUG|Template : (saInquiryReply__c:{Id=a0KN0000007Kg4nMAC, Status__c=WAITING_REPLY, saInquiry__c=a0IN0000006RUllMAG})
11:55:26.0 (44528161)|STATEMENT_EXECUTE|[257]
11:55:26.0 (44530501)|STATEMENT_EXECUTE|[263]
11:55:26.0 (44543297)|HEAP_ALLOCATE|[263]|Bytes:16
11:55:26.0 (44573645)|VARIABLE_SCOPE_BEGIN|[263]|idInquiry|Id|false|false
11:55:26.0 (44660031)|VARIABLE_ASSIGNMENT|[263]|idInquiry|"a0IN0000006RUllMAG"
11:55:26.0 (44667952)|STATEMENT_EXECUTE|[264]
11:55:26.0 (44687369)|HEAP_ALLOCATE|[264]|Bytes:4
11:55:26.0 (44963573)|VARIABLE_ASSIGNMENT|[EXTERNAL]|this|{"BusinessLocationName":"","currentInquiryReply":"0x30ceeff5","currentInquiryReplyDetail":"0x7ec3e0ac","dailyReportId":"a0IN0000006RUlWMAW","dCurrentDay":"2018-06-30T00:00:00Z","dCurrentMonth":"2018-07-01T00:00:00Z","iCurrentDay":0,"idBusinessLocation":"","isIPhone":false,"isPreview":true,"lsBusinessLocation":"0x13fe9fbe","messageError":"","messageQuestion":"","mpQuestions":"0x1d2efb3c","myUser":"0x39e74ace"}|0x6c202443
11:55:26.0 (44984424)|VARIABLE_ASSIGNMENT|[EXTERNAL]|value|{}|0x7aa4b76b
11:55:26.0 (44999437)|VARIABLE_ASSIGNMENT|[21]|this.currentInquiryReply|{}|0x6c202443
11:55:26.0 (45011269)|STATEMENT_EXECUTE|[265]
11:55:26.0 (45163389)|VARIABLE_ASSIGNMENT|[EXTERNAL]|this|{"BusinessLocationName":"","currentInquiryReply":"0x7aa4b76b","currentInquiryReplyDetail":"0x7ec3e0ac","dailyReportId":"a0IN0000006RUlWMAW","dCurrentDay":"2018-06-30T00:00:00Z","dCurrentMonth":"2018-07-01T00:00:00Z","iCurrentDay":0,"idBusinessLocation":"","isIPhone":false,"isPreview":true,"lsBusinessLocation":"0x13fe9fbe","messageError":"","messageQuestion":"","mpQuestions":"0x1d2efb3c","myUser":"0x39e74ace"}|0x6c202443
11:55:26.0 (45262485)|VARIABLE_ASSIGNMENT|[265]|this.saInquiry__c|"a0IN0000006RUllMAG"|0x7aa4b76b
11:55:26.0 (45423944)|VARIABLE_ASSIGNMENT|[EXTERNAL]|this|{"BusinessLocationName":"","currentInquiryReply":"0x7aa4b76b","currentInquiryReplyDetail":"0x7ec3e0ac","dailyReportId":"a0IN0000006RUlWMAW","dCurrentDay":"2018-06-30T00:00:00Z","dCurrentMonth":"2018-07-01T00:00:00Z","iCurrentDay":0,"idBusinessLocation":"","isIPhone":false,"isPreview":true,"lsBusinessLocation":"0x13fe9fbe","messageError":"","messageQuestion":"","mpQuestions":"0x1d2efb3c","myUser":"0x39e74ace"}|0x6c202443
11:55:26.0 (45444298)|STATEMENT_EXECUTE|[269]
11:55:26.0 (45446702)|STATEMENT_EXECUTE|[272]
11:55:26.0 (45452965)|METHOD_ENTRY|[272]||System.UserInfo.getUserId()
11:55:26.0 (45478445)|METHOD_EXIT|[272]||System.UserInfo.getUserId()
11:55:26.0 (45492686)|HEAP_ALLOCATE|[272]|Bytes:4
11:55:26.0 (45638919)|VARIABLE_ASSIGNMENT|[EXTERNAL]|this|{"BusinessLocationName":"","currentInquiryReply":"0x7aa4b76b","currentInquiryReplyDetail":"0x7ec3e0ac","dailyReportId":"a0IN0000006RUlWMAW","dCurrentDay":"2018-06-30T00:00:00Z","dCurrentMonth":"2018-07-01T00:00:00Z","iCurrentDay":0,"idBusinessLocation":"","isIPhone":false,"isPreview":true,"lsBusinessLocation":"0x13fe9fbe","messageError":"","messageQuestion":"","mpQuestions":"0x1d2efb3c","myUser":"0x39e74ace"}|0x6c202443
11:55:26.0 (45700096)|VARIABLE_ASSIGNMENT|[272]|this.User__c|"005N00000057PfOIAU"|0x7aa4b76b
11:55:26.0 (45707724)|STATEMENT_EXECUTE|[273]
11:55:26.0 (45865605)|VARIABLE_ASSIGNMENT|[EXTERNAL]|this|{"BusinessLocationName":"","currentInquiryReply":"0x7aa4b76b","currentInquiryReplyDetail":"0x7ec3e0ac","dailyReportId":"a0IN0000006RUlWMAW","dCurrentDay":"2018-06-30T00:00:00Z","dCurrentMonth":"2018-07-01T00:00:00Z","iCurrentDay":0,"idBusinessLocation":"","isIPhone":false,"isPreview":true,"lsBusinessLocation":"0x13fe9fbe","messageError":"","messageQuestion":"","mpQuestions":"0x1d2efb3c","myUser":"0x39e74ace"}|0x6c202443
11:55:26.0 (45936702)|VARIABLE_ASSIGNMENT|[273]|this.DailyReportDate__c|"2018-06-30T00:00:00.000Z"|0x7aa4b76b
11:55:26.0 (45944770)|STATEMENT_EXECUTE|[274]
11:55:26.0 (45949155)|HEAP_ALLOCATE|[274]|Bytes:13
11:55:26.0 (46107525)|VARIABLE_ASSIGNMENT|[EXTERNAL]|this|{"BusinessLocationName":"","currentInquiryReply":"0x7aa4b76b","currentInquiryReplyDetail":"0x7ec3e0ac","dailyReportId":"a0IN0000006RUlWMAW","dCurrentDay":"2018-06-30T00:00:00Z","dCurrentMonth":"2018-07-01T00:00:00Z","iCurrentDay":0,"idBusinessLocation":"","isIPhone":false,"isPreview":true,"lsBusinessLocation":"0x13fe9fbe","messageError":"","messageQuestion":"","mpQuestions":"0x1d2efb3c","myUser":"0x39e74ace"}|0x6c202443
11:55:26.0 (46158044)|VARIABLE_ASSIGNMENT|[274]|this.Status__c|"WAITING_REPLY"|0x7aa4b76b
11:55:26.0 (46166355)|STATEMENT_EXECUTE|[275]
11:55:26.0 (46315095)|VARIABLE_ASSIGNMENT|[EXTERNAL]|this|{"BusinessLocationName":"","currentInquiryReply":"0x7aa4b76b","currentInquiryReplyDetail":"0x7ec3e0ac","dailyReportId":"a0IN0000006RUlWMAW","dCurrentDay":"2018-06-30T00:00:00Z","dCurrentMonth":"2018-07-01T00:00:00Z","iCurrentDay":0,"idBusinessLocation":"","isIPhone":false,"isPreview":true,"lsBusinessLocation":"0x13fe9fbe","messageError":"","messageQuestion":"","mpQuestions":"0x1d2efb3c","myUser":"0x39e74ace"}|0x6c202443
11:55:26.0 (46359779)|VARIABLE_ASSIGNMENT|[275]|this.Comment__c|""|0x7aa4b76b
11:55:26.0 (46367355)|STATEMENT_EXECUTE|[277]
11:55:26.0 (46371489)|HEAP_ALLOCATE|[277]|Bytes:625
11:55:26.0 (46386449)|HEAP_ALLOCATE|[277]|Bytes:4
11:55:26.0 (46976898)|SOQL_EXECUTE_BEGIN|[277]|Aggregations:0|SELECT Id, QuestionLabel__c, AnswerType__c, NumberPossibleReplies__c, IsShortReply__c, SortNo__c, IsRequired__c, Reply01Label__c, Reply02Label__c, Reply03Label__c, Reply04Label__c, Reply05Label__c, Reply06Label__c, Reply07Label__c, Reply08Label__c, Reply09Label__c, Reply10Label__c, Reply11Label__c, Reply12Label__c, Reply13Label__c, Reply14Label__c, Reply15Label__c, Reply16Label__c, Reply17Label__c, Reply18Label__c, Reply19Label__c, Reply20Label__c, Reply21Label__c, Reply22Label__c, Reply23Label__c, Reply24Label__c, Reply25Label__c FROM saInquiryDetail__c WHERE saInquiry__c = :tmpVar1 ORDER BY SortNo__c ASC NULLS FIRST
11:55:26.0 (57200190)|SOQL_EXECUTE_END|[277]|Rows:1
11:55:26.0 (57231537)|HEAP_ALLOCATE|[277]|Bytes:8
11:55:26.0 (57260719)|HEAP_ALLOCATE|[277]|Bytes:282
11:55:26.0 (57320693)|HEAP_ALLOCATE|[277]|Bytes:8
11:55:26.0 (57343684)|VARIABLE_SCOPE_BEGIN|[277]|lsTmpQuest|List<saInquiryDetail__c>|true|false
11:55:26.0 (57395824)|VARIABLE_ASSIGNMENT|[277]|lsTmpQuest|[{"Id":"a0JN0000008h2r2MAA","QuestionLabel__c":"Works?","AnswerType__c":"CHECKBOX","NumberPossibleReplies__c":2,"IsShortReply__c":true,"SortNo__c":0,"IsRequired__c":false,"Reply01Label__c":"Yes!","Reply02Label__c":"No!"}]|0x1c20280f
11:55:26.0 (57581083)|HEAP_ALLOCATE|[287]|Bytes:5
11:55:26.0 (57602286)|HEAP_ALLOCATE|[287]|Bytes:40
11:55:26.0 (57612399)|VARIABLE_SCOPE_BEGIN|[287]|quest|saInquiryDetail__c|true|false
11:55:26.0 (57640002)|VARIABLE_ASSIGNMENT|[287]|quest|{"Id":"a0JN0000008h2r2MAA","QuestionLabel__c":"Works?","AnswerType__c":"CHECKBOX","NumberPossibleReplies__c":2,"IsShortReply__c":true,"SortNo__c":0,"IsRequired__c":false,"Reply01Label__c":"Yes!","Reply02Label__c":"No!"}|0x3424dcdf
11:55:26.0 (57650329)|STATEMENT_EXECUTE|[287]
11:55:26.0 (57653151)|STATEMENT_EXECUTE|[288]
11:55:26.0 (57688587)|HEAP_ALLOCATE|[288]|Bytes:4
11:55:26.0 (57795447)|VARIABLE_SCOPE_BEGIN|[288]|questReply|saInquiryReplyDetail__c|true|false
11:55:26.0 (57817608)|VARIABLE_ASSIGNMENT|[288]|questReply|{}|0x2959fa04
11:55:26.0 (57823774)|STATEMENT_EXECUTE|[289]
11:55:26.0 (57941571)|VARIABLE_ASSIGNMENT|[289]|this.saInquiryDetail__c|"a0JN0000008h2r2MAA"|0x2959fa04
11:55:26.0 (57950052)|STATEMENT_EXECUTE|[290]
11:55:26.0 (58260417)|VARIABLE_ASSIGNMENT|[EXTERNAL]|this|{"BusinessLocationName":"","currentInquiryReply":"0x7aa4b76b","currentInquiryReplyDetail":"0x7ec3e0ac","dailyReportId":"a0IN0000006RUlWMAW","dCurrentDay":"2018-06-30T00:00:00Z","dCurrentMonth":"2018-07-01T00:00:00Z","iCurrentDay":0,"idBusinessLocation":"","isIPhone":false,"isPreview":true,"lsBusinessLocation":"0x13fe9fbe","messageError":"","messageQuestion":"","mpQuestions":"0x1d2efb3c","myUser":"0x39e74ace"}|0x6c202443
11:55:26.0 (58296113)|HEAP_ALLOCATE|[EXTERNAL]|Bytes:4
11:55:26.0 (58305740)|STATEMENT_EXECUTE|[291]
11:55:26.0 (58461865)|VARIABLE_ASSIGNMENT|[EXTERNAL]|this|{"BusinessLocationName":"","currentInquiryReply":"0x7aa4b76b","currentInquiryReplyDetail":"0x7ec3e0ac","dailyReportId":"a0IN0000006RUlWMAW","dCurrentDay":"2018-06-30T00:00:00Z","dCurrentMonth":"2018-07-01T00:00:00Z","iCurrentDay":0,"idBusinessLocation":"","isIPhone":false,"isPreview":true,"lsBusinessLocation":"0x13fe9fbe","messageError":"","messageQuestion":"","mpQuestions":"0x1d2efb3c","myUser":"0x39e74ace"}|0x6c202443
11:55:26.0 (58498912)|HEAP_ALLOCATE|[EXTERNAL]|Bytes:-4
11:55:26.0 (58517269)|HEAP_ALLOCATE|[287]|Bytes:5
11:55:26.0 (58532153)|VARIABLE_ASSIGNMENT|[287]|quest|null|
11:55:26.0 (58542667)|SYSTEM_MODE_EXIT|false
11:55:26.0 (75347504)|SYSTEM_MODE_ENTER|true
11:55:26.0 (75386527)|HEAP_ALLOCATE|[EXTERNAL]|Bytes:44
11:55:26.0 (75409713)|VARIABLE_ASSIGNMENT|[EXTERNAL]|this.iCountComments|null|0x61fd34c4
11:55:26.0 (75463255)|SYSTEM_MODE_ENTER|true
11:55:26.0 (75477303)|HEAP_ALLOCATE|[EXTERNAL]|Bytes:44
11:55:26.0 (75486636)|VARIABLE_ASSIGNMENT|[EXTERNAL]|this.iCountLikes|null|0x61fd34c4
11:55:26.0 (75568565)|SYSTEM_MODE_ENTER|true
11:55:26.0 (75629201)|HEAP_ALLOCATE|[EXTERNAL]|Bytes:76
11:55:26.0 (75639417)|VARIABLE_SCOPE_BEGIN|[84]|this|saDailyReportCtrl|true|false
11:55:26.0 (75962184)|VARIABLE_ASSIGNMENT|[84]|this|{"BusinessLocationName":"","currentInquiryReply":"0x7aa4b76b","currentInquiryReplyDetail":"0x7ec3e0ac","dailyReportId":"a0IN0000006RUlWMAW","dCurrentDay":"2018-06-30T00:00:00Z","dCurrentMonth":"2018-07-01T00:00:00Z","iCurrentDay":0,"idBusinessLocation":"","isIPhone":false,"isPreview":true,"lsBusinessLocation":"0x13fe9fbe","messageError":"","messageQuestion":"","mpQuestions":"0x1d2efb3c","myUser":"0x39e74ace"}|0x6c202443
11:55:26.0 (75985976)|SYSTEM_MODE_ENTER|false
11:55:26.0 (75994049)|HEAP_ALLOCATE|[84]|Bytes:5
11:55:26.0 (76000634)|STATEMENT_EXECUTE|[84]
11:55:26.0 (76003777)|STATEMENT_EXECUTE|[84]
11:55:26.0 (76010166)|SYSTEM_MODE_EXIT|false
11:55:26.0 (76062364)|SYSTEM_MODE_ENTER|true
11:55:26.0 (76081767)|HEAP_ALLOCATE|[EXTERNAL]|Bytes:8
11:55:26.0 (76087117)|HEAP_ALLOCATE|[EXTERNAL]|Bytes:44
11:55:26.0 (76097563)|VARIABLE_ASSIGNMENT|[EXTERNAL]|this.iTypeOfScreen|54|0x61fd34c4
11:55:26.0 (76172145)|SYSTEM_MODE_ENTER|true
11:55:26.0 (76208431)|HEAP_ALLOCATE|[EXTERNAL]|Bytes:44
11:55:26.0 (76215597)|VARIABLE_SCOPE_BEGIN|[88]|this|auMainTopCompCtrl|true|false
11:55:26.0 (76257206)|VARIABLE_ASSIGNMENT|[88]|this|{"currentUser":"0x51bf5ee7","isSAUser":false,"iTypeOfScreen":54,"urlReportsSFA":"https://cs6.lightnin (84 more) ..."}|0x61fd34c4
11:55:26.0 (76267808)|STATEMENT_EXECUTE|[88]
11:55:26.0 (76269653)|STATEMENT_EXECUTE|[89]
11:55:26.0 (76307683)|VARIABLE_ASSIGNMENT|[EXTERNAL]|this|{"currentUser":"0x51bf5ee7","isSAUser":false,"iTypeOfScreen":54,"urlReportsSFA":"https://cs6.lightnin (84 more) ..."}|0x61fd34c4
11:55:26.0 (76348988)|VARIABLE_ASSIGNMENT|[EXTERNAL]|this|{"currentUser":"0x51bf5ee7","isSAUser":false,"iTypeOfScreen":54,"urlReportsSFA":"https://cs6.lightnin (84 more) ..."}|0x61fd34c4
11:55:26.0 (76383454)|VARIABLE_ASSIGNMENT|[EXTERNAL]|this|{"currentUser":"0x51bf5ee7","isSAUser":false,"iTypeOfScreen":54,"urlReportsSFA":"https://cs6.lightnin (84 more) ..."}|0x61fd34c4
11:55:26.0 (76416615)|VARIABLE_ASSIGNMENT|[EXTERNAL]|this|{"currentUser":"0x51bf5ee7","isSAUser":false,"iTypeOfScreen":54,"urlReportsSFA":"https://cs6.lightnin (84 more) ..."}|0x61fd34c4
11:55:26.0 (76433012)|HEAP_ALLOCATE|[89]|Bytes:5
11:55:26.0 (76510978)|SYSTEM_MODE_ENTER|true
11:55:26.0 (76558762)|HEAP_ALLOCATE|[EXTERNAL]|Bytes:44
11:55:26.0 (76568018)|VARIABLE_SCOPE_BEGIN|[106]|this|auMainTopCompCtrl|true|false
11:55:26.0 (76604281)|VARIABLE_ASSIGNMENT|[106]|this|{"currentUser":"0x51bf5ee7","isSAUser":false,"iTypeOfScreen":54,"urlReportsSFA":"https://cs6.lightnin (84 more) ..."}|0x61fd34c4
11:55:26.0 (76615887)|STATEMENT_EXECUTE|[106]
11:55:26.0 (76618162)|STATEMENT_EXECUTE|[107]
11:55:26.0 (76648036)|VARIABLE_ASSIGNMENT|[EXTERNAL]|this|{"currentUser":"0x51bf5ee7","isSAUser":false,"iTypeOfScreen":54,"urlReportsSFA":"https://cs6.lightnin (84 more) ..."}|0x61fd34c4
11:55:26.0 (76664844)|HEAP_ALLOCATE|[107]|Bytes:5
11:55:26.0 (76725730)|SYSTEM_MODE_ENTER|true
11:55:26.0 (76755910)|HEAP_ALLOCATE|[EXTERNAL]|Bytes:44
11:55:26.0 (76762450)|VARIABLE_SCOPE_BEGIN|[110]|this|auMainTopCompCtrl|true|false
11:55:26.0 (76795497)|VARIABLE_ASSIGNMENT|[110]|this|{"currentUser":"0x51bf5ee7","isSAUser":false,"iTypeOfScreen":54,"urlReportsSFA":"https://cs6.lightnin (84 more) ..."}|0x61fd34c4
11:55:26.0 (76805385)|STATEMENT_EXECUTE|[110]
11:55:26.0 (76807150)|STATEMENT_EXECUTE|[111]
11:55:26.0 (76841140)|VARIABLE_ASSIGNMENT|[EXTERNAL]|this|{"currentUser":"0x51bf5ee7","isSAUser":false,"iTypeOfScreen":54,"urlReportsSFA":"https://cs6.lightnin (84 more) ..."}|0x61fd34c4
11:55:26.0 (76857487)|HEAP_ALLOCATE|[111]|Bytes:5
11:55:26.0 (76909962)|SYSTEM_MODE_ENTER|true
11:55:26.0 (76938149)|HEAP_ALLOCATE|[EXTERNAL]|Bytes:44
11:55:26.0 (76944578)|VARIABLE_SCOPE_BEGIN|[114]|this|auMainTopCompCtrl|true|false
11:55:26.0 (76976334)|VARIABLE_ASSIGNMENT|[114]|this|{"currentUser":"0x51bf5ee7","isSAUser":false,"iTypeOfScreen":54,"urlReportsSFA":"https://cs6.lightnin (84 more) ..."}|0x61fd34c4
11:55:26.0 (76986094)|STATEMENT_EXECUTE|[114]
11:55:26.0 (76987908)|STATEMENT_EXECUTE|[115]
11:55:26.0 (77016377)|VARIABLE_ASSIGNMENT|[EXTERNAL]|this|{"currentUser":"0x51bf5ee7","isSAUser":false,"iTypeOfScreen":54,"urlReportsSFA":"https://cs6.lightnin (84 more) ..."}|0x61fd34c4
11:55:26.0 (77032255)|HEAP_ALLOCATE|[115]|Bytes:5
11:55:26.0 (77120593)|SYSTEM_MODE_ENTER|true
11:55:26.0 (77244883)|SYSTEM_MODE_ENTER|true
11:55:26.0 (77353526)|SYSTEM_MODE_ENTER|true
11:55:26.0 (77545579)|SYSTEM_MODE_ENTER|true
11:55:26.0 (80167349)|SYSTEM_MODE_ENTER|true
11:55:26.0 (80251485)|SYSTEM_MODE_ENTER|true
11:55:26.0 (80959955)|SYSTEM_MODE_ENTER|true
11:55:26.0 (81004644)|HEAP_ALLOCATE|[EXTERNAL]|Bytes:76
11:55:26.0 (81014222)|VARIABLE_SCOPE_BEGIN|[133]|this|saDailyReportCtrl|true|false
11:55:26.0 (81201984)|VARIABLE_ASSIGNMENT|[133]|this|{"BusinessLocationName":"","currentInquiryReply":"0x7aa4b76b","currentInquiryReplyDetail":"0x7ec3e0ac","dailyReportId":"a0IN0000006RUlWMAW","dCurrentDay":"2018-06-30T00:00:00Z","dCurrentMonth":"2018-07-01T00:00:00Z","iCurrentDay":0,"idBusinessLocation":"","isIPhone":false,"isPreview":true,"lsBusinessLocation":"0x13fe9fbe","messageError":"","messageQuestion":"","mpQuestions":"0x1d2efb3c","myUser":"0x39e74ace"}|0x6c202443
11:55:26.0 (81222839)|SYSTEM_MODE_ENTER|false
11:55:26.0 (81230860)|HEAP_ALLOCATE|[134]|Bytes:5
11:55:26.0 (81236314)|STATEMENT_EXECUTE|[133]
11:55:26.0 (81238617)|STATEMENT_EXECUTE|[134]
11:55:26.0 (81308133)|HEAP_ALLOCATE|[134]|Bytes:4
11:55:26.0 (81320314)|HEAP_ALLOCATE|[134]|Bytes:1
11:55:26.0 (81341698)|HEAP_ALLOCATE|[134]|Bytes:1
11:55:26.0 (81350640)|HEAP_ALLOCATE|[134]|Bytes:1
11:55:26.0 (81379032)|HEAP_ALLOCATE|[134]|Bytes:2
11:55:26.0 (81394826)|HEAP_ALLOCATE|[134]|Bytes:9
11:55:26.0 (81402003)|HEAP_ALLOCATE|[134]|Bytes:10
11:55:26.0 (81408417)|SYSTEM_MODE_EXIT|false
11:55:26.0 (81594226)|SYSTEM_MODE_ENTER|true
11:55:26.0 (82073929)|SYSTEM_MODE_ENTER|true
11:55:26.0 (98592200)|VF_SERIALIZE_VIEWSTATE_BEGIN|066N0000000M4pW
11:55:26.0 (102457375)|VF_SERIALIZE_VIEWSTATE_END
11:55:26.106 (106031581)|CUMULATIVE_LIMIT_USAGE
11:55:26.106 (106031581)|LIMIT_USAGE_FOR_NS|(default)|
  Number of SOQL queries: 5 out of 100
  Number of query rows: 2 out of 50000
  Number of SOSL queries: 0 out of 20
  Number of DML statements: 0 out of 150
  Number of DML rows: 0 out of 10000
  Maximum CPU time: 0 out of 10000
  Maximum heap size: 0 out of 6000000
  Number of callouts: 0 out of 100
  Number of Email Invocations: 0 out of 10
  Number of future calls: 0 out of 50
  Number of queueable jobs added to the queue: 0 out of 50
  Number of Mobile Apex push calls: 0 out of 10

11:55:26.106 (106031581)|CUMULATIVE_LIMIT_USAGE_END

11:55:26.0 (106078346)|CODE_UNIT_FINISHED|VF: /apex/sadailyreport
11:55:26.0 (106796619)|EXECUTION_FINISHED
