38.0 APEX_CODE,FINEST;APEX_PROFILING,INFO;CALLOUT,INFO;DB,INFO;SYSTEM,DEBUG;VALIDATION,INFO;VISUALFORCE,INFO;WAVE,INFO;WORKFLOW,INFO
16:08:11.0 (518124)|USER_INFO|[EXTERNAL]|005N00000057PfO|thomas.remy+kddi_gwdev01@globalway.co.jp|Japan Standard Time|GMT+09:00
16:08:11.0 (562964)|EXECUTION_STARTED
16:08:11.0 (567989)|CODE_UNIT_STARTED|[EXTERNAL]|066N0000000M59u|VF: /apex/saReport
16:08:11.0 (1292797)|VF_DESERIALIZE_VIEWSTATE_BEGIN|066N0000000M59u
16:08:11.0 (6724810)|HEAP_ALLOCATE|[72]|Bytes:3
16:08:11.0 (6759323)|HEAP_ALLOCATE|[77]|Bytes:152
16:08:11.0 (6773709)|HEAP_ALLOCATE|[342]|Bytes:408
16:08:11.0 (6788848)|HEAP_ALLOCATE|[355]|Bytes:408
16:08:11.0 (6801871)|HEAP_ALLOCATE|[467]|Bytes:48
16:08:11.0 (6828403)|HEAP_ALLOCATE|[139]|Bytes:6
16:08:11.0 (7115046)|HEAP_ALLOCATE|[50]|Bytes:5
16:08:11.0 (7137240)|HEAP_ALLOCATE|[56]|Bytes:5
16:08:11.0 (7146746)|HEAP_ALLOCATE|[64]|Bytes:7
16:08:11.0 (8609011)|VARIABLE_SCOPE_BEGIN|[5]|saReportCtrl.ORIGIN_OF_EXECUTION_1|String|false|true
16:08:11.0 (8623498)|VARIABLE_SCOPE_BEGIN|[6]|saReportCtrl.ORIGIN_OF_EXECUTION_2|String|false|true
16:08:11.0 (8631509)|VARIABLE_SCOPE_BEGIN|[29]|saReportCtrl.SA_REPORT_STATE_NONE_LABEL|String|false|true
16:08:11.0 (8639057)|VARIABLE_SCOPE_BEGIN|[28]|saReportCtrl.SA_REPORT_STATE_NONE_VALUE|String|false|true
16:08:11.0 (8646488)|VARIABLE_SCOPE_BEGIN|[10]|saReportCtrl.SEARCH_COUNT_AVERAGE_LABEL|String|false|true
16:08:11.0 (8653653)|VARIABLE_SCOPE_BEGIN|[13]|saReportCtrl.SEARCH_COUNT_AVERAGE_VALUE|String|false|true
16:08:11.0 (8661057)|VARIABLE_SCOPE_BEGIN|[9]|saReportCtrl.SEARCH_COUNT_FEW_LABEL|String|false|true
16:08:11.0 (8668323)|VARIABLE_SCOPE_BEGIN|[12]|saReportCtrl.SEARCH_COUNT_FEW_VALUE|String|false|true
16:08:11.0 (8675543)|VARIABLE_SCOPE_BEGIN|[11]|saReportCtrl.SEARCH_COUNT_LOT_LABEL|String|false|true
16:08:11.0 (8682576)|VARIABLE_SCOPE_BEGIN|[14]|saReportCtrl.SEARCH_COUNT_LOT_VALUE|String|false|true
16:08:11.0 (8689930)|VARIABLE_SCOPE_BEGIN|[19]|saReportCtrl.SORTED_BY_FAVORITES_LABEL|String|false|true
16:08:11.0 (8697467)|VARIABLE_SCOPE_BEGIN|[25]|saReportCtrl.SORTED_BY_FAVORITES_VALUE|String|false|true
16:08:11.0 (8705092)|VARIABLE_SCOPE_BEGIN|[17]|saReportCtrl.SORTED_BY_NEWS_LABEL|String|false|true
16:08:11.0 (8712633)|VARIABLE_SCOPE_BEGIN|[23]|saReportCtrl.SORTED_BY_NEWS_VALUE|String|false|true
16:08:11.0 (8720114)|VARIABLE_SCOPE_BEGIN|[16]|saReportCtrl.SORTED_BY_NONE_LABEL|String|false|true
16:08:11.0 (8727498)|VARIABLE_SCOPE_BEGIN|[22]|saReportCtrl.SORTED_BY_NONE_VALUE|String|false|true
16:08:11.0 (8735473)|VARIABLE_SCOPE_BEGIN|[18]|saReportCtrl.SORTED_BY_NUMBER_OF_VIEWS_LABEL|String|false|true
16:08:11.0 (8743274)|VARIABLE_SCOPE_BEGIN|[24]|saReportCtrl.SORTED_BY_NUMBER_OF_VIEWS_VALUE|String|false|true
16:08:11.0 (8751250)|VARIABLE_SCOPE_BEGIN|[20]|saReportCtrl.SORTED_BY_RELEASE_DATES_LABEL|String|false|true
16:08:11.0 (8759046)|VARIABLE_SCOPE_BEGIN|[26]|saReportCtrl.SORTED_BY_RELEASE_DATES_VALUE|String|false|true
16:08:11.0 (11143076)|VARIABLE_SCOPE_BEGIN|[7]|auMainTopCompCtrl.TYPE_SCREEN_CX_SCREEN|Integer|false|true
16:08:11.0 (11157548)|VARIABLE_SCOPE_BEGIN|[8]|auMainTopCompCtrl.TYPE_SCREEN_CX_TIMELINE|Integer|false|true
16:08:11.0 (11164795)|VARIABLE_SCOPE_BEGIN|[9]|auMainTopCompCtrl.TYPE_SCREEN_EVENT_SCHEDULE|Integer|false|true
16:08:11.0 (11171732)|VARIABLE_SCOPE_BEGIN|[10]|auMainTopCompCtrl.TYPE_SCREEN_EVENT_SCHEDULE_LIST|Integer|false|true
16:08:11.0 (11178735)|VARIABLE_SCOPE_BEGIN|[11]|auMainTopCompCtrl.TYPE_SCREEN_KNOWLEDGE_DASHBOARD|Integer|false|true
16:08:11.0 (11185859)|VARIABLE_SCOPE_BEGIN|[12]|auMainTopCompCtrl.TYPE_SCREEN_KNOWLEDGE_LIST|Integer|false|true
16:08:11.0 (11192812)|VARIABLE_SCOPE_BEGIN|[15]|auMainTopCompCtrl.TYPE_SCREEN_SA_CHATTER|Integer|false|true
16:08:11.0 (11199400)|VARIABLE_SCOPE_BEGIN|[16]|auMainTopCompCtrl.TYPE_SCREEN_SA_DAILYREPORT|Integer|false|true
16:08:11.0 (11206000)|VARIABLE_SCOPE_BEGIN|[18]|auMainTopCompCtrl.TYPE_SCREEN_SA_DOCUMENTS|Integer|false|true
16:08:11.0 (11212590)|VARIABLE_SCOPE_BEGIN|[17]|auMainTopCompCtrl.TYPE_SCREEN_SA_ENQUETE|Integer|false|true
16:08:11.0 (11219312)|VARIABLE_SCOPE_BEGIN|[20]|auMainTopCompCtrl.TYPE_SCREEN_SA_LINKS|Integer|false|true
16:08:11.0 (11225911)|VARIABLE_SCOPE_BEGIN|[13]|auMainTopCompCtrl.TYPE_SCREEN_SA_MESSAGES|Integer|false|true
16:08:11.0 (11232732)|VARIABLE_SCOPE_BEGIN|[19]|auMainTopCompCtrl.TYPE_SCREEN_SA_RANKING|Integer|false|true
16:08:11.0 (11239327)|VARIABLE_SCOPE_BEGIN|[14]|auMainTopCompCtrl.TYPE_SCREEN_SA_REPORTS|Integer|false|true
16:08:11.0 (11246346)|VARIABLE_SCOPE_BEGIN|[4]|auMainTopCompCtrl.TYPE_SCREEN_STPD_EVENT|Integer|false|true
16:08:11.0 (11253152)|VARIABLE_SCOPE_BEGIN|[6]|auMainTopCompCtrl.TYPE_SCREEN_STPD_SCREEN|Integer|false|true
16:08:11.0 (11260060)|VARIABLE_SCOPE_BEGIN|[5]|auMainTopCompCtrl.TYPE_SCREEN_STPD_TIMELINE|Integer|false|true
16:08:11.0 (11266860)|VARIABLE_SCOPE_BEGIN|[3]|auMainTopCompCtrl.TYPE_SCREEN_SWITCH|Integer|false|true
16:08:11.0 (14523817)|VF_DESERIALIZE_VIEWSTATE_END
16:08:11.0 (20775759)|SYSTEM_MODE_ENTER|true
16:08:11.0 (20824879)|HEAP_ALLOCATE|[EXTERNAL]|Bytes:284
16:08:11.0 (20844960)|HEAP_ALLOCATE|[EXTERNAL]|Bytes:114
16:08:11.0 (20859963)|METHOD_ENTRY|[1]|01pN0000000Mill|auMainTopCompCtrl.auMainTopCompCtrl()
16:08:11.0 (20868052)|STATEMENT_EXECUTE|[1]
16:08:11.0 (20876516)|STATEMENT_EXECUTE|[1]
16:08:11.0 (20878136)|STATEMENT_EXECUTE|[3]
16:08:11.0 (20885653)|HEAP_ALLOCATE|[3]|Bytes:4
16:08:11.0 (20910954)|VARIABLE_ASSIGNMENT|[3]|auMainTopCompCtrl.TYPE_SCREEN_SWITCH|0
16:08:11.0 (20916013)|STATEMENT_EXECUTE|[4]
16:08:11.0 (20919560)|HEAP_ALLOCATE|[4]|Bytes:4
16:08:11.0 (20927328)|VARIABLE_ASSIGNMENT|[4]|auMainTopCompCtrl.TYPE_SCREEN_STPD_EVENT|11
16:08:11.0 (20932005)|STATEMENT_EXECUTE|[5]
16:08:11.0 (20934216)|HEAP_ALLOCATE|[5]|Bytes:4
16:08:11.0 (20940950)|VARIABLE_ASSIGNMENT|[5]|auMainTopCompCtrl.TYPE_SCREEN_STPD_TIMELINE|12
16:08:11.0 (20945127)|STATEMENT_EXECUTE|[6]
16:08:11.0 (20947319)|HEAP_ALLOCATE|[6]|Bytes:4
16:08:11.0 (20953439)|VARIABLE_ASSIGNMENT|[6]|auMainTopCompCtrl.TYPE_SCREEN_STPD_SCREEN|13
16:08:11.0 (20957168)|STATEMENT_EXECUTE|[7]
16:08:11.0 (20959216)|HEAP_ALLOCATE|[7]|Bytes:4
16:08:11.0 (20964523)|VARIABLE_ASSIGNMENT|[7]|auMainTopCompCtrl.TYPE_SCREEN_CX_SCREEN|21
16:08:11.0 (20968423)|STATEMENT_EXECUTE|[8]
16:08:11.0 (20970369)|HEAP_ALLOCATE|[8]|Bytes:4
16:08:11.0 (20975812)|VARIABLE_ASSIGNMENT|[8]|auMainTopCompCtrl.TYPE_SCREEN_CX_TIMELINE|22
16:08:11.0 (20979596)|STATEMENT_EXECUTE|[9]
16:08:11.0 (20981763)|HEAP_ALLOCATE|[9]|Bytes:4
16:08:11.0 (20987627)|VARIABLE_ASSIGNMENT|[9]|auMainTopCompCtrl.TYPE_SCREEN_EVENT_SCHEDULE|31
16:08:11.0 (20991287)|STATEMENT_EXECUTE|[10]
16:08:11.0 (20993592)|HEAP_ALLOCATE|[10]|Bytes:4
16:08:11.0 (20999395)|VARIABLE_ASSIGNMENT|[10]|auMainTopCompCtrl.TYPE_SCREEN_EVENT_SCHEDULE_LIST|32
16:08:11.0 (21003360)|STATEMENT_EXECUTE|[11]
16:08:11.0 (21006063)|HEAP_ALLOCATE|[11]|Bytes:4
16:08:11.0 (21011587)|VARIABLE_ASSIGNMENT|[11]|auMainTopCompCtrl.TYPE_SCREEN_KNOWLEDGE_DASHBOARD|41
16:08:11.0 (21015247)|STATEMENT_EXECUTE|[12]
16:08:11.0 (21017335)|HEAP_ALLOCATE|[12]|Bytes:4
16:08:11.0 (21023358)|VARIABLE_ASSIGNMENT|[12]|auMainTopCompCtrl.TYPE_SCREEN_KNOWLEDGE_LIST|42
16:08:11.0 (21027087)|STATEMENT_EXECUTE|[13]
16:08:11.0 (21029212)|HEAP_ALLOCATE|[13]|Bytes:4
16:08:11.0 (21035076)|VARIABLE_ASSIGNMENT|[13]|auMainTopCompCtrl.TYPE_SCREEN_SA_MESSAGES|51
16:08:11.0 (21038810)|STATEMENT_EXECUTE|[14]
16:08:11.0 (21041127)|HEAP_ALLOCATE|[14]|Bytes:4
16:08:11.0 (21046927)|VARIABLE_ASSIGNMENT|[14]|auMainTopCompCtrl.TYPE_SCREEN_SA_REPORTS|52
16:08:11.0 (21050681)|STATEMENT_EXECUTE|[15]
16:08:11.0 (21052673)|HEAP_ALLOCATE|[15]|Bytes:4
16:08:11.0 (21058305)|VARIABLE_ASSIGNMENT|[15]|auMainTopCompCtrl.TYPE_SCREEN_SA_CHATTER|53
16:08:11.0 (21062230)|STATEMENT_EXECUTE|[16]
16:08:11.0 (21064299)|HEAP_ALLOCATE|[16]|Bytes:4
16:08:11.0 (21069917)|VARIABLE_ASSIGNMENT|[16]|auMainTopCompCtrl.TYPE_SCREEN_SA_DAILYREPORT|54
16:08:11.0 (21073638)|STATEMENT_EXECUTE|[17]
16:08:11.0 (21075993)|HEAP_ALLOCATE|[17]|Bytes:4
16:08:11.0 (21081509)|VARIABLE_ASSIGNMENT|[17]|auMainTopCompCtrl.TYPE_SCREEN_SA_ENQUETE|55
16:08:11.0 (21085074)|STATEMENT_EXECUTE|[18]
16:08:11.0 (21086931)|HEAP_ALLOCATE|[18]|Bytes:4
16:08:11.0 (21092451)|VARIABLE_ASSIGNMENT|[18]|auMainTopCompCtrl.TYPE_SCREEN_SA_DOCUMENTS|56
16:08:11.0 (21096268)|STATEMENT_EXECUTE|[19]
16:08:11.0 (21098208)|HEAP_ALLOCATE|[19]|Bytes:4
16:08:11.0 (21104052)|VARIABLE_ASSIGNMENT|[19]|auMainTopCompCtrl.TYPE_SCREEN_SA_RANKING|57
16:08:11.0 (21107634)|STATEMENT_EXECUTE|[20]
16:08:11.0 (21109617)|HEAP_ALLOCATE|[20]|Bytes:4
16:08:11.0 (21115394)|VARIABLE_ASSIGNMENT|[20]|auMainTopCompCtrl.TYPE_SCREEN_SA_LINKS|58
16:08:11.0 (21124117)|METHOD_EXIT|[1]|auMainTopCompCtrl
16:08:11.0 (21130954)|HEAP_ALLOCATE|[EXTERNAL]|Bytes:40
16:08:11.0 (21141733)|VARIABLE_ASSIGNMENT|[EXTERNAL]|this.iCountComments|null|0x56d7bc78
16:08:11.0 (21211438)|SYSTEM_MODE_ENTER|true
16:08:11.0 (21233288)|HEAP_ALLOCATE|[EXTERNAL]|Bytes:40
16:08:11.0 (21247579)|VARIABLE_ASSIGNMENT|[EXTERNAL]|this.iCountLikes|null|0x56d7bc78
16:08:11.0 (21468672)|SYSTEM_MODE_ENTER|true
16:08:11.0 (21745527)|HEAP_ALLOCATE|[EXTERNAL]|Bytes:1196
16:08:11.0 (21767550)|HEAP_ALLOCATE|[EXTERNAL]|Bytes:428
16:08:11.0 (21773514)|HEAP_ALLOCATE|[EXTERNAL]|Bytes:433
16:08:11.0 (21781274)|HEAP_ALLOCATE|[EXTERNAL]|Bytes:1
16:08:11.0 (21793658)|VARIABLE_ASSIGNMENT|[EXTERNAL]|saReportCtrl.ORIGIN_OF_EXECUTION_1|"1"
16:08:11.0 (21799026)|HEAP_ALLOCATE|[EXTERNAL]|Bytes:1
16:08:11.0 (21805064)|VARIABLE_ASSIGNMENT|[EXTERNAL]|saReportCtrl.ORIGIN_OF_EXECUTION_2|"2"
16:08:11.0 (21809154)|HEAP_ALLOCATE|[EXTERNAL]|Bytes:3
16:08:11.0 (21815302)|VARIABLE_ASSIGNMENT|[EXTERNAL]|saReportCtrl.SA_REPORT_STATE_NONE_LABEL|"未選択"
16:08:11.0 (21819988)|HEAP_ALLOCATE|[EXTERNAL]|Bytes:1
16:08:11.0 (21825956)|VARIABLE_ASSIGNMENT|[EXTERNAL]|saReportCtrl.SA_REPORT_STATE_NONE_VALUE|" "
16:08:11.0 (21830042)|HEAP_ALLOCATE|[EXTERNAL]|Bytes:3
16:08:11.0 (21835751)|VARIABLE_ASSIGNMENT|[EXTERNAL]|saReportCtrl.SEARCH_COUNT_AVERAGE_LABEL|"50件"
16:08:11.0 (21839888)|HEAP_ALLOCATE|[EXTERNAL]|Bytes:2
16:08:11.0 (21845377)|VARIABLE_ASSIGNMENT|[EXTERNAL]|saReportCtrl.SEARCH_COUNT_AVERAGE_VALUE|"50"
16:08:11.0 (21849544)|HEAP_ALLOCATE|[EXTERNAL]|Bytes:3
16:08:11.0 (21855104)|VARIABLE_ASSIGNMENT|[EXTERNAL]|saReportCtrl.SEARCH_COUNT_FEW_LABEL|"20件"
16:08:11.0 (21858973)|HEAP_ALLOCATE|[EXTERNAL]|Bytes:2
16:08:11.0 (21864563)|VARIABLE_ASSIGNMENT|[EXTERNAL]|saReportCtrl.SEARCH_COUNT_FEW_VALUE|"20"
16:08:11.0 (21868303)|HEAP_ALLOCATE|[EXTERNAL]|Bytes:4
16:08:11.0 (21873941)|VARIABLE_ASSIGNMENT|[EXTERNAL]|saReportCtrl.SEARCH_COUNT_LOT_LABEL|"100件"
16:08:11.0 (21877917)|HEAP_ALLOCATE|[EXTERNAL]|Bytes:3
16:08:11.0 (21883720)|VARIABLE_ASSIGNMENT|[EXTERNAL]|saReportCtrl.SEARCH_COUNT_LOT_VALUE|"100"
16:08:11.0 (21888028)|HEAP_ALLOCATE|[EXTERNAL]|Bytes:4
16:08:11.0 (21895890)|VARIABLE_ASSIGNMENT|[EXTERNAL]|saReportCtrl.SORTED_BY_FAVORITES_LABEL|"いいね順"
16:08:11.0 (21903259)|HEAP_ALLOCATE|[EXTERNAL]|Bytes:4
16:08:11.0 (21914573)|VARIABLE_ASSIGNMENT|[EXTERNAL]|saReportCtrl.SORTED_BY_FAVORITES_VALUE|"いいね順"
16:08:11.0 (21922282)|HEAP_ALLOCATE|[EXTERNAL]|Bytes:3
16:08:11.0 (21934335)|VARIABLE_ASSIGNMENT|[EXTERNAL]|saReportCtrl.SORTED_BY_NEWS_LABEL|"NEW"
16:08:11.0 (21942042)|HEAP_ALLOCATE|[EXTERNAL]|Bytes:3
16:08:11.0 (21953794)|VARIABLE_ASSIGNMENT|[EXTERNAL]|saReportCtrl.SORTED_BY_NEWS_VALUE|"NEW"
16:08:11.0 (21961323)|HEAP_ALLOCATE|[EXTERNAL]|Bytes:1
16:08:11.0 (21973324)|VARIABLE_ASSIGNMENT|[EXTERNAL]|saReportCtrl.SORTED_BY_NONE_LABEL|" "
16:08:11.0 (21980971)|HEAP_ALLOCATE|[EXTERNAL]|Bytes:1
16:08:11.0 (21992260)|VARIABLE_ASSIGNMENT|[EXTERNAL]|saReportCtrl.SORTED_BY_NONE_VALUE|" "
16:08:11.0 (21999809)|HEAP_ALLOCATE|[EXTERNAL]|Bytes:4
16:08:11.0 (22010984)|VARIABLE_ASSIGNMENT|[EXTERNAL]|saReportCtrl.SORTED_BY_NUMBER_OF_VIEWS_LABEL|"閲覧数順"
16:08:11.0 (22019239)|HEAP_ALLOCATE|[EXTERNAL]|Bytes:4
16:08:11.0 (22030989)|VARIABLE_ASSIGNMENT|[EXTERNAL]|saReportCtrl.SORTED_BY_NUMBER_OF_VIEWS_VALUE|"閲覧数順"
16:08:11.0 (22038054)|HEAP_ALLOCATE|[EXTERNAL]|Bytes:4
16:08:11.0 (22049668)|VARIABLE_ASSIGNMENT|[EXTERNAL]|saReportCtrl.SORTED_BY_RELEASE_DATES_LABEL|"公開日時"
16:08:11.0 (22056972)|HEAP_ALLOCATE|[EXTERNAL]|Bytes:4
16:08:11.0 (22067247)|VARIABLE_ASSIGNMENT|[EXTERNAL]|saReportCtrl.SORTED_BY_RELEASE_DATES_VALUE|"公開日時"
16:08:11.0 (22084232)|METHOD_ENTRY|[1]|01pN0000000aEUV|saReportCtrl.saReportCtrl()
16:08:11.0 (22092286)|STATEMENT_EXECUTE|[1]
16:08:11.0 (22097527)|STATEMENT_EXECUTE|[1]
16:08:11.0 (22118185)|SYSTEM_MODE_ENTER|false
16:08:11.0 (22133035)|HEAP_ALLOCATE|[EXTERNAL]|Bytes:5
16:08:11.0 (22144175)|SYSTEM_MODE_EXIT|false
16:08:11.0 (22155880)|METHOD_EXIT|[1]|saReportCtrl
16:08:11.0 (22163766)|HEAP_ALLOCATE|[EXTERNAL]|Bytes:256
16:08:11.0 (22175264)|VARIABLE_SCOPE_BEGIN|[127]|this|saReportCtrl|true|false
16:08:11.0 (22397768)|VARIABLE_ASSIGNMENT|[127]|this|{"basicSearchDateEnd":"","basicSearchDateStart":"","basicSearchKeywords":"","categoryDataOptions":"0x39001c12","countDataOptions":"0x525f5336","currentUser":"0x19ae5975","filteredRecords":"0x5db43058","isCopySelected":false,"isGoodSelected":false,"isVeryGoodSelected":false,"listOfCategory":"0x646d4770","listOfSAReports":"0x4c037e28","messageError":"","mySearchDateEnd":"","mySearchDateStart":"","mySearchKeywords":"","pendingDateEnd":"","pendingDateStart":"","pendingKeywords":"","processDataOptions":"0x270de32c","recordedPreviousRepo (11 more) ...":"","reportComments":"0x5b472165","reportGoodViews":"0x559fbbba","reportManagedViews":"0x23a6d1f","sortDataOptions":"0x4a66eaf7","stateDataOptions":"0x2848b6d7"}|0x32ef2ab2
16:08:11.0 (22436016)|SYSTEM_MODE_ENTER|false
16:08:11.0 (22443573)|HEAP_ALLOCATE|[127]|Bytes:5
16:08:11.0 (22448967)|STATEMENT_EXECUTE|[127]
16:08:11.0 (22451068)|STATEMENT_EXECUTE|[127]
16:08:11.0 (22457569)|SYSTEM_MODE_EXIT|false
16:08:11.0 (22529608)|SYSTEM_MODE_ENTER|true
16:08:11.0 (22551597)|HEAP_ALLOCATE|[EXTERNAL]|Bytes:8
16:08:11.0 (22556391)|HEAP_ALLOCATE|[EXTERNAL]|Bytes:40
16:08:11.0 (22566756)|VARIABLE_ASSIGNMENT|[EXTERNAL]|this.iTypeOfScreen|52|0x56d7bc78
16:08:11.0 (22743521)|SYSTEM_MODE_ENTER|true
16:08:11.0 (22888990)|SYSTEM_MODE_ENTER|true
16:08:11.0 (30654411)|SYSTEM_MODE_ENTER|true
16:08:11.0 (30725186)|SYSTEM_MODE_ENTER|true
16:08:11.0 (30823869)|SYSTEM_MODE_ENTER|true
16:08:11.0 (30917577)|SYSTEM_MODE_ENTER|true
16:08:11.0 (31111254)|SYSTEM_MODE_ENTER|true
16:08:11.0 (31208962)|SYSTEM_MODE_ENTER|true
16:08:11.0 (31291130)|SYSTEM_MODE_ENTER|true
16:08:11.0 (32728355)|SYSTEM_MODE_ENTER|true
16:08:11.0 (32779192)|HEAP_ALLOCATE|[EXTERNAL]|Bytes:256
16:08:11.0 (32794222)|VARIABLE_SCOPE_BEGIN|[32]|this|saReportCtrl|true|false
16:08:11.0 (32919823)|VARIABLE_ASSIGNMENT|[32]|this|{"basicSearchDateEnd":"","basicSearchDateStart":"","basicSearchKeywords":"","categoryDataOptions":"0x39001c12","countDataOptions":"0x525f5336","currentUser":"0x19ae5975","filteredRecords":"0x5db43058","isCopySelected":false,"isGoodSelected":false,"isVeryGoodSelected":false,"listOfCategory":"0x646d4770","listOfSAReports":"0x4c037e28","messageError":"","mySearchDateEnd":"","mySearchDateStart":"","mySearchKeywords":"","pendingDateEnd":"","pendingDateStart":"","pendingKeywords":"","processDataOptions":"0x270de32c","recordedPreviousRepo (11 more) ...":"","reportComments":"0x5b472165","reportGoodViews":"0x559fbbba","reportManagedViews":"0x23a6d1f","sortDataOptions":"0x4a66eaf7","stateDataOptions":"0x2848b6d7"}|0x32ef2ab2
16:08:11.0 (32948866)|SYSTEM_MODE_ENTER|false
16:08:11.0 (32957588)|HEAP_ALLOCATE|[32]|Bytes:5
16:08:11.0 (32964125)|STATEMENT_EXECUTE|[32]
16:08:11.0 (32966683)|STATEMENT_EXECUTE|[32]
16:08:11.0 (33541982)|VARIABLE_SCOPE_BEGIN|[11]|saConstantCmn.SA_INQUIRY_TYPE_DAILYREPORT|String|false|true
16:08:11.0 (33554661)|VARIABLE_SCOPE_BEGIN|[12]|saConstantCmn.SA_INQUIRY_TYPE_HEARING|String|false|true
16:08:11.0 (33562007)|VARIABLE_SCOPE_BEGIN|[8]|saConstantCmn.SA_MESSAGEDETAIL_TYPE_READ|String|false|true
16:08:11.0 (33569064)|VARIABLE_SCOPE_BEGIN|[15]|saConstantCmn.SA_REPORT_STATE_DRAFT|String|false|true
16:08:11.0 (33576082)|VARIABLE_SCOPE_BEGIN|[18]|saConstantCmn.SA_REPORT_STATE_PUBLISHED|String|false|true
16:08:11.0 (33582836)|VARIABLE_SCOPE_BEGIN|[17]|saConstantCmn.SA_REPORT_STATE_REJECTED|String|false|true
16:08:11.0 (33589704)|VARIABLE_SCOPE_BEGIN|[16]|saConstantCmn.SA_REPORT_STATE_WAITING_APPROVAL|String|false|true
16:08:11.0 (33601926)|HEAP_ALLOCATE|[32]|Bytes:12
16:08:11.0 (33615361)|VARIABLE_ASSIGNMENT|[32]|saConstantCmn.SA_INQUIRY_TYPE_DAILYREPORT|"DAILY_REPORT"
16:08:11.0 (33621448)|HEAP_ALLOCATE|[32]|Bytes:6
16:08:11.0 (33627845)|VARIABLE_ASSIGNMENT|[32]|saConstantCmn.SA_INQUIRY_TYPE_HEARING|"SURVEY"
16:08:11.0 (33632194)|HEAP_ALLOCATE|[32]|Bytes:4
16:08:11.0 (33637573)|VARIABLE_ASSIGNMENT|[32]|saConstantCmn.SA_MESSAGEDETAIL_TYPE_READ|"READ"
16:08:11.0 (33641749)|HEAP_ALLOCATE|[32]|Bytes:5
16:08:11.0 (33647292)|VARIABLE_ASSIGNMENT|[32]|saConstantCmn.SA_REPORT_STATE_DRAFT|"Draft"
16:08:11.0 (33651278)|HEAP_ALLOCATE|[32]|Bytes:7
16:08:11.0 (33656720)|VARIABLE_ASSIGNMENT|[32]|saConstantCmn.SA_REPORT_STATE_PUBLISHED|"Publish"
16:08:11.0 (33660902)|HEAP_ALLOCATE|[32]|Bytes:6
16:08:11.0 (33666632)|VARIABLE_ASSIGNMENT|[32]|saConstantCmn.SA_REPORT_STATE_REJECTED|"Remand"
16:08:11.0 (33670725)|HEAP_ALLOCATE|[32]|Bytes:7
16:08:11.0 (33676573)|VARIABLE_ASSIGNMENT|[32]|saConstantCmn.SA_REPORT_STATE_WAITING_APPROVAL|"Pending"
16:08:11.0 (33703230)|METHOD_ENTRY|[4]|01pN0000000aH2z|saConstantCmn.saConstantCmn()
16:08:11.0 (33709202)|STATEMENT_EXECUTE|[4]
16:08:11.0 (33713353)|STATEMENT_EXECUTE|[4]
16:08:11.0 (33724364)|HEAP_ALLOCATE|[32]|Bytes:5
16:08:11.0 (33735315)|METHOD_EXIT|[4]|saConstantCmn
16:08:11.0 (33743402)|SYSTEM_MODE_EXIT|false
16:08:11.0 (33922535)|SYSTEM_MODE_ENTER|true
16:08:11.0 (33957655)|HEAP_ALLOCATE|[EXTERNAL]|Bytes:256
16:08:11.0 (33966995)|VARIABLE_SCOPE_BEGIN|[33]|this|saReportCtrl|true|false
16:08:11.0 (34066951)|VARIABLE_ASSIGNMENT|[33]|this|{"basicSearchDateEnd":"","basicSearchDateStart":"","basicSearchKeywords":"","categoryDataOptions":"0x39001c12","countDataOptions":"0x525f5336","currentUser":"0x19ae5975","filteredRecords":"0x5db43058","isCopySelected":false,"isGoodSelected":false,"isVeryGoodSelected":false,"listOfCategory":"0x646d4770","listOfSAReports":"0x4c037e28","messageError":"","mySearchDateEnd":"","mySearchDateStart":"","mySearchKeywords":"","pendingDateEnd":"","pendingDateStart":"","pendingKeywords":"","processDataOptions":"0x270de32c","recordedPreviousRepo (11 more) ...":"","reportComments":"0x5b472165","reportGoodViews":"0x559fbbba","reportManagedViews":"0x23a6d1f","sortDataOptions":"0x4a66eaf7","stateDataOptions":"0x2848b6d7"}|0x32ef2ab2
16:08:11.0 (34094589)|SYSTEM_MODE_ENTER|false
16:08:11.0 (34102002)|HEAP_ALLOCATE|[33]|Bytes:5
16:08:11.0 (34107441)|STATEMENT_EXECUTE|[33]
16:08:11.0 (34109373)|STATEMENT_EXECUTE|[33]
16:08:11.0 (34114939)|SYSTEM_MODE_EXIT|false
16:08:11.0 (34279388)|SYSTEM_MODE_ENTER|true
16:08:11.0 (34311784)|HEAP_ALLOCATE|[EXTERNAL]|Bytes:256
16:08:11.0 (34320352)|VARIABLE_SCOPE_BEGIN|[35]|this|saReportCtrl|true|false
16:08:11.0 (34415297)|VARIABLE_ASSIGNMENT|[35]|this|{"basicSearchDateEnd":"","basicSearchDateStart":"","basicSearchKeywords":"","categoryDataOptions":"0x39001c12","countDataOptions":"0x525f5336","currentUser":"0x19ae5975","filteredRecords":"0x5db43058","isCopySelected":false,"isGoodSelected":false,"isVeryGoodSelected":false,"listOfCategory":"0x646d4770","listOfSAReports":"0x4c037e28","messageError":"","mySearchDateEnd":"","mySearchDateStart":"","mySearchKeywords":"","pendingDateEnd":"","pendingDateStart":"","pendingKeywords":"","processDataOptions":"0x270de32c","recordedPreviousRepo (11 more) ...":"","reportComments":"0x5b472165","reportGoodViews":"0x559fbbba","reportManagedViews":"0x23a6d1f","sortDataOptions":"0x4a66eaf7","stateDataOptions":"0x2848b6d7"}|0x32ef2ab2
16:08:11.0 (34446782)|SYSTEM_MODE_ENTER|false
16:08:11.0 (34453709)|HEAP_ALLOCATE|[35]|Bytes:5
16:08:11.0 (34458765)|STATEMENT_EXECUTE|[35]
16:08:11.0 (34460816)|STATEMENT_EXECUTE|[35]
16:08:11.0 (34466227)|SYSTEM_MODE_EXIT|false
16:08:11.0 (34737030)|SYSTEM_MODE_ENTER|true
16:08:11.0 (34770286)|HEAP_ALLOCATE|[EXTERNAL]|Bytes:256
16:08:11.0 (34779323)|VARIABLE_SCOPE_BEGIN|[34]|this|saReportCtrl|true|false
16:08:11.0 (34873570)|VARIABLE_ASSIGNMENT|[34]|this|{"basicSearchDateEnd":"","basicSearchDateStart":"","basicSearchKeywords":"","categoryDataOptions":"0x39001c12","countDataOptions":"0x525f5336","currentUser":"0x19ae5975","filteredRecords":"0x5db43058","isCopySelected":false,"isGoodSelected":false,"isVeryGoodSelected":false,"listOfCategory":"0x646d4770","listOfSAReports":"0x4c037e28","messageError":"","mySearchDateEnd":"","mySearchDateStart":"","mySearchKeywords":"","pendingDateEnd":"","pendingDateStart":"","pendingKeywords":"","processDataOptions":"0x270de32c","recordedPreviousRepo (11 more) ...":"","reportComments":"0x5b472165","reportGoodViews":"0x559fbbba","reportManagedViews":"0x23a6d1f","sortDataOptions":"0x4a66eaf7","stateDataOptions":"0x2848b6d7"}|0x32ef2ab2
16:08:11.0 (34899514)|SYSTEM_MODE_ENTER|false
16:08:11.0 (34906515)|HEAP_ALLOCATE|[34]|Bytes:5
16:08:11.0 (34911679)|STATEMENT_EXECUTE|[34]
16:08:11.0 (34913434)|STATEMENT_EXECUTE|[34]
16:08:11.0 (34918644)|SYSTEM_MODE_EXIT|false
16:08:11.0 (53718731)|SYSTEM_MODE_ENTER|true
16:08:11.0 (53802852)|SYSTEM_MODE_ENTER|true
16:08:11.0 (53854476)|SYSTEM_MODE_ENTER|true
16:08:11.0 (53900489)|SYSTEM_MODE_ENTER|true
16:08:11.0 (53944256)|SYSTEM_MODE_ENTER|true
16:08:11.0 (53990348)|SYSTEM_MODE_ENTER|true
16:08:11.0 (54034318)|SYSTEM_MODE_ENTER|true
16:08:11.0 (54080776)|SYSTEM_MODE_ENTER|true
16:08:11.0 (54124242)|SYSTEM_MODE_ENTER|true
16:08:11.0 (54169156)|SYSTEM_MODE_ENTER|true
16:08:11.0 (54215010)|SYSTEM_MODE_ENTER|true
16:08:11.0 (54260170)|SYSTEM_MODE_ENTER|true
16:08:11.0 (54304547)|SYSTEM_MODE_ENTER|true
16:08:11.0 (54348266)|SYSTEM_MODE_ENTER|true
16:08:11.0 (54390455)|SYSTEM_MODE_ENTER|true
16:08:11.0 (54459437)|SYSTEM_MODE_ENTER|true
16:08:11.0 (54897886)|SYSTEM_MODE_ENTER|true
16:08:11.0 (54950730)|SYSTEM_MODE_ENTER|true
16:08:11.0 (54995769)|SYSTEM_MODE_ENTER|true
16:08:11.0 (55073346)|SYSTEM_MODE_ENTER|true
16:08:11.0 (55173241)|SYSTEM_MODE_ENTER|true
16:08:11.0 (55253647)|SYSTEM_MODE_ENTER|true
16:08:11.0 (58548064)|SYSTEM_MODE_ENTER|true
16:08:11.0 (66349928)|SYSTEM_MODE_ENTER|true
16:08:11.0 (66438750)|SYSTEM_MODE_ENTER|true
16:08:11.0 (66510566)|SYSTEM_MODE_ENTER|true
16:08:11.0 (74521048)|SYSTEM_MODE_ENTER|true
16:08:11.0 (74594335)|SYSTEM_MODE_ENTER|true
16:08:11.0 (74649882)|SYSTEM_MODE_ENTER|true
16:08:11.0 (74717941)|SYSTEM_MODE_ENTER|true
16:08:11.0 (75138712)|SYSTEM_MODE_ENTER|true
16:08:11.0 (75196375)|SYSTEM_MODE_ENTER|true
16:08:11.0 (75241403)|SYSTEM_MODE_ENTER|true
16:08:11.0 (75800986)|SYSTEM_MODE_ENTER|true
16:08:11.0 (75837487)|HEAP_ALLOCATE|[EXTERNAL]|Bytes:256
16:08:11.0 (75879298)|VARIABLE_ASSIGNMENT|[EXTERNAL]|this.sourceOfExecution|""|0x32ef2ab2
16:08:11.0 (75918814)|SYSTEM_MODE_ENTER|true
16:08:11.0 (75934722)|HEAP_ALLOCATE|[EXTERNAL]|Bytes:256
16:08:11.0 (75945501)|VARIABLE_ASSIGNMENT|[EXTERNAL]|this.recordedPreviousReportListPanel|""|0x32ef2ab2
16:08:11.0 (75974580)|SYSTEM_MODE_ENTER|true
16:08:11.0 (75988600)|HEAP_ALLOCATE|[EXTERNAL]|Bytes:256
16:08:11.0 (75997377)|VARIABLE_ASSIGNMENT|[EXTERNAL]|this.inputTitle|""|0x32ef2ab2
16:08:11.0 (76025068)|SYSTEM_MODE_ENTER|true
16:08:11.0 (76039232)|HEAP_ALLOCATE|[EXTERNAL]|Bytes:256
16:08:11.0 (76047598)|VARIABLE_ASSIGNMENT|[EXTERNAL]|this.inputReportBody|""|0x32ef2ab2
16:08:11.0 (76073771)|SYSTEM_MODE_ENTER|true
16:08:11.0 (76086522)|HEAP_ALLOCATE|[EXTERNAL]|Bytes:256
16:08:11.0 (76094759)|VARIABLE_ASSIGNMENT|[EXTERNAL]|this.messageError|""|0x32ef2ab2
16:08:11.0 (76121961)|SYSTEM_MODE_ENTER|true
16:08:11.0 (76135044)|HEAP_ALLOCATE|[EXTERNAL]|Bytes:256
16:08:11.0 (76142166)|VARIABLE_ASSIGNMENT|[EXTERNAL]|this.basicSearchCategory|""|0x32ef2ab2
16:08:11.0 (76167394)|SYSTEM_MODE_ENTER|true
16:08:11.0 (76180034)|HEAP_ALLOCATE|[EXTERNAL]|Bytes:256
16:08:11.0 (76187204)|VARIABLE_ASSIGNMENT|[EXTERNAL]|this.basicSearchCount|""|0x32ef2ab2
16:08:11.0 (76212506)|SYSTEM_MODE_ENTER|true
16:08:11.0 (76225003)|HEAP_ALLOCATE|[EXTERNAL]|Bytes:256
16:08:11.0 (76232315)|VARIABLE_ASSIGNMENT|[EXTERNAL]|this.basicSearchSort|""|0x32ef2ab2
16:08:11.0 (76257114)|SYSTEM_MODE_ENTER|true
16:08:11.0 (76269968)|HEAP_ALLOCATE|[EXTERNAL]|Bytes:256
16:08:11.0 (76277298)|VARIABLE_ASSIGNMENT|[EXTERNAL]|this.createCategory|""|0x32ef2ab2
16:08:11.0 (76302764)|SYSTEM_MODE_ENTER|true
16:08:11.0 (76315253)|HEAP_ALLOCATE|[EXTERNAL]|Bytes:256
16:08:11.0 (76322374)|VARIABLE_ASSIGNMENT|[EXTERNAL]|this.createProcess|""|0x32ef2ab2
16:08:11.0 (76353964)|SYSTEM_MODE_ENTER|true
16:08:11.0 (76367314)|HEAP_ALLOCATE|[EXTERNAL]|Bytes:256
16:08:11.0 (76375936)|VARIABLE_ASSIGNMENT|[EXTERNAL]|this.mySearchCount|""|0x32ef2ab2
16:08:11.0 (76401630)|SYSTEM_MODE_ENTER|true
16:08:11.0 (76414106)|HEAP_ALLOCATE|[EXTERNAL]|Bytes:256
16:08:11.0 (76426499)|VARIABLE_ASSIGNMENT|[EXTERNAL]|this.mySearchState|""|0x32ef2ab2
16:08:11.0 (76454308)|SYSTEM_MODE_ENTER|true
16:08:11.0 (76467666)|HEAP_ALLOCATE|[EXTERNAL]|Bytes:256
16:08:11.0 (76475949)|VARIABLE_ASSIGNMENT|[EXTERNAL]|this.pendingCount|""|0x32ef2ab2
16:08:11.0 (76502021)|SYSTEM_MODE_ENTER|true
16:08:11.0 (76515116)|HEAP_ALLOCATE|[EXTERNAL]|Bytes:256
16:08:11.0 (76524031)|VARIABLE_ASSIGNMENT|[EXTERNAL]|this.remandCategory|""|0x32ef2ab2
16:08:11.0 (76550720)|SYSTEM_MODE_ENTER|true
16:08:11.0 (76563879)|HEAP_ALLOCATE|[EXTERNAL]|Bytes:256
16:08:11.0 (76572518)|VARIABLE_ASSIGNMENT|[EXTERNAL]|this.remandProcess|""|0x32ef2ab2
16:08:11.0 (76640681)|SYSTEM_MODE_ENTER|true
16:08:11.0 (76656084)|HEAP_ALLOCATE|[EXTERNAL]|Bytes:40
16:08:11.0 (76665851)|VARIABLE_ASSIGNMENT|[EXTERNAL]|this.iCountComments|null|0x56d7bc78
16:08:11.0 (76700446)|SYSTEM_MODE_ENTER|true
16:08:11.0 (76712513)|HEAP_ALLOCATE|[EXTERNAL]|Bytes:40
16:08:11.0 (76719875)|VARIABLE_ASSIGNMENT|[EXTERNAL]|this.iCountLikes|null|0x56d7bc78
16:08:11.0 (76774035)|SYSTEM_MODE_ENTER|true
16:08:11.0 (76820646)|HEAP_ALLOCATE|[EXTERNAL]|Bytes:256
16:08:11.0 (76832824)|VARIABLE_SCOPE_BEGIN|[127]|this|saReportCtrl|true|false
16:08:11.0 (76966265)|VARIABLE_ASSIGNMENT|[127]|this|{"basicSearchCategory":"","basicSearchCount":"","basicSearchDateEnd":"","basicSearchDateStart":"","basicSearchKeywords":"","basicSearchSort":"","categoryDataOptions":"0x39001c12","countDataOptions":"0x525f5336","createCategory":"","createProcess":"","currentUser":"0x19ae5975","filteredRecords":"0x5db43058","inputReportBody":"","inputTitle":"","isCopySelected":false,"isGoodSelected":false,"isVeryGoodSelected":false,"listOfCategory":"0x646d4770","listOfSAReports":"0x4c037e28","messageError":"","mySearchCount":"","mySearchDateEnd":"","mySearchDateStart":"","mySearchKeywords":"","mySearchState":"","pendingCount":"","pendingDateEnd":"","pendingDateStart":"","pendingKeywords":"","processDataOptions":"0x270de32c","recordedPreviousRepo (11 more) ...":"","remandCategory":"","remandProcess":"","reportComments":"0x5b472165","reportGoodViews":"0x559fbbba","reportManagedViews":"0x23a6d1f","sortDataOptions":"0x4a66eaf7","sourceOfExecution":"","stateDataOptions":"0x2848b6d7"}|0x32ef2ab2
16:08:11.0 (76998812)|SYSTEM_MODE_ENTER|false
16:08:11.0 (77006820)|HEAP_ALLOCATE|[127]|Bytes:5
16:08:11.0 (77014376)|STATEMENT_EXECUTE|[127]
16:08:11.0 (77016945)|STATEMENT_EXECUTE|[127]
16:08:11.0 (77024524)|SYSTEM_MODE_EXIT|false
16:08:11.0 (77074832)|SYSTEM_MODE_ENTER|true
16:08:11.0 (77092051)|HEAP_ALLOCATE|[EXTERNAL]|Bytes:8
16:08:11.0 (77096629)|HEAP_ALLOCATE|[EXTERNAL]|Bytes:40
16:08:11.0 (77106155)|VARIABLE_ASSIGNMENT|[EXTERNAL]|this.iTypeOfScreen|52|0x56d7bc78
16:08:11.0 (77141966)|SYSTEM_MODE_ENTER|true
16:08:11.0 (77157934)|HEAP_ALLOCATE|[EXTERNAL]|Bytes:256
16:08:11.0 (77169914)|VARIABLE_ASSIGNMENT|[EXTERNAL]|this.selectedReportName|""|0x32ef2ab2
16:08:11.0 (77462294)|SYSTEM_MODE_ENTER|true
16:08:11.0 (77480380)|HEAP_ALLOCATE|[EXTERNAL]|Bytes:256
16:08:11.0 (77490122)|VARIABLE_ASSIGNMENT|[EXTERNAL]|this.basicSearchKeywords|""|0x32ef2ab2
16:08:11.0 (77522964)|SYSTEM_MODE_ENTER|true
16:08:11.0 (77537588)|HEAP_ALLOCATE|[EXTERNAL]|Bytes:256
16:08:11.0 (77545265)|VARIABLE_ASSIGNMENT|[EXTERNAL]|this.basicSearchDateStart|""|0x32ef2ab2
16:08:11.0 (77573768)|SYSTEM_MODE_ENTER|true
16:08:11.0 (77587195)|HEAP_ALLOCATE|[EXTERNAL]|Bytes:256
16:08:11.0 (77594686)|VARIABLE_ASSIGNMENT|[EXTERNAL]|this.basicSearchDateEnd|""|0x32ef2ab2
16:08:11.0 (77626114)|SYSTEM_MODE_ENTER|true
16:08:11.0 (77640195)|HEAP_ALLOCATE|[EXTERNAL]|Bytes:1
16:08:11.0 (77644287)|HEAP_ALLOCATE|[EXTERNAL]|Bytes:256
16:08:11.0 (77651399)|VARIABLE_ASSIGNMENT|[EXTERNAL]|this.basicSearchCategory|" "|0x32ef2ab2
16:08:11.0 (77682234)|SYSTEM_MODE_ENTER|true
16:08:11.0 (77695904)|HEAP_ALLOCATE|[EXTERNAL]|Bytes:1
16:08:11.0 (77699922)|HEAP_ALLOCATE|[EXTERNAL]|Bytes:256
16:08:11.0 (77706730)|VARIABLE_ASSIGNMENT|[EXTERNAL]|this.basicSearchSort|" "|0x32ef2ab2
16:08:11.0 (77736709)|SYSTEM_MODE_ENTER|true
16:08:11.0 (77750164)|HEAP_ALLOCATE|[EXTERNAL]|Bytes:2
16:08:11.0 (77754310)|HEAP_ALLOCATE|[EXTERNAL]|Bytes:256
16:08:11.0 (77761192)|VARIABLE_ASSIGNMENT|[EXTERNAL]|this.basicSearchCount|"20"|0x32ef2ab2
16:08:11.0 (80935472)|SYSTEM_MODE_ENTER|true
16:08:11.0 (80989696)|SYSTEM_MODE_ENTER|true
16:08:11.0 (81046815)|SYSTEM_MODE_ENTER|true
16:08:11.0 (81101065)|SYSTEM_MODE_ENTER|true
16:08:11.0 (81190524)|SYSTEM_MODE_ENTER|true
16:08:11.0 (81209112)|HEAP_ALLOCATE|[EXTERNAL]|Bytes:256
16:08:11.0 (81220777)|VARIABLE_ASSIGNMENT|[EXTERNAL]|this.createCategory|null|0x32ef2ab2
16:08:11.0 (81256726)|SYSTEM_MODE_ENTER|true
16:08:11.0 (81270845)|HEAP_ALLOCATE|[EXTERNAL]|Bytes:256
16:08:11.0 (81279111)|VARIABLE_ASSIGNMENT|[EXTERNAL]|this.createProcess|null|0x32ef2ab2
16:08:11.0 (82465425)|SYSTEM_MODE_ENTER|true
16:08:11.0 (82502701)|HEAP_ALLOCATE|[EXTERNAL]|Bytes:256
16:08:11.0 (82511579)|VARIABLE_SCOPE_BEGIN|[32]|this|saReportCtrl|true|false
16:08:11.0 (82627863)|VARIABLE_ASSIGNMENT|[32]|this|{"basicSearchCategory":" ","basicSearchCount":"20","basicSearchDateEnd":"","basicSearchDateStart":"","basicSearchKeywords":"","basicSearchSort":" ","categoryDataOptions":"0x39001c12","countDataOptions":"0x525f5336","currentUser":"0x19ae5975","filteredRecords":"0x5db43058","inputReportBody":"","inputTitle":"","isCopySelected":false,"isGoodSelected":false,"isVeryGoodSelected":false,"listOfCategory":"0x646d4770","listOfSAReports":"0x4c037e28","messageError":"","mySearchCount":"","mySearchDateEnd":"","mySearchDateStart":"","mySearchKeywords":"","mySearchState":"","pendingCount":"","pendingDateEnd":"","pendingDateStart":"","pendingKeywords":"","processDataOptions":"0x270de32c","recordedPreviousRepo (11 more) ...":"","remandCategory":"","remandProcess":"","reportComments":"0x5b472165","reportGoodViews":"0x559fbbba","reportManagedViews":"0x23a6d1f","selectedReportName":"","sortDataOptions":"0x4a66eaf7","sourceOfExecution":"","stateDataOptions":"0x2848b6d7"}|0x32ef2ab2
16:08:11.0 (82658825)|SYSTEM_MODE_ENTER|false
16:08:11.0 (82666483)|HEAP_ALLOCATE|[32]|Bytes:5
16:08:11.0 (82672219)|STATEMENT_EXECUTE|[32]
16:08:11.0 (82674925)|STATEMENT_EXECUTE|[32]
16:08:11.0 (82681219)|SYSTEM_MODE_EXIT|false
16:08:11.0 (82819309)|SYSTEM_MODE_ENTER|true
16:08:11.0 (82846923)|HEAP_ALLOCATE|[EXTERNAL]|Bytes:256
16:08:11.0 (82853972)|VARIABLE_SCOPE_BEGIN|[33]|this|saReportCtrl|true|false
16:08:11.0 (82953981)|VARIABLE_ASSIGNMENT|[33]|this|{"basicSearchCategory":" ","basicSearchCount":"20","basicSearchDateEnd":"","basicSearchDateStart":"","basicSearchKeywords":"","basicSearchSort":" ","categoryDataOptions":"0x39001c12","countDataOptions":"0x525f5336","currentUser":"0x19ae5975","filteredRecords":"0x5db43058","inputReportBody":"","inputTitle":"","isCopySelected":false,"isGoodSelected":false,"isVeryGoodSelected":false,"listOfCategory":"0x646d4770","listOfSAReports":"0x4c037e28","messageError":"","mySearchCount":"","mySearchDateEnd":"","mySearchDateStart":"","mySearchKeywords":"","mySearchState":"","pendingCount":"","pendingDateEnd":"","pendingDateStart":"","pendingKeywords":"","processDataOptions":"0x270de32c","recordedPreviousRepo (11 more) ...":"","remandCategory":"","remandProcess":"","reportComments":"0x5b472165","reportGoodViews":"0x559fbbba","reportManagedViews":"0x23a6d1f","selectedReportName":"","sortDataOptions":"0x4a66eaf7","sourceOfExecution":"","stateDataOptions":"0x2848b6d7"}|0x32ef2ab2
16:08:11.0 (82982115)|SYSTEM_MODE_ENTER|false
16:08:11.0 (82988740)|HEAP_ALLOCATE|[33]|Bytes:5
16:08:11.0 (82993671)|STATEMENT_EXECUTE|[33]
16:08:11.0 (82995728)|STATEMENT_EXECUTE|[33]
16:08:11.0 (83001104)|SYSTEM_MODE_EXIT|false
16:08:11.0 (83132777)|SYSTEM_MODE_ENTER|true
16:08:11.0 (83159528)|HEAP_ALLOCATE|[EXTERNAL]|Bytes:256
16:08:11.0 (83166346)|VARIABLE_SCOPE_BEGIN|[35]|this|saReportCtrl|true|false
16:08:11.0 (83262230)|VARIABLE_ASSIGNMENT|[35]|this|{"basicSearchCategory":" ","basicSearchCount":"20","basicSearchDateEnd":"","basicSearchDateStart":"","basicSearchKeywords":"","basicSearchSort":" ","categoryDataOptions":"0x39001c12","countDataOptions":"0x525f5336","currentUser":"0x19ae5975","filteredRecords":"0x5db43058","inputReportBody":"","inputTitle":"","isCopySelected":false,"isGoodSelected":false,"isVeryGoodSelected":false,"listOfCategory":"0x646d4770","listOfSAReports":"0x4c037e28","messageError":"","mySearchCount":"","mySearchDateEnd":"","mySearchDateStart":"","mySearchKeywords":"","mySearchState":"","pendingCount":"","pendingDateEnd":"","pendingDateStart":"","pendingKeywords":"","processDataOptions":"0x270de32c","recordedPreviousRepo (11 more) ...":"","remandCategory":"","remandProcess":"","reportComments":"0x5b472165","reportGoodViews":"0x559fbbba","reportManagedViews":"0x23a6d1f","selectedReportName":"","sortDataOptions":"0x4a66eaf7","sourceOfExecution":"","stateDataOptions":"0x2848b6d7"}|0x32ef2ab2
16:08:11.0 (83290604)|SYSTEM_MODE_ENTER|false
16:08:11.0 (83296928)|HEAP_ALLOCATE|[35]|Bytes:5
16:08:11.0 (83301602)|STATEMENT_EXECUTE|[35]
16:08:11.0 (83303479)|STATEMENT_EXECUTE|[35]
16:08:11.0 (83308404)|SYSTEM_MODE_EXIT|false
16:08:11.0 (83447501)|SYSTEM_MODE_ENTER|true
16:08:11.0 (83475940)|HEAP_ALLOCATE|[EXTERNAL]|Bytes:256
16:08:11.0 (83483241)|VARIABLE_SCOPE_BEGIN|[34]|this|saReportCtrl|true|false
16:08:11.0 (83578896)|VARIABLE_ASSIGNMENT|[34]|this|{"basicSearchCategory":" ","basicSearchCount":"20","basicSearchDateEnd":"","basicSearchDateStart":"","basicSearchKeywords":"","basicSearchSort":" ","categoryDataOptions":"0x39001c12","countDataOptions":"0x525f5336","currentUser":"0x19ae5975","filteredRecords":"0x5db43058","inputReportBody":"","inputTitle":"","isCopySelected":false,"isGoodSelected":false,"isVeryGoodSelected":false,"listOfCategory":"0x646d4770","listOfSAReports":"0x4c037e28","messageError":"","mySearchCount":"","mySearchDateEnd":"","mySearchDateStart":"","mySearchKeywords":"","mySearchState":"","pendingCount":"","pendingDateEnd":"","pendingDateStart":"","pendingKeywords":"","processDataOptions":"0x270de32c","recordedPreviousRepo (11 more) ...":"","remandCategory":"","remandProcess":"","reportComments":"0x5b472165","reportGoodViews":"0x559fbbba","reportManagedViews":"0x23a6d1f","selectedReportName":"","sortDataOptions":"0x4a66eaf7","sourceOfExecution":"","stateDataOptions":"0x2848b6d7"}|0x32ef2ab2
16:08:11.0 (83606917)|SYSTEM_MODE_ENTER|false
16:08:11.0 (83613675)|HEAP_ALLOCATE|[34]|Bytes:5
16:08:11.0 (83618783)|STATEMENT_EXECUTE|[34]
16:08:11.0 (83620534)|STATEMENT_EXECUTE|[34]
16:08:11.0 (83625010)|SYSTEM_MODE_EXIT|false
16:08:11.0 (89668519)|SYSTEM_MODE_ENTER|true
16:08:11.0 (89692685)|HEAP_ALLOCATE|[EXTERNAL]|Bytes:256
16:08:11.0 (89706768)|VARIABLE_ASSIGNMENT|[EXTERNAL]|this.mySearchState|null|0x32ef2ab2
16:08:11.0 (89747866)|SYSTEM_MODE_ENTER|true
16:08:11.0 (89762713)|HEAP_ALLOCATE|[EXTERNAL]|Bytes:256
16:08:11.0 (89771702)|VARIABLE_ASSIGNMENT|[EXTERNAL]|this.mySearchCount|null|0x32ef2ab2
16:08:11.0 (90950376)|SYSTEM_MODE_ENTER|true
16:08:11.0 (90980819)|HEAP_ALLOCATE|[EXTERNAL]|Bytes:256
16:08:11.0 (90988870)|VARIABLE_SCOPE_BEGIN|[32]|this|saReportCtrl|true|false
16:08:11.0 (91096551)|VARIABLE_ASSIGNMENT|[32]|this|{"basicSearchCategory":" ","basicSearchCount":"20","basicSearchDateEnd":"","basicSearchDateStart":"","basicSearchKeywords":"","basicSearchSort":" ","categoryDataOptions":"0x39001c12","countDataOptions":"0x525f5336","currentUser":"0x19ae5975","filteredRecords":"0x5db43058","inputReportBody":"","inputTitle":"","isCopySelected":false,"isGoodSelected":false,"isVeryGoodSelected":false,"listOfCategory":"0x646d4770","listOfSAReports":"0x4c037e28","messageError":"","mySearchDateEnd":"","mySearchDateStart":"","mySearchKeywords":"","pendingCount":"","pendingDateEnd":"","pendingDateStart":"","pendingKeywords":"","processDataOptions":"0x270de32c","recordedPreviousRepo (11 more) ...":"","remandCategory":"","remandProcess":"","reportComments":"0x5b472165","reportGoodViews":"0x559fbbba","reportManagedViews":"0x23a6d1f","selectedReportName":"","sortDataOptions":"0x4a66eaf7","sourceOfExecution":"","stateDataOptions":"0x2848b6d7"}|0x32ef2ab2
16:08:11.0 (91126820)|SYSTEM_MODE_ENTER|false
16:08:11.0 (91134071)|HEAP_ALLOCATE|[32]|Bytes:5
16:08:11.0 (91139505)|STATEMENT_EXECUTE|[32]
16:08:11.0 (91141409)|STATEMENT_EXECUTE|[32]
16:08:11.0 (91146604)|SYSTEM_MODE_EXIT|false
16:08:11.0 (91282119)|SYSTEM_MODE_ENTER|true
16:08:11.0 (91309844)|HEAP_ALLOCATE|[EXTERNAL]|Bytes:256
16:08:11.0 (91317039)|VARIABLE_SCOPE_BEGIN|[33]|this|saReportCtrl|true|false
16:08:11.0 (91413778)|VARIABLE_ASSIGNMENT|[33]|this|{"basicSearchCategory":" ","basicSearchCount":"20","basicSearchDateEnd":"","basicSearchDateStart":"","basicSearchKeywords":"","basicSearchSort":" ","categoryDataOptions":"0x39001c12","countDataOptions":"0x525f5336","currentUser":"0x19ae5975","filteredRecords":"0x5db43058","inputReportBody":"","inputTitle":"","isCopySelected":false,"isGoodSelected":false,"isVeryGoodSelected":false,"listOfCategory":"0x646d4770","listOfSAReports":"0x4c037e28","messageError":"","mySearchDateEnd":"","mySearchDateStart":"","mySearchKeywords":"","pendingCount":"","pendingDateEnd":"","pendingDateStart":"","pendingKeywords":"","processDataOptions":"0x270de32c","recordedPreviousRepo (11 more) ...":"","remandCategory":"","remandProcess":"","reportComments":"0x5b472165","reportGoodViews":"0x559fbbba","reportManagedViews":"0x23a6d1f","selectedReportName":"","sortDataOptions":"0x4a66eaf7","sourceOfExecution":"","stateDataOptions":"0x2848b6d7"}|0x32ef2ab2
16:08:11.0 (91448783)|SYSTEM_MODE_ENTER|false
16:08:11.0 (91455689)|HEAP_ALLOCATE|[33]|Bytes:5
16:08:11.0 (91460292)|STATEMENT_EXECUTE|[33]
16:08:11.0 (91462090)|STATEMENT_EXECUTE|[33]
16:08:11.0 (91466977)|SYSTEM_MODE_EXIT|false
16:08:11.0 (91599766)|SYSTEM_MODE_ENTER|true
16:08:11.0 (91626940)|HEAP_ALLOCATE|[EXTERNAL]|Bytes:256
16:08:11.0 (91633893)|VARIABLE_SCOPE_BEGIN|[34]|this|saReportCtrl|true|false
16:08:11.0 (91728081)|VARIABLE_ASSIGNMENT|[34]|this|{"basicSearchCategory":" ","basicSearchCount":"20","basicSearchDateEnd":"","basicSearchDateStart":"","basicSearchKeywords":"","basicSearchSort":" ","categoryDataOptions":"0x39001c12","countDataOptions":"0x525f5336","currentUser":"0x19ae5975","filteredRecords":"0x5db43058","inputReportBody":"","inputTitle":"","isCopySelected":false,"isGoodSelected":false,"isVeryGoodSelected":false,"listOfCategory":"0x646d4770","listOfSAReports":"0x4c037e28","messageError":"","mySearchDateEnd":"","mySearchDateStart":"","mySearchKeywords":"","pendingCount":"","pendingDateEnd":"","pendingDateStart":"","pendingKeywords":"","processDataOptions":"0x270de32c","recordedPreviousRepo (11 more) ...":"","remandCategory":"","remandProcess":"","reportComments":"0x5b472165","reportGoodViews":"0x559fbbba","reportManagedViews":"0x23a6d1f","selectedReportName":"","sortDataOptions":"0x4a66eaf7","sourceOfExecution":"","stateDataOptions":"0x2848b6d7"}|0x32ef2ab2
16:08:11.0 (91754864)|SYSTEM_MODE_ENTER|false
16:08:11.0 (91761436)|HEAP_ALLOCATE|[34]|Bytes:5
16:08:11.0 (91766187)|STATEMENT_EXECUTE|[34]
16:08:11.0 (91767974)|STATEMENT_EXECUTE|[34]
16:08:11.0 (91772305)|SYSTEM_MODE_EXIT|false
16:08:11.0 (91899919)|SYSTEM_MODE_ENTER|true
16:08:11.0 (91926927)|HEAP_ALLOCATE|[EXTERNAL]|Bytes:256
16:08:11.0 (91933944)|VARIABLE_SCOPE_BEGIN|[35]|this|saReportCtrl|true|false
16:08:11.0 (92029524)|VARIABLE_ASSIGNMENT|[35]|this|{"basicSearchCategory":" ","basicSearchCount":"20","basicSearchDateEnd":"","basicSearchDateStart":"","basicSearchKeywords":"","basicSearchSort":" ","categoryDataOptions":"0x39001c12","countDataOptions":"0x525f5336","currentUser":"0x19ae5975","filteredRecords":"0x5db43058","inputReportBody":"","inputTitle":"","isCopySelected":false,"isGoodSelected":false,"isVeryGoodSelected":false,"listOfCategory":"0x646d4770","listOfSAReports":"0x4c037e28","messageError":"","mySearchDateEnd":"","mySearchDateStart":"","mySearchKeywords":"","pendingCount":"","pendingDateEnd":"","pendingDateStart":"","pendingKeywords":"","processDataOptions":"0x270de32c","recordedPreviousRepo (11 more) ...":"","remandCategory":"","remandProcess":"","reportComments":"0x5b472165","reportGoodViews":"0x559fbbba","reportManagedViews":"0x23a6d1f","selectedReportName":"","sortDataOptions":"0x4a66eaf7","sourceOfExecution":"","stateDataOptions":"0x2848b6d7"}|0x32ef2ab2
16:08:11.0 (92056695)|SYSTEM_MODE_ENTER|false
16:08:11.0 (92063081)|HEAP_ALLOCATE|[35]|Bytes:5
16:08:11.0 (92067450)|STATEMENT_EXECUTE|[35]
16:08:11.0 (92069290)|STATEMENT_EXECUTE|[35]
16:08:11.0 (92073457)|SYSTEM_MODE_EXIT|false
16:08:11.0 (98113489)|SYSTEM_MODE_ENTER|true
16:08:11.0 (98136156)|HEAP_ALLOCATE|[EXTERNAL]|Bytes:256
16:08:11.0 (98148498)|VARIABLE_ASSIGNMENT|[EXTERNAL]|this.draftCategory|null|0x32ef2ab2
16:08:11.0 (98188543)|SYSTEM_MODE_ENTER|true
16:08:11.0 (98203039)|HEAP_ALLOCATE|[EXTERNAL]|Bytes:256
16:08:11.0 (98212621)|VARIABLE_ASSIGNMENT|[EXTERNAL]|this.draftProcess|null|0x32ef2ab2
16:08:11.0 (98263031)|SYSTEM_MODE_ENTER|true
16:08:11.0 (98277888)|HEAP_ALLOCATE|[EXTERNAL]|Bytes:256
16:08:11.0 (98288415)|VARIABLE_ASSIGNMENT|[EXTERNAL]|this.remandCategory|null|0x32ef2ab2
16:08:11.0 (98320252)|SYSTEM_MODE_ENTER|true
16:08:11.0 (98333348)|HEAP_ALLOCATE|[EXTERNAL]|Bytes:256
16:08:11.0 (98342096)|VARIABLE_ASSIGNMENT|[EXTERNAL]|this.remandProcess|null|0x32ef2ab2
16:08:11.0 (98724296)|SYSTEM_MODE_ENTER|true
16:08:11.0 (98741015)|HEAP_ALLOCATE|[EXTERNAL]|Bytes:256
16:08:11.0 (98751505)|VARIABLE_ASSIGNMENT|[EXTERNAL]|this.pendingCount|null|0x32ef2ab2
16:08:11.0 (126532490)|SYSTEM_MODE_ENTER|true
16:08:11.0 (126570266)|HEAP_ALLOCATE|[EXTERNAL]|Bytes:40
16:08:11.0 (126593788)|VARIABLE_ASSIGNMENT|[EXTERNAL]|this.iCountComments|null|0x56d7bc78
16:08:11.0 (126646126)|SYSTEM_MODE_ENTER|true
16:08:11.0 (126660363)|HEAP_ALLOCATE|[EXTERNAL]|Bytes:40
16:08:11.0 (126668870)|VARIABLE_ASSIGNMENT|[EXTERNAL]|this.iCountLikes|null|0x56d7bc78
16:08:11.0 (126754079)|SYSTEM_MODE_ENTER|true
16:08:11.0 (126802025)|HEAP_ALLOCATE|[EXTERNAL]|Bytes:256
16:08:11.0 (126813905)|VARIABLE_SCOPE_BEGIN|[127]|this|saReportCtrl|true|false
16:08:11.0 (126964813)|VARIABLE_ASSIGNMENT|[127]|this|{"basicSearchCategory":" ","basicSearchCount":"20","basicSearchDateEnd":"","basicSearchDateStart":"","basicSearchKeywords":"","basicSearchSort":" ","categoryDataOptions":"0x39001c12","countDataOptions":"0x525f5336","currentUser":"0x19ae5975","filteredRecords":"0x5db43058","inputReportBody":"","inputTitle":"","isCopySelected":false,"isGoodSelected":false,"isVeryGoodSelected":false,"listOfCategory":"0x646d4770","listOfSAReports":"0x4c037e28","messageError":"","mySearchDateEnd":"","mySearchDateStart":"","mySearchKeywords":"","pendingDateEnd":"","pendingDateStart":"","pendingKeywords":"","processDataOptions":"0x270de32c","recordedPreviousRepo (11 more) ...":"","reportComments":"0x5b472165","reportGoodViews":"0x559fbbba","reportManagedViews":"0x23a6d1f","selectedReportName":"","sortDataOptions":"0x4a66eaf7","sourceOfExecution":"","stateDataOptions":"0x2848b6d7"}|0x32ef2ab2
16:08:11.0 (126999090)|SYSTEM_MODE_ENTER|false
16:08:11.0 (127007787)|HEAP_ALLOCATE|[127]|Bytes:5
16:08:11.0 (127015611)|STATEMENT_EXECUTE|[127]
16:08:11.0 (127018373)|STATEMENT_EXECUTE|[127]
16:08:11.0 (127024908)|SYSTEM_MODE_EXIT|false
16:08:11.0 (127077728)|SYSTEM_MODE_ENTER|true
16:08:11.0 (127097197)|HEAP_ALLOCATE|[EXTERNAL]|Bytes:8
16:08:11.0 (127102068)|HEAP_ALLOCATE|[EXTERNAL]|Bytes:40
16:08:11.0 (127112089)|VARIABLE_ASSIGNMENT|[EXTERNAL]|this.iTypeOfScreen|52|0x56d7bc78
16:08:11.0 (127229259)|SYSTEM_MODE_ENTER|true
16:08:11.0 (127363537)|SYSTEM_MODE_ENTER|true
16:08:11.0 (132388869)|SYSTEM_MODE_ENTER|true
16:08:11.0 (132467376)|SYSTEM_MODE_ENTER|true
16:08:11.0 (132544439)|SYSTEM_MODE_ENTER|true
16:08:11.0 (132617180)|SYSTEM_MODE_ENTER|true
16:08:11.0 (132751184)|SYSTEM_MODE_ENTER|true
16:08:11.0 (132854724)|SYSTEM_MODE_ENTER|true
16:08:11.0 (132945369)|SYSTEM_MODE_ENTER|true
16:08:11.0 (133328751)|SYSTEM_MODE_ENTER|true
16:08:11.0 (133367251)|HEAP_ALLOCATE|[EXTERNAL]|Bytes:256
16:08:11.0 (133377671)|VARIABLE_SCOPE_BEGIN|[32]|this|saReportCtrl|true|false
16:08:11.0 (133499737)|VARIABLE_ASSIGNMENT|[32]|this|{"basicSearchCategory":" ","basicSearchCount":"20","basicSearchDateEnd":"","basicSearchDateStart":"","basicSearchKeywords":"","basicSearchSort":" ","categoryDataOptions":"0x39001c12","countDataOptions":"0x525f5336","currentUser":"0x19ae5975","filteredRecords":"0x5db43058","inputReportBody":"","inputTitle":"","isCopySelected":false,"isGoodSelected":false,"isVeryGoodSelected":false,"listOfCategory":"0x646d4770","listOfSAReports":"0x4c037e28","messageError":"","mySearchDateEnd":"","mySearchDateStart":"","mySearchKeywords":"","pendingDateEnd":"","pendingDateStart":"","pendingKeywords":"","processDataOptions":"0x270de32c","recordedPreviousRepo (11 more) ...":"","reportComments":"0x5b472165","reportGoodViews":"0x559fbbba","reportManagedViews":"0x23a6d1f","selectedReportName":"","sortDataOptions":"0x4a66eaf7","sourceOfExecution":"","stateDataOptions":"0x2848b6d7"}|0x32ef2ab2
16:08:11.0 (133530226)|SYSTEM_MODE_ENTER|false
16:08:11.0 (133538536)|HEAP_ALLOCATE|[32]|Bytes:5
16:08:11.0 (133544574)|STATEMENT_EXECUTE|[32]
16:08:11.0 (133546650)|STATEMENT_EXECUTE|[32]
16:08:11.0 (133553086)|SYSTEM_MODE_EXIT|false
16:08:11.0 (133698956)|SYSTEM_MODE_ENTER|true
16:08:11.0 (133727669)|HEAP_ALLOCATE|[EXTERNAL]|Bytes:256
16:08:11.0 (133734996)|VARIABLE_SCOPE_BEGIN|[33]|this|saReportCtrl|true|false
16:08:11.0 (133831639)|VARIABLE_ASSIGNMENT|[33]|this|{"basicSearchCategory":" ","basicSearchCount":"20","basicSearchDateEnd":"","basicSearchDateStart":"","basicSearchKeywords":"","basicSearchSort":" ","categoryDataOptions":"0x39001c12","countDataOptions":"0x525f5336","currentUser":"0x19ae5975","filteredRecords":"0x5db43058","inputReportBody":"","inputTitle":"","isCopySelected":false,"isGoodSelected":false,"isVeryGoodSelected":false,"listOfCategory":"0x646d4770","listOfSAReports":"0x4c037e28","messageError":"","mySearchDateEnd":"","mySearchDateStart":"","mySearchKeywords":"","pendingDateEnd":"","pendingDateStart":"","pendingKeywords":"","processDataOptions":"0x270de32c","recordedPreviousRepo (11 more) ...":"","reportComments":"0x5b472165","reportGoodViews":"0x559fbbba","reportManagedViews":"0x23a6d1f","selectedReportName":"","sortDataOptions":"0x4a66eaf7","sourceOfExecution":"","stateDataOptions":"0x2848b6d7"}|0x32ef2ab2
16:08:11.0 (133859694)|SYSTEM_MODE_ENTER|false
16:08:11.0 (133866503)|HEAP_ALLOCATE|[33]|Bytes:5
16:08:11.0 (133871159)|STATEMENT_EXECUTE|[33]
16:08:11.0 (133872966)|STATEMENT_EXECUTE|[33]
16:08:11.0 (133878089)|SYSTEM_MODE_EXIT|false
16:08:11.0 (134012547)|SYSTEM_MODE_ENTER|true
16:08:11.0 (134040303)|HEAP_ALLOCATE|[EXTERNAL]|Bytes:256
16:08:11.0 (134047448)|VARIABLE_SCOPE_BEGIN|[35]|this|saReportCtrl|true|false
16:08:11.0 (134142684)|VARIABLE_ASSIGNMENT|[35]|this|{"basicSearchCategory":" ","basicSearchCount":"20","basicSearchDateEnd":"","basicSearchDateStart":"","basicSearchKeywords":"","basicSearchSort":" ","categoryDataOptions":"0x39001c12","countDataOptions":"0x525f5336","currentUser":"0x19ae5975","filteredRecords":"0x5db43058","inputReportBody":"","inputTitle":"","isCopySelected":false,"isGoodSelected":false,"isVeryGoodSelected":false,"listOfCategory":"0x646d4770","listOfSAReports":"0x4c037e28","messageError":"","mySearchDateEnd":"","mySearchDateStart":"","mySearchKeywords":"","pendingDateEnd":"","pendingDateStart":"","pendingKeywords":"","processDataOptions":"0x270de32c","recordedPreviousRepo (11 more) ...":"","reportComments":"0x5b472165","reportGoodViews":"0x559fbbba","reportManagedViews":"0x23a6d1f","selectedReportName":"","sortDataOptions":"0x4a66eaf7","sourceOfExecution":"","stateDataOptions":"0x2848b6d7"}|0x32ef2ab2
16:08:11.0 (134170273)|SYSTEM_MODE_ENTER|false
16:08:11.0 (134176841)|HEAP_ALLOCATE|[35]|Bytes:5
16:08:11.0 (134181242)|STATEMENT_EXECUTE|[35]
16:08:11.0 (134183000)|STATEMENT_EXECUTE|[35]
16:08:11.0 (134187486)|SYSTEM_MODE_EXIT|false
16:08:11.0 (134358105)|SYSTEM_MODE_ENTER|true
16:08:11.0 (134386077)|HEAP_ALLOCATE|[EXTERNAL]|Bytes:256
16:08:11.0 (134393009)|VARIABLE_SCOPE_BEGIN|[34]|this|saReportCtrl|true|false
16:08:11.0 (134494246)|VARIABLE_ASSIGNMENT|[34]|this|{"basicSearchCategory":" ","basicSearchCount":"20","basicSearchDateEnd":"","basicSearchDateStart":"","basicSearchKeywords":"","basicSearchSort":" ","categoryDataOptions":"0x39001c12","countDataOptions":"0x525f5336","currentUser":"0x19ae5975","filteredRecords":"0x5db43058","inputReportBody":"","inputTitle":"","isCopySelected":false,"isGoodSelected":false,"isVeryGoodSelected":false,"listOfCategory":"0x646d4770","listOfSAReports":"0x4c037e28","messageError":"","mySearchDateEnd":"","mySearchDateStart":"","mySearchKeywords":"","pendingDateEnd":"","pendingDateStart":"","pendingKeywords":"","processDataOptions":"0x270de32c","recordedPreviousRepo (11 more) ...":"","reportComments":"0x5b472165","reportGoodViews":"0x559fbbba","reportManagedViews":"0x23a6d1f","selectedReportName":"","sortDataOptions":"0x4a66eaf7","sourceOfExecution":"","stateDataOptions":"0x2848b6d7"}|0x32ef2ab2
16:08:11.0 (134521685)|SYSTEM_MODE_ENTER|false
16:08:11.0 (134528225)|HEAP_ALLOCATE|[34]|Bytes:5
16:08:11.0 (134533046)|STATEMENT_EXECUTE|[34]
16:08:11.0 (134534939)|STATEMENT_EXECUTE|[34]
16:08:11.0 (134539695)|SYSTEM_MODE_EXIT|false
16:08:11.0 (151858608)|SYSTEM_MODE_ENTER|true
16:08:11.0 (151915141)|HEAP_ALLOCATE|[EXTERNAL]|Bytes:256
16:08:11.0 (152061536)|VARIABLE_ASSIGNMENT|[EXTERNAL]|this|{"basicSearchCategory":" ","basicSearchCount":"20","basicSearchDateEnd":"","basicSearchDateStart":"","basicSearchKeywords":"","basicSearchSort":" ","categoryDataOptions":"0x39001c12","countDataOptions":"0x525f5336","currentUser":"0x19ae5975","filteredRecords":"0x5db43058","inputReportBody":"","inputTitle":"","isCopySelected":false,"isGoodSelected":false,"isVeryGoodSelected":false,"listOfCategory":"0x646d4770","listOfSAReports":"0x4c037e28","messageError":"","mySearchDateEnd":"","mySearchDateStart":"","mySearchKeywords":"","pendingDateEnd":"","pendingDateStart":"","pendingKeywords":"","processDataOptions":"0x270de32c","recordedPreviousRepo (11 more) ...":"","reportComments":"0x5b472165","reportGoodViews":"0x559fbbba","reportManagedViews":"0x23a6d1f","selectedReportName":"","sortDataOptions":"0x4a66eaf7","sourceOfExecution":"","stateDataOptions":"0x2848b6d7"}|0x32ef2ab2
16:08:11.0 (152093469)|SYSTEM_MODE_ENTER|false
16:08:11.0 (152101504)|HEAP_ALLOCATE|[141]|Bytes:5
16:08:11.0 (152108943)|STATEMENT_EXECUTE|[140]
16:08:11.0 (152111608)|STATEMENT_EXECUTE|[141]
16:08:11.0 (152163478)|HEAP_ALLOCATE|[141]|Bytes:85
16:08:11.0 (152176928)|SYSTEM_METHOD_ENTRY|[1]|UserInfo.UserInfo()
16:08:11.0 (152181722)|STATEMENT_EXECUTE|[1]
16:08:11.0 (152191931)|SYSTEM_METHOD_EXIT|[1]|UserInfo
16:08:11.0 (152210722)|METHOD_ENTRY|[141]||System.UserInfo.getTimeZone()
16:08:11.0 (152481462)|METHOD_EXIT|[141]||System.UserInfo.getTimeZone()
16:08:11.0 (152492677)|VARIABLE_SCOPE_BEGIN|[141]|tz|System.TimeZone|true|false
16:08:11.0 (152518938)|VARIABLE_ASSIGNMENT|[141]|tz|{"delegate":"0x78b57013"}|0x5c6f6004
16:08:11.0 (152525754)|STATEMENT_EXECUTE|[143]
16:08:11.0 (152578134)|HEAP_ALLOCATE|[143]|Bytes:56
16:08:11.0 (152602099)|METHOD_ENTRY|[143]||System.TimeZone.getOffset(Datetime)
16:08:11.0 (152636223)|METHOD_EXIT|[143]||System.TimeZone.getOffset(Datetime)
16:08:11.0 (152663857)|HEAP_ALLOCATE|[143]|Bytes:28
16:08:11.0 (152672651)|HEAP_ALLOCATE|[143]|Bytes:28
16:08:11.0 (152677707)|HEAP_ALLOCATE|[143]|Bytes:4
16:08:11.0 (152686861)|HEAP_ALLOCATE|[143]|Bytes:28
16:08:11.0 (152725087)|HEAP_ALLOCATE|[143]|Bytes:28
16:08:11.0 (152803950)|HEAP_ALLOCATE|[143]|Bytes:28
16:08:11.0 (152809096)|HEAP_ALLOCATE|[143]|Bytes:28
16:08:11.0 (152826776)|HEAP_ALLOCATE|[143]|Bytes:12
16:08:11.0 (152834965)|SYSTEM_MODE_EXIT|false
16:08:11.0 (235860414)|VF_SERIALIZE_VIEWSTATE_BEGIN|066N0000000M59u
16:08:11.0 (244693814)|VF_SERIALIZE_VIEWSTATE_END
16:08:11.264 (264523257)|CUMULATIVE_LIMIT_USAGE
16:08:11.264 (264523257)|LIMIT_USAGE_FOR_NS|(default)|
  Number of SOQL queries: 0 out of 100
  Number of query rows: 0 out of 50000
  Number of SOSL queries: 0 out of 20
  Number of DML statements: 0 out of 150
  Number of DML rows: 0 out of 10000
  Maximum CPU time: 0 out of 10000
  Maximum heap size: 0 out of 6000000
  Number of callouts: 0 out of 100
  Number of Email Invocations: 0 out of 10
  Number of future calls: 0 out of 50
  Number of queueable jobs added to the queue: 0 out of 50
  Number of Mobile Apex push calls: 0 out of 10

16:08:11.264 (264523257)|CUMULATIVE_LIMIT_USAGE_END

16:08:11.0 (264567043)|CODE_UNIT_FINISHED|VF: /apex/saReport
16:08:11.0 (265371164)|EXECUTION_FINISHED
