38.0 APEX_CODE,FINEST;APEX_PROFILING,INFO;CALLOUT,INFO;DB,INFO;SYSTEM,DEBUG;VALIDATION,INFO;VISUALFORCE,INFO;WAVE,INFO;WORKFLOW,INFO
18:43:14.0 (321152)|USER_INFO|[EXTERNAL]|005N00000057PfO|thomas.remy+kddi_gwdev01@globalway.co.jp|Japan Standard Time|GMT+09:00
18:43:14.0 (356351)|EXECUTION_STARTED
18:43:14.0 (360012)|CODE_UNIT_STARTED|[EXTERNAL]|066N0000000M59u|VF: /apex/saReport
18:43:14.0 (296658846)|SYSTEM_MODE_ENTER|true
18:43:14.0 (297276106)|VARIABLE_SCOPE_BEGIN|[5]|saReportCtrl.ORIGIN_OF_EXECUTION_1|String|false|true
18:43:14.0 (297288962)|VARIABLE_SCOPE_BEGIN|[6]|saReportCtrl.ORIGIN_OF_EXECUTION_2|String|false|true
18:43:14.0 (297297004)|VARIABLE_SCOPE_BEGIN|[9]|saReportCtrl.REPORT_STATE_DRAFT|String|false|true
18:43:14.0 (297304710)|VARIABLE_SCOPE_BEGIN|[10]|saReportCtrl.REPORT_STATE_PENDING|String|false|true
18:43:14.0 (297312275)|VARIABLE_SCOPE_BEGIN|[11]|saReportCtrl.REPORT_STATE_PUBLISH|String|false|true
18:43:14.0 (297319596)|VARIABLE_SCOPE_BEGIN|[12]|saReportCtrl.REPORT_STATE_REMAND|String|false|true
18:43:14.0 (297327040)|VARIABLE_SCOPE_BEGIN|[15]|saReportCtrl.SEARCH_COUNT_AVERAGE_LABEL|String|false|true
18:43:14.0 (297333423)|VARIABLE_SCOPE_BEGIN|[18]|saReportCtrl.SEARCH_COUNT_AVERAGE_VALUE|String|false|true
18:43:14.0 (297339589)|VARIABLE_SCOPE_BEGIN|[14]|saReportCtrl.SEARCH_COUNT_FEW_LABEL|String|false|true
18:43:14.0 (297345812)|VARIABLE_SCOPE_BEGIN|[17]|saReportCtrl.SEARCH_COUNT_FEW_VALUE|String|false|true
18:43:14.0 (297353725)|VARIABLE_SCOPE_BEGIN|[16]|saReportCtrl.SEARCH_COUNT_LOT_LABEL|String|false|true
18:43:14.0 (297360109)|VARIABLE_SCOPE_BEGIN|[19]|saReportCtrl.SEARCH_COUNT_LOT_VALUE|String|false|true
18:43:14.0 (297367241)|VARIABLE_SCOPE_BEGIN|[24]|saReportCtrl.SORTED_BY_FAVORITES_LABEL|String|false|true
18:43:14.0 (297373739)|VARIABLE_SCOPE_BEGIN|[30]|saReportCtrl.SORTED_BY_FAVORITES_VALUE|String|false|true
18:43:14.0 (297381590)|VARIABLE_SCOPE_BEGIN|[22]|saReportCtrl.SORTED_BY_NEWS_LABEL|String|false|true
18:43:14.0 (297389153)|VARIABLE_SCOPE_BEGIN|[28]|saReportCtrl.SORTED_BY_NEWS_VALUE|String|false|true
18:43:14.0 (297395835)|VARIABLE_SCOPE_BEGIN|[21]|saReportCtrl.SORTED_BY_NONE_LABEL|String|false|true
18:43:14.0 (297402236)|VARIABLE_SCOPE_BEGIN|[27]|saReportCtrl.SORTED_BY_NONE_VALUE|String|false|true
18:43:14.0 (297409057)|VARIABLE_SCOPE_BEGIN|[23]|saReportCtrl.SORTED_BY_NUMBER_OF_VIEWS_LABEL|String|false|true
18:43:14.0 (297415733)|VARIABLE_SCOPE_BEGIN|[29]|saReportCtrl.SORTED_BY_NUMBER_OF_VIEWS_VALUE|String|false|true
18:43:14.0 (297423026)|VARIABLE_SCOPE_BEGIN|[25]|saReportCtrl.SORTED_BY_RELEASE_DATES_LABEL|String|false|true
18:43:14.0 (297429934)|VARIABLE_SCOPE_BEGIN|[31]|saReportCtrl.SORTED_BY_RELEASE_DATES_VALUE|String|false|true
18:43:14.0 (297436923)|VARIABLE_SCOPE_BEGIN|[40]|saReportCtrl.STATE_DRAFT_LABEL|String|false|true
18:43:14.0 (297444182)|VARIABLE_SCOPE_BEGIN|[34]|saReportCtrl.STATE_DRAFT_VALUE|String|false|true
18:43:14.0 (297451241)|VARIABLE_SCOPE_BEGIN|[39]|saReportCtrl.STATE_NONE_LABEL|String|false|true
18:43:14.0 (297458453)|VARIABLE_SCOPE_BEGIN|[33]|saReportCtrl.STATE_NONE_VALUE|String|false|true
18:43:14.0 (297467604)|VARIABLE_SCOPE_BEGIN|[41]|saReportCtrl.STATE_PENDING_LABEL|String|false|true
18:43:14.0 (297474806)|VARIABLE_SCOPE_BEGIN|[35]|saReportCtrl.STATE_PENDING_VALUE|String|false|true
18:43:14.0 (297482030)|VARIABLE_SCOPE_BEGIN|[43]|saReportCtrl.STATE_PUBLISH_LABEL|String|false|true
18:43:14.0 (297489086)|VARIABLE_SCOPE_BEGIN|[37]|saReportCtrl.STATE_PUBLISH_VALUE|String|false|true
18:43:14.0 (297496775)|VARIABLE_SCOPE_BEGIN|[42]|saReportCtrl.STATE_REMAND_LABEL|String|false|true
18:43:14.0 (297503904)|VARIABLE_SCOPE_BEGIN|[36]|saReportCtrl.STATE_REMAND_VALUE|String|false|true
18:43:14.0 (297610344)|HEAP_ALLOCATE|[72]|Bytes:3
18:43:14.0 (297637517)|HEAP_ALLOCATE|[77]|Bytes:152
18:43:14.0 (297648394)|HEAP_ALLOCATE|[342]|Bytes:408
18:43:14.0 (297659537)|HEAP_ALLOCATE|[355]|Bytes:408
18:43:14.0 (297675997)|HEAP_ALLOCATE|[467]|Bytes:48
18:43:14.0 (297706368)|HEAP_ALLOCATE|[139]|Bytes:6
18:43:14.0 (297725799)|HEAP_ALLOCATE|[EXTERNAL]|Bytes:1108
18:43:14.0 (297740043)|HEAP_ALLOCATE|[EXTERNAL]|Bytes:402
18:43:14.0 (297749447)|HEAP_ALLOCATE|[EXTERNAL]|Bytes:355
18:43:14.0 (297756105)|HEAP_ALLOCATE|[EXTERNAL]|Bytes:1
18:43:14.0 (297777309)|VARIABLE_ASSIGNMENT|[EXTERNAL]|saReportCtrl.ORIGIN_OF_EXECUTION_1|"1"
18:43:14.0 (297782940)|HEAP_ALLOCATE|[EXTERNAL]|Bytes:1
18:43:14.0 (297788367)|VARIABLE_ASSIGNMENT|[EXTERNAL]|saReportCtrl.ORIGIN_OF_EXECUTION_2|"2"
18:43:14.0 (297793029)|HEAP_ALLOCATE|[EXTERNAL]|Bytes:5
18:43:14.0 (297799535)|VARIABLE_ASSIGNMENT|[EXTERNAL]|saReportCtrl.REPORT_STATE_DRAFT|"Draft"
18:43:14.0 (297803686)|HEAP_ALLOCATE|[EXTERNAL]|Bytes:7
18:43:14.0 (297809200)|VARIABLE_ASSIGNMENT|[EXTERNAL]|saReportCtrl.REPORT_STATE_PENDING|"Pending"
18:43:14.0 (297812980)|HEAP_ALLOCATE|[EXTERNAL]|Bytes:7
18:43:14.0 (297818598)|VARIABLE_ASSIGNMENT|[EXTERNAL]|saReportCtrl.REPORT_STATE_PUBLISH|"Publish"
18:43:14.0 (297822514)|HEAP_ALLOCATE|[EXTERNAL]|Bytes:6
18:43:14.0 (297828115)|VARIABLE_ASSIGNMENT|[EXTERNAL]|saReportCtrl.REPORT_STATE_REMAND|"Remand"
18:43:14.0 (297831517)|HEAP_ALLOCATE|[EXTERNAL]|Bytes:3
18:43:14.0 (297836882)|VARIABLE_ASSIGNMENT|[EXTERNAL]|saReportCtrl.SEARCH_COUNT_AVERAGE_LABEL|"50件"
18:43:14.0 (297841030)|HEAP_ALLOCATE|[EXTERNAL]|Bytes:2
18:43:14.0 (297846490)|VARIABLE_ASSIGNMENT|[EXTERNAL]|saReportCtrl.SEARCH_COUNT_AVERAGE_VALUE|"50"
18:43:14.0 (297850376)|HEAP_ALLOCATE|[EXTERNAL]|Bytes:3
18:43:14.0 (297855495)|VARIABLE_ASSIGNMENT|[EXTERNAL]|saReportCtrl.SEARCH_COUNT_FEW_LABEL|"20件"
18:43:14.0 (297859855)|HEAP_ALLOCATE|[EXTERNAL]|Bytes:2
18:43:14.0 (297864879)|VARIABLE_ASSIGNMENT|[EXTERNAL]|saReportCtrl.SEARCH_COUNT_FEW_VALUE|"20"
18:43:14.0 (297868575)|HEAP_ALLOCATE|[EXTERNAL]|Bytes:4
18:43:14.0 (297873804)|VARIABLE_ASSIGNMENT|[EXTERNAL]|saReportCtrl.SEARCH_COUNT_LOT_LABEL|"100件"
18:43:14.0 (297878803)|HEAP_ALLOCATE|[EXTERNAL]|Bytes:3
18:43:14.0 (297884024)|VARIABLE_ASSIGNMENT|[EXTERNAL]|saReportCtrl.SEARCH_COUNT_LOT_VALUE|"100"
18:43:14.0 (297887520)|HEAP_ALLOCATE|[EXTERNAL]|Bytes:4
18:43:14.0 (297893283)|VARIABLE_ASSIGNMENT|[EXTERNAL]|saReportCtrl.SORTED_BY_FAVORITES_LABEL|"いいね順"
18:43:14.0 (297897646)|HEAP_ALLOCATE|[EXTERNAL]|Bytes:4
18:43:14.0 (297902949)|VARIABLE_ASSIGNMENT|[EXTERNAL]|saReportCtrl.SORTED_BY_FAVORITES_VALUE|"いいね順"
18:43:14.0 (297906460)|HEAP_ALLOCATE|[EXTERNAL]|Bytes:3
18:43:14.0 (297911905)|VARIABLE_ASSIGNMENT|[EXTERNAL]|saReportCtrl.SORTED_BY_NEWS_LABEL|"NEW"
18:43:14.0 (297915941)|HEAP_ALLOCATE|[EXTERNAL]|Bytes:3
18:43:14.0 (297921803)|VARIABLE_ASSIGNMENT|[EXTERNAL]|saReportCtrl.SORTED_BY_NEWS_VALUE|"NEW"
18:43:14.0 (297926172)|HEAP_ALLOCATE|[EXTERNAL]|Bytes:1
18:43:14.0 (297931952)|VARIABLE_ASSIGNMENT|[EXTERNAL]|saReportCtrl.SORTED_BY_NONE_LABEL|" "
18:43:14.0 (297935711)|HEAP_ALLOCATE|[EXTERNAL]|Bytes:1
18:43:14.0 (297941311)|VARIABLE_ASSIGNMENT|[EXTERNAL]|saReportCtrl.SORTED_BY_NONE_VALUE|" "
18:43:14.0 (297945045)|HEAP_ALLOCATE|[EXTERNAL]|Bytes:4
18:43:14.0 (297951001)|VARIABLE_ASSIGNMENT|[EXTERNAL]|saReportCtrl.SORTED_BY_NUMBER_OF_VIEWS_LABEL|"閲覧数順"
18:43:14.0 (297955239)|HEAP_ALLOCATE|[EXTERNAL]|Bytes:4
18:43:14.0 (297961246)|VARIABLE_ASSIGNMENT|[EXTERNAL]|saReportCtrl.SORTED_BY_NUMBER_OF_VIEWS_VALUE|"閲覧数順"
18:43:14.0 (297964803)|HEAP_ALLOCATE|[EXTERNAL]|Bytes:4
18:43:14.0 (297970698)|VARIABLE_ASSIGNMENT|[EXTERNAL]|saReportCtrl.SORTED_BY_RELEASE_DATES_LABEL|"公開日時"
18:43:14.0 (297974593)|HEAP_ALLOCATE|[EXTERNAL]|Bytes:4
18:43:14.0 (297981068)|VARIABLE_ASSIGNMENT|[EXTERNAL]|saReportCtrl.SORTED_BY_RELEASE_DATES_VALUE|"公開日時"
18:43:14.0 (297984937)|HEAP_ALLOCATE|[EXTERNAL]|Bytes:3
18:43:14.0 (297991338)|VARIABLE_ASSIGNMENT|[EXTERNAL]|saReportCtrl.STATE_DRAFT_LABEL|"作成中"
18:43:14.0 (297995215)|HEAP_ALLOCATE|[EXTERNAL]|Bytes:5
18:43:14.0 (298002823)|VARIABLE_ASSIGNMENT|[EXTERNAL]|saReportCtrl.STATE_DRAFT_VALUE|"Draft"
18:43:14.0 (298007653)|HEAP_ALLOCATE|[EXTERNAL]|Bytes:3
18:43:14.0 (298014040)|VARIABLE_ASSIGNMENT|[EXTERNAL]|saReportCtrl.STATE_NONE_LABEL|"未選択"
18:43:14.0 (298017864)|HEAP_ALLOCATE|[EXTERNAL]|Bytes:1
18:43:14.0 (298024205)|VARIABLE_ASSIGNMENT|[EXTERNAL]|saReportCtrl.STATE_NONE_VALUE|" "
18:43:14.0 (298027707)|HEAP_ALLOCATE|[EXTERNAL]|Bytes:4
18:43:14.0 (298033809)|VARIABLE_ASSIGNMENT|[EXTERNAL]|saReportCtrl.STATE_PENDING_LABEL|"承認待ち"
18:43:14.0 (298037686)|HEAP_ALLOCATE|[EXTERNAL]|Bytes:7
18:43:14.0 (298044265)|VARIABLE_ASSIGNMENT|[EXTERNAL]|saReportCtrl.STATE_PENDING_VALUE|"Pending"
18:43:14.0 (298047636)|HEAP_ALLOCATE|[EXTERNAL]|Bytes:3
18:43:14.0 (298054195)|VARIABLE_ASSIGNMENT|[EXTERNAL]|saReportCtrl.STATE_PUBLISH_LABEL|"公開済"
18:43:14.0 (298058275)|HEAP_ALLOCATE|[EXTERNAL]|Bytes:7
18:43:14.0 (298064444)|VARIABLE_ASSIGNMENT|[EXTERNAL]|saReportCtrl.STATE_PUBLISH_VALUE|"Publish"
18:43:14.0 (298068082)|HEAP_ALLOCATE|[EXTERNAL]|Bytes:4
18:43:14.0 (298074832)|VARIABLE_ASSIGNMENT|[EXTERNAL]|saReportCtrl.STATE_REMAND_LABEL|"差し戻し"
18:43:14.0 (298078399)|HEAP_ALLOCATE|[EXTERNAL]|Bytes:6
18:43:14.0 (298084363)|VARIABLE_ASSIGNMENT|[EXTERNAL]|saReportCtrl.STATE_REMAND_VALUE|"Remand"
18:43:14.0 (298107372)|METHOD_ENTRY|[1]|01pN0000000aEUV|saReportCtrl.saReportCtrl()
18:43:14.0 (298114602)|STATEMENT_EXECUTE|[1]
18:43:14.0 (298118770)|STATEMENT_EXECUTE|[1]
18:43:14.0 (298147154)|HEAP_ALLOCATE|[50]|Bytes:5
18:43:14.0 (298163380)|HEAP_ALLOCATE|[56]|Bytes:5
18:43:14.0 (298169907)|HEAP_ALLOCATE|[64]|Bytes:7
18:43:14.0 (298190130)|SYSTEM_MODE_ENTER|false
18:43:14.0 (298199964)|HEAP_ALLOCATE|[EXTERNAL]|Bytes:5
18:43:14.0 (298205843)|SYSTEM_MODE_EXIT|false
18:43:14.0 (298216672)|METHOD_EXIT|[1]|saReportCtrl
18:43:14.0 (298319475)|HEAP_ALLOCATE|[EXTERNAL]|Bytes:224
18:43:14.0 (298396884)|VARIABLE_SCOPE_BEGIN|[144]|this|saReportCtrl|true|false
18:43:14.0 (298560981)|VARIABLE_ASSIGNMENT|[144]|this|{}|0x5b1a877a
18:43:14.0 (298579132)|SYSTEM_MODE_ENTER|false
18:43:14.0 (298586001)|HEAP_ALLOCATE|[146]|Bytes:5
18:43:14.0 (298590543)|STATEMENT_EXECUTE|[1]
18:43:14.0 (298595159)|HEAP_ALLOCATE|[146]|Bytes:5
18:43:14.0 (298598059)|STATEMENT_EXECUTE|[46]
18:43:14.0 (298599637)|STATEMENT_EXECUTE|[47]
18:43:14.0 (298600813)|STATEMENT_EXECUTE|[48]
18:43:14.0 (298601966)|STATEMENT_EXECUTE|[49]
18:43:14.0 (298603144)|STATEMENT_EXECUTE|[52]
18:43:14.0 (298604577)|STATEMENT_EXECUTE|[53]
18:43:14.0 (298605727)|STATEMENT_EXECUTE|[54]
18:43:14.0 (298606889)|STATEMENT_EXECUTE|[55]
18:43:14.0 (298608040)|STATEMENT_EXECUTE|[56]
18:43:14.0 (298609171)|STATEMENT_EXECUTE|[57]
18:43:14.0 (298610389)|STATEMENT_EXECUTE|[58]
18:43:14.0 (298611554)|STATEMENT_EXECUTE|[59]
18:43:14.0 (298612707)|STATEMENT_EXECUTE|[60]
18:43:14.0 (298613869)|STATEMENT_EXECUTE|[61]
18:43:14.0 (298615052)|STATEMENT_EXECUTE|[62]
18:43:14.0 (298616529)|STATEMENT_EXECUTE|[63]
18:43:14.0 (298617928)|STATEMENT_EXECUTE|[66]
18:43:14.0 (298619059)|STATEMENT_EXECUTE|[67]
18:43:14.0 (298620257)|STATEMENT_EXECUTE|[70]
18:43:14.0 (298621399)|STATEMENT_EXECUTE|[72]
18:43:14.0 (298622613)|STATEMENT_EXECUTE|[74]
18:43:14.0 (298623885)|STATEMENT_EXECUTE|[75]
18:43:14.0 (298625032)|STATEMENT_EXECUTE|[78]
18:43:14.0 (298626166)|STATEMENT_EXECUTE|[79]
18:43:14.0 (298627317)|STATEMENT_EXECUTE|[81]
18:43:14.0 (298628525)|STATEMENT_EXECUTE|[84]
18:43:14.0 (298629660)|STATEMENT_EXECUTE|[85]
18:43:14.0 (298630814)|STATEMENT_EXECUTE|[89]
18:43:14.0 (298631945)|STATEMENT_EXECUTE|[90]
18:43:14.0 (298633100)|STATEMENT_EXECUTE|[91]
18:43:14.0 (298634236)|STATEMENT_EXECUTE|[95]
18:43:14.0 (298635686)|STATEMENT_EXECUTE|[96]
18:43:14.0 (298636847)|STATEMENT_EXECUTE|[97]
18:43:14.0 (298638023)|STATEMENT_EXECUTE|[98]
18:43:14.0 (298639151)|STATEMENT_EXECUTE|[99]
18:43:14.0 (298640302)|STATEMENT_EXECUTE|[100]
18:43:14.0 (298641547)|STATEMENT_EXECUTE|[101]
18:43:14.0 (298642744)|STATEMENT_EXECUTE|[102]
18:43:14.0 (298644048)|STATEMENT_EXECUTE|[105]
18:43:14.0 (298645207)|STATEMENT_EXECUTE|[106]
18:43:14.0 (298646374)|STATEMENT_EXECUTE|[107]
18:43:14.0 (298647618)|STATEMENT_EXECUTE|[108]
18:43:14.0 (298648764)|STATEMENT_EXECUTE|[109]
18:43:14.0 (298649913)|STATEMENT_EXECUTE|[113]
18:43:14.0 (298651088)|STATEMENT_EXECUTE|[114]
18:43:14.0 (298652245)|STATEMENT_EXECUTE|[116]
18:43:14.0 (298653440)|STATEMENT_EXECUTE|[117]
18:43:14.0 (298654622)|STATEMENT_EXECUTE|[123]
18:43:14.0 (298655791)|STATEMENT_EXECUTE|[124]
18:43:14.0 (298656940)|STATEMENT_EXECUTE|[125]
18:43:14.0 (298658160)|STATEMENT_EXECUTE|[126]
18:43:14.0 (298659345)|STATEMENT_EXECUTE|[127]
18:43:14.0 (298660574)|STATEMENT_EXECUTE|[128]
18:43:14.0 (298661784)|STATEMENT_EXECUTE|[129]
18:43:14.0 (298662941)|STATEMENT_EXECUTE|[130]
18:43:14.0 (298670456)|HEAP_ALLOCATE|[146]|Bytes:6
18:43:14.0 (298703042)|STATEMENT_EXECUTE|[144]
18:43:14.0 (298704652)|STATEMENT_EXECUTE|[146]
18:43:14.0 (298707255)|HEAP_ALLOCATE|[146]|Bytes:17
18:43:14.0 (298861598)|USER_DEBUG|[146]|DEBUG|Run: saReportCtrl
18:43:14.0 (298873261)|STATEMENT_EXECUTE|[149]
18:43:14.0 (298958657)|VARIABLE_ASSIGNMENT|[EXTERNAL]|this|{}|0x5b1a877a
18:43:14.0 (298969838)|VARIABLE_ASSIGNMENT|[EXTERNAL]|value|""
18:43:14.0 (298982284)|VARIABLE_ASSIGNMENT|[66]|this.messageError|""|0x5b1a877a
18:43:14.0 (298991252)|STATEMENT_EXECUTE|[151]
18:43:14.0 (299065582)|VARIABLE_ASSIGNMENT|[EXTERNAL]|this|{"messageError":""}|0x5b1a877a
18:43:14.0 (299075246)|VARIABLE_ASSIGNMENT|[EXTERNAL]|value|"Draft"
18:43:14.0 (299088679)|VARIABLE_ASSIGNMENT|[46]|this.typeDraft|"Draft"|0x5b1a877a
18:43:14.0 (299097316)|STATEMENT_EXECUTE|[152]
18:43:14.0 (299167799)|VARIABLE_ASSIGNMENT|[EXTERNAL]|this|{"messageError":"","typeDraft":"Draft"}|0x5b1a877a
18:43:14.0 (299176198)|VARIABLE_ASSIGNMENT|[EXTERNAL]|value|"Pending"
18:43:14.0 (299188457)|VARIABLE_ASSIGNMENT|[47]|this.typePending|"Pending"|0x5b1a877a
18:43:14.0 (299196505)|STATEMENT_EXECUTE|[153]
18:43:14.0 (299269356)|VARIABLE_ASSIGNMENT|[EXTERNAL]|this|{"messageError":"","typeDraft":"Draft","typePending":"Pending"}|0x5b1a877a
18:43:14.0 (299277958)|VARIABLE_ASSIGNMENT|[EXTERNAL]|value|"Publish"
18:43:14.0 (299289338)|VARIABLE_ASSIGNMENT|[48]|this.typePublish|"Publish"|0x5b1a877a
18:43:14.0 (299297000)|STATEMENT_EXECUTE|[154]
18:43:14.0 (299364398)|VARIABLE_ASSIGNMENT|[EXTERNAL]|this|{"messageError":"","typeDraft":"Draft","typePending":"Pending","typePublish":"Publish"}|0x5b1a877a
18:43:14.0 (299373690)|VARIABLE_ASSIGNMENT|[EXTERNAL]|value|"Remand"
18:43:14.0 (299384850)|VARIABLE_ASSIGNMENT|[49]|this.typeRemand|"Remand"|0x5b1a877a
18:43:14.0 (299392430)|STATEMENT_EXECUTE|[157]
18:43:14.0 (299534173)|METHOD_ENTRY|[157]|01pN0000000aEUV|saReportCtrl.initHomePage()
18:43:14.0 (299565701)|VARIABLE_SCOPE_BEGIN|[187]|this|saReportCtrl|true|false
18:43:14.0 (299622925)|VARIABLE_ASSIGNMENT|[187]|this|{"messageError":"","typeDraft":"Draft","typePending":"Pending","typePublish":"Publish","typeRemand":"Remand"}|0x5b1a877a
18:43:14.0 (299640306)|HEAP_ALLOCATE|[189]|Bytes:5
18:43:14.0 (299645310)|STATEMENT_EXECUTE|[187]
18:43:14.0 (299646698)|STATEMENT_EXECUTE|[189]
18:43:14.0 (299657886)|METHOD_ENTRY|[189]|01pN0000000aEUV|saReportCtrl.initCategory()
18:43:14.0 (299775359)|VARIABLE_SCOPE_BEGIN|[238]|this|saReportCtrl|true|false
18:43:14.0 (299835822)|VARIABLE_ASSIGNMENT|[238]|this|{"messageError":"","typeDraft":"Draft","typePending":"Pending","typePublish":"Publish","typeRemand":"Remand"}|0x5b1a877a
18:43:14.0 (299850987)|HEAP_ALLOCATE|[240]|Bytes:5
18:43:14.0 (299855666)|STATEMENT_EXECUTE|[238]
18:43:14.0 (299857025)|STATEMENT_EXECUTE|[240]
18:43:14.0 (299859555)|HEAP_ALLOCATE|[240]|Bytes:17
18:43:14.0 (299876914)|USER_DEBUG|[240]|DEBUG|Run: initCategory
18:43:14.0 (299885177)|STATEMENT_EXECUTE|[243]
18:43:14.0 (299887326)|HEAP_ALLOCATE|[243]|Bytes:57
18:43:14.0 (299892383)|VARIABLE_SCOPE_BEGIN|[243]|queryStr|String|false|false
18:43:14.0 (299903528)|VARIABLE_ASSIGNMENT|[243]|queryStr|" SELECT IsNew__c, Ca (37 more) ..."
18:43:14.0 (299911511)|STATEMENT_EXECUTE|[244]
18:43:14.0 (300099835)|SOQL_EXECUTE_BEGIN|[244]|Aggregations:0| SELECT IsNew__c, Category__c, State__c FROM saReport__c 
18:43:14.0 (303704801)|SOQL_EXECUTE_END|[244]|Rows:7
18:43:14.0 (303725531)|HEAP_ALLOCATE|[244]|Bytes:32
18:43:14.0 (303751442)|HEAP_ALLOCATE|[244]|Bytes:577
18:43:14.0 (303779089)|HEAP_ALLOCATE|[244]|Bytes:32
18:43:14.0 (303796449)|VARIABLE_SCOPE_BEGIN|[244]|listOfReportsCategories|List<saReport__c>|true|false
18:43:14.0 (303814667)|VARIABLE_ASSIGNMENT|[244]|listOfReportsCategories|"List of size 7 too large to display"|0x596dff8d
18:43:14.0 (303821032)|STATEMENT_EXECUTE|[246]
18:43:14.0 (303829808)|HEAP_ALLOCATE|[246]|Bytes:4
18:43:14.0 (303859226)|VARIABLE_SCOPE_BEGIN|[246]|listOfCategory|List<String>|true|false
18:43:14.0 (303895550)|HEAP_ALLOCATE|[EXTERNAL]|Bytes:4
18:43:14.0 (303908150)|VARIABLE_ASSIGNMENT|[246]|listOfCategory|[]|0x5d8a2382
18:43:14.0 (304051618)|HEAP_ALLOCATE|[250]|Bytes:5
18:43:14.0 (304071804)|HEAP_ALLOCATE|[250]|Bytes:16
18:43:14.0 (304081747)|VARIABLE_SCOPE_BEGIN|[250]|report|saReport__c|true|false
18:43:14.0 (304098909)|VARIABLE_ASSIGNMENT|[250]|report|{"IsNew__c":false,"State__c":"Draft","Id":"a0HN0000008PlH5MAK"}|0x5ec2ce55
18:43:14.0 (304105709)|STATEMENT_EXECUTE|[250]
18:43:14.0 (304107328)|STATEMENT_EXECUTE|[251]
18:43:14.0 (304110879)|VARIABLE_SCOPE_BEGIN|[251]|i|Integer|false|false
18:43:14.0 (304118693)|HEAP_ALLOCATE|[251]|Bytes:4
18:43:14.0 (304124787)|VARIABLE_ASSIGNMENT|[251]|i|0
18:43:14.0 (304127898)|STATEMENT_EXECUTE|[252]
18:43:14.0 (304130463)|VARIABLE_SCOPE_BEGIN|[252]|alreadyAdded|Boolean|false|false
18:43:14.0 (304138284)|HEAP_ALLOCATE|[252]|Bytes:5
18:43:14.0 (304143737)|VARIABLE_ASSIGNMENT|[252]|alreadyAdded|false
18:43:14.0 (304147610)|STATEMENT_EXECUTE|[253]
18:43:14.0 (304149423)|VARIABLE_SCOPE_BEGIN|[253]|available|Boolean|false|false
18:43:14.0 (304155483)|HEAP_ALLOCATE|[253]|Bytes:5
18:43:14.0 (304159964)|VARIABLE_ASSIGNMENT|[253]|available|false
18:43:14.0 (304206602)|STATEMENT_EXECUTE|[254]
18:43:14.0 (304210386)|STATEMENT_EXECUTE|[265]
18:43:14.0 (304219012)|HEAP_ALLOCATE|[250]|Bytes:5
18:43:14.0 (304228583)|HEAP_ALLOCATE|[250]|Bytes:20
18:43:14.0 (304233801)|VARIABLE_SCOPE_BEGIN|[250]|report|saReport__c|true|false
18:43:14.0 (304246413)|VARIABLE_ASSIGNMENT|[250]|report|{"IsNew__c":true,"Category__c":"au Wallet","State__c":"Publish","Id":"a0HN0000008OfjdMAC"}|0x40a63874
18:43:14.0 (304252592)|STATEMENT_EXECUTE|[250]
18:43:14.0 (304253930)|STATEMENT_EXECUTE|[251]
18:43:14.0 (304256248)|VARIABLE_SCOPE_BEGIN|[251]|i|Integer|false|false
18:43:14.0 (304262122)|HEAP_ALLOCATE|[251]|Bytes:4
18:43:14.0 (304266954)|VARIABLE_ASSIGNMENT|[251]|i|0
18:43:14.0 (304270333)|STATEMENT_EXECUTE|[252]
18:43:14.0 (304272444)|VARIABLE_SCOPE_BEGIN|[252]|alreadyAdded|Boolean|false|false
18:43:14.0 (304280970)|HEAP_ALLOCATE|[252]|Bytes:5
18:43:14.0 (304285525)|VARIABLE_ASSIGNMENT|[252]|alreadyAdded|false
18:43:14.0 (304289093)|STATEMENT_EXECUTE|[253]
18:43:14.0 (304290839)|VARIABLE_SCOPE_BEGIN|[253]|available|Boolean|false|false
18:43:14.0 (304296454)|HEAP_ALLOCATE|[253]|Bytes:5
18:43:14.0 (304300106)|VARIABLE_ASSIGNMENT|[253]|available|false
18:43:14.0 (304315279)|STATEMENT_EXECUTE|[254]
18:43:14.0 (304316677)|STATEMENT_EXECUTE|[255]
18:43:14.0 (304318795)|HEAP_ALLOCATE|[255]|Bytes:5
18:43:14.0 (304323928)|VARIABLE_ASSIGNMENT|[255]|available|true
18:43:14.0 (304346874)|STATEMENT_EXECUTE|[256]
18:43:14.0 (304358406)|STATEMENT_EXECUTE|[257]
18:43:14.0 (304359894)|STATEMENT_EXECUTE|[261]
18:43:14.0 (304362000)|HEAP_ALLOCATE|[261]|Bytes:4
18:43:14.0 (304367613)|VARIABLE_ASSIGNMENT|[261]|i|1
18:43:14.0 (304375910)|STATEMENT_EXECUTE|[256]
18:43:14.0 (304380848)|STATEMENT_EXECUTE|[257]
18:43:14.0 (304382082)|STATEMENT_EXECUTE|[261]
18:43:14.0 (304383440)|HEAP_ALLOCATE|[261]|Bytes:4
18:43:14.0 (304387566)|VARIABLE_ASSIGNMENT|[261]|i|2
18:43:14.0 (304394814)|STATEMENT_EXECUTE|[256]
18:43:14.0 (304399514)|STATEMENT_EXECUTE|[257]
18:43:14.0 (304400806)|STATEMENT_EXECUTE|[261]
18:43:14.0 (304402138)|HEAP_ALLOCATE|[261]|Bytes:4
18:43:14.0 (304406451)|VARIABLE_ASSIGNMENT|[261]|i|3
18:43:14.0 (304413737)|STATEMENT_EXECUTE|[256]
18:43:14.0 (304418393)|STATEMENT_EXECUTE|[257]
18:43:14.0 (304419637)|STATEMENT_EXECUTE|[261]
18:43:14.0 (304420966)|HEAP_ALLOCATE|[261]|Bytes:4
18:43:14.0 (304424637)|VARIABLE_ASSIGNMENT|[261]|i|4
18:43:14.0 (304431451)|STATEMENT_EXECUTE|[256]
18:43:14.0 (304436149)|STATEMENT_EXECUTE|[257]
18:43:14.0 (304437531)|STATEMENT_EXECUTE|[261]
18:43:14.0 (304438786)|HEAP_ALLOCATE|[261]|Bytes:4
18:43:14.0 (304443055)|VARIABLE_ASSIGNMENT|[261]|i|5
18:43:14.0 (304450436)|STATEMENT_EXECUTE|[256]
18:43:14.0 (304455111)|STATEMENT_EXECUTE|[257]
18:43:14.0 (304456346)|STATEMENT_EXECUTE|[261]
18:43:14.0 (304457685)|HEAP_ALLOCATE|[261]|Bytes:4
18:43:14.0 (304461385)|VARIABLE_ASSIGNMENT|[261]|i|6
18:43:14.0 (304468529)|STATEMENT_EXECUTE|[256]
18:43:14.0 (304473187)|STATEMENT_EXECUTE|[257]
18:43:14.0 (304474421)|STATEMENT_EXECUTE|[261]
18:43:14.0 (304475665)|HEAP_ALLOCATE|[261]|Bytes:4
18:43:14.0 (304479420)|VARIABLE_ASSIGNMENT|[261]|i|7
18:43:14.0 (304487646)|STATEMENT_EXECUTE|[265]
18:43:14.0 (304488862)|STATEMENT_EXECUTE|[266]
18:43:14.0 (304524984)|HEAP_ALLOCATE|[EXTERNAL]|Bytes:4
18:43:14.0 (304538402)|HEAP_ALLOCATE|[250]|Bytes:5
18:43:14.0 (304547106)|HEAP_ALLOCATE|[250]|Bytes:20
18:43:14.0 (304552464)|VARIABLE_SCOPE_BEGIN|[250]|report|saReport__c|true|false
18:43:14.0 (304565089)|VARIABLE_ASSIGNMENT|[250]|report|{"IsNew__c":true,"Category__c":"au Wallet","State__c":"Pending","Id":"a0HN0000008Oba9MAC"}|0x31270f98
18:43:14.0 (304571117)|STATEMENT_EXECUTE|[250]
18:43:14.0 (304572428)|STATEMENT_EXECUTE|[251]
18:43:14.0 (304574854)|VARIABLE_SCOPE_BEGIN|[251]|i|Integer|false|false
18:43:14.0 (304580759)|HEAP_ALLOCATE|[251]|Bytes:4
18:43:14.0 (304585179)|VARIABLE_ASSIGNMENT|[251]|i|0
18:43:14.0 (304588552)|STATEMENT_EXECUTE|[252]
18:43:14.0 (304590465)|VARIABLE_SCOPE_BEGIN|[252]|alreadyAdded|Boolean|false|false
18:43:14.0 (304597003)|HEAP_ALLOCATE|[252]|Bytes:5
18:43:14.0 (304601875)|VARIABLE_ASSIGNMENT|[252]|alreadyAdded|false
18:43:14.0 (304605055)|STATEMENT_EXECUTE|[253]
18:43:14.0 (304606824)|VARIABLE_SCOPE_BEGIN|[253]|available|Boolean|false|false
18:43:14.0 (304612138)|HEAP_ALLOCATE|[253]|Bytes:5
18:43:14.0 (304615831)|VARIABLE_ASSIGNMENT|[253]|available|false
18:43:14.0 (304629386)|STATEMENT_EXECUTE|[254]
18:43:14.0 (304631799)|STATEMENT_EXECUTE|[265]
18:43:14.0 (304637821)|HEAP_ALLOCATE|[250]|Bytes:5
18:43:14.0 (304645626)|HEAP_ALLOCATE|[250]|Bytes:20
18:43:14.0 (304650946)|VARIABLE_SCOPE_BEGIN|[250]|report|saReport__c|true|false
18:43:14.0 (304661743)|VARIABLE_ASSIGNMENT|[250]|report|{"IsNew__c":true,"Category__c":"その他","State__c":"Remand","Id":"a0HN0000008OfjYMAS"}|0x7d87a816
18:43:14.0 (304667021)|STATEMENT_EXECUTE|[250]
18:43:14.0 (304668370)|STATEMENT_EXECUTE|[251]
18:43:14.0 (304670511)|VARIABLE_SCOPE_BEGIN|[251]|i|Integer|false|false
18:43:14.0 (304675760)|HEAP_ALLOCATE|[251]|Bytes:4
18:43:14.0 (304679707)|VARIABLE_ASSIGNMENT|[251]|i|0
18:43:14.0 (304682893)|STATEMENT_EXECUTE|[252]
18:43:14.0 (304684671)|VARIABLE_SCOPE_BEGIN|[252]|alreadyAdded|Boolean|false|false
18:43:14.0 (304690836)|HEAP_ALLOCATE|[252]|Bytes:5
18:43:14.0 (304695294)|VARIABLE_ASSIGNMENT|[252]|alreadyAdded|false
18:43:14.0 (304698675)|STATEMENT_EXECUTE|[253]
18:43:14.0 (304700290)|VARIABLE_SCOPE_BEGIN|[253]|available|Boolean|false|false
18:43:14.0 (304706803)|HEAP_ALLOCATE|[253]|Bytes:5
18:43:14.0 (304710388)|VARIABLE_ASSIGNMENT|[253]|available|false
18:43:14.0 (304720321)|STATEMENT_EXECUTE|[254]
18:43:14.0 (304722561)|STATEMENT_EXECUTE|[265]
18:43:14.0 (304728181)|HEAP_ALLOCATE|[250]|Bytes:5
18:43:14.0 (304735509)|HEAP_ALLOCATE|[250]|Bytes:20
18:43:14.0 (304739849)|VARIABLE_SCOPE_BEGIN|[250]|report|saReport__c|true|false
18:43:14.0 (304750666)|VARIABLE_ASSIGNMENT|[250]|report|{"IsNew__c":true,"Category__c":"新iPhone","State__c":"Publish","Id":"a0HN0000008OfliMAC"}|0x35ff6195
18:43:14.0 (304756396)|STATEMENT_EXECUTE|[250]
18:43:14.0 (304757692)|STATEMENT_EXECUTE|[251]
18:43:14.0 (304759735)|VARIABLE_SCOPE_BEGIN|[251]|i|Integer|false|false
18:43:14.0 (304765634)|HEAP_ALLOCATE|[251]|Bytes:4
18:43:14.0 (304769507)|VARIABLE_ASSIGNMENT|[251]|i|0
18:43:14.0 (304772740)|STATEMENT_EXECUTE|[252]
18:43:14.0 (304774490)|VARIABLE_SCOPE_BEGIN|[252]|alreadyAdded|Boolean|false|false
18:43:14.0 (304779845)|HEAP_ALLOCATE|[252]|Bytes:5
18:43:14.0 (304783895)|VARIABLE_ASSIGNMENT|[252]|alreadyAdded|false
18:43:14.0 (304787030)|STATEMENT_EXECUTE|[253]
18:43:14.0 (304789337)|VARIABLE_SCOPE_BEGIN|[253]|available|Boolean|false|false
18:43:14.0 (304794679)|HEAP_ALLOCATE|[253]|Bytes:5
18:43:14.0 (304798173)|VARIABLE_ASSIGNMENT|[253]|available|false
18:43:14.0 (304808850)|STATEMENT_EXECUTE|[254]
18:43:14.0 (304810171)|STATEMENT_EXECUTE|[255]
18:43:14.0 (304812684)|HEAP_ALLOCATE|[255]|Bytes:5
18:43:14.0 (304817546)|VARIABLE_ASSIGNMENT|[255]|available|true
18:43:14.0 (304828215)|STATEMENT_EXECUTE|[256]
18:43:14.0 (304833345)|STATEMENT_EXECUTE|[257]
18:43:14.0 (304850227)|HEAP_ALLOCATE|[258]|Bytes:9
18:43:14.0 (304867347)|STATEMENT_EXECUTE|[258]
18:43:14.0 (304869052)|STATEMENT_EXECUTE|[261]
18:43:14.0 (304870760)|HEAP_ALLOCATE|[261]|Bytes:4
18:43:14.0 (304876733)|VARIABLE_ASSIGNMENT|[261]|i|1
18:43:14.0 (304885968)|STATEMENT_EXECUTE|[256]
18:43:14.0 (304890859)|STATEMENT_EXECUTE|[257]
18:43:14.0 (304892103)|STATEMENT_EXECUTE|[261]
18:43:14.0 (304893490)|HEAP_ALLOCATE|[261]|Bytes:4
18:43:14.0 (304897460)|VARIABLE_ASSIGNMENT|[261]|i|2
18:43:14.0 (304904637)|STATEMENT_EXECUTE|[256]
18:43:14.0 (304909881)|STATEMENT_EXECUTE|[257]
18:43:14.0 (304911107)|STATEMENT_EXECUTE|[261]
18:43:14.0 (304912436)|HEAP_ALLOCATE|[261]|Bytes:4
18:43:14.0 (304916664)|VARIABLE_ASSIGNMENT|[261]|i|3
18:43:14.0 (304923305)|STATEMENT_EXECUTE|[256]
18:43:14.0 (304927835)|STATEMENT_EXECUTE|[257]
18:43:14.0 (304929050)|STATEMENT_EXECUTE|[261]
18:43:14.0 (304930416)|HEAP_ALLOCATE|[261]|Bytes:4
18:43:14.0 (304934163)|VARIABLE_ASSIGNMENT|[261]|i|4
18:43:14.0 (304941995)|STATEMENT_EXECUTE|[256]
18:43:14.0 (304946564)|STATEMENT_EXECUTE|[257]
18:43:14.0 (304947843)|STATEMENT_EXECUTE|[261]
18:43:14.0 (304949122)|HEAP_ALLOCATE|[261]|Bytes:4
18:43:14.0 (304952898)|VARIABLE_ASSIGNMENT|[261]|i|5
18:43:14.0 (304959589)|STATEMENT_EXECUTE|[256]
18:43:14.0 (304964153)|STATEMENT_EXECUTE|[257]
18:43:14.0 (304965392)|STATEMENT_EXECUTE|[261]
18:43:14.0 (304966626)|HEAP_ALLOCATE|[261]|Bytes:4
18:43:14.0 (304970881)|VARIABLE_ASSIGNMENT|[261]|i|6
18:43:14.0 (304977894)|STATEMENT_EXECUTE|[256]
18:43:14.0 (304982483)|STATEMENT_EXECUTE|[257]
18:43:14.0 (304983858)|STATEMENT_EXECUTE|[261]
18:43:14.0 (304985166)|HEAP_ALLOCATE|[261]|Bytes:4
18:43:14.0 (304988798)|VARIABLE_ASSIGNMENT|[261]|i|7
18:43:14.0 (304997359)|STATEMENT_EXECUTE|[265]
18:43:14.0 (304998843)|STATEMENT_EXECUTE|[266]
18:43:14.0 (305004844)|HEAP_ALLOCATE|[EXTERNAL]|Bytes:4
18:43:14.0 (305015451)|HEAP_ALLOCATE|[250]|Bytes:5
18:43:14.0 (305022968)|HEAP_ALLOCATE|[250]|Bytes:20
18:43:14.0 (305027727)|VARIABLE_SCOPE_BEGIN|[250]|report|saReport__c|true|false
18:43:14.0 (305039562)|VARIABLE_ASSIGNMENT|[250]|report|{"IsNew__c":false,"Category__c":"新iPhone","State__c":"Pending","Id":"a0HN0000008OfdTMAS"}|0x44eb9ac6
18:43:14.0 (305045315)|STATEMENT_EXECUTE|[250]
18:43:14.0 (305046643)|STATEMENT_EXECUTE|[251]
18:43:14.0 (305048911)|VARIABLE_SCOPE_BEGIN|[251]|i|Integer|false|false
18:43:14.0 (305054653)|HEAP_ALLOCATE|[251]|Bytes:4
18:43:14.0 (305058439)|VARIABLE_ASSIGNMENT|[251]|i|0
18:43:14.0 (305061374)|STATEMENT_EXECUTE|[252]
18:43:14.0 (305063373)|VARIABLE_SCOPE_BEGIN|[252]|alreadyAdded|Boolean|false|false
18:43:14.0 (305069404)|HEAP_ALLOCATE|[252]|Bytes:5
18:43:14.0 (305073516)|VARIABLE_ASSIGNMENT|[252]|alreadyAdded|false
18:43:14.0 (305076728)|STATEMENT_EXECUTE|[253]
18:43:14.0 (305078393)|VARIABLE_SCOPE_BEGIN|[253]|available|Boolean|false|false
18:43:14.0 (305083672)|HEAP_ALLOCATE|[253]|Bytes:5
18:43:14.0 (305087663)|VARIABLE_ASSIGNMENT|[253]|available|false
18:43:14.0 (305098145)|STATEMENT_EXECUTE|[254]
18:43:14.0 (305100433)|STATEMENT_EXECUTE|[265]
18:43:14.0 (305106313)|HEAP_ALLOCATE|[250]|Bytes:5
18:43:14.0 (305114386)|HEAP_ALLOCATE|[250]|Bytes:20
18:43:14.0 (305119301)|VARIABLE_SCOPE_BEGIN|[250]|report|saReport__c|true|false
18:43:14.0 (305129466)|VARIABLE_ASSIGNMENT|[250]|report|{"IsNew__c":false,"Category__c":"新iPhone","State__c":"Publish","Id":"a0HN0000008OfbOMAS"}|0x4d39060c
18:43:14.0 (305134794)|STATEMENT_EXECUTE|[250]
18:43:14.0 (305135997)|STATEMENT_EXECUTE|[251]
18:43:14.0 (305138157)|VARIABLE_SCOPE_BEGIN|[251]|i|Integer|false|false
18:43:14.0 (305143306)|HEAP_ALLOCATE|[251]|Bytes:4
18:43:14.0 (305148038)|VARIABLE_ASSIGNMENT|[251]|i|0
18:43:14.0 (305151471)|STATEMENT_EXECUTE|[252]
18:43:14.0 (305153219)|VARIABLE_SCOPE_BEGIN|[252]|alreadyAdded|Boolean|false|false
18:43:14.0 (305159721)|HEAP_ALLOCATE|[252]|Bytes:5
18:43:14.0 (305163872)|VARIABLE_ASSIGNMENT|[252]|alreadyAdded|false
18:43:14.0 (305167025)|STATEMENT_EXECUTE|[253]
18:43:14.0 (305168637)|VARIABLE_SCOPE_BEGIN|[253]|available|Boolean|false|false
18:43:14.0 (305174876)|HEAP_ALLOCATE|[253]|Bytes:5
18:43:14.0 (305178645)|VARIABLE_ASSIGNMENT|[253]|available|false
18:43:14.0 (305189530)|STATEMENT_EXECUTE|[254]
18:43:14.0 (305190870)|STATEMENT_EXECUTE|[255]
18:43:14.0 (305193025)|HEAP_ALLOCATE|[255]|Bytes:5
18:43:14.0 (305198258)|VARIABLE_ASSIGNMENT|[255]|available|true
18:43:14.0 (305212160)|STATEMENT_EXECUTE|[256]
18:43:14.0 (305217433)|STATEMENT_EXECUTE|[257]
18:43:14.0 (305221251)|HEAP_ALLOCATE|[258]|Bytes:9
18:43:14.0 (305230686)|STATEMENT_EXECUTE|[258]
18:43:14.0 (305232202)|STATEMENT_EXECUTE|[261]
18:43:14.0 (305233735)|HEAP_ALLOCATE|[261]|Bytes:4
18:43:14.0 (305238954)|VARIABLE_ASSIGNMENT|[261]|i|1
18:43:14.0 (305246950)|STATEMENT_EXECUTE|[256]
18:43:14.0 (305251820)|STATEMENT_EXECUTE|[257]
18:43:14.0 (305255010)|HEAP_ALLOCATE|[258]|Bytes:7
18:43:14.0 (305265189)|STATEMENT_EXECUTE|[259]
18:43:14.0 (305267543)|HEAP_ALLOCATE|[259]|Bytes:5
18:43:14.0 (305272698)|VARIABLE_ASSIGNMENT|[259]|alreadyAdded|true
18:43:14.0 (305277964)|STATEMENT_EXECUTE|[261]
18:43:14.0 (305279473)|HEAP_ALLOCATE|[261]|Bytes:4
18:43:14.0 (305284198)|VARIABLE_ASSIGNMENT|[261]|i|2
18:43:14.0 (305292807)|STATEMENT_EXECUTE|[256]
18:43:14.0 (305297610)|STATEMENT_EXECUTE|[257]
18:43:14.0 (305298851)|STATEMENT_EXECUTE|[261]
18:43:14.0 (305300180)|HEAP_ALLOCATE|[261]|Bytes:4
18:43:14.0 (305303979)|VARIABLE_ASSIGNMENT|[261]|i|3
18:43:14.0 (305311177)|STATEMENT_EXECUTE|[256]
18:43:14.0 (305315815)|STATEMENT_EXECUTE|[257]
18:43:14.0 (305317048)|STATEMENT_EXECUTE|[261]
18:43:14.0 (305318335)|HEAP_ALLOCATE|[261]|Bytes:4
18:43:14.0 (305322000)|VARIABLE_ASSIGNMENT|[261]|i|4
18:43:14.0 (305329000)|STATEMENT_EXECUTE|[256]
18:43:14.0 (305333593)|STATEMENT_EXECUTE|[257]
18:43:14.0 (305335107)|STATEMENT_EXECUTE|[261]
18:43:14.0 (305336436)|HEAP_ALLOCATE|[261]|Bytes:4
18:43:14.0 (305340206)|VARIABLE_ASSIGNMENT|[261]|i|5
18:43:14.0 (305347682)|STATEMENT_EXECUTE|[256]
18:43:14.0 (305352303)|STATEMENT_EXECUTE|[257]
18:43:14.0 (305353511)|STATEMENT_EXECUTE|[261]
18:43:14.0 (305354819)|HEAP_ALLOCATE|[261]|Bytes:4
18:43:14.0 (305358398)|VARIABLE_ASSIGNMENT|[261]|i|6
18:43:14.0 (305365456)|STATEMENT_EXECUTE|[256]
18:43:14.0 (305370076)|STATEMENT_EXECUTE|[257]
18:43:14.0 (305371290)|STATEMENT_EXECUTE|[261]
18:43:14.0 (305372682)|HEAP_ALLOCATE|[261]|Bytes:4
18:43:14.0 (305376556)|VARIABLE_ASSIGNMENT|[261]|i|7
18:43:14.0 (305384326)|STATEMENT_EXECUTE|[265]
18:43:14.0 (305389739)|HEAP_ALLOCATE|[250]|Bytes:5
18:43:14.0 (305398287)|VARIABLE_ASSIGNMENT|[250]|report|null|
18:43:14.0 (305402331)|STATEMENT_EXECUTE|[270]
18:43:14.0 (305501699)|VARIABLE_ASSIGNMENT|[EXTERNAL]|this|{"messageError":"","typeDraft":"Draft","typePending":"Pending","typePublish":"Publish","typeRemand":"Remand"}|0x5b1a877a
18:43:14.0 (305516059)|VARIABLE_ASSIGNMENT|[EXTERNAL]|value|["au Wallet","新iPhone"]|0x5d8a2382
18:43:14.0 (305529609)|VARIABLE_ASSIGNMENT|[72]|this.listOfCategory|["au Wallet","新iPhone"]|0x5b1a877a
18:43:14.0 (305538645)|STATEMENT_EXECUTE|[272]
18:43:14.0 (305541898)|HEAP_ALLOCATE|[272]|Bytes:44
18:43:14.0 (305579774)|HEAP_ALLOCATE|[272]|Bytes:20
18:43:14.0 (305595989)|HEAP_ALLOCATE|[272]|Bytes:64
18:43:14.0 (305605235)|USER_DEBUG|[272]|DEBUG|List of the categories used in Front Page : (au Wallet, 新iPhone)
18:43:14.0 (305618783)|METHOD_EXIT|[189]|01pN0000000aEUV|saReportCtrl.initCategory()
18:43:14.0 (305623552)|STATEMENT_EXECUTE|[191]
18:43:14.0 (305636077)|METHOD_ENTRY|[191]|01pN0000000aEUV|saReportCtrl.getAllReports()
18:43:14.0 (305703421)|VARIABLE_SCOPE_BEGIN|[353]|this|saReportCtrl|true|false
18:43:14.0 (305768475)|VARIABLE_ASSIGNMENT|[353]|this|{"listOfCategory":"0x5d8a2382","messageError":"","typeDraft":"Draft","typePending":"Pending","typePublish":"Publish","typeRemand":"Remand"}|0x5b1a877a
18:43:14.0 (305786675)|HEAP_ALLOCATE|[355]|Bytes:5
18:43:14.0 (305791349)|STATEMENT_EXECUTE|[353]
18:43:14.0 (305792773)|STATEMENT_EXECUTE|[355]
18:43:14.0 (305794917)|HEAP_ALLOCATE|[355]|Bytes:18
18:43:14.0 (305811443)|USER_DEBUG|[355]|DEBUG|Run: getAllReports
18:43:14.0 (305818813)|STATEMENT_EXECUTE|[357]
18:43:14.0 (305821676)|HEAP_ALLOCATE|[357]|Bytes:197
18:43:14.0 (305826376)|VARIABLE_SCOPE_BEGIN|[357]|queryStr|String|false|false
18:43:14.0 (305836931)|VARIABLE_ASSIGNMENT|[357]|queryStr|"SELECT Name, Subject (177 more) ..."
18:43:14.0 (305841341)|STATEMENT_EXECUTE|[358]
18:43:14.0 (305843326)|HEAP_ALLOCATE|[358]|Bytes:18
18:43:14.0 (305849524)|HEAP_ALLOCATE|[358]|Bytes:215
18:43:14.0 (305855684)|VARIABLE_ASSIGNMENT|[358]|queryStr|"SELECT Name, Subject (195 more) ..."
18:43:14.0 (305860099)|STATEMENT_EXECUTE|[359]
18:43:14.0 (305861955)|HEAP_ALLOCATE|[359]|Bytes:17
18:43:14.0 (305866845)|HEAP_ALLOCATE|[359]|Bytes:2
18:43:14.0 (305874860)|HEAP_ALLOCATE|[359]|Bytes:26
18:43:14.0 (305878870)|HEAP_ALLOCATE|[359]|Bytes:241
18:43:14.0 (305884725)|VARIABLE_ASSIGNMENT|[359]|queryStr|"SELECT Name, Subject (221 more) ..."
18:43:14.0 (305888688)|STATEMENT_EXECUTE|[360]
18:43:14.0 (305891128)|HEAP_ALLOCATE|[360]|Bytes:5
18:43:14.0 (305903867)|METHOD_ENTRY|[360]|01pN0000000aEUV|saReportCtrl.getWhereCondForCorrespondingProfile()
18:43:14.0 (305958338)|VARIABLE_SCOPE_BEGIN|[837]|this|saReportCtrl|true|false
18:43:14.0 (306022412)|VARIABLE_ASSIGNMENT|[837]|this|{"listOfCategory":"0x5d8a2382","messageError":"","typeDraft":"Draft","typePending":"Pending","typePublish":"Publish","typeRemand":"Remand"}|0x5b1a877a
18:43:14.0 (306038180)|HEAP_ALLOCATE|[839]|Bytes:5
18:43:14.0 (306042282)|STATEMENT_EXECUTE|[837]
18:43:14.0 (306043641)|STATEMENT_EXECUTE|[839]
18:43:14.0 (306046479)|VARIABLE_SCOPE_BEGIN|[839]|correspProfRepCondForQuery|String|false|false
18:43:14.0 (306054183)|VARIABLE_ASSIGNMENT|[839]|correspProfRepCondForQuery|""
18:43:14.0 (306057668)|STATEMENT_EXECUTE|[841]
18:43:14.0 (306059558)|HEAP_ALLOCATE|[841]|Bytes:56
18:43:14.0 (306073051)|HEAP_ALLOCATE|[841]|Bytes:4
18:43:14.0 (306081794)|HEAP_ALLOCATE|[841]|Bytes:7
18:43:14.0 (306114176)|HEAP_ALLOCATE|[841]|Bytes:85
18:43:14.0 (306124070)|SYSTEM_METHOD_ENTRY|[1]|UserInfo.UserInfo()
18:43:14.0 (306128697)|STATEMENT_EXECUTE|[1]
18:43:14.0 (306134861)|SYSTEM_METHOD_EXIT|[1]|UserInfo
18:43:14.0 (306144358)|METHOD_ENTRY|[841]||System.UserInfo.getProfileId()
18:43:14.0 (306177518)|METHOD_EXIT|[841]||System.UserInfo.getProfileId()
18:43:14.0 (306353944)|SOQL_EXECUTE_BEGIN|[841]|Aggregations:0|SELECT Id, Name FROM Profile WHERE Id = :tmpVar1 LIMIT 1
18:43:14.0 (313025698)|SOQL_EXECUTE_END|[841]|Rows:1
18:43:14.0 (313055920)|HEAP_ALLOCATE|[841]|Bytes:8
18:43:14.0 (313074755)|HEAP_ALLOCATE|[841]|Bytes:57
18:43:14.0 (313156292)|HEAP_ALLOCATE|[841]|Bytes:8
18:43:14.0 (313175328)|VARIABLE_SCOPE_BEGIN|[841]|PROFILE|List<Profile>|true|false
18:43:14.0 (313211217)|VARIABLE_ASSIGNMENT|[841]|PROFILE|[{"Id":"00e6F000002RS1oQAG","Name":"System Administrator"}]|0x6e0435a7
18:43:14.0 (313222137)|STATEMENT_EXECUTE|[842]
18:43:14.0 (313266120)|HEAP_ALLOCATE|[842]|Bytes:12
18:43:14.0 (313301265)|VARIABLE_SCOPE_BEGIN|[842]|CurrentUSerProfileName|String|false|false
18:43:14.0 (313313639)|VARIABLE_ASSIGNMENT|[842]|CurrentUSerProfileName|"System Administrator"
18:43:14.0 (313320207)|HEAP_ALLOCATE|[844]|Bytes:11
18:43:14.0 (313338209)|STATEMENT_EXECUTE|[846]
18:43:14.0 (313339891)|STATEMENT_EXECUTE|[847]
18:43:14.0 (313342056)|HEAP_ALLOCATE|[847]|Bytes:30
18:43:14.0 (313350389)|HEAP_ALLOCATE|[847]|Bytes:30
18:43:14.0 (313358884)|VARIABLE_ASSIGNMENT|[847]|correspProfRepCondForQuery|" And IsReportEvolva_ (10 more) ..."
18:43:14.0 (313363040)|STATEMENT_EXECUTE|[850]
18:43:14.0 (313372354)|METHOD_EXIT|[360]|01pN0000000aEUV|saReportCtrl.getWhereCondForCorrespondingProfile()
18:43:14.0 (313380804)|HEAP_ALLOCATE|[360]|Bytes:35
18:43:14.0 (313385844)|HEAP_ALLOCATE|[360]|Bytes:276
18:43:14.0 (313391707)|VARIABLE_ASSIGNMENT|[360]|queryStr|"SELECT Name, Subject (256 more) ..."
18:43:14.0 (313396082)|STATEMENT_EXECUTE|[361]
18:43:14.0 (313398481)|HEAP_ALLOCATE|[361]|Bytes:29
18:43:14.0 (313403326)|HEAP_ALLOCATE|[361]|Bytes:305
18:43:14.0 (313408059)|VARIABLE_ASSIGNMENT|[361]|queryStr|"SELECT Name, Subject (285 more) ..."
18:43:14.0 (313411345)|STATEMENT_EXECUTE|[363]
18:43:14.0 (313413115)|HEAP_ALLOCATE|[363]|Bytes:27
18:43:14.0 (313416879)|HEAP_ALLOCATE|[363]|Bytes:332
18:43:14.0 (313439558)|USER_DEBUG|[363]|DEBUG|Query to get all reports : SELECT Name, Subject__c, Category__c, Process__c, Report_body__c, CreatedBy__r.DisplayedUsernameFormula__c, CreatedDate__c, AvailabilityDate__c, State__C, IsNew__c, NbLike__c, NbView__c, NbCopy__c  FROM saReport__c  WHERE State__c='Publish'  And  And IsReportEvolva__c='false' ORDER BY CreatedDate__c Desc
18:43:14.0 (313451991)|STATEMENT_EXECUTE|[365]
18:43:14.0 (313789522)|EXCEPTION_THROWN|[365]|System.QueryException: unexpected token: 'And'
18:43:14.0 (313886041)|HEAP_ALLOCATE|[365]|Bytes:27
18:43:14.0 (313907293)|METHOD_EXIT|[191]|01pN0000000aEUV|saReportCtrl.getAllReports()
18:43:14.0 (313915445)|METHOD_EXIT|[157]|01pN0000000aEUV|saReportCtrl.initHomePage()
18:43:14.0 (313921791)|SYSTEM_MODE_EXIT|false
18:43:14.0 (314009680)|FATAL_ERROR|System.QueryException: unexpected token: 'And'

Class.saReportCtrl.getAllReports: line 365, column 1
Class.saReportCtrl.initHomePage: line 191, column 1
Class.saReportCtrl.<init>: line 157, column 1
18:43:14.406 (406817252)|CUMULATIVE_LIMIT_USAGE
18:43:14.406 (406817252)|LIMIT_USAGE_FOR_NS|(default)|
  Number of SOQL queries: 2 out of 100
  Number of query rows: 8 out of 50000
  Number of SOSL queries: 0 out of 20
  Number of DML statements: 0 out of 150
  Number of DML rows: 0 out of 10000
  Maximum CPU time: 0 out of 10000
  Maximum heap size: 0 out of 6000000
  Number of callouts: 0 out of 100
  Number of Email Invocations: 0 out of 10
  Number of future calls: 0 out of 50
  Number of queueable jobs added to the queue: 0 out of 50
  Number of Mobile Apex push calls: 0 out of 10

18:43:14.406 (406817252)|CUMULATIVE_LIMIT_USAGE_END

18:43:14.0 (406868054)|CODE_UNIT_FINISHED|VF: /apex/saReport
18:43:14.0 (407659866)|EXECUTION_FINISHED
