42.0 APEX_CODE,FINEST;APEX_PROFILING,INFO;CALLOUT,INFO;DB,INFO;NBA,INFO;SYSTEM,DEBUG;VALIDATION,INFO;VISUALFORCE,INFO;WAVE,INFO;WORKFLOW,INFO
11:50:43.0 (166245)|USER_INFO|[EXTERNAL]|005N00000057PfO|thomas.remy+kddi_gwdev01@globalway.co.jp|Japan Standard Time|GMT+09:00
11:50:43.0 (218924)|EXECUTION_STARTED
11:50:43.0 (225459)|CODE_UNIT_STARTED|[EXTERNAL]|066N0000000M4pW|VF: /apex/sadailyreport
11:50:43.0 (428676)|VF_DESERIALIZE_VIEWSTATE_BEGIN|066N0000000M4pW
11:50:43.0 (4472580)|HEAP_ALLOCATE|[72]|Bytes:3
11:50:43.0 (4520786)|HEAP_ALLOCATE|[77]|Bytes:152
11:50:43.0 (4540025)|HEAP_ALLOCATE|[342]|Bytes:408
11:50:43.0 (4558660)|HEAP_ALLOCATE|[355]|Bytes:408
11:50:43.0 (4574058)|HEAP_ALLOCATE|[467]|Bytes:48
11:50:43.0 (4600330)|HEAP_ALLOCATE|[139]|Bytes:6
11:50:43.0 (5497744)|HEAP_ALLOCATE|[50]|Bytes:5
11:50:43.0 (5528727)|HEAP_ALLOCATE|[56]|Bytes:5
11:50:43.0 (5539159)|HEAP_ALLOCATE|[64]|Bytes:7
11:50:43.0 (6378605)|VARIABLE_SCOPE_BEGIN|[3]|saDailyReportCtrl.SOURCE|String|false|true
11:50:43.0 (6392733)|VARIABLE_SCOPE_BEGIN|[4]|saDailyReportCtrl.SOURCE_ID|String|false|true
11:50:43.0 (7419833)|VARIABLE_SCOPE_BEGIN|[25]|auMainTopCompCtrl.TYPE_SCREEN_ACCOUNT_LIST|Integer|false|true
11:50:43.0 (7432131)|VARIABLE_SCOPE_BEGIN|[26]|auMainTopCompCtrl.TYPE_SCREEN_ACTIVITY_LIST|Integer|false|true
11:50:43.0 (7438621)|VARIABLE_SCOPE_BEGIN|[7]|auMainTopCompCtrl.TYPE_SCREEN_CX_SCREEN|Integer|false|true
11:50:43.0 (7444922)|VARIABLE_SCOPE_BEGIN|[8]|auMainTopCompCtrl.TYPE_SCREEN_CX_TIMELINE|Integer|false|true
11:50:43.0 (7452169)|VARIABLE_SCOPE_BEGIN|[9]|auMainTopCompCtrl.TYPE_SCREEN_EVENT_SCHEDULE|Integer|false|true
11:50:43.0 (7458831)|VARIABLE_SCOPE_BEGIN|[10]|auMainTopCompCtrl.TYPE_SCREEN_EVENT_SCHEDULE_LIST|Integer|false|true
11:50:43.0 (7465464)|VARIABLE_SCOPE_BEGIN|[27]|auMainTopCompCtrl.TYPE_SCREEN_FILE_LIST|Integer|false|true
11:50:43.0 (7471311)|VARIABLE_SCOPE_BEGIN|[24]|auMainTopCompCtrl.TYPE_SCREEN_HONBU_DIRECT|Integer|false|true
11:50:43.0 (7476861)|VARIABLE_SCOPE_BEGIN|[11]|auMainTopCompCtrl.TYPE_SCREEN_KNOWLEDGE_DASHBOARD|Integer|false|true
11:50:43.0 (7482529)|VARIABLE_SCOPE_BEGIN|[12]|auMainTopCompCtrl.TYPE_SCREEN_KNOWLEDGE_LIST|Integer|false|true
11:50:43.0 (7488117)|VARIABLE_SCOPE_BEGIN|[15]|auMainTopCompCtrl.TYPE_SCREEN_SA_CHATTER|Integer|false|true
11:50:43.0 (7494024)|VARIABLE_SCOPE_BEGIN|[16]|auMainTopCompCtrl.TYPE_SCREEN_SA_DAILYREPORT|Integer|false|true
11:50:43.0 (7499964)|VARIABLE_SCOPE_BEGIN|[22]|auMainTopCompCtrl.TYPE_SCREEN_SA_DAILYREPORTLIST|Integer|false|true
11:50:43.0 (7506443)|VARIABLE_SCOPE_BEGIN|[18]|auMainTopCompCtrl.TYPE_SCREEN_SA_DOCUMENTS|Integer|false|true
11:50:43.0 (7512318)|VARIABLE_SCOPE_BEGIN|[17]|auMainTopCompCtrl.TYPE_SCREEN_SA_ENQUETE|Integer|false|true
11:50:43.0 (7518352)|VARIABLE_SCOPE_BEGIN|[20]|auMainTopCompCtrl.TYPE_SCREEN_SA_LINKS|Integer|false|true
11:50:43.0 (7524888)|VARIABLE_SCOPE_BEGIN|[13]|auMainTopCompCtrl.TYPE_SCREEN_SA_MESSAGES|Integer|false|true
11:50:43.0 (7530964)|VARIABLE_SCOPE_BEGIN|[19]|auMainTopCompCtrl.TYPE_SCREEN_SA_RANKING|Integer|false|true
11:50:43.0 (7537141)|VARIABLE_SCOPE_BEGIN|[14]|auMainTopCompCtrl.TYPE_SCREEN_SA_REPORTS|Integer|false|true
11:50:43.0 (7543217)|VARIABLE_SCOPE_BEGIN|[23]|auMainTopCompCtrl.TYPE_SCREEN_SA_TODO|Integer|false|true
11:50:43.0 (7549508)|VARIABLE_SCOPE_BEGIN|[21]|auMainTopCompCtrl.TYPE_SCREEN_SA_USRSETTINGS|Integer|false|true
11:50:43.0 (7555930)|VARIABLE_SCOPE_BEGIN|[4]|auMainTopCompCtrl.TYPE_SCREEN_STPD_EVENT|Integer|false|true
11:50:43.0 (7562689)|VARIABLE_SCOPE_BEGIN|[6]|auMainTopCompCtrl.TYPE_SCREEN_STPD_SCREEN|Integer|false|true
11:50:43.0 (7569019)|VARIABLE_SCOPE_BEGIN|[5]|auMainTopCompCtrl.TYPE_SCREEN_STPD_TIMELINE|Integer|false|true
11:50:43.0 (7575715)|VARIABLE_SCOPE_BEGIN|[3]|auMainTopCompCtrl.TYPE_SCREEN_SWITCH|Integer|false|true
11:50:43.0 (8745192)|VF_DESERIALIZE_VIEWSTATE_END
11:50:43.0 (11034916)|SYSTEM_MODE_ENTER|true
11:50:43.0 (11323728)|HEAP_ALLOCATE|[EXTERNAL]|Bytes:284
11:50:43.0 (11337577)|HEAP_ALLOCATE|[EXTERNAL]|Bytes:156
11:50:43.0 (11351657)|METHOD_ENTRY|[1]|01pN0000000Mill|auMainTopCompCtrl.auMainTopCompCtrl()
11:50:43.0 (11360243)|STATEMENT_EXECUTE|[1]
11:50:43.0 (11365656)|STATEMENT_EXECUTE|[1]
11:50:43.0 (11367313)|STATEMENT_EXECUTE|[3]
11:50:43.0 (11373975)|HEAP_ALLOCATE|[3]|Bytes:4
11:50:43.0 (11400039)|VARIABLE_ASSIGNMENT|[3]|auMainTopCompCtrl.TYPE_SCREEN_SWITCH|0
11:50:43.0 (11406915)|STATEMENT_EXECUTE|[4]
11:50:43.0 (11410032)|HEAP_ALLOCATE|[4]|Bytes:4
11:50:43.0 (11418932)|VARIABLE_ASSIGNMENT|[4]|auMainTopCompCtrl.TYPE_SCREEN_STPD_EVENT|11
11:50:43.0 (11423370)|STATEMENT_EXECUTE|[5]
11:50:43.0 (11425910)|HEAP_ALLOCATE|[5]|Bytes:4
11:50:43.0 (11432906)|VARIABLE_ASSIGNMENT|[5]|auMainTopCompCtrl.TYPE_SCREEN_STPD_TIMELINE|12
11:50:43.0 (11437172)|STATEMENT_EXECUTE|[6]
11:50:43.0 (11439422)|HEAP_ALLOCATE|[6]|Bytes:4
11:50:43.0 (11445881)|VARIABLE_ASSIGNMENT|[6]|auMainTopCompCtrl.TYPE_SCREEN_STPD_SCREEN|13
11:50:43.0 (11450330)|STATEMENT_EXECUTE|[7]
11:50:43.0 (11452346)|HEAP_ALLOCATE|[7]|Bytes:4
11:50:43.0 (11458398)|VARIABLE_ASSIGNMENT|[7]|auMainTopCompCtrl.TYPE_SCREEN_CX_SCREEN|21
11:50:43.0 (11462923)|STATEMENT_EXECUTE|[8]
11:50:43.0 (11465222)|HEAP_ALLOCATE|[8]|Bytes:4
11:50:43.0 (11470520)|VARIABLE_ASSIGNMENT|[8]|auMainTopCompCtrl.TYPE_SCREEN_CX_TIMELINE|22
11:50:43.0 (11474860)|STATEMENT_EXECUTE|[9]
11:50:43.0 (11476994)|HEAP_ALLOCATE|[9]|Bytes:4
11:50:43.0 (11482225)|VARIABLE_ASSIGNMENT|[9]|auMainTopCompCtrl.TYPE_SCREEN_EVENT_SCHEDULE|31
11:50:43.0 (11486062)|STATEMENT_EXECUTE|[10]
11:50:43.0 (11488266)|HEAP_ALLOCATE|[10]|Bytes:4
11:50:43.0 (11493807)|VARIABLE_ASSIGNMENT|[10]|auMainTopCompCtrl.TYPE_SCREEN_EVENT_SCHEDULE_LIST|32
11:50:43.0 (11498506)|STATEMENT_EXECUTE|[11]
11:50:43.0 (11500902)|HEAP_ALLOCATE|[11]|Bytes:4
11:50:43.0 (11506810)|VARIABLE_ASSIGNMENT|[11]|auMainTopCompCtrl.TYPE_SCREEN_KNOWLEDGE_DASHBOARD|41
11:50:43.0 (11510693)|STATEMENT_EXECUTE|[12]
11:50:43.0 (11512865)|HEAP_ALLOCATE|[12]|Bytes:4
11:50:43.0 (11518662)|VARIABLE_ASSIGNMENT|[12]|auMainTopCompCtrl.TYPE_SCREEN_KNOWLEDGE_LIST|42
11:50:43.0 (11522713)|STATEMENT_EXECUTE|[13]
11:50:43.0 (11524672)|HEAP_ALLOCATE|[13]|Bytes:4
11:50:43.0 (11531339)|VARIABLE_ASSIGNMENT|[13]|auMainTopCompCtrl.TYPE_SCREEN_SA_MESSAGES|51
11:50:43.0 (11535335)|STATEMENT_EXECUTE|[14]
11:50:43.0 (11537639)|HEAP_ALLOCATE|[14]|Bytes:4
11:50:43.0 (11543504)|VARIABLE_ASSIGNMENT|[14]|auMainTopCompCtrl.TYPE_SCREEN_SA_REPORTS|52
11:50:43.0 (11547938)|STATEMENT_EXECUTE|[15]
11:50:43.0 (11549963)|HEAP_ALLOCATE|[15]|Bytes:4
11:50:43.0 (11556091)|VARIABLE_ASSIGNMENT|[15]|auMainTopCompCtrl.TYPE_SCREEN_SA_CHATTER|53
11:50:43.0 (11560251)|STATEMENT_EXECUTE|[16]
11:50:43.0 (11562780)|HEAP_ALLOCATE|[16]|Bytes:4
11:50:43.0 (11568528)|VARIABLE_ASSIGNMENT|[16]|auMainTopCompCtrl.TYPE_SCREEN_SA_DAILYREPORT|54
11:50:43.0 (11572497)|STATEMENT_EXECUTE|[17]
11:50:43.0 (11574620)|HEAP_ALLOCATE|[17]|Bytes:4
11:50:43.0 (11581331)|VARIABLE_ASSIGNMENT|[17]|auMainTopCompCtrl.TYPE_SCREEN_SA_ENQUETE|55
11:50:43.0 (11584832)|STATEMENT_EXECUTE|[18]
11:50:43.0 (11586941)|HEAP_ALLOCATE|[18]|Bytes:4
11:50:43.0 (11592762)|VARIABLE_ASSIGNMENT|[18]|auMainTopCompCtrl.TYPE_SCREEN_SA_DOCUMENTS|56
11:50:43.0 (11596621)|STATEMENT_EXECUTE|[19]
11:50:43.0 (11598564)|HEAP_ALLOCATE|[19]|Bytes:4
11:50:43.0 (11605488)|VARIABLE_ASSIGNMENT|[19]|auMainTopCompCtrl.TYPE_SCREEN_SA_RANKING|57
11:50:43.0 (11609349)|STATEMENT_EXECUTE|[20]
11:50:43.0 (11611325)|HEAP_ALLOCATE|[20]|Bytes:4
11:50:43.0 (11617336)|VARIABLE_ASSIGNMENT|[20]|auMainTopCompCtrl.TYPE_SCREEN_SA_LINKS|58
11:50:43.0 (11621721)|STATEMENT_EXECUTE|[21]
11:50:43.0 (11623743)|HEAP_ALLOCATE|[21]|Bytes:4
11:50:43.0 (11630596)|VARIABLE_ASSIGNMENT|[21]|auMainTopCompCtrl.TYPE_SCREEN_SA_USRSETTINGS|59
11:50:43.0 (11634449)|STATEMENT_EXECUTE|[22]
11:50:43.0 (11636613)|HEAP_ALLOCATE|[22]|Bytes:4
11:50:43.0 (11643007)|VARIABLE_ASSIGNMENT|[22]|auMainTopCompCtrl.TYPE_SCREEN_SA_DAILYREPORTLIST|60
11:50:43.0 (11647498)|STATEMENT_EXECUTE|[23]
11:50:43.0 (11649607)|HEAP_ALLOCATE|[23]|Bytes:4
11:50:43.0 (11657227)|VARIABLE_ASSIGNMENT|[23]|auMainTopCompCtrl.TYPE_SCREEN_SA_TODO|61
11:50:43.0 (11661786)|STATEMENT_EXECUTE|[24]
11:50:43.0 (11663827)|HEAP_ALLOCATE|[24]|Bytes:4
11:50:43.0 (11670235)|VARIABLE_ASSIGNMENT|[24]|auMainTopCompCtrl.TYPE_SCREEN_HONBU_DIRECT|71
11:50:43.0 (11674181)|STATEMENT_EXECUTE|[25]
11:50:43.0 (11676358)|HEAP_ALLOCATE|[25]|Bytes:4
11:50:43.0 (11681654)|VARIABLE_ASSIGNMENT|[25]|auMainTopCompCtrl.TYPE_SCREEN_ACCOUNT_LIST|81
11:50:43.0 (11685309)|STATEMENT_EXECUTE|[26]
11:50:43.0 (11687386)|HEAP_ALLOCATE|[26]|Bytes:4
11:50:43.0 (11692250)|VARIABLE_ASSIGNMENT|[26]|auMainTopCompCtrl.TYPE_SCREEN_ACTIVITY_LIST|82
11:50:43.0 (11695929)|STATEMENT_EXECUTE|[27]
11:50:43.0 (11698054)|HEAP_ALLOCATE|[27]|Bytes:4
11:50:43.0 (11704007)|VARIABLE_ASSIGNMENT|[27]|auMainTopCompCtrl.TYPE_SCREEN_FILE_LIST|83
11:50:43.0 (11712575)|METHOD_EXIT|[1]|auMainTopCompCtrl
11:50:43.0 (11720557)|HEAP_ALLOCATE|[EXTERNAL]|Bytes:44
11:50:43.0 (11728813)|VARIABLE_SCOPE_BEGIN|[88]|this|auMainTopCompCtrl|true|false
11:50:43.0 (11791734)|VARIABLE_ASSIGNMENT|[88]|this|{"currentUser":"0x447c4c5d","isSAUser":false,"iTypeOfScreen":54,"urlReportsSFA":"https://cs6.lightnin (84 more) ..."}|0x513f5080
11:50:43.0 (11805216)|STATEMENT_EXECUTE|[88]
11:50:43.0 (11806977)|STATEMENT_EXECUTE|[89]
11:50:43.0 (11861382)|VARIABLE_ASSIGNMENT|[EXTERNAL]|this|{"currentUser":"0x447c4c5d","isSAUser":false,"iTypeOfScreen":54,"urlReportsSFA":"https://cs6.lightnin (84 more) ..."}|0x513f5080
11:50:43.0 (11911695)|VARIABLE_ASSIGNMENT|[EXTERNAL]|this|{"currentUser":"0x447c4c5d","isSAUser":false,"iTypeOfScreen":54,"urlReportsSFA":"https://cs6.lightnin (84 more) ..."}|0x513f5080
11:50:43.0 (11951725)|VARIABLE_ASSIGNMENT|[EXTERNAL]|this|{"currentUser":"0x447c4c5d","isSAUser":false,"iTypeOfScreen":54,"urlReportsSFA":"https://cs6.lightnin (84 more) ..."}|0x513f5080
11:50:43.0 (11990377)|VARIABLE_ASSIGNMENT|[EXTERNAL]|this|{"currentUser":"0x447c4c5d","isSAUser":false,"iTypeOfScreen":54,"urlReportsSFA":"https://cs6.lightnin (84 more) ..."}|0x513f5080
11:50:43.0 (12012121)|HEAP_ALLOCATE|[89]|Bytes:5
11:50:43.0 (12126946)|SYSTEM_MODE_ENTER|true
11:50:43.0 (12164695)|HEAP_ALLOCATE|[EXTERNAL]|Bytes:44
11:50:43.0 (12172040)|VARIABLE_SCOPE_BEGIN|[106]|this|auMainTopCompCtrl|true|false
11:50:43.0 (12205809)|VARIABLE_ASSIGNMENT|[106]|this|{"currentUser":"0x447c4c5d","isSAUser":false,"iTypeOfScreen":54,"urlReportsSFA":"https://cs6.lightnin (84 more) ..."}|0x513f5080
11:50:43.0 (12215868)|STATEMENT_EXECUTE|[106]
11:50:43.0 (12217786)|STATEMENT_EXECUTE|[107]
11:50:43.0 (12252309)|VARIABLE_ASSIGNMENT|[EXTERNAL]|this|{"currentUser":"0x447c4c5d","isSAUser":false,"iTypeOfScreen":54,"urlReportsSFA":"https://cs6.lightnin (84 more) ..."}|0x513f5080
11:50:43.0 (12268107)|HEAP_ALLOCATE|[107]|Bytes:5
11:50:43.0 (12331810)|SYSTEM_MODE_ENTER|true
11:50:43.0 (12363902)|HEAP_ALLOCATE|[EXTERNAL]|Bytes:44
11:50:43.0 (12370381)|VARIABLE_SCOPE_BEGIN|[110]|this|auMainTopCompCtrl|true|false
11:50:43.0 (12401864)|VARIABLE_ASSIGNMENT|[110]|this|{"currentUser":"0x447c4c5d","isSAUser":false,"iTypeOfScreen":54,"urlReportsSFA":"https://cs6.lightnin (84 more) ..."}|0x513f5080
11:50:43.0 (12411984)|STATEMENT_EXECUTE|[110]
11:50:43.0 (12413807)|STATEMENT_EXECUTE|[111]
11:50:43.0 (12445889)|VARIABLE_ASSIGNMENT|[EXTERNAL]|this|{"currentUser":"0x447c4c5d","isSAUser":false,"iTypeOfScreen":54,"urlReportsSFA":"https://cs6.lightnin (84 more) ..."}|0x513f5080
11:50:43.0 (12461226)|HEAP_ALLOCATE|[111]|Bytes:5
11:50:43.0 (12519032)|SYSTEM_MODE_ENTER|true
11:50:43.0 (12548578)|HEAP_ALLOCATE|[EXTERNAL]|Bytes:44
11:50:43.0 (12554752)|VARIABLE_SCOPE_BEGIN|[114]|this|auMainTopCompCtrl|true|false
11:50:43.0 (12586137)|VARIABLE_ASSIGNMENT|[114]|this|{"currentUser":"0x447c4c5d","isSAUser":false,"iTypeOfScreen":54,"urlReportsSFA":"https://cs6.lightnin (84 more) ..."}|0x513f5080
11:50:43.0 (12596140)|STATEMENT_EXECUTE|[114]
11:50:43.0 (12598005)|STATEMENT_EXECUTE|[115]
11:50:43.0 (12629792)|VARIABLE_ASSIGNMENT|[EXTERNAL]|this|{"currentUser":"0x447c4c5d","isSAUser":false,"iTypeOfScreen":54,"urlReportsSFA":"https://cs6.lightnin (84 more) ..."}|0x513f5080
11:50:43.0 (12644927)|HEAP_ALLOCATE|[115]|Bytes:5
11:50:43.0 (12726105)|SYSTEM_MODE_ENTER|true
11:50:43.0 (12749862)|HEAP_ALLOCATE|[EXTERNAL]|Bytes:44
11:50:43.0 (12760509)|VARIABLE_ASSIGNMENT|[EXTERNAL]|this.iCountComments|null|0x513f5080
11:50:43.0 (12805859)|SYSTEM_MODE_ENTER|true
11:50:43.0 (12820062)|HEAP_ALLOCATE|[EXTERNAL]|Bytes:44
11:50:43.0 (12829439)|VARIABLE_ASSIGNMENT|[EXTERNAL]|this.iCountLikes|null|0x513f5080
11:50:43.0 (12911927)|SYSTEM_MODE_ENTER|true
11:50:43.0 (12951046)|HEAP_ALLOCATE|[EXTERNAL]|Bytes:26
11:50:43.0 (12958938)|HEAP_ALLOCATE|[EXTERNAL]|Bytes:460
11:50:43.0 (12963429)|HEAP_ALLOCATE|[EXTERNAL]|Bytes:111
11:50:43.0 (12966967)|HEAP_ALLOCATE|[EXTERNAL]|Bytes:33
11:50:43.0 (12971108)|HEAP_ALLOCATE|[EXTERNAL]|Bytes:3
11:50:43.0 (12980237)|VARIABLE_ASSIGNMENT|[EXTERNAL]|saDailyReportCtrl.SOURCE|"src"
11:50:43.0 (12985187)|HEAP_ALLOCATE|[EXTERNAL]|Bytes:2
11:50:43.0 (12992039)|VARIABLE_ASSIGNMENT|[EXTERNAL]|saDailyReportCtrl.SOURCE_ID|"id"
11:50:43.0 (13001150)|METHOD_ENTRY|[1]|01pN0000000aE0W|saDailyReportCtrl.saDailyReportCtrl()
11:50:43.0 (13006922)|STATEMENT_EXECUTE|[1]
11:50:43.0 (13010073)|STATEMENT_EXECUTE|[1]
11:50:43.0 (13018291)|SYSTEM_MODE_ENTER|false
11:50:43.0 (13025931)|HEAP_ALLOCATE|[EXTERNAL]|Bytes:5
11:50:43.0 (13031440)|STATEMENT_EXECUTE|[644]
11:50:43.0 (13033481)|STATEMENT_EXECUTE|[671]
11:50:43.0 (13038801)|SYSTEM_MODE_EXIT|false
11:50:43.0 (13046429)|METHOD_EXIT|[1]|saDailyReportCtrl
11:50:43.0 (13051715)|HEAP_ALLOCATE|[EXTERNAL]|Bytes:76
11:50:43.0 (13056995)|VARIABLE_SCOPE_BEGIN|[84]|this|saDailyReportCtrl|true|false
11:50:43.0 (13407607)|VARIABLE_ASSIGNMENT|[84]|this|{"BusinessLocationName":"","currentInquiryReply":"0x386b651e","currentInquiryReplyDetail":"0x137b99c3","dailyReportId":"a0IN0000006RUlWMAW","dCurrentDay":"2018-06-30T00:00:00Z","dCurrentMonth":"2018-07-01T00:00:00Z","iCurrentDay":0,"idBusinessLocation":"","isIPhone":false,"isPreview":true,"lsBusinessLocation":"0x35c32155","messageError":"","messageQuestion":"","mpQuestions":"0x74fead17","myUser":"0x175e6503"}|0x214c061c
11:50:43.0 (13428650)|SYSTEM_MODE_ENTER|false
11:50:43.0 (13436593)|HEAP_ALLOCATE|[84]|Bytes:5
11:50:43.0 (13441801)|STATEMENT_EXECUTE|[84]
11:50:43.0 (13443734)|STATEMENT_EXECUTE|[84]
11:50:43.0 (13448648)|SYSTEM_MODE_EXIT|false
11:50:43.0 (13512193)|SYSTEM_MODE_ENTER|true
11:50:43.0 (13532296)|HEAP_ALLOCATE|[EXTERNAL]|Bytes:8
11:50:43.0 (13537296)|HEAP_ALLOCATE|[EXTERNAL]|Bytes:44
11:50:43.0 (13546340)|VARIABLE_ASSIGNMENT|[EXTERNAL]|this.iTypeOfScreen|54|0x513f5080
11:50:43.0 (13696769)|SYSTEM_MODE_ENTER|true
11:50:43.0 (13782635)|SYSTEM_MODE_ENTER|true
11:50:43.0 (13869612)|SYSTEM_MODE_ENTER|true
11:50:43.0 (14078967)|SYSTEM_MODE_ENTER|true
11:50:43.0 (15380891)|SYSTEM_MODE_ENTER|true
11:50:43.0 (17411651)|SYSTEM_MODE_ENTER|true
11:50:43.0 (17465241)|SYSTEM_MODE_ENTER|true
11:50:43.0 (17506899)|SYSTEM_MODE_ENTER|true
11:50:43.0 (17546786)|SYSTEM_MODE_ENTER|true
11:50:43.0 (17583869)|SYSTEM_MODE_ENTER|true
11:50:43.0 (17638310)|SYSTEM_MODE_ENTER|true
11:50:43.0 (17677930)|HEAP_ALLOCATE|[EXTERNAL]|Bytes:44
11:50:43.0 (17686044)|VARIABLE_SCOPE_BEGIN|[88]|this|auMainTopCompCtrl|true|false
11:50:43.0 (17727827)|VARIABLE_ASSIGNMENT|[88]|this|{"currentUser":"0x447c4c5d","isSAUser":false,"iTypeOfScreen":54,"urlReportsSFA":"https://cs6.lightnin (84 more) ..."}|0x513f5080
11:50:43.0 (17739653)|STATEMENT_EXECUTE|[88]
11:50:43.0 (17741750)|STATEMENT_EXECUTE|[89]
11:50:43.0 (17776037)|VARIABLE_ASSIGNMENT|[EXTERNAL]|this|{"currentUser":"0x447c4c5d","isSAUser":false,"iTypeOfScreen":54,"urlReportsSFA":"https://cs6.lightnin (84 more) ..."}|0x513f5080
11:50:43.0 (17816729)|VARIABLE_ASSIGNMENT|[EXTERNAL]|this|{"currentUser":"0x447c4c5d","isSAUser":false,"iTypeOfScreen":54,"urlReportsSFA":"https://cs6.lightnin (84 more) ..."}|0x513f5080
11:50:43.0 (17856723)|VARIABLE_ASSIGNMENT|[EXTERNAL]|this|{"currentUser":"0x447c4c5d","isSAUser":false,"iTypeOfScreen":54,"urlReportsSFA":"https://cs6.lightnin (84 more) ..."}|0x513f5080
11:50:43.0 (17889639)|VARIABLE_ASSIGNMENT|[EXTERNAL]|this|{"currentUser":"0x447c4c5d","isSAUser":false,"iTypeOfScreen":54,"urlReportsSFA":"https://cs6.lightnin (84 more) ..."}|0x513f5080
11:50:43.0 (17903924)|HEAP_ALLOCATE|[89]|Bytes:5
11:50:43.0 (17956487)|SYSTEM_MODE_ENTER|true
11:50:43.0 (17990540)|HEAP_ALLOCATE|[EXTERNAL]|Bytes:44
11:50:43.0 (17996955)|VARIABLE_SCOPE_BEGIN|[106]|this|auMainTopCompCtrl|true|false
11:50:43.0 (18029520)|VARIABLE_ASSIGNMENT|[106]|this|{"currentUser":"0x447c4c5d","isSAUser":false,"iTypeOfScreen":54,"urlReportsSFA":"https://cs6.lightnin (84 more) ..."}|0x513f5080
11:50:43.0 (18039462)|STATEMENT_EXECUTE|[106]
11:50:43.0 (18041351)|STATEMENT_EXECUTE|[107]
11:50:43.0 (18074264)|VARIABLE_ASSIGNMENT|[EXTERNAL]|this|{"currentUser":"0x447c4c5d","isSAUser":false,"iTypeOfScreen":54,"urlReportsSFA":"https://cs6.lightnin (84 more) ..."}|0x513f5080
11:50:43.0 (18088353)|HEAP_ALLOCATE|[107]|Bytes:5
11:50:43.0 (18136568)|SYSTEM_MODE_ENTER|true
11:50:43.0 (18168300)|HEAP_ALLOCATE|[EXTERNAL]|Bytes:44
11:50:43.0 (18174392)|VARIABLE_SCOPE_BEGIN|[110]|this|auMainTopCompCtrl|true|false
11:50:43.0 (18205887)|VARIABLE_ASSIGNMENT|[110]|this|{"currentUser":"0x447c4c5d","isSAUser":false,"iTypeOfScreen":54,"urlReportsSFA":"https://cs6.lightnin (84 more) ..."}|0x513f5080
11:50:43.0 (18215364)|STATEMENT_EXECUTE|[110]
11:50:43.0 (18217066)|STATEMENT_EXECUTE|[111]
11:50:43.0 (18245117)|VARIABLE_ASSIGNMENT|[EXTERNAL]|this|{"currentUser":"0x447c4c5d","isSAUser":false,"iTypeOfScreen":54,"urlReportsSFA":"https://cs6.lightnin (84 more) ..."}|0x513f5080
11:50:43.0 (18258984)|HEAP_ALLOCATE|[111]|Bytes:5
11:50:43.0 (18303667)|SYSTEM_MODE_ENTER|true
11:50:43.0 (18332540)|HEAP_ALLOCATE|[EXTERNAL]|Bytes:44
11:50:43.0 (18338756)|VARIABLE_SCOPE_BEGIN|[114]|this|auMainTopCompCtrl|true|false
11:50:43.0 (18368546)|VARIABLE_ASSIGNMENT|[114]|this|{"currentUser":"0x447c4c5d","isSAUser":false,"iTypeOfScreen":54,"urlReportsSFA":"https://cs6.lightnin (84 more) ..."}|0x513f5080
11:50:43.0 (18377087)|STATEMENT_EXECUTE|[114]
11:50:43.0 (18378984)|STATEMENT_EXECUTE|[115]
11:50:43.0 (18406126)|VARIABLE_ASSIGNMENT|[EXTERNAL]|this|{"currentUser":"0x447c4c5d","isSAUser":false,"iTypeOfScreen":54,"urlReportsSFA":"https://cs6.lightnin (84 more) ..."}|0x513f5080
11:50:43.0 (18419478)|HEAP_ALLOCATE|[115]|Bytes:5
11:50:43.0 (21416572)|SYSTEM_MODE_ENTER|true
11:50:43.0 (21441041)|HEAP_ALLOCATE|[EXTERNAL]|Bytes:16
11:50:43.0 (21447143)|HEAP_ALLOCATE|[EXTERNAL]|Bytes:76
11:50:43.0 (21459222)|VARIABLE_ASSIGNMENT|[EXTERNAL]|this.messageError|"正しいデーターを入れてください。"|0x214c061c
11:50:43.0 (21493574)|SYSTEM_MODE_ENTER|true
11:50:43.0 (21507854)|HEAP_ALLOCATE|[EXTERNAL]|Bytes:76
11:50:43.0 (21517118)|VARIABLE_ASSIGNMENT|[EXTERNAL]|this.messageQuestion|""|0x214c061c
11:50:43.0 (21542559)|SYSTEM_MODE_ENTER|true
11:50:43.0 (21557200)|HEAP_ALLOCATE|[EXTERNAL]|Bytes:5
11:50:43.0 (21561707)|HEAP_ALLOCATE|[EXTERNAL]|Bytes:76
11:50:43.0 (21568524)|VARIABLE_ASSIGNMENT|[EXTERNAL]|this.isPreview|true|0x214c061c
11:50:43.0 (21593255)|SYSTEM_MODE_ENTER|true
11:50:43.0 (21604991)|HEAP_ALLOCATE|[EXTERNAL]|Bytes:76
11:50:43.0 (21612483)|VARIABLE_ASSIGNMENT|[EXTERNAL]|this.idBusinessLocation|""|0x214c061c
11:50:43.0 (21636157)|SYSTEM_MODE_ENTER|true
11:50:43.0 (21648542)|HEAP_ALLOCATE|[EXTERNAL]|Bytes:8
11:50:43.0 (21652745)|HEAP_ALLOCATE|[EXTERNAL]|Bytes:76
11:50:43.0 (21659174)|VARIABLE_ASSIGNMENT|[EXTERNAL]|this.iCurrentDay|0|0x214c061c
11:50:43.0 (21767079)|SYSTEM_MODE_ENTER|true
11:50:43.0 (21781527)|HEAP_ALLOCATE|[EXTERNAL]|Bytes:44
11:50:43.0 (21790649)|VARIABLE_ASSIGNMENT|[EXTERNAL]|this.iCountComments|null|0x513f5080
11:50:43.0 (21824513)|SYSTEM_MODE_ENTER|true
11:50:43.0 (21836778)|HEAP_ALLOCATE|[EXTERNAL]|Bytes:44
11:50:43.0 (21844392)|VARIABLE_ASSIGNMENT|[EXTERNAL]|this.iCountLikes|null|0x513f5080
11:50:43.0 (21883745)|SYSTEM_MODE_ENTER|true
11:50:43.0 (21921676)|HEAP_ALLOCATE|[EXTERNAL]|Bytes:76
11:50:43.0 (21928466)|VARIABLE_SCOPE_BEGIN|[84]|this|saDailyReportCtrl|true|false
11:50:43.0 (22132845)|VARIABLE_ASSIGNMENT|[84]|this|{"BusinessLocationName":"","currentInquiryReply":"0x386b651e","currentInquiryReplyDetail":"0x137b99c3","dailyReportId":"a0IN0000006RUlWMAW","dCurrentDay":"2018-06-30T00:00:00Z","dCurrentMonth":"2018-07-01T00:00:00Z","iCurrentDay":0,"idBusinessLocation":"","isIPhone":false,"isPreview":true,"lsBusinessLocation":"0x35c32155","messageError":"正しいデーターを入れてください。","messageQuestion":"","mpQuestions":"0x74fead17","myUser":"0x175e6503"}|0x214c061c
11:50:43.0 (22154390)|SYSTEM_MODE_ENTER|false
11:50:43.0 (22162054)|HEAP_ALLOCATE|[84]|Bytes:5
11:50:43.0 (22167152)|STATEMENT_EXECUTE|[84]
11:50:43.0 (22169032)|STATEMENT_EXECUTE|[84]
11:50:43.0 (22174194)|SYSTEM_MODE_EXIT|false
11:50:43.0 (22219563)|SYSTEM_MODE_ENTER|true
11:50:43.0 (22235464)|HEAP_ALLOCATE|[EXTERNAL]|Bytes:8
11:50:43.0 (22240238)|HEAP_ALLOCATE|[EXTERNAL]|Bytes:44
11:50:43.0 (22248356)|VARIABLE_ASSIGNMENT|[EXTERNAL]|this.iTypeOfScreen|54|0x513f5080
11:50:43.0 (22390177)|SYSTEM_MODE_ENTER|true
11:50:43.0 (24919044)|HEAP_ALLOCATE|[EXTERNAL]|Bytes:76
11:50:43.0 (24930281)|VARIABLE_SCOPE_BEGIN|[191]|this|saDailyReportCtrl|true|false
11:50:43.0 (25103142)|VARIABLE_ASSIGNMENT|[191]|this|{"BusinessLocationName":"","currentInquiryReply":"0x386b651e","currentInquiryReplyDetail":"0x137b99c3","dailyReportId":"a0IN0000006RUlWMAW","dCurrentDay":"2018-06-30T00:00:00Z","dCurrentMonth":"2018-07-01T00:00:00Z","iCurrentDay":0,"idBusinessLocation":"","isIPhone":false,"isPreview":true,"lsBusinessLocation":"0x35c32155","messageError":"正しいデーターを入れてください。","messageQuestion":"","mpQuestions":"0x74fead17","myUser":"0x175e6503"}|0x214c061c
11:50:43.0 (25124505)|SYSTEM_MODE_ENTER|false
11:50:43.0 (25132635)|HEAP_ALLOCATE|[193]|Bytes:5
11:50:43.0 (25138681)|STATEMENT_EXECUTE|[191]
11:50:43.0 (25141118)|STATEMENT_EXECUTE|[193]
11:50:43.0 (25308296)|VARIABLE_ASSIGNMENT|[EXTERNAL]|this|{"BusinessLocationName":"","currentInquiryReply":"0x386b651e","currentInquiryReplyDetail":"0x137b99c3","dailyReportId":"a0IN0000006RUlWMAW","dCurrentDay":"2018-06-30T00:00:00Z","dCurrentMonth":"2018-07-01T00:00:00Z","iCurrentDay":0,"idBusinessLocation":"","isIPhone":false,"isPreview":true,"lsBusinessLocation":"0x35c32155","messageError":"正しいデーターを入れてください。","messageQuestion":"","mpQuestions":"0x74fead17","myUser":"0x175e6503"}|0x214c061c
11:50:43.0 (25324794)|VARIABLE_ASSIGNMENT|[EXTERNAL]|value|""
11:50:43.0 (25337115)|VARIABLE_ASSIGNMENT|[6]|this.messageError|""|0x214c061c
11:50:43.0 (25349277)|STATEMENT_EXECUTE|[194]
11:50:43.0 (25493288)|VARIABLE_ASSIGNMENT|[EXTERNAL]|this|{"BusinessLocationName":"","currentInquiryReply":"0x386b651e","currentInquiryReplyDetail":"0x137b99c3","dailyReportId":"a0IN0000006RUlWMAW","dCurrentDay":"2018-06-30T00:00:00Z","dCurrentMonth":"2018-07-01T00:00:00Z","iCurrentDay":0,"idBusinessLocation":"","isIPhone":false,"isPreview":true,"lsBusinessLocation":"0x35c32155","messageError":"","messageQuestion":"","mpQuestions":"0x74fead17","myUser":"0x175e6503"}|0x214c061c
11:50:43.0 (25509255)|VARIABLE_ASSIGNMENT|[EXTERNAL]|value|""
11:50:43.0 (25519101)|VARIABLE_ASSIGNMENT|[7]|this.messageQuestion|""|0x214c061c
11:50:43.0 (25529518)|STATEMENT_EXECUTE|[196]
11:50:43.0 (25531134)|STATEMENT_EXECUTE|[196]
11:50:43.0 (25532639)|STATEMENT_EXECUTE|[198]
11:50:43.0 (25730318)|VARIABLE_ASSIGNMENT|[EXTERNAL]|this|{"BusinessLocationName":"","currentInquiryReply":"0x386b651e","currentInquiryReplyDetail":"0x137b99c3","dailyReportId":"a0IN0000006RUlWMAW","dCurrentDay":"2018-06-30T00:00:00Z","dCurrentMonth":"2018-07-01T00:00:00Z","iCurrentDay":0,"idBusinessLocation":"","isIPhone":false,"isPreview":true,"lsBusinessLocation":"0x35c32155","messageError":"","messageQuestion":"","mpQuestions":"0x74fead17","myUser":"0x175e6503"}|0x214c061c
11:50:43.0 (25791135)|HEAP_ALLOCATE|[198]|Bytes:4
11:50:43.0 (25823511)|VARIABLE_ASSIGNMENT|[198]|this.dCurrentDay|"2018-06-30T00:00:00.000Z"|0x214c061c
11:50:43.0 (25830699)|STATEMENT_EXECUTE|[200]
11:50:43.0 (25853498)|HEAP_ALLOCATE|[200]|Bytes:4
11:50:43.0 (26086247)|VARIABLE_ASSIGNMENT|[EXTERNAL]|this|{"BusinessLocationName":"","currentInquiryReply":"0x386b651e","currentInquiryReplyDetail":"0x137b99c3","dailyReportId":"a0IN0000006RUlWMAW","dCurrentDay":"2018-06-30T00:00:00Z","dCurrentMonth":"2018-07-01T00:00:00Z","iCurrentDay":0,"idBusinessLocation":"","isIPhone":false,"isPreview":true,"lsBusinessLocation":"0x35c32155","messageError":"","messageQuestion":"","mpQuestions":"0x74fead17","myUser":"0x175e6503"}|0x214c061c
11:50:43.0 (26102763)|HEAP_ALLOCATE|[EXTERNAL]|Bytes:4
11:50:43.0 (26115632)|VARIABLE_ASSIGNMENT|[EXTERNAL]|value|[]|0x64a306b4
11:50:43.0 (26126940)|VARIABLE_ASSIGNMENT|[22]|this.currentInquiryReplyDetail|[]|0x214c061c
11:50:43.0 (26137151)|STATEMENT_EXECUTE|[201]
11:50:43.0 (26154966)|HEAP_ALLOCATE|[201]|Bytes:4
11:50:43.0 (26333112)|VARIABLE_ASSIGNMENT|[EXTERNAL]|this|{"BusinessLocationName":"","currentInquiryReply":"0x386b651e","currentInquiryReplyDetail":"0x64a306b4","dailyReportId":"a0IN0000006RUlWMAW","dCurrentDay":"2018-06-30T00:00:00Z","dCurrentMonth":"2018-07-01T00:00:00Z","iCurrentDay":0,"idBusinessLocation":"","isIPhone":false,"isPreview":true,"lsBusinessLocation":"0x35c32155","messageError":"","messageQuestion":"","mpQuestions":"0x74fead17","myUser":"0x175e6503"}|0x214c061c
11:50:43.0 (26355867)|VARIABLE_ASSIGNMENT|[EXTERNAL]|value|{}|0x770c1ac8
11:50:43.0 (26367869)|VARIABLE_ASSIGNMENT|[24]|this.mpQuestions|{}|0x214c061c
11:50:43.0 (26378127)|STATEMENT_EXECUTE|[203]
11:50:43.0 (26518280)|VARIABLE_ASSIGNMENT|[EXTERNAL]|this|{"BusinessLocationName":"","currentInquiryReply":"0x386b651e","currentInquiryReplyDetail":"0x64a306b4","dailyReportId":"a0IN0000006RUlWMAW","dCurrentDay":"2018-06-30T00:00:00Z","dCurrentMonth":"2018-07-01T00:00:00Z","iCurrentDay":0,"idBusinessLocation":"","isIPhone":false,"isPreview":true,"lsBusinessLocation":"0x35c32155","messageError":"","messageQuestion":"","mpQuestions":"0x770c1ac8","myUser":"0x175e6503"}|0x214c061c
11:50:43.0 (26533203)|VARIABLE_ASSIGNMENT|[EXTERNAL]|value|""
11:50:43.0 (26542393)|VARIABLE_ASSIGNMENT|[23]|this.BusinessLocationName|""|0x214c061c
11:50:43.0 (26555254)|HEAP_ALLOCATE|[204]|Bytes:81
11:50:43.0 (26572863)|HEAP_ALLOCATE|[204]|Bytes:4
11:50:43.0 (26583042)|HEAP_ALLOCATE|[204]|Bytes:7
11:50:43.0 (26723540)|VARIABLE_ASSIGNMENT|[EXTERNAL]|this|{"BusinessLocationName":"","currentInquiryReply":"0x386b651e","currentInquiryReplyDetail":"0x64a306b4","dailyReportId":"a0IN0000006RUlWMAW","dCurrentDay":"2018-06-30T00:00:00Z","dCurrentMonth":"2018-07-01T00:00:00Z","iCurrentDay":0,"idBusinessLocation":"","isIPhone":false,"isPreview":true,"lsBusinessLocation":"0x35c32155","messageError":"","messageQuestion":"","mpQuestions":"0x770c1ac8","myUser":"0x175e6503"}|0x214c061c
11:50:43.0 (27165497)|SOQL_EXECUTE_BEGIN|[204]|Aggregations:0|SELECT Id, BusinessLocationName__c FROM saBusinessLocation__c 
11:50:43.0 (30222279)|SOQL_EXECUTE_END|[204]|Rows:0
11:50:43.0 (30413880)|HEAP_ALLOCATE|[204]|Bytes:54
11:50:43.0 (30423959)|HEAP_ALLOCATE|[204]|Bytes:8
11:50:43.0 (30452289)|SYSTEM_METHOD_ENTRY|[7]|QueryLocatorIterator.QueryLocatorIterator()
11:50:43.0 (30457873)|STATEMENT_EXECUTE|[7]
11:50:43.0 (30465697)|SYSTEM_METHOD_EXIT|[7]|QueryLocatorIterator
11:50:43.0 (30474408)|HEAP_ALLOCATE|[204]|Bytes:28
11:50:43.0 (30491205)|HEAP_ALLOCATE|[204]|Bytes:8
11:50:43.0 (30495202)|HEAP_ALLOCATE|[204]|Bytes:8
11:50:43.0 (30501408)|VARIABLE_SCOPE_BEGIN|[15]|this|Database.QueryLocatorIterator|true|false
11:50:43.0 (30526662)|VARIABLE_ASSIGNMENT|[15]|this|{}|0x45b56958
11:50:43.0 (30534096)|VARIABLE_SCOPE_BEGIN|[15]|values|List<SObject>|true|false
11:50:43.0 (30542253)|VARIABLE_ASSIGNMENT|[15]|values|null|
11:50:43.0 (30546575)|VARIABLE_SCOPE_BEGIN|[15]|ql|Database.QueryLocator|true|false
11:50:43.0 (30567491)|VARIABLE_ASSIGNMENT|[15]|ql|{"query":"SELECT Id, BusinessL (61 more) ..."}|0x1789d5b8
11:50:43.0 (30574144)|VARIABLE_SCOPE_BEGIN|[15]|totalNumRecords|Integer|false|false
11:50:43.0 (30582398)|VARIABLE_ASSIGNMENT|[15]|totalNumRecords|0
11:50:43.0 (30587141)|VARIABLE_SCOPE_BEGIN|[15]|queryMoreSize|Integer|false|false
11:50:43.0 (30594114)|VARIABLE_ASSIGNMENT|[15]|queryMoreSize|50000
11:50:43.0 (30673588)|HEAP_ALLOCATE|[204]|Bytes:28
11:50:43.0 (30694148)|METHOD_ENTRY|[204]||Database.QueryLocatorIterator.hasNext()
11:50:43.0 (30713352)|METHOD_EXIT|[204]||Database.QueryLocatorIterator.hasNext()
11:50:43.0 (30751002)|VARIABLE_ASSIGNMENT|[204]|bl|null|
11:50:43.0 (30758942)|STATEMENT_EXECUTE|[204]
11:50:43.0 (30775533)|STATEMENT_EXECUTE|[211]
11:50:43.0 (30779688)|HEAP_ALLOCATE|[211]|Bytes:195
11:50:43.0 (30794077)|HEAP_ALLOCATE|[211]|Bytes:4
11:50:43.0 (30817311)|HEAP_ALLOCATE|[211]|Bytes:7
11:50:43.0 (30850412)|HEAP_ALLOCATE|[215]|Bytes:89
11:50:43.0 (30859929)|SYSTEM_METHOD_ENTRY|[1]|UserInfo.UserInfo()
11:50:43.0 (30864195)|STATEMENT_EXECUTE|[1]
11:50:43.0 (30869333)|SYSTEM_METHOD_EXIT|[1]|UserInfo
11:50:43.0 (30879835)|METHOD_ENTRY|[215]||System.UserInfo.getUserId()
11:50:43.0 (30915862)|METHOD_EXIT|[215]||System.UserInfo.getUserId()
11:50:43.0 (31454308)|SOQL_EXECUTE_BEGIN|[211]|Aggregations:0|SELECT Id, saBusinessLocation__c, Status__c, saInquiry__c, Comment__c FROM saInquiryReply__c WHERE (saInquiry__r.Type__c = 'DAILY_REPORT' AND DailyReportDate__c = :tmpVar1 AND User__c = :tmpVar2)
11:50:43.0 (38089024)|SOQL_EXECUTE_END|[211]|Rows:0
11:50:43.0 (38112859)|HEAP_ALLOCATE|[211]|Bytes:4
11:50:43.0 (38125731)|HEAP_ALLOCATE|[211]|Bytes:0
11:50:43.0 (38189007)|HEAP_ALLOCATE|[211]|Bytes:4
11:50:43.0 (38201028)|VARIABLE_SCOPE_BEGIN|[211]|lsInqRep|List<saInquiryReply__c>|true|false
11:50:43.0 (38217273)|VARIABLE_ASSIGNMENT|[211]|lsInqRep|[]|0x4bec9cfd
11:50:43.0 (38273373)|STATEMENT_EXECUTE|[217]
11:50:43.0 (38276051)|STATEMENT_EXECUTE|[219]
11:50:43.0 (38280288)|HEAP_ALLOCATE|[219]|Bytes:207
11:50:43.0 (38296142)|HEAP_ALLOCATE|[219]|Bytes:4
11:50:43.0 (38485759)|VARIABLE_ASSIGNMENT|[EXTERNAL]|this|{"BusinessLocationName":"","currentInquiryReply":"0x386b651e","currentInquiryReplyDetail":"0x64a306b4","dailyReportId":"a0IN0000006RUlWMAW","dCurrentDay":"2018-06-30T00:00:00Z","dCurrentMonth":"2018-07-01T00:00:00Z","iCurrentDay":0,"idBusinessLocation":"","isIPhone":false,"isPreview":true,"lsBusinessLocation":"0x35c32155","messageError":"","messageQuestion":"","mpQuestions":"0x770c1ac8","myUser":"0x175e6503"}|0x214c061c
11:50:43.0 (38512694)|HEAP_ALLOCATE|[219]|Bytes:7
11:50:43.0 (38522475)|METHOD_ENTRY|[224]||System.UserInfo.getUserId()
11:50:43.0 (38542948)|METHOD_EXIT|[224]||System.UserInfo.getUserId()
11:50:43.0 (38888469)|SOQL_EXECUTE_BEGIN|[219]|Aggregations:0|SELECT Id, saBusinessLocation__c, Status__c FROM saInquiryReply__c WHERE (saInquiry__r.Type__c = 'DAILY_REPORT' AND DailyReportDate__c = :tmpVar1 AND saBusinessLocation__c = :tmpVar2 AND User__c != :tmpVar3)
11:50:43.0 (41502747)|SOQL_EXECUTE_END|[219]|Rows:0
11:50:43.0 (41524487)|HEAP_ALLOCATE|[219]|Bytes:4
11:50:43.0 (41537382)|HEAP_ALLOCATE|[219]|Bytes:0
11:50:43.0 (41560040)|HEAP_ALLOCATE|[219]|Bytes:4
11:50:43.0 (41570814)|VARIABLE_SCOPE_BEGIN|[219]|lsInqOtherPeople|List<saInquiryReply__c>|true|false
11:50:43.0 (41586623)|VARIABLE_ASSIGNMENT|[219]|lsInqOtherPeople|[]|0x6f0cc61c
11:50:43.0 (41619255)|STATEMENT_EXECUTE|[226]
11:50:43.0 (41621544)|STATEMENT_EXECUTE|[232]
11:50:43.0 (41624347)|VARIABLE_SCOPE_BEGIN|[232]|lsTemplate|List<saInquiryReply__c>|true|false
11:50:43.0 (41635115)|VARIABLE_ASSIGNMENT|[232]|lsTemplate|null|
11:50:43.0 (41833858)|VARIABLE_ASSIGNMENT|[EXTERNAL]|this|{"BusinessLocationName":"","currentInquiryReply":"0x386b651e","currentInquiryReplyDetail":"0x64a306b4","dailyReportId":"a0IN0000006RUlWMAW","dCurrentDay":"2018-06-30T00:00:00Z","dCurrentMonth":"2018-07-01T00:00:00Z","iCurrentDay":0,"idBusinessLocation":"","isIPhone":false,"isPreview":true,"lsBusinessLocation":"0x35c32155","messageError":"","messageQuestion":"","mpQuestions":"0x770c1ac8","myUser":"0x175e6503"}|0x214c061c
11:50:43.0 (41856384)|STATEMENT_EXECUTE|[244]
11:50:43.0 (41858442)|STATEMENT_EXECUTE|[245]
11:50:43.0 (41862441)|HEAP_ALLOCATE|[245]|Bytes:393
11:50:43.0 (41877168)|HEAP_ALLOCATE|[245]|Bytes:4
11:50:43.0 (41907212)|METHOD_ENTRY|[251]||System.UserInfo.getUserId()
11:50:43.0 (41929715)|METHOD_EXIT|[251]||System.UserInfo.getUserId()
11:50:43.0 (42379761)|SOQL_EXECUTE_BEGIN|[245]|Aggregations:0|SELECT Id, saBusinessLocation__c, Status__c, saInquiry__c, Comment__c FROM saInquiryReply__c WHERE (saInquiry__r.Type__c = 'DAILY_REPORT' AND (saInquiry__r.ValidFrom__c = NULL OR saInquiry__r.ValidFrom__c <= :tmpVar1) AND (saInquiry__r.ValidTo__c = NULL OR saInquiry__r.ValidTo__c >= :tmpVar2) AND DailyReportDate__c = NULL AND User__c = :tmpVar3) ORDER BY CreatedDate DESC NULLS FIRST LIMIT 1
11:50:43.0 (47352245)|SOQL_EXECUTE_END|[245]|Rows:1
11:50:43.0 (47379007)|HEAP_ALLOCATE|[245]|Bytes:8
11:50:43.0 (47398880)|HEAP_ALLOCATE|[245]|Bytes:89
11:50:43.0 (47430192)|HEAP_ALLOCATE|[245]|Bytes:8
11:50:43.0 (47468141)|VARIABLE_ASSIGNMENT|[245]|lsTemplate|[{"Id":"a0KN0000007Kg4nMAC","Status__c":"WAITING_REPLY","saInquiry__c":"a0IN0000006RUllMAG"}]|0x5c1321fd
11:50:43.0 (47481089)|STATEMENT_EXECUTE|[256]
11:50:43.0 (47486817)|HEAP_ALLOCATE|[256]|Bytes:11
11:50:43.0 (47610586)|HEAP_ALLOCATE|[256]|Bytes:101
11:50:43.0 (47648585)|HEAP_ALLOCATE|[256]|Bytes:112
11:50:43.0 (47678283)|USER_DEBUG|[256]|DEBUG|Template : (saInquiryReply__c:{Id=a0KN0000007Kg4nMAC, Status__c=WAITING_REPLY, saInquiry__c=a0IN0000006RUllMAG})
11:50:43.0 (47723170)|STATEMENT_EXECUTE|[257]
11:50:43.0 (47726813)|STATEMENT_EXECUTE|[263]
11:50:43.0 (47746110)|HEAP_ALLOCATE|[263]|Bytes:16
11:50:43.0 (47794031)|VARIABLE_SCOPE_BEGIN|[263]|idInquiry|Id|false|false
11:50:43.0 (47873721)|VARIABLE_ASSIGNMENT|[263]|idInquiry|"a0IN0000006RUllMAG"
11:50:43.0 (47880680)|STATEMENT_EXECUTE|[264]
11:50:43.0 (47901554)|HEAP_ALLOCATE|[264]|Bytes:4
11:50:43.0 (48276355)|VARIABLE_ASSIGNMENT|[EXTERNAL]|this|{"BusinessLocationName":"","currentInquiryReply":"0x386b651e","currentInquiryReplyDetail":"0x64a306b4","dailyReportId":"a0IN0000006RUlWMAW","dCurrentDay":"2018-06-30T00:00:00Z","dCurrentMonth":"2018-07-01T00:00:00Z","iCurrentDay":0,"idBusinessLocation":"","isIPhone":false,"isPreview":true,"lsBusinessLocation":"0x35c32155","messageError":"","messageQuestion":"","mpQuestions":"0x770c1ac8","myUser":"0x175e6503"}|0x214c061c
11:50:43.0 (48310530)|VARIABLE_ASSIGNMENT|[EXTERNAL]|value|{}|0x122f8edc
11:50:43.0 (48330415)|VARIABLE_ASSIGNMENT|[21]|this.currentInquiryReply|{}|0x214c061c
11:50:43.0 (48347406)|STATEMENT_EXECUTE|[265]
11:50:43.0 (48568892)|VARIABLE_ASSIGNMENT|[EXTERNAL]|this|{"BusinessLocationName":"","currentInquiryReply":"0x122f8edc","currentInquiryReplyDetail":"0x64a306b4","dailyReportId":"a0IN0000006RUlWMAW","dCurrentDay":"2018-06-30T00:00:00Z","dCurrentMonth":"2018-07-01T00:00:00Z","iCurrentDay":0,"idBusinessLocation":"","isIPhone":false,"isPreview":true,"lsBusinessLocation":"0x35c32155","messageError":"","messageQuestion":"","mpQuestions":"0x770c1ac8","myUser":"0x175e6503"}|0x214c061c
11:50:43.0 (48666002)|VARIABLE_ASSIGNMENT|[265]|this.saInquiry__c|"a0IN0000006RUllMAG"|0x122f8edc
11:50:43.0 (48829569)|VARIABLE_ASSIGNMENT|[EXTERNAL]|this|{"BusinessLocationName":"","currentInquiryReply":"0x122f8edc","currentInquiryReplyDetail":"0x64a306b4","dailyReportId":"a0IN0000006RUlWMAW","dCurrentDay":"2018-06-30T00:00:00Z","dCurrentMonth":"2018-07-01T00:00:00Z","iCurrentDay":0,"idBusinessLocation":"","isIPhone":false,"isPreview":true,"lsBusinessLocation":"0x35c32155","messageError":"","messageQuestion":"","mpQuestions":"0x770c1ac8","myUser":"0x175e6503"}|0x214c061c
11:50:43.0 (48850044)|STATEMENT_EXECUTE|[269]
11:50:43.0 (48852495)|STATEMENT_EXECUTE|[272]
11:50:43.0 (48858538)|METHOD_ENTRY|[272]||System.UserInfo.getUserId()
11:50:43.0 (48881661)|METHOD_EXIT|[272]||System.UserInfo.getUserId()
11:50:43.0 (48898321)|HEAP_ALLOCATE|[272]|Bytes:4
11:50:43.0 (49039558)|VARIABLE_ASSIGNMENT|[EXTERNAL]|this|{"BusinessLocationName":"","currentInquiryReply":"0x122f8edc","currentInquiryReplyDetail":"0x64a306b4","dailyReportId":"a0IN0000006RUlWMAW","dCurrentDay":"2018-06-30T00:00:00Z","dCurrentMonth":"2018-07-01T00:00:00Z","iCurrentDay":0,"idBusinessLocation":"","isIPhone":false,"isPreview":true,"lsBusinessLocation":"0x35c32155","messageError":"","messageQuestion":"","mpQuestions":"0x770c1ac8","myUser":"0x175e6503"}|0x214c061c
11:50:43.0 (49104761)|VARIABLE_ASSIGNMENT|[272]|this.User__c|"005N00000057PfOIAU"|0x122f8edc
11:50:43.0 (49112932)|STATEMENT_EXECUTE|[273]
11:50:43.0 (49262818)|VARIABLE_ASSIGNMENT|[EXTERNAL]|this|{"BusinessLocationName":"","currentInquiryReply":"0x122f8edc","currentInquiryReplyDetail":"0x64a306b4","dailyReportId":"a0IN0000006RUlWMAW","dCurrentDay":"2018-06-30T00:00:00Z","dCurrentMonth":"2018-07-01T00:00:00Z","iCurrentDay":0,"idBusinessLocation":"","isIPhone":false,"isPreview":true,"lsBusinessLocation":"0x35c32155","messageError":"","messageQuestion":"","mpQuestions":"0x770c1ac8","myUser":"0x175e6503"}|0x214c061c
11:50:43.0 (49321443)|VARIABLE_ASSIGNMENT|[273]|this.DailyReportDate__c|"2018-06-30T00:00:00.000Z"|0x122f8edc
11:50:43.0 (49329135)|STATEMENT_EXECUTE|[274]
11:50:43.0 (49334432)|HEAP_ALLOCATE|[274]|Bytes:13
11:50:43.0 (49519077)|VARIABLE_ASSIGNMENT|[EXTERNAL]|this|{"BusinessLocationName":"","currentInquiryReply":"0x122f8edc","currentInquiryReplyDetail":"0x64a306b4","dailyReportId":"a0IN0000006RUlWMAW","dCurrentDay":"2018-06-30T00:00:00Z","dCurrentMonth":"2018-07-01T00:00:00Z","iCurrentDay":0,"idBusinessLocation":"","isIPhone":false,"isPreview":true,"lsBusinessLocation":"0x35c32155","messageError":"","messageQuestion":"","mpQuestions":"0x770c1ac8","myUser":"0x175e6503"}|0x214c061c
11:50:43.0 (49573906)|VARIABLE_ASSIGNMENT|[274]|this.Status__c|"WAITING_REPLY"|0x122f8edc
11:50:43.0 (49581517)|STATEMENT_EXECUTE|[275]
11:50:43.0 (49728753)|VARIABLE_ASSIGNMENT|[EXTERNAL]|this|{"BusinessLocationName":"","currentInquiryReply":"0x122f8edc","currentInquiryReplyDetail":"0x64a306b4","dailyReportId":"a0IN0000006RUlWMAW","dCurrentDay":"2018-06-30T00:00:00Z","dCurrentMonth":"2018-07-01T00:00:00Z","iCurrentDay":0,"idBusinessLocation":"","isIPhone":false,"isPreview":true,"lsBusinessLocation":"0x35c32155","messageError":"","messageQuestion":"","mpQuestions":"0x770c1ac8","myUser":"0x175e6503"}|0x214c061c
11:50:43.0 (49773015)|VARIABLE_ASSIGNMENT|[275]|this.Comment__c|""|0x122f8edc
11:50:43.0 (49780501)|STATEMENT_EXECUTE|[277]
11:50:43.0 (49784865)|HEAP_ALLOCATE|[277]|Bytes:625
11:50:43.0 (49800628)|HEAP_ALLOCATE|[277]|Bytes:4
11:50:43.0 (50466249)|SOQL_EXECUTE_BEGIN|[277]|Aggregations:0|SELECT Id, QuestionLabel__c, AnswerType__c, NumberPossibleReplies__c, IsShortReply__c, SortNo__c, IsRequired__c, Reply01Label__c, Reply02Label__c, Reply03Label__c, Reply04Label__c, Reply05Label__c, Reply06Label__c, Reply07Label__c, Reply08Label__c, Reply09Label__c, Reply10Label__c, Reply11Label__c, Reply12Label__c, Reply13Label__c, Reply14Label__c, Reply15Label__c, Reply16Label__c, Reply17Label__c, Reply18Label__c, Reply19Label__c, Reply20Label__c, Reply21Label__c, Reply22Label__c, Reply23Label__c, Reply24Label__c, Reply25Label__c FROM saInquiryDetail__c WHERE saInquiry__c = :tmpVar1 ORDER BY SortNo__c ASC NULLS FIRST
11:50:43.0 (62832812)|SOQL_EXECUTE_END|[277]|Rows:1
11:50:43.0 (62860759)|HEAP_ALLOCATE|[277]|Bytes:8
11:50:43.0 (62887813)|HEAP_ALLOCATE|[277]|Bytes:282
11:50:43.0 (62952204)|HEAP_ALLOCATE|[277]|Bytes:8
11:50:43.0 (62970810)|VARIABLE_SCOPE_BEGIN|[277]|lsTmpQuest|List<saInquiryDetail__c>|true|false
11:50:43.0 (63014570)|VARIABLE_ASSIGNMENT|[277]|lsTmpQuest|[{"Id":"a0JN0000008h2r2MAA","QuestionLabel__c":"Works?","AnswerType__c":"CHECKBOX","NumberPossibleReplies__c":2,"IsShortReply__c":true,"SortNo__c":0,"IsRequired__c":false,"Reply01Label__c":"Yes!","Reply02Label__c":"No!"}]|0x662a45c9
11:50:43.0 (63213548)|HEAP_ALLOCATE|[287]|Bytes:5
11:50:43.0 (63237520)|HEAP_ALLOCATE|[287]|Bytes:40
11:50:43.0 (63250132)|VARIABLE_SCOPE_BEGIN|[287]|quest|saInquiryDetail__c|true|false
11:50:43.0 (63278168)|VARIABLE_ASSIGNMENT|[287]|quest|{"Id":"a0JN0000008h2r2MAA","QuestionLabel__c":"Works?","AnswerType__c":"CHECKBOX","NumberPossibleReplies__c":2,"IsShortReply__c":true,"SortNo__c":0,"IsRequired__c":false,"Reply01Label__c":"Yes!","Reply02Label__c":"No!"}|0x64867025
11:50:43.0 (63288898)|STATEMENT_EXECUTE|[287]
11:50:43.0 (63291150)|STATEMENT_EXECUTE|[288]
11:50:43.0 (63316019)|HEAP_ALLOCATE|[288]|Bytes:4
11:50:43.0 (63399598)|VARIABLE_SCOPE_BEGIN|[288]|questReply|saInquiryReplyDetail__c|true|false
11:50:43.0 (63416407)|VARIABLE_ASSIGNMENT|[288]|questReply|{}|0x50b66571
11:50:43.0 (63422591)|STATEMENT_EXECUTE|[289]
11:50:43.0 (63526851)|VARIABLE_ASSIGNMENT|[289]|this.saInquiryDetail__c|"a0JN0000008h2r2MAA"|0x50b66571
11:50:43.0 (63534517)|STATEMENT_EXECUTE|[290]
11:50:43.0 (63746868)|VARIABLE_ASSIGNMENT|[EXTERNAL]|this|{"BusinessLocationName":"","currentInquiryReply":"0x122f8edc","currentInquiryReplyDetail":"0x64a306b4","dailyReportId":"a0IN0000006RUlWMAW","dCurrentDay":"2018-06-30T00:00:00Z","dCurrentMonth":"2018-07-01T00:00:00Z","iCurrentDay":0,"idBusinessLocation":"","isIPhone":false,"isPreview":true,"lsBusinessLocation":"0x35c32155","messageError":"","messageQuestion":"","mpQuestions":"0x770c1ac8","myUser":"0x175e6503"}|0x214c061c
11:50:43.0 (63781195)|HEAP_ALLOCATE|[EXTERNAL]|Bytes:4
11:50:43.0 (63790845)|STATEMENT_EXECUTE|[291]
11:50:43.0 (63938234)|VARIABLE_ASSIGNMENT|[EXTERNAL]|this|{"BusinessLocationName":"","currentInquiryReply":"0x122f8edc","currentInquiryReplyDetail":"0x64a306b4","dailyReportId":"a0IN0000006RUlWMAW","dCurrentDay":"2018-06-30T00:00:00Z","dCurrentMonth":"2018-07-01T00:00:00Z","iCurrentDay":0,"idBusinessLocation":"","isIPhone":false,"isPreview":true,"lsBusinessLocation":"0x35c32155","messageError":"","messageQuestion":"","mpQuestions":"0x770c1ac8","myUser":"0x175e6503"}|0x214c061c
11:50:43.0 (63979029)|HEAP_ALLOCATE|[EXTERNAL]|Bytes:-4
11:50:43.0 (63995609)|HEAP_ALLOCATE|[287]|Bytes:5
11:50:43.0 (64010243)|VARIABLE_ASSIGNMENT|[287]|quest|null|
11:50:43.0 (64022760)|SYSTEM_MODE_EXIT|false
11:50:43.0 (80449200)|SYSTEM_MODE_ENTER|true
11:50:43.0 (80487697)|HEAP_ALLOCATE|[EXTERNAL]|Bytes:44
11:50:43.0 (80506356)|VARIABLE_ASSIGNMENT|[EXTERNAL]|this.iCountComments|null|0x513f5080
11:50:43.0 (80559904)|SYSTEM_MODE_ENTER|true
11:50:43.0 (80573795)|HEAP_ALLOCATE|[EXTERNAL]|Bytes:44
11:50:43.0 (80582073)|VARIABLE_ASSIGNMENT|[EXTERNAL]|this.iCountLikes|null|0x513f5080
11:50:43.0 (80655302)|SYSTEM_MODE_ENTER|true
11:50:43.0 (80716532)|HEAP_ALLOCATE|[EXTERNAL]|Bytes:76
11:50:43.0 (80726413)|VARIABLE_SCOPE_BEGIN|[84]|this|saDailyReportCtrl|true|false
11:50:43.0 (80954296)|VARIABLE_ASSIGNMENT|[84]|this|{"BusinessLocationName":"","currentInquiryReply":"0x122f8edc","currentInquiryReplyDetail":"0x64a306b4","dailyReportId":"a0IN0000006RUlWMAW","dCurrentDay":"2018-06-30T00:00:00Z","dCurrentMonth":"2018-07-01T00:00:00Z","iCurrentDay":0,"idBusinessLocation":"","isIPhone":false,"isPreview":true,"lsBusinessLocation":"0x35c32155","messageError":"","messageQuestion":"","mpQuestions":"0x770c1ac8","myUser":"0x175e6503"}|0x214c061c
11:50:43.0 (80977092)|SYSTEM_MODE_ENTER|false
11:50:43.0 (80987446)|HEAP_ALLOCATE|[84]|Bytes:5
11:50:43.0 (80993469)|STATEMENT_EXECUTE|[84]
11:50:43.0 (80995780)|STATEMENT_EXECUTE|[84]
11:50:43.0 (81004552)|SYSTEM_MODE_EXIT|false
11:50:43.0 (81061467)|SYSTEM_MODE_ENTER|true
11:50:43.0 (81086720)|HEAP_ALLOCATE|[EXTERNAL]|Bytes:8
11:50:43.0 (81091686)|HEAP_ALLOCATE|[EXTERNAL]|Bytes:44
11:50:43.0 (81101220)|VARIABLE_ASSIGNMENT|[EXTERNAL]|this.iTypeOfScreen|54|0x513f5080
11:50:43.0 (81177966)|SYSTEM_MODE_ENTER|true
11:50:43.0 (81217051)|HEAP_ALLOCATE|[EXTERNAL]|Bytes:44
11:50:43.0 (81224286)|VARIABLE_SCOPE_BEGIN|[88]|this|auMainTopCompCtrl|true|false
11:50:43.0 (81269039)|VARIABLE_ASSIGNMENT|[88]|this|{"currentUser":"0x447c4c5d","isSAUser":false,"iTypeOfScreen":54,"urlReportsSFA":"https://cs6.lightnin (84 more) ..."}|0x513f5080
11:50:43.0 (81283449)|STATEMENT_EXECUTE|[88]
11:50:43.0 (81286007)|STATEMENT_EXECUTE|[89]
11:50:43.0 (81332178)|VARIABLE_ASSIGNMENT|[EXTERNAL]|this|{"currentUser":"0x447c4c5d","isSAUser":false,"iTypeOfScreen":54,"urlReportsSFA":"https://cs6.lightnin (84 more) ..."}|0x513f5080
11:50:43.0 (81402766)|VARIABLE_ASSIGNMENT|[EXTERNAL]|this|{"currentUser":"0x447c4c5d","isSAUser":false,"iTypeOfScreen":54,"urlReportsSFA":"https://cs6.lightnin (84 more) ..."}|0x513f5080
11:50:43.0 (81449177)|VARIABLE_ASSIGNMENT|[EXTERNAL]|this|{"currentUser":"0x447c4c5d","isSAUser":false,"iTypeOfScreen":54,"urlReportsSFA":"https://cs6.lightnin (84 more) ..."}|0x513f5080
11:50:43.0 (81483160)|VARIABLE_ASSIGNMENT|[EXTERNAL]|this|{"currentUser":"0x447c4c5d","isSAUser":false,"iTypeOfScreen":54,"urlReportsSFA":"https://cs6.lightnin (84 more) ..."}|0x513f5080
11:50:43.0 (81498460)|HEAP_ALLOCATE|[89]|Bytes:5
11:50:43.0 (81577156)|SYSTEM_MODE_ENTER|true
11:50:43.0 (81614826)|HEAP_ALLOCATE|[EXTERNAL]|Bytes:44
11:50:43.0 (81621516)|VARIABLE_SCOPE_BEGIN|[106]|this|auMainTopCompCtrl|true|false
11:50:43.0 (81653844)|VARIABLE_ASSIGNMENT|[106]|this|{"currentUser":"0x447c4c5d","isSAUser":false,"iTypeOfScreen":54,"urlReportsSFA":"https://cs6.lightnin (84 more) ..."}|0x513f5080
11:50:43.0 (81663684)|STATEMENT_EXECUTE|[106]
11:50:43.0 (81666292)|STATEMENT_EXECUTE|[107]
11:50:43.0 (81694232)|VARIABLE_ASSIGNMENT|[EXTERNAL]|this|{"currentUser":"0x447c4c5d","isSAUser":false,"iTypeOfScreen":54,"urlReportsSFA":"https://cs6.lightnin (84 more) ..."}|0x513f5080
11:50:43.0 (81709730)|HEAP_ALLOCATE|[107]|Bytes:5
11:50:43.0 (81765706)|SYSTEM_MODE_ENTER|true
11:50:43.0 (81797969)|HEAP_ALLOCATE|[EXTERNAL]|Bytes:44
11:50:43.0 (81804064)|VARIABLE_SCOPE_BEGIN|[110]|this|auMainTopCompCtrl|true|false
11:50:43.0 (81837081)|VARIABLE_ASSIGNMENT|[110]|this|{"currentUser":"0x447c4c5d","isSAUser":false,"iTypeOfScreen":54,"urlReportsSFA":"https://cs6.lightnin (84 more) ..."}|0x513f5080
11:50:43.0 (81846734)|STATEMENT_EXECUTE|[110]
11:50:43.0 (81848524)|STATEMENT_EXECUTE|[111]
11:50:43.0 (81875939)|VARIABLE_ASSIGNMENT|[EXTERNAL]|this|{"currentUser":"0x447c4c5d","isSAUser":false,"iTypeOfScreen":54,"urlReportsSFA":"https://cs6.lightnin (84 more) ..."}|0x513f5080
11:50:43.0 (81889868)|HEAP_ALLOCATE|[111]|Bytes:5
11:50:43.0 (81940391)|SYSTEM_MODE_ENTER|true
11:50:43.0 (81970809)|HEAP_ALLOCATE|[EXTERNAL]|Bytes:44
11:50:43.0 (81976961)|VARIABLE_SCOPE_BEGIN|[114]|this|auMainTopCompCtrl|true|false
11:50:43.0 (82006798)|VARIABLE_ASSIGNMENT|[114]|this|{"currentUser":"0x447c4c5d","isSAUser":false,"iTypeOfScreen":54,"urlReportsSFA":"https://cs6.lightnin (84 more) ..."}|0x513f5080
11:50:43.0 (82016621)|STATEMENT_EXECUTE|[114]
11:50:43.0 (82018475)|STATEMENT_EXECUTE|[115]
11:50:43.0 (82045087)|VARIABLE_ASSIGNMENT|[EXTERNAL]|this|{"currentUser":"0x447c4c5d","isSAUser":false,"iTypeOfScreen":54,"urlReportsSFA":"https://cs6.lightnin (84 more) ..."}|0x513f5080
11:50:43.0 (82058919)|HEAP_ALLOCATE|[115]|Bytes:5
11:50:43.0 (82148856)|SYSTEM_MODE_ENTER|true
11:50:43.0 (82246721)|SYSTEM_MODE_ENTER|true
11:50:43.0 (82351077)|SYSTEM_MODE_ENTER|true
11:50:43.0 (82546559)|SYSTEM_MODE_ENTER|true
11:50:43.0 (85031837)|SYSTEM_MODE_ENTER|true
11:50:43.0 (85122604)|SYSTEM_MODE_ENTER|true
11:50:43.0 (85787684)|SYSTEM_MODE_ENTER|true
11:50:43.0 (85831976)|HEAP_ALLOCATE|[EXTERNAL]|Bytes:76
11:50:43.0 (85840945)|VARIABLE_SCOPE_BEGIN|[133]|this|saDailyReportCtrl|true|false
11:50:43.0 (86019512)|VARIABLE_ASSIGNMENT|[133]|this|{"BusinessLocationName":"","currentInquiryReply":"0x122f8edc","currentInquiryReplyDetail":"0x64a306b4","dailyReportId":"a0IN0000006RUlWMAW","dCurrentDay":"2018-06-30T00:00:00Z","dCurrentMonth":"2018-07-01T00:00:00Z","iCurrentDay":0,"idBusinessLocation":"","isIPhone":false,"isPreview":true,"lsBusinessLocation":"0x35c32155","messageError":"","messageQuestion":"","mpQuestions":"0x770c1ac8","myUser":"0x175e6503"}|0x214c061c
11:50:43.0 (86040842)|SYSTEM_MODE_ENTER|false
11:50:43.0 (86048471)|HEAP_ALLOCATE|[134]|Bytes:5
11:50:43.0 (86054030)|STATEMENT_EXECUTE|[133]
11:50:43.0 (86055818)|STATEMENT_EXECUTE|[134]
11:50:43.0 (86139329)|HEAP_ALLOCATE|[134]|Bytes:4
11:50:43.0 (86150916)|HEAP_ALLOCATE|[134]|Bytes:1
11:50:43.0 (86172013)|HEAP_ALLOCATE|[134]|Bytes:1
11:50:43.0 (86179920)|HEAP_ALLOCATE|[134]|Bytes:1
11:50:43.0 (86208451)|HEAP_ALLOCATE|[134]|Bytes:2
11:50:43.0 (86224925)|HEAP_ALLOCATE|[134]|Bytes:9
11:50:43.0 (86233075)|HEAP_ALLOCATE|[134]|Bytes:10
11:50:43.0 (86239626)|SYSTEM_MODE_EXIT|false
11:50:43.0 (86422411)|SYSTEM_MODE_ENTER|true
11:50:43.0 (86879280)|SYSTEM_MODE_ENTER|true
11:50:43.0 (102799670)|VF_SERIALIZE_VIEWSTATE_BEGIN|066N0000000M4pW
11:50:43.0 (106691875)|VF_SERIALIZE_VIEWSTATE_END
11:50:43.110 (110328129)|CUMULATIVE_LIMIT_USAGE
11:50:43.110 (110328129)|LIMIT_USAGE_FOR_NS|(default)|
  Number of SOQL queries: 5 out of 100
  Number of query rows: 2 out of 50000
  Number of SOSL queries: 0 out of 20
  Number of DML statements: 0 out of 150
  Number of DML rows: 0 out of 10000
  Maximum CPU time: 0 out of 10000
  Maximum heap size: 0 out of 6000000
  Number of callouts: 0 out of 100
  Number of Email Invocations: 0 out of 10
  Number of future calls: 0 out of 50
  Number of queueable jobs added to the queue: 0 out of 50
  Number of Mobile Apex push calls: 0 out of 10

11:50:43.110 (110328129)|CUMULATIVE_LIMIT_USAGE_END

11:50:43.0 (110375755)|CODE_UNIT_FINISHED|VF: /apex/sadailyreport
11:50:43.0 (111113833)|EXECUTION_FINISHED
