42.0 APEX_CODE,FINEST;APEX_PROFILING,INFO;CALLOUT,INFO;DB,INFO;NBA,INFO;SYSTEM,DEBUG;VALIDATION,INFO;VISUALFORCE,INFO;WAVE,INFO;WORKFLOW,INFO
10:43:27.0 (75213)|USER_INFO|[EXTERNAL]|005N00000057PfO|thomas.remy+kddi_gwdev01@globalway.co.jp|Japan Standard Time|GMT+09:00
10:43:27.0 (112624)|EXECUTION_STARTED
10:43:27.0 (117852)|CODE_UNIT_STARTED|[EXTERNAL]|066N0000000M4pW|VF: /apex/sadailyreport
10:43:27.0 (266124)|VF_DESERIALIZE_VIEWSTATE_BEGIN|066N0000000M4pW
10:43:27.0 (3664744)|HEAP_ALLOCATE|[72]|Bytes:3
10:43:27.0 (3709312)|HEAP_ALLOCATE|[77]|Bytes:152
10:43:27.0 (3726716)|HEAP_ALLOCATE|[342]|Bytes:408
10:43:27.0 (3747576)|HEAP_ALLOCATE|[355]|Bytes:408
10:43:27.0 (3763035)|HEAP_ALLOCATE|[467]|Bytes:48
10:43:27.0 (3790795)|HEAP_ALLOCATE|[139]|Bytes:6
10:43:27.0 (4688074)|HEAP_ALLOCATE|[50]|Bytes:5
10:43:27.0 (4716922)|HEAP_ALLOCATE|[56]|Bytes:5
10:43:27.0 (4726891)|HEAP_ALLOCATE|[64]|Bytes:7
10:43:27.0 (5499642)|VARIABLE_SCOPE_BEGIN|[3]|saDailyReportCtrl.SOURCE|String|false|true
10:43:27.0 (5512557)|VARIABLE_SCOPE_BEGIN|[4]|saDailyReportCtrl.SOURCE_ID|String|false|true
10:43:27.0 (6509635)|VARIABLE_SCOPE_BEGIN|[25]|auMainTopCompCtrl.TYPE_SCREEN_ACCOUNT_LIST|Integer|false|true
10:43:27.0 (6521482)|VARIABLE_SCOPE_BEGIN|[26]|auMainTopCompCtrl.TYPE_SCREEN_ACTIVITY_LIST|Integer|false|true
10:43:27.0 (6528483)|VARIABLE_SCOPE_BEGIN|[7]|auMainTopCompCtrl.TYPE_SCREEN_CX_SCREEN|Integer|false|true
10:43:27.0 (6535077)|VARIABLE_SCOPE_BEGIN|[8]|auMainTopCompCtrl.TYPE_SCREEN_CX_TIMELINE|Integer|false|true
10:43:27.0 (6541682)|VARIABLE_SCOPE_BEGIN|[9]|auMainTopCompCtrl.TYPE_SCREEN_EVENT_SCHEDULE|Integer|false|true
10:43:27.0 (6547945)|VARIABLE_SCOPE_BEGIN|[10]|auMainTopCompCtrl.TYPE_SCREEN_EVENT_SCHEDULE_LIST|Integer|false|true
10:43:27.0 (6554354)|VARIABLE_SCOPE_BEGIN|[27]|auMainTopCompCtrl.TYPE_SCREEN_FILE_LIST|Integer|false|true
10:43:27.0 (6560156)|VARIABLE_SCOPE_BEGIN|[24]|auMainTopCompCtrl.TYPE_SCREEN_HONBU_DIRECT|Integer|false|true
10:43:27.0 (6566235)|VARIABLE_SCOPE_BEGIN|[11]|auMainTopCompCtrl.TYPE_SCREEN_KNOWLEDGE_DASHBOARD|Integer|false|true
10:43:27.0 (6572392)|VARIABLE_SCOPE_BEGIN|[12]|auMainTopCompCtrl.TYPE_SCREEN_KNOWLEDGE_LIST|Integer|false|true
10:43:27.0 (6578188)|VARIABLE_SCOPE_BEGIN|[15]|auMainTopCompCtrl.TYPE_SCREEN_SA_CHATTER|Integer|false|true
10:43:27.0 (6583945)|VARIABLE_SCOPE_BEGIN|[16]|auMainTopCompCtrl.TYPE_SCREEN_SA_DAILYREPORT|Integer|false|true
10:43:27.0 (6590017)|VARIABLE_SCOPE_BEGIN|[22]|auMainTopCompCtrl.TYPE_SCREEN_SA_DAILYREPORTLIST|Integer|false|true
10:43:27.0 (6596343)|VARIABLE_SCOPE_BEGIN|[18]|auMainTopCompCtrl.TYPE_SCREEN_SA_DOCUMENTS|Integer|false|true
10:43:27.0 (6602418)|VARIABLE_SCOPE_BEGIN|[17]|auMainTopCompCtrl.TYPE_SCREEN_SA_ENQUETE|Integer|false|true
10:43:27.0 (6608655)|VARIABLE_SCOPE_BEGIN|[20]|auMainTopCompCtrl.TYPE_SCREEN_SA_LINKS|Integer|false|true
10:43:27.0 (6615014)|VARIABLE_SCOPE_BEGIN|[13]|auMainTopCompCtrl.TYPE_SCREEN_SA_MESSAGES|Integer|false|true
10:43:27.0 (6623566)|VARIABLE_SCOPE_BEGIN|[19]|auMainTopCompCtrl.TYPE_SCREEN_SA_RANKING|Integer|false|true
10:43:27.0 (6631465)|VARIABLE_SCOPE_BEGIN|[14]|auMainTopCompCtrl.TYPE_SCREEN_SA_REPORTS|Integer|false|true
10:43:27.0 (6638657)|VARIABLE_SCOPE_BEGIN|[23]|auMainTopCompCtrl.TYPE_SCREEN_SA_TODO|Integer|false|true
10:43:27.0 (6645348)|VARIABLE_SCOPE_BEGIN|[21]|auMainTopCompCtrl.TYPE_SCREEN_SA_USRSETTINGS|Integer|false|true
10:43:27.0 (6652713)|VARIABLE_SCOPE_BEGIN|[4]|auMainTopCompCtrl.TYPE_SCREEN_STPD_EVENT|Integer|false|true
10:43:27.0 (6659334)|VARIABLE_SCOPE_BEGIN|[6]|auMainTopCompCtrl.TYPE_SCREEN_STPD_SCREEN|Integer|false|true
10:43:27.0 (6665788)|VARIABLE_SCOPE_BEGIN|[5]|auMainTopCompCtrl.TYPE_SCREEN_STPD_TIMELINE|Integer|false|true
10:43:27.0 (6672384)|VARIABLE_SCOPE_BEGIN|[3]|auMainTopCompCtrl.TYPE_SCREEN_SWITCH|Integer|false|true
10:43:27.0 (7804051)|VF_DESERIALIZE_VIEWSTATE_END
10:43:27.0 (9939696)|SYSTEM_MODE_ENTER|true
10:43:27.0 (10175300)|HEAP_ALLOCATE|[EXTERNAL]|Bytes:284
10:43:27.0 (10189362)|HEAP_ALLOCATE|[EXTERNAL]|Bytes:146
10:43:27.0 (10203246)|METHOD_ENTRY|[1]|01pN0000000Mill|auMainTopCompCtrl.auMainTopCompCtrl()
10:43:27.0 (10210463)|STATEMENT_EXECUTE|[1]
10:43:27.0 (10216662)|STATEMENT_EXECUTE|[1]
10:43:27.0 (10218101)|STATEMENT_EXECUTE|[3]
10:43:27.0 (10225165)|HEAP_ALLOCATE|[3]|Bytes:4
10:43:27.0 (10250153)|VARIABLE_ASSIGNMENT|[3]|auMainTopCompCtrl.TYPE_SCREEN_SWITCH|0
10:43:27.0 (10255270)|STATEMENT_EXECUTE|[4]
10:43:27.0 (10258082)|HEAP_ALLOCATE|[4]|Bytes:4
10:43:27.0 (10266136)|VARIABLE_ASSIGNMENT|[4]|auMainTopCompCtrl.TYPE_SCREEN_STPD_EVENT|11
10:43:27.0 (10270595)|STATEMENT_EXECUTE|[5]
10:43:27.0 (10273209)|HEAP_ALLOCATE|[5]|Bytes:4
10:43:27.0 (10279535)|VARIABLE_ASSIGNMENT|[5]|auMainTopCompCtrl.TYPE_SCREEN_STPD_TIMELINE|12
10:43:27.0 (10283248)|STATEMENT_EXECUTE|[6]
10:43:27.0 (10285159)|HEAP_ALLOCATE|[6]|Bytes:4
10:43:27.0 (10291335)|VARIABLE_ASSIGNMENT|[6]|auMainTopCompCtrl.TYPE_SCREEN_STPD_SCREEN|13
10:43:27.0 (10295377)|STATEMENT_EXECUTE|[7]
10:43:27.0 (10297369)|HEAP_ALLOCATE|[7]|Bytes:4
10:43:27.0 (10302951)|VARIABLE_ASSIGNMENT|[7]|auMainTopCompCtrl.TYPE_SCREEN_CX_SCREEN|21
10:43:27.0 (10306624)|STATEMENT_EXECUTE|[8]
10:43:27.0 (10308618)|HEAP_ALLOCATE|[8]|Bytes:4
10:43:27.0 (10314247)|VARIABLE_ASSIGNMENT|[8]|auMainTopCompCtrl.TYPE_SCREEN_CX_TIMELINE|22
10:43:27.0 (10318091)|STATEMENT_EXECUTE|[9]
10:43:27.0 (10320040)|HEAP_ALLOCATE|[9]|Bytes:4
10:43:27.0 (10325285)|VARIABLE_ASSIGNMENT|[9]|auMainTopCompCtrl.TYPE_SCREEN_EVENT_SCHEDULE|31
10:43:27.0 (10328876)|STATEMENT_EXECUTE|[10]
10:43:27.0 (10330889)|HEAP_ALLOCATE|[10]|Bytes:4
10:43:27.0 (10336294)|VARIABLE_ASSIGNMENT|[10]|auMainTopCompCtrl.TYPE_SCREEN_EVENT_SCHEDULE_LIST|32
10:43:27.0 (10340411)|STATEMENT_EXECUTE|[11]
10:43:27.0 (10342372)|HEAP_ALLOCATE|[11]|Bytes:4
10:43:27.0 (10348335)|VARIABLE_ASSIGNMENT|[11]|auMainTopCompCtrl.TYPE_SCREEN_KNOWLEDGE_DASHBOARD|41
10:43:27.0 (10352219)|STATEMENT_EXECUTE|[12]
10:43:27.0 (10354412)|HEAP_ALLOCATE|[12]|Bytes:4
10:43:27.0 (10359628)|VARIABLE_ASSIGNMENT|[12]|auMainTopCompCtrl.TYPE_SCREEN_KNOWLEDGE_LIST|42
10:43:27.0 (10363375)|STATEMENT_EXECUTE|[13]
10:43:27.0 (10365389)|HEAP_ALLOCATE|[13]|Bytes:4
10:43:27.0 (10377410)|VARIABLE_ASSIGNMENT|[13]|auMainTopCompCtrl.TYPE_SCREEN_SA_MESSAGES|51
10:43:27.0 (10381770)|STATEMENT_EXECUTE|[14]
10:43:27.0 (10383744)|HEAP_ALLOCATE|[14]|Bytes:4
10:43:27.0 (10389701)|VARIABLE_ASSIGNMENT|[14]|auMainTopCompCtrl.TYPE_SCREEN_SA_REPORTS|52
10:43:27.0 (10393664)|STATEMENT_EXECUTE|[15]
10:43:27.0 (10395661)|HEAP_ALLOCATE|[15]|Bytes:4
10:43:27.0 (10401312)|VARIABLE_ASSIGNMENT|[15]|auMainTopCompCtrl.TYPE_SCREEN_SA_CHATTER|53
10:43:27.0 (10405201)|STATEMENT_EXECUTE|[16]
10:43:27.0 (10408150)|HEAP_ALLOCATE|[16]|Bytes:4
10:43:27.0 (10413579)|VARIABLE_ASSIGNMENT|[16]|auMainTopCompCtrl.TYPE_SCREEN_SA_DAILYREPORT|54
10:43:27.0 (10417431)|STATEMENT_EXECUTE|[17]
10:43:27.0 (10419298)|HEAP_ALLOCATE|[17]|Bytes:4
10:43:27.0 (10425288)|VARIABLE_ASSIGNMENT|[17]|auMainTopCompCtrl.TYPE_SCREEN_SA_ENQUETE|55
10:43:27.0 (10429103)|STATEMENT_EXECUTE|[18]
10:43:27.0 (10431054)|HEAP_ALLOCATE|[18]|Bytes:4
10:43:27.0 (10436669)|VARIABLE_ASSIGNMENT|[18]|auMainTopCompCtrl.TYPE_SCREEN_SA_DOCUMENTS|56
10:43:27.0 (10440487)|STATEMENT_EXECUTE|[19]
10:43:27.0 (10442658)|HEAP_ALLOCATE|[19]|Bytes:4
10:43:27.0 (10448567)|VARIABLE_ASSIGNMENT|[19]|auMainTopCompCtrl.TYPE_SCREEN_SA_RANKING|57
10:43:27.0 (10452407)|STATEMENT_EXECUTE|[20]
10:43:27.0 (10454444)|HEAP_ALLOCATE|[20]|Bytes:4
10:43:27.0 (10460192)|VARIABLE_ASSIGNMENT|[20]|auMainTopCompCtrl.TYPE_SCREEN_SA_LINKS|58
10:43:27.0 (10464306)|STATEMENT_EXECUTE|[21]
10:43:27.0 (10466148)|HEAP_ALLOCATE|[21]|Bytes:4
10:43:27.0 (10471994)|VARIABLE_ASSIGNMENT|[21]|auMainTopCompCtrl.TYPE_SCREEN_SA_USRSETTINGS|59
10:43:27.0 (10475931)|STATEMENT_EXECUTE|[22]
10:43:27.0 (10477955)|HEAP_ALLOCATE|[22]|Bytes:4
10:43:27.0 (10483521)|VARIABLE_ASSIGNMENT|[22]|auMainTopCompCtrl.TYPE_SCREEN_SA_DAILYREPORTLIST|60
10:43:27.0 (10487869)|STATEMENT_EXECUTE|[23]
10:43:27.0 (10489831)|HEAP_ALLOCATE|[23]|Bytes:4
10:43:27.0 (10497475)|VARIABLE_ASSIGNMENT|[23]|auMainTopCompCtrl.TYPE_SCREEN_SA_TODO|61
10:43:27.0 (10501312)|STATEMENT_EXECUTE|[24]
10:43:27.0 (10503842)|HEAP_ALLOCATE|[24]|Bytes:4
10:43:27.0 (10509615)|VARIABLE_ASSIGNMENT|[24]|auMainTopCompCtrl.TYPE_SCREEN_HONBU_DIRECT|71
10:43:27.0 (10513222)|STATEMENT_EXECUTE|[25]
10:43:27.0 (10515158)|HEAP_ALLOCATE|[25]|Bytes:4
10:43:27.0 (10520051)|VARIABLE_ASSIGNMENT|[25]|auMainTopCompCtrl.TYPE_SCREEN_ACCOUNT_LIST|81
10:43:27.0 (10524122)|STATEMENT_EXECUTE|[26]
10:43:27.0 (10526031)|HEAP_ALLOCATE|[26]|Bytes:4
10:43:27.0 (10530716)|VARIABLE_ASSIGNMENT|[26]|auMainTopCompCtrl.TYPE_SCREEN_ACTIVITY_LIST|82
10:43:27.0 (10534381)|STATEMENT_EXECUTE|[27]
10:43:27.0 (10536406)|HEAP_ALLOCATE|[27]|Bytes:4
10:43:27.0 (10541805)|VARIABLE_ASSIGNMENT|[27]|auMainTopCompCtrl.TYPE_SCREEN_FILE_LIST|83
10:43:27.0 (10549456)|METHOD_EXIT|[1]|auMainTopCompCtrl
10:43:27.0 (10556391)|HEAP_ALLOCATE|[EXTERNAL]|Bytes:40
10:43:27.0 (10563160)|VARIABLE_SCOPE_BEGIN|[80]|this|auMainTopCompCtrl|true|false
10:43:27.0 (10624931)|VARIABLE_ASSIGNMENT|[80]|this|{"currentUser":"0x1324eac4","iTypeOfScreen":54,"urlReportsSFA":"https://cs6.lightnin (84 more) ..."}|0x72c2ce21
10:43:27.0 (10638872)|STATEMENT_EXECUTE|[80]
10:43:27.0 (10640804)|STATEMENT_EXECUTE|[81]
10:43:27.0 (10691573)|VARIABLE_ASSIGNMENT|[EXTERNAL]|this|{"currentUser":"0x1324eac4","iTypeOfScreen":54,"urlReportsSFA":"https://cs6.lightnin (84 more) ..."}|0x72c2ce21
10:43:27.0 (10741580)|VARIABLE_ASSIGNMENT|[EXTERNAL]|this|{"currentUser":"0x1324eac4","iTypeOfScreen":54,"urlReportsSFA":"https://cs6.lightnin (84 more) ..."}|0x72c2ce21
10:43:27.0 (10778698)|VARIABLE_ASSIGNMENT|[EXTERNAL]|this|{"currentUser":"0x1324eac4","iTypeOfScreen":54,"urlReportsSFA":"https://cs6.lightnin (84 more) ..."}|0x72c2ce21
10:43:27.0 (10814488)|VARIABLE_ASSIGNMENT|[EXTERNAL]|this|{"currentUser":"0x1324eac4","iTypeOfScreen":54,"urlReportsSFA":"https://cs6.lightnin (84 more) ..."}|0x72c2ce21
10:43:27.0 (10837235)|HEAP_ALLOCATE|[81]|Bytes:5
10:43:27.0 (10940536)|SYSTEM_MODE_ENTER|true
10:43:27.0 (10973774)|HEAP_ALLOCATE|[EXTERNAL]|Bytes:40
10:43:27.0 (10980372)|VARIABLE_SCOPE_BEGIN|[99]|this|auMainTopCompCtrl|true|false
10:43:27.0 (11010519)|VARIABLE_ASSIGNMENT|[99]|this|{"currentUser":"0x1324eac4","iTypeOfScreen":54,"urlReportsSFA":"https://cs6.lightnin (84 more) ..."}|0x72c2ce21
10:43:27.0 (11020998)|STATEMENT_EXECUTE|[99]
10:43:27.0 (11023015)|STATEMENT_EXECUTE|[100]
10:43:27.0 (11056510)|VARIABLE_ASSIGNMENT|[EXTERNAL]|this|{"currentUser":"0x1324eac4","iTypeOfScreen":54,"urlReportsSFA":"https://cs6.lightnin (84 more) ..."}|0x72c2ce21
10:43:27.0 (11071655)|HEAP_ALLOCATE|[100]|Bytes:5
10:43:27.0 (11151650)|SYSTEM_MODE_ENTER|true
10:43:27.0 (11173786)|HEAP_ALLOCATE|[EXTERNAL]|Bytes:40
10:43:27.0 (11185433)|VARIABLE_ASSIGNMENT|[EXTERNAL]|this.iCountComments|null|0x72c2ce21
10:43:27.0 (11226103)|SYSTEM_MODE_ENTER|true
10:43:27.0 (11237556)|HEAP_ALLOCATE|[EXTERNAL]|Bytes:40
10:43:27.0 (11245057)|VARIABLE_ASSIGNMENT|[EXTERNAL]|this.iCountLikes|null|0x72c2ce21
10:43:27.0 (11323781)|SYSTEM_MODE_ENTER|true
10:43:27.0 (11360308)|HEAP_ALLOCATE|[EXTERNAL]|Bytes:26
10:43:27.0 (11373877)|HEAP_ALLOCATE|[EXTERNAL]|Bytes:460
10:43:27.0 (11379055)|HEAP_ALLOCATE|[EXTERNAL]|Bytes:113
10:43:27.0 (11382662)|HEAP_ALLOCATE|[EXTERNAL]|Bytes:39
10:43:27.0 (11386894)|HEAP_ALLOCATE|[EXTERNAL]|Bytes:3
10:43:27.0 (11395344)|VARIABLE_ASSIGNMENT|[EXTERNAL]|saDailyReportCtrl.SOURCE|"src"
10:43:27.0 (11400141)|HEAP_ALLOCATE|[EXTERNAL]|Bytes:2
10:43:27.0 (11405628)|VARIABLE_ASSIGNMENT|[EXTERNAL]|saDailyReportCtrl.SOURCE_ID|"id"
10:43:27.0 (11413171)|METHOD_ENTRY|[1]|01pN0000000aE0W|saDailyReportCtrl.saDailyReportCtrl()
10:43:27.0 (11418409)|STATEMENT_EXECUTE|[1]
10:43:27.0 (11421681)|STATEMENT_EXECUTE|[1]
10:43:27.0 (11430764)|SYSTEM_MODE_ENTER|false
10:43:27.0 (11439148)|HEAP_ALLOCATE|[EXTERNAL]|Bytes:5
10:43:27.0 (11444034)|STATEMENT_EXECUTE|[651]
10:43:27.0 (11446333)|STATEMENT_EXECUTE|[678]
10:43:27.0 (11451673)|SYSTEM_MODE_EXIT|false
10:43:27.0 (11458140)|METHOD_EXIT|[1]|saDailyReportCtrl
10:43:27.0 (11463104)|HEAP_ALLOCATE|[EXTERNAL]|Bytes:76
10:43:27.0 (11467645)|VARIABLE_SCOPE_BEGIN|[92]|this|saDailyReportCtrl|true|false
10:43:27.0 (11825872)|VARIABLE_ASSIGNMENT|[92]|this|{"BusinessLocationName":"","currentInquiryReply":"0x49b8b8bd","currentInquiryReplyDetail":"0x2d6fc46d","dailyReportId":"a0IN0000006RUllMAG","dCurrentDay":"2018-06-30T00:00:00Z","dCurrentMonth":"2018-07-01T00:00:00Z","iCurrentDay":0,"idBusinessLocation":"","isIPhone":false,"isPreview":true,"lsBusinessLocation":"0x192979ce","messageError":"","messageQuestion":"","mpQuestions":"0x10d76e80","myUser":"0x1c265177","sourceOfTheCall":"preview"}|0x706f2308
10:43:27.0 (11846373)|SYSTEM_MODE_ENTER|false
10:43:27.0 (11853794)|HEAP_ALLOCATE|[92]|Bytes:5
10:43:27.0 (11859861)|STATEMENT_EXECUTE|[92]
10:43:27.0 (11861811)|STATEMENT_EXECUTE|[92]
10:43:27.0 (11866732)|SYSTEM_MODE_EXIT|false
10:43:27.0 (11925507)|SYSTEM_MODE_ENTER|true
10:43:27.0 (11944607)|HEAP_ALLOCATE|[EXTERNAL]|Bytes:8
10:43:27.0 (11949142)|HEAP_ALLOCATE|[EXTERNAL]|Bytes:40
10:43:27.0 (11959091)|VARIABLE_ASSIGNMENT|[EXTERNAL]|this.iTypeOfScreen|54|0x72c2ce21
10:43:27.0 (12106481)|SYSTEM_MODE_ENTER|true
10:43:27.0 (12194509)|SYSTEM_MODE_ENTER|true
10:43:27.0 (12271772)|SYSTEM_MODE_ENTER|true
10:43:27.0 (12466575)|SYSTEM_MODE_ENTER|true
10:43:27.0 (13690972)|SYSTEM_MODE_ENTER|true
10:43:27.0 (15496283)|SYSTEM_MODE_ENTER|true
10:43:27.0 (15545269)|SYSTEM_MODE_ENTER|true
10:43:27.0 (15582244)|SYSTEM_MODE_ENTER|true
10:43:27.0 (15616675)|SYSTEM_MODE_ENTER|true
10:43:27.0 (15649514)|SYSTEM_MODE_ENTER|true
10:43:27.0 (15696222)|SYSTEM_MODE_ENTER|true
10:43:27.0 (15732411)|HEAP_ALLOCATE|[EXTERNAL]|Bytes:40
10:43:27.0 (15739694)|VARIABLE_SCOPE_BEGIN|[80]|this|auMainTopCompCtrl|true|false
10:43:27.0 (15776692)|VARIABLE_ASSIGNMENT|[80]|this|{"currentUser":"0x1324eac4","iTypeOfScreen":54,"urlReportsSFA":"https://cs6.lightnin (84 more) ..."}|0x72c2ce21
10:43:27.0 (15787099)|STATEMENT_EXECUTE|[80]
10:43:27.0 (15789264)|STATEMENT_EXECUTE|[81]
10:43:27.0 (15819041)|VARIABLE_ASSIGNMENT|[EXTERNAL]|this|{"currentUser":"0x1324eac4","iTypeOfScreen":54,"urlReportsSFA":"https://cs6.lightnin (84 more) ..."}|0x72c2ce21
10:43:27.0 (15854955)|VARIABLE_ASSIGNMENT|[EXTERNAL]|this|{"currentUser":"0x1324eac4","iTypeOfScreen":54,"urlReportsSFA":"https://cs6.lightnin (84 more) ..."}|0x72c2ce21
10:43:27.0 (15885879)|VARIABLE_ASSIGNMENT|[EXTERNAL]|this|{"currentUser":"0x1324eac4","iTypeOfScreen":54,"urlReportsSFA":"https://cs6.lightnin (84 more) ..."}|0x72c2ce21
10:43:27.0 (15915518)|VARIABLE_ASSIGNMENT|[EXTERNAL]|this|{"currentUser":"0x1324eac4","iTypeOfScreen":54,"urlReportsSFA":"https://cs6.lightnin (84 more) ..."}|0x72c2ce21
10:43:27.0 (15928631)|HEAP_ALLOCATE|[81]|Bytes:5
10:43:27.0 (15977961)|SYSTEM_MODE_ENTER|true
10:43:27.0 (16008267)|HEAP_ALLOCATE|[EXTERNAL]|Bytes:40
10:43:27.0 (16014661)|VARIABLE_SCOPE_BEGIN|[99]|this|auMainTopCompCtrl|true|false
10:43:27.0 (16044524)|VARIABLE_ASSIGNMENT|[99]|this|{"currentUser":"0x1324eac4","iTypeOfScreen":54,"urlReportsSFA":"https://cs6.lightnin (84 more) ..."}|0x72c2ce21
10:43:27.0 (16053343)|STATEMENT_EXECUTE|[99]
10:43:27.0 (16055033)|STATEMENT_EXECUTE|[100]
10:43:27.0 (16080609)|VARIABLE_ASSIGNMENT|[EXTERNAL]|this|{"currentUser":"0x1324eac4","iTypeOfScreen":54,"urlReportsSFA":"https://cs6.lightnin (84 more) ..."}|0x72c2ce21
10:43:27.0 (16094606)|HEAP_ALLOCATE|[100]|Bytes:5
10:43:27.0 (18737220)|SYSTEM_MODE_ENTER|true
10:43:27.0 (18760231)|HEAP_ALLOCATE|[EXTERNAL]|Bytes:16
10:43:27.0 (18766081)|HEAP_ALLOCATE|[EXTERNAL]|Bytes:76
10:43:27.0 (18779435)|VARIABLE_ASSIGNMENT|[EXTERNAL]|this.messageError|"正しいデーターを入れてください。"|0x706f2308
10:43:27.0 (18809905)|SYSTEM_MODE_ENTER|true
10:43:27.0 (18822980)|HEAP_ALLOCATE|[EXTERNAL]|Bytes:76
10:43:27.0 (18831795)|VARIABLE_ASSIGNMENT|[EXTERNAL]|this.messageQuestion|""|0x706f2308
10:43:27.0 (18854855)|SYSTEM_MODE_ENTER|true
10:43:27.0 (18868527)|HEAP_ALLOCATE|[EXTERNAL]|Bytes:5
10:43:27.0 (18872539)|HEAP_ALLOCATE|[EXTERNAL]|Bytes:76
10:43:27.0 (18880042)|VARIABLE_ASSIGNMENT|[EXTERNAL]|this.isPreview|true|0x706f2308
10:43:27.0 (18901428)|SYSTEM_MODE_ENTER|true
10:43:27.0 (18912167)|HEAP_ALLOCATE|[EXTERNAL]|Bytes:76
10:43:27.0 (18919354)|VARIABLE_ASSIGNMENT|[EXTERNAL]|this.idBusinessLocation|""|0x706f2308
10:43:27.0 (18940410)|SYSTEM_MODE_ENTER|true
10:43:27.0 (18950622)|HEAP_ALLOCATE|[EXTERNAL]|Bytes:8
10:43:27.0 (18954198)|HEAP_ALLOCATE|[EXTERNAL]|Bytes:76
10:43:27.0 (18960691)|VARIABLE_ASSIGNMENT|[EXTERNAL]|this.iCurrentDay|0|0x706f2308
10:43:27.0 (19036958)|SYSTEM_MODE_ENTER|true
10:43:27.0 (19050113)|HEAP_ALLOCATE|[EXTERNAL]|Bytes:40
10:43:27.0 (19058822)|VARIABLE_ASSIGNMENT|[EXTERNAL]|this.iCountComments|null|0x72c2ce21
10:43:27.0 (19087778)|SYSTEM_MODE_ENTER|true
10:43:27.0 (19098060)|HEAP_ALLOCATE|[EXTERNAL]|Bytes:40
10:43:27.0 (19104885)|VARIABLE_ASSIGNMENT|[EXTERNAL]|this.iCountLikes|null|0x72c2ce21
10:43:27.0 (19139422)|SYSTEM_MODE_ENTER|true
10:43:27.0 (19174475)|HEAP_ALLOCATE|[EXTERNAL]|Bytes:76
10:43:27.0 (19180972)|VARIABLE_SCOPE_BEGIN|[92]|this|saDailyReportCtrl|true|false
10:43:27.0 (19355535)|VARIABLE_ASSIGNMENT|[92]|this|{"BusinessLocationName":"","currentInquiryReply":"0x49b8b8bd","currentInquiryReplyDetail":"0x2d6fc46d","dailyReportId":"a0IN0000006RUllMAG","dCurrentDay":"2018-06-30T00:00:00Z","dCurrentMonth":"2018-07-01T00:00:00Z","iCurrentDay":0,"idBusinessLocation":"","isIPhone":false,"isPreview":true,"lsBusinessLocation":"0x192979ce","messageError":"正しいデーターを入れてください。","messageQuestion":"","mpQuestions":"0x10d76e80","myUser":"0x1c265177","sourceOfTheCall":"preview"}|0x706f2308
10:43:27.0 (19380547)|SYSTEM_MODE_ENTER|false
10:43:27.0 (19388135)|HEAP_ALLOCATE|[92]|Bytes:5
10:43:27.0 (19393328)|STATEMENT_EXECUTE|[92]
10:43:27.0 (19395059)|STATEMENT_EXECUTE|[92]
10:43:27.0 (19399355)|SYSTEM_MODE_EXIT|false
10:43:27.0 (19440051)|SYSTEM_MODE_ENTER|true
10:43:27.0 (19454635)|HEAP_ALLOCATE|[EXTERNAL]|Bytes:8
10:43:27.0 (19458755)|HEAP_ALLOCATE|[EXTERNAL]|Bytes:40
10:43:27.0 (19467382)|VARIABLE_ASSIGNMENT|[EXTERNAL]|this.iTypeOfScreen|54|0x72c2ce21
10:43:27.0 (19607101)|SYSTEM_MODE_ENTER|true
10:43:27.0 (21939816)|HEAP_ALLOCATE|[EXTERNAL]|Bytes:76
10:43:27.0 (21950099)|VARIABLE_SCOPE_BEGIN|[199]|this|saDailyReportCtrl|true|false
10:43:27.0 (22121262)|VARIABLE_ASSIGNMENT|[199]|this|{"BusinessLocationName":"","currentInquiryReply":"0x49b8b8bd","currentInquiryReplyDetail":"0x2d6fc46d","dailyReportId":"a0IN0000006RUllMAG","dCurrentDay":"2018-06-30T00:00:00Z","dCurrentMonth":"2018-07-01T00:00:00Z","iCurrentDay":0,"idBusinessLocation":"","isIPhone":false,"isPreview":true,"lsBusinessLocation":"0x192979ce","messageError":"正しいデーターを入れてください。","messageQuestion":"","mpQuestions":"0x10d76e80","myUser":"0x1c265177","sourceOfTheCall":"preview"}|0x706f2308
10:43:27.0 (22143272)|SYSTEM_MODE_ENTER|false
10:43:27.0 (22150775)|HEAP_ALLOCATE|[201]|Bytes:5
10:43:27.0 (22157196)|STATEMENT_EXECUTE|[199]
10:43:27.0 (22159092)|STATEMENT_EXECUTE|[201]
10:43:27.0 (22323998)|VARIABLE_ASSIGNMENT|[EXTERNAL]|this|{"BusinessLocationName":"","currentInquiryReply":"0x49b8b8bd","currentInquiryReplyDetail":"0x2d6fc46d","dailyReportId":"a0IN0000006RUllMAG","dCurrentDay":"2018-06-30T00:00:00Z","dCurrentMonth":"2018-07-01T00:00:00Z","iCurrentDay":0,"idBusinessLocation":"","isIPhone":false,"isPreview":true,"lsBusinessLocation":"0x192979ce","messageError":"正しいデーターを入れてください。","messageQuestion":"","mpQuestions":"0x10d76e80","myUser":"0x1c265177","sourceOfTheCall":"preview"}|0x706f2308
10:43:27.0 (22340059)|VARIABLE_ASSIGNMENT|[EXTERNAL]|value|""
10:43:27.0 (22352297)|VARIABLE_ASSIGNMENT|[6]|this.messageError|""|0x706f2308
10:43:27.0 (22363795)|STATEMENT_EXECUTE|[202]
10:43:27.0 (22521894)|VARIABLE_ASSIGNMENT|[EXTERNAL]|this|{"BusinessLocationName":"","currentInquiryReply":"0x49b8b8bd","currentInquiryReplyDetail":"0x2d6fc46d","dailyReportId":"a0IN0000006RUllMAG","dCurrentDay":"2018-06-30T00:00:00Z","dCurrentMonth":"2018-07-01T00:00:00Z","iCurrentDay":0,"idBusinessLocation":"","isIPhone":false,"isPreview":true,"lsBusinessLocation":"0x192979ce","messageError":"","messageQuestion":"","mpQuestions":"0x10d76e80","myUser":"0x1c265177","sourceOfTheCall":"preview"}|0x706f2308
10:43:27.0 (22536128)|VARIABLE_ASSIGNMENT|[EXTERNAL]|value|""
10:43:27.0 (22545343)|VARIABLE_ASSIGNMENT|[7]|this.messageQuestion|""|0x706f2308
10:43:27.0 (22554950)|STATEMENT_EXECUTE|[204]
10:43:27.0 (22556611)|STATEMENT_EXECUTE|[204]
10:43:27.0 (22558229)|STATEMENT_EXECUTE|[206]
10:43:27.0 (22750116)|VARIABLE_ASSIGNMENT|[EXTERNAL]|this|{"BusinessLocationName":"","currentInquiryReply":"0x49b8b8bd","currentInquiryReplyDetail":"0x2d6fc46d","dailyReportId":"a0IN0000006RUllMAG","dCurrentDay":"2018-06-30T00:00:00Z","dCurrentMonth":"2018-07-01T00:00:00Z","iCurrentDay":0,"idBusinessLocation":"","isIPhone":false,"isPreview":true,"lsBusinessLocation":"0x192979ce","messageError":"","messageQuestion":"","mpQuestions":"0x10d76e80","myUser":"0x1c265177","sourceOfTheCall":"preview"}|0x706f2308
10:43:27.0 (22805079)|HEAP_ALLOCATE|[206]|Bytes:4
10:43:27.0 (22838564)|VARIABLE_ASSIGNMENT|[206]|this.dCurrentDay|"2018-06-30T00:00:00.000Z"|0x706f2308
10:43:27.0 (22845127)|STATEMENT_EXECUTE|[208]
10:43:27.0 (22860740)|HEAP_ALLOCATE|[208]|Bytes:4
10:43:27.0 (23075745)|VARIABLE_ASSIGNMENT|[EXTERNAL]|this|{"BusinessLocationName":"","currentInquiryReply":"0x49b8b8bd","currentInquiryReplyDetail":"0x2d6fc46d","dailyReportId":"a0IN0000006RUllMAG","dCurrentDay":"2018-06-30T00:00:00Z","dCurrentMonth":"2018-07-01T00:00:00Z","iCurrentDay":0,"idBusinessLocation":"","isIPhone":false,"isPreview":true,"lsBusinessLocation":"0x192979ce","messageError":"","messageQuestion":"","mpQuestions":"0x10d76e80","myUser":"0x1c265177","sourceOfTheCall":"preview"}|0x706f2308
10:43:27.0 (23091436)|HEAP_ALLOCATE|[EXTERNAL]|Bytes:4
10:43:27.0 (23103212)|VARIABLE_ASSIGNMENT|[EXTERNAL]|value|[]|0x1a715979
10:43:27.0 (23114630)|VARIABLE_ASSIGNMENT|[22]|this.currentInquiryReplyDetail|[]|0x706f2308
10:43:27.0 (23124763)|STATEMENT_EXECUTE|[209]
10:43:27.0 (23138428)|HEAP_ALLOCATE|[209]|Bytes:4
10:43:27.0 (23311432)|VARIABLE_ASSIGNMENT|[EXTERNAL]|this|{"BusinessLocationName":"","currentInquiryReply":"0x49b8b8bd","currentInquiryReplyDetail":"0x1a715979","dailyReportId":"a0IN0000006RUllMAG","dCurrentDay":"2018-06-30T00:00:00Z","dCurrentMonth":"2018-07-01T00:00:00Z","iCurrentDay":0,"idBusinessLocation":"","isIPhone":false,"isPreview":true,"lsBusinessLocation":"0x192979ce","messageError":"","messageQuestion":"","mpQuestions":"0x10d76e80","myUser":"0x1c265177","sourceOfTheCall":"preview"}|0x706f2308
10:43:27.0 (23331999)|VARIABLE_ASSIGNMENT|[EXTERNAL]|value|{}|0x66655d89
10:43:27.0 (23343633)|VARIABLE_ASSIGNMENT|[24]|this.mpQuestions|{}|0x706f2308
10:43:27.0 (23353264)|STATEMENT_EXECUTE|[211]
10:43:27.0 (23501722)|VARIABLE_ASSIGNMENT|[EXTERNAL]|this|{"BusinessLocationName":"","currentInquiryReply":"0x49b8b8bd","currentInquiryReplyDetail":"0x1a715979","dailyReportId":"a0IN0000006RUllMAG","dCurrentDay":"2018-06-30T00:00:00Z","dCurrentMonth":"2018-07-01T00:00:00Z","iCurrentDay":0,"idBusinessLocation":"","isIPhone":false,"isPreview":true,"lsBusinessLocation":"0x192979ce","messageError":"","messageQuestion":"","mpQuestions":"0x66655d89","myUser":"0x1c265177","sourceOfTheCall":"preview"}|0x706f2308
10:43:27.0 (23516151)|VARIABLE_ASSIGNMENT|[EXTERNAL]|value|""
10:43:27.0 (23525673)|VARIABLE_ASSIGNMENT|[23]|this.BusinessLocationName|""|0x706f2308
10:43:27.0 (23538209)|HEAP_ALLOCATE|[212]|Bytes:81
10:43:27.0 (23553922)|HEAP_ALLOCATE|[212]|Bytes:4
10:43:27.0 (23563314)|HEAP_ALLOCATE|[212]|Bytes:7
10:43:27.0 (23706003)|VARIABLE_ASSIGNMENT|[EXTERNAL]|this|{"BusinessLocationName":"","currentInquiryReply":"0x49b8b8bd","currentInquiryReplyDetail":"0x1a715979","dailyReportId":"a0IN0000006RUllMAG","dCurrentDay":"2018-06-30T00:00:00Z","dCurrentMonth":"2018-07-01T00:00:00Z","iCurrentDay":0,"idBusinessLocation":"","isIPhone":false,"isPreview":true,"lsBusinessLocation":"0x192979ce","messageError":"","messageQuestion":"","mpQuestions":"0x66655d89","myUser":"0x1c265177","sourceOfTheCall":"preview"}|0x706f2308
10:43:27.0 (24086964)|SOQL_EXECUTE_BEGIN|[212]|Aggregations:0|SELECT Id, BusinessLocationName__c FROM saBusinessLocation__c 
10:43:27.0 (25540917)|SOQL_EXECUTE_END|[212]|Rows:0
10:43:27.0 (25702688)|HEAP_ALLOCATE|[212]|Bytes:54
10:43:27.0 (25712570)|HEAP_ALLOCATE|[212]|Bytes:8
10:43:27.0 (25737177)|SYSTEM_METHOD_ENTRY|[7]|QueryLocatorIterator.QueryLocatorIterator()
10:43:27.0 (25741973)|STATEMENT_EXECUTE|[7]
10:43:27.0 (25748906)|SYSTEM_METHOD_EXIT|[7]|QueryLocatorIterator
10:43:27.0 (25756686)|HEAP_ALLOCATE|[212]|Bytes:28
10:43:27.0 (25772346)|HEAP_ALLOCATE|[212]|Bytes:8
10:43:27.0 (25775842)|HEAP_ALLOCATE|[212]|Bytes:8
10:43:27.0 (25780392)|VARIABLE_SCOPE_BEGIN|[15]|this|Database.QueryLocatorIterator|true|false
10:43:27.0 (25804553)|VARIABLE_ASSIGNMENT|[15]|this|{}|0x44ca966a
10:43:27.0 (25811473)|VARIABLE_SCOPE_BEGIN|[15]|values|List<SObject>|true|false
10:43:27.0 (25819364)|VARIABLE_ASSIGNMENT|[15]|values|null|
10:43:27.0 (25824156)|VARIABLE_SCOPE_BEGIN|[15]|ql|Database.QueryLocator|true|false
10:43:27.0 (25843735)|VARIABLE_ASSIGNMENT|[15]|ql|{"query":"SELECT Id, BusinessL (61 more) ..."}|0x31c11253
10:43:27.0 (25849335)|VARIABLE_SCOPE_BEGIN|[15]|totalNumRecords|Integer|false|false
10:43:27.0 (25857398)|VARIABLE_ASSIGNMENT|[15]|totalNumRecords|0
10:43:27.0 (25861445)|VARIABLE_SCOPE_BEGIN|[15]|queryMoreSize|Integer|false|false
10:43:27.0 (25868052)|VARIABLE_ASSIGNMENT|[15]|queryMoreSize|50000
10:43:27.0 (25942892)|HEAP_ALLOCATE|[212]|Bytes:28
10:43:27.0 (25963165)|METHOD_ENTRY|[212]||Database.QueryLocatorIterator.hasNext()
10:43:27.0 (25981869)|METHOD_EXIT|[212]||Database.QueryLocatorIterator.hasNext()
10:43:27.0 (26012425)|VARIABLE_ASSIGNMENT|[212]|bl|null|
10:43:27.0 (26020082)|STATEMENT_EXECUTE|[212]
10:43:27.0 (26036263)|STATEMENT_EXECUTE|[219]
10:43:27.0 (26039924)|HEAP_ALLOCATE|[219]|Bytes:195
10:43:27.0 (26052806)|HEAP_ALLOCATE|[219]|Bytes:4
10:43:27.0 (26075889)|HEAP_ALLOCATE|[219]|Bytes:7
10:43:27.0 (26106926)|HEAP_ALLOCATE|[223]|Bytes:89
10:43:27.0 (26115472)|SYSTEM_METHOD_ENTRY|[1]|UserInfo.UserInfo()
10:43:27.0 (26119360)|STATEMENT_EXECUTE|[1]
10:43:27.0 (26123894)|SYSTEM_METHOD_EXIT|[1]|UserInfo
10:43:27.0 (26133181)|METHOD_ENTRY|[223]||System.UserInfo.getUserId()
10:43:27.0 (26169884)|METHOD_EXIT|[223]||System.UserInfo.getUserId()
10:43:27.0 (26666480)|SOQL_EXECUTE_BEGIN|[219]|Aggregations:0|SELECT Id, saBusinessLocation__c, Status__c, saInquiry__c, Comment__c FROM saInquiryReply__c WHERE (saInquiry__r.Type__c = 'DAILY_REPORT' AND DailyReportDate__c = :tmpVar1 AND User__c = :tmpVar2)
10:43:27.0 (31880593)|SOQL_EXECUTE_END|[219]|Rows:0
10:43:27.0 (31906025)|HEAP_ALLOCATE|[219]|Bytes:4
10:43:27.0 (31918354)|HEAP_ALLOCATE|[219]|Bytes:0
10:43:27.0 (31980009)|HEAP_ALLOCATE|[219]|Bytes:4
10:43:27.0 (31993243)|VARIABLE_SCOPE_BEGIN|[219]|lsInqRep|List<saInquiryReply__c>|true|false
10:43:27.0 (32009807)|VARIABLE_ASSIGNMENT|[219]|lsInqRep|[]|0x6a45d792
10:43:27.0 (32072223)|STATEMENT_EXECUTE|[225]
10:43:27.0 (32074669)|STATEMENT_EXECUTE|[227]
10:43:27.0 (32078370)|HEAP_ALLOCATE|[227]|Bytes:207
10:43:27.0 (32091414)|HEAP_ALLOCATE|[227]|Bytes:4
10:43:27.0 (32280860)|VARIABLE_ASSIGNMENT|[EXTERNAL]|this|{"BusinessLocationName":"","currentInquiryReply":"0x49b8b8bd","currentInquiryReplyDetail":"0x1a715979","dailyReportId":"a0IN0000006RUllMAG","dCurrentDay":"2018-06-30T00:00:00Z","dCurrentMonth":"2018-07-01T00:00:00Z","iCurrentDay":0,"idBusinessLocation":"","isIPhone":false,"isPreview":true,"lsBusinessLocation":"0x192979ce","messageError":"","messageQuestion":"","mpQuestions":"0x66655d89","myUser":"0x1c265177","sourceOfTheCall":"preview"}|0x706f2308
10:43:27.0 (32307405)|HEAP_ALLOCATE|[227]|Bytes:7
10:43:27.0 (32317490)|METHOD_ENTRY|[232]||System.UserInfo.getUserId()
10:43:27.0 (32340661)|METHOD_EXIT|[232]||System.UserInfo.getUserId()
10:43:27.0 (32645100)|SOQL_EXECUTE_BEGIN|[227]|Aggregations:0|SELECT Id, saBusinessLocation__c, Status__c FROM saInquiryReply__c WHERE (saInquiry__r.Type__c = 'DAILY_REPORT' AND DailyReportDate__c = :tmpVar1 AND saBusinessLocation__c = :tmpVar2 AND User__c != :tmpVar3)
10:43:27.0 (35147350)|SOQL_EXECUTE_END|[227]|Rows:0
10:43:27.0 (35169633)|HEAP_ALLOCATE|[227]|Bytes:4
10:43:27.0 (35182502)|HEAP_ALLOCATE|[227]|Bytes:0
10:43:27.0 (35205872)|HEAP_ALLOCATE|[227]|Bytes:4
10:43:27.0 (35216246)|VARIABLE_SCOPE_BEGIN|[227]|lsInqOtherPeople|List<saInquiryReply__c>|true|false
10:43:27.0 (35231292)|VARIABLE_ASSIGNMENT|[227]|lsInqOtherPeople|[]|0x3effdeca
10:43:27.0 (35264292)|STATEMENT_EXECUTE|[234]
10:43:27.0 (35267033)|STATEMENT_EXECUTE|[240]
10:43:27.0 (35270112)|VARIABLE_SCOPE_BEGIN|[240]|lsTemplate|List<saInquiryReply__c>|true|false
10:43:27.0 (35279963)|VARIABLE_ASSIGNMENT|[240]|lsTemplate|null|
10:43:27.0 (35460996)|VARIABLE_ASSIGNMENT|[EXTERNAL]|this|{"BusinessLocationName":"","currentInquiryReply":"0x49b8b8bd","currentInquiryReplyDetail":"0x1a715979","dailyReportId":"a0IN0000006RUllMAG","dCurrentDay":"2018-06-30T00:00:00Z","dCurrentMonth":"2018-07-01T00:00:00Z","iCurrentDay":0,"idBusinessLocation":"","isIPhone":false,"isPreview":true,"lsBusinessLocation":"0x192979ce","messageError":"","messageQuestion":"","mpQuestions":"0x66655d89","myUser":"0x1c265177","sourceOfTheCall":"preview"}|0x706f2308
10:43:27.0 (35483419)|STATEMENT_EXECUTE|[252]
10:43:27.0 (35485361)|STATEMENT_EXECUTE|[253]
10:43:27.0 (35488977)|HEAP_ALLOCATE|[253]|Bytes:393
10:43:27.0 (35502839)|HEAP_ALLOCATE|[253]|Bytes:4
10:43:27.0 (35531696)|METHOD_ENTRY|[259]||System.UserInfo.getUserId()
10:43:27.0 (35553713)|METHOD_EXIT|[259]||System.UserInfo.getUserId()
10:43:27.0 (35959722)|SOQL_EXECUTE_BEGIN|[253]|Aggregations:0|SELECT Id, saBusinessLocation__c, Status__c, saInquiry__c, Comment__c FROM saInquiryReply__c WHERE (saInquiry__r.Type__c = 'DAILY_REPORT' AND (saInquiry__r.ValidFrom__c = NULL OR saInquiry__r.ValidFrom__c <= :tmpVar1) AND (saInquiry__r.ValidTo__c = NULL OR saInquiry__r.ValidTo__c >= :tmpVar2) AND DailyReportDate__c = NULL AND User__c = :tmpVar3) ORDER BY CreatedDate DESC NULLS FIRST LIMIT 1
10:43:27.0 (40162977)|SOQL_EXECUTE_END|[253]|Rows:1
10:43:27.0 (40183853)|HEAP_ALLOCATE|[253]|Bytes:8
10:43:27.0 (40196374)|HEAP_ALLOCATE|[253]|Bytes:89
10:43:27.0 (40220061)|HEAP_ALLOCATE|[253]|Bytes:8
10:43:27.0 (40247809)|VARIABLE_ASSIGNMENT|[253]|lsTemplate|[{"Id":"a0KN0000007Kg4nMAC","Status__c":"WAITING_REPLY","saInquiry__c":"a0IN0000006RUllMAG"}]|0x7fbf232f
10:43:27.0 (40255482)|STATEMENT_EXECUTE|[264]
10:43:27.0 (40259665)|HEAP_ALLOCATE|[264]|Bytes:11
10:43:27.0 (40352083)|HEAP_ALLOCATE|[264]|Bytes:101
10:43:27.0 (40381189)|HEAP_ALLOCATE|[264]|Bytes:112
10:43:27.0 (40403180)|USER_DEBUG|[264]|DEBUG|Template : (saInquiryReply__c:{Id=a0KN0000007Kg4nMAC, Status__c=WAITING_REPLY, saInquiry__c=a0IN0000006RUllMAG})
10:43:27.0 (40432624)|STATEMENT_EXECUTE|[265]
10:43:27.0 (40434959)|STATEMENT_EXECUTE|[271]
10:43:27.0 (40449792)|HEAP_ALLOCATE|[271]|Bytes:16
10:43:27.0 (40481292)|VARIABLE_SCOPE_BEGIN|[271]|idInquiry|Id|false|false
10:43:27.0 (40556391)|VARIABLE_ASSIGNMENT|[271]|idInquiry|"a0IN0000006RUllMAG"
10:43:27.0 (40563324)|STATEMENT_EXECUTE|[272]
10:43:27.0 (40582700)|HEAP_ALLOCATE|[272]|Bytes:4
10:43:27.0 (40845151)|VARIABLE_ASSIGNMENT|[EXTERNAL]|this|{"BusinessLocationName":"","currentInquiryReply":"0x49b8b8bd","currentInquiryReplyDetail":"0x1a715979","dailyReportId":"a0IN0000006RUllMAG","dCurrentDay":"2018-06-30T00:00:00Z","dCurrentMonth":"2018-07-01T00:00:00Z","iCurrentDay":0,"idBusinessLocation":"","isIPhone":false,"isPreview":true,"lsBusinessLocation":"0x192979ce","messageError":"","messageQuestion":"","mpQuestions":"0x66655d89","myUser":"0x1c265177","sourceOfTheCall":"preview"}|0x706f2308
10:43:27.0 (40864860)|VARIABLE_ASSIGNMENT|[EXTERNAL]|value|{}|0x2b3fcff1
10:43:27.0 (40878612)|VARIABLE_ASSIGNMENT|[21]|this.currentInquiryReply|{}|0x706f2308
10:43:27.0 (40890174)|STATEMENT_EXECUTE|[273]
10:43:27.0 (41036825)|VARIABLE_ASSIGNMENT|[EXTERNAL]|this|{"BusinessLocationName":"","currentInquiryReply":"0x2b3fcff1","currentInquiryReplyDetail":"0x1a715979","dailyReportId":"a0IN0000006RUllMAG","dCurrentDay":"2018-06-30T00:00:00Z","dCurrentMonth":"2018-07-01T00:00:00Z","iCurrentDay":0,"idBusinessLocation":"","isIPhone":false,"isPreview":true,"lsBusinessLocation":"0x192979ce","messageError":"","messageQuestion":"","mpQuestions":"0x66655d89","myUser":"0x1c265177","sourceOfTheCall":"preview"}|0x706f2308
10:43:27.0 (41121415)|VARIABLE_ASSIGNMENT|[273]|this.saInquiry__c|"a0IN0000006RUllMAG"|0x2b3fcff1
10:43:27.0 (41275558)|VARIABLE_ASSIGNMENT|[EXTERNAL]|this|{"BusinessLocationName":"","currentInquiryReply":"0x2b3fcff1","currentInquiryReplyDetail":"0x1a715979","dailyReportId":"a0IN0000006RUllMAG","dCurrentDay":"2018-06-30T00:00:00Z","dCurrentMonth":"2018-07-01T00:00:00Z","iCurrentDay":0,"idBusinessLocation":"","isIPhone":false,"isPreview":true,"lsBusinessLocation":"0x192979ce","messageError":"","messageQuestion":"","mpQuestions":"0x66655d89","myUser":"0x1c265177","sourceOfTheCall":"preview"}|0x706f2308
10:43:27.0 (41295296)|STATEMENT_EXECUTE|[277]
10:43:27.0 (41297338)|STATEMENT_EXECUTE|[280]
10:43:27.0 (41303789)|METHOD_ENTRY|[280]||System.UserInfo.getUserId()
10:43:27.0 (41326206)|METHOD_EXIT|[280]||System.UserInfo.getUserId()
10:43:27.0 (41340632)|HEAP_ALLOCATE|[280]|Bytes:4
10:43:27.0 (41486131)|VARIABLE_ASSIGNMENT|[EXTERNAL]|this|{"BusinessLocationName":"","currentInquiryReply":"0x2b3fcff1","currentInquiryReplyDetail":"0x1a715979","dailyReportId":"a0IN0000006RUllMAG","dCurrentDay":"2018-06-30T00:00:00Z","dCurrentMonth":"2018-07-01T00:00:00Z","iCurrentDay":0,"idBusinessLocation":"","isIPhone":false,"isPreview":true,"lsBusinessLocation":"0x192979ce","messageError":"","messageQuestion":"","mpQuestions":"0x66655d89","myUser":"0x1c265177","sourceOfTheCall":"preview"}|0x706f2308
10:43:27.0 (41543300)|VARIABLE_ASSIGNMENT|[280]|this.User__c|"005N00000057PfOIAU"|0x2b3fcff1
10:43:27.0 (41551034)|STATEMENT_EXECUTE|[281]
10:43:27.0 (41696339)|VARIABLE_ASSIGNMENT|[EXTERNAL]|this|{"BusinessLocationName":"","currentInquiryReply":"0x2b3fcff1","currentInquiryReplyDetail":"0x1a715979","dailyReportId":"a0IN0000006RUllMAG","dCurrentDay":"2018-06-30T00:00:00Z","dCurrentMonth":"2018-07-01T00:00:00Z","iCurrentDay":0,"idBusinessLocation":"","isIPhone":false,"isPreview":true,"lsBusinessLocation":"0x192979ce","messageError":"","messageQuestion":"","mpQuestions":"0x66655d89","myUser":"0x1c265177","sourceOfTheCall":"preview"}|0x706f2308
10:43:27.0 (41762577)|VARIABLE_ASSIGNMENT|[281]|this.DailyReportDate__c|"2018-06-30T00:00:00.000Z"|0x2b3fcff1
10:43:27.0 (41769479)|STATEMENT_EXECUTE|[282]
10:43:27.0 (41773525)|HEAP_ALLOCATE|[282]|Bytes:13
10:43:27.0 (41923151)|VARIABLE_ASSIGNMENT|[EXTERNAL]|this|{"BusinessLocationName":"","currentInquiryReply":"0x2b3fcff1","currentInquiryReplyDetail":"0x1a715979","dailyReportId":"a0IN0000006RUllMAG","dCurrentDay":"2018-06-30T00:00:00Z","dCurrentMonth":"2018-07-01T00:00:00Z","iCurrentDay":0,"idBusinessLocation":"","isIPhone":false,"isPreview":true,"lsBusinessLocation":"0x192979ce","messageError":"","messageQuestion":"","mpQuestions":"0x66655d89","myUser":"0x1c265177","sourceOfTheCall":"preview"}|0x706f2308
10:43:27.0 (41969624)|VARIABLE_ASSIGNMENT|[282]|this.Status__c|"WAITING_REPLY"|0x2b3fcff1
10:43:27.0 (41976951)|STATEMENT_EXECUTE|[283]
10:43:27.0 (42121169)|VARIABLE_ASSIGNMENT|[EXTERNAL]|this|{"BusinessLocationName":"","currentInquiryReply":"0x2b3fcff1","currentInquiryReplyDetail":"0x1a715979","dailyReportId":"a0IN0000006RUllMAG","dCurrentDay":"2018-06-30T00:00:00Z","dCurrentMonth":"2018-07-01T00:00:00Z","iCurrentDay":0,"idBusinessLocation":"","isIPhone":false,"isPreview":true,"lsBusinessLocation":"0x192979ce","messageError":"","messageQuestion":"","mpQuestions":"0x66655d89","myUser":"0x1c265177","sourceOfTheCall":"preview"}|0x706f2308
10:43:27.0 (42166349)|VARIABLE_ASSIGNMENT|[283]|this.Comment__c|""|0x2b3fcff1
10:43:27.0 (42173126)|STATEMENT_EXECUTE|[285]
10:43:27.0 (42177023)|HEAP_ALLOCATE|[285]|Bytes:625
10:43:27.0 (42190970)|HEAP_ALLOCATE|[285]|Bytes:4
10:43:27.0 (42668439)|SOQL_EXECUTE_BEGIN|[285]|Aggregations:0|SELECT Id, QuestionLabel__c, AnswerType__c, NumberPossibleReplies__c, IsShortReply__c, SortNo__c, IsRequired__c, Reply01Label__c, Reply02Label__c, Reply03Label__c, Reply04Label__c, Reply05Label__c, Reply06Label__c, Reply07Label__c, Reply08Label__c, Reply09Label__c, Reply10Label__c, Reply11Label__c, Reply12Label__c, Reply13Label__c, Reply14Label__c, Reply15Label__c, Reply16Label__c, Reply17Label__c, Reply18Label__c, Reply19Label__c, Reply20Label__c, Reply21Label__c, Reply22Label__c, Reply23Label__c, Reply24Label__c, Reply25Label__c FROM saInquiryDetail__c WHERE saInquiry__c = :tmpVar1 ORDER BY SortNo__c ASC NULLS FIRST
10:43:27.0 (52114393)|SOQL_EXECUTE_END|[285]|Rows:1
10:43:27.0 (52135744)|HEAP_ALLOCATE|[285]|Bytes:8
10:43:27.0 (52157762)|HEAP_ALLOCATE|[285]|Bytes:282
10:43:27.0 (52203224)|HEAP_ALLOCATE|[285]|Bytes:8
10:43:27.0 (52217027)|VARIABLE_SCOPE_BEGIN|[285]|lsTmpQuest|List<saInquiryDetail__c>|true|false
10:43:27.0 (52264045)|VARIABLE_ASSIGNMENT|[285]|lsTmpQuest|[{"Id":"a0JN0000008h2r2MAA","QuestionLabel__c":"Works?","AnswerType__c":"CHECKBOX","NumberPossibleReplies__c":2,"IsShortReply__c":true,"SortNo__c":0,"IsRequired__c":false,"Reply01Label__c":"Yes!","Reply02Label__c":"No!"}]|0x6d41db7f
10:43:27.0 (52455607)|HEAP_ALLOCATE|[295]|Bytes:5
10:43:27.0 (52479168)|HEAP_ALLOCATE|[295]|Bytes:40
10:43:27.0 (52489870)|VARIABLE_SCOPE_BEGIN|[295]|quest|saInquiryDetail__c|true|false
10:43:27.0 (52516255)|VARIABLE_ASSIGNMENT|[295]|quest|{"Id":"a0JN0000008h2r2MAA","QuestionLabel__c":"Works?","AnswerType__c":"CHECKBOX","NumberPossibleReplies__c":2,"IsShortReply__c":true,"SortNo__c":0,"IsRequired__c":false,"Reply01Label__c":"Yes!","Reply02Label__c":"No!"}|0x2b4d165e
10:43:27.0 (52526003)|STATEMENT_EXECUTE|[295]
10:43:27.0 (52528036)|STATEMENT_EXECUTE|[296]
10:43:27.0 (52554027)|HEAP_ALLOCATE|[296]|Bytes:4
10:43:27.0 (52637737)|VARIABLE_SCOPE_BEGIN|[296]|questReply|saInquiryReplyDetail__c|true|false
10:43:27.0 (52652205)|VARIABLE_ASSIGNMENT|[296]|questReply|{}|0x48b4aa6b
10:43:27.0 (52658229)|STATEMENT_EXECUTE|[297]
10:43:27.0 (52748543)|VARIABLE_ASSIGNMENT|[297]|this.saInquiryDetail__c|"a0JN0000008h2r2MAA"|0x48b4aa6b
10:43:27.0 (52755874)|STATEMENT_EXECUTE|[298]
10:43:27.0 (52937862)|VARIABLE_ASSIGNMENT|[EXTERNAL]|this|{"BusinessLocationName":"","currentInquiryReply":"0x2b3fcff1","currentInquiryReplyDetail":"0x1a715979","dailyReportId":"a0IN0000006RUllMAG","dCurrentDay":"2018-06-30T00:00:00Z","dCurrentMonth":"2018-07-01T00:00:00Z","iCurrentDay":0,"idBusinessLocation":"","isIPhone":false,"isPreview":true,"lsBusinessLocation":"0x192979ce","messageError":"","messageQuestion":"","mpQuestions":"0x66655d89","myUser":"0x1c265177","sourceOfTheCall":"preview"}|0x706f2308
10:43:27.0 (52969285)|HEAP_ALLOCATE|[EXTERNAL]|Bytes:4
10:43:27.0 (52977929)|STATEMENT_EXECUTE|[299]
10:43:27.0 (53125400)|VARIABLE_ASSIGNMENT|[EXTERNAL]|this|{"BusinessLocationName":"","currentInquiryReply":"0x2b3fcff1","currentInquiryReplyDetail":"0x1a715979","dailyReportId":"a0IN0000006RUllMAG","dCurrentDay":"2018-06-30T00:00:00Z","dCurrentMonth":"2018-07-01T00:00:00Z","iCurrentDay":0,"idBusinessLocation":"","isIPhone":false,"isPreview":true,"lsBusinessLocation":"0x192979ce","messageError":"","messageQuestion":"","mpQuestions":"0x66655d89","myUser":"0x1c265177","sourceOfTheCall":"preview"}|0x706f2308
10:43:27.0 (53160611)|HEAP_ALLOCATE|[EXTERNAL]|Bytes:-4
10:43:27.0 (53177861)|HEAP_ALLOCATE|[295]|Bytes:5
10:43:27.0 (53192146)|VARIABLE_ASSIGNMENT|[295]|quest|null|
10:43:27.0 (53203250)|SYSTEM_MODE_EXIT|false
10:43:27.0 (69472228)|SYSTEM_MODE_ENTER|true
10:43:27.0 (69504018)|HEAP_ALLOCATE|[EXTERNAL]|Bytes:40
10:43:27.0 (69519222)|VARIABLE_ASSIGNMENT|[EXTERNAL]|this.iCountComments|null|0x72c2ce21
10:43:27.0 (69568228)|SYSTEM_MODE_ENTER|true
10:43:27.0 (69580514)|HEAP_ALLOCATE|[EXTERNAL]|Bytes:40
10:43:27.0 (69588290)|VARIABLE_ASSIGNMENT|[EXTERNAL]|this.iCountLikes|null|0x72c2ce21
10:43:27.0 (69654476)|SYSTEM_MODE_ENTER|true
10:43:27.0 (69703062)|HEAP_ALLOCATE|[EXTERNAL]|Bytes:76
10:43:27.0 (69711678)|VARIABLE_SCOPE_BEGIN|[92]|this|saDailyReportCtrl|true|false
10:43:27.0 (69923412)|VARIABLE_ASSIGNMENT|[92]|this|{"BusinessLocationName":"","currentInquiryReply":"0x2b3fcff1","currentInquiryReplyDetail":"0x1a715979","dailyReportId":"a0IN0000006RUllMAG","dCurrentDay":"2018-06-30T00:00:00Z","dCurrentMonth":"2018-07-01T00:00:00Z","iCurrentDay":0,"idBusinessLocation":"","isIPhone":false,"isPreview":true,"lsBusinessLocation":"0x192979ce","messageError":"","messageQuestion":"","mpQuestions":"0x66655d89","myUser":"0x1c265177","sourceOfTheCall":"preview"}|0x706f2308
10:43:27.0 (69946082)|SYSTEM_MODE_ENTER|false
10:43:27.0 (69954822)|HEAP_ALLOCATE|[92]|Bytes:5
10:43:27.0 (69961080)|STATEMENT_EXECUTE|[92]
10:43:27.0 (69963057)|STATEMENT_EXECUTE|[92]
10:43:27.0 (69971017)|SYSTEM_MODE_EXIT|false
10:43:27.0 (70018555)|SYSTEM_MODE_ENTER|true
10:43:27.0 (70037462)|HEAP_ALLOCATE|[EXTERNAL]|Bytes:8
10:43:27.0 (70042102)|HEAP_ALLOCATE|[EXTERNAL]|Bytes:40
10:43:27.0 (70052932)|VARIABLE_ASSIGNMENT|[EXTERNAL]|this.iTypeOfScreen|54|0x72c2ce21
10:43:27.0 (70120104)|SYSTEM_MODE_ENTER|true
10:43:27.0 (70154700)|HEAP_ALLOCATE|[EXTERNAL]|Bytes:40
10:43:27.0 (70161034)|VARIABLE_SCOPE_BEGIN|[80]|this|auMainTopCompCtrl|true|false
10:43:27.0 (70199822)|VARIABLE_ASSIGNMENT|[80]|this|{"currentUser":"0x1324eac4","iTypeOfScreen":54,"urlReportsSFA":"https://cs6.lightnin (84 more) ..."}|0x72c2ce21
10:43:27.0 (70210061)|STATEMENT_EXECUTE|[80]
10:43:27.0 (70212021)|STATEMENT_EXECUTE|[81]
10:43:27.0 (70243510)|VARIABLE_ASSIGNMENT|[EXTERNAL]|this|{"currentUser":"0x1324eac4","iTypeOfScreen":54,"urlReportsSFA":"https://cs6.lightnin (84 more) ..."}|0x72c2ce21
10:43:27.0 (70280353)|VARIABLE_ASSIGNMENT|[EXTERNAL]|this|{"currentUser":"0x1324eac4","iTypeOfScreen":54,"urlReportsSFA":"https://cs6.lightnin (84 more) ..."}|0x72c2ce21
10:43:27.0 (70311400)|VARIABLE_ASSIGNMENT|[EXTERNAL]|this|{"currentUser":"0x1324eac4","iTypeOfScreen":54,"urlReportsSFA":"https://cs6.lightnin (84 more) ..."}|0x72c2ce21
10:43:27.0 (70342968)|VARIABLE_ASSIGNMENT|[EXTERNAL]|this|{"currentUser":"0x1324eac4","iTypeOfScreen":54,"urlReportsSFA":"https://cs6.lightnin (84 more) ..."}|0x72c2ce21
10:43:27.0 (70357792)|HEAP_ALLOCATE|[81]|Bytes:5
10:43:27.0 (70428324)|SYSTEM_MODE_ENTER|true
10:43:27.0 (70458992)|HEAP_ALLOCATE|[EXTERNAL]|Bytes:40
10:43:27.0 (70464780)|VARIABLE_SCOPE_BEGIN|[99]|this|auMainTopCompCtrl|true|false
10:43:27.0 (70494519)|VARIABLE_ASSIGNMENT|[99]|this|{"currentUser":"0x1324eac4","iTypeOfScreen":54,"urlReportsSFA":"https://cs6.lightnin (84 more) ..."}|0x72c2ce21
10:43:27.0 (70503402)|STATEMENT_EXECUTE|[99]
10:43:27.0 (70505040)|STATEMENT_EXECUTE|[100]
10:43:27.0 (70530752)|VARIABLE_ASSIGNMENT|[EXTERNAL]|this|{"currentUser":"0x1324eac4","iTypeOfScreen":54,"urlReportsSFA":"https://cs6.lightnin (84 more) ..."}|0x72c2ce21
10:43:27.0 (70544814)|HEAP_ALLOCATE|[100]|Bytes:5
10:43:27.0 (70625050)|SYSTEM_MODE_ENTER|true
10:43:27.0 (70717877)|SYSTEM_MODE_ENTER|true
10:43:27.0 (70816595)|SYSTEM_MODE_ENTER|true
10:43:27.0 (70989751)|SYSTEM_MODE_ENTER|true
10:43:27.0 (73227940)|SYSTEM_MODE_ENTER|true
10:43:27.0 (73309366)|SYSTEM_MODE_ENTER|true
10:43:27.0 (73895178)|SYSTEM_MODE_ENTER|true
10:43:27.0 (73933670)|HEAP_ALLOCATE|[EXTERNAL]|Bytes:76
10:43:27.0 (73941980)|VARIABLE_SCOPE_BEGIN|[141]|this|saDailyReportCtrl|true|false
10:43:27.0 (74110292)|VARIABLE_ASSIGNMENT|[141]|this|{"BusinessLocationName":"","currentInquiryReply":"0x2b3fcff1","currentInquiryReplyDetail":"0x1a715979","dailyReportId":"a0IN0000006RUllMAG","dCurrentDay":"2018-06-30T00:00:00Z","dCurrentMonth":"2018-07-01T00:00:00Z","iCurrentDay":0,"idBusinessLocation":"","isIPhone":false,"isPreview":true,"lsBusinessLocation":"0x192979ce","messageError":"","messageQuestion":"","mpQuestions":"0x66655d89","myUser":"0x1c265177","sourceOfTheCall":"preview"}|0x706f2308
10:43:27.0 (74131372)|SYSTEM_MODE_ENTER|false
10:43:27.0 (74138944)|HEAP_ALLOCATE|[142]|Bytes:5
10:43:27.0 (74144805)|STATEMENT_EXECUTE|[141]
10:43:27.0 (74146807)|STATEMENT_EXECUTE|[142]
10:43:27.0 (74209038)|HEAP_ALLOCATE|[142]|Bytes:4
10:43:27.0 (74220026)|HEAP_ALLOCATE|[142]|Bytes:1
10:43:27.0 (74240602)|HEAP_ALLOCATE|[142]|Bytes:1
10:43:27.0 (74248948)|HEAP_ALLOCATE|[142]|Bytes:1
10:43:27.0 (74273501)|HEAP_ALLOCATE|[142]|Bytes:2
10:43:27.0 (74289755)|HEAP_ALLOCATE|[142]|Bytes:9
10:43:27.0 (74296311)|HEAP_ALLOCATE|[142]|Bytes:10
10:43:27.0 (74302109)|SYSTEM_MODE_EXIT|false
10:43:27.0 (74489212)|SYSTEM_MODE_ENTER|true
10:43:27.0 (74910184)|SYSTEM_MODE_ENTER|true
10:43:27.0 (88763707)|VF_SERIALIZE_VIEWSTATE_BEGIN|066N0000000M4pW
10:43:27.0 (92230629)|VF_SERIALIZE_VIEWSTATE_END
10:43:27.95 (95707025)|CUMULATIVE_LIMIT_USAGE
10:43:27.95 (95707025)|LIMIT_USAGE_FOR_NS|(default)|
  Number of SOQL queries: 5 out of 100
  Number of query rows: 2 out of 50000
  Number of SOSL queries: 0 out of 20
  Number of DML statements: 0 out of 150
  Number of DML rows: 0 out of 10000
  Maximum CPU time: 0 out of 10000
  Maximum heap size: 0 out of 6000000
  Number of callouts: 0 out of 100
  Number of Email Invocations: 0 out of 10
  Number of future calls: 0 out of 50
  Number of queueable jobs added to the queue: 0 out of 50
  Number of Mobile Apex push calls: 0 out of 10

10:43:27.95 (95707025)|CUMULATIVE_LIMIT_USAGE_END

10:43:27.0 (95739506)|CODE_UNIT_FINISHED|VF: /apex/sadailyreport
10:43:27.0 (96441053)|EXECUTION_FINISHED
