42.0 APEX_CODE,FINEST;APEX_PROFILING,INFO;CALLOUT,INFO;DB,INFO;NBA,INFO;SYSTEM,DEBUG;VALIDATION,INFO;VISUALFORCE,INFO;WAVE,INFO;WORKFLOW,INFO
10:49:11.0 (77297)|USER_INFO|[EXTERNAL]|005N00000057PfO|thomas.remy+kddi_gwdev01@globalway.co.jp|Japan Standard Time|GMT+09:00
10:49:11.0 (117034)|EXECUTION_STARTED
10:49:11.0 (122105)|CODE_UNIT_STARTED|[EXTERNAL]|066N0000000M4pW|VF: /apex/sadailyreport
10:49:11.0 (284392)|VF_DESERIALIZE_VIEWSTATE_BEGIN|066N0000000M4pW
10:49:11.0 (3589950)|HEAP_ALLOCATE|[72]|Bytes:3
10:49:11.0 (3636284)|HEAP_ALLOCATE|[77]|Bytes:152
10:49:11.0 (3654119)|HEAP_ALLOCATE|[342]|Bytes:408
10:49:11.0 (3673890)|HEAP_ALLOCATE|[355]|Bytes:408
10:49:11.0 (3688532)|HEAP_ALLOCATE|[467]|Bytes:48
10:49:11.0 (3713688)|HEAP_ALLOCATE|[139]|Bytes:6
10:49:11.0 (4590091)|HEAP_ALLOCATE|[50]|Bytes:5
10:49:11.0 (4621638)|HEAP_ALLOCATE|[56]|Bytes:5
10:49:11.0 (4631199)|HEAP_ALLOCATE|[64]|Bytes:7
10:49:11.0 (5352050)|VARIABLE_SCOPE_BEGIN|[3]|saDailyReportCtrl.SOURCE|String|false|true
10:49:11.0 (5365070)|VARIABLE_SCOPE_BEGIN|[4]|saDailyReportCtrl.SOURCE_ID|String|false|true
10:49:11.0 (9030304)|VARIABLE_SCOPE_BEGIN|[25]|auMainTopCompCtrl.TYPE_SCREEN_ACCOUNT_LIST|Integer|false|true
10:49:11.0 (9044267)|VARIABLE_SCOPE_BEGIN|[26]|auMainTopCompCtrl.TYPE_SCREEN_ACTIVITY_LIST|Integer|false|true
10:49:11.0 (9051534)|VARIABLE_SCOPE_BEGIN|[7]|auMainTopCompCtrl.TYPE_SCREEN_CX_SCREEN|Integer|false|true
10:49:11.0 (9058453)|VARIABLE_SCOPE_BEGIN|[8]|auMainTopCompCtrl.TYPE_SCREEN_CX_TIMELINE|Integer|false|true
10:49:11.0 (9065534)|VARIABLE_SCOPE_BEGIN|[9]|auMainTopCompCtrl.TYPE_SCREEN_EVENT_SCHEDULE|Integer|false|true
10:49:11.0 (9072389)|VARIABLE_SCOPE_BEGIN|[10]|auMainTopCompCtrl.TYPE_SCREEN_EVENT_SCHEDULE_LIST|Integer|false|true
10:49:11.0 (9084560)|VARIABLE_SCOPE_BEGIN|[27]|auMainTopCompCtrl.TYPE_SCREEN_FILE_LIST|Integer|false|true
10:49:11.0 (9102382)|VARIABLE_SCOPE_BEGIN|[24]|auMainTopCompCtrl.TYPE_SCREEN_HONBU_DIRECT|Integer|false|true
10:49:11.0 (9114556)|VARIABLE_SCOPE_BEGIN|[11]|auMainTopCompCtrl.TYPE_SCREEN_KNOWLEDGE_DASHBOARD|Integer|false|true
10:49:11.0 (9130455)|VARIABLE_SCOPE_BEGIN|[12]|auMainTopCompCtrl.TYPE_SCREEN_KNOWLEDGE_LIST|Integer|false|true
10:49:11.0 (9139255)|VARIABLE_SCOPE_BEGIN|[15]|auMainTopCompCtrl.TYPE_SCREEN_SA_CHATTER|Integer|false|true
10:49:11.0 (9146365)|VARIABLE_SCOPE_BEGIN|[16]|auMainTopCompCtrl.TYPE_SCREEN_SA_DAILYREPORT|Integer|false|true
10:49:11.0 (9153284)|VARIABLE_SCOPE_BEGIN|[22]|auMainTopCompCtrl.TYPE_SCREEN_SA_DAILYREPORTLIST|Integer|false|true
10:49:11.0 (9161909)|VARIABLE_SCOPE_BEGIN|[18]|auMainTopCompCtrl.TYPE_SCREEN_SA_DOCUMENTS|Integer|false|true
10:49:11.0 (9171431)|VARIABLE_SCOPE_BEGIN|[17]|auMainTopCompCtrl.TYPE_SCREEN_SA_ENQUETE|Integer|false|true
10:49:11.0 (9179512)|VARIABLE_SCOPE_BEGIN|[20]|auMainTopCompCtrl.TYPE_SCREEN_SA_LINKS|Integer|false|true
10:49:11.0 (9186686)|VARIABLE_SCOPE_BEGIN|[13]|auMainTopCompCtrl.TYPE_SCREEN_SA_MESSAGES|Integer|false|true
10:49:11.0 (9194212)|VARIABLE_SCOPE_BEGIN|[19]|auMainTopCompCtrl.TYPE_SCREEN_SA_RANKING|Integer|false|true
10:49:11.0 (9201045)|VARIABLE_SCOPE_BEGIN|[14]|auMainTopCompCtrl.TYPE_SCREEN_SA_REPORTS|Integer|false|true
10:49:11.0 (9207919)|VARIABLE_SCOPE_BEGIN|[23]|auMainTopCompCtrl.TYPE_SCREEN_SA_TODO|Integer|false|true
10:49:11.0 (9214857)|VARIABLE_SCOPE_BEGIN|[21]|auMainTopCompCtrl.TYPE_SCREEN_SA_USRSETTINGS|Integer|false|true
10:49:11.0 (9222088)|VARIABLE_SCOPE_BEGIN|[4]|auMainTopCompCtrl.TYPE_SCREEN_STPD_EVENT|Integer|false|true
10:49:11.0 (9229475)|VARIABLE_SCOPE_BEGIN|[6]|auMainTopCompCtrl.TYPE_SCREEN_STPD_SCREEN|Integer|false|true
10:49:11.0 (9236903)|VARIABLE_SCOPE_BEGIN|[5]|auMainTopCompCtrl.TYPE_SCREEN_STPD_TIMELINE|Integer|false|true
10:49:11.0 (9243978)|VARIABLE_SCOPE_BEGIN|[3]|auMainTopCompCtrl.TYPE_SCREEN_SWITCH|Integer|false|true
10:49:11.0 (10436113)|VF_DESERIALIZE_VIEWSTATE_END
10:49:11.0 (12600480)|SYSTEM_MODE_ENTER|true
10:49:11.0 (12860747)|HEAP_ALLOCATE|[EXTERNAL]|Bytes:284
10:49:11.0 (12873691)|HEAP_ALLOCATE|[EXTERNAL]|Bytes:146
10:49:11.0 (12887385)|METHOD_ENTRY|[1]|01pN0000000Mill|auMainTopCompCtrl.auMainTopCompCtrl()
10:49:11.0 (12894717)|STATEMENT_EXECUTE|[1]
10:49:11.0 (12899696)|STATEMENT_EXECUTE|[1]
10:49:11.0 (12901301)|STATEMENT_EXECUTE|[3]
10:49:11.0 (12907714)|HEAP_ALLOCATE|[3]|Bytes:4
10:49:11.0 (12936559)|VARIABLE_ASSIGNMENT|[3]|auMainTopCompCtrl.TYPE_SCREEN_SWITCH|0
10:49:11.0 (12943161)|STATEMENT_EXECUTE|[4]
10:49:11.0 (12946272)|HEAP_ALLOCATE|[4]|Bytes:4
10:49:11.0 (12954119)|VARIABLE_ASSIGNMENT|[4]|auMainTopCompCtrl.TYPE_SCREEN_STPD_EVENT|11
10:49:11.0 (12958138)|STATEMENT_EXECUTE|[5]
10:49:11.0 (12960965)|HEAP_ALLOCATE|[5]|Bytes:4
10:49:11.0 (12967433)|VARIABLE_ASSIGNMENT|[5]|auMainTopCompCtrl.TYPE_SCREEN_STPD_TIMELINE|12
10:49:11.0 (12971130)|STATEMENT_EXECUTE|[6]
10:49:11.0 (12973265)|HEAP_ALLOCATE|[6]|Bytes:4
10:49:11.0 (12980110)|VARIABLE_ASSIGNMENT|[6]|auMainTopCompCtrl.TYPE_SCREEN_STPD_SCREEN|13
10:49:11.0 (12983858)|STATEMENT_EXECUTE|[7]
10:49:11.0 (12986092)|HEAP_ALLOCATE|[7]|Bytes:4
10:49:11.0 (12991259)|VARIABLE_ASSIGNMENT|[7]|auMainTopCompCtrl.TYPE_SCREEN_CX_SCREEN|21
10:49:11.0 (12995231)|STATEMENT_EXECUTE|[8]
10:49:11.0 (12997320)|HEAP_ALLOCATE|[8]|Bytes:4
10:49:11.0 (13002711)|VARIABLE_ASSIGNMENT|[8]|auMainTopCompCtrl.TYPE_SCREEN_CX_TIMELINE|22
10:49:11.0 (13006922)|STATEMENT_EXECUTE|[9]
10:49:11.0 (13009050)|HEAP_ALLOCATE|[9]|Bytes:4
10:49:11.0 (13014324)|VARIABLE_ASSIGNMENT|[9]|auMainTopCompCtrl.TYPE_SCREEN_EVENT_SCHEDULE|31
10:49:11.0 (13018527)|STATEMENT_EXECUTE|[10]
10:49:11.0 (13021011)|HEAP_ALLOCATE|[10]|Bytes:4
10:49:11.0 (13026517)|VARIABLE_ASSIGNMENT|[10]|auMainTopCompCtrl.TYPE_SCREEN_EVENT_SCHEDULE_LIST|32
10:49:11.0 (13030644)|STATEMENT_EXECUTE|[11]
10:49:11.0 (13033008)|HEAP_ALLOCATE|[11]|Bytes:4
10:49:11.0 (13038796)|VARIABLE_ASSIGNMENT|[11]|auMainTopCompCtrl.TYPE_SCREEN_KNOWLEDGE_DASHBOARD|41
10:49:11.0 (13042730)|STATEMENT_EXECUTE|[12]
10:49:11.0 (13044895)|HEAP_ALLOCATE|[12]|Bytes:4
10:49:11.0 (13050408)|VARIABLE_ASSIGNMENT|[12]|auMainTopCompCtrl.TYPE_SCREEN_KNOWLEDGE_LIST|42
10:49:11.0 (13053855)|STATEMENT_EXECUTE|[13]
10:49:11.0 (13056193)|HEAP_ALLOCATE|[13]|Bytes:4
10:49:11.0 (13062099)|VARIABLE_ASSIGNMENT|[13]|auMainTopCompCtrl.TYPE_SCREEN_SA_MESSAGES|51
10:49:11.0 (13066059)|STATEMENT_EXECUTE|[14]
10:49:11.0 (13068239)|HEAP_ALLOCATE|[14]|Bytes:4
10:49:11.0 (13074256)|VARIABLE_ASSIGNMENT|[14]|auMainTopCompCtrl.TYPE_SCREEN_SA_REPORTS|52
10:49:11.0 (13077895)|STATEMENT_EXECUTE|[15]
10:49:11.0 (13079972)|HEAP_ALLOCATE|[15]|Bytes:4
10:49:11.0 (13085608)|VARIABLE_ASSIGNMENT|[15]|auMainTopCompCtrl.TYPE_SCREEN_SA_CHATTER|53
10:49:11.0 (13089591)|STATEMENT_EXECUTE|[16]
10:49:11.0 (13092175)|HEAP_ALLOCATE|[16]|Bytes:4
10:49:11.0 (13098026)|VARIABLE_ASSIGNMENT|[16]|auMainTopCompCtrl.TYPE_SCREEN_SA_DAILYREPORT|54
10:49:11.0 (13101795)|STATEMENT_EXECUTE|[17]
10:49:11.0 (13103989)|HEAP_ALLOCATE|[17]|Bytes:4
10:49:11.0 (13109758)|VARIABLE_ASSIGNMENT|[17]|auMainTopCompCtrl.TYPE_SCREEN_SA_ENQUETE|55
10:49:11.0 (13113531)|STATEMENT_EXECUTE|[18]
10:49:11.0 (13115856)|HEAP_ALLOCATE|[18]|Bytes:4
10:49:11.0 (13121512)|VARIABLE_ASSIGNMENT|[18]|auMainTopCompCtrl.TYPE_SCREEN_SA_DOCUMENTS|56
10:49:11.0 (13124997)|STATEMENT_EXECUTE|[19]
10:49:11.0 (13127058)|HEAP_ALLOCATE|[19]|Bytes:4
10:49:11.0 (13133020)|VARIABLE_ASSIGNMENT|[19]|auMainTopCompCtrl.TYPE_SCREEN_SA_RANKING|57
10:49:11.0 (13137080)|STATEMENT_EXECUTE|[20]
10:49:11.0 (13139161)|HEAP_ALLOCATE|[20]|Bytes:4
10:49:11.0 (13144964)|VARIABLE_ASSIGNMENT|[20]|auMainTopCompCtrl.TYPE_SCREEN_SA_LINKS|58
10:49:11.0 (13148433)|STATEMENT_EXECUTE|[21]
10:49:11.0 (13150604)|HEAP_ALLOCATE|[21]|Bytes:4
10:49:11.0 (13156805)|VARIABLE_ASSIGNMENT|[21]|auMainTopCompCtrl.TYPE_SCREEN_SA_USRSETTINGS|59
10:49:11.0 (13161575)|STATEMENT_EXECUTE|[22]
10:49:11.0 (13164600)|HEAP_ALLOCATE|[22]|Bytes:4
10:49:11.0 (13172054)|VARIABLE_ASSIGNMENT|[22]|auMainTopCompCtrl.TYPE_SCREEN_SA_DAILYREPORTLIST|60
10:49:11.0 (13176115)|STATEMENT_EXECUTE|[23]
10:49:11.0 (13178253)|HEAP_ALLOCATE|[23]|Bytes:4
10:49:11.0 (13186119)|VARIABLE_ASSIGNMENT|[23]|auMainTopCompCtrl.TYPE_SCREEN_SA_TODO|61
10:49:11.0 (13190491)|STATEMENT_EXECUTE|[24]
10:49:11.0 (13192716)|HEAP_ALLOCATE|[24]|Bytes:4
10:49:11.0 (13198200)|VARIABLE_ASSIGNMENT|[24]|auMainTopCompCtrl.TYPE_SCREEN_HONBU_DIRECT|71
10:49:11.0 (13201768)|STATEMENT_EXECUTE|[25]
10:49:11.0 (13203885)|HEAP_ALLOCATE|[25]|Bytes:4
10:49:11.0 (13209322)|VARIABLE_ASSIGNMENT|[25]|auMainTopCompCtrl.TYPE_SCREEN_ACCOUNT_LIST|81
10:49:11.0 (13212911)|STATEMENT_EXECUTE|[26]
10:49:11.0 (13215081)|HEAP_ALLOCATE|[26]|Bytes:4
10:49:11.0 (13220252)|VARIABLE_ASSIGNMENT|[26]|auMainTopCompCtrl.TYPE_SCREEN_ACTIVITY_LIST|82
10:49:11.0 (13224003)|STATEMENT_EXECUTE|[27]
10:49:11.0 (13226105)|HEAP_ALLOCATE|[27]|Bytes:4
10:49:11.0 (13231541)|VARIABLE_ASSIGNMENT|[27]|auMainTopCompCtrl.TYPE_SCREEN_FILE_LIST|83
10:49:11.0 (13238898)|METHOD_EXIT|[1]|auMainTopCompCtrl
10:49:11.0 (13251495)|HEAP_ALLOCATE|[EXTERNAL]|Bytes:40
10:49:11.0 (13260136)|VARIABLE_SCOPE_BEGIN|[80]|this|auMainTopCompCtrl|true|false
10:49:11.0 (13330784)|VARIABLE_ASSIGNMENT|[80]|this|{"currentUser":"0x5ecc77f7","iTypeOfScreen":54,"urlReportsSFA":"https://cs6.lightnin (84 more) ..."}|0x3c0e8f0f
10:49:11.0 (13343590)|STATEMENT_EXECUTE|[80]
10:49:11.0 (13345197)|STATEMENT_EXECUTE|[81]
10:49:11.0 (13410273)|VARIABLE_ASSIGNMENT|[EXTERNAL]|this|{"currentUser":"0x5ecc77f7","iTypeOfScreen":54,"urlReportsSFA":"https://cs6.lightnin (84 more) ..."}|0x3c0e8f0f
10:49:11.0 (13472412)|VARIABLE_ASSIGNMENT|[EXTERNAL]|this|{"currentUser":"0x5ecc77f7","iTypeOfScreen":54,"urlReportsSFA":"https://cs6.lightnin (84 more) ..."}|0x3c0e8f0f
10:49:11.0 (13523161)|VARIABLE_ASSIGNMENT|[EXTERNAL]|this|{"currentUser":"0x5ecc77f7","iTypeOfScreen":54,"urlReportsSFA":"https://cs6.lightnin (84 more) ..."}|0x3c0e8f0f
10:49:11.0 (13566079)|VARIABLE_ASSIGNMENT|[EXTERNAL]|this|{"currentUser":"0x5ecc77f7","iTypeOfScreen":54,"urlReportsSFA":"https://cs6.lightnin (84 more) ..."}|0x3c0e8f0f
10:49:11.0 (13586845)|HEAP_ALLOCATE|[81]|Bytes:5
10:49:11.0 (13697393)|SYSTEM_MODE_ENTER|true
10:49:11.0 (13735062)|HEAP_ALLOCATE|[EXTERNAL]|Bytes:40
10:49:11.0 (13743413)|VARIABLE_SCOPE_BEGIN|[99]|this|auMainTopCompCtrl|true|false
10:49:11.0 (13773479)|VARIABLE_ASSIGNMENT|[99]|this|{"currentUser":"0x5ecc77f7","iTypeOfScreen":54,"urlReportsSFA":"https://cs6.lightnin (84 more) ..."}|0x3c0e8f0f
10:49:11.0 (13782787)|STATEMENT_EXECUTE|[99]
10:49:11.0 (13784529)|STATEMENT_EXECUTE|[100]
10:49:11.0 (13815391)|VARIABLE_ASSIGNMENT|[EXTERNAL]|this|{"currentUser":"0x5ecc77f7","iTypeOfScreen":54,"urlReportsSFA":"https://cs6.lightnin (84 more) ..."}|0x3c0e8f0f
10:49:11.0 (13830436)|HEAP_ALLOCATE|[100]|Bytes:5
10:49:11.0 (13920556)|SYSTEM_MODE_ENTER|true
10:49:11.0 (13944195)|HEAP_ALLOCATE|[EXTERNAL]|Bytes:40
10:49:11.0 (13954646)|VARIABLE_ASSIGNMENT|[EXTERNAL]|this.iCountComments|null|0x3c0e8f0f
10:49:11.0 (13999126)|SYSTEM_MODE_ENTER|true
10:49:11.0 (14012513)|HEAP_ALLOCATE|[EXTERNAL]|Bytes:40
10:49:11.0 (14020622)|VARIABLE_ASSIGNMENT|[EXTERNAL]|this.iCountLikes|null|0x3c0e8f0f
10:49:11.0 (14116519)|SYSTEM_MODE_ENTER|true
10:49:11.0 (14155930)|HEAP_ALLOCATE|[EXTERNAL]|Bytes:26
10:49:11.0 (14167240)|HEAP_ALLOCATE|[EXTERNAL]|Bytes:460
10:49:11.0 (14174205)|HEAP_ALLOCATE|[EXTERNAL]|Bytes:113
10:49:11.0 (14180094)|HEAP_ALLOCATE|[EXTERNAL]|Bytes:39
10:49:11.0 (14186302)|HEAP_ALLOCATE|[EXTERNAL]|Bytes:3
10:49:11.0 (14199576)|VARIABLE_ASSIGNMENT|[EXTERNAL]|saDailyReportCtrl.SOURCE|"src"
10:49:11.0 (14207098)|HEAP_ALLOCATE|[EXTERNAL]|Bytes:2
10:49:11.0 (14214102)|VARIABLE_ASSIGNMENT|[EXTERNAL]|saDailyReportCtrl.SOURCE_ID|"id"
10:49:11.0 (14222762)|METHOD_ENTRY|[1]|01pN0000000aE0W|saDailyReportCtrl.saDailyReportCtrl()
10:49:11.0 (14227970)|STATEMENT_EXECUTE|[1]
10:49:11.0 (14231313)|STATEMENT_EXECUTE|[1]
10:49:11.0 (14239433)|SYSTEM_MODE_ENTER|false
10:49:11.0 (14247004)|HEAP_ALLOCATE|[EXTERNAL]|Bytes:5
10:49:11.0 (14251696)|STATEMENT_EXECUTE|[651]
10:49:11.0 (14253731)|STATEMENT_EXECUTE|[678]
10:49:11.0 (14259301)|SYSTEM_MODE_EXIT|false
10:49:11.0 (14266147)|METHOD_EXIT|[1]|saDailyReportCtrl
10:49:11.0 (14271650)|HEAP_ALLOCATE|[EXTERNAL]|Bytes:76
10:49:11.0 (14276372)|VARIABLE_SCOPE_BEGIN|[92]|this|saDailyReportCtrl|true|false
10:49:11.0 (14594885)|VARIABLE_ASSIGNMENT|[92]|this|{"BusinessLocationName":"","currentInquiryReply":"0x2c960861","currentInquiryReplyDetail":"0x2d0b5c68","dailyReportId":"a0IN0000006RUllMAG","dCurrentDay":"2018-06-30T00:00:00Z","dCurrentMonth":"2018-07-01T00:00:00Z","iCurrentDay":0,"idBusinessLocation":"","isIPhone":false,"isPreview":true,"lsBusinessLocation":"0x4387b72d","messageError":"","messageQuestion":"","mpQuestions":"0x17386299","myUser":"0xb71b51f","sourceOfTheCall":"preview"}|0x11d8b662
10:49:11.0 (14615269)|SYSTEM_MODE_ENTER|false
10:49:11.0 (14622043)|HEAP_ALLOCATE|[92]|Bytes:5
10:49:11.0 (14628156)|STATEMENT_EXECUTE|[92]
10:49:11.0 (14629924)|STATEMENT_EXECUTE|[92]
10:49:11.0 (14635298)|SYSTEM_MODE_EXIT|false
10:49:11.0 (14695591)|SYSTEM_MODE_ENTER|true
10:49:11.0 (14714469)|HEAP_ALLOCATE|[EXTERNAL]|Bytes:8
10:49:11.0 (14719242)|HEAP_ALLOCATE|[EXTERNAL]|Bytes:40
10:49:11.0 (14728052)|VARIABLE_ASSIGNMENT|[EXTERNAL]|this.iTypeOfScreen|54|0x3c0e8f0f
10:49:11.0 (14877919)|SYSTEM_MODE_ENTER|true
10:49:11.0 (14971390)|SYSTEM_MODE_ENTER|true
10:49:11.0 (15052875)|SYSTEM_MODE_ENTER|true
10:49:11.0 (15254020)|SYSTEM_MODE_ENTER|true
10:49:11.0 (16528900)|SYSTEM_MODE_ENTER|true
10:49:11.0 (18515419)|SYSTEM_MODE_ENTER|true
10:49:11.0 (18566104)|SYSTEM_MODE_ENTER|true
10:49:11.0 (18605052)|SYSTEM_MODE_ENTER|true
10:49:11.0 (18641712)|SYSTEM_MODE_ENTER|true
10:49:11.0 (18676866)|SYSTEM_MODE_ENTER|true
10:49:11.0 (18728281)|SYSTEM_MODE_ENTER|true
10:49:11.0 (18763515)|HEAP_ALLOCATE|[EXTERNAL]|Bytes:40
10:49:11.0 (18770801)|VARIABLE_SCOPE_BEGIN|[80]|this|auMainTopCompCtrl|true|false
10:49:11.0 (18807278)|VARIABLE_ASSIGNMENT|[80]|this|{"currentUser":"0x5ecc77f7","iTypeOfScreen":54,"urlReportsSFA":"https://cs6.lightnin (84 more) ..."}|0x3c0e8f0f
10:49:11.0 (18816985)|STATEMENT_EXECUTE|[80]
10:49:11.0 (18819053)|STATEMENT_EXECUTE|[81]
10:49:11.0 (18849831)|VARIABLE_ASSIGNMENT|[EXTERNAL]|this|{"currentUser":"0x5ecc77f7","iTypeOfScreen":54,"urlReportsSFA":"https://cs6.lightnin (84 more) ..."}|0x3c0e8f0f
10:49:11.0 (18885695)|VARIABLE_ASSIGNMENT|[EXTERNAL]|this|{"currentUser":"0x5ecc77f7","iTypeOfScreen":54,"urlReportsSFA":"https://cs6.lightnin (84 more) ..."}|0x3c0e8f0f
10:49:11.0 (18926836)|VARIABLE_ASSIGNMENT|[EXTERNAL]|this|{"currentUser":"0x5ecc77f7","iTypeOfScreen":54,"urlReportsSFA":"https://cs6.lightnin (84 more) ..."}|0x3c0e8f0f
10:49:11.0 (18960475)|VARIABLE_ASSIGNMENT|[EXTERNAL]|this|{"currentUser":"0x5ecc77f7","iTypeOfScreen":54,"urlReportsSFA":"https://cs6.lightnin (84 more) ..."}|0x3c0e8f0f
10:49:11.0 (18973358)|HEAP_ALLOCATE|[81]|Bytes:5
10:49:11.0 (19026384)|SYSTEM_MODE_ENTER|true
10:49:11.0 (19056341)|HEAP_ALLOCATE|[EXTERNAL]|Bytes:40
10:49:11.0 (19062570)|VARIABLE_SCOPE_BEGIN|[99]|this|auMainTopCompCtrl|true|false
10:49:11.0 (19090772)|VARIABLE_ASSIGNMENT|[99]|this|{"currentUser":"0x5ecc77f7","iTypeOfScreen":54,"urlReportsSFA":"https://cs6.lightnin (84 more) ..."}|0x3c0e8f0f
10:49:11.0 (19100137)|STATEMENT_EXECUTE|[99]
10:49:11.0 (19101903)|STATEMENT_EXECUTE|[100]
10:49:11.0 (19126611)|VARIABLE_ASSIGNMENT|[EXTERNAL]|this|{"currentUser":"0x5ecc77f7","iTypeOfScreen":54,"urlReportsSFA":"https://cs6.lightnin (84 more) ..."}|0x3c0e8f0f
10:49:11.0 (19139477)|HEAP_ALLOCATE|[100]|Bytes:5
10:49:11.0 (22059572)|SYSTEM_MODE_ENTER|true
10:49:11.0 (22083091)|HEAP_ALLOCATE|[EXTERNAL]|Bytes:16
10:49:11.0 (22088951)|HEAP_ALLOCATE|[EXTERNAL]|Bytes:76
10:49:11.0 (22100808)|VARIABLE_ASSIGNMENT|[EXTERNAL]|this.messageError|"正しいデーターを入れてください。"|0x11d8b662
10:49:11.0 (22133970)|SYSTEM_MODE_ENTER|true
10:49:11.0 (22148253)|HEAP_ALLOCATE|[EXTERNAL]|Bytes:76
10:49:11.0 (22156353)|VARIABLE_ASSIGNMENT|[EXTERNAL]|this.messageQuestion|""|0x11d8b662
10:49:11.0 (22183299)|SYSTEM_MODE_ENTER|true
10:49:11.0 (22197009)|HEAP_ALLOCATE|[EXTERNAL]|Bytes:5
10:49:11.0 (22200987)|HEAP_ALLOCATE|[EXTERNAL]|Bytes:76
10:49:11.0 (22208084)|VARIABLE_ASSIGNMENT|[EXTERNAL]|this.isPreview|true|0x11d8b662
10:49:11.0 (22231609)|SYSTEM_MODE_ENTER|true
10:49:11.0 (22243626)|HEAP_ALLOCATE|[EXTERNAL]|Bytes:76
10:49:11.0 (22250768)|VARIABLE_ASSIGNMENT|[EXTERNAL]|this.idBusinessLocation|""|0x11d8b662
10:49:11.0 (22273080)|SYSTEM_MODE_ENTER|true
10:49:11.0 (22284396)|HEAP_ALLOCATE|[EXTERNAL]|Bytes:8
10:49:11.0 (22288218)|HEAP_ALLOCATE|[EXTERNAL]|Bytes:76
10:49:11.0 (22294753)|VARIABLE_ASSIGNMENT|[EXTERNAL]|this.iCurrentDay|0|0x11d8b662
10:49:11.0 (22376537)|SYSTEM_MODE_ENTER|true
10:49:11.0 (22389848)|HEAP_ALLOCATE|[EXTERNAL]|Bytes:40
10:49:11.0 (22398282)|VARIABLE_ASSIGNMENT|[EXTERNAL]|this.iCountComments|null|0x3c0e8f0f
10:49:11.0 (22429384)|SYSTEM_MODE_ENTER|true
10:49:11.0 (22440362)|HEAP_ALLOCATE|[EXTERNAL]|Bytes:40
10:49:11.0 (22446954)|VARIABLE_ASSIGNMENT|[EXTERNAL]|this.iCountLikes|null|0x3c0e8f0f
10:49:11.0 (22483394)|SYSTEM_MODE_ENTER|true
10:49:11.0 (22517367)|HEAP_ALLOCATE|[EXTERNAL]|Bytes:76
10:49:11.0 (22523854)|VARIABLE_SCOPE_BEGIN|[92]|this|saDailyReportCtrl|true|false
10:49:11.0 (22694163)|VARIABLE_ASSIGNMENT|[92]|this|{"BusinessLocationName":"","currentInquiryReply":"0x2c960861","currentInquiryReplyDetail":"0x2d0b5c68","dailyReportId":"a0IN0000006RUllMAG","dCurrentDay":"2018-06-30T00:00:00Z","dCurrentMonth":"2018-07-01T00:00:00Z","iCurrentDay":0,"idBusinessLocation":"","isIPhone":false,"isPreview":true,"lsBusinessLocation":"0x4387b72d","messageError":"正しいデーターを入れてください。","messageQuestion":"","mpQuestions":"0x17386299","myUser":"0xb71b51f","sourceOfTheCall":"preview"}|0x11d8b662
10:49:11.0 (22713870)|SYSTEM_MODE_ENTER|false
10:49:11.0 (22720612)|HEAP_ALLOCATE|[92]|Bytes:5
10:49:11.0 (22726003)|STATEMENT_EXECUTE|[92]
10:49:11.0 (22727834)|STATEMENT_EXECUTE|[92]
10:49:11.0 (22732518)|SYSTEM_MODE_EXIT|false
10:49:11.0 (22776753)|SYSTEM_MODE_ENTER|true
10:49:11.0 (22792438)|HEAP_ALLOCATE|[EXTERNAL]|Bytes:8
10:49:11.0 (22797017)|HEAP_ALLOCATE|[EXTERNAL]|Bytes:40
10:49:11.0 (22805950)|VARIABLE_ASSIGNMENT|[EXTERNAL]|this.iTypeOfScreen|54|0x3c0e8f0f
10:49:11.0 (22953847)|SYSTEM_MODE_ENTER|true
10:49:11.0 (25442970)|HEAP_ALLOCATE|[EXTERNAL]|Bytes:76
10:49:11.0 (25454075)|VARIABLE_SCOPE_BEGIN|[199]|this|saDailyReportCtrl|true|false
10:49:11.0 (25624083)|VARIABLE_ASSIGNMENT|[199]|this|{"BusinessLocationName":"","currentInquiryReply":"0x2c960861","currentInquiryReplyDetail":"0x2d0b5c68","dailyReportId":"a0IN0000006RUllMAG","dCurrentDay":"2018-06-30T00:00:00Z","dCurrentMonth":"2018-07-01T00:00:00Z","iCurrentDay":0,"idBusinessLocation":"","isIPhone":false,"isPreview":true,"lsBusinessLocation":"0x4387b72d","messageError":"正しいデーターを入れてください。","messageQuestion":"","mpQuestions":"0x17386299","myUser":"0xb71b51f","sourceOfTheCall":"preview"}|0x11d8b662
10:49:11.0 (25645684)|SYSTEM_MODE_ENTER|false
10:49:11.0 (25653211)|HEAP_ALLOCATE|[201]|Bytes:5
10:49:11.0 (25659369)|STATEMENT_EXECUTE|[199]
10:49:11.0 (25661251)|STATEMENT_EXECUTE|[201]
10:49:11.0 (25821438)|VARIABLE_ASSIGNMENT|[EXTERNAL]|this|{"BusinessLocationName":"","currentInquiryReply":"0x2c960861","currentInquiryReplyDetail":"0x2d0b5c68","dailyReportId":"a0IN0000006RUllMAG","dCurrentDay":"2018-06-30T00:00:00Z","dCurrentMonth":"2018-07-01T00:00:00Z","iCurrentDay":0,"idBusinessLocation":"","isIPhone":false,"isPreview":true,"lsBusinessLocation":"0x4387b72d","messageError":"正しいデーターを入れてください。","messageQuestion":"","mpQuestions":"0x17386299","myUser":"0xb71b51f","sourceOfTheCall":"preview"}|0x11d8b662
10:49:11.0 (25838605)|VARIABLE_ASSIGNMENT|[EXTERNAL]|value|""
10:49:11.0 (25850214)|VARIABLE_ASSIGNMENT|[6]|this.messageError|""|0x11d8b662
10:49:11.0 (25862390)|STATEMENT_EXECUTE|[202]
10:49:11.0 (26007099)|VARIABLE_ASSIGNMENT|[EXTERNAL]|this|{"BusinessLocationName":"","currentInquiryReply":"0x2c960861","currentInquiryReplyDetail":"0x2d0b5c68","dailyReportId":"a0IN0000006RUllMAG","dCurrentDay":"2018-06-30T00:00:00Z","dCurrentMonth":"2018-07-01T00:00:00Z","iCurrentDay":0,"idBusinessLocation":"","isIPhone":false,"isPreview":true,"lsBusinessLocation":"0x4387b72d","messageError":"","messageQuestion":"","mpQuestions":"0x17386299","myUser":"0xb71b51f","sourceOfTheCall":"preview"}|0x11d8b662
10:49:11.0 (26023162)|VARIABLE_ASSIGNMENT|[EXTERNAL]|value|""
10:49:11.0 (26033262)|VARIABLE_ASSIGNMENT|[7]|this.messageQuestion|""|0x11d8b662
10:49:11.0 (26042823)|STATEMENT_EXECUTE|[204]
10:49:11.0 (26044624)|STATEMENT_EXECUTE|[204]
10:49:11.0 (26046105)|STATEMENT_EXECUTE|[206]
10:49:11.0 (26235628)|VARIABLE_ASSIGNMENT|[EXTERNAL]|this|{"BusinessLocationName":"","currentInquiryReply":"0x2c960861","currentInquiryReplyDetail":"0x2d0b5c68","dailyReportId":"a0IN0000006RUllMAG","dCurrentDay":"2018-06-30T00:00:00Z","dCurrentMonth":"2018-07-01T00:00:00Z","iCurrentDay":0,"idBusinessLocation":"","isIPhone":false,"isPreview":true,"lsBusinessLocation":"0x4387b72d","messageError":"","messageQuestion":"","mpQuestions":"0x17386299","myUser":"0xb71b51f","sourceOfTheCall":"preview"}|0x11d8b662
10:49:11.0 (26291498)|HEAP_ALLOCATE|[206]|Bytes:4
10:49:11.0 (26325468)|VARIABLE_ASSIGNMENT|[206]|this.dCurrentDay|"2018-06-30T00:00:00.000Z"|0x11d8b662
10:49:11.0 (26332173)|STATEMENT_EXECUTE|[208]
10:49:11.0 (26346661)|HEAP_ALLOCATE|[208]|Bytes:4
10:49:11.0 (26558459)|VARIABLE_ASSIGNMENT|[EXTERNAL]|this|{"BusinessLocationName":"","currentInquiryReply":"0x2c960861","currentInquiryReplyDetail":"0x2d0b5c68","dailyReportId":"a0IN0000006RUllMAG","dCurrentDay":"2018-06-30T00:00:00Z","dCurrentMonth":"2018-07-01T00:00:00Z","iCurrentDay":0,"idBusinessLocation":"","isIPhone":false,"isPreview":true,"lsBusinessLocation":"0x4387b72d","messageError":"","messageQuestion":"","mpQuestions":"0x17386299","myUser":"0xb71b51f","sourceOfTheCall":"preview"}|0x11d8b662
10:49:11.0 (26574599)|HEAP_ALLOCATE|[EXTERNAL]|Bytes:4
10:49:11.0 (26586683)|VARIABLE_ASSIGNMENT|[EXTERNAL]|value|[]|0x3eb60b9d
10:49:11.0 (26598057)|VARIABLE_ASSIGNMENT|[22]|this.currentInquiryReplyDetail|[]|0x11d8b662
10:49:11.0 (26608680)|STATEMENT_EXECUTE|[209]
10:49:11.0 (26620437)|HEAP_ALLOCATE|[209]|Bytes:4
10:49:11.0 (26791460)|VARIABLE_ASSIGNMENT|[EXTERNAL]|this|{"BusinessLocationName":"","currentInquiryReply":"0x2c960861","currentInquiryReplyDetail":"0x3eb60b9d","dailyReportId":"a0IN0000006RUllMAG","dCurrentDay":"2018-06-30T00:00:00Z","dCurrentMonth":"2018-07-01T00:00:00Z","iCurrentDay":0,"idBusinessLocation":"","isIPhone":false,"isPreview":true,"lsBusinessLocation":"0x4387b72d","messageError":"","messageQuestion":"","mpQuestions":"0x17386299","myUser":"0xb71b51f","sourceOfTheCall":"preview"}|0x11d8b662
10:49:11.0 (26811310)|VARIABLE_ASSIGNMENT|[EXTERNAL]|value|{}|0x2d6a6198
10:49:11.0 (26822712)|VARIABLE_ASSIGNMENT|[24]|this.mpQuestions|{}|0x11d8b662
10:49:11.0 (26832577)|STATEMENT_EXECUTE|[211]
10:49:11.0 (26977735)|VARIABLE_ASSIGNMENT|[EXTERNAL]|this|{"BusinessLocationName":"","currentInquiryReply":"0x2c960861","currentInquiryReplyDetail":"0x3eb60b9d","dailyReportId":"a0IN0000006RUllMAG","dCurrentDay":"2018-06-30T00:00:00Z","dCurrentMonth":"2018-07-01T00:00:00Z","iCurrentDay":0,"idBusinessLocation":"","isIPhone":false,"isPreview":true,"lsBusinessLocation":"0x4387b72d","messageError":"","messageQuestion":"","mpQuestions":"0x2d6a6198","myUser":"0xb71b51f","sourceOfTheCall":"preview"}|0x11d8b662
10:49:11.0 (26993318)|VARIABLE_ASSIGNMENT|[EXTERNAL]|value|""
10:49:11.0 (27002924)|VARIABLE_ASSIGNMENT|[23]|this.BusinessLocationName|""|0x11d8b662
10:49:11.0 (27016346)|HEAP_ALLOCATE|[212]|Bytes:81
10:49:11.0 (27030579)|HEAP_ALLOCATE|[212]|Bytes:4
10:49:11.0 (27038713)|HEAP_ALLOCATE|[212]|Bytes:7
10:49:11.0 (27181953)|VARIABLE_ASSIGNMENT|[EXTERNAL]|this|{"BusinessLocationName":"","currentInquiryReply":"0x2c960861","currentInquiryReplyDetail":"0x3eb60b9d","dailyReportId":"a0IN0000006RUllMAG","dCurrentDay":"2018-06-30T00:00:00Z","dCurrentMonth":"2018-07-01T00:00:00Z","iCurrentDay":0,"idBusinessLocation":"","isIPhone":false,"isPreview":true,"lsBusinessLocation":"0x4387b72d","messageError":"","messageQuestion":"","mpQuestions":"0x2d6a6198","myUser":"0xb71b51f","sourceOfTheCall":"preview"}|0x11d8b662
10:49:11.0 (27486836)|SOQL_EXECUTE_BEGIN|[212]|Aggregations:0|SELECT Id, BusinessLocationName__c FROM saBusinessLocation__c 
10:49:11.0 (28856915)|SOQL_EXECUTE_END|[212]|Rows:0
10:49:11.0 (29021029)|HEAP_ALLOCATE|[212]|Bytes:54
10:49:11.0 (29031187)|HEAP_ALLOCATE|[212]|Bytes:8
10:49:11.0 (29056774)|SYSTEM_METHOD_ENTRY|[7]|QueryLocatorIterator.QueryLocatorIterator()
10:49:11.0 (29061786)|STATEMENT_EXECUTE|[7]
10:49:11.0 (29068742)|SYSTEM_METHOD_EXIT|[7]|QueryLocatorIterator
10:49:11.0 (29076230)|HEAP_ALLOCATE|[212]|Bytes:28
10:49:11.0 (29092337)|HEAP_ALLOCATE|[212]|Bytes:8
10:49:11.0 (29096083)|HEAP_ALLOCATE|[212]|Bytes:8
10:49:11.0 (29100744)|VARIABLE_SCOPE_BEGIN|[15]|this|Database.QueryLocatorIterator|true|false
10:49:11.0 (29128122)|VARIABLE_ASSIGNMENT|[15]|this|{}|0x3935be16
10:49:11.0 (29135229)|VARIABLE_SCOPE_BEGIN|[15]|values|List<SObject>|true|false
10:49:11.0 (29142915)|VARIABLE_ASSIGNMENT|[15]|values|null|
10:49:11.0 (29146844)|VARIABLE_SCOPE_BEGIN|[15]|ql|Database.QueryLocator|true|false
10:49:11.0 (29167837)|VARIABLE_ASSIGNMENT|[15]|ql|{"query":"SELECT Id, BusinessL (61 more) ..."}|0x1320af39
10:49:11.0 (29173910)|VARIABLE_SCOPE_BEGIN|[15]|totalNumRecords|Integer|false|false
10:49:11.0 (29184105)|VARIABLE_ASSIGNMENT|[15]|totalNumRecords|0
10:49:11.0 (29188905)|VARIABLE_SCOPE_BEGIN|[15]|queryMoreSize|Integer|false|false
10:49:11.0 (29195695)|VARIABLE_ASSIGNMENT|[15]|queryMoreSize|50000
10:49:11.0 (29268009)|HEAP_ALLOCATE|[212]|Bytes:28
10:49:11.0 (29288115)|METHOD_ENTRY|[212]||Database.QueryLocatorIterator.hasNext()
10:49:11.0 (29308361)|METHOD_EXIT|[212]||Database.QueryLocatorIterator.hasNext()
10:49:11.0 (29351566)|VARIABLE_ASSIGNMENT|[212]|bl|null|
10:49:11.0 (29362291)|STATEMENT_EXECUTE|[212]
10:49:11.0 (29383257)|STATEMENT_EXECUTE|[219]
10:49:11.0 (29388397)|HEAP_ALLOCATE|[219]|Bytes:195
10:49:11.0 (29406522)|HEAP_ALLOCATE|[219]|Bytes:4
10:49:11.0 (29435282)|HEAP_ALLOCATE|[219]|Bytes:7
10:49:11.0 (29468843)|HEAP_ALLOCATE|[223]|Bytes:89
10:49:11.0 (29478481)|SYSTEM_METHOD_ENTRY|[1]|UserInfo.UserInfo()
10:49:11.0 (29482355)|STATEMENT_EXECUTE|[1]
10:49:11.0 (29487358)|SYSTEM_METHOD_EXIT|[1]|UserInfo
10:49:11.0 (29497555)|METHOD_ENTRY|[223]||System.UserInfo.getUserId()
10:49:11.0 (29533214)|METHOD_EXIT|[223]||System.UserInfo.getUserId()
10:49:11.0 (30014576)|SOQL_EXECUTE_BEGIN|[219]|Aggregations:0|SELECT Id, saBusinessLocation__c, Status__c, saInquiry__c, Comment__c FROM saInquiryReply__c WHERE (saInquiry__r.Type__c = 'DAILY_REPORT' AND DailyReportDate__c = :tmpVar1 AND User__c = :tmpVar2)
10:49:11.0 (36247556)|SOQL_EXECUTE_END|[219]|Rows:0
10:49:11.0 (36271058)|HEAP_ALLOCATE|[219]|Bytes:4
10:49:11.0 (36284531)|HEAP_ALLOCATE|[219]|Bytes:0
10:49:11.0 (36343139)|HEAP_ALLOCATE|[219]|Bytes:4
10:49:11.0 (36355348)|VARIABLE_SCOPE_BEGIN|[219]|lsInqRep|List<saInquiryReply__c>|true|false
10:49:11.0 (36372151)|VARIABLE_ASSIGNMENT|[219]|lsInqRep|[]|0x732d9e4b
10:49:11.0 (36428310)|STATEMENT_EXECUTE|[225]
10:49:11.0 (36430925)|STATEMENT_EXECUTE|[227]
10:49:11.0 (36435138)|HEAP_ALLOCATE|[227]|Bytes:207
10:49:11.0 (36449347)|HEAP_ALLOCATE|[227]|Bytes:4
10:49:11.0 (36640432)|VARIABLE_ASSIGNMENT|[EXTERNAL]|this|{"BusinessLocationName":"","currentInquiryReply":"0x2c960861","currentInquiryReplyDetail":"0x3eb60b9d","dailyReportId":"a0IN0000006RUllMAG","dCurrentDay":"2018-06-30T00:00:00Z","dCurrentMonth":"2018-07-01T00:00:00Z","iCurrentDay":0,"idBusinessLocation":"","isIPhone":false,"isPreview":true,"lsBusinessLocation":"0x4387b72d","messageError":"","messageQuestion":"","mpQuestions":"0x2d6a6198","myUser":"0xb71b51f","sourceOfTheCall":"preview"}|0x11d8b662
10:49:11.0 (36667933)|HEAP_ALLOCATE|[227]|Bytes:7
10:49:11.0 (36677336)|METHOD_ENTRY|[232]||System.UserInfo.getUserId()
10:49:11.0 (36697843)|METHOD_EXIT|[232]||System.UserInfo.getUserId()
10:49:11.0 (37013048)|SOQL_EXECUTE_BEGIN|[227]|Aggregations:0|SELECT Id, saBusinessLocation__c, Status__c FROM saInquiryReply__c WHERE (saInquiry__r.Type__c = 'DAILY_REPORT' AND DailyReportDate__c = :tmpVar1 AND saBusinessLocation__c = :tmpVar2 AND User__c != :tmpVar3)
10:49:11.0 (39583589)|SOQL_EXECUTE_END|[227]|Rows:0
10:49:11.0 (39605766)|HEAP_ALLOCATE|[227]|Bytes:4
10:49:11.0 (39618871)|HEAP_ALLOCATE|[227]|Bytes:0
10:49:11.0 (39641620)|HEAP_ALLOCATE|[227]|Bytes:4
10:49:11.0 (39651996)|VARIABLE_SCOPE_BEGIN|[227]|lsInqOtherPeople|List<saInquiryReply__c>|true|false
10:49:11.0 (39667695)|VARIABLE_ASSIGNMENT|[227]|lsInqOtherPeople|[]|0x1eb13e30
10:49:11.0 (39700479)|STATEMENT_EXECUTE|[234]
10:49:11.0 (39702976)|STATEMENT_EXECUTE|[240]
10:49:11.0 (39705705)|VARIABLE_SCOPE_BEGIN|[240]|lsTemplate|List<saInquiryReply__c>|true|false
10:49:11.0 (39715889)|VARIABLE_ASSIGNMENT|[240]|lsTemplate|null|
10:49:11.0 (39888373)|VARIABLE_ASSIGNMENT|[EXTERNAL]|this|{"BusinessLocationName":"","currentInquiryReply":"0x2c960861","currentInquiryReplyDetail":"0x3eb60b9d","dailyReportId":"a0IN0000006RUllMAG","dCurrentDay":"2018-06-30T00:00:00Z","dCurrentMonth":"2018-07-01T00:00:00Z","iCurrentDay":0,"idBusinessLocation":"","isIPhone":false,"isPreview":true,"lsBusinessLocation":"0x4387b72d","messageError":"","messageQuestion":"","mpQuestions":"0x2d6a6198","myUser":"0xb71b51f","sourceOfTheCall":"preview"}|0x11d8b662
10:49:11.0 (39915578)|STATEMENT_EXECUTE|[252]
10:49:11.0 (39917792)|STATEMENT_EXECUTE|[253]
10:49:11.0 (39921610)|HEAP_ALLOCATE|[253]|Bytes:393
10:49:11.0 (39936175)|HEAP_ALLOCATE|[253]|Bytes:4
10:49:11.0 (39965949)|METHOD_ENTRY|[259]||System.UserInfo.getUserId()
10:49:11.0 (39987704)|METHOD_EXIT|[259]||System.UserInfo.getUserId()
10:49:11.0 (40482681)|SOQL_EXECUTE_BEGIN|[253]|Aggregations:0|SELECT Id, saBusinessLocation__c, Status__c, saInquiry__c, Comment__c FROM saInquiryReply__c WHERE (saInquiry__r.Type__c = 'DAILY_REPORT' AND (saInquiry__r.ValidFrom__c = NULL OR saInquiry__r.ValidFrom__c <= :tmpVar1) AND (saInquiry__r.ValidTo__c = NULL OR saInquiry__r.ValidTo__c >= :tmpVar2) AND DailyReportDate__c = NULL AND User__c = :tmpVar3) ORDER BY CreatedDate DESC NULLS FIRST LIMIT 1
10:49:11.0 (44625717)|SOQL_EXECUTE_END|[253]|Rows:1
10:49:11.0 (44645245)|HEAP_ALLOCATE|[253]|Bytes:8
10:49:11.0 (44659526)|HEAP_ALLOCATE|[253]|Bytes:89
10:49:11.0 (44681779)|HEAP_ALLOCATE|[253]|Bytes:8
10:49:11.0 (44709762)|VARIABLE_ASSIGNMENT|[253]|lsTemplate|[{"Id":"a0KN0000007Kg4nMAC","Status__c":"WAITING_REPLY","saInquiry__c":"a0IN0000006RUllMAG"}]|0x4a28d6c6
10:49:11.0 (44717273)|STATEMENT_EXECUTE|[264]
10:49:11.0 (44721451)|HEAP_ALLOCATE|[264]|Bytes:11
10:49:11.0 (44816305)|HEAP_ALLOCATE|[264]|Bytes:101
10:49:11.0 (44840685)|HEAP_ALLOCATE|[264]|Bytes:112
10:49:11.0 (44860713)|USER_DEBUG|[264]|DEBUG|Template : (saInquiryReply__c:{Id=a0KN0000007Kg4nMAC, Status__c=WAITING_REPLY, saInquiry__c=a0IN0000006RUllMAG})
10:49:11.0 (44888968)|STATEMENT_EXECUTE|[265]
10:49:11.0 (44891447)|STATEMENT_EXECUTE|[271]
10:49:11.0 (44906188)|HEAP_ALLOCATE|[271]|Bytes:16
10:49:11.0 (44954081)|VARIABLE_SCOPE_BEGIN|[271]|idInquiry|Id|false|false
10:49:11.0 (45027923)|VARIABLE_ASSIGNMENT|[271]|idInquiry|"a0IN0000006RUllMAG"
10:49:11.0 (45035974)|STATEMENT_EXECUTE|[272]
10:49:11.0 (45054076)|HEAP_ALLOCATE|[272]|Bytes:4
10:49:11.0 (45312734)|VARIABLE_ASSIGNMENT|[EXTERNAL]|this|{"BusinessLocationName":"","currentInquiryReply":"0x2c960861","currentInquiryReplyDetail":"0x3eb60b9d","dailyReportId":"a0IN0000006RUllMAG","dCurrentDay":"2018-06-30T00:00:00Z","dCurrentMonth":"2018-07-01T00:00:00Z","iCurrentDay":0,"idBusinessLocation":"","isIPhone":false,"isPreview":true,"lsBusinessLocation":"0x4387b72d","messageError":"","messageQuestion":"","mpQuestions":"0x2d6a6198","myUser":"0xb71b51f","sourceOfTheCall":"preview"}|0x11d8b662
10:49:11.0 (45340048)|VARIABLE_ASSIGNMENT|[EXTERNAL]|value|{}|0xd63fe77
10:49:11.0 (45360576)|VARIABLE_ASSIGNMENT|[21]|this.currentInquiryReply|{}|0x11d8b662
10:49:11.0 (45378242)|STATEMENT_EXECUTE|[273]
10:49:11.0 (45566058)|VARIABLE_ASSIGNMENT|[EXTERNAL]|this|{"BusinessLocationName":"","currentInquiryReply":"0xd63fe77","currentInquiryReplyDetail":"0x3eb60b9d","dailyReportId":"a0IN0000006RUllMAG","dCurrentDay":"2018-06-30T00:00:00Z","dCurrentMonth":"2018-07-01T00:00:00Z","iCurrentDay":0,"idBusinessLocation":"","isIPhone":false,"isPreview":true,"lsBusinessLocation":"0x4387b72d","messageError":"","messageQuestion":"","mpQuestions":"0x2d6a6198","myUser":"0xb71b51f","sourceOfTheCall":"preview"}|0x11d8b662
10:49:11.0 (45654984)|VARIABLE_ASSIGNMENT|[273]|this.saInquiry__c|"a0IN0000006RUllMAG"|0xd63fe77
10:49:11.0 (45811653)|VARIABLE_ASSIGNMENT|[EXTERNAL]|this|{"BusinessLocationName":"","currentInquiryReply":"0xd63fe77","currentInquiryReplyDetail":"0x3eb60b9d","dailyReportId":"a0IN0000006RUllMAG","dCurrentDay":"2018-06-30T00:00:00Z","dCurrentMonth":"2018-07-01T00:00:00Z","iCurrentDay":0,"idBusinessLocation":"","isIPhone":false,"isPreview":true,"lsBusinessLocation":"0x4387b72d","messageError":"","messageQuestion":"","mpQuestions":"0x2d6a6198","myUser":"0xb71b51f","sourceOfTheCall":"preview"}|0x11d8b662
10:49:11.0 (45831141)|STATEMENT_EXECUTE|[277]
10:49:11.0 (45833490)|STATEMENT_EXECUTE|[280]
10:49:11.0 (45839244)|METHOD_ENTRY|[280]||System.UserInfo.getUserId()
10:49:11.0 (45860887)|METHOD_EXIT|[280]||System.UserInfo.getUserId()
10:49:11.0 (45875340)|HEAP_ALLOCATE|[280]|Bytes:4
10:49:11.0 (46017675)|VARIABLE_ASSIGNMENT|[EXTERNAL]|this|{"BusinessLocationName":"","currentInquiryReply":"0xd63fe77","currentInquiryReplyDetail":"0x3eb60b9d","dailyReportId":"a0IN0000006RUllMAG","dCurrentDay":"2018-06-30T00:00:00Z","dCurrentMonth":"2018-07-01T00:00:00Z","iCurrentDay":0,"idBusinessLocation":"","isIPhone":false,"isPreview":true,"lsBusinessLocation":"0x4387b72d","messageError":"","messageQuestion":"","mpQuestions":"0x2d6a6198","myUser":"0xb71b51f","sourceOfTheCall":"preview"}|0x11d8b662
10:49:11.0 (46075183)|VARIABLE_ASSIGNMENT|[280]|this.User__c|"005N00000057PfOIAU"|0xd63fe77
10:49:11.0 (46082005)|STATEMENT_EXECUTE|[281]
10:49:11.0 (46228658)|VARIABLE_ASSIGNMENT|[EXTERNAL]|this|{"BusinessLocationName":"","currentInquiryReply":"0xd63fe77","currentInquiryReplyDetail":"0x3eb60b9d","dailyReportId":"a0IN0000006RUllMAG","dCurrentDay":"2018-06-30T00:00:00Z","dCurrentMonth":"2018-07-01T00:00:00Z","iCurrentDay":0,"idBusinessLocation":"","isIPhone":false,"isPreview":true,"lsBusinessLocation":"0x4387b72d","messageError":"","messageQuestion":"","mpQuestions":"0x2d6a6198","myUser":"0xb71b51f","sourceOfTheCall":"preview"}|0x11d8b662
10:49:11.0 (46291125)|VARIABLE_ASSIGNMENT|[281]|this.DailyReportDate__c|"2018-06-30T00:00:00.000Z"|0xd63fe77
10:49:11.0 (46298373)|STATEMENT_EXECUTE|[282]
10:49:11.0 (46302658)|HEAP_ALLOCATE|[282]|Bytes:13
10:49:11.0 (46448238)|VARIABLE_ASSIGNMENT|[EXTERNAL]|this|{"BusinessLocationName":"","currentInquiryReply":"0xd63fe77","currentInquiryReplyDetail":"0x3eb60b9d","dailyReportId":"a0IN0000006RUllMAG","dCurrentDay":"2018-06-30T00:00:00Z","dCurrentMonth":"2018-07-01T00:00:00Z","iCurrentDay":0,"idBusinessLocation":"","isIPhone":false,"isPreview":true,"lsBusinessLocation":"0x4387b72d","messageError":"","messageQuestion":"","mpQuestions":"0x2d6a6198","myUser":"0xb71b51f","sourceOfTheCall":"preview"}|0x11d8b662
10:49:11.0 (46495933)|VARIABLE_ASSIGNMENT|[282]|this.Status__c|"WAITING_REPLY"|0xd63fe77
10:49:11.0 (46502970)|STATEMENT_EXECUTE|[283]
10:49:11.0 (46645137)|VARIABLE_ASSIGNMENT|[EXTERNAL]|this|{"BusinessLocationName":"","currentInquiryReply":"0xd63fe77","currentInquiryReplyDetail":"0x3eb60b9d","dailyReportId":"a0IN0000006RUllMAG","dCurrentDay":"2018-06-30T00:00:00Z","dCurrentMonth":"2018-07-01T00:00:00Z","iCurrentDay":0,"idBusinessLocation":"","isIPhone":false,"isPreview":true,"lsBusinessLocation":"0x4387b72d","messageError":"","messageQuestion":"","mpQuestions":"0x2d6a6198","myUser":"0xb71b51f","sourceOfTheCall":"preview"}|0x11d8b662
10:49:11.0 (46689544)|VARIABLE_ASSIGNMENT|[283]|this.Comment__c|""|0xd63fe77
10:49:11.0 (46696608)|STATEMENT_EXECUTE|[285]
10:49:11.0 (46700312)|HEAP_ALLOCATE|[285]|Bytes:625
10:49:11.0 (46715167)|HEAP_ALLOCATE|[285]|Bytes:4
10:49:11.0 (47237743)|SOQL_EXECUTE_BEGIN|[285]|Aggregations:0|SELECT Id, QuestionLabel__c, AnswerType__c, NumberPossibleReplies__c, IsShortReply__c, SortNo__c, IsRequired__c, Reply01Label__c, Reply02Label__c, Reply03Label__c, Reply04Label__c, Reply05Label__c, Reply06Label__c, Reply07Label__c, Reply08Label__c, Reply09Label__c, Reply10Label__c, Reply11Label__c, Reply12Label__c, Reply13Label__c, Reply14Label__c, Reply15Label__c, Reply16Label__c, Reply17Label__c, Reply18Label__c, Reply19Label__c, Reply20Label__c, Reply21Label__c, Reply22Label__c, Reply23Label__c, Reply24Label__c, Reply25Label__c FROM saInquiryDetail__c WHERE saInquiry__c = :tmpVar1 ORDER BY SortNo__c ASC NULLS FIRST
10:49:11.0 (56507985)|SOQL_EXECUTE_END|[285]|Rows:1
10:49:11.0 (56529509)|HEAP_ALLOCATE|[285]|Bytes:8
10:49:11.0 (56552535)|HEAP_ALLOCATE|[285]|Bytes:282
10:49:11.0 (56599363)|HEAP_ALLOCATE|[285]|Bytes:8
10:49:11.0 (56612905)|VARIABLE_SCOPE_BEGIN|[285]|lsTmpQuest|List<saInquiryDetail__c>|true|false
10:49:11.0 (56648384)|VARIABLE_ASSIGNMENT|[285]|lsTmpQuest|[{"Id":"a0JN0000008h2r2MAA","QuestionLabel__c":"Works?","AnswerType__c":"CHECKBOX","NumberPossibleReplies__c":2,"IsShortReply__c":true,"SortNo__c":0,"IsRequired__c":false,"Reply01Label__c":"Yes!","Reply02Label__c":"No!"}]|0x7e79e2a0
10:49:11.0 (56820754)|HEAP_ALLOCATE|[295]|Bytes:5
10:49:11.0 (56841393)|HEAP_ALLOCATE|[295]|Bytes:40
10:49:11.0 (56851794)|VARIABLE_SCOPE_BEGIN|[295]|quest|saInquiryDetail__c|true|false
10:49:11.0 (56878954)|VARIABLE_ASSIGNMENT|[295]|quest|{"Id":"a0JN0000008h2r2MAA","QuestionLabel__c":"Works?","AnswerType__c":"CHECKBOX","NumberPossibleReplies__c":2,"IsShortReply__c":true,"SortNo__c":0,"IsRequired__c":false,"Reply01Label__c":"Yes!","Reply02Label__c":"No!"}|0x68f45bb6
10:49:11.0 (56888121)|STATEMENT_EXECUTE|[295]
10:49:11.0 (56890301)|STATEMENT_EXECUTE|[296]
10:49:11.0 (56917085)|HEAP_ALLOCATE|[296]|Bytes:4
10:49:11.0 (56985399)|VARIABLE_SCOPE_BEGIN|[296]|questReply|saInquiryReplyDetail__c|true|false
10:49:11.0 (56999494)|VARIABLE_ASSIGNMENT|[296]|questReply|{}|0x5929c8ea
10:49:11.0 (57005479)|STATEMENT_EXECUTE|[297]
10:49:11.0 (57093019)|VARIABLE_ASSIGNMENT|[297]|this.saInquiryDetail__c|"a0JN0000008h2r2MAA"|0x5929c8ea
10:49:11.0 (57100589)|STATEMENT_EXECUTE|[298]
10:49:11.0 (57279295)|VARIABLE_ASSIGNMENT|[EXTERNAL]|this|{"BusinessLocationName":"","currentInquiryReply":"0xd63fe77","currentInquiryReplyDetail":"0x3eb60b9d","dailyReportId":"a0IN0000006RUllMAG","dCurrentDay":"2018-06-30T00:00:00Z","dCurrentMonth":"2018-07-01T00:00:00Z","iCurrentDay":0,"idBusinessLocation":"","isIPhone":false,"isPreview":true,"lsBusinessLocation":"0x4387b72d","messageError":"","messageQuestion":"","mpQuestions":"0x2d6a6198","myUser":"0xb71b51f","sourceOfTheCall":"preview"}|0x11d8b662
10:49:11.0 (57311934)|HEAP_ALLOCATE|[EXTERNAL]|Bytes:4
10:49:11.0 (57320231)|STATEMENT_EXECUTE|[299]
10:49:11.0 (57465563)|VARIABLE_ASSIGNMENT|[EXTERNAL]|this|{"BusinessLocationName":"","currentInquiryReply":"0xd63fe77","currentInquiryReplyDetail":"0x3eb60b9d","dailyReportId":"a0IN0000006RUllMAG","dCurrentDay":"2018-06-30T00:00:00Z","dCurrentMonth":"2018-07-01T00:00:00Z","iCurrentDay":0,"idBusinessLocation":"","isIPhone":false,"isPreview":true,"lsBusinessLocation":"0x4387b72d","messageError":"","messageQuestion":"","mpQuestions":"0x2d6a6198","myUser":"0xb71b51f","sourceOfTheCall":"preview"}|0x11d8b662
10:49:11.0 (57503659)|HEAP_ALLOCATE|[EXTERNAL]|Bytes:-4
10:49:11.0 (57520871)|HEAP_ALLOCATE|[295]|Bytes:5
10:49:11.0 (57534967)|VARIABLE_ASSIGNMENT|[295]|quest|null|
10:49:11.0 (57547303)|SYSTEM_MODE_EXIT|false
10:49:11.0 (73560904)|SYSTEM_MODE_ENTER|true
10:49:11.0 (73592009)|HEAP_ALLOCATE|[EXTERNAL]|Bytes:40
10:49:11.0 (73605752)|VARIABLE_ASSIGNMENT|[EXTERNAL]|this.iCountComments|null|0x3c0e8f0f
10:49:11.0 (73653325)|SYSTEM_MODE_ENTER|true
10:49:11.0 (73666451)|HEAP_ALLOCATE|[EXTERNAL]|Bytes:40
10:49:11.0 (73673554)|VARIABLE_ASSIGNMENT|[EXTERNAL]|this.iCountLikes|null|0x3c0e8f0f
10:49:11.0 (73741122)|SYSTEM_MODE_ENTER|true
10:49:11.0 (73787870)|HEAP_ALLOCATE|[EXTERNAL]|Bytes:76
10:49:11.0 (73796290)|VARIABLE_SCOPE_BEGIN|[92]|this|saDailyReportCtrl|true|false
10:49:11.0 (74003904)|VARIABLE_ASSIGNMENT|[92]|this|{"BusinessLocationName":"","currentInquiryReply":"0xd63fe77","currentInquiryReplyDetail":"0x3eb60b9d","dailyReportId":"a0IN0000006RUllMAG","dCurrentDay":"2018-06-30T00:00:00Z","dCurrentMonth":"2018-07-01T00:00:00Z","iCurrentDay":0,"idBusinessLocation":"","isIPhone":false,"isPreview":true,"lsBusinessLocation":"0x4387b72d","messageError":"","messageQuestion":"","mpQuestions":"0x2d6a6198","myUser":"0xb71b51f","sourceOfTheCall":"preview"}|0x11d8b662
10:49:11.0 (74025328)|SYSTEM_MODE_ENTER|false
10:49:11.0 (74032714)|HEAP_ALLOCATE|[92]|Bytes:5
10:49:11.0 (74038395)|STATEMENT_EXECUTE|[92]
10:49:11.0 (74040186)|STATEMENT_EXECUTE|[92]
10:49:11.0 (74045462)|SYSTEM_MODE_EXIT|false
10:49:11.0 (74093688)|SYSTEM_MODE_ENTER|true
10:49:11.0 (74110655)|HEAP_ALLOCATE|[EXTERNAL]|Bytes:8
10:49:11.0 (74115395)|HEAP_ALLOCATE|[EXTERNAL]|Bytes:40
10:49:11.0 (74124819)|VARIABLE_ASSIGNMENT|[EXTERNAL]|this.iTypeOfScreen|54|0x3c0e8f0f
10:49:11.0 (74196236)|SYSTEM_MODE_ENTER|true
10:49:11.0 (74230753)|HEAP_ALLOCATE|[EXTERNAL]|Bytes:40
10:49:11.0 (74237268)|VARIABLE_SCOPE_BEGIN|[80]|this|auMainTopCompCtrl|true|false
10:49:11.0 (74274343)|VARIABLE_ASSIGNMENT|[80]|this|{"currentUser":"0x5ecc77f7","iTypeOfScreen":54,"urlReportsSFA":"https://cs6.lightnin (84 more) ..."}|0x3c0e8f0f
10:49:11.0 (74283473)|STATEMENT_EXECUTE|[80]
10:49:11.0 (74285420)|STATEMENT_EXECUTE|[81]
10:49:11.0 (74316159)|VARIABLE_ASSIGNMENT|[EXTERNAL]|this|{"currentUser":"0x5ecc77f7","iTypeOfScreen":54,"urlReportsSFA":"https://cs6.lightnin (84 more) ..."}|0x3c0e8f0f
10:49:11.0 (74352855)|VARIABLE_ASSIGNMENT|[EXTERNAL]|this|{"currentUser":"0x5ecc77f7","iTypeOfScreen":54,"urlReportsSFA":"https://cs6.lightnin (84 more) ..."}|0x3c0e8f0f
10:49:11.0 (74383628)|VARIABLE_ASSIGNMENT|[EXTERNAL]|this|{"currentUser":"0x5ecc77f7","iTypeOfScreen":54,"urlReportsSFA":"https://cs6.lightnin (84 more) ..."}|0x3c0e8f0f
10:49:11.0 (74413492)|VARIABLE_ASSIGNMENT|[EXTERNAL]|this|{"currentUser":"0x5ecc77f7","iTypeOfScreen":54,"urlReportsSFA":"https://cs6.lightnin (84 more) ..."}|0x3c0e8f0f
10:49:11.0 (74426780)|HEAP_ALLOCATE|[81]|Bytes:5
10:49:11.0 (74493200)|SYSTEM_MODE_ENTER|true
10:49:11.0 (74523620)|HEAP_ALLOCATE|[EXTERNAL]|Bytes:40
10:49:11.0 (74530391)|VARIABLE_SCOPE_BEGIN|[99]|this|auMainTopCompCtrl|true|false
10:49:11.0 (74559220)|VARIABLE_ASSIGNMENT|[99]|this|{"currentUser":"0x5ecc77f7","iTypeOfScreen":54,"urlReportsSFA":"https://cs6.lightnin (84 more) ..."}|0x3c0e8f0f
10:49:11.0 (74567420)|STATEMENT_EXECUTE|[99]
10:49:11.0 (74569480)|STATEMENT_EXECUTE|[100]
10:49:11.0 (74594344)|VARIABLE_ASSIGNMENT|[EXTERNAL]|this|{"currentUser":"0x5ecc77f7","iTypeOfScreen":54,"urlReportsSFA":"https://cs6.lightnin (84 more) ..."}|0x3c0e8f0f
10:49:11.0 (74608203)|HEAP_ALLOCATE|[100]|Bytes:5
10:49:11.0 (74691665)|SYSTEM_MODE_ENTER|true
10:49:11.0 (74785769)|SYSTEM_MODE_ENTER|true
10:49:11.0 (74886035)|SYSTEM_MODE_ENTER|true
10:49:11.0 (75073527)|SYSTEM_MODE_ENTER|true
10:49:11.0 (77581160)|SYSTEM_MODE_ENTER|true
10:49:11.0 (77666292)|SYSTEM_MODE_ENTER|true
10:49:11.0 (78318916)|SYSTEM_MODE_ENTER|true
10:49:11.0 (78358126)|HEAP_ALLOCATE|[EXTERNAL]|Bytes:76
10:49:11.0 (78366441)|VARIABLE_SCOPE_BEGIN|[141]|this|saDailyReportCtrl|true|false
10:49:11.0 (78536797)|VARIABLE_ASSIGNMENT|[141]|this|{"BusinessLocationName":"","currentInquiryReply":"0xd63fe77","currentInquiryReplyDetail":"0x3eb60b9d","dailyReportId":"a0IN0000006RUllMAG","dCurrentDay":"2018-06-30T00:00:00Z","dCurrentMonth":"2018-07-01T00:00:00Z","iCurrentDay":0,"idBusinessLocation":"","isIPhone":false,"isPreview":true,"lsBusinessLocation":"0x4387b72d","messageError":"","messageQuestion":"","mpQuestions":"0x2d6a6198","myUser":"0xb71b51f","sourceOfTheCall":"preview"}|0x11d8b662
10:49:11.0 (78557284)|SYSTEM_MODE_ENTER|false
10:49:11.0 (78564693)|HEAP_ALLOCATE|[142]|Bytes:5
10:49:11.0 (78570660)|STATEMENT_EXECUTE|[141]
10:49:11.0 (78572504)|STATEMENT_EXECUTE|[142]
10:49:11.0 (78626777)|HEAP_ALLOCATE|[142]|Bytes:4
10:49:11.0 (78638166)|HEAP_ALLOCATE|[142]|Bytes:1
10:49:11.0 (78659894)|HEAP_ALLOCATE|[142]|Bytes:1
10:49:11.0 (78668426)|HEAP_ALLOCATE|[142]|Bytes:1
10:49:11.0 (78693601)|HEAP_ALLOCATE|[142]|Bytes:2
10:49:11.0 (78708178)|HEAP_ALLOCATE|[142]|Bytes:9
10:49:11.0 (78715524)|HEAP_ALLOCATE|[142]|Bytes:10
10:49:11.0 (78721798)|SYSTEM_MODE_EXIT|false
10:49:11.0 (78900431)|SYSTEM_MODE_ENTER|true
10:49:11.0 (79357964)|SYSTEM_MODE_ENTER|true
10:49:11.0 (94299548)|VF_SERIALIZE_VIEWSTATE_BEGIN|066N0000000M4pW
10:49:11.0 (98084017)|VF_SERIALIZE_VIEWSTATE_END
10:49:11.101 (101391767)|CUMULATIVE_LIMIT_USAGE
10:49:11.101 (101391767)|LIMIT_USAGE_FOR_NS|(default)|
  Number of SOQL queries: 5 out of 100
  Number of query rows: 2 out of 50000
  Number of SOSL queries: 0 out of 20
  Number of DML statements: 0 out of 150
  Number of DML rows: 0 out of 10000
  Maximum CPU time: 0 out of 10000
  Maximum heap size: 0 out of 6000000
  Number of callouts: 0 out of 100
  Number of Email Invocations: 0 out of 10
  Number of future calls: 0 out of 50
  Number of queueable jobs added to the queue: 0 out of 50
  Number of Mobile Apex push calls: 0 out of 10

10:49:11.101 (101391767)|CUMULATIVE_LIMIT_USAGE_END

10:49:11.0 (101433000)|CODE_UNIT_FINISHED|VF: /apex/sadailyreport
10:49:11.0 (102154837)|EXECUTION_FINISHED
