42.0 APEX_CODE,FINEST;APEX_PROFILING,INFO;CALLOUT,INFO;DB,INFO;NBA,INFO;SYSTEM,DEBUG;VALIDATION,INFO;VISUALFORCE,INFO;WAVE,INFO;WORKFLOW,INFO
10:54:05.0 (75196)|USER_INFO|[EXTERNAL]|005N00000057PfO|thomas.remy+kddi_gwdev01@globalway.co.jp|Japan Standard Time|GMT+09:00
10:54:05.0 (111363)|EXECUTION_STARTED
10:54:05.0 (115813)|CODE_UNIT_STARTED|[EXTERNAL]|066N0000000M4pW|VF: /apex/sadailyreport
10:54:05.0 (259121)|VF_DESERIALIZE_VIEWSTATE_BEGIN|066N0000000M4pW
10:54:05.0 (3557305)|HEAP_ALLOCATE|[72]|Bytes:3
10:54:05.0 (3596810)|HEAP_ALLOCATE|[77]|Bytes:152
10:54:05.0 (3618890)|HEAP_ALLOCATE|[342]|Bytes:408
10:54:05.0 (3638015)|HEAP_ALLOCATE|[355]|Bytes:408
10:54:05.0 (3653014)|HEAP_ALLOCATE|[467]|Bytes:48
10:54:05.0 (3677606)|HEAP_ALLOCATE|[139]|Bytes:6
10:54:05.0 (4537985)|HEAP_ALLOCATE|[50]|Bytes:5
10:54:05.0 (4564426)|HEAP_ALLOCATE|[56]|Bytes:5
10:54:05.0 (4574039)|HEAP_ALLOCATE|[64]|Bytes:7
10:54:05.0 (5275838)|VARIABLE_SCOPE_BEGIN|[3]|saDailyReportCtrl.SOURCE|String|false|true
10:54:05.0 (5289027)|VARIABLE_SCOPE_BEGIN|[4]|saDailyReportCtrl.SOURCE_ID|String|false|true
10:54:05.0 (6289723)|VARIABLE_SCOPE_BEGIN|[25]|auMainTopCompCtrl.TYPE_SCREEN_ACCOUNT_LIST|Integer|false|true
10:54:05.0 (6301046)|VARIABLE_SCOPE_BEGIN|[26]|auMainTopCompCtrl.TYPE_SCREEN_ACTIVITY_LIST|Integer|false|true
10:54:05.0 (6307830)|VARIABLE_SCOPE_BEGIN|[7]|auMainTopCompCtrl.TYPE_SCREEN_CX_SCREEN|Integer|false|true
10:54:05.0 (6314020)|VARIABLE_SCOPE_BEGIN|[8]|auMainTopCompCtrl.TYPE_SCREEN_CX_TIMELINE|Integer|false|true
10:54:05.0 (6320772)|VARIABLE_SCOPE_BEGIN|[9]|auMainTopCompCtrl.TYPE_SCREEN_EVENT_SCHEDULE|Integer|false|true
10:54:05.0 (6326702)|VARIABLE_SCOPE_BEGIN|[10]|auMainTopCompCtrl.TYPE_SCREEN_EVENT_SCHEDULE_LIST|Integer|false|true
10:54:05.0 (6332921)|VARIABLE_SCOPE_BEGIN|[27]|auMainTopCompCtrl.TYPE_SCREEN_FILE_LIST|Integer|false|true
10:54:05.0 (6338972)|VARIABLE_SCOPE_BEGIN|[24]|auMainTopCompCtrl.TYPE_SCREEN_HONBU_DIRECT|Integer|false|true
10:54:05.0 (6345432)|VARIABLE_SCOPE_BEGIN|[11]|auMainTopCompCtrl.TYPE_SCREEN_KNOWLEDGE_DASHBOARD|Integer|false|true
10:54:05.0 (6351846)|VARIABLE_SCOPE_BEGIN|[12]|auMainTopCompCtrl.TYPE_SCREEN_KNOWLEDGE_LIST|Integer|false|true
10:54:05.0 (6357405)|VARIABLE_SCOPE_BEGIN|[15]|auMainTopCompCtrl.TYPE_SCREEN_SA_CHATTER|Integer|false|true
10:54:05.0 (6362828)|VARIABLE_SCOPE_BEGIN|[16]|auMainTopCompCtrl.TYPE_SCREEN_SA_DAILYREPORT|Integer|false|true
10:54:05.0 (6368626)|VARIABLE_SCOPE_BEGIN|[22]|auMainTopCompCtrl.TYPE_SCREEN_SA_DAILYREPORTLIST|Integer|false|true
10:54:05.0 (6374726)|VARIABLE_SCOPE_BEGIN|[18]|auMainTopCompCtrl.TYPE_SCREEN_SA_DOCUMENTS|Integer|false|true
10:54:05.0 (6380392)|VARIABLE_SCOPE_BEGIN|[17]|auMainTopCompCtrl.TYPE_SCREEN_SA_ENQUETE|Integer|false|true
10:54:05.0 (6386212)|VARIABLE_SCOPE_BEGIN|[20]|auMainTopCompCtrl.TYPE_SCREEN_SA_LINKS|Integer|false|true
10:54:05.0 (6392025)|VARIABLE_SCOPE_BEGIN|[13]|auMainTopCompCtrl.TYPE_SCREEN_SA_MESSAGES|Integer|false|true
10:54:05.0 (6397776)|VARIABLE_SCOPE_BEGIN|[19]|auMainTopCompCtrl.TYPE_SCREEN_SA_RANKING|Integer|false|true
10:54:05.0 (6403573)|VARIABLE_SCOPE_BEGIN|[14]|auMainTopCompCtrl.TYPE_SCREEN_SA_REPORTS|Integer|false|true
10:54:05.0 (6409400)|VARIABLE_SCOPE_BEGIN|[23]|auMainTopCompCtrl.TYPE_SCREEN_SA_TODO|Integer|false|true
10:54:05.0 (6415291)|VARIABLE_SCOPE_BEGIN|[21]|auMainTopCompCtrl.TYPE_SCREEN_SA_USRSETTINGS|Integer|false|true
10:54:05.0 (6421164)|VARIABLE_SCOPE_BEGIN|[4]|auMainTopCompCtrl.TYPE_SCREEN_STPD_EVENT|Integer|false|true
10:54:05.0 (6427420)|VARIABLE_SCOPE_BEGIN|[6]|auMainTopCompCtrl.TYPE_SCREEN_STPD_SCREEN|Integer|false|true
10:54:05.0 (6433741)|VARIABLE_SCOPE_BEGIN|[5]|auMainTopCompCtrl.TYPE_SCREEN_STPD_TIMELINE|Integer|false|true
10:54:05.0 (6439724)|VARIABLE_SCOPE_BEGIN|[3]|auMainTopCompCtrl.TYPE_SCREEN_SWITCH|Integer|false|true
10:54:05.0 (7633037)|VF_DESERIALIZE_VIEWSTATE_END
10:54:05.0 (9733987)|SYSTEM_MODE_ENTER|true
10:54:05.0 (9983922)|HEAP_ALLOCATE|[EXTERNAL]|Bytes:284
10:54:05.0 (9996527)|HEAP_ALLOCATE|[EXTERNAL]|Bytes:146
10:54:05.0 (10010131)|METHOD_ENTRY|[1]|01pN0000000Mill|auMainTopCompCtrl.auMainTopCompCtrl()
10:54:05.0 (10017646)|STATEMENT_EXECUTE|[1]
10:54:05.0 (10023022)|STATEMENT_EXECUTE|[1]
10:54:05.0 (10024633)|STATEMENT_EXECUTE|[3]
10:54:05.0 (10030582)|HEAP_ALLOCATE|[3]|Bytes:4
10:54:05.0 (10053845)|VARIABLE_ASSIGNMENT|[3]|auMainTopCompCtrl.TYPE_SCREEN_SWITCH|0
10:54:05.0 (10059753)|STATEMENT_EXECUTE|[4]
10:54:05.0 (10062650)|HEAP_ALLOCATE|[4]|Bytes:4
10:54:05.0 (10071585)|VARIABLE_ASSIGNMENT|[4]|auMainTopCompCtrl.TYPE_SCREEN_STPD_EVENT|11
10:54:05.0 (10075908)|STATEMENT_EXECUTE|[5]
10:54:05.0 (10078428)|HEAP_ALLOCATE|[5]|Bytes:4
10:54:05.0 (10085116)|VARIABLE_ASSIGNMENT|[5]|auMainTopCompCtrl.TYPE_SCREEN_STPD_TIMELINE|12
10:54:05.0 (10089181)|STATEMENT_EXECUTE|[6]
10:54:05.0 (10091115)|HEAP_ALLOCATE|[6]|Bytes:4
10:54:05.0 (10097370)|VARIABLE_ASSIGNMENT|[6]|auMainTopCompCtrl.TYPE_SCREEN_STPD_SCREEN|13
10:54:05.0 (10101585)|STATEMENT_EXECUTE|[7]
10:54:05.0 (10103849)|HEAP_ALLOCATE|[7]|Bytes:4
10:54:05.0 (10109626)|VARIABLE_ASSIGNMENT|[7]|auMainTopCompCtrl.TYPE_SCREEN_CX_SCREEN|21
10:54:05.0 (10113177)|STATEMENT_EXECUTE|[8]
10:54:05.0 (10115258)|HEAP_ALLOCATE|[8]|Bytes:4
10:54:05.0 (10120260)|VARIABLE_ASSIGNMENT|[8]|auMainTopCompCtrl.TYPE_SCREEN_CX_TIMELINE|22
10:54:05.0 (10123968)|STATEMENT_EXECUTE|[9]
10:54:05.0 (10125886)|HEAP_ALLOCATE|[9]|Bytes:4
10:54:05.0 (10136584)|VARIABLE_ASSIGNMENT|[9]|auMainTopCompCtrl.TYPE_SCREEN_EVENT_SCHEDULE|31
10:54:05.0 (10141930)|STATEMENT_EXECUTE|[10]
10:54:05.0 (10144074)|HEAP_ALLOCATE|[10]|Bytes:4
10:54:05.0 (10150077)|VARIABLE_ASSIGNMENT|[10]|auMainTopCompCtrl.TYPE_SCREEN_EVENT_SCHEDULE_LIST|32
10:54:05.0 (10154198)|STATEMENT_EXECUTE|[11]
10:54:05.0 (10156517)|HEAP_ALLOCATE|[11]|Bytes:4
10:54:05.0 (10162003)|VARIABLE_ASSIGNMENT|[11]|auMainTopCompCtrl.TYPE_SCREEN_KNOWLEDGE_DASHBOARD|41
10:54:05.0 (10165569)|STATEMENT_EXECUTE|[12]
10:54:05.0 (10167490)|HEAP_ALLOCATE|[12]|Bytes:4
10:54:05.0 (10173134)|VARIABLE_ASSIGNMENT|[12]|auMainTopCompCtrl.TYPE_SCREEN_KNOWLEDGE_LIST|42
10:54:05.0 (10177017)|STATEMENT_EXECUTE|[13]
10:54:05.0 (10178990)|HEAP_ALLOCATE|[13]|Bytes:4
10:54:05.0 (10185293)|VARIABLE_ASSIGNMENT|[13]|auMainTopCompCtrl.TYPE_SCREEN_SA_MESSAGES|51
10:54:05.0 (10188873)|STATEMENT_EXECUTE|[14]
10:54:05.0 (10190839)|HEAP_ALLOCATE|[14]|Bytes:4
10:54:05.0 (10196638)|VARIABLE_ASSIGNMENT|[14]|auMainTopCompCtrl.TYPE_SCREEN_SA_REPORTS|52
10:54:05.0 (10200933)|STATEMENT_EXECUTE|[15]
10:54:05.0 (10202875)|HEAP_ALLOCATE|[15]|Bytes:4
10:54:05.0 (10208208)|VARIABLE_ASSIGNMENT|[15]|auMainTopCompCtrl.TYPE_SCREEN_SA_CHATTER|53
10:54:05.0 (10211507)|STATEMENT_EXECUTE|[16]
10:54:05.0 (10213969)|HEAP_ALLOCATE|[16]|Bytes:4
10:54:05.0 (10219764)|VARIABLE_ASSIGNMENT|[16]|auMainTopCompCtrl.TYPE_SCREEN_SA_DAILYREPORT|54
10:54:05.0 (10223790)|STATEMENT_EXECUTE|[17]
10:54:05.0 (10226105)|HEAP_ALLOCATE|[17]|Bytes:4
10:54:05.0 (10231706)|VARIABLE_ASSIGNMENT|[17]|auMainTopCompCtrl.TYPE_SCREEN_SA_ENQUETE|55
10:54:05.0 (10234920)|STATEMENT_EXECUTE|[18]
10:54:05.0 (10236881)|HEAP_ALLOCATE|[18]|Bytes:4
10:54:05.0 (10242396)|VARIABLE_ASSIGNMENT|[18]|auMainTopCompCtrl.TYPE_SCREEN_SA_DOCUMENTS|56
10:54:05.0 (10246244)|STATEMENT_EXECUTE|[19]
10:54:05.0 (10248300)|HEAP_ALLOCATE|[19]|Bytes:4
10:54:05.0 (10254308)|VARIABLE_ASSIGNMENT|[19]|auMainTopCompCtrl.TYPE_SCREEN_SA_RANKING|57
10:54:05.0 (10257776)|STATEMENT_EXECUTE|[20]
10:54:05.0 (10259801)|HEAP_ALLOCATE|[20]|Bytes:4
10:54:05.0 (10265745)|VARIABLE_ASSIGNMENT|[20]|auMainTopCompCtrl.TYPE_SCREEN_SA_LINKS|58
10:54:05.0 (10269690)|STATEMENT_EXECUTE|[21]
10:54:05.0 (10271655)|HEAP_ALLOCATE|[21]|Bytes:4
10:54:05.0 (10277644)|VARIABLE_ASSIGNMENT|[21]|auMainTopCompCtrl.TYPE_SCREEN_SA_USRSETTINGS|59
10:54:05.0 (10281793)|STATEMENT_EXECUTE|[22]
10:54:05.0 (10283870)|HEAP_ALLOCATE|[22]|Bytes:4
10:54:05.0 (10289821)|VARIABLE_ASSIGNMENT|[22]|auMainTopCompCtrl.TYPE_SCREEN_SA_DAILYREPORTLIST|60
10:54:05.0 (10293614)|STATEMENT_EXECUTE|[23]
10:54:05.0 (10295577)|HEAP_ALLOCATE|[23]|Bytes:4
10:54:05.0 (10303085)|VARIABLE_ASSIGNMENT|[23]|auMainTopCompCtrl.TYPE_SCREEN_SA_TODO|61
10:54:05.0 (10306960)|STATEMENT_EXECUTE|[24]
10:54:05.0 (10308961)|HEAP_ALLOCATE|[24]|Bytes:4
10:54:05.0 (10314363)|VARIABLE_ASSIGNMENT|[24]|auMainTopCompCtrl.TYPE_SCREEN_HONBU_DIRECT|71
10:54:05.0 (10317992)|STATEMENT_EXECUTE|[25]
10:54:05.0 (10319985)|HEAP_ALLOCATE|[25]|Bytes:4
10:54:05.0 (10324866)|VARIABLE_ASSIGNMENT|[25]|auMainTopCompCtrl.TYPE_SCREEN_ACCOUNT_LIST|81
10:54:05.0 (10328206)|STATEMENT_EXECUTE|[26]
10:54:05.0 (10330111)|HEAP_ALLOCATE|[26]|Bytes:4
10:54:05.0 (10335203)|VARIABLE_ASSIGNMENT|[26]|auMainTopCompCtrl.TYPE_SCREEN_ACTIVITY_LIST|82
10:54:05.0 (10338921)|STATEMENT_EXECUTE|[27]
10:54:05.0 (10341118)|HEAP_ALLOCATE|[27]|Bytes:4
10:54:05.0 (10346655)|VARIABLE_ASSIGNMENT|[27]|auMainTopCompCtrl.TYPE_SCREEN_FILE_LIST|83
10:54:05.0 (10354576)|METHOD_EXIT|[1]|auMainTopCompCtrl
10:54:05.0 (10361354)|HEAP_ALLOCATE|[EXTERNAL]|Bytes:40
10:54:05.0 (10368887)|VARIABLE_SCOPE_BEGIN|[80]|this|auMainTopCompCtrl|true|false
10:54:05.0 (10424695)|VARIABLE_ASSIGNMENT|[80]|this|{"currentUser":"0x4ab1f7e6","iTypeOfScreen":54,"urlReportsSFA":"https://cs6.lightnin (84 more) ..."}|0x38b55cd9
10:54:05.0 (10436933)|STATEMENT_EXECUTE|[80]
10:54:05.0 (10438663)|STATEMENT_EXECUTE|[81]
10:54:05.0 (10486421)|VARIABLE_ASSIGNMENT|[EXTERNAL]|this|{"currentUser":"0x4ab1f7e6","iTypeOfScreen":54,"urlReportsSFA":"https://cs6.lightnin (84 more) ..."}|0x38b55cd9
10:54:05.0 (10532266)|VARIABLE_ASSIGNMENT|[EXTERNAL]|this|{"currentUser":"0x4ab1f7e6","iTypeOfScreen":54,"urlReportsSFA":"https://cs6.lightnin (84 more) ..."}|0x38b55cd9
10:54:05.0 (10565824)|VARIABLE_ASSIGNMENT|[EXTERNAL]|this|{"currentUser":"0x4ab1f7e6","iTypeOfScreen":54,"urlReportsSFA":"https://cs6.lightnin (84 more) ..."}|0x38b55cd9
10:54:05.0 (10598765)|VARIABLE_ASSIGNMENT|[EXTERNAL]|this|{"currentUser":"0x4ab1f7e6","iTypeOfScreen":54,"urlReportsSFA":"https://cs6.lightnin (84 more) ..."}|0x38b55cd9
10:54:05.0 (10625006)|HEAP_ALLOCATE|[81]|Bytes:5
10:54:05.0 (10720179)|SYSTEM_MODE_ENTER|true
10:54:05.0 (10755843)|HEAP_ALLOCATE|[EXTERNAL]|Bytes:40
10:54:05.0 (10768531)|VARIABLE_SCOPE_BEGIN|[99]|this|auMainTopCompCtrl|true|false
10:54:05.0 (10809653)|VARIABLE_ASSIGNMENT|[99]|this|{"currentUser":"0x4ab1f7e6","iTypeOfScreen":54,"urlReportsSFA":"https://cs6.lightnin (84 more) ..."}|0x38b55cd9
10:54:05.0 (10820722)|STATEMENT_EXECUTE|[99]
10:54:05.0 (10822533)|STATEMENT_EXECUTE|[100]
10:54:05.0 (10857167)|VARIABLE_ASSIGNMENT|[EXTERNAL]|this|{"currentUser":"0x4ab1f7e6","iTypeOfScreen":54,"urlReportsSFA":"https://cs6.lightnin (84 more) ..."}|0x38b55cd9
10:54:05.0 (10875271)|HEAP_ALLOCATE|[100]|Bytes:5
10:54:05.0 (10962915)|SYSTEM_MODE_ENTER|true
10:54:05.0 (10983814)|HEAP_ALLOCATE|[EXTERNAL]|Bytes:40
10:54:05.0 (10994645)|VARIABLE_ASSIGNMENT|[EXTERNAL]|this.iCountComments|null|0x38b55cd9
10:54:05.0 (11036833)|SYSTEM_MODE_ENTER|true
10:54:05.0 (11049550)|HEAP_ALLOCATE|[EXTERNAL]|Bytes:40
10:54:05.0 (11057111)|VARIABLE_ASSIGNMENT|[EXTERNAL]|this.iCountLikes|null|0x38b55cd9
10:54:05.0 (11138059)|SYSTEM_MODE_ENTER|true
10:54:05.0 (11174216)|HEAP_ALLOCATE|[EXTERNAL]|Bytes:26
10:54:05.0 (11181783)|HEAP_ALLOCATE|[EXTERNAL]|Bytes:460
10:54:05.0 (11186148)|HEAP_ALLOCATE|[EXTERNAL]|Bytes:113
10:54:05.0 (11189637)|HEAP_ALLOCATE|[EXTERNAL]|Bytes:39
10:54:05.0 (11193357)|HEAP_ALLOCATE|[EXTERNAL]|Bytes:3
10:54:05.0 (11202349)|VARIABLE_ASSIGNMENT|[EXTERNAL]|saDailyReportCtrl.SOURCE|"src"
10:54:05.0 (11207407)|HEAP_ALLOCATE|[EXTERNAL]|Bytes:2
10:54:05.0 (11213313)|VARIABLE_ASSIGNMENT|[EXTERNAL]|saDailyReportCtrl.SOURCE_ID|"id"
10:54:05.0 (11221351)|METHOD_ENTRY|[1]|01pN0000000aE0W|saDailyReportCtrl.saDailyReportCtrl()
10:54:05.0 (11226505)|STATEMENT_EXECUTE|[1]
10:54:05.0 (11229760)|STATEMENT_EXECUTE|[1]
10:54:05.0 (11237867)|SYSTEM_MODE_ENTER|false
10:54:05.0 (11245736)|HEAP_ALLOCATE|[EXTERNAL]|Bytes:5
10:54:05.0 (11250266)|STATEMENT_EXECUTE|[651]
10:54:05.0 (11252452)|STATEMENT_EXECUTE|[678]
10:54:05.0 (11256845)|SYSTEM_MODE_EXIT|false
10:54:05.0 (11264137)|METHOD_EXIT|[1]|saDailyReportCtrl
10:54:05.0 (11269060)|HEAP_ALLOCATE|[EXTERNAL]|Bytes:76
10:54:05.0 (11273682)|VARIABLE_SCOPE_BEGIN|[92]|this|saDailyReportCtrl|true|false
10:54:05.0 (11689855)|VARIABLE_ASSIGNMENT|[92]|this|{"BusinessLocationName":"","currentInquiryReply":"0x55c164aa","currentInquiryReplyDetail":"0x4780a95f","dailyReportId":"a0IN0000006RUllMAG","dCurrentDay":"2018-06-30T00:00:00Z","dCurrentMonth":"2018-07-01T00:00:00Z","iCurrentDay":0,"idBusinessLocation":"","isIPhone":false,"isPreview":true,"lsBusinessLocation":"0x24b688e","messageError":"","messageQuestion":"","mpQuestions":"0x339c58a5","myUser":"0x6d268e48","sourceOfTheCall":"preview"}|0xa576624
10:54:05.0 (11712216)|SYSTEM_MODE_ENTER|false
10:54:05.0 (11719867)|HEAP_ALLOCATE|[92]|Bytes:5
10:54:05.0 (11725568)|STATEMENT_EXECUTE|[92]
10:54:05.0 (11727407)|STATEMENT_EXECUTE|[92]
10:54:05.0 (11732593)|SYSTEM_MODE_EXIT|false
10:54:05.0 (11793665)|SYSTEM_MODE_ENTER|true
10:54:05.0 (11825094)|HEAP_ALLOCATE|[EXTERNAL]|Bytes:8
10:54:05.0 (11832685)|HEAP_ALLOCATE|[EXTERNAL]|Bytes:40
10:54:05.0 (11845775)|VARIABLE_ASSIGNMENT|[EXTERNAL]|this.iTypeOfScreen|54|0x38b55cd9
10:54:05.0 (12001135)|SYSTEM_MODE_ENTER|true
10:54:05.0 (12093629)|SYSTEM_MODE_ENTER|true
10:54:05.0 (12172048)|SYSTEM_MODE_ENTER|true
10:54:05.0 (12362523)|SYSTEM_MODE_ENTER|true
10:54:05.0 (13601274)|SYSTEM_MODE_ENTER|true
10:54:05.0 (15514599)|SYSTEM_MODE_ENTER|true
10:54:05.0 (15562808)|SYSTEM_MODE_ENTER|true
10:54:05.0 (15599145)|SYSTEM_MODE_ENTER|true
10:54:05.0 (15641318)|SYSTEM_MODE_ENTER|true
10:54:05.0 (15674850)|SYSTEM_MODE_ENTER|true
10:54:05.0 (15723864)|SYSTEM_MODE_ENTER|true
10:54:05.0 (15758946)|HEAP_ALLOCATE|[EXTERNAL]|Bytes:40
10:54:05.0 (15766312)|VARIABLE_SCOPE_BEGIN|[80]|this|auMainTopCompCtrl|true|false
10:54:05.0 (15803016)|VARIABLE_ASSIGNMENT|[80]|this|{"currentUser":"0x4ab1f7e6","iTypeOfScreen":54,"urlReportsSFA":"https://cs6.lightnin (84 more) ..."}|0x38b55cd9
10:54:05.0 (15812871)|STATEMENT_EXECUTE|[80]
10:54:05.0 (15815029)|STATEMENT_EXECUTE|[81]
10:54:05.0 (15844744)|VARIABLE_ASSIGNMENT|[EXTERNAL]|this|{"currentUser":"0x4ab1f7e6","iTypeOfScreen":54,"urlReportsSFA":"https://cs6.lightnin (84 more) ..."}|0x38b55cd9
10:54:05.0 (15881826)|VARIABLE_ASSIGNMENT|[EXTERNAL]|this|{"currentUser":"0x4ab1f7e6","iTypeOfScreen":54,"urlReportsSFA":"https://cs6.lightnin (84 more) ..."}|0x38b55cd9
10:54:05.0 (15912153)|VARIABLE_ASSIGNMENT|[EXTERNAL]|this|{"currentUser":"0x4ab1f7e6","iTypeOfScreen":54,"urlReportsSFA":"https://cs6.lightnin (84 more) ..."}|0x38b55cd9
10:54:05.0 (15940261)|VARIABLE_ASSIGNMENT|[EXTERNAL]|this|{"currentUser":"0x4ab1f7e6","iTypeOfScreen":54,"urlReportsSFA":"https://cs6.lightnin (84 more) ..."}|0x38b55cd9
10:54:05.0 (15952779)|HEAP_ALLOCATE|[81]|Bytes:5
10:54:05.0 (15999995)|SYSTEM_MODE_ENTER|true
10:54:05.0 (16028215)|HEAP_ALLOCATE|[EXTERNAL]|Bytes:40
10:54:05.0 (16035082)|VARIABLE_SCOPE_BEGIN|[99]|this|auMainTopCompCtrl|true|false
10:54:05.0 (16063154)|VARIABLE_ASSIGNMENT|[99]|this|{"currentUser":"0x4ab1f7e6","iTypeOfScreen":54,"urlReportsSFA":"https://cs6.lightnin (84 more) ..."}|0x38b55cd9
10:54:05.0 (16071764)|STATEMENT_EXECUTE|[99]
10:54:05.0 (16073438)|STATEMENT_EXECUTE|[100]
10:54:05.0 (16098347)|VARIABLE_ASSIGNMENT|[EXTERNAL]|this|{"currentUser":"0x4ab1f7e6","iTypeOfScreen":54,"urlReportsSFA":"https://cs6.lightnin (84 more) ..."}|0x38b55cd9
10:54:05.0 (16111365)|HEAP_ALLOCATE|[100]|Bytes:5
10:54:05.0 (18953462)|SYSTEM_MODE_ENTER|true
10:54:05.0 (18976325)|HEAP_ALLOCATE|[EXTERNAL]|Bytes:16
10:54:05.0 (18982357)|HEAP_ALLOCATE|[EXTERNAL]|Bytes:76
10:54:05.0 (18994734)|VARIABLE_ASSIGNMENT|[EXTERNAL]|this.messageError|"正しいデーターを入れてください。"|0xa576624
10:54:05.0 (19026369)|SYSTEM_MODE_ENTER|true
10:54:05.0 (19039978)|HEAP_ALLOCATE|[EXTERNAL]|Bytes:76
10:54:05.0 (19048522)|VARIABLE_ASSIGNMENT|[EXTERNAL]|this.messageQuestion|""|0xa576624
10:54:05.0 (19070621)|SYSTEM_MODE_ENTER|true
10:54:05.0 (19084392)|HEAP_ALLOCATE|[EXTERNAL]|Bytes:5
10:54:05.0 (19088578)|HEAP_ALLOCATE|[EXTERNAL]|Bytes:76
10:54:05.0 (19095910)|VARIABLE_ASSIGNMENT|[EXTERNAL]|this.isPreview|true|0xa576624
10:54:05.0 (19117576)|SYSTEM_MODE_ENTER|true
10:54:05.0 (19129030)|HEAP_ALLOCATE|[EXTERNAL]|Bytes:76
10:54:05.0 (19136570)|VARIABLE_ASSIGNMENT|[EXTERNAL]|this.idBusinessLocation|""|0xa576624
10:54:05.0 (19157689)|SYSTEM_MODE_ENTER|true
10:54:05.0 (19168889)|HEAP_ALLOCATE|[EXTERNAL]|Bytes:8
10:54:05.0 (19172821)|HEAP_ALLOCATE|[EXTERNAL]|Bytes:76
10:54:05.0 (19179323)|VARIABLE_ASSIGNMENT|[EXTERNAL]|this.iCurrentDay|0|0xa576624
10:54:05.0 (19256986)|SYSTEM_MODE_ENTER|true
10:54:05.0 (19269841)|HEAP_ALLOCATE|[EXTERNAL]|Bytes:40
10:54:05.0 (19278278)|VARIABLE_ASSIGNMENT|[EXTERNAL]|this.iCountComments|null|0x38b55cd9
10:54:05.0 (19307152)|SYSTEM_MODE_ENTER|true
10:54:05.0 (19317273)|HEAP_ALLOCATE|[EXTERNAL]|Bytes:40
10:54:05.0 (19323645)|VARIABLE_ASSIGNMENT|[EXTERNAL]|this.iCountLikes|null|0x38b55cd9
10:54:05.0 (19358103)|SYSTEM_MODE_ENTER|true
10:54:05.0 (19390924)|HEAP_ALLOCATE|[EXTERNAL]|Bytes:76
10:54:05.0 (19397514)|VARIABLE_SCOPE_BEGIN|[92]|this|saDailyReportCtrl|true|false
10:54:05.0 (19570037)|VARIABLE_ASSIGNMENT|[92]|this|{"BusinessLocationName":"","currentInquiryReply":"0x55c164aa","currentInquiryReplyDetail":"0x4780a95f","dailyReportId":"a0IN0000006RUllMAG","dCurrentDay":"2018-06-30T00:00:00Z","dCurrentMonth":"2018-07-01T00:00:00Z","iCurrentDay":0,"idBusinessLocation":"","isIPhone":false,"isPreview":true,"lsBusinessLocation":"0x24b688e","messageError":"正しいデーターを入れてください。","messageQuestion":"","mpQuestions":"0x339c58a5","myUser":"0x6d268e48","sourceOfTheCall":"preview"}|0xa576624
10:54:05.0 (19590071)|SYSTEM_MODE_ENTER|false
10:54:05.0 (19597245)|HEAP_ALLOCATE|[92]|Bytes:5
10:54:05.0 (19602569)|STATEMENT_EXECUTE|[92]
10:54:05.0 (19604361)|STATEMENT_EXECUTE|[92]
10:54:05.0 (19608913)|SYSTEM_MODE_EXIT|false
10:54:05.0 (19656316)|SYSTEM_MODE_ENTER|true
10:54:05.0 (19671209)|HEAP_ALLOCATE|[EXTERNAL]|Bytes:8
10:54:05.0 (19675801)|HEAP_ALLOCATE|[EXTERNAL]|Bytes:40
10:54:05.0 (19684660)|VARIABLE_ASSIGNMENT|[EXTERNAL]|this.iTypeOfScreen|54|0x38b55cd9
10:54:05.0 (19824483)|SYSTEM_MODE_ENTER|true
10:54:05.0 (22186688)|HEAP_ALLOCATE|[EXTERNAL]|Bytes:76
10:54:05.0 (22198386)|VARIABLE_SCOPE_BEGIN|[199]|this|saDailyReportCtrl|true|false
10:54:05.0 (22365177)|VARIABLE_ASSIGNMENT|[199]|this|{"BusinessLocationName":"","currentInquiryReply":"0x55c164aa","currentInquiryReplyDetail":"0x4780a95f","dailyReportId":"a0IN0000006RUllMAG","dCurrentDay":"2018-06-30T00:00:00Z","dCurrentMonth":"2018-07-01T00:00:00Z","iCurrentDay":0,"idBusinessLocation":"","isIPhone":false,"isPreview":true,"lsBusinessLocation":"0x24b688e","messageError":"正しいデーターを入れてください。","messageQuestion":"","mpQuestions":"0x339c58a5","myUser":"0x6d268e48","sourceOfTheCall":"preview"}|0xa576624
10:54:05.0 (22386083)|SYSTEM_MODE_ENTER|false
10:54:05.0 (22394020)|HEAP_ALLOCATE|[201]|Bytes:5
10:54:05.0 (22399511)|STATEMENT_EXECUTE|[199]
10:54:05.0 (22401475)|STATEMENT_EXECUTE|[201]
10:54:05.0 (22560529)|VARIABLE_ASSIGNMENT|[EXTERNAL]|this|{"BusinessLocationName":"","currentInquiryReply":"0x55c164aa","currentInquiryReplyDetail":"0x4780a95f","dailyReportId":"a0IN0000006RUllMAG","dCurrentDay":"2018-06-30T00:00:00Z","dCurrentMonth":"2018-07-01T00:00:00Z","iCurrentDay":0,"idBusinessLocation":"","isIPhone":false,"isPreview":true,"lsBusinessLocation":"0x24b688e","messageError":"正しいデーターを入れてください。","messageQuestion":"","mpQuestions":"0x339c58a5","myUser":"0x6d268e48","sourceOfTheCall":"preview"}|0xa576624
10:54:05.0 (22576895)|VARIABLE_ASSIGNMENT|[EXTERNAL]|value|""
10:54:05.0 (22588896)|VARIABLE_ASSIGNMENT|[6]|this.messageError|""|0xa576624
10:54:05.0 (22600882)|STATEMENT_EXECUTE|[202]
10:54:05.0 (22747493)|VARIABLE_ASSIGNMENT|[EXTERNAL]|this|{"BusinessLocationName":"","currentInquiryReply":"0x55c164aa","currentInquiryReplyDetail":"0x4780a95f","dailyReportId":"a0IN0000006RUllMAG","dCurrentDay":"2018-06-30T00:00:00Z","dCurrentMonth":"2018-07-01T00:00:00Z","iCurrentDay":0,"idBusinessLocation":"","isIPhone":false,"isPreview":true,"lsBusinessLocation":"0x24b688e","messageError":"","messageQuestion":"","mpQuestions":"0x339c58a5","myUser":"0x6d268e48","sourceOfTheCall":"preview"}|0xa576624
10:54:05.0 (22762971)|VARIABLE_ASSIGNMENT|[EXTERNAL]|value|""
10:54:05.0 (22771925)|VARIABLE_ASSIGNMENT|[7]|this.messageQuestion|""|0xa576624
10:54:05.0 (22781662)|STATEMENT_EXECUTE|[204]
10:54:05.0 (22783387)|STATEMENT_EXECUTE|[204]
10:54:05.0 (22784981)|STATEMENT_EXECUTE|[206]
10:54:05.0 (22976777)|VARIABLE_ASSIGNMENT|[EXTERNAL]|this|{"BusinessLocationName":"","currentInquiryReply":"0x55c164aa","currentInquiryReplyDetail":"0x4780a95f","dailyReportId":"a0IN0000006RUllMAG","dCurrentDay":"2018-06-30T00:00:00Z","dCurrentMonth":"2018-07-01T00:00:00Z","iCurrentDay":0,"idBusinessLocation":"","isIPhone":false,"isPreview":true,"lsBusinessLocation":"0x24b688e","messageError":"","messageQuestion":"","mpQuestions":"0x339c58a5","myUser":"0x6d268e48","sourceOfTheCall":"preview"}|0xa576624
10:54:05.0 (23034664)|HEAP_ALLOCATE|[206]|Bytes:4
10:54:05.0 (23061035)|VARIABLE_ASSIGNMENT|[206]|this.dCurrentDay|"2018-06-30T00:00:00.000Z"|0xa576624
10:54:05.0 (23067271)|STATEMENT_EXECUTE|[208]
10:54:05.0 (23085199)|HEAP_ALLOCATE|[208]|Bytes:4
10:54:05.0 (23304994)|VARIABLE_ASSIGNMENT|[EXTERNAL]|this|{"BusinessLocationName":"","currentInquiryReply":"0x55c164aa","currentInquiryReplyDetail":"0x4780a95f","dailyReportId":"a0IN0000006RUllMAG","dCurrentDay":"2018-06-30T00:00:00Z","dCurrentMonth":"2018-07-01T00:00:00Z","iCurrentDay":0,"idBusinessLocation":"","isIPhone":false,"isPreview":true,"lsBusinessLocation":"0x24b688e","messageError":"","messageQuestion":"","mpQuestions":"0x339c58a5","myUser":"0x6d268e48","sourceOfTheCall":"preview"}|0xa576624
10:54:05.0 (23320308)|HEAP_ALLOCATE|[EXTERNAL]|Bytes:4
10:54:05.0 (23331926)|VARIABLE_ASSIGNMENT|[EXTERNAL]|value|[]|0x446f3bce
10:54:05.0 (23342581)|VARIABLE_ASSIGNMENT|[22]|this.currentInquiryReplyDetail|[]|0xa576624
10:54:05.0 (23352993)|STATEMENT_EXECUTE|[209]
10:54:05.0 (23368934)|HEAP_ALLOCATE|[209]|Bytes:4
10:54:05.0 (23542148)|VARIABLE_ASSIGNMENT|[EXTERNAL]|this|{"BusinessLocationName":"","currentInquiryReply":"0x55c164aa","currentInquiryReplyDetail":"0x446f3bce","dailyReportId":"a0IN0000006RUllMAG","dCurrentDay":"2018-06-30T00:00:00Z","dCurrentMonth":"2018-07-01T00:00:00Z","iCurrentDay":0,"idBusinessLocation":"","isIPhone":false,"isPreview":true,"lsBusinessLocation":"0x24b688e","messageError":"","messageQuestion":"","mpQuestions":"0x339c58a5","myUser":"0x6d268e48","sourceOfTheCall":"preview"}|0xa576624
10:54:05.0 (23562100)|VARIABLE_ASSIGNMENT|[EXTERNAL]|value|{}|0x76235f31
10:54:05.0 (23573531)|VARIABLE_ASSIGNMENT|[24]|this.mpQuestions|{}|0xa576624
10:54:05.0 (23582908)|STATEMENT_EXECUTE|[211]
10:54:05.0 (23724775)|VARIABLE_ASSIGNMENT|[EXTERNAL]|this|{"BusinessLocationName":"","currentInquiryReply":"0x55c164aa","currentInquiryReplyDetail":"0x446f3bce","dailyReportId":"a0IN0000006RUllMAG","dCurrentDay":"2018-06-30T00:00:00Z","dCurrentMonth":"2018-07-01T00:00:00Z","iCurrentDay":0,"idBusinessLocation":"","isIPhone":false,"isPreview":true,"lsBusinessLocation":"0x24b688e","messageError":"","messageQuestion":"","mpQuestions":"0x76235f31","myUser":"0x6d268e48","sourceOfTheCall":"preview"}|0xa576624
10:54:05.0 (23739496)|VARIABLE_ASSIGNMENT|[EXTERNAL]|value|""
10:54:05.0 (23748013)|VARIABLE_ASSIGNMENT|[23]|this.BusinessLocationName|""|0xa576624
10:54:05.0 (23760838)|HEAP_ALLOCATE|[212]|Bytes:81
10:54:05.0 (23779039)|HEAP_ALLOCATE|[212]|Bytes:4
10:54:05.0 (23788074)|HEAP_ALLOCATE|[212]|Bytes:7
10:54:05.0 (23929975)|VARIABLE_ASSIGNMENT|[EXTERNAL]|this|{"BusinessLocationName":"","currentInquiryReply":"0x55c164aa","currentInquiryReplyDetail":"0x446f3bce","dailyReportId":"a0IN0000006RUllMAG","dCurrentDay":"2018-06-30T00:00:00Z","dCurrentMonth":"2018-07-01T00:00:00Z","iCurrentDay":0,"idBusinessLocation":"","isIPhone":false,"isPreview":true,"lsBusinessLocation":"0x24b688e","messageError":"","messageQuestion":"","mpQuestions":"0x76235f31","myUser":"0x6d268e48","sourceOfTheCall":"preview"}|0xa576624
10:54:05.0 (24318866)|SOQL_EXECUTE_BEGIN|[212]|Aggregations:0|SELECT Id, BusinessLocationName__c FROM saBusinessLocation__c 
10:54:05.0 (25879240)|SOQL_EXECUTE_END|[212]|Rows:0
10:54:05.0 (26049985)|HEAP_ALLOCATE|[212]|Bytes:54
10:54:05.0 (26060375)|HEAP_ALLOCATE|[212]|Bytes:8
10:54:05.0 (26086288)|SYSTEM_METHOD_ENTRY|[7]|QueryLocatorIterator.QueryLocatorIterator()
10:54:05.0 (26091473)|STATEMENT_EXECUTE|[7]
10:54:05.0 (26099053)|SYSTEM_METHOD_EXIT|[7]|QueryLocatorIterator
10:54:05.0 (26107996)|HEAP_ALLOCATE|[212]|Bytes:28
10:54:05.0 (26124676)|HEAP_ALLOCATE|[212]|Bytes:8
10:54:05.0 (26128603)|HEAP_ALLOCATE|[212]|Bytes:8
10:54:05.0 (26133871)|VARIABLE_SCOPE_BEGIN|[15]|this|Database.QueryLocatorIterator|true|false
10:54:05.0 (26162317)|VARIABLE_ASSIGNMENT|[15]|this|{}|0x38e4539
10:54:05.0 (26169783)|VARIABLE_SCOPE_BEGIN|[15]|values|List<SObject>|true|false
10:54:05.0 (26177652)|VARIABLE_ASSIGNMENT|[15]|values|null|
10:54:05.0 (26181847)|VARIABLE_SCOPE_BEGIN|[15]|ql|Database.QueryLocator|true|false
10:54:05.0 (26201049)|VARIABLE_ASSIGNMENT|[15]|ql|{"query":"SELECT Id, BusinessL (61 more) ..."}|0x2540402d
10:54:05.0 (26206947)|VARIABLE_SCOPE_BEGIN|[15]|totalNumRecords|Integer|false|false
10:54:05.0 (26214828)|VARIABLE_ASSIGNMENT|[15]|totalNumRecords|0
10:54:05.0 (26219201)|VARIABLE_SCOPE_BEGIN|[15]|queryMoreSize|Integer|false|false
10:54:05.0 (26225834)|VARIABLE_ASSIGNMENT|[15]|queryMoreSize|50000
10:54:05.0 (26302203)|HEAP_ALLOCATE|[212]|Bytes:28
10:54:05.0 (26323702)|METHOD_ENTRY|[212]||Database.QueryLocatorIterator.hasNext()
10:54:05.0 (26341683)|METHOD_EXIT|[212]||Database.QueryLocatorIterator.hasNext()
10:54:05.0 (26376593)|VARIABLE_ASSIGNMENT|[212]|bl|null|
10:54:05.0 (26383990)|STATEMENT_EXECUTE|[212]
10:54:05.0 (26400003)|STATEMENT_EXECUTE|[219]
10:54:05.0 (26403917)|HEAP_ALLOCATE|[219]|Bytes:195
10:54:05.0 (26418202)|HEAP_ALLOCATE|[219]|Bytes:4
10:54:05.0 (26441536)|HEAP_ALLOCATE|[219]|Bytes:7
10:54:05.0 (26472512)|HEAP_ALLOCATE|[223]|Bytes:89
10:54:05.0 (26481315)|SYSTEM_METHOD_ENTRY|[1]|UserInfo.UserInfo()
10:54:05.0 (26485107)|STATEMENT_EXECUTE|[1]
10:54:05.0 (26489952)|SYSTEM_METHOD_EXIT|[1]|UserInfo
10:54:05.0 (26499597)|METHOD_ENTRY|[223]||System.UserInfo.getUserId()
10:54:05.0 (26534427)|METHOD_EXIT|[223]||System.UserInfo.getUserId()
10:54:05.0 (27046443)|SOQL_EXECUTE_BEGIN|[219]|Aggregations:0|SELECT Id, saBusinessLocation__c, Status__c, saInquiry__c, Comment__c FROM saInquiryReply__c WHERE (saInquiry__r.Type__c = 'DAILY_REPORT' AND DailyReportDate__c = :tmpVar1 AND User__c = :tmpVar2)
10:54:05.0 (32170682)|SOQL_EXECUTE_END|[219]|Rows:0
10:54:05.0 (32194408)|HEAP_ALLOCATE|[219]|Bytes:4
10:54:05.0 (32206856)|HEAP_ALLOCATE|[219]|Bytes:0
10:54:05.0 (32268624)|HEAP_ALLOCATE|[219]|Bytes:4
10:54:05.0 (32280839)|VARIABLE_SCOPE_BEGIN|[219]|lsInqRep|List<saInquiryReply__c>|true|false
10:54:05.0 (32296951)|VARIABLE_ASSIGNMENT|[219]|lsInqRep|[]|0x60fd56d4
10:54:05.0 (32351745)|STATEMENT_EXECUTE|[225]
10:54:05.0 (32354297)|STATEMENT_EXECUTE|[227]
10:54:05.0 (32358529)|HEAP_ALLOCATE|[227]|Bytes:207
10:54:05.0 (32372344)|HEAP_ALLOCATE|[227]|Bytes:4
10:54:05.0 (32558309)|VARIABLE_ASSIGNMENT|[EXTERNAL]|this|{"BusinessLocationName":"","currentInquiryReply":"0x55c164aa","currentInquiryReplyDetail":"0x446f3bce","dailyReportId":"a0IN0000006RUllMAG","dCurrentDay":"2018-06-30T00:00:00Z","dCurrentMonth":"2018-07-01T00:00:00Z","iCurrentDay":0,"idBusinessLocation":"","isIPhone":false,"isPreview":true,"lsBusinessLocation":"0x24b688e","messageError":"","messageQuestion":"","mpQuestions":"0x76235f31","myUser":"0x6d268e48","sourceOfTheCall":"preview"}|0xa576624
10:54:05.0 (32584665)|HEAP_ALLOCATE|[227]|Bytes:7
10:54:05.0 (32593985)|METHOD_ENTRY|[232]||System.UserInfo.getUserId()
10:54:05.0 (32626657)|METHOD_EXIT|[232]||System.UserInfo.getUserId()
10:54:05.0 (32922418)|SOQL_EXECUTE_BEGIN|[227]|Aggregations:0|SELECT Id, saBusinessLocation__c, Status__c FROM saInquiryReply__c WHERE (saInquiry__r.Type__c = 'DAILY_REPORT' AND DailyReportDate__c = :tmpVar1 AND saBusinessLocation__c = :tmpVar2 AND User__c != :tmpVar3)
10:54:05.0 (35567533)|SOQL_EXECUTE_END|[227]|Rows:0
10:54:05.0 (35589064)|HEAP_ALLOCATE|[227]|Bytes:4
10:54:05.0 (35603018)|HEAP_ALLOCATE|[227]|Bytes:0
10:54:05.0 (35630237)|HEAP_ALLOCATE|[227]|Bytes:4
10:54:05.0 (35640694)|VARIABLE_SCOPE_BEGIN|[227]|lsInqOtherPeople|List<saInquiryReply__c>|true|false
10:54:05.0 (35656272)|VARIABLE_ASSIGNMENT|[227]|lsInqOtherPeople|[]|0x3d2ba1ab
10:54:05.0 (35688191)|STATEMENT_EXECUTE|[234]
10:54:05.0 (35690666)|STATEMENT_EXECUTE|[240]
10:54:05.0 (35693514)|VARIABLE_SCOPE_BEGIN|[240]|lsTemplate|List<saInquiryReply__c>|true|false
10:54:05.0 (35703373)|VARIABLE_ASSIGNMENT|[240]|lsTemplate|null|
10:54:05.0 (35874692)|VARIABLE_ASSIGNMENT|[EXTERNAL]|this|{"BusinessLocationName":"","currentInquiryReply":"0x55c164aa","currentInquiryReplyDetail":"0x446f3bce","dailyReportId":"a0IN0000006RUllMAG","dCurrentDay":"2018-06-30T00:00:00Z","dCurrentMonth":"2018-07-01T00:00:00Z","iCurrentDay":0,"idBusinessLocation":"","isIPhone":false,"isPreview":true,"lsBusinessLocation":"0x24b688e","messageError":"","messageQuestion":"","mpQuestions":"0x76235f31","myUser":"0x6d268e48","sourceOfTheCall":"preview"}|0xa576624
10:54:05.0 (35896333)|STATEMENT_EXECUTE|[252]
10:54:05.0 (35898340)|STATEMENT_EXECUTE|[253]
10:54:05.0 (35902037)|HEAP_ALLOCATE|[253]|Bytes:393
10:54:05.0 (35916912)|HEAP_ALLOCATE|[253]|Bytes:4
10:54:05.0 (35945459)|METHOD_ENTRY|[259]||System.UserInfo.getUserId()
10:54:05.0 (35967071)|METHOD_EXIT|[259]||System.UserInfo.getUserId()
10:54:05.0 (36374497)|SOQL_EXECUTE_BEGIN|[253]|Aggregations:0|SELECT Id, saBusinessLocation__c, Status__c, saInquiry__c, Comment__c FROM saInquiryReply__c WHERE (saInquiry__r.Type__c = 'DAILY_REPORT' AND (saInquiry__r.ValidFrom__c = NULL OR saInquiry__r.ValidFrom__c <= :tmpVar1) AND (saInquiry__r.ValidTo__c = NULL OR saInquiry__r.ValidTo__c >= :tmpVar2) AND DailyReportDate__c = NULL AND User__c = :tmpVar3) ORDER BY CreatedDate DESC NULLS FIRST LIMIT 1
10:54:05.0 (40627808)|SOQL_EXECUTE_END|[253]|Rows:1
10:54:05.0 (40656789)|HEAP_ALLOCATE|[253]|Bytes:8
10:54:05.0 (40674298)|HEAP_ALLOCATE|[253]|Bytes:89
10:54:05.0 (40697568)|HEAP_ALLOCATE|[253]|Bytes:8
10:54:05.0 (40727094)|VARIABLE_ASSIGNMENT|[253]|lsTemplate|[{"Id":"a0KN0000007Kg4nMAC","Status__c":"WAITING_REPLY","saInquiry__c":"a0IN0000006RUllMAG"}]|0x774da519
10:54:05.0 (40734862)|STATEMENT_EXECUTE|[264]
10:54:05.0 (40739069)|HEAP_ALLOCATE|[264]|Bytes:11
10:54:05.0 (40837354)|HEAP_ALLOCATE|[264]|Bytes:101
10:54:05.0 (40860989)|HEAP_ALLOCATE|[264]|Bytes:112
10:54:05.0 (40883603)|USER_DEBUG|[264]|DEBUG|Template : (saInquiryReply__c:{Id=a0KN0000007Kg4nMAC, Status__c=WAITING_REPLY, saInquiry__c=a0IN0000006RUllMAG})
10:54:05.0 (40912505)|STATEMENT_EXECUTE|[265]
10:54:05.0 (40915045)|STATEMENT_EXECUTE|[271]
10:54:05.0 (40929418)|HEAP_ALLOCATE|[271]|Bytes:16
10:54:05.0 (40960486)|VARIABLE_SCOPE_BEGIN|[271]|idInquiry|Id|false|false
10:54:05.0 (41032622)|VARIABLE_ASSIGNMENT|[271]|idInquiry|"a0IN0000006RUllMAG"
10:54:05.0 (41039613)|STATEMENT_EXECUTE|[272]
10:54:05.0 (41059060)|HEAP_ALLOCATE|[272]|Bytes:4
10:54:05.0 (41316870)|VARIABLE_ASSIGNMENT|[EXTERNAL]|this|{"BusinessLocationName":"","currentInquiryReply":"0x55c164aa","currentInquiryReplyDetail":"0x446f3bce","dailyReportId":"a0IN0000006RUllMAG","dCurrentDay":"2018-06-30T00:00:00Z","dCurrentMonth":"2018-07-01T00:00:00Z","iCurrentDay":0,"idBusinessLocation":"","isIPhone":false,"isPreview":true,"lsBusinessLocation":"0x24b688e","messageError":"","messageQuestion":"","mpQuestions":"0x76235f31","myUser":"0x6d268e48","sourceOfTheCall":"preview"}|0xa576624
10:54:05.0 (41336359)|VARIABLE_ASSIGNMENT|[EXTERNAL]|value|{}|0x1b1c5418
10:54:05.0 (41348238)|VARIABLE_ASSIGNMENT|[21]|this.currentInquiryReply|{}|0xa576624
10:54:05.0 (41359279)|STATEMENT_EXECUTE|[273]
10:54:05.0 (41501642)|VARIABLE_ASSIGNMENT|[EXTERNAL]|this|{"BusinessLocationName":"","currentInquiryReply":"0x1b1c5418","currentInquiryReplyDetail":"0x446f3bce","dailyReportId":"a0IN0000006RUllMAG","dCurrentDay":"2018-06-30T00:00:00Z","dCurrentMonth":"2018-07-01T00:00:00Z","iCurrentDay":0,"idBusinessLocation":"","isIPhone":false,"isPreview":true,"lsBusinessLocation":"0x24b688e","messageError":"","messageQuestion":"","mpQuestions":"0x76235f31","myUser":"0x6d268e48","sourceOfTheCall":"preview"}|0xa576624
10:54:05.0 (41584809)|VARIABLE_ASSIGNMENT|[273]|this.saInquiry__c|"a0IN0000006RUllMAG"|0x1b1c5418
10:54:05.0 (41741432)|VARIABLE_ASSIGNMENT|[EXTERNAL]|this|{"BusinessLocationName":"","currentInquiryReply":"0x1b1c5418","currentInquiryReplyDetail":"0x446f3bce","dailyReportId":"a0IN0000006RUllMAG","dCurrentDay":"2018-06-30T00:00:00Z","dCurrentMonth":"2018-07-01T00:00:00Z","iCurrentDay":0,"idBusinessLocation":"","isIPhone":false,"isPreview":true,"lsBusinessLocation":"0x24b688e","messageError":"","messageQuestion":"","mpQuestions":"0x76235f31","myUser":"0x6d268e48","sourceOfTheCall":"preview"}|0xa576624
10:54:05.0 (41760349)|STATEMENT_EXECUTE|[277]
10:54:05.0 (41762549)|STATEMENT_EXECUTE|[280]
10:54:05.0 (41768138)|METHOD_ENTRY|[280]||System.UserInfo.getUserId()
10:54:05.0 (41790319)|METHOD_EXIT|[280]||System.UserInfo.getUserId()
10:54:05.0 (41805013)|HEAP_ALLOCATE|[280]|Bytes:4
10:54:05.0 (41944402)|VARIABLE_ASSIGNMENT|[EXTERNAL]|this|{"BusinessLocationName":"","currentInquiryReply":"0x1b1c5418","currentInquiryReplyDetail":"0x446f3bce","dailyReportId":"a0IN0000006RUllMAG","dCurrentDay":"2018-06-30T00:00:00Z","dCurrentMonth":"2018-07-01T00:00:00Z","iCurrentDay":0,"idBusinessLocation":"","isIPhone":false,"isPreview":true,"lsBusinessLocation":"0x24b688e","messageError":"","messageQuestion":"","mpQuestions":"0x76235f31","myUser":"0x6d268e48","sourceOfTheCall":"preview"}|0xa576624
10:54:05.0 (41999239)|VARIABLE_ASSIGNMENT|[280]|this.User__c|"005N00000057PfOIAU"|0x1b1c5418
10:54:05.0 (42006548)|STATEMENT_EXECUTE|[281]
10:54:05.0 (42149830)|VARIABLE_ASSIGNMENT|[EXTERNAL]|this|{"BusinessLocationName":"","currentInquiryReply":"0x1b1c5418","currentInquiryReplyDetail":"0x446f3bce","dailyReportId":"a0IN0000006RUllMAG","dCurrentDay":"2018-06-30T00:00:00Z","dCurrentMonth":"2018-07-01T00:00:00Z","iCurrentDay":0,"idBusinessLocation":"","isIPhone":false,"isPreview":true,"lsBusinessLocation":"0x24b688e","messageError":"","messageQuestion":"","mpQuestions":"0x76235f31","myUser":"0x6d268e48","sourceOfTheCall":"preview"}|0xa576624
10:54:05.0 (42205856)|VARIABLE_ASSIGNMENT|[281]|this.DailyReportDate__c|"2018-06-30T00:00:00.000Z"|0x1b1c5418
10:54:05.0 (42212780)|STATEMENT_EXECUTE|[282]
10:54:05.0 (42217188)|HEAP_ALLOCATE|[282]|Bytes:13
10:54:05.0 (42360161)|VARIABLE_ASSIGNMENT|[EXTERNAL]|this|{"BusinessLocationName":"","currentInquiryReply":"0x1b1c5418","currentInquiryReplyDetail":"0x446f3bce","dailyReportId":"a0IN0000006RUllMAG","dCurrentDay":"2018-06-30T00:00:00Z","dCurrentMonth":"2018-07-01T00:00:00Z","iCurrentDay":0,"idBusinessLocation":"","isIPhone":false,"isPreview":true,"lsBusinessLocation":"0x24b688e","messageError":"","messageQuestion":"","mpQuestions":"0x76235f31","myUser":"0x6d268e48","sourceOfTheCall":"preview"}|0xa576624
10:54:05.0 (42406151)|VARIABLE_ASSIGNMENT|[282]|this.Status__c|"WAITING_REPLY"|0x1b1c5418
10:54:05.0 (42413530)|STATEMENT_EXECUTE|[283]
10:54:05.0 (42552891)|VARIABLE_ASSIGNMENT|[EXTERNAL]|this|{"BusinessLocationName":"","currentInquiryReply":"0x1b1c5418","currentInquiryReplyDetail":"0x446f3bce","dailyReportId":"a0IN0000006RUllMAG","dCurrentDay":"2018-06-30T00:00:00Z","dCurrentMonth":"2018-07-01T00:00:00Z","iCurrentDay":0,"idBusinessLocation":"","isIPhone":false,"isPreview":true,"lsBusinessLocation":"0x24b688e","messageError":"","messageQuestion":"","mpQuestions":"0x76235f31","myUser":"0x6d268e48","sourceOfTheCall":"preview"}|0xa576624
10:54:05.0 (42593938)|VARIABLE_ASSIGNMENT|[283]|this.Comment__c|""|0x1b1c5418
10:54:05.0 (42600616)|STATEMENT_EXECUTE|[285]
10:54:05.0 (42604345)|HEAP_ALLOCATE|[285]|Bytes:625
10:54:05.0 (42623636)|HEAP_ALLOCATE|[285]|Bytes:4
10:54:05.0 (43124077)|SOQL_EXECUTE_BEGIN|[285]|Aggregations:0|SELECT Id, QuestionLabel__c, AnswerType__c, NumberPossibleReplies__c, IsShortReply__c, SortNo__c, IsRequired__c, Reply01Label__c, Reply02Label__c, Reply03Label__c, Reply04Label__c, Reply05Label__c, Reply06Label__c, Reply07Label__c, Reply08Label__c, Reply09Label__c, Reply10Label__c, Reply11Label__c, Reply12Label__c, Reply13Label__c, Reply14Label__c, Reply15Label__c, Reply16Label__c, Reply17Label__c, Reply18Label__c, Reply19Label__c, Reply20Label__c, Reply21Label__c, Reply22Label__c, Reply23Label__c, Reply24Label__c, Reply25Label__c FROM saInquiryDetail__c WHERE saInquiry__c = :tmpVar1 ORDER BY SortNo__c ASC NULLS FIRST
10:54:05.0 (52490396)|SOQL_EXECUTE_END|[285]|Rows:1
10:54:05.0 (52516262)|HEAP_ALLOCATE|[285]|Bytes:8
10:54:05.0 (52541867)|HEAP_ALLOCATE|[285]|Bytes:282
10:54:05.0 (52600671)|HEAP_ALLOCATE|[285]|Bytes:8
10:54:05.0 (52626374)|VARIABLE_SCOPE_BEGIN|[285]|lsTmpQuest|List<saInquiryDetail__c>|true|false
10:54:05.0 (52669125)|VARIABLE_ASSIGNMENT|[285]|lsTmpQuest|[{"Id":"a0JN0000008h2r2MAA","QuestionLabel__c":"Works?","AnswerType__c":"CHECKBOX","NumberPossibleReplies__c":2,"IsShortReply__c":true,"SortNo__c":0,"IsRequired__c":false,"Reply01Label__c":"Yes!","Reply02Label__c":"No!"}]|0x335382d8
10:54:05.0 (52859004)|HEAP_ALLOCATE|[295]|Bytes:5
10:54:05.0 (52885834)|HEAP_ALLOCATE|[295]|Bytes:40
10:54:05.0 (52897407)|VARIABLE_SCOPE_BEGIN|[295]|quest|saInquiryDetail__c|true|false
10:54:05.0 (52923830)|VARIABLE_ASSIGNMENT|[295]|quest|{"Id":"a0JN0000008h2r2MAA","QuestionLabel__c":"Works?","AnswerType__c":"CHECKBOX","NumberPossibleReplies__c":2,"IsShortReply__c":true,"SortNo__c":0,"IsRequired__c":false,"Reply01Label__c":"Yes!","Reply02Label__c":"No!"}|0x3637fa8d
10:54:05.0 (52932798)|STATEMENT_EXECUTE|[295]
10:54:05.0 (52934994)|STATEMENT_EXECUTE|[296]
10:54:05.0 (52959190)|HEAP_ALLOCATE|[296]|Bytes:4
10:54:05.0 (53040886)|VARIABLE_SCOPE_BEGIN|[296]|questReply|saInquiryReplyDetail__c|true|false
10:54:05.0 (53056086)|VARIABLE_ASSIGNMENT|[296]|questReply|{}|0x19ddebd1
10:54:05.0 (53061768)|STATEMENT_EXECUTE|[297]
10:54:05.0 (53160312)|VARIABLE_ASSIGNMENT|[297]|this.saInquiryDetail__c|"a0JN0000008h2r2MAA"|0x19ddebd1
10:54:05.0 (53167950)|STATEMENT_EXECUTE|[298]
10:54:05.0 (53371334)|VARIABLE_ASSIGNMENT|[EXTERNAL]|this|{"BusinessLocationName":"","currentInquiryReply":"0x1b1c5418","currentInquiryReplyDetail":"0x446f3bce","dailyReportId":"a0IN0000006RUllMAG","dCurrentDay":"2018-06-30T00:00:00Z","dCurrentMonth":"2018-07-01T00:00:00Z","iCurrentDay":0,"idBusinessLocation":"","isIPhone":false,"isPreview":true,"lsBusinessLocation":"0x24b688e","messageError":"","messageQuestion":"","mpQuestions":"0x76235f31","myUser":"0x6d268e48","sourceOfTheCall":"preview"}|0xa576624
10:54:05.0 (53403121)|HEAP_ALLOCATE|[EXTERNAL]|Bytes:4
10:54:05.0 (53411675)|STATEMENT_EXECUTE|[299]
10:54:05.0 (53560000)|VARIABLE_ASSIGNMENT|[EXTERNAL]|this|{"BusinessLocationName":"","currentInquiryReply":"0x1b1c5418","currentInquiryReplyDetail":"0x446f3bce","dailyReportId":"a0IN0000006RUllMAG","dCurrentDay":"2018-06-30T00:00:00Z","dCurrentMonth":"2018-07-01T00:00:00Z","iCurrentDay":0,"idBusinessLocation":"","isIPhone":false,"isPreview":true,"lsBusinessLocation":"0x24b688e","messageError":"","messageQuestion":"","mpQuestions":"0x76235f31","myUser":"0x6d268e48","sourceOfTheCall":"preview"}|0xa576624
10:54:05.0 (53598170)|HEAP_ALLOCATE|[EXTERNAL]|Bytes:-4
10:54:05.0 (53621082)|HEAP_ALLOCATE|[295]|Bytes:5
10:54:05.0 (53636483)|VARIABLE_ASSIGNMENT|[295]|quest|null|
10:54:05.0 (53648937)|SYSTEM_MODE_EXIT|false
10:54:05.0 (69585576)|SYSTEM_MODE_ENTER|true
10:54:05.0 (69621760)|HEAP_ALLOCATE|[EXTERNAL]|Bytes:40
10:54:05.0 (69635756)|VARIABLE_ASSIGNMENT|[EXTERNAL]|this.iCountComments|null|0x38b55cd9
10:54:05.0 (69679928)|SYSTEM_MODE_ENTER|true
10:54:05.0 (69692825)|HEAP_ALLOCATE|[EXTERNAL]|Bytes:40
10:54:05.0 (69700445)|VARIABLE_ASSIGNMENT|[EXTERNAL]|this.iCountLikes|null|0x38b55cd9
10:54:05.0 (69767829)|SYSTEM_MODE_ENTER|true
10:54:05.0 (69813454)|HEAP_ALLOCATE|[EXTERNAL]|Bytes:76
10:54:05.0 (69822950)|VARIABLE_SCOPE_BEGIN|[92]|this|saDailyReportCtrl|true|false
10:54:05.0 (70022827)|VARIABLE_ASSIGNMENT|[92]|this|{"BusinessLocationName":"","currentInquiryReply":"0x1b1c5418","currentInquiryReplyDetail":"0x446f3bce","dailyReportId":"a0IN0000006RUllMAG","dCurrentDay":"2018-06-30T00:00:00Z","dCurrentMonth":"2018-07-01T00:00:00Z","iCurrentDay":0,"idBusinessLocation":"","isIPhone":false,"isPreview":true,"lsBusinessLocation":"0x24b688e","messageError":"","messageQuestion":"","mpQuestions":"0x76235f31","myUser":"0x6d268e48","sourceOfTheCall":"preview"}|0xa576624
10:54:05.0 (70045450)|SYSTEM_MODE_ENTER|false
10:54:05.0 (70053531)|HEAP_ALLOCATE|[92]|Bytes:5
10:54:05.0 (70058823)|STATEMENT_EXECUTE|[92]
10:54:05.0 (70060669)|STATEMENT_EXECUTE|[92]
10:54:05.0 (70067403)|SYSTEM_MODE_EXIT|false
10:54:05.0 (70114009)|SYSTEM_MODE_ENTER|true
10:54:05.0 (70132360)|HEAP_ALLOCATE|[EXTERNAL]|Bytes:8
10:54:05.0 (70136991)|HEAP_ALLOCATE|[EXTERNAL]|Bytes:40
10:54:05.0 (70145825)|VARIABLE_ASSIGNMENT|[EXTERNAL]|this.iTypeOfScreen|54|0x38b55cd9
10:54:05.0 (70214716)|SYSTEM_MODE_ENTER|true
10:54:05.0 (70249249)|HEAP_ALLOCATE|[EXTERNAL]|Bytes:40
10:54:05.0 (70255766)|VARIABLE_SCOPE_BEGIN|[80]|this|auMainTopCompCtrl|true|false
10:54:05.0 (70292815)|VARIABLE_ASSIGNMENT|[80]|this|{"currentUser":"0x4ab1f7e6","iTypeOfScreen":54,"urlReportsSFA":"https://cs6.lightnin (84 more) ..."}|0x38b55cd9
10:54:05.0 (70302196)|STATEMENT_EXECUTE|[80]
10:54:05.0 (70304154)|STATEMENT_EXECUTE|[81]
10:54:05.0 (70334602)|VARIABLE_ASSIGNMENT|[EXTERNAL]|this|{"currentUser":"0x4ab1f7e6","iTypeOfScreen":54,"urlReportsSFA":"https://cs6.lightnin (84 more) ..."}|0x38b55cd9
10:54:05.0 (70370562)|VARIABLE_ASSIGNMENT|[EXTERNAL]|this|{"currentUser":"0x4ab1f7e6","iTypeOfScreen":54,"urlReportsSFA":"https://cs6.lightnin (84 more) ..."}|0x38b55cd9
10:54:05.0 (70400290)|VARIABLE_ASSIGNMENT|[EXTERNAL]|this|{"currentUser":"0x4ab1f7e6","iTypeOfScreen":54,"urlReportsSFA":"https://cs6.lightnin (84 more) ..."}|0x38b55cd9
10:54:05.0 (70428431)|VARIABLE_ASSIGNMENT|[EXTERNAL]|this|{"currentUser":"0x4ab1f7e6","iTypeOfScreen":54,"urlReportsSFA":"https://cs6.lightnin (84 more) ..."}|0x38b55cd9
10:54:05.0 (70442047)|HEAP_ALLOCATE|[81]|Bytes:5
10:54:05.0 (70507019)|SYSTEM_MODE_ENTER|true
10:54:05.0 (70536818)|HEAP_ALLOCATE|[EXTERNAL]|Bytes:40
10:54:05.0 (70543353)|VARIABLE_SCOPE_BEGIN|[99]|this|auMainTopCompCtrl|true|false
10:54:05.0 (70571187)|VARIABLE_ASSIGNMENT|[99]|this|{"currentUser":"0x4ab1f7e6","iTypeOfScreen":54,"urlReportsSFA":"https://cs6.lightnin (84 more) ..."}|0x38b55cd9
10:54:05.0 (70579762)|STATEMENT_EXECUTE|[99]
10:54:05.0 (70581640)|STATEMENT_EXECUTE|[100]
10:54:05.0 (70606121)|VARIABLE_ASSIGNMENT|[EXTERNAL]|this|{"currentUser":"0x4ab1f7e6","iTypeOfScreen":54,"urlReportsSFA":"https://cs6.lightnin (84 more) ..."}|0x38b55cd9
10:54:05.0 (70623888)|HEAP_ALLOCATE|[100]|Bytes:5
10:54:05.0 (70704376)|SYSTEM_MODE_ENTER|true
10:54:05.0 (70791556)|SYSTEM_MODE_ENTER|true
10:54:05.0 (70892452)|SYSTEM_MODE_ENTER|true
10:54:05.0 (71065810)|SYSTEM_MODE_ENTER|true
10:54:05.0 (73316225)|SYSTEM_MODE_ENTER|true
10:54:05.0 (73395572)|SYSTEM_MODE_ENTER|true
10:54:05.0 (74108013)|SYSTEM_MODE_ENTER|true
10:54:05.0 (74148938)|HEAP_ALLOCATE|[EXTERNAL]|Bytes:76
10:54:05.0 (74156915)|VARIABLE_SCOPE_BEGIN|[141]|this|saDailyReportCtrl|true|false
10:54:05.0 (74323804)|VARIABLE_ASSIGNMENT|[141]|this|{"BusinessLocationName":"","currentInquiryReply":"0x1b1c5418","currentInquiryReplyDetail":"0x446f3bce","dailyReportId":"a0IN0000006RUllMAG","dCurrentDay":"2018-06-30T00:00:00Z","dCurrentMonth":"2018-07-01T00:00:00Z","iCurrentDay":0,"idBusinessLocation":"","isIPhone":false,"isPreview":true,"lsBusinessLocation":"0x24b688e","messageError":"","messageQuestion":"","mpQuestions":"0x76235f31","myUser":"0x6d268e48","sourceOfTheCall":"preview"}|0xa576624
10:54:05.0 (74343802)|SYSTEM_MODE_ENTER|false
10:54:05.0 (74351526)|HEAP_ALLOCATE|[142]|Bytes:5
10:54:05.0 (74356587)|STATEMENT_EXECUTE|[141]
10:54:05.0 (74358496)|STATEMENT_EXECUTE|[142]
10:54:05.0 (74420829)|HEAP_ALLOCATE|[142]|Bytes:4
10:54:05.0 (74432141)|HEAP_ALLOCATE|[142]|Bytes:1
10:54:05.0 (74451343)|HEAP_ALLOCATE|[142]|Bytes:1
10:54:05.0 (74459438)|HEAP_ALLOCATE|[142]|Bytes:1
10:54:05.0 (74484335)|HEAP_ALLOCATE|[142]|Bytes:2
10:54:05.0 (74499429)|HEAP_ALLOCATE|[142]|Bytes:9
10:54:05.0 (74506587)|HEAP_ALLOCATE|[142]|Bytes:10
10:54:05.0 (74512994)|SYSTEM_MODE_EXIT|false
10:54:05.0 (74697252)|SYSTEM_MODE_ENTER|true
10:54:05.0 (75127227)|SYSTEM_MODE_ENTER|true
10:54:05.0 (89084549)|VF_SERIALIZE_VIEWSTATE_BEGIN|066N0000000M4pW
10:54:05.0 (92597952)|VF_SERIALIZE_VIEWSTATE_END
10:54:05.95 (95937444)|CUMULATIVE_LIMIT_USAGE
10:54:05.95 (95937444)|LIMIT_USAGE_FOR_NS|(default)|
  Number of SOQL queries: 5 out of 100
  Number of query rows: 2 out of 50000
  Number of SOSL queries: 0 out of 20
  Number of DML statements: 0 out of 150
  Number of DML rows: 0 out of 10000
  Maximum CPU time: 0 out of 10000
  Maximum heap size: 0 out of 6000000
  Number of callouts: 0 out of 100
  Number of Email Invocations: 0 out of 10
  Number of future calls: 0 out of 50
  Number of queueable jobs added to the queue: 0 out of 50
  Number of Mobile Apex push calls: 0 out of 10

10:54:05.95 (95937444)|CUMULATIVE_LIMIT_USAGE_END

10:54:05.0 (95975211)|CODE_UNIT_FINISHED|VF: /apex/sadailyreport
10:54:05.0 (96715854)|EXECUTION_FINISHED
