38.0 APEX_CODE,FINEST;APEX_PROFILING,INFO;CALLOUT,INFO;DB,INFO;NBA,INFO;SYSTEM,DEBUG;VALIDATION,INFO;VISUALFORCE,INFO;WAVE,INFO;WORKFLOW,INFO
20:43:27.0 (84181)|USER_INFO|[EXTERNAL]|005N00000057RPN|duc.huynhmanh+kddi-gwdev01@globalway.co.jp|日本標準時|GMT+09:00
20:43:27.0 (118953)|EXECUTION_STARTED
20:43:27.0 (123037)|CODE_UNIT_STARTED|[EXTERNAL]|066N0000000F3A9|VF: /apex/auCXKnowledgeListPage
20:43:27.0 (596388)|VF_DESERIALIZE_VIEWSTATE_BEGIN|066N0000000F3A9
20:43:27.0 (4900845)|HEAP_ALLOCATE|[72]|Bytes:3
20:43:27.0 (4935995)|HEAP_ALLOCATE|[77]|Bytes:152
20:43:27.0 (4951941)|HEAP_ALLOCATE|[342]|Bytes:408
20:43:27.0 (4966655)|HEAP_ALLOCATE|[355]|Bytes:408
20:43:27.0 (4976882)|HEAP_ALLOCATE|[467]|Bytes:48
20:43:27.0 (4999642)|HEAP_ALLOCATE|[139]|Bytes:6
20:43:27.0 (5022048)|HEAP_ALLOCATE|[50]|Bytes:5
20:43:27.0 (5039212)|HEAP_ALLOCATE|[56]|Bytes:5
20:43:27.0 (5047665)|HEAP_ALLOCATE|[64]|Bytes:7
20:43:27.0 (8234804)|VARIABLE_SCOPE_BEGIN|[27]|auCXKnowledgeListCtrl.COOKIE_CATEGORY|String|false|true
20:43:27.0 (8249702)|VARIABLE_SCOPE_BEGIN|[29]|auCXKnowledgeListCtrl.COOKIE_EXPIRATION_DATE|Integer|false|true
20:43:27.0 (8257936)|VARIABLE_SCOPE_BEGIN|[22]|auCXKnowledgeListCtrl.COOKIE_FAVORITE|String|false|true
20:43:27.0 (8264597)|VARIABLE_SCOPE_BEGIN|[21]|auCXKnowledgeListCtrl.COOKIE_FREETEXT|String|false|true
20:43:27.0 (8271185)|VARIABLE_SCOPE_BEGIN|[28]|auCXKnowledgeListCtrl.COOKIE_LABEL_INIT_SEARCH_FLG|String|false|true
20:43:27.0 (8278686)|VARIABLE_SCOPE_BEGIN|[18]|auCXKnowledgeListCtrl.COOKIE_PREFIX|String|false|true
20:43:27.0 (8284626)|VARIABLE_SCOPE_BEGIN|[23]|auCXKnowledgeListCtrl.COOKIE_SHISHA|String|false|true
20:43:27.0 (8290503)|VARIABLE_SCOPE_BEGIN|[24]|auCXKnowledgeListCtrl.COOKIE_SHITEN|String|false|true
20:43:27.0 (8296596)|VARIABLE_SCOPE_BEGIN|[26]|auCXKnowledgeListCtrl.COOKIE_SHOPS|String|false|true
20:43:27.0 (8303243)|VARIABLE_SCOPE_BEGIN|[19]|auCXKnowledgeListCtrl.COOKIE_STATUS|String|false|true
20:43:27.0 (8309897)|VARIABLE_SCOPE_BEGIN|[25]|auCXKnowledgeListCtrl.COOKIE_UNEIHOJIN|String|false|true
20:43:27.0 (8316762)|VARIABLE_SCOPE_BEGIN|[3]|auCXKnowledgeListCtrl.URL_PARAM_NAME_CX_KNOWLEDGE_ID|String|false|true
20:43:27.0 (8326955)|VARIABLE_SCOPE_BEGIN|[4]|auCXKnowledgeListCtrl.URL_PARAM_NAME_SHOP_ID|String|false|true
20:43:27.0 (9752543)|VARIABLE_SCOPE_BEGIN|[25]|auMainTopCompCtrl.TYPE_SCREEN_ACCOUNT_LIST|Integer|false|true
20:43:27.0 (9765407)|VARIABLE_SCOPE_BEGIN|[26]|auMainTopCompCtrl.TYPE_SCREEN_ACTIVITY_LIST|Integer|false|true
20:43:27.0 (9774307)|VARIABLE_SCOPE_BEGIN|[7]|auMainTopCompCtrl.TYPE_SCREEN_CX_SCREEN|Integer|false|true
20:43:27.0 (9781763)|VARIABLE_SCOPE_BEGIN|[8]|auMainTopCompCtrl.TYPE_SCREEN_CX_TIMELINE|Integer|false|true
20:43:27.0 (9788390)|VARIABLE_SCOPE_BEGIN|[9]|auMainTopCompCtrl.TYPE_SCREEN_EVENT_SCHEDULE|Integer|false|true
20:43:27.0 (9795350)|VARIABLE_SCOPE_BEGIN|[10]|auMainTopCompCtrl.TYPE_SCREEN_EVENT_SCHEDULE_LIST|Integer|false|true
20:43:27.0 (9802245)|VARIABLE_SCOPE_BEGIN|[27]|auMainTopCompCtrl.TYPE_SCREEN_FILE_LIST|Integer|false|true
20:43:27.0 (9809845)|VARIABLE_SCOPE_BEGIN|[24]|auMainTopCompCtrl.TYPE_SCREEN_HONBU_DIRECT|Integer|false|true
20:43:27.0 (9816362)|VARIABLE_SCOPE_BEGIN|[11]|auMainTopCompCtrl.TYPE_SCREEN_KNOWLEDGE_DASHBOARD|Integer|false|true
20:43:27.0 (9822362)|VARIABLE_SCOPE_BEGIN|[12]|auMainTopCompCtrl.TYPE_SCREEN_KNOWLEDGE_LIST|Integer|false|true
20:43:27.0 (9828935)|VARIABLE_SCOPE_BEGIN|[15]|auMainTopCompCtrl.TYPE_SCREEN_SA_CHATTER|Integer|false|true
20:43:27.0 (9835741)|VARIABLE_SCOPE_BEGIN|[16]|auMainTopCompCtrl.TYPE_SCREEN_SA_DAILYREPORT|Integer|false|true
20:43:27.0 (9842254)|VARIABLE_SCOPE_BEGIN|[22]|auMainTopCompCtrl.TYPE_SCREEN_SA_DAILYREPORTLIST|Integer|false|true
20:43:27.0 (9849014)|VARIABLE_SCOPE_BEGIN|[18]|auMainTopCompCtrl.TYPE_SCREEN_SA_DOCUMENTS|Integer|false|true
20:43:27.0 (9855570)|VARIABLE_SCOPE_BEGIN|[17]|auMainTopCompCtrl.TYPE_SCREEN_SA_ENQUETE|Integer|false|true
20:43:27.0 (9861952)|VARIABLE_SCOPE_BEGIN|[20]|auMainTopCompCtrl.TYPE_SCREEN_SA_LINKS|Integer|false|true
20:43:27.0 (9868464)|VARIABLE_SCOPE_BEGIN|[13]|auMainTopCompCtrl.TYPE_SCREEN_SA_MESSAGES|Integer|false|true
20:43:27.0 (9875108)|VARIABLE_SCOPE_BEGIN|[19]|auMainTopCompCtrl.TYPE_SCREEN_SA_RANKING|Integer|false|true
20:43:27.0 (9881982)|VARIABLE_SCOPE_BEGIN|[14]|auMainTopCompCtrl.TYPE_SCREEN_SA_REPORTS|Integer|false|true
20:43:27.0 (9888407)|VARIABLE_SCOPE_BEGIN|[23]|auMainTopCompCtrl.TYPE_SCREEN_SA_TODO|Integer|false|true
20:43:27.0 (9895140)|VARIABLE_SCOPE_BEGIN|[21]|auMainTopCompCtrl.TYPE_SCREEN_SA_USRSETTINGS|Integer|false|true
20:43:27.0 (9902255)|VARIABLE_SCOPE_BEGIN|[4]|auMainTopCompCtrl.TYPE_SCREEN_STPD_EVENT|Integer|false|true
20:43:27.0 (9908690)|VARIABLE_SCOPE_BEGIN|[6]|auMainTopCompCtrl.TYPE_SCREEN_STPD_SCREEN|Integer|false|true
20:43:27.0 (9915584)|VARIABLE_SCOPE_BEGIN|[5]|auMainTopCompCtrl.TYPE_SCREEN_STPD_TIMELINE|Integer|false|true
20:43:27.0 (9922242)|VARIABLE_SCOPE_BEGIN|[3]|auMainTopCompCtrl.TYPE_SCREEN_SWITCH|Integer|false|true
20:43:27.0 (14311985)|VF_DESERIALIZE_VIEWSTATE_END
20:43:27.0 (20458773)|SYSTEM_MODE_ENTER|true
20:43:27.0 (20493823)|HEAP_ALLOCATE|[EXTERNAL]|Bytes:12
20:43:27.0 (20514786)|HEAP_ALLOCATE|[EXTERNAL]|Bytes:912
20:43:27.0 (20521435)|HEAP_ALLOCATE|[EXTERNAL]|Bytes:463
20:43:27.0 (20526761)|HEAP_ALLOCATE|[EXTERNAL]|Bytes:7
20:43:27.0 (20531377)|HEAP_ALLOCATE|[EXTERNAL]|Bytes:8
20:43:27.0 (20555396)|VARIABLE_ASSIGNMENT|[EXTERNAL]|auCXKnowledgeListCtrl.COOKIE_CATEGORY|"Category"
20:43:27.0 (20562598)|HEAP_ALLOCATE|[EXTERNAL]|Bytes:8
20:43:27.0 (20570064)|VARIABLE_ASSIGNMENT|[EXTERNAL]|auCXKnowledgeListCtrl.COOKIE_FAVORITE|"Favorite"
20:43:27.0 (20574611)|HEAP_ALLOCATE|[EXTERNAL]|Bytes:8
20:43:27.0 (20580285)|VARIABLE_ASSIGNMENT|[EXTERNAL]|auCXKnowledgeListCtrl.COOKIE_FREETEXT|"FreeText"
20:43:27.0 (20584841)|HEAP_ALLOCATE|[EXTERNAL]|Bytes:13
20:43:27.0 (20591960)|VARIABLE_ASSIGNMENT|[EXTERNAL]|auCXKnowledgeListCtrl.COOKIE_LABEL_INIT_SEARCH_FLG|"initSearchFlg"
20:43:27.0 (20596789)|HEAP_ALLOCATE|[EXTERNAL]|Bytes:22
20:43:27.0 (20605723)|VARIABLE_ASSIGNMENT|[EXTERNAL]|auCXKnowledgeListCtrl.COOKIE_PREFIX|"auCXKnowledgeListPag (2 more) ..."
20:43:27.0 (20610702)|HEAP_ALLOCATE|[EXTERNAL]|Bytes:6
20:43:27.0 (20616513)|VARIABLE_ASSIGNMENT|[EXTERNAL]|auCXKnowledgeListCtrl.COOKIE_SHISHA|"Shisha"
20:43:27.0 (20621183)|HEAP_ALLOCATE|[EXTERNAL]|Bytes:6
20:43:27.0 (20626868)|VARIABLE_ASSIGNMENT|[EXTERNAL]|auCXKnowledgeListCtrl.COOKIE_SHITEN|"Shiten"
20:43:27.0 (20630880)|HEAP_ALLOCATE|[EXTERNAL]|Bytes:5
20:43:27.0 (20636272)|VARIABLE_ASSIGNMENT|[EXTERNAL]|auCXKnowledgeListCtrl.COOKIE_SHOPS|"Shops"
20:43:27.0 (20640598)|HEAP_ALLOCATE|[EXTERNAL]|Bytes:6
20:43:27.0 (20646138)|VARIABLE_ASSIGNMENT|[EXTERNAL]|auCXKnowledgeListCtrl.COOKIE_STATUS|"Status"
20:43:27.0 (20649847)|HEAP_ALLOCATE|[EXTERNAL]|Bytes:9
20:43:27.0 (20659600)|VARIABLE_ASSIGNMENT|[EXTERNAL]|auCXKnowledgeListCtrl.COOKIE_UNEIHOJIN|"UneiHojin"
20:43:27.0 (20663763)|HEAP_ALLOCATE|[EXTERNAL]|Bytes:11
20:43:27.0 (20671256)|VARIABLE_ASSIGNMENT|[EXTERNAL]|auCXKnowledgeListCtrl.URL_PARAM_NAME_CX_KNOWLEDGE_ID|"cxknowledge"
20:43:27.0 (20676344)|HEAP_ALLOCATE|[EXTERNAL]|Bytes:4
20:43:27.0 (20683043)|VARIABLE_ASSIGNMENT|[EXTERNAL]|auCXKnowledgeListCtrl.URL_PARAM_NAME_SHOP_ID|"shop"
20:43:27.0 (20705397)|METHOD_ENTRY|[1]|01pN0000000MoP2|auCXKnowledgeListCtrl.auCXKnowledgeListCtrl()
20:43:27.0 (20715868)|STATEMENT_EXECUTE|[1]
20:43:27.0 (20723179)|STATEMENT_EXECUTE|[1]
20:43:27.0 (20734436)|SYSTEM_MODE_ENTER|false
20:43:27.0 (20748721)|HEAP_ALLOCATE|[29]|Bytes:5
20:43:27.0 (20756183)|STATEMENT_EXECUTE|[29]
20:43:27.0 (20764461)|HEAP_ALLOCATE|[29]|Bytes:4
20:43:27.0 (20779093)|VARIABLE_ASSIGNMENT|[29]|auCXKnowledgeListCtrl.COOKIE_EXPIRATION_DATE|-1
20:43:27.0 (20786888)|STATEMENT_EXECUTE|[1373]
20:43:27.0 (20793800)|SYSTEM_MODE_EXIT|false
20:43:27.0 (20806812)|METHOD_EXIT|[1]|auCXKnowledgeListCtrl
20:43:27.0 (20947018)|SYSTEM_MODE_ENTER|true
20:43:27.0 (21045261)|SYSTEM_MODE_ENTER|true
20:43:27.0 (23587291)|SYSTEM_MODE_ENTER|true
20:43:27.0 (23802106)|SYSTEM_MODE_ENTER|true
20:43:27.0 (24048084)|HEAP_ALLOCATE|[EXTERNAL]|Bytes:208
20:43:27.0 (24062504)|VARIABLE_SCOPE_BEGIN|[10]|this|auCXKnowledgeListCtrl|true|false
20:43:27.0 (24660075)|VARIABLE_ASSIGNMENT|[10]|this|{"categoryOptions":"0x3ada015","currentUser":"0x30c1997c","cxKnowledgeAttachSharing":"0","cxKnowledgeNew":"0x198a5c1b","cxKnowledgeUpdate":"0x6be8414e","cxKnowledgeUpdateComments":"0x47640795","cxKnowledgeUpdateFeedId":"0D5N000000Lb2u0KAB","cxKnowledgeUpdateId":"a09N000000A2LPiIAN","errorMessage":"","filterFavorite":false,"filterFreeText":"","filterStatus":"","initSearchFlg":"true","isApprover":false,"isCreator":false,"isHonbu":false,"isLikedAlready":true,"isNationalApprover":false,"isRestrictedUser":false,"isShisha":false,"isShiten":false,"isShopUser":false,"lsCxKnowledgeUpdateAttachment":"0x2927aa64","mpUserComment":"0x1591cc45","optShisha":"0x5eb02068","optShiten":"0x398fdc84","optUneiHojin":"0x2d6f255b","orderBy":"DisplayedDate__c DESC","pageNum":1,"pageSize":20,"recordsCount":91,"searchFilter":"","ShopsOptions":"0x36072757","ssc":"0x696bf29f","whereStr":" WHERE IsCommentOnly__c = False"}|0x526c266a
20:43:27.0 (24691575)|SYSTEM_MODE_ENTER|false
20:43:27.0 (24700459)|HEAP_ALLOCATE|[10]|Bytes:5
20:43:27.0 (24706626)|STATEMENT_EXECUTE|[10]
20:43:27.0 (24709016)|STATEMENT_EXECUTE|[10]
20:43:27.0 (24915556)|VARIABLE_SCOPE_BEGIN|[135]|auConstantCmn.ACCESS_TYPE_KDDI|String|false|true
20:43:27.0 (24927238)|VARIABLE_SCOPE_BEGIN|[134]|auConstantCmn.ACCESS_TYPE_SA|String|false|true
20:43:27.0 (24935063)|VARIABLE_SCOPE_BEGIN|[136]|auConstantCmn.ACCESS_TYPE_SHOP|String|false|true
20:43:27.0 (24941836)|VARIABLE_SCOPE_BEGIN|[56]|auConstantCmn.ACCOUNT_CHANNEL_DAIRITEN|String|false|true
20:43:27.0 (24948639)|VARIABLE_SCOPE_BEGIN|[54]|auConstantCmn.ACCOUNT_CHANNEL_SHOP|String|false|true
20:43:27.0 (24956045)|VARIABLE_SCOPE_BEGIN|[55]|auConstantCmn.ACCOUNT_CHANNEL_UNEIHOJIN|String|false|true
20:43:27.0 (24965780)|VARIABLE_SCOPE_BEGIN|[111]|auConstantCmn.CX_KNOWLEDGE_SHARING_NATIONAL|String|false|true
20:43:27.0 (24974218)|VARIABLE_SCOPE_BEGIN|[110]|auConstantCmn.CX_KNOWLEDGE_SHARING_REGIONAL_OFFICE|String|false|true
20:43:27.0 (24981329)|VARIABLE_SCOPE_BEGIN|[116]|auConstantCmn.CX_KNOWLEDGE_STATUS_APPROVED|String|false|true
20:43:27.0 (24988772)|VARIABLE_SCOPE_BEGIN|[117]|auConstantCmn.CX_KNOWLEDGE_STATUS_NATIONAL_APPROVED|String|false|true
20:43:27.0 (24996401)|VARIABLE_SCOPE_BEGIN|[118]|auConstantCmn.CX_KNOWLEDGE_STATUS_REJECTED|String|false|true
20:43:27.0 (25003448)|VARIABLE_SCOPE_BEGIN|[115]|auConstantCmn.CX_KNOWLEDGE_STATUS_SAVED|String|false|true
20:43:27.0 (25010356)|VARIABLE_SCOPE_BEGIN|[114]|auConstantCmn.CX_KNOWLEDGE_STATUS_TEMPORARY_SAVED|String|false|true
20:43:27.0 (25019431)|VARIABLE_SCOPE_BEGIN|[20]|auConstantCmn.FORGOT_PASSWORD_ERR_MESSAGE001|String|false|true
20:43:27.0 (25028681)|VARIABLE_SCOPE_BEGIN|[131]|auConstantCmn.HONBU_DIRECT_DETAIL_TYPE_FAVORITE|String|false|true
20:43:27.0 (25036802)|VARIABLE_SCOPE_BEGIN|[130]|auConstantCmn.HONBU_DIRECT_DETAIL_TYPE_READ|String|false|true
20:43:27.0 (25043973)|VARIABLE_SCOPE_BEGIN|[122]|auConstantCmn.KDDI_KNOWLEDGE_STATUS_SAVED|String|false|true
20:43:27.0 (25052191)|VARIABLE_SCOPE_BEGIN|[121]|auConstantCmn.KDDI_KNOWLEDGE_STATUS_TEMPORARY_SAVED|String|false|true
20:43:27.0 (25059317)|VARIABLE_SCOPE_BEGIN|[14]|auConstantCmn.LOGIN_ERR_MESSAGE001|String|false|true
20:43:27.0 (25066045)|VARIABLE_SCOPE_BEGIN|[15]|auConstantCmn.LOGIN_ERR_MESSAGE002|String|false|true
20:43:27.0 (25075120)|VARIABLE_SCOPE_BEGIN|[16]|auConstantCmn.LOGIN_ERR_MESSAGE003|String|false|true
20:43:27.0 (25083445)|VARIABLE_SCOPE_BEGIN|[17]|auConstantCmn.LOGIN_ERR_MESSAGE004|String|false|true
20:43:27.0 (25090560)|VARIABLE_SCOPE_BEGIN|[97]|auConstantCmn.PAGE_ALIAS_SHOP_CX|String|false|true
20:43:27.0 (25098764)|VARIABLE_SCOPE_BEGIN|[88]|auConstantCmn.PAGE_ALIAS_SHOP_EVENTS|String|false|true
20:43:27.0 (25106684)|VARIABLE_SCOPE_BEGIN|[70]|auConstantCmn.PAGE_ALIAS_SHOP_FORGOTPW|String|false|true
20:43:27.0 (25113676)|VARIABLE_SCOPE_BEGIN|[78]|auConstantCmn.PAGE_ALIAS_SHOP_FORGOTPWCOMP|String|false|true
20:43:27.0 (25120645)|VARIABLE_SCOPE_BEGIN|[74]|auConstantCmn.PAGE_ALIAS_SHOP_FORGOTPWFORCE|String|false|true
20:43:27.0 (25131138)|VARIABLE_SCOPE_BEGIN|[85]|auConstantCmn.PAGE_ALIAS_SHOP_HOME|String|false|true
20:43:27.0 (25139656)|VARIABLE_SCOPE_BEGIN|[62]|auConstantCmn.PAGE_ALIAS_SHOP_LOGIN|String|false|true
20:43:27.0 (25148073)|VARIABLE_SCOPE_BEGIN|[66]|auConstantCmn.PAGE_ALIAS_SHOP_LOGOUT|String|false|true
20:43:27.0 (25155078)|VARIABLE_SCOPE_BEGIN|[82]|auConstantCmn.PAGE_ALIAS_SHOP_PASSWORDSIGNUP|String|false|true
20:43:27.0 (25162052)|VARIABLE_SCOPE_BEGIN|[103]|auConstantCmn.PAGE_ALIAS_SHOP_SCHEDULE|String|false|true
20:43:27.0 (25170338)|VARIABLE_SCOPE_BEGIN|[106]|auConstantCmn.PAGE_ALIAS_SHOP_SCHEDULE_LIST|String|false|true
20:43:27.0 (25177939)|VARIABLE_SCOPE_BEGIN|[91]|auConstantCmn.PAGE_ALIAS_SHOP_STPD|String|false|true
20:43:27.0 (25188300)|VARIABLE_SCOPE_BEGIN|[100]|auConstantCmn.PAGE_ALIAS_SHOP_TIMELINE_CX|String|false|true
20:43:27.0 (25196890)|VARIABLE_SCOPE_BEGIN|[94]|auConstantCmn.PAGE_ALIAS_SHOP_TIMELINE_STPD|String|false|true
20:43:27.0 (25205161)|VARIABLE_SCOPE_BEGIN|[96]|auConstantCmn.PAGE_VF_SHOP_CX|String|false|true
20:43:27.0 (25213062)|VARIABLE_SCOPE_BEGIN|[87]|auConstantCmn.PAGE_VF_SHOP_EVENTS|String|false|true
20:43:27.0 (25221484)|VARIABLE_SCOPE_BEGIN|[69]|auConstantCmn.PAGE_VF_SHOP_FORGOTPW|String|false|true
20:43:27.0 (25228690)|VARIABLE_SCOPE_BEGIN|[77]|auConstantCmn.PAGE_VF_SHOP_FORGOTPWCOMP|String|false|true
20:43:27.0 (25237657)|VARIABLE_SCOPE_BEGIN|[73]|auConstantCmn.PAGE_VF_SHOP_FORGOTPWFORCE|String|false|true
20:43:27.0 (25247591)|VARIABLE_SCOPE_BEGIN|[84]|auConstantCmn.PAGE_VF_SHOP_HOME|String|false|true
20:43:27.0 (25256406)|VARIABLE_SCOPE_BEGIN|[61]|auConstantCmn.PAGE_VF_SHOP_LOGIN|String|false|true
20:43:27.0 (25265688)|VARIABLE_SCOPE_BEGIN|[65]|auConstantCmn.PAGE_VF_SHOP_LOGOUT|String|false|true
20:43:27.0 (25274099)|VARIABLE_SCOPE_BEGIN|[81]|auConstantCmn.PAGE_VF_SHOP_PASSWORDSIGNUP|String|false|true
20:43:27.0 (25281591)|VARIABLE_SCOPE_BEGIN|[102]|auConstantCmn.PAGE_VF_SHOP_SCHEDULE|String|false|true
20:43:27.0 (25290500)|VARIABLE_SCOPE_BEGIN|[105]|auConstantCmn.PAGE_VF_SHOP_SCHEDULE_LIST|String|false|true
20:43:27.0 (25301752)|VARIABLE_SCOPE_BEGIN|[90]|auConstantCmn.PAGE_VF_SHOP_STPD|String|false|true
20:43:27.0 (25310790)|VARIABLE_SCOPE_BEGIN|[99]|auConstantCmn.PAGE_VF_SHOP_TIMELINE_CX|String|false|true
20:43:27.0 (25319471)|VARIABLE_SCOPE_BEGIN|[93]|auConstantCmn.PAGE_VF_SHOP_TIMELINE_STPD|String|false|true
20:43:27.0 (25328074)|VARIABLE_SCOPE_BEGIN|[28]|auConstantCmn.PASSWORD_SIGNUP_ERR_EXPIREDURL|String|false|true
20:43:27.0 (25336126)|VARIABLE_SCOPE_BEGIN|[31]|auConstantCmn.PASSWORD_SIGNUP_ERR_INTERNAL|String|false|true
20:43:27.0 (25344213)|VARIABLE_SCOPE_BEGIN|[29]|auConstantCmn.PASSWORD_SIGNUP_ERR_INVALIDURL|String|false|true
20:43:27.0 (25356132)|VARIABLE_SCOPE_BEGIN|[23]|auConstantCmn.PASSWORD_SIGNUP_ERR_MESSAGE001|String|false|true
20:43:27.0 (25370472)|VARIABLE_SCOPE_BEGIN|[24]|auConstantCmn.PASSWORD_SIGNUP_ERR_MESSAGE002|String|false|true
20:43:27.0 (25385267)|VARIABLE_SCOPE_BEGIN|[25]|auConstantCmn.PASSWORD_SIGNUP_ERR_MESSAGE003|String|false|true
20:43:27.0 (25399106)|VARIABLE_SCOPE_BEGIN|[26]|auConstantCmn.PASSWORD_SIGNUP_ERR_MESSAGE004|String|false|true
20:43:27.0 (25414244)|VARIABLE_SCOPE_BEGIN|[27]|auConstantCmn.PASSWORD_SIGNUP_ERR_MESSAGE005|String|false|true
20:43:27.0 (25427835)|VARIABLE_SCOPE_BEGIN|[30]|auConstantCmn.PASSWORD_SIGNUP_ERR_OLDURL|String|false|true
20:43:27.0 (25442432)|VARIABLE_SCOPE_BEGIN|[35]|auConstantCmn.PROFILE_COMMUNITY_MANAGEMENT|String|false|true
20:43:27.0 (25458860)|VARIABLE_SCOPE_BEGIN|[36]|auConstantCmn.PROFILE_COMMUNITY_PRIMARY_AGENT|String|false|true
20:43:27.0 (25476312)|VARIABLE_SCOPE_BEGIN|[34]|auConstantCmn.PROFILE_COMMUNITY_SHOP|String|false|true
20:43:27.0 (25499417)|VARIABLE_SCOPE_BEGIN|[48]|auConstantCmn.PROFILE_EVOLVA_ADMIN_USER|String|false|true
20:43:27.0 (25518331)|VARIABLE_SCOPE_BEGIN|[47]|auConstantCmn.PROFILE_EVOLVA_USER|String|false|true
20:43:27.0 (25535356)|VARIABLE_SCOPE_BEGIN|[37]|auConstantCmn.PROFILE_KDDI_BRANCH|String|false|true
20:43:27.0 (25552442)|VARIABLE_SCOPE_BEGIN|[38]|auConstantCmn.PROFILE_KDDI_BRANCH_V2|String|false|true
20:43:27.0 (25568858)|VARIABLE_SCOPE_BEGIN|[41]|auConstantCmn.PROFILE_KDDI_HEADQUARTERS|String|false|true
20:43:27.0 (25584458)|VARIABLE_SCOPE_BEGIN|[42]|auConstantCmn.PROFILE_KDDI_HEADQUARTERS_V2|String|false|true
20:43:27.0 (25600338)|VARIABLE_SCOPE_BEGIN|[44]|auConstantCmn.PROFILE_KDDI_KNOWLEDGE_ACTIVITIES|String|false|true
20:43:27.0 (25615806)|VARIABLE_SCOPE_BEGIN|[43]|auConstantCmn.PROFILE_KDDI_KNOWLEDGE_ONLY|String|false|true
20:43:27.0 (25629849)|VARIABLE_SCOPE_BEGIN|[39]|auConstantCmn.PROFILE_KDDI_REGIONAL_OFFICE|String|false|true
20:43:27.0 (25645605)|VARIABLE_SCOPE_BEGIN|[40]|auConstantCmn.PROFILE_KDDI_REGIONAL_OFFICE_V2|String|false|true
20:43:27.0 (25664703)|VARIABLE_SCOPE_BEGIN|[46]|auConstantCmn.PROFILE_SA_USER_CSA|String|false|true
20:43:27.0 (25680228)|VARIABLE_SCOPE_BEGIN|[45]|auConstantCmn.PROFILE_SA_USER_SA|String|false|true
20:43:27.0 (25696291)|VARIABLE_SCOPE_BEGIN|[49]|auConstantCmn.PROFILE_SYSADMIN_CUSTOM|String|false|true
20:43:27.0 (25711434)|VARIABLE_SCOPE_BEGIN|[50]|auConstantCmn.PROFILE_SYSADMIN_DEFAULT_EN|String|false|true
20:43:27.0 (25727290)|VARIABLE_SCOPE_BEGIN|[51]|auConstantCmn.PROFILE_SYSADMIN_DEFAULT_JP|String|false|true
20:43:27.0 (25743686)|VARIABLE_SCOPE_BEGIN|[9]|auConstantCmn.ROLE_CODE_EVOLVA_HONBU|String|false|true
20:43:27.0 (25759860)|VARIABLE_SCOPE_BEGIN|[10]|auConstantCmn.ROLE_CODE_EVOLVA_SHISHA|String|false|true
20:43:27.0 (25771618)|VARIABLE_SCOPE_BEGIN|[11]|auConstantCmn.ROLE_CODE_EVOLVA_SHITEN|String|false|true
20:43:27.0 (25781795)|VARIABLE_SCOPE_BEGIN|[7]|auConstantCmn.ROLE_CODE_HONBU|String|false|true
20:43:27.0 (25792421)|VARIABLE_SCOPE_BEGIN|[8]|auConstantCmn.ROLE_CODE_SA_HONBU|String|false|true
20:43:27.0 (25802053)|VARIABLE_SCOPE_BEGIN|[127]|auConstantCmn.USER_CLASSIFICATION_CONTRACTOR|String|false|true
20:43:27.0 (25816419)|VARIABLE_SCOPE_BEGIN|[126]|auConstantCmn.USER_CLASSIFICATION_CSA|String|false|true
20:43:27.0 (25827559)|VARIABLE_SCOPE_BEGIN|[125]|auConstantCmn.USER_CLASSIFICATION_SA|String|false|true
20:43:27.0 (25839299)|HEAP_ALLOCATE|[10]|Bytes:11
20:43:27.0 (25852171)|VARIABLE_ASSIGNMENT|[10]|auConstantCmn.ACCESS_TYPE_KDDI|"KDDI_ACCESS"
20:43:27.0 (25857789)|HEAP_ALLOCATE|[10]|Bytes:9
20:43:27.0 (25865253)|VARIABLE_ASSIGNMENT|[10]|auConstantCmn.ACCESS_TYPE_SA|"SA_ACCESS"
20:43:27.0 (25872151)|HEAP_ALLOCATE|[10]|Bytes:11
20:43:27.0 (25878948)|VARIABLE_ASSIGNMENT|[10]|auConstantCmn.ACCESS_TYPE_SHOP|"SHOP_ACCESS"
20:43:27.0 (25882952)|HEAP_ALLOCATE|[10]|Bytes:5
20:43:27.0 (25888595)|VARIABLE_ASSIGNMENT|[10]|auConstantCmn.ACCOUNT_CHANNEL_DAIRITEN|"一次代理店"
20:43:27.0 (25893248)|HEAP_ALLOCATE|[10]|Bytes:6
20:43:27.0 (25898906)|VARIABLE_ASSIGNMENT|[10]|auConstantCmn.ACCOUNT_CHANNEL_SHOP|"auショップ"
20:43:27.0 (25903252)|HEAP_ALLOCATE|[10]|Bytes:4
20:43:27.0 (25913400)|VARIABLE_ASSIGNMENT|[10]|auConstantCmn.ACCOUNT_CHANNEL_UNEIHOJIN|"運営法人"
20:43:27.0 (25918817)|HEAP_ALLOCATE|[10]|Bytes:8
20:43:27.0 (25927905)|VARIABLE_ASSIGNMENT|[10]|auConstantCmn.CX_KNOWLEDGE_SHARING_NATIONAL|"National"
20:43:27.0 (25932596)|HEAP_ALLOCATE|[10]|Bytes:14
20:43:27.0 (25938830)|VARIABLE_ASSIGNMENT|[10]|auConstantCmn.CX_KNOWLEDGE_SHARING_REGIONAL_OFFICE|"RegionalOffice"
20:43:27.0 (25943323)|HEAP_ALLOCATE|[10]|Bytes:8
20:43:27.0 (25948972)|VARIABLE_ASSIGNMENT|[10]|auConstantCmn.CX_KNOWLEDGE_STATUS_APPROVED|"Approved"
20:43:27.0 (25953214)|HEAP_ALLOCATE|[10]|Bytes:16
20:43:27.0 (25959479)|VARIABLE_ASSIGNMENT|[10]|auConstantCmn.CX_KNOWLEDGE_STATUS_NATIONAL_APPROVED|"NationalApproved"
20:43:27.0 (25964156)|HEAP_ALLOCATE|[10]|Bytes:8
20:43:27.0 (25970987)|VARIABLE_ASSIGNMENT|[10]|auConstantCmn.CX_KNOWLEDGE_STATUS_REJECTED|"Rejected"
20:43:27.0 (25975618)|HEAP_ALLOCATE|[10]|Bytes:5
20:43:27.0 (25984578)|VARIABLE_ASSIGNMENT|[10]|auConstantCmn.CX_KNOWLEDGE_STATUS_SAVED|"Saved"
20:43:27.0 (25989019)|HEAP_ALLOCATE|[10]|Bytes:14
20:43:27.0 (25995668)|VARIABLE_ASSIGNMENT|[10]|auConstantCmn.CX_KNOWLEDGE_STATUS_TEMPORARY_SAVED|"TemporarySaved"
20:43:27.0 (26000203)|HEAP_ALLOCATE|[10]|Bytes:12
20:43:27.0 (26007165)|VARIABLE_ASSIGNMENT|[10]|auConstantCmn.FORGOT_PASSWORD_ERR_MESSAGE001|"IDを入力してください。"
20:43:27.0 (26011505)|HEAP_ALLOCATE|[10]|Bytes:8
20:43:27.0 (26017229)|VARIABLE_ASSIGNMENT|[10]|auConstantCmn.HONBU_DIRECT_DETAIL_TYPE_FAVORITE|"FAVORITE"
20:43:27.0 (26026885)|HEAP_ALLOCATE|[10]|Bytes:4
20:43:27.0 (26036326)|VARIABLE_ASSIGNMENT|[10]|auConstantCmn.HONBU_DIRECT_DETAIL_TYPE_READ|"READ"
20:43:27.0 (26042685)|HEAP_ALLOCATE|[10]|Bytes:5
20:43:27.0 (26049295)|VARIABLE_ASSIGNMENT|[10]|auConstantCmn.KDDI_KNOWLEDGE_STATUS_SAVED|"Saved"
20:43:27.0 (26054133)|HEAP_ALLOCATE|[10]|Bytes:14
20:43:27.0 (26061062)|VARIABLE_ASSIGNMENT|[10]|auConstantCmn.KDDI_KNOWLEDGE_STATUS_TEMPORARY_SAVED|"TemporarySaved"
20:43:27.0 (26065254)|HEAP_ALLOCATE|[10]|Bytes:15
20:43:27.0 (26072558)|VARIABLE_ASSIGNMENT|[10]|auConstantCmn.LOGIN_ERR_MESSAGE001|"パスワードを入力してください。"
20:43:27.0 (26076848)|HEAP_ALLOCATE|[10]|Bytes:27
20:43:27.0 (26086082)|VARIABLE_ASSIGNMENT|[10]|auConstantCmn.LOGIN_ERR_MESSAGE002|"8文字以上の英数字混在のパスワードを指定 (7 more) ..."
20:43:27.0 (26093842)|HEAP_ALLOCATE|[10]|Bytes:19
20:43:27.0 (26101930)|VARIABLE_ASSIGNMENT|[10]|auConstantCmn.LOGIN_ERR_MESSAGE003|"ID或いはパスワードが間違っています。"
20:43:27.0 (26107265)|HEAP_ALLOCATE|[10]|Bytes:46
20:43:27.0 (26115020)|VARIABLE_ASSIGNMENT|[10]|auConstantCmn.LOGIN_ERR_MESSAGE004|"ログイン失敗回数を超えた為、ロックされま (26 more) ..."
20:43:27.0 (26119547)|HEAP_ALLOCATE|[10]|Bytes:3
20:43:27.0 (26126083)|VARIABLE_ASSIGNMENT|[10]|auConstantCmn.PAGE_ALIAS_SHOP_CX|"/CX"
20:43:27.0 (26130676)|HEAP_ALLOCATE|[10]|Bytes:7
20:43:27.0 (26137725)|VARIABLE_ASSIGNMENT|[10]|auConstantCmn.PAGE_ALIAS_SHOP_EVENTS|"/events"
20:43:27.0 (26143683)|HEAP_ALLOCATE|[10]|Bytes:16
20:43:27.0 (26152905)|VARIABLE_ASSIGNMENT|[10]|auConstantCmn.PAGE_ALIAS_SHOP_FORGOTPW|"/forgot-password"
20:43:27.0 (26157346)|HEAP_ALLOCATE|[10]|Bytes:25
20:43:27.0 (26164914)|VARIABLE_ASSIGNMENT|[10]|auConstantCmn.PAGE_ALIAS_SHOP_FORGOTPWCOMP|"/forgot-password-com (5 more) ..."
20:43:27.0 (26170116)|HEAP_ALLOCATE|[10]|Bytes:22
20:43:27.0 (26178078)|VARIABLE_ASSIGNMENT|[10]|auConstantCmn.PAGE_ALIAS_SHOP_FORGOTPWFORCE|"/forgot-password-for (2 more) ..."
20:43:27.0 (26183031)|HEAP_ALLOCATE|[10]|Bytes:5
20:43:27.0 (26190025)|VARIABLE_ASSIGNMENT|[10]|auConstantCmn.PAGE_ALIAS_SHOP_HOME|"/home"
20:43:27.0 (26194935)|HEAP_ALLOCATE|[10]|Bytes:6
20:43:27.0 (26204079)|VARIABLE_ASSIGNMENT|[10]|auConstantCmn.PAGE_ALIAS_SHOP_LOGIN|"/login"
20:43:27.0 (26208650)|HEAP_ALLOCATE|[10]|Bytes:7
20:43:27.0 (26215439)|VARIABLE_ASSIGNMENT|[10]|auConstantCmn.PAGE_ALIAS_SHOP_LOGOUT|"/logout"
20:43:27.0 (26220189)|HEAP_ALLOCATE|[10]|Bytes:16
20:43:27.0 (26227333)|VARIABLE_ASSIGNMENT|[10]|auConstantCmn.PAGE_ALIAS_SHOP_PASSWORDSIGNUP|"/password-signup"
20:43:27.0 (26232063)|HEAP_ALLOCATE|[10]|Bytes:9
20:43:27.0 (26239806)|VARIABLE_ASSIGNMENT|[10]|auConstantCmn.PAGE_ALIAS_SHOP_SCHEDULE|"/calendar"
20:43:27.0 (26244137)|HEAP_ALLOCATE|[10]|Bytes:11
20:43:27.0 (26253159)|VARIABLE_ASSIGNMENT|[10]|auConstantCmn.PAGE_ALIAS_SHOP_SCHEDULE_LIST|"/activities"
20:43:27.0 (26259227)|HEAP_ALLOCATE|[10]|Bytes:5
20:43:27.0 (26266726)|VARIABLE_ASSIGNMENT|[10]|auConstantCmn.PAGE_ALIAS_SHOP_STPD|"/STPD"
20:43:27.0 (26270877)|HEAP_ALLOCATE|[10]|Bytes:11
20:43:27.0 (26277572)|VARIABLE_ASSIGNMENT|[10]|auConstantCmn.PAGE_ALIAS_SHOP_TIMELINE_CX|"/timelineCX"
20:43:27.0 (26282185)|HEAP_ALLOCATE|[10]|Bytes:13
20:43:27.0 (26289810)|VARIABLE_ASSIGNMENT|[10]|auConstantCmn.PAGE_ALIAS_SHOP_TIMELINE_STPD|"/timelineSTPD"
20:43:27.0 (26294304)|HEAP_ALLOCATE|[10]|Bytes:27
20:43:27.0 (26303091)|VARIABLE_ASSIGNMENT|[10]|auConstantCmn.PAGE_VF_SHOP_CX|"/apex/auCXKnowledgeL (7 more) ..."
20:43:27.0 (26310106)|HEAP_ALLOCATE|[10]|Bytes:22
20:43:27.0 (26319566)|VARIABLE_ASSIGNMENT|[10]|auConstantCmn.PAGE_VF_SHOP_EVENTS|"/apex/auEventsListPa (2 more) ..."
20:43:27.0 (26324711)|HEAP_ALLOCATE|[10]|Bytes:21
20:43:27.0 (26333140)|VARIABLE_ASSIGNMENT|[10]|auConstantCmn.PAGE_VF_SHOP_FORGOTPW|"/auForgotPasswordPag (1 more) ..."
20:43:27.0 (26338034)|HEAP_ALLOCATE|[10]|Bytes:29
20:43:27.0 (26346932)|VARIABLE_ASSIGNMENT|[10]|auConstantCmn.PAGE_VF_SHOP_FORGOTPWCOMP|"/auForgotPasswordCom (9 more) ..."
20:43:27.0 (26351106)|HEAP_ALLOCATE|[10]|Bytes:26
20:43:27.0 (26360211)|VARIABLE_ASSIGNMENT|[10]|auConstantCmn.PAGE_VF_SHOP_FORGOTPWFORCE|"/auForgotPasswordFor (6 more) ..."
20:43:27.0 (26367465)|HEAP_ALLOCATE|[10]|Bytes:24
20:43:27.0 (26376723)|VARIABLE_ASSIGNMENT|[10]|auConstantCmn.PAGE_VF_SHOP_HOME|"/apex/auSwitchScreen (4 more) ..."
20:43:27.0 (26381610)|HEAP_ALLOCATE|[10]|Bytes:12
20:43:27.0 (26388820)|VARIABLE_ASSIGNMENT|[10]|auConstantCmn.PAGE_VF_SHOP_LOGIN|"/auLoginPage"
20:43:27.0 (26393302)|HEAP_ALLOCATE|[10]|Bytes:13
20:43:27.0 (26401221)|VARIABLE_ASSIGNMENT|[10]|auConstantCmn.PAGE_VF_SHOP_LOGOUT|"/auLogoutPage"
20:43:27.0 (26405640)|HEAP_ALLOCATE|[10]|Bytes:21
20:43:27.0 (26414590)|VARIABLE_ASSIGNMENT|[10]|auConstantCmn.PAGE_VF_SHOP_PASSWORDSIGNUP|"/auPasswordSignupPag (1 more) ..."
20:43:27.0 (26420982)|HEAP_ALLOCATE|[10]|Bytes:16
20:43:27.0 (26430075)|VARIABLE_ASSIGNMENT|[10]|auConstantCmn.PAGE_VF_SHOP_SCHEDULE|"/apex/auSchedule"
20:43:27.0 (26434773)|HEAP_ALLOCATE|[10]|Bytes:20
20:43:27.0 (26442920)|VARIABLE_ASSIGNMENT|[10]|auConstantCmn.PAGE_VF_SHOP_SCHEDULE_LIST|"/apex/auScheduleList"
20:43:27.0 (26447811)|HEAP_ALLOCATE|[10]|Bytes:20
20:43:27.0 (26456041)|VARIABLE_ASSIGNMENT|[10]|auConstantCmn.PAGE_VF_SHOP_STPD|"/apex/auSTPDListPage"
20:43:27.0 (26460151)|HEAP_ALLOCATE|[10]|Bytes:31
20:43:27.0 (26469394)|VARIABLE_ASSIGNMENT|[10]|auConstantCmn.PAGE_VF_SHOP_TIMELINE_CX|"/apex/auCxKnowledgeT (11 more) ..."
20:43:27.0 (26476083)|HEAP_ALLOCATE|[10]|Bytes:24
20:43:27.0 (26486407)|VARIABLE_ASSIGNMENT|[10]|auConstantCmn.PAGE_VF_SHOP_TIMELINE_STPD|"/apex/auSTPDTimeline (4 more) ..."
20:43:27.0 (26495866)|HEAP_ALLOCATE|[10]|Bytes:55
20:43:27.0 (26505690)|VARIABLE_ASSIGNMENT|[10]|auConstantCmn.PASSWORD_SIGNUP_ERR_EXPIREDURL|"パスワードリセットの有効期限が切れていま (35 more) ..."
20:43:27.0 (26510205)|HEAP_ALLOCATE|[10]|Bytes:27
20:43:27.0 (26518918)|VARIABLE_ASSIGNMENT|[10]|auConstantCmn.PASSWORD_SIGNUP_ERR_INTERNAL|"内部エラーが発生しました。サイト管理者に (7 more) ..."
20:43:27.0 (26525251)|HEAP_ALLOCATE|[10]|Bytes:51
20:43:27.0 (26537305)|VARIABLE_ASSIGNMENT|[10]|auConstantCmn.PASSWORD_SIGNUP_ERR_INVALIDURL|"不正なパスワードリセットURLです。<b (31 more) ..."
20:43:27.0 (26542195)|HEAP_ALLOCATE|[10]|Bytes:15
20:43:27.0 (26553507)|VARIABLE_ASSIGNMENT|[10]|auConstantCmn.PASSWORD_SIGNUP_ERR_MESSAGE001|"パスワードを入力してください。"
20:43:27.0 (26558334)|HEAP_ALLOCATE|[10]|Bytes:19
20:43:27.0 (26566466)|VARIABLE_ASSIGNMENT|[10]|auConstantCmn.PASSWORD_SIGNUP_ERR_MESSAGE002|"確認用のパスワードを入力してください。"
20:43:27.0 (26571256)|HEAP_ALLOCATE|[10]|Bytes:27
20:43:27.0 (26582644)|VARIABLE_ASSIGNMENT|[10]|auConstantCmn.PASSWORD_SIGNUP_ERR_MESSAGE003|"8文字以上の英数字混在のパスワードを指定 (7 more) ..."
20:43:27.0 (26589025)|HEAP_ALLOCATE|[10]|Bytes:22
20:43:27.0 (26598527)|VARIABLE_ASSIGNMENT|[10]|auConstantCmn.PASSWORD_SIGNUP_ERR_MESSAGE004|"パスワードと確認用のパスワードが不一致で (2 more) ..."
20:43:27.0 (26604664)|HEAP_ALLOCATE|[10]|Bytes:21
20:43:27.0 (26633107)|VARIABLE_ASSIGNMENT|[10]|auConstantCmn.PASSWORD_SIGNUP_ERR_MESSAGE005|"以前利用したパスワードはご利用できません (1 more) ..."
20:43:27.0 (26642774)|HEAP_ALLOCATE|[10]|Bytes:46
20:43:27.0 (26659982)|VARIABLE_ASSIGNMENT|[10]|auConstantCmn.PASSWORD_SIGNUP_ERR_OLDURL|"以前のパスワードリセットURLは利用でき (26 more) ..."
20:43:27.0 (26668383)|HEAP_ALLOCATE|[10]|Bytes:14
20:43:27.0 (26684153)|VARIABLE_ASSIGNMENT|[10]|auConstantCmn.PROFILE_COMMUNITY_MANAGEMENT|"au ショップ - 運営法人"
20:43:27.0 (26692841)|HEAP_ALLOCATE|[10]|Bytes:15
20:43:27.0 (26705868)|VARIABLE_ASSIGNMENT|[10]|auConstantCmn.PROFILE_COMMUNITY_PRIMARY_AGENT|"au ショップ - 一次代理店"
20:43:27.0 (26711561)|HEAP_ALLOCATE|[10]|Bytes:12
20:43:27.0 (26720036)|VARIABLE_ASSIGNMENT|[10]|auConstantCmn.PROFILE_COMMUNITY_SHOP|"au ショップ - 店舗"
20:43:27.0 (26724273)|HEAP_ALLOCATE|[10]|Bytes:17
20:43:27.0 (26733273)|VARIABLE_ASSIGNMENT|[10]|auConstantCmn.PROFILE_EVOLVA_ADMIN_USER|"Evolva Admin User"
20:43:27.0 (26737054)|HEAP_ALLOCATE|[10]|Bytes:11
20:43:27.0 (26744989)|VARIABLE_ASSIGNMENT|[10]|auConstantCmn.PROFILE_EVOLVA_USER|"Evolva User"
20:43:27.0 (26752388)|HEAP_ALLOCATE|[10]|Bytes:9
20:43:27.0 (26763255)|VARIABLE_ASSIGNMENT|[10]|auConstantCmn.PROFILE_KDDI_BRANCH|"KDDI - 支店"
20:43:27.0 (26768085)|HEAP_ALLOCATE|[10]|Bytes:12
20:43:27.0 (26776619)|VARIABLE_ASSIGNMENT|[10]|auConstantCmn.PROFILE_KDDI_BRANCH_V2|"KDDI - 支店 v2"
20:43:27.0 (26782221)|HEAP_ALLOCATE|[10]|Bytes:9
20:43:27.0 (26790672)|VARIABLE_ASSIGNMENT|[10]|auConstantCmn.PROFILE_KDDI_HEADQUARTERS|"KDDI - 本部"
20:43:27.0 (26794640)|HEAP_ALLOCATE|[10]|Bytes:12
20:43:27.0 (26803847)|VARIABLE_ASSIGNMENT|[10]|auConstantCmn.PROFILE_KDDI_HEADQUARTERS_V2|"KDDI - 本部 v2"
20:43:27.0 (26811981)|HEAP_ALLOCATE|[10]|Bytes:29
20:43:27.0 (26824188)|VARIABLE_ASSIGNMENT|[10]|auConstantCmn.PROFILE_KDDI_KNOWLEDGE_ACTIVITIES|"KDDI - Knowledge & A (9 more) ..."
20:43:27.0 (26829515)|HEAP_ALLOCATE|[10]|Bytes:21
20:43:27.0 (26838981)|VARIABLE_ASSIGNMENT|[10]|auConstantCmn.PROFILE_KDDI_KNOWLEDGE_ONLY|"KDDI - Knowledge onl (1 more) ..."
20:43:27.0 (26842787)|HEAP_ALLOCATE|[10]|Bytes:9
20:43:27.0 (26851624)|VARIABLE_ASSIGNMENT|[10]|auConstantCmn.PROFILE_KDDI_REGIONAL_OFFICE|"KDDI - 支社"
20:43:27.0 (26856023)|HEAP_ALLOCATE|[10]|Bytes:12
20:43:27.0 (26867989)|VARIABLE_ASSIGNMENT|[10]|auConstantCmn.PROFILE_KDDI_REGIONAL_OFFICE_V2|"KDDI - 支社 v2"
20:43:27.0 (26873595)|HEAP_ALLOCATE|[10]|Bytes:13
20:43:27.0 (26882697)|VARIABLE_ASSIGNMENT|[10]|auConstantCmn.PROFILE_SA_USER_CSA|"SA User - CSA"
20:43:27.0 (26887469)|HEAP_ALLOCATE|[10]|Bytes:12
20:43:27.0 (26896207)|VARIABLE_ASSIGNMENT|[10]|auConstantCmn.PROFILE_SA_USER_SA|"SA User - SA"
20:43:27.0 (26900393)|HEAP_ALLOCATE|[10]|Bytes:12
20:43:27.0 (26909023)|VARIABLE_ASSIGNMENT|[10]|auConstantCmn.PROFILE_SYSADMIN_CUSTOM|"System Admin"
20:43:27.0 (26913216)|HEAP_ALLOCATE|[10]|Bytes:20
20:43:27.0 (26926271)|VARIABLE_ASSIGNMENT|[10]|auConstantCmn.PROFILE_SYSADMIN_DEFAULT_EN|"System Administrator"
20:43:27.0 (26931850)|HEAP_ALLOCATE|[10]|Bytes:7
20:43:27.0 (26940536)|VARIABLE_ASSIGNMENT|[10]|auConstantCmn.PROFILE_SYSADMIN_DEFAULT_JP|"システム管理者"
20:43:27.0 (26944931)|HEAP_ALLOCATE|[10]|Bytes:7
20:43:27.0 (26953753)|VARIABLE_ASSIGNMENT|[10]|auConstantCmn.ROLE_CODE_EVOLVA_HONBU|"E000000"
20:43:27.0 (26957800)|HEAP_ALLOCATE|[10]|Bytes:6
20:43:27.0 (26966794)|VARIABLE_ASSIGNMENT|[10]|auConstantCmn.ROLE_CODE_EVOLVA_SHISHA|"EKEV01"
20:43:27.0 (26973579)|HEAP_ALLOCATE|[10]|Bytes:8
20:43:27.0 (26984820)|VARIABLE_ASSIGNMENT|[10]|auConstantCmn.ROLE_CODE_EVOLVA_SHITEN|"EKEV0101"
20:43:27.0 (26990060)|HEAP_ALLOCATE|[10]|Bytes:7
20:43:27.0 (26999019)|VARIABLE_ASSIGNMENT|[10]|auConstantCmn.ROLE_CODE_HONBU|"C000000"
20:43:27.0 (27002870)|HEAP_ALLOCATE|[10]|Bytes:7
20:43:27.0 (27011965)|VARIABLE_ASSIGNMENT|[10]|auConstantCmn.ROLE_CODE_SA_HONBU|"S000000"
20:43:27.0 (27016388)|HEAP_ALLOCATE|[10]|Bytes:10
20:43:27.0 (27027195)|VARIABLE_ASSIGNMENT|[10]|auConstantCmn.USER_CLASSIFICATION_CONTRACTOR|"CONTRACTOR"
20:43:27.0 (27033720)|HEAP_ALLOCATE|[10]|Bytes:3
20:43:27.0 (27043741)|VARIABLE_ASSIGNMENT|[10]|auConstantCmn.USER_CLASSIFICATION_CSA|"CSA"
20:43:27.0 (27060151)|HEAP_ALLOCATE|[10]|Bytes:2
20:43:27.0 (27077195)|VARIABLE_ASSIGNMENT|[10]|auConstantCmn.USER_CLASSIFICATION_SA|"SA"
20:43:27.0 (27120121)|METHOD_ENTRY|[4]|01pN0000000Miks|auConstantCmn.auConstantCmn()
20:43:27.0 (27127156)|STATEMENT_EXECUTE|[4]
20:43:27.0 (27131282)|STATEMENT_EXECUTE|[4]
20:43:27.0 (27139321)|HEAP_ALLOCATE|[10]|Bytes:5
20:43:27.0 (27149909)|METHOD_EXIT|[4]|auConstantCmn
20:43:27.0 (27157529)|SYSTEM_MODE_EXIT|false
20:43:27.0 (27345959)|SYSTEM_MODE_ENTER|true
20:43:27.0 (27395031)|HEAP_ALLOCATE|[EXTERNAL]|Bytes:208
20:43:27.0 (27403362)|VARIABLE_SCOPE_BEGIN|[12]|this|auCXKnowledgeListCtrl|true|false
20:43:27.0 (27806625)|VARIABLE_ASSIGNMENT|[12]|this|{"categoryOptions":"0x3ada015","currentUser":"0x30c1997c","cxKnowledgeAttachSharing":"0","cxKnowledgeNew":"0x198a5c1b","cxKnowledgeUpdate":"0x6be8414e","cxKnowledgeUpdateComments":"0x47640795","cxKnowledgeUpdateFeedId":"0D5N000000Lb2u0KAB","cxKnowledgeUpdateId":"a09N000000A2LPiIAN","errorMessage":"","filterFavorite":false,"filterFreeText":"","filterStatus":"","initSearchFlg":"true","isApprover":false,"isCreator":false,"isHonbu":false,"isLikedAlready":true,"isNationalApprover":false,"isRestrictedUser":false,"isShisha":false,"isShiten":false,"isShopUser":false,"lsCxKnowledgeUpdateAttachment":"0x2927aa64","mpUserComment":"0x1591cc45","optShisha":"0x5eb02068","optShiten":"0x398fdc84","optUneiHojin":"0x2d6f255b","orderBy":"DisplayedDate__c DESC","pageNum":1,"pageSize":20,"recordsCount":91,"searchFilter":"","ShopsOptions":"0x36072757","ssc":"0x696bf29f","whereStr":" WHERE IsCommentOnly__c = False"}|0x526c266a
20:43:27.0 (27835942)|SYSTEM_MODE_ENTER|false
20:43:27.0 (27846208)|HEAP_ALLOCATE|[12]|Bytes:5
20:43:27.0 (27852419)|STATEMENT_EXECUTE|[12]
20:43:27.0 (27854254)|STATEMENT_EXECUTE|[12]
20:43:27.0 (27859507)|SYSTEM_MODE_EXIT|false
20:43:27.0 (28003500)|SYSTEM_MODE_ENTER|true
20:43:27.0 (28047839)|HEAP_ALLOCATE|[EXTERNAL]|Bytes:208
20:43:27.0 (28056235)|VARIABLE_SCOPE_BEGIN|[13]|this|auCXKnowledgeListCtrl|true|false
20:43:27.0 (28337360)|VARIABLE_ASSIGNMENT|[13]|this|{"categoryOptions":"0x3ada015","currentUser":"0x30c1997c","cxKnowledgeAttachSharing":"0","cxKnowledgeNew":"0x198a5c1b","cxKnowledgeUpdate":"0x6be8414e","cxKnowledgeUpdateComments":"0x47640795","cxKnowledgeUpdateFeedId":"0D5N000000Lb2u0KAB","cxKnowledgeUpdateId":"a09N000000A2LPiIAN","errorMessage":"","filterFavorite":false,"filterFreeText":"","filterStatus":"","initSearchFlg":"true","isApprover":false,"isCreator":false,"isHonbu":false,"isLikedAlready":true,"isNationalApprover":false,"isRestrictedUser":false,"isShisha":false,"isShiten":false,"isShopUser":false,"lsCxKnowledgeUpdateAttachment":"0x2927aa64","mpUserComment":"0x1591cc45","optShisha":"0x5eb02068","optShiten":"0x398fdc84","optUneiHojin":"0x2d6f255b","orderBy":"DisplayedDate__c DESC","pageNum":1,"pageSize":20,"recordsCount":91,"searchFilter":"","ShopsOptions":"0x36072757","ssc":"0x696bf29f","whereStr":" WHERE IsCommentOnly__c = False"}|0x526c266a
20:43:27.0 (28367048)|SYSTEM_MODE_ENTER|false
20:43:27.0 (28374800)|HEAP_ALLOCATE|[13]|Bytes:5
20:43:27.0 (28380564)|STATEMENT_EXECUTE|[13]
20:43:27.0 (28382269)|STATEMENT_EXECUTE|[13]
20:43:27.0 (28386858)|SYSTEM_MODE_EXIT|false
20:43:27.0 (56364411)|SYSTEM_MODE_ENTER|true
20:43:27.0 (56405566)|HEAP_ALLOCATE|[EXTERNAL]|Bytes:284
20:43:27.0 (56426550)|HEAP_ALLOCATE|[EXTERNAL]|Bytes:160
20:43:27.0 (56442171)|METHOD_ENTRY|[1]|01pN0000000Mill|auMainTopCompCtrl.auMainTopCompCtrl()
20:43:27.0 (56447775)|STATEMENT_EXECUTE|[1]
20:43:27.0 (56451925)|STATEMENT_EXECUTE|[1]
20:43:27.0 (56453719)|STATEMENT_EXECUTE|[3]
20:43:27.0 (56459392)|HEAP_ALLOCATE|[3]|Bytes:4
20:43:27.0 (56476384)|VARIABLE_ASSIGNMENT|[3]|auMainTopCompCtrl.TYPE_SCREEN_SWITCH|0
20:43:27.0 (56483749)|STATEMENT_EXECUTE|[4]
20:43:27.0 (56487165)|HEAP_ALLOCATE|[4]|Bytes:4
20:43:27.0 (56513219)|VARIABLE_ASSIGNMENT|[4]|auMainTopCompCtrl.TYPE_SCREEN_STPD_EVENT|11
20:43:27.0 (56518183)|STATEMENT_EXECUTE|[5]
20:43:27.0 (56520944)|HEAP_ALLOCATE|[5]|Bytes:4
20:43:27.0 (56529240)|VARIABLE_ASSIGNMENT|[5]|auMainTopCompCtrl.TYPE_SCREEN_STPD_TIMELINE|12
20:43:27.0 (56536447)|STATEMENT_EXECUTE|[6]
20:43:27.0 (56538620)|HEAP_ALLOCATE|[6]|Bytes:4
20:43:27.0 (56546035)|VARIABLE_ASSIGNMENT|[6]|auMainTopCompCtrl.TYPE_SCREEN_STPD_SCREEN|13
20:43:27.0 (56550507)|STATEMENT_EXECUTE|[7]
20:43:27.0 (56552802)|HEAP_ALLOCATE|[7]|Bytes:4
20:43:27.0 (56558819)|VARIABLE_ASSIGNMENT|[7]|auMainTopCompCtrl.TYPE_SCREEN_CX_SCREEN|21
20:43:27.0 (56562912)|STATEMENT_EXECUTE|[8]
20:43:27.0 (56565245)|HEAP_ALLOCATE|[8]|Bytes:4
20:43:27.0 (56571338)|VARIABLE_ASSIGNMENT|[8]|auMainTopCompCtrl.TYPE_SCREEN_CX_TIMELINE|22
20:43:27.0 (56575005)|STATEMENT_EXECUTE|[9]
20:43:27.0 (56577241)|HEAP_ALLOCATE|[9]|Bytes:4
20:43:27.0 (56583260)|VARIABLE_ASSIGNMENT|[9]|auMainTopCompCtrl.TYPE_SCREEN_EVENT_SCHEDULE|31
20:43:27.0 (56590100)|STATEMENT_EXECUTE|[10]
20:43:27.0 (56592552)|HEAP_ALLOCATE|[10]|Bytes:4
20:43:27.0 (56599749)|VARIABLE_ASSIGNMENT|[10]|auMainTopCompCtrl.TYPE_SCREEN_EVENT_SCHEDULE_LIST|32
20:43:27.0 (56604022)|STATEMENT_EXECUTE|[11]
20:43:27.0 (56606115)|HEAP_ALLOCATE|[11]|Bytes:4
20:43:27.0 (56612363)|VARIABLE_ASSIGNMENT|[11]|auMainTopCompCtrl.TYPE_SCREEN_KNOWLEDGE_DASHBOARD|41
20:43:27.0 (56616426)|STATEMENT_EXECUTE|[12]
20:43:27.0 (56618619)|HEAP_ALLOCATE|[12]|Bytes:4
20:43:27.0 (56624349)|VARIABLE_ASSIGNMENT|[12]|auMainTopCompCtrl.TYPE_SCREEN_KNOWLEDGE_LIST|42
20:43:27.0 (56628187)|STATEMENT_EXECUTE|[13]
20:43:27.0 (56630172)|HEAP_ALLOCATE|[13]|Bytes:4
20:43:27.0 (56636580)|VARIABLE_ASSIGNMENT|[13]|auMainTopCompCtrl.TYPE_SCREEN_SA_MESSAGES|51
20:43:27.0 (56643055)|STATEMENT_EXECUTE|[14]
20:43:27.0 (56645919)|HEAP_ALLOCATE|[14]|Bytes:4
20:43:27.0 (56653007)|VARIABLE_ASSIGNMENT|[14]|auMainTopCompCtrl.TYPE_SCREEN_SA_REPORTS|52
20:43:27.0 (56657250)|STATEMENT_EXECUTE|[15]
20:43:27.0 (56659327)|HEAP_ALLOCATE|[15]|Bytes:4
20:43:27.0 (56665346)|VARIABLE_ASSIGNMENT|[15]|auMainTopCompCtrl.TYPE_SCREEN_SA_CHATTER|53
20:43:27.0 (56668841)|STATEMENT_EXECUTE|[16]
20:43:27.0 (56670896)|HEAP_ALLOCATE|[16]|Bytes:4
20:43:27.0 (56676325)|VARIABLE_ASSIGNMENT|[16]|auMainTopCompCtrl.TYPE_SCREEN_SA_DAILYREPORT|54
20:43:27.0 (56680117)|STATEMENT_EXECUTE|[17]
20:43:27.0 (56682179)|HEAP_ALLOCATE|[17]|Bytes:4
20:43:27.0 (56688168)|VARIABLE_ASSIGNMENT|[17]|auMainTopCompCtrl.TYPE_SCREEN_SA_ENQUETE|55
20:43:27.0 (56692253)|STATEMENT_EXECUTE|[18]
20:43:27.0 (56695284)|HEAP_ALLOCATE|[18]|Bytes:4
20:43:27.0 (56703537)|VARIABLE_ASSIGNMENT|[18]|auMainTopCompCtrl.TYPE_SCREEN_SA_DOCUMENTS|56
20:43:27.0 (56708064)|STATEMENT_EXECUTE|[19]
20:43:27.0 (56710186)|HEAP_ALLOCATE|[19]|Bytes:4
20:43:27.0 (56716674)|VARIABLE_ASSIGNMENT|[19]|auMainTopCompCtrl.TYPE_SCREEN_SA_RANKING|57
20:43:27.0 (56720094)|STATEMENT_EXECUTE|[20]
20:43:27.0 (56722094)|HEAP_ALLOCATE|[20]|Bytes:4
20:43:27.0 (56727659)|VARIABLE_ASSIGNMENT|[20]|auMainTopCompCtrl.TYPE_SCREEN_SA_LINKS|58
20:43:27.0 (56731900)|STATEMENT_EXECUTE|[21]
20:43:27.0 (56733995)|HEAP_ALLOCATE|[21]|Bytes:4
20:43:27.0 (56740282)|VARIABLE_ASSIGNMENT|[21]|auMainTopCompCtrl.TYPE_SCREEN_SA_USRSETTINGS|59
20:43:27.0 (56744242)|STATEMENT_EXECUTE|[22]
20:43:27.0 (56746683)|HEAP_ALLOCATE|[22]|Bytes:4
20:43:27.0 (56755130)|VARIABLE_ASSIGNMENT|[22]|auMainTopCompCtrl.TYPE_SCREEN_SA_DAILYREPORTLIST|60
20:43:27.0 (56760505)|STATEMENT_EXECUTE|[23]
20:43:27.0 (56762644)|HEAP_ALLOCATE|[23]|Bytes:4
20:43:27.0 (56768567)|VARIABLE_ASSIGNMENT|[23]|auMainTopCompCtrl.TYPE_SCREEN_SA_TODO|61
20:43:27.0 (56772549)|STATEMENT_EXECUTE|[24]
20:43:27.0 (56774554)|HEAP_ALLOCATE|[24]|Bytes:4
20:43:27.0 (56780053)|VARIABLE_ASSIGNMENT|[24]|auMainTopCompCtrl.TYPE_SCREEN_HONBU_DIRECT|71
20:43:27.0 (56787057)|STATEMENT_EXECUTE|[25]
20:43:27.0 (56789504)|HEAP_ALLOCATE|[25]|Bytes:4
20:43:27.0 (56795497)|VARIABLE_ASSIGNMENT|[25]|auMainTopCompCtrl.TYPE_SCREEN_ACCOUNT_LIST|81
20:43:27.0 (56799304)|STATEMENT_EXECUTE|[26]
20:43:27.0 (56801786)|HEAP_ALLOCATE|[26]|Bytes:4
20:43:27.0 (56809530)|VARIABLE_ASSIGNMENT|[26]|auMainTopCompCtrl.TYPE_SCREEN_ACTIVITY_LIST|82
20:43:27.0 (56814397)|STATEMENT_EXECUTE|[27]
20:43:27.0 (56816526)|HEAP_ALLOCATE|[27]|Bytes:4
20:43:27.0 (56822455)|VARIABLE_ASSIGNMENT|[27]|auMainTopCompCtrl.TYPE_SCREEN_FILE_LIST|83
20:43:27.0 (56830796)|METHOD_EXIT|[1]|auMainTopCompCtrl
20:43:27.0 (56836551)|HEAP_ALLOCATE|[EXTERNAL]|Bytes:44
20:43:27.0 (56847649)|VARIABLE_ASSIGNMENT|[EXTERNAL]|this.iCountComments|null|0x63679f5a
20:43:27.0 (56908801)|SYSTEM_MODE_ENTER|true
20:43:27.0 (56927715)|HEAP_ALLOCATE|[EXTERNAL]|Bytes:44
20:43:27.0 (56937037)|VARIABLE_ASSIGNMENT|[EXTERNAL]|this.iCountLikes|null|0x63679f5a
20:43:27.0 (57003221)|SYSTEM_MODE_ENTER|true
20:43:27.0 (57051044)|HEAP_ALLOCATE|[EXTERNAL]|Bytes:208
20:43:27.0 (57059948)|VARIABLE_SCOPE_BEGIN|[120]|this|auCXKnowledgeListCtrl|true|false
20:43:27.0 (57363707)|VARIABLE_ASSIGNMENT|[120]|this|{"categoryOptions":"0x3ada015","currentUser":"0x30c1997c","cxKnowledgeAttachSharing":"0","cxKnowledgeNew":"0x198a5c1b","cxKnowledgeUpdate":"0x6be8414e","cxKnowledgeUpdateComments":"0x47640795","cxKnowledgeUpdateFeedId":"0D5N000000Lb2u0KAB","cxKnowledgeUpdateId":"a09N000000A2LPiIAN","errorMessage":"","filterFavorite":false,"filterFreeText":"","filterStatus":"","initSearchFlg":"true","isApprover":false,"isCreator":false,"isHonbu":false,"isLikedAlready":true,"isNationalApprover":false,"isRestrictedUser":false,"isShisha":false,"isShiten":false,"isShopUser":false,"lsCxKnowledgeUpdateAttachment":"0x2927aa64","mpUserComment":"0x1591cc45","optShisha":"0x5eb02068","optShiten":"0x398fdc84","optUneiHojin":"0x2d6f255b","orderBy":"DisplayedDate__c DESC","pageNum":1,"pageSize":20,"recordsCount":91,"searchFilter":"","ShopsOptions":"0x36072757","ssc":"0x696bf29f","whereStr":" WHERE IsCommentOnly__c = False"}|0x526c266a
20:43:27.0 (57391896)|SYSTEM_MODE_ENTER|false
20:43:27.0 (57399831)|HEAP_ALLOCATE|[120]|Bytes:5
20:43:27.0 (57405360)|STATEMENT_EXECUTE|[120]
20:43:27.0 (57407274)|STATEMENT_EXECUTE|[120]
20:43:27.0 (57412421)|SYSTEM_MODE_EXIT|false
20:43:27.0 (57473496)|SYSTEM_MODE_ENTER|true
20:43:27.0 (57500114)|HEAP_ALLOCATE|[EXTERNAL]|Bytes:8
20:43:27.0 (57505245)|HEAP_ALLOCATE|[EXTERNAL]|Bytes:44
20:43:27.0 (57514825)|VARIABLE_ASSIGNMENT|[EXTERNAL]|this.iTypeOfScreen|21|0x63679f5a
20:43:27.0 (57670336)|SYSTEM_MODE_ENTER|true
20:43:27.0 (57711882)|HEAP_ALLOCATE|[EXTERNAL]|Bytes:44
20:43:27.0 (57720457)|VARIABLE_SCOPE_BEGIN|[204]|this|auMainTopCompCtrl|true|false
20:43:27.0 (57774191)|VARIABLE_ASSIGNMENT|[204]|this|{"currentUser":"0x1384ab9e","isSAUser":false,"iTypeOfScreen":21,"urlReportsSFA":"https://cs6.lightnin (84 more) ..."}|0x63679f5a
20:43:27.0 (57785323)|STATEMENT_EXECUTE|[204]
20:43:27.0 (57845297)|VARIABLE_ASSIGNMENT|[EXTERNAL]|this|{"currentUser":"0x1384ab9e","isSAUser":false,"iTypeOfScreen":21,"urlReportsSFA":"https://cs6.lightnin (84 more) ..."}|0x63679f5a
20:43:27.0 (57896744)|VARIABLE_ASSIGNMENT|[EXTERNAL]|this|{"currentUser":"0x1384ab9e","isSAUser":false,"iTypeOfScreen":21,"urlReportsSFA":"https://cs6.lightnin (84 more) ..."}|0x63679f5a
20:43:27.0 (57935224)|VARIABLE_ASSIGNMENT|[EXTERNAL]|this|{"currentUser":"0x1384ab9e","isSAUser":false,"iTypeOfScreen":21,"urlReportsSFA":"https://cs6.lightnin (84 more) ..."}|0x63679f5a
20:43:27.0 (57976013)|VARIABLE_ASSIGNMENT|[EXTERNAL]|this|{"currentUser":"0x1384ab9e","isSAUser":false,"iTypeOfScreen":21,"urlReportsSFA":"https://cs6.lightnin (84 more) ..."}|0x63679f5a
20:43:27.0 (57993005)|STATEMENT_EXECUTE|[210]
20:43:27.0 (57994971)|STATEMENT_EXECUTE|[211]
20:43:27.0 (57998891)|HEAP_ALLOCATE|[211]|Bytes:96
20:43:27.0 (58019203)|HEAP_ALLOCATE|[211]|Bytes:4
20:43:27.0 (58033659)|HEAP_ALLOCATE|[211]|Bytes:7
20:43:27.0 (58089138)|HEAP_ALLOCATE|[211]|Bytes:89
20:43:27.0 (58101973)|SYSTEM_METHOD_ENTRY|[1]|UserInfo.UserInfo()
20:43:27.0 (58106978)|STATEMENT_EXECUTE|[1]
20:43:27.0 (58113008)|SYSTEM_METHOD_EXIT|[1]|UserInfo
20:43:27.0 (58124024)|METHOD_ENTRY|[211]||System.UserInfo.getUserId()
20:43:27.0 (58160266)|METHOD_EXIT|[211]||System.UserInfo.getUserId()
20:43:27.0 (58719039)|SOQL_EXECUTE_BEGIN|[211]|Aggregations:0|SELECT SUM(LikeCount) SumLikeCount FROM auCXKnowledge__feed WHERE Parent.CreatedBy__c = :tmpVar1
20:43:27.0 (63930830)|SOQL_EXECUTE_END|[211]|Rows:1
20:43:27.0 (63956321)|HEAP_ALLOCATE|[211]|Bytes:8
20:43:27.0 (63975629)|HEAP_ALLOCATE|[211]|Bytes:21
20:43:27.0 (64044192)|HEAP_ALLOCATE|[211]|Bytes:8
20:43:27.0 (64124251)|HEAP_ALLOCATE|[211]|Bytes:8
20:43:27.0 (64136051)|HEAP_ALLOCATE|[211]|Bytes:12
20:43:27.0 (64196280)|VARIABLE_SCOPE_BEGIN|[211]|cnt|Decimal|false|false
20:43:27.0 (64214961)|VARIABLE_ASSIGNMENT|[211]|cnt|null
20:43:27.0 (64220100)|STATEMENT_EXECUTE|[212]
20:43:27.0 (64224795)|HEAP_ALLOCATE|[212]|Bytes:4
20:43:27.0 (64811462)|SYSTEM_MODE_ENTER|true
20:43:27.0 (64855255)|HEAP_ALLOCATE|[EXTERNAL]|Bytes:44
20:43:27.0 (64863824)|VARIABLE_SCOPE_BEGIN|[218]|this|auMainTopCompCtrl|true|false
20:43:27.0 (64906180)|VARIABLE_ASSIGNMENT|[218]|this|{"currentUser":"0x1384ab9e","isSAUser":false,"iTypeOfScreen":21,"urlReportsSFA":"https://cs6.lightnin (84 more) ..."}|0x63679f5a
20:43:27.0 (64916994)|STATEMENT_EXECUTE|[218]
20:43:27.0 (64957673)|VARIABLE_ASSIGNMENT|[EXTERNAL]|this|{"currentUser":"0x1384ab9e","isSAUser":false,"iTypeOfScreen":21,"urlReportsSFA":"https://cs6.lightnin (84 more) ..."}|0x63679f5a
20:43:27.0 (65002454)|VARIABLE_ASSIGNMENT|[EXTERNAL]|this|{"currentUser":"0x1384ab9e","isSAUser":false,"iTypeOfScreen":21,"urlReportsSFA":"https://cs6.lightnin (84 more) ..."}|0x63679f5a
20:43:27.0 (65038086)|VARIABLE_ASSIGNMENT|[EXTERNAL]|this|{"currentUser":"0x1384ab9e","isSAUser":false,"iTypeOfScreen":21,"urlReportsSFA":"https://cs6.lightnin (84 more) ..."}|0x63679f5a
20:43:27.0 (65075258)|VARIABLE_ASSIGNMENT|[EXTERNAL]|this|{"currentUser":"0x1384ab9e","isSAUser":false,"iTypeOfScreen":21,"urlReportsSFA":"https://cs6.lightnin (84 more) ..."}|0x63679f5a
20:43:27.0 (65087101)|STATEMENT_EXECUTE|[224]
20:43:27.0 (65088942)|STATEMENT_EXECUTE|[225]
20:43:27.0 (65092645)|HEAP_ALLOCATE|[225]|Bytes:102
20:43:27.0 (65107232)|HEAP_ALLOCATE|[225]|Bytes:4
20:43:27.0 (65119038)|METHOD_ENTRY|[225]||System.UserInfo.getUserId()
20:43:27.0 (65138955)|METHOD_EXIT|[225]||System.UserInfo.getUserId()
20:43:27.0 (96902692)|SOQL_EXECUTE_BEGIN|[225]|Aggregations:0|SELECT SUM(CommentCount) SumCommentCount FROM auCXKnowledge__feed WHERE Parent.CreatedBy__c = :tmpVar1
20:43:27.0 (100434671)|SOQL_EXECUTE_END|[225]|Rows:1
20:43:27.0 (100453985)|HEAP_ALLOCATE|[225]|Bytes:8
20:43:27.0 (100487840)|HEAP_ALLOCATE|[225]|Bytes:24
20:43:27.0 (100513164)|HEAP_ALLOCATE|[225]|Bytes:8
20:43:27.0 (100535055)|HEAP_ALLOCATE|[225]|Bytes:8
20:43:27.0 (100544682)|HEAP_ALLOCATE|[225]|Bytes:15
20:43:27.0 (100588114)|VARIABLE_SCOPE_BEGIN|[225]|cnt|Decimal|false|false
20:43:27.0 (100604768)|VARIABLE_ASSIGNMENT|[225]|cnt|null
20:43:27.0 (100612199)|STATEMENT_EXECUTE|[226]
20:43:27.0 (100616453)|HEAP_ALLOCATE|[226]|Bytes:4
20:43:27.0 (105674497)|SYSTEM_MODE_ENTER|true
20:43:27.0 (107423482)|SYSTEM_MODE_ENTER|true
20:43:27.0 (107472398)|HEAP_ALLOCATE|[EXTERNAL]|Bytes:44
20:43:27.0 (107482229)|VARIABLE_SCOPE_BEGIN|[67]|this|auMainTopCompCtrl|true|false
20:43:27.0 (107532288)|VARIABLE_ASSIGNMENT|[67]|this|{"currentUser":"0x1384ab9e","isSAUser":false,"iTypeOfScreen":21,"urlReportsSFA":"https://cs6.lightnin (84 more) ..."}|0x63679f5a
20:43:27.0 (107544252)|STATEMENT_EXECUTE|[67]
20:43:27.0 (107546324)|STATEMENT_EXECUTE|[68]
20:43:27.0 (107587326)|VARIABLE_ASSIGNMENT|[EXTERNAL]|this|{"currentUser":"0x1384ab9e","isSAUser":false,"iTypeOfScreen":21,"urlReportsSFA":"https://cs6.lightnin (84 more) ..."}|0x63679f5a
20:43:27.0 (107632549)|VARIABLE_ASSIGNMENT|[EXTERNAL]|this|{"currentUser":"0x1384ab9e","isSAUser":false,"iTypeOfScreen":21,"urlReportsSFA":"https://cs6.lightnin (84 more) ..."}|0x63679f5a
20:43:27.0 (107678203)|VARIABLE_ASSIGNMENT|[EXTERNAL]|this|{"currentUser":"0x1384ab9e","isSAUser":false,"iTypeOfScreen":21,"urlReportsSFA":"https://cs6.lightnin (84 more) ..."}|0x63679f5a
20:43:27.0 (107694198)|HEAP_ALLOCATE|[68]|Bytes:5
20:43:27.0 (107765815)|SYSTEM_MODE_ENTER|true
20:43:27.0 (107801556)|HEAP_ALLOCATE|[EXTERNAL]|Bytes:44
20:43:27.0 (107809548)|VARIABLE_SCOPE_BEGIN|[73]|this|auMainTopCompCtrl|true|false
20:43:27.0 (107842871)|VARIABLE_ASSIGNMENT|[73]|this|{"currentUser":"0x1384ab9e","isSAUser":false,"iTypeOfScreen":21,"urlReportsSFA":"https://cs6.lightnin (84 more) ..."}|0x63679f5a
20:43:27.0 (107852688)|STATEMENT_EXECUTE|[73]
20:43:27.0 (107854647)|STATEMENT_EXECUTE|[74]
20:43:27.0 (107889111)|VARIABLE_ASSIGNMENT|[EXTERNAL]|this|{"currentUser":"0x1384ab9e","isSAUser":false,"iTypeOfScreen":21,"urlReportsSFA":"https://cs6.lightnin (84 more) ..."}|0x63679f5a
20:43:27.0 (107905640)|HEAP_ALLOCATE|[74]|Bytes:5
20:43:27.0 (107979958)|SYSTEM_MODE_ENTER|true
20:43:27.0 (108013012)|HEAP_ALLOCATE|[EXTERNAL]|Bytes:44
20:43:27.0 (108020475)|VARIABLE_SCOPE_BEGIN|[83]|this|auMainTopCompCtrl|true|false
20:43:27.0 (108052744)|VARIABLE_ASSIGNMENT|[83]|this|{"currentUser":"0x1384ab9e","isSAUser":false,"iTypeOfScreen":21,"urlReportsSFA":"https://cs6.lightnin (84 more) ..."}|0x63679f5a
20:43:27.0 (108062719)|STATEMENT_EXECUTE|[83]
20:43:27.0 (108064756)|STATEMENT_EXECUTE|[84]
20:43:27.0 (108097815)|VARIABLE_ASSIGNMENT|[EXTERNAL]|this|{"currentUser":"0x1384ab9e","isSAUser":false,"iTypeOfScreen":21,"urlReportsSFA":"https://cs6.lightnin (84 more) ..."}|0x63679f5a
20:43:27.0 (108136782)|VARIABLE_ASSIGNMENT|[EXTERNAL]|this|{"currentUser":"0x1384ab9e","isSAUser":false,"iTypeOfScreen":21,"urlReportsSFA":"https://cs6.lightnin (84 more) ..."}|0x63679f5a
20:43:27.0 (108151279)|HEAP_ALLOCATE|[84]|Bytes:5
20:43:27.0 (108211956)|SYSTEM_MODE_ENTER|true
20:43:27.0 (108242222)|HEAP_ALLOCATE|[EXTERNAL]|Bytes:44
20:43:27.0 (108248822)|VARIABLE_SCOPE_BEGIN|[100]|this|auMainTopCompCtrl|true|false
20:43:27.0 (108281014)|VARIABLE_ASSIGNMENT|[100]|this|{"currentUser":"0x1384ab9e","isSAUser":false,"iTypeOfScreen":21,"urlReportsSFA":"https://cs6.lightnin (84 more) ..."}|0x63679f5a
20:43:27.0 (108289815)|STATEMENT_EXECUTE|[100]
20:43:27.0 (108291739)|STATEMENT_EXECUTE|[101]
20:43:27.0 (108324725)|VARIABLE_ASSIGNMENT|[EXTERNAL]|this|{"currentUser":"0x1384ab9e","isSAUser":false,"iTypeOfScreen":21,"urlReportsSFA":"https://cs6.lightnin (84 more) ..."}|0x63679f5a
20:43:27.0 (108362216)|VARIABLE_ASSIGNMENT|[EXTERNAL]|this|{"currentUser":"0x1384ab9e","isSAUser":false,"iTypeOfScreen":21,"urlReportsSFA":"https://cs6.lightnin (84 more) ..."}|0x63679f5a
20:43:27.0 (108401441)|VARIABLE_ASSIGNMENT|[EXTERNAL]|this|{"currentUser":"0x1384ab9e","isSAUser":false,"iTypeOfScreen":21,"urlReportsSFA":"https://cs6.lightnin (84 more) ..."}|0x63679f5a
20:43:27.0 (108416438)|HEAP_ALLOCATE|[101]|Bytes:5
20:43:27.0 (108634394)|SYSTEM_MODE_ENTER|true
20:43:27.0 (108675872)|HEAP_ALLOCATE|[EXTERNAL]|Bytes:208
20:43:27.0 (108683389)|VARIABLE_SCOPE_BEGIN|[91]|this|auCXKnowledgeListCtrl|true|false
20:43:27.0 (109028363)|VARIABLE_ASSIGNMENT|[91]|this|{"categoryOptions":"0x3ada015","currentUser":"0x30c1997c","cxKnowledgeAttachSharing":"0","cxKnowledgeNew":"0x198a5c1b","cxKnowledgeUpdate":"0x6be8414e","cxKnowledgeUpdateComments":"0x47640795","cxKnowledgeUpdateFeedId":"0D5N000000Lb2u0KAB","cxKnowledgeUpdateId":"a09N000000A2LPiIAN","errorMessage":"","filterFavorite":false,"filterFreeText":"","filterStatus":"","initSearchFlg":"true","isApprover":false,"isCreator":false,"isHonbu":false,"isLikedAlready":true,"isNationalApprover":false,"isRestrictedUser":false,"isShisha":false,"isShiten":false,"isShopUser":false,"lsCxKnowledgeUpdateAttachment":"0x2927aa64","mpUserComment":"0x1591cc45","optShisha":"0x5eb02068","optShiten":"0x398fdc84","optUneiHojin":"0x2d6f255b","orderBy":"DisplayedDate__c DESC","pageNum":1,"pageSize":20,"recordsCount":91,"searchFilter":"","ShopsOptions":"0x36072757","ssc":"0x696bf29f","whereStr":" WHERE IsCommentOnly__c = False"}|0x526c266a
20:43:27.0 (109053200)|SYSTEM_MODE_ENTER|false
20:43:27.0 (109061079)|HEAP_ALLOCATE|[92]|Bytes:5
20:43:27.0 (109066349)|STATEMENT_EXECUTE|[91]
20:43:27.0 (109068316)|STATEMENT_EXECUTE|[92]
20:43:27.0 (109317064)|VARIABLE_ASSIGNMENT|[EXTERNAL]|this|{"categoryOptions":"0x3ada015","currentUser":"0x30c1997c","cxKnowledgeAttachSharing":"0","cxKnowledgeNew":"0x198a5c1b","cxKnowledgeUpdate":"0x6be8414e","cxKnowledgeUpdateComments":"0x47640795","cxKnowledgeUpdateFeedId":"0D5N000000Lb2u0KAB","cxKnowledgeUpdateId":"a09N000000A2LPiIAN","errorMessage":"","filterFavorite":false,"filterFreeText":"","filterStatus":"","initSearchFlg":"true","isApprover":false,"isCreator":false,"isHonbu":false,"isLikedAlready":true,"isNationalApprover":false,"isRestrictedUser":false,"isShisha":false,"isShiten":false,"isShopUser":false,"lsCxKnowledgeUpdateAttachment":"0x2927aa64","mpUserComment":"0x1591cc45","optShisha":"0x5eb02068","optShiten":"0x398fdc84","optUneiHojin":"0x2d6f255b","orderBy":"DisplayedDate__c DESC","pageNum":1,"pageSize":20,"recordsCount":91,"searchFilter":"","ShopsOptions":"0x36072757","ssc":"0x696bf29f","whereStr":" WHERE IsCommentOnly__c = False"}|0x526c266a
20:43:27.0 (109563829)|VARIABLE_ASSIGNMENT|[EXTERNAL]|this|{"categoryOptions":"0x3ada015","currentUser":"0x30c1997c","cxKnowledgeAttachSharing":"0","cxKnowledgeNew":"0x198a5c1b","cxKnowledgeUpdate":"0x6be8414e","cxKnowledgeUpdateComments":"0x47640795","cxKnowledgeUpdateFeedId":"0D5N000000Lb2u0KAB","cxKnowledgeUpdateId":"a09N000000A2LPiIAN","errorMessage":"","filterFavorite":false,"filterFreeText":"","filterStatus":"","initSearchFlg":"true","isApprover":false,"isCreator":false,"isHonbu":false,"isLikedAlready":true,"isNationalApprover":false,"isRestrictedUser":false,"isShisha":false,"isShiten":false,"isShopUser":false,"lsCxKnowledgeUpdateAttachment":"0x2927aa64","mpUserComment":"0x1591cc45","optShisha":"0x5eb02068","optShiten":"0x398fdc84","optUneiHojin":"0x2d6f255b","orderBy":"DisplayedDate__c DESC","pageNum":1,"pageSize":20,"recordsCount":91,"searchFilter":"","ShopsOptions":"0x36072757","ssc":"0x696bf29f","whereStr":" WHERE IsCommentOnly__c = False"}|0x526c266a
20:43:27.0 (109802837)|VARIABLE_ASSIGNMENT|[EXTERNAL]|this|{"categoryOptions":"0x3ada015","currentUser":"0x30c1997c","cxKnowledgeAttachSharing":"0","cxKnowledgeNew":"0x198a5c1b","cxKnowledgeUpdate":"0x6be8414e","cxKnowledgeUpdateComments":"0x47640795","cxKnowledgeUpdateFeedId":"0D5N000000Lb2u0KAB","cxKnowledgeUpdateId":"a09N000000A2LPiIAN","errorMessage":"","filterFavorite":false,"filterFreeText":"","filterStatus":"","initSearchFlg":"true","isApprover":false,"isCreator":false,"isHonbu":false,"isLikedAlready":true,"isNationalApprover":false,"isRestrictedUser":false,"isShisha":false,"isShiten":false,"isShopUser":false,"lsCxKnowledgeUpdateAttachment":"0x2927aa64","mpUserComment":"0x1591cc45","optShisha":"0x5eb02068","optShiten":"0x398fdc84","optUneiHojin":"0x2d6f255b","orderBy":"DisplayedDate__c DESC","pageNum":1,"pageSize":20,"recordsCount":91,"searchFilter":"","ShopsOptions":"0x36072757","ssc":"0x696bf29f","whereStr":" WHERE IsCommentOnly__c = False"}|0x526c266a
20:43:27.0 (109827839)|HEAP_ALLOCATE|[92]|Bytes:5
20:43:27.0 (109835039)|SYSTEM_MODE_EXIT|false
20:43:27.0 (109841254)|HEAP_ALLOCATE|[92]|Bytes:5
20:43:27.0 (109907916)|SYSTEM_MODE_ENTER|true
20:43:27.0 (109945249)|HEAP_ALLOCATE|[EXTERNAL]|Bytes:208
20:43:27.0 (109952481)|VARIABLE_SCOPE_BEGIN|[95]|this|auCXKnowledgeListCtrl|true|false
20:43:27.0 (110182579)|VARIABLE_ASSIGNMENT|[95]|this|{"categoryOptions":"0x3ada015","currentUser":"0x30c1997c","cxKnowledgeAttachSharing":"0","cxKnowledgeNew":"0x198a5c1b","cxKnowledgeUpdate":"0x6be8414e","cxKnowledgeUpdateComments":"0x47640795","cxKnowledgeUpdateFeedId":"0D5N000000Lb2u0KAB","cxKnowledgeUpdateId":"a09N000000A2LPiIAN","errorMessage":"","filterFavorite":false,"filterFreeText":"","filterStatus":"","initSearchFlg":"true","isApprover":false,"isCreator":false,"isHonbu":false,"isLikedAlready":true,"isNationalApprover":false,"isRestrictedUser":false,"isShisha":false,"isShiten":false,"isShopUser":false,"lsCxKnowledgeUpdateAttachment":"0x2927aa64","mpUserComment":"0x1591cc45","optShisha":"0x5eb02068","optShiten":"0x398fdc84","optUneiHojin":"0x2d6f255b","orderBy":"DisplayedDate__c DESC","pageNum":1,"pageSize":20,"recordsCount":91,"searchFilter":"","ShopsOptions":"0x36072757","ssc":"0x696bf29f","whereStr":" WHERE IsCommentOnly__c = False"}|0x526c266a
20:43:27.0 (110207876)|SYSTEM_MODE_ENTER|false
20:43:27.0 (110214519)|HEAP_ALLOCATE|[96]|Bytes:5
20:43:27.0 (110219931)|STATEMENT_EXECUTE|[95]
20:43:27.0 (110221866)|STATEMENT_EXECUTE|[96]
20:43:27.0 (110451555)|VARIABLE_ASSIGNMENT|[EXTERNAL]|this|{"categoryOptions":"0x3ada015","currentUser":"0x30c1997c","cxKnowledgeAttachSharing":"0","cxKnowledgeNew":"0x198a5c1b","cxKnowledgeUpdate":"0x6be8414e","cxKnowledgeUpdateComments":"0x47640795","cxKnowledgeUpdateFeedId":"0D5N000000Lb2u0KAB","cxKnowledgeUpdateId":"a09N000000A2LPiIAN","errorMessage":"","filterFavorite":false,"filterFreeText":"","filterStatus":"","initSearchFlg":"true","isApprover":false,"isCreator":false,"isHonbu":false,"isLikedAlready":true,"isNationalApprover":false,"isRestrictedUser":false,"isShisha":false,"isShiten":false,"isShopUser":false,"lsCxKnowledgeUpdateAttachment":"0x2927aa64","mpUserComment":"0x1591cc45","optShisha":"0x5eb02068","optShiten":"0x398fdc84","optUneiHojin":"0x2d6f255b","orderBy":"DisplayedDate__c DESC","pageNum":1,"pageSize":20,"recordsCount":91,"searchFilter":"","ShopsOptions":"0x36072757","ssc":"0x696bf29f","whereStr":" WHERE IsCommentOnly__c = False"}|0x526c266a
20:43:27.0 (110689985)|VARIABLE_ASSIGNMENT|[EXTERNAL]|this|{"categoryOptions":"0x3ada015","currentUser":"0x30c1997c","cxKnowledgeAttachSharing":"0","cxKnowledgeNew":"0x198a5c1b","cxKnowledgeUpdate":"0x6be8414e","cxKnowledgeUpdateComments":"0x47640795","cxKnowledgeUpdateFeedId":"0D5N000000Lb2u0KAB","cxKnowledgeUpdateId":"a09N000000A2LPiIAN","errorMessage":"","filterFavorite":false,"filterFreeText":"","filterStatus":"","initSearchFlg":"true","isApprover":false,"isCreator":false,"isHonbu":false,"isLikedAlready":true,"isNationalApprover":false,"isRestrictedUser":false,"isShisha":false,"isShiten":false,"isShopUser":false,"lsCxKnowledgeUpdateAttachment":"0x2927aa64","mpUserComment":"0x1591cc45","optShisha":"0x5eb02068","optShiten":"0x398fdc84","optUneiHojin":"0x2d6f255b","orderBy":"DisplayedDate__c DESC","pageNum":1,"pageSize":20,"recordsCount":91,"searchFilter":"","ShopsOptions":"0x36072757","ssc":"0x696bf29f","whereStr":" WHERE IsCommentOnly__c = False"}|0x526c266a
20:43:27.0 (110922732)|VARIABLE_ASSIGNMENT|[EXTERNAL]|this|{"categoryOptions":"0x3ada015","currentUser":"0x30c1997c","cxKnowledgeAttachSharing":"0","cxKnowledgeNew":"0x198a5c1b","cxKnowledgeUpdate":"0x6be8414e","cxKnowledgeUpdateComments":"0x47640795","cxKnowledgeUpdateFeedId":"0D5N000000Lb2u0KAB","cxKnowledgeUpdateId":"a09N000000A2LPiIAN","errorMessage":"","filterFavorite":false,"filterFreeText":"","filterStatus":"","initSearchFlg":"true","isApprover":false,"isCreator":false,"isHonbu":false,"isLikedAlready":true,"isNationalApprover":false,"isRestrictedUser":false,"isShisha":false,"isShiten":false,"isShopUser":false,"lsCxKnowledgeUpdateAttachment":"0x2927aa64","mpUserComment":"0x1591cc45","optShisha":"0x5eb02068","optShiten":"0x398fdc84","optUneiHojin":"0x2d6f255b","orderBy":"DisplayedDate__c DESC","pageNum":1,"pageSize":20,"recordsCount":91,"searchFilter":"","ShopsOptions":"0x36072757","ssc":"0x696bf29f","whereStr":" WHERE IsCommentOnly__c = False"}|0x526c266a
20:43:27.0 (110946199)|HEAP_ALLOCATE|[96]|Bytes:5
20:43:27.0 (110952865)|SYSTEM_MODE_EXIT|false
20:43:27.0 (110958749)|HEAP_ALLOCATE|[96]|Bytes:5
20:43:27.0 (111021771)|SYSTEM_MODE_ENTER|true
20:43:27.0 (111058283)|HEAP_ALLOCATE|[EXTERNAL]|Bytes:208
20:43:27.0 (111066091)|VARIABLE_SCOPE_BEGIN|[99]|this|auCXKnowledgeListCtrl|true|false
20:43:27.0 (111293238)|VARIABLE_ASSIGNMENT|[99]|this|{"categoryOptions":"0x3ada015","currentUser":"0x30c1997c","cxKnowledgeAttachSharing":"0","cxKnowledgeNew":"0x198a5c1b","cxKnowledgeUpdate":"0x6be8414e","cxKnowledgeUpdateComments":"0x47640795","cxKnowledgeUpdateFeedId":"0D5N000000Lb2u0KAB","cxKnowledgeUpdateId":"a09N000000A2LPiIAN","errorMessage":"","filterFavorite":false,"filterFreeText":"","filterStatus":"","initSearchFlg":"true","isApprover":false,"isCreator":false,"isHonbu":false,"isLikedAlready":true,"isNationalApprover":false,"isRestrictedUser":false,"isShisha":false,"isShiten":false,"isShopUser":false,"lsCxKnowledgeUpdateAttachment":"0x2927aa64","mpUserComment":"0x1591cc45","optShisha":"0x5eb02068","optShiten":"0x398fdc84","optUneiHojin":"0x2d6f255b","orderBy":"DisplayedDate__c DESC","pageNum":1,"pageSize":20,"recordsCount":91,"searchFilter":"","ShopsOptions":"0x36072757","ssc":"0x696bf29f","whereStr":" WHERE IsCommentOnly__c = False"}|0x526c266a
20:43:27.0 (111317019)|SYSTEM_MODE_ENTER|false
20:43:27.0 (111323411)|HEAP_ALLOCATE|[100]|Bytes:5
20:43:27.0 (111328547)|STATEMENT_EXECUTE|[99]
20:43:27.0 (111330809)|STATEMENT_EXECUTE|[100]
20:43:27.0 (112449123)|HEAP_ALLOCATE|[100]|Bytes:5
20:43:27.0 (112460345)|SYSTEM_MODE_EXIT|false
20:43:27.0 (112467231)|HEAP_ALLOCATE|[100]|Bytes:5
20:43:27.0 (112635183)|SYSTEM_MODE_ENTER|true
20:43:27.0 (113078596)|SYSTEM_MODE_ENTER|true
20:43:27.0 (113500325)|SYSTEM_MODE_ENTER|true
20:43:27.0 (113540486)|SYSTEM_MODE_ENTER|true
20:43:27.0 (113635322)|SYSTEM_MODE_ENTER|true
20:43:27.0 (113679939)|HEAP_ALLOCATE|[EXTERNAL]|Bytes:208
20:43:27.0 (113689395)|VARIABLE_SCOPE_BEGIN|[34]|this|auCXKnowledgeListCtrl|true|false
20:43:27.0 (113938583)|VARIABLE_ASSIGNMENT|[34]|this|{"categoryOptions":"0x3ada015","currentUser":"0x30c1997c","cxKnowledgeAttachSharing":"0","cxKnowledgeNew":"0x198a5c1b","cxKnowledgeUpdate":"0x6be8414e","cxKnowledgeUpdateComments":"0x47640795","cxKnowledgeUpdateFeedId":"0D5N000000Lb2u0KAB","cxKnowledgeUpdateId":"a09N000000A2LPiIAN","errorMessage":"","filterFavorite":false,"filterFreeText":"","filterStatus":"","initSearchFlg":"true","isApprover":false,"isCreator":false,"isHonbu":false,"isLikedAlready":true,"isNationalApprover":false,"isRestrictedUser":false,"isShisha":false,"isShiten":false,"isShopUser":false,"lsCxKnowledgeUpdateAttachment":"0x2927aa64","mpUserComment":"0x1591cc45","optShisha":"0x5eb02068","optShiten":"0x398fdc84","optUneiHojin":"0x2d6f255b","orderBy":"DisplayedDate__c DESC","pageNum":1,"pageSize":20,"recordsCount":91,"searchFilter":"","ShopsOptions":"0x36072757","ssc":"0x696bf29f","whereStr":" WHERE IsCommentOnly__c = False"}|0x526c266a
20:43:27.0 (113963245)|SYSTEM_MODE_ENTER|false
20:43:27.0 (113971052)|HEAP_ALLOCATE|[35]|Bytes:5
20:43:27.0 (113976952)|STATEMENT_EXECUTE|[34]
20:43:27.0 (113978913)|STATEMENT_EXECUTE|[35]
20:43:27.0 (113983305)|SYSTEM_MODE_EXIT|false
20:43:27.0 (114049203)|SYSTEM_MODE_ENTER|true
20:43:27.0 (114176015)|SYSTEM_MODE_ENTER|true
20:43:27.0 (114394072)|SYSTEM_MODE_ENTER|true
20:43:27.0 (114432310)|HEAP_ALLOCATE|[EXTERNAL]|Bytes:208
20:43:27.0 (114440409)|VARIABLE_SCOPE_BEGIN|[38]|this|auCXKnowledgeListCtrl|true|false
20:43:27.0 (114681691)|VARIABLE_ASSIGNMENT|[38]|this|{"categoryOptions":"0x3ada015","currentUser":"0x30c1997c","cxKnowledgeAttachSharing":"0","cxKnowledgeNew":"0x198a5c1b","cxKnowledgeUpdate":"0x6be8414e","cxKnowledgeUpdateComments":"0x47640795","cxKnowledgeUpdateFeedId":"0D5N000000Lb2u0KAB","cxKnowledgeUpdateId":"a09N000000A2LPiIAN","errorMessage":"","filterFavorite":false,"filterFreeText":"","filterStatus":"","initSearchFlg":"true","isApprover":false,"isCreator":false,"isHonbu":false,"isLikedAlready":true,"isNationalApprover":false,"isRestrictedUser":false,"isShisha":false,"isShiten":false,"isShopUser":false,"lsCxKnowledgeUpdateAttachment":"0x2927aa64","mpUserComment":"0x1591cc45","optShisha":"0x5eb02068","optShiten":"0x398fdc84","optUneiHojin":"0x2d6f255b","orderBy":"DisplayedDate__c DESC","pageNum":1,"pageSize":20,"recordsCount":91,"searchFilter":"","ShopsOptions":"0x36072757","ssc":"0x696bf29f","whereStr":" WHERE IsCommentOnly__c = False"}|0x526c266a
20:43:27.0 (114706425)|SYSTEM_MODE_ENTER|false
20:43:27.0 (114714044)|HEAP_ALLOCATE|[38]|Bytes:5
20:43:27.0 (114719335)|STATEMENT_EXECUTE|[38]
20:43:27.0 (114721825)|STATEMENT_EXECUTE|[38]
20:43:27.0 (114961726)|VARIABLE_ASSIGNMENT|[EXTERNAL]|this|{"categoryOptions":"0x3ada015","currentUser":"0x30c1997c","cxKnowledgeAttachSharing":"0","cxKnowledgeNew":"0x198a5c1b","cxKnowledgeUpdate":"0x6be8414e","cxKnowledgeUpdateComments":"0x47640795","cxKnowledgeUpdateFeedId":"0D5N000000Lb2u0KAB","cxKnowledgeUpdateId":"a09N000000A2LPiIAN","errorMessage":"","filterFavorite":false,"filterFreeText":"","filterStatus":"","initSearchFlg":"true","isApprover":false,"isCreator":false,"isHonbu":false,"isLikedAlready":true,"isNationalApprover":false,"isRestrictedUser":false,"isShisha":false,"isShiten":false,"isShopUser":false,"lsCxKnowledgeUpdateAttachment":"0x2927aa64","mpUserComment":"0x1591cc45","optShisha":"0x5eb02068","optShiten":"0x398fdc84","optUneiHojin":"0x2d6f255b","orderBy":"DisplayedDate__c DESC","pageNum":1,"pageSize":20,"recordsCount":91,"searchFilter":"","ShopsOptions":"0x36072757","ssc":"0x696bf29f","whereStr":" WHERE IsCommentOnly__c = False"}|0x526c266a
20:43:27.0 (115205785)|VARIABLE_ASSIGNMENT|[EXTERNAL]|this|{"categoryOptions":"0x3ada015","currentUser":"0x30c1997c","cxKnowledgeAttachSharing":"0","cxKnowledgeNew":"0x198a5c1b","cxKnowledgeUpdate":"0x6be8414e","cxKnowledgeUpdateComments":"0x47640795","cxKnowledgeUpdateFeedId":"0D5N000000Lb2u0KAB","cxKnowledgeUpdateId":"a09N000000A2LPiIAN","errorMessage":"","filterFavorite":false,"filterFreeText":"","filterStatus":"","initSearchFlg":"true","isApprover":false,"isCreator":false,"isHonbu":false,"isLikedAlready":true,"isNationalApprover":false,"isRestrictedUser":false,"isShisha":false,"isShiten":false,"isShopUser":false,"lsCxKnowledgeUpdateAttachment":"0x2927aa64","mpUserComment":"0x1591cc45","optShisha":"0x5eb02068","optShiten":"0x398fdc84","optUneiHojin":"0x2d6f255b","orderBy":"DisplayedDate__c DESC","pageNum":1,"pageSize":20,"recordsCount":91,"searchFilter":"","ShopsOptions":"0x36072757","ssc":"0x696bf29f","whereStr":" WHERE IsCommentOnly__c = False"}|0x526c266a
20:43:27.0 (115233081)|HEAP_ALLOCATE|[38]|Bytes:5
20:43:27.0 (115239766)|SYSTEM_MODE_EXIT|false
20:43:27.0 (115245637)|HEAP_ALLOCATE|[38]|Bytes:5
20:43:27.0 (115384235)|SYSTEM_MODE_ENTER|true
20:43:27.0 (115428015)|HEAP_ALLOCATE|[EXTERNAL]|Bytes:208
20:43:27.0 (115436159)|VARIABLE_SCOPE_BEGIN|[730]|this|auCXKnowledgeListCtrl|true|false
20:43:27.0 (115678975)|VARIABLE_ASSIGNMENT|[730]|this|{"categoryOptions":"0x3ada015","currentUser":"0x30c1997c","cxKnowledgeAttachSharing":"0","cxKnowledgeNew":"0x198a5c1b","cxKnowledgeUpdate":"0x6be8414e","cxKnowledgeUpdateComments":"0x47640795","cxKnowledgeUpdateFeedId":"0D5N000000Lb2u0KAB","cxKnowledgeUpdateId":"a09N000000A2LPiIAN","errorMessage":"","filterFavorite":false,"filterFreeText":"","filterStatus":"","initSearchFlg":"true","isApprover":false,"isCreator":false,"isHonbu":false,"isLikedAlready":true,"isNationalApprover":false,"isRestrictedUser":false,"isShisha":false,"isShiten":false,"isShopUser":false,"lsCxKnowledgeUpdateAttachment":"0x2927aa64","mpUserComment":"0x1591cc45","optShisha":"0x5eb02068","optShiten":"0x398fdc84","optUneiHojin":"0x2d6f255b","orderBy":"DisplayedDate__c DESC","pageNum":1,"pageSize":20,"recordsCount":91,"searchFilter":"","ShopsOptions":"0x36072757","ssc":"0x696bf29f","whereStr":" WHERE IsCommentOnly__c = False"}|0x526c266a
20:43:27.0 (115704373)|SYSTEM_MODE_ENTER|false
20:43:27.0 (115711902)|HEAP_ALLOCATE|[731]|Bytes:5
20:43:27.0 (115716659)|STATEMENT_EXECUTE|[730]
20:43:27.0 (115718522)|STATEMENT_EXECUTE|[731]
20:43:27.0 (115954483)|VARIABLE_ASSIGNMENT|[EXTERNAL]|this|{"categoryOptions":"0x3ada015","currentUser":"0x30c1997c","cxKnowledgeAttachSharing":"0","cxKnowledgeNew":"0x198a5c1b","cxKnowledgeUpdate":"0x6be8414e","cxKnowledgeUpdateComments":"0x47640795","cxKnowledgeUpdateFeedId":"0D5N000000Lb2u0KAB","cxKnowledgeUpdateId":"a09N000000A2LPiIAN","errorMessage":"","filterFavorite":false,"filterFreeText":"","filterStatus":"","initSearchFlg":"true","isApprover":false,"isCreator":false,"isHonbu":false,"isLikedAlready":true,"isNationalApprover":false,"isRestrictedUser":false,"isShisha":false,"isShiten":false,"isShopUser":false,"lsCxKnowledgeUpdateAttachment":"0x2927aa64","mpUserComment":"0x1591cc45","optShisha":"0x5eb02068","optShiten":"0x398fdc84","optUneiHojin":"0x2d6f255b","orderBy":"DisplayedDate__c DESC","pageNum":1,"pageSize":20,"recordsCount":91,"searchFilter":"","ShopsOptions":"0x36072757","ssc":"0x696bf29f","whereStr":" WHERE IsCommentOnly__c = False"}|0x526c266a
20:43:27.0 (115981017)|SYSTEM_MODE_EXIT|false
20:43:27.0 (116361436)|SYSTEM_MODE_ENTER|true
20:43:27.0 (116401615)|HEAP_ALLOCATE|[EXTERNAL]|Bytes:208
20:43:27.0 (116410119)|VARIABLE_SCOPE_BEGIN|[13]|this|auCXKnowledgeListCtrl|true|false
20:43:27.0 (116662535)|VARIABLE_ASSIGNMENT|[13]|this|{"categoryOptions":"0x3ada015","currentUser":"0x30c1997c","cxKnowledgeAttachSharing":"0","cxKnowledgeNew":"0x198a5c1b","cxKnowledgeUpdate":"0x6be8414e","cxKnowledgeUpdateComments":"0x47640795","cxKnowledgeUpdateFeedId":"0D5N000000Lb2u0KAB","cxKnowledgeUpdateId":"a09N000000A2LPiIAN","errorMessage":"","filterFavorite":false,"filterFreeText":"","filterStatus":"","initSearchFlg":"true","isApprover":false,"isCreator":false,"isHonbu":false,"isLikedAlready":true,"isNationalApprover":false,"isRestrictedUser":false,"isShisha":false,"isShiten":false,"isShopUser":false,"lsCxKnowledgeUpdateAttachment":"0x2927aa64","mpUserComment":"0x1591cc45","optShisha":"0x5eb02068","optShiten":"0x398fdc84","optUneiHojin":"0x2d6f255b","orderBy":"DisplayedDate__c DESC","pageNum":1,"pageSize":20,"recordsCount":91,"searchFilter":"","ShopsOptions":"0x36072757","ssc":"0x696bf29f","whereStr":" WHERE IsCommentOnly__c = False"}|0x526c266a
20:43:27.0 (116687276)|SYSTEM_MODE_ENTER|false
20:43:27.0 (116695069)|HEAP_ALLOCATE|[13]|Bytes:5
20:43:27.0 (116699932)|STATEMENT_EXECUTE|[13]
20:43:27.0 (116701983)|STATEMENT_EXECUTE|[13]
20:43:27.0 (116706542)|SYSTEM_MODE_EXIT|false
20:43:27.0 (127731075)|SYSTEM_MODE_ENTER|true
20:43:27.0 (127801296)|SYSTEM_MODE_ENTER|true
20:43:27.0 (127849739)|SYSTEM_MODE_ENTER|true
20:43:27.0 (127882115)|SYSTEM_MODE_ENTER|true
20:43:27.0 (127958252)|SYSTEM_MODE_ENTER|true
20:43:27.0 (128003074)|HEAP_ALLOCATE|[EXTERNAL]|Bytes:208
20:43:27.0 (128014397)|VARIABLE_SCOPE_BEGIN|[10]|this|auCXKnowledgeListCtrl|true|false
20:43:27.0 (128343476)|VARIABLE_ASSIGNMENT|[10]|this|{"categoryOptions":"0x3ada015","currentUser":"0x30c1997c","cxKnowledgeAttachSharing":"0","cxKnowledgeNew":"0x198a5c1b","cxKnowledgeUpdate":"0x6be8414e","cxKnowledgeUpdateComments":"0x47640795","cxKnowledgeUpdateFeedId":"0D5N000000Lb2u0KAB","cxKnowledgeUpdateId":"a09N000000A2LPiIAN","errorMessage":"","filterFavorite":false,"filterFreeText":"","filterStatus":"","initSearchFlg":"true","isApprover":false,"isCreator":false,"isHonbu":false,"isLikedAlready":true,"isNationalApprover":false,"isRestrictedUser":false,"isShisha":false,"isShiten":false,"isShopUser":false,"lsCxKnowledgeUpdateAttachment":"0x2927aa64","mpUserComment":"0x1591cc45","optShisha":"0x5eb02068","optShiten":"0x398fdc84","optUneiHojin":"0x2d6f255b","orderBy":"DisplayedDate__c DESC","pageNum":1,"pageSize":20,"recordsCount":91,"searchFilter":"","ShopsOptions":"0x36072757","ssc":"0x696bf29f","whereStr":" WHERE IsCommentOnly__c = False"}|0x526c266a
20:43:27.0 (128372511)|SYSTEM_MODE_ENTER|false
20:43:27.0 (128383647)|HEAP_ALLOCATE|[10]|Bytes:5
20:43:27.0 (128389950)|STATEMENT_EXECUTE|[10]
20:43:27.0 (128392297)|STATEMENT_EXECUTE|[10]
20:43:27.0 (128399118)|SYSTEM_MODE_EXIT|false
20:43:27.0 (128512557)|SYSTEM_MODE_ENTER|true
20:43:27.0 (128545978)|HEAP_ALLOCATE|[EXTERNAL]|Bytes:208
20:43:27.0 (128553459)|VARIABLE_SCOPE_BEGIN|[12]|this|auCXKnowledgeListCtrl|true|false
20:43:27.0 (128792009)|VARIABLE_ASSIGNMENT|[12]|this|{"categoryOptions":"0x3ada015","currentUser":"0x30c1997c","cxKnowledgeAttachSharing":"0","cxKnowledgeNew":"0x198a5c1b","cxKnowledgeUpdate":"0x6be8414e","cxKnowledgeUpdateComments":"0x47640795","cxKnowledgeUpdateFeedId":"0D5N000000Lb2u0KAB","cxKnowledgeUpdateId":"a09N000000A2LPiIAN","errorMessage":"","filterFavorite":false,"filterFreeText":"","filterStatus":"","initSearchFlg":"true","isApprover":false,"isCreator":false,"isHonbu":false,"isLikedAlready":true,"isNationalApprover":false,"isRestrictedUser":false,"isShisha":false,"isShiten":false,"isShopUser":false,"lsCxKnowledgeUpdateAttachment":"0x2927aa64","mpUserComment":"0x1591cc45","optShisha":"0x5eb02068","optShiten":"0x398fdc84","optUneiHojin":"0x2d6f255b","orderBy":"DisplayedDate__c DESC","pageNum":1,"pageSize":20,"recordsCount":91,"searchFilter":"","ShopsOptions":"0x36072757","ssc":"0x696bf29f","whereStr":" WHERE IsCommentOnly__c = False"}|0x526c266a
20:43:27.0 (128816406)|SYSTEM_MODE_ENTER|false
20:43:27.0 (128823975)|HEAP_ALLOCATE|[12]|Bytes:5
20:43:27.0 (128828961)|STATEMENT_EXECUTE|[12]
20:43:27.0 (128830960)|STATEMENT_EXECUTE|[12]
20:43:27.0 (128835170)|SYSTEM_MODE_EXIT|false
20:43:27.0 (128941887)|SYSTEM_MODE_ENTER|true
20:43:27.0 (128974713)|HEAP_ALLOCATE|[EXTERNAL]|Bytes:208
20:43:27.0 (128981463)|VARIABLE_SCOPE_BEGIN|[13]|this|auCXKnowledgeListCtrl|true|false
20:43:27.0 (129213556)|VARIABLE_ASSIGNMENT|[13]|this|{"categoryOptions":"0x3ada015","currentUser":"0x30c1997c","cxKnowledgeAttachSharing":"0","cxKnowledgeNew":"0x198a5c1b","cxKnowledgeUpdate":"0x6be8414e","cxKnowledgeUpdateComments":"0x47640795","cxKnowledgeUpdateFeedId":"0D5N000000Lb2u0KAB","cxKnowledgeUpdateId":"a09N000000A2LPiIAN","errorMessage":"","filterFavorite":false,"filterFreeText":"","filterStatus":"","initSearchFlg":"true","isApprover":false,"isCreator":false,"isHonbu":false,"isLikedAlready":true,"isNationalApprover":false,"isRestrictedUser":false,"isShisha":false,"isShiten":false,"isShopUser":false,"lsCxKnowledgeUpdateAttachment":"0x2927aa64","mpUserComment":"0x1591cc45","optShisha":"0x5eb02068","optShiten":"0x398fdc84","optUneiHojin":"0x2d6f255b","orderBy":"DisplayedDate__c DESC","pageNum":1,"pageSize":20,"recordsCount":91,"searchFilter":"","ShopsOptions":"0x36072757","ssc":"0x696bf29f","whereStr":" WHERE IsCommentOnly__c = False"}|0x526c266a
20:43:27.0 (129238406)|SYSTEM_MODE_ENTER|false
20:43:27.0 (129245420)|HEAP_ALLOCATE|[13]|Bytes:5
20:43:27.0 (129250554)|STATEMENT_EXECUTE|[13]
20:43:27.0 (129252563)|STATEMENT_EXECUTE|[13]
20:43:27.0 (129256902)|SYSTEM_MODE_EXIT|false
20:43:27.0 (129785476)|SYSTEM_MODE_ENTER|true
20:43:27.0 (129830106)|HEAP_ALLOCATE|[EXTERNAL]|Bytes:208
20:43:27.0 (129838714)|VARIABLE_SCOPE_BEGIN|[11]|this|auCXKnowledgeListCtrl|true|false
20:43:27.0 (130082280)|VARIABLE_ASSIGNMENT|[11]|this|{"categoryOptions":"0x3ada015","currentUser":"0x30c1997c","cxKnowledgeAttachSharing":"0","cxKnowledgeNew":"0x198a5c1b","cxKnowledgeUpdate":"0x6be8414e","cxKnowledgeUpdateComments":"0x47640795","cxKnowledgeUpdateFeedId":"0D5N000000Lb2u0KAB","cxKnowledgeUpdateId":"a09N000000A2LPiIAN","errorMessage":"","filterFavorite":false,"filterFreeText":"","filterStatus":"","initSearchFlg":"true","isApprover":false,"isCreator":false,"isHonbu":false,"isLikedAlready":true,"isNationalApprover":false,"isRestrictedUser":false,"isShisha":false,"isShiten":false,"isShopUser":false,"lsCxKnowledgeUpdateAttachment":"0x2927aa64","mpUserComment":"0x1591cc45","optShisha":"0x5eb02068","optShiten":"0x398fdc84","optUneiHojin":"0x2d6f255b","orderBy":"DisplayedDate__c DESC","pageNum":1,"pageSize":20,"recordsCount":91,"searchFilter":"","ShopsOptions":"0x36072757","ssc":"0x696bf29f","whereStr":" WHERE IsCommentOnly__c = False"}|0x526c266a
20:43:27.0 (130108025)|SYSTEM_MODE_ENTER|false
20:43:27.0 (130115518)|HEAP_ALLOCATE|[11]|Bytes:5
20:43:27.0 (130121093)|STATEMENT_EXECUTE|[11]
20:43:27.0 (130122901)|STATEMENT_EXECUTE|[11]
20:43:27.0 (130129009)|SYSTEM_MODE_EXIT|false
20:43:27.0 (130243475)|SYSTEM_MODE_ENTER|true
20:43:27.0 (130280695)|HEAP_ALLOCATE|[EXTERNAL]|Bytes:208
20:43:27.0 (130288659)|VARIABLE_SCOPE_BEGIN|[14]|this|auCXKnowledgeListCtrl|true|false
20:43:27.0 (130522829)|VARIABLE_ASSIGNMENT|[14]|this|{"categoryOptions":"0x3ada015","currentUser":"0x30c1997c","cxKnowledgeAttachSharing":"0","cxKnowledgeNew":"0x198a5c1b","cxKnowledgeUpdate":"0x6be8414e","cxKnowledgeUpdateComments":"0x47640795","cxKnowledgeUpdateFeedId":"0D5N000000Lb2u0KAB","cxKnowledgeUpdateId":"a09N000000A2LPiIAN","errorMessage":"","filterFavorite":false,"filterFreeText":"","filterStatus":"","initSearchFlg":"true","isApprover":false,"isCreator":false,"isHonbu":false,"isLikedAlready":true,"isNationalApprover":false,"isRestrictedUser":false,"isShisha":false,"isShiten":false,"isShopUser":false,"lsCxKnowledgeUpdateAttachment":"0x2927aa64","mpUserComment":"0x1591cc45","optShisha":"0x5eb02068","optShiten":"0x398fdc84","optUneiHojin":"0x2d6f255b","orderBy":"DisplayedDate__c DESC","pageNum":1,"pageSize":20,"recordsCount":91,"searchFilter":"","ShopsOptions":"0x36072757","ssc":"0x696bf29f","whereStr":" WHERE IsCommentOnly__c = False"}|0x526c266a
20:43:27.0 (130557515)|SYSTEM_MODE_ENTER|false
20:43:27.0 (130567411)|HEAP_ALLOCATE|[14]|Bytes:5
20:43:27.0 (130574910)|STATEMENT_EXECUTE|[14]
20:43:27.0 (130577419)|STATEMENT_EXECUTE|[14]
20:43:27.0 (130588212)|SYSTEM_MODE_EXIT|false
20:43:27.0 (131257416)|SYSTEM_MODE_ENTER|true
20:43:27.0 (135049894)|SYSTEM_MODE_ENTER|true
20:43:27.0 (135509891)|SYSTEM_MODE_ENTER|true
20:43:27.0 (143530717)|SYSTEM_MODE_ENTER|true
20:43:27.0 (172199191)|VF_SERIALIZE_VIEWSTATE_BEGIN|066N0000000F3A9
20:43:27.0 (181911862)|VF_SERIALIZE_VIEWSTATE_END
20:43:27.204 (204660040)|CUMULATIVE_LIMIT_USAGE
20:43:27.204 (204660040)|LIMIT_USAGE_FOR_NS|(default)|
  Number of SOQL queries: 2 out of 100
  Number of query rows: 2 out of 50000
  Number of SOSL queries: 0 out of 20
  Number of DML statements: 0 out of 150
  Number of DML rows: 0 out of 10000
  Maximum CPU time: 0 out of 10000
  Maximum heap size: 0 out of 6000000
  Number of callouts: 0 out of 100
  Number of Email Invocations: 0 out of 10
  Number of future calls: 0 out of 50
  Number of queueable jobs added to the queue: 0 out of 50
  Number of Mobile Apex push calls: 0 out of 10

20:43:27.204 (204660040)|CUMULATIVE_LIMIT_USAGE_END

20:43:27.0 (204698278)|CODE_UNIT_FINISHED|VF: /apex/auCXKnowledgeListPage
20:43:27.0 (205443134)|EXECUTION_FINISHED
