42.0 APEX_CODE,FINEST;APEX_PROFILING,INFO;CALLOUT,INFO;DB,INFO;NBA,INFO;SYSTEM,DEBUG;VALIDATION,INFO;VISUALFORCE,INFO;WAVE,INFO;WORKFLOW,INFO
12:06:59.0 (72415)|USER_INFO|[EXTERNAL]|005N00000057PfO|thomas.remy+kddi_gwdev01@globalway.co.jp|Japan Standard Time|GMT+09:00
12:06:59.0 (109271)|EXECUTION_STARTED
12:06:59.0 (113269)|CODE_UNIT_STARTED|[EXTERNAL]|066N0000000M4pW|VF: /apex/sadailyreport
12:06:59.0 (247286)|VF_DESERIALIZE_VIEWSTATE_BEGIN|066N0000000M4pW
12:06:59.0 (3199141)|HEAP_ALLOCATE|[72]|Bytes:3
12:06:59.0 (3227913)|HEAP_ALLOCATE|[77]|Bytes:152
12:06:59.0 (3239298)|HEAP_ALLOCATE|[342]|Bytes:408
12:06:59.0 (3281167)|HEAP_ALLOCATE|[355]|Bytes:408
12:06:59.0 (3306696)|HEAP_ALLOCATE|[467]|Bytes:48
12:06:59.0 (3336757)|HEAP_ALLOCATE|[139]|Bytes:6
12:06:59.0 (4254924)|HEAP_ALLOCATE|[50]|Bytes:5
12:06:59.0 (4285020)|HEAP_ALLOCATE|[56]|Bytes:5
12:06:59.0 (4301208)|HEAP_ALLOCATE|[64]|Bytes:7
12:06:59.0 (5894509)|VARIABLE_SCOPE_BEGIN|[3]|saDailyReportCtrl.SOURCE|String|false|true
12:06:59.0 (5908296)|VARIABLE_SCOPE_BEGIN|[4]|saDailyReportCtrl.SOURCE_ID|String|false|true
12:06:59.0 (6965212)|VARIABLE_SCOPE_BEGIN|[25]|auMainTopCompCtrl.TYPE_SCREEN_ACCOUNT_LIST|Integer|false|true
12:06:59.0 (6977452)|VARIABLE_SCOPE_BEGIN|[26]|auMainTopCompCtrl.TYPE_SCREEN_ACTIVITY_LIST|Integer|false|true
12:06:59.0 (6984796)|VARIABLE_SCOPE_BEGIN|[7]|auMainTopCompCtrl.TYPE_SCREEN_CX_SCREEN|Integer|false|true
12:06:59.0 (6991009)|VARIABLE_SCOPE_BEGIN|[8]|auMainTopCompCtrl.TYPE_SCREEN_CX_TIMELINE|Integer|false|true
12:06:59.0 (6997469)|VARIABLE_SCOPE_BEGIN|[9]|auMainTopCompCtrl.TYPE_SCREEN_EVENT_SCHEDULE|Integer|false|true
12:06:59.0 (7003866)|VARIABLE_SCOPE_BEGIN|[10]|auMainTopCompCtrl.TYPE_SCREEN_EVENT_SCHEDULE_LIST|Integer|false|true
12:06:59.0 (7010463)|VARIABLE_SCOPE_BEGIN|[27]|auMainTopCompCtrl.TYPE_SCREEN_FILE_LIST|Integer|false|true
12:06:59.0 (7016725)|VARIABLE_SCOPE_BEGIN|[24]|auMainTopCompCtrl.TYPE_SCREEN_HONBU_DIRECT|Integer|false|true
12:06:59.0 (7022193)|VARIABLE_SCOPE_BEGIN|[11]|auMainTopCompCtrl.TYPE_SCREEN_KNOWLEDGE_DASHBOARD|Integer|false|true
12:06:59.0 (7027877)|VARIABLE_SCOPE_BEGIN|[12]|auMainTopCompCtrl.TYPE_SCREEN_KNOWLEDGE_LIST|Integer|false|true
12:06:59.0 (7033408)|VARIABLE_SCOPE_BEGIN|[15]|auMainTopCompCtrl.TYPE_SCREEN_SA_CHATTER|Integer|false|true
12:06:59.0 (7039524)|VARIABLE_SCOPE_BEGIN|[16]|auMainTopCompCtrl.TYPE_SCREEN_SA_DAILYREPORT|Integer|false|true
12:06:59.0 (7045158)|VARIABLE_SCOPE_BEGIN|[22]|auMainTopCompCtrl.TYPE_SCREEN_SA_DAILYREPORTLIST|Integer|false|true
12:06:59.0 (7051290)|VARIABLE_SCOPE_BEGIN|[18]|auMainTopCompCtrl.TYPE_SCREEN_SA_DOCUMENTS|Integer|false|true
12:06:59.0 (7056868)|VARIABLE_SCOPE_BEGIN|[17]|auMainTopCompCtrl.TYPE_SCREEN_SA_ENQUETE|Integer|false|true
12:06:59.0 (7062443)|VARIABLE_SCOPE_BEGIN|[20]|auMainTopCompCtrl.TYPE_SCREEN_SA_LINKS|Integer|false|true
12:06:59.0 (7068575)|VARIABLE_SCOPE_BEGIN|[13]|auMainTopCompCtrl.TYPE_SCREEN_SA_MESSAGES|Integer|false|true
12:06:59.0 (7074661)|VARIABLE_SCOPE_BEGIN|[19]|auMainTopCompCtrl.TYPE_SCREEN_SA_RANKING|Integer|false|true
12:06:59.0 (7080423)|VARIABLE_SCOPE_BEGIN|[14]|auMainTopCompCtrl.TYPE_SCREEN_SA_REPORTS|Integer|false|true
12:06:59.0 (7086054)|VARIABLE_SCOPE_BEGIN|[23]|auMainTopCompCtrl.TYPE_SCREEN_SA_TODO|Integer|false|true
12:06:59.0 (7091864)|VARIABLE_SCOPE_BEGIN|[21]|auMainTopCompCtrl.TYPE_SCREEN_SA_USRSETTINGS|Integer|false|true
12:06:59.0 (7098167)|VARIABLE_SCOPE_BEGIN|[4]|auMainTopCompCtrl.TYPE_SCREEN_STPD_EVENT|Integer|false|true
12:06:59.0 (7104737)|VARIABLE_SCOPE_BEGIN|[6]|auMainTopCompCtrl.TYPE_SCREEN_STPD_SCREEN|Integer|false|true
12:06:59.0 (7110613)|VARIABLE_SCOPE_BEGIN|[5]|auMainTopCompCtrl.TYPE_SCREEN_STPD_TIMELINE|Integer|false|true
12:06:59.0 (7116783)|VARIABLE_SCOPE_BEGIN|[3]|auMainTopCompCtrl.TYPE_SCREEN_SWITCH|Integer|false|true
12:06:59.0 (8376437)|VF_DESERIALIZE_VIEWSTATE_END
12:06:59.0 (45553653)|SYSTEM_MODE_ENTER|true
12:06:59.0 (45817538)|HEAP_ALLOCATE|[EXTERNAL]|Bytes:284
12:06:59.0 (45830920)|HEAP_ALLOCATE|[EXTERNAL]|Bytes:156
12:06:59.0 (45845348)|METHOD_ENTRY|[1]|01pN0000000Mill|auMainTopCompCtrl.auMainTopCompCtrl()
12:06:59.0 (45852847)|STATEMENT_EXECUTE|[1]
12:06:59.0 (45858982)|STATEMENT_EXECUTE|[1]
12:06:59.0 (45860702)|STATEMENT_EXECUTE|[3]
12:06:59.0 (45867172)|HEAP_ALLOCATE|[3]|Bytes:4
12:06:59.0 (45895343)|VARIABLE_ASSIGNMENT|[3]|auMainTopCompCtrl.TYPE_SCREEN_SWITCH|0
12:06:59.0 (45901251)|STATEMENT_EXECUTE|[4]
12:06:59.0 (45904179)|HEAP_ALLOCATE|[4]|Bytes:4
12:06:59.0 (45912298)|VARIABLE_ASSIGNMENT|[4]|auMainTopCompCtrl.TYPE_SCREEN_STPD_EVENT|11
12:06:59.0 (45916536)|STATEMENT_EXECUTE|[5]
12:06:59.0 (45919355)|HEAP_ALLOCATE|[5]|Bytes:4
12:06:59.0 (45925545)|VARIABLE_ASSIGNMENT|[5]|auMainTopCompCtrl.TYPE_SCREEN_STPD_TIMELINE|12
12:06:59.0 (45929595)|STATEMENT_EXECUTE|[6]
12:06:59.0 (45931685)|HEAP_ALLOCATE|[6]|Bytes:4
12:06:59.0 (45938398)|VARIABLE_ASSIGNMENT|[6]|auMainTopCompCtrl.TYPE_SCREEN_STPD_SCREEN|13
12:06:59.0 (45942367)|STATEMENT_EXECUTE|[7]
12:06:59.0 (45944405)|HEAP_ALLOCATE|[7]|Bytes:4
12:06:59.0 (45950155)|VARIABLE_ASSIGNMENT|[7]|auMainTopCompCtrl.TYPE_SCREEN_CX_SCREEN|21
12:06:59.0 (45954207)|STATEMENT_EXECUTE|[8]
12:06:59.0 (45956381)|HEAP_ALLOCATE|[8]|Bytes:4
12:06:59.0 (45962176)|VARIABLE_ASSIGNMENT|[8]|auMainTopCompCtrl.TYPE_SCREEN_CX_TIMELINE|22
12:06:59.0 (45966424)|STATEMENT_EXECUTE|[9]
12:06:59.0 (45968684)|HEAP_ALLOCATE|[9]|Bytes:4
12:06:59.0 (45974122)|VARIABLE_ASSIGNMENT|[9]|auMainTopCompCtrl.TYPE_SCREEN_EVENT_SCHEDULE|31
12:06:59.0 (45978164)|STATEMENT_EXECUTE|[10]
12:06:59.0 (45980226)|HEAP_ALLOCATE|[10]|Bytes:4
12:06:59.0 (45985574)|VARIABLE_ASSIGNMENT|[10]|auMainTopCompCtrl.TYPE_SCREEN_EVENT_SCHEDULE_LIST|32
12:06:59.0 (45989750)|STATEMENT_EXECUTE|[11]
12:06:59.0 (45991946)|HEAP_ALLOCATE|[11]|Bytes:4
12:06:59.0 (45998216)|VARIABLE_ASSIGNMENT|[11]|auMainTopCompCtrl.TYPE_SCREEN_KNOWLEDGE_DASHBOARD|41
12:06:59.0 (46002169)|STATEMENT_EXECUTE|[12]
12:06:59.0 (46004761)|HEAP_ALLOCATE|[12]|Bytes:4
12:06:59.0 (46010215)|VARIABLE_ASSIGNMENT|[12]|auMainTopCompCtrl.TYPE_SCREEN_KNOWLEDGE_LIST|42
12:06:59.0 (46013944)|STATEMENT_EXECUTE|[13]
12:06:59.0 (46015945)|HEAP_ALLOCATE|[13]|Bytes:4
12:06:59.0 (46021703)|VARIABLE_ASSIGNMENT|[13]|auMainTopCompCtrl.TYPE_SCREEN_SA_MESSAGES|51
12:06:59.0 (46025784)|STATEMENT_EXECUTE|[14]
12:06:59.0 (46027776)|HEAP_ALLOCATE|[14]|Bytes:4
12:06:59.0 (46033538)|VARIABLE_ASSIGNMENT|[14]|auMainTopCompCtrl.TYPE_SCREEN_SA_REPORTS|52
12:06:59.0 (46037588)|STATEMENT_EXECUTE|[15]
12:06:59.0 (46039784)|HEAP_ALLOCATE|[15]|Bytes:4
12:06:59.0 (46045673)|VARIABLE_ASSIGNMENT|[15]|auMainTopCompCtrl.TYPE_SCREEN_SA_CHATTER|53
12:06:59.0 (46049335)|STATEMENT_EXECUTE|[16]
12:06:59.0 (46052055)|HEAP_ALLOCATE|[16]|Bytes:4
12:06:59.0 (46057640)|VARIABLE_ASSIGNMENT|[16]|auMainTopCompCtrl.TYPE_SCREEN_SA_DAILYREPORT|54
12:06:59.0 (46061522)|STATEMENT_EXECUTE|[17]
12:06:59.0 (46063577)|HEAP_ALLOCATE|[17]|Bytes:4
12:06:59.0 (46069964)|VARIABLE_ASSIGNMENT|[17]|auMainTopCompCtrl.TYPE_SCREEN_SA_ENQUETE|55
12:06:59.0 (46076332)|STATEMENT_EXECUTE|[18]
12:06:59.0 (46078573)|HEAP_ALLOCATE|[18]|Bytes:4
12:06:59.0 (46084303)|VARIABLE_ASSIGNMENT|[18]|auMainTopCompCtrl.TYPE_SCREEN_SA_DOCUMENTS|56
12:06:59.0 (46087990)|STATEMENT_EXECUTE|[19]
12:06:59.0 (46090013)|HEAP_ALLOCATE|[19]|Bytes:4
12:06:59.0 (46095863)|VARIABLE_ASSIGNMENT|[19]|auMainTopCompCtrl.TYPE_SCREEN_SA_RANKING|57
12:06:59.0 (46099949)|STATEMENT_EXECUTE|[20]
12:06:59.0 (46102028)|HEAP_ALLOCATE|[20]|Bytes:4
12:06:59.0 (46108001)|VARIABLE_ASSIGNMENT|[20]|auMainTopCompCtrl.TYPE_SCREEN_SA_LINKS|58
12:06:59.0 (46111794)|STATEMENT_EXECUTE|[21]
12:06:59.0 (46113741)|HEAP_ALLOCATE|[21]|Bytes:4
12:06:59.0 (46119887)|VARIABLE_ASSIGNMENT|[21]|auMainTopCompCtrl.TYPE_SCREEN_SA_USRSETTINGS|59
12:06:59.0 (46124230)|STATEMENT_EXECUTE|[22]
12:06:59.0 (46126171)|HEAP_ALLOCATE|[22]|Bytes:4
12:06:59.0 (46131771)|VARIABLE_ASSIGNMENT|[22]|auMainTopCompCtrl.TYPE_SCREEN_SA_DAILYREPORTLIST|60
12:06:59.0 (46135738)|STATEMENT_EXECUTE|[23]
12:06:59.0 (46137802)|HEAP_ALLOCATE|[23]|Bytes:4
12:06:59.0 (46146063)|VARIABLE_ASSIGNMENT|[23]|auMainTopCompCtrl.TYPE_SCREEN_SA_TODO|61
12:06:59.0 (46149893)|STATEMENT_EXECUTE|[24]
12:06:59.0 (46152214)|HEAP_ALLOCATE|[24]|Bytes:4
12:06:59.0 (46158109)|VARIABLE_ASSIGNMENT|[24]|auMainTopCompCtrl.TYPE_SCREEN_HONBU_DIRECT|71
12:06:59.0 (46162250)|STATEMENT_EXECUTE|[25]
12:06:59.0 (46164433)|HEAP_ALLOCATE|[25]|Bytes:4
12:06:59.0 (46169889)|VARIABLE_ASSIGNMENT|[25]|auMainTopCompCtrl.TYPE_SCREEN_ACCOUNT_LIST|81
12:06:59.0 (46174267)|STATEMENT_EXECUTE|[26]
12:06:59.0 (46176128)|HEAP_ALLOCATE|[26]|Bytes:4
12:06:59.0 (46180983)|VARIABLE_ASSIGNMENT|[26]|auMainTopCompCtrl.TYPE_SCREEN_ACTIVITY_LIST|82
12:06:59.0 (46185134)|STATEMENT_EXECUTE|[27]
12:06:59.0 (46187603)|HEAP_ALLOCATE|[27]|Bytes:4
12:06:59.0 (46192827)|VARIABLE_ASSIGNMENT|[27]|auMainTopCompCtrl.TYPE_SCREEN_FILE_LIST|83
12:06:59.0 (46207490)|METHOD_EXIT|[1]|auMainTopCompCtrl
12:06:59.0 (46214072)|HEAP_ALLOCATE|[EXTERNAL]|Bytes:44
12:06:59.0 (46220828)|VARIABLE_SCOPE_BEGIN|[88]|this|auMainTopCompCtrl|true|false
12:06:59.0 (46282395)|VARIABLE_ASSIGNMENT|[88]|this|{"currentUser":"0x57deeb5c","isSAUser":false,"iTypeOfScreen":54,"urlReportsSFA":"https://cs6.lightnin (84 more) ..."}|0x8c02043
12:06:59.0 (46294261)|STATEMENT_EXECUTE|[88]
12:06:59.0 (46296093)|STATEMENT_EXECUTE|[89]
12:06:59.0 (46345667)|VARIABLE_ASSIGNMENT|[EXTERNAL]|this|{"currentUser":"0x57deeb5c","isSAUser":false,"iTypeOfScreen":54,"urlReportsSFA":"https://cs6.lightnin (84 more) ..."}|0x8c02043
12:06:59.0 (46413621)|VARIABLE_ASSIGNMENT|[EXTERNAL]|this|{"currentUser":"0x57deeb5c","isSAUser":false,"iTypeOfScreen":54,"urlReportsSFA":"https://cs6.lightnin (84 more) ..."}|0x8c02043
12:06:59.0 (46460358)|VARIABLE_ASSIGNMENT|[EXTERNAL]|this|{"currentUser":"0x57deeb5c","isSAUser":false,"iTypeOfScreen":54,"urlReportsSFA":"https://cs6.lightnin (84 more) ..."}|0x8c02043
12:06:59.0 (46498552)|VARIABLE_ASSIGNMENT|[EXTERNAL]|this|{"currentUser":"0x57deeb5c","isSAUser":false,"iTypeOfScreen":54,"urlReportsSFA":"https://cs6.lightnin (84 more) ..."}|0x8c02043
12:06:59.0 (46520046)|HEAP_ALLOCATE|[89]|Bytes:5
12:06:59.0 (46618039)|SYSTEM_MODE_ENTER|true
12:06:59.0 (46674748)|HEAP_ALLOCATE|[EXTERNAL]|Bytes:44
12:06:59.0 (46681476)|VARIABLE_SCOPE_BEGIN|[106]|this|auMainTopCompCtrl|true|false
12:06:59.0 (46716064)|VARIABLE_ASSIGNMENT|[106]|this|{"currentUser":"0x57deeb5c","isSAUser":false,"iTypeOfScreen":54,"urlReportsSFA":"https://cs6.lightnin (84 more) ..."}|0x8c02043
12:06:59.0 (46726191)|STATEMENT_EXECUTE|[106]
12:06:59.0 (46728049)|STATEMENT_EXECUTE|[107]
12:06:59.0 (46761290)|VARIABLE_ASSIGNMENT|[EXTERNAL]|this|{"currentUser":"0x57deeb5c","isSAUser":false,"iTypeOfScreen":54,"urlReportsSFA":"https://cs6.lightnin (84 more) ..."}|0x8c02043
12:06:59.0 (46776418)|HEAP_ALLOCATE|[107]|Bytes:5
12:06:59.0 (46837177)|SYSTEM_MODE_ENTER|true
12:06:59.0 (46867093)|HEAP_ALLOCATE|[EXTERNAL]|Bytes:44
12:06:59.0 (46873692)|VARIABLE_SCOPE_BEGIN|[110]|this|auMainTopCompCtrl|true|false
12:06:59.0 (46904663)|VARIABLE_ASSIGNMENT|[110]|this|{"currentUser":"0x57deeb5c","isSAUser":false,"iTypeOfScreen":54,"urlReportsSFA":"https://cs6.lightnin (84 more) ..."}|0x8c02043
12:06:59.0 (46913673)|STATEMENT_EXECUTE|[110]
12:06:59.0 (46915673)|STATEMENT_EXECUTE|[111]
12:06:59.0 (46947670)|VARIABLE_ASSIGNMENT|[EXTERNAL]|this|{"currentUser":"0x57deeb5c","isSAUser":false,"iTypeOfScreen":54,"urlReportsSFA":"https://cs6.lightnin (84 more) ..."}|0x8c02043
12:06:59.0 (46961929)|HEAP_ALLOCATE|[111]|Bytes:5
12:06:59.0 (47015010)|SYSTEM_MODE_ENTER|true
12:06:59.0 (47043478)|HEAP_ALLOCATE|[EXTERNAL]|Bytes:44
12:06:59.0 (47049531)|VARIABLE_SCOPE_BEGIN|[114]|this|auMainTopCompCtrl|true|false
12:06:59.0 (47080346)|VARIABLE_ASSIGNMENT|[114]|this|{"currentUser":"0x57deeb5c","isSAUser":false,"iTypeOfScreen":54,"urlReportsSFA":"https://cs6.lightnin (84 more) ..."}|0x8c02043
12:06:59.0 (47089632)|STATEMENT_EXECUTE|[114]
12:06:59.0 (47091545)|STATEMENT_EXECUTE|[115]
12:06:59.0 (47123418)|VARIABLE_ASSIGNMENT|[EXTERNAL]|this|{"currentUser":"0x57deeb5c","isSAUser":false,"iTypeOfScreen":54,"urlReportsSFA":"https://cs6.lightnin (84 more) ..."}|0x8c02043
12:06:59.0 (47137376)|HEAP_ALLOCATE|[115]|Bytes:5
12:06:59.0 (47220935)|SYSTEM_MODE_ENTER|true
12:06:59.0 (47243019)|HEAP_ALLOCATE|[EXTERNAL]|Bytes:44
12:06:59.0 (47253740)|VARIABLE_ASSIGNMENT|[EXTERNAL]|this.iCountComments|null|0x8c02043
12:06:59.0 (47296361)|SYSTEM_MODE_ENTER|true
12:06:59.0 (47308969)|HEAP_ALLOCATE|[EXTERNAL]|Bytes:44
12:06:59.0 (47316981)|VARIABLE_ASSIGNMENT|[EXTERNAL]|this.iCountLikes|null|0x8c02043
12:06:59.0 (47429936)|SYSTEM_MODE_ENTER|true
12:06:59.0 (47483588)|HEAP_ALLOCATE|[EXTERNAL]|Bytes:26
12:06:59.0 (47493515)|HEAP_ALLOCATE|[EXTERNAL]|Bytes:460
12:06:59.0 (47498069)|HEAP_ALLOCATE|[EXTERNAL]|Bytes:111
12:06:59.0 (47501788)|HEAP_ALLOCATE|[EXTERNAL]|Bytes:33
12:06:59.0 (47505437)|HEAP_ALLOCATE|[EXTERNAL]|Bytes:3
12:06:59.0 (47515022)|VARIABLE_ASSIGNMENT|[EXTERNAL]|saDailyReportCtrl.SOURCE|"src"
12:06:59.0 (47520032)|HEAP_ALLOCATE|[EXTERNAL]|Bytes:2
12:06:59.0 (47525658)|VARIABLE_ASSIGNMENT|[EXTERNAL]|saDailyReportCtrl.SOURCE_ID|"id"
12:06:59.0 (47534456)|METHOD_ENTRY|[1]|01pN0000000aE0W|saDailyReportCtrl.saDailyReportCtrl()
12:06:59.0 (47539915)|STATEMENT_EXECUTE|[1]
12:06:59.0 (47542996)|STATEMENT_EXECUTE|[1]
12:06:59.0 (47551487)|SYSTEM_MODE_ENTER|false
12:06:59.0 (47558325)|HEAP_ALLOCATE|[EXTERNAL]|Bytes:5
12:06:59.0 (47563102)|STATEMENT_EXECUTE|[642]
12:06:59.0 (47564968)|STATEMENT_EXECUTE|[669]
12:06:59.0 (47570032)|SYSTEM_MODE_EXIT|false
12:06:59.0 (47576883)|METHOD_EXIT|[1]|saDailyReportCtrl
12:06:59.0 (47582086)|HEAP_ALLOCATE|[EXTERNAL]|Bytes:76
12:06:59.0 (47587744)|VARIABLE_SCOPE_BEGIN|[84]|this|saDailyReportCtrl|true|false
12:06:59.0 (47940855)|VARIABLE_ASSIGNMENT|[84]|this|{"BusinessLocationName":"","currentInquiryReply":"0x171059","currentInquiryReplyDetail":"0x9dcfa20","dailyReportId":"a0IN0000006RUlWMAW","dCurrentDay":"2018-06-30T00:00:00Z","dCurrentMonth":"2018-07-01T00:00:00Z","iCurrentDay":0,"idBusinessLocation":"","isIPhone":false,"isPreview":true,"lsBusinessLocation":"0x2978644c","lsDaysOfMonth":"0x1487f19","messageError":"","messageQuestion":"","mpQuestions":"0x39e522b1","myUser":"0x5786c257"}|0x73ab766c
12:06:59.0 (47961422)|SYSTEM_MODE_ENTER|false
12:06:59.0 (47968750)|HEAP_ALLOCATE|[84]|Bytes:5
12:06:59.0 (47990264)|STATEMENT_EXECUTE|[84]
12:06:59.0 (47993003)|STATEMENT_EXECUTE|[84]
12:06:59.0 (47999816)|SYSTEM_MODE_EXIT|false
12:06:59.0 (48067193)|SYSTEM_MODE_ENTER|true
12:06:59.0 (48086998)|HEAP_ALLOCATE|[EXTERNAL]|Bytes:8
12:06:59.0 (48091908)|HEAP_ALLOCATE|[EXTERNAL]|Bytes:44
12:06:59.0 (48101088)|VARIABLE_ASSIGNMENT|[EXTERNAL]|this.iTypeOfScreen|54|0x8c02043
12:06:59.0 (48207204)|SYSTEM_MODE_ENTER|true
12:06:59.0 (48489090)|SYSTEM_MODE_ENTER|true
12:06:59.0 (48565394)|SYSTEM_MODE_ENTER|true
12:06:59.0 (48754804)|SYSTEM_MODE_ENTER|true
12:06:59.0 (50016893)|SYSTEM_MODE_ENTER|true
12:06:59.0 (52226907)|SYSTEM_MODE_ENTER|true
12:06:59.0 (52304161)|SYSTEM_MODE_ENTER|true
12:06:59.0 (52364565)|SYSTEM_MODE_ENTER|true
12:06:59.0 (52422841)|SYSTEM_MODE_ENTER|true
12:06:59.0 (52478586)|SYSTEM_MODE_ENTER|true
12:06:59.0 (52550482)|SYSTEM_MODE_ENTER|true
12:06:59.0 (52620168)|HEAP_ALLOCATE|[EXTERNAL]|Bytes:44
12:06:59.0 (52630397)|VARIABLE_SCOPE_BEGIN|[88]|this|auMainTopCompCtrl|true|false
12:06:59.0 (52684686)|VARIABLE_ASSIGNMENT|[88]|this|{"currentUser":"0x57deeb5c","isSAUser":false,"iTypeOfScreen":54,"urlReportsSFA":"https://cs6.lightnin (84 more) ..."}|0x8c02043
12:06:59.0 (52703877)|STATEMENT_EXECUTE|[88]
12:06:59.0 (52706870)|STATEMENT_EXECUTE|[89]
12:06:59.0 (52752617)|VARIABLE_ASSIGNMENT|[EXTERNAL]|this|{"currentUser":"0x57deeb5c","isSAUser":false,"iTypeOfScreen":54,"urlReportsSFA":"https://cs6.lightnin (84 more) ..."}|0x8c02043
12:06:59.0 (52811110)|VARIABLE_ASSIGNMENT|[EXTERNAL]|this|{"currentUser":"0x57deeb5c","isSAUser":false,"iTypeOfScreen":54,"urlReportsSFA":"https://cs6.lightnin (84 more) ..."}|0x8c02043
12:06:59.0 (52862397)|VARIABLE_ASSIGNMENT|[EXTERNAL]|this|{"currentUser":"0x57deeb5c","isSAUser":false,"iTypeOfScreen":54,"urlReportsSFA":"https://cs6.lightnin (84 more) ..."}|0x8c02043
12:06:59.0 (52914273)|VARIABLE_ASSIGNMENT|[EXTERNAL]|this|{"currentUser":"0x57deeb5c","isSAUser":false,"iTypeOfScreen":54,"urlReportsSFA":"https://cs6.lightnin (84 more) ..."}|0x8c02043
12:06:59.0 (52933996)|HEAP_ALLOCATE|[89]|Bytes:5
12:06:59.0 (53008602)|SYSTEM_MODE_ENTER|true
12:06:59.0 (53054960)|HEAP_ALLOCATE|[EXTERNAL]|Bytes:44
12:06:59.0 (53063839)|VARIABLE_SCOPE_BEGIN|[106]|this|auMainTopCompCtrl|true|false
12:06:59.0 (53110238)|VARIABLE_ASSIGNMENT|[106]|this|{"currentUser":"0x57deeb5c","isSAUser":false,"iTypeOfScreen":54,"urlReportsSFA":"https://cs6.lightnin (84 more) ..."}|0x8c02043
12:06:59.0 (53123636)|STATEMENT_EXECUTE|[106]
12:06:59.0 (53126268)|STATEMENT_EXECUTE|[107]
12:06:59.0 (53168247)|VARIABLE_ASSIGNMENT|[EXTERNAL]|this|{"currentUser":"0x57deeb5c","isSAUser":false,"iTypeOfScreen":54,"urlReportsSFA":"https://cs6.lightnin (84 more) ..."}|0x8c02043
12:06:59.0 (53190062)|HEAP_ALLOCATE|[107]|Bytes:5
12:06:59.0 (53262442)|SYSTEM_MODE_ENTER|true
12:06:59.0 (53306829)|HEAP_ALLOCATE|[EXTERNAL]|Bytes:44
12:06:59.0 (53315475)|VARIABLE_SCOPE_BEGIN|[110]|this|auMainTopCompCtrl|true|false
12:06:59.0 (53360003)|VARIABLE_ASSIGNMENT|[110]|this|{"currentUser":"0x57deeb5c","isSAUser":false,"iTypeOfScreen":54,"urlReportsSFA":"https://cs6.lightnin (84 more) ..."}|0x8c02043
12:06:59.0 (53373525)|STATEMENT_EXECUTE|[110]
12:06:59.0 (53376057)|STATEMENT_EXECUTE|[111]
12:06:59.0 (53416750)|VARIABLE_ASSIGNMENT|[EXTERNAL]|this|{"currentUser":"0x57deeb5c","isSAUser":false,"iTypeOfScreen":54,"urlReportsSFA":"https://cs6.lightnin (84 more) ..."}|0x8c02043
12:06:59.0 (53437807)|HEAP_ALLOCATE|[111]|Bytes:5
12:06:59.0 (53500489)|SYSTEM_MODE_ENTER|true
12:06:59.0 (53542285)|HEAP_ALLOCATE|[EXTERNAL]|Bytes:44
12:06:59.0 (53550709)|VARIABLE_SCOPE_BEGIN|[114]|this|auMainTopCompCtrl|true|false
12:06:59.0 (53595252)|VARIABLE_ASSIGNMENT|[114]|this|{"currentUser":"0x57deeb5c","isSAUser":false,"iTypeOfScreen":54,"urlReportsSFA":"https://cs6.lightnin (84 more) ..."}|0x8c02043
12:06:59.0 (53607908)|STATEMENT_EXECUTE|[114]
12:06:59.0 (53610292)|STATEMENT_EXECUTE|[115]
12:06:59.0 (53650162)|VARIABLE_ASSIGNMENT|[EXTERNAL]|this|{"currentUser":"0x57deeb5c","isSAUser":false,"iTypeOfScreen":54,"urlReportsSFA":"https://cs6.lightnin (84 more) ..."}|0x8c02043
12:06:59.0 (53671690)|HEAP_ALLOCATE|[115]|Bytes:5
12:06:59.0 (56590136)|SYSTEM_MODE_ENTER|true
12:06:59.0 (56613902)|HEAP_ALLOCATE|[EXTERNAL]|Bytes:16
12:06:59.0 (56620057)|HEAP_ALLOCATE|[EXTERNAL]|Bytes:76
12:06:59.0 (56632403)|VARIABLE_ASSIGNMENT|[EXTERNAL]|this.messageError|"正しいデーターを入れてください。"|0x73ab766c
12:06:59.0 (56664611)|SYSTEM_MODE_ENTER|true
12:06:59.0 (56678187)|HEAP_ALLOCATE|[EXTERNAL]|Bytes:76
12:06:59.0 (56686669)|VARIABLE_ASSIGNMENT|[EXTERNAL]|this.messageQuestion|""|0x73ab766c
12:06:59.0 (56709169)|SYSTEM_MODE_ENTER|true
12:06:59.0 (56722672)|HEAP_ALLOCATE|[EXTERNAL]|Bytes:5
12:06:59.0 (56727172)|HEAP_ALLOCATE|[EXTERNAL]|Bytes:76
12:06:59.0 (56734004)|VARIABLE_ASSIGNMENT|[EXTERNAL]|this.isPreview|true|0x73ab766c
12:06:59.0 (56755732)|SYSTEM_MODE_ENTER|true
12:06:59.0 (56766767)|HEAP_ALLOCATE|[EXTERNAL]|Bytes:76
12:06:59.0 (56773748)|VARIABLE_ASSIGNMENT|[EXTERNAL]|this.idBusinessLocation|""|0x73ab766c
12:06:59.0 (56794483)|SYSTEM_MODE_ENTER|true
12:06:59.0 (56805097)|HEAP_ALLOCATE|[EXTERNAL]|Bytes:8
12:06:59.0 (56809141)|HEAP_ALLOCATE|[EXTERNAL]|Bytes:76
12:06:59.0 (56815480)|VARIABLE_ASSIGNMENT|[EXTERNAL]|this.iCurrentDay|0|0x73ab766c
12:06:59.0 (56910212)|SYSTEM_MODE_ENTER|true
12:06:59.0 (56924331)|HEAP_ALLOCATE|[EXTERNAL]|Bytes:44
12:06:59.0 (56932539)|VARIABLE_ASSIGNMENT|[EXTERNAL]|this.iCountComments|null|0x8c02043
12:06:59.0 (56961976)|SYSTEM_MODE_ENTER|true
12:06:59.0 (56972035)|HEAP_ALLOCATE|[EXTERNAL]|Bytes:44
12:06:59.0 (56978437)|VARIABLE_ASSIGNMENT|[EXTERNAL]|this.iCountLikes|null|0x8c02043
12:06:59.0 (57012969)|SYSTEM_MODE_ENTER|true
12:06:59.0 (57049042)|HEAP_ALLOCATE|[EXTERNAL]|Bytes:76
12:06:59.0 (57055622)|VARIABLE_SCOPE_BEGIN|[84]|this|saDailyReportCtrl|true|false
12:06:59.0 (57268610)|VARIABLE_ASSIGNMENT|[84]|this|{"BusinessLocationName":"","currentInquiryReply":"0x171059","currentInquiryReplyDetail":"0x9dcfa20","dailyReportId":"a0IN0000006RUlWMAW","dCurrentDay":"2018-06-30T00:00:00Z","dCurrentMonth":"2018-07-01T00:00:00Z","iCurrentDay":0,"idBusinessLocation":"","isIPhone":false,"isPreview":true,"lsBusinessLocation":"0x2978644c","lsDaysOfMonth":"0x1487f19","messageError":"正しいデーターを入れてください。","messageQuestion":"","mpQuestions":"0x39e522b1","myUser":"0x5786c257"}|0x73ab766c
12:06:59.0 (57298322)|SYSTEM_MODE_ENTER|false
12:06:59.0 (57305948)|HEAP_ALLOCATE|[84]|Bytes:5
12:06:59.0 (57311155)|STATEMENT_EXECUTE|[84]
12:06:59.0 (57313074)|STATEMENT_EXECUTE|[84]
12:06:59.0 (57317525)|SYSTEM_MODE_EXIT|false
12:06:59.0 (57363394)|SYSTEM_MODE_ENTER|true
12:06:59.0 (57379340)|HEAP_ALLOCATE|[EXTERNAL]|Bytes:8
12:06:59.0 (57384064)|HEAP_ALLOCATE|[EXTERNAL]|Bytes:44
12:06:59.0 (57392735)|VARIABLE_ASSIGNMENT|[EXTERNAL]|this.iTypeOfScreen|54|0x8c02043
12:06:59.0 (57645624)|SYSTEM_MODE_ENTER|true
12:06:59.0 (60313816)|HEAP_ALLOCATE|[EXTERNAL]|Bytes:76
12:06:59.0 (60328287)|VARIABLE_SCOPE_BEGIN|[191]|this|saDailyReportCtrl|true|false
12:06:59.0 (60561677)|VARIABLE_ASSIGNMENT|[191]|this|{"BusinessLocationName":"","currentInquiryReply":"0x171059","currentInquiryReplyDetail":"0x9dcfa20","dailyReportId":"a0IN0000006RUlWMAW","dCurrentDay":"2018-06-30T00:00:00Z","dCurrentMonth":"2018-07-01T00:00:00Z","iCurrentDay":0,"idBusinessLocation":"","isIPhone":false,"isPreview":true,"lsBusinessLocation":"0x2978644c","lsDaysOfMonth":"0x1487f19","messageError":"正しいデーターを入れてください。","messageQuestion":"","mpQuestions":"0x39e522b1","myUser":"0x5786c257"}|0x73ab766c
12:06:59.0 (60593207)|SYSTEM_MODE_ENTER|false
12:06:59.0 (60603256)|HEAP_ALLOCATE|[193]|Bytes:5
12:06:59.0 (60611776)|STATEMENT_EXECUTE|[191]
12:06:59.0 (60614526)|STATEMENT_EXECUTE|[193]
12:06:59.0 (60849968)|VARIABLE_ASSIGNMENT|[EXTERNAL]|this|{"BusinessLocationName":"","currentInquiryReply":"0x171059","currentInquiryReplyDetail":"0x9dcfa20","dailyReportId":"a0IN0000006RUlWMAW","dCurrentDay":"2018-06-30T00:00:00Z","dCurrentMonth":"2018-07-01T00:00:00Z","iCurrentDay":0,"idBusinessLocation":"","isIPhone":false,"isPreview":true,"lsBusinessLocation":"0x2978644c","lsDaysOfMonth":"0x1487f19","messageError":"正しいデーターを入れてください。","messageQuestion":"","mpQuestions":"0x39e522b1","myUser":"0x5786c257"}|0x73ab766c
12:06:59.0 (60874909)|VARIABLE_ASSIGNMENT|[EXTERNAL]|value|""
12:06:59.0 (60891620)|VARIABLE_ASSIGNMENT|[6]|this.messageError|""|0x73ab766c
12:06:59.0 (60909075)|STATEMENT_EXECUTE|[194]
12:06:59.0 (61115782)|VARIABLE_ASSIGNMENT|[EXTERNAL]|this|{"BusinessLocationName":"","currentInquiryReply":"0x171059","currentInquiryReplyDetail":"0x9dcfa20","dailyReportId":"a0IN0000006RUlWMAW","dCurrentDay":"2018-06-30T00:00:00Z","dCurrentMonth":"2018-07-01T00:00:00Z","iCurrentDay":0,"idBusinessLocation":"","isIPhone":false,"isPreview":true,"lsBusinessLocation":"0x2978644c","lsDaysOfMonth":"0x1487f19","messageError":"","messageQuestion":"","mpQuestions":"0x39e522b1","myUser":"0x5786c257"}|0x73ab766c
12:06:59.0 (61140691)|VARIABLE_ASSIGNMENT|[EXTERNAL]|value|""
12:06:59.0 (61159608)|VARIABLE_ASSIGNMENT|[7]|this.messageQuestion|""|0x73ab766c
12:06:59.0 (61175446)|STATEMENT_EXECUTE|[196]
12:06:59.0 (61178241)|STATEMENT_EXECUTE|[196]
12:06:59.0 (61180775)|STATEMENT_EXECUTE|[198]
12:06:59.0 (61474572)|VARIABLE_ASSIGNMENT|[EXTERNAL]|this|{"BusinessLocationName":"","currentInquiryReply":"0x171059","currentInquiryReplyDetail":"0x9dcfa20","dailyReportId":"a0IN0000006RUlWMAW","dCurrentDay":"2018-06-30T00:00:00Z","dCurrentMonth":"2018-07-01T00:00:00Z","iCurrentDay":0,"idBusinessLocation":"","isIPhone":false,"isPreview":true,"lsBusinessLocation":"0x2978644c","lsDaysOfMonth":"0x1487f19","messageError":"","messageQuestion":"","mpQuestions":"0x39e522b1","myUser":"0x5786c257"}|0x73ab766c
12:06:59.0 (61556799)|HEAP_ALLOCATE|[198]|Bytes:4
12:06:59.0 (61606350)|VARIABLE_ASSIGNMENT|[198]|this.dCurrentDay|"2018-06-30T00:00:00.000Z"|0x73ab766c
12:06:59.0 (61622479)|STATEMENT_EXECUTE|[200]
12:06:59.0 (61640868)|HEAP_ALLOCATE|[200]|Bytes:4
12:06:59.0 (61929090)|VARIABLE_ASSIGNMENT|[EXTERNAL]|this|{"BusinessLocationName":"","currentInquiryReply":"0x171059","currentInquiryReplyDetail":"0x9dcfa20","dailyReportId":"a0IN0000006RUlWMAW","dCurrentDay":"2018-06-30T00:00:00Z","dCurrentMonth":"2018-07-01T00:00:00Z","iCurrentDay":0,"idBusinessLocation":"","isIPhone":false,"isPreview":true,"lsBusinessLocation":"0x2978644c","lsDaysOfMonth":"0x1487f19","messageError":"","messageQuestion":"","mpQuestions":"0x39e522b1","myUser":"0x5786c257"}|0x73ab766c
12:06:59.0 (61952333)|HEAP_ALLOCATE|[EXTERNAL]|Bytes:4
12:06:59.0 (61967972)|VARIABLE_ASSIGNMENT|[EXTERNAL]|value|[]|0x48ba4c58
12:06:59.0 (61985176)|VARIABLE_ASSIGNMENT|[22]|this.currentInquiryReplyDetail|[]|0x73ab766c
12:06:59.0 (62000602)|STATEMENT_EXECUTE|[201]
12:06:59.0 (62018778)|HEAP_ALLOCATE|[201]|Bytes:4
12:06:59.0 (62222788)|VARIABLE_ASSIGNMENT|[EXTERNAL]|this|{"BusinessLocationName":"","currentInquiryReply":"0x171059","currentInquiryReplyDetail":"0x48ba4c58","dailyReportId":"a0IN0000006RUlWMAW","dCurrentDay":"2018-06-30T00:00:00Z","dCurrentMonth":"2018-07-01T00:00:00Z","iCurrentDay":0,"idBusinessLocation":"","isIPhone":false,"isPreview":true,"lsBusinessLocation":"0x2978644c","lsDaysOfMonth":"0x1487f19","messageError":"","messageQuestion":"","mpQuestions":"0x39e522b1","myUser":"0x5786c257"}|0x73ab766c
12:06:59.0 (62244479)|VARIABLE_ASSIGNMENT|[EXTERNAL]|value|{}|0x3c08719a
12:06:59.0 (62256762)|VARIABLE_ASSIGNMENT|[24]|this.mpQuestions|{}|0x73ab766c
12:06:59.0 (62269615)|STATEMENT_EXECUTE|[203]
12:06:59.0 (62430365)|VARIABLE_ASSIGNMENT|[EXTERNAL]|this|{"BusinessLocationName":"","currentInquiryReply":"0x171059","currentInquiryReplyDetail":"0x48ba4c58","dailyReportId":"a0IN0000006RUlWMAW","dCurrentDay":"2018-06-30T00:00:00Z","dCurrentMonth":"2018-07-01T00:00:00Z","iCurrentDay":0,"idBusinessLocation":"","isIPhone":false,"isPreview":true,"lsBusinessLocation":"0x2978644c","lsDaysOfMonth":"0x1487f19","messageError":"","messageQuestion":"","mpQuestions":"0x3c08719a","myUser":"0x5786c257"}|0x73ab766c
12:06:59.0 (62446651)|VARIABLE_ASSIGNMENT|[EXTERNAL]|value|""
12:06:59.0 (62456694)|VARIABLE_ASSIGNMENT|[23]|this.BusinessLocationName|""|0x73ab766c
12:06:59.0 (62470070)|HEAP_ALLOCATE|[204]|Bytes:81
12:06:59.0 (62486769)|HEAP_ALLOCATE|[204]|Bytes:4
12:06:59.0 (62496369)|HEAP_ALLOCATE|[204]|Bytes:7
12:06:59.0 (62645186)|VARIABLE_ASSIGNMENT|[EXTERNAL]|this|{"BusinessLocationName":"","currentInquiryReply":"0x171059","currentInquiryReplyDetail":"0x48ba4c58","dailyReportId":"a0IN0000006RUlWMAW","dCurrentDay":"2018-06-30T00:00:00Z","dCurrentMonth":"2018-07-01T00:00:00Z","iCurrentDay":0,"idBusinessLocation":"","isIPhone":false,"isPreview":true,"lsBusinessLocation":"0x2978644c","lsDaysOfMonth":"0x1487f19","messageError":"","messageQuestion":"","mpQuestions":"0x3c08719a","myUser":"0x5786c257"}|0x73ab766c
12:06:59.0 (62993863)|SOQL_EXECUTE_BEGIN|[204]|Aggregations:0|SELECT Id, BusinessLocationName__c FROM saBusinessLocation__c 
12:06:59.0 (64929256)|SOQL_EXECUTE_END|[204]|Rows:0
12:06:59.0 (65115825)|HEAP_ALLOCATE|[204]|Bytes:54
12:06:59.0 (65126163)|HEAP_ALLOCATE|[204]|Bytes:8
12:06:59.0 (65155538)|SYSTEM_METHOD_ENTRY|[7]|QueryLocatorIterator.QueryLocatorIterator()
12:06:59.0 (65160412)|STATEMENT_EXECUTE|[7]
12:06:59.0 (65167640)|SYSTEM_METHOD_EXIT|[7]|QueryLocatorIterator
12:06:59.0 (65176230)|HEAP_ALLOCATE|[204]|Bytes:28
12:06:59.0 (65191288)|HEAP_ALLOCATE|[204]|Bytes:8
12:06:59.0 (65196722)|HEAP_ALLOCATE|[204]|Bytes:8
12:06:59.0 (65204567)|VARIABLE_SCOPE_BEGIN|[15]|this|Database.QueryLocatorIterator|true|false
12:06:59.0 (65234073)|VARIABLE_ASSIGNMENT|[15]|this|{}|0x730ad548
12:06:59.0 (65241431)|VARIABLE_SCOPE_BEGIN|[15]|values|List<SObject>|true|false
12:06:59.0 (65249792)|VARIABLE_ASSIGNMENT|[15]|values|null|
12:06:59.0 (65254081)|VARIABLE_SCOPE_BEGIN|[15]|ql|Database.QueryLocator|true|false
12:06:59.0 (65272963)|VARIABLE_ASSIGNMENT|[15]|ql|{"query":"SELECT Id, BusinessL (61 more) ..."}|0x60233b44
12:06:59.0 (65278546)|VARIABLE_SCOPE_BEGIN|[15]|totalNumRecords|Integer|false|false
12:06:59.0 (65286189)|VARIABLE_ASSIGNMENT|[15]|totalNumRecords|0
12:06:59.0 (65289949)|VARIABLE_SCOPE_BEGIN|[15]|queryMoreSize|Integer|false|false
12:06:59.0 (65297060)|VARIABLE_ASSIGNMENT|[15]|queryMoreSize|50000
12:06:59.0 (65375989)|HEAP_ALLOCATE|[204]|Bytes:28
12:06:59.0 (65396722)|METHOD_ENTRY|[204]||Database.QueryLocatorIterator.hasNext()
12:06:59.0 (65416022)|METHOD_EXIT|[204]||Database.QueryLocatorIterator.hasNext()
12:06:59.0 (65448322)|VARIABLE_ASSIGNMENT|[204]|bl|null|
12:06:59.0 (65456526)|STATEMENT_EXECUTE|[204]
12:06:59.0 (65472650)|STATEMENT_EXECUTE|[211]
12:06:59.0 (65476668)|HEAP_ALLOCATE|[211]|Bytes:195
12:06:59.0 (65491227)|HEAP_ALLOCATE|[211]|Bytes:4
12:06:59.0 (65518104)|HEAP_ALLOCATE|[211]|Bytes:7
12:06:59.0 (65552162)|HEAP_ALLOCATE|[215]|Bytes:89
12:06:59.0 (65561363)|SYSTEM_METHOD_ENTRY|[1]|UserInfo.UserInfo()
12:06:59.0 (65564828)|STATEMENT_EXECUTE|[1]
12:06:59.0 (65569536)|SYSTEM_METHOD_EXIT|[1]|UserInfo
12:06:59.0 (65579773)|METHOD_ENTRY|[215]||System.UserInfo.getUserId()
12:06:59.0 (65615866)|METHOD_EXIT|[215]||System.UserInfo.getUserId()
12:06:59.0 (66151445)|SOQL_EXECUTE_BEGIN|[211]|Aggregations:0|SELECT Id, saBusinessLocation__c, Status__c, saInquiry__c, Comment__c FROM saInquiryReply__c WHERE (saInquiry__r.Type__c = 'DAILY_REPORT' AND DailyReportDate__c = :tmpVar1 AND User__c = :tmpVar2)
12:06:59.0 (71471868)|SOQL_EXECUTE_END|[211]|Rows:0
12:06:59.0 (71495313)|HEAP_ALLOCATE|[211]|Bytes:4
12:06:59.0 (71508056)|HEAP_ALLOCATE|[211]|Bytes:0
12:06:59.0 (71563463)|HEAP_ALLOCATE|[211]|Bytes:4
12:06:59.0 (71576383)|VARIABLE_SCOPE_BEGIN|[211]|lsInqRep|List<saInquiryReply__c>|true|false
12:06:59.0 (71592537)|VARIABLE_ASSIGNMENT|[211]|lsInqRep|[]|0xd6ab5bc
12:06:59.0 (71649374)|STATEMENT_EXECUTE|[217]
12:06:59.0 (71652350)|STATEMENT_EXECUTE|[219]
12:06:59.0 (71656484)|HEAP_ALLOCATE|[219]|Bytes:207
12:06:59.0 (71671048)|HEAP_ALLOCATE|[219]|Bytes:4
12:06:59.0 (71872896)|VARIABLE_ASSIGNMENT|[EXTERNAL]|this|{"BusinessLocationName":"","currentInquiryReply":"0x171059","currentInquiryReplyDetail":"0x48ba4c58","dailyReportId":"a0IN0000006RUlWMAW","dCurrentDay":"2018-06-30T00:00:00Z","dCurrentMonth":"2018-07-01T00:00:00Z","iCurrentDay":0,"idBusinessLocation":"","isIPhone":false,"isPreview":true,"lsBusinessLocation":"0x2978644c","lsDaysOfMonth":"0x1487f19","messageError":"","messageQuestion":"","mpQuestions":"0x3c08719a","myUser":"0x5786c257"}|0x73ab766c
12:06:59.0 (71900727)|HEAP_ALLOCATE|[219]|Bytes:7
12:06:59.0 (71910830)|METHOD_ENTRY|[224]||System.UserInfo.getUserId()
12:06:59.0 (71930553)|METHOD_EXIT|[224]||System.UserInfo.getUserId()
12:06:59.0 (72265282)|SOQL_EXECUTE_BEGIN|[219]|Aggregations:0|SELECT Id, saBusinessLocation__c, Status__c FROM saInquiryReply__c WHERE (saInquiry__r.Type__c = 'DAILY_REPORT' AND DailyReportDate__c = :tmpVar1 AND saBusinessLocation__c = :tmpVar2 AND User__c != :tmpVar3)
12:06:59.0 (74899082)|SOQL_EXECUTE_END|[219]|Rows:0
12:06:59.0 (74921854)|HEAP_ALLOCATE|[219]|Bytes:4
12:06:59.0 (74934735)|HEAP_ALLOCATE|[219]|Bytes:0
12:06:59.0 (74963840)|HEAP_ALLOCATE|[219]|Bytes:4
12:06:59.0 (74974395)|VARIABLE_SCOPE_BEGIN|[219]|lsInqOtherPeople|List<saInquiryReply__c>|true|false
12:06:59.0 (74989395)|VARIABLE_ASSIGNMENT|[219]|lsInqOtherPeople|[]|0x5a5c48c9
12:06:59.0 (75022036)|STATEMENT_EXECUTE|[226]
12:06:59.0 (75025156)|STATEMENT_EXECUTE|[232]
12:06:59.0 (75027980)|VARIABLE_SCOPE_BEGIN|[232]|lsTemplate|List<saInquiryReply__c>|true|false
12:06:59.0 (75039027)|VARIABLE_ASSIGNMENT|[232]|lsTemplate|null|
12:06:59.0 (75221799)|VARIABLE_ASSIGNMENT|[EXTERNAL]|this|{"BusinessLocationName":"","currentInquiryReply":"0x171059","currentInquiryReplyDetail":"0x48ba4c58","dailyReportId":"a0IN0000006RUlWMAW","dCurrentDay":"2018-06-30T00:00:00Z","dCurrentMonth":"2018-07-01T00:00:00Z","iCurrentDay":0,"idBusinessLocation":"","isIPhone":false,"isPreview":true,"lsBusinessLocation":"0x2978644c","lsDaysOfMonth":"0x1487f19","messageError":"","messageQuestion":"","mpQuestions":"0x3c08719a","myUser":"0x5786c257"}|0x73ab766c
12:06:59.0 (75253374)|STATEMENT_EXECUTE|[244]
12:06:59.0 (75257256)|STATEMENT_EXECUTE|[245]
12:06:59.0 (75262587)|HEAP_ALLOCATE|[245]|Bytes:393
12:06:59.0 (75284197)|HEAP_ALLOCATE|[245]|Bytes:4
12:06:59.0 (75319771)|METHOD_ENTRY|[251]||System.UserInfo.getUserId()
12:06:59.0 (75345998)|METHOD_EXIT|[251]||System.UserInfo.getUserId()
12:06:59.0 (75772988)|SOQL_EXECUTE_BEGIN|[245]|Aggregations:0|SELECT Id, saBusinessLocation__c, Status__c, saInquiry__c, Comment__c FROM saInquiryReply__c WHERE (saInquiry__r.Type__c = 'DAILY_REPORT' AND (saInquiry__r.ValidFrom__c = NULL OR saInquiry__r.ValidFrom__c <= :tmpVar1) AND (saInquiry__r.ValidTo__c = NULL OR saInquiry__r.ValidTo__c >= :tmpVar2) AND DailyReportDate__c = NULL AND User__c = :tmpVar3) ORDER BY CreatedDate DESC NULLS FIRST LIMIT 1
12:06:59.0 (80716886)|SOQL_EXECUTE_END|[245]|Rows:1
12:06:59.0 (80737013)|HEAP_ALLOCATE|[245]|Bytes:8
12:06:59.0 (80750668)|HEAP_ALLOCATE|[245]|Bytes:89
12:06:59.0 (80774354)|HEAP_ALLOCATE|[245]|Bytes:8
12:06:59.0 (80805109)|VARIABLE_ASSIGNMENT|[245]|lsTemplate|[{"Id":"a0KN0000007Kg4nMAC","Status__c":"WAITING_REPLY","saInquiry__c":"a0IN0000006RUllMAG"}]|0x7083ac39
12:06:59.0 (80812441)|STATEMENT_EXECUTE|[256]
12:06:59.0 (80816863)|HEAP_ALLOCATE|[256]|Bytes:11
12:06:59.0 (80921963)|HEAP_ALLOCATE|[256]|Bytes:101
12:06:59.0 (80955106)|HEAP_ALLOCATE|[256]|Bytes:112
12:06:59.0 (80976153)|USER_DEBUG|[256]|DEBUG|Template : (saInquiryReply__c:{Id=a0KN0000007Kg4nMAC, Status__c=WAITING_REPLY, saInquiry__c=a0IN0000006RUllMAG})
12:06:59.0 (81006678)|STATEMENT_EXECUTE|[257]
12:06:59.0 (81009675)|STATEMENT_EXECUTE|[263]
12:06:59.0 (81021891)|HEAP_ALLOCATE|[263]|Bytes:16
12:06:59.0 (81048440)|VARIABLE_SCOPE_BEGIN|[263]|idInquiry|Id|false|false
12:06:59.0 (81134287)|VARIABLE_ASSIGNMENT|[263]|idInquiry|"a0IN0000006RUllMAG"
12:06:59.0 (81141410)|STATEMENT_EXECUTE|[264]
12:06:59.0 (81160042)|HEAP_ALLOCATE|[264]|Bytes:4
12:06:59.0 (81405494)|VARIABLE_ASSIGNMENT|[EXTERNAL]|this|{"BusinessLocationName":"","currentInquiryReply":"0x171059","currentInquiryReplyDetail":"0x48ba4c58","dailyReportId":"a0IN0000006RUlWMAW","dCurrentDay":"2018-06-30T00:00:00Z","dCurrentMonth":"2018-07-01T00:00:00Z","iCurrentDay":0,"idBusinessLocation":"","isIPhone":false,"isPreview":true,"lsBusinessLocation":"0x2978644c","lsDaysOfMonth":"0x1487f19","messageError":"","messageQuestion":"","mpQuestions":"0x3c08719a","myUser":"0x5786c257"}|0x73ab766c
12:06:59.0 (81424892)|VARIABLE_ASSIGNMENT|[EXTERNAL]|value|{}|0x74dd9ad1
12:06:59.0 (81438210)|VARIABLE_ASSIGNMENT|[21]|this.currentInquiryReply|{}|0x73ab766c
12:06:59.0 (81452041)|STATEMENT_EXECUTE|[265]
12:06:59.0 (81596713)|VARIABLE_ASSIGNMENT|[EXTERNAL]|this|{"BusinessLocationName":"","currentInquiryReply":"0x74dd9ad1","currentInquiryReplyDetail":"0x48ba4c58","dailyReportId":"a0IN0000006RUlWMAW","dCurrentDay":"2018-06-30T00:00:00Z","dCurrentMonth":"2018-07-01T00:00:00Z","iCurrentDay":0,"idBusinessLocation":"","isIPhone":false,"isPreview":true,"lsBusinessLocation":"0x2978644c","lsDaysOfMonth":"0x1487f19","messageError":"","messageQuestion":"","mpQuestions":"0x3c08719a","myUser":"0x5786c257"}|0x73ab766c
12:06:59.0 (81696577)|VARIABLE_ASSIGNMENT|[265]|this.saInquiry__c|"a0IN0000006RUllMAG"|0x74dd9ad1
12:06:59.0 (81867027)|VARIABLE_ASSIGNMENT|[EXTERNAL]|this|{"BusinessLocationName":"","currentInquiryReply":"0x74dd9ad1","currentInquiryReplyDetail":"0x48ba4c58","dailyReportId":"a0IN0000006RUlWMAW","dCurrentDay":"2018-06-30T00:00:00Z","dCurrentMonth":"2018-07-01T00:00:00Z","iCurrentDay":0,"idBusinessLocation":"","isIPhone":false,"isPreview":true,"lsBusinessLocation":"0x2978644c","lsDaysOfMonth":"0x1487f19","messageError":"","messageQuestion":"","mpQuestions":"0x3c08719a","myUser":"0x5786c257"}|0x73ab766c
12:06:59.0 (81887948)|STATEMENT_EXECUTE|[269]
12:06:59.0 (81890343)|STATEMENT_EXECUTE|[272]
12:06:59.0 (81897211)|METHOD_ENTRY|[272]||System.UserInfo.getUserId()
12:06:59.0 (81920883)|METHOD_EXIT|[272]||System.UserInfo.getUserId()
12:06:59.0 (81935957)|HEAP_ALLOCATE|[272]|Bytes:4
12:06:59.0 (82083014)|VARIABLE_ASSIGNMENT|[EXTERNAL]|this|{"BusinessLocationName":"","currentInquiryReply":"0x74dd9ad1","currentInquiryReplyDetail":"0x48ba4c58","dailyReportId":"a0IN0000006RUlWMAW","dCurrentDay":"2018-06-30T00:00:00Z","dCurrentMonth":"2018-07-01T00:00:00Z","iCurrentDay":0,"idBusinessLocation":"","isIPhone":false,"isPreview":true,"lsBusinessLocation":"0x2978644c","lsDaysOfMonth":"0x1487f19","messageError":"","messageQuestion":"","mpQuestions":"0x3c08719a","myUser":"0x5786c257"}|0x73ab766c
12:06:59.0 (82144314)|VARIABLE_ASSIGNMENT|[272]|this.User__c|"005N00000057PfOIAU"|0x74dd9ad1
12:06:59.0 (82153431)|STATEMENT_EXECUTE|[273]
12:06:59.0 (82337715)|VARIABLE_ASSIGNMENT|[EXTERNAL]|this|{"BusinessLocationName":"","currentInquiryReply":"0x74dd9ad1","currentInquiryReplyDetail":"0x48ba4c58","dailyReportId":"a0IN0000006RUlWMAW","dCurrentDay":"2018-06-30T00:00:00Z","dCurrentMonth":"2018-07-01T00:00:00Z","iCurrentDay":0,"idBusinessLocation":"","isIPhone":false,"isPreview":true,"lsBusinessLocation":"0x2978644c","lsDaysOfMonth":"0x1487f19","messageError":"","messageQuestion":"","mpQuestions":"0x3c08719a","myUser":"0x5786c257"}|0x73ab766c
12:06:59.0 (82410303)|VARIABLE_ASSIGNMENT|[273]|this.DailyReportDate__c|"2018-06-30T00:00:00.000Z"|0x74dd9ad1
12:06:59.0 (82418927)|STATEMENT_EXECUTE|[274]
12:06:59.0 (82423513)|HEAP_ALLOCATE|[274]|Bytes:13
12:06:59.0 (82577436)|VARIABLE_ASSIGNMENT|[EXTERNAL]|this|{"BusinessLocationName":"","currentInquiryReply":"0x74dd9ad1","currentInquiryReplyDetail":"0x48ba4c58","dailyReportId":"a0IN0000006RUlWMAW","dCurrentDay":"2018-06-30T00:00:00Z","dCurrentMonth":"2018-07-01T00:00:00Z","iCurrentDay":0,"idBusinessLocation":"","isIPhone":false,"isPreview":true,"lsBusinessLocation":"0x2978644c","lsDaysOfMonth":"0x1487f19","messageError":"","messageQuestion":"","mpQuestions":"0x3c08719a","myUser":"0x5786c257"}|0x73ab766c
12:06:59.0 (82625108)|VARIABLE_ASSIGNMENT|[274]|this.Status__c|"WAITING_REPLY"|0x74dd9ad1
12:06:59.0 (82635205)|STATEMENT_EXECUTE|[275]
12:06:59.0 (82773688)|VARIABLE_ASSIGNMENT|[EXTERNAL]|this|{"BusinessLocationName":"","currentInquiryReply":"0x74dd9ad1","currentInquiryReplyDetail":"0x48ba4c58","dailyReportId":"a0IN0000006RUlWMAW","dCurrentDay":"2018-06-30T00:00:00Z","dCurrentMonth":"2018-07-01T00:00:00Z","iCurrentDay":0,"idBusinessLocation":"","isIPhone":false,"isPreview":true,"lsBusinessLocation":"0x2978644c","lsDaysOfMonth":"0x1487f19","messageError":"","messageQuestion":"","mpQuestions":"0x3c08719a","myUser":"0x5786c257"}|0x73ab766c
12:06:59.0 (82822262)|VARIABLE_ASSIGNMENT|[275]|this.Comment__c|""|0x74dd9ad1
12:06:59.0 (82829008)|STATEMENT_EXECUTE|[277]
12:06:59.0 (82832858)|HEAP_ALLOCATE|[277]|Bytes:625
12:06:59.0 (82847468)|HEAP_ALLOCATE|[277]|Bytes:4
12:06:59.0 (83395074)|SOQL_EXECUTE_BEGIN|[277]|Aggregations:0|SELECT Id, QuestionLabel__c, AnswerType__c, NumberPossibleReplies__c, IsShortReply__c, SortNo__c, IsRequired__c, Reply01Label__c, Reply02Label__c, Reply03Label__c, Reply04Label__c, Reply05Label__c, Reply06Label__c, Reply07Label__c, Reply08Label__c, Reply09Label__c, Reply10Label__c, Reply11Label__c, Reply12Label__c, Reply13Label__c, Reply14Label__c, Reply15Label__c, Reply16Label__c, Reply17Label__c, Reply18Label__c, Reply19Label__c, Reply20Label__c, Reply21Label__c, Reply22Label__c, Reply23Label__c, Reply24Label__c, Reply25Label__c FROM saInquiryDetail__c WHERE saInquiry__c = :tmpVar1 ORDER BY SortNo__c ASC NULLS FIRST
12:06:59.0 (94799135)|SOQL_EXECUTE_END|[277]|Rows:1
12:06:59.0 (94822808)|HEAP_ALLOCATE|[277]|Bytes:8
12:06:59.0 (94849339)|HEAP_ALLOCATE|[277]|Bytes:282
12:06:59.0 (94890480)|HEAP_ALLOCATE|[277]|Bytes:8
12:06:59.0 (94910659)|VARIABLE_SCOPE_BEGIN|[277]|lsTmpQuest|List<saInquiryDetail__c>|true|false
12:06:59.0 (94961532)|VARIABLE_ASSIGNMENT|[277]|lsTmpQuest|[{"Id":"a0JN0000008h2r2MAA","QuestionLabel__c":"Works?","AnswerType__c":"CHECKBOX","NumberPossibleReplies__c":2,"IsShortReply__c":true,"SortNo__c":0,"IsRequired__c":false,"Reply01Label__c":"Yes!","Reply02Label__c":"No!"}]|0x35aab0f6
12:06:59.0 (95086550)|HEAP_ALLOCATE|[287]|Bytes:5
12:06:59.0 (95104929)|HEAP_ALLOCATE|[287]|Bytes:40
12:06:59.0 (95114027)|VARIABLE_SCOPE_BEGIN|[287]|quest|saInquiryDetail__c|true|false
12:06:59.0 (95140648)|VARIABLE_ASSIGNMENT|[287]|quest|{"Id":"a0JN0000008h2r2MAA","QuestionLabel__c":"Works?","AnswerType__c":"CHECKBOX","NumberPossibleReplies__c":2,"IsShortReply__c":true,"SortNo__c":0,"IsRequired__c":false,"Reply01Label__c":"Yes!","Reply02Label__c":"No!"}|0x270f46a6
12:06:59.0 (95149681)|STATEMENT_EXECUTE|[287]
12:06:59.0 (95152314)|STATEMENT_EXECUTE|[288]
12:06:59.0 (95178332)|HEAP_ALLOCATE|[288]|Bytes:4
12:06:59.0 (95260005)|VARIABLE_SCOPE_BEGIN|[288]|questReply|saInquiryReplyDetail__c|true|false
12:06:59.0 (95275366)|VARIABLE_ASSIGNMENT|[288]|questReply|{}|0x47c27fb1
12:06:59.0 (95281536)|STATEMENT_EXECUTE|[289]
12:06:59.0 (95385467)|VARIABLE_ASSIGNMENT|[289]|this.saInquiryDetail__c|"a0JN0000008h2r2MAA"|0x47c27fb1
12:06:59.0 (95393271)|STATEMENT_EXECUTE|[290]
12:06:59.0 (95659596)|VARIABLE_ASSIGNMENT|[EXTERNAL]|this|{"BusinessLocationName":"","currentInquiryReply":"0x74dd9ad1","currentInquiryReplyDetail":"0x48ba4c58","dailyReportId":"a0IN0000006RUlWMAW","dCurrentDay":"2018-06-30T00:00:00Z","dCurrentMonth":"2018-07-01T00:00:00Z","iCurrentDay":0,"idBusinessLocation":"","isIPhone":false,"isPreview":true,"lsBusinessLocation":"0x2978644c","lsDaysOfMonth":"0x1487f19","messageError":"","messageQuestion":"","mpQuestions":"0x3c08719a","myUser":"0x5786c257"}|0x73ab766c
12:06:59.0 (95692246)|HEAP_ALLOCATE|[EXTERNAL]|Bytes:4
12:06:59.0 (95700721)|STATEMENT_EXECUTE|[291]
12:06:59.0 (95845561)|VARIABLE_ASSIGNMENT|[EXTERNAL]|this|{"BusinessLocationName":"","currentInquiryReply":"0x74dd9ad1","currentInquiryReplyDetail":"0x48ba4c58","dailyReportId":"a0IN0000006RUlWMAW","dCurrentDay":"2018-06-30T00:00:00Z","dCurrentMonth":"2018-07-01T00:00:00Z","iCurrentDay":0,"idBusinessLocation":"","isIPhone":false,"isPreview":true,"lsBusinessLocation":"0x2978644c","lsDaysOfMonth":"0x1487f19","messageError":"","messageQuestion":"","mpQuestions":"0x3c08719a","myUser":"0x5786c257"}|0x73ab766c
12:06:59.0 (95881023)|HEAP_ALLOCATE|[EXTERNAL]|Bytes:-4
12:06:59.0 (95897088)|HEAP_ALLOCATE|[287]|Bytes:5
12:06:59.0 (95910386)|VARIABLE_ASSIGNMENT|[287]|quest|null|
12:06:59.0 (95920488)|SYSTEM_MODE_EXIT|false
12:06:59.0 (115356537)|SYSTEM_MODE_ENTER|true
12:06:59.0 (115392993)|HEAP_ALLOCATE|[EXTERNAL]|Bytes:44
12:06:59.0 (115415166)|VARIABLE_ASSIGNMENT|[EXTERNAL]|this.iCountComments|null|0x8c02043
12:06:59.0 (115467462)|SYSTEM_MODE_ENTER|true
12:06:59.0 (115479938)|HEAP_ALLOCATE|[EXTERNAL]|Bytes:44
12:06:59.0 (115487869)|VARIABLE_ASSIGNMENT|[EXTERNAL]|this.iCountLikes|null|0x8c02043
12:06:59.0 (115556727)|SYSTEM_MODE_ENTER|true
12:06:59.0 (115611106)|HEAP_ALLOCATE|[EXTERNAL]|Bytes:76
12:06:59.0 (115622125)|VARIABLE_SCOPE_BEGIN|[84]|this|saDailyReportCtrl|true|false
12:06:59.0 (115940591)|VARIABLE_ASSIGNMENT|[84]|this|{"BusinessLocationName":"","currentInquiryReply":"0x74dd9ad1","currentInquiryReplyDetail":"0x48ba4c58","dailyReportId":"a0IN0000006RUlWMAW","dCurrentDay":"2018-06-30T00:00:00Z","dCurrentMonth":"2018-07-01T00:00:00Z","iCurrentDay":0,"idBusinessLocation":"","isIPhone":false,"isPreview":true,"lsBusinessLocation":"0x2978644c","lsDaysOfMonth":"0x1487f19","messageError":"","messageQuestion":"","mpQuestions":"0x3c08719a","myUser":"0x5786c257"}|0x73ab766c
12:06:59.0 (115964185)|SYSTEM_MODE_ENTER|false
12:06:59.0 (115972210)|HEAP_ALLOCATE|[84]|Bytes:5
12:06:59.0 (115978309)|STATEMENT_EXECUTE|[84]
12:06:59.0 (115980549)|STATEMENT_EXECUTE|[84]
12:06:59.0 (115986199)|SYSTEM_MODE_EXIT|false
12:06:59.0 (116036460)|SYSTEM_MODE_ENTER|true
12:06:59.0 (116054213)|HEAP_ALLOCATE|[EXTERNAL]|Bytes:8
12:06:59.0 (116058671)|HEAP_ALLOCATE|[EXTERNAL]|Bytes:44
12:06:59.0 (116068443)|VARIABLE_ASSIGNMENT|[EXTERNAL]|this.iTypeOfScreen|54|0x8c02043
12:06:59.0 (116136432)|SYSTEM_MODE_ENTER|true
12:06:59.0 (116171188)|HEAP_ALLOCATE|[EXTERNAL]|Bytes:44
12:06:59.0 (116185884)|VARIABLE_SCOPE_BEGIN|[88]|this|auMainTopCompCtrl|true|false
12:06:59.0 (116232022)|VARIABLE_ASSIGNMENT|[88]|this|{"currentUser":"0x57deeb5c","isSAUser":false,"iTypeOfScreen":54,"urlReportsSFA":"https://cs6.lightnin (84 more) ..."}|0x8c02043
12:06:59.0 (116242582)|STATEMENT_EXECUTE|[88]
12:06:59.0 (116244481)|STATEMENT_EXECUTE|[89]
12:06:59.0 (116278952)|VARIABLE_ASSIGNMENT|[EXTERNAL]|this|{"currentUser":"0x57deeb5c","isSAUser":false,"iTypeOfScreen":54,"urlReportsSFA":"https://cs6.lightnin (84 more) ..."}|0x8c02043
12:06:59.0 (116319872)|VARIABLE_ASSIGNMENT|[EXTERNAL]|this|{"currentUser":"0x57deeb5c","isSAUser":false,"iTypeOfScreen":54,"urlReportsSFA":"https://cs6.lightnin (84 more) ..."}|0x8c02043
12:06:59.0 (116353303)|VARIABLE_ASSIGNMENT|[EXTERNAL]|this|{"currentUser":"0x57deeb5c","isSAUser":false,"iTypeOfScreen":54,"urlReportsSFA":"https://cs6.lightnin (84 more) ..."}|0x8c02043
12:06:59.0 (116386283)|VARIABLE_ASSIGNMENT|[EXTERNAL]|this|{"currentUser":"0x57deeb5c","isSAUser":false,"iTypeOfScreen":54,"urlReportsSFA":"https://cs6.lightnin (84 more) ..."}|0x8c02043
12:06:59.0 (116400293)|HEAP_ALLOCATE|[89]|Bytes:5
12:06:59.0 (116479191)|SYSTEM_MODE_ENTER|true
12:06:59.0 (116512880)|HEAP_ALLOCATE|[EXTERNAL]|Bytes:44
12:06:59.0 (116520022)|VARIABLE_SCOPE_BEGIN|[106]|this|auMainTopCompCtrl|true|false
12:06:59.0 (116550797)|VARIABLE_ASSIGNMENT|[106]|this|{"currentUser":"0x57deeb5c","isSAUser":false,"iTypeOfScreen":54,"urlReportsSFA":"https://cs6.lightnin (84 more) ..."}|0x8c02043
12:06:59.0 (116560314)|STATEMENT_EXECUTE|[106]
12:06:59.0 (116562206)|STATEMENT_EXECUTE|[107]
12:06:59.0 (116587279)|VARIABLE_ASSIGNMENT|[EXTERNAL]|this|{"currentUser":"0x57deeb5c","isSAUser":false,"iTypeOfScreen":54,"urlReportsSFA":"https://cs6.lightnin (84 more) ..."}|0x8c02043
12:06:59.0 (116600742)|HEAP_ALLOCATE|[107]|Bytes:5
12:06:59.0 (116649979)|SYSTEM_MODE_ENTER|true
12:06:59.0 (116678367)|HEAP_ALLOCATE|[EXTERNAL]|Bytes:44
12:06:59.0 (116684023)|VARIABLE_SCOPE_BEGIN|[110]|this|auMainTopCompCtrl|true|false
12:06:59.0 (116713671)|VARIABLE_ASSIGNMENT|[110]|this|{"currentUser":"0x57deeb5c","isSAUser":false,"iTypeOfScreen":54,"urlReportsSFA":"https://cs6.lightnin (84 more) ..."}|0x8c02043
12:06:59.0 (116722940)|STATEMENT_EXECUTE|[110]
12:06:59.0 (116724915)|STATEMENT_EXECUTE|[111]
12:06:59.0 (116750246)|VARIABLE_ASSIGNMENT|[EXTERNAL]|this|{"currentUser":"0x57deeb5c","isSAUser":false,"iTypeOfScreen":54,"urlReportsSFA":"https://cs6.lightnin (84 more) ..."}|0x8c02043
12:06:59.0 (116763275)|HEAP_ALLOCATE|[111]|Bytes:5
12:06:59.0 (116807873)|SYSTEM_MODE_ENTER|true
12:06:59.0 (116833881)|HEAP_ALLOCATE|[EXTERNAL]|Bytes:44
12:06:59.0 (116839597)|VARIABLE_SCOPE_BEGIN|[114]|this|auMainTopCompCtrl|true|false
12:06:59.0 (116869078)|VARIABLE_ASSIGNMENT|[114]|this|{"currentUser":"0x57deeb5c","isSAUser":false,"iTypeOfScreen":54,"urlReportsSFA":"https://cs6.lightnin (84 more) ..."}|0x8c02043
12:06:59.0 (116878419)|STATEMENT_EXECUTE|[114]
12:06:59.0 (116880120)|STATEMENT_EXECUTE|[115]
12:06:59.0 (116905075)|VARIABLE_ASSIGNMENT|[EXTERNAL]|this|{"currentUser":"0x57deeb5c","isSAUser":false,"iTypeOfScreen":54,"urlReportsSFA":"https://cs6.lightnin (84 more) ..."}|0x8c02043
12:06:59.0 (116922970)|HEAP_ALLOCATE|[115]|Bytes:5
12:06:59.0 (117003956)|SYSTEM_MODE_ENTER|true
12:06:59.0 (117580356)|SYSTEM_MODE_ENTER|true
12:06:59.0 (117673402)|SYSTEM_MODE_ENTER|true
12:06:59.0 (117853236)|SYSTEM_MODE_ENTER|true
12:06:59.0 (120191913)|SYSTEM_MODE_ENTER|true
12:06:59.0 (120269553)|SYSTEM_MODE_ENTER|true
12:06:59.0 (122484889)|SYSTEM_MODE_ENTER|true
12:06:59.0 (122526257)|HEAP_ALLOCATE|[EXTERNAL]|Bytes:76
12:06:59.0 (122535188)|VARIABLE_SCOPE_BEGIN|[133]|this|saDailyReportCtrl|true|false
12:06:59.0 (122722595)|VARIABLE_ASSIGNMENT|[133]|this|{"BusinessLocationName":"","currentInquiryReply":"0x74dd9ad1","currentInquiryReplyDetail":"0x48ba4c58","dailyReportId":"a0IN0000006RUlWMAW","dCurrentDay":"2018-06-30T00:00:00Z","dCurrentMonth":"2018-07-01T00:00:00Z","iCurrentDay":0,"idBusinessLocation":"","isIPhone":false,"isPreview":true,"lsBusinessLocation":"0x2978644c","lsDaysOfMonth":"0x1487f19","messageError":"","messageQuestion":"","mpQuestions":"0x3c08719a","myUser":"0x5786c257"}|0x73ab766c
12:06:59.0 (122744434)|SYSTEM_MODE_ENTER|false
12:06:59.0 (122751749)|HEAP_ALLOCATE|[134]|Bytes:5
12:06:59.0 (122757422)|STATEMENT_EXECUTE|[133]
12:06:59.0 (122759433)|STATEMENT_EXECUTE|[134]
12:06:59.0 (122823911)|HEAP_ALLOCATE|[134]|Bytes:4
12:06:59.0 (122835215)|HEAP_ALLOCATE|[134]|Bytes:1
12:06:59.0 (122855526)|HEAP_ALLOCATE|[134]|Bytes:1
12:06:59.0 (122863525)|HEAP_ALLOCATE|[134]|Bytes:1
12:06:59.0 (122888505)|HEAP_ALLOCATE|[134]|Bytes:2
12:06:59.0 (122902665)|HEAP_ALLOCATE|[134]|Bytes:9
12:06:59.0 (122909710)|HEAP_ALLOCATE|[134]|Bytes:10
12:06:59.0 (122916405)|SYSTEM_MODE_EXIT|false
12:06:59.0 (123096606)|SYSTEM_MODE_ENTER|true
12:06:59.0 (123516993)|SYSTEM_MODE_ENTER|true
12:06:59.0 (137194744)|VF_SERIALIZE_VIEWSTATE_BEGIN|066N0000000M4pW
12:06:59.0 (141245371)|VF_SERIALIZE_VIEWSTATE_END
12:06:59.144 (144782503)|CUMULATIVE_LIMIT_USAGE
12:06:59.144 (144782503)|LIMIT_USAGE_FOR_NS|(default)|
  Number of SOQL queries: 5 out of 100
  Number of query rows: 2 out of 50000
  Number of SOSL queries: 0 out of 20
  Number of DML statements: 0 out of 150
  Number of DML rows: 0 out of 10000
  Maximum CPU time: 0 out of 10000
  Maximum heap size: 0 out of 6000000
  Number of callouts: 0 out of 100
  Number of Email Invocations: 0 out of 10
  Number of future calls: 0 out of 50
  Number of queueable jobs added to the queue: 0 out of 50
  Number of Mobile Apex push calls: 0 out of 10

12:06:59.144 (144782503)|CUMULATIVE_LIMIT_USAGE_END

12:06:59.0 (144830816)|CODE_UNIT_FINISHED|VF: /apex/sadailyreport
12:06:59.0 (145561145)|EXECUTION_FINISHED
