42.0 APEX_CODE,FINEST;APEX_PROFILING,INFO;CALLOUT,INFO;DB,INFO;NBA,INFO;SYSTEM,DEBUG;VALIDATION,INFO;VISUALFORCE,INFO;WAVE,INFO;WORKFLOW,INFO
11:55:55.0 (79395)|USER_INFO|[EXTERNAL]|005N00000057PfO|thomas.remy+kddi_gwdev01@globalway.co.jp|Japan Standard Time|GMT+09:00
11:55:55.0 (117553)|EXECUTION_STARTED
11:55:55.0 (122233)|CODE_UNIT_STARTED|[EXTERNAL]|066N0000000M4pW|VF: /apex/sadailyreport
11:55:55.0 (261821)|VF_DESERIALIZE_VIEWSTATE_BEGIN|066N0000000M4pW
11:55:55.0 (3643147)|HEAP_ALLOCATE|[72]|Bytes:3
11:55:55.0 (3680832)|HEAP_ALLOCATE|[77]|Bytes:152
11:55:55.0 (3696467)|HEAP_ALLOCATE|[342]|Bytes:408
11:55:55.0 (3710921)|HEAP_ALLOCATE|[355]|Bytes:408
11:55:55.0 (3724667)|HEAP_ALLOCATE|[467]|Bytes:48
11:55:55.0 (3750046)|HEAP_ALLOCATE|[139]|Bytes:6
11:55:55.0 (4636025)|HEAP_ALLOCATE|[50]|Bytes:5
11:55:55.0 (4665356)|HEAP_ALLOCATE|[56]|Bytes:5
11:55:55.0 (4675432)|HEAP_ALLOCATE|[64]|Bytes:7
11:55:55.0 (5418399)|VARIABLE_SCOPE_BEGIN|[3]|saDailyReportCtrl.SOURCE|String|false|true
11:55:55.0 (5430866)|VARIABLE_SCOPE_BEGIN|[4]|saDailyReportCtrl.SOURCE_ID|String|false|true
11:55:55.0 (6434786)|VARIABLE_SCOPE_BEGIN|[25]|auMainTopCompCtrl.TYPE_SCREEN_ACCOUNT_LIST|Integer|false|true
11:55:55.0 (6446718)|VARIABLE_SCOPE_BEGIN|[26]|auMainTopCompCtrl.TYPE_SCREEN_ACTIVITY_LIST|Integer|false|true
11:55:55.0 (6453536)|VARIABLE_SCOPE_BEGIN|[7]|auMainTopCompCtrl.TYPE_SCREEN_CX_SCREEN|Integer|false|true
11:55:55.0 (6459882)|VARIABLE_SCOPE_BEGIN|[8]|auMainTopCompCtrl.TYPE_SCREEN_CX_TIMELINE|Integer|false|true
11:55:55.0 (6466627)|VARIABLE_SCOPE_BEGIN|[9]|auMainTopCompCtrl.TYPE_SCREEN_EVENT_SCHEDULE|Integer|false|true
11:55:55.0 (6472772)|VARIABLE_SCOPE_BEGIN|[10]|auMainTopCompCtrl.TYPE_SCREEN_EVENT_SCHEDULE_LIST|Integer|false|true
11:55:55.0 (6479112)|VARIABLE_SCOPE_BEGIN|[27]|auMainTopCompCtrl.TYPE_SCREEN_FILE_LIST|Integer|false|true
11:55:55.0 (6484749)|VARIABLE_SCOPE_BEGIN|[24]|auMainTopCompCtrl.TYPE_SCREEN_HONBU_DIRECT|Integer|false|true
11:55:55.0 (6490696)|VARIABLE_SCOPE_BEGIN|[11]|auMainTopCompCtrl.TYPE_SCREEN_KNOWLEDGE_DASHBOARD|Integer|false|true
11:55:55.0 (6496164)|VARIABLE_SCOPE_BEGIN|[12]|auMainTopCompCtrl.TYPE_SCREEN_KNOWLEDGE_LIST|Integer|false|true
11:55:55.0 (6501723)|VARIABLE_SCOPE_BEGIN|[15]|auMainTopCompCtrl.TYPE_SCREEN_SA_CHATTER|Integer|false|true
11:55:55.0 (6507475)|VARIABLE_SCOPE_BEGIN|[16]|auMainTopCompCtrl.TYPE_SCREEN_SA_DAILYREPORT|Integer|false|true
11:55:55.0 (6512997)|VARIABLE_SCOPE_BEGIN|[22]|auMainTopCompCtrl.TYPE_SCREEN_SA_DAILYREPORTLIST|Integer|false|true
11:55:55.0 (6519200)|VARIABLE_SCOPE_BEGIN|[18]|auMainTopCompCtrl.TYPE_SCREEN_SA_DOCUMENTS|Integer|false|true
11:55:55.0 (6525354)|VARIABLE_SCOPE_BEGIN|[17]|auMainTopCompCtrl.TYPE_SCREEN_SA_ENQUETE|Integer|false|true
11:55:55.0 (6531156)|VARIABLE_SCOPE_BEGIN|[20]|auMainTopCompCtrl.TYPE_SCREEN_SA_LINKS|Integer|false|true
11:55:55.0 (6537031)|VARIABLE_SCOPE_BEGIN|[13]|auMainTopCompCtrl.TYPE_SCREEN_SA_MESSAGES|Integer|false|true
11:55:55.0 (6542839)|VARIABLE_SCOPE_BEGIN|[19]|auMainTopCompCtrl.TYPE_SCREEN_SA_RANKING|Integer|false|true
11:55:55.0 (6549179)|VARIABLE_SCOPE_BEGIN|[14]|auMainTopCompCtrl.TYPE_SCREEN_SA_REPORTS|Integer|false|true
11:55:55.0 (6555087)|VARIABLE_SCOPE_BEGIN|[23]|auMainTopCompCtrl.TYPE_SCREEN_SA_TODO|Integer|false|true
11:55:55.0 (6561331)|VARIABLE_SCOPE_BEGIN|[21]|auMainTopCompCtrl.TYPE_SCREEN_SA_USRSETTINGS|Integer|false|true
11:55:55.0 (6567458)|VARIABLE_SCOPE_BEGIN|[4]|auMainTopCompCtrl.TYPE_SCREEN_STPD_EVENT|Integer|false|true
11:55:55.0 (6573914)|VARIABLE_SCOPE_BEGIN|[6]|auMainTopCompCtrl.TYPE_SCREEN_STPD_SCREEN|Integer|false|true
11:55:55.0 (6580116)|VARIABLE_SCOPE_BEGIN|[5]|auMainTopCompCtrl.TYPE_SCREEN_STPD_TIMELINE|Integer|false|true
11:55:55.0 (6586169)|VARIABLE_SCOPE_BEGIN|[3]|auMainTopCompCtrl.TYPE_SCREEN_SWITCH|Integer|false|true
11:55:55.0 (7698102)|VF_DESERIALIZE_VIEWSTATE_END
11:55:55.0 (9733769)|SYSTEM_MODE_ENTER|true
11:55:55.0 (9976778)|HEAP_ALLOCATE|[EXTERNAL]|Bytes:284
11:55:55.0 (9990425)|HEAP_ALLOCATE|[EXTERNAL]|Bytes:156
11:55:55.0 (10003409)|METHOD_ENTRY|[1]|01pN0000000Mill|auMainTopCompCtrl.auMainTopCompCtrl()
11:55:55.0 (10010335)|STATEMENT_EXECUTE|[1]
11:55:55.0 (10015789)|STATEMENT_EXECUTE|[1]
11:55:55.0 (10017717)|STATEMENT_EXECUTE|[3]
11:55:55.0 (10023977)|HEAP_ALLOCATE|[3]|Bytes:4
11:55:55.0 (10049932)|VARIABLE_ASSIGNMENT|[3]|auMainTopCompCtrl.TYPE_SCREEN_SWITCH|0
11:55:55.0 (10055407)|STATEMENT_EXECUTE|[4]
11:55:55.0 (10058215)|HEAP_ALLOCATE|[4]|Bytes:4
11:55:55.0 (10066360)|VARIABLE_ASSIGNMENT|[4]|auMainTopCompCtrl.TYPE_SCREEN_STPD_EVENT|11
11:55:55.0 (10070945)|STATEMENT_EXECUTE|[5]
11:55:55.0 (10073310)|HEAP_ALLOCATE|[5]|Bytes:4
11:55:55.0 (10080500)|VARIABLE_ASSIGNMENT|[5]|auMainTopCompCtrl.TYPE_SCREEN_STPD_TIMELINE|12
11:55:55.0 (10084040)|STATEMENT_EXECUTE|[6]
11:55:55.0 (10086164)|HEAP_ALLOCATE|[6]|Bytes:4
11:55:55.0 (10092548)|VARIABLE_ASSIGNMENT|[6]|auMainTopCompCtrl.TYPE_SCREEN_STPD_SCREEN|13
11:55:55.0 (10096483)|STATEMENT_EXECUTE|[7]
11:55:55.0 (10098667)|HEAP_ALLOCATE|[7]|Bytes:4
11:55:55.0 (10103901)|VARIABLE_ASSIGNMENT|[7]|auMainTopCompCtrl.TYPE_SCREEN_CX_SCREEN|21
11:55:55.0 (10107434)|STATEMENT_EXECUTE|[8]
11:55:55.0 (10109263)|HEAP_ALLOCATE|[8]|Bytes:4
11:55:55.0 (10114323)|VARIABLE_ASSIGNMENT|[8]|auMainTopCompCtrl.TYPE_SCREEN_CX_TIMELINE|22
11:55:55.0 (10117970)|STATEMENT_EXECUTE|[9]
11:55:55.0 (10120040)|HEAP_ALLOCATE|[9]|Bytes:4
11:55:55.0 (10125147)|VARIABLE_ASSIGNMENT|[9]|auMainTopCompCtrl.TYPE_SCREEN_EVENT_SCHEDULE|31
11:55:55.0 (10128528)|STATEMENT_EXECUTE|[10]
11:55:55.0 (10130622)|HEAP_ALLOCATE|[10]|Bytes:4
11:55:55.0 (10136126)|VARIABLE_ASSIGNMENT|[10]|auMainTopCompCtrl.TYPE_SCREEN_EVENT_SCHEDULE_LIST|32
11:55:55.0 (10140355)|STATEMENT_EXECUTE|[11]
11:55:55.0 (10142854)|HEAP_ALLOCATE|[11]|Bytes:4
11:55:55.0 (10148688)|VARIABLE_ASSIGNMENT|[11]|auMainTopCompCtrl.TYPE_SCREEN_KNOWLEDGE_DASHBOARD|41
11:55:55.0 (10152442)|STATEMENT_EXECUTE|[12]
11:55:55.0 (10154308)|HEAP_ALLOCATE|[12]|Bytes:4
11:55:55.0 (10159971)|VARIABLE_ASSIGNMENT|[12]|auMainTopCompCtrl.TYPE_SCREEN_KNOWLEDGE_LIST|42
11:55:55.0 (10163618)|STATEMENT_EXECUTE|[13]
11:55:55.0 (10165562)|HEAP_ALLOCATE|[13]|Bytes:4
11:55:55.0 (10171839)|VARIABLE_ASSIGNMENT|[13]|auMainTopCompCtrl.TYPE_SCREEN_SA_MESSAGES|51
11:55:55.0 (10175544)|STATEMENT_EXECUTE|[14]
11:55:55.0 (10177493)|HEAP_ALLOCATE|[14]|Bytes:4
11:55:55.0 (10183643)|VARIABLE_ASSIGNMENT|[14]|auMainTopCompCtrl.TYPE_SCREEN_SA_REPORTS|52
11:55:55.0 (10187286)|STATEMENT_EXECUTE|[15]
11:55:55.0 (10189377)|HEAP_ALLOCATE|[15]|Bytes:4
11:55:55.0 (10195064)|VARIABLE_ASSIGNMENT|[15]|auMainTopCompCtrl.TYPE_SCREEN_SA_CHATTER|53
11:55:55.0 (10198869)|STATEMENT_EXECUTE|[16]
11:55:55.0 (10201123)|HEAP_ALLOCATE|[16]|Bytes:4
11:55:55.0 (10207085)|VARIABLE_ASSIGNMENT|[16]|auMainTopCompCtrl.TYPE_SCREEN_SA_DAILYREPORT|54
11:55:55.0 (10210827)|STATEMENT_EXECUTE|[17]
11:55:55.0 (10212933)|HEAP_ALLOCATE|[17]|Bytes:4
11:55:55.0 (10218607)|VARIABLE_ASSIGNMENT|[17]|auMainTopCompCtrl.TYPE_SCREEN_SA_ENQUETE|55
11:55:55.0 (10222141)|STATEMENT_EXECUTE|[18]
11:55:55.0 (10224175)|HEAP_ALLOCATE|[18]|Bytes:4
11:55:55.0 (10229851)|VARIABLE_ASSIGNMENT|[18]|auMainTopCompCtrl.TYPE_SCREEN_SA_DOCUMENTS|56
11:55:55.0 (10233687)|STATEMENT_EXECUTE|[19]
11:55:55.0 (10235792)|HEAP_ALLOCATE|[19]|Bytes:4
11:55:55.0 (10241637)|VARIABLE_ASSIGNMENT|[19]|auMainTopCompCtrl.TYPE_SCREEN_SA_RANKING|57
11:55:55.0 (10245202)|STATEMENT_EXECUTE|[20]
11:55:55.0 (10247200)|HEAP_ALLOCATE|[20]|Bytes:4
11:55:55.0 (10253036)|VARIABLE_ASSIGNMENT|[20]|auMainTopCompCtrl.TYPE_SCREEN_SA_LINKS|58
11:55:55.0 (10256658)|STATEMENT_EXECUTE|[21]
11:55:55.0 (10258474)|HEAP_ALLOCATE|[21]|Bytes:4
11:55:55.0 (10264402)|VARIABLE_ASSIGNMENT|[21]|auMainTopCompCtrl.TYPE_SCREEN_SA_USRSETTINGS|59
11:55:55.0 (10268525)|STATEMENT_EXECUTE|[22]
11:55:55.0 (10270391)|HEAP_ALLOCATE|[22]|Bytes:4
11:55:55.0 (10276249)|VARIABLE_ASSIGNMENT|[22]|auMainTopCompCtrl.TYPE_SCREEN_SA_DAILYREPORTLIST|60
11:55:55.0 (10279762)|STATEMENT_EXECUTE|[23]
11:55:55.0 (10281960)|HEAP_ALLOCATE|[23]|Bytes:4
11:55:55.0 (10289470)|VARIABLE_ASSIGNMENT|[23]|auMainTopCompCtrl.TYPE_SCREEN_SA_TODO|61
11:55:55.0 (10293208)|STATEMENT_EXECUTE|[24]
11:55:55.0 (10295211)|HEAP_ALLOCATE|[24]|Bytes:4
11:55:55.0 (10300646)|VARIABLE_ASSIGNMENT|[24]|auMainTopCompCtrl.TYPE_SCREEN_HONBU_DIRECT|71
11:55:55.0 (10304184)|STATEMENT_EXECUTE|[25]
11:55:55.0 (10306202)|HEAP_ALLOCATE|[25]|Bytes:4
11:55:55.0 (10311148)|VARIABLE_ASSIGNMENT|[25]|auMainTopCompCtrl.TYPE_SCREEN_ACCOUNT_LIST|81
11:55:55.0 (10314571)|STATEMENT_EXECUTE|[26]
11:55:55.0 (10316350)|HEAP_ALLOCATE|[26]|Bytes:4
11:55:55.0 (10321397)|VARIABLE_ASSIGNMENT|[26]|auMainTopCompCtrl.TYPE_SCREEN_ACTIVITY_LIST|82
11:55:55.0 (10325154)|STATEMENT_EXECUTE|[27]
11:55:55.0 (10327406)|HEAP_ALLOCATE|[27]|Bytes:4
11:55:55.0 (10332987)|VARIABLE_ASSIGNMENT|[27]|auMainTopCompCtrl.TYPE_SCREEN_FILE_LIST|83
11:55:55.0 (10341068)|METHOD_EXIT|[1]|auMainTopCompCtrl
11:55:55.0 (10347516)|HEAP_ALLOCATE|[EXTERNAL]|Bytes:44
11:55:55.0 (10355245)|VARIABLE_SCOPE_BEGIN|[88]|this|auMainTopCompCtrl|true|false
11:55:55.0 (10415513)|VARIABLE_ASSIGNMENT|[88]|this|{"currentUser":"0x15055473","isSAUser":false,"iTypeOfScreen":54,"urlReportsSFA":"https://cs6.lightnin (84 more) ..."}|0x5b388dd8
11:55:55.0 (10427818)|STATEMENT_EXECUTE|[88]
11:55:55.0 (10429617)|STATEMENT_EXECUTE|[89]
11:55:55.0 (10478976)|VARIABLE_ASSIGNMENT|[EXTERNAL]|this|{"currentUser":"0x15055473","isSAUser":false,"iTypeOfScreen":54,"urlReportsSFA":"https://cs6.lightnin (84 more) ..."}|0x5b388dd8
11:55:55.0 (10529202)|VARIABLE_ASSIGNMENT|[EXTERNAL]|this|{"currentUser":"0x15055473","isSAUser":false,"iTypeOfScreen":54,"urlReportsSFA":"https://cs6.lightnin (84 more) ..."}|0x5b388dd8
11:55:55.0 (10566636)|VARIABLE_ASSIGNMENT|[EXTERNAL]|this|{"currentUser":"0x15055473","isSAUser":false,"iTypeOfScreen":54,"urlReportsSFA":"https://cs6.lightnin (84 more) ..."}|0x5b388dd8
11:55:55.0 (10603093)|VARIABLE_ASSIGNMENT|[EXTERNAL]|this|{"currentUser":"0x15055473","isSAUser":false,"iTypeOfScreen":54,"urlReportsSFA":"https://cs6.lightnin (84 more) ..."}|0x5b388dd8
11:55:55.0 (10624116)|HEAP_ALLOCATE|[89]|Bytes:5
11:55:55.0 (10722025)|SYSTEM_MODE_ENTER|true
11:55:55.0 (10756449)|HEAP_ALLOCATE|[EXTERNAL]|Bytes:44
11:55:55.0 (10763804)|VARIABLE_SCOPE_BEGIN|[106]|this|auMainTopCompCtrl|true|false
11:55:55.0 (10796448)|VARIABLE_ASSIGNMENT|[106]|this|{"currentUser":"0x15055473","isSAUser":false,"iTypeOfScreen":54,"urlReportsSFA":"https://cs6.lightnin (84 more) ..."}|0x5b388dd8
11:55:55.0 (10806126)|STATEMENT_EXECUTE|[106]
11:55:55.0 (10808069)|STATEMENT_EXECUTE|[107]
11:55:55.0 (10840991)|VARIABLE_ASSIGNMENT|[EXTERNAL]|this|{"currentUser":"0x15055473","isSAUser":false,"iTypeOfScreen":54,"urlReportsSFA":"https://cs6.lightnin (84 more) ..."}|0x5b388dd8
11:55:55.0 (10863132)|HEAP_ALLOCATE|[107]|Bytes:5
11:55:55.0 (10924103)|SYSTEM_MODE_ENTER|true
11:55:55.0 (10954027)|HEAP_ALLOCATE|[EXTERNAL]|Bytes:44
11:55:55.0 (10960805)|VARIABLE_SCOPE_BEGIN|[110]|this|auMainTopCompCtrl|true|false
11:55:55.0 (10991374)|VARIABLE_ASSIGNMENT|[110]|this|{"currentUser":"0x15055473","isSAUser":false,"iTypeOfScreen":54,"urlReportsSFA":"https://cs6.lightnin (84 more) ..."}|0x5b388dd8
11:55:55.0 (11000827)|STATEMENT_EXECUTE|[110]
11:55:55.0 (11003191)|STATEMENT_EXECUTE|[111]
11:55:55.0 (11034266)|VARIABLE_ASSIGNMENT|[EXTERNAL]|this|{"currentUser":"0x15055473","isSAUser":false,"iTypeOfScreen":54,"urlReportsSFA":"https://cs6.lightnin (84 more) ..."}|0x5b388dd8
11:55:55.0 (11048836)|HEAP_ALLOCATE|[111]|Bytes:5
11:55:55.0 (11102792)|SYSTEM_MODE_ENTER|true
11:55:55.0 (11129977)|HEAP_ALLOCATE|[EXTERNAL]|Bytes:44
11:55:55.0 (11137066)|VARIABLE_SCOPE_BEGIN|[114]|this|auMainTopCompCtrl|true|false
11:55:55.0 (11166016)|VARIABLE_ASSIGNMENT|[114]|this|{"currentUser":"0x15055473","isSAUser":false,"iTypeOfScreen":54,"urlReportsSFA":"https://cs6.lightnin (84 more) ..."}|0x5b388dd8
11:55:55.0 (11174209)|STATEMENT_EXECUTE|[114]
11:55:55.0 (11175905)|STATEMENT_EXECUTE|[115]
11:55:55.0 (11206932)|VARIABLE_ASSIGNMENT|[EXTERNAL]|this|{"currentUser":"0x15055473","isSAUser":false,"iTypeOfScreen":54,"urlReportsSFA":"https://cs6.lightnin (84 more) ..."}|0x5b388dd8
11:55:55.0 (11220732)|HEAP_ALLOCATE|[115]|Bytes:5
11:55:55.0 (11301047)|SYSTEM_MODE_ENTER|true
11:55:55.0 (11322902)|HEAP_ALLOCATE|[EXTERNAL]|Bytes:44
11:55:55.0 (11333887)|VARIABLE_ASSIGNMENT|[EXTERNAL]|this.iCountComments|null|0x5b388dd8
11:55:55.0 (11374439)|SYSTEM_MODE_ENTER|true
11:55:55.0 (11386610)|HEAP_ALLOCATE|[EXTERNAL]|Bytes:44
11:55:55.0 (11394059)|VARIABLE_ASSIGNMENT|[EXTERNAL]|this.iCountLikes|null|0x5b388dd8
11:55:55.0 (11471419)|SYSTEM_MODE_ENTER|true
11:55:55.0 (11506111)|HEAP_ALLOCATE|[EXTERNAL]|Bytes:26
11:55:55.0 (11515340)|HEAP_ALLOCATE|[EXTERNAL]|Bytes:460
11:55:55.0 (11519937)|HEAP_ALLOCATE|[EXTERNAL]|Bytes:111
11:55:55.0 (11523376)|HEAP_ALLOCATE|[EXTERNAL]|Bytes:33
11:55:55.0 (11526926)|HEAP_ALLOCATE|[EXTERNAL]|Bytes:3
11:55:55.0 (11535685)|VARIABLE_ASSIGNMENT|[EXTERNAL]|saDailyReportCtrl.SOURCE|"src"
11:55:55.0 (11540567)|HEAP_ALLOCATE|[EXTERNAL]|Bytes:2
11:55:55.0 (11546636)|VARIABLE_ASSIGNMENT|[EXTERNAL]|saDailyReportCtrl.SOURCE_ID|"id"
11:55:55.0 (11554833)|METHOD_ENTRY|[1]|01pN0000000aE0W|saDailyReportCtrl.saDailyReportCtrl()
11:55:55.0 (11559810)|STATEMENT_EXECUTE|[1]
11:55:55.0 (11563168)|STATEMENT_EXECUTE|[1]
11:55:55.0 (11572318)|SYSTEM_MODE_ENTER|false
11:55:55.0 (11579040)|HEAP_ALLOCATE|[EXTERNAL]|Bytes:5
11:55:55.0 (11583540)|STATEMENT_EXECUTE|[644]
11:55:55.0 (11585381)|STATEMENT_EXECUTE|[671]
11:55:55.0 (11590355)|SYSTEM_MODE_EXIT|false
11:55:55.0 (11598113)|METHOD_EXIT|[1]|saDailyReportCtrl
11:55:55.0 (11602944)|HEAP_ALLOCATE|[EXTERNAL]|Bytes:76
11:55:55.0 (11607640)|VARIABLE_SCOPE_BEGIN|[84]|this|saDailyReportCtrl|true|false
11:55:55.0 (11948792)|VARIABLE_ASSIGNMENT|[84]|this|{"BusinessLocationName":"","currentInquiryReply":"0x1831b6e4","currentInquiryReplyDetail":"0x778be77","dailyReportId":"a0IN0000006RUlWMAW","dCurrentDay":"2018-06-30T00:00:00Z","dCurrentMonth":"2018-07-01T00:00:00Z","iCurrentDay":0,"idBusinessLocation":"","isIPhone":false,"isPreview":true,"lsBusinessLocation":"0x38e1c427","messageError":"","messageQuestion":"","mpQuestions":"0x74391722","myUser":"0x61aa19d7"}|0x7c561849
11:55:55.0 (11969173)|SYSTEM_MODE_ENTER|false
11:55:55.0 (11976337)|HEAP_ALLOCATE|[84]|Bytes:5
11:55:55.0 (11981328)|STATEMENT_EXECUTE|[84]
11:55:55.0 (11983150)|STATEMENT_EXECUTE|[84]
11:55:55.0 (11987872)|SYSTEM_MODE_EXIT|false
11:55:55.0 (12048295)|SYSTEM_MODE_ENTER|true
11:55:55.0 (12067686)|HEAP_ALLOCATE|[EXTERNAL]|Bytes:8
11:55:55.0 (12072391)|HEAP_ALLOCATE|[EXTERNAL]|Bytes:44
11:55:55.0 (12081839)|VARIABLE_ASSIGNMENT|[EXTERNAL]|this.iTypeOfScreen|54|0x5b388dd8
11:55:55.0 (12222710)|SYSTEM_MODE_ENTER|true
11:55:55.0 (12306248)|SYSTEM_MODE_ENTER|true
11:55:55.0 (12385001)|SYSTEM_MODE_ENTER|true
11:55:55.0 (12572502)|SYSTEM_MODE_ENTER|true
11:55:55.0 (13776141)|SYSTEM_MODE_ENTER|true
11:55:55.0 (15632755)|SYSTEM_MODE_ENTER|true
11:55:55.0 (15681812)|SYSTEM_MODE_ENTER|true
11:55:55.0 (15718037)|SYSTEM_MODE_ENTER|true
11:55:55.0 (15754135)|SYSTEM_MODE_ENTER|true
11:55:55.0 (15787654)|SYSTEM_MODE_ENTER|true
11:55:55.0 (15837688)|SYSTEM_MODE_ENTER|true
11:55:55.0 (15880262)|HEAP_ALLOCATE|[EXTERNAL]|Bytes:44
11:55:55.0 (15888043)|VARIABLE_SCOPE_BEGIN|[88]|this|auMainTopCompCtrl|true|false
11:55:55.0 (15927326)|VARIABLE_ASSIGNMENT|[88]|this|{"currentUser":"0x15055473","isSAUser":false,"iTypeOfScreen":54,"urlReportsSFA":"https://cs6.lightnin (84 more) ..."}|0x5b388dd8
11:55:55.0 (15937595)|STATEMENT_EXECUTE|[88]
11:55:55.0 (15939538)|STATEMENT_EXECUTE|[89]
11:55:55.0 (15970062)|VARIABLE_ASSIGNMENT|[EXTERNAL]|this|{"currentUser":"0x15055473","isSAUser":false,"iTypeOfScreen":54,"urlReportsSFA":"https://cs6.lightnin (84 more) ..."}|0x5b388dd8
11:55:55.0 (16007505)|VARIABLE_ASSIGNMENT|[EXTERNAL]|this|{"currentUser":"0x15055473","isSAUser":false,"iTypeOfScreen":54,"urlReportsSFA":"https://cs6.lightnin (84 more) ..."}|0x5b388dd8
11:55:55.0 (16039285)|VARIABLE_ASSIGNMENT|[EXTERNAL]|this|{"currentUser":"0x15055473","isSAUser":false,"iTypeOfScreen":54,"urlReportsSFA":"https://cs6.lightnin (84 more) ..."}|0x5b388dd8
11:55:55.0 (16070363)|VARIABLE_ASSIGNMENT|[EXTERNAL]|this|{"currentUser":"0x15055473","isSAUser":false,"iTypeOfScreen":54,"urlReportsSFA":"https://cs6.lightnin (84 more) ..."}|0x5b388dd8
11:55:55.0 (16083959)|HEAP_ALLOCATE|[89]|Bytes:5
11:55:55.0 (16133289)|SYSTEM_MODE_ENTER|true
11:55:55.0 (16164630)|HEAP_ALLOCATE|[EXTERNAL]|Bytes:44
11:55:55.0 (16171032)|VARIABLE_SCOPE_BEGIN|[106]|this|auMainTopCompCtrl|true|false
11:55:55.0 (16201150)|VARIABLE_ASSIGNMENT|[106]|this|{"currentUser":"0x15055473","isSAUser":false,"iTypeOfScreen":54,"urlReportsSFA":"https://cs6.lightnin (84 more) ..."}|0x5b388dd8
11:55:55.0 (16210143)|STATEMENT_EXECUTE|[106]
11:55:55.0 (16211945)|STATEMENT_EXECUTE|[107]
11:55:55.0 (16238027)|VARIABLE_ASSIGNMENT|[EXTERNAL]|this|{"currentUser":"0x15055473","isSAUser":false,"iTypeOfScreen":54,"urlReportsSFA":"https://cs6.lightnin (84 more) ..."}|0x5b388dd8
11:55:55.0 (16251993)|HEAP_ALLOCATE|[107]|Bytes:5
11:55:55.0 (16296206)|SYSTEM_MODE_ENTER|true
11:55:55.0 (16325095)|HEAP_ALLOCATE|[EXTERNAL]|Bytes:44
11:55:55.0 (16330985)|VARIABLE_SCOPE_BEGIN|[110]|this|auMainTopCompCtrl|true|false
11:55:55.0 (16360222)|VARIABLE_ASSIGNMENT|[110]|this|{"currentUser":"0x15055473","isSAUser":false,"iTypeOfScreen":54,"urlReportsSFA":"https://cs6.lightnin (84 more) ..."}|0x5b388dd8
11:55:55.0 (16368556)|STATEMENT_EXECUTE|[110]
11:55:55.0 (16370323)|STATEMENT_EXECUTE|[111]
11:55:55.0 (16395913)|VARIABLE_ASSIGNMENT|[EXTERNAL]|this|{"currentUser":"0x15055473","isSAUser":false,"iTypeOfScreen":54,"urlReportsSFA":"https://cs6.lightnin (84 more) ..."}|0x5b388dd8
11:55:55.0 (16408632)|HEAP_ALLOCATE|[111]|Bytes:5
11:55:55.0 (16449362)|SYSTEM_MODE_ENTER|true
11:55:55.0 (16475730)|HEAP_ALLOCATE|[EXTERNAL]|Bytes:44
11:55:55.0 (16481545)|VARIABLE_SCOPE_BEGIN|[114]|this|auMainTopCompCtrl|true|false
11:55:55.0 (16511034)|VARIABLE_ASSIGNMENT|[114]|this|{"currentUser":"0x15055473","isSAUser":false,"iTypeOfScreen":54,"urlReportsSFA":"https://cs6.lightnin (84 more) ..."}|0x5b388dd8
11:55:55.0 (16519878)|STATEMENT_EXECUTE|[114]
11:55:55.0 (16521491)|STATEMENT_EXECUTE|[115]
11:55:55.0 (16546642)|VARIABLE_ASSIGNMENT|[EXTERNAL]|this|{"currentUser":"0x15055473","isSAUser":false,"iTypeOfScreen":54,"urlReportsSFA":"https://cs6.lightnin (84 more) ..."}|0x5b388dd8
11:55:55.0 (16559267)|HEAP_ALLOCATE|[115]|Bytes:5
11:55:55.0 (19190619)|SYSTEM_MODE_ENTER|true
11:55:55.0 (19214167)|HEAP_ALLOCATE|[EXTERNAL]|Bytes:16
11:55:55.0 (19219815)|HEAP_ALLOCATE|[EXTERNAL]|Bytes:76
11:55:55.0 (19231946)|VARIABLE_ASSIGNMENT|[EXTERNAL]|this.messageError|"正しいデーターを入れてください。"|0x7c561849
11:55:55.0 (19263282)|SYSTEM_MODE_ENTER|true
11:55:55.0 (19276852)|HEAP_ALLOCATE|[EXTERNAL]|Bytes:76
11:55:55.0 (19284923)|VARIABLE_ASSIGNMENT|[EXTERNAL]|this.messageQuestion|""|0x7c561849
11:55:55.0 (19307259)|SYSTEM_MODE_ENTER|true
11:55:55.0 (19321726)|HEAP_ALLOCATE|[EXTERNAL]|Bytes:5
11:55:55.0 (19325858)|HEAP_ALLOCATE|[EXTERNAL]|Bytes:76
11:55:55.0 (19332342)|VARIABLE_ASSIGNMENT|[EXTERNAL]|this.isPreview|true|0x7c561849
11:55:55.0 (19354593)|SYSTEM_MODE_ENTER|true
11:55:55.0 (19366016)|HEAP_ALLOCATE|[EXTERNAL]|Bytes:76
11:55:55.0 (19373565)|VARIABLE_ASSIGNMENT|[EXTERNAL]|this.idBusinessLocation|""|0x7c561849
11:55:55.0 (19394840)|SYSTEM_MODE_ENTER|true
11:55:55.0 (19405925)|HEAP_ALLOCATE|[EXTERNAL]|Bytes:8
11:55:55.0 (19409947)|HEAP_ALLOCATE|[EXTERNAL]|Bytes:76
11:55:55.0 (19416148)|VARIABLE_ASSIGNMENT|[EXTERNAL]|this.iCurrentDay|0|0x7c561849
11:55:55.0 (19513228)|SYSTEM_MODE_ENTER|true
11:55:55.0 (19526782)|HEAP_ALLOCATE|[EXTERNAL]|Bytes:44
11:55:55.0 (19535155)|VARIABLE_ASSIGNMENT|[EXTERNAL]|this.iCountComments|null|0x5b388dd8
11:55:55.0 (19564446)|SYSTEM_MODE_ENTER|true
11:55:55.0 (19574637)|HEAP_ALLOCATE|[EXTERNAL]|Bytes:44
11:55:55.0 (19581291)|VARIABLE_ASSIGNMENT|[EXTERNAL]|this.iCountLikes|null|0x5b388dd8
11:55:55.0 (19615888)|SYSTEM_MODE_ENTER|true
11:55:55.0 (19651058)|HEAP_ALLOCATE|[EXTERNAL]|Bytes:76
11:55:55.0 (19657745)|VARIABLE_SCOPE_BEGIN|[84]|this|saDailyReportCtrl|true|false
11:55:55.0 (19826216)|VARIABLE_ASSIGNMENT|[84]|this|{"BusinessLocationName":"","currentInquiryReply":"0x1831b6e4","currentInquiryReplyDetail":"0x778be77","dailyReportId":"a0IN0000006RUlWMAW","dCurrentDay":"2018-06-30T00:00:00Z","dCurrentMonth":"2018-07-01T00:00:00Z","iCurrentDay":0,"idBusinessLocation":"","isIPhone":false,"isPreview":true,"lsBusinessLocation":"0x38e1c427","messageError":"正しいデーターを入れてください。","messageQuestion":"","mpQuestions":"0x74391722","myUser":"0x61aa19d7"}|0x7c561849
11:55:55.0 (19851193)|SYSTEM_MODE_ENTER|false
11:55:55.0 (19858414)|HEAP_ALLOCATE|[84]|Bytes:5
11:55:55.0 (19863285)|STATEMENT_EXECUTE|[84]
11:55:55.0 (19865178)|STATEMENT_EXECUTE|[84]
11:55:55.0 (19869438)|SYSTEM_MODE_EXIT|false
11:55:55.0 (19913757)|SYSTEM_MODE_ENTER|true
11:55:55.0 (19929036)|HEAP_ALLOCATE|[EXTERNAL]|Bytes:8
11:55:55.0 (19933439)|HEAP_ALLOCATE|[EXTERNAL]|Bytes:44
11:55:55.0 (19941712)|VARIABLE_ASSIGNMENT|[EXTERNAL]|this.iTypeOfScreen|54|0x5b388dd8
11:55:55.0 (20077439)|SYSTEM_MODE_ENTER|true
11:55:55.0 (22364387)|HEAP_ALLOCATE|[EXTERNAL]|Bytes:76
11:55:55.0 (22375388)|VARIABLE_SCOPE_BEGIN|[191]|this|saDailyReportCtrl|true|false
11:55:55.0 (22541757)|VARIABLE_ASSIGNMENT|[191]|this|{"BusinessLocationName":"","currentInquiryReply":"0x1831b6e4","currentInquiryReplyDetail":"0x778be77","dailyReportId":"a0IN0000006RUlWMAW","dCurrentDay":"2018-06-30T00:00:00Z","dCurrentMonth":"2018-07-01T00:00:00Z","iCurrentDay":0,"idBusinessLocation":"","isIPhone":false,"isPreview":true,"lsBusinessLocation":"0x38e1c427","messageError":"正しいデーターを入れてください。","messageQuestion":"","mpQuestions":"0x74391722","myUser":"0x61aa19d7"}|0x7c561849
11:55:55.0 (22562540)|SYSTEM_MODE_ENTER|false
11:55:55.0 (22569543)|HEAP_ALLOCATE|[193]|Bytes:5
11:55:55.0 (22575559)|STATEMENT_EXECUTE|[191]
11:55:55.0 (22577671)|STATEMENT_EXECUTE|[193]
11:55:55.0 (22736704)|VARIABLE_ASSIGNMENT|[EXTERNAL]|this|{"BusinessLocationName":"","currentInquiryReply":"0x1831b6e4","currentInquiryReplyDetail":"0x778be77","dailyReportId":"a0IN0000006RUlWMAW","dCurrentDay":"2018-06-30T00:00:00Z","dCurrentMonth":"2018-07-01T00:00:00Z","iCurrentDay":0,"idBusinessLocation":"","isIPhone":false,"isPreview":true,"lsBusinessLocation":"0x38e1c427","messageError":"正しいデーターを入れてください。","messageQuestion":"","mpQuestions":"0x74391722","myUser":"0x61aa19d7"}|0x7c561849
11:55:55.0 (22753200)|VARIABLE_ASSIGNMENT|[EXTERNAL]|value|""
11:55:55.0 (22764511)|VARIABLE_ASSIGNMENT|[6]|this.messageError|""|0x7c561849
11:55:55.0 (22775881)|STATEMENT_EXECUTE|[194]
11:55:55.0 (22919507)|VARIABLE_ASSIGNMENT|[EXTERNAL]|this|{"BusinessLocationName":"","currentInquiryReply":"0x1831b6e4","currentInquiryReplyDetail":"0x778be77","dailyReportId":"a0IN0000006RUlWMAW","dCurrentDay":"2018-06-30T00:00:00Z","dCurrentMonth":"2018-07-01T00:00:00Z","iCurrentDay":0,"idBusinessLocation":"","isIPhone":false,"isPreview":true,"lsBusinessLocation":"0x38e1c427","messageError":"","messageQuestion":"","mpQuestions":"0x74391722","myUser":"0x61aa19d7"}|0x7c561849
11:55:55.0 (22934278)|VARIABLE_ASSIGNMENT|[EXTERNAL]|value|""
11:55:55.0 (22943962)|VARIABLE_ASSIGNMENT|[7]|this.messageQuestion|""|0x7c561849
11:55:55.0 (22953461)|STATEMENT_EXECUTE|[196]
11:55:55.0 (22955244)|STATEMENT_EXECUTE|[196]
11:55:55.0 (22956844)|STATEMENT_EXECUTE|[198]
11:55:55.0 (23144226)|VARIABLE_ASSIGNMENT|[EXTERNAL]|this|{"BusinessLocationName":"","currentInquiryReply":"0x1831b6e4","currentInquiryReplyDetail":"0x778be77","dailyReportId":"a0IN0000006RUlWMAW","dCurrentDay":"2018-06-30T00:00:00Z","dCurrentMonth":"2018-07-01T00:00:00Z","iCurrentDay":0,"idBusinessLocation":"","isIPhone":false,"isPreview":true,"lsBusinessLocation":"0x38e1c427","messageError":"","messageQuestion":"","mpQuestions":"0x74391722","myUser":"0x61aa19d7"}|0x7c561849
11:55:55.0 (23199291)|HEAP_ALLOCATE|[198]|Bytes:4
11:55:55.0 (23234423)|VARIABLE_ASSIGNMENT|[198]|this.dCurrentDay|"2018-06-30T00:00:00.000Z"|0x7c561849
11:55:55.0 (23240841)|STATEMENT_EXECUTE|[200]
11:55:55.0 (23254024)|HEAP_ALLOCATE|[200]|Bytes:4
11:55:55.0 (23458405)|VARIABLE_ASSIGNMENT|[EXTERNAL]|this|{"BusinessLocationName":"","currentInquiryReply":"0x1831b6e4","currentInquiryReplyDetail":"0x778be77","dailyReportId":"a0IN0000006RUlWMAW","dCurrentDay":"2018-06-30T00:00:00Z","dCurrentMonth":"2018-07-01T00:00:00Z","iCurrentDay":0,"idBusinessLocation":"","isIPhone":false,"isPreview":true,"lsBusinessLocation":"0x38e1c427","messageError":"","messageQuestion":"","mpQuestions":"0x74391722","myUser":"0x61aa19d7"}|0x7c561849
11:55:55.0 (23472937)|HEAP_ALLOCATE|[EXTERNAL]|Bytes:4
11:55:55.0 (23484135)|VARIABLE_ASSIGNMENT|[EXTERNAL]|value|[]|0xfe35580
11:55:55.0 (23494891)|VARIABLE_ASSIGNMENT|[22]|this.currentInquiryReplyDetail|[]|0x7c561849
11:55:55.0 (23504564)|STATEMENT_EXECUTE|[201]
11:55:55.0 (23516573)|HEAP_ALLOCATE|[201]|Bytes:4
11:55:55.0 (23682682)|VARIABLE_ASSIGNMENT|[EXTERNAL]|this|{"BusinessLocationName":"","currentInquiryReply":"0x1831b6e4","currentInquiryReplyDetail":"0xfe35580","dailyReportId":"a0IN0000006RUlWMAW","dCurrentDay":"2018-06-30T00:00:00Z","dCurrentMonth":"2018-07-01T00:00:00Z","iCurrentDay":0,"idBusinessLocation":"","isIPhone":false,"isPreview":true,"lsBusinessLocation":"0x38e1c427","messageError":"","messageQuestion":"","mpQuestions":"0x74391722","myUser":"0x61aa19d7"}|0x7c561849
11:55:55.0 (23701848)|VARIABLE_ASSIGNMENT|[EXTERNAL]|value|{}|0x7b0ec36
11:55:55.0 (23712678)|VARIABLE_ASSIGNMENT|[24]|this.mpQuestions|{}|0x7c561849
11:55:55.0 (23722533)|STATEMENT_EXECUTE|[203]
11:55:55.0 (23863810)|VARIABLE_ASSIGNMENT|[EXTERNAL]|this|{"BusinessLocationName":"","currentInquiryReply":"0x1831b6e4","currentInquiryReplyDetail":"0xfe35580","dailyReportId":"a0IN0000006RUlWMAW","dCurrentDay":"2018-06-30T00:00:00Z","dCurrentMonth":"2018-07-01T00:00:00Z","iCurrentDay":0,"idBusinessLocation":"","isIPhone":false,"isPreview":true,"lsBusinessLocation":"0x38e1c427","messageError":"","messageQuestion":"","mpQuestions":"0x7b0ec36","myUser":"0x61aa19d7"}|0x7c561849
11:55:55.0 (23877973)|VARIABLE_ASSIGNMENT|[EXTERNAL]|value|""
11:55:55.0 (23886892)|VARIABLE_ASSIGNMENT|[23]|this.BusinessLocationName|""|0x7c561849
11:55:55.0 (23899666)|HEAP_ALLOCATE|[204]|Bytes:81
11:55:55.0 (23914622)|HEAP_ALLOCATE|[204]|Bytes:4
11:55:55.0 (23923121)|HEAP_ALLOCATE|[204]|Bytes:7
11:55:55.0 (24064005)|VARIABLE_ASSIGNMENT|[EXTERNAL]|this|{"BusinessLocationName":"","currentInquiryReply":"0x1831b6e4","currentInquiryReplyDetail":"0xfe35580","dailyReportId":"a0IN0000006RUlWMAW","dCurrentDay":"2018-06-30T00:00:00Z","dCurrentMonth":"2018-07-01T00:00:00Z","iCurrentDay":0,"idBusinessLocation":"","isIPhone":false,"isPreview":true,"lsBusinessLocation":"0x38e1c427","messageError":"","messageQuestion":"","mpQuestions":"0x7b0ec36","myUser":"0x61aa19d7"}|0x7c561849
11:55:55.0 (24381662)|SOQL_EXECUTE_BEGIN|[204]|Aggregations:0|SELECT Id, BusinessLocationName__c FROM saBusinessLocation__c 
11:55:55.0 (25812035)|SOQL_EXECUTE_END|[204]|Rows:0
11:55:55.0 (25972047)|HEAP_ALLOCATE|[204]|Bytes:54
11:55:55.0 (25982442)|HEAP_ALLOCATE|[204]|Bytes:8
11:55:55.0 (26008235)|SYSTEM_METHOD_ENTRY|[7]|QueryLocatorIterator.QueryLocatorIterator()
11:55:55.0 (26013483)|STATEMENT_EXECUTE|[7]
11:55:55.0 (26020264)|SYSTEM_METHOD_EXIT|[7]|QueryLocatorIterator
11:55:55.0 (26027514)|HEAP_ALLOCATE|[204]|Bytes:28
11:55:55.0 (26044735)|HEAP_ALLOCATE|[204]|Bytes:8
11:55:55.0 (26048628)|HEAP_ALLOCATE|[204]|Bytes:8
11:55:55.0 (26054292)|VARIABLE_SCOPE_BEGIN|[15]|this|Database.QueryLocatorIterator|true|false
11:55:55.0 (26079422)|VARIABLE_ASSIGNMENT|[15]|this|{}|0x5a19c814
11:55:55.0 (26086098)|VARIABLE_SCOPE_BEGIN|[15]|values|List<SObject>|true|false
11:55:55.0 (26094367)|VARIABLE_ASSIGNMENT|[15]|values|null|
11:55:55.0 (26098655)|VARIABLE_SCOPE_BEGIN|[15]|ql|Database.QueryLocator|true|false
11:55:55.0 (26115302)|VARIABLE_ASSIGNMENT|[15]|ql|{"query":"SELECT Id, BusinessL (61 more) ..."}|0x4003677b
11:55:55.0 (26121494)|VARIABLE_SCOPE_BEGIN|[15]|totalNumRecords|Integer|false|false
11:55:55.0 (26129083)|VARIABLE_ASSIGNMENT|[15]|totalNumRecords|0
11:55:55.0 (26132958)|VARIABLE_SCOPE_BEGIN|[15]|queryMoreSize|Integer|false|false
11:55:55.0 (26139512)|VARIABLE_ASSIGNMENT|[15]|queryMoreSize|50000
11:55:55.0 (26213956)|HEAP_ALLOCATE|[204]|Bytes:28
11:55:55.0 (26234603)|METHOD_ENTRY|[204]||Database.QueryLocatorIterator.hasNext()
11:55:55.0 (26253902)|METHOD_EXIT|[204]||Database.QueryLocatorIterator.hasNext()
11:55:55.0 (26285019)|VARIABLE_ASSIGNMENT|[204]|bl|null|
11:55:55.0 (26291870)|STATEMENT_EXECUTE|[204]
11:55:55.0 (26308772)|STATEMENT_EXECUTE|[211]
11:55:55.0 (26312585)|HEAP_ALLOCATE|[211]|Bytes:195
11:55:55.0 (26325875)|HEAP_ALLOCATE|[211]|Bytes:4
11:55:55.0 (26348468)|HEAP_ALLOCATE|[211]|Bytes:7
11:55:55.0 (26380143)|HEAP_ALLOCATE|[215]|Bytes:89
11:55:55.0 (26389432)|SYSTEM_METHOD_ENTRY|[1]|UserInfo.UserInfo()
11:55:55.0 (26393566)|STATEMENT_EXECUTE|[1]
11:55:55.0 (26398238)|SYSTEM_METHOD_EXIT|[1]|UserInfo
11:55:55.0 (26407613)|METHOD_ENTRY|[215]||System.UserInfo.getUserId()
11:55:55.0 (26441461)|METHOD_EXIT|[215]||System.UserInfo.getUserId()
11:55:55.0 (26917717)|SOQL_EXECUTE_BEGIN|[211]|Aggregations:0|SELECT Id, saBusinessLocation__c, Status__c, saInquiry__c, Comment__c FROM saInquiryReply__c WHERE (saInquiry__r.Type__c = 'DAILY_REPORT' AND DailyReportDate__c = :tmpVar1 AND User__c = :tmpVar2)
11:55:55.0 (31978010)|SOQL_EXECUTE_END|[211]|Rows:0
11:55:55.0 (32002797)|HEAP_ALLOCATE|[211]|Bytes:4
11:55:55.0 (32014648)|HEAP_ALLOCATE|[211]|Bytes:0
11:55:55.0 (32067179)|HEAP_ALLOCATE|[211]|Bytes:4
11:55:55.0 (32079522)|VARIABLE_SCOPE_BEGIN|[211]|lsInqRep|List<saInquiryReply__c>|true|false
11:55:55.0 (32095132)|VARIABLE_ASSIGNMENT|[211]|lsInqRep|[]|0x251eea3f
11:55:55.0 (32147039)|STATEMENT_EXECUTE|[217]
11:55:55.0 (32149691)|STATEMENT_EXECUTE|[219]
11:55:55.0 (32153901)|HEAP_ALLOCATE|[219]|Bytes:207
11:55:55.0 (32167392)|HEAP_ALLOCATE|[219]|Bytes:4
11:55:55.0 (32354033)|VARIABLE_ASSIGNMENT|[EXTERNAL]|this|{"BusinessLocationName":"","currentInquiryReply":"0x1831b6e4","currentInquiryReplyDetail":"0xfe35580","dailyReportId":"a0IN0000006RUlWMAW","dCurrentDay":"2018-06-30T00:00:00Z","dCurrentMonth":"2018-07-01T00:00:00Z","iCurrentDay":0,"idBusinessLocation":"","isIPhone":false,"isPreview":true,"lsBusinessLocation":"0x38e1c427","messageError":"","messageQuestion":"","mpQuestions":"0x7b0ec36","myUser":"0x61aa19d7"}|0x7c561849
11:55:55.0 (32379988)|HEAP_ALLOCATE|[219]|Bytes:7
11:55:55.0 (32388999)|METHOD_ENTRY|[224]||System.UserInfo.getUserId()
11:55:55.0 (32409324)|METHOD_EXIT|[224]||System.UserInfo.getUserId()
11:55:55.0 (32693012)|SOQL_EXECUTE_BEGIN|[219]|Aggregations:0|SELECT Id, saBusinessLocation__c, Status__c FROM saInquiryReply__c WHERE (saInquiry__r.Type__c = 'DAILY_REPORT' AND DailyReportDate__c = :tmpVar1 AND saBusinessLocation__c = :tmpVar2 AND User__c != :tmpVar3)
11:55:55.0 (35199820)|SOQL_EXECUTE_END|[219]|Rows:0
11:55:55.0 (35223460)|HEAP_ALLOCATE|[219]|Bytes:4
11:55:55.0 (35235217)|HEAP_ALLOCATE|[219]|Bytes:0
11:55:55.0 (35257806)|HEAP_ALLOCATE|[219]|Bytes:4
11:55:55.0 (35268328)|VARIABLE_SCOPE_BEGIN|[219]|lsInqOtherPeople|List<saInquiryReply__c>|true|false
11:55:55.0 (35283242)|VARIABLE_ASSIGNMENT|[219]|lsInqOtherPeople|[]|0xeee773d
11:55:55.0 (35314950)|STATEMENT_EXECUTE|[226]
11:55:55.0 (35317726)|STATEMENT_EXECUTE|[232]
11:55:55.0 (35320466)|VARIABLE_SCOPE_BEGIN|[232]|lsTemplate|List<saInquiryReply__c>|true|false
11:55:55.0 (35331319)|VARIABLE_ASSIGNMENT|[232]|lsTemplate|null|
11:55:55.0 (35504698)|VARIABLE_ASSIGNMENT|[EXTERNAL]|this|{"BusinessLocationName":"","currentInquiryReply":"0x1831b6e4","currentInquiryReplyDetail":"0xfe35580","dailyReportId":"a0IN0000006RUlWMAW","dCurrentDay":"2018-06-30T00:00:00Z","dCurrentMonth":"2018-07-01T00:00:00Z","iCurrentDay":0,"idBusinessLocation":"","isIPhone":false,"isPreview":true,"lsBusinessLocation":"0x38e1c427","messageError":"","messageQuestion":"","mpQuestions":"0x7b0ec36","myUser":"0x61aa19d7"}|0x7c561849
11:55:55.0 (35525964)|STATEMENT_EXECUTE|[244]
11:55:55.0 (35528047)|STATEMENT_EXECUTE|[245]
11:55:55.0 (35531734)|HEAP_ALLOCATE|[245]|Bytes:393
11:55:55.0 (35545454)|HEAP_ALLOCATE|[245]|Bytes:4
11:55:55.0 (35573982)|METHOD_ENTRY|[251]||System.UserInfo.getUserId()
11:55:55.0 (35595437)|METHOD_EXIT|[251]||System.UserInfo.getUserId()
11:55:55.0 (36004194)|SOQL_EXECUTE_BEGIN|[245]|Aggregations:0|SELECT Id, saBusinessLocation__c, Status__c, saInquiry__c, Comment__c FROM saInquiryReply__c WHERE (saInquiry__r.Type__c = 'DAILY_REPORT' AND (saInquiry__r.ValidFrom__c = NULL OR saInquiry__r.ValidFrom__c <= :tmpVar1) AND (saInquiry__r.ValidTo__c = NULL OR saInquiry__r.ValidTo__c >= :tmpVar2) AND DailyReportDate__c = NULL AND User__c = :tmpVar3) ORDER BY CreatedDate DESC NULLS FIRST LIMIT 1
11:55:55.0 (40146331)|SOQL_EXECUTE_END|[245]|Rows:1
11:55:55.0 (40167581)|HEAP_ALLOCATE|[245]|Bytes:8
11:55:55.0 (40180550)|HEAP_ALLOCATE|[245]|Bytes:89
11:55:55.0 (40203851)|HEAP_ALLOCATE|[245]|Bytes:8
11:55:55.0 (40233105)|VARIABLE_ASSIGNMENT|[245]|lsTemplate|[{"Id":"a0KN0000007Kg4nMAC","Status__c":"WAITING_REPLY","saInquiry__c":"a0IN0000006RUllMAG"}]|0x78438020
11:55:55.0 (40240211)|STATEMENT_EXECUTE|[256]
11:55:55.0 (40244385)|HEAP_ALLOCATE|[256]|Bytes:11
11:55:55.0 (40333352)|HEAP_ALLOCATE|[256]|Bytes:101
11:55:55.0 (40357316)|HEAP_ALLOCATE|[256]|Bytes:112
11:55:55.0 (40376596)|USER_DEBUG|[256]|DEBUG|Template : (saInquiryReply__c:{Id=a0KN0000007Kg4nMAC, Status__c=WAITING_REPLY, saInquiry__c=a0IN0000006RUllMAG})
11:55:55.0 (40404334)|STATEMENT_EXECUTE|[257]
11:55:55.0 (40406730)|STATEMENT_EXECUTE|[263]
11:55:55.0 (40420233)|HEAP_ALLOCATE|[263]|Bytes:16
11:55:55.0 (40449214)|VARIABLE_SCOPE_BEGIN|[263]|idInquiry|Id|false|false
11:55:55.0 (40523468)|VARIABLE_ASSIGNMENT|[263]|idInquiry|"a0IN0000006RUllMAG"
11:55:55.0 (40530103)|STATEMENT_EXECUTE|[264]
11:55:55.0 (40550136)|HEAP_ALLOCATE|[264]|Bytes:4
11:55:55.0 (40806315)|VARIABLE_ASSIGNMENT|[EXTERNAL]|this|{"BusinessLocationName":"","currentInquiryReply":"0x1831b6e4","currentInquiryReplyDetail":"0xfe35580","dailyReportId":"a0IN0000006RUlWMAW","dCurrentDay":"2018-06-30T00:00:00Z","dCurrentMonth":"2018-07-01T00:00:00Z","iCurrentDay":0,"idBusinessLocation":"","isIPhone":false,"isPreview":true,"lsBusinessLocation":"0x38e1c427","messageError":"","messageQuestion":"","mpQuestions":"0x7b0ec36","myUser":"0x61aa19d7"}|0x7c561849
11:55:55.0 (40825736)|VARIABLE_ASSIGNMENT|[EXTERNAL]|value|{}|0x345f0dc4
11:55:55.0 (40837797)|VARIABLE_ASSIGNMENT|[21]|this.currentInquiryReply|{}|0x7c561849
11:55:55.0 (40862449)|STATEMENT_EXECUTE|[265]
11:55:55.0 (41010873)|VARIABLE_ASSIGNMENT|[EXTERNAL]|this|{"BusinessLocationName":"","currentInquiryReply":"0x345f0dc4","currentInquiryReplyDetail":"0xfe35580","dailyReportId":"a0IN0000006RUlWMAW","dCurrentDay":"2018-06-30T00:00:00Z","dCurrentMonth":"2018-07-01T00:00:00Z","iCurrentDay":0,"idBusinessLocation":"","isIPhone":false,"isPreview":true,"lsBusinessLocation":"0x38e1c427","messageError":"","messageQuestion":"","mpQuestions":"0x7b0ec36","myUser":"0x61aa19d7"}|0x7c561849
11:55:55.0 (41094945)|VARIABLE_ASSIGNMENT|[265]|this.saInquiry__c|"a0IN0000006RUllMAG"|0x345f0dc4
11:55:55.0 (41246851)|VARIABLE_ASSIGNMENT|[EXTERNAL]|this|{"BusinessLocationName":"","currentInquiryReply":"0x345f0dc4","currentInquiryReplyDetail":"0xfe35580","dailyReportId":"a0IN0000006RUlWMAW","dCurrentDay":"2018-06-30T00:00:00Z","dCurrentMonth":"2018-07-01T00:00:00Z","iCurrentDay":0,"idBusinessLocation":"","isIPhone":false,"isPreview":true,"lsBusinessLocation":"0x38e1c427","messageError":"","messageQuestion":"","mpQuestions":"0x7b0ec36","myUser":"0x61aa19d7"}|0x7c561849
11:55:55.0 (41265837)|STATEMENT_EXECUTE|[269]
11:55:55.0 (41268014)|STATEMENT_EXECUTE|[272]
11:55:55.0 (41273700)|METHOD_ENTRY|[272]||System.UserInfo.getUserId()
11:55:55.0 (41296543)|METHOD_EXIT|[272]||System.UserInfo.getUserId()
11:55:55.0 (41310197)|HEAP_ALLOCATE|[272]|Bytes:4
11:55:55.0 (41445269)|VARIABLE_ASSIGNMENT|[EXTERNAL]|this|{"BusinessLocationName":"","currentInquiryReply":"0x345f0dc4","currentInquiryReplyDetail":"0xfe35580","dailyReportId":"a0IN0000006RUlWMAW","dCurrentDay":"2018-06-30T00:00:00Z","dCurrentMonth":"2018-07-01T00:00:00Z","iCurrentDay":0,"idBusinessLocation":"","isIPhone":false,"isPreview":true,"lsBusinessLocation":"0x38e1c427","messageError":"","messageQuestion":"","mpQuestions":"0x7b0ec36","myUser":"0x61aa19d7"}|0x7c561849
11:55:55.0 (41501836)|VARIABLE_ASSIGNMENT|[272]|this.User__c|"005N00000057PfOIAU"|0x345f0dc4
11:55:55.0 (41509616)|STATEMENT_EXECUTE|[273]
11:55:55.0 (41652370)|VARIABLE_ASSIGNMENT|[EXTERNAL]|this|{"BusinessLocationName":"","currentInquiryReply":"0x345f0dc4","currentInquiryReplyDetail":"0xfe35580","dailyReportId":"a0IN0000006RUlWMAW","dCurrentDay":"2018-06-30T00:00:00Z","dCurrentMonth":"2018-07-01T00:00:00Z","iCurrentDay":0,"idBusinessLocation":"","isIPhone":false,"isPreview":true,"lsBusinessLocation":"0x38e1c427","messageError":"","messageQuestion":"","mpQuestions":"0x7b0ec36","myUser":"0x61aa19d7"}|0x7c561849
11:55:55.0 (41707889)|VARIABLE_ASSIGNMENT|[273]|this.DailyReportDate__c|"2018-06-30T00:00:00.000Z"|0x345f0dc4
11:55:55.0 (41715107)|STATEMENT_EXECUTE|[274]
11:55:55.0 (41719323)|HEAP_ALLOCATE|[274]|Bytes:13
11:55:55.0 (41870315)|VARIABLE_ASSIGNMENT|[EXTERNAL]|this|{"BusinessLocationName":"","currentInquiryReply":"0x345f0dc4","currentInquiryReplyDetail":"0xfe35580","dailyReportId":"a0IN0000006RUlWMAW","dCurrentDay":"2018-06-30T00:00:00Z","dCurrentMonth":"2018-07-01T00:00:00Z","iCurrentDay":0,"idBusinessLocation":"","isIPhone":false,"isPreview":true,"lsBusinessLocation":"0x38e1c427","messageError":"","messageQuestion":"","mpQuestions":"0x7b0ec36","myUser":"0x61aa19d7"}|0x7c561849
11:55:55.0 (41918479)|VARIABLE_ASSIGNMENT|[274]|this.Status__c|"WAITING_REPLY"|0x345f0dc4
11:55:55.0 (41925498)|STATEMENT_EXECUTE|[275]
11:55:55.0 (42064992)|VARIABLE_ASSIGNMENT|[EXTERNAL]|this|{"BusinessLocationName":"","currentInquiryReply":"0x345f0dc4","currentInquiryReplyDetail":"0xfe35580","dailyReportId":"a0IN0000006RUlWMAW","dCurrentDay":"2018-06-30T00:00:00Z","dCurrentMonth":"2018-07-01T00:00:00Z","iCurrentDay":0,"idBusinessLocation":"","isIPhone":false,"isPreview":true,"lsBusinessLocation":"0x38e1c427","messageError":"","messageQuestion":"","mpQuestions":"0x7b0ec36","myUser":"0x61aa19d7"}|0x7c561849
11:55:55.0 (42109472)|VARIABLE_ASSIGNMENT|[275]|this.Comment__c|""|0x345f0dc4
11:55:55.0 (42116114)|STATEMENT_EXECUTE|[277]
11:55:55.0 (42120255)|HEAP_ALLOCATE|[277]|Bytes:625
11:55:55.0 (42134801)|HEAP_ALLOCATE|[277]|Bytes:4
11:55:55.0 (42605499)|SOQL_EXECUTE_BEGIN|[277]|Aggregations:0|SELECT Id, QuestionLabel__c, AnswerType__c, NumberPossibleReplies__c, IsShortReply__c, SortNo__c, IsRequired__c, Reply01Label__c, Reply02Label__c, Reply03Label__c, Reply04Label__c, Reply05Label__c, Reply06Label__c, Reply07Label__c, Reply08Label__c, Reply09Label__c, Reply10Label__c, Reply11Label__c, Reply12Label__c, Reply13Label__c, Reply14Label__c, Reply15Label__c, Reply16Label__c, Reply17Label__c, Reply18Label__c, Reply19Label__c, Reply20Label__c, Reply21Label__c, Reply22Label__c, Reply23Label__c, Reply24Label__c, Reply25Label__c FROM saInquiryDetail__c WHERE saInquiry__c = :tmpVar1 ORDER BY SortNo__c ASC NULLS FIRST
11:55:55.0 (52056045)|SOQL_EXECUTE_END|[277]|Rows:1
11:55:55.0 (52080408)|HEAP_ALLOCATE|[277]|Bytes:8
11:55:55.0 (52103368)|HEAP_ALLOCATE|[277]|Bytes:282
11:55:55.0 (52147439)|HEAP_ALLOCATE|[277]|Bytes:8
11:55:55.0 (52162038)|VARIABLE_SCOPE_BEGIN|[277]|lsTmpQuest|List<saInquiryDetail__c>|true|false
11:55:55.0 (52197596)|VARIABLE_ASSIGNMENT|[277]|lsTmpQuest|[{"Id":"a0JN0000008h2r2MAA","QuestionLabel__c":"Works?","AnswerType__c":"CHECKBOX","NumberPossibleReplies__c":2,"IsShortReply__c":true,"SortNo__c":0,"IsRequired__c":false,"Reply01Label__c":"Yes!","Reply02Label__c":"No!"}]|0x7925453e
11:55:55.0 (52360517)|HEAP_ALLOCATE|[287]|Bytes:5
11:55:55.0 (52382928)|HEAP_ALLOCATE|[287]|Bytes:40
11:55:55.0 (52393415)|VARIABLE_SCOPE_BEGIN|[287]|quest|saInquiryDetail__c|true|false
11:55:55.0 (52420495)|VARIABLE_ASSIGNMENT|[287]|quest|{"Id":"a0JN0000008h2r2MAA","QuestionLabel__c":"Works?","AnswerType__c":"CHECKBOX","NumberPossibleReplies__c":2,"IsShortReply__c":true,"SortNo__c":0,"IsRequired__c":false,"Reply01Label__c":"Yes!","Reply02Label__c":"No!"}|0x3c023b4e
11:55:55.0 (52429333)|STATEMENT_EXECUTE|[287]
11:55:55.0 (52431536)|STATEMENT_EXECUTE|[288]
11:55:55.0 (52454753)|HEAP_ALLOCATE|[288]|Bytes:4
11:55:55.0 (52520839)|VARIABLE_SCOPE_BEGIN|[288]|questReply|saInquiryReplyDetail__c|true|false
11:55:55.0 (52535518)|VARIABLE_ASSIGNMENT|[288]|questReply|{}|0x6f5d8545
11:55:55.0 (52541268)|STATEMENT_EXECUTE|[289]
11:55:55.0 (52631107)|VARIABLE_ASSIGNMENT|[289]|this.saInquiryDetail__c|"a0JN0000008h2r2MAA"|0x6f5d8545
11:55:55.0 (52638482)|STATEMENT_EXECUTE|[290]
11:55:55.0 (52826012)|VARIABLE_ASSIGNMENT|[EXTERNAL]|this|{"BusinessLocationName":"","currentInquiryReply":"0x345f0dc4","currentInquiryReplyDetail":"0xfe35580","dailyReportId":"a0IN0000006RUlWMAW","dCurrentDay":"2018-06-30T00:00:00Z","dCurrentMonth":"2018-07-01T00:00:00Z","iCurrentDay":0,"idBusinessLocation":"","isIPhone":false,"isPreview":true,"lsBusinessLocation":"0x38e1c427","messageError":"","messageQuestion":"","mpQuestions":"0x7b0ec36","myUser":"0x61aa19d7"}|0x7c561849
11:55:55.0 (52862438)|HEAP_ALLOCATE|[EXTERNAL]|Bytes:4
11:55:55.0 (52870899)|STATEMENT_EXECUTE|[291]
11:55:55.0 (53020361)|VARIABLE_ASSIGNMENT|[EXTERNAL]|this|{"BusinessLocationName":"","currentInquiryReply":"0x345f0dc4","currentInquiryReplyDetail":"0xfe35580","dailyReportId":"a0IN0000006RUlWMAW","dCurrentDay":"2018-06-30T00:00:00Z","dCurrentMonth":"2018-07-01T00:00:00Z","iCurrentDay":0,"idBusinessLocation":"","isIPhone":false,"isPreview":true,"lsBusinessLocation":"0x38e1c427","messageError":"","messageQuestion":"","mpQuestions":"0x7b0ec36","myUser":"0x61aa19d7"}|0x7c561849
11:55:55.0 (53057652)|HEAP_ALLOCATE|[EXTERNAL]|Bytes:-4
11:55:55.0 (53074658)|HEAP_ALLOCATE|[287]|Bytes:5
11:55:55.0 (53088839)|VARIABLE_ASSIGNMENT|[287]|quest|null|
11:55:55.0 (53099639)|SYSTEM_MODE_EXIT|false
11:55:55.0 (69564049)|SYSTEM_MODE_ENTER|true
11:55:55.0 (69593913)|HEAP_ALLOCATE|[EXTERNAL]|Bytes:44
11:55:55.0 (69606390)|VARIABLE_ASSIGNMENT|[EXTERNAL]|this.iCountComments|null|0x5b388dd8
11:55:55.0 (69649567)|SYSTEM_MODE_ENTER|true
11:55:55.0 (69662253)|HEAP_ALLOCATE|[EXTERNAL]|Bytes:44
11:55:55.0 (69669954)|VARIABLE_ASSIGNMENT|[EXTERNAL]|this.iCountLikes|null|0x5b388dd8
11:55:55.0 (69734787)|SYSTEM_MODE_ENTER|true
11:55:55.0 (69781726)|HEAP_ALLOCATE|[EXTERNAL]|Bytes:76
11:55:55.0 (69791467)|VARIABLE_SCOPE_BEGIN|[84]|this|saDailyReportCtrl|true|false
11:55:55.0 (69991199)|VARIABLE_ASSIGNMENT|[84]|this|{"BusinessLocationName":"","currentInquiryReply":"0x345f0dc4","currentInquiryReplyDetail":"0xfe35580","dailyReportId":"a0IN0000006RUlWMAW","dCurrentDay":"2018-06-30T00:00:00Z","dCurrentMonth":"2018-07-01T00:00:00Z","iCurrentDay":0,"idBusinessLocation":"","isIPhone":false,"isPreview":true,"lsBusinessLocation":"0x38e1c427","messageError":"","messageQuestion":"","mpQuestions":"0x7b0ec36","myUser":"0x61aa19d7"}|0x7c561849
11:55:55.0 (70013507)|SYSTEM_MODE_ENTER|false
11:55:55.0 (70021021)|HEAP_ALLOCATE|[84]|Bytes:5
11:55:55.0 (70026924)|STATEMENT_EXECUTE|[84]
11:55:55.0 (70029424)|STATEMENT_EXECUTE|[84]
11:55:55.0 (70035163)|SYSTEM_MODE_EXIT|false
11:55:55.0 (70084919)|SYSTEM_MODE_ENTER|true
11:55:55.0 (70102858)|HEAP_ALLOCATE|[EXTERNAL]|Bytes:8
11:55:55.0 (70107525)|HEAP_ALLOCATE|[EXTERNAL]|Bytes:44
11:55:55.0 (70117001)|VARIABLE_ASSIGNMENT|[EXTERNAL]|this.iTypeOfScreen|54|0x5b388dd8
11:55:55.0 (70184719)|SYSTEM_MODE_ENTER|true
11:55:55.0 (70218854)|HEAP_ALLOCATE|[EXTERNAL]|Bytes:44
11:55:55.0 (70225618)|VARIABLE_SCOPE_BEGIN|[88]|this|auMainTopCompCtrl|true|false
11:55:55.0 (70264131)|VARIABLE_ASSIGNMENT|[88]|this|{"currentUser":"0x15055473","isSAUser":false,"iTypeOfScreen":54,"urlReportsSFA":"https://cs6.lightnin (84 more) ..."}|0x5b388dd8
11:55:55.0 (70273693)|STATEMENT_EXECUTE|[88]
11:55:55.0 (70275601)|STATEMENT_EXECUTE|[89]
11:55:55.0 (70306579)|VARIABLE_ASSIGNMENT|[EXTERNAL]|this|{"currentUser":"0x15055473","isSAUser":false,"iTypeOfScreen":54,"urlReportsSFA":"https://cs6.lightnin (84 more) ..."}|0x5b388dd8
11:55:55.0 (70343491)|VARIABLE_ASSIGNMENT|[EXTERNAL]|this|{"currentUser":"0x15055473","isSAUser":false,"iTypeOfScreen":54,"urlReportsSFA":"https://cs6.lightnin (84 more) ..."}|0x5b388dd8
11:55:55.0 (70375420)|VARIABLE_ASSIGNMENT|[EXTERNAL]|this|{"currentUser":"0x15055473","isSAUser":false,"iTypeOfScreen":54,"urlReportsSFA":"https://cs6.lightnin (84 more) ..."}|0x5b388dd8
11:55:55.0 (70406239)|VARIABLE_ASSIGNMENT|[EXTERNAL]|this|{"currentUser":"0x15055473","isSAUser":false,"iTypeOfScreen":54,"urlReportsSFA":"https://cs6.lightnin (84 more) ..."}|0x5b388dd8
11:55:55.0 (70419812)|HEAP_ALLOCATE|[89]|Bytes:5
11:55:55.0 (70483374)|SYSTEM_MODE_ENTER|true
11:55:55.0 (70514843)|HEAP_ALLOCATE|[EXTERNAL]|Bytes:44
11:55:55.0 (70521514)|VARIABLE_SCOPE_BEGIN|[106]|this|auMainTopCompCtrl|true|false
11:55:55.0 (70551749)|VARIABLE_ASSIGNMENT|[106]|this|{"currentUser":"0x15055473","isSAUser":false,"iTypeOfScreen":54,"urlReportsSFA":"https://cs6.lightnin (84 more) ..."}|0x5b388dd8
11:55:55.0 (70560646)|STATEMENT_EXECUTE|[106]
11:55:55.0 (70562561)|STATEMENT_EXECUTE|[107]
11:55:55.0 (70587176)|VARIABLE_ASSIGNMENT|[EXTERNAL]|this|{"currentUser":"0x15055473","isSAUser":false,"iTypeOfScreen":54,"urlReportsSFA":"https://cs6.lightnin (84 more) ..."}|0x5b388dd8
11:55:55.0 (70600256)|HEAP_ALLOCATE|[107]|Bytes:5
11:55:55.0 (70649117)|SYSTEM_MODE_ENTER|true
11:55:55.0 (70677199)|HEAP_ALLOCATE|[EXTERNAL]|Bytes:44
11:55:55.0 (70683510)|VARIABLE_SCOPE_BEGIN|[110]|this|auMainTopCompCtrl|true|false
11:55:55.0 (70712934)|VARIABLE_ASSIGNMENT|[110]|this|{"currentUser":"0x15055473","isSAUser":false,"iTypeOfScreen":54,"urlReportsSFA":"https://cs6.lightnin (84 more) ..."}|0x5b388dd8
11:55:55.0 (70721462)|STATEMENT_EXECUTE|[110]
11:55:55.0 (70723291)|STATEMENT_EXECUTE|[111]
11:55:55.0 (70747635)|VARIABLE_ASSIGNMENT|[EXTERNAL]|this|{"currentUser":"0x15055473","isSAUser":false,"iTypeOfScreen":54,"urlReportsSFA":"https://cs6.lightnin (84 more) ..."}|0x5b388dd8
11:55:55.0 (70760277)|HEAP_ALLOCATE|[111]|Bytes:5
11:55:55.0 (70805266)|SYSTEM_MODE_ENTER|true
11:55:55.0 (70831547)|HEAP_ALLOCATE|[EXTERNAL]|Bytes:44
11:55:55.0 (70837579)|VARIABLE_SCOPE_BEGIN|[114]|this|auMainTopCompCtrl|true|false
11:55:55.0 (70871173)|VARIABLE_ASSIGNMENT|[114]|this|{"currentUser":"0x15055473","isSAUser":false,"iTypeOfScreen":54,"urlReportsSFA":"https://cs6.lightnin (84 more) ..."}|0x5b388dd8
11:55:55.0 (70879481)|STATEMENT_EXECUTE|[114]
11:55:55.0 (70881203)|STATEMENT_EXECUTE|[115]
11:55:55.0 (70907217)|VARIABLE_ASSIGNMENT|[EXTERNAL]|this|{"currentUser":"0x15055473","isSAUser":false,"iTypeOfScreen":54,"urlReportsSFA":"https://cs6.lightnin (84 more) ..."}|0x5b388dd8
11:55:55.0 (70919749)|HEAP_ALLOCATE|[115]|Bytes:5
11:55:55.0 (70998006)|SYSTEM_MODE_ENTER|true
11:55:55.0 (71083618)|SYSTEM_MODE_ENTER|true
11:55:55.0 (71179071)|SYSTEM_MODE_ENTER|true
11:55:55.0 (71343041)|SYSTEM_MODE_ENTER|true
11:55:55.0 (73482876)|SYSTEM_MODE_ENTER|true
11:55:55.0 (73559083)|SYSTEM_MODE_ENTER|true
11:55:55.0 (74211500)|SYSTEM_MODE_ENTER|true
11:55:55.0 (74250561)|HEAP_ALLOCATE|[EXTERNAL]|Bytes:76
11:55:55.0 (74259362)|VARIABLE_SCOPE_BEGIN|[133]|this|saDailyReportCtrl|true|false
11:55:55.0 (74427840)|VARIABLE_ASSIGNMENT|[133]|this|{"BusinessLocationName":"","currentInquiryReply":"0x345f0dc4","currentInquiryReplyDetail":"0xfe35580","dailyReportId":"a0IN0000006RUlWMAW","dCurrentDay":"2018-06-30T00:00:00Z","dCurrentMonth":"2018-07-01T00:00:00Z","iCurrentDay":0,"idBusinessLocation":"","isIPhone":false,"isPreview":true,"lsBusinessLocation":"0x38e1c427","messageError":"","messageQuestion":"","mpQuestions":"0x7b0ec36","myUser":"0x61aa19d7"}|0x7c561849
11:55:55.0 (74448080)|SYSTEM_MODE_ENTER|false
11:55:55.0 (74455221)|HEAP_ALLOCATE|[134]|Bytes:5
11:55:55.0 (74460805)|STATEMENT_EXECUTE|[133]
11:55:55.0 (74462708)|STATEMENT_EXECUTE|[134]
11:55:55.0 (74525614)|HEAP_ALLOCATE|[134]|Bytes:4
11:55:55.0 (74537504)|HEAP_ALLOCATE|[134]|Bytes:1
11:55:55.0 (74558295)|HEAP_ALLOCATE|[134]|Bytes:1
11:55:55.0 (74566318)|HEAP_ALLOCATE|[134]|Bytes:1
11:55:55.0 (74590987)|HEAP_ALLOCATE|[134]|Bytes:2
11:55:55.0 (74606231)|HEAP_ALLOCATE|[134]|Bytes:9
11:55:55.0 (74612755)|HEAP_ALLOCATE|[134]|Bytes:10
11:55:55.0 (74618665)|SYSTEM_MODE_EXIT|false
11:55:55.0 (74793016)|SYSTEM_MODE_ENTER|true
11:55:55.0 (75215770)|SYSTEM_MODE_ENTER|true
11:55:55.0 (88774005)|VF_SERIALIZE_VIEWSTATE_BEGIN|066N0000000M4pW
11:55:55.0 (92265959)|VF_SERIALIZE_VIEWSTATE_END
11:55:55.95 (95532605)|CUMULATIVE_LIMIT_USAGE
11:55:55.95 (95532605)|LIMIT_USAGE_FOR_NS|(default)|
  Number of SOQL queries: 5 out of 100
  Number of query rows: 2 out of 50000
  Number of SOSL queries: 0 out of 20
  Number of DML statements: 0 out of 150
  Number of DML rows: 0 out of 10000
  Maximum CPU time: 0 out of 10000
  Maximum heap size: 0 out of 6000000
  Number of callouts: 0 out of 100
  Number of Email Invocations: 0 out of 10
  Number of future calls: 0 out of 50
  Number of queueable jobs added to the queue: 0 out of 50
  Number of Mobile Apex push calls: 0 out of 10

11:55:55.95 (95532605)|CUMULATIVE_LIMIT_USAGE_END

11:55:55.0 (95568555)|CODE_UNIT_FINISHED|VF: /apex/sadailyreport
11:55:55.0 (96312851)|EXECUTION_FINISHED
