38.0 APEX_CODE,FINEST;APEX_PROFILING,INFO;CALLOUT,INFO;DB,INFO;SYSTEM,DEBUG;VALIDATION,INFO;VISUALFORCE,INFO;WAVE,INFO;WORKFLOW,INFO
16:53:49.0 (237028)|USER_INFO|[EXTERNAL]|005N00000057PfO|thomas.remy+kddi_gwdev01@globalway.co.jp|Japan Standard Time|GMT+09:00
16:53:49.0 (271810)|EXECUTION_STARTED
16:53:49.0 (276343)|CODE_UNIT_STARTED|[EXTERNAL]|066N0000000M59u|VF: /apex/saReport
16:53:49.0 (746766)|VF_DESERIALIZE_VIEWSTATE_BEGIN|066N0000000M59u
16:53:49.0 (4457546)|HEAP_ALLOCATE|[72]|Bytes:3
16:53:49.0 (4490232)|HEAP_ALLOCATE|[77]|Bytes:152
16:53:49.0 (4505624)|HEAP_ALLOCATE|[342]|Bytes:408
16:53:49.0 (4517558)|HEAP_ALLOCATE|[355]|Bytes:408
16:53:49.0 (4528953)|HEAP_ALLOCATE|[467]|Bytes:48
16:53:49.0 (4552352)|HEAP_ALLOCATE|[139]|Bytes:6
16:53:49.0 (4856644)|HEAP_ALLOCATE|[50]|Bytes:5
16:53:49.0 (4876579)|HEAP_ALLOCATE|[56]|Bytes:5
16:53:49.0 (4885214)|HEAP_ALLOCATE|[64]|Bytes:7
16:53:49.0 (6273828)|VARIABLE_SCOPE_BEGIN|[5]|saReportCtrl.ORIGIN_OF_EXECUTION_1|String|false|true
16:53:49.0 (6285505)|VARIABLE_SCOPE_BEGIN|[6]|saReportCtrl.ORIGIN_OF_EXECUTION_2|String|false|true
16:53:49.0 (6292052)|VARIABLE_SCOPE_BEGIN|[29]|saReportCtrl.SA_REPORT_STATE_NONE_LABEL|String|false|true
16:53:49.0 (6298463)|VARIABLE_SCOPE_BEGIN|[28]|saReportCtrl.SA_REPORT_STATE_NONE_VALUE|String|false|true
16:53:49.0 (6304507)|VARIABLE_SCOPE_BEGIN|[10]|saReportCtrl.SEARCH_COUNT_AVERAGE_LABEL|String|false|true
16:53:49.0 (6311240)|VARIABLE_SCOPE_BEGIN|[13]|saReportCtrl.SEARCH_COUNT_AVERAGE_VALUE|String|false|true
16:53:49.0 (6318162)|VARIABLE_SCOPE_BEGIN|[9]|saReportCtrl.SEARCH_COUNT_FEW_LABEL|String|false|true
16:53:49.0 (6323926)|VARIABLE_SCOPE_BEGIN|[12]|saReportCtrl.SEARCH_COUNT_FEW_VALUE|String|false|true
16:53:49.0 (6329884)|VARIABLE_SCOPE_BEGIN|[11]|saReportCtrl.SEARCH_COUNT_LOT_LABEL|String|false|true
16:53:49.0 (6335500)|VARIABLE_SCOPE_BEGIN|[14]|saReportCtrl.SEARCH_COUNT_LOT_VALUE|String|false|true
16:53:49.0 (6341155)|VARIABLE_SCOPE_BEGIN|[19]|saReportCtrl.SORTED_BY_FAVORITES_LABEL|String|false|true
16:53:49.0 (6347191)|VARIABLE_SCOPE_BEGIN|[25]|saReportCtrl.SORTED_BY_FAVORITES_VALUE|String|false|true
16:53:49.0 (6353096)|VARIABLE_SCOPE_BEGIN|[17]|saReportCtrl.SORTED_BY_NEWS_LABEL|String|false|true
16:53:49.0 (6358829)|VARIABLE_SCOPE_BEGIN|[23]|saReportCtrl.SORTED_BY_NEWS_VALUE|String|false|true
16:53:49.0 (6364539)|VARIABLE_SCOPE_BEGIN|[16]|saReportCtrl.SORTED_BY_NONE_LABEL|String|false|true
16:53:49.0 (6370570)|VARIABLE_SCOPE_BEGIN|[22]|saReportCtrl.SORTED_BY_NONE_VALUE|String|false|true
16:53:49.0 (6376792)|VARIABLE_SCOPE_BEGIN|[18]|saReportCtrl.SORTED_BY_NUMBER_OF_VIEWS_LABEL|String|false|true
16:53:49.0 (6382834)|VARIABLE_SCOPE_BEGIN|[24]|saReportCtrl.SORTED_BY_NUMBER_OF_VIEWS_VALUE|String|false|true
16:53:49.0 (6388950)|VARIABLE_SCOPE_BEGIN|[20]|saReportCtrl.SORTED_BY_RELEASE_DATES_LABEL|String|false|true
16:53:49.0 (6399257)|VARIABLE_SCOPE_BEGIN|[26]|saReportCtrl.SORTED_BY_RELEASE_DATES_VALUE|String|false|true
16:53:49.0 (8474724)|VARIABLE_SCOPE_BEGIN|[7]|auMainTopCompCtrl.TYPE_SCREEN_CX_SCREEN|Integer|false|true
16:53:49.0 (8487493)|VARIABLE_SCOPE_BEGIN|[8]|auMainTopCompCtrl.TYPE_SCREEN_CX_TIMELINE|Integer|false|true
16:53:49.0 (8493852)|VARIABLE_SCOPE_BEGIN|[9]|auMainTopCompCtrl.TYPE_SCREEN_EVENT_SCHEDULE|Integer|false|true
16:53:49.0 (8500425)|VARIABLE_SCOPE_BEGIN|[10]|auMainTopCompCtrl.TYPE_SCREEN_EVENT_SCHEDULE_LIST|Integer|false|true
16:53:49.0 (8506761)|VARIABLE_SCOPE_BEGIN|[11]|auMainTopCompCtrl.TYPE_SCREEN_KNOWLEDGE_DASHBOARD|Integer|false|true
16:53:49.0 (8513177)|VARIABLE_SCOPE_BEGIN|[12]|auMainTopCompCtrl.TYPE_SCREEN_KNOWLEDGE_LIST|Integer|false|true
16:53:49.0 (8519140)|VARIABLE_SCOPE_BEGIN|[15]|auMainTopCompCtrl.TYPE_SCREEN_SA_CHATTER|Integer|false|true
16:53:49.0 (8525149)|VARIABLE_SCOPE_BEGIN|[16]|auMainTopCompCtrl.TYPE_SCREEN_SA_DAILYREPORT|Integer|false|true
16:53:49.0 (8531029)|VARIABLE_SCOPE_BEGIN|[18]|auMainTopCompCtrl.TYPE_SCREEN_SA_DOCUMENTS|Integer|false|true
16:53:49.0 (8536302)|VARIABLE_SCOPE_BEGIN|[17]|auMainTopCompCtrl.TYPE_SCREEN_SA_ENQUETE|Integer|false|true
16:53:49.0 (8541634)|VARIABLE_SCOPE_BEGIN|[20]|auMainTopCompCtrl.TYPE_SCREEN_SA_LINKS|Integer|false|true
16:53:49.0 (8546965)|VARIABLE_SCOPE_BEGIN|[13]|auMainTopCompCtrl.TYPE_SCREEN_SA_MESSAGES|Integer|false|true
16:53:49.0 (8552285)|VARIABLE_SCOPE_BEGIN|[19]|auMainTopCompCtrl.TYPE_SCREEN_SA_RANKING|Integer|false|true
16:53:49.0 (8557790)|VARIABLE_SCOPE_BEGIN|[14]|auMainTopCompCtrl.TYPE_SCREEN_SA_REPORTS|Integer|false|true
16:53:49.0 (8563308)|VARIABLE_SCOPE_BEGIN|[4]|auMainTopCompCtrl.TYPE_SCREEN_STPD_EVENT|Integer|false|true
16:53:49.0 (8568664)|VARIABLE_SCOPE_BEGIN|[6]|auMainTopCompCtrl.TYPE_SCREEN_STPD_SCREEN|Integer|false|true
16:53:49.0 (8574073)|VARIABLE_SCOPE_BEGIN|[5]|auMainTopCompCtrl.TYPE_SCREEN_STPD_TIMELINE|Integer|false|true
16:53:49.0 (8579712)|VARIABLE_SCOPE_BEGIN|[3]|auMainTopCompCtrl.TYPE_SCREEN_SWITCH|Integer|false|true
16:53:49.0 (11455051)|VF_DESERIALIZE_VIEWSTATE_END
16:53:49.0 (15434939)|SYSTEM_MODE_ENTER|true
16:53:49.0 (15471735)|HEAP_ALLOCATE|[EXTERNAL]|Bytes:284
16:53:49.0 (15483182)|HEAP_ALLOCATE|[EXTERNAL]|Bytes:114
16:53:49.0 (15493726)|METHOD_ENTRY|[1]|01pN0000000Mill|auMainTopCompCtrl.auMainTopCompCtrl()
16:53:49.0 (15500484)|STATEMENT_EXECUTE|[1]
16:53:49.0 (15505385)|STATEMENT_EXECUTE|[1]
16:53:49.0 (15506656)|STATEMENT_EXECUTE|[3]
16:53:49.0 (15512051)|HEAP_ALLOCATE|[3]|Bytes:4
16:53:49.0 (15533402)|VARIABLE_ASSIGNMENT|[3]|auMainTopCompCtrl.TYPE_SCREEN_SWITCH|0
16:53:49.0 (15538434)|STATEMENT_EXECUTE|[4]
16:53:49.0 (15540798)|HEAP_ALLOCATE|[4]|Bytes:4
16:53:49.0 (15548065)|VARIABLE_ASSIGNMENT|[4]|auMainTopCompCtrl.TYPE_SCREEN_STPD_EVENT|11
16:53:49.0 (15552904)|STATEMENT_EXECUTE|[5]
16:53:49.0 (15554631)|HEAP_ALLOCATE|[5]|Bytes:4
16:53:49.0 (15560608)|VARIABLE_ASSIGNMENT|[5]|auMainTopCompCtrl.TYPE_SCREEN_STPD_TIMELINE|12
16:53:49.0 (15564061)|STATEMENT_EXECUTE|[6]
16:53:49.0 (15565810)|HEAP_ALLOCATE|[6]|Bytes:4
16:53:49.0 (15571228)|VARIABLE_ASSIGNMENT|[6]|auMainTopCompCtrl.TYPE_SCREEN_STPD_SCREEN|13
16:53:49.0 (15575361)|STATEMENT_EXECUTE|[7]
16:53:49.0 (15577235)|HEAP_ALLOCATE|[7]|Bytes:4
16:53:49.0 (15582358)|VARIABLE_ASSIGNMENT|[7]|auMainTopCompCtrl.TYPE_SCREEN_CX_SCREEN|21
16:53:49.0 (15585827)|STATEMENT_EXECUTE|[8]
16:53:49.0 (15587400)|HEAP_ALLOCATE|[8]|Bytes:4
16:53:49.0 (15592437)|VARIABLE_ASSIGNMENT|[8]|auMainTopCompCtrl.TYPE_SCREEN_CX_TIMELINE|22
16:53:49.0 (15595840)|STATEMENT_EXECUTE|[9]
16:53:49.0 (15597521)|HEAP_ALLOCATE|[9]|Bytes:4
16:53:49.0 (15602015)|VARIABLE_ASSIGNMENT|[9]|auMainTopCompCtrl.TYPE_SCREEN_EVENT_SCHEDULE|31
16:53:49.0 (15605983)|STATEMENT_EXECUTE|[10]
16:53:49.0 (15607829)|HEAP_ALLOCATE|[10]|Bytes:4
16:53:49.0 (15613060)|VARIABLE_ASSIGNMENT|[10]|auMainTopCompCtrl.TYPE_SCREEN_EVENT_SCHEDULE_LIST|32
16:53:49.0 (15616876)|STATEMENT_EXECUTE|[11]
16:53:49.0 (15618780)|HEAP_ALLOCATE|[11]|Bytes:4
16:53:49.0 (15624140)|VARIABLE_ASSIGNMENT|[11]|auMainTopCompCtrl.TYPE_SCREEN_KNOWLEDGE_DASHBOARD|41
16:53:49.0 (15627633)|STATEMENT_EXECUTE|[12]
16:53:49.0 (15629409)|HEAP_ALLOCATE|[12]|Bytes:4
16:53:49.0 (15634540)|VARIABLE_ASSIGNMENT|[12]|auMainTopCompCtrl.TYPE_SCREEN_KNOWLEDGE_LIST|42
16:53:49.0 (15638928)|STATEMENT_EXECUTE|[13]
16:53:49.0 (15640537)|HEAP_ALLOCATE|[13]|Bytes:4
16:53:49.0 (15645679)|VARIABLE_ASSIGNMENT|[13]|auMainTopCompCtrl.TYPE_SCREEN_SA_MESSAGES|51
16:53:49.0 (15649517)|STATEMENT_EXECUTE|[14]
16:53:49.0 (15651195)|HEAP_ALLOCATE|[14]|Bytes:4
16:53:49.0 (15656687)|VARIABLE_ASSIGNMENT|[14]|auMainTopCompCtrl.TYPE_SCREEN_SA_REPORTS|52
16:53:49.0 (15660182)|STATEMENT_EXECUTE|[15]
16:53:49.0 (15661793)|HEAP_ALLOCATE|[15]|Bytes:4
16:53:49.0 (15666685)|VARIABLE_ASSIGNMENT|[15]|auMainTopCompCtrl.TYPE_SCREEN_SA_CHATTER|53
16:53:49.0 (15670987)|STATEMENT_EXECUTE|[16]
16:53:49.0 (15672707)|HEAP_ALLOCATE|[16]|Bytes:4
16:53:49.0 (15677801)|VARIABLE_ASSIGNMENT|[16]|auMainTopCompCtrl.TYPE_SCREEN_SA_DAILYREPORT|54
16:53:49.0 (15681126)|STATEMENT_EXECUTE|[17]
16:53:49.0 (15682792)|HEAP_ALLOCATE|[17]|Bytes:4
16:53:49.0 (15687819)|VARIABLE_ASSIGNMENT|[17]|auMainTopCompCtrl.TYPE_SCREEN_SA_ENQUETE|55
16:53:49.0 (15690759)|STATEMENT_EXECUTE|[18]
16:53:49.0 (15692294)|HEAP_ALLOCATE|[18]|Bytes:4
16:53:49.0 (15697157)|VARIABLE_ASSIGNMENT|[18]|auMainTopCompCtrl.TYPE_SCREEN_SA_DOCUMENTS|56
16:53:49.0 (15700783)|STATEMENT_EXECUTE|[19]
16:53:49.0 (15710161)|HEAP_ALLOCATE|[19]|Bytes:4
16:53:49.0 (15716066)|VARIABLE_ASSIGNMENT|[19]|auMainTopCompCtrl.TYPE_SCREEN_SA_RANKING|57
16:53:49.0 (15720160)|STATEMENT_EXECUTE|[20]
16:53:49.0 (15721826)|HEAP_ALLOCATE|[20]|Bytes:4
16:53:49.0 (15727416)|VARIABLE_ASSIGNMENT|[20]|auMainTopCompCtrl.TYPE_SCREEN_SA_LINKS|58
16:53:49.0 (15735728)|METHOD_EXIT|[1]|auMainTopCompCtrl
16:53:49.0 (15741289)|HEAP_ALLOCATE|[EXTERNAL]|Bytes:40
16:53:49.0 (15751581)|VARIABLE_ASSIGNMENT|[EXTERNAL]|this.iCountComments|null|0x29af3557
16:53:49.0 (15815874)|SYSTEM_MODE_ENTER|true
16:53:49.0 (15830362)|HEAP_ALLOCATE|[EXTERNAL]|Bytes:40
16:53:49.0 (15838539)|VARIABLE_ASSIGNMENT|[EXTERNAL]|this.iCountLikes|null|0x29af3557
16:53:49.0 (15997265)|SYSTEM_MODE_ENTER|true
16:53:49.0 (16177837)|HEAP_ALLOCATE|[EXTERNAL]|Bytes:1196
16:53:49.0 (16191194)|HEAP_ALLOCATE|[EXTERNAL]|Bytes:428
16:53:49.0 (16196788)|HEAP_ALLOCATE|[EXTERNAL]|Bytes:438
16:53:49.0 (16203916)|HEAP_ALLOCATE|[EXTERNAL]|Bytes:1
16:53:49.0 (16214523)|VARIABLE_ASSIGNMENT|[EXTERNAL]|saReportCtrl.ORIGIN_OF_EXECUTION_1|"1"
16:53:49.0 (16219141)|HEAP_ALLOCATE|[EXTERNAL]|Bytes:1
16:53:49.0 (16224339)|VARIABLE_ASSIGNMENT|[EXTERNAL]|saReportCtrl.ORIGIN_OF_EXECUTION_2|"2"
16:53:49.0 (16228429)|HEAP_ALLOCATE|[EXTERNAL]|Bytes:3
16:53:49.0 (16234525)|VARIABLE_ASSIGNMENT|[EXTERNAL]|saReportCtrl.SA_REPORT_STATE_NONE_LABEL|"未選択"
16:53:49.0 (16238891)|HEAP_ALLOCATE|[EXTERNAL]|Bytes:1
16:53:49.0 (16244375)|VARIABLE_ASSIGNMENT|[EXTERNAL]|saReportCtrl.SA_REPORT_STATE_NONE_VALUE|" "
16:53:49.0 (16249062)|HEAP_ALLOCATE|[EXTERNAL]|Bytes:3
16:53:49.0 (16254468)|VARIABLE_ASSIGNMENT|[EXTERNAL]|saReportCtrl.SEARCH_COUNT_AVERAGE_LABEL|"50件"
16:53:49.0 (16258097)|HEAP_ALLOCATE|[EXTERNAL]|Bytes:2
16:53:49.0 (16262855)|VARIABLE_ASSIGNMENT|[EXTERNAL]|saReportCtrl.SEARCH_COUNT_AVERAGE_VALUE|"50"
16:53:49.0 (16266318)|HEAP_ALLOCATE|[EXTERNAL]|Bytes:3
16:53:49.0 (16271206)|VARIABLE_ASSIGNMENT|[EXTERNAL]|saReportCtrl.SEARCH_COUNT_FEW_LABEL|"20件"
16:53:49.0 (16274640)|HEAP_ALLOCATE|[EXTERNAL]|Bytes:2
16:53:49.0 (16279642)|VARIABLE_ASSIGNMENT|[EXTERNAL]|saReportCtrl.SEARCH_COUNT_FEW_VALUE|"20"
16:53:49.0 (16283326)|HEAP_ALLOCATE|[EXTERNAL]|Bytes:4
16:53:49.0 (16288484)|VARIABLE_ASSIGNMENT|[EXTERNAL]|saReportCtrl.SEARCH_COUNT_LOT_LABEL|"100件"
16:53:49.0 (16291984)|HEAP_ALLOCATE|[EXTERNAL]|Bytes:3
16:53:49.0 (16297017)|VARIABLE_ASSIGNMENT|[EXTERNAL]|saReportCtrl.SEARCH_COUNT_LOT_VALUE|"100"
16:53:49.0 (16300948)|HEAP_ALLOCATE|[EXTERNAL]|Bytes:4
16:53:49.0 (16307084)|VARIABLE_ASSIGNMENT|[EXTERNAL]|saReportCtrl.SORTED_BY_FAVORITES_LABEL|"いいね順"
16:53:49.0 (16310863)|HEAP_ALLOCATE|[EXTERNAL]|Bytes:4
16:53:49.0 (16316087)|VARIABLE_ASSIGNMENT|[EXTERNAL]|saReportCtrl.SORTED_BY_FAVORITES_VALUE|"いいね順"
16:53:49.0 (16319791)|HEAP_ALLOCATE|[EXTERNAL]|Bytes:3
16:53:49.0 (16325211)|VARIABLE_ASSIGNMENT|[EXTERNAL]|saReportCtrl.SORTED_BY_NEWS_LABEL|"NEW"
16:53:49.0 (16328713)|HEAP_ALLOCATE|[EXTERNAL]|Bytes:3
16:53:49.0 (16334172)|VARIABLE_ASSIGNMENT|[EXTERNAL]|saReportCtrl.SORTED_BY_NEWS_VALUE|"NEW"
16:53:49.0 (16337886)|HEAP_ALLOCATE|[EXTERNAL]|Bytes:1
16:53:49.0 (16343843)|VARIABLE_ASSIGNMENT|[EXTERNAL]|saReportCtrl.SORTED_BY_NONE_LABEL|" "
16:53:49.0 (16347537)|HEAP_ALLOCATE|[EXTERNAL]|Bytes:1
16:53:49.0 (16352935)|VARIABLE_ASSIGNMENT|[EXTERNAL]|saReportCtrl.SORTED_BY_NONE_VALUE|" "
16:53:49.0 (16356323)|HEAP_ALLOCATE|[EXTERNAL]|Bytes:4
16:53:49.0 (16362028)|VARIABLE_ASSIGNMENT|[EXTERNAL]|saReportCtrl.SORTED_BY_NUMBER_OF_VIEWS_LABEL|"閲覧数順"
16:53:49.0 (16365696)|HEAP_ALLOCATE|[EXTERNAL]|Bytes:4
16:53:49.0 (16371542)|VARIABLE_ASSIGNMENT|[EXTERNAL]|saReportCtrl.SORTED_BY_NUMBER_OF_VIEWS_VALUE|"閲覧数順"
16:53:49.0 (16375194)|HEAP_ALLOCATE|[EXTERNAL]|Bytes:4
16:53:49.0 (16381107)|VARIABLE_ASSIGNMENT|[EXTERNAL]|saReportCtrl.SORTED_BY_RELEASE_DATES_LABEL|"公開日時"
16:53:49.0 (16385243)|HEAP_ALLOCATE|[EXTERNAL]|Bytes:4
16:53:49.0 (16390967)|VARIABLE_ASSIGNMENT|[EXTERNAL]|saReportCtrl.SORTED_BY_RELEASE_DATES_VALUE|"公開日時"
16:53:49.0 (16399135)|METHOD_ENTRY|[1]|01pN0000000aEUV|saReportCtrl.saReportCtrl()
16:53:49.0 (16404318)|STATEMENT_EXECUTE|[1]
16:53:49.0 (16407436)|STATEMENT_EXECUTE|[1]
16:53:49.0 (16418035)|SYSTEM_MODE_ENTER|false
16:53:49.0 (16429650)|HEAP_ALLOCATE|[EXTERNAL]|Bytes:5
16:53:49.0 (16436719)|SYSTEM_MODE_EXIT|false
16:53:49.0 (16443845)|METHOD_EXIT|[1]|saReportCtrl
16:53:49.0 (16448332)|HEAP_ALLOCATE|[EXTERNAL]|Bytes:256
16:53:49.0 (16456962)|VARIABLE_SCOPE_BEGIN|[127]|this|saReportCtrl|true|false
16:53:49.0 (16573631)|VARIABLE_ASSIGNMENT|[127]|this|{"basicSearchCategory":" ","basicSearchCount":"20","basicSearchDateEnd":"","basicSearchDateStart":"","basicSearchKeywords":"","basicSearchSort":" ","categoryDataOptions":"0x35f63d69","countDataOptions":"0xba270a7","currentUser":"0x5b77f909","filteredRecords":"0x77f8d262","inputReportBody":"","inputTitle":"","isCopySelected":false,"isGoodSelected":false,"isVeryGoodSelected":false,"listOfCategory":"0x7361b481","listOfSAReports":"0x6b5ec502","messageError":"","mySearchDateEnd":"","mySearchDateStart":"","mySearchKeywords":"","pendingDateEnd":"","pendingDateStart":"","pendingKeywords":"","processDataOptions":"0xf85d6d1","recordedPreviousRepo (11 more) ...":"","reportComments":"0x3e5f6e81","reportGoodViews":"0x40641077","reportManagedViews":"0x5d0fabac","sortDataOptions":"0x7c9ddd82","sourceOfExecution":"","stateDataOptions":"0x39739ff6"}|0x713ba316
16:53:49.0 (16602188)|SYSTEM_MODE_ENTER|false
16:53:49.0 (16607692)|HEAP_ALLOCATE|[127]|Bytes:5
16:53:49.0 (16612536)|STATEMENT_EXECUTE|[127]
16:53:49.0 (16614075)|STATEMENT_EXECUTE|[127]
16:53:49.0 (16618587)|SYSTEM_MODE_EXIT|false
16:53:49.0 (16677687)|SYSTEM_MODE_ENTER|true
16:53:49.0 (16694418)|HEAP_ALLOCATE|[EXTERNAL]|Bytes:8
16:53:49.0 (16698569)|HEAP_ALLOCATE|[EXTERNAL]|Bytes:40
16:53:49.0 (16712433)|VARIABLE_ASSIGNMENT|[EXTERNAL]|this.iTypeOfScreen|52|0x29af3557
16:53:49.0 (16864325)|SYSTEM_MODE_ENTER|true
16:53:49.0 (17081313)|SYSTEM_MODE_ENTER|true
16:53:49.0 (37165993)|SYSTEM_MODE_ENTER|true
16:53:49.0 (37225058)|SYSTEM_MODE_ENTER|true
16:53:49.0 (37305877)|SYSTEM_MODE_ENTER|true
16:53:49.0 (37382338)|SYSTEM_MODE_ENTER|true
16:53:49.0 (37540789)|SYSTEM_MODE_ENTER|true
16:53:49.0 (37618421)|SYSTEM_MODE_ENTER|true
16:53:49.0 (37683266)|SYSTEM_MODE_ENTER|true
16:53:49.0 (38915251)|SYSTEM_MODE_ENTER|true
16:53:49.0 (38961053)|HEAP_ALLOCATE|[EXTERNAL]|Bytes:256
16:53:49.0 (38974717)|VARIABLE_SCOPE_BEGIN|[32]|this|saReportCtrl|true|false
16:53:49.0 (39097775)|VARIABLE_ASSIGNMENT|[32]|this|{"basicSearchCategory":" ","basicSearchCount":"20","basicSearchDateEnd":"","basicSearchDateStart":"","basicSearchKeywords":"","basicSearchSort":" ","categoryDataOptions":"0x35f63d69","countDataOptions":"0xba270a7","currentUser":"0x5b77f909","filteredRecords":"0x77f8d262","inputReportBody":"","inputTitle":"","isCopySelected":false,"isGoodSelected":false,"isVeryGoodSelected":false,"listOfCategory":"0x7361b481","listOfSAReports":"0x6b5ec502","messageError":"","mySearchDateEnd":"","mySearchDateStart":"","mySearchKeywords":"","pendingDateEnd":"","pendingDateStart":"","pendingKeywords":"","processDataOptions":"0xf85d6d1","recordedPreviousRepo (11 more) ...":"","reportComments":"0x3e5f6e81","reportGoodViews":"0x40641077","reportManagedViews":"0x5d0fabac","sortDataOptions":"0x7c9ddd82","sourceOfExecution":"","stateDataOptions":"0x39739ff6"}|0x713ba316
16:53:49.0 (39125890)|SYSTEM_MODE_ENTER|false
16:53:49.0 (39133832)|HEAP_ALLOCATE|[32]|Bytes:5
16:53:49.0 (39140081)|STATEMENT_EXECUTE|[32]
16:53:49.0 (39142504)|STATEMENT_EXECUTE|[32]
16:53:49.0 (39806248)|VARIABLE_SCOPE_BEGIN|[11]|saConstantCmn.SA_INQUIRY_TYPE_DAILYREPORT|String|false|true
16:53:49.0 (39816421)|VARIABLE_SCOPE_BEGIN|[12]|saConstantCmn.SA_INQUIRY_TYPE_HEARING|String|false|true
16:53:49.0 (39823374)|VARIABLE_SCOPE_BEGIN|[8]|saConstantCmn.SA_MESSAGEDETAIL_TYPE_READ|String|false|true
16:53:49.0 (39830183)|VARIABLE_SCOPE_BEGIN|[15]|saConstantCmn.SA_REPORT_STATE_DRAFT|String|false|true
16:53:49.0 (39837004)|VARIABLE_SCOPE_BEGIN|[18]|saConstantCmn.SA_REPORT_STATE_PUBLISHED|String|false|true
16:53:49.0 (39843624)|VARIABLE_SCOPE_BEGIN|[17]|saConstantCmn.SA_REPORT_STATE_REJECTED|String|false|true
16:53:49.0 (39849458)|VARIABLE_SCOPE_BEGIN|[16]|saConstantCmn.SA_REPORT_STATE_WAITING_APPROVAL|String|false|true
16:53:49.0 (39860424)|HEAP_ALLOCATE|[32]|Bytes:12
16:53:49.0 (39874715)|VARIABLE_ASSIGNMENT|[32]|saConstantCmn.SA_INQUIRY_TYPE_DAILYREPORT|"DAILY_REPORT"
16:53:49.0 (39879892)|HEAP_ALLOCATE|[32]|Bytes:6
16:53:49.0 (39885775)|VARIABLE_ASSIGNMENT|[32]|saConstantCmn.SA_INQUIRY_TYPE_HEARING|"SURVEY"
16:53:49.0 (39890448)|HEAP_ALLOCATE|[32]|Bytes:4
16:53:49.0 (39895181)|VARIABLE_ASSIGNMENT|[32]|saConstantCmn.SA_MESSAGEDETAIL_TYPE_READ|"READ"
16:53:49.0 (39900135)|HEAP_ALLOCATE|[32]|Bytes:5
16:53:49.0 (39904822)|VARIABLE_ASSIGNMENT|[32]|saConstantCmn.SA_REPORT_STATE_DRAFT|"Draft"
16:53:49.0 (39908687)|HEAP_ALLOCATE|[32]|Bytes:7
16:53:49.0 (39913616)|VARIABLE_ASSIGNMENT|[32]|saConstantCmn.SA_REPORT_STATE_PUBLISHED|"Publish"
16:53:49.0 (39917090)|HEAP_ALLOCATE|[32]|Bytes:6
16:53:49.0 (39921637)|VARIABLE_ASSIGNMENT|[32]|saConstantCmn.SA_REPORT_STATE_REJECTED|"Remand"
16:53:49.0 (39925163)|HEAP_ALLOCATE|[32]|Bytes:7
16:53:49.0 (39930223)|VARIABLE_ASSIGNMENT|[32]|saConstantCmn.SA_REPORT_STATE_WAITING_APPROVAL|"Pending"
16:53:49.0 (39955653)|METHOD_ENTRY|[4]|01pN0000000aH2z|saConstantCmn.saConstantCmn()
16:53:49.0 (39961419)|STATEMENT_EXECUTE|[4]
16:53:49.0 (39964691)|STATEMENT_EXECUTE|[4]
16:53:49.0 (39976266)|HEAP_ALLOCATE|[32]|Bytes:5
16:53:49.0 (39986927)|METHOD_EXIT|[4]|saConstantCmn
16:53:49.0 (39992808)|SYSTEM_MODE_EXIT|false
16:53:49.0 (40150862)|SYSTEM_MODE_ENTER|true
16:53:49.0 (40178679)|HEAP_ALLOCATE|[EXTERNAL]|Bytes:256
16:53:49.0 (40186289)|VARIABLE_SCOPE_BEGIN|[33]|this|saReportCtrl|true|false
16:53:49.0 (40278673)|VARIABLE_ASSIGNMENT|[33]|this|{"basicSearchCategory":" ","basicSearchCount":"20","basicSearchDateEnd":"","basicSearchDateStart":"","basicSearchKeywords":"","basicSearchSort":" ","categoryDataOptions":"0x35f63d69","countDataOptions":"0xba270a7","currentUser":"0x5b77f909","filteredRecords":"0x77f8d262","inputReportBody":"","inputTitle":"","isCopySelected":false,"isGoodSelected":false,"isVeryGoodSelected":false,"listOfCategory":"0x7361b481","listOfSAReports":"0x6b5ec502","messageError":"","mySearchDateEnd":"","mySearchDateStart":"","mySearchKeywords":"","pendingDateEnd":"","pendingDateStart":"","pendingKeywords":"","processDataOptions":"0xf85d6d1","recordedPreviousRepo (11 more) ...":"","reportComments":"0x3e5f6e81","reportGoodViews":"0x40641077","reportManagedViews":"0x5d0fabac","sortDataOptions":"0x7c9ddd82","sourceOfExecution":"","stateDataOptions":"0x39739ff6"}|0x713ba316
16:53:49.0 (40303834)|SYSTEM_MODE_ENTER|false
16:53:49.0 (40310488)|HEAP_ALLOCATE|[33]|Bytes:5
16:53:49.0 (40315028)|STATEMENT_EXECUTE|[33]
16:53:49.0 (40316633)|STATEMENT_EXECUTE|[33]
16:53:49.0 (40321686)|SYSTEM_MODE_EXIT|false
16:53:49.0 (40457377)|SYSTEM_MODE_ENTER|true
16:53:49.0 (40481703)|HEAP_ALLOCATE|[EXTERNAL]|Bytes:256
16:53:49.0 (40488500)|VARIABLE_SCOPE_BEGIN|[35]|this|saReportCtrl|true|false
16:53:49.0 (40575592)|VARIABLE_ASSIGNMENT|[35]|this|{"basicSearchCategory":" ","basicSearchCount":"20","basicSearchDateEnd":"","basicSearchDateStart":"","basicSearchKeywords":"","basicSearchSort":" ","categoryDataOptions":"0x35f63d69","countDataOptions":"0xba270a7","currentUser":"0x5b77f909","filteredRecords":"0x77f8d262","inputReportBody":"","inputTitle":"","isCopySelected":false,"isGoodSelected":false,"isVeryGoodSelected":false,"listOfCategory":"0x7361b481","listOfSAReports":"0x6b5ec502","messageError":"","mySearchDateEnd":"","mySearchDateStart":"","mySearchKeywords":"","pendingDateEnd":"","pendingDateStart":"","pendingKeywords":"","processDataOptions":"0xf85d6d1","recordedPreviousRepo (11 more) ...":"","reportComments":"0x3e5f6e81","reportGoodViews":"0x40641077","reportManagedViews":"0x5d0fabac","sortDataOptions":"0x7c9ddd82","sourceOfExecution":"","stateDataOptions":"0x39739ff6"}|0x713ba316
16:53:49.0 (40599320)|SYSTEM_MODE_ENTER|false
16:53:49.0 (40606078)|HEAP_ALLOCATE|[35]|Bytes:5
16:53:49.0 (40611114)|STATEMENT_EXECUTE|[35]
16:53:49.0 (40612809)|STATEMENT_EXECUTE|[35]
16:53:49.0 (40616723)|SYSTEM_MODE_EXIT|false
16:53:49.0 (40846065)|SYSTEM_MODE_ENTER|true
16:53:49.0 (40870459)|HEAP_ALLOCATE|[EXTERNAL]|Bytes:256
16:53:49.0 (40877638)|VARIABLE_SCOPE_BEGIN|[34]|this|saReportCtrl|true|false
16:53:49.0 (40965449)|VARIABLE_ASSIGNMENT|[34]|this|{"basicSearchCategory":" ","basicSearchCount":"20","basicSearchDateEnd":"","basicSearchDateStart":"","basicSearchKeywords":"","basicSearchSort":" ","categoryDataOptions":"0x35f63d69","countDataOptions":"0xba270a7","currentUser":"0x5b77f909","filteredRecords":"0x77f8d262","inputReportBody":"","inputTitle":"","isCopySelected":false,"isGoodSelected":false,"isVeryGoodSelected":false,"listOfCategory":"0x7361b481","listOfSAReports":"0x6b5ec502","messageError":"","mySearchDateEnd":"","mySearchDateStart":"","mySearchKeywords":"","pendingDateEnd":"","pendingDateStart":"","pendingKeywords":"","processDataOptions":"0xf85d6d1","recordedPreviousRepo (11 more) ...":"","reportComments":"0x3e5f6e81","reportGoodViews":"0x40641077","reportManagedViews":"0x5d0fabac","sortDataOptions":"0x7c9ddd82","sourceOfExecution":"","stateDataOptions":"0x39739ff6"}|0x713ba316
16:53:49.0 (40989614)|SYSTEM_MODE_ENTER|false
16:53:49.0 (40995933)|HEAP_ALLOCATE|[34]|Bytes:5
16:53:49.0 (41000089)|STATEMENT_EXECUTE|[34]
16:53:49.0 (41002178)|STATEMENT_EXECUTE|[34]
16:53:49.0 (41006126)|SYSTEM_MODE_EXIT|false
16:53:49.0 (57008731)|SYSTEM_MODE_ENTER|true
16:53:49.0 (57081713)|SYSTEM_MODE_ENTER|true
16:53:49.0 (57125710)|SYSTEM_MODE_ENTER|true
16:53:49.0 (57164562)|SYSTEM_MODE_ENTER|true
16:53:49.0 (57201702)|SYSTEM_MODE_ENTER|true
16:53:49.0 (57242262)|SYSTEM_MODE_ENTER|true
16:53:49.0 (57282284)|SYSTEM_MODE_ENTER|true
16:53:49.0 (57319528)|SYSTEM_MODE_ENTER|true
16:53:49.0 (57355381)|SYSTEM_MODE_ENTER|true
16:53:49.0 (57393592)|SYSTEM_MODE_ENTER|true
16:53:49.0 (57432482)|SYSTEM_MODE_ENTER|true
16:53:49.0 (57470556)|SYSTEM_MODE_ENTER|true
16:53:49.0 (57507804)|SYSTEM_MODE_ENTER|true
16:53:49.0 (57544729)|SYSTEM_MODE_ENTER|true
16:53:49.0 (57581478)|SYSTEM_MODE_ENTER|true
16:53:49.0 (70560911)|SYSTEM_MODE_ENTER|true
16:53:49.0 (70621632)|SYSTEM_MODE_ENTER|true
16:53:49.0 (70664065)|SYSTEM_MODE_ENTER|true
16:53:49.0 (70749654)|SYSTEM_MODE_ENTER|true
16:53:49.0 (70860646)|SYSTEM_MODE_ENTER|true
16:53:49.0 (70935337)|SYSTEM_MODE_ENTER|true
16:53:49.0 (73763710)|SYSTEM_MODE_ENTER|true
16:53:49.0 (79909538)|SYSTEM_MODE_ENTER|true
16:53:49.0 (79961298)|SYSTEM_MODE_ENTER|true
16:53:49.0 (80000314)|SYSTEM_MODE_ENTER|true
16:53:49.0 (87059544)|SYSTEM_MODE_ENTER|true
16:53:49.0 (87122312)|SYSTEM_MODE_ENTER|true
16:53:49.0 (87169588)|SYSTEM_MODE_ENTER|true
16:53:49.0 (87229991)|SYSTEM_MODE_ENTER|true
16:53:49.0 (87586758)|SYSTEM_MODE_ENTER|true
16:53:49.0 (87631149)|SYSTEM_MODE_ENTER|true
16:53:49.0 (87667992)|SYSTEM_MODE_ENTER|true
16:53:49.0 (88116305)|SYSTEM_MODE_ENTER|true
16:53:49.0 (88149315)|HEAP_ALLOCATE|[EXTERNAL]|Bytes:256
16:53:49.0 (88184166)|VARIABLE_ASSIGNMENT|[EXTERNAL]|this.sourceOfExecution|""|0x713ba316
16:53:49.0 (88216957)|SYSTEM_MODE_ENTER|true
16:53:49.0 (88231081)|HEAP_ALLOCATE|[EXTERNAL]|Bytes:256
16:53:49.0 (88240530)|VARIABLE_ASSIGNMENT|[EXTERNAL]|this.recordedPreviousReportListPanel|""|0x713ba316
16:53:49.0 (88265696)|SYSTEM_MODE_ENTER|true
16:53:49.0 (88277541)|HEAP_ALLOCATE|[EXTERNAL]|Bytes:256
16:53:49.0 (88283797)|VARIABLE_ASSIGNMENT|[EXTERNAL]|this.inputTitle|""|0x713ba316
16:53:49.0 (88305936)|SYSTEM_MODE_ENTER|true
16:53:49.0 (88316829)|HEAP_ALLOCATE|[EXTERNAL]|Bytes:256
16:53:49.0 (88323807)|VARIABLE_ASSIGNMENT|[EXTERNAL]|this.inputReportBody|""|0x713ba316
16:53:49.0 (88345766)|SYSTEM_MODE_ENTER|true
16:53:49.0 (88356543)|HEAP_ALLOCATE|[EXTERNAL]|Bytes:256
16:53:49.0 (88362798)|VARIABLE_ASSIGNMENT|[EXTERNAL]|this.messageError|""|0x713ba316
16:53:49.0 (88384860)|SYSTEM_MODE_ENTER|true
16:53:49.0 (88396145)|HEAP_ALLOCATE|[EXTERNAL]|Bytes:256
16:53:49.0 (88402204)|VARIABLE_ASSIGNMENT|[EXTERNAL]|this.basicSearchCategory|""|0x713ba316
16:53:49.0 (88424143)|SYSTEM_MODE_ENTER|true
16:53:49.0 (88434853)|HEAP_ALLOCATE|[EXTERNAL]|Bytes:256
16:53:49.0 (88440373)|VARIABLE_ASSIGNMENT|[EXTERNAL]|this.basicSearchCount|""|0x713ba316
16:53:49.0 (88461385)|SYSTEM_MODE_ENTER|true
16:53:49.0 (88472516)|HEAP_ALLOCATE|[EXTERNAL]|Bytes:256
16:53:49.0 (88478019)|VARIABLE_ASSIGNMENT|[EXTERNAL]|this.basicSearchSort|""|0x713ba316
16:53:49.0 (88499291)|SYSTEM_MODE_ENTER|true
16:53:49.0 (88510302)|HEAP_ALLOCATE|[EXTERNAL]|Bytes:256
16:53:49.0 (88516369)|VARIABLE_ASSIGNMENT|[EXTERNAL]|this.createCategory|""|0x713ba316
16:53:49.0 (88538054)|SYSTEM_MODE_ENTER|true
16:53:49.0 (88549451)|HEAP_ALLOCATE|[EXTERNAL]|Bytes:256
16:53:49.0 (88555450)|VARIABLE_ASSIGNMENT|[EXTERNAL]|this.createProcess|""|0x713ba316
16:53:49.0 (88577394)|SYSTEM_MODE_ENTER|true
16:53:49.0 (88588403)|HEAP_ALLOCATE|[EXTERNAL]|Bytes:256
16:53:49.0 (88594970)|VARIABLE_ASSIGNMENT|[EXTERNAL]|this.mySearchCount|""|0x713ba316
16:53:49.0 (88615956)|SYSTEM_MODE_ENTER|true
16:53:49.0 (88627138)|HEAP_ALLOCATE|[EXTERNAL]|Bytes:256
16:53:49.0 (88633710)|VARIABLE_ASSIGNMENT|[EXTERNAL]|this.mySearchState|""|0x713ba316
16:53:49.0 (88655324)|SYSTEM_MODE_ENTER|true
16:53:49.0 (88665845)|HEAP_ALLOCATE|[EXTERNAL]|Bytes:256
16:53:49.0 (88672822)|VARIABLE_ASSIGNMENT|[EXTERNAL]|this.pendingCount|""|0x713ba316
16:53:49.0 (88694832)|SYSTEM_MODE_ENTER|true
16:53:49.0 (88707049)|HEAP_ALLOCATE|[EXTERNAL]|Bytes:256
16:53:49.0 (88715042)|VARIABLE_ASSIGNMENT|[EXTERNAL]|this.remandCategory|""|0x713ba316
16:53:49.0 (88737021)|SYSTEM_MODE_ENTER|true
16:53:49.0 (88747809)|HEAP_ALLOCATE|[EXTERNAL]|Bytes:256
16:53:49.0 (88754514)|VARIABLE_ASSIGNMENT|[EXTERNAL]|this.remandProcess|""|0x713ba316
16:53:49.0 (88826013)|SYSTEM_MODE_ENTER|true
16:53:49.0 (88839599)|HEAP_ALLOCATE|[EXTERNAL]|Bytes:40
16:53:49.0 (88848231)|VARIABLE_ASSIGNMENT|[EXTERNAL]|this.iCountComments|null|0x29af3557
16:53:49.0 (88878528)|SYSTEM_MODE_ENTER|true
16:53:49.0 (88888435)|HEAP_ALLOCATE|[EXTERNAL]|Bytes:40
16:53:49.0 (88894641)|VARIABLE_ASSIGNMENT|[EXTERNAL]|this.iCountLikes|null|0x29af3557
16:53:49.0 (88939763)|SYSTEM_MODE_ENTER|true
16:53:49.0 (88980315)|HEAP_ALLOCATE|[EXTERNAL]|Bytes:256
16:53:49.0 (88992663)|VARIABLE_SCOPE_BEGIN|[127]|this|saReportCtrl|true|false
16:53:49.0 (89113632)|VARIABLE_ASSIGNMENT|[127]|this|{"basicSearchCategory":"","basicSearchCount":"","basicSearchDateEnd":"","basicSearchDateStart":"","basicSearchKeywords":"","basicSearchSort":"","categoryDataOptions":"0x35f63d69","countDataOptions":"0xba270a7","createCategory":"","createProcess":"","currentUser":"0x5b77f909","filteredRecords":"0x77f8d262","inputReportBody":"","inputTitle":"","isCopySelected":false,"isGoodSelected":false,"isVeryGoodSelected":false,"listOfCategory":"0x7361b481","listOfSAReports":"0x6b5ec502","messageError":"","mySearchCount":"","mySearchDateEnd":"","mySearchDateStart":"","mySearchKeywords":"","mySearchState":"","pendingCount":"","pendingDateEnd":"","pendingDateStart":"","pendingKeywords":"","processDataOptions":"0xf85d6d1","recordedPreviousRepo (11 more) ...":"","remandCategory":"","remandProcess":"","reportComments":"0x3e5f6e81","reportGoodViews":"0x40641077","reportManagedViews":"0x5d0fabac","sortDataOptions":"0x7c9ddd82","sourceOfExecution":"","stateDataOptions":"0x39739ff6"}|0x713ba316
16:53:49.0 (89145999)|SYSTEM_MODE_ENTER|false
16:53:49.0 (89154143)|HEAP_ALLOCATE|[127]|Bytes:5
16:53:49.0 (89161474)|STATEMENT_EXECUTE|[127]
16:53:49.0 (89163670)|STATEMENT_EXECUTE|[127]
16:53:49.0 (89169524)|SYSTEM_MODE_EXIT|false
16:53:49.0 (89212570)|SYSTEM_MODE_ENTER|true
16:53:49.0 (89227175)|HEAP_ALLOCATE|[EXTERNAL]|Bytes:8
16:53:49.0 (89231553)|HEAP_ALLOCATE|[EXTERNAL]|Bytes:40
16:53:49.0 (89239700)|VARIABLE_ASSIGNMENT|[EXTERNAL]|this.iTypeOfScreen|52|0x29af3557
16:53:49.0 (101870688)|SYSTEM_MODE_ENTER|true
16:53:49.0 (101897598)|HEAP_ALLOCATE|[EXTERNAL]|Bytes:256
16:53:49.0 (101910633)|VARIABLE_ASSIGNMENT|[EXTERNAL]|this.basicSearchKeywords|""|0x713ba316
16:53:49.0 (101943369)|SYSTEM_MODE_ENTER|true
16:53:49.0 (101957015)|HEAP_ALLOCATE|[EXTERNAL]|Bytes:256
16:53:49.0 (101964946)|VARIABLE_ASSIGNMENT|[EXTERNAL]|this.basicSearchDateStart|""|0x713ba316
16:53:49.0 (101989203)|SYSTEM_MODE_ENTER|true
16:53:49.0 (102000800)|HEAP_ALLOCATE|[EXTERNAL]|Bytes:256
16:53:49.0 (102007975)|VARIABLE_ASSIGNMENT|[EXTERNAL]|this.basicSearchDateEnd|""|0x713ba316
16:53:49.0 (102035773)|SYSTEM_MODE_ENTER|true
16:53:49.0 (102047412)|HEAP_ALLOCATE|[EXTERNAL]|Bytes:1
16:53:49.0 (102051112)|HEAP_ALLOCATE|[EXTERNAL]|Bytes:256
16:53:49.0 (102056702)|VARIABLE_ASSIGNMENT|[EXTERNAL]|this.basicSearchCategory|" "|0x713ba316
16:53:49.0 (102082575)|SYSTEM_MODE_ENTER|true
16:53:49.0 (102093984)|HEAP_ALLOCATE|[EXTERNAL]|Bytes:1
16:53:49.0 (102097407)|HEAP_ALLOCATE|[EXTERNAL]|Bytes:256
16:53:49.0 (102102983)|VARIABLE_ASSIGNMENT|[EXTERNAL]|this.basicSearchSort|" "|0x713ba316
16:53:49.0 (102127648)|SYSTEM_MODE_ENTER|true
16:53:49.0 (102139095)|HEAP_ALLOCATE|[EXTERNAL]|Bytes:2
16:53:49.0 (102142778)|HEAP_ALLOCATE|[EXTERNAL]|Bytes:256
16:53:49.0 (102148307)|VARIABLE_ASSIGNMENT|[EXTERNAL]|this.basicSearchCount|"20"|0x713ba316
16:53:49.0 (104693475)|SYSTEM_MODE_ENTER|true
16:53:49.0 (104741198)|SYSTEM_MODE_ENTER|true
16:53:49.0 (104793690)|SYSTEM_MODE_ENTER|true
16:53:49.0 (104840226)|SYSTEM_MODE_ENTER|true
16:53:49.0 (104919827)|SYSTEM_MODE_ENTER|true
16:53:49.0 (104935395)|HEAP_ALLOCATE|[EXTERNAL]|Bytes:256
16:53:49.0 (104945805)|VARIABLE_ASSIGNMENT|[EXTERNAL]|this.createCategory|null|0x713ba316
16:53:49.0 (104976086)|SYSTEM_MODE_ENTER|true
16:53:49.0 (104988284)|HEAP_ALLOCATE|[EXTERNAL]|Bytes:256
16:53:49.0 (104995134)|VARIABLE_ASSIGNMENT|[EXTERNAL]|this.createProcess|null|0x713ba316
16:53:49.0 (105949119)|SYSTEM_MODE_ENTER|true
16:53:49.0 (105978500)|HEAP_ALLOCATE|[EXTERNAL]|Bytes:256
16:53:49.0 (105987613)|VARIABLE_SCOPE_BEGIN|[32]|this|saReportCtrl|true|false
16:53:49.0 (106087289)|VARIABLE_ASSIGNMENT|[32]|this|{"basicSearchCategory":" ","basicSearchCount":"20","basicSearchDateEnd":"","basicSearchDateStart":"","basicSearchKeywords":"","basicSearchSort":" ","categoryDataOptions":"0x35f63d69","countDataOptions":"0xba270a7","currentUser":"0x5b77f909","filteredRecords":"0x77f8d262","inputReportBody":"","inputTitle":"","isCopySelected":false,"isGoodSelected":false,"isVeryGoodSelected":false,"listOfCategory":"0x7361b481","listOfSAReports":"0x6b5ec502","messageError":"","mySearchCount":"","mySearchDateEnd":"","mySearchDateStart":"","mySearchKeywords":"","mySearchState":"","pendingCount":"","pendingDateEnd":"","pendingDateStart":"","pendingKeywords":"","processDataOptions":"0xf85d6d1","recordedPreviousRepo (11 more) ...":"","remandCategory":"","remandProcess":"","reportComments":"0x3e5f6e81","reportGoodViews":"0x40641077","reportManagedViews":"0x5d0fabac","sortDataOptions":"0x7c9ddd82","sourceOfExecution":"","stateDataOptions":"0x39739ff6"}|0x713ba316
16:53:49.0 (106114665)|SYSTEM_MODE_ENTER|false
16:53:49.0 (106122130)|HEAP_ALLOCATE|[32]|Bytes:5
16:53:49.0 (106127730)|STATEMENT_EXECUTE|[32]
16:53:49.0 (106129810)|STATEMENT_EXECUTE|[32]
16:53:49.0 (106135324)|SYSTEM_MODE_EXIT|false
16:53:49.0 (106251869)|SYSTEM_MODE_ENTER|true
16:53:49.0 (106275453)|HEAP_ALLOCATE|[EXTERNAL]|Bytes:256
16:53:49.0 (106282779)|VARIABLE_SCOPE_BEGIN|[33]|this|saReportCtrl|true|false
16:53:49.0 (106371843)|VARIABLE_ASSIGNMENT|[33]|this|{"basicSearchCategory":" ","basicSearchCount":"20","basicSearchDateEnd":"","basicSearchDateStart":"","basicSearchKeywords":"","basicSearchSort":" ","categoryDataOptions":"0x35f63d69","countDataOptions":"0xba270a7","currentUser":"0x5b77f909","filteredRecords":"0x77f8d262","inputReportBody":"","inputTitle":"","isCopySelected":false,"isGoodSelected":false,"isVeryGoodSelected":false,"listOfCategory":"0x7361b481","listOfSAReports":"0x6b5ec502","messageError":"","mySearchCount":"","mySearchDateEnd":"","mySearchDateStart":"","mySearchKeywords":"","mySearchState":"","pendingCount":"","pendingDateEnd":"","pendingDateStart":"","pendingKeywords":"","processDataOptions":"0xf85d6d1","recordedPreviousRepo (11 more) ...":"","remandCategory":"","remandProcess":"","reportComments":"0x3e5f6e81","reportGoodViews":"0x40641077","reportManagedViews":"0x5d0fabac","sortDataOptions":"0x7c9ddd82","sourceOfExecution":"","stateDataOptions":"0x39739ff6"}|0x713ba316
16:53:49.0 (106395913)|SYSTEM_MODE_ENTER|false
16:53:49.0 (106402443)|HEAP_ALLOCATE|[33]|Bytes:5
16:53:49.0 (106406847)|STATEMENT_EXECUTE|[33]
16:53:49.0 (106408479)|STATEMENT_EXECUTE|[33]
16:53:49.0 (106412645)|SYSTEM_MODE_EXIT|false
16:53:49.0 (106521829)|SYSTEM_MODE_ENTER|true
16:53:49.0 (106544673)|HEAP_ALLOCATE|[EXTERNAL]|Bytes:256
16:53:49.0 (106551402)|VARIABLE_SCOPE_BEGIN|[35]|this|saReportCtrl|true|false
16:53:49.0 (106638596)|VARIABLE_ASSIGNMENT|[35]|this|{"basicSearchCategory":" ","basicSearchCount":"20","basicSearchDateEnd":"","basicSearchDateStart":"","basicSearchKeywords":"","basicSearchSort":" ","categoryDataOptions":"0x35f63d69","countDataOptions":"0xba270a7","currentUser":"0x5b77f909","filteredRecords":"0x77f8d262","inputReportBody":"","inputTitle":"","isCopySelected":false,"isGoodSelected":false,"isVeryGoodSelected":false,"listOfCategory":"0x7361b481","listOfSAReports":"0x6b5ec502","messageError":"","mySearchCount":"","mySearchDateEnd":"","mySearchDateStart":"","mySearchKeywords":"","mySearchState":"","pendingCount":"","pendingDateEnd":"","pendingDateStart":"","pendingKeywords":"","processDataOptions":"0xf85d6d1","recordedPreviousRepo (11 more) ...":"","remandCategory":"","remandProcess":"","reportComments":"0x3e5f6e81","reportGoodViews":"0x40641077","reportManagedViews":"0x5d0fabac","sortDataOptions":"0x7c9ddd82","sourceOfExecution":"","stateDataOptions":"0x39739ff6"}|0x713ba316
16:53:49.0 (106662833)|SYSTEM_MODE_ENTER|false
16:53:49.0 (106668851)|HEAP_ALLOCATE|[35]|Bytes:5
16:53:49.0 (106673110)|STATEMENT_EXECUTE|[35]
16:53:49.0 (106674820)|STATEMENT_EXECUTE|[35]
16:53:49.0 (106679093)|SYSTEM_MODE_EXIT|false
16:53:49.0 (106795646)|SYSTEM_MODE_ENTER|true
16:53:49.0 (106818672)|HEAP_ALLOCATE|[EXTERNAL]|Bytes:256
16:53:49.0 (106825716)|VARIABLE_SCOPE_BEGIN|[34]|this|saReportCtrl|true|false
16:53:49.0 (106912838)|VARIABLE_ASSIGNMENT|[34]|this|{"basicSearchCategory":" ","basicSearchCount":"20","basicSearchDateEnd":"","basicSearchDateStart":"","basicSearchKeywords":"","basicSearchSort":" ","categoryDataOptions":"0x35f63d69","countDataOptions":"0xba270a7","currentUser":"0x5b77f909","filteredRecords":"0x77f8d262","inputReportBody":"","inputTitle":"","isCopySelected":false,"isGoodSelected":false,"isVeryGoodSelected":false,"listOfCategory":"0x7361b481","listOfSAReports":"0x6b5ec502","messageError":"","mySearchCount":"","mySearchDateEnd":"","mySearchDateStart":"","mySearchKeywords":"","mySearchState":"","pendingCount":"","pendingDateEnd":"","pendingDateStart":"","pendingKeywords":"","processDataOptions":"0xf85d6d1","recordedPreviousRepo (11 more) ...":"","remandCategory":"","remandProcess":"","reportComments":"0x3e5f6e81","reportGoodViews":"0x40641077","reportManagedViews":"0x5d0fabac","sortDataOptions":"0x7c9ddd82","sourceOfExecution":"","stateDataOptions":"0x39739ff6"}|0x713ba316
16:53:49.0 (106936847)|SYSTEM_MODE_ENTER|false
16:53:49.0 (106942738)|HEAP_ALLOCATE|[34]|Bytes:5
16:53:49.0 (106947394)|STATEMENT_EXECUTE|[34]
16:53:49.0 (106948874)|STATEMENT_EXECUTE|[34]
16:53:49.0 (106952368)|SYSTEM_MODE_EXIT|false
16:53:49.0 (111925944)|SYSTEM_MODE_ENTER|true
16:53:49.0 (111946198)|HEAP_ALLOCATE|[EXTERNAL]|Bytes:256
16:53:49.0 (111958526)|VARIABLE_ASSIGNMENT|[EXTERNAL]|this.mySearchState|null|0x713ba316
16:53:49.0 (111993864)|SYSTEM_MODE_ENTER|true
16:53:49.0 (112007076)|HEAP_ALLOCATE|[EXTERNAL]|Bytes:256
16:53:49.0 (112015384)|VARIABLE_ASSIGNMENT|[EXTERNAL]|this.mySearchCount|null|0x713ba316
16:53:49.0 (112993605)|SYSTEM_MODE_ENTER|true
16:53:49.0 (113021009)|HEAP_ALLOCATE|[EXTERNAL]|Bytes:256
16:53:49.0 (113028934)|VARIABLE_SCOPE_BEGIN|[32]|this|saReportCtrl|true|false
16:53:49.0 (113122751)|VARIABLE_ASSIGNMENT|[32]|this|{"basicSearchCategory":" ","basicSearchCount":"20","basicSearchDateEnd":"","basicSearchDateStart":"","basicSearchKeywords":"","basicSearchSort":" ","categoryDataOptions":"0x35f63d69","countDataOptions":"0xba270a7","currentUser":"0x5b77f909","filteredRecords":"0x77f8d262","inputReportBody":"","inputTitle":"","isCopySelected":false,"isGoodSelected":false,"isVeryGoodSelected":false,"listOfCategory":"0x7361b481","listOfSAReports":"0x6b5ec502","messageError":"","mySearchDateEnd":"","mySearchDateStart":"","mySearchKeywords":"","pendingCount":"","pendingDateEnd":"","pendingDateStart":"","pendingKeywords":"","processDataOptions":"0xf85d6d1","recordedPreviousRepo (11 more) ...":"","remandCategory":"","remandProcess":"","reportComments":"0x3e5f6e81","reportGoodViews":"0x40641077","reportManagedViews":"0x5d0fabac","sortDataOptions":"0x7c9ddd82","sourceOfExecution":"","stateDataOptions":"0x39739ff6"}|0x713ba316
16:53:49.0 (113147377)|SYSTEM_MODE_ENTER|false
16:53:49.0 (113154448)|HEAP_ALLOCATE|[32]|Bytes:5
16:53:49.0 (113159061)|STATEMENT_EXECUTE|[32]
16:53:49.0 (113160663)|STATEMENT_EXECUTE|[32]
16:53:49.0 (113164500)|SYSTEM_MODE_EXIT|false
16:53:49.0 (113278576)|SYSTEM_MODE_ENTER|true
16:53:49.0 (113303178)|HEAP_ALLOCATE|[EXTERNAL]|Bytes:256
16:53:49.0 (113309833)|VARIABLE_SCOPE_BEGIN|[33]|this|saReportCtrl|true|false
16:53:49.0 (113397600)|VARIABLE_ASSIGNMENT|[33]|this|{"basicSearchCategory":" ","basicSearchCount":"20","basicSearchDateEnd":"","basicSearchDateStart":"","basicSearchKeywords":"","basicSearchSort":" ","categoryDataOptions":"0x35f63d69","countDataOptions":"0xba270a7","currentUser":"0x5b77f909","filteredRecords":"0x77f8d262","inputReportBody":"","inputTitle":"","isCopySelected":false,"isGoodSelected":false,"isVeryGoodSelected":false,"listOfCategory":"0x7361b481","listOfSAReports":"0x6b5ec502","messageError":"","mySearchDateEnd":"","mySearchDateStart":"","mySearchKeywords":"","pendingCount":"","pendingDateEnd":"","pendingDateStart":"","pendingKeywords":"","processDataOptions":"0xf85d6d1","recordedPreviousRepo (11 more) ...":"","remandCategory":"","remandProcess":"","reportComments":"0x3e5f6e81","reportGoodViews":"0x40641077","reportManagedViews":"0x5d0fabac","sortDataOptions":"0x7c9ddd82","sourceOfExecution":"","stateDataOptions":"0x39739ff6"}|0x713ba316
16:53:49.0 (113421192)|SYSTEM_MODE_ENTER|false
16:53:49.0 (113427169)|HEAP_ALLOCATE|[33]|Bytes:5
16:53:49.0 (113431324)|STATEMENT_EXECUTE|[33]
16:53:49.0 (113432832)|STATEMENT_EXECUTE|[33]
16:53:49.0 (113436124)|SYSTEM_MODE_EXIT|false
16:53:49.0 (113544391)|SYSTEM_MODE_ENTER|true
16:53:49.0 (113567413)|HEAP_ALLOCATE|[EXTERNAL]|Bytes:256
16:53:49.0 (113574315)|VARIABLE_SCOPE_BEGIN|[34]|this|saReportCtrl|true|false
16:53:49.0 (113661018)|VARIABLE_ASSIGNMENT|[34]|this|{"basicSearchCategory":" ","basicSearchCount":"20","basicSearchDateEnd":"","basicSearchDateStart":"","basicSearchKeywords":"","basicSearchSort":" ","categoryDataOptions":"0x35f63d69","countDataOptions":"0xba270a7","currentUser":"0x5b77f909","filteredRecords":"0x77f8d262","inputReportBody":"","inputTitle":"","isCopySelected":false,"isGoodSelected":false,"isVeryGoodSelected":false,"listOfCategory":"0x7361b481","listOfSAReports":"0x6b5ec502","messageError":"","mySearchDateEnd":"","mySearchDateStart":"","mySearchKeywords":"","pendingCount":"","pendingDateEnd":"","pendingDateStart":"","pendingKeywords":"","processDataOptions":"0xf85d6d1","recordedPreviousRepo (11 more) ...":"","remandCategory":"","remandProcess":"","reportComments":"0x3e5f6e81","reportGoodViews":"0x40641077","reportManagedViews":"0x5d0fabac","sortDataOptions":"0x7c9ddd82","sourceOfExecution":"","stateDataOptions":"0x39739ff6"}|0x713ba316
16:53:49.0 (113684062)|SYSTEM_MODE_ENTER|false
16:53:49.0 (113690237)|HEAP_ALLOCATE|[34]|Bytes:5
16:53:49.0 (113694183)|STATEMENT_EXECUTE|[34]
16:53:49.0 (113695677)|STATEMENT_EXECUTE|[34]
16:53:49.0 (113698891)|SYSTEM_MODE_EXIT|false
16:53:49.0 (113811526)|SYSTEM_MODE_ENTER|true
16:53:49.0 (113834164)|HEAP_ALLOCATE|[EXTERNAL]|Bytes:256
16:53:49.0 (113840453)|VARIABLE_SCOPE_BEGIN|[35]|this|saReportCtrl|true|false
16:53:49.0 (113935520)|VARIABLE_ASSIGNMENT|[35]|this|{"basicSearchCategory":" ","basicSearchCount":"20","basicSearchDateEnd":"","basicSearchDateStart":"","basicSearchKeywords":"","basicSearchSort":" ","categoryDataOptions":"0x35f63d69","countDataOptions":"0xba270a7","currentUser":"0x5b77f909","filteredRecords":"0x77f8d262","inputReportBody":"","inputTitle":"","isCopySelected":false,"isGoodSelected":false,"isVeryGoodSelected":false,"listOfCategory":"0x7361b481","listOfSAReports":"0x6b5ec502","messageError":"","mySearchDateEnd":"","mySearchDateStart":"","mySearchKeywords":"","pendingCount":"","pendingDateEnd":"","pendingDateStart":"","pendingKeywords":"","processDataOptions":"0xf85d6d1","recordedPreviousRepo (11 more) ...":"","remandCategory":"","remandProcess":"","reportComments":"0x3e5f6e81","reportGoodViews":"0x40641077","reportManagedViews":"0x5d0fabac","sortDataOptions":"0x7c9ddd82","sourceOfExecution":"","stateDataOptions":"0x39739ff6"}|0x713ba316
16:53:49.0 (113970094)|SYSTEM_MODE_ENTER|false
16:53:49.0 (113976590)|HEAP_ALLOCATE|[35]|Bytes:5
16:53:49.0 (113981166)|STATEMENT_EXECUTE|[35]
16:53:49.0 (113982694)|STATEMENT_EXECUTE|[35]
16:53:49.0 (113986652)|SYSTEM_MODE_EXIT|false
16:53:49.0 (118967525)|SYSTEM_MODE_ENTER|true
16:53:49.0 (118987643)|HEAP_ALLOCATE|[EXTERNAL]|Bytes:256
16:53:49.0 (118998470)|VARIABLE_ASSIGNMENT|[EXTERNAL]|this.draftCategory|null|0x713ba316
16:53:49.0 (119031833)|SYSTEM_MODE_ENTER|true
16:53:49.0 (119045658)|HEAP_ALLOCATE|[EXTERNAL]|Bytes:256
16:53:49.0 (119052804)|VARIABLE_ASSIGNMENT|[EXTERNAL]|this.draftProcess|null|0x713ba316
16:53:49.0 (119097156)|SYSTEM_MODE_ENTER|true
16:53:49.0 (119109414)|HEAP_ALLOCATE|[EXTERNAL]|Bytes:256
16:53:49.0 (119116887)|VARIABLE_ASSIGNMENT|[EXTERNAL]|this.remandCategory|null|0x713ba316
16:53:49.0 (119144018)|SYSTEM_MODE_ENTER|true
16:53:49.0 (119155132)|HEAP_ALLOCATE|[EXTERNAL]|Bytes:256
16:53:49.0 (119162092)|VARIABLE_ASSIGNMENT|[EXTERNAL]|this.remandProcess|null|0x713ba316
16:53:49.0 (119470835)|SYSTEM_MODE_ENTER|true
16:53:49.0 (119484158)|HEAP_ALLOCATE|[EXTERNAL]|Bytes:256
16:53:49.0 (119492076)|VARIABLE_ASSIGNMENT|[EXTERNAL]|this.pendingCount|null|0x713ba316
16:53:49.0 (119930216)|HEAP_ALLOCATE|[EXTERNAL]|Bytes:256
16:53:49.0 (119942098)|VARIABLE_SCOPE_BEGIN|[219]|this|saReportCtrl|true|false
16:53:49.0 (120037389)|VARIABLE_ASSIGNMENT|[219]|this|{"basicSearchCategory":" ","basicSearchCount":"20","basicSearchDateEnd":"","basicSearchDateStart":"","basicSearchKeywords":"","basicSearchSort":" ","categoryDataOptions":"0x35f63d69","countDataOptions":"0xba270a7","currentUser":"0x5b77f909","filteredRecords":"0x77f8d262","inputReportBody":"","inputTitle":"","isCopySelected":false,"isGoodSelected":false,"isVeryGoodSelected":false,"listOfCategory":"0x7361b481","listOfSAReports":"0x6b5ec502","messageError":"","mySearchDateEnd":"","mySearchDateStart":"","mySearchKeywords":"","pendingDateEnd":"","pendingDateStart":"","pendingKeywords":"","processDataOptions":"0xf85d6d1","recordedPreviousRepo (11 more) ...":"","reportComments":"0x3e5f6e81","reportGoodViews":"0x40641077","reportManagedViews":"0x5d0fabac","sortDataOptions":"0x7c9ddd82","sourceOfExecution":"","stateDataOptions":"0x39739ff6"}|0x713ba316
16:53:49.0 (120063249)|SYSTEM_MODE_ENTER|false
16:53:49.0 (120070536)|HEAP_ALLOCATE|[221]|Bytes:5
16:53:49.0 (120075441)|STATEMENT_EXECUTE|[219]
16:53:49.0 (120077349)|STATEMENT_EXECUTE|[221]
16:53:49.0 (120080760)|HEAP_ALLOCATE|[221]|Bytes:20
16:53:49.0 (120138048)|USER_DEBUG|[221]|DEBUG|Run: getAllMyReports
16:53:49.0 (120171055)|STATEMENT_EXECUTE|[223]
16:53:49.0 (120174175)|HEAP_ALLOCATE|[223]|Bytes:218
16:53:49.0 (120182552)|VARIABLE_SCOPE_BEGIN|[223]|queryStr|String|false|false
16:53:49.0 (120195638)|VARIABLE_ASSIGNMENT|[223]|queryStr|"SELECT Id, Name, Sub (198 more) ..."
16:53:49.0 (120200483)|STATEMENT_EXECUTE|[224]
16:53:49.0 (120202971)|HEAP_ALLOCATE|[224]|Bytes:21
16:53:49.0 (120258520)|HEAP_ALLOCATE|[224]|Bytes:85
16:53:49.0 (120272305)|SYSTEM_METHOD_ENTRY|[1]|UserInfo.UserInfo()
16:53:49.0 (120276323)|STATEMENT_EXECUTE|[1]
16:53:49.0 (120283722)|SYSTEM_METHOD_EXIT|[1]|UserInfo
16:53:49.0 (120296709)|METHOD_ENTRY|[224]||System.UserInfo.getUserId()
16:53:49.0 (120333256)|METHOD_EXIT|[224]||System.UserInfo.getUserId()
16:53:49.0 (120339600)|HEAP_ALLOCATE|[224]|Bytes:1
16:53:49.0 (120358484)|HEAP_ALLOCATE|[224]|Bytes:40
16:53:49.0 (120366800)|HEAP_ALLOCATE|[224]|Bytes:258
16:53:49.0 (120376284)|VARIABLE_ASSIGNMENT|[224]|queryStr|"SELECT Id, Name, Sub (238 more) ..."
16:53:49.0 (120381406)|STATEMENT_EXECUTE|[225]
16:53:49.0 (120384144)|HEAP_ALLOCATE|[225]|Bytes:5
16:53:49.0 (120416097)|METHOD_ENTRY|[225]|01pN0000000aEUV|saReportCtrl.getWhereCondForCorrespondingProfile()
16:53:49.0 (120429132)|VARIABLE_SCOPE_BEGIN|[998]|this|saReportCtrl|true|false
16:53:49.0 (120518852)|VARIABLE_ASSIGNMENT|[998]|this|{"basicSearchCategory":" ","basicSearchCount":"20","basicSearchDateEnd":"","basicSearchDateStart":"","basicSearchKeywords":"","basicSearchSort":" ","categoryDataOptions":"0x35f63d69","countDataOptions":"0xba270a7","currentUser":"0x5b77f909","filteredRecords":"0x77f8d262","inputReportBody":"","inputTitle":"","isCopySelected":false,"isGoodSelected":false,"isVeryGoodSelected":false,"listOfCategory":"0x7361b481","listOfSAReports":"0x6b5ec502","messageError":"","mySearchDateEnd":"","mySearchDateStart":"","mySearchKeywords":"","pendingDateEnd":"","pendingDateStart":"","pendingKeywords":"","processDataOptions":"0xf85d6d1","recordedPreviousRepo (11 more) ...":"","reportComments":"0x3e5f6e81","reportGoodViews":"0x40641077","reportManagedViews":"0x5d0fabac","sortDataOptions":"0x7c9ddd82","sourceOfExecution":"","stateDataOptions":"0x39739ff6"}|0x713ba316
16:53:49.0 (120544264)|HEAP_ALLOCATE|[1000]|Bytes:5
16:53:49.0 (120549289)|STATEMENT_EXECUTE|[998]
16:53:49.0 (120550918)|STATEMENT_EXECUTE|[1000]
16:53:49.0 (120556100)|VARIABLE_SCOPE_BEGIN|[1000]|correspProfRepCondForQuery|String|false|false
16:53:49.0 (120565246)|VARIABLE_ASSIGNMENT|[1000]|correspProfRepCondForQuery|""
16:53:49.0 (120569168)|STATEMENT_EXECUTE|[1002]
16:53:49.0 (120571333)|HEAP_ALLOCATE|[1002]|Bytes:56
16:53:49.0 (120591047)|HEAP_ALLOCATE|[1002]|Bytes:4
16:53:49.0 (120601911)|HEAP_ALLOCATE|[1002]|Bytes:7
16:53:49.0 (120612451)|METHOD_ENTRY|[1002]||System.UserInfo.getProfileId()
16:53:49.0 (120641891)|METHOD_EXIT|[1002]||System.UserInfo.getProfileId()
16:53:49.0 (121898338)|SOQL_EXECUTE_BEGIN|[1002]|Aggregations:0|SELECT Id, Name FROM Profile WHERE Id = :tmpVar1 LIMIT 1
16:53:49.0 (124419693)|SOQL_EXECUTE_END|[1002]|Rows:1
16:53:49.0 (124440860)|HEAP_ALLOCATE|[1002]|Bytes:8
16:53:49.0 (124454978)|HEAP_ALLOCATE|[1002]|Bytes:57
16:53:49.0 (124517112)|HEAP_ALLOCATE|[1002]|Bytes:8
16:53:49.0 (124532889)|VARIABLE_SCOPE_BEGIN|[1002]|PROFILE|List<Profile>|true|false
16:53:49.0 (124556389)|VARIABLE_ASSIGNMENT|[1002]|PROFILE|[{"Id":"00e6F000002RS1oQAG","Name":"System Administrator"}]|0x3f24a04
16:53:49.0 (124563566)|STATEMENT_EXECUTE|[1003]
16:53:49.0 (124608857)|HEAP_ALLOCATE|[1003]|Bytes:12
16:53:49.0 (124640072)|VARIABLE_SCOPE_BEGIN|[1003]|CurrentUSerProfileName|String|false|false
16:53:49.0 (124652487)|VARIABLE_ASSIGNMENT|[1003]|CurrentUSerProfileName|"System Administrator"
16:53:49.0 (126391259)|HEAP_ALLOCATE|[1005]|Bytes:11
16:53:49.0 (126421977)|STATEMENT_EXECUTE|[1007]
16:53:49.0 (126424209)|STATEMENT_EXECUTE|[1008]
16:53:49.0 (126426986)|HEAP_ALLOCATE|[1008]|Bytes:24
16:53:49.0 (126435244)|HEAP_ALLOCATE|[1008]|Bytes:24
16:53:49.0 (126448184)|VARIABLE_ASSIGNMENT|[1008]|correspProfRepCondForQuery|" IsReportEvolva__c=f (4 more) ..."
16:53:49.0 (126453327)|STATEMENT_EXECUTE|[1011]
16:53:49.0 (126461907)|METHOD_EXIT|[225]|01pN0000000aEUV|saReportCtrl.getWhereCondForCorrespondingProfile()
16:53:49.0 (126469516)|HEAP_ALLOCATE|[225]|Bytes:29
16:53:49.0 (126474205)|HEAP_ALLOCATE|[225]|Bytes:287
16:53:49.0 (126481036)|VARIABLE_ASSIGNMENT|[225]|queryStr|"SELECT Id, Name, Sub (267 more) ..."
16:53:49.0 (126485525)|STATEMENT_EXECUTE|[226]
16:53:49.0 (126488403)|HEAP_ALLOCATE|[226]|Bytes:29
16:53:49.0 (126493148)|HEAP_ALLOCATE|[226]|Bytes:316
16:53:49.0 (126499416)|VARIABLE_ASSIGNMENT|[226]|queryStr|"SELECT Id, Name, Sub (296 more) ..."
16:53:49.0 (126504331)|STATEMENT_EXECUTE|[228]
16:53:49.0 (127009612)|SOQL_EXECUTE_BEGIN|[228]|Aggregations:0|SELECT Id, Name, Subject__c, Category__c, Process__c, Report_body__c, CreatedBy__r.DisplayedUsernameFormula__c, CreatedDate__c, AvailabilityDate__c, State__c, IsNew__c, NbLike__c, NbView__c, NbCopy__c FROM saReport__c  WHERE CreatedBy__c='005N00000057PfOIAU' And  IsReportEvolva__c=false ORDER BY CreatedDate__c Desc
16:53:49.0 (135337771)|SOQL_EXECUTE_END|[228]|Rows:13
16:53:49.0 (135357928)|HEAP_ALLOCATE|[228]|Bytes:56
16:53:49.0 (135437222)|HEAP_ALLOCATE|[228]|Bytes:5586
16:53:49.0 (135470685)|HEAP_ALLOCATE|[228]|Bytes:56
16:53:49.0 (135613499)|VARIABLE_ASSIGNMENT|[EXTERNAL]|this|{"basicSearchCategory":" ","basicSearchCount":"20","basicSearchDateEnd":"","basicSearchDateStart":"","basicSearchKeywords":"","basicSearchSort":" ","categoryDataOptions":"0x35f63d69","countDataOptions":"0xba270a7","currentUser":"0x5b77f909","filteredRecords":"0x77f8d262","inputReportBody":"","inputTitle":"","isCopySelected":false,"isGoodSelected":false,"isVeryGoodSelected":false,"listOfCategory":"0x7361b481","listOfSAReports":"0x6b5ec502","messageError":"","mySearchDateEnd":"","mySearchDateStart":"","mySearchKeywords":"","pendingDateEnd":"","pendingDateStart":"","pendingKeywords":"","processDataOptions":"0xf85d6d1","recordedPreviousRepo (11 more) ...":"","reportComments":"0x3e5f6e81","reportGoodViews":"0x40641077","reportManagedViews":"0x5d0fabac","sortDataOptions":"0x7c9ddd82","sourceOfExecution":"","stateDataOptions":"0x39739ff6"}|0x713ba316
16:53:49.0 (135636390)|VARIABLE_ASSIGNMENT|[EXTERNAL]|value|"List of size 13 too large to display"|0x5835f182
16:53:49.0 (135649847)|VARIABLE_ASSIGNMENT|[51]|this.listOfSAReports|"List of size 13 too large to display"|0x713ba316
16:53:49.0 (135660934)|STATEMENT_EXECUTE|[230]
16:53:49.0 (135665035)|HEAP_ALLOCATE|[230]|Bytes:26
16:53:49.0 (135772807)|VARIABLE_ASSIGNMENT|[EXTERNAL]|this|{"basicSearchCategory":" ","basicSearchCount":"20","basicSearchDateEnd":"","basicSearchDateStart":"","basicSearchKeywords":"","basicSearchSort":" ","categoryDataOptions":"0x35f63d69","countDataOptions":"0xba270a7","currentUser":"0x5b77f909","filteredRecords":"0x77f8d262","inputReportBody":"","inputTitle":"","isCopySelected":false,"isGoodSelected":false,"isVeryGoodSelected":false,"listOfCategory":"0x7361b481","listOfSAReports":"0x5835f182","messageError":"","mySearchDateEnd":"","mySearchDateStart":"","mySearchKeywords":"","pendingDateEnd":"","pendingDateStart":"","pendingKeywords":"","processDataOptions":"0xf85d6d1","recordedPreviousRepo (11 more) ...":"","reportComments":"0x3e5f6e81","reportGoodViews":"0x40641077","reportManagedViews":"0x5d0fabac","sortDataOptions":"0x7c9ddd82","sourceOfExecution":"","stateDataOptions":"0x39739ff6"}|0x713ba316
16:53:49.0 (136186024)|HEAP_ALLOCATE|[230]|Bytes:3059
16:53:49.0 (136206605)|HEAP_ALLOCATE|[230]|Bytes:3085
16:53:49.0 (136222571)|USER_DEBUG|[230]|DEBUG|getAllMyReports Results : (saReport__c:{Id=a0HN0000008HFHEMA4, Name=SA_Report-00000087, Subject__c=New Entry for Date Format, Category__c=新iPhone, Process__c=クロージング, Report_body__c=Date is, CreatedBy__c=005N00000057PfOIAU, CreatedDate__c=2018-03-18 23:26:22, AvailabilityDate__c=2018-03-18 23:26:23, State__c=Publish, IsNew__c=true, NbLike__c=0, NbView__c=1, NbCopy__c=0}, saReport__c:{Id=a0HN0000008HF1UMAW, Name=SA_Report-00000035, Subject__c=222t, Category__c=Vストック, Process__c=提案, Report_body__c=222t, CreatedBy__c=005N00000057PfOIAU, CreatedDate__c=2018-03-16 08:51:17, State__c=Draft, IsNew__c=false, NbLike__c=0, NbView__c=0, NbCopy__c=0}, saReport__c:{Id=a0HN0000008HF1PMAW, Name=SA_Report-00000034, Subject__c=111t, Category__c=新iPhone, Process__c=引き出し, Report_body__c=111t, CreatedBy__c=005N00000057PfOIAU, CreatedDate__c=2018-03-16 08:51:02, State__c=Draft, IsNew__c=false, NbLike__c=0, NbView__c=0, NbCopy__c=0}, saReport__c:{Id=a0HN0000008HEy1MAG, Name=SA_Report-00000031, Subject__c=egssfzegfa, Category__c=新iPhone, Process__c=提案, Report_body__c=eagfawefg, CreatedBy__c=005N00000057PfOIAU, CreatedDate__c=2018-03-16 05:56:38, State__c=Draft, IsNew__c=false, NbLike__c=0, NbView__c=0, NbCopy__c=0}, saReport__c:{Id=a0HN0000008HDmEMAW, Name=SA_Report-00000025, Subject__c=Test submit directly, Category__c=新iPhone, Process__c=提案, Report_body__c=Should be in pending state, CreatedBy__c=005N00000057PfOIAU, CreatedDate__c=2018-03-15 06:30:35, AvailabilityDate__c=2018-03-19 02:49:00, State__c=Publish, IsNew__c=true, NbLike__c=0, NbView__c=1, NbCopy__c=0}, saReport__c:{Id=a0HN0000008HDlVMAW, Name=SA_Report-00000024, Subject__c=It's amazing!, Category__c=au S T A R, Process__c=クロージング, Report_body__c=Amazing!, CreatedBy__c=005N00000057PfOIAU, CreatedDate__c=2018-03-15 06:15:40, State__c=Draft, IsNew__c=false, NbLike__c=0, NbView__c=2, NbCopy__c=0}, saReport__c:{Id=a0HN0000008HDjAMAW, Name=SA_Report-00000023, Subject__c=Test 2, Process__c=引き出し, Report_body__c=test 2, CreatedBy__c=005N00000057PfOIAU, CreatedDate__c=2018-03-14 23:56:18, State__c=Pending, IsNew__c=false, NbLike__c=0, NbView__c=0, NbCopy__c=0}, saReport__c:{Id=a0HN0000008HDj5MAG, Name=SA_Report-00000022, Subject__c=Houston, Process__c=声掛け, Report_body__c=on a un..., CreatedBy__c=005N00000057PfOIAU, CreatedDate__c=2018-03-14 23:10:20, State__c=Pending, IsNew__c=false, NbLike__c=0, NbView__c=0, NbCopy__c=0}, saReport__c:{Id=a0HN0000008PlH5MAK, Name=SA_Report-00000006, Subject__c=Test Edition Draft, Category__c=新iPhone, Process__c=声掛け, Report_body__c=Sauvegarde du Draft, CreatedBy__c=005N00000057PfOIAU, CreatedDate__c=2018-03-12 23:09:51, State__c=Pending, IsNew__c=false, NbLike__c=0, NbView__c=1, NbCopy__c=0}, saReport__c:{Id=a0HN0000008OfjYMAS, Name=SA_Report-00000003, Subject__c=Test新iPhoneの販売について, Category__c=その他, Process__c=声掛け, Report_body__c=佐山営業所の佐山です。佐山営業所の佐山です。佐山営業所の佐山です。佐山営業所の佐山です。佐山営業所の佐山です。, CreatedBy__c=005N00000057PfOIAU, CreatedDate__c=2018-03-06 01:59:00, AvailabilityDate__c=3000-03-09 03:20:00, State__c=Remand, IsNew__c=true, NbLike__c=0, NbView__c=0, NbCopy__c=0}, ...)
16:53:49.0 (136276641)|SYSTEM_MODE_EXIT|false
16:53:49.0 (162057582)|SYSTEM_MODE_ENTER|true
16:53:49.0 (162088469)|HEAP_ALLOCATE|[EXTERNAL]|Bytes:40
16:53:49.0 (162103124)|VARIABLE_ASSIGNMENT|[EXTERNAL]|this.iCountComments|null|0x29af3557
16:53:49.0 (162146769)|SYSTEM_MODE_ENTER|true
16:53:49.0 (162159341)|HEAP_ALLOCATE|[EXTERNAL]|Bytes:40
16:53:49.0 (162166340)|VARIABLE_ASSIGNMENT|[EXTERNAL]|this.iCountLikes|null|0x29af3557
16:53:49.0 (162236784)|SYSTEM_MODE_ENTER|true
16:53:49.0 (162273224)|HEAP_ALLOCATE|[EXTERNAL]|Bytes:256
16:53:49.0 (162282905)|VARIABLE_SCOPE_BEGIN|[127]|this|saReportCtrl|true|false
16:53:49.0 (162387362)|VARIABLE_ASSIGNMENT|[127]|this|{"basicSearchCategory":" ","basicSearchCount":"20","basicSearchDateEnd":"","basicSearchDateStart":"","basicSearchKeywords":"","basicSearchSort":" ","categoryDataOptions":"0x35f63d69","countDataOptions":"0xba270a7","currentUser":"0x5b77f909","filteredRecords":"0x77f8d262","inputReportBody":"","inputTitle":"","isCopySelected":false,"isGoodSelected":false,"isVeryGoodSelected":false,"listOfCategory":"0x7361b481","listOfSAReports":"0x5835f182","messageError":"","mySearchDateEnd":"","mySearchDateStart":"","mySearchKeywords":"","pendingDateEnd":"","pendingDateStart":"","pendingKeywords":"","processDataOptions":"0xf85d6d1","recordedPreviousRepo (11 more) ...":"","reportComments":"0x3e5f6e81","reportGoodViews":"0x40641077","reportManagedViews":"0x5d0fabac","sortDataOptions":"0x7c9ddd82","sourceOfExecution":"","stateDataOptions":"0x39739ff6"}|0x713ba316
16:53:49.0 (162414030)|SYSTEM_MODE_ENTER|false
16:53:49.0 (162422068)|HEAP_ALLOCATE|[127]|Bytes:5
16:53:49.0 (162427529)|STATEMENT_EXECUTE|[127]
16:53:49.0 (162429492)|STATEMENT_EXECUTE|[127]
16:53:49.0 (162434749)|SYSTEM_MODE_EXIT|false
16:53:49.0 (162480383)|SYSTEM_MODE_ENTER|true
16:53:49.0 (162495204)|HEAP_ALLOCATE|[EXTERNAL]|Bytes:8
16:53:49.0 (162499327)|HEAP_ALLOCATE|[EXTERNAL]|Bytes:40
16:53:49.0 (162507929)|VARIABLE_ASSIGNMENT|[EXTERNAL]|this.iTypeOfScreen|52|0x29af3557
16:53:49.0 (162604730)|SYSTEM_MODE_ENTER|true
16:53:49.0 (162733433)|SYSTEM_MODE_ENTER|true
16:53:49.0 (172660165)|SYSTEM_MODE_ENTER|true
16:53:49.0 (172726324)|SYSTEM_MODE_ENTER|true
16:53:49.0 (172796292)|SYSTEM_MODE_ENTER|true
16:53:49.0 (172858435)|SYSTEM_MODE_ENTER|true
16:53:49.0 (172971092)|SYSTEM_MODE_ENTER|true
16:53:49.0 (173058887)|SYSTEM_MODE_ENTER|true
16:53:49.0 (173135890)|SYSTEM_MODE_ENTER|true
16:53:49.0 (173451259)|SYSTEM_MODE_ENTER|true
16:53:49.0 (173478887)|HEAP_ALLOCATE|[EXTERNAL]|Bytes:256
16:53:49.0 (173487384)|VARIABLE_SCOPE_BEGIN|[32]|this|saReportCtrl|true|false
16:53:49.0 (173583846)|VARIABLE_ASSIGNMENT|[32]|this|{"basicSearchCategory":" ","basicSearchCount":"20","basicSearchDateEnd":"","basicSearchDateStart":"","basicSearchKeywords":"","basicSearchSort":" ","categoryDataOptions":"0x35f63d69","countDataOptions":"0xba270a7","currentUser":"0x5b77f909","filteredRecords":"0x77f8d262","inputReportBody":"","inputTitle":"","isCopySelected":false,"isGoodSelected":false,"isVeryGoodSelected":false,"listOfCategory":"0x7361b481","listOfSAReports":"0x5835f182","messageError":"","mySearchDateEnd":"","mySearchDateStart":"","mySearchKeywords":"","pendingDateEnd":"","pendingDateStart":"","pendingKeywords":"","processDataOptions":"0xf85d6d1","recordedPreviousRepo (11 more) ...":"","reportComments":"0x3e5f6e81","reportGoodViews":"0x40641077","reportManagedViews":"0x5d0fabac","sortDataOptions":"0x7c9ddd82","sourceOfExecution":"","stateDataOptions":"0x39739ff6"}|0x713ba316
16:53:49.0 (173609037)|SYSTEM_MODE_ENTER|false
16:53:49.0 (173616211)|HEAP_ALLOCATE|[32]|Bytes:5
16:53:49.0 (173621196)|STATEMENT_EXECUTE|[32]
16:53:49.0 (173623091)|STATEMENT_EXECUTE|[32]
16:53:49.0 (173628238)|SYSTEM_MODE_EXIT|false
16:53:49.0 (173749181)|SYSTEM_MODE_ENTER|true
16:53:49.0 (173773810)|HEAP_ALLOCATE|[EXTERNAL]|Bytes:256
16:53:49.0 (173785726)|VARIABLE_SCOPE_BEGIN|[33]|this|saReportCtrl|true|false
16:53:49.0 (173871776)|VARIABLE_ASSIGNMENT|[33]|this|{"basicSearchCategory":" ","basicSearchCount":"20","basicSearchDateEnd":"","basicSearchDateStart":"","basicSearchKeywords":"","basicSearchSort":" ","categoryDataOptions":"0x35f63d69","countDataOptions":"0xba270a7","currentUser":"0x5b77f909","filteredRecords":"0x77f8d262","inputReportBody":"","inputTitle":"","isCopySelected":false,"isGoodSelected":false,"isVeryGoodSelected":false,"listOfCategory":"0x7361b481","listOfSAReports":"0x5835f182","messageError":"","mySearchDateEnd":"","mySearchDateStart":"","mySearchKeywords":"","pendingDateEnd":"","pendingDateStart":"","pendingKeywords":"","processDataOptions":"0xf85d6d1","recordedPreviousRepo (11 more) ...":"","reportComments":"0x3e5f6e81","reportGoodViews":"0x40641077","reportManagedViews":"0x5d0fabac","sortDataOptions":"0x7c9ddd82","sourceOfExecution":"","stateDataOptions":"0x39739ff6"}|0x713ba316
16:53:49.0 (173895922)|SYSTEM_MODE_ENTER|false
16:53:49.0 (173902093)|HEAP_ALLOCATE|[33]|Bytes:5
16:53:49.0 (173907176)|STATEMENT_EXECUTE|[33]
16:53:49.0 (173908741)|STATEMENT_EXECUTE|[33]
16:53:49.0 (173913113)|SYSTEM_MODE_EXIT|false
16:53:49.0 (174027361)|SYSTEM_MODE_ENTER|true
16:53:49.0 (174051916)|HEAP_ALLOCATE|[EXTERNAL]|Bytes:256
16:53:49.0 (174058669)|VARIABLE_SCOPE_BEGIN|[35]|this|saReportCtrl|true|false
16:53:49.0 (174142738)|VARIABLE_ASSIGNMENT|[35]|this|{"basicSearchCategory":" ","basicSearchCount":"20","basicSearchDateEnd":"","basicSearchDateStart":"","basicSearchKeywords":"","basicSearchSort":" ","categoryDataOptions":"0x35f63d69","countDataOptions":"0xba270a7","currentUser":"0x5b77f909","filteredRecords":"0x77f8d262","inputReportBody":"","inputTitle":"","isCopySelected":false,"isGoodSelected":false,"isVeryGoodSelected":false,"listOfCategory":"0x7361b481","listOfSAReports":"0x5835f182","messageError":"","mySearchDateEnd":"","mySearchDateStart":"","mySearchKeywords":"","pendingDateEnd":"","pendingDateStart":"","pendingKeywords":"","processDataOptions":"0xf85d6d1","recordedPreviousRepo (11 more) ...":"","reportComments":"0x3e5f6e81","reportGoodViews":"0x40641077","reportManagedViews":"0x5d0fabac","sortDataOptions":"0x7c9ddd82","sourceOfExecution":"","stateDataOptions":"0x39739ff6"}|0x713ba316
16:53:49.0 (174165343)|SYSTEM_MODE_ENTER|false
16:53:49.0 (174172099)|HEAP_ALLOCATE|[35]|Bytes:5
16:53:49.0 (174177553)|STATEMENT_EXECUTE|[35]
16:53:49.0 (174179239)|STATEMENT_EXECUTE|[35]
16:53:49.0 (174183317)|SYSTEM_MODE_EXIT|false
16:53:49.0 (174326344)|SYSTEM_MODE_ENTER|true
16:53:49.0 (174349677)|HEAP_ALLOCATE|[EXTERNAL]|Bytes:256
16:53:49.0 (174356937)|VARIABLE_SCOPE_BEGIN|[34]|this|saReportCtrl|true|false
16:53:49.0 (174440926)|VARIABLE_ASSIGNMENT|[34]|this|{"basicSearchCategory":" ","basicSearchCount":"20","basicSearchDateEnd":"","basicSearchDateStart":"","basicSearchKeywords":"","basicSearchSort":" ","categoryDataOptions":"0x35f63d69","countDataOptions":"0xba270a7","currentUser":"0x5b77f909","filteredRecords":"0x77f8d262","inputReportBody":"","inputTitle":"","isCopySelected":false,"isGoodSelected":false,"isVeryGoodSelected":false,"listOfCategory":"0x7361b481","listOfSAReports":"0x5835f182","messageError":"","mySearchDateEnd":"","mySearchDateStart":"","mySearchKeywords":"","pendingDateEnd":"","pendingDateStart":"","pendingKeywords":"","processDataOptions":"0xf85d6d1","recordedPreviousRepo (11 more) ...":"","reportComments":"0x3e5f6e81","reportGoodViews":"0x40641077","reportManagedViews":"0x5d0fabac","sortDataOptions":"0x7c9ddd82","sourceOfExecution":"","stateDataOptions":"0x39739ff6"}|0x713ba316
16:53:49.0 (174463742)|SYSTEM_MODE_ENTER|false
16:53:49.0 (174469642)|HEAP_ALLOCATE|[34]|Bytes:5
16:53:49.0 (174474687)|STATEMENT_EXECUTE|[34]
16:53:49.0 (174476192)|STATEMENT_EXECUTE|[34]
16:53:49.0 (174480047)|SYSTEM_MODE_EXIT|false
16:53:49.0 (199905684)|SYSTEM_MODE_ENTER|true
16:53:49.0 (199940693)|HEAP_ALLOCATE|[EXTERNAL]|Bytes:256
16:53:49.0 (200047843)|VARIABLE_ASSIGNMENT|[EXTERNAL]|this|{"basicSearchCategory":" ","basicSearchCount":"20","basicSearchDateEnd":"","basicSearchDateStart":"","basicSearchKeywords":"","basicSearchSort":" ","categoryDataOptions":"0x35f63d69","countDataOptions":"0xba270a7","currentUser":"0x5b77f909","filteredRecords":"0x77f8d262","inputReportBody":"","inputTitle":"","isCopySelected":false,"isGoodSelected":false,"isVeryGoodSelected":false,"listOfCategory":"0x7361b481","listOfSAReports":"0x5835f182","messageError":"","mySearchDateEnd":"","mySearchDateStart":"","mySearchKeywords":"","pendingDateEnd":"","pendingDateStart":"","pendingKeywords":"","processDataOptions":"0xf85d6d1","recordedPreviousRepo (11 more) ...":"","reportComments":"0x3e5f6e81","reportGoodViews":"0x40641077","reportManagedViews":"0x5d0fabac","sortDataOptions":"0x7c9ddd82","sourceOfExecution":"","stateDataOptions":"0x39739ff6"}|0x713ba316
16:53:49.0 (200073795)|SYSTEM_MODE_ENTER|false
16:53:49.0 (200081406)|HEAP_ALLOCATE|[141]|Bytes:5
16:53:49.0 (200087452)|STATEMENT_EXECUTE|[140]
16:53:49.0 (200089334)|STATEMENT_EXECUTE|[141]
16:53:49.0 (200111472)|METHOD_ENTRY|[141]||System.UserInfo.getTimeZone()
16:53:49.0 (200377732)|METHOD_EXIT|[141]||System.UserInfo.getTimeZone()
16:53:49.0 (200387360)|VARIABLE_SCOPE_BEGIN|[141]|tz|System.TimeZone|true|false
16:53:49.0 (200411371)|VARIABLE_ASSIGNMENT|[141]|tz|{"delegate":"0x5ce12a"}|0x530d6767
16:53:49.0 (200418406)|STATEMENT_EXECUTE|[143]
16:53:49.0 (200464487)|HEAP_ALLOCATE|[143]|Bytes:56
16:53:49.0 (200485433)|METHOD_ENTRY|[143]||System.TimeZone.getOffset(Datetime)
16:53:49.0 (200513309)|METHOD_EXIT|[143]||System.TimeZone.getOffset(Datetime)
16:53:49.0 (200536933)|HEAP_ALLOCATE|[143]|Bytes:28
16:53:49.0 (200545718)|HEAP_ALLOCATE|[143]|Bytes:28
16:53:49.0 (200553732)|HEAP_ALLOCATE|[143]|Bytes:4
16:53:49.0 (200566677)|HEAP_ALLOCATE|[143]|Bytes:28
16:53:49.0 (200598711)|HEAP_ALLOCATE|[143]|Bytes:28
16:53:49.0 (200665701)|HEAP_ALLOCATE|[143]|Bytes:28
16:53:49.0 (200670267)|HEAP_ALLOCATE|[143]|Bytes:28
16:53:49.0 (200685034)|HEAP_ALLOCATE|[143]|Bytes:12
16:53:49.0 (200691348)|SYSTEM_MODE_EXIT|false
16:53:49.0 (230206578)|VF_SERIALIZE_VIEWSTATE_BEGIN|066N0000000M59u
16:53:49.0 (238368338)|VF_SERIALIZE_VIEWSTATE_END
16:53:49.257 (257306393)|CUMULATIVE_LIMIT_USAGE
16:53:49.257 (257306393)|LIMIT_USAGE_FOR_NS|(default)|
  Number of SOQL queries: 2 out of 100
  Number of query rows: 14 out of 50000
  Number of SOSL queries: 0 out of 20
  Number of DML statements: 0 out of 150
  Number of DML rows: 0 out of 10000
  Maximum CPU time: 0 out of 10000
  Maximum heap size: 0 out of 6000000
  Number of callouts: 0 out of 100
  Number of Email Invocations: 0 out of 10
  Number of future calls: 0 out of 50
  Number of queueable jobs added to the queue: 0 out of 50
  Number of Mobile Apex push calls: 0 out of 10

16:53:49.257 (257306393)|CUMULATIVE_LIMIT_USAGE_END

16:53:49.0 (257365472)|CODE_UNIT_FINISHED|VF: /apex/saReport
16:53:49.0 (258174036)|EXECUTION_FINISHED
