42.0 APEX_CODE,FINEST;APEX_PROFILING,INFO;CALLOUT,INFO;DB,INFO;NBA,INFO;SYSTEM,DEBUG;VALIDATION,INFO;VISUALFORCE,INFO;WAVE,INFO;WORKFLOW,INFO
11:06:44.0 (80144)|USER_INFO|[EXTERNAL]|005N00000057PfO|thomas.remy+kddi_gwdev01@globalway.co.jp|Japan Standard Time|GMT+09:00
11:06:44.0 (119733)|EXECUTION_STARTED
11:06:44.0 (124413)|CODE_UNIT_STARTED|[EXTERNAL]|066N0000000M4pW|VF: /apex/sadailyreport
11:06:44.0 (291272)|VF_DESERIALIZE_VIEWSTATE_BEGIN|066N0000000M4pW
11:06:44.0 (3863262)|HEAP_ALLOCATE|[72]|Bytes:3
11:06:44.0 (3922712)|HEAP_ALLOCATE|[77]|Bytes:152
11:06:44.0 (3946467)|HEAP_ALLOCATE|[342]|Bytes:408
11:06:44.0 (3968495)|HEAP_ALLOCATE|[355]|Bytes:408
11:06:44.0 (3990589)|HEAP_ALLOCATE|[467]|Bytes:48
11:06:44.0 (4026465)|HEAP_ALLOCATE|[139]|Bytes:6
11:06:44.0 (5192651)|HEAP_ALLOCATE|[50]|Bytes:5
11:06:44.0 (5233841)|HEAP_ALLOCATE|[56]|Bytes:5
11:06:44.0 (5248745)|HEAP_ALLOCATE|[64]|Bytes:7
11:06:44.0 (6227828)|VARIABLE_SCOPE_BEGIN|[3]|saDailyReportCtrl.SOURCE|String|false|true
11:06:44.0 (6247541)|VARIABLE_SCOPE_BEGIN|[4]|saDailyReportCtrl.SOURCE_ID|String|false|true
11:06:44.0 (7974001)|VARIABLE_SCOPE_BEGIN|[25]|auMainTopCompCtrl.TYPE_SCREEN_ACCOUNT_LIST|Integer|false|true
11:06:44.0 (7987525)|VARIABLE_SCOPE_BEGIN|[26]|auMainTopCompCtrl.TYPE_SCREEN_ACTIVITY_LIST|Integer|false|true
11:06:44.0 (7994176)|VARIABLE_SCOPE_BEGIN|[7]|auMainTopCompCtrl.TYPE_SCREEN_CX_SCREEN|Integer|false|true
11:06:44.0 (8000453)|VARIABLE_SCOPE_BEGIN|[8]|auMainTopCompCtrl.TYPE_SCREEN_CX_TIMELINE|Integer|false|true
11:06:44.0 (8007228)|VARIABLE_SCOPE_BEGIN|[9]|auMainTopCompCtrl.TYPE_SCREEN_EVENT_SCHEDULE|Integer|false|true
11:06:44.0 (8014121)|VARIABLE_SCOPE_BEGIN|[10]|auMainTopCompCtrl.TYPE_SCREEN_EVENT_SCHEDULE_LIST|Integer|false|true
11:06:44.0 (8021367)|VARIABLE_SCOPE_BEGIN|[27]|auMainTopCompCtrl.TYPE_SCREEN_FILE_LIST|Integer|false|true
11:06:44.0 (8027825)|VARIABLE_SCOPE_BEGIN|[24]|auMainTopCompCtrl.TYPE_SCREEN_HONBU_DIRECT|Integer|false|true
11:06:44.0 (8034171)|VARIABLE_SCOPE_BEGIN|[11]|auMainTopCompCtrl.TYPE_SCREEN_KNOWLEDGE_DASHBOARD|Integer|false|true
11:06:44.0 (8039770)|VARIABLE_SCOPE_BEGIN|[12]|auMainTopCompCtrl.TYPE_SCREEN_KNOWLEDGE_LIST|Integer|false|true
11:06:44.0 (8045270)|VARIABLE_SCOPE_BEGIN|[15]|auMainTopCompCtrl.TYPE_SCREEN_SA_CHATTER|Integer|false|true
11:06:44.0 (8050799)|VARIABLE_SCOPE_BEGIN|[16]|auMainTopCompCtrl.TYPE_SCREEN_SA_DAILYREPORT|Integer|false|true
11:06:44.0 (8056723)|VARIABLE_SCOPE_BEGIN|[22]|auMainTopCompCtrl.TYPE_SCREEN_SA_DAILYREPORTLIST|Integer|false|true
11:06:44.0 (8062464)|VARIABLE_SCOPE_BEGIN|[18]|auMainTopCompCtrl.TYPE_SCREEN_SA_DOCUMENTS|Integer|false|true
11:06:44.0 (8068382)|VARIABLE_SCOPE_BEGIN|[17]|auMainTopCompCtrl.TYPE_SCREEN_SA_ENQUETE|Integer|false|true
11:06:44.0 (8073918)|VARIABLE_SCOPE_BEGIN|[20]|auMainTopCompCtrl.TYPE_SCREEN_SA_LINKS|Integer|false|true
11:06:44.0 (8080025)|VARIABLE_SCOPE_BEGIN|[13]|auMainTopCompCtrl.TYPE_SCREEN_SA_MESSAGES|Integer|false|true
11:06:44.0 (8085831)|VARIABLE_SCOPE_BEGIN|[19]|auMainTopCompCtrl.TYPE_SCREEN_SA_RANKING|Integer|false|true
11:06:44.0 (8091588)|VARIABLE_SCOPE_BEGIN|[14]|auMainTopCompCtrl.TYPE_SCREEN_SA_REPORTS|Integer|false|true
11:06:44.0 (8097521)|VARIABLE_SCOPE_BEGIN|[23]|auMainTopCompCtrl.TYPE_SCREEN_SA_TODO|Integer|false|true
11:06:44.0 (8103490)|VARIABLE_SCOPE_BEGIN|[21]|auMainTopCompCtrl.TYPE_SCREEN_SA_USRSETTINGS|Integer|false|true
11:06:44.0 (8109395)|VARIABLE_SCOPE_BEGIN|[4]|auMainTopCompCtrl.TYPE_SCREEN_STPD_EVENT|Integer|false|true
11:06:44.0 (8115602)|VARIABLE_SCOPE_BEGIN|[6]|auMainTopCompCtrl.TYPE_SCREEN_STPD_SCREEN|Integer|false|true
11:06:44.0 (8121719)|VARIABLE_SCOPE_BEGIN|[5]|auMainTopCompCtrl.TYPE_SCREEN_STPD_TIMELINE|Integer|false|true
11:06:44.0 (8127900)|VARIABLE_SCOPE_BEGIN|[3]|auMainTopCompCtrl.TYPE_SCREEN_SWITCH|Integer|false|true
11:06:44.0 (9355772)|VF_DESERIALIZE_VIEWSTATE_END
11:06:44.0 (11925400)|SYSTEM_MODE_ENTER|true
11:06:44.0 (12174741)|HEAP_ALLOCATE|[EXTERNAL]|Bytes:284
11:06:44.0 (12190597)|HEAP_ALLOCATE|[EXTERNAL]|Bytes:150
11:06:44.0 (12206926)|METHOD_ENTRY|[1]|01pN0000000Mill|auMainTopCompCtrl.auMainTopCompCtrl()
11:06:44.0 (12213085)|STATEMENT_EXECUTE|[1]
11:06:44.0 (12219326)|STATEMENT_EXECUTE|[1]
11:06:44.0 (12221048)|STATEMENT_EXECUTE|[3]
11:06:44.0 (12228125)|HEAP_ALLOCATE|[3]|Bytes:4
11:06:44.0 (12255182)|VARIABLE_ASSIGNMENT|[3]|auMainTopCompCtrl.TYPE_SCREEN_SWITCH|0
11:06:44.0 (12260522)|STATEMENT_EXECUTE|[4]
11:06:44.0 (12263823)|HEAP_ALLOCATE|[4]|Bytes:4
11:06:44.0 (12271919)|VARIABLE_ASSIGNMENT|[4]|auMainTopCompCtrl.TYPE_SCREEN_STPD_EVENT|11
11:06:44.0 (12276409)|STATEMENT_EXECUTE|[5]
11:06:44.0 (12279192)|HEAP_ALLOCATE|[5]|Bytes:4
11:06:44.0 (12285451)|VARIABLE_ASSIGNMENT|[5]|auMainTopCompCtrl.TYPE_SCREEN_STPD_TIMELINE|12
11:06:44.0 (12290045)|STATEMENT_EXECUTE|[6]
11:06:44.0 (12291939)|HEAP_ALLOCATE|[6]|Bytes:4
11:06:44.0 (12298421)|VARIABLE_ASSIGNMENT|[6]|auMainTopCompCtrl.TYPE_SCREEN_STPD_SCREEN|13
11:06:44.0 (12302299)|STATEMENT_EXECUTE|[7]
11:06:44.0 (12304225)|HEAP_ALLOCATE|[7]|Bytes:4
11:06:44.0 (12309678)|VARIABLE_ASSIGNMENT|[7]|auMainTopCompCtrl.TYPE_SCREEN_CX_SCREEN|21
11:06:44.0 (12313588)|STATEMENT_EXECUTE|[8]
11:06:44.0 (12315673)|HEAP_ALLOCATE|[8]|Bytes:4
11:06:44.0 (12321086)|VARIABLE_ASSIGNMENT|[8]|auMainTopCompCtrl.TYPE_SCREEN_CX_TIMELINE|22
11:06:44.0 (12325019)|STATEMENT_EXECUTE|[9]
11:06:44.0 (12327167)|HEAP_ALLOCATE|[9]|Bytes:4
11:06:44.0 (12332807)|VARIABLE_ASSIGNMENT|[9]|auMainTopCompCtrl.TYPE_SCREEN_EVENT_SCHEDULE|31
11:06:44.0 (12336615)|STATEMENT_EXECUTE|[10]
11:06:44.0 (12338706)|HEAP_ALLOCATE|[10]|Bytes:4
11:06:44.0 (12344184)|VARIABLE_ASSIGNMENT|[10]|auMainTopCompCtrl.TYPE_SCREEN_EVENT_SCHEDULE_LIST|32
11:06:44.0 (12348011)|STATEMENT_EXECUTE|[11]
11:06:44.0 (12350152)|HEAP_ALLOCATE|[11]|Bytes:4
11:06:44.0 (12356352)|VARIABLE_ASSIGNMENT|[11]|auMainTopCompCtrl.TYPE_SCREEN_KNOWLEDGE_DASHBOARD|41
11:06:44.0 (12360736)|STATEMENT_EXECUTE|[12]
11:06:44.0 (12362584)|HEAP_ALLOCATE|[12]|Bytes:4
11:06:44.0 (12368143)|VARIABLE_ASSIGNMENT|[12]|auMainTopCompCtrl.TYPE_SCREEN_KNOWLEDGE_LIST|42
11:06:44.0 (12371834)|STATEMENT_EXECUTE|[13]
11:06:44.0 (12373798)|HEAP_ALLOCATE|[13]|Bytes:4
11:06:44.0 (12379487)|VARIABLE_ASSIGNMENT|[13]|auMainTopCompCtrl.TYPE_SCREEN_SA_MESSAGES|51
11:06:44.0 (12383921)|STATEMENT_EXECUTE|[14]
11:06:44.0 (12386034)|HEAP_ALLOCATE|[14]|Bytes:4
11:06:44.0 (12391981)|VARIABLE_ASSIGNMENT|[14]|auMainTopCompCtrl.TYPE_SCREEN_SA_REPORTS|52
11:06:44.0 (12395907)|STATEMENT_EXECUTE|[15]
11:06:44.0 (12397898)|HEAP_ALLOCATE|[15]|Bytes:4
11:06:44.0 (12403585)|VARIABLE_ASSIGNMENT|[15]|auMainTopCompCtrl.TYPE_SCREEN_SA_CHATTER|53
11:06:44.0 (12407621)|STATEMENT_EXECUTE|[16]
11:06:44.0 (12410398)|HEAP_ALLOCATE|[16]|Bytes:4
11:06:44.0 (12415701)|VARIABLE_ASSIGNMENT|[16]|auMainTopCompCtrl.TYPE_SCREEN_SA_DAILYREPORT|54
11:06:44.0 (12419232)|STATEMENT_EXECUTE|[17]
11:06:44.0 (12421252)|HEAP_ALLOCATE|[17]|Bytes:4
11:06:44.0 (12427123)|VARIABLE_ASSIGNMENT|[17]|auMainTopCompCtrl.TYPE_SCREEN_SA_ENQUETE|55
11:06:44.0 (12431188)|STATEMENT_EXECUTE|[18]
11:06:44.0 (12433126)|HEAP_ALLOCATE|[18]|Bytes:4
11:06:44.0 (12438652)|VARIABLE_ASSIGNMENT|[18]|auMainTopCompCtrl.TYPE_SCREEN_SA_DOCUMENTS|56
11:06:44.0 (12442354)|STATEMENT_EXECUTE|[19]
11:06:44.0 (12444377)|HEAP_ALLOCATE|[19]|Bytes:4
11:06:44.0 (12450441)|VARIABLE_ASSIGNMENT|[19]|auMainTopCompCtrl.TYPE_SCREEN_SA_RANKING|57
11:06:44.0 (12454669)|STATEMENT_EXECUTE|[20]
11:06:44.0 (12456670)|HEAP_ALLOCATE|[20]|Bytes:4
11:06:44.0 (12462251)|VARIABLE_ASSIGNMENT|[20]|auMainTopCompCtrl.TYPE_SCREEN_SA_LINKS|58
11:06:44.0 (12466001)|STATEMENT_EXECUTE|[21]
11:06:44.0 (12467848)|HEAP_ALLOCATE|[21]|Bytes:4
11:06:44.0 (12473903)|VARIABLE_ASSIGNMENT|[21]|auMainTopCompCtrl.TYPE_SCREEN_SA_USRSETTINGS|59
11:06:44.0 (12478678)|STATEMENT_EXECUTE|[22]
11:06:44.0 (12480620)|HEAP_ALLOCATE|[22]|Bytes:4
11:06:44.0 (12486250)|VARIABLE_ASSIGNMENT|[22]|auMainTopCompCtrl.TYPE_SCREEN_SA_DAILYREPORTLIST|60
11:06:44.0 (12490186)|STATEMENT_EXECUTE|[23]
11:06:44.0 (12492163)|HEAP_ALLOCATE|[23]|Bytes:4
11:06:44.0 (12500136)|VARIABLE_ASSIGNMENT|[23]|auMainTopCompCtrl.TYPE_SCREEN_SA_TODO|61
11:06:44.0 (12503943)|STATEMENT_EXECUTE|[24]
11:06:44.0 (12506070)|HEAP_ALLOCATE|[24]|Bytes:4
11:06:44.0 (12511533)|VARIABLE_ASSIGNMENT|[24]|auMainTopCompCtrl.TYPE_SCREEN_HONBU_DIRECT|71
11:06:44.0 (12515564)|STATEMENT_EXECUTE|[25]
11:06:44.0 (12517723)|HEAP_ALLOCATE|[25]|Bytes:4
11:06:44.0 (12522923)|VARIABLE_ASSIGNMENT|[25]|auMainTopCompCtrl.TYPE_SCREEN_ACCOUNT_LIST|81
11:06:44.0 (12526878)|STATEMENT_EXECUTE|[26]
11:06:44.0 (12528859)|HEAP_ALLOCATE|[26]|Bytes:4
11:06:44.0 (12533959)|VARIABLE_ASSIGNMENT|[26]|auMainTopCompCtrl.TYPE_SCREEN_ACTIVITY_LIST|82
11:06:44.0 (12537523)|STATEMENT_EXECUTE|[27]
11:06:44.0 (12539724)|HEAP_ALLOCATE|[27]|Bytes:4
11:06:44.0 (12545207)|VARIABLE_ASSIGNMENT|[27]|auMainTopCompCtrl.TYPE_SCREEN_FILE_LIST|83
11:06:44.0 (12553186)|METHOD_EXIT|[1]|auMainTopCompCtrl
11:06:44.0 (12564566)|HEAP_ALLOCATE|[EXTERNAL]|Bytes:40
11:06:44.0 (12571961)|VARIABLE_SCOPE_BEGIN|[80]|this|auMainTopCompCtrl|true|false
11:06:44.0 (12633591)|VARIABLE_ASSIGNMENT|[80]|this|{"currentUser":"0x3e12ff8d","iTypeOfScreen":54,"urlReportsSFA":"https://cs6.lightnin (84 more) ..."}|0x604b01f
11:06:44.0 (12646934)|STATEMENT_EXECUTE|[80]
11:06:44.0 (12648745)|STATEMENT_EXECUTE|[81]
11:06:44.0 (12700951)|VARIABLE_ASSIGNMENT|[EXTERNAL]|this|{"currentUser":"0x3e12ff8d","iTypeOfScreen":54,"urlReportsSFA":"https://cs6.lightnin (84 more) ..."}|0x604b01f
11:06:44.0 (12750184)|VARIABLE_ASSIGNMENT|[EXTERNAL]|this|{"currentUser":"0x3e12ff8d","iTypeOfScreen":54,"urlReportsSFA":"https://cs6.lightnin (84 more) ..."}|0x604b01f
11:06:44.0 (12787220)|VARIABLE_ASSIGNMENT|[EXTERNAL]|this|{"currentUser":"0x3e12ff8d","iTypeOfScreen":54,"urlReportsSFA":"https://cs6.lightnin (84 more) ..."}|0x604b01f
11:06:44.0 (12823133)|VARIABLE_ASSIGNMENT|[EXTERNAL]|this|{"currentUser":"0x3e12ff8d","iTypeOfScreen":54,"urlReportsSFA":"https://cs6.lightnin (84 more) ..."}|0x604b01f
11:06:44.0 (12843639)|HEAP_ALLOCATE|[81]|Bytes:5
11:06:44.0 (12945093)|SYSTEM_MODE_ENTER|true
11:06:44.0 (12979541)|HEAP_ALLOCATE|[EXTERNAL]|Bytes:40
11:06:44.0 (12986536)|VARIABLE_SCOPE_BEGIN|[98]|this|auMainTopCompCtrl|true|false
11:06:44.0 (13017742)|VARIABLE_ASSIGNMENT|[98]|this|{"currentUser":"0x3e12ff8d","iTypeOfScreen":54,"urlReportsSFA":"https://cs6.lightnin (84 more) ..."}|0x604b01f
11:06:44.0 (13028410)|STATEMENT_EXECUTE|[98]
11:06:44.0 (13030355)|STATEMENT_EXECUTE|[99]
11:06:44.0 (13062139)|VARIABLE_ASSIGNMENT|[EXTERNAL]|this|{"currentUser":"0x3e12ff8d","iTypeOfScreen":54,"urlReportsSFA":"https://cs6.lightnin (84 more) ..."}|0x604b01f
11:06:44.0 (13076657)|HEAP_ALLOCATE|[99]|Bytes:5
11:06:44.0 (13136072)|SYSTEM_MODE_ENTER|true
11:06:44.0 (13187656)|HEAP_ALLOCATE|[EXTERNAL]|Bytes:40
11:06:44.0 (13194454)|VARIABLE_SCOPE_BEGIN|[102]|this|auMainTopCompCtrl|true|false
11:06:44.0 (13225023)|VARIABLE_ASSIGNMENT|[102]|this|{"currentUser":"0x3e12ff8d","iTypeOfScreen":54,"urlReportsSFA":"https://cs6.lightnin (84 more) ..."}|0x604b01f
11:06:44.0 (13234033)|STATEMENT_EXECUTE|[102]
11:06:44.0 (13235945)|STATEMENT_EXECUTE|[103]
11:06:44.0 (13265679)|VARIABLE_ASSIGNMENT|[EXTERNAL]|this|{"currentUser":"0x3e12ff8d","iTypeOfScreen":54,"urlReportsSFA":"https://cs6.lightnin (84 more) ..."}|0x604b01f
11:06:44.0 (13279585)|HEAP_ALLOCATE|[103]|Bytes:5
11:06:44.0 (13362044)|SYSTEM_MODE_ENTER|true
11:06:44.0 (13385704)|HEAP_ALLOCATE|[EXTERNAL]|Bytes:40
11:06:44.0 (13396255)|VARIABLE_ASSIGNMENT|[EXTERNAL]|this.iCountComments|null|0x604b01f
11:06:44.0 (13439185)|SYSTEM_MODE_ENTER|true
11:06:44.0 (13451759)|HEAP_ALLOCATE|[EXTERNAL]|Bytes:40
11:06:44.0 (13459212)|VARIABLE_ASSIGNMENT|[EXTERNAL]|this.iCountLikes|null|0x604b01f
11:06:44.0 (13549824)|SYSTEM_MODE_ENTER|true
11:06:44.0 (13592399)|HEAP_ALLOCATE|[EXTERNAL]|Bytes:26
11:06:44.0 (13601551)|HEAP_ALLOCATE|[EXTERNAL]|Bytes:460
11:06:44.0 (13606804)|HEAP_ALLOCATE|[EXTERNAL]|Bytes:113
11:06:44.0 (13611139)|HEAP_ALLOCATE|[EXTERNAL]|Bytes:39
11:06:44.0 (13614907)|HEAP_ALLOCATE|[EXTERNAL]|Bytes:3
11:06:44.0 (13623805)|VARIABLE_ASSIGNMENT|[EXTERNAL]|saDailyReportCtrl.SOURCE|"src"
11:06:44.0 (13628608)|HEAP_ALLOCATE|[EXTERNAL]|Bytes:2
11:06:44.0 (13634570)|VARIABLE_ASSIGNMENT|[EXTERNAL]|saDailyReportCtrl.SOURCE_ID|"id"
11:06:44.0 (13643392)|METHOD_ENTRY|[1]|01pN0000000aE0W|saDailyReportCtrl.saDailyReportCtrl()
11:06:44.0 (13648299)|STATEMENT_EXECUTE|[1]
11:06:44.0 (13651445)|STATEMENT_EXECUTE|[1]
11:06:44.0 (13661088)|SYSTEM_MODE_ENTER|false
11:06:44.0 (13667667)|HEAP_ALLOCATE|[EXTERNAL]|Bytes:5
11:06:44.0 (13672427)|STATEMENT_EXECUTE|[650]
11:06:44.0 (13674330)|STATEMENT_EXECUTE|[677]
11:06:44.0 (13678245)|SYSTEM_MODE_EXIT|false
11:06:44.0 (13685466)|METHOD_EXIT|[1]|saDailyReportCtrl
11:06:44.0 (13690222)|HEAP_ALLOCATE|[EXTERNAL]|Bytes:76
11:06:44.0 (13695328)|VARIABLE_SCOPE_BEGIN|[92]|this|saDailyReportCtrl|true|false
11:06:44.0 (14067527)|VARIABLE_ASSIGNMENT|[92]|this|{"BusinessLocationName":"","currentInquiryReply":"0x17798cec","currentInquiryReplyDetail":"0x34de5254","dailyReportId":"a0IN0000006RUllMAG","dCurrentDay":"2018-06-30T00:00:00Z","dCurrentMonth":"2018-07-01T00:00:00Z","iCurrentDay":0,"idBusinessLocation":"","isIPhone":false,"isPreview":true,"lsBusinessLocation":"0x1d993dd5","messageError":"","messageQuestion":"","mpQuestions":"0x32548280","myUser":"0x691166ca","sourceOfTheCall":"preview"}|0x37931e38
11:06:44.0 (14089994)|SYSTEM_MODE_ENTER|false
11:06:44.0 (14096869)|HEAP_ALLOCATE|[92]|Bytes:5
11:06:44.0 (14101862)|STATEMENT_EXECUTE|[92]
11:06:44.0 (14103750)|STATEMENT_EXECUTE|[92]
11:06:44.0 (14108528)|SYSTEM_MODE_EXIT|false
11:06:44.0 (14169740)|SYSTEM_MODE_ENTER|true
11:06:44.0 (14187971)|HEAP_ALLOCATE|[EXTERNAL]|Bytes:8
11:06:44.0 (14192516)|HEAP_ALLOCATE|[EXTERNAL]|Bytes:40
11:06:44.0 (14202549)|VARIABLE_ASSIGNMENT|[EXTERNAL]|this.iTypeOfScreen|54|0x604b01f
11:06:44.0 (14367015)|SYSTEM_MODE_ENTER|true
11:06:44.0 (14457047)|SYSTEM_MODE_ENTER|true
11:06:44.0 (14545107)|SYSTEM_MODE_ENTER|true
11:06:44.0 (14757224)|SYSTEM_MODE_ENTER|true
11:06:44.0 (16042346)|SYSTEM_MODE_ENTER|true
11:06:44.0 (17972142)|SYSTEM_MODE_ENTER|true
11:06:44.0 (18025320)|SYSTEM_MODE_ENTER|true
11:06:44.0 (18066032)|SYSTEM_MODE_ENTER|true
11:06:44.0 (18105019)|SYSTEM_MODE_ENTER|true
11:06:44.0 (18140839)|SYSTEM_MODE_ENTER|true
11:06:44.0 (18191582)|SYSTEM_MODE_ENTER|true
11:06:44.0 (18229100)|HEAP_ALLOCATE|[EXTERNAL]|Bytes:40
11:06:44.0 (18236617)|VARIABLE_SCOPE_BEGIN|[80]|this|auMainTopCompCtrl|true|false
11:06:44.0 (18275315)|VARIABLE_ASSIGNMENT|[80]|this|{"currentUser":"0x3e12ff8d","iTypeOfScreen":54,"urlReportsSFA":"https://cs6.lightnin (84 more) ..."}|0x604b01f
11:06:44.0 (18285925)|STATEMENT_EXECUTE|[80]
11:06:44.0 (18287946)|STATEMENT_EXECUTE|[81]
11:06:44.0 (18318457)|VARIABLE_ASSIGNMENT|[EXTERNAL]|this|{"currentUser":"0x3e12ff8d","iTypeOfScreen":54,"urlReportsSFA":"https://cs6.lightnin (84 more) ..."}|0x604b01f
11:06:44.0 (18355403)|VARIABLE_ASSIGNMENT|[EXTERNAL]|this|{"currentUser":"0x3e12ff8d","iTypeOfScreen":54,"urlReportsSFA":"https://cs6.lightnin (84 more) ..."}|0x604b01f
11:06:44.0 (18386710)|VARIABLE_ASSIGNMENT|[EXTERNAL]|this|{"currentUser":"0x3e12ff8d","iTypeOfScreen":54,"urlReportsSFA":"https://cs6.lightnin (84 more) ..."}|0x604b01f
11:06:44.0 (18416432)|VARIABLE_ASSIGNMENT|[EXTERNAL]|this|{"currentUser":"0x3e12ff8d","iTypeOfScreen":54,"urlReportsSFA":"https://cs6.lightnin (84 more) ..."}|0x604b01f
11:06:44.0 (18430417)|HEAP_ALLOCATE|[81]|Bytes:5
11:06:44.0 (18479566)|SYSTEM_MODE_ENTER|true
11:06:44.0 (18507783)|HEAP_ALLOCATE|[EXTERNAL]|Bytes:40
11:06:44.0 (18514352)|VARIABLE_SCOPE_BEGIN|[98]|this|auMainTopCompCtrl|true|false
11:06:44.0 (18544922)|VARIABLE_ASSIGNMENT|[98]|this|{"currentUser":"0x3e12ff8d","iTypeOfScreen":54,"urlReportsSFA":"https://cs6.lightnin (84 more) ..."}|0x604b01f
11:06:44.0 (18553766)|STATEMENT_EXECUTE|[98]
11:06:44.0 (18555595)|STATEMENT_EXECUTE|[99]
11:06:44.0 (18585750)|VARIABLE_ASSIGNMENT|[EXTERNAL]|this|{"currentUser":"0x3e12ff8d","iTypeOfScreen":54,"urlReportsSFA":"https://cs6.lightnin (84 more) ..."}|0x604b01f
11:06:44.0 (18599759)|HEAP_ALLOCATE|[99]|Bytes:5
11:06:44.0 (18644144)|SYSTEM_MODE_ENTER|true
11:06:44.0 (18671240)|HEAP_ALLOCATE|[EXTERNAL]|Bytes:40
11:06:44.0 (18677072)|VARIABLE_SCOPE_BEGIN|[102]|this|auMainTopCompCtrl|true|false
11:06:44.0 (18706585)|VARIABLE_ASSIGNMENT|[102]|this|{"currentUser":"0x3e12ff8d","iTypeOfScreen":54,"urlReportsSFA":"https://cs6.lightnin (84 more) ..."}|0x604b01f
11:06:44.0 (18715081)|STATEMENT_EXECUTE|[102]
11:06:44.0 (18717032)|STATEMENT_EXECUTE|[103]
11:06:44.0 (18742657)|VARIABLE_ASSIGNMENT|[EXTERNAL]|this|{"currentUser":"0x3e12ff8d","iTypeOfScreen":54,"urlReportsSFA":"https://cs6.lightnin (84 more) ..."}|0x604b01f
11:06:44.0 (18755772)|HEAP_ALLOCATE|[103]|Bytes:5
11:06:44.0 (21637382)|SYSTEM_MODE_ENTER|true
11:06:44.0 (21663094)|HEAP_ALLOCATE|[EXTERNAL]|Bytes:16
11:06:44.0 (21669382)|HEAP_ALLOCATE|[EXTERNAL]|Bytes:76
11:06:44.0 (21681943)|VARIABLE_ASSIGNMENT|[EXTERNAL]|this.messageError|"正しいデーターを入れてください。"|0x37931e38
11:06:44.0 (21714116)|SYSTEM_MODE_ENTER|true
11:06:44.0 (21728074)|HEAP_ALLOCATE|[EXTERNAL]|Bytes:76
11:06:44.0 (21736779)|VARIABLE_ASSIGNMENT|[EXTERNAL]|this.messageQuestion|""|0x37931e38
11:06:44.0 (21760693)|SYSTEM_MODE_ENTER|true
11:06:44.0 (21773848)|HEAP_ALLOCATE|[EXTERNAL]|Bytes:5
11:06:44.0 (21778202)|HEAP_ALLOCATE|[EXTERNAL]|Bytes:76
11:06:44.0 (21785024)|VARIABLE_ASSIGNMENT|[EXTERNAL]|this.isPreview|true|0x37931e38
11:06:44.0 (21808217)|SYSTEM_MODE_ENTER|true
11:06:44.0 (21820396)|HEAP_ALLOCATE|[EXTERNAL]|Bytes:76
11:06:44.0 (21827385)|VARIABLE_ASSIGNMENT|[EXTERNAL]|this.idBusinessLocation|""|0x37931e38
11:06:44.0 (21849840)|SYSTEM_MODE_ENTER|true
11:06:44.0 (21861065)|HEAP_ALLOCATE|[EXTERNAL]|Bytes:8
11:06:44.0 (21865294)|HEAP_ALLOCATE|[EXTERNAL]|Bytes:76
11:06:44.0 (21871384)|VARIABLE_ASSIGNMENT|[EXTERNAL]|this.iCurrentDay|0|0x37931e38
11:06:44.0 (21966924)|SYSTEM_MODE_ENTER|true
11:06:44.0 (21980299)|HEAP_ALLOCATE|[EXTERNAL]|Bytes:40
11:06:44.0 (21988376)|VARIABLE_ASSIGNMENT|[EXTERNAL]|this.iCountComments|null|0x604b01f
11:06:44.0 (22019163)|SYSTEM_MODE_ENTER|true
11:06:44.0 (22030938)|HEAP_ALLOCATE|[EXTERNAL]|Bytes:40
11:06:44.0 (22038219)|VARIABLE_ASSIGNMENT|[EXTERNAL]|this.iCountLikes|null|0x604b01f
11:06:44.0 (22075913)|SYSTEM_MODE_ENTER|true
11:06:44.0 (22110902)|HEAP_ALLOCATE|[EXTERNAL]|Bytes:76
11:06:44.0 (22117364)|VARIABLE_SCOPE_BEGIN|[92]|this|saDailyReportCtrl|true|false
11:06:44.0 (22338998)|VARIABLE_ASSIGNMENT|[92]|this|{"BusinessLocationName":"","currentInquiryReply":"0x17798cec","currentInquiryReplyDetail":"0x34de5254","dailyReportId":"a0IN0000006RUllMAG","dCurrentDay":"2018-06-30T00:00:00Z","dCurrentMonth":"2018-07-01T00:00:00Z","iCurrentDay":0,"idBusinessLocation":"","isIPhone":false,"isPreview":true,"lsBusinessLocation":"0x1d993dd5","messageError":"正しいデーターを入れてください。","messageQuestion":"","mpQuestions":"0x32548280","myUser":"0x691166ca","sourceOfTheCall":"preview"}|0x37931e38
11:06:44.0 (22362679)|SYSTEM_MODE_ENTER|false
11:06:44.0 (22369696)|HEAP_ALLOCATE|[92]|Bytes:5
11:06:44.0 (22375076)|STATEMENT_EXECUTE|[92]
11:06:44.0 (22377452)|STATEMENT_EXECUTE|[92]
11:06:44.0 (22382546)|SYSTEM_MODE_EXIT|false
11:06:44.0 (22425840)|SYSTEM_MODE_ENTER|true
11:06:44.0 (22441156)|HEAP_ALLOCATE|[EXTERNAL]|Bytes:8
11:06:44.0 (22445710)|HEAP_ALLOCATE|[EXTERNAL]|Bytes:40
11:06:44.0 (22453585)|VARIABLE_ASSIGNMENT|[EXTERNAL]|this.iTypeOfScreen|54|0x604b01f
11:06:44.0 (22604352)|SYSTEM_MODE_ENTER|true
11:06:44.0 (25084226)|HEAP_ALLOCATE|[EXTERNAL]|Bytes:76
11:06:44.0 (25095845)|VARIABLE_SCOPE_BEGIN|[199]|this|saDailyReportCtrl|true|false
11:06:44.0 (25287590)|VARIABLE_ASSIGNMENT|[199]|this|{"BusinessLocationName":"","currentInquiryReply":"0x17798cec","currentInquiryReplyDetail":"0x34de5254","dailyReportId":"a0IN0000006RUllMAG","dCurrentDay":"2018-06-30T00:00:00Z","dCurrentMonth":"2018-07-01T00:00:00Z","iCurrentDay":0,"idBusinessLocation":"","isIPhone":false,"isPreview":true,"lsBusinessLocation":"0x1d993dd5","messageError":"正しいデーターを入れてください。","messageQuestion":"","mpQuestions":"0x32548280","myUser":"0x691166ca","sourceOfTheCall":"preview"}|0x37931e38
11:06:44.0 (25311129)|SYSTEM_MODE_ENTER|false
11:06:44.0 (25318949)|HEAP_ALLOCATE|[201]|Bytes:5
11:06:44.0 (25324766)|STATEMENT_EXECUTE|[199]
11:06:44.0 (25326949)|STATEMENT_EXECUTE|[201]
11:06:44.0 (25493889)|VARIABLE_ASSIGNMENT|[EXTERNAL]|this|{"BusinessLocationName":"","currentInquiryReply":"0x17798cec","currentInquiryReplyDetail":"0x34de5254","dailyReportId":"a0IN0000006RUllMAG","dCurrentDay":"2018-06-30T00:00:00Z","dCurrentMonth":"2018-07-01T00:00:00Z","iCurrentDay":0,"idBusinessLocation":"","isIPhone":false,"isPreview":true,"lsBusinessLocation":"0x1d993dd5","messageError":"正しいデーターを入れてください。","messageQuestion":"","mpQuestions":"0x32548280","myUser":"0x691166ca","sourceOfTheCall":"preview"}|0x37931e38
11:06:44.0 (25510783)|VARIABLE_ASSIGNMENT|[EXTERNAL]|value|""
11:06:44.0 (25522890)|VARIABLE_ASSIGNMENT|[6]|this.messageError|""|0x37931e38
11:06:44.0 (25535173)|STATEMENT_EXECUTE|[202]
11:06:44.0 (25681007)|VARIABLE_ASSIGNMENT|[EXTERNAL]|this|{"BusinessLocationName":"","currentInquiryReply":"0x17798cec","currentInquiryReplyDetail":"0x34de5254","dailyReportId":"a0IN0000006RUllMAG","dCurrentDay":"2018-06-30T00:00:00Z","dCurrentMonth":"2018-07-01T00:00:00Z","iCurrentDay":0,"idBusinessLocation":"","isIPhone":false,"isPreview":true,"lsBusinessLocation":"0x1d993dd5","messageError":"","messageQuestion":"","mpQuestions":"0x32548280","myUser":"0x691166ca","sourceOfTheCall":"preview"}|0x37931e38
11:06:44.0 (25696105)|VARIABLE_ASSIGNMENT|[EXTERNAL]|value|""
11:06:44.0 (25705727)|VARIABLE_ASSIGNMENT|[7]|this.messageQuestion|""|0x37931e38
11:06:44.0 (25716088)|STATEMENT_EXECUTE|[204]
11:06:44.0 (25717795)|STATEMENT_EXECUTE|[204]
11:06:44.0 (25719468)|STATEMENT_EXECUTE|[206]
11:06:44.0 (25914401)|VARIABLE_ASSIGNMENT|[EXTERNAL]|this|{"BusinessLocationName":"","currentInquiryReply":"0x17798cec","currentInquiryReplyDetail":"0x34de5254","dailyReportId":"a0IN0000006RUllMAG","dCurrentDay":"2018-06-30T00:00:00Z","dCurrentMonth":"2018-07-01T00:00:00Z","iCurrentDay":0,"idBusinessLocation":"","isIPhone":false,"isPreview":true,"lsBusinessLocation":"0x1d993dd5","messageError":"","messageQuestion":"","mpQuestions":"0x32548280","myUser":"0x691166ca","sourceOfTheCall":"preview"}|0x37931e38
11:06:44.0 (25979731)|HEAP_ALLOCATE|[206]|Bytes:4
11:06:44.0 (26015408)|VARIABLE_ASSIGNMENT|[206]|this.dCurrentDay|"2018-06-30T00:00:00.000Z"|0x37931e38
11:06:44.0 (26022607)|STATEMENT_EXECUTE|[208]
11:06:44.0 (26046727)|HEAP_ALLOCATE|[208]|Bytes:4
11:06:44.0 (26268561)|VARIABLE_ASSIGNMENT|[EXTERNAL]|this|{"BusinessLocationName":"","currentInquiryReply":"0x17798cec","currentInquiryReplyDetail":"0x34de5254","dailyReportId":"a0IN0000006RUllMAG","dCurrentDay":"2018-06-30T00:00:00Z","dCurrentMonth":"2018-07-01T00:00:00Z","iCurrentDay":0,"idBusinessLocation":"","isIPhone":false,"isPreview":true,"lsBusinessLocation":"0x1d993dd5","messageError":"","messageQuestion":"","mpQuestions":"0x32548280","myUser":"0x691166ca","sourceOfTheCall":"preview"}|0x37931e38
11:06:44.0 (26284729)|HEAP_ALLOCATE|[EXTERNAL]|Bytes:4
11:06:44.0 (26296225)|VARIABLE_ASSIGNMENT|[EXTERNAL]|value|[]|0x7a313e87
11:06:44.0 (26307210)|VARIABLE_ASSIGNMENT|[22]|this.currentInquiryReplyDetail|[]|0x37931e38
11:06:44.0 (26317111)|STATEMENT_EXECUTE|[209]
11:06:44.0 (26334084)|HEAP_ALLOCATE|[209]|Bytes:4
11:06:44.0 (26509636)|VARIABLE_ASSIGNMENT|[EXTERNAL]|this|{"BusinessLocationName":"","currentInquiryReply":"0x17798cec","currentInquiryReplyDetail":"0x7a313e87","dailyReportId":"a0IN0000006RUllMAG","dCurrentDay":"2018-06-30T00:00:00Z","dCurrentMonth":"2018-07-01T00:00:00Z","iCurrentDay":0,"idBusinessLocation":"","isIPhone":false,"isPreview":true,"lsBusinessLocation":"0x1d993dd5","messageError":"","messageQuestion":"","mpQuestions":"0x32548280","myUser":"0x691166ca","sourceOfTheCall":"preview"}|0x37931e38
11:06:44.0 (26532013)|VARIABLE_ASSIGNMENT|[EXTERNAL]|value|{}|0x5639cd34
11:06:44.0 (26543027)|VARIABLE_ASSIGNMENT|[24]|this.mpQuestions|{}|0x37931e38
11:06:44.0 (26553110)|STATEMENT_EXECUTE|[211]
11:06:44.0 (26698611)|VARIABLE_ASSIGNMENT|[EXTERNAL]|this|{"BusinessLocationName":"","currentInquiryReply":"0x17798cec","currentInquiryReplyDetail":"0x7a313e87","dailyReportId":"a0IN0000006RUllMAG","dCurrentDay":"2018-06-30T00:00:00Z","dCurrentMonth":"2018-07-01T00:00:00Z","iCurrentDay":0,"idBusinessLocation":"","isIPhone":false,"isPreview":true,"lsBusinessLocation":"0x1d993dd5","messageError":"","messageQuestion":"","mpQuestions":"0x5639cd34","myUser":"0x691166ca","sourceOfTheCall":"preview"}|0x37931e38
11:06:44.0 (26714029)|VARIABLE_ASSIGNMENT|[EXTERNAL]|value|""
11:06:44.0 (26723344)|VARIABLE_ASSIGNMENT|[23]|this.BusinessLocationName|""|0x37931e38
11:06:44.0 (26735653)|HEAP_ALLOCATE|[212]|Bytes:81
11:06:44.0 (26753956)|HEAP_ALLOCATE|[212]|Bytes:4
11:06:44.0 (26763082)|HEAP_ALLOCATE|[212]|Bytes:7
11:06:44.0 (26905513)|VARIABLE_ASSIGNMENT|[EXTERNAL]|this|{"BusinessLocationName":"","currentInquiryReply":"0x17798cec","currentInquiryReplyDetail":"0x7a313e87","dailyReportId":"a0IN0000006RUllMAG","dCurrentDay":"2018-06-30T00:00:00Z","dCurrentMonth":"2018-07-01T00:00:00Z","iCurrentDay":0,"idBusinessLocation":"","isIPhone":false,"isPreview":true,"lsBusinessLocation":"0x1d993dd5","messageError":"","messageQuestion":"","mpQuestions":"0x5639cd34","myUser":"0x691166ca","sourceOfTheCall":"preview"}|0x37931e38
11:06:44.0 (27339101)|SOQL_EXECUTE_BEGIN|[212]|Aggregations:0|SELECT Id, BusinessLocationName__c FROM saBusinessLocation__c 
11:06:44.0 (29134356)|SOQL_EXECUTE_END|[212]|Rows:0
11:06:44.0 (29338534)|HEAP_ALLOCATE|[212]|Bytes:54
11:06:44.0 (29349132)|HEAP_ALLOCATE|[212]|Bytes:8
11:06:44.0 (29380647)|SYSTEM_METHOD_ENTRY|[7]|QueryLocatorIterator.QueryLocatorIterator()
11:06:44.0 (29385793)|STATEMENT_EXECUTE|[7]
11:06:44.0 (29394955)|SYSTEM_METHOD_EXIT|[7]|QueryLocatorIterator
11:06:44.0 (29403471)|HEAP_ALLOCATE|[212]|Bytes:28
11:06:44.0 (29420894)|HEAP_ALLOCATE|[212]|Bytes:8
11:06:44.0 (29425320)|HEAP_ALLOCATE|[212]|Bytes:8
11:06:44.0 (29429864)|VARIABLE_SCOPE_BEGIN|[15]|this|Database.QueryLocatorIterator|true|false
11:06:44.0 (29460052)|VARIABLE_ASSIGNMENT|[15]|this|{}|0x19bb0517
11:06:44.0 (29466832)|VARIABLE_SCOPE_BEGIN|[15]|values|List<SObject>|true|false
11:06:44.0 (29475303)|VARIABLE_ASSIGNMENT|[15]|values|null|
11:06:44.0 (29479297)|VARIABLE_SCOPE_BEGIN|[15]|ql|Database.QueryLocator|true|false
11:06:44.0 (29498761)|VARIABLE_ASSIGNMENT|[15]|ql|{"query":"SELECT Id, BusinessL (61 more) ..."}|0x59c09d79
11:06:44.0 (29504655)|VARIABLE_SCOPE_BEGIN|[15]|totalNumRecords|Integer|false|false
11:06:44.0 (29512107)|VARIABLE_ASSIGNMENT|[15]|totalNumRecords|0
11:06:44.0 (29516540)|VARIABLE_SCOPE_BEGIN|[15]|queryMoreSize|Integer|false|false
11:06:44.0 (29523657)|VARIABLE_ASSIGNMENT|[15]|queryMoreSize|50000
11:06:44.0 (29605514)|HEAP_ALLOCATE|[212]|Bytes:28
11:06:44.0 (29633531)|METHOD_ENTRY|[212]||Database.QueryLocatorIterator.hasNext()
11:06:44.0 (29655401)|METHOD_EXIT|[212]||Database.QueryLocatorIterator.hasNext()
11:06:44.0 (29694012)|VARIABLE_ASSIGNMENT|[212]|bl|null|
11:06:44.0 (29702382)|STATEMENT_EXECUTE|[212]
11:06:44.0 (29719860)|STATEMENT_EXECUTE|[219]
11:06:44.0 (29723167)|HEAP_ALLOCATE|[219]|Bytes:195
11:06:44.0 (29738130)|HEAP_ALLOCATE|[219]|Bytes:4
11:06:44.0 (29766512)|HEAP_ALLOCATE|[219]|Bytes:7
11:06:44.0 (29799760)|HEAP_ALLOCATE|[223]|Bytes:89
11:06:44.0 (29809129)|SYSTEM_METHOD_ENTRY|[1]|UserInfo.UserInfo()
11:06:44.0 (29812618)|STATEMENT_EXECUTE|[1]
11:06:44.0 (29817660)|SYSTEM_METHOD_EXIT|[1]|UserInfo
11:06:44.0 (29829154)|METHOD_ENTRY|[223]||System.UserInfo.getUserId()
11:06:44.0 (29863837)|METHOD_EXIT|[223]||System.UserInfo.getUserId()
11:06:44.0 (30414585)|SOQL_EXECUTE_BEGIN|[219]|Aggregations:0|SELECT Id, saBusinessLocation__c, Status__c, saInquiry__c, Comment__c FROM saInquiryReply__c WHERE (saInquiry__r.Type__c = 'DAILY_REPORT' AND DailyReportDate__c = :tmpVar1 AND User__c = :tmpVar2)
11:06:44.0 (35920751)|SOQL_EXECUTE_END|[219]|Rows:0
11:06:44.0 (35948154)|HEAP_ALLOCATE|[219]|Bytes:4
11:06:44.0 (35961337)|HEAP_ALLOCATE|[219]|Bytes:0
11:06:44.0 (36034711)|HEAP_ALLOCATE|[219]|Bytes:4
11:06:44.0 (36049443)|VARIABLE_SCOPE_BEGIN|[219]|lsInqRep|List<saInquiryReply__c>|true|false
11:06:44.0 (36067967)|VARIABLE_ASSIGNMENT|[219]|lsInqRep|[]|0x2fd5a19f
11:06:44.0 (36137837)|STATEMENT_EXECUTE|[225]
11:06:44.0 (36140545)|STATEMENT_EXECUTE|[227]
11:06:44.0 (36144794)|HEAP_ALLOCATE|[227]|Bytes:207
11:06:44.0 (36159643)|HEAP_ALLOCATE|[227]|Bytes:4
11:06:44.0 (36374177)|VARIABLE_ASSIGNMENT|[EXTERNAL]|this|{"BusinessLocationName":"","currentInquiryReply":"0x17798cec","currentInquiryReplyDetail":"0x7a313e87","dailyReportId":"a0IN0000006RUllMAG","dCurrentDay":"2018-06-30T00:00:00Z","dCurrentMonth":"2018-07-01T00:00:00Z","iCurrentDay":0,"idBusinessLocation":"","isIPhone":false,"isPreview":true,"lsBusinessLocation":"0x1d993dd5","messageError":"","messageQuestion":"","mpQuestions":"0x5639cd34","myUser":"0x691166ca","sourceOfTheCall":"preview"}|0x37931e38
11:06:44.0 (36402034)|HEAP_ALLOCATE|[227]|Bytes:7
11:06:44.0 (36412944)|METHOD_ENTRY|[232]||System.UserInfo.getUserId()
11:06:44.0 (36434552)|METHOD_EXIT|[232]||System.UserInfo.getUserId()
11:06:44.0 (36764735)|SOQL_EXECUTE_BEGIN|[227]|Aggregations:0|SELECT Id, saBusinessLocation__c, Status__c FROM saInquiryReply__c WHERE (saInquiry__r.Type__c = 'DAILY_REPORT' AND DailyReportDate__c = :tmpVar1 AND saBusinessLocation__c = :tmpVar2 AND User__c != :tmpVar3)
11:06:44.0 (39294122)|SOQL_EXECUTE_END|[227]|Rows:0
11:06:44.0 (39317462)|HEAP_ALLOCATE|[227]|Bytes:4
11:06:44.0 (39331176)|HEAP_ALLOCATE|[227]|Bytes:0
11:06:44.0 (39359920)|HEAP_ALLOCATE|[227]|Bytes:4
11:06:44.0 (39370887)|VARIABLE_SCOPE_BEGIN|[227]|lsInqOtherPeople|List<saInquiryReply__c>|true|false
11:06:44.0 (39389787)|VARIABLE_ASSIGNMENT|[227]|lsInqOtherPeople|[]|0x67cd496f
11:06:44.0 (39423761)|STATEMENT_EXECUTE|[234]
11:06:44.0 (39426267)|STATEMENT_EXECUTE|[240]
11:06:44.0 (39429141)|VARIABLE_SCOPE_BEGIN|[240]|lsTemplate|List<saInquiryReply__c>|true|false
11:06:44.0 (39439695)|VARIABLE_ASSIGNMENT|[240]|lsTemplate|null|
11:06:44.0 (39638050)|VARIABLE_ASSIGNMENT|[EXTERNAL]|this|{"BusinessLocationName":"","currentInquiryReply":"0x17798cec","currentInquiryReplyDetail":"0x7a313e87","dailyReportId":"a0IN0000006RUllMAG","dCurrentDay":"2018-06-30T00:00:00Z","dCurrentMonth":"2018-07-01T00:00:00Z","iCurrentDay":0,"idBusinessLocation":"","isIPhone":false,"isPreview":true,"lsBusinessLocation":"0x1d993dd5","messageError":"","messageQuestion":"","mpQuestions":"0x5639cd34","myUser":"0x691166ca","sourceOfTheCall":"preview"}|0x37931e38
11:06:44.0 (39662395)|STATEMENT_EXECUTE|[252]
11:06:44.0 (39664608)|STATEMENT_EXECUTE|[253]
11:06:44.0 (39668882)|HEAP_ALLOCATE|[253]|Bytes:393
11:06:44.0 (39683846)|HEAP_ALLOCATE|[253]|Bytes:4
11:06:44.0 (39715052)|METHOD_ENTRY|[259]||System.UserInfo.getUserId()
11:06:44.0 (39736623)|METHOD_EXIT|[259]||System.UserInfo.getUserId()
11:06:44.0 (40180283)|SOQL_EXECUTE_BEGIN|[253]|Aggregations:0|SELECT Id, saBusinessLocation__c, Status__c, saInquiry__c, Comment__c FROM saInquiryReply__c WHERE (saInquiry__r.Type__c = 'DAILY_REPORT' AND (saInquiry__r.ValidFrom__c = NULL OR saInquiry__r.ValidFrom__c <= :tmpVar1) AND (saInquiry__r.ValidTo__c = NULL OR saInquiry__r.ValidTo__c >= :tmpVar2) AND DailyReportDate__c = NULL AND User__c = :tmpVar3) ORDER BY CreatedDate DESC NULLS FIRST LIMIT 1
11:06:44.0 (44790587)|SOQL_EXECUTE_END|[253]|Rows:1
11:06:44.0 (44814366)|HEAP_ALLOCATE|[253]|Bytes:8
11:06:44.0 (44829118)|HEAP_ALLOCATE|[253]|Bytes:89
11:06:44.0 (44863628)|HEAP_ALLOCATE|[253]|Bytes:8
11:06:44.0 (44901716)|VARIABLE_ASSIGNMENT|[253]|lsTemplate|[{"Id":"a0KN0000007Kg4nMAC","Status__c":"WAITING_REPLY","saInquiry__c":"a0IN0000006RUllMAG"}]|0x3cb29e08
11:06:44.0 (44910780)|STATEMENT_EXECUTE|[264]
11:06:44.0 (44915408)|HEAP_ALLOCATE|[264]|Bytes:11
11:06:44.0 (45027840)|HEAP_ALLOCATE|[264]|Bytes:101
11:06:44.0 (45052539)|HEAP_ALLOCATE|[264]|Bytes:112
11:06:44.0 (45074714)|USER_DEBUG|[264]|DEBUG|Template : (saInquiryReply__c:{Id=a0KN0000007Kg4nMAC, Status__c=WAITING_REPLY, saInquiry__c=a0IN0000006RUllMAG})
11:06:44.0 (45108414)|STATEMENT_EXECUTE|[265]
11:06:44.0 (45110580)|STATEMENT_EXECUTE|[271]
11:06:44.0 (45128253)|HEAP_ALLOCATE|[271]|Bytes:16
11:06:44.0 (45163700)|VARIABLE_SCOPE_BEGIN|[271]|idInquiry|Id|false|false
11:06:44.0 (45247758)|VARIABLE_ASSIGNMENT|[271]|idInquiry|"a0IN0000006RUllMAG"
11:06:44.0 (45255168)|STATEMENT_EXECUTE|[272]
11:06:44.0 (45275007)|HEAP_ALLOCATE|[272]|Bytes:4
11:06:44.0 (45558860)|VARIABLE_ASSIGNMENT|[EXTERNAL]|this|{"BusinessLocationName":"","currentInquiryReply":"0x17798cec","currentInquiryReplyDetail":"0x7a313e87","dailyReportId":"a0IN0000006RUllMAG","dCurrentDay":"2018-06-30T00:00:00Z","dCurrentMonth":"2018-07-01T00:00:00Z","iCurrentDay":0,"idBusinessLocation":"","isIPhone":false,"isPreview":true,"lsBusinessLocation":"0x1d993dd5","messageError":"","messageQuestion":"","mpQuestions":"0x5639cd34","myUser":"0x691166ca","sourceOfTheCall":"preview"}|0x37931e38
11:06:44.0 (45578837)|VARIABLE_ASSIGNMENT|[EXTERNAL]|value|{}|0x703c956d
11:06:44.0 (45594169)|VARIABLE_ASSIGNMENT|[21]|this.currentInquiryReply|{}|0x37931e38
11:06:44.0 (45605957)|STATEMENT_EXECUTE|[273]
11:06:44.0 (45756154)|VARIABLE_ASSIGNMENT|[EXTERNAL]|this|{"BusinessLocationName":"","currentInquiryReply":"0x703c956d","currentInquiryReplyDetail":"0x7a313e87","dailyReportId":"a0IN0000006RUllMAG","dCurrentDay":"2018-06-30T00:00:00Z","dCurrentMonth":"2018-07-01T00:00:00Z","iCurrentDay":0,"idBusinessLocation":"","isIPhone":false,"isPreview":true,"lsBusinessLocation":"0x1d993dd5","messageError":"","messageQuestion":"","mpQuestions":"0x5639cd34","myUser":"0x691166ca","sourceOfTheCall":"preview"}|0x37931e38
11:06:44.0 (45849909)|VARIABLE_ASSIGNMENT|[273]|this.saInquiry__c|"a0IN0000006RUllMAG"|0x703c956d
11:06:44.0 (46006631)|VARIABLE_ASSIGNMENT|[EXTERNAL]|this|{"BusinessLocationName":"","currentInquiryReply":"0x703c956d","currentInquiryReplyDetail":"0x7a313e87","dailyReportId":"a0IN0000006RUllMAG","dCurrentDay":"2018-06-30T00:00:00Z","dCurrentMonth":"2018-07-01T00:00:00Z","iCurrentDay":0,"idBusinessLocation":"","isIPhone":false,"isPreview":true,"lsBusinessLocation":"0x1d993dd5","messageError":"","messageQuestion":"","mpQuestions":"0x5639cd34","myUser":"0x691166ca","sourceOfTheCall":"preview"}|0x37931e38
11:06:44.0 (46028442)|STATEMENT_EXECUTE|[277]
11:06:44.0 (46030858)|STATEMENT_EXECUTE|[280]
11:06:44.0 (46038794)|METHOD_ENTRY|[280]||System.UserInfo.getUserId()
11:06:44.0 (46063429)|METHOD_EXIT|[280]||System.UserInfo.getUserId()
11:06:44.0 (46078067)|HEAP_ALLOCATE|[280]|Bytes:4
11:06:44.0 (46217874)|VARIABLE_ASSIGNMENT|[EXTERNAL]|this|{"BusinessLocationName":"","currentInquiryReply":"0x703c956d","currentInquiryReplyDetail":"0x7a313e87","dailyReportId":"a0IN0000006RUllMAG","dCurrentDay":"2018-06-30T00:00:00Z","dCurrentMonth":"2018-07-01T00:00:00Z","iCurrentDay":0,"idBusinessLocation":"","isIPhone":false,"isPreview":true,"lsBusinessLocation":"0x1d993dd5","messageError":"","messageQuestion":"","mpQuestions":"0x5639cd34","myUser":"0x691166ca","sourceOfTheCall":"preview"}|0x37931e38
11:06:44.0 (46278328)|VARIABLE_ASSIGNMENT|[280]|this.User__c|"005N00000057PfOIAU"|0x703c956d
11:06:44.0 (46286251)|STATEMENT_EXECUTE|[281]
11:06:44.0 (46433590)|VARIABLE_ASSIGNMENT|[EXTERNAL]|this|{"BusinessLocationName":"","currentInquiryReply":"0x703c956d","currentInquiryReplyDetail":"0x7a313e87","dailyReportId":"a0IN0000006RUllMAG","dCurrentDay":"2018-06-30T00:00:00Z","dCurrentMonth":"2018-07-01T00:00:00Z","iCurrentDay":0,"idBusinessLocation":"","isIPhone":false,"isPreview":true,"lsBusinessLocation":"0x1d993dd5","messageError":"","messageQuestion":"","mpQuestions":"0x5639cd34","myUser":"0x691166ca","sourceOfTheCall":"preview"}|0x37931e38
11:06:44.0 (46503334)|VARIABLE_ASSIGNMENT|[281]|this.DailyReportDate__c|"2018-06-30T00:00:00.000Z"|0x703c956d
11:06:44.0 (46510656)|STATEMENT_EXECUTE|[282]
11:06:44.0 (46514954)|HEAP_ALLOCATE|[282]|Bytes:13
11:06:44.0 (46669259)|VARIABLE_ASSIGNMENT|[EXTERNAL]|this|{"BusinessLocationName":"","currentInquiryReply":"0x703c956d","currentInquiryReplyDetail":"0x7a313e87","dailyReportId":"a0IN0000006RUllMAG","dCurrentDay":"2018-06-30T00:00:00Z","dCurrentMonth":"2018-07-01T00:00:00Z","iCurrentDay":0,"idBusinessLocation":"","isIPhone":false,"isPreview":true,"lsBusinessLocation":"0x1d993dd5","messageError":"","messageQuestion":"","mpQuestions":"0x5639cd34","myUser":"0x691166ca","sourceOfTheCall":"preview"}|0x37931e38
11:06:44.0 (46726170)|VARIABLE_ASSIGNMENT|[282]|this.Status__c|"WAITING_REPLY"|0x703c956d
11:06:44.0 (46734109)|STATEMENT_EXECUTE|[283]
11:06:44.0 (46883181)|VARIABLE_ASSIGNMENT|[EXTERNAL]|this|{"BusinessLocationName":"","currentInquiryReply":"0x703c956d","currentInquiryReplyDetail":"0x7a313e87","dailyReportId":"a0IN0000006RUllMAG","dCurrentDay":"2018-06-30T00:00:00Z","dCurrentMonth":"2018-07-01T00:00:00Z","iCurrentDay":0,"idBusinessLocation":"","isIPhone":false,"isPreview":true,"lsBusinessLocation":"0x1d993dd5","messageError":"","messageQuestion":"","mpQuestions":"0x5639cd34","myUser":"0x691166ca","sourceOfTheCall":"preview"}|0x37931e38
11:06:44.0 (46929228)|VARIABLE_ASSIGNMENT|[283]|this.Comment__c|""|0x703c956d
11:06:44.0 (46937006)|STATEMENT_EXECUTE|[285]
11:06:44.0 (46940976)|HEAP_ALLOCATE|[285]|Bytes:625
11:06:44.0 (46957937)|HEAP_ALLOCATE|[285]|Bytes:4
11:06:44.0 (47532775)|SOQL_EXECUTE_BEGIN|[285]|Aggregations:0|SELECT Id, QuestionLabel__c, AnswerType__c, NumberPossibleReplies__c, IsShortReply__c, SortNo__c, IsRequired__c, Reply01Label__c, Reply02Label__c, Reply03Label__c, Reply04Label__c, Reply05Label__c, Reply06Label__c, Reply07Label__c, Reply08Label__c, Reply09Label__c, Reply10Label__c, Reply11Label__c, Reply12Label__c, Reply13Label__c, Reply14Label__c, Reply15Label__c, Reply16Label__c, Reply17Label__c, Reply18Label__c, Reply19Label__c, Reply20Label__c, Reply21Label__c, Reply22Label__c, Reply23Label__c, Reply24Label__c, Reply25Label__c FROM saInquiryDetail__c WHERE saInquiry__c = :tmpVar1 ORDER BY SortNo__c ASC NULLS FIRST
11:06:44.0 (58041085)|SOQL_EXECUTE_END|[285]|Rows:1
11:06:44.0 (58077640)|HEAP_ALLOCATE|[285]|Bytes:8
11:06:44.0 (58109442)|HEAP_ALLOCATE|[285]|Bytes:282
11:06:44.0 (58167322)|HEAP_ALLOCATE|[285]|Bytes:8
11:06:44.0 (58191216)|VARIABLE_SCOPE_BEGIN|[285]|lsTmpQuest|List<saInquiryDetail__c>|true|false
11:06:44.0 (58245747)|VARIABLE_ASSIGNMENT|[285]|lsTmpQuest|[{"Id":"a0JN0000008h2r2MAA","QuestionLabel__c":"Works?","AnswerType__c":"CHECKBOX","NumberPossibleReplies__c":2,"IsShortReply__c":true,"SortNo__c":0,"IsRequired__c":false,"Reply01Label__c":"Yes!","Reply02Label__c":"No!"}]|0x1b25564
11:06:44.0 (58435056)|HEAP_ALLOCATE|[295]|Bytes:5
11:06:44.0 (58457398)|HEAP_ALLOCATE|[295]|Bytes:40
11:06:44.0 (58470952)|VARIABLE_SCOPE_BEGIN|[295]|quest|saInquiryDetail__c|true|false
11:06:44.0 (58498922)|VARIABLE_ASSIGNMENT|[295]|quest|{"Id":"a0JN0000008h2r2MAA","QuestionLabel__c":"Works?","AnswerType__c":"CHECKBOX","NumberPossibleReplies__c":2,"IsShortReply__c":true,"SortNo__c":0,"IsRequired__c":false,"Reply01Label__c":"Yes!","Reply02Label__c":"No!"}|0x6db54e59
11:06:44.0 (58508918)|STATEMENT_EXECUTE|[295]
11:06:44.0 (58511932)|STATEMENT_EXECUTE|[296]
11:06:44.0 (58539433)|HEAP_ALLOCATE|[296]|Bytes:4
11:06:44.0 (58612229)|VARIABLE_SCOPE_BEGIN|[296]|questReply|saInquiryReplyDetail__c|true|false
11:06:44.0 (58633455)|VARIABLE_ASSIGNMENT|[296]|questReply|{}|0x7ebf2ffe
11:06:44.0 (58640130)|STATEMENT_EXECUTE|[297]
11:06:44.0 (58762892)|VARIABLE_ASSIGNMENT|[297]|this.saInquiryDetail__c|"a0JN0000008h2r2MAA"|0x7ebf2ffe
11:06:44.0 (58770329)|STATEMENT_EXECUTE|[298]
11:06:44.0 (59065247)|VARIABLE_ASSIGNMENT|[EXTERNAL]|this|{"BusinessLocationName":"","currentInquiryReply":"0x703c956d","currentInquiryReplyDetail":"0x7a313e87","dailyReportId":"a0IN0000006RUllMAG","dCurrentDay":"2018-06-30T00:00:00Z","dCurrentMonth":"2018-07-01T00:00:00Z","iCurrentDay":0,"idBusinessLocation":"","isIPhone":false,"isPreview":true,"lsBusinessLocation":"0x1d993dd5","messageError":"","messageQuestion":"","mpQuestions":"0x5639cd34","myUser":"0x691166ca","sourceOfTheCall":"preview"}|0x37931e38
11:06:44.0 (59101303)|HEAP_ALLOCATE|[EXTERNAL]|Bytes:4
11:06:44.0 (59110707)|STATEMENT_EXECUTE|[299]
11:06:44.0 (59264459)|VARIABLE_ASSIGNMENT|[EXTERNAL]|this|{"BusinessLocationName":"","currentInquiryReply":"0x703c956d","currentInquiryReplyDetail":"0x7a313e87","dailyReportId":"a0IN0000006RUllMAG","dCurrentDay":"2018-06-30T00:00:00Z","dCurrentMonth":"2018-07-01T00:00:00Z","iCurrentDay":0,"idBusinessLocation":"","isIPhone":false,"isPreview":true,"lsBusinessLocation":"0x1d993dd5","messageError":"","messageQuestion":"","mpQuestions":"0x5639cd34","myUser":"0x691166ca","sourceOfTheCall":"preview"}|0x37931e38
11:06:44.0 (59301950)|HEAP_ALLOCATE|[EXTERNAL]|Bytes:-4
11:06:44.0 (59317926)|HEAP_ALLOCATE|[295]|Bytes:5
11:06:44.0 (59332134)|VARIABLE_ASSIGNMENT|[295]|quest|null|
11:06:44.0 (59342507)|SYSTEM_MODE_EXIT|false
11:06:44.0 (76520107)|SYSTEM_MODE_ENTER|true
11:06:44.0 (76558861)|HEAP_ALLOCATE|[EXTERNAL]|Bytes:40
11:06:44.0 (76582313)|VARIABLE_ASSIGNMENT|[EXTERNAL]|this.iCountComments|null|0x604b01f
11:06:44.0 (76635483)|SYSTEM_MODE_ENTER|true
11:06:44.0 (76649564)|HEAP_ALLOCATE|[EXTERNAL]|Bytes:40
11:06:44.0 (76657747)|VARIABLE_ASSIGNMENT|[EXTERNAL]|this.iCountLikes|null|0x604b01f
11:06:44.0 (76737286)|SYSTEM_MODE_ENTER|true
11:06:44.0 (76793498)|HEAP_ALLOCATE|[EXTERNAL]|Bytes:76
11:06:44.0 (76804828)|VARIABLE_SCOPE_BEGIN|[92]|this|saDailyReportCtrl|true|false
11:06:44.0 (77106579)|VARIABLE_ASSIGNMENT|[92]|this|{"BusinessLocationName":"","currentInquiryReply":"0x703c956d","currentInquiryReplyDetail":"0x7a313e87","dailyReportId":"a0IN0000006RUllMAG","dCurrentDay":"2018-06-30T00:00:00Z","dCurrentMonth":"2018-07-01T00:00:00Z","iCurrentDay":0,"idBusinessLocation":"","isIPhone":false,"isPreview":true,"lsBusinessLocation":"0x1d993dd5","messageError":"","messageQuestion":"","mpQuestions":"0x5639cd34","myUser":"0x691166ca","sourceOfTheCall":"preview"}|0x37931e38
11:06:44.0 (77135383)|SYSTEM_MODE_ENTER|false
11:06:44.0 (77147009)|HEAP_ALLOCATE|[92]|Bytes:5
11:06:44.0 (77154392)|STATEMENT_EXECUTE|[92]
11:06:44.0 (77156689)|STATEMENT_EXECUTE|[92]
11:06:44.0 (77166143)|SYSTEM_MODE_EXIT|false
11:06:44.0 (77219930)|SYSTEM_MODE_ENTER|true
11:06:44.0 (77238370)|HEAP_ALLOCATE|[EXTERNAL]|Bytes:8
11:06:44.0 (77243253)|HEAP_ALLOCATE|[EXTERNAL]|Bytes:40
11:06:44.0 (77252958)|VARIABLE_ASSIGNMENT|[EXTERNAL]|this.iTypeOfScreen|54|0x604b01f
11:06:44.0 (77324827)|SYSTEM_MODE_ENTER|true
11:06:44.0 (77359642)|HEAP_ALLOCATE|[EXTERNAL]|Bytes:40
11:06:44.0 (77366529)|VARIABLE_SCOPE_BEGIN|[80]|this|auMainTopCompCtrl|true|false
11:06:44.0 (77406847)|VARIABLE_ASSIGNMENT|[80]|this|{"currentUser":"0x3e12ff8d","iTypeOfScreen":54,"urlReportsSFA":"https://cs6.lightnin (84 more) ..."}|0x604b01f
11:06:44.0 (77420627)|STATEMENT_EXECUTE|[80]
11:06:44.0 (77422812)|STATEMENT_EXECUTE|[81]
11:06:44.0 (77458598)|VARIABLE_ASSIGNMENT|[EXTERNAL]|this|{"currentUser":"0x3e12ff8d","iTypeOfScreen":54,"urlReportsSFA":"https://cs6.lightnin (84 more) ..."}|0x604b01f
11:06:44.0 (77498871)|VARIABLE_ASSIGNMENT|[EXTERNAL]|this|{"currentUser":"0x3e12ff8d","iTypeOfScreen":54,"urlReportsSFA":"https://cs6.lightnin (84 more) ..."}|0x604b01f
11:06:44.0 (77531646)|VARIABLE_ASSIGNMENT|[EXTERNAL]|this|{"currentUser":"0x3e12ff8d","iTypeOfScreen":54,"urlReportsSFA":"https://cs6.lightnin (84 more) ..."}|0x604b01f
11:06:44.0 (77563960)|VARIABLE_ASSIGNMENT|[EXTERNAL]|this|{"currentUser":"0x3e12ff8d","iTypeOfScreen":54,"urlReportsSFA":"https://cs6.lightnin (84 more) ..."}|0x604b01f
11:06:44.0 (77577623)|HEAP_ALLOCATE|[81]|Bytes:5
11:06:44.0 (77649974)|SYSTEM_MODE_ENTER|true
11:06:44.0 (77679964)|HEAP_ALLOCATE|[EXTERNAL]|Bytes:40
11:06:44.0 (77686354)|VARIABLE_SCOPE_BEGIN|[98]|this|auMainTopCompCtrl|true|false
11:06:44.0 (77717505)|VARIABLE_ASSIGNMENT|[98]|this|{"currentUser":"0x3e12ff8d","iTypeOfScreen":54,"urlReportsSFA":"https://cs6.lightnin (84 more) ..."}|0x604b01f
11:06:44.0 (77726187)|STATEMENT_EXECUTE|[98]
11:06:44.0 (77728098)|STATEMENT_EXECUTE|[99]
11:06:44.0 (77754010)|VARIABLE_ASSIGNMENT|[EXTERNAL]|this|{"currentUser":"0x3e12ff8d","iTypeOfScreen":54,"urlReportsSFA":"https://cs6.lightnin (84 more) ..."}|0x604b01f
11:06:44.0 (77768487)|HEAP_ALLOCATE|[99]|Bytes:5
11:06:44.0 (77820202)|SYSTEM_MODE_ENTER|true
11:06:44.0 (77847870)|HEAP_ALLOCATE|[EXTERNAL]|Bytes:40
11:06:44.0 (77853867)|VARIABLE_SCOPE_BEGIN|[102]|this|auMainTopCompCtrl|true|false
11:06:44.0 (77886047)|VARIABLE_ASSIGNMENT|[102]|this|{"currentUser":"0x3e12ff8d","iTypeOfScreen":54,"urlReportsSFA":"https://cs6.lightnin (84 more) ..."}|0x604b01f
11:06:44.0 (77898285)|STATEMENT_EXECUTE|[102]
11:06:44.0 (77900452)|STATEMENT_EXECUTE|[103]
11:06:44.0 (77926814)|VARIABLE_ASSIGNMENT|[EXTERNAL]|this|{"currentUser":"0x3e12ff8d","iTypeOfScreen":54,"urlReportsSFA":"https://cs6.lightnin (84 more) ..."}|0x604b01f
11:06:44.0 (77941386)|HEAP_ALLOCATE|[103]|Bytes:5
11:06:44.0 (78028037)|SYSTEM_MODE_ENTER|true
11:06:44.0 (78127800)|SYSTEM_MODE_ENTER|true
11:06:44.0 (78235528)|SYSTEM_MODE_ENTER|true
11:06:44.0 (78684657)|SYSTEM_MODE_ENTER|true
11:06:44.0 (81212501)|SYSTEM_MODE_ENTER|true
11:06:44.0 (81293977)|SYSTEM_MODE_ENTER|true
11:06:44.0 (81912801)|SYSTEM_MODE_ENTER|true
11:06:44.0 (81953288)|HEAP_ALLOCATE|[EXTERNAL]|Bytes:76
11:06:44.0 (81962198)|VARIABLE_SCOPE_BEGIN|[141]|this|saDailyReportCtrl|true|false
11:06:44.0 (82141929)|VARIABLE_ASSIGNMENT|[141]|this|{"BusinessLocationName":"","currentInquiryReply":"0x703c956d","currentInquiryReplyDetail":"0x7a313e87","dailyReportId":"a0IN0000006RUllMAG","dCurrentDay":"2018-06-30T00:00:00Z","dCurrentMonth":"2018-07-01T00:00:00Z","iCurrentDay":0,"idBusinessLocation":"","isIPhone":false,"isPreview":true,"lsBusinessLocation":"0x1d993dd5","messageError":"","messageQuestion":"","mpQuestions":"0x5639cd34","myUser":"0x691166ca","sourceOfTheCall":"preview"}|0x37931e38
11:06:44.0 (82165484)|SYSTEM_MODE_ENTER|false
11:06:44.0 (82173133)|HEAP_ALLOCATE|[142]|Bytes:5
11:06:44.0 (82179272)|STATEMENT_EXECUTE|[141]
11:06:44.0 (82181390)|STATEMENT_EXECUTE|[142]
11:06:44.0 (82258340)|HEAP_ALLOCATE|[142]|Bytes:4
11:06:44.0 (82270076)|HEAP_ALLOCATE|[142]|Bytes:1
11:06:44.0 (82292541)|HEAP_ALLOCATE|[142]|Bytes:1
11:06:44.0 (82301190)|HEAP_ALLOCATE|[142]|Bytes:1
11:06:44.0 (82329544)|HEAP_ALLOCATE|[142]|Bytes:2
11:06:44.0 (82345708)|HEAP_ALLOCATE|[142]|Bytes:9
11:06:44.0 (82351939)|HEAP_ALLOCATE|[142]|Bytes:10
11:06:44.0 (82358988)|SYSTEM_MODE_EXIT|false
11:06:44.0 (82540212)|SYSTEM_MODE_ENTER|true
11:06:44.0 (83019157)|SYSTEM_MODE_ENTER|true
11:06:44.0 (97609572)|VF_SERIALIZE_VIEWSTATE_BEGIN|066N0000000M4pW
11:06:44.0 (101262338)|VF_SERIALIZE_VIEWSTATE_END
11:06:44.104 (104780717)|CUMULATIVE_LIMIT_USAGE
11:06:44.104 (104780717)|LIMIT_USAGE_FOR_NS|(default)|
  Number of SOQL queries: 5 out of 100
  Number of query rows: 2 out of 50000
  Number of SOSL queries: 0 out of 20
  Number of DML statements: 0 out of 150
  Number of DML rows: 0 out of 10000
  Maximum CPU time: 0 out of 10000
  Maximum heap size: 0 out of 6000000
  Number of callouts: 0 out of 100
  Number of Email Invocations: 0 out of 10
  Number of future calls: 0 out of 50
  Number of queueable jobs added to the queue: 0 out of 50
  Number of Mobile Apex push calls: 0 out of 10

11:06:44.104 (104780717)|CUMULATIVE_LIMIT_USAGE_END

11:06:44.0 (104821678)|CODE_UNIT_FINISHED|VF: /apex/sadailyreport
11:06:44.0 (105525677)|EXECUTION_FINISHED
