42.0 APEX_CODE,FINEST;APEX_PROFILING,INFO;CALLOUT,INFO;DB,INFO;NBA,INFO;SYSTEM,DEBUG;VALIDATION,INFO;VISUALFORCE,INFO;WAVE,INFO;WORKFLOW,INFO
11:00:41.0 (98705)|USER_INFO|[EXTERNAL]|005N00000057PfO|thomas.remy+kddi_gwdev01@globalway.co.jp|Japan Standard Time|GMT+09:00
11:00:41.0 (257109)|EXECUTION_STARTED
11:00:41.0 (261319)|CODE_UNIT_STARTED|[EXTERNAL]|066N0000000M4pW|VF: /apex/sadailyreport
11:00:41.0 (472129)|VF_DESERIALIZE_VIEWSTATE_BEGIN|066N0000000M4pW
11:00:41.0 (25860938)|HEAP_ALLOCATE|[72]|Bytes:3
11:00:41.0 (25946765)|HEAP_ALLOCATE|[77]|Bytes:152
11:00:41.0 (25973641)|HEAP_ALLOCATE|[342]|Bytes:408
11:00:41.0 (25998161)|HEAP_ALLOCATE|[355]|Bytes:408
11:00:41.0 (26015336)|HEAP_ALLOCATE|[467]|Bytes:48
11:00:41.0 (26045667)|HEAP_ALLOCATE|[139]|Bytes:6
11:00:41.0 (27352276)|HEAP_ALLOCATE|[50]|Bytes:5
11:00:41.0 (27399028)|HEAP_ALLOCATE|[56]|Bytes:5
11:00:41.0 (27421214)|HEAP_ALLOCATE|[64]|Bytes:7
11:00:41.0 (28550330)|VARIABLE_SCOPE_BEGIN|[3]|saDailyReportCtrl.SOURCE|String|false|true
11:00:41.0 (28656569)|VARIABLE_SCOPE_BEGIN|[4]|saDailyReportCtrl.SOURCE_ID|String|false|true
11:00:41.0 (30375304)|VARIABLE_SCOPE_BEGIN|[25]|auMainTopCompCtrl.TYPE_SCREEN_ACCOUNT_LIST|Integer|false|true
11:00:41.0 (30396420)|VARIABLE_SCOPE_BEGIN|[26]|auMainTopCompCtrl.TYPE_SCREEN_ACTIVITY_LIST|Integer|false|true
11:00:41.0 (30407305)|VARIABLE_SCOPE_BEGIN|[7]|auMainTopCompCtrl.TYPE_SCREEN_CX_SCREEN|Integer|false|true
11:00:41.0 (30418787)|VARIABLE_SCOPE_BEGIN|[8]|auMainTopCompCtrl.TYPE_SCREEN_CX_TIMELINE|Integer|false|true
11:00:41.0 (30429082)|VARIABLE_SCOPE_BEGIN|[9]|auMainTopCompCtrl.TYPE_SCREEN_EVENT_SCHEDULE|Integer|false|true
11:00:41.0 (30443754)|VARIABLE_SCOPE_BEGIN|[10]|auMainTopCompCtrl.TYPE_SCREEN_EVENT_SCHEDULE_LIST|Integer|false|true
11:00:41.0 (30455959)|VARIABLE_SCOPE_BEGIN|[27]|auMainTopCompCtrl.TYPE_SCREEN_FILE_LIST|Integer|false|true
11:00:41.0 (30467192)|VARIABLE_SCOPE_BEGIN|[24]|auMainTopCompCtrl.TYPE_SCREEN_HONBU_DIRECT|Integer|false|true
11:00:41.0 (30479097)|VARIABLE_SCOPE_BEGIN|[11]|auMainTopCompCtrl.TYPE_SCREEN_KNOWLEDGE_DASHBOARD|Integer|false|true
11:00:41.0 (30508287)|VARIABLE_SCOPE_BEGIN|[12]|auMainTopCompCtrl.TYPE_SCREEN_KNOWLEDGE_LIST|Integer|false|true
11:00:41.0 (30522808)|VARIABLE_SCOPE_BEGIN|[15]|auMainTopCompCtrl.TYPE_SCREEN_SA_CHATTER|Integer|false|true
11:00:41.0 (30533122)|VARIABLE_SCOPE_BEGIN|[16]|auMainTopCompCtrl.TYPE_SCREEN_SA_DAILYREPORT|Integer|false|true
11:00:41.0 (30543761)|VARIABLE_SCOPE_BEGIN|[22]|auMainTopCompCtrl.TYPE_SCREEN_SA_DAILYREPORTLIST|Integer|false|true
11:00:41.0 (30558027)|VARIABLE_SCOPE_BEGIN|[18]|auMainTopCompCtrl.TYPE_SCREEN_SA_DOCUMENTS|Integer|false|true
11:00:41.0 (30569284)|VARIABLE_SCOPE_BEGIN|[17]|auMainTopCompCtrl.TYPE_SCREEN_SA_ENQUETE|Integer|false|true
11:00:41.0 (30580415)|VARIABLE_SCOPE_BEGIN|[20]|auMainTopCompCtrl.TYPE_SCREEN_SA_LINKS|Integer|false|true
11:00:41.0 (30606509)|VARIABLE_SCOPE_BEGIN|[13]|auMainTopCompCtrl.TYPE_SCREEN_SA_MESSAGES|Integer|false|true
11:00:41.0 (30619513)|VARIABLE_SCOPE_BEGIN|[19]|auMainTopCompCtrl.TYPE_SCREEN_SA_RANKING|Integer|false|true
11:00:41.0 (30632440)|VARIABLE_SCOPE_BEGIN|[14]|auMainTopCompCtrl.TYPE_SCREEN_SA_REPORTS|Integer|false|true
11:00:41.0 (30640152)|VARIABLE_SCOPE_BEGIN|[23]|auMainTopCompCtrl.TYPE_SCREEN_SA_TODO|Integer|false|true
11:00:41.0 (30647719)|VARIABLE_SCOPE_BEGIN|[21]|auMainTopCompCtrl.TYPE_SCREEN_SA_USRSETTINGS|Integer|false|true
11:00:41.0 (30655320)|VARIABLE_SCOPE_BEGIN|[4]|auMainTopCompCtrl.TYPE_SCREEN_STPD_EVENT|Integer|false|true
11:00:41.0 (30664419)|VARIABLE_SCOPE_BEGIN|[6]|auMainTopCompCtrl.TYPE_SCREEN_STPD_SCREEN|Integer|false|true
11:00:41.0 (30676641)|VARIABLE_SCOPE_BEGIN|[5]|auMainTopCompCtrl.TYPE_SCREEN_STPD_TIMELINE|Integer|false|true
11:00:41.0 (30690282)|VARIABLE_SCOPE_BEGIN|[3]|auMainTopCompCtrl.TYPE_SCREEN_SWITCH|Integer|false|true
11:00:41.0 (32849506)|VF_DESERIALIZE_VIEWSTATE_END
11:00:41.0 (54391518)|SYSTEM_MODE_ENTER|true
11:00:41.0 (54779770)|HEAP_ALLOCATE|[EXTERNAL]|Bytes:284
11:00:41.0 (54847330)|HEAP_ALLOCATE|[EXTERNAL]|Bytes:150
11:00:41.0 (54899308)|METHOD_ENTRY|[1]|01pN0000000Mill|auMainTopCompCtrl.auMainTopCompCtrl()
11:00:41.0 (54911134)|STATEMENT_EXECUTE|[1]
11:00:41.0 (54920387)|STATEMENT_EXECUTE|[1]
11:00:41.0 (54923142)|STATEMENT_EXECUTE|[3]
11:00:41.0 (54935817)|HEAP_ALLOCATE|[3]|Bytes:4
11:00:41.0 (55136293)|VARIABLE_ASSIGNMENT|[3]|auMainTopCompCtrl.TYPE_SCREEN_SWITCH|0
11:00:41.0 (55148305)|STATEMENT_EXECUTE|[4]
11:00:41.0 (55154323)|HEAP_ALLOCATE|[4]|Bytes:4
11:00:41.0 (55170827)|VARIABLE_ASSIGNMENT|[4]|auMainTopCompCtrl.TYPE_SCREEN_STPD_EVENT|11
11:00:41.0 (55178110)|STATEMENT_EXECUTE|[5]
11:00:41.0 (55181475)|HEAP_ALLOCATE|[5]|Bytes:4
11:00:41.0 (55192926)|VARIABLE_ASSIGNMENT|[5]|auMainTopCompCtrl.TYPE_SCREEN_STPD_TIMELINE|12
11:00:41.0 (55200196)|STATEMENT_EXECUTE|[6]
11:00:41.0 (55203527)|HEAP_ALLOCATE|[6]|Bytes:4
11:00:41.0 (55214277)|VARIABLE_ASSIGNMENT|[6]|auMainTopCompCtrl.TYPE_SCREEN_STPD_SCREEN|13
11:00:41.0 (55221129)|STATEMENT_EXECUTE|[7]
11:00:41.0 (55224233)|HEAP_ALLOCATE|[7]|Bytes:4
11:00:41.0 (55233231)|VARIABLE_ASSIGNMENT|[7]|auMainTopCompCtrl.TYPE_SCREEN_CX_SCREEN|21
11:00:41.0 (55239569)|STATEMENT_EXECUTE|[8]
11:00:41.0 (55242521)|HEAP_ALLOCATE|[8]|Bytes:4
11:00:41.0 (55254508)|VARIABLE_ASSIGNMENT|[8]|auMainTopCompCtrl.TYPE_SCREEN_CX_TIMELINE|22
11:00:41.0 (55261031)|STATEMENT_EXECUTE|[9]
11:00:41.0 (55264156)|HEAP_ALLOCATE|[9]|Bytes:4
11:00:41.0 (55273465)|VARIABLE_ASSIGNMENT|[9]|auMainTopCompCtrl.TYPE_SCREEN_EVENT_SCHEDULE|31
11:00:41.0 (55279810)|STATEMENT_EXECUTE|[10]
11:00:41.0 (55282770)|HEAP_ALLOCATE|[10]|Bytes:4
11:00:41.0 (55292167)|VARIABLE_ASSIGNMENT|[10]|auMainTopCompCtrl.TYPE_SCREEN_EVENT_SCHEDULE_LIST|32
11:00:41.0 (55299022)|STATEMENT_EXECUTE|[11]
11:00:41.0 (55301922)|HEAP_ALLOCATE|[11]|Bytes:4
11:00:41.0 (55315211)|VARIABLE_ASSIGNMENT|[11]|auMainTopCompCtrl.TYPE_SCREEN_KNOWLEDGE_DASHBOARD|41
11:00:41.0 (55321505)|STATEMENT_EXECUTE|[12]
11:00:41.0 (55324388)|HEAP_ALLOCATE|[12]|Bytes:4
11:00:41.0 (55334478)|VARIABLE_ASSIGNMENT|[12]|auMainTopCompCtrl.TYPE_SCREEN_KNOWLEDGE_LIST|42
11:00:41.0 (55340821)|STATEMENT_EXECUTE|[13]
11:00:41.0 (55355377)|HEAP_ALLOCATE|[13]|Bytes:4
11:00:41.0 (55368546)|VARIABLE_ASSIGNMENT|[13]|auMainTopCompCtrl.TYPE_SCREEN_SA_MESSAGES|51
11:00:41.0 (55375425)|STATEMENT_EXECUTE|[14]
11:00:41.0 (55379029)|HEAP_ALLOCATE|[14]|Bytes:4
11:00:41.0 (55388634)|VARIABLE_ASSIGNMENT|[14]|auMainTopCompCtrl.TYPE_SCREEN_SA_REPORTS|52
11:00:41.0 (55394441)|STATEMENT_EXECUTE|[15]
11:00:41.0 (55397463)|HEAP_ALLOCATE|[15]|Bytes:4
11:00:41.0 (55406537)|VARIABLE_ASSIGNMENT|[15]|auMainTopCompCtrl.TYPE_SCREEN_SA_CHATTER|53
11:00:41.0 (55412748)|STATEMENT_EXECUTE|[16]
11:00:41.0 (55416133)|HEAP_ALLOCATE|[16]|Bytes:4
11:00:41.0 (55425580)|VARIABLE_ASSIGNMENT|[16]|auMainTopCompCtrl.TYPE_SCREEN_SA_DAILYREPORT|54
11:00:41.0 (55432541)|STATEMENT_EXECUTE|[17]
11:00:41.0 (55435419)|HEAP_ALLOCATE|[17]|Bytes:4
11:00:41.0 (55445520)|VARIABLE_ASSIGNMENT|[17]|auMainTopCompCtrl.TYPE_SCREEN_SA_ENQUETE|55
11:00:41.0 (55451642)|STATEMENT_EXECUTE|[18]
11:00:41.0 (55454401)|HEAP_ALLOCATE|[18]|Bytes:4
11:00:41.0 (55464066)|VARIABLE_ASSIGNMENT|[18]|auMainTopCompCtrl.TYPE_SCREEN_SA_DOCUMENTS|56
11:00:41.0 (55470236)|STATEMENT_EXECUTE|[19]
11:00:41.0 (55473074)|HEAP_ALLOCATE|[19]|Bytes:4
11:00:41.0 (55482821)|VARIABLE_ASSIGNMENT|[19]|auMainTopCompCtrl.TYPE_SCREEN_SA_RANKING|57
11:00:41.0 (55488920)|STATEMENT_EXECUTE|[20]
11:00:41.0 (55491976)|HEAP_ALLOCATE|[20]|Bytes:4
11:00:41.0 (55500887)|VARIABLE_ASSIGNMENT|[20]|auMainTopCompCtrl.TYPE_SCREEN_SA_LINKS|58
11:00:41.0 (55507392)|STATEMENT_EXECUTE|[21]
11:00:41.0 (55510632)|HEAP_ALLOCATE|[21]|Bytes:4
11:00:41.0 (55521472)|VARIABLE_ASSIGNMENT|[21]|auMainTopCompCtrl.TYPE_SCREEN_SA_USRSETTINGS|59
11:00:41.0 (55527772)|STATEMENT_EXECUTE|[22]
11:00:41.0 (55530297)|HEAP_ALLOCATE|[22]|Bytes:4
11:00:41.0 (55539208)|VARIABLE_ASSIGNMENT|[22]|auMainTopCompCtrl.TYPE_SCREEN_SA_DAILYREPORTLIST|60
11:00:41.0 (55545566)|STATEMENT_EXECUTE|[23]
11:00:41.0 (55548755)|HEAP_ALLOCATE|[23]|Bytes:4
11:00:41.0 (55562005)|VARIABLE_ASSIGNMENT|[23]|auMainTopCompCtrl.TYPE_SCREEN_SA_TODO|61
11:00:41.0 (55568815)|STATEMENT_EXECUTE|[24]
11:00:41.0 (55572145)|HEAP_ALLOCATE|[24]|Bytes:4
11:00:41.0 (55581615)|VARIABLE_ASSIGNMENT|[24]|auMainTopCompCtrl.TYPE_SCREEN_HONBU_DIRECT|71
11:00:41.0 (55587886)|STATEMENT_EXECUTE|[25]
11:00:41.0 (55591054)|HEAP_ALLOCATE|[25]|Bytes:4
11:00:41.0 (55599826)|VARIABLE_ASSIGNMENT|[25]|auMainTopCompCtrl.TYPE_SCREEN_ACCOUNT_LIST|81
11:00:41.0 (55605623)|STATEMENT_EXECUTE|[26]
11:00:41.0 (55608600)|HEAP_ALLOCATE|[26]|Bytes:4
11:00:41.0 (55617299)|VARIABLE_ASSIGNMENT|[26]|auMainTopCompCtrl.TYPE_SCREEN_ACTIVITY_LIST|82
11:00:41.0 (55623672)|STATEMENT_EXECUTE|[27]
11:00:41.0 (55626486)|HEAP_ALLOCATE|[27]|Bytes:4
11:00:41.0 (55635304)|VARIABLE_ASSIGNMENT|[27]|auMainTopCompCtrl.TYPE_SCREEN_FILE_LIST|83
11:00:41.0 (55669007)|METHOD_EXIT|[1]|auMainTopCompCtrl
11:00:41.0 (55680828)|HEAP_ALLOCATE|[EXTERNAL]|Bytes:40
11:00:41.0 (55695276)|VARIABLE_SCOPE_BEGIN|[80]|this|auMainTopCompCtrl|true|false
11:00:41.0 (55784410)|VARIABLE_ASSIGNMENT|[80]|this|{"currentUser":"0x301780dd","iTypeOfScreen":54,"urlReportsSFA":"https://cs6.lightnin (84 more) ..."}|0x6423ff19
11:00:41.0 (55804593)|STATEMENT_EXECUTE|[80]
11:00:41.0 (55807214)|STATEMENT_EXECUTE|[81]
11:00:41.0 (55913207)|VARIABLE_ASSIGNMENT|[EXTERNAL]|this|{"currentUser":"0x301780dd","iTypeOfScreen":54,"urlReportsSFA":"https://cs6.lightnin (84 more) ..."}|0x6423ff19
11:00:41.0 (56012525)|VARIABLE_ASSIGNMENT|[EXTERNAL]|this|{"currentUser":"0x301780dd","iTypeOfScreen":54,"urlReportsSFA":"https://cs6.lightnin (84 more) ..."}|0x6423ff19
11:00:41.0 (56077574)|VARIABLE_ASSIGNMENT|[EXTERNAL]|this|{"currentUser":"0x301780dd","iTypeOfScreen":54,"urlReportsSFA":"https://cs6.lightnin (84 more) ..."}|0x6423ff19
11:00:41.0 (56161373)|VARIABLE_ASSIGNMENT|[EXTERNAL]|this|{"currentUser":"0x301780dd","iTypeOfScreen":54,"urlReportsSFA":"https://cs6.lightnin (84 more) ..."}|0x6423ff19
11:00:41.0 (56198257)|HEAP_ALLOCATE|[81]|Bytes:5
11:00:41.0 (56616278)|SYSTEM_MODE_ENTER|true
11:00:41.0 (56709802)|HEAP_ALLOCATE|[EXTERNAL]|Bytes:40
11:00:41.0 (56730317)|VARIABLE_SCOPE_BEGIN|[98]|this|auMainTopCompCtrl|true|false
11:00:41.0 (56783924)|VARIABLE_ASSIGNMENT|[98]|this|{"currentUser":"0x301780dd","iTypeOfScreen":54,"urlReportsSFA":"https://cs6.lightnin (84 more) ..."}|0x6423ff19
11:00:41.0 (56800348)|STATEMENT_EXECUTE|[98]
11:00:41.0 (56803122)|STATEMENT_EXECUTE|[99]
11:00:41.0 (56858394)|VARIABLE_ASSIGNMENT|[EXTERNAL]|this|{"currentUser":"0x301780dd","iTypeOfScreen":54,"urlReportsSFA":"https://cs6.lightnin (84 more) ..."}|0x6423ff19
11:00:41.0 (56904121)|HEAP_ALLOCATE|[99]|Bytes:5
11:00:41.0 (57011709)|SYSTEM_MODE_ENTER|true
11:00:41.0 (57058796)|HEAP_ALLOCATE|[EXTERNAL]|Bytes:40
11:00:41.0 (57068660)|VARIABLE_SCOPE_BEGIN|[102]|this|auMainTopCompCtrl|true|false
11:00:41.0 (57111751)|VARIABLE_ASSIGNMENT|[102]|this|{"currentUser":"0x301780dd","iTypeOfScreen":54,"urlReportsSFA":"https://cs6.lightnin (84 more) ..."}|0x6423ff19
11:00:41.0 (57125365)|STATEMENT_EXECUTE|[102]
11:00:41.0 (57127970)|STATEMENT_EXECUTE|[103]
11:00:41.0 (57175298)|VARIABLE_ASSIGNMENT|[EXTERNAL]|this|{"currentUser":"0x301780dd","iTypeOfScreen":54,"urlReportsSFA":"https://cs6.lightnin (84 more) ..."}|0x6423ff19
11:00:41.0 (57198840)|HEAP_ALLOCATE|[103]|Bytes:5
11:00:41.0 (57393041)|SYSTEM_MODE_ENTER|true
11:00:41.0 (57425447)|HEAP_ALLOCATE|[EXTERNAL]|Bytes:40
11:00:41.0 (57467044)|VARIABLE_ASSIGNMENT|[EXTERNAL]|this.iCountComments|null|0x6423ff19
11:00:41.0 (57546784)|SYSTEM_MODE_ENTER|true
11:00:41.0 (57565680)|HEAP_ALLOCATE|[EXTERNAL]|Bytes:40
11:00:41.0 (57576858)|VARIABLE_ASSIGNMENT|[EXTERNAL]|this.iCountLikes|null|0x6423ff19
11:00:41.0 (57749283)|SYSTEM_MODE_ENTER|true
11:00:41.0 (57818872)|HEAP_ALLOCATE|[EXTERNAL]|Bytes:26
11:00:41.0 (57831147)|HEAP_ALLOCATE|[EXTERNAL]|Bytes:460
11:00:41.0 (57835797)|HEAP_ALLOCATE|[EXTERNAL]|Bytes:113
11:00:41.0 (57840871)|HEAP_ALLOCATE|[EXTERNAL]|Bytes:39
11:00:41.0 (57845024)|HEAP_ALLOCATE|[EXTERNAL]|Bytes:3
11:00:41.0 (57868113)|VARIABLE_ASSIGNMENT|[EXTERNAL]|saDailyReportCtrl.SOURCE|"src"
11:00:41.0 (57874484)|HEAP_ALLOCATE|[EXTERNAL]|Bytes:2
11:00:41.0 (57882331)|VARIABLE_ASSIGNMENT|[EXTERNAL]|saDailyReportCtrl.SOURCE_ID|"id"
11:00:41.0 (57895008)|METHOD_ENTRY|[1]|01pN0000000aE0W|saDailyReportCtrl.saDailyReportCtrl()
11:00:41.0 (57902055)|STATEMENT_EXECUTE|[1]
11:00:41.0 (57905749)|STATEMENT_EXECUTE|[1]
11:00:41.0 (57916385)|SYSTEM_MODE_ENTER|false
11:00:41.0 (57924418)|HEAP_ALLOCATE|[EXTERNAL]|Bytes:5
11:00:41.0 (57941869)|STATEMENT_EXECUTE|[649]
11:00:41.0 (57944078)|STATEMENT_EXECUTE|[676]
11:00:41.0 (57949965)|SYSTEM_MODE_EXIT|false
11:00:41.0 (57961705)|METHOD_EXIT|[1]|saDailyReportCtrl
11:00:41.0 (57969326)|HEAP_ALLOCATE|[EXTERNAL]|Bytes:76
11:00:41.0 (57976542)|VARIABLE_SCOPE_BEGIN|[92]|this|saDailyReportCtrl|true|false
11:00:41.0 (58734591)|VARIABLE_ASSIGNMENT|[92]|this|{"BusinessLocationName":"","currentInquiryReply":"0x32f97b30","currentInquiryReplyDetail":"0x49d98141","dailyReportId":"a0IN0000006RUllMAG","dCurrentDay":"2018-06-30T00:00:00Z","dCurrentMonth":"2018-07-01T00:00:00Z","iCurrentDay":0,"idBusinessLocation":"","isIPhone":false,"isPreview":true,"lsBusinessLocation":"0x4544f1cf","messageError":"","messageQuestion":"","mpQuestions":"0x7653a347","myUser":"0xf0a7646","sourceOfTheCall":"preview"}|0x27529ece
11:00:41.0 (58761262)|SYSTEM_MODE_ENTER|false
11:00:41.0 (58769313)|HEAP_ALLOCATE|[92]|Bytes:5
11:00:41.0 (58775199)|STATEMENT_EXECUTE|[92]
11:00:41.0 (58777199)|STATEMENT_EXECUTE|[92]
11:00:41.0 (58782720)|SYSTEM_MODE_EXIT|false
11:00:41.0 (58850112)|SYSTEM_MODE_ENTER|true
11:00:41.0 (58869337)|HEAP_ALLOCATE|[EXTERNAL]|Bytes:8
11:00:41.0 (58874849)|HEAP_ALLOCATE|[EXTERNAL]|Bytes:40
11:00:41.0 (58885934)|VARIABLE_ASSIGNMENT|[EXTERNAL]|this.iTypeOfScreen|54|0x6423ff19
11:00:41.0 (59204782)|SYSTEM_MODE_ENTER|true
11:00:41.0 (59585955)|SYSTEM_MODE_ENTER|true
11:00:41.0 (59715523)|SYSTEM_MODE_ENTER|true
11:00:41.0 (76578394)|SYSTEM_MODE_ENTER|true
11:00:41.0 (78527301)|SYSTEM_MODE_ENTER|true
11:00:41.0 (81224224)|SYSTEM_MODE_ENTER|true
11:00:41.0 (81411112)|SYSTEM_MODE_ENTER|true
11:00:41.0 (81458959)|SYSTEM_MODE_ENTER|true
11:00:41.0 (81577347)|SYSTEM_MODE_ENTER|true
11:00:41.0 (81623116)|SYSTEM_MODE_ENTER|true
11:00:41.0 (81713535)|SYSTEM_MODE_ENTER|true
11:00:41.0 (81790078)|HEAP_ALLOCATE|[EXTERNAL]|Bytes:40
11:00:41.0 (81809315)|VARIABLE_SCOPE_BEGIN|[80]|this|auMainTopCompCtrl|true|false
11:00:41.0 (81878116)|VARIABLE_ASSIGNMENT|[80]|this|{"currentUser":"0x301780dd","iTypeOfScreen":54,"urlReportsSFA":"https://cs6.lightnin (84 more) ..."}|0x6423ff19
11:00:41.0 (81901649)|STATEMENT_EXECUTE|[80]
11:00:41.0 (81905099)|STATEMENT_EXECUTE|[81]
11:00:41.0 (81943794)|VARIABLE_ASSIGNMENT|[EXTERNAL]|this|{"currentUser":"0x301780dd","iTypeOfScreen":54,"urlReportsSFA":"https://cs6.lightnin (84 more) ..."}|0x6423ff19
11:00:41.0 (81990854)|VARIABLE_ASSIGNMENT|[EXTERNAL]|this|{"currentUser":"0x301780dd","iTypeOfScreen":54,"urlReportsSFA":"https://cs6.lightnin (84 more) ..."}|0x6423ff19
11:00:41.0 (82025748)|VARIABLE_ASSIGNMENT|[EXTERNAL]|this|{"currentUser":"0x301780dd","iTypeOfScreen":54,"urlReportsSFA":"https://cs6.lightnin (84 more) ..."}|0x6423ff19
11:00:41.0 (82059397)|VARIABLE_ASSIGNMENT|[EXTERNAL]|this|{"currentUser":"0x301780dd","iTypeOfScreen":54,"urlReportsSFA":"https://cs6.lightnin (84 more) ..."}|0x6423ff19
11:00:41.0 (82076487)|HEAP_ALLOCATE|[81]|Bytes:5
11:00:41.0 (82143713)|SYSTEM_MODE_ENTER|true
11:00:41.0 (82180628)|HEAP_ALLOCATE|[EXTERNAL]|Bytes:40
11:00:41.0 (82187861)|VARIABLE_SCOPE_BEGIN|[98]|this|auMainTopCompCtrl|true|false
11:00:41.0 (82219252)|VARIABLE_ASSIGNMENT|[98]|this|{"currentUser":"0x301780dd","iTypeOfScreen":54,"urlReportsSFA":"https://cs6.lightnin (84 more) ..."}|0x6423ff19
11:00:41.0 (82229863)|STATEMENT_EXECUTE|[98]
11:00:41.0 (82231943)|STATEMENT_EXECUTE|[99]
11:00:41.0 (82258340)|VARIABLE_ASSIGNMENT|[EXTERNAL]|this|{"currentUser":"0x301780dd","iTypeOfScreen":54,"urlReportsSFA":"https://cs6.lightnin (84 more) ..."}|0x6423ff19
11:00:41.0 (82274271)|HEAP_ALLOCATE|[99]|Bytes:5
11:00:41.0 (82325670)|SYSTEM_MODE_ENTER|true
11:00:41.0 (82355554)|HEAP_ALLOCATE|[EXTERNAL]|Bytes:40
11:00:41.0 (82362147)|VARIABLE_SCOPE_BEGIN|[102]|this|auMainTopCompCtrl|true|false
11:00:41.0 (82391371)|VARIABLE_ASSIGNMENT|[102]|this|{"currentUser":"0x301780dd","iTypeOfScreen":54,"urlReportsSFA":"https://cs6.lightnin (84 more) ..."}|0x6423ff19
11:00:41.0 (82400644)|STATEMENT_EXECUTE|[102]
11:00:41.0 (82402691)|STATEMENT_EXECUTE|[103]
11:00:41.0 (82428090)|VARIABLE_ASSIGNMENT|[EXTERNAL]|this|{"currentUser":"0x301780dd","iTypeOfScreen":54,"urlReportsSFA":"https://cs6.lightnin (84 more) ..."}|0x6423ff19
11:00:41.0 (82442118)|HEAP_ALLOCATE|[103]|Bytes:5
11:00:41.0 (86248523)|SYSTEM_MODE_ENTER|true
11:00:41.0 (86280597)|HEAP_ALLOCATE|[EXTERNAL]|Bytes:16
11:00:41.0 (86287567)|HEAP_ALLOCATE|[EXTERNAL]|Bytes:76
11:00:41.0 (86304433)|VARIABLE_ASSIGNMENT|[EXTERNAL]|this.messageError|"正しいデーターを入れてください。"|0x27529ece
11:00:41.0 (86349478)|SYSTEM_MODE_ENTER|true
11:00:41.0 (86364526)|HEAP_ALLOCATE|[EXTERNAL]|Bytes:76
11:00:41.0 (86373768)|VARIABLE_ASSIGNMENT|[EXTERNAL]|this.messageQuestion|""|0x27529ece
11:00:41.0 (86398711)|SYSTEM_MODE_ENTER|true
11:00:41.0 (86412721)|HEAP_ALLOCATE|[EXTERNAL]|Bytes:5
11:00:41.0 (86417449)|HEAP_ALLOCATE|[EXTERNAL]|Bytes:76
11:00:41.0 (86425164)|VARIABLE_ASSIGNMENT|[EXTERNAL]|this.isPreview|true|0x27529ece
11:00:41.0 (86449227)|SYSTEM_MODE_ENTER|true
11:00:41.0 (86461808)|HEAP_ALLOCATE|[EXTERNAL]|Bytes:76
11:00:41.0 (86469769)|VARIABLE_ASSIGNMENT|[EXTERNAL]|this.idBusinessLocation|""|0x27529ece
11:00:41.0 (86492639)|SYSTEM_MODE_ENTER|true
11:00:41.0 (86504407)|HEAP_ALLOCATE|[EXTERNAL]|Bytes:8
11:00:41.0 (86508580)|HEAP_ALLOCATE|[EXTERNAL]|Bytes:76
11:00:41.0 (86515497)|VARIABLE_ASSIGNMENT|[EXTERNAL]|this.iCurrentDay|0|0x27529ece
11:00:41.0 (86647978)|SYSTEM_MODE_ENTER|true
11:00:41.0 (86663253)|HEAP_ALLOCATE|[EXTERNAL]|Bytes:40
11:00:41.0 (86672104)|VARIABLE_ASSIGNMENT|[EXTERNAL]|this.iCountComments|null|0x6423ff19
11:00:41.0 (86705537)|SYSTEM_MODE_ENTER|true
11:00:41.0 (86739101)|HEAP_ALLOCATE|[EXTERNAL]|Bytes:40
11:00:41.0 (86747445)|VARIABLE_ASSIGNMENT|[EXTERNAL]|this.iCountLikes|null|0x6423ff19
11:00:41.0 (86793889)|SYSTEM_MODE_ENTER|true
11:00:41.0 (86840383)|HEAP_ALLOCATE|[EXTERNAL]|Bytes:76
11:00:41.0 (86848810)|VARIABLE_SCOPE_BEGIN|[92]|this|saDailyReportCtrl|true|false
11:00:41.0 (87205762)|VARIABLE_ASSIGNMENT|[92]|this|{"BusinessLocationName":"","currentInquiryReply":"0x32f97b30","currentInquiryReplyDetail":"0x49d98141","dailyReportId":"a0IN0000006RUllMAG","dCurrentDay":"2018-06-30T00:00:00Z","dCurrentMonth":"2018-07-01T00:00:00Z","iCurrentDay":0,"idBusinessLocation":"","isIPhone":false,"isPreview":true,"lsBusinessLocation":"0x4544f1cf","messageError":"正しいデーターを入れてください。","messageQuestion":"","mpQuestions":"0x7653a347","myUser":"0xf0a7646","sourceOfTheCall":"preview"}|0x27529ece
11:00:41.0 (87250311)|SYSTEM_MODE_ENTER|false
11:00:41.0 (87263648)|HEAP_ALLOCATE|[92]|Bytes:5
11:00:41.0 (87272154)|STATEMENT_EXECUTE|[92]
11:00:41.0 (87274796)|STATEMENT_EXECUTE|[92]
11:00:41.0 (87283359)|SYSTEM_MODE_EXIT|false
11:00:41.0 (87336364)|SYSTEM_MODE_ENTER|true
11:00:41.0 (87352120)|HEAP_ALLOCATE|[EXTERNAL]|Bytes:8
11:00:41.0 (87357331)|HEAP_ALLOCATE|[EXTERNAL]|Bytes:40
11:00:41.0 (87366668)|VARIABLE_ASSIGNMENT|[EXTERNAL]|this.iTypeOfScreen|54|0x6423ff19
11:00:41.0 (87561403)|SYSTEM_MODE_ENTER|true
11:00:41.0 (107397774)|HEAP_ALLOCATE|[EXTERNAL]|Bytes:76
11:00:41.0 (107413107)|VARIABLE_SCOPE_BEGIN|[199]|this|saDailyReportCtrl|true|false
11:00:41.0 (107734340)|VARIABLE_ASSIGNMENT|[199]|this|{"BusinessLocationName":"","currentInquiryReply":"0x32f97b30","currentInquiryReplyDetail":"0x49d98141","dailyReportId":"a0IN0000006RUllMAG","dCurrentDay":"2018-06-30T00:00:00Z","dCurrentMonth":"2018-07-01T00:00:00Z","iCurrentDay":0,"idBusinessLocation":"","isIPhone":false,"isPreview":true,"lsBusinessLocation":"0x4544f1cf","messageError":"正しいデーターを入れてください。","messageQuestion":"","mpQuestions":"0x7653a347","myUser":"0xf0a7646","sourceOfTheCall":"preview"}|0x27529ece
11:00:41.0 (107760436)|SYSTEM_MODE_ENTER|false
11:00:41.0 (107768970)|HEAP_ALLOCATE|[201]|Bytes:5
11:00:41.0 (107775684)|STATEMENT_EXECUTE|[199]
11:00:41.0 (107777784)|STATEMENT_EXECUTE|[201]
11:00:41.0 (108207004)|VARIABLE_ASSIGNMENT|[EXTERNAL]|this|{"BusinessLocationName":"","currentInquiryReply":"0x32f97b30","currentInquiryReplyDetail":"0x49d98141","dailyReportId":"a0IN0000006RUllMAG","dCurrentDay":"2018-06-30T00:00:00Z","dCurrentMonth":"2018-07-01T00:00:00Z","iCurrentDay":0,"idBusinessLocation":"","isIPhone":false,"isPreview":true,"lsBusinessLocation":"0x4544f1cf","messageError":"正しいデーターを入れてください。","messageQuestion":"","mpQuestions":"0x7653a347","myUser":"0xf0a7646","sourceOfTheCall":"preview"}|0x27529ece
11:00:41.0 (108225859)|VARIABLE_ASSIGNMENT|[EXTERNAL]|value|""
11:00:41.0 (108254769)|VARIABLE_ASSIGNMENT|[6]|this.messageError|""|0x27529ece
11:00:41.0 (108268123)|STATEMENT_EXECUTE|[202]
11:00:41.0 (108516600)|VARIABLE_ASSIGNMENT|[EXTERNAL]|this|{"BusinessLocationName":"","currentInquiryReply":"0x32f97b30","currentInquiryReplyDetail":"0x49d98141","dailyReportId":"a0IN0000006RUllMAG","dCurrentDay":"2018-06-30T00:00:00Z","dCurrentMonth":"2018-07-01T00:00:00Z","iCurrentDay":0,"idBusinessLocation":"","isIPhone":false,"isPreview":true,"lsBusinessLocation":"0x4544f1cf","messageError":"","messageQuestion":"","mpQuestions":"0x7653a347","myUser":"0xf0a7646","sourceOfTheCall":"preview"}|0x27529ece
11:00:41.0 (108533091)|VARIABLE_ASSIGNMENT|[EXTERNAL]|value|""
11:00:41.0 (108544220)|VARIABLE_ASSIGNMENT|[7]|this.messageQuestion|""|0x27529ece
11:00:41.0 (108555628)|STATEMENT_EXECUTE|[204]
11:00:41.0 (108557670)|STATEMENT_EXECUTE|[204]
11:00:41.0 (108559271)|STATEMENT_EXECUTE|[206]
11:00:41.0 (109005271)|VARIABLE_ASSIGNMENT|[EXTERNAL]|this|{"BusinessLocationName":"","currentInquiryReply":"0x32f97b30","currentInquiryReplyDetail":"0x49d98141","dailyReportId":"a0IN0000006RUllMAG","dCurrentDay":"2018-06-30T00:00:00Z","dCurrentMonth":"2018-07-01T00:00:00Z","iCurrentDay":0,"idBusinessLocation":"","isIPhone":false,"isPreview":true,"lsBusinessLocation":"0x4544f1cf","messageError":"","messageQuestion":"","mpQuestions":"0x7653a347","myUser":"0xf0a7646","sourceOfTheCall":"preview"}|0x27529ece
11:00:41.0 (109095043)|HEAP_ALLOCATE|[206]|Bytes:4
11:00:41.0 (109135785)|VARIABLE_ASSIGNMENT|[206]|this.dCurrentDay|"2018-06-30T00:00:00.000Z"|0x27529ece
11:00:41.0 (109146116)|STATEMENT_EXECUTE|[208]
11:00:41.0 (109161345)|HEAP_ALLOCATE|[208]|Bytes:4
11:00:41.0 (109601091)|VARIABLE_ASSIGNMENT|[EXTERNAL]|this|{"BusinessLocationName":"","currentInquiryReply":"0x32f97b30","currentInquiryReplyDetail":"0x49d98141","dailyReportId":"a0IN0000006RUllMAG","dCurrentDay":"2018-06-30T00:00:00Z","dCurrentMonth":"2018-07-01T00:00:00Z","iCurrentDay":0,"idBusinessLocation":"","isIPhone":false,"isPreview":true,"lsBusinessLocation":"0x4544f1cf","messageError":"","messageQuestion":"","mpQuestions":"0x7653a347","myUser":"0xf0a7646","sourceOfTheCall":"preview"}|0x27529ece
11:00:41.0 (109746235)|HEAP_ALLOCATE|[EXTERNAL]|Bytes:4
11:00:41.0 (109768114)|VARIABLE_ASSIGNMENT|[EXTERNAL]|value|[]|0x47c60388
11:00:41.0 (109789368)|VARIABLE_ASSIGNMENT|[22]|this.currentInquiryReplyDetail|[]|0x27529ece
11:00:41.0 (109806952)|STATEMENT_EXECUTE|[209]
11:00:41.0 (109825328)|HEAP_ALLOCATE|[209]|Bytes:4
11:00:41.0 (110207064)|VARIABLE_ASSIGNMENT|[EXTERNAL]|this|{"BusinessLocationName":"","currentInquiryReply":"0x32f97b30","currentInquiryReplyDetail":"0x47c60388","dailyReportId":"a0IN0000006RUllMAG","dCurrentDay":"2018-06-30T00:00:00Z","dCurrentMonth":"2018-07-01T00:00:00Z","iCurrentDay":0,"idBusinessLocation":"","isIPhone":false,"isPreview":true,"lsBusinessLocation":"0x4544f1cf","messageError":"","messageQuestion":"","mpQuestions":"0x7653a347","myUser":"0xf0a7646","sourceOfTheCall":"preview"}|0x27529ece
11:00:41.0 (110238994)|VARIABLE_ASSIGNMENT|[EXTERNAL]|value|{}|0x4febc86b
11:00:41.0 (110257524)|VARIABLE_ASSIGNMENT|[24]|this.mpQuestions|{}|0x27529ece
11:00:41.0 (110273685)|STATEMENT_EXECUTE|[211]
11:00:41.0 (110619695)|VARIABLE_ASSIGNMENT|[EXTERNAL]|this|{"BusinessLocationName":"","currentInquiryReply":"0x32f97b30","currentInquiryReplyDetail":"0x47c60388","dailyReportId":"a0IN0000006RUllMAG","dCurrentDay":"2018-06-30T00:00:00Z","dCurrentMonth":"2018-07-01T00:00:00Z","iCurrentDay":0,"idBusinessLocation":"","isIPhone":false,"isPreview":true,"lsBusinessLocation":"0x4544f1cf","messageError":"","messageQuestion":"","mpQuestions":"0x4febc86b","myUser":"0xf0a7646","sourceOfTheCall":"preview"}|0x27529ece
11:00:41.0 (110642657)|VARIABLE_ASSIGNMENT|[EXTERNAL]|value|""
11:00:41.0 (110657205)|VARIABLE_ASSIGNMENT|[23]|this.BusinessLocationName|""|0x27529ece
11:00:41.0 (110675553)|HEAP_ALLOCATE|[212]|Bytes:81
11:00:41.0 (110698907)|HEAP_ALLOCATE|[212]|Bytes:4
11:00:41.0 (110714144)|HEAP_ALLOCATE|[212]|Bytes:7
11:00:41.0 (111072942)|VARIABLE_ASSIGNMENT|[EXTERNAL]|this|{"BusinessLocationName":"","currentInquiryReply":"0x32f97b30","currentInquiryReplyDetail":"0x47c60388","dailyReportId":"a0IN0000006RUllMAG","dCurrentDay":"2018-06-30T00:00:00Z","dCurrentMonth":"2018-07-01T00:00:00Z","iCurrentDay":0,"idBusinessLocation":"","isIPhone":false,"isPreview":true,"lsBusinessLocation":"0x4544f1cf","messageError":"","messageQuestion":"","mpQuestions":"0x4febc86b","myUser":"0xf0a7646","sourceOfTheCall":"preview"}|0x27529ece
11:00:41.0 (111585178)|SOQL_EXECUTE_BEGIN|[212]|Aggregations:0|SELECT Id, BusinessLocationName__c FROM saBusinessLocation__c 
11:00:41.0 (113151031)|SOQL_EXECUTE_END|[212]|Rows:0
11:00:41.0 (113499355)|HEAP_ALLOCATE|[212]|Bytes:54
11:00:41.0 (113514131)|HEAP_ALLOCATE|[212]|Bytes:8
11:00:41.0 (113557594)|SYSTEM_METHOD_ENTRY|[7]|QueryLocatorIterator.QueryLocatorIterator()
11:00:41.0 (113565169)|STATEMENT_EXECUTE|[7]
11:00:41.0 (113578387)|SYSTEM_METHOD_EXIT|[7]|QueryLocatorIterator
11:00:41.0 (113589589)|HEAP_ALLOCATE|[212]|Bytes:28
11:00:41.0 (113633601)|HEAP_ALLOCATE|[212]|Bytes:8
11:00:41.0 (113640825)|HEAP_ALLOCATE|[212]|Bytes:8
11:00:41.0 (113647920)|VARIABLE_SCOPE_BEGIN|[15]|this|Database.QueryLocatorIterator|true|false
11:00:41.0 (113697000)|VARIABLE_ASSIGNMENT|[15]|this|{}|0x27ccb3b1
11:00:41.0 (113707521)|VARIABLE_SCOPE_BEGIN|[15]|values|List<SObject>|true|false
11:00:41.0 (113721058)|VARIABLE_ASSIGNMENT|[15]|values|null|
11:00:41.0 (113728215)|VARIABLE_SCOPE_BEGIN|[15]|ql|Database.QueryLocator|true|false
11:00:41.0 (113754330)|VARIABLE_ASSIGNMENT|[15]|ql|{"query":"SELECT Id, BusinessL (61 more) ..."}|0x701f081e
11:00:41.0 (113762916)|VARIABLE_SCOPE_BEGIN|[15]|totalNumRecords|Integer|false|false
11:00:41.0 (113776272)|VARIABLE_ASSIGNMENT|[15]|totalNumRecords|0
11:00:41.0 (113783206)|VARIABLE_SCOPE_BEGIN|[15]|queryMoreSize|Integer|false|false
11:00:41.0 (113812889)|VARIABLE_ASSIGNMENT|[15]|queryMoreSize|50000
11:00:41.0 (113917160)|HEAP_ALLOCATE|[212]|Bytes:28
11:00:41.0 (113943528)|METHOD_ENTRY|[212]||Database.QueryLocatorIterator.hasNext()
11:00:41.0 (113966441)|METHOD_EXIT|[212]||Database.QueryLocatorIterator.hasNext()
11:00:41.0 (114009049)|VARIABLE_ASSIGNMENT|[212]|bl|null|
11:00:41.0 (114018444)|STATEMENT_EXECUTE|[212]
11:00:41.0 (114035681)|STATEMENT_EXECUTE|[219]
11:00:41.0 (114040796)|HEAP_ALLOCATE|[219]|Bytes:195
11:00:41.0 (114058904)|HEAP_ALLOCATE|[219]|Bytes:4
11:00:41.0 (114087724)|HEAP_ALLOCATE|[219]|Bytes:7
11:00:41.0 (114127824)|HEAP_ALLOCATE|[223]|Bytes:89
11:00:41.0 (114138744)|SYSTEM_METHOD_ENTRY|[1]|UserInfo.UserInfo()
11:00:41.0 (114143622)|STATEMENT_EXECUTE|[1]
11:00:41.0 (114149742)|SYSTEM_METHOD_EXIT|[1]|UserInfo
11:00:41.0 (114162560)|METHOD_ENTRY|[223]||System.UserInfo.getUserId()
11:00:41.0 (114201077)|METHOD_EXIT|[223]||System.UserInfo.getUserId()
11:00:41.0 (115014681)|SOQL_EXECUTE_BEGIN|[219]|Aggregations:0|SELECT Id, saBusinessLocation__c, Status__c, saInquiry__c, Comment__c FROM saInquiryReply__c WHERE (saInquiry__r.Type__c = 'DAILY_REPORT' AND DailyReportDate__c = :tmpVar1 AND User__c = :tmpVar2)
11:00:41.0 (121299303)|SOQL_EXECUTE_END|[219]|Rows:0
11:00:41.0 (121327393)|HEAP_ALLOCATE|[219]|Bytes:4
11:00:41.0 (121341864)|HEAP_ALLOCATE|[219]|Bytes:0
11:00:41.0 (121412155)|HEAP_ALLOCATE|[219]|Bytes:4
11:00:41.0 (121427846)|VARIABLE_SCOPE_BEGIN|[219]|lsInqRep|List<saInquiryReply__c>|true|false
11:00:41.0 (121451038)|VARIABLE_ASSIGNMENT|[219]|lsInqRep|[]|0x3fb129c5
11:00:41.0 (121542390)|STATEMENT_EXECUTE|[225]
11:00:41.0 (121545334)|STATEMENT_EXECUTE|[227]
11:00:41.0 (121550526)|HEAP_ALLOCATE|[227]|Bytes:207
11:00:41.0 (121570660)|HEAP_ALLOCATE|[227]|Bytes:4
11:00:41.0 (121905805)|VARIABLE_ASSIGNMENT|[EXTERNAL]|this|{"BusinessLocationName":"","currentInquiryReply":"0x32f97b30","currentInquiryReplyDetail":"0x47c60388","dailyReportId":"a0IN0000006RUllMAG","dCurrentDay":"2018-06-30T00:00:00Z","dCurrentMonth":"2018-07-01T00:00:00Z","iCurrentDay":0,"idBusinessLocation":"","isIPhone":false,"isPreview":true,"lsBusinessLocation":"0x4544f1cf","messageError":"","messageQuestion":"","mpQuestions":"0x4febc86b","myUser":"0xf0a7646","sourceOfTheCall":"preview"}|0x27529ece
11:00:41.0 (121936785)|HEAP_ALLOCATE|[227]|Bytes:7
11:00:41.0 (121950367)|METHOD_ENTRY|[232]||System.UserInfo.getUserId()
11:00:41.0 (121986980)|METHOD_EXIT|[232]||System.UserInfo.getUserId()
11:00:41.0 (122351171)|SOQL_EXECUTE_BEGIN|[227]|Aggregations:0|SELECT Id, saBusinessLocation__c, Status__c FROM saInquiryReply__c WHERE (saInquiry__r.Type__c = 'DAILY_REPORT' AND DailyReportDate__c = :tmpVar1 AND saBusinessLocation__c = :tmpVar2 AND User__c != :tmpVar3)
11:00:41.0 (141800065)|SOQL_EXECUTE_END|[227]|Rows:0
11:00:41.0 (141826136)|HEAP_ALLOCATE|[227]|Bytes:4
11:00:41.0 (141840569)|HEAP_ALLOCATE|[227]|Bytes:0
11:00:41.0 (141867881)|HEAP_ALLOCATE|[227]|Bytes:4
11:00:41.0 (141882678)|VARIABLE_SCOPE_BEGIN|[227]|lsInqOtherPeople|List<saInquiryReply__c>|true|false
11:00:41.0 (141902532)|VARIABLE_ASSIGNMENT|[227]|lsInqOtherPeople|[]|0x5ab22edd
11:00:41.0 (141942075)|STATEMENT_EXECUTE|[234]
11:00:41.0 (141944871)|STATEMENT_EXECUTE|[240]
11:00:41.0 (141948030)|VARIABLE_SCOPE_BEGIN|[240]|lsTemplate|List<saInquiryReply__c>|true|false
11:00:41.0 (141959997)|VARIABLE_ASSIGNMENT|[240]|lsTemplate|null|
11:00:41.0 (142236666)|VARIABLE_ASSIGNMENT|[EXTERNAL]|this|{"BusinessLocationName":"","currentInquiryReply":"0x32f97b30","currentInquiryReplyDetail":"0x47c60388","dailyReportId":"a0IN0000006RUllMAG","dCurrentDay":"2018-06-30T00:00:00Z","dCurrentMonth":"2018-07-01T00:00:00Z","iCurrentDay":0,"idBusinessLocation":"","isIPhone":false,"isPreview":true,"lsBusinessLocation":"0x4544f1cf","messageError":"","messageQuestion":"","mpQuestions":"0x4febc86b","myUser":"0xf0a7646","sourceOfTheCall":"preview"}|0x27529ece
11:00:41.0 (142263902)|STATEMENT_EXECUTE|[252]
11:00:41.0 (142266208)|STATEMENT_EXECUTE|[253]
11:00:41.0 (142269940)|HEAP_ALLOCATE|[253]|Bytes:393
11:00:41.0 (142285506)|HEAP_ALLOCATE|[253]|Bytes:4
11:00:41.0 (142321512)|METHOD_ENTRY|[259]||System.UserInfo.getUserId()
11:00:41.0 (142349892)|METHOD_EXIT|[259]||System.UserInfo.getUserId()
11:00:41.0 (142839459)|SOQL_EXECUTE_BEGIN|[253]|Aggregations:0|SELECT Id, saBusinessLocation__c, Status__c, saInquiry__c, Comment__c FROM saInquiryReply__c WHERE (saInquiry__r.Type__c = 'DAILY_REPORT' AND (saInquiry__r.ValidFrom__c = NULL OR saInquiry__r.ValidFrom__c <= :tmpVar1) AND (saInquiry__r.ValidTo__c = NULL OR saInquiry__r.ValidTo__c >= :tmpVar2) AND DailyReportDate__c = NULL AND User__c = :tmpVar3) ORDER BY CreatedDate DESC NULLS FIRST LIMIT 1
11:00:41.0 (147982826)|SOQL_EXECUTE_END|[253]|Rows:1
11:00:41.0 (148013683)|HEAP_ALLOCATE|[253]|Bytes:8
11:00:41.0 (148029635)|HEAP_ALLOCATE|[253]|Bytes:89
11:00:41.0 (148073653)|HEAP_ALLOCATE|[253]|Bytes:8
11:00:41.0 (148125059)|VARIABLE_ASSIGNMENT|[253]|lsTemplate|[{"Id":"a0KN0000007Kg4nMAC","Status__c":"WAITING_REPLY","saInquiry__c":"a0IN0000006RUllMAG"}]|0x10a5d9de
11:00:41.0 (148134850)|STATEMENT_EXECUTE|[264]
11:00:41.0 (148138916)|HEAP_ALLOCATE|[264]|Bytes:11
11:00:41.0 (148276725)|HEAP_ALLOCATE|[264]|Bytes:101
11:00:41.0 (148300944)|HEAP_ALLOCATE|[264]|Bytes:112
11:00:41.0 (148338532)|USER_DEBUG|[264]|DEBUG|Template : (saInquiryReply__c:{Id=a0KN0000007Kg4nMAC, Status__c=WAITING_REPLY, saInquiry__c=a0IN0000006RUllMAG})
11:00:41.0 (148376359)|STATEMENT_EXECUTE|[265]
11:00:41.0 (148378643)|STATEMENT_EXECUTE|[271]
11:00:41.0 (148395409)|HEAP_ALLOCATE|[271]|Bytes:16
11:00:41.0 (148430450)|VARIABLE_SCOPE_BEGIN|[271]|idInquiry|Id|false|false
11:00:41.0 (148570719)|VARIABLE_ASSIGNMENT|[271]|idInquiry|"a0IN0000006RUllMAG"
11:00:41.0 (148578812)|STATEMENT_EXECUTE|[272]
11:00:41.0 (148597494)|HEAP_ALLOCATE|[272]|Bytes:4
11:00:41.0 (148930373)|VARIABLE_ASSIGNMENT|[EXTERNAL]|this|{"BusinessLocationName":"","currentInquiryReply":"0x32f97b30","currentInquiryReplyDetail":"0x47c60388","dailyReportId":"a0IN0000006RUllMAG","dCurrentDay":"2018-06-30T00:00:00Z","dCurrentMonth":"2018-07-01T00:00:00Z","iCurrentDay":0,"idBusinessLocation":"","isIPhone":false,"isPreview":true,"lsBusinessLocation":"0x4544f1cf","messageError":"","messageQuestion":"","mpQuestions":"0x4febc86b","myUser":"0xf0a7646","sourceOfTheCall":"preview"}|0x27529ece
11:00:41.0 (148952492)|VARIABLE_ASSIGNMENT|[EXTERNAL]|value|{}|0x7cbb7c3b
11:00:41.0 (148972545)|VARIABLE_ASSIGNMENT|[21]|this.currentInquiryReply|{}|0x27529ece
11:00:41.0 (148984996)|STATEMENT_EXECUTE|[273]
11:00:41.0 (149171298)|VARIABLE_ASSIGNMENT|[EXTERNAL]|this|{"BusinessLocationName":"","currentInquiryReply":"0x7cbb7c3b","currentInquiryReplyDetail":"0x47c60388","dailyReportId":"a0IN0000006RUllMAG","dCurrentDay":"2018-06-30T00:00:00Z","dCurrentMonth":"2018-07-01T00:00:00Z","iCurrentDay":0,"idBusinessLocation":"","isIPhone":false,"isPreview":true,"lsBusinessLocation":"0x4544f1cf","messageError":"","messageQuestion":"","mpQuestions":"0x4febc86b","myUser":"0xf0a7646","sourceOfTheCall":"preview"}|0x27529ece
11:00:41.0 (149263151)|VARIABLE_ASSIGNMENT|[273]|this.saInquiry__c|"a0IN0000006RUllMAG"|0x7cbb7c3b
11:00:41.0 (149517060)|VARIABLE_ASSIGNMENT|[EXTERNAL]|this|{"BusinessLocationName":"","currentInquiryReply":"0x7cbb7c3b","currentInquiryReplyDetail":"0x47c60388","dailyReportId":"a0IN0000006RUllMAG","dCurrentDay":"2018-06-30T00:00:00Z","dCurrentMonth":"2018-07-01T00:00:00Z","iCurrentDay":0,"idBusinessLocation":"","isIPhone":false,"isPreview":true,"lsBusinessLocation":"0x4544f1cf","messageError":"","messageQuestion":"","mpQuestions":"0x4febc86b","myUser":"0xf0a7646","sourceOfTheCall":"preview"}|0x27529ece
11:00:41.0 (149542438)|STATEMENT_EXECUTE|[277]
11:00:41.0 (149544933)|STATEMENT_EXECUTE|[280]
11:00:41.0 (149553214)|METHOD_ENTRY|[280]||System.UserInfo.getUserId()
11:00:41.0 (149587541)|METHOD_EXIT|[280]||System.UserInfo.getUserId()
11:00:41.0 (149604399)|HEAP_ALLOCATE|[280]|Bytes:4
11:00:41.0 (149818049)|VARIABLE_ASSIGNMENT|[EXTERNAL]|this|{"BusinessLocationName":"","currentInquiryReply":"0x7cbb7c3b","currentInquiryReplyDetail":"0x47c60388","dailyReportId":"a0IN0000006RUllMAG","dCurrentDay":"2018-06-30T00:00:00Z","dCurrentMonth":"2018-07-01T00:00:00Z","iCurrentDay":0,"idBusinessLocation":"","isIPhone":false,"isPreview":true,"lsBusinessLocation":"0x4544f1cf","messageError":"","messageQuestion":"","mpQuestions":"0x4febc86b","myUser":"0xf0a7646","sourceOfTheCall":"preview"}|0x27529ece
11:00:41.0 (149893407)|VARIABLE_ASSIGNMENT|[280]|this.User__c|"005N00000057PfOIAU"|0x7cbb7c3b
11:00:41.0 (149907758)|STATEMENT_EXECUTE|[281]
11:00:41.0 (150130248)|VARIABLE_ASSIGNMENT|[EXTERNAL]|this|{"BusinessLocationName":"","currentInquiryReply":"0x7cbb7c3b","currentInquiryReplyDetail":"0x47c60388","dailyReportId":"a0IN0000006RUllMAG","dCurrentDay":"2018-06-30T00:00:00Z","dCurrentMonth":"2018-07-01T00:00:00Z","iCurrentDay":0,"idBusinessLocation":"","isIPhone":false,"isPreview":true,"lsBusinessLocation":"0x4544f1cf","messageError":"","messageQuestion":"","mpQuestions":"0x4febc86b","myUser":"0xf0a7646","sourceOfTheCall":"preview"}|0x27529ece
11:00:41.0 (150219102)|VARIABLE_ASSIGNMENT|[281]|this.DailyReportDate__c|"2018-06-30T00:00:00.000Z"|0x7cbb7c3b
11:00:41.0 (150231633)|STATEMENT_EXECUTE|[282]
11:00:41.0 (150236097)|HEAP_ALLOCATE|[282]|Bytes:13
11:00:41.0 (150413204)|VARIABLE_ASSIGNMENT|[EXTERNAL]|this|{"BusinessLocationName":"","currentInquiryReply":"0x7cbb7c3b","currentInquiryReplyDetail":"0x47c60388","dailyReportId":"a0IN0000006RUllMAG","dCurrentDay":"2018-06-30T00:00:00Z","dCurrentMonth":"2018-07-01T00:00:00Z","iCurrentDay":0,"idBusinessLocation":"","isIPhone":false,"isPreview":true,"lsBusinessLocation":"0x4544f1cf","messageError":"","messageQuestion":"","mpQuestions":"0x4febc86b","myUser":"0xf0a7646","sourceOfTheCall":"preview"}|0x27529ece
11:00:41.0 (150467932)|VARIABLE_ASSIGNMENT|[282]|this.Status__c|"WAITING_REPLY"|0x7cbb7c3b
11:00:41.0 (150476264)|STATEMENT_EXECUTE|[283]
11:00:41.0 (150657581)|VARIABLE_ASSIGNMENT|[EXTERNAL]|this|{"BusinessLocationName":"","currentInquiryReply":"0x7cbb7c3b","currentInquiryReplyDetail":"0x47c60388","dailyReportId":"a0IN0000006RUllMAG","dCurrentDay":"2018-06-30T00:00:00Z","dCurrentMonth":"2018-07-01T00:00:00Z","iCurrentDay":0,"idBusinessLocation":"","isIPhone":false,"isPreview":true,"lsBusinessLocation":"0x4544f1cf","messageError":"","messageQuestion":"","mpQuestions":"0x4febc86b","myUser":"0xf0a7646","sourceOfTheCall":"preview"}|0x27529ece
11:00:41.0 (150707062)|VARIABLE_ASSIGNMENT|[283]|this.Comment__c|""|0x7cbb7c3b
11:00:41.0 (150715329)|STATEMENT_EXECUTE|[285]
11:00:41.0 (150720187)|HEAP_ALLOCATE|[285]|Bytes:625
11:00:41.0 (150737764)|HEAP_ALLOCATE|[285]|Bytes:4
11:00:41.0 (151626090)|SOQL_EXECUTE_BEGIN|[285]|Aggregations:0|SELECT Id, QuestionLabel__c, AnswerType__c, NumberPossibleReplies__c, IsShortReply__c, SortNo__c, IsRequired__c, Reply01Label__c, Reply02Label__c, Reply03Label__c, Reply04Label__c, Reply05Label__c, Reply06Label__c, Reply07Label__c, Reply08Label__c, Reply09Label__c, Reply10Label__c, Reply11Label__c, Reply12Label__c, Reply13Label__c, Reply14Label__c, Reply15Label__c, Reply16Label__c, Reply17Label__c, Reply18Label__c, Reply19Label__c, Reply20Label__c, Reply21Label__c, Reply22Label__c, Reply23Label__c, Reply24Label__c, Reply25Label__c FROM saInquiryDetail__c WHERE saInquiry__c = :tmpVar1 ORDER BY SortNo__c ASC NULLS FIRST
11:00:41.0 (162143203)|SOQL_EXECUTE_END|[285]|Rows:1
11:00:41.0 (162179002)|HEAP_ALLOCATE|[285]|Bytes:8
11:00:41.0 (162210917)|HEAP_ALLOCATE|[285]|Bytes:282
11:00:41.0 (162288606)|HEAP_ALLOCATE|[285]|Bytes:8
11:00:41.0 (162315907)|VARIABLE_SCOPE_BEGIN|[285]|lsTmpQuest|List<saInquiryDetail__c>|true|false
11:00:41.0 (162478950)|VARIABLE_ASSIGNMENT|[285]|lsTmpQuest|[{"Id":"a0JN0000008h2r2MAA","QuestionLabel__c":"Works?","AnswerType__c":"CHECKBOX","NumberPossibleReplies__c":2,"IsShortReply__c":true,"SortNo__c":0,"IsRequired__c":false,"Reply01Label__c":"Yes!","Reply02Label__c":"No!"}]|0x60cf2613
11:00:41.0 (162737668)|HEAP_ALLOCATE|[295]|Bytes:5
11:00:41.0 (162768774)|HEAP_ALLOCATE|[295]|Bytes:40
11:00:41.0 (162785715)|VARIABLE_SCOPE_BEGIN|[295]|quest|saInquiryDetail__c|true|false
11:00:41.0 (162822881)|VARIABLE_ASSIGNMENT|[295]|quest|{"Id":"a0JN0000008h2r2MAA","QuestionLabel__c":"Works?","AnswerType__c":"CHECKBOX","NumberPossibleReplies__c":2,"IsShortReply__c":true,"SortNo__c":0,"IsRequired__c":false,"Reply01Label__c":"Yes!","Reply02Label__c":"No!"}|0x6164f597
11:00:41.0 (162834620)|STATEMENT_EXECUTE|[295]
11:00:41.0 (162837693)|STATEMENT_EXECUTE|[296]
11:00:41.0 (162994863)|HEAP_ALLOCATE|[296]|Bytes:4
11:00:41.0 (163095567)|VARIABLE_SCOPE_BEGIN|[296]|questReply|saInquiryReplyDetail__c|true|false
11:00:41.0 (163113690)|VARIABLE_ASSIGNMENT|[296]|questReply|{}|0x7802b816
11:00:41.0 (163120771)|STATEMENT_EXECUTE|[297]
11:00:41.0 (163234280)|VARIABLE_ASSIGNMENT|[297]|this.saInquiryDetail__c|"a0JN0000008h2r2MAA"|0x7802b816
11:00:41.0 (163243148)|STATEMENT_EXECUTE|[298]
11:00:41.0 (163595608)|VARIABLE_ASSIGNMENT|[EXTERNAL]|this|{"BusinessLocationName":"","currentInquiryReply":"0x7cbb7c3b","currentInquiryReplyDetail":"0x47c60388","dailyReportId":"a0IN0000006RUllMAG","dCurrentDay":"2018-06-30T00:00:00Z","dCurrentMonth":"2018-07-01T00:00:00Z","iCurrentDay":0,"idBusinessLocation":"","isIPhone":false,"isPreview":true,"lsBusinessLocation":"0x4544f1cf","messageError":"","messageQuestion":"","mpQuestions":"0x4febc86b","myUser":"0xf0a7646","sourceOfTheCall":"preview"}|0x27529ece
11:00:41.0 (163646057)|HEAP_ALLOCATE|[EXTERNAL]|Bytes:4
11:00:41.0 (163674586)|STATEMENT_EXECUTE|[299]
11:00:41.0 (163915975)|VARIABLE_ASSIGNMENT|[EXTERNAL]|this|{"BusinessLocationName":"","currentInquiryReply":"0x7cbb7c3b","currentInquiryReplyDetail":"0x47c60388","dailyReportId":"a0IN0000006RUllMAG","dCurrentDay":"2018-06-30T00:00:00Z","dCurrentMonth":"2018-07-01T00:00:00Z","iCurrentDay":0,"idBusinessLocation":"","isIPhone":false,"isPreview":true,"lsBusinessLocation":"0x4544f1cf","messageError":"","messageQuestion":"","mpQuestions":"0x4febc86b","myUser":"0xf0a7646","sourceOfTheCall":"preview"}|0x27529ece
11:00:41.0 (163989016)|HEAP_ALLOCATE|[EXTERNAL]|Bytes:-4
11:00:41.0 (164011643)|HEAP_ALLOCATE|[295]|Bytes:5
11:00:41.0 (164037488)|VARIABLE_ASSIGNMENT|[295]|quest|null|
11:00:41.0 (164056765)|SYSTEM_MODE_EXIT|false
11:00:41.0 (199024902)|SYSTEM_MODE_ENTER|true
11:00:41.0 (199071887)|HEAP_ALLOCATE|[EXTERNAL]|Bytes:40
11:00:41.0 (199096550)|VARIABLE_ASSIGNMENT|[EXTERNAL]|this.iCountComments|null|0x6423ff19
11:00:41.0 (199153850)|SYSTEM_MODE_ENTER|true
11:00:41.0 (199166861)|HEAP_ALLOCATE|[EXTERNAL]|Bytes:40
11:00:41.0 (199175307)|VARIABLE_ASSIGNMENT|[EXTERNAL]|this.iCountLikes|null|0x6423ff19
11:00:41.0 (199254479)|SYSTEM_MODE_ENTER|true
11:00:41.0 (199319615)|HEAP_ALLOCATE|[EXTERNAL]|Bytes:76
11:00:41.0 (199331580)|VARIABLE_SCOPE_BEGIN|[92]|this|saDailyReportCtrl|true|false
11:00:41.0 (199691026)|VARIABLE_ASSIGNMENT|[92]|this|{"BusinessLocationName":"","currentInquiryReply":"0x7cbb7c3b","currentInquiryReplyDetail":"0x47c60388","dailyReportId":"a0IN0000006RUllMAG","dCurrentDay":"2018-06-30T00:00:00Z","dCurrentMonth":"2018-07-01T00:00:00Z","iCurrentDay":0,"idBusinessLocation":"","isIPhone":false,"isPreview":true,"lsBusinessLocation":"0x4544f1cf","messageError":"","messageQuestion":"","mpQuestions":"0x4febc86b","myUser":"0xf0a7646","sourceOfTheCall":"preview"}|0x27529ece
11:00:41.0 (199719870)|SYSTEM_MODE_ENTER|false
11:00:41.0 (199734100)|HEAP_ALLOCATE|[92]|Bytes:5
11:00:41.0 (199741502)|STATEMENT_EXECUTE|[92]
11:00:41.0 (199744334)|STATEMENT_EXECUTE|[92]
11:00:41.0 (199752531)|SYSTEM_MODE_EXIT|false
11:00:41.0 (199806406)|SYSTEM_MODE_ENTER|true
11:00:41.0 (199824841)|HEAP_ALLOCATE|[EXTERNAL]|Bytes:8
11:00:41.0 (199829685)|HEAP_ALLOCATE|[EXTERNAL]|Bytes:40
11:00:41.0 (199839115)|VARIABLE_ASSIGNMENT|[EXTERNAL]|this.iTypeOfScreen|54|0x6423ff19
11:00:41.0 (199910854)|SYSTEM_MODE_ENTER|true
11:00:41.0 (199947888)|HEAP_ALLOCATE|[EXTERNAL]|Bytes:40
11:00:41.0 (199954533)|VARIABLE_SCOPE_BEGIN|[80]|this|auMainTopCompCtrl|true|false
11:00:41.0 (199997134)|VARIABLE_ASSIGNMENT|[80]|this|{"currentUser":"0x301780dd","iTypeOfScreen":54,"urlReportsSFA":"https://cs6.lightnin (84 more) ..."}|0x6423ff19
11:00:41.0 (200007489)|STATEMENT_EXECUTE|[80]
11:00:41.0 (200009859)|STATEMENT_EXECUTE|[81]
11:00:41.0 (200047688)|VARIABLE_ASSIGNMENT|[EXTERNAL]|this|{"currentUser":"0x301780dd","iTypeOfScreen":54,"urlReportsSFA":"https://cs6.lightnin (84 more) ..."}|0x6423ff19
11:00:41.0 (200090632)|VARIABLE_ASSIGNMENT|[EXTERNAL]|this|{"currentUser":"0x301780dd","iTypeOfScreen":54,"urlReportsSFA":"https://cs6.lightnin (84 more) ..."}|0x6423ff19
11:00:41.0 (200122440)|VARIABLE_ASSIGNMENT|[EXTERNAL]|this|{"currentUser":"0x301780dd","iTypeOfScreen":54,"urlReportsSFA":"https://cs6.lightnin (84 more) ..."}|0x6423ff19
11:00:41.0 (200154596)|VARIABLE_ASSIGNMENT|[EXTERNAL]|this|{"currentUser":"0x301780dd","iTypeOfScreen":54,"urlReportsSFA":"https://cs6.lightnin (84 more) ..."}|0x6423ff19
11:00:41.0 (200170085)|HEAP_ALLOCATE|[81]|Bytes:5
11:00:41.0 (200239347)|SYSTEM_MODE_ENTER|true
11:00:41.0 (200271885)|HEAP_ALLOCATE|[EXTERNAL]|Bytes:40
11:00:41.0 (200278560)|VARIABLE_SCOPE_BEGIN|[98]|this|auMainTopCompCtrl|true|false
11:00:41.0 (200308195)|VARIABLE_ASSIGNMENT|[98]|this|{"currentUser":"0x301780dd","iTypeOfScreen":54,"urlReportsSFA":"https://cs6.lightnin (84 more) ..."}|0x6423ff19
11:00:41.0 (200318665)|STATEMENT_EXECUTE|[98]
11:00:41.0 (200321097)|STATEMENT_EXECUTE|[99]
11:00:41.0 (200348513)|VARIABLE_ASSIGNMENT|[EXTERNAL]|this|{"currentUser":"0x301780dd","iTypeOfScreen":54,"urlReportsSFA":"https://cs6.lightnin (84 more) ..."}|0x6423ff19
11:00:41.0 (200363702)|HEAP_ALLOCATE|[99]|Bytes:5
11:00:41.0 (200416515)|SYSTEM_MODE_ENTER|true
11:00:41.0 (200445457)|HEAP_ALLOCATE|[EXTERNAL]|Bytes:40
11:00:41.0 (200452092)|VARIABLE_SCOPE_BEGIN|[102]|this|auMainTopCompCtrl|true|false
11:00:41.0 (200481943)|VARIABLE_ASSIGNMENT|[102]|this|{"currentUser":"0x301780dd","iTypeOfScreen":54,"urlReportsSFA":"https://cs6.lightnin (84 more) ..."}|0x6423ff19
11:00:41.0 (200491113)|STATEMENT_EXECUTE|[102]
11:00:41.0 (200492963)|STATEMENT_EXECUTE|[103]
11:00:41.0 (200518725)|VARIABLE_ASSIGNMENT|[EXTERNAL]|this|{"currentUser":"0x301780dd","iTypeOfScreen":54,"urlReportsSFA":"https://cs6.lightnin (84 more) ..."}|0x6423ff19
11:00:41.0 (200533313)|HEAP_ALLOCATE|[103]|Bytes:5
11:00:41.0 (200627139)|SYSTEM_MODE_ENTER|true
11:00:41.0 (200758668)|SYSTEM_MODE_ENTER|true
11:00:41.0 (200878082)|SYSTEM_MODE_ENTER|true
11:00:41.0 (201076822)|SYSTEM_MODE_ENTER|true
11:00:41.0 (204258206)|SYSTEM_MODE_ENTER|true
11:00:41.0 (204910643)|SYSTEM_MODE_ENTER|true
11:00:41.0 (206422666)|SYSTEM_MODE_ENTER|true
11:00:41.0 (206481460)|HEAP_ALLOCATE|[EXTERNAL]|Bytes:76
11:00:41.0 (206493530)|VARIABLE_SCOPE_BEGIN|[141]|this|saDailyReportCtrl|true|false
11:00:41.0 (206730177)|VARIABLE_ASSIGNMENT|[141]|this|{"BusinessLocationName":"","currentInquiryReply":"0x7cbb7c3b","currentInquiryReplyDetail":"0x47c60388","dailyReportId":"a0IN0000006RUllMAG","dCurrentDay":"2018-06-30T00:00:00Z","dCurrentMonth":"2018-07-01T00:00:00Z","iCurrentDay":0,"idBusinessLocation":"","isIPhone":false,"isPreview":true,"lsBusinessLocation":"0x4544f1cf","messageError":"","messageQuestion":"","mpQuestions":"0x4febc86b","myUser":"0xf0a7646","sourceOfTheCall":"preview"}|0x27529ece
11:00:41.0 (206754860)|SYSTEM_MODE_ENTER|false
11:00:41.0 (206763433)|HEAP_ALLOCATE|[142]|Bytes:5
11:00:41.0 (206769565)|STATEMENT_EXECUTE|[141]
11:00:41.0 (206772268)|STATEMENT_EXECUTE|[142]
11:00:41.0 (206915103)|HEAP_ALLOCATE|[142]|Bytes:4
11:00:41.0 (206930644)|HEAP_ALLOCATE|[142]|Bytes:1
11:00:41.0 (206954366)|HEAP_ALLOCATE|[142]|Bytes:1
11:00:41.0 (206962861)|HEAP_ALLOCATE|[142]|Bytes:1
11:00:41.0 (206995826)|HEAP_ALLOCATE|[142]|Bytes:2
11:00:41.0 (207012910)|HEAP_ALLOCATE|[142]|Bytes:9
11:00:41.0 (207026902)|HEAP_ALLOCATE|[142]|Bytes:10
11:00:41.0 (207035406)|SYSTEM_MODE_EXIT|false
11:00:41.0 (207991363)|SYSTEM_MODE_ENTER|true
11:00:41.0 (208666590)|SYSTEM_MODE_ENTER|true
11:00:41.0 (225580759)|VF_SERIALIZE_VIEWSTATE_BEGIN|066N0000000M4pW
11:00:41.0 (247934937)|VF_SERIALIZE_VIEWSTATE_END
11:00:41.252 (252475175)|CUMULATIVE_LIMIT_USAGE
11:00:41.252 (252475175)|LIMIT_USAGE_FOR_NS|(default)|
  Number of SOQL queries: 5 out of 100
  Number of query rows: 2 out of 50000
  Number of SOSL queries: 0 out of 20
  Number of DML statements: 0 out of 150
  Number of DML rows: 0 out of 10000
  Maximum CPU time: 0 out of 10000
  Maximum heap size: 0 out of 6000000
  Number of callouts: 0 out of 100
  Number of Email Invocations: 0 out of 10
  Number of future calls: 0 out of 50
  Number of queueable jobs added to the queue: 0 out of 50
  Number of Mobile Apex push calls: 0 out of 10

11:00:41.252 (252475175)|CUMULATIVE_LIMIT_USAGE_END

11:00:41.0 (252524749)|CODE_UNIT_FINISHED|VF: /apex/sadailyreport
11:00:41.0 (253353098)|EXECUTION_FINISHED
