36.0 APEX_CODE,FINEST;APEX_PROFILING,INFO;CALLOUT,INFO;DB,INFO;NBA,INFO;SYSTEM,DEBUG;VALIDATION,INFO;VISUALFORCE,INFO;WAVE,INFO;WORKFLOW,INFO
15:49:34.0 (72210)|USER_INFO|[EXTERNAL]|005N00000057RPN|duc.huynhmanh+kddi-gwdev01@globalway.co.jp|日本標準時|GMT+09:00
15:49:34.0 (104074)|EXECUTION_STARTED
15:49:34.0 (109743)|CODE_UNIT_STARTED|[EXTERNAL]|066N0000000R0yN|VF: /apex/kdActivityList
15:49:34.0 (275166)|VF_DESERIALIZE_VIEWSTATE_BEGIN|066N0000000R0yN
15:49:34.0 (4691811)|HEAP_ALLOCATE|[72]|Bytes:3
15:49:34.0 (4734469)|HEAP_ALLOCATE|[77]|Bytes:152
15:49:34.0 (4749186)|HEAP_ALLOCATE|[342]|Bytes:408
15:49:34.0 (4761788)|HEAP_ALLOCATE|[355]|Bytes:408
15:49:34.0 (4772199)|HEAP_ALLOCATE|[467]|Bytes:48
15:49:34.0 (4798123)|HEAP_ALLOCATE|[139]|Bytes:6
15:49:34.0 (5402025)|HEAP_ALLOCATE|[50]|Bytes:5
15:49:34.0 (5431404)|HEAP_ALLOCATE|[56]|Bytes:5
15:49:34.0 (5441236)|HEAP_ALLOCATE|[64]|Bytes:7
15:49:34.0 (5532353)|VARIABLE_SCOPE_BEGIN|[10]|kdActivityListCtrl.COOKIE_ACCOUNTID|String|false|true
15:49:34.0 (5542196)|VARIABLE_SCOPE_BEGIN|[11]|kdActivityListCtrl.COOKIE_CATEGORY|String|false|true
15:49:34.0 (5553958)|VARIABLE_SCOPE_BEGIN|[14]|kdActivityListCtrl.COOKIE_EXPIRATION_DATE|Integer|false|true
15:49:34.0 (5560678)|VARIABLE_SCOPE_BEGIN|[12]|kdActivityListCtrl.COOKIE_FREETEXT|String|false|true
15:49:34.0 (5566686)|VARIABLE_SCOPE_BEGIN|[13]|kdActivityListCtrl.COOKIE_LABEL_INIT_SEARCH_FLG|String|false|true
15:49:34.0 (5573347)|VARIABLE_SCOPE_BEGIN|[9]|kdActivityListCtrl.COOKIE_PREFIX|String|false|true
15:49:34.0 (6598848)|VARIABLE_SCOPE_BEGIN|[25]|auMainTopCompCtrl.TYPE_SCREEN_ACCOUNT_LIST|Integer|false|true
15:49:34.0 (6610451)|VARIABLE_SCOPE_BEGIN|[26]|auMainTopCompCtrl.TYPE_SCREEN_ACTIVITY_LIST|Integer|false|true
15:49:34.0 (6616905)|VARIABLE_SCOPE_BEGIN|[7]|auMainTopCompCtrl.TYPE_SCREEN_CX_SCREEN|Integer|false|true
15:49:34.0 (6622490)|VARIABLE_SCOPE_BEGIN|[8]|auMainTopCompCtrl.TYPE_SCREEN_CX_TIMELINE|Integer|false|true
15:49:34.0 (6628741)|VARIABLE_SCOPE_BEGIN|[9]|auMainTopCompCtrl.TYPE_SCREEN_EVENT_SCHEDULE|Integer|false|true
15:49:34.0 (6634846)|VARIABLE_SCOPE_BEGIN|[10]|auMainTopCompCtrl.TYPE_SCREEN_EVENT_SCHEDULE_LIST|Integer|false|true
15:49:34.0 (6641505)|VARIABLE_SCOPE_BEGIN|[27]|auMainTopCompCtrl.TYPE_SCREEN_FILE_LIST|Integer|false|true
15:49:34.0 (6646822)|VARIABLE_SCOPE_BEGIN|[24]|auMainTopCompCtrl.TYPE_SCREEN_HONBU_DIRECT|Integer|false|true
15:49:34.0 (6652195)|VARIABLE_SCOPE_BEGIN|[11]|auMainTopCompCtrl.TYPE_SCREEN_KNOWLEDGE_DASHBOARD|Integer|false|true
15:49:34.0 (6658149)|VARIABLE_SCOPE_BEGIN|[12]|auMainTopCompCtrl.TYPE_SCREEN_KNOWLEDGE_LIST|Integer|false|true
15:49:34.0 (6663851)|VARIABLE_SCOPE_BEGIN|[15]|auMainTopCompCtrl.TYPE_SCREEN_SA_CHATTER|Integer|false|true
15:49:34.0 (6669301)|VARIABLE_SCOPE_BEGIN|[16]|auMainTopCompCtrl.TYPE_SCREEN_SA_DAILYREPORT|Integer|false|true
15:49:34.0 (6675275)|VARIABLE_SCOPE_BEGIN|[22]|auMainTopCompCtrl.TYPE_SCREEN_SA_DAILYREPORTLIST|Integer|false|true
15:49:34.0 (6681991)|VARIABLE_SCOPE_BEGIN|[18]|auMainTopCompCtrl.TYPE_SCREEN_SA_DOCUMENTS|Integer|false|true
15:49:34.0 (6687546)|VARIABLE_SCOPE_BEGIN|[17]|auMainTopCompCtrl.TYPE_SCREEN_SA_ENQUETE|Integer|false|true
15:49:34.0 (6693180)|VARIABLE_SCOPE_BEGIN|[20]|auMainTopCompCtrl.TYPE_SCREEN_SA_LINKS|Integer|false|true
15:49:34.0 (6698992)|VARIABLE_SCOPE_BEGIN|[13]|auMainTopCompCtrl.TYPE_SCREEN_SA_MESSAGES|Integer|false|true
15:49:34.0 (6704684)|VARIABLE_SCOPE_BEGIN|[19]|auMainTopCompCtrl.TYPE_SCREEN_SA_RANKING|Integer|false|true
15:49:34.0 (6710832)|VARIABLE_SCOPE_BEGIN|[14]|auMainTopCompCtrl.TYPE_SCREEN_SA_REPORTS|Integer|false|true
15:49:34.0 (6717093)|VARIABLE_SCOPE_BEGIN|[23]|auMainTopCompCtrl.TYPE_SCREEN_SA_TODO|Integer|false|true
15:49:34.0 (6723039)|VARIABLE_SCOPE_BEGIN|[21]|auMainTopCompCtrl.TYPE_SCREEN_SA_USRSETTINGS|Integer|false|true
15:49:34.0 (6729172)|VARIABLE_SCOPE_BEGIN|[4]|auMainTopCompCtrl.TYPE_SCREEN_STPD_EVENT|Integer|false|true
15:49:34.0 (6734945)|VARIABLE_SCOPE_BEGIN|[6]|auMainTopCompCtrl.TYPE_SCREEN_STPD_SCREEN|Integer|false|true
15:49:34.0 (6741100)|VARIABLE_SCOPE_BEGIN|[5]|auMainTopCompCtrl.TYPE_SCREEN_STPD_TIMELINE|Integer|false|true
15:49:34.0 (6747682)|VARIABLE_SCOPE_BEGIN|[3]|auMainTopCompCtrl.TYPE_SCREEN_SWITCH|Integer|false|true
15:49:34.0 (6753850)|VARIABLE_SCOPE_BEGIN|[28]|auMainTopCompCtrl.TYPE_SCREEN_TELEMA_LIST|Integer|false|true
15:49:34.0 (6759894)|VARIABLE_SCOPE_BEGIN|[29]|auMainTopCompCtrl.TYPE_SCREEN_TELEMA_RESULTS|Integer|false|true
15:49:34.0 (10386389)|VF_DESERIALIZE_VIEWSTATE_END
15:49:34.0 (14475055)|SYSTEM_MODE_ENTER|true
15:49:34.0 (14506485)|HEAP_ALLOCATE|[EXTERNAL]|Bytes:9
15:49:34.0 (14519363)|HEAP_ALLOCATE|[EXTERNAL]|Bytes:964
15:49:34.0 (14525594)|HEAP_ALLOCATE|[EXTERNAL]|Bytes:352
15:49:34.0 (14529933)|HEAP_ALLOCATE|[EXTERNAL]|Bytes:43
15:49:34.0 (14534515)|HEAP_ALLOCATE|[EXTERNAL]|Bytes:9
15:49:34.0 (14557804)|VARIABLE_ASSIGNMENT|[EXTERNAL]|kdActivityListCtrl.COOKIE_ACCOUNTID|"AccountId"
15:49:34.0 (14564256)|HEAP_ALLOCATE|[EXTERNAL]|Bytes:8
15:49:34.0 (14570465)|VARIABLE_ASSIGNMENT|[EXTERNAL]|kdActivityListCtrl.COOKIE_CATEGORY|"Category"
15:49:34.0 (14575228)|HEAP_ALLOCATE|[EXTERNAL]|Bytes:8
15:49:34.0 (14580541)|VARIABLE_ASSIGNMENT|[EXTERNAL]|kdActivityListCtrl.COOKIE_FREETEXT|"FreeText"
15:49:34.0 (14584444)|HEAP_ALLOCATE|[EXTERNAL]|Bytes:13
15:49:34.0 (14591241)|VARIABLE_ASSIGNMENT|[EXTERNAL]|kdActivityListCtrl.COOKIE_LABEL_INIT_SEARCH_FLG|"initSearchFlg"
15:49:34.0 (14595244)|HEAP_ALLOCATE|[EXTERNAL]|Bytes:6
15:49:34.0 (14600614)|VARIABLE_ASSIGNMENT|[EXTERNAL]|kdActivityListCtrl.COOKIE_PREFIX|"event_"
15:49:34.0 (14614590)|METHOD_ENTRY|[1]|01pN0000000p0lc|kdActivityListCtrl.kdActivityListCtrl()
15:49:34.0 (14620781)|STATEMENT_EXECUTE|[1]
15:49:34.0 (14627464)|STATEMENT_EXECUTE|[1]
15:49:34.0 (14637031)|SYSTEM_MODE_ENTER|false
15:49:34.0 (14653873)|HEAP_ALLOCATE|[14]|Bytes:5
15:49:34.0 (14659354)|STATEMENT_EXECUTE|[14]
15:49:34.0 (14665970)|HEAP_ALLOCATE|[14]|Bytes:4
15:49:34.0 (14675881)|VARIABLE_ASSIGNMENT|[14]|kdActivityListCtrl.COOKIE_EXPIRATION_DATE|-1
15:49:34.0 (14680344)|STATEMENT_EXECUTE|[924]
15:49:34.0 (14686672)|SYSTEM_MODE_EXIT|false
15:49:34.0 (14696749)|METHOD_EXIT|[1]|kdActivityListCtrl
15:49:34.0 (14770900)|SYSTEM_MODE_ENTER|true
15:49:34.0 (14812507)|SYSTEM_MODE_ENTER|true
15:49:34.0 (14846542)|SYSTEM_MODE_ENTER|true
15:49:34.0 (14900063)|SYSTEM_MODE_ENTER|true
15:49:34.0 (14924639)|HEAP_ALLOCATE|[EXTERNAL]|Bytes:4
15:49:34.0 (14929870)|HEAP_ALLOCATE|[EXTERNAL]|Bytes:216
15:49:34.0 (15130781)|VARIABLE_ASSIGNMENT|[EXTERNAL]|this.attachmentId|""|0x1779c36c
15:49:34.0 (15169639)|SYSTEM_MODE_ENTER|true
15:49:34.0 (15187993)|HEAP_ALLOCATE|[EXTERNAL]|Bytes:2
15:49:34.0 (15192816)|HEAP_ALLOCATE|[EXTERNAL]|Bytes:216
15:49:34.0 (15203426)|VARIABLE_ASSIGNMENT|[EXTERNAL]|this.evalMonthInput|"11"|0x1779c36c
15:49:34.0 (15227384)|SYSTEM_MODE_ENTER|true
15:49:34.0 (15239694)|HEAP_ALLOCATE|[EXTERNAL]|Bytes:4
15:49:34.0 (15243584)|HEAP_ALLOCATE|[EXTERNAL]|Bytes:216
15:49:34.0 (15251433)|VARIABLE_ASSIGNMENT|[EXTERNAL]|this.evalYearInput|"2018"|0x1779c36c
15:49:34.0 (15272062)|SYSTEM_MODE_ENTER|true
15:49:34.0 (15283366)|HEAP_ALLOCATE|[EXTERNAL]|Bytes:2
15:49:34.0 (15287638)|HEAP_ALLOCATE|[EXTERNAL]|Bytes:216
15:49:34.0 (15294362)|VARIABLE_ASSIGNMENT|[EXTERNAL]|this.evalTypeInput|"結果"|0x1779c36c
15:49:34.0 (15595060)|HEAP_ALLOCATE|[EXTERNAL]|Bytes:216
15:49:34.0 (15606056)|VARIABLE_SCOPE_BEGIN|[206]|this|kdActivityListCtrl|true|false
15:49:34.0 (15872781)|VARIABLE_ASSIGNMENT|[206]|this|{"accAttachmentId":"00PN0000007A2JhMAK","adminUser":"0x720da8f8","attachmentId":"","currentUser":"0x72c45c50","errorMessage":"","eval":"0x2bff83c7","evalDescription":"","evalMonthInput":"11","evalResult":"result 2018/11\r\nfdg\r\nvd\r\nbdf\r\nb \r\ndfb\r\nfd\r\nb\r\ndfb\r\ndf\r\nbdf\r\nb\r\ndfbv\r\nd\r\nvdrg\r\nrg\r\nbre\r\n\r\ndvv\r\nfb\r\n fd\r\nb","evalType":"目標","evalTypeInput":"結果","evalYearInput":"2018","eventDescription":"","eventOwnerId":"","eventRelatedObjectId":"","eventUpdate":"0x4311326e","eventUpdateId":"","filterDateFromStr":"2018/11/01","filterDateToStr":"2018/11/30","filterFreeText":"","filterMonth":"11","filterYear":"2018","hasData":false,"initSearchFlg":"true","isReloadAfterClosePopup":false,"lsEventUpdateAttachment":"0x5cc4089c","newEvent":"0xc32f988","newEventDate":"","newEventSubject":"","newRelatedEvent":"0x5b84b272","orderBy":"EndDateTime","pageNum":1,"pageSize":20,"parentAcc":"0x114c692e","recordsCount":0,"searchFilter":"","ssc":"0x6db01373","whereStr":""}|0x1779c36c
15:49:34.0 (15904923)|SYSTEM_MODE_ENTER|false
15:49:34.0 (15912597)|HEAP_ALLOCATE|[207]|Bytes:5
15:49:34.0 (15918363)|STATEMENT_EXECUTE|[206]
15:49:34.0 (15920526)|STATEMENT_EXECUTE|[207]
15:49:34.0 (16150927)|VARIABLE_ASSIGNMENT|[EXTERNAL]|this|{"accAttachmentId":"00PN0000007A2JhMAK","adminUser":"0x720da8f8","attachmentId":"","currentUser":"0x72c45c50","errorMessage":"","eval":"0x2bff83c7","evalDescription":"","evalMonthInput":"11","evalResult":"result 2018/11\r\nfdg\r\nvd\r\nbdf\r\nb \r\ndfb\r\nfd\r\nb\r\ndfb\r\ndf\r\nbdf\r\nb\r\ndfbv\r\nd\r\nvdrg\r\nrg\r\nbre\r\n\r\ndvv\r\nfb\r\n fd\r\nb","evalType":"目標","evalTypeInput":"結果","evalYearInput":"2018","eventDescription":"","eventOwnerId":"","eventRelatedObjectId":"","eventUpdate":"0x4311326e","eventUpdateId":"","filterDateFromStr":"2018/11/01","filterDateToStr":"2018/11/30","filterFreeText":"","filterMonth":"11","filterYear":"2018","hasData":false,"initSearchFlg":"true","isReloadAfterClosePopup":false,"lsEventUpdateAttachment":"0x5cc4089c","newEvent":"0xc32f988","newEventDate":"","newEventSubject":"","newRelatedEvent":"0x5b84b272","orderBy":"EndDateTime","pageNum":1,"pageSize":20,"parentAcc":"0x114c692e","recordsCount":0,"searchFilter":"","ssc":"0x6db01373","whereStr":""}|0x1779c36c
15:49:34.0 (16211616)|VARIABLE_SCOPE_BEGIN|[207]|intMonth|Integer|false|false
15:49:34.0 (16220980)|HEAP_ALLOCATE|[207]|Bytes:4
15:49:34.0 (16228536)|VARIABLE_ASSIGNMENT|[207]|intMonth|11
15:49:34.0 (16233708)|STATEMENT_EXECUTE|[208]
15:49:34.0 (16437949)|VARIABLE_ASSIGNMENT|[EXTERNAL]|this|{"accAttachmentId":"00PN0000007A2JhMAK","adminUser":"0x720da8f8","attachmentId":"","currentUser":"0x72c45c50","errorMessage":"","eval":"0x2bff83c7","evalDescription":"","evalMonthInput":"11","evalResult":"result 2018/11\r\nfdg\r\nvd\r\nbdf\r\nb \r\ndfb\r\nfd\r\nb\r\ndfb\r\ndf\r\nbdf\r\nb\r\ndfbv\r\nd\r\nvdrg\r\nrg\r\nbre\r\n\r\ndvv\r\nfb\r\n fd\r\nb","evalType":"目標","evalTypeInput":"結果","evalYearInput":"2018","eventDescription":"","eventOwnerId":"","eventRelatedObjectId":"","eventUpdate":"0x4311326e","eventUpdateId":"","filterDateFromStr":"2018/11/01","filterDateToStr":"2018/11/30","filterFreeText":"","filterMonth":"11","filterYear":"2018","hasData":false,"initSearchFlg":"true","isReloadAfterClosePopup":false,"lsEventUpdateAttachment":"0x5cc4089c","newEvent":"0xc32f988","newEventDate":"","newEventSubject":"","newRelatedEvent":"0x5b84b272","orderBy":"EndDateTime","pageNum":1,"pageSize":20,"parentAcc":"0x114c692e","recordsCount":0,"searchFilter":"","ssc":"0x6db01373","whereStr":""}|0x1779c36c
15:49:34.0 (16475295)|VARIABLE_SCOPE_BEGIN|[208]|intYear|Integer|false|false
15:49:34.0 (16482921)|HEAP_ALLOCATE|[208]|Bytes:4
15:49:34.0 (16489704)|VARIABLE_ASSIGNMENT|[208]|intYear|2018
15:49:34.0 (16493636)|STATEMENT_EXECUTE|[210]
15:49:34.0 (16498227)|HEAP_ALLOCATE|[210]|Bytes:10
15:49:34.0 (16537779)|HEAP_ALLOCATE|[210]|Bytes:2
15:49:34.0 (16553659)|HEAP_ALLOCATE|[210]|Bytes:12
15:49:34.0 (16579773)|USER_DEBUG|[210]|DEBUG|intMonth: 11
15:49:34.0 (16588073)|STATEMENT_EXECUTE|[211]
15:49:34.0 (16591248)|HEAP_ALLOCATE|[211]|Bytes:9
15:49:34.0 (16609164)|HEAP_ALLOCATE|[211]|Bytes:4
15:49:34.0 (16619118)|HEAP_ALLOCATE|[211]|Bytes:13
15:49:34.0 (16626557)|USER_DEBUG|[211]|DEBUG|intYear: 2018
15:49:34.0 (16632784)|STATEMENT_EXECUTE|[212]
15:49:34.0 (16636256)|HEAP_ALLOCATE|[212]|Bytes:123
15:49:34.0 (16661058)|HEAP_ALLOCATE|[212]|Bytes:4
15:49:34.0 (16674549)|HEAP_ALLOCATE|[212]|Bytes:7
15:49:34.0 (16684898)|HEAP_ALLOCATE|[212]|Bytes:4
15:49:34.0 (16700619)|HEAP_ALLOCATE|[212]|Bytes:7
15:49:34.0 (16704745)|HEAP_ALLOCATE|[212]|Bytes:4
15:49:34.0 (16711836)|HEAP_ALLOCATE|[212]|Bytes:7
15:49:34.0 (16928031)|VARIABLE_ASSIGNMENT|[EXTERNAL]|this|{"accAttachmentId":"00PN0000007A2JhMAK","adminUser":"0x720da8f8","attachmentId":"","currentUser":"0x72c45c50","errorMessage":"","eval":"0x2bff83c7","evalDescription":"","evalMonthInput":"11","evalResult":"result 2018/11\r\nfdg\r\nvd\r\nbdf\r\nb \r\ndfb\r\nfd\r\nb\r\ndfb\r\ndf\r\nbdf\r\nb\r\ndfbv\r\nd\r\nvdrg\r\nrg\r\nbre\r\n\r\ndvv\r\nfb\r\n fd\r\nb","evalType":"目標","evalTypeInput":"結果","evalYearInput":"2018","eventDescription":"","eventOwnerId":"","eventRelatedObjectId":"","eventUpdate":"0x4311326e","eventUpdateId":"","filterDateFromStr":"2018/11/01","filterDateToStr":"2018/11/30","filterFreeText":"","filterMonth":"11","filterYear":"2018","hasData":false,"initSearchFlg":"true","isReloadAfterClosePopup":false,"lsEventUpdateAttachment":"0x5cc4089c","newEvent":"0xc32f988","newEventDate":"","newEventSubject":"","newRelatedEvent":"0x5b84b272","orderBy":"EndDateTime","pageNum":1,"pageSize":20,"parentAcc":"0x114c692e","recordsCount":0,"searchFilter":"","ssc":"0x6db01373","whereStr":""}|0x1779c36c
15:49:34.0 (17752392)|SOQL_EXECUTE_BEGIN|[212]|Aggregations:0|SELECT Target__c, Result__c FROM Evaluation__c WHERE (Month__c = :tmpVar1 AND Year__c = :tmpVar2 AND Account__c = :tmpVar3)
15:49:34.0 (21785711)|SOQL_EXECUTE_END|[212]|Rows:1
15:49:34.0 (21809314)|HEAP_ALLOCATE|[212]|Bytes:8
15:49:34.0 (21820557)|HEAP_ALLOCATE|[212]|Bytes:146
15:49:34.0 (21892028)|HEAP_ALLOCATE|[212]|Bytes:8
15:49:34.0 (21905097)|VARIABLE_SCOPE_BEGIN|[212]|tempEvals|List<Evaluation__c>|true|false
15:49:34.0 (21932968)|VARIABLE_ASSIGNMENT|[212]|tempEvals|[{"Result__c":"result 2018/11\r\nfdg\r (84 more) ...","Id":"a0VN000000586DcMAI"}]|0x25aeeba7
15:49:34.0 (22017956)|STATEMENT_EXECUTE|[214]
15:49:34.0 (22020956)|STATEMENT_EXECUTE|[215]
15:49:34.0 (22036338)|HEAP_ALLOCATE|[215]|Bytes:12
15:49:34.0 (22306097)|VARIABLE_ASSIGNMENT|[EXTERNAL]|this|{"accAttachmentId":"00PN0000007A2JhMAK","adminUser":"0x720da8f8","attachmentId":"","currentUser":"0x72c45c50","errorMessage":"","eval":"0x2bff83c7","evalDescription":"","evalMonthInput":"11","evalResult":"result 2018/11\r\nfdg\r\nvd\r\nbdf\r\nb \r\ndfb\r\nfd\r\nb\r\ndfb\r\ndf\r\nbdf\r\nb\r\ndfbv\r\nd\r\nvdrg\r\nrg\r\nbre\r\n\r\ndvv\r\nfb\r\n fd\r\nb","evalType":"目標","evalTypeInput":"結果","evalYearInput":"2018","eventDescription":"","eventOwnerId":"","eventRelatedObjectId":"","eventUpdate":"0x4311326e","eventUpdateId":"","filterDateFromStr":"2018/11/01","filterDateToStr":"2018/11/30","filterFreeText":"","filterMonth":"11","filterYear":"2018","hasData":false,"initSearchFlg":"true","isReloadAfterClosePopup":false,"lsEventUpdateAttachment":"0x5cc4089c","newEvent":"0xc32f988","newEventDate":"","newEventSubject":"","newRelatedEvent":"0x5b84b272","orderBy":"EndDateTime","pageNum":1,"pageSize":20,"parentAcc":"0x114c692e","recordsCount":0,"searchFilter":"","ssc":"0x6db01373","whereStr":""}|0x1779c36c
15:49:34.0 (22333307)|VARIABLE_ASSIGNMENT|[EXTERNAL]|value|"result 2018/11\r\nfdg\r (84 more) ..."
15:49:34.0 (22348371)|VARIABLE_ASSIGNMENT|[21]|this.evalResult|"result 2018/11\r\nfdg\r (84 more) ..."|0x1779c36c
15:49:34.0 (22359211)|STATEMENT_EXECUTE|[216]
15:49:34.0 (22368194)|HEAP_ALLOCATE|[216]|Bytes:12
15:49:34.0 (22590014)|VARIABLE_ASSIGNMENT|[EXTERNAL]|this|{"accAttachmentId":"00PN0000007A2JhMAK","adminUser":"0x720da8f8","attachmentId":"","currentUser":"0x72c45c50","errorMessage":"","eval":"0x2bff83c7","evalDescription":"","evalMonthInput":"11","evalResult":"result 2018/11\r\nfdg\r\nvd\r\nbdf\r\nb \r\ndfb\r\nfd\r\nb\r\ndfb\r\ndf\r\nbdf\r\nb\r\ndfbv\r\nd\r\nvdrg\r\nrg\r\nbre\r\n\r\ndvv\r\nfb\r\n fd\r\nb","evalType":"目標","evalTypeInput":"結果","evalYearInput":"2018","eventDescription":"","eventOwnerId":"","eventRelatedObjectId":"","eventUpdate":"0x4311326e","eventUpdateId":"","filterDateFromStr":"2018/11/01","filterDateToStr":"2018/11/30","filterFreeText":"","filterMonth":"11","filterYear":"2018","hasData":false,"initSearchFlg":"true","isReloadAfterClosePopup":false,"lsEventUpdateAttachment":"0x5cc4089c","newEvent":"0xc32f988","newEventDate":"","newEventSubject":"","newRelatedEvent":"0x5b84b272","orderBy":"EndDateTime","pageNum":1,"pageSize":20,"parentAcc":"0x114c692e","recordsCount":0,"searchFilter":"","ssc":"0x6db01373","whereStr":""}|0x1779c36c
15:49:34.0 (22612322)|VARIABLE_ASSIGNMENT|[EXTERNAL]|value|null
15:49:34.0 (22622259)|VARIABLE_ASSIGNMENT|[20]|this.evalTarget|null|0x1779c36c
15:49:34.0 (22633850)|SYSTEM_MODE_EXIT|false
15:49:34.0 (43264423)|SYSTEM_MODE_ENTER|true
15:49:34.0 (43307461)|HEAP_ALLOCATE|[EXTERNAL]|Bytes:284
15:49:34.0 (43324634)|HEAP_ALLOCATE|[EXTERNAL]|Bytes:172
15:49:34.0 (43339227)|METHOD_ENTRY|[1]|01pN0000000Mill|auMainTopCompCtrl.auMainTopCompCtrl()
15:49:34.0 (43345374)|STATEMENT_EXECUTE|[1]
15:49:34.0 (43350370)|STATEMENT_EXECUTE|[1]
15:49:34.0 (43351873)|STATEMENT_EXECUTE|[3]
15:49:34.0 (43357712)|HEAP_ALLOCATE|[3]|Bytes:4
15:49:34.0 (43374305)|VARIABLE_ASSIGNMENT|[3]|auMainTopCompCtrl.TYPE_SCREEN_SWITCH|0
15:49:34.0 (43379689)|STATEMENT_EXECUTE|[4]
15:49:34.0 (43382726)|HEAP_ALLOCATE|[4]|Bytes:4
15:49:34.0 (43390848)|VARIABLE_ASSIGNMENT|[4]|auMainTopCompCtrl.TYPE_SCREEN_STPD_EVENT|11
15:49:34.0 (43395250)|STATEMENT_EXECUTE|[5]
15:49:34.0 (43397325)|HEAP_ALLOCATE|[5]|Bytes:4
15:49:34.0 (43403106)|VARIABLE_ASSIGNMENT|[5]|auMainTopCompCtrl.TYPE_SCREEN_STPD_TIMELINE|12
15:49:34.0 (43407011)|STATEMENT_EXECUTE|[6]
15:49:34.0 (43408872)|HEAP_ALLOCATE|[6]|Bytes:4
15:49:34.0 (43415248)|VARIABLE_ASSIGNMENT|[6]|auMainTopCompCtrl.TYPE_SCREEN_STPD_SCREEN|13
15:49:34.0 (43419017)|STATEMENT_EXECUTE|[7]
15:49:34.0 (43421058)|HEAP_ALLOCATE|[7]|Bytes:4
15:49:34.0 (43426721)|VARIABLE_ASSIGNMENT|[7]|auMainTopCompCtrl.TYPE_SCREEN_CX_SCREEN|21
15:49:34.0 (43430461)|STATEMENT_EXECUTE|[8]
15:49:34.0 (43432216)|HEAP_ALLOCATE|[8]|Bytes:4
15:49:34.0 (43437108)|VARIABLE_ASSIGNMENT|[8]|auMainTopCompCtrl.TYPE_SCREEN_CX_TIMELINE|22
15:49:34.0 (43440906)|STATEMENT_EXECUTE|[9]
15:49:34.0 (43442930)|HEAP_ALLOCATE|[9]|Bytes:4
15:49:34.0 (43448270)|VARIABLE_ASSIGNMENT|[9]|auMainTopCompCtrl.TYPE_SCREEN_EVENT_SCHEDULE|31
15:49:34.0 (43451780)|STATEMENT_EXECUTE|[10]
15:49:34.0 (43453809)|HEAP_ALLOCATE|[10]|Bytes:4
15:49:34.0 (43459686)|VARIABLE_ASSIGNMENT|[10]|auMainTopCompCtrl.TYPE_SCREEN_EVENT_SCHEDULE_LIST|32
15:49:34.0 (43463813)|STATEMENT_EXECUTE|[11]
15:49:34.0 (43466036)|HEAP_ALLOCATE|[11]|Bytes:4
15:49:34.0 (43471386)|VARIABLE_ASSIGNMENT|[11]|auMainTopCompCtrl.TYPE_SCREEN_KNOWLEDGE_DASHBOARD|41
15:49:34.0 (43475872)|STATEMENT_EXECUTE|[12]
15:49:34.0 (43477698)|HEAP_ALLOCATE|[12]|Bytes:4
15:49:34.0 (43482874)|VARIABLE_ASSIGNMENT|[12]|auMainTopCompCtrl.TYPE_SCREEN_KNOWLEDGE_LIST|42
15:49:34.0 (43486886)|STATEMENT_EXECUTE|[13]
15:49:34.0 (43488906)|HEAP_ALLOCATE|[13]|Bytes:4
15:49:34.0 (43497606)|VARIABLE_ASSIGNMENT|[13]|auMainTopCompCtrl.TYPE_SCREEN_SA_MESSAGES|51
15:49:34.0 (43501767)|STATEMENT_EXECUTE|[14]
15:49:34.0 (43503453)|HEAP_ALLOCATE|[14]|Bytes:4
15:49:34.0 (43508898)|VARIABLE_ASSIGNMENT|[14]|auMainTopCompCtrl.TYPE_SCREEN_SA_REPORTS|52
15:49:34.0 (43512635)|STATEMENT_EXECUTE|[15]
15:49:34.0 (43514481)|HEAP_ALLOCATE|[15]|Bytes:4
15:49:34.0 (43520297)|VARIABLE_ASSIGNMENT|[15]|auMainTopCompCtrl.TYPE_SCREEN_SA_CHATTER|53
15:49:34.0 (43523838)|STATEMENT_EXECUTE|[16]
15:49:34.0 (43525622)|HEAP_ALLOCATE|[16]|Bytes:4
15:49:34.0 (43530960)|VARIABLE_ASSIGNMENT|[16]|auMainTopCompCtrl.TYPE_SCREEN_SA_DAILYREPORT|54
15:49:34.0 (43534810)|STATEMENT_EXECUTE|[17]
15:49:34.0 (43536878)|HEAP_ALLOCATE|[17]|Bytes:4
15:49:34.0 (43542242)|VARIABLE_ASSIGNMENT|[17]|auMainTopCompCtrl.TYPE_SCREEN_SA_ENQUETE|55
15:49:34.0 (43545479)|STATEMENT_EXECUTE|[18]
15:49:34.0 (43547510)|HEAP_ALLOCATE|[18]|Bytes:4
15:49:34.0 (43552874)|VARIABLE_ASSIGNMENT|[18]|auMainTopCompCtrl.TYPE_SCREEN_SA_DOCUMENTS|56
15:49:34.0 (43556156)|STATEMENT_EXECUTE|[19]
15:49:34.0 (43557822)|HEAP_ALLOCATE|[19]|Bytes:4
15:49:34.0 (43563256)|VARIABLE_ASSIGNMENT|[19]|auMainTopCompCtrl.TYPE_SCREEN_SA_RANKING|57
15:49:34.0 (43566736)|STATEMENT_EXECUTE|[20]
15:49:34.0 (43568458)|HEAP_ALLOCATE|[20]|Bytes:4
15:49:34.0 (43573723)|VARIABLE_ASSIGNMENT|[20]|auMainTopCompCtrl.TYPE_SCREEN_SA_LINKS|58
15:49:34.0 (43577535)|STATEMENT_EXECUTE|[21]
15:49:34.0 (43580124)|HEAP_ALLOCATE|[21]|Bytes:4
15:49:34.0 (43585775)|VARIABLE_ASSIGNMENT|[21]|auMainTopCompCtrl.TYPE_SCREEN_SA_USRSETTINGS|59
15:49:34.0 (43589515)|STATEMENT_EXECUTE|[22]
15:49:34.0 (43591312)|HEAP_ALLOCATE|[22]|Bytes:4
15:49:34.0 (43596546)|VARIABLE_ASSIGNMENT|[22]|auMainTopCompCtrl.TYPE_SCREEN_SA_DAILYREPORTLIST|60
15:49:34.0 (43600609)|STATEMENT_EXECUTE|[23]
15:49:34.0 (43602509)|HEAP_ALLOCATE|[23]|Bytes:4
15:49:34.0 (43608024)|VARIABLE_ASSIGNMENT|[23]|auMainTopCompCtrl.TYPE_SCREEN_SA_TODO|61
15:49:34.0 (43611581)|STATEMENT_EXECUTE|[24]
15:49:34.0 (43613437)|HEAP_ALLOCATE|[24]|Bytes:4
15:49:34.0 (43618330)|VARIABLE_ASSIGNMENT|[24]|auMainTopCompCtrl.TYPE_SCREEN_HONBU_DIRECT|71
15:49:34.0 (43621545)|STATEMENT_EXECUTE|[25]
15:49:34.0 (43623552)|HEAP_ALLOCATE|[25]|Bytes:4
15:49:34.0 (43628348)|VARIABLE_ASSIGNMENT|[25]|auMainTopCompCtrl.TYPE_SCREEN_ACCOUNT_LIST|81
15:49:34.0 (43632010)|STATEMENT_EXECUTE|[26]
15:49:34.0 (43634354)|HEAP_ALLOCATE|[26]|Bytes:4
15:49:34.0 (43639739)|VARIABLE_ASSIGNMENT|[26]|auMainTopCompCtrl.TYPE_SCREEN_ACTIVITY_LIST|82
15:49:34.0 (43642990)|STATEMENT_EXECUTE|[27]
15:49:34.0 (43644734)|HEAP_ALLOCATE|[27]|Bytes:4
15:49:34.0 (43650132)|VARIABLE_ASSIGNMENT|[27]|auMainTopCompCtrl.TYPE_SCREEN_FILE_LIST|83
15:49:34.0 (43653976)|STATEMENT_EXECUTE|[28]
15:49:34.0 (43655807)|HEAP_ALLOCATE|[28]|Bytes:4
15:49:34.0 (43661739)|VARIABLE_ASSIGNMENT|[28]|auMainTopCompCtrl.TYPE_SCREEN_TELEMA_LIST|91
15:49:34.0 (43665221)|STATEMENT_EXECUTE|[29]
15:49:34.0 (43667249)|HEAP_ALLOCATE|[29]|Bytes:4
15:49:34.0 (43673438)|VARIABLE_ASSIGNMENT|[29]|auMainTopCompCtrl.TYPE_SCREEN_TELEMA_RESULTS|92
15:49:34.0 (43682057)|METHOD_EXIT|[1]|auMainTopCompCtrl
15:49:34.0 (43688600)|HEAP_ALLOCATE|[EXTERNAL]|Bytes:44
15:49:34.0 (43697613)|VARIABLE_ASSIGNMENT|[EXTERNAL]|this.iCountComments|null|0x774b5f54
15:49:34.0 (43753648)|SYSTEM_MODE_ENTER|true
15:49:34.0 (43768445)|HEAP_ALLOCATE|[EXTERNAL]|Bytes:44
15:49:34.0 (43776424)|VARIABLE_ASSIGNMENT|[EXTERNAL]|this.iCountLikes|null|0x774b5f54
15:49:34.0 (43860073)|SYSTEM_MODE_ENTER|true
15:49:34.0 (43908954)|HEAP_ALLOCATE|[EXTERNAL]|Bytes:216
15:49:34.0 (43916618)|VARIABLE_SCOPE_BEGIN|[97]|this|kdActivityListCtrl|true|false
15:49:34.0 (44213728)|VARIABLE_ASSIGNMENT|[97]|this|{"accAttachmentId":"00PN0000007A2JhMAK","adminUser":"0x720da8f8","attachmentId":"","currentUser":"0x72c45c50","errorMessage":"","eval":"0x2bff83c7","evalDescription":"","evalMonthInput":"11","evalResult":"result 2018/11\r\nfdg\r\nvd\r\nbdf\r\nb \r\ndfb\r\nfd\r\nb\r\ndfb\r\ndf\r\nbdf\r\nb\r\ndfbv\r\nd\r\nvdrg\r\nrg\r\nbre\r\n\r\ndvv\r\nfb\r\n fd\r\nb","evalType":"目標","evalTypeInput":"結果","evalYearInput":"2018","eventDescription":"","eventOwnerId":"","eventRelatedObjectId":"","eventUpdate":"0x4311326e","eventUpdateId":"","filterDateFromStr":"2018/11/01","filterDateToStr":"2018/11/30","filterFreeText":"","filterMonth":"11","filterYear":"2018","hasData":false,"initSearchFlg":"true","isReloadAfterClosePopup":false,"lsEventUpdateAttachment":"0x5cc4089c","newEvent":"0xc32f988","newEventDate":"","newEventSubject":"","newRelatedEvent":"0x5b84b272","orderBy":"EndDateTime","pageNum":1,"pageSize":20,"parentAcc":"0x114c692e","recordsCount":0,"searchFilter":"","ssc":"0x6db01373","whereStr":""}|0x1779c36c
15:49:34.0 (44246186)|SYSTEM_MODE_ENTER|false
15:49:34.0 (44256597)|HEAP_ALLOCATE|[97]|Bytes:5
15:49:34.0 (44261390)|STATEMENT_EXECUTE|[97]
15:49:34.0 (44263221)|STATEMENT_EXECUTE|[97]
15:49:34.0 (44270811)|SYSTEM_MODE_EXIT|false
15:49:34.0 (44326315)|SYSTEM_MODE_ENTER|true
15:49:34.0 (44344082)|HEAP_ALLOCATE|[EXTERNAL]|Bytes:8
15:49:34.0 (44348378)|HEAP_ALLOCATE|[EXTERNAL]|Bytes:44
15:49:34.0 (44356898)|VARIABLE_ASSIGNMENT|[EXTERNAL]|this.iTypeOfScreen|82|0x774b5f54
15:49:34.0 (44508250)|SYSTEM_MODE_ENTER|true
15:49:34.0 (44542490)|HEAP_ALLOCATE|[EXTERNAL]|Bytes:44
15:49:34.0 (44549756)|VARIABLE_SCOPE_BEGIN|[221]|this|auMainTopCompCtrl|true|false
15:49:34.0 (44588957)|VARIABLE_ASSIGNMENT|[221]|this|{"currentUser":"0x795c92ca","isSAUser":false,"iTypeOfScreen":82,"urlReportsSFA":"https://cs6.lightnin (84 more) ..."}|0x774b5f54
15:49:34.0 (44599444)|STATEMENT_EXECUTE|[221]
15:49:34.0 (44644032)|VARIABLE_ASSIGNMENT|[EXTERNAL]|this|{"currentUser":"0x795c92ca","isSAUser":false,"iTypeOfScreen":82,"urlReportsSFA":"https://cs6.lightnin (84 more) ..."}|0x774b5f54
15:49:34.0 (44688241)|VARIABLE_ASSIGNMENT|[EXTERNAL]|this|{"currentUser":"0x795c92ca","isSAUser":false,"iTypeOfScreen":82,"urlReportsSFA":"https://cs6.lightnin (84 more) ..."}|0x774b5f54
15:49:34.0 (44720311)|VARIABLE_ASSIGNMENT|[EXTERNAL]|this|{"currentUser":"0x795c92ca","isSAUser":false,"iTypeOfScreen":82,"urlReportsSFA":"https://cs6.lightnin (84 more) ..."}|0x774b5f54
15:49:34.0 (44756110)|VARIABLE_ASSIGNMENT|[EXTERNAL]|this|{"currentUser":"0x795c92ca","isSAUser":false,"iTypeOfScreen":82,"urlReportsSFA":"https://cs6.lightnin (84 more) ..."}|0x774b5f54
15:49:34.0 (44786323)|VARIABLE_ASSIGNMENT|[EXTERNAL]|this|{"currentUser":"0x795c92ca","isSAUser":false,"iTypeOfScreen":82,"urlReportsSFA":"https://cs6.lightnin (84 more) ..."}|0x774b5f54
15:49:34.0 (44796460)|STATEMENT_EXECUTE|[230]
15:49:34.0 (44798507)|STATEMENT_EXECUTE|[231]
15:49:34.0 (44874264)|SYSTEM_MODE_ENTER|true
15:49:34.0 (44904414)|HEAP_ALLOCATE|[EXTERNAL]|Bytes:44
15:49:34.0 (44911375)|VARIABLE_SCOPE_BEGIN|[235]|this|auMainTopCompCtrl|true|false
15:49:34.0 (44942190)|VARIABLE_ASSIGNMENT|[235]|this|{"currentUser":"0x795c92ca","isSAUser":false,"iTypeOfScreen":82,"urlReportsSFA":"https://cs6.lightnin (84 more) ..."}|0x774b5f54
15:49:34.0 (44952212)|STATEMENT_EXECUTE|[235]
15:49:34.0 (44987629)|VARIABLE_ASSIGNMENT|[EXTERNAL]|this|{"currentUser":"0x795c92ca","isSAUser":false,"iTypeOfScreen":82,"urlReportsSFA":"https://cs6.lightnin (84 more) ..."}|0x774b5f54
15:49:34.0 (45023796)|VARIABLE_ASSIGNMENT|[EXTERNAL]|this|{"currentUser":"0x795c92ca","isSAUser":false,"iTypeOfScreen":82,"urlReportsSFA":"https://cs6.lightnin (84 more) ..."}|0x774b5f54
15:49:34.0 (45054629)|VARIABLE_ASSIGNMENT|[EXTERNAL]|this|{"currentUser":"0x795c92ca","isSAUser":false,"iTypeOfScreen":82,"urlReportsSFA":"https://cs6.lightnin (84 more) ..."}|0x774b5f54
15:49:34.0 (45088089)|VARIABLE_ASSIGNMENT|[EXTERNAL]|this|{"currentUser":"0x795c92ca","isSAUser":false,"iTypeOfScreen":82,"urlReportsSFA":"https://cs6.lightnin (84 more) ..."}|0x774b5f54
15:49:34.0 (45117587)|VARIABLE_ASSIGNMENT|[EXTERNAL]|this|{"currentUser":"0x795c92ca","isSAUser":false,"iTypeOfScreen":82,"urlReportsSFA":"https://cs6.lightnin (84 more) ..."}|0x774b5f54
15:49:34.0 (45127513)|STATEMENT_EXECUTE|[244]
15:49:34.0 (45129181)|STATEMENT_EXECUTE|[245]
15:49:34.0 (47342469)|SYSTEM_MODE_ENTER|true
15:49:34.0 (49013160)|SYSTEM_MODE_ENTER|true
15:49:34.0 (49052335)|HEAP_ALLOCATE|[EXTERNAL]|Bytes:44
15:49:34.0 (49060369)|VARIABLE_SCOPE_BEGIN|[69]|this|auMainTopCompCtrl|true|false
15:49:34.0 (49098401)|VARIABLE_ASSIGNMENT|[69]|this|{"currentUser":"0x795c92ca","isSAUser":false,"iTypeOfScreen":82,"urlReportsSFA":"https://cs6.lightnin (84 more) ..."}|0x774b5f54
15:49:34.0 (49109436)|STATEMENT_EXECUTE|[69]
15:49:34.0 (49111458)|STATEMENT_EXECUTE|[70]
15:49:34.0 (49148770)|VARIABLE_ASSIGNMENT|[EXTERNAL]|this|{"currentUser":"0x795c92ca","isSAUser":false,"iTypeOfScreen":82,"urlReportsSFA":"https://cs6.lightnin (84 more) ..."}|0x774b5f54
15:49:34.0 (49190065)|VARIABLE_ASSIGNMENT|[EXTERNAL]|this|{"currentUser":"0x795c92ca","isSAUser":false,"iTypeOfScreen":82,"urlReportsSFA":"https://cs6.lightnin (84 more) ..."}|0x774b5f54
15:49:34.0 (49226000)|VARIABLE_ASSIGNMENT|[EXTERNAL]|this|{"currentUser":"0x795c92ca","isSAUser":false,"iTypeOfScreen":82,"urlReportsSFA":"https://cs6.lightnin (84 more) ..."}|0x774b5f54
15:49:34.0 (49240130)|HEAP_ALLOCATE|[70]|Bytes:5
15:49:34.0 (49305989)|SYSTEM_MODE_ENTER|true
15:49:34.0 (49336881)|HEAP_ALLOCATE|[EXTERNAL]|Bytes:44
15:49:34.0 (49343132)|VARIABLE_SCOPE_BEGIN|[75]|this|auMainTopCompCtrl|true|false
15:49:34.0 (49372938)|VARIABLE_ASSIGNMENT|[75]|this|{"currentUser":"0x795c92ca","isSAUser":false,"iTypeOfScreen":82,"urlReportsSFA":"https://cs6.lightnin (84 more) ..."}|0x774b5f54
15:49:34.0 (49382292)|STATEMENT_EXECUTE|[75]
15:49:34.0 (49384183)|STATEMENT_EXECUTE|[76]
15:49:34.0 (49415238)|VARIABLE_ASSIGNMENT|[EXTERNAL]|this|{"currentUser":"0x795c92ca","isSAUser":false,"iTypeOfScreen":82,"urlReportsSFA":"https://cs6.lightnin (84 more) ..."}|0x774b5f54
15:49:34.0 (49451032)|VARIABLE_ASSIGNMENT|[EXTERNAL]|this|{"currentUser":"0x795c92ca","isSAUser":false,"iTypeOfScreen":82,"urlReportsSFA":"https://cs6.lightnin (84 more) ..."}|0x774b5f54
15:49:34.0 (49464034)|HEAP_ALLOCATE|[76]|Bytes:5
15:49:34.0 (49519469)|SYSTEM_MODE_ENTER|true
15:49:34.0 (49547365)|HEAP_ALLOCATE|[EXTERNAL]|Bytes:44
15:49:34.0 (49553719)|VARIABLE_SCOPE_BEGIN|[85]|this|auMainTopCompCtrl|true|false
15:49:34.0 (49582410)|VARIABLE_ASSIGNMENT|[85]|this|{"currentUser":"0x795c92ca","isSAUser":false,"iTypeOfScreen":82,"urlReportsSFA":"https://cs6.lightnin (84 more) ..."}|0x774b5f54
15:49:34.0 (49591589)|STATEMENT_EXECUTE|[85]
15:49:34.0 (49593404)|STATEMENT_EXECUTE|[86]
15:49:34.0 (49624272)|VARIABLE_ASSIGNMENT|[EXTERNAL]|this|{"currentUser":"0x795c92ca","isSAUser":false,"iTypeOfScreen":82,"urlReportsSFA":"https://cs6.lightnin (84 more) ..."}|0x774b5f54
15:49:34.0 (49659125)|VARIABLE_ASSIGNMENT|[EXTERNAL]|this|{"currentUser":"0x795c92ca","isSAUser":false,"iTypeOfScreen":82,"urlReportsSFA":"https://cs6.lightnin (84 more) ..."}|0x774b5f54
15:49:34.0 (49671195)|HEAP_ALLOCATE|[86]|Bytes:5
15:49:34.0 (49741450)|SYSTEM_MODE_ENTER|true
15:49:34.0 (49769723)|HEAP_ALLOCATE|[EXTERNAL]|Bytes:44
15:49:34.0 (49775833)|VARIABLE_SCOPE_BEGIN|[102]|this|auMainTopCompCtrl|true|false
15:49:34.0 (49804862)|VARIABLE_ASSIGNMENT|[102]|this|{"currentUser":"0x795c92ca","isSAUser":false,"iTypeOfScreen":82,"urlReportsSFA":"https://cs6.lightnin (84 more) ..."}|0x774b5f54
15:49:34.0 (49814343)|STATEMENT_EXECUTE|[102]
15:49:34.0 (49816510)|STATEMENT_EXECUTE|[103]
15:49:34.0 (49845564)|VARIABLE_ASSIGNMENT|[EXTERNAL]|this|{"currentUser":"0x795c92ca","isSAUser":false,"iTypeOfScreen":82,"urlReportsSFA":"https://cs6.lightnin (84 more) ..."}|0x774b5f54
15:49:34.0 (49880327)|VARIABLE_ASSIGNMENT|[EXTERNAL]|this|{"currentUser":"0x795c92ca","isSAUser":false,"iTypeOfScreen":82,"urlReportsSFA":"https://cs6.lightnin (84 more) ..."}|0x774b5f54
15:49:34.0 (49893981)|HEAP_ALLOCATE|[103]|Bytes:5
15:49:34.0 (49986843)|SYSTEM_MODE_ENTER|true
15:49:34.0 (50015427)|HEAP_ALLOCATE|[EXTERNAL]|Bytes:44
15:49:34.0 (50022362)|VARIABLE_SCOPE_BEGIN|[120]|this|auMainTopCompCtrl|true|false
15:49:34.0 (50054209)|VARIABLE_ASSIGNMENT|[120]|this|{"currentUser":"0x795c92ca","isSAUser":false,"iTypeOfScreen":82,"urlReportsSFA":"https://cs6.lightnin (84 more) ..."}|0x774b5f54
15:49:34.0 (50063677)|STATEMENT_EXECUTE|[120]
15:49:34.0 (50065706)|STATEMENT_EXECUTE|[121]
15:49:34.0 (50095808)|VARIABLE_ASSIGNMENT|[EXTERNAL]|this|{"currentUser":"0x795c92ca","isSAUser":false,"iTypeOfScreen":82,"urlReportsSFA":"https://cs6.lightnin (84 more) ..."}|0x774b5f54
15:49:34.0 (50130963)|VARIABLE_ASSIGNMENT|[EXTERNAL]|this|{"currentUser":"0x795c92ca","isSAUser":false,"iTypeOfScreen":82,"urlReportsSFA":"https://cs6.lightnin (84 more) ..."}|0x774b5f54
15:49:34.0 (50156203)|HEAP_ALLOCATE|[121]|Bytes:5
15:49:34.0 (50279002)|SYSTEM_MODE_ENTER|true
15:49:34.0 (50319278)|SYSTEM_MODE_ENTER|true
15:49:34.0 (50506486)|SYSTEM_MODE_ENTER|true
15:49:34.0 (50687127)|SYSTEM_MODE_ENTER|true
15:49:34.0 (50892883)|SYSTEM_MODE_ENTER|true
15:49:34.0 (51021382)|SYSTEM_MODE_ENTER|true
15:49:34.0 (51056120)|HEAP_ALLOCATE|[EXTERNAL]|Bytes:216
15:49:34.0 (51065902)|VARIABLE_SCOPE_BEGIN|[629]|this|kdActivityListCtrl|true|false
15:49:34.0 (51300045)|VARIABLE_ASSIGNMENT|[629]|this|{"accAttachmentId":"00PN0000007A2JhMAK","adminUser":"0x720da8f8","attachmentId":"","currentUser":"0x72c45c50","errorMessage":"","eval":"0x2bff83c7","evalDescription":"","evalMonthInput":"11","evalResult":"result 2018/11\r\nfdg\r\nvd\r\nbdf\r\nb \r\ndfb\r\nfd\r\nb\r\ndfb\r\ndf\r\nbdf\r\nb\r\ndfbv\r\nd\r\nvdrg\r\nrg\r\nbre\r\n\r\ndvv\r\nfb\r\n fd\r\nb","evalType":"目標","evalTypeInput":"結果","evalYearInput":"2018","eventDescription":"","eventOwnerId":"","eventRelatedObjectId":"","eventUpdate":"0x4311326e","eventUpdateId":"","filterDateFromStr":"2018/11/01","filterDateToStr":"2018/11/30","filterFreeText":"","filterMonth":"11","filterYear":"2018","hasData":false,"initSearchFlg":"true","isReloadAfterClosePopup":false,"lsEventUpdateAttachment":"0x5cc4089c","newEvent":"0xc32f988","newEventDate":"","newEventSubject":"","newRelatedEvent":"0x5b84b272","orderBy":"EndDateTime","pageNum":1,"pageSize":20,"parentAcc":"0x114c692e","recordsCount":0,"searchFilter":"","ssc":"0x6db01373","whereStr":""}|0x1779c36c
15:49:34.0 (51327631)|SYSTEM_MODE_ENTER|false
15:49:34.0 (51335262)|HEAP_ALLOCATE|[630]|Bytes:5
15:49:34.0 (51340934)|STATEMENT_EXECUTE|[629]
15:49:34.0 (51342865)|STATEMENT_EXECUTE|[630]
15:49:34.0 (51456680)|HEAP_ALLOCATE|[630]|Bytes:4
15:49:34.0 (51533559)|VARIABLE_SCOPE_BEGIN|[630]|recs|List<kdActivityListCtrl.EventItem>|true|false
15:49:34.0 (51560106)|HEAP_ALLOCATE|[EXTERNAL]|Bytes:4
15:49:34.0 (51572514)|VARIABLE_ASSIGNMENT|[630]|recs|[]|0x34380216
15:49:34.0 (51808311)|VARIABLE_ASSIGNMENT|[EXTERNAL]|this|{"accAttachmentId":"00PN0000007A2JhMAK","adminUser":"0x720da8f8","attachmentId":"","currentUser":"0x72c45c50","errorMessage":"","eval":"0x2bff83c7","evalDescription":"","evalMonthInput":"11","evalResult":"result 2018/11\r\nfdg\r\nvd\r\nbdf\r\nb \r\ndfb\r\nfd\r\nb\r\ndfb\r\ndf\r\nbdf\r\nb\r\ndfbv\r\nd\r\nvdrg\r\nrg\r\nbre\r\n\r\ndvv\r\nfb\r\n fd\r\nb","evalType":"目標","evalTypeInput":"結果","evalYearInput":"2018","eventDescription":"","eventOwnerId":"","eventRelatedObjectId":"","eventUpdate":"0x4311326e","eventUpdateId":"","filterDateFromStr":"2018/11/01","filterDateToStr":"2018/11/30","filterFreeText":"","filterMonth":"11","filterYear":"2018","hasData":false,"initSearchFlg":"true","isReloadAfterClosePopup":false,"lsEventUpdateAttachment":"0x5cc4089c","newEvent":"0xc32f988","newEventDate":"","newEventSubject":"","newRelatedEvent":"0x5b84b272","orderBy":"EndDateTime","pageNum":1,"pageSize":20,"parentAcc":"0x114c692e","recordsCount":0,"searchFilter":"","ssc":"0x6db01373","whereStr":""}|0x1779c36c
15:49:34.0 (51834561)|STATEMENT_EXECUTE|[632]
15:49:34.0 (51836433)|STATEMENT_EXECUTE|[633]
15:49:34.0 (52043301)|VARIABLE_ASSIGNMENT|[EXTERNAL]|this|{"accAttachmentId":"00PN0000007A2JhMAK","adminUser":"0x720da8f8","attachmentId":"","currentUser":"0x72c45c50","errorMessage":"","eval":"0x2bff83c7","evalDescription":"","evalMonthInput":"11","evalResult":"result 2018/11\r\nfdg\r\nvd\r\nbdf\r\nb \r\ndfb\r\nfd\r\nb\r\ndfb\r\ndf\r\nbdf\r\nb\r\ndfbv\r\nd\r\nvdrg\r\nrg\r\nbre\r\n\r\ndvv\r\nfb\r\n fd\r\nb","evalType":"目標","evalTypeInput":"結果","evalYearInput":"2018","eventDescription":"","eventOwnerId":"","eventRelatedObjectId":"","eventUpdate":"0x4311326e","eventUpdateId":"","filterDateFromStr":"2018/11/01","filterDateToStr":"2018/11/30","filterFreeText":"","filterMonth":"11","filterYear":"2018","hasData":false,"initSearchFlg":"true","isReloadAfterClosePopup":false,"lsEventUpdateAttachment":"0x5cc4089c","newEvent":"0xc32f988","newEventDate":"","newEventSubject":"","newRelatedEvent":"0x5b84b272","orderBy":"EndDateTime","pageNum":1,"pageSize":20,"parentAcc":"0x114c692e","recordsCount":0,"searchFilter":"","ssc":"0x6db01373","whereStr":""}|0x1779c36c
15:49:34.0 (52071309)|VARIABLE_SCOPE_BEGIN|[633]|events|List<Event>|true|false
15:49:34.0 (52083668)|VARIABLE_ASSIGNMENT|[633]|events|[]|0x6db01373
15:49:34.0 (52284097)|HEAP_ALLOCATE|[634]|Bytes:5
15:49:34.0 (52312251)|VARIABLE_ASSIGNMENT|[634]|e|null|
15:49:34.0 (52318877)|STATEMENT_EXECUTE|[634]
15:49:34.0 (52320847)|STATEMENT_EXECUTE|[656]
15:49:34.0 (52556836)|VARIABLE_ASSIGNMENT|[EXTERNAL]|this|{"accAttachmentId":"00PN0000007A2JhMAK","adminUser":"0x720da8f8","attachmentId":"","currentUser":"0x72c45c50","errorMessage":"","eval":"0x2bff83c7","evalDescription":"","evalMonthInput":"11","evalResult":"result 2018/11\r\nfdg\r\nvd\r\nbdf\r\nb \r\ndfb\r\nfd\r\nb\r\ndfb\r\ndf\r\nbdf\r\nb\r\ndfbv\r\nd\r\nvdrg\r\nrg\r\nbre\r\n\r\ndvv\r\nfb\r\n fd\r\nb","evalType":"目標","evalTypeInput":"結果","evalYearInput":"2018","eventDescription":"","eventOwnerId":"","eventRelatedObjectId":"","eventUpdate":"0x4311326e","eventUpdateId":"","filterDateFromStr":"2018/11/01","filterDateToStr":"2018/11/30","filterFreeText":"","filterMonth":"11","filterYear":"2018","hasData":false,"initSearchFlg":"true","isReloadAfterClosePopup":false,"lsEventUpdateAttachment":"0x5cc4089c","newEvent":"0xc32f988","newEventDate":"","newEventSubject":"","newRelatedEvent":"0x5b84b272","orderBy":"EndDateTime","pageNum":1,"pageSize":20,"parentAcc":"0x114c692e","recordsCount":0,"searchFilter":"","ssc":"0x6db01373","whereStr":""}|0x1779c36c
15:49:34.0 (52581435)|VARIABLE_ASSIGNMENT|[EXTERNAL]|value|false
15:49:34.0 (52588902)|HEAP_ALLOCATE|[93]|Bytes:5
15:49:34.0 (52598123)|VARIABLE_ASSIGNMENT|[93]|this.hasData|false|0x1779c36c
15:49:34.0 (52608018)|STATEMENT_EXECUTE|[657]
15:49:34.0 (52612965)|SYSTEM_MODE_EXIT|false
15:49:34.52 (52818682)|SYSTEM_MODE_ENTER|true
15:49:34.52 (52902722)|HEAP_ALLOCATE|[EXTERNAL]|Bytes:38
15:49:34.52 (52911226)|HEAP_ALLOCATE|[EXTERNAL]|Bytes:7
15:49:34.53 (53091336)|SYSTEM_MODE_ENTER|true
15:49:34.53 (53126502)|HEAP_ALLOCATE|[EXTERNAL]|Bytes:8
15:49:34.53 (53133748)|VARIABLE_SCOPE_BEGIN|[2]|this|ApexPage.PageMessagesComponentController|true|false
15:49:34.53 (53159390)|VARIABLE_ASSIGNMENT|[2]|this|{}|0x74f385db
15:49:34.0 (54074747)|SYSTEM_MODE_ENTER|true
15:49:34.0 (54457386)|SYSTEM_MODE_ENTER|true
15:49:34.0 (58181311)|SYSTEM_MODE_ENTER|true
15:49:34.0 (58355128)|SYSTEM_MODE_ENTER|true
15:49:34.0 (59731196)|VF_SERIALIZE_VIEWSTATE_BEGIN|066N0000000R0yN
15:49:34.0 (66021073)|VF_SERIALIZE_VIEWSTATE_END
15:49:34.75 (75290525)|CUMULATIVE_LIMIT_USAGE
15:49:34.75 (75290525)|LIMIT_USAGE_FOR_NS|(default)|
  Number of SOQL queries: 1 out of 100
  Number of query rows: 1 out of 50000
  Number of SOSL queries: 0 out of 20
  Number of DML statements: 0 out of 150
  Number of DML rows: 0 out of 10000
  Maximum CPU time: 0 out of 10000
  Maximum heap size: 0 out of 6000000
  Number of callouts: 0 out of 100
  Number of Email Invocations: 0 out of 10
  Number of future calls: 0 out of 50
  Number of queueable jobs added to the queue: 0 out of 50
  Number of Mobile Apex push calls: 0 out of 10

15:49:34.75 (75290525)|CUMULATIVE_LIMIT_USAGE_END

15:49:34.0 (75325414)|CODE_UNIT_FINISHED|VF: /apex/kdActivityList
15:49:34.0 (76041294)|EXECUTION_FINISHED
