38.0 APEX_CODE,FINEST;APEX_PROFILING,INFO;CALLOUT,INFO;DB,INFO;NBA,INFO;SYSTEM,DEBUG;VALIDATION,INFO;VISUALFORCE,INFO;WAVE,INFO;WORKFLOW,INFO
18:24:29.0 (104553)|USER_INFO|[EXTERNAL]|005N00000057RPN|duc.huynhmanh+kddi-gwdev01@globalway.co.jp|日本標準時|GMT+09:00
18:24:29.0 (145554)|EXECUTION_STARTED
18:24:29.0 (151009)|CODE_UNIT_STARTED|[EXTERNAL]|066N0000000M59u|VF: /apex/saReport
18:24:29.0 (795769)|VF_DESERIALIZE_VIEWSTATE_BEGIN|066N0000000M59u
18:24:29.0 (21915604)|HEAP_ALLOCATE|[72]|Bytes:3
18:24:29.0 (21968456)|HEAP_ALLOCATE|[77]|Bytes:152
18:24:29.0 (21983060)|HEAP_ALLOCATE|[342]|Bytes:408
18:24:29.0 (21995973)|HEAP_ALLOCATE|[355]|Bytes:408
18:24:29.0 (22010673)|HEAP_ALLOCATE|[467]|Bytes:48
18:24:29.0 (22038329)|HEAP_ALLOCATE|[139]|Bytes:6
18:24:29.0 (23346385)|HEAP_ALLOCATE|[50]|Bytes:5
18:24:29.0 (23382503)|HEAP_ALLOCATE|[56]|Bytes:5
18:24:29.0 (23395362)|HEAP_ALLOCATE|[64]|Bytes:7
18:24:29.0 (26696977)|VARIABLE_SCOPE_BEGIN|[30]|saReportCtrl.ERROR_CATEGORY_MISSING|String|false|true
18:24:29.0 (26717715)|VARIABLE_SCOPE_BEGIN|[31]|saReportCtrl.ERROR_COMMENT_MISSING|String|false|true
18:24:29.0 (26727625)|VARIABLE_SCOPE_BEGIN|[29]|saReportCtrl.ERROR_TITLE_MISSING|String|false|true
18:24:29.0 (26737072)|VARIABLE_SCOPE_BEGIN|[32]|saReportCtrl.MESSAGE_ASK_FOR_VALIDATION|String|false|true
18:24:29.0 (26745899)|VARIABLE_SCOPE_BEGIN|[33]|saReportCtrl.MESSAGE_PUBLISHED|String|false|true
18:24:29.0 (26754650)|VARIABLE_SCOPE_BEGIN|[34]|saReportCtrl.MESSAGE_TEMPORARY_SAVED|String|false|true
18:24:29.0 (26764583)|VARIABLE_SCOPE_BEGIN|[27]|saReportCtrl.SA_REPORT_STATE_NONE_LABEL|String|false|true
18:24:29.0 (26778326)|VARIABLE_SCOPE_BEGIN|[26]|saReportCtrl.SA_REPORT_STATE_NONE_VALUE|String|false|true
18:24:29.0 (26788894)|VARIABLE_SCOPE_BEGIN|[8]|saReportCtrl.SEARCH_COUNT_AVERAGE_LABEL|String|false|true
18:24:29.0 (26798024)|VARIABLE_SCOPE_BEGIN|[11]|saReportCtrl.SEARCH_COUNT_AVERAGE_VALUE|String|false|true
18:24:29.0 (26808919)|VARIABLE_SCOPE_BEGIN|[7]|saReportCtrl.SEARCH_COUNT_FEW_LABEL|String|false|true
18:24:29.0 (26820072)|VARIABLE_SCOPE_BEGIN|[10]|saReportCtrl.SEARCH_COUNT_FEW_VALUE|String|false|true
18:24:29.0 (26834556)|VARIABLE_SCOPE_BEGIN|[9]|saReportCtrl.SEARCH_COUNT_LOT_LABEL|String|false|true
18:24:29.0 (26845798)|VARIABLE_SCOPE_BEGIN|[12]|saReportCtrl.SEARCH_COUNT_LOT_VALUE|String|false|true
18:24:29.0 (26855696)|VARIABLE_SCOPE_BEGIN|[17]|saReportCtrl.SORTED_BY_FAVORITES_LABEL|String|false|true
18:24:29.0 (26866695)|VARIABLE_SCOPE_BEGIN|[23]|saReportCtrl.SORTED_BY_FAVORITES_VALUE|String|false|true
18:24:29.0 (26878519)|VARIABLE_SCOPE_BEGIN|[15]|saReportCtrl.SORTED_BY_NEWS_LABEL|String|false|true
18:24:29.0 (26893899)|VARIABLE_SCOPE_BEGIN|[21]|saReportCtrl.SORTED_BY_NEWS_VALUE|String|false|true
18:24:29.0 (26905162)|VARIABLE_SCOPE_BEGIN|[14]|saReportCtrl.SORTED_BY_NONE_LABEL|String|false|true
18:24:29.0 (26915888)|VARIABLE_SCOPE_BEGIN|[20]|saReportCtrl.SORTED_BY_NONE_VALUE|String|false|true
18:24:29.0 (26926932)|VARIABLE_SCOPE_BEGIN|[16]|saReportCtrl.SORTED_BY_NUMBER_OF_VIEWS_LABEL|String|false|true
18:24:29.0 (26941923)|VARIABLE_SCOPE_BEGIN|[22]|saReportCtrl.SORTED_BY_NUMBER_OF_VIEWS_VALUE|String|false|true
18:24:29.0 (26954300)|VARIABLE_SCOPE_BEGIN|[18]|saReportCtrl.SORTED_BY_RELEASE_DATES_LABEL|String|false|true
18:24:29.0 (26965602)|VARIABLE_SCOPE_BEGIN|[24]|saReportCtrl.SORTED_BY_RELEASE_DATES_VALUE|String|false|true
18:24:29.0 (32173013)|VARIABLE_SCOPE_BEGIN|[25]|auMainTopCompCtrl.TYPE_SCREEN_ACCOUNT_LIST|Integer|false|true
18:24:29.0 (32191433)|VARIABLE_SCOPE_BEGIN|[26]|auMainTopCompCtrl.TYPE_SCREEN_ACTIVITY_LIST|Integer|false|true
18:24:29.0 (32200062)|VARIABLE_SCOPE_BEGIN|[7]|auMainTopCompCtrl.TYPE_SCREEN_CX_SCREEN|Integer|false|true
18:24:29.0 (32210280)|VARIABLE_SCOPE_BEGIN|[8]|auMainTopCompCtrl.TYPE_SCREEN_CX_TIMELINE|Integer|false|true
18:24:29.0 (32219850)|VARIABLE_SCOPE_BEGIN|[9]|auMainTopCompCtrl.TYPE_SCREEN_EVENT_SCHEDULE|Integer|false|true
18:24:29.0 (32227615)|VARIABLE_SCOPE_BEGIN|[10]|auMainTopCompCtrl.TYPE_SCREEN_EVENT_SCHEDULE_LIST|Integer|false|true
18:24:29.0 (32236108)|VARIABLE_SCOPE_BEGIN|[27]|auMainTopCompCtrl.TYPE_SCREEN_FILE_LIST|Integer|false|true
18:24:29.0 (32242502)|VARIABLE_SCOPE_BEGIN|[24]|auMainTopCompCtrl.TYPE_SCREEN_HONBU_DIRECT|Integer|false|true
18:24:29.0 (32249522)|VARIABLE_SCOPE_BEGIN|[11]|auMainTopCompCtrl.TYPE_SCREEN_KNOWLEDGE_DASHBOARD|Integer|false|true
18:24:29.0 (32257710)|VARIABLE_SCOPE_BEGIN|[12]|auMainTopCompCtrl.TYPE_SCREEN_KNOWLEDGE_LIST|Integer|false|true
18:24:29.0 (32268804)|VARIABLE_SCOPE_BEGIN|[15]|auMainTopCompCtrl.TYPE_SCREEN_SA_CHATTER|Integer|false|true
18:24:29.0 (32277783)|VARIABLE_SCOPE_BEGIN|[16]|auMainTopCompCtrl.TYPE_SCREEN_SA_DAILYREPORT|Integer|false|true
18:24:29.0 (32290405)|VARIABLE_SCOPE_BEGIN|[22]|auMainTopCompCtrl.TYPE_SCREEN_SA_DAILYREPORTLIST|Integer|false|true
18:24:29.0 (32304045)|VARIABLE_SCOPE_BEGIN|[18]|auMainTopCompCtrl.TYPE_SCREEN_SA_DOCUMENTS|Integer|false|true
18:24:29.0 (32317342)|VARIABLE_SCOPE_BEGIN|[17]|auMainTopCompCtrl.TYPE_SCREEN_SA_ENQUETE|Integer|false|true
18:24:29.0 (32331588)|VARIABLE_SCOPE_BEGIN|[20]|auMainTopCompCtrl.TYPE_SCREEN_SA_LINKS|Integer|false|true
18:24:29.0 (32343320)|VARIABLE_SCOPE_BEGIN|[13]|auMainTopCompCtrl.TYPE_SCREEN_SA_MESSAGES|Integer|false|true
18:24:29.0 (32352634)|VARIABLE_SCOPE_BEGIN|[19]|auMainTopCompCtrl.TYPE_SCREEN_SA_RANKING|Integer|false|true
18:24:29.0 (32361366)|VARIABLE_SCOPE_BEGIN|[14]|auMainTopCompCtrl.TYPE_SCREEN_SA_REPORTS|Integer|false|true
18:24:29.0 (32369548)|VARIABLE_SCOPE_BEGIN|[23]|auMainTopCompCtrl.TYPE_SCREEN_SA_TODO|Integer|false|true
18:24:29.0 (32377423)|VARIABLE_SCOPE_BEGIN|[21]|auMainTopCompCtrl.TYPE_SCREEN_SA_USRSETTINGS|Integer|false|true
18:24:29.0 (32389907)|VARIABLE_SCOPE_BEGIN|[4]|auMainTopCompCtrl.TYPE_SCREEN_STPD_EVENT|Integer|false|true
18:24:29.0 (32406165)|VARIABLE_SCOPE_BEGIN|[6]|auMainTopCompCtrl.TYPE_SCREEN_STPD_SCREEN|Integer|false|true
18:24:29.0 (32422342)|VARIABLE_SCOPE_BEGIN|[5]|auMainTopCompCtrl.TYPE_SCREEN_STPD_TIMELINE|Integer|false|true
18:24:29.0 (32433215)|VARIABLE_SCOPE_BEGIN|[3]|auMainTopCompCtrl.TYPE_SCREEN_SWITCH|Integer|false|true
18:24:29.0 (39772690)|VF_DESERIALIZE_VIEWSTATE_END
18:24:29.0 (46076763)|SYSTEM_MODE_ENTER|true
18:24:29.0 (46123063)|HEAP_ALLOCATE|[EXTERNAL]|Bytes:1640
18:24:29.0 (46173109)|HEAP_ALLOCATE|[EXTERNAL]|Bytes:829
18:24:29.0 (46182049)|HEAP_ALLOCATE|[EXTERNAL]|Bytes:558
18:24:29.0 (46191221)|HEAP_ALLOCATE|[EXTERNAL]|Bytes:10
18:24:29.0 (46217299)|VARIABLE_ASSIGNMENT|[EXTERNAL]|saReportCtrl.ERROR_CATEGORY_MISSING|"カテゴリが必須です。"
18:24:29.0 (46224605)|HEAP_ALLOCATE|[EXTERNAL]|Bytes:10
18:24:29.0 (46232791)|VARIABLE_ASSIGNMENT|[EXTERNAL]|saReportCtrl.ERROR_COMMENT_MISSING|"コメントが必須です。"
18:24:29.0 (46237451)|HEAP_ALLOCATE|[EXTERNAL]|Bytes:10
18:24:29.0 (46243935)|VARIABLE_ASSIGNMENT|[EXTERNAL]|saReportCtrl.ERROR_TITLE_MISSING|"タイトルが必須です。"
18:24:29.0 (46248882)|HEAP_ALLOCATE|[EXTERNAL]|Bytes:11
18:24:29.0 (46257383)|VARIABLE_ASSIGNMENT|[EXTERNAL]|saReportCtrl.MESSAGE_ASK_FOR_VALIDATION|"承認申請を出しました。"
18:24:29.0 (46262648)|HEAP_ALLOCATE|[EXTERNAL]|Bytes:7
18:24:29.0 (46269851)|VARIABLE_ASSIGNMENT|[EXTERNAL]|saReportCtrl.MESSAGE_PUBLISHED|"公開しました。"
18:24:29.0 (46275533)|HEAP_ALLOCATE|[EXTERNAL]|Bytes:9
18:24:29.0 (46282985)|VARIABLE_ASSIGNMENT|[EXTERNAL]|saReportCtrl.MESSAGE_TEMPORARY_SAVED|"一時保存しました。"
18:24:29.0 (46287711)|HEAP_ALLOCATE|[EXTERNAL]|Bytes:3
18:24:29.0 (46296410)|VARIABLE_ASSIGNMENT|[EXTERNAL]|saReportCtrl.SA_REPORT_STATE_NONE_LABEL|"未選択"
18:24:29.0 (46301584)|HEAP_ALLOCATE|[EXTERNAL]|Bytes:1
18:24:29.0 (46309706)|VARIABLE_ASSIGNMENT|[EXTERNAL]|saReportCtrl.SA_REPORT_STATE_NONE_VALUE|" "
18:24:29.0 (46315378)|HEAP_ALLOCATE|[EXTERNAL]|Bytes:3
18:24:29.0 (46323860)|VARIABLE_ASSIGNMENT|[EXTERNAL]|saReportCtrl.SEARCH_COUNT_AVERAGE_LABEL|"50件"
18:24:29.0 (46328948)|HEAP_ALLOCATE|[EXTERNAL]|Bytes:2
18:24:29.0 (46337868)|VARIABLE_ASSIGNMENT|[EXTERNAL]|saReportCtrl.SEARCH_COUNT_AVERAGE_VALUE|"50"
18:24:29.0 (46342476)|HEAP_ALLOCATE|[EXTERNAL]|Bytes:3
18:24:29.0 (46350713)|VARIABLE_ASSIGNMENT|[EXTERNAL]|saReportCtrl.SEARCH_COUNT_FEW_LABEL|"20件"
18:24:29.0 (46355368)|HEAP_ALLOCATE|[EXTERNAL]|Bytes:2
18:24:29.0 (46364643)|VARIABLE_ASSIGNMENT|[EXTERNAL]|saReportCtrl.SEARCH_COUNT_FEW_VALUE|"20"
18:24:29.0 (46369296)|HEAP_ALLOCATE|[EXTERNAL]|Bytes:4
18:24:29.0 (46378240)|VARIABLE_ASSIGNMENT|[EXTERNAL]|saReportCtrl.SEARCH_COUNT_LOT_LABEL|"100件"
18:24:29.0 (46382584)|HEAP_ALLOCATE|[EXTERNAL]|Bytes:3
18:24:29.0 (46391337)|VARIABLE_ASSIGNMENT|[EXTERNAL]|saReportCtrl.SEARCH_COUNT_LOT_VALUE|"100"
18:24:29.0 (46395901)|HEAP_ALLOCATE|[EXTERNAL]|Bytes:4
18:24:29.0 (46405056)|VARIABLE_ASSIGNMENT|[EXTERNAL]|saReportCtrl.SORTED_BY_FAVORITES_LABEL|"いいね順"
18:24:29.0 (46410005)|HEAP_ALLOCATE|[EXTERNAL]|Bytes:4
18:24:29.0 (46418898)|VARIABLE_ASSIGNMENT|[EXTERNAL]|saReportCtrl.SORTED_BY_FAVORITES_VALUE|"いいね順"
18:24:29.0 (46423861)|HEAP_ALLOCATE|[EXTERNAL]|Bytes:3
18:24:29.0 (46432960)|VARIABLE_ASSIGNMENT|[EXTERNAL]|saReportCtrl.SORTED_BY_NEWS_LABEL|"NEW"
18:24:29.0 (46437888)|HEAP_ALLOCATE|[EXTERNAL]|Bytes:3
18:24:29.0 (46447724)|VARIABLE_ASSIGNMENT|[EXTERNAL]|saReportCtrl.SORTED_BY_NEWS_VALUE|"NEW"
18:24:29.0 (46451959)|HEAP_ALLOCATE|[EXTERNAL]|Bytes:1
18:24:29.0 (46461211)|VARIABLE_ASSIGNMENT|[EXTERNAL]|saReportCtrl.SORTED_BY_NONE_LABEL|" "
18:24:29.0 (46465844)|HEAP_ALLOCATE|[EXTERNAL]|Bytes:1
18:24:29.0 (46478421)|VARIABLE_ASSIGNMENT|[EXTERNAL]|saReportCtrl.SORTED_BY_NONE_VALUE|" "
18:24:29.0 (46483128)|HEAP_ALLOCATE|[EXTERNAL]|Bytes:4
18:24:29.0 (46492497)|VARIABLE_ASSIGNMENT|[EXTERNAL]|saReportCtrl.SORTED_BY_NUMBER_OF_VIEWS_LABEL|"閲覧数順"
18:24:29.0 (46497502)|HEAP_ALLOCATE|[EXTERNAL]|Bytes:4
18:24:29.0 (46507689)|VARIABLE_ASSIGNMENT|[EXTERNAL]|saReportCtrl.SORTED_BY_NUMBER_OF_VIEWS_VALUE|"閲覧数順"
18:24:29.0 (46512561)|HEAP_ALLOCATE|[EXTERNAL]|Bytes:4
18:24:29.0 (46522463)|VARIABLE_ASSIGNMENT|[EXTERNAL]|saReportCtrl.SORTED_BY_RELEASE_DATES_LABEL|"公開日時"
18:24:29.0 (46527385)|HEAP_ALLOCATE|[EXTERNAL]|Bytes:4
18:24:29.0 (46537194)|VARIABLE_ASSIGNMENT|[EXTERNAL]|saReportCtrl.SORTED_BY_RELEASE_DATES_VALUE|"公開日時"
18:24:29.0 (46560436)|METHOD_ENTRY|[1]|01pN0000000aEUV|saReportCtrl.saReportCtrl()
18:24:29.0 (46567852)|STATEMENT_EXECUTE|[1]
18:24:29.0 (46573713)|STATEMENT_EXECUTE|[1]
18:24:29.0 (46581394)|SYSTEM_MODE_ENTER|false
18:24:29.0 (46592102)|HEAP_ALLOCATE|[EXTERNAL]|Bytes:5
18:24:29.0 (46599865)|SYSTEM_MODE_EXIT|false
18:24:29.0 (46607825)|METHOD_EXIT|[1]|saReportCtrl
18:24:29.0 (46738073)|SYSTEM_MODE_ENTER|true
18:24:29.0 (47036519)|SYSTEM_MODE_ENTER|true
18:24:29.0 (47162451)|SYSTEM_MODE_ENTER|true
18:24:29.0 (48849326)|SYSTEM_MODE_ENTER|true
18:24:29.0 (49433062)|SYSTEM_MODE_ENTER|true
18:24:29.0 (49519990)|SYSTEM_MODE_ENTER|true
18:24:29.0 (49613914)|SYSTEM_MODE_ENTER|true
18:24:29.0 (49691683)|SYSTEM_MODE_ENTER|true
18:24:29.0 (49949493)|SYSTEM_MODE_ENTER|true
18:24:29.0 (50031424)|SYSTEM_MODE_ENTER|true
18:24:29.0 (50120745)|SYSTEM_MODE_ENTER|true
18:24:29.0 (51400112)|SYSTEM_MODE_ENTER|true
18:24:29.0 (51467514)|SYSTEM_MODE_ENTER|true
18:24:29.0 (51513185)|SYSTEM_MODE_ENTER|true
18:24:29.0 (51556333)|SYSTEM_MODE_ENTER|true
18:24:29.0 (51595608)|SYSTEM_MODE_ENTER|true
18:24:29.0 (51635317)|SYSTEM_MODE_ENTER|true
18:24:29.0 (51674831)|SYSTEM_MODE_ENTER|true
18:24:29.0 (51713310)|SYSTEM_MODE_ENTER|true
18:24:29.0 (51753718)|SYSTEM_MODE_ENTER|true
18:24:29.0 (51792220)|SYSTEM_MODE_ENTER|true
18:24:29.0 (51831507)|SYSTEM_MODE_ENTER|true
18:24:29.0 (51874901)|SYSTEM_MODE_ENTER|true
18:24:29.0 (51914899)|SYSTEM_MODE_ENTER|true
18:24:29.0 (52012011)|SYSTEM_MODE_ENTER|true
18:24:29.0 (52054567)|SYSTEM_MODE_ENTER|true
18:24:29.0 (52098584)|SYSTEM_MODE_ENTER|true
18:24:29.0 (52164785)|SYSTEM_MODE_ENTER|true
18:24:29.0 (52245658)|SYSTEM_MODE_ENTER|true
18:24:29.0 (52297648)|SYSTEM_MODE_ENTER|true
18:24:29.0 (52344581)|SYSTEM_MODE_ENTER|true
18:24:29.0 (52388340)|SYSTEM_MODE_ENTER|true
18:24:29.0 (52434736)|SYSTEM_MODE_ENTER|true
18:24:29.0 (52477746)|SYSTEM_MODE_ENTER|true
18:24:29.0 (52525679)|SYSTEM_MODE_ENTER|true
18:24:29.0 (52586639)|SYSTEM_MODE_ENTER|true
18:24:29.0 (52977324)|SYSTEM_MODE_ENTER|true
18:24:29.0 (53439246)|SYSTEM_MODE_ENTER|true
18:24:29.0 (53717333)|HEAP_ALLOCATE|[EXTERNAL]|Bytes:396
18:24:29.0 (53732515)|VARIABLE_SCOPE_BEGIN|[57]|this|saReportCtrl|true|false
18:24:29.0 (54086832)|VARIABLE_ASSIGNMENT|[57]|this|{"basicSearchCategory":"","basicSearchCount":"","basicSearchDateEnd":"","basicSearchDateStart":"","basicSearchKeywords":"","basicSearchRole1":"","basicSearchRole2":"","basicSearchRole3":"","basicSearchSort":"","categoryDataOptions":"0x1239331f","countDataOptions":"0x627d372b","createBody":"","createdReportId":"","createSubject":"","currentUser":"0x220f13fd","draftBody":"","draftCategory":"","draftProcess":"","draftSubject":"","isApprover":true,"isCopySelected":false,"isGoodSelected":false,"isVeryGoodSelected":false,"latestBasicSearchCategory":"","latestBasicSearchCount":"","latestBasicSearchDateEnd":"","latestBasicSearchDateStart":"","latestBasicSearchKeywords":"","latestBasicSearchRole1":"","latestBasicSearchRole2":"","latestBasicSearchRole3":"","latestBasicSearchSort":"","latestMySearchCount":"","latestMySearchDateEnd":"","latestMySearchDateStart":"","latestMySearchKeywords":"","latestMySearchState":"","latestPendingCount":"","latestPendingDateEnd":"","latestPendingDateStart":"","latestPendingKeywords":"","latestSelectedProcess":"","listOfCategory":"0x7badde17","listOfSAReports":"0x29197a5a","lsAttachments":"0x22d6d43d","lsRolesFull":"0x18c7eae8","mapOfCategory":"0x420d92f6","messageError":"","messageSubmissionComplete":"","mySearchCount":"","mySearchDateEnd":"","mySearchDateStart":"","mySearchKeywords":"","mySearchState":"","newCommentValue1":"","newCommentValue2":"","pageNum":1,"pageSize":20,"pendingCount":"","pendingDateEnd":"","pendingDateStart":"","pendingKeywords":"","processDataOptions":"0x2024eb47","recordsCount":0,"remandBody":"","remandSubject":"","reportComments":"0x34c7a442","reportGoodViews":"0x13f08898","reportManagedViews":"0x3dc43232","reportRendered":false,"reportState":"","roleLevel1DataOptions":"0x16a63cb2","roleLevel2DataOptions":"0x4660bfad","roleLevel3DataOptions":"0x1ee3b99e","searchCategoryLabel":"","searchCountLabel":"","searchParttern":0,"searchStateLabel":"","selectedProcess":"","selectedReport":"0x3abd881e","selectedReportName":"","selectedView":"","sortDataOptions":"0x4519c096","stateDataOptions":"0x33d1cebf"}|0x902c3a5
18:24:29.0 (54134742)|SYSTEM_MODE_ENTER|false
18:24:29.0 (54144777)|HEAP_ALLOCATE|[58]|Bytes:5
18:24:29.0 (54151354)|STATEMENT_EXECUTE|[57]
18:24:29.0 (54153689)|STATEMENT_EXECUTE|[58]
18:24:29.0 (54161040)|SYSTEM_MODE_EXIT|false
18:24:29.0 (54227397)|SYSTEM_MODE_ENTER|true
18:24:29.0 (54381617)|SYSTEM_MODE_ENTER|true
18:24:29.0 (54421811)|SYSTEM_MODE_ENTER|true
18:24:29.0 (54456547)|SYSTEM_MODE_ENTER|true
18:24:29.0 (54580594)|SYSTEM_MODE_ENTER|true
18:24:29.0 (54620127)|SYSTEM_MODE_ENTER|true
18:24:29.0 (54655672)|SYSTEM_MODE_ENTER|true
18:24:29.0 (54868348)|SYSTEM_MODE_ENTER|true
18:24:29.0 (55008926)|SYSTEM_MODE_ENTER|true
18:24:29.0 (55048867)|SYSTEM_MODE_ENTER|true
18:24:29.0 (55086391)|SYSTEM_MODE_ENTER|true
18:24:29.0 (55379665)|SYSTEM_MODE_ENTER|true
18:24:29.0 (55407744)|HEAP_ALLOCATE|[EXTERNAL]|Bytes:396
18:24:29.0 (55424326)|VARIABLE_ASSIGNMENT|[EXTERNAL]|this.attachmentId|""|0x902c3a5
18:24:29.0 (55461041)|SYSTEM_MODE_ENTER|true
18:24:29.0 (55474747)|HEAP_ALLOCATE|[EXTERNAL]|Bytes:396
18:24:29.0 (55492806)|VARIABLE_ASSIGNMENT|[EXTERNAL]|this.selectedReportName|""|0x902c3a5
18:24:29.0 (55518918)|SYSTEM_MODE_ENTER|true
18:24:29.0 (55530801)|HEAP_ALLOCATE|[EXTERNAL]|Bytes:396
18:24:29.0 (55543349)|VARIABLE_ASSIGNMENT|[EXTERNAL]|this.selectedCategoryName|""|0x902c3a5
18:24:29.0 (55567227)|SYSTEM_MODE_ENTER|true
18:24:29.0 (55579585)|HEAP_ALLOCATE|[EXTERNAL]|Bytes:396
18:24:29.0 (55589560)|VARIABLE_ASSIGNMENT|[EXTERNAL]|this.messageError|""|0x902c3a5
18:24:29.0 (55610617)|SYSTEM_MODE_ENTER|true
18:24:29.0 (55621592)|HEAP_ALLOCATE|[EXTERNAL]|Bytes:396
18:24:29.0 (55631574)|VARIABLE_ASSIGNMENT|[EXTERNAL]|this.messageSubmissionComplete|""|0x902c3a5
18:24:29.0 (55652626)|SYSTEM_MODE_ENTER|true
18:24:29.0 (55663043)|HEAP_ALLOCATE|[EXTERNAL]|Bytes:396
18:24:29.0 (55669131)|VARIABLE_ASSIGNMENT|[EXTERNAL]|this.basicSearchCategory|""|0x902c3a5
18:24:29.0 (55690410)|SYSTEM_MODE_ENTER|true
18:24:29.0 (55700913)|HEAP_ALLOCATE|[EXTERNAL]|Bytes:396
18:24:29.0 (55707816)|VARIABLE_ASSIGNMENT|[EXTERNAL]|this.basicSearchCount|""|0x902c3a5
18:24:29.0 (55728043)|SYSTEM_MODE_ENTER|true
18:24:29.0 (55739049)|HEAP_ALLOCATE|[EXTERNAL]|Bytes:396
18:24:29.0 (55745922)|VARIABLE_ASSIGNMENT|[EXTERNAL]|this.basicSearchSort|""|0x902c3a5
18:24:29.0 (55765887)|SYSTEM_MODE_ENTER|true
18:24:29.0 (55776542)|HEAP_ALLOCATE|[EXTERNAL]|Bytes:396
18:24:29.0 (55785727)|VARIABLE_ASSIGNMENT|[EXTERNAL]|this.mySearchCount|""|0x902c3a5
18:24:29.0 (55807359)|SYSTEM_MODE_ENTER|true
18:24:29.0 (55818112)|HEAP_ALLOCATE|[EXTERNAL]|Bytes:396
18:24:29.0 (55827455)|VARIABLE_ASSIGNMENT|[EXTERNAL]|this.mySearchState|""|0x902c3a5
18:24:29.0 (55850021)|SYSTEM_MODE_ENTER|true
18:24:29.0 (55863429)|HEAP_ALLOCATE|[EXTERNAL]|Bytes:396
18:24:29.0 (55874429)|VARIABLE_ASSIGNMENT|[EXTERNAL]|this.pendingCount|""|0x902c3a5
18:24:29.0 (55896117)|SYSTEM_MODE_ENTER|true
18:24:29.0 (55907193)|HEAP_ALLOCATE|[EXTERNAL]|Bytes:396
18:24:29.0 (55917395)|VARIABLE_ASSIGNMENT|[EXTERNAL]|this.remandCategory|""|0x902c3a5
18:24:29.0 (55938475)|SYSTEM_MODE_ENTER|true
18:24:29.0 (55949091)|HEAP_ALLOCATE|[EXTERNAL]|Bytes:396
18:24:29.0 (55959607)|VARIABLE_ASSIGNMENT|[EXTERNAL]|this.remandProcess|""|0x902c3a5
18:24:29.0 (55992614)|SYSTEM_MODE_ENTER|true
18:24:29.0 (56069954)|SYSTEM_MODE_ENTER|true
18:24:29.0 (56084588)|HEAP_ALLOCATE|[EXTERNAL]|Bytes:396
18:24:29.0 (56093382)|VARIABLE_ASSIGNMENT|[EXTERNAL]|this.basicSearchKeywords|""|0x902c3a5
18:24:29.0 (56122385)|SYSTEM_MODE_ENTER|true
18:24:29.0 (56133814)|HEAP_ALLOCATE|[EXTERNAL]|Bytes:396
18:24:29.0 (56141166)|VARIABLE_ASSIGNMENT|[EXTERNAL]|this.basicSearchDateStart|""|0x902c3a5
18:24:29.0 (56162771)|SYSTEM_MODE_ENTER|true
18:24:29.0 (56173296)|HEAP_ALLOCATE|[EXTERNAL]|Bytes:396
18:24:29.0 (56179729)|VARIABLE_ASSIGNMENT|[EXTERNAL]|this.basicSearchDateEnd|""|0x902c3a5
18:24:29.0 (56200250)|SYSTEM_MODE_ENTER|true
18:24:29.0 (56211245)|HEAP_ALLOCATE|[EXTERNAL]|Bytes:1
18:24:29.0 (56215523)|HEAP_ALLOCATE|[EXTERNAL]|Bytes:396
18:24:29.0 (56221913)|VARIABLE_ASSIGNMENT|[EXTERNAL]|this.basicSearchCategory|" "|0x902c3a5
18:24:29.0 (56244395)|SYSTEM_MODE_ENTER|true
18:24:29.0 (56255767)|HEAP_ALLOCATE|[EXTERNAL]|Bytes:1
18:24:29.0 (56259360)|HEAP_ALLOCATE|[EXTERNAL]|Bytes:396
18:24:29.0 (56265308)|VARIABLE_ASSIGNMENT|[EXTERNAL]|this.basicSearchRole1|" "|0x902c3a5
18:24:29.0 (56286116)|SYSTEM_MODE_ENTER|true
18:24:29.0 (56296375)|HEAP_ALLOCATE|[EXTERNAL]|Bytes:1
18:24:29.0 (56300141)|HEAP_ALLOCATE|[EXTERNAL]|Bytes:396
18:24:29.0 (56306214)|VARIABLE_ASSIGNMENT|[EXTERNAL]|this.basicSearchRole2|" "|0x902c3a5
18:24:29.0 (56327211)|SYSTEM_MODE_ENTER|true
18:24:29.0 (56338165)|HEAP_ALLOCATE|[EXTERNAL]|Bytes:1
18:24:29.0 (56341453)|HEAP_ALLOCATE|[EXTERNAL]|Bytes:396
18:24:29.0 (56348038)|VARIABLE_ASSIGNMENT|[EXTERNAL]|this.basicSearchRole3|" "|0x902c3a5
18:24:29.0 (56368378)|SYSTEM_MODE_ENTER|true
18:24:29.0 (56378317)|HEAP_ALLOCATE|[EXTERNAL]|Bytes:1
18:24:29.0 (56382076)|HEAP_ALLOCATE|[EXTERNAL]|Bytes:396
18:24:29.0 (56388126)|VARIABLE_ASSIGNMENT|[EXTERNAL]|this.basicSearchSort|" "|0x902c3a5
18:24:29.0 (56407941)|SYSTEM_MODE_ENTER|true
18:24:29.0 (56418393)|HEAP_ALLOCATE|[EXTERNAL]|Bytes:2
18:24:29.0 (56422174)|HEAP_ALLOCATE|[EXTERNAL]|Bytes:396
18:24:29.0 (56428649)|VARIABLE_ASSIGNMENT|[EXTERNAL]|this.basicSearchCount|"20"|0x902c3a5
18:24:29.0 (56456638)|SYSTEM_MODE_ENTER|true
18:24:29.0 (56494459)|SYSTEM_MODE_ENTER|true
18:24:29.0 (56575004)|SYSTEM_MODE_ENTER|true
18:24:29.0 (56689880)|SYSTEM_MODE_ENTER|true
18:24:29.0 (56736189)|SYSTEM_MODE_ENTER|true
18:24:29.0 (56776026)|SYSTEM_MODE_ENTER|true
18:24:29.0 (56906029)|SYSTEM_MODE_ENTER|true
18:24:29.0 (56982206)|HEAP_ALLOCATE|[EXTERNAL]|Bytes:396
18:24:29.0 (56992660)|VARIABLE_SCOPE_BEGIN|[53]|this|saReportCtrl|true|false
18:24:29.0 (57223938)|VARIABLE_ASSIGNMENT|[53]|this|{"attachmentId":"","basicSearchCategory":" ","basicSearchCount":"20","basicSearchDateEnd":"","basicSearchDateStart":"","basicSearchKeywords":"","basicSearchRole1":" ","basicSearchRole2":" ","basicSearchRole3":" ","basicSearchSort":" ","categoryDataOptions":"0x1239331f","countDataOptions":"0x627d372b","createBody":"","createdReportId":"","createSubject":"","currentUser":"0x220f13fd","draftBody":"","draftCategory":"","draftProcess":"","draftSubject":"","isApprover":true,"isCopySelected":false,"isGoodSelected":false,"isVeryGoodSelected":false,"latestBasicSearchCategory":"","latestBasicSearchCount":"","latestBasicSearchDateEnd":"","latestBasicSearchDateStart":"","latestBasicSearchKeywords":"","latestBasicSearchRole1":"","latestBasicSearchRole2":"","latestBasicSearchRole3":"","latestBasicSearchSort":"","latestMySearchCount":"","latestMySearchDateEnd":"","latestMySearchDateStart":"","latestMySearchKeywords":"","latestMySearchState":"","latestPendingCount":"","latestPendingDateEnd":"","latestPendingDateStart":"","latestPendingKeywords":"","latestSelectedProcess":"","listOfCategory":"0x7badde17","listOfSAReports":"0x29197a5a","lsAttachments":"0x22d6d43d","lsRolesFull":"0x18c7eae8","mapOfCategory":"0x420d92f6","messageError":"","messageSubmissionComplete":"","mySearchCount":"","mySearchDateEnd":"","mySearchDateStart":"","mySearchKeywords":"","mySearchState":"","newCommentValue1":"","newCommentValue2":"","pageNum":1,"pageSize":20,"pendingCount":"","pendingDateEnd":"","pendingDateStart":"","pendingKeywords":"","processDataOptions":"0x2024eb47","recordsCount":0,"remandBody":"","remandCategory":"","remandProcess":"","remandSubject":"","reportComments":"0x34c7a442","reportGoodViews":"0x13f08898","reportManagedViews":"0x3dc43232","reportRendered":false,"reportState":"","roleLevel1DataOptions":"0x16a63cb2","roleLevel2DataOptions":"0x4660bfad","roleLevel3DataOptions":"0x1ee3b99e","searchCategoryLabel":"","searchCountLabel":"","searchParttern":0,"searchStateLabel":"","selectedCategoryName":"","selectedProcess":"","selectedReport":"0x3abd881e","selectedReportName":"","selectedView":"","sortDataOptions":"0x4519c096","stateDataOptions":"0x33d1cebf"}|0x902c3a5
18:24:29.0 (57257795)|VARIABLE_SCOPE_BEGIN|[53]|value|String|false|false
18:24:29.0 (57267272)|VARIABLE_ASSIGNMENT|[53]|value|null
18:24:29.0 (57281747)|SYSTEM_MODE_ENTER|false
18:24:29.0 (57291297)|HEAP_ALLOCATE|[54]|Bytes:5
18:24:29.0 (57297095)|STATEMENT_EXECUTE|[53]
18:24:29.0 (57299089)|STATEMENT_EXECUTE|[54]
18:24:29.0 (57302457)|HEAP_ALLOCATE|[54]|Bytes:3
18:24:29.0 (57316586)|VARIABLE_ASSIGNMENT|[54]|this.createCategory|"DUC"|0x902c3a5
18:24:29.0 (57324757)|SYSTEM_MODE_EXIT|false
18:24:29.0 (57364186)|SYSTEM_MODE_ENTER|true
18:24:29.0 (57380200)|HEAP_ALLOCATE|[EXTERNAL]|Bytes:396
18:24:29.0 (57389564)|VARIABLE_ASSIGNMENT|[EXTERNAL]|this.createProcess|null|0x902c3a5
18:24:29.0 (57427221)|SYSTEM_MODE_ENTER|true
18:24:29.0 (57468559)|SYSTEM_MODE_ENTER|true
18:24:29.0 (57563787)|SYSTEM_MODE_ENTER|true
18:24:29.0 (57578332)|HEAP_ALLOCATE|[EXTERNAL]|Bytes:396
18:24:29.0 (57591146)|VARIABLE_ASSIGNMENT|[EXTERNAL]|this.mySearchState|null|0x902c3a5
18:24:29.0 (57615941)|SYSTEM_MODE_ENTER|true
18:24:29.0 (57626510)|HEAP_ALLOCATE|[EXTERNAL]|Bytes:396
18:24:29.0 (57636411)|VARIABLE_ASSIGNMENT|[EXTERNAL]|this.mySearchCount|null|0x902c3a5
18:24:29.0 (57664258)|SYSTEM_MODE_ENTER|true
18:24:29.0 (57699871)|SYSTEM_MODE_ENTER|true
18:24:29.0 (57783258)|SYSTEM_MODE_ENTER|true
18:24:29.0 (57796513)|HEAP_ALLOCATE|[EXTERNAL]|Bytes:396
18:24:29.0 (57805223)|VARIABLE_ASSIGNMENT|[EXTERNAL]|this.draftCategory|null|0x902c3a5
18:24:29.0 (57828459)|SYSTEM_MODE_ENTER|true
18:24:29.0 (57838828)|HEAP_ALLOCATE|[EXTERNAL]|Bytes:396
18:24:29.0 (57845861)|VARIABLE_ASSIGNMENT|[EXTERNAL]|this.draftProcess|null|0x902c3a5
18:24:29.0 (57894872)|SYSTEM_MODE_ENTER|true
18:24:29.0 (58067106)|SYSTEM_MODE_ENTER|true
18:24:29.0 (58083131)|HEAP_ALLOCATE|[EXTERNAL]|Bytes:396
18:24:29.0 (58100831)|VARIABLE_ASSIGNMENT|[EXTERNAL]|this.remandCategory|null|0x902c3a5
18:24:29.0 (58126292)|SYSTEM_MODE_ENTER|true
18:24:29.0 (58137289)|HEAP_ALLOCATE|[EXTERNAL]|Bytes:396
18:24:29.0 (58148244)|VARIABLE_ASSIGNMENT|[EXTERNAL]|this.remandProcess|null|0x902c3a5
18:24:29.0 (58199388)|SYSTEM_MODE_ENTER|true
18:24:29.0 (58237585)|SYSTEM_MODE_ENTER|true
18:24:29.0 (58304876)|SYSTEM_MODE_ENTER|true
18:24:29.0 (58318109)|HEAP_ALLOCATE|[EXTERNAL]|Bytes:396
18:24:29.0 (58329926)|VARIABLE_ASSIGNMENT|[EXTERNAL]|this.pendingCount|null|0x902c3a5
18:24:29.0 (58385747)|SYSTEM_MODE_ENTER|true
18:24:29.0 (58435786)|SYSTEM_MODE_ENTER|true
18:24:29.0 (106985638)|SYSTEM_MODE_ENTER|true
18:24:29.0 (107038405)|HEAP_ALLOCATE|[EXTERNAL]|Bytes:284
18:24:29.0 (107072759)|HEAP_ALLOCATE|[EXTERNAL]|Bytes:160
18:24:29.0 (107101433)|METHOD_ENTRY|[1]|01pN0000000Mill|auMainTopCompCtrl.auMainTopCompCtrl()
18:24:29.0 (107109635)|STATEMENT_EXECUTE|[1]
18:24:29.0 (107116989)|STATEMENT_EXECUTE|[1]
18:24:29.0 (107118498)|STATEMENT_EXECUTE|[3]
18:24:29.0 (107129625)|HEAP_ALLOCATE|[3]|Bytes:4
18:24:29.0 (107153230)|VARIABLE_ASSIGNMENT|[3]|auMainTopCompCtrl.TYPE_SCREEN_SWITCH|0
18:24:29.0 (107159561)|STATEMENT_EXECUTE|[4]
18:24:29.0 (107164002)|HEAP_ALLOCATE|[4]|Bytes:4
18:24:29.0 (107172807)|VARIABLE_ASSIGNMENT|[4]|auMainTopCompCtrl.TYPE_SCREEN_STPD_EVENT|11
18:24:29.0 (107177107)|STATEMENT_EXECUTE|[5]
18:24:29.0 (107179752)|HEAP_ALLOCATE|[5]|Bytes:4
18:24:29.0 (107187630)|VARIABLE_ASSIGNMENT|[5]|auMainTopCompCtrl.TYPE_SCREEN_STPD_TIMELINE|12
18:24:29.0 (107191621)|STATEMENT_EXECUTE|[6]
18:24:29.0 (107193971)|HEAP_ALLOCATE|[6]|Bytes:4
18:24:29.0 (107200954)|VARIABLE_ASSIGNMENT|[6]|auMainTopCompCtrl.TYPE_SCREEN_STPD_SCREEN|13
18:24:29.0 (107204412)|STATEMENT_EXECUTE|[7]
18:24:29.0 (107207085)|HEAP_ALLOCATE|[7]|Bytes:4
18:24:29.0 (107212783)|VARIABLE_ASSIGNMENT|[7]|auMainTopCompCtrl.TYPE_SCREEN_CX_SCREEN|21
18:24:29.0 (107216678)|STATEMENT_EXECUTE|[8]
18:24:29.0 (107218979)|HEAP_ALLOCATE|[8]|Bytes:4
18:24:29.0 (107224855)|VARIABLE_ASSIGNMENT|[8]|auMainTopCompCtrl.TYPE_SCREEN_CX_TIMELINE|22
18:24:29.0 (107229298)|STATEMENT_EXECUTE|[9]
18:24:29.0 (107233016)|HEAP_ALLOCATE|[9]|Bytes:4
18:24:29.0 (107242614)|VARIABLE_ASSIGNMENT|[9]|auMainTopCompCtrl.TYPE_SCREEN_EVENT_SCHEDULE|31
18:24:29.0 (107249743)|STATEMENT_EXECUTE|[10]
18:24:29.0 (107254258)|HEAP_ALLOCATE|[10]|Bytes:4
18:24:29.0 (107265107)|VARIABLE_ASSIGNMENT|[10]|auMainTopCompCtrl.TYPE_SCREEN_EVENT_SCHEDULE_LIST|32
18:24:29.0 (107272741)|STATEMENT_EXECUTE|[11]
18:24:29.0 (107277121)|HEAP_ALLOCATE|[11]|Bytes:4
18:24:29.0 (107284583)|VARIABLE_ASSIGNMENT|[11]|auMainTopCompCtrl.TYPE_SCREEN_KNOWLEDGE_DASHBOARD|41
18:24:29.0 (107289444)|STATEMENT_EXECUTE|[12]
18:24:29.0 (107291990)|HEAP_ALLOCATE|[12]|Bytes:4
18:24:29.0 (107298417)|VARIABLE_ASSIGNMENT|[12]|auMainTopCompCtrl.TYPE_SCREEN_KNOWLEDGE_LIST|42
18:24:29.0 (107301942)|STATEMENT_EXECUTE|[13]
18:24:29.0 (107304706)|HEAP_ALLOCATE|[13]|Bytes:4
18:24:29.0 (107312153)|VARIABLE_ASSIGNMENT|[13]|auMainTopCompCtrl.TYPE_SCREEN_SA_MESSAGES|51
18:24:29.0 (107318295)|STATEMENT_EXECUTE|[14]
18:24:29.0 (107321884)|HEAP_ALLOCATE|[14]|Bytes:4
18:24:29.0 (107334239)|VARIABLE_ASSIGNMENT|[14]|auMainTopCompCtrl.TYPE_SCREEN_SA_REPORTS|52
18:24:29.0 (107342054)|STATEMENT_EXECUTE|[15]
18:24:29.0 (107346208)|HEAP_ALLOCATE|[15]|Bytes:4
18:24:29.0 (107357070)|VARIABLE_ASSIGNMENT|[15]|auMainTopCompCtrl.TYPE_SCREEN_SA_CHATTER|53
18:24:29.0 (107362055)|STATEMENT_EXECUTE|[16]
18:24:29.0 (107364829)|HEAP_ALLOCATE|[16]|Bytes:4
18:24:29.0 (107372118)|VARIABLE_ASSIGNMENT|[16]|auMainTopCompCtrl.TYPE_SCREEN_SA_DAILYREPORT|54
18:24:29.0 (107375866)|STATEMENT_EXECUTE|[17]
18:24:29.0 (107378342)|HEAP_ALLOCATE|[17]|Bytes:4
18:24:29.0 (107384914)|VARIABLE_ASSIGNMENT|[17]|auMainTopCompCtrl.TYPE_SCREEN_SA_ENQUETE|55
18:24:29.0 (107388717)|STATEMENT_EXECUTE|[18]
18:24:29.0 (107391128)|HEAP_ALLOCATE|[18]|Bytes:4
18:24:29.0 (107397463)|VARIABLE_ASSIGNMENT|[18]|auMainTopCompCtrl.TYPE_SCREEN_SA_DOCUMENTS|56
18:24:29.0 (107401268)|STATEMENT_EXECUTE|[19]
18:24:29.0 (107403832)|HEAP_ALLOCATE|[19]|Bytes:4
18:24:29.0 (107410347)|VARIABLE_ASSIGNMENT|[19]|auMainTopCompCtrl.TYPE_SCREEN_SA_RANKING|57
18:24:29.0 (107414444)|STATEMENT_EXECUTE|[20]
18:24:29.0 (107417094)|HEAP_ALLOCATE|[20]|Bytes:4
18:24:29.0 (107423122)|VARIABLE_ASSIGNMENT|[20]|auMainTopCompCtrl.TYPE_SCREEN_SA_LINKS|58
18:24:29.0 (107427285)|STATEMENT_EXECUTE|[21]
18:24:29.0 (107429921)|HEAP_ALLOCATE|[21]|Bytes:4
18:24:29.0 (107436781)|VARIABLE_ASSIGNMENT|[21]|auMainTopCompCtrl.TYPE_SCREEN_SA_USRSETTINGS|59
18:24:29.0 (107440842)|STATEMENT_EXECUTE|[22]
18:24:29.0 (107443367)|HEAP_ALLOCATE|[22]|Bytes:4
18:24:29.0 (107449795)|VARIABLE_ASSIGNMENT|[22]|auMainTopCompCtrl.TYPE_SCREEN_SA_DAILYREPORTLIST|60
18:24:29.0 (107454064)|STATEMENT_EXECUTE|[23]
18:24:29.0 (107456441)|HEAP_ALLOCATE|[23]|Bytes:4
18:24:29.0 (107463641)|VARIABLE_ASSIGNMENT|[23]|auMainTopCompCtrl.TYPE_SCREEN_SA_TODO|61
18:24:29.0 (107467810)|STATEMENT_EXECUTE|[24]
18:24:29.0 (107470298)|HEAP_ALLOCATE|[24]|Bytes:4
18:24:29.0 (107476495)|VARIABLE_ASSIGNMENT|[24]|auMainTopCompCtrl.TYPE_SCREEN_HONBU_DIRECT|71
18:24:29.0 (107480664)|STATEMENT_EXECUTE|[25]
18:24:29.0 (107483652)|HEAP_ALLOCATE|[25]|Bytes:4
18:24:29.0 (107489598)|VARIABLE_ASSIGNMENT|[25]|auMainTopCompCtrl.TYPE_SCREEN_ACCOUNT_LIST|81
18:24:29.0 (107493679)|STATEMENT_EXECUTE|[26]
18:24:29.0 (107496033)|HEAP_ALLOCATE|[26]|Bytes:4
18:24:29.0 (107501308)|VARIABLE_ASSIGNMENT|[26]|auMainTopCompCtrl.TYPE_SCREEN_ACTIVITY_LIST|82
18:24:29.0 (107505598)|STATEMENT_EXECUTE|[27]
18:24:29.0 (107507749)|HEAP_ALLOCATE|[27]|Bytes:4
18:24:29.0 (107513404)|VARIABLE_ASSIGNMENT|[27]|auMainTopCompCtrl.TYPE_SCREEN_FILE_LIST|83
18:24:29.0 (107525195)|METHOD_EXIT|[1]|auMainTopCompCtrl
18:24:29.0 (107540680)|HEAP_ALLOCATE|[EXTERNAL]|Bytes:44
18:24:29.0 (107554123)|VARIABLE_ASSIGNMENT|[EXTERNAL]|this.iCountComments|null|0x3b301e56
18:24:29.0 (107637449)|SYSTEM_MODE_ENTER|true
18:24:29.0 (107652930)|HEAP_ALLOCATE|[EXTERNAL]|Bytes:44
18:24:29.0 (107661634)|VARIABLE_ASSIGNMENT|[EXTERNAL]|this.iCountLikes|null|0x3b301e56
18:24:29.0 (107769742)|SYSTEM_MODE_ENTER|true
18:24:29.0 (107832007)|HEAP_ALLOCATE|[EXTERNAL]|Bytes:396
18:24:29.0 (107844243)|VARIABLE_SCOPE_BEGIN|[191]|this|saReportCtrl|true|false
18:24:29.0 (108163707)|VARIABLE_ASSIGNMENT|[191]|this|{"attachmentId":"","basicSearchCategory":" ","basicSearchCount":"20","basicSearchDateEnd":"","basicSearchDateStart":"","basicSearchKeywords":"","basicSearchRole1":" ","basicSearchRole2":" ","basicSearchRole3":" ","basicSearchSort":" ","categoryDataOptions":"0x1239331f","countDataOptions":"0x627d372b","createBody":"","createCategory":"DUC","createdReportId":"","createSubject":"","currentUser":"0x220f13fd","draftBody":"","draftSubject":"","isApprover":true,"isCopySelected":false,"isGoodSelected":false,"isVeryGoodSelected":false,"latestBasicSearchCategory":"","latestBasicSearchCount":"","latestBasicSearchDateEnd":"","latestBasicSearchDateStart":"","latestBasicSearchKeywords":"","latestBasicSearchRole1":"","latestBasicSearchRole2":"","latestBasicSearchRole3":"","latestBasicSearchSort":"","latestMySearchCount":"","latestMySearchDateEnd":"","latestMySearchDateStart":"","latestMySearchKeywords":"","latestMySearchState":"","latestPendingCount":"","latestPendingDateEnd":"","latestPendingDateStart":"","latestPendingKeywords":"","latestSelectedProcess":"","listOfCategory":"0x7badde17","listOfSAReports":"0x29197a5a","lsAttachments":"0x22d6d43d","lsRolesFull":"0x18c7eae8","mapOfCategory":"0x420d92f6","messageError":"","messageSubmissionComplete":"","mySearchDateEnd":"","mySearchDateStart":"","mySearchKeywords":"","newCommentValue1":"","newCommentValue2":"","pageNum":1,"pageSize":20,"pendingDateEnd":"","pendingDateStart":"","pendingKeywords":"","processDataOptions":"0x2024eb47","recordsCount":0,"remandBody":"","remandSubject":"","reportComments":"0x34c7a442","reportGoodViews":"0x13f08898","reportManagedViews":"0x3dc43232","reportRendered":false,"reportState":"","roleLevel1DataOptions":"0x16a63cb2","roleLevel2DataOptions":"0x4660bfad","roleLevel3DataOptions":"0x1ee3b99e","searchCategoryLabel":"","searchCountLabel":"","searchParttern":0,"searchStateLabel":"","selectedCategoryName":"","selectedProcess":"","selectedReport":"0x3abd881e","selectedReportName":"","selectedView":"","sortDataOptions":"0x4519c096","stateDataOptions":"0x33d1cebf"}|0x902c3a5
18:24:29.0 (108207778)|SYSTEM_MODE_ENTER|false
18:24:29.0 (108222410)|HEAP_ALLOCATE|[191]|Bytes:5
18:24:29.0 (108228193)|STATEMENT_EXECUTE|[191]
18:24:29.0 (108230143)|STATEMENT_EXECUTE|[191]
18:24:29.0 (108240754)|SYSTEM_MODE_EXIT|false
18:24:29.0 (108306439)|SYSTEM_MODE_ENTER|true
18:24:29.0 (108324264)|HEAP_ALLOCATE|[EXTERNAL]|Bytes:8
18:24:29.0 (108329841)|HEAP_ALLOCATE|[EXTERNAL]|Bytes:44
18:24:29.0 (108339442)|VARIABLE_ASSIGNMENT|[EXTERNAL]|this.iTypeOfScreen|52|0x3b301e56
18:24:29.0 (108632893)|SYSTEM_MODE_ENTER|true
18:24:29.0 (108673095)|HEAP_ALLOCATE|[EXTERNAL]|Bytes:44
18:24:29.0 (108681438)|VARIABLE_SCOPE_BEGIN|[88]|this|auMainTopCompCtrl|true|false
18:24:29.0 (108735747)|VARIABLE_ASSIGNMENT|[88]|this|{"currentUser":"0x6b80556a","isSAUser":false,"iTypeOfScreen":52,"urlReportsSFA":"https://cs6.lightnin (84 more) ..."}|0x3b301e56
18:24:29.0 (108748583)|STATEMENT_EXECUTE|[88]
18:24:29.0 (108750470)|STATEMENT_EXECUTE|[89]
18:24:29.0 (108807059)|VARIABLE_ASSIGNMENT|[EXTERNAL]|this|{"currentUser":"0x6b80556a","isSAUser":false,"iTypeOfScreen":52,"urlReportsSFA":"https://cs6.lightnin (84 more) ..."}|0x3b301e56
18:24:29.0 (108867848)|VARIABLE_ASSIGNMENT|[EXTERNAL]|this|{"currentUser":"0x6b80556a","isSAUser":false,"iTypeOfScreen":52,"urlReportsSFA":"https://cs6.lightnin (84 more) ..."}|0x3b301e56
18:24:29.0 (108898789)|HEAP_ALLOCATE|[89]|Bytes:5
18:24:29.0 (108999766)|SYSTEM_MODE_ENTER|true
18:24:29.0 (109048480)|HEAP_ALLOCATE|[EXTERNAL]|Bytes:44
18:24:29.0 (109057577)|VARIABLE_SCOPE_BEGIN|[106]|this|auMainTopCompCtrl|true|false
18:24:29.0 (109094203)|VARIABLE_ASSIGNMENT|[106]|this|{"currentUser":"0x6b80556a","isSAUser":false,"iTypeOfScreen":52,"urlReportsSFA":"https://cs6.lightnin (84 more) ..."}|0x3b301e56
18:24:29.0 (109110097)|STATEMENT_EXECUTE|[106]
18:24:29.0 (109112221)|STATEMENT_EXECUTE|[107]
18:24:29.0 (109149963)|VARIABLE_ASSIGNMENT|[EXTERNAL]|this|{"currentUser":"0x6b80556a","isSAUser":false,"iTypeOfScreen":52,"urlReportsSFA":"https://cs6.lightnin (84 more) ..."}|0x3b301e56
18:24:29.0 (109168144)|HEAP_ALLOCATE|[107]|Bytes:5
18:24:29.0 (109239926)|SYSTEM_MODE_ENTER|true
18:24:29.0 (109271728)|HEAP_ALLOCATE|[EXTERNAL]|Bytes:44
18:24:29.0 (109279169)|VARIABLE_SCOPE_BEGIN|[110]|this|auMainTopCompCtrl|true|false
18:24:29.0 (109311339)|VARIABLE_ASSIGNMENT|[110]|this|{"currentUser":"0x6b80556a","isSAUser":false,"iTypeOfScreen":52,"urlReportsSFA":"https://cs6.lightnin (84 more) ..."}|0x3b301e56
18:24:29.0 (109321138)|STATEMENT_EXECUTE|[110]
18:24:29.0 (109322953)|STATEMENT_EXECUTE|[111]
18:24:29.0 (109356951)|VARIABLE_ASSIGNMENT|[EXTERNAL]|this|{"currentUser":"0x6b80556a","isSAUser":false,"iTypeOfScreen":52,"urlReportsSFA":"https://cs6.lightnin (84 more) ..."}|0x3b301e56
18:24:29.0 (109373938)|HEAP_ALLOCATE|[111]|Bytes:5
18:24:29.0 (109437179)|SYSTEM_MODE_ENTER|true
18:24:29.0 (109467081)|HEAP_ALLOCATE|[EXTERNAL]|Bytes:44
18:24:29.0 (109474197)|VARIABLE_SCOPE_BEGIN|[114]|this|auMainTopCompCtrl|true|false
18:24:29.0 (109505348)|VARIABLE_ASSIGNMENT|[114]|this|{"currentUser":"0x6b80556a","isSAUser":false,"iTypeOfScreen":52,"urlReportsSFA":"https://cs6.lightnin (84 more) ..."}|0x3b301e56
18:24:29.0 (109515314)|STATEMENT_EXECUTE|[114]
18:24:29.0 (109517178)|STATEMENT_EXECUTE|[115]
18:24:29.0 (109550168)|VARIABLE_ASSIGNMENT|[EXTERNAL]|this|{"currentUser":"0x6b80556a","isSAUser":false,"iTypeOfScreen":52,"urlReportsSFA":"https://cs6.lightnin (84 more) ..."}|0x3b301e56
18:24:29.0 (109565746)|HEAP_ALLOCATE|[115]|Bytes:5
18:24:29.0 (109767480)|SYSTEM_MODE_ENTER|true
18:24:29.0 (109830727)|SYSTEM_MODE_ENTER|true
18:24:29.0 (110241258)|SYSTEM_MODE_ENTER|true
18:24:29.0 (110324220)|SYSTEM_MODE_ENTER|true
18:24:29.0 (110472888)|SYSTEM_MODE_ENTER|true
18:24:29.0 (110649845)|SYSTEM_MODE_ENTER|true
18:24:29.0 (110732653)|SYSTEM_MODE_ENTER|true
18:24:29.0 (110795855)|SYSTEM_MODE_ENTER|true
18:24:29.0 (110861476)|SYSTEM_MODE_ENTER|true
18:24:29.0 (111035404)|SYSTEM_MODE_ENTER|true
18:24:29.0 (111126229)|SYSTEM_MODE_ENTER|true
18:24:29.0 (111200679)|SYSTEM_MODE_ENTER|true
18:24:29.0 (124022411)|VF_SERIALIZE_VIEWSTATE_BEGIN|066N0000000M59u
18:24:29.0 (141645086)|VF_SERIALIZE_VIEWSTATE_END
18:24:29.155 (155778601)|CUMULATIVE_LIMIT_USAGE
18:24:29.155 (155778601)|LIMIT_USAGE_FOR_NS|(default)|
  Number of SOQL queries: 0 out of 100
  Number of query rows: 0 out of 50000
  Number of SOSL queries: 0 out of 20
  Number of DML statements: 0 out of 150
  Number of DML rows: 0 out of 10000
  Maximum CPU time: 0 out of 10000
  Maximum heap size: 0 out of 6000000
  Number of callouts: 0 out of 100
  Number of Email Invocations: 0 out of 10
  Number of future calls: 0 out of 50
  Number of queueable jobs added to the queue: 0 out of 50
  Number of Mobile Apex push calls: 0 out of 10

18:24:29.155 (155778601)|CUMULATIVE_LIMIT_USAGE_END

18:24:29.0 (155820620)|CODE_UNIT_FINISHED|VF: /apex/saReport
18:24:29.0 (156590105)|EXECUTION_FINISHED
