38.0 APEX_CODE,FINEST;APEX_PROFILING,INFO;CALLOUT,INFO;DB,INFO;NBA,INFO;SYSTEM,DEBUG;VALIDATION,INFO;VISUALFORCE,INFO;WAVE,INFO;WORKFLOW,INFO
20:54:37.0 (69261)|USER_INFO|[EXTERNAL]|005N00000057RPN|duc.huynhmanh+kddi-gwdev01@globalway.co.jp|日本標準時|GMT+09:00
20:54:37.0 (104062)|EXECUTION_STARTED
20:54:37.0 (108208)|CODE_UNIT_STARTED|[EXTERNAL]|066N0000000F3A9|VF: /apex/auCXKnowledgeListPage
20:54:37.0 (247279)|VF_DESERIALIZE_VIEWSTATE_BEGIN|066N0000000F3A9
20:54:37.0 (4036543)|HEAP_ALLOCATE|[72]|Bytes:3
20:54:37.0 (4071069)|HEAP_ALLOCATE|[77]|Bytes:152
20:54:37.0 (4085873)|HEAP_ALLOCATE|[342]|Bytes:408
20:54:37.0 (4099471)|HEAP_ALLOCATE|[355]|Bytes:408
20:54:37.0 (4109851)|HEAP_ALLOCATE|[467]|Bytes:48
20:54:37.0 (4132050)|HEAP_ALLOCATE|[139]|Bytes:6
20:54:37.0 (4155215)|HEAP_ALLOCATE|[50]|Bytes:5
20:54:37.0 (4175181)|HEAP_ALLOCATE|[56]|Bytes:5
20:54:37.0 (4183182)|HEAP_ALLOCATE|[64]|Bytes:7
20:54:37.0 (6918792)|VARIABLE_SCOPE_BEGIN|[27]|auCXKnowledgeListCtrl.COOKIE_CATEGORY|String|false|true
20:54:37.0 (6932166)|VARIABLE_SCOPE_BEGIN|[29]|auCXKnowledgeListCtrl.COOKIE_EXPIRATION_DATE|Integer|false|true
20:54:37.0 (6940465)|VARIABLE_SCOPE_BEGIN|[22]|auCXKnowledgeListCtrl.COOKIE_FAVORITE|String|false|true
20:54:37.0 (6946936)|VARIABLE_SCOPE_BEGIN|[21]|auCXKnowledgeListCtrl.COOKIE_FREETEXT|String|false|true
20:54:37.0 (6953528)|VARIABLE_SCOPE_BEGIN|[28]|auCXKnowledgeListCtrl.COOKIE_LABEL_INIT_SEARCH_FLG|String|false|true
20:54:37.0 (6960590)|VARIABLE_SCOPE_BEGIN|[18]|auCXKnowledgeListCtrl.COOKIE_PREFIX|String|false|true
20:54:37.0 (6967216)|VARIABLE_SCOPE_BEGIN|[23]|auCXKnowledgeListCtrl.COOKIE_SHISHA|String|false|true
20:54:37.0 (6973555)|VARIABLE_SCOPE_BEGIN|[24]|auCXKnowledgeListCtrl.COOKIE_SHITEN|String|false|true
20:54:37.0 (6979023)|VARIABLE_SCOPE_BEGIN|[26]|auCXKnowledgeListCtrl.COOKIE_SHOPS|String|false|true
20:54:37.0 (6984759)|VARIABLE_SCOPE_BEGIN|[19]|auCXKnowledgeListCtrl.COOKIE_STATUS|String|false|true
20:54:37.0 (6990257)|VARIABLE_SCOPE_BEGIN|[25]|auCXKnowledgeListCtrl.COOKIE_UNEIHOJIN|String|false|true
20:54:37.0 (6996792)|VARIABLE_SCOPE_BEGIN|[3]|auCXKnowledgeListCtrl.URL_PARAM_NAME_CX_KNOWLEDGE_ID|String|false|true
20:54:37.0 (7003731)|VARIABLE_SCOPE_BEGIN|[4]|auCXKnowledgeListCtrl.URL_PARAM_NAME_SHOP_ID|String|false|true
20:54:37.0 (7950160)|VARIABLE_SCOPE_BEGIN|[25]|auMainTopCompCtrl.TYPE_SCREEN_ACCOUNT_LIST|Integer|false|true
20:54:37.0 (7961579)|VARIABLE_SCOPE_BEGIN|[26]|auMainTopCompCtrl.TYPE_SCREEN_ACTIVITY_LIST|Integer|false|true
20:54:37.0 (7968819)|VARIABLE_SCOPE_BEGIN|[7]|auMainTopCompCtrl.TYPE_SCREEN_CX_SCREEN|Integer|false|true
20:54:37.0 (7975239)|VARIABLE_SCOPE_BEGIN|[8]|auMainTopCompCtrl.TYPE_SCREEN_CX_TIMELINE|Integer|false|true
20:54:37.0 (7981448)|VARIABLE_SCOPE_BEGIN|[9]|auMainTopCompCtrl.TYPE_SCREEN_EVENT_SCHEDULE|Integer|false|true
20:54:37.0 (7988491)|VARIABLE_SCOPE_BEGIN|[10]|auMainTopCompCtrl.TYPE_SCREEN_EVENT_SCHEDULE_LIST|Integer|false|true
20:54:37.0 (7995892)|VARIABLE_SCOPE_BEGIN|[27]|auMainTopCompCtrl.TYPE_SCREEN_FILE_LIST|Integer|false|true
20:54:37.0 (8002529)|VARIABLE_SCOPE_BEGIN|[24]|auMainTopCompCtrl.TYPE_SCREEN_HONBU_DIRECT|Integer|false|true
20:54:37.0 (8008905)|VARIABLE_SCOPE_BEGIN|[11]|auMainTopCompCtrl.TYPE_SCREEN_KNOWLEDGE_DASHBOARD|Integer|false|true
20:54:37.0 (8015023)|VARIABLE_SCOPE_BEGIN|[12]|auMainTopCompCtrl.TYPE_SCREEN_KNOWLEDGE_LIST|Integer|false|true
20:54:37.0 (8020955)|VARIABLE_SCOPE_BEGIN|[15]|auMainTopCompCtrl.TYPE_SCREEN_SA_CHATTER|Integer|false|true
20:54:37.0 (8026957)|VARIABLE_SCOPE_BEGIN|[16]|auMainTopCompCtrl.TYPE_SCREEN_SA_DAILYREPORT|Integer|false|true
20:54:37.0 (8033547)|VARIABLE_SCOPE_BEGIN|[22]|auMainTopCompCtrl.TYPE_SCREEN_SA_DAILYREPORTLIST|Integer|false|true
20:54:37.0 (8041192)|VARIABLE_SCOPE_BEGIN|[18]|auMainTopCompCtrl.TYPE_SCREEN_SA_DOCUMENTS|Integer|false|true
20:54:37.0 (8047001)|VARIABLE_SCOPE_BEGIN|[17]|auMainTopCompCtrl.TYPE_SCREEN_SA_ENQUETE|Integer|false|true
20:54:37.0 (8052793)|VARIABLE_SCOPE_BEGIN|[20]|auMainTopCompCtrl.TYPE_SCREEN_SA_LINKS|Integer|false|true
20:54:37.0 (8058773)|VARIABLE_SCOPE_BEGIN|[13]|auMainTopCompCtrl.TYPE_SCREEN_SA_MESSAGES|Integer|false|true
20:54:37.0 (8064532)|VARIABLE_SCOPE_BEGIN|[19]|auMainTopCompCtrl.TYPE_SCREEN_SA_RANKING|Integer|false|true
20:54:37.0 (8070583)|VARIABLE_SCOPE_BEGIN|[14]|auMainTopCompCtrl.TYPE_SCREEN_SA_REPORTS|Integer|false|true
20:54:37.0 (8076476)|VARIABLE_SCOPE_BEGIN|[23]|auMainTopCompCtrl.TYPE_SCREEN_SA_TODO|Integer|false|true
20:54:37.0 (8082527)|VARIABLE_SCOPE_BEGIN|[21]|auMainTopCompCtrl.TYPE_SCREEN_SA_USRSETTINGS|Integer|false|true
20:54:37.0 (8089156)|VARIABLE_SCOPE_BEGIN|[4]|auMainTopCompCtrl.TYPE_SCREEN_STPD_EVENT|Integer|false|true
20:54:37.0 (8095213)|VARIABLE_SCOPE_BEGIN|[6]|auMainTopCompCtrl.TYPE_SCREEN_STPD_SCREEN|Integer|false|true
20:54:37.0 (8101381)|VARIABLE_SCOPE_BEGIN|[5]|auMainTopCompCtrl.TYPE_SCREEN_STPD_TIMELINE|Integer|false|true
20:54:37.0 (8107540)|VARIABLE_SCOPE_BEGIN|[3]|auMainTopCompCtrl.TYPE_SCREEN_SWITCH|Integer|false|true
20:54:37.0 (12303060)|VF_DESERIALIZE_VIEWSTATE_END
20:54:37.0 (16546873)|SYSTEM_MODE_ENTER|true
20:54:37.0 (16577296)|HEAP_ALLOCATE|[EXTERNAL]|Bytes:12
20:54:37.0 (16589996)|HEAP_ALLOCATE|[EXTERNAL]|Bytes:912
20:54:37.0 (16595347)|HEAP_ALLOCATE|[EXTERNAL]|Bytes:463
20:54:37.0 (16601045)|HEAP_ALLOCATE|[EXTERNAL]|Bytes:12
20:54:37.0 (16605661)|HEAP_ALLOCATE|[EXTERNAL]|Bytes:8
20:54:37.0 (16629934)|VARIABLE_ASSIGNMENT|[EXTERNAL]|auCXKnowledgeListCtrl.COOKIE_CATEGORY|"Category"
20:54:37.0 (16636582)|HEAP_ALLOCATE|[EXTERNAL]|Bytes:8
20:54:37.0 (16643252)|VARIABLE_ASSIGNMENT|[EXTERNAL]|auCXKnowledgeListCtrl.COOKIE_FAVORITE|"Favorite"
20:54:37.0 (16647949)|HEAP_ALLOCATE|[EXTERNAL]|Bytes:8
20:54:37.0 (16653067)|VARIABLE_ASSIGNMENT|[EXTERNAL]|auCXKnowledgeListCtrl.COOKIE_FREETEXT|"FreeText"
20:54:37.0 (16656620)|HEAP_ALLOCATE|[EXTERNAL]|Bytes:13
20:54:37.0 (16663089)|VARIABLE_ASSIGNMENT|[EXTERNAL]|auCXKnowledgeListCtrl.COOKIE_LABEL_INIT_SEARCH_FLG|"initSearchFlg"
20:54:37.0 (16667934)|HEAP_ALLOCATE|[EXTERNAL]|Bytes:22
20:54:37.0 (16675973)|VARIABLE_ASSIGNMENT|[EXTERNAL]|auCXKnowledgeListCtrl.COOKIE_PREFIX|"auCXKnowledgeListPag (2 more) ..."
20:54:37.0 (16680300)|HEAP_ALLOCATE|[EXTERNAL]|Bytes:6
20:54:37.0 (16686280)|VARIABLE_ASSIGNMENT|[EXTERNAL]|auCXKnowledgeListCtrl.COOKIE_SHISHA|"Shisha"
20:54:37.0 (16690521)|HEAP_ALLOCATE|[EXTERNAL]|Bytes:6
20:54:37.0 (16695959)|VARIABLE_ASSIGNMENT|[EXTERNAL]|auCXKnowledgeListCtrl.COOKIE_SHITEN|"Shiten"
20:54:37.0 (16700204)|HEAP_ALLOCATE|[EXTERNAL]|Bytes:5
20:54:37.0 (16705860)|VARIABLE_ASSIGNMENT|[EXTERNAL]|auCXKnowledgeListCtrl.COOKIE_SHOPS|"Shops"
20:54:37.0 (16710424)|HEAP_ALLOCATE|[EXTERNAL]|Bytes:6
20:54:37.0 (16715775)|VARIABLE_ASSIGNMENT|[EXTERNAL]|auCXKnowledgeListCtrl.COOKIE_STATUS|"Status"
20:54:37.0 (16720213)|HEAP_ALLOCATE|[EXTERNAL]|Bytes:9
20:54:37.0 (16726045)|VARIABLE_ASSIGNMENT|[EXTERNAL]|auCXKnowledgeListCtrl.COOKIE_UNEIHOJIN|"UneiHojin"
20:54:37.0 (16730197)|HEAP_ALLOCATE|[EXTERNAL]|Bytes:11
20:54:37.0 (16737523)|VARIABLE_ASSIGNMENT|[EXTERNAL]|auCXKnowledgeListCtrl.URL_PARAM_NAME_CX_KNOWLEDGE_ID|"cxknowledge"
20:54:37.0 (16742187)|HEAP_ALLOCATE|[EXTERNAL]|Bytes:4
20:54:37.0 (16748484)|VARIABLE_ASSIGNMENT|[EXTERNAL]|auCXKnowledgeListCtrl.URL_PARAM_NAME_SHOP_ID|"shop"
20:54:37.0 (16760136)|METHOD_ENTRY|[1]|01pN0000000MoP2|auCXKnowledgeListCtrl.auCXKnowledgeListCtrl()
20:54:37.0 (16766740)|STATEMENT_EXECUTE|[1]
20:54:37.0 (16771994)|STATEMENT_EXECUTE|[1]
20:54:37.0 (16782556)|SYSTEM_MODE_ENTER|false
20:54:37.0 (16796799)|HEAP_ALLOCATE|[29]|Bytes:5
20:54:37.0 (16801528)|STATEMENT_EXECUTE|[29]
20:54:37.0 (16807720)|HEAP_ALLOCATE|[29]|Bytes:4
20:54:37.0 (16817270)|VARIABLE_ASSIGNMENT|[29]|auCXKnowledgeListCtrl.COOKIE_EXPIRATION_DATE|-1
20:54:37.0 (16822684)|STATEMENT_EXECUTE|[1374]
20:54:37.0 (16827943)|SYSTEM_MODE_EXIT|false
20:54:37.0 (16838515)|METHOD_EXIT|[1]|auCXKnowledgeListCtrl
20:54:37.0 (16937324)|SYSTEM_MODE_ENTER|true
20:54:37.0 (17000585)|SYSTEM_MODE_ENTER|true
20:54:37.0 (17182176)|SYSTEM_MODE_ENTER|true
20:54:37.0 (17355332)|SYSTEM_MODE_ENTER|true
20:54:37.0 (17595002)|HEAP_ALLOCATE|[EXTERNAL]|Bytes:208
20:54:37.0 (17605415)|VARIABLE_SCOPE_BEGIN|[10]|this|auCXKnowledgeListCtrl|true|false
20:54:37.0 (18018318)|VARIABLE_ASSIGNMENT|[10]|this|{"categoryOptions":"0x3b62e375","currentUser":"0x7ab5071e","cxKnowledgeAttachSharing":"0","cxKnowledgeNew":"0x73139c9","cxKnowledgeUpdate":"0x1ff90d9","cxKnowledgeUpdateComments":"0x71d9fdf3","cxKnowledgeUpdateFeedId":"0D5N000000O9K7VKAV","cxKnowledgeUpdateId":"a09N000000ADUm3IAH","errorMessage":"","filterFavorite":false,"filterFreeText":"","filterStatus":"","initSearchFlg":"true","isApprover":false,"isCreator":false,"isHonbu":false,"isLikedAlready":true,"isNationalApprover":false,"isRestrictedUser":false,"isShisha":false,"isShiten":false,"isShopUser":false,"lsCxKnowledgeUpdateAttachment":"0x5d0cd1f6","mpUserComment":"0xfd3a0be","optShisha":"0x1a22ffc","optShiten":"0x3faa6c5e","optUneiHojin":"0x412993c","orderBy":"DisplayedDate__c DESC","pageNum":1,"pageSize":20,"recordsCount":91,"searchFilter":"","ShopsOptions":"0x16560f50","ssc":"0x61b1fa9","whereStr":" WHERE IsCommentOnly__c = False"}|0x2a3d7562
20:54:37.0 (18050012)|SYSTEM_MODE_ENTER|false
20:54:37.0 (18058748)|HEAP_ALLOCATE|[10]|Bytes:5
20:54:37.0 (18063979)|STATEMENT_EXECUTE|[10]
20:54:37.0 (18066126)|STATEMENT_EXECUTE|[10]
20:54:37.0 (18125342)|VARIABLE_SCOPE_BEGIN|[135]|auConstantCmn.ACCESS_TYPE_KDDI|String|false|true
20:54:37.0 (18135080)|VARIABLE_SCOPE_BEGIN|[134]|auConstantCmn.ACCESS_TYPE_SA|String|false|true
20:54:37.0 (18142222)|VARIABLE_SCOPE_BEGIN|[136]|auConstantCmn.ACCESS_TYPE_SHOP|String|false|true
20:54:37.0 (18149120)|VARIABLE_SCOPE_BEGIN|[56]|auConstantCmn.ACCOUNT_CHANNEL_DAIRITEN|String|false|true
20:54:37.0 (18156073)|VARIABLE_SCOPE_BEGIN|[54]|auConstantCmn.ACCOUNT_CHANNEL_SHOP|String|false|true
20:54:37.0 (18163071)|VARIABLE_SCOPE_BEGIN|[55]|auConstantCmn.ACCOUNT_CHANNEL_UNEIHOJIN|String|false|true
20:54:37.0 (18168731)|VARIABLE_SCOPE_BEGIN|[111]|auConstantCmn.CX_KNOWLEDGE_SHARING_NATIONAL|String|false|true
20:54:37.0 (18174774)|VARIABLE_SCOPE_BEGIN|[110]|auConstantCmn.CX_KNOWLEDGE_SHARING_REGIONAL_OFFICE|String|false|true
20:54:37.0 (18180820)|VARIABLE_SCOPE_BEGIN|[116]|auConstantCmn.CX_KNOWLEDGE_STATUS_APPROVED|String|false|true
20:54:37.0 (18186723)|VARIABLE_SCOPE_BEGIN|[117]|auConstantCmn.CX_KNOWLEDGE_STATUS_NATIONAL_APPROVED|String|false|true
20:54:37.0 (18192521)|VARIABLE_SCOPE_BEGIN|[118]|auConstantCmn.CX_KNOWLEDGE_STATUS_REJECTED|String|false|true
20:54:37.0 (18198224)|VARIABLE_SCOPE_BEGIN|[115]|auConstantCmn.CX_KNOWLEDGE_STATUS_SAVED|String|false|true
20:54:37.0 (18204073)|VARIABLE_SCOPE_BEGIN|[114]|auConstantCmn.CX_KNOWLEDGE_STATUS_TEMPORARY_SAVED|String|false|true
20:54:37.0 (18210070)|VARIABLE_SCOPE_BEGIN|[20]|auConstantCmn.FORGOT_PASSWORD_ERR_MESSAGE001|String|false|true
20:54:37.0 (18216030)|VARIABLE_SCOPE_BEGIN|[131]|auConstantCmn.HONBU_DIRECT_DETAIL_TYPE_FAVORITE|String|false|true
20:54:37.0 (18221930)|VARIABLE_SCOPE_BEGIN|[130]|auConstantCmn.HONBU_DIRECT_DETAIL_TYPE_READ|String|false|true
20:54:37.0 (18227737)|VARIABLE_SCOPE_BEGIN|[122]|auConstantCmn.KDDI_KNOWLEDGE_STATUS_SAVED|String|false|true
20:54:37.0 (18234365)|VARIABLE_SCOPE_BEGIN|[121]|auConstantCmn.KDDI_KNOWLEDGE_STATUS_TEMPORARY_SAVED|String|false|true
20:54:37.0 (18240450)|VARIABLE_SCOPE_BEGIN|[14]|auConstantCmn.LOGIN_ERR_MESSAGE001|String|false|true
20:54:37.0 (18246493)|VARIABLE_SCOPE_BEGIN|[15]|auConstantCmn.LOGIN_ERR_MESSAGE002|String|false|true
20:54:37.0 (18252741)|VARIABLE_SCOPE_BEGIN|[16]|auConstantCmn.LOGIN_ERR_MESSAGE003|String|false|true
20:54:37.0 (18258961)|VARIABLE_SCOPE_BEGIN|[17]|auConstantCmn.LOGIN_ERR_MESSAGE004|String|false|true
20:54:37.0 (18264988)|VARIABLE_SCOPE_BEGIN|[97]|auConstantCmn.PAGE_ALIAS_SHOP_CX|String|false|true
20:54:37.0 (18271192)|VARIABLE_SCOPE_BEGIN|[88]|auConstantCmn.PAGE_ALIAS_SHOP_EVENTS|String|false|true
20:54:37.0 (18277666)|VARIABLE_SCOPE_BEGIN|[70]|auConstantCmn.PAGE_ALIAS_SHOP_FORGOTPW|String|false|true
20:54:37.0 (18284266)|VARIABLE_SCOPE_BEGIN|[78]|auConstantCmn.PAGE_ALIAS_SHOP_FORGOTPWCOMP|String|false|true
20:54:37.0 (18291009)|VARIABLE_SCOPE_BEGIN|[74]|auConstantCmn.PAGE_ALIAS_SHOP_FORGOTPWFORCE|String|false|true
20:54:37.0 (18297448)|VARIABLE_SCOPE_BEGIN|[85]|auConstantCmn.PAGE_ALIAS_SHOP_HOME|String|false|true
20:54:37.0 (18303830)|VARIABLE_SCOPE_BEGIN|[62]|auConstantCmn.PAGE_ALIAS_SHOP_LOGIN|String|false|true
20:54:37.0 (18310390)|VARIABLE_SCOPE_BEGIN|[66]|auConstantCmn.PAGE_ALIAS_SHOP_LOGOUT|String|false|true
20:54:37.0 (18316980)|VARIABLE_SCOPE_BEGIN|[82]|auConstantCmn.PAGE_ALIAS_SHOP_PASSWORDSIGNUP|String|false|true
20:54:37.0 (18323356)|VARIABLE_SCOPE_BEGIN|[103]|auConstantCmn.PAGE_ALIAS_SHOP_SCHEDULE|String|false|true
20:54:37.0 (18329801)|VARIABLE_SCOPE_BEGIN|[106]|auConstantCmn.PAGE_ALIAS_SHOP_SCHEDULE_LIST|String|false|true
20:54:37.0 (18336740)|VARIABLE_SCOPE_BEGIN|[91]|auConstantCmn.PAGE_ALIAS_SHOP_STPD|String|false|true
20:54:37.0 (18343389)|VARIABLE_SCOPE_BEGIN|[100]|auConstantCmn.PAGE_ALIAS_SHOP_TIMELINE_CX|String|false|true
20:54:37.0 (18349743)|VARIABLE_SCOPE_BEGIN|[94]|auConstantCmn.PAGE_ALIAS_SHOP_TIMELINE_STPD|String|false|true
20:54:37.0 (18356463)|VARIABLE_SCOPE_BEGIN|[96]|auConstantCmn.PAGE_VF_SHOP_CX|String|false|true
20:54:37.0 (18363196)|VARIABLE_SCOPE_BEGIN|[87]|auConstantCmn.PAGE_VF_SHOP_EVENTS|String|false|true
20:54:37.0 (18370011)|VARIABLE_SCOPE_BEGIN|[69]|auConstantCmn.PAGE_VF_SHOP_FORGOTPW|String|false|true
20:54:37.0 (18376784)|VARIABLE_SCOPE_BEGIN|[77]|auConstantCmn.PAGE_VF_SHOP_FORGOTPWCOMP|String|false|true
20:54:37.0 (18383522)|VARIABLE_SCOPE_BEGIN|[73]|auConstantCmn.PAGE_VF_SHOP_FORGOTPWFORCE|String|false|true
20:54:37.0 (18391152)|VARIABLE_SCOPE_BEGIN|[84]|auConstantCmn.PAGE_VF_SHOP_HOME|String|false|true
20:54:37.0 (18398231)|VARIABLE_SCOPE_BEGIN|[61]|auConstantCmn.PAGE_VF_SHOP_LOGIN|String|false|true
20:54:37.0 (18405196)|VARIABLE_SCOPE_BEGIN|[65]|auConstantCmn.PAGE_VF_SHOP_LOGOUT|String|false|true
20:54:37.0 (18412374)|VARIABLE_SCOPE_BEGIN|[81]|auConstantCmn.PAGE_VF_SHOP_PASSWORDSIGNUP|String|false|true
20:54:37.0 (18419630)|VARIABLE_SCOPE_BEGIN|[102]|auConstantCmn.PAGE_VF_SHOP_SCHEDULE|String|false|true
20:54:37.0 (18426478)|VARIABLE_SCOPE_BEGIN|[105]|auConstantCmn.PAGE_VF_SHOP_SCHEDULE_LIST|String|false|true
20:54:37.0 (18433861)|VARIABLE_SCOPE_BEGIN|[90]|auConstantCmn.PAGE_VF_SHOP_STPD|String|false|true
20:54:37.0 (18440958)|VARIABLE_SCOPE_BEGIN|[99]|auConstantCmn.PAGE_VF_SHOP_TIMELINE_CX|String|false|true
20:54:37.0 (18448145)|VARIABLE_SCOPE_BEGIN|[93]|auConstantCmn.PAGE_VF_SHOP_TIMELINE_STPD|String|false|true
20:54:37.0 (18455820)|VARIABLE_SCOPE_BEGIN|[28]|auConstantCmn.PASSWORD_SIGNUP_ERR_EXPIREDURL|String|false|true
20:54:37.0 (18463108)|VARIABLE_SCOPE_BEGIN|[31]|auConstantCmn.PASSWORD_SIGNUP_ERR_INTERNAL|String|false|true
20:54:37.0 (18470585)|VARIABLE_SCOPE_BEGIN|[29]|auConstantCmn.PASSWORD_SIGNUP_ERR_INVALIDURL|String|false|true
20:54:37.0 (18484472)|VARIABLE_SCOPE_BEGIN|[23]|auConstantCmn.PASSWORD_SIGNUP_ERR_MESSAGE001|String|false|true
20:54:37.0 (18496790)|VARIABLE_SCOPE_BEGIN|[24]|auConstantCmn.PASSWORD_SIGNUP_ERR_MESSAGE002|String|false|true
20:54:37.0 (18504503)|VARIABLE_SCOPE_BEGIN|[25]|auConstantCmn.PASSWORD_SIGNUP_ERR_MESSAGE003|String|false|true
20:54:37.0 (18512844)|VARIABLE_SCOPE_BEGIN|[26]|auConstantCmn.PASSWORD_SIGNUP_ERR_MESSAGE004|String|false|true
20:54:37.0 (18521539)|VARIABLE_SCOPE_BEGIN|[27]|auConstantCmn.PASSWORD_SIGNUP_ERR_MESSAGE005|String|false|true
20:54:37.0 (18530364)|VARIABLE_SCOPE_BEGIN|[30]|auConstantCmn.PASSWORD_SIGNUP_ERR_OLDURL|String|false|true
20:54:37.0 (18538123)|VARIABLE_SCOPE_BEGIN|[35]|auConstantCmn.PROFILE_COMMUNITY_MANAGEMENT|String|false|true
20:54:37.0 (18546183)|VARIABLE_SCOPE_BEGIN|[36]|auConstantCmn.PROFILE_COMMUNITY_PRIMARY_AGENT|String|false|true
20:54:37.0 (18553935)|VARIABLE_SCOPE_BEGIN|[34]|auConstantCmn.PROFILE_COMMUNITY_SHOP|String|false|true
20:54:37.0 (18562007)|VARIABLE_SCOPE_BEGIN|[48]|auConstantCmn.PROFILE_EVOLVA_ADMIN_USER|String|false|true
20:54:37.0 (18569740)|VARIABLE_SCOPE_BEGIN|[47]|auConstantCmn.PROFILE_EVOLVA_USER|String|false|true
20:54:37.0 (18577699)|VARIABLE_SCOPE_BEGIN|[37]|auConstantCmn.PROFILE_KDDI_BRANCH|String|false|true
20:54:37.0 (18585413)|VARIABLE_SCOPE_BEGIN|[38]|auConstantCmn.PROFILE_KDDI_BRANCH_V2|String|false|true
20:54:37.0 (18593268)|VARIABLE_SCOPE_BEGIN|[41]|auConstantCmn.PROFILE_KDDI_HEADQUARTERS|String|false|true
20:54:37.0 (18601307)|VARIABLE_SCOPE_BEGIN|[42]|auConstantCmn.PROFILE_KDDI_HEADQUARTERS_V2|String|false|true
20:54:37.0 (18609042)|VARIABLE_SCOPE_BEGIN|[44]|auConstantCmn.PROFILE_KDDI_KNOWLEDGE_ACTIVITIES|String|false|true
20:54:37.0 (18617767)|VARIABLE_SCOPE_BEGIN|[43]|auConstantCmn.PROFILE_KDDI_KNOWLEDGE_ONLY|String|false|true
20:54:37.0 (18625704)|VARIABLE_SCOPE_BEGIN|[39]|auConstantCmn.PROFILE_KDDI_REGIONAL_OFFICE|String|false|true
20:54:37.0 (18634022)|VARIABLE_SCOPE_BEGIN|[40]|auConstantCmn.PROFILE_KDDI_REGIONAL_OFFICE_V2|String|false|true
20:54:37.0 (18642342)|VARIABLE_SCOPE_BEGIN|[46]|auConstantCmn.PROFILE_SA_USER_CSA|String|false|true
20:54:37.0 (18650580)|VARIABLE_SCOPE_BEGIN|[45]|auConstantCmn.PROFILE_SA_USER_SA|String|false|true
20:54:37.0 (18658651)|VARIABLE_SCOPE_BEGIN|[49]|auConstantCmn.PROFILE_SYSADMIN_CUSTOM|String|false|true
20:54:37.0 (18667026)|VARIABLE_SCOPE_BEGIN|[50]|auConstantCmn.PROFILE_SYSADMIN_DEFAULT_EN|String|false|true
20:54:37.0 (18675407)|VARIABLE_SCOPE_BEGIN|[51]|auConstantCmn.PROFILE_SYSADMIN_DEFAULT_JP|String|false|true
20:54:37.0 (18684005)|VARIABLE_SCOPE_BEGIN|[9]|auConstantCmn.ROLE_CODE_EVOLVA_HONBU|String|false|true
20:54:37.0 (18692511)|VARIABLE_SCOPE_BEGIN|[10]|auConstantCmn.ROLE_CODE_EVOLVA_SHISHA|String|false|true
20:54:37.0 (18701584)|VARIABLE_SCOPE_BEGIN|[11]|auConstantCmn.ROLE_CODE_EVOLVA_SHITEN|String|false|true
20:54:37.0 (18710254)|VARIABLE_SCOPE_BEGIN|[7]|auConstantCmn.ROLE_CODE_HONBU|String|false|true
20:54:37.0 (18719001)|VARIABLE_SCOPE_BEGIN|[8]|auConstantCmn.ROLE_CODE_SA_HONBU|String|false|true
20:54:37.0 (18728223)|VARIABLE_SCOPE_BEGIN|[127]|auConstantCmn.USER_CLASSIFICATION_CONTRACTOR|String|false|true
20:54:37.0 (18737091)|VARIABLE_SCOPE_BEGIN|[126]|auConstantCmn.USER_CLASSIFICATION_CSA|String|false|true
20:54:37.0 (18745802)|VARIABLE_SCOPE_BEGIN|[125]|auConstantCmn.USER_CLASSIFICATION_SA|String|false|true
20:54:37.0 (18755840)|HEAP_ALLOCATE|[10]|Bytes:11
20:54:37.0 (18767873)|VARIABLE_ASSIGNMENT|[10]|auConstantCmn.ACCESS_TYPE_KDDI|"KDDI_ACCESS"
20:54:37.0 (18773501)|HEAP_ALLOCATE|[10]|Bytes:9
20:54:37.0 (18779552)|VARIABLE_ASSIGNMENT|[10]|auConstantCmn.ACCESS_TYPE_SA|"SA_ACCESS"
20:54:37.0 (18783903)|HEAP_ALLOCATE|[10]|Bytes:11
20:54:37.0 (18789576)|VARIABLE_ASSIGNMENT|[10]|auConstantCmn.ACCESS_TYPE_SHOP|"SHOP_ACCESS"
20:54:37.0 (18793784)|HEAP_ALLOCATE|[10]|Bytes:5
20:54:37.0 (18799358)|VARIABLE_ASSIGNMENT|[10]|auConstantCmn.ACCOUNT_CHANNEL_DAIRITEN|"一次代理店"
20:54:37.0 (18803618)|HEAP_ALLOCATE|[10]|Bytes:6
20:54:37.0 (18809396)|VARIABLE_ASSIGNMENT|[10]|auConstantCmn.ACCOUNT_CHANNEL_SHOP|"auショップ"
20:54:37.0 (18813896)|HEAP_ALLOCATE|[10]|Bytes:4
20:54:37.0 (18820919)|VARIABLE_ASSIGNMENT|[10]|auConstantCmn.ACCOUNT_CHANNEL_UNEIHOJIN|"運営法人"
20:54:37.0 (18825042)|HEAP_ALLOCATE|[10]|Bytes:8
20:54:37.0 (18830494)|VARIABLE_ASSIGNMENT|[10]|auConstantCmn.CX_KNOWLEDGE_SHARING_NATIONAL|"National"
20:54:37.0 (18834482)|HEAP_ALLOCATE|[10]|Bytes:14
20:54:37.0 (18840339)|VARIABLE_ASSIGNMENT|[10]|auConstantCmn.CX_KNOWLEDGE_SHARING_REGIONAL_OFFICE|"RegionalOffice"
20:54:37.0 (18845235)|HEAP_ALLOCATE|[10]|Bytes:8
20:54:37.0 (18851284)|VARIABLE_ASSIGNMENT|[10]|auConstantCmn.CX_KNOWLEDGE_STATUS_APPROVED|"Approved"
20:54:37.0 (18855635)|HEAP_ALLOCATE|[10]|Bytes:16
20:54:37.0 (18862304)|VARIABLE_ASSIGNMENT|[10]|auConstantCmn.CX_KNOWLEDGE_STATUS_NATIONAL_APPROVED|"NationalApproved"
20:54:37.0 (18866638)|HEAP_ALLOCATE|[10]|Bytes:8
20:54:37.0 (18872071)|VARIABLE_ASSIGNMENT|[10]|auConstantCmn.CX_KNOWLEDGE_STATUS_REJECTED|"Rejected"
20:54:37.0 (18875606)|HEAP_ALLOCATE|[10]|Bytes:5
20:54:37.0 (18881433)|VARIABLE_ASSIGNMENT|[10]|auConstantCmn.CX_KNOWLEDGE_STATUS_SAVED|"Saved"
20:54:37.0 (18885816)|HEAP_ALLOCATE|[10]|Bytes:14
20:54:37.0 (18892625)|VARIABLE_ASSIGNMENT|[10]|auConstantCmn.CX_KNOWLEDGE_STATUS_TEMPORARY_SAVED|"TemporarySaved"
20:54:37.0 (18896668)|HEAP_ALLOCATE|[10]|Bytes:12
20:54:37.0 (18902528)|VARIABLE_ASSIGNMENT|[10]|auConstantCmn.FORGOT_PASSWORD_ERR_MESSAGE001|"IDを入力してください。"
20:54:37.0 (18907304)|HEAP_ALLOCATE|[10]|Bytes:8
20:54:37.0 (18913160)|VARIABLE_ASSIGNMENT|[10]|auConstantCmn.HONBU_DIRECT_DETAIL_TYPE_FAVORITE|"FAVORITE"
20:54:37.0 (18917200)|HEAP_ALLOCATE|[10]|Bytes:4
20:54:37.0 (18922831)|VARIABLE_ASSIGNMENT|[10]|auConstantCmn.HONBU_DIRECT_DETAIL_TYPE_READ|"READ"
20:54:37.0 (18926463)|HEAP_ALLOCATE|[10]|Bytes:5
20:54:37.0 (18932085)|VARIABLE_ASSIGNMENT|[10]|auConstantCmn.KDDI_KNOWLEDGE_STATUS_SAVED|"Saved"
20:54:37.0 (18936666)|HEAP_ALLOCATE|[10]|Bytes:14
20:54:37.0 (18943825)|VARIABLE_ASSIGNMENT|[10]|auConstantCmn.KDDI_KNOWLEDGE_STATUS_TEMPORARY_SAVED|"TemporarySaved"
20:54:37.0 (18948045)|HEAP_ALLOCATE|[10]|Bytes:15
20:54:37.0 (18954629)|VARIABLE_ASSIGNMENT|[10]|auConstantCmn.LOGIN_ERR_MESSAGE001|"パスワードを入力してください。"
20:54:37.0 (18958774)|HEAP_ALLOCATE|[10]|Bytes:27
20:54:37.0 (18966673)|VARIABLE_ASSIGNMENT|[10]|auConstantCmn.LOGIN_ERR_MESSAGE002|"8文字以上の英数字混在のパスワードを指定 (7 more) ..."
20:54:37.0 (18970567)|HEAP_ALLOCATE|[10]|Bytes:19
20:54:37.0 (18977243)|VARIABLE_ASSIGNMENT|[10]|auConstantCmn.LOGIN_ERR_MESSAGE003|"ID或いはパスワードが間違っています。"
20:54:37.0 (18981302)|HEAP_ALLOCATE|[10]|Bytes:46
20:54:37.0 (18988888)|VARIABLE_ASSIGNMENT|[10]|auConstantCmn.LOGIN_ERR_MESSAGE004|"ログイン失敗回数を超えた為、ロックされま (26 more) ..."
20:54:37.0 (18993340)|HEAP_ALLOCATE|[10]|Bytes:3
20:54:37.0 (18999359)|VARIABLE_ASSIGNMENT|[10]|auConstantCmn.PAGE_ALIAS_SHOP_CX|"/CX"
20:54:37.0 (19003749)|HEAP_ALLOCATE|[10]|Bytes:7
20:54:37.0 (19010935)|VARIABLE_ASSIGNMENT|[10]|auConstantCmn.PAGE_ALIAS_SHOP_EVENTS|"/events"
20:54:37.0 (19015240)|HEAP_ALLOCATE|[10]|Bytes:16
20:54:37.0 (19021672)|VARIABLE_ASSIGNMENT|[10]|auConstantCmn.PAGE_ALIAS_SHOP_FORGOTPW|"/forgot-password"
20:54:37.0 (19025872)|HEAP_ALLOCATE|[10]|Bytes:25
20:54:37.0 (19033121)|VARIABLE_ASSIGNMENT|[10]|auConstantCmn.PAGE_ALIAS_SHOP_FORGOTPWCOMP|"/forgot-password-com (5 more) ..."
20:54:37.0 (19037095)|HEAP_ALLOCATE|[10]|Bytes:22
20:54:37.0 (19044362)|VARIABLE_ASSIGNMENT|[10]|auConstantCmn.PAGE_ALIAS_SHOP_FORGOTPWFORCE|"/forgot-password-for (2 more) ..."
20:54:37.0 (19048310)|HEAP_ALLOCATE|[10]|Bytes:5
20:54:37.0 (19054808)|VARIABLE_ASSIGNMENT|[10]|auConstantCmn.PAGE_ALIAS_SHOP_HOME|"/home"
20:54:37.0 (19058814)|HEAP_ALLOCATE|[10]|Bytes:6
20:54:37.0 (19065398)|VARIABLE_ASSIGNMENT|[10]|auConstantCmn.PAGE_ALIAS_SHOP_LOGIN|"/login"
20:54:37.0 (19068930)|HEAP_ALLOCATE|[10]|Bytes:7
20:54:37.0 (19075178)|VARIABLE_ASSIGNMENT|[10]|auConstantCmn.PAGE_ALIAS_SHOP_LOGOUT|"/logout"
20:54:37.0 (19080322)|HEAP_ALLOCATE|[10]|Bytes:16
20:54:37.0 (19087006)|VARIABLE_ASSIGNMENT|[10]|auConstantCmn.PAGE_ALIAS_SHOP_PASSWORDSIGNUP|"/password-signup"
20:54:37.0 (19091416)|HEAP_ALLOCATE|[10]|Bytes:9
20:54:37.0 (19098302)|VARIABLE_ASSIGNMENT|[10]|auConstantCmn.PAGE_ALIAS_SHOP_SCHEDULE|"/calendar"
20:54:37.0 (19101945)|HEAP_ALLOCATE|[10]|Bytes:11
20:54:37.0 (19109065)|VARIABLE_ASSIGNMENT|[10]|auConstantCmn.PAGE_ALIAS_SHOP_SCHEDULE_LIST|"/activities"
20:54:37.0 (19113009)|HEAP_ALLOCATE|[10]|Bytes:5
20:54:37.0 (19119481)|VARIABLE_ASSIGNMENT|[10]|auConstantCmn.PAGE_ALIAS_SHOP_STPD|"/STPD"
20:54:37.0 (19123252)|HEAP_ALLOCATE|[10]|Bytes:11
20:54:37.0 (19129859)|VARIABLE_ASSIGNMENT|[10]|auConstantCmn.PAGE_ALIAS_SHOP_TIMELINE_CX|"/timelineCX"
20:54:37.0 (19133953)|HEAP_ALLOCATE|[10]|Bytes:13
20:54:37.0 (19140939)|VARIABLE_ASSIGNMENT|[10]|auConstantCmn.PAGE_ALIAS_SHOP_TIMELINE_STPD|"/timelineSTPD"
20:54:37.0 (19145040)|HEAP_ALLOCATE|[10]|Bytes:27
20:54:37.0 (19153356)|VARIABLE_ASSIGNMENT|[10]|auConstantCmn.PAGE_VF_SHOP_CX|"/apex/auCXKnowledgeL (7 more) ..."
20:54:37.0 (19157571)|HEAP_ALLOCATE|[10]|Bytes:22
20:54:37.0 (19165989)|VARIABLE_ASSIGNMENT|[10]|auConstantCmn.PAGE_VF_SHOP_EVENTS|"/apex/auEventsListPa (2 more) ..."
20:54:37.0 (19170403)|HEAP_ALLOCATE|[10]|Bytes:21
20:54:37.0 (19178705)|VARIABLE_ASSIGNMENT|[10]|auConstantCmn.PAGE_VF_SHOP_FORGOTPW|"/auForgotPasswordPag (1 more) ..."
20:54:37.0 (19182732)|HEAP_ALLOCATE|[10]|Bytes:29
20:54:37.0 (19191062)|VARIABLE_ASSIGNMENT|[10]|auConstantCmn.PAGE_VF_SHOP_FORGOTPWCOMP|"/auForgotPasswordCom (9 more) ..."
20:54:37.0 (19195129)|HEAP_ALLOCATE|[10]|Bytes:26
20:54:37.0 (19203412)|VARIABLE_ASSIGNMENT|[10]|auConstantCmn.PAGE_VF_SHOP_FORGOTPWFORCE|"/auForgotPasswordFor (6 more) ..."
20:54:37.0 (19207207)|HEAP_ALLOCATE|[10]|Bytes:24
20:54:37.0 (19215666)|VARIABLE_ASSIGNMENT|[10]|auConstantCmn.PAGE_VF_SHOP_HOME|"/apex/auSwitchScreen (4 more) ..."
20:54:37.0 (19219525)|HEAP_ALLOCATE|[10]|Bytes:12
20:54:37.0 (19226710)|VARIABLE_ASSIGNMENT|[10]|auConstantCmn.PAGE_VF_SHOP_LOGIN|"/auLoginPage"
20:54:37.0 (19231216)|HEAP_ALLOCATE|[10]|Bytes:13
20:54:37.0 (19238304)|VARIABLE_ASSIGNMENT|[10]|auConstantCmn.PAGE_VF_SHOP_LOGOUT|"/auLogoutPage"
20:54:37.0 (19242455)|HEAP_ALLOCATE|[10]|Bytes:21
20:54:37.0 (19250851)|VARIABLE_ASSIGNMENT|[10]|auConstantCmn.PAGE_VF_SHOP_PASSWORDSIGNUP|"/auPasswordSignupPag (1 more) ..."
20:54:37.0 (19255346)|HEAP_ALLOCATE|[10]|Bytes:16
20:54:37.0 (19263000)|VARIABLE_ASSIGNMENT|[10]|auConstantCmn.PAGE_VF_SHOP_SCHEDULE|"/apex/auSchedule"
20:54:37.0 (19267562)|HEAP_ALLOCATE|[10]|Bytes:20
20:54:37.0 (19275919)|VARIABLE_ASSIGNMENT|[10]|auConstantCmn.PAGE_VF_SHOP_SCHEDULE_LIST|"/apex/auScheduleList"
20:54:37.0 (19280422)|HEAP_ALLOCATE|[10]|Bytes:20
20:54:37.0 (19288544)|VARIABLE_ASSIGNMENT|[10]|auConstantCmn.PAGE_VF_SHOP_STPD|"/apex/auSTPDListPage"
20:54:37.0 (19292423)|HEAP_ALLOCATE|[10]|Bytes:31
20:54:37.0 (19301671)|VARIABLE_ASSIGNMENT|[10]|auConstantCmn.PAGE_VF_SHOP_TIMELINE_CX|"/apex/auCxKnowledgeT (11 more) ..."
20:54:37.0 (19305716)|HEAP_ALLOCATE|[10]|Bytes:24
20:54:37.0 (19314834)|VARIABLE_ASSIGNMENT|[10]|auConstantCmn.PAGE_VF_SHOP_TIMELINE_STPD|"/apex/auSTPDTimeline (4 more) ..."
20:54:37.0 (19318993)|HEAP_ALLOCATE|[10]|Bytes:55
20:54:37.0 (19329169)|VARIABLE_ASSIGNMENT|[10]|auConstantCmn.PASSWORD_SIGNUP_ERR_EXPIREDURL|"パスワードリセットの有効期限が切れていま (35 more) ..."
20:54:37.0 (19333482)|HEAP_ALLOCATE|[10]|Bytes:27
20:54:37.0 (19342242)|VARIABLE_ASSIGNMENT|[10]|auConstantCmn.PASSWORD_SIGNUP_ERR_INTERNAL|"内部エラーが発生しました。サイト管理者に (7 more) ..."
20:54:37.0 (19346707)|HEAP_ALLOCATE|[10]|Bytes:51
20:54:37.0 (19356217)|VARIABLE_ASSIGNMENT|[10]|auConstantCmn.PASSWORD_SIGNUP_ERR_INVALIDURL|"不正なパスワードリセットURLです。<b (31 more) ..."
20:54:37.0 (19361088)|HEAP_ALLOCATE|[10]|Bytes:15
20:54:37.0 (19371981)|VARIABLE_ASSIGNMENT|[10]|auConstantCmn.PASSWORD_SIGNUP_ERR_MESSAGE001|"パスワードを入力してください。"
20:54:37.0 (19376353)|HEAP_ALLOCATE|[10]|Bytes:19
20:54:37.0 (19384590)|VARIABLE_ASSIGNMENT|[10]|auConstantCmn.PASSWORD_SIGNUP_ERR_MESSAGE002|"確認用のパスワードを入力してください。"
20:54:37.0 (19389016)|HEAP_ALLOCATE|[10]|Bytes:27
20:54:37.0 (19398049)|VARIABLE_ASSIGNMENT|[10]|auConstantCmn.PASSWORD_SIGNUP_ERR_MESSAGE003|"8文字以上の英数字混在のパスワードを指定 (7 more) ..."
20:54:37.0 (19402722)|HEAP_ALLOCATE|[10]|Bytes:22
20:54:37.0 (19411688)|VARIABLE_ASSIGNMENT|[10]|auConstantCmn.PASSWORD_SIGNUP_ERR_MESSAGE004|"パスワードと確認用のパスワードが不一致で (2 more) ..."
20:54:37.0 (19415917)|HEAP_ALLOCATE|[10]|Bytes:21
20:54:37.0 (19425499)|VARIABLE_ASSIGNMENT|[10]|auConstantCmn.PASSWORD_SIGNUP_ERR_MESSAGE005|"以前利用したパスワードはご利用できません (1 more) ..."
20:54:37.0 (19430068)|HEAP_ALLOCATE|[10]|Bytes:46
20:54:37.0 (19438971)|VARIABLE_ASSIGNMENT|[10]|auConstantCmn.PASSWORD_SIGNUP_ERR_OLDURL|"以前のパスワードリセットURLは利用でき (26 more) ..."
20:54:37.0 (19443857)|HEAP_ALLOCATE|[10]|Bytes:14
20:54:37.0 (19452463)|VARIABLE_ASSIGNMENT|[10]|auConstantCmn.PROFILE_COMMUNITY_MANAGEMENT|"au ショップ - 運営法人"
20:54:37.0 (19456251)|HEAP_ALLOCATE|[10]|Bytes:15
20:54:37.0 (19464497)|VARIABLE_ASSIGNMENT|[10]|auConstantCmn.PROFILE_COMMUNITY_PRIMARY_AGENT|"au ショップ - 一次代理店"
20:54:37.0 (19468679)|HEAP_ALLOCATE|[10]|Bytes:12
20:54:37.0 (19480618)|VARIABLE_ASSIGNMENT|[10]|auConstantCmn.PROFILE_COMMUNITY_SHOP|"au ショップ - 店舗"
20:54:37.0 (19486600)|HEAP_ALLOCATE|[10]|Bytes:17
20:54:37.0 (19496473)|VARIABLE_ASSIGNMENT|[10]|auConstantCmn.PROFILE_EVOLVA_ADMIN_USER|"Evolva Admin User"
20:54:37.0 (19500159)|HEAP_ALLOCATE|[10]|Bytes:11
20:54:37.0 (19508385)|VARIABLE_ASSIGNMENT|[10]|auConstantCmn.PROFILE_EVOLVA_USER|"Evolva User"
20:54:37.0 (19512862)|HEAP_ALLOCATE|[10]|Bytes:9
20:54:37.0 (19521566)|VARIABLE_ASSIGNMENT|[10]|auConstantCmn.PROFILE_KDDI_BRANCH|"KDDI - 支店"
20:54:37.0 (19525671)|HEAP_ALLOCATE|[10]|Bytes:12
20:54:37.0 (19533955)|VARIABLE_ASSIGNMENT|[10]|auConstantCmn.PROFILE_KDDI_BRANCH_V2|"KDDI - 支店 v2"
20:54:37.0 (19538599)|HEAP_ALLOCATE|[10]|Bytes:9
20:54:37.0 (19546998)|VARIABLE_ASSIGNMENT|[10]|auConstantCmn.PROFILE_KDDI_HEADQUARTERS|"KDDI - 本部"
20:54:37.0 (19550848)|HEAP_ALLOCATE|[10]|Bytes:12
20:54:37.0 (19559535)|VARIABLE_ASSIGNMENT|[10]|auConstantCmn.PROFILE_KDDI_HEADQUARTERS_V2|"KDDI - 本部 v2"
20:54:37.0 (19564117)|HEAP_ALLOCATE|[10]|Bytes:29
20:54:37.0 (19573987)|VARIABLE_ASSIGNMENT|[10]|auConstantCmn.PROFILE_KDDI_KNOWLEDGE_ACTIVITIES|"KDDI - Knowledge & A (9 more) ..."
20:54:37.0 (19578096)|HEAP_ALLOCATE|[10]|Bytes:21
20:54:37.0 (19588479)|VARIABLE_ASSIGNMENT|[10]|auConstantCmn.PROFILE_KDDI_KNOWLEDGE_ONLY|"KDDI - Knowledge onl (1 more) ..."
20:54:37.0 (19592542)|HEAP_ALLOCATE|[10]|Bytes:9
20:54:37.0 (19601195)|VARIABLE_ASSIGNMENT|[10]|auConstantCmn.PROFILE_KDDI_REGIONAL_OFFICE|"KDDI - 支社"
20:54:37.0 (19605072)|HEAP_ALLOCATE|[10]|Bytes:12
20:54:37.0 (19613514)|VARIABLE_ASSIGNMENT|[10]|auConstantCmn.PROFILE_KDDI_REGIONAL_OFFICE_V2|"KDDI - 支社 v2"
20:54:37.0 (19618177)|HEAP_ALLOCATE|[10]|Bytes:13
20:54:37.0 (19627016)|VARIABLE_ASSIGNMENT|[10]|auConstantCmn.PROFILE_SA_USER_CSA|"SA User - CSA"
20:54:37.0 (19631219)|HEAP_ALLOCATE|[10]|Bytes:12
20:54:37.0 (19640803)|VARIABLE_ASSIGNMENT|[10]|auConstantCmn.PROFILE_SA_USER_SA|"SA User - SA"
20:54:37.0 (19645152)|HEAP_ALLOCATE|[10]|Bytes:12
20:54:37.0 (19654360)|VARIABLE_ASSIGNMENT|[10]|auConstantCmn.PROFILE_SYSADMIN_CUSTOM|"System Admin"
20:54:37.0 (19658571)|HEAP_ALLOCATE|[10]|Bytes:20
20:54:37.0 (19667750)|VARIABLE_ASSIGNMENT|[10]|auConstantCmn.PROFILE_SYSADMIN_DEFAULT_EN|"System Administrator"
20:54:37.0 (19672148)|HEAP_ALLOCATE|[10]|Bytes:7
20:54:37.0 (19680483)|VARIABLE_ASSIGNMENT|[10]|auConstantCmn.PROFILE_SYSADMIN_DEFAULT_JP|"システム管理者"
20:54:37.0 (19684604)|HEAP_ALLOCATE|[10]|Bytes:7
20:54:37.0 (19693667)|VARIABLE_ASSIGNMENT|[10]|auConstantCmn.ROLE_CODE_EVOLVA_HONBU|"E000000"
20:54:37.0 (19697726)|HEAP_ALLOCATE|[10]|Bytes:6
20:54:37.0 (19706392)|VARIABLE_ASSIGNMENT|[10]|auConstantCmn.ROLE_CODE_EVOLVA_SHISHA|"EKEV01"
20:54:37.0 (19710671)|HEAP_ALLOCATE|[10]|Bytes:8
20:54:37.0 (19719517)|VARIABLE_ASSIGNMENT|[10]|auConstantCmn.ROLE_CODE_EVOLVA_SHITEN|"EKEV0101"
20:54:37.0 (19723619)|HEAP_ALLOCATE|[10]|Bytes:7
20:54:37.0 (19732524)|VARIABLE_ASSIGNMENT|[10]|auConstantCmn.ROLE_CODE_HONBU|"C000000"
20:54:37.0 (19736822)|HEAP_ALLOCATE|[10]|Bytes:7
20:54:37.0 (19745951)|VARIABLE_ASSIGNMENT|[10]|auConstantCmn.ROLE_CODE_SA_HONBU|"S000000"
20:54:37.0 (19749948)|HEAP_ALLOCATE|[10]|Bytes:10
20:54:37.0 (19759677)|VARIABLE_ASSIGNMENT|[10]|auConstantCmn.USER_CLASSIFICATION_CONTRACTOR|"CONTRACTOR"
20:54:37.0 (19763357)|HEAP_ALLOCATE|[10]|Bytes:3
20:54:37.0 (19772328)|VARIABLE_ASSIGNMENT|[10]|auConstantCmn.USER_CLASSIFICATION_CSA|"CSA"
20:54:37.0 (19776923)|HEAP_ALLOCATE|[10]|Bytes:2
20:54:37.0 (19785689)|VARIABLE_ASSIGNMENT|[10]|auConstantCmn.USER_CLASSIFICATION_SA|"SA"
20:54:37.0 (19810340)|METHOD_ENTRY|[4]|01pN0000000Miks|auConstantCmn.auConstantCmn()
20:54:37.0 (19816000)|STATEMENT_EXECUTE|[4]
20:54:37.0 (19819100)|STATEMENT_EXECUTE|[4]
20:54:37.0 (19826362)|HEAP_ALLOCATE|[10]|Bytes:5
20:54:37.0 (19835514)|METHOD_EXIT|[4]|auConstantCmn
20:54:37.0 (19842597)|SYSTEM_MODE_EXIT|false
20:54:37.0 (19984900)|SYSTEM_MODE_ENTER|true
20:54:37.0 (20023625)|HEAP_ALLOCATE|[EXTERNAL]|Bytes:208
20:54:37.0 (20032002)|VARIABLE_SCOPE_BEGIN|[12]|this|auCXKnowledgeListCtrl|true|false
20:54:37.0 (20275057)|VARIABLE_ASSIGNMENT|[12]|this|{"categoryOptions":"0x3b62e375","currentUser":"0x7ab5071e","cxKnowledgeAttachSharing":"0","cxKnowledgeNew":"0x73139c9","cxKnowledgeUpdate":"0x1ff90d9","cxKnowledgeUpdateComments":"0x71d9fdf3","cxKnowledgeUpdateFeedId":"0D5N000000O9K7VKAV","cxKnowledgeUpdateId":"a09N000000ADUm3IAH","errorMessage":"","filterFavorite":false,"filterFreeText":"","filterStatus":"","initSearchFlg":"true","isApprover":false,"isCreator":false,"isHonbu":false,"isLikedAlready":true,"isNationalApprover":false,"isRestrictedUser":false,"isShisha":false,"isShiten":false,"isShopUser":false,"lsCxKnowledgeUpdateAttachment":"0x5d0cd1f6","mpUserComment":"0xfd3a0be","optShisha":"0x1a22ffc","optShiten":"0x3faa6c5e","optUneiHojin":"0x412993c","orderBy":"DisplayedDate__c DESC","pageNum":1,"pageSize":20,"recordsCount":91,"searchFilter":"","ShopsOptions":"0x16560f50","ssc":"0x61b1fa9","whereStr":" WHERE IsCommentOnly__c = False"}|0x2a3d7562
20:54:37.0 (20300713)|SYSTEM_MODE_ENTER|false
20:54:37.0 (20308463)|HEAP_ALLOCATE|[12]|Bytes:5
20:54:37.0 (20313375)|STATEMENT_EXECUTE|[12]
20:54:37.0 (20315153)|STATEMENT_EXECUTE|[12]
20:54:37.0 (20319935)|SYSTEM_MODE_EXIT|false
20:54:37.0 (20445807)|SYSTEM_MODE_ENTER|true
20:54:37.0 (20485300)|HEAP_ALLOCATE|[EXTERNAL]|Bytes:208
20:54:37.0 (20493003)|VARIABLE_SCOPE_BEGIN|[13]|this|auCXKnowledgeListCtrl|true|false
20:54:37.0 (20727456)|VARIABLE_ASSIGNMENT|[13]|this|{"categoryOptions":"0x3b62e375","currentUser":"0x7ab5071e","cxKnowledgeAttachSharing":"0","cxKnowledgeNew":"0x73139c9","cxKnowledgeUpdate":"0x1ff90d9","cxKnowledgeUpdateComments":"0x71d9fdf3","cxKnowledgeUpdateFeedId":"0D5N000000O9K7VKAV","cxKnowledgeUpdateId":"a09N000000ADUm3IAH","errorMessage":"","filterFavorite":false,"filterFreeText":"","filterStatus":"","initSearchFlg":"true","isApprover":false,"isCreator":false,"isHonbu":false,"isLikedAlready":true,"isNationalApprover":false,"isRestrictedUser":false,"isShisha":false,"isShiten":false,"isShopUser":false,"lsCxKnowledgeUpdateAttachment":"0x5d0cd1f6","mpUserComment":"0xfd3a0be","optShisha":"0x1a22ffc","optShiten":"0x3faa6c5e","optUneiHojin":"0x412993c","orderBy":"DisplayedDate__c DESC","pageNum":1,"pageSize":20,"recordsCount":91,"searchFilter":"","ShopsOptions":"0x16560f50","ssc":"0x61b1fa9","whereStr":" WHERE IsCommentOnly__c = False"}|0x2a3d7562
20:54:37.0 (20751665)|SYSTEM_MODE_ENTER|false
20:54:37.0 (20758729)|HEAP_ALLOCATE|[13]|Bytes:5
20:54:37.0 (20763678)|STATEMENT_EXECUTE|[13]
20:54:37.0 (20765525)|STATEMENT_EXECUTE|[13]
20:54:37.0 (20770003)|SYSTEM_MODE_EXIT|false
20:54:37.0 (45444801)|SYSTEM_MODE_ENTER|true
20:54:37.0 (45484388)|HEAP_ALLOCATE|[EXTERNAL]|Bytes:284
20:54:37.0 (45497643)|HEAP_ALLOCATE|[EXTERNAL]|Bytes:160
20:54:37.0 (45507900)|METHOD_ENTRY|[1]|01pN0000000Mill|auMainTopCompCtrl.auMainTopCompCtrl()
20:54:37.0 (45513037)|STATEMENT_EXECUTE|[1]
20:54:37.0 (45516614)|STATEMENT_EXECUTE|[1]
20:54:37.0 (45518681)|STATEMENT_EXECUTE|[3]
20:54:37.0 (45523473)|HEAP_ALLOCATE|[3]|Bytes:4
20:54:37.0 (45535373)|VARIABLE_ASSIGNMENT|[3]|auMainTopCompCtrl.TYPE_SCREEN_SWITCH|0
20:54:37.0 (45540669)|STATEMENT_EXECUTE|[4]
20:54:37.0 (45543740)|HEAP_ALLOCATE|[4]|Bytes:4
20:54:37.0 (45551434)|VARIABLE_ASSIGNMENT|[4]|auMainTopCompCtrl.TYPE_SCREEN_STPD_EVENT|11
20:54:37.0 (45556580)|STATEMENT_EXECUTE|[5]
20:54:37.0 (45558568)|HEAP_ALLOCATE|[5]|Bytes:4
20:54:37.0 (45565451)|VARIABLE_ASSIGNMENT|[5]|auMainTopCompCtrl.TYPE_SCREEN_STPD_TIMELINE|12
20:54:37.0 (45568976)|STATEMENT_EXECUTE|[6]
20:54:37.0 (45571175)|HEAP_ALLOCATE|[6]|Bytes:4
20:54:37.0 (45577023)|VARIABLE_ASSIGNMENT|[6]|auMainTopCompCtrl.TYPE_SCREEN_STPD_SCREEN|13
20:54:37.0 (45581356)|STATEMENT_EXECUTE|[7]
20:54:37.0 (45583631)|HEAP_ALLOCATE|[7]|Bytes:4
20:54:37.0 (45588843)|VARIABLE_ASSIGNMENT|[7]|auMainTopCompCtrl.TYPE_SCREEN_CX_SCREEN|21
20:54:37.0 (45592818)|STATEMENT_EXECUTE|[8]
20:54:37.0 (45595100)|HEAP_ALLOCATE|[8]|Bytes:4
20:54:37.0 (45600056)|VARIABLE_ASSIGNMENT|[8]|auMainTopCompCtrl.TYPE_SCREEN_CX_TIMELINE|22
20:54:37.0 (45603678)|STATEMENT_EXECUTE|[9]
20:54:37.0 (45605774)|HEAP_ALLOCATE|[9]|Bytes:4
20:54:37.0 (45611446)|VARIABLE_ASSIGNMENT|[9]|auMainTopCompCtrl.TYPE_SCREEN_EVENT_SCHEDULE|31
20:54:37.0 (45615512)|STATEMENT_EXECUTE|[10]
20:54:37.0 (45617796)|HEAP_ALLOCATE|[10]|Bytes:4
20:54:37.0 (45623219)|VARIABLE_ASSIGNMENT|[10]|auMainTopCompCtrl.TYPE_SCREEN_EVENT_SCHEDULE_LIST|32
20:54:37.0 (45627340)|STATEMENT_EXECUTE|[11]
20:54:37.0 (45629851)|HEAP_ALLOCATE|[11]|Bytes:4
20:54:37.0 (45635185)|VARIABLE_ASSIGNMENT|[11]|auMainTopCompCtrl.TYPE_SCREEN_KNOWLEDGE_DASHBOARD|41
20:54:37.0 (45638636)|STATEMENT_EXECUTE|[12]
20:54:37.0 (45640512)|HEAP_ALLOCATE|[12]|Bytes:4
20:54:37.0 (45646503)|VARIABLE_ASSIGNMENT|[12]|auMainTopCompCtrl.TYPE_SCREEN_KNOWLEDGE_LIST|42
20:54:37.0 (45650798)|STATEMENT_EXECUTE|[13]
20:54:37.0 (45653167)|HEAP_ALLOCATE|[13]|Bytes:4
20:54:37.0 (45659086)|VARIABLE_ASSIGNMENT|[13]|auMainTopCompCtrl.TYPE_SCREEN_SA_MESSAGES|51
20:54:37.0 (45662819)|STATEMENT_EXECUTE|[14]
20:54:37.0 (45664741)|HEAP_ALLOCATE|[14]|Bytes:4
20:54:37.0 (45671045)|VARIABLE_ASSIGNMENT|[14]|auMainTopCompCtrl.TYPE_SCREEN_SA_REPORTS|52
20:54:37.0 (45674593)|STATEMENT_EXECUTE|[15]
20:54:37.0 (45676698)|HEAP_ALLOCATE|[15]|Bytes:4
20:54:37.0 (45681900)|VARIABLE_ASSIGNMENT|[15]|auMainTopCompCtrl.TYPE_SCREEN_SA_CHATTER|53
20:54:37.0 (45685605)|STATEMENT_EXECUTE|[16]
20:54:37.0 (45687755)|HEAP_ALLOCATE|[16]|Bytes:4
20:54:37.0 (45694104)|VARIABLE_ASSIGNMENT|[16]|auMainTopCompCtrl.TYPE_SCREEN_SA_DAILYREPORT|54
20:54:37.0 (45698400)|STATEMENT_EXECUTE|[17]
20:54:37.0 (45700406)|HEAP_ALLOCATE|[17]|Bytes:4
20:54:37.0 (45706116)|VARIABLE_ASSIGNMENT|[17]|auMainTopCompCtrl.TYPE_SCREEN_SA_ENQUETE|55
20:54:37.0 (45709718)|STATEMENT_EXECUTE|[18]
20:54:37.0 (45711812)|HEAP_ALLOCATE|[18]|Bytes:4
20:54:37.0 (45717259)|VARIABLE_ASSIGNMENT|[18]|auMainTopCompCtrl.TYPE_SCREEN_SA_DOCUMENTS|56
20:54:37.0 (45721112)|STATEMENT_EXECUTE|[19]
20:54:37.0 (45723116)|HEAP_ALLOCATE|[19]|Bytes:4
20:54:37.0 (45728981)|VARIABLE_ASSIGNMENT|[19]|auMainTopCompCtrl.TYPE_SCREEN_SA_RANKING|57
20:54:37.0 (45732662)|STATEMENT_EXECUTE|[20]
20:54:37.0 (45734644)|HEAP_ALLOCATE|[20]|Bytes:4
20:54:37.0 (45740530)|VARIABLE_ASSIGNMENT|[20]|auMainTopCompCtrl.TYPE_SCREEN_SA_LINKS|58
20:54:37.0 (45744414)|STATEMENT_EXECUTE|[21]
20:54:37.0 (45746464)|HEAP_ALLOCATE|[21]|Bytes:4
20:54:37.0 (45752423)|VARIABLE_ASSIGNMENT|[21]|auMainTopCompCtrl.TYPE_SCREEN_SA_USRSETTINGS|59
20:54:37.0 (45756398)|STATEMENT_EXECUTE|[22]
20:54:37.0 (45758479)|HEAP_ALLOCATE|[22]|Bytes:4
20:54:37.0 (45764351)|VARIABLE_ASSIGNMENT|[22]|auMainTopCompCtrl.TYPE_SCREEN_SA_DAILYREPORTLIST|60
20:54:37.0 (45767936)|STATEMENT_EXECUTE|[23]
20:54:37.0 (45769923)|HEAP_ALLOCATE|[23]|Bytes:4
20:54:37.0 (45775576)|VARIABLE_ASSIGNMENT|[23]|auMainTopCompCtrl.TYPE_SCREEN_SA_TODO|61
20:54:37.0 (45778933)|STATEMENT_EXECUTE|[24]
20:54:37.0 (45781024)|HEAP_ALLOCATE|[24]|Bytes:4
20:54:37.0 (45786484)|VARIABLE_ASSIGNMENT|[24]|auMainTopCompCtrl.TYPE_SCREEN_HONBU_DIRECT|71
20:54:37.0 (45790304)|STATEMENT_EXECUTE|[25]
20:54:37.0 (45792569)|HEAP_ALLOCATE|[25]|Bytes:4
20:54:37.0 (45797948)|VARIABLE_ASSIGNMENT|[25]|auMainTopCompCtrl.TYPE_SCREEN_ACCOUNT_LIST|81
20:54:37.0 (45801417)|STATEMENT_EXECUTE|[26]
20:54:37.0 (45803655)|HEAP_ALLOCATE|[26]|Bytes:4
20:54:37.0 (45808385)|VARIABLE_ASSIGNMENT|[26]|auMainTopCompCtrl.TYPE_SCREEN_ACTIVITY_LIST|82
20:54:37.0 (45812262)|STATEMENT_EXECUTE|[27]
20:54:37.0 (45814237)|HEAP_ALLOCATE|[27]|Bytes:4
20:54:37.0 (45819751)|VARIABLE_ASSIGNMENT|[27]|auMainTopCompCtrl.TYPE_SCREEN_FILE_LIST|83
20:54:37.0 (45826402)|METHOD_EXIT|[1]|auMainTopCompCtrl
20:54:37.0 (45832309)|HEAP_ALLOCATE|[EXTERNAL]|Bytes:44
20:54:37.0 (45842201)|VARIABLE_ASSIGNMENT|[EXTERNAL]|this.iCountComments|null|0x61a94a25
20:54:37.0 (45898378)|SYSTEM_MODE_ENTER|true
20:54:37.0 (45913003)|HEAP_ALLOCATE|[EXTERNAL]|Bytes:44
20:54:37.0 (45921477)|VARIABLE_ASSIGNMENT|[EXTERNAL]|this.iCountLikes|null|0x61a94a25
20:54:37.0 (45982435)|SYSTEM_MODE_ENTER|true
20:54:37.0 (46019260)|HEAP_ALLOCATE|[EXTERNAL]|Bytes:208
20:54:37.0 (46027301)|VARIABLE_SCOPE_BEGIN|[120]|this|auCXKnowledgeListCtrl|true|false
20:54:37.0 (46293512)|VARIABLE_ASSIGNMENT|[120]|this|{"categoryOptions":"0x3b62e375","currentUser":"0x7ab5071e","cxKnowledgeAttachSharing":"0","cxKnowledgeNew":"0x73139c9","cxKnowledgeUpdate":"0x1ff90d9","cxKnowledgeUpdateComments":"0x71d9fdf3","cxKnowledgeUpdateFeedId":"0D5N000000O9K7VKAV","cxKnowledgeUpdateId":"a09N000000ADUm3IAH","errorMessage":"","filterFavorite":false,"filterFreeText":"","filterStatus":"","initSearchFlg":"true","isApprover":false,"isCreator":false,"isHonbu":false,"isLikedAlready":true,"isNationalApprover":false,"isRestrictedUser":false,"isShisha":false,"isShiten":false,"isShopUser":false,"lsCxKnowledgeUpdateAttachment":"0x5d0cd1f6","mpUserComment":"0xfd3a0be","optShisha":"0x1a22ffc","optShiten":"0x3faa6c5e","optUneiHojin":"0x412993c","orderBy":"DisplayedDate__c DESC","pageNum":1,"pageSize":20,"recordsCount":91,"searchFilter":"","ShopsOptions":"0x16560f50","ssc":"0x61b1fa9","whereStr":" WHERE IsCommentOnly__c = False"}|0x2a3d7562
20:54:37.0 (46317751)|SYSTEM_MODE_ENTER|false
20:54:37.0 (46325840)|HEAP_ALLOCATE|[120]|Bytes:5
20:54:37.0 (46331210)|STATEMENT_EXECUTE|[120]
20:54:37.0 (46333524)|STATEMENT_EXECUTE|[120]
20:54:37.0 (46338347)|SYSTEM_MODE_EXIT|false
20:54:37.0 (46395642)|SYSTEM_MODE_ENTER|true
20:54:37.0 (46414914)|HEAP_ALLOCATE|[EXTERNAL]|Bytes:8
20:54:37.0 (46419913)|HEAP_ALLOCATE|[EXTERNAL]|Bytes:44
20:54:37.0 (46429064)|VARIABLE_ASSIGNMENT|[EXTERNAL]|this.iTypeOfScreen|21|0x61a94a25
20:54:37.0 (46570917)|SYSTEM_MODE_ENTER|true
20:54:37.0 (46605917)|HEAP_ALLOCATE|[EXTERNAL]|Bytes:44
20:54:37.0 (46613357)|VARIABLE_SCOPE_BEGIN|[204]|this|auMainTopCompCtrl|true|false
20:54:37.0 (46652703)|VARIABLE_ASSIGNMENT|[204]|this|{"currentUser":"0x6693d0c3","isSAUser":false,"iTypeOfScreen":21,"urlReportsSFA":"https://cs6.lightnin (84 more) ..."}|0x61a94a25
20:54:37.0 (46663873)|STATEMENT_EXECUTE|[204]
20:54:37.0 (46714934)|VARIABLE_ASSIGNMENT|[EXTERNAL]|this|{"currentUser":"0x6693d0c3","isSAUser":false,"iTypeOfScreen":21,"urlReportsSFA":"https://cs6.lightnin (84 more) ..."}|0x61a94a25
20:54:37.0 (46764116)|VARIABLE_ASSIGNMENT|[EXTERNAL]|this|{"currentUser":"0x6693d0c3","isSAUser":false,"iTypeOfScreen":21,"urlReportsSFA":"https://cs6.lightnin (84 more) ..."}|0x61a94a25
20:54:37.0 (46797759)|VARIABLE_ASSIGNMENT|[EXTERNAL]|this|{"currentUser":"0x6693d0c3","isSAUser":false,"iTypeOfScreen":21,"urlReportsSFA":"https://cs6.lightnin (84 more) ..."}|0x61a94a25
20:54:37.0 (46836602)|VARIABLE_ASSIGNMENT|[EXTERNAL]|this|{"currentUser":"0x6693d0c3","isSAUser":false,"iTypeOfScreen":21,"urlReportsSFA":"https://cs6.lightnin (84 more) ..."}|0x61a94a25
20:54:37.0 (46849167)|STATEMENT_EXECUTE|[210]
20:54:37.0 (46851137)|STATEMENT_EXECUTE|[211]
20:54:37.0 (46855092)|HEAP_ALLOCATE|[211]|Bytes:96
20:54:37.0 (46879165)|HEAP_ALLOCATE|[211]|Bytes:4
20:54:37.0 (46892194)|HEAP_ALLOCATE|[211]|Bytes:7
20:54:37.0 (46933380)|HEAP_ALLOCATE|[211]|Bytes:89
20:54:37.0 (46943517)|SYSTEM_METHOD_ENTRY|[1]|UserInfo.UserInfo()
20:54:37.0 (46947553)|STATEMENT_EXECUTE|[1]
20:54:37.0 (46953887)|SYSTEM_METHOD_EXIT|[1]|UserInfo
20:54:37.0 (46964745)|METHOD_ENTRY|[211]||System.UserInfo.getUserId()
20:54:37.0 (47002023)|METHOD_EXIT|[211]||System.UserInfo.getUserId()
20:54:37.0 (47567294)|SOQL_EXECUTE_BEGIN|[211]|Aggregations:0|SELECT SUM(LikeCount) SumLikeCount FROM auCXKnowledge__feed WHERE Parent.CreatedBy__c = :tmpVar1
20:54:37.0 (51668364)|SOQL_EXECUTE_END|[211]|Rows:1
20:54:37.0 (51692780)|HEAP_ALLOCATE|[211]|Bytes:8
20:54:37.0 (51710388)|HEAP_ALLOCATE|[211]|Bytes:21
20:54:37.0 (51776716)|HEAP_ALLOCATE|[211]|Bytes:8
20:54:37.0 (51851406)|HEAP_ALLOCATE|[211]|Bytes:8
20:54:37.0 (51864385)|HEAP_ALLOCATE|[211]|Bytes:12
20:54:37.0 (51921354)|VARIABLE_SCOPE_BEGIN|[211]|cnt|Decimal|false|false
20:54:37.0 (51935147)|VARIABLE_ASSIGNMENT|[211]|cnt|null
20:54:37.0 (51940190)|STATEMENT_EXECUTE|[212]
20:54:37.0 (51944752)|HEAP_ALLOCATE|[212]|Bytes:4
20:54:37.0 (52350229)|SYSTEM_MODE_ENTER|true
20:54:37.0 (52402016)|HEAP_ALLOCATE|[EXTERNAL]|Bytes:44
20:54:37.0 (52409874)|VARIABLE_SCOPE_BEGIN|[218]|this|auMainTopCompCtrl|true|false
20:54:37.0 (52451500)|VARIABLE_ASSIGNMENT|[218]|this|{"currentUser":"0x6693d0c3","isSAUser":false,"iTypeOfScreen":21,"urlReportsSFA":"https://cs6.lightnin (84 more) ..."}|0x61a94a25
20:54:37.0 (52463495)|STATEMENT_EXECUTE|[218]
20:54:37.0 (52509434)|VARIABLE_ASSIGNMENT|[EXTERNAL]|this|{"currentUser":"0x6693d0c3","isSAUser":false,"iTypeOfScreen":21,"urlReportsSFA":"https://cs6.lightnin (84 more) ..."}|0x61a94a25
20:54:37.0 (52553953)|VARIABLE_ASSIGNMENT|[EXTERNAL]|this|{"currentUser":"0x6693d0c3","isSAUser":false,"iTypeOfScreen":21,"urlReportsSFA":"https://cs6.lightnin (84 more) ..."}|0x61a94a25
20:54:37.0 (52587638)|VARIABLE_ASSIGNMENT|[EXTERNAL]|this|{"currentUser":"0x6693d0c3","isSAUser":false,"iTypeOfScreen":21,"urlReportsSFA":"https://cs6.lightnin (84 more) ..."}|0x61a94a25
20:54:37.0 (52624732)|VARIABLE_ASSIGNMENT|[EXTERNAL]|this|{"currentUser":"0x6693d0c3","isSAUser":false,"iTypeOfScreen":21,"urlReportsSFA":"https://cs6.lightnin (84 more) ..."}|0x61a94a25
20:54:37.0 (52636301)|STATEMENT_EXECUTE|[224]
20:54:37.0 (52638180)|STATEMENT_EXECUTE|[225]
20:54:37.0 (52641893)|HEAP_ALLOCATE|[225]|Bytes:102
20:54:37.0 (52655650)|HEAP_ALLOCATE|[225]|Bytes:4
20:54:37.0 (52665748)|METHOD_ENTRY|[225]||System.UserInfo.getUserId()
20:54:37.0 (52684928)|METHOD_EXIT|[225]||System.UserInfo.getUserId()
20:54:37.0 (52948386)|SOQL_EXECUTE_BEGIN|[225]|Aggregations:0|SELECT SUM(CommentCount) SumCommentCount FROM auCXKnowledge__feed WHERE Parent.CreatedBy__c = :tmpVar1
20:54:37.0 (55816149)|SOQL_EXECUTE_END|[225]|Rows:1
20:54:37.0 (55835440)|HEAP_ALLOCATE|[225]|Bytes:8
20:54:37.0 (55849829)|HEAP_ALLOCATE|[225]|Bytes:24
20:54:37.0 (55873015)|HEAP_ALLOCATE|[225]|Bytes:8
20:54:37.0 (55894154)|HEAP_ALLOCATE|[225]|Bytes:8
20:54:37.0 (55904776)|HEAP_ALLOCATE|[225]|Bytes:15
20:54:37.0 (55938945)|VARIABLE_SCOPE_BEGIN|[225]|cnt|Decimal|false|false
20:54:37.0 (55951341)|VARIABLE_ASSIGNMENT|[225]|cnt|null
20:54:37.0 (55956549)|STATEMENT_EXECUTE|[226]
20:54:37.0 (55960750)|HEAP_ALLOCATE|[226]|Bytes:4
20:54:37.0 (58396994)|SYSTEM_MODE_ENTER|true
20:54:37.0 (60091313)|SYSTEM_MODE_ENTER|true
20:54:37.0 (60133879)|HEAP_ALLOCATE|[EXTERNAL]|Bytes:44
20:54:37.0 (60142672)|VARIABLE_SCOPE_BEGIN|[67]|this|auMainTopCompCtrl|true|false
20:54:37.0 (60184983)|VARIABLE_ASSIGNMENT|[67]|this|{"currentUser":"0x6693d0c3","isSAUser":false,"iTypeOfScreen":21,"urlReportsSFA":"https://cs6.lightnin (84 more) ..."}|0x61a94a25
20:54:37.0 (60196441)|STATEMENT_EXECUTE|[67]
20:54:37.0 (60198406)|STATEMENT_EXECUTE|[68]
20:54:37.0 (60239501)|VARIABLE_ASSIGNMENT|[EXTERNAL]|this|{"currentUser":"0x6693d0c3","isSAUser":false,"iTypeOfScreen":21,"urlReportsSFA":"https://cs6.lightnin (84 more) ..."}|0x61a94a25
20:54:37.0 (60284769)|VARIABLE_ASSIGNMENT|[EXTERNAL]|this|{"currentUser":"0x6693d0c3","isSAUser":false,"iTypeOfScreen":21,"urlReportsSFA":"https://cs6.lightnin (84 more) ..."}|0x61a94a25
20:54:37.0 (60322053)|VARIABLE_ASSIGNMENT|[EXTERNAL]|this|{"currentUser":"0x6693d0c3","isSAUser":false,"iTypeOfScreen":21,"urlReportsSFA":"https://cs6.lightnin (84 more) ..."}|0x61a94a25
20:54:37.0 (60336337)|HEAP_ALLOCATE|[68]|Bytes:5
20:54:37.0 (60404930)|SYSTEM_MODE_ENTER|true
20:54:37.0 (60435234)|HEAP_ALLOCATE|[EXTERNAL]|Bytes:44
20:54:37.0 (60442242)|VARIABLE_SCOPE_BEGIN|[73]|this|auMainTopCompCtrl|true|false
20:54:37.0 (60481017)|VARIABLE_ASSIGNMENT|[73]|this|{"currentUser":"0x6693d0c3","isSAUser":false,"iTypeOfScreen":21,"urlReportsSFA":"https://cs6.lightnin (84 more) ..."}|0x61a94a25
20:54:37.0 (60490615)|STATEMENT_EXECUTE|[73]
20:54:37.0 (60492803)|STATEMENT_EXECUTE|[74]
20:54:37.0 (60527844)|VARIABLE_ASSIGNMENT|[EXTERNAL]|this|{"currentUser":"0x6693d0c3","isSAUser":false,"iTypeOfScreen":21,"urlReportsSFA":"https://cs6.lightnin (84 more) ..."}|0x61a94a25
20:54:37.0 (60543177)|HEAP_ALLOCATE|[74]|Bytes:5
20:54:37.0 (60615665)|SYSTEM_MODE_ENTER|true
20:54:37.0 (60643925)|HEAP_ALLOCATE|[EXTERNAL]|Bytes:44
20:54:37.0 (60650346)|VARIABLE_SCOPE_BEGIN|[83]|this|auMainTopCompCtrl|true|false
20:54:37.0 (60682290)|VARIABLE_ASSIGNMENT|[83]|this|{"currentUser":"0x6693d0c3","isSAUser":false,"iTypeOfScreen":21,"urlReportsSFA":"https://cs6.lightnin (84 more) ..."}|0x61a94a25
20:54:37.0 (60691508)|STATEMENT_EXECUTE|[83]
20:54:37.0 (60693411)|STATEMENT_EXECUTE|[84]
20:54:37.0 (60725873)|VARIABLE_ASSIGNMENT|[EXTERNAL]|this|{"currentUser":"0x6693d0c3","isSAUser":false,"iTypeOfScreen":21,"urlReportsSFA":"https://cs6.lightnin (84 more) ..."}|0x61a94a25
20:54:37.0 (60764735)|VARIABLE_ASSIGNMENT|[EXTERNAL]|this|{"currentUser":"0x6693d0c3","isSAUser":false,"iTypeOfScreen":21,"urlReportsSFA":"https://cs6.lightnin (84 more) ..."}|0x61a94a25
20:54:37.0 (60778547)|HEAP_ALLOCATE|[84]|Bytes:5
20:54:37.0 (60836686)|SYSTEM_MODE_ENTER|true
20:54:37.0 (60862759)|HEAP_ALLOCATE|[EXTERNAL]|Bytes:44
20:54:37.0 (60869712)|VARIABLE_SCOPE_BEGIN|[100]|this|auMainTopCompCtrl|true|false
20:54:37.0 (60900741)|VARIABLE_ASSIGNMENT|[100]|this|{"currentUser":"0x6693d0c3","isSAUser":false,"iTypeOfScreen":21,"urlReportsSFA":"https://cs6.lightnin (84 more) ..."}|0x61a94a25
20:54:37.0 (60909028)|STATEMENT_EXECUTE|[100]
20:54:37.0 (60910924)|STATEMENT_EXECUTE|[101]
20:54:37.0 (60942450)|VARIABLE_ASSIGNMENT|[EXTERNAL]|this|{"currentUser":"0x6693d0c3","isSAUser":false,"iTypeOfScreen":21,"urlReportsSFA":"https://cs6.lightnin (84 more) ..."}|0x61a94a25
20:54:37.0 (60979713)|VARIABLE_ASSIGNMENT|[EXTERNAL]|this|{"currentUser":"0x6693d0c3","isSAUser":false,"iTypeOfScreen":21,"urlReportsSFA":"https://cs6.lightnin (84 more) ..."}|0x61a94a25
20:54:37.0 (61014353)|VARIABLE_ASSIGNMENT|[EXTERNAL]|this|{"currentUser":"0x6693d0c3","isSAUser":false,"iTypeOfScreen":21,"urlReportsSFA":"https://cs6.lightnin (84 more) ..."}|0x61a94a25
20:54:37.0 (61028368)|HEAP_ALLOCATE|[101]|Bytes:5
20:54:37.0 (88602420)|SYSTEM_MODE_ENTER|true
20:54:37.0 (88739464)|HEAP_ALLOCATE|[EXTERNAL]|Bytes:208
20:54:37.0 (88755575)|VARIABLE_SCOPE_BEGIN|[91]|this|auCXKnowledgeListCtrl|true|false
20:54:37.0 (89170823)|VARIABLE_ASSIGNMENT|[91]|this|{"categoryOptions":"0x3b62e375","currentUser":"0x7ab5071e","cxKnowledgeAttachSharing":"0","cxKnowledgeNew":"0x73139c9","cxKnowledgeUpdate":"0x1ff90d9","cxKnowledgeUpdateComments":"0x71d9fdf3","cxKnowledgeUpdateFeedId":"0D5N000000O9K7VKAV","cxKnowledgeUpdateId":"a09N000000ADUm3IAH","errorMessage":"","filterFavorite":false,"filterFreeText":"","filterStatus":"","initSearchFlg":"true","isApprover":false,"isCreator":false,"isHonbu":false,"isLikedAlready":true,"isNationalApprover":false,"isRestrictedUser":false,"isShisha":false,"isShiten":false,"isShopUser":false,"lsCxKnowledgeUpdateAttachment":"0x5d0cd1f6","mpUserComment":"0xfd3a0be","optShisha":"0x1a22ffc","optShiten":"0x3faa6c5e","optUneiHojin":"0x412993c","orderBy":"DisplayedDate__c DESC","pageNum":1,"pageSize":20,"recordsCount":91,"searchFilter":"","ShopsOptions":"0x16560f50","ssc":"0x61b1fa9","whereStr":" WHERE IsCommentOnly__c = False"}|0x2a3d7562
20:54:37.0 (89207456)|SYSTEM_MODE_ENTER|false
20:54:37.0 (89220952)|HEAP_ALLOCATE|[92]|Bytes:5
20:54:37.0 (89227397)|STATEMENT_EXECUTE|[91]
20:54:37.0 (89230059)|STATEMENT_EXECUTE|[92]
20:54:37.0 (89498490)|VARIABLE_ASSIGNMENT|[EXTERNAL]|this|{"categoryOptions":"0x3b62e375","currentUser":"0x7ab5071e","cxKnowledgeAttachSharing":"0","cxKnowledgeNew":"0x73139c9","cxKnowledgeUpdate":"0x1ff90d9","cxKnowledgeUpdateComments":"0x71d9fdf3","cxKnowledgeUpdateFeedId":"0D5N000000O9K7VKAV","cxKnowledgeUpdateId":"a09N000000ADUm3IAH","errorMessage":"","filterFavorite":false,"filterFreeText":"","filterStatus":"","initSearchFlg":"true","isApprover":false,"isCreator":false,"isHonbu":false,"isLikedAlready":true,"isNationalApprover":false,"isRestrictedUser":false,"isShisha":false,"isShiten":false,"isShopUser":false,"lsCxKnowledgeUpdateAttachment":"0x5d0cd1f6","mpUserComment":"0xfd3a0be","optShisha":"0x1a22ffc","optShiten":"0x3faa6c5e","optUneiHojin":"0x412993c","orderBy":"DisplayedDate__c DESC","pageNum":1,"pageSize":20,"recordsCount":91,"searchFilter":"","ShopsOptions":"0x16560f50","ssc":"0x61b1fa9","whereStr":" WHERE IsCommentOnly__c = False"}|0x2a3d7562
20:54:37.0 (89746091)|VARIABLE_ASSIGNMENT|[EXTERNAL]|this|{"categoryOptions":"0x3b62e375","currentUser":"0x7ab5071e","cxKnowledgeAttachSharing":"0","cxKnowledgeNew":"0x73139c9","cxKnowledgeUpdate":"0x1ff90d9","cxKnowledgeUpdateComments":"0x71d9fdf3","cxKnowledgeUpdateFeedId":"0D5N000000O9K7VKAV","cxKnowledgeUpdateId":"a09N000000ADUm3IAH","errorMessage":"","filterFavorite":false,"filterFreeText":"","filterStatus":"","initSearchFlg":"true","isApprover":false,"isCreator":false,"isHonbu":false,"isLikedAlready":true,"isNationalApprover":false,"isRestrictedUser":false,"isShisha":false,"isShiten":false,"isShopUser":false,"lsCxKnowledgeUpdateAttachment":"0x5d0cd1f6","mpUserComment":"0xfd3a0be","optShisha":"0x1a22ffc","optShiten":"0x3faa6c5e","optUneiHojin":"0x412993c","orderBy":"DisplayedDate__c DESC","pageNum":1,"pageSize":20,"recordsCount":91,"searchFilter":"","ShopsOptions":"0x16560f50","ssc":"0x61b1fa9","whereStr":" WHERE IsCommentOnly__c = False"}|0x2a3d7562
20:54:37.0 (89980663)|VARIABLE_ASSIGNMENT|[EXTERNAL]|this|{"categoryOptions":"0x3b62e375","currentUser":"0x7ab5071e","cxKnowledgeAttachSharing":"0","cxKnowledgeNew":"0x73139c9","cxKnowledgeUpdate":"0x1ff90d9","cxKnowledgeUpdateComments":"0x71d9fdf3","cxKnowledgeUpdateFeedId":"0D5N000000O9K7VKAV","cxKnowledgeUpdateId":"a09N000000ADUm3IAH","errorMessage":"","filterFavorite":false,"filterFreeText":"","filterStatus":"","initSearchFlg":"true","isApprover":false,"isCreator":false,"isHonbu":false,"isLikedAlready":true,"isNationalApprover":false,"isRestrictedUser":false,"isShisha":false,"isShiten":false,"isShopUser":false,"lsCxKnowledgeUpdateAttachment":"0x5d0cd1f6","mpUserComment":"0xfd3a0be","optShisha":"0x1a22ffc","optShiten":"0x3faa6c5e","optUneiHojin":"0x412993c","orderBy":"DisplayedDate__c DESC","pageNum":1,"pageSize":20,"recordsCount":91,"searchFilter":"","ShopsOptions":"0x16560f50","ssc":"0x61b1fa9","whereStr":" WHERE IsCommentOnly__c = False"}|0x2a3d7562
20:54:37.0 (90006781)|HEAP_ALLOCATE|[92]|Bytes:5
20:54:37.0 (90016246)|SYSTEM_MODE_EXIT|false
20:54:37.0 (90024648)|HEAP_ALLOCATE|[92]|Bytes:5
20:54:37.0 (90110870)|SYSTEM_MODE_ENTER|true
20:54:37.0 (90144628)|HEAP_ALLOCATE|[EXTERNAL]|Bytes:208
20:54:37.0 (90151870)|VARIABLE_SCOPE_BEGIN|[95]|this|auCXKnowledgeListCtrl|true|false
20:54:37.0 (90380222)|VARIABLE_ASSIGNMENT|[95]|this|{"categoryOptions":"0x3b62e375","currentUser":"0x7ab5071e","cxKnowledgeAttachSharing":"0","cxKnowledgeNew":"0x73139c9","cxKnowledgeUpdate":"0x1ff90d9","cxKnowledgeUpdateComments":"0x71d9fdf3","cxKnowledgeUpdateFeedId":"0D5N000000O9K7VKAV","cxKnowledgeUpdateId":"a09N000000ADUm3IAH","errorMessage":"","filterFavorite":false,"filterFreeText":"","filterStatus":"","initSearchFlg":"true","isApprover":false,"isCreator":false,"isHonbu":false,"isLikedAlready":true,"isNationalApprover":false,"isRestrictedUser":false,"isShisha":false,"isShiten":false,"isShopUser":false,"lsCxKnowledgeUpdateAttachment":"0x5d0cd1f6","mpUserComment":"0xfd3a0be","optShisha":"0x1a22ffc","optShiten":"0x3faa6c5e","optUneiHojin":"0x412993c","orderBy":"DisplayedDate__c DESC","pageNum":1,"pageSize":20,"recordsCount":91,"searchFilter":"","ShopsOptions":"0x16560f50","ssc":"0x61b1fa9","whereStr":" WHERE IsCommentOnly__c = False"}|0x2a3d7562
20:54:37.0 (90404285)|SYSTEM_MODE_ENTER|false
20:54:37.0 (90410981)|HEAP_ALLOCATE|[96]|Bytes:5
20:54:37.0 (90415802)|STATEMENT_EXECUTE|[95]
20:54:37.0 (90417495)|STATEMENT_EXECUTE|[96]
20:54:37.0 (90649841)|VARIABLE_ASSIGNMENT|[EXTERNAL]|this|{"categoryOptions":"0x3b62e375","currentUser":"0x7ab5071e","cxKnowledgeAttachSharing":"0","cxKnowledgeNew":"0x73139c9","cxKnowledgeUpdate":"0x1ff90d9","cxKnowledgeUpdateComments":"0x71d9fdf3","cxKnowledgeUpdateFeedId":"0D5N000000O9K7VKAV","cxKnowledgeUpdateId":"a09N000000ADUm3IAH","errorMessage":"","filterFavorite":false,"filterFreeText":"","filterStatus":"","initSearchFlg":"true","isApprover":false,"isCreator":false,"isHonbu":false,"isLikedAlready":true,"isNationalApprover":false,"isRestrictedUser":false,"isShisha":false,"isShiten":false,"isShopUser":false,"lsCxKnowledgeUpdateAttachment":"0x5d0cd1f6","mpUserComment":"0xfd3a0be","optShisha":"0x1a22ffc","optShiten":"0x3faa6c5e","optUneiHojin":"0x412993c","orderBy":"DisplayedDate__c DESC","pageNum":1,"pageSize":20,"recordsCount":91,"searchFilter":"","ShopsOptions":"0x16560f50","ssc":"0x61b1fa9","whereStr":" WHERE IsCommentOnly__c = False"}|0x2a3d7562
20:54:37.0 (90882475)|VARIABLE_ASSIGNMENT|[EXTERNAL]|this|{"categoryOptions":"0x3b62e375","currentUser":"0x7ab5071e","cxKnowledgeAttachSharing":"0","cxKnowledgeNew":"0x73139c9","cxKnowledgeUpdate":"0x1ff90d9","cxKnowledgeUpdateComments":"0x71d9fdf3","cxKnowledgeUpdateFeedId":"0D5N000000O9K7VKAV","cxKnowledgeUpdateId":"a09N000000ADUm3IAH","errorMessage":"","filterFavorite":false,"filterFreeText":"","filterStatus":"","initSearchFlg":"true","isApprover":false,"isCreator":false,"isHonbu":false,"isLikedAlready":true,"isNationalApprover":false,"isRestrictedUser":false,"isShisha":false,"isShiten":false,"isShopUser":false,"lsCxKnowledgeUpdateAttachment":"0x5d0cd1f6","mpUserComment":"0xfd3a0be","optShisha":"0x1a22ffc","optShiten":"0x3faa6c5e","optUneiHojin":"0x412993c","orderBy":"DisplayedDate__c DESC","pageNum":1,"pageSize":20,"recordsCount":91,"searchFilter":"","ShopsOptions":"0x16560f50","ssc":"0x61b1fa9","whereStr":" WHERE IsCommentOnly__c = False"}|0x2a3d7562
20:54:37.0 (91108625)|VARIABLE_ASSIGNMENT|[EXTERNAL]|this|{"categoryOptions":"0x3b62e375","currentUser":"0x7ab5071e","cxKnowledgeAttachSharing":"0","cxKnowledgeNew":"0x73139c9","cxKnowledgeUpdate":"0x1ff90d9","cxKnowledgeUpdateComments":"0x71d9fdf3","cxKnowledgeUpdateFeedId":"0D5N000000O9K7VKAV","cxKnowledgeUpdateId":"a09N000000ADUm3IAH","errorMessage":"","filterFavorite":false,"filterFreeText":"","filterStatus":"","initSearchFlg":"true","isApprover":false,"isCreator":false,"isHonbu":false,"isLikedAlready":true,"isNationalApprover":false,"isRestrictedUser":false,"isShisha":false,"isShiten":false,"isShopUser":false,"lsCxKnowledgeUpdateAttachment":"0x5d0cd1f6","mpUserComment":"0xfd3a0be","optShisha":"0x1a22ffc","optShiten":"0x3faa6c5e","optUneiHojin":"0x412993c","orderBy":"DisplayedDate__c DESC","pageNum":1,"pageSize":20,"recordsCount":91,"searchFilter":"","ShopsOptions":"0x16560f50","ssc":"0x61b1fa9","whereStr":" WHERE IsCommentOnly__c = False"}|0x2a3d7562
20:54:37.0 (91133212)|HEAP_ALLOCATE|[96]|Bytes:5
20:54:37.0 (91139629)|SYSTEM_MODE_EXIT|false
20:54:37.0 (91145202)|HEAP_ALLOCATE|[96]|Bytes:5
20:54:37.0 (91209548)|SYSTEM_MODE_ENTER|true
20:54:37.0 (91241283)|HEAP_ALLOCATE|[EXTERNAL]|Bytes:208
20:54:37.0 (91248674)|VARIABLE_SCOPE_BEGIN|[99]|this|auCXKnowledgeListCtrl|true|false
20:54:37.0 (91480811)|VARIABLE_ASSIGNMENT|[99]|this|{"categoryOptions":"0x3b62e375","currentUser":"0x7ab5071e","cxKnowledgeAttachSharing":"0","cxKnowledgeNew":"0x73139c9","cxKnowledgeUpdate":"0x1ff90d9","cxKnowledgeUpdateComments":"0x71d9fdf3","cxKnowledgeUpdateFeedId":"0D5N000000O9K7VKAV","cxKnowledgeUpdateId":"a09N000000ADUm3IAH","errorMessage":"","filterFavorite":false,"filterFreeText":"","filterStatus":"","initSearchFlg":"true","isApprover":false,"isCreator":false,"isHonbu":false,"isLikedAlready":true,"isNationalApprover":false,"isRestrictedUser":false,"isShisha":false,"isShiten":false,"isShopUser":false,"lsCxKnowledgeUpdateAttachment":"0x5d0cd1f6","mpUserComment":"0xfd3a0be","optShisha":"0x1a22ffc","optShiten":"0x3faa6c5e","optUneiHojin":"0x412993c","orderBy":"DisplayedDate__c DESC","pageNum":1,"pageSize":20,"recordsCount":91,"searchFilter":"","ShopsOptions":"0x16560f50","ssc":"0x61b1fa9","whereStr":" WHERE IsCommentOnly__c = False"}|0x2a3d7562
20:54:37.0 (91504160)|SYSTEM_MODE_ENTER|false
20:54:37.0 (91511053)|HEAP_ALLOCATE|[100]|Bytes:5
20:54:37.0 (91515854)|STATEMENT_EXECUTE|[99]
20:54:37.0 (91517804)|STATEMENT_EXECUTE|[100]
20:54:37.0 (92471824)|HEAP_ALLOCATE|[100]|Bytes:5
20:54:37.0 (92486492)|SYSTEM_MODE_EXIT|false
20:54:37.0 (92493938)|HEAP_ALLOCATE|[100]|Bytes:5
20:54:37.0 (92691100)|SYSTEM_MODE_ENTER|true
20:54:37.0 (93156821)|SYSTEM_MODE_ENTER|true
20:54:37.0 (93612700)|SYSTEM_MODE_ENTER|true
20:54:37.0 (93654537)|SYSTEM_MODE_ENTER|true
20:54:37.0 (93759884)|SYSTEM_MODE_ENTER|true
20:54:37.0 (93795449)|HEAP_ALLOCATE|[EXTERNAL]|Bytes:208
20:54:37.0 (93803793)|VARIABLE_SCOPE_BEGIN|[34]|this|auCXKnowledgeListCtrl|true|false
20:54:37.0 (94052923)|VARIABLE_ASSIGNMENT|[34]|this|{"categoryOptions":"0x3b62e375","currentUser":"0x7ab5071e","cxKnowledgeAttachSharing":"0","cxKnowledgeNew":"0x73139c9","cxKnowledgeUpdate":"0x1ff90d9","cxKnowledgeUpdateComments":"0x71d9fdf3","cxKnowledgeUpdateFeedId":"0D5N000000O9K7VKAV","cxKnowledgeUpdateId":"a09N000000ADUm3IAH","errorMessage":"","filterFavorite":false,"filterFreeText":"","filterStatus":"","initSearchFlg":"true","isApprover":false,"isCreator":false,"isHonbu":false,"isLikedAlready":true,"isNationalApprover":false,"isRestrictedUser":false,"isShisha":false,"isShiten":false,"isShopUser":false,"lsCxKnowledgeUpdateAttachment":"0x5d0cd1f6","mpUserComment":"0xfd3a0be","optShisha":"0x1a22ffc","optShiten":"0x3faa6c5e","optUneiHojin":"0x412993c","orderBy":"DisplayedDate__c DESC","pageNum":1,"pageSize":20,"recordsCount":91,"searchFilter":"","ShopsOptions":"0x16560f50","ssc":"0x61b1fa9","whereStr":" WHERE IsCommentOnly__c = False"}|0x2a3d7562
20:54:37.0 (94079087)|SYSTEM_MODE_ENTER|false
20:54:37.0 (94087028)|HEAP_ALLOCATE|[35]|Bytes:5
20:54:37.0 (94092555)|STATEMENT_EXECUTE|[34]
20:54:37.0 (94094416)|STATEMENT_EXECUTE|[35]
20:54:37.0 (94098654)|SYSTEM_MODE_EXIT|false
20:54:37.0 (94164686)|SYSTEM_MODE_ENTER|true
20:54:37.0 (94290801)|SYSTEM_MODE_ENTER|true
20:54:37.0 (94526623)|SYSTEM_MODE_ENTER|true
20:54:37.0 (94558750)|HEAP_ALLOCATE|[EXTERNAL]|Bytes:208
20:54:37.0 (94566212)|VARIABLE_SCOPE_BEGIN|[38]|this|auCXKnowledgeListCtrl|true|false
20:54:37.0 (94801024)|VARIABLE_ASSIGNMENT|[38]|this|{"categoryOptions":"0x3b62e375","currentUser":"0x7ab5071e","cxKnowledgeAttachSharing":"0","cxKnowledgeNew":"0x73139c9","cxKnowledgeUpdate":"0x1ff90d9","cxKnowledgeUpdateComments":"0x71d9fdf3","cxKnowledgeUpdateFeedId":"0D5N000000O9K7VKAV","cxKnowledgeUpdateId":"a09N000000ADUm3IAH","errorMessage":"","filterFavorite":false,"filterFreeText":"","filterStatus":"","initSearchFlg":"true","isApprover":false,"isCreator":false,"isHonbu":false,"isLikedAlready":true,"isNationalApprover":false,"isRestrictedUser":false,"isShisha":false,"isShiten":false,"isShopUser":false,"lsCxKnowledgeUpdateAttachment":"0x5d0cd1f6","mpUserComment":"0xfd3a0be","optShisha":"0x1a22ffc","optShiten":"0x3faa6c5e","optUneiHojin":"0x412993c","orderBy":"DisplayedDate__c DESC","pageNum":1,"pageSize":20,"recordsCount":91,"searchFilter":"","ShopsOptions":"0x16560f50","ssc":"0x61b1fa9","whereStr":" WHERE IsCommentOnly__c = False"}|0x2a3d7562
20:54:37.0 (94825523)|SYSTEM_MODE_ENTER|false
20:54:37.0 (94832663)|HEAP_ALLOCATE|[38]|Bytes:5
20:54:37.0 (94838442)|STATEMENT_EXECUTE|[38]
20:54:37.0 (94840263)|STATEMENT_EXECUTE|[38]
20:54:37.0 (95074262)|VARIABLE_ASSIGNMENT|[EXTERNAL]|this|{"categoryOptions":"0x3b62e375","currentUser":"0x7ab5071e","cxKnowledgeAttachSharing":"0","cxKnowledgeNew":"0x73139c9","cxKnowledgeUpdate":"0x1ff90d9","cxKnowledgeUpdateComments":"0x71d9fdf3","cxKnowledgeUpdateFeedId":"0D5N000000O9K7VKAV","cxKnowledgeUpdateId":"a09N000000ADUm3IAH","errorMessage":"","filterFavorite":false,"filterFreeText":"","filterStatus":"","initSearchFlg":"true","isApprover":false,"isCreator":false,"isHonbu":false,"isLikedAlready":true,"isNationalApprover":false,"isRestrictedUser":false,"isShisha":false,"isShiten":false,"isShopUser":false,"lsCxKnowledgeUpdateAttachment":"0x5d0cd1f6","mpUserComment":"0xfd3a0be","optShisha":"0x1a22ffc","optShiten":"0x3faa6c5e","optUneiHojin":"0x412993c","orderBy":"DisplayedDate__c DESC","pageNum":1,"pageSize":20,"recordsCount":91,"searchFilter":"","ShopsOptions":"0x16560f50","ssc":"0x61b1fa9","whereStr":" WHERE IsCommentOnly__c = False"}|0x2a3d7562
20:54:37.0 (95314078)|VARIABLE_ASSIGNMENT|[EXTERNAL]|this|{"categoryOptions":"0x3b62e375","currentUser":"0x7ab5071e","cxKnowledgeAttachSharing":"0","cxKnowledgeNew":"0x73139c9","cxKnowledgeUpdate":"0x1ff90d9","cxKnowledgeUpdateComments":"0x71d9fdf3","cxKnowledgeUpdateFeedId":"0D5N000000O9K7VKAV","cxKnowledgeUpdateId":"a09N000000ADUm3IAH","errorMessage":"","filterFavorite":false,"filterFreeText":"","filterStatus":"","initSearchFlg":"true","isApprover":false,"isCreator":false,"isHonbu":false,"isLikedAlready":true,"isNationalApprover":false,"isRestrictedUser":false,"isShisha":false,"isShiten":false,"isShopUser":false,"lsCxKnowledgeUpdateAttachment":"0x5d0cd1f6","mpUserComment":"0xfd3a0be","optShisha":"0x1a22ffc","optShiten":"0x3faa6c5e","optUneiHojin":"0x412993c","orderBy":"DisplayedDate__c DESC","pageNum":1,"pageSize":20,"recordsCount":91,"searchFilter":"","ShopsOptions":"0x16560f50","ssc":"0x61b1fa9","whereStr":" WHERE IsCommentOnly__c = False"}|0x2a3d7562
20:54:37.0 (95342836)|HEAP_ALLOCATE|[38]|Bytes:5
20:54:37.0 (95349484)|SYSTEM_MODE_EXIT|false
20:54:37.0 (95354906)|HEAP_ALLOCATE|[38]|Bytes:5
20:54:37.0 (95528307)|SYSTEM_MODE_ENTER|true
20:54:37.0 (95563634)|HEAP_ALLOCATE|[EXTERNAL]|Bytes:208
20:54:37.0 (95571195)|VARIABLE_SCOPE_BEGIN|[730]|this|auCXKnowledgeListCtrl|true|false
20:54:37.0 (95810864)|VARIABLE_ASSIGNMENT|[730]|this|{"categoryOptions":"0x3b62e375","currentUser":"0x7ab5071e","cxKnowledgeAttachSharing":"0","cxKnowledgeNew":"0x73139c9","cxKnowledgeUpdate":"0x1ff90d9","cxKnowledgeUpdateComments":"0x71d9fdf3","cxKnowledgeUpdateFeedId":"0D5N000000O9K7VKAV","cxKnowledgeUpdateId":"a09N000000ADUm3IAH","errorMessage":"","filterFavorite":false,"filterFreeText":"","filterStatus":"","initSearchFlg":"true","isApprover":false,"isCreator":false,"isHonbu":false,"isLikedAlready":true,"isNationalApprover":false,"isRestrictedUser":false,"isShisha":false,"isShiten":false,"isShopUser":false,"lsCxKnowledgeUpdateAttachment":"0x5d0cd1f6","mpUserComment":"0xfd3a0be","optShisha":"0x1a22ffc","optShiten":"0x3faa6c5e","optUneiHojin":"0x412993c","orderBy":"DisplayedDate__c DESC","pageNum":1,"pageSize":20,"recordsCount":91,"searchFilter":"","ShopsOptions":"0x16560f50","ssc":"0x61b1fa9","whereStr":" WHERE IsCommentOnly__c = False"}|0x2a3d7562
20:54:37.0 (95834250)|SYSTEM_MODE_ENTER|false
20:54:37.0 (95841686)|HEAP_ALLOCATE|[731]|Bytes:5
20:54:37.0 (95847147)|STATEMENT_EXECUTE|[730]
20:54:37.0 (95849084)|STATEMENT_EXECUTE|[731]
20:54:37.0 (96083866)|VARIABLE_ASSIGNMENT|[EXTERNAL]|this|{"categoryOptions":"0x3b62e375","currentUser":"0x7ab5071e","cxKnowledgeAttachSharing":"0","cxKnowledgeNew":"0x73139c9","cxKnowledgeUpdate":"0x1ff90d9","cxKnowledgeUpdateComments":"0x71d9fdf3","cxKnowledgeUpdateFeedId":"0D5N000000O9K7VKAV","cxKnowledgeUpdateId":"a09N000000ADUm3IAH","errorMessage":"","filterFavorite":false,"filterFreeText":"","filterStatus":"","initSearchFlg":"true","isApprover":false,"isCreator":false,"isHonbu":false,"isLikedAlready":true,"isNationalApprover":false,"isRestrictedUser":false,"isShisha":false,"isShiten":false,"isShopUser":false,"lsCxKnowledgeUpdateAttachment":"0x5d0cd1f6","mpUserComment":"0xfd3a0be","optShisha":"0x1a22ffc","optShiten":"0x3faa6c5e","optUneiHojin":"0x412993c","orderBy":"DisplayedDate__c DESC","pageNum":1,"pageSize":20,"recordsCount":91,"searchFilter":"","ShopsOptions":"0x16560f50","ssc":"0x61b1fa9","whereStr":" WHERE IsCommentOnly__c = False"}|0x2a3d7562
20:54:37.0 (96110363)|SYSTEM_MODE_EXIT|false
20:54:37.0 (96537271)|SYSTEM_MODE_ENTER|true
20:54:37.0 (96574154)|HEAP_ALLOCATE|[EXTERNAL]|Bytes:208
20:54:37.0 (96582352)|VARIABLE_SCOPE_BEGIN|[13]|this|auCXKnowledgeListCtrl|true|false
20:54:37.0 (96855214)|VARIABLE_ASSIGNMENT|[13]|this|{"categoryOptions":"0x3b62e375","currentUser":"0x7ab5071e","cxKnowledgeAttachSharing":"0","cxKnowledgeNew":"0x73139c9","cxKnowledgeUpdate":"0x1ff90d9","cxKnowledgeUpdateComments":"0x71d9fdf3","cxKnowledgeUpdateFeedId":"0D5N000000O9K7VKAV","cxKnowledgeUpdateId":"a09N000000ADUm3IAH","errorMessage":"","filterFavorite":false,"filterFreeText":"","filterStatus":"","initSearchFlg":"true","isApprover":false,"isCreator":false,"isHonbu":false,"isLikedAlready":true,"isNationalApprover":false,"isRestrictedUser":false,"isShisha":false,"isShiten":false,"isShopUser":false,"lsCxKnowledgeUpdateAttachment":"0x5d0cd1f6","mpUserComment":"0xfd3a0be","optShisha":"0x1a22ffc","optShiten":"0x3faa6c5e","optUneiHojin":"0x412993c","orderBy":"DisplayedDate__c DESC","pageNum":1,"pageSize":20,"recordsCount":91,"searchFilter":"","ShopsOptions":"0x16560f50","ssc":"0x61b1fa9","whereStr":" WHERE IsCommentOnly__c = False"}|0x2a3d7562
20:54:37.0 (96880499)|SYSTEM_MODE_ENTER|false
20:54:37.0 (96888759)|HEAP_ALLOCATE|[13]|Bytes:5
20:54:37.0 (96894134)|STATEMENT_EXECUTE|[13]
20:54:37.0 (96896138)|STATEMENT_EXECUTE|[13]
20:54:37.0 (96900890)|SYSTEM_MODE_EXIT|false
20:54:37.0 (108281119)|SYSTEM_MODE_ENTER|true
20:54:37.0 (108342908)|SYSTEM_MODE_ENTER|true
20:54:37.0 (108392204)|SYSTEM_MODE_ENTER|true
20:54:37.0 (108422783)|SYSTEM_MODE_ENTER|true
20:54:37.0 (108502391)|SYSTEM_MODE_ENTER|true
20:54:37.0 (108537639)|HEAP_ALLOCATE|[EXTERNAL]|Bytes:208
20:54:37.0 (108546146)|VARIABLE_SCOPE_BEGIN|[10]|this|auCXKnowledgeListCtrl|true|false
20:54:37.0 (108793274)|VARIABLE_ASSIGNMENT|[10]|this|{"categoryOptions":"0x3b62e375","currentUser":"0x7ab5071e","cxKnowledgeAttachSharing":"0","cxKnowledgeNew":"0x73139c9","cxKnowledgeUpdate":"0x1ff90d9","cxKnowledgeUpdateComments":"0x71d9fdf3","cxKnowledgeUpdateFeedId":"0D5N000000O9K7VKAV","cxKnowledgeUpdateId":"a09N000000ADUm3IAH","errorMessage":"","filterFavorite":false,"filterFreeText":"","filterStatus":"","initSearchFlg":"true","isApprover":false,"isCreator":false,"isHonbu":false,"isLikedAlready":true,"isNationalApprover":false,"isRestrictedUser":false,"isShisha":false,"isShiten":false,"isShopUser":false,"lsCxKnowledgeUpdateAttachment":"0x5d0cd1f6","mpUserComment":"0xfd3a0be","optShisha":"0x1a22ffc","optShiten":"0x3faa6c5e","optUneiHojin":"0x412993c","orderBy":"DisplayedDate__c DESC","pageNum":1,"pageSize":20,"recordsCount":91,"searchFilter":"","ShopsOptions":"0x16560f50","ssc":"0x61b1fa9","whereStr":" WHERE IsCommentOnly__c = False"}|0x2a3d7562
20:54:37.0 (108819121)|SYSTEM_MODE_ENTER|false
20:54:37.0 (108827583)|HEAP_ALLOCATE|[10]|Bytes:5
20:54:37.0 (108832491)|STATEMENT_EXECUTE|[10]
20:54:37.0 (108834741)|STATEMENT_EXECUTE|[10]
20:54:37.0 (108839634)|SYSTEM_MODE_EXIT|false
20:54:37.0 (108948592)|SYSTEM_MODE_ENTER|true
20:54:37.0 (108984017)|HEAP_ALLOCATE|[EXTERNAL]|Bytes:208
20:54:37.0 (108991247)|VARIABLE_SCOPE_BEGIN|[12]|this|auCXKnowledgeListCtrl|true|false
20:54:37.0 (109226604)|VARIABLE_ASSIGNMENT|[12]|this|{"categoryOptions":"0x3b62e375","currentUser":"0x7ab5071e","cxKnowledgeAttachSharing":"0","cxKnowledgeNew":"0x73139c9","cxKnowledgeUpdate":"0x1ff90d9","cxKnowledgeUpdateComments":"0x71d9fdf3","cxKnowledgeUpdateFeedId":"0D5N000000O9K7VKAV","cxKnowledgeUpdateId":"a09N000000ADUm3IAH","errorMessage":"","filterFavorite":false,"filterFreeText":"","filterStatus":"","initSearchFlg":"true","isApprover":false,"isCreator":false,"isHonbu":false,"isLikedAlready":true,"isNationalApprover":false,"isRestrictedUser":false,"isShisha":false,"isShiten":false,"isShopUser":false,"lsCxKnowledgeUpdateAttachment":"0x5d0cd1f6","mpUserComment":"0xfd3a0be","optShisha":"0x1a22ffc","optShiten":"0x3faa6c5e","optUneiHojin":"0x412993c","orderBy":"DisplayedDate__c DESC","pageNum":1,"pageSize":20,"recordsCount":91,"searchFilter":"","ShopsOptions":"0x16560f50","ssc":"0x61b1fa9","whereStr":" WHERE IsCommentOnly__c = False"}|0x2a3d7562
20:54:37.0 (109251019)|SYSTEM_MODE_ENTER|false
20:54:37.0 (109257925)|HEAP_ALLOCATE|[12]|Bytes:5
20:54:37.0 (109263082)|STATEMENT_EXECUTE|[12]
20:54:37.0 (109264799)|STATEMENT_EXECUTE|[12]
20:54:37.0 (109269115)|SYSTEM_MODE_EXIT|false
20:54:37.0 (109375394)|SYSTEM_MODE_ENTER|true
20:54:37.0 (109408450)|HEAP_ALLOCATE|[EXTERNAL]|Bytes:208
20:54:37.0 (109415426)|VARIABLE_SCOPE_BEGIN|[13]|this|auCXKnowledgeListCtrl|true|false
20:54:37.0 (109655870)|VARIABLE_ASSIGNMENT|[13]|this|{"categoryOptions":"0x3b62e375","currentUser":"0x7ab5071e","cxKnowledgeAttachSharing":"0","cxKnowledgeNew":"0x73139c9","cxKnowledgeUpdate":"0x1ff90d9","cxKnowledgeUpdateComments":"0x71d9fdf3","cxKnowledgeUpdateFeedId":"0D5N000000O9K7VKAV","cxKnowledgeUpdateId":"a09N000000ADUm3IAH","errorMessage":"","filterFavorite":false,"filterFreeText":"","filterStatus":"","initSearchFlg":"true","isApprover":false,"isCreator":false,"isHonbu":false,"isLikedAlready":true,"isNationalApprover":false,"isRestrictedUser":false,"isShisha":false,"isShiten":false,"isShopUser":false,"lsCxKnowledgeUpdateAttachment":"0x5d0cd1f6","mpUserComment":"0xfd3a0be","optShisha":"0x1a22ffc","optShiten":"0x3faa6c5e","optUneiHojin":"0x412993c","orderBy":"DisplayedDate__c DESC","pageNum":1,"pageSize":20,"recordsCount":91,"searchFilter":"","ShopsOptions":"0x16560f50","ssc":"0x61b1fa9","whereStr":" WHERE IsCommentOnly__c = False"}|0x2a3d7562
20:54:37.0 (109679488)|SYSTEM_MODE_ENTER|false
20:54:37.0 (109686615)|HEAP_ALLOCATE|[13]|Bytes:5
20:54:37.0 (109691408)|STATEMENT_EXECUTE|[13]
20:54:37.0 (109693104)|STATEMENT_EXECUTE|[13]
20:54:37.0 (109696876)|SYSTEM_MODE_EXIT|false
20:54:37.0 (110218364)|SYSTEM_MODE_ENTER|true
20:54:37.0 (110255377)|HEAP_ALLOCATE|[EXTERNAL]|Bytes:208
20:54:37.0 (110263686)|VARIABLE_SCOPE_BEGIN|[11]|this|auCXKnowledgeListCtrl|true|false
20:54:37.0 (110509527)|VARIABLE_ASSIGNMENT|[11]|this|{"categoryOptions":"0x3b62e375","currentUser":"0x7ab5071e","cxKnowledgeAttachSharing":"0","cxKnowledgeNew":"0x73139c9","cxKnowledgeUpdate":"0x1ff90d9","cxKnowledgeUpdateComments":"0x71d9fdf3","cxKnowledgeUpdateFeedId":"0D5N000000O9K7VKAV","cxKnowledgeUpdateId":"a09N000000ADUm3IAH","errorMessage":"","filterFavorite":false,"filterFreeText":"","filterStatus":"","initSearchFlg":"true","isApprover":false,"isCreator":false,"isHonbu":false,"isLikedAlready":true,"isNationalApprover":false,"isRestrictedUser":false,"isShisha":false,"isShiten":false,"isShopUser":false,"lsCxKnowledgeUpdateAttachment":"0x5d0cd1f6","mpUserComment":"0xfd3a0be","optShisha":"0x1a22ffc","optShiten":"0x3faa6c5e","optUneiHojin":"0x412993c","orderBy":"DisplayedDate__c DESC","pageNum":1,"pageSize":20,"recordsCount":91,"searchFilter":"","ShopsOptions":"0x16560f50","ssc":"0x61b1fa9","whereStr":" WHERE IsCommentOnly__c = False"}|0x2a3d7562
20:54:37.0 (110534516)|SYSTEM_MODE_ENTER|false
20:54:37.0 (110542241)|HEAP_ALLOCATE|[11]|Bytes:5
20:54:37.0 (110547372)|STATEMENT_EXECUTE|[11]
20:54:37.0 (110549503)|STATEMENT_EXECUTE|[11]
20:54:37.0 (110554834)|SYSTEM_MODE_EXIT|false
20:54:37.0 (110670455)|SYSTEM_MODE_ENTER|true
20:54:37.0 (110703693)|HEAP_ALLOCATE|[EXTERNAL]|Bytes:208
20:54:37.0 (110710872)|VARIABLE_SCOPE_BEGIN|[14]|this|auCXKnowledgeListCtrl|true|false
20:54:37.0 (110945368)|VARIABLE_ASSIGNMENT|[14]|this|{"categoryOptions":"0x3b62e375","currentUser":"0x7ab5071e","cxKnowledgeAttachSharing":"0","cxKnowledgeNew":"0x73139c9","cxKnowledgeUpdate":"0x1ff90d9","cxKnowledgeUpdateComments":"0x71d9fdf3","cxKnowledgeUpdateFeedId":"0D5N000000O9K7VKAV","cxKnowledgeUpdateId":"a09N000000ADUm3IAH","errorMessage":"","filterFavorite":false,"filterFreeText":"","filterStatus":"","initSearchFlg":"true","isApprover":false,"isCreator":false,"isHonbu":false,"isLikedAlready":true,"isNationalApprover":false,"isRestrictedUser":false,"isShisha":false,"isShiten":false,"isShopUser":false,"lsCxKnowledgeUpdateAttachment":"0x5d0cd1f6","mpUserComment":"0xfd3a0be","optShisha":"0x1a22ffc","optShiten":"0x3faa6c5e","optUneiHojin":"0x412993c","orderBy":"DisplayedDate__c DESC","pageNum":1,"pageSize":20,"recordsCount":91,"searchFilter":"","ShopsOptions":"0x16560f50","ssc":"0x61b1fa9","whereStr":" WHERE IsCommentOnly__c = False"}|0x2a3d7562
20:54:37.0 (110969970)|SYSTEM_MODE_ENTER|false
20:54:37.0 (110976939)|HEAP_ALLOCATE|[14]|Bytes:5
20:54:37.0 (110981775)|STATEMENT_EXECUTE|[14]
20:54:37.0 (110983504)|STATEMENT_EXECUTE|[14]
20:54:37.0 (110988426)|SYSTEM_MODE_EXIT|false
20:54:37.0 (111643786)|SYSTEM_MODE_ENTER|true
20:54:37.0 (114372270)|SYSTEM_MODE_ENTER|true
20:54:37.0 (115088810)|SYSTEM_MODE_ENTER|true
20:54:37.0 (117382056)|SYSTEM_MODE_ENTER|true
20:54:37.0 (145370221)|VF_SERIALIZE_VIEWSTATE_BEGIN|066N0000000F3A9
20:54:37.0 (154681807)|VF_SERIALIZE_VIEWSTATE_END
20:54:37.175 (175672458)|CUMULATIVE_LIMIT_USAGE
20:54:37.175 (175672458)|LIMIT_USAGE_FOR_NS|(default)|
  Number of SOQL queries: 2 out of 100
  Number of query rows: 2 out of 50000
  Number of SOSL queries: 0 out of 20
  Number of DML statements: 0 out of 150
  Number of DML rows: 0 out of 10000
  Maximum CPU time: 0 out of 10000
  Maximum heap size: 0 out of 6000000
  Number of callouts: 0 out of 100
  Number of Email Invocations: 0 out of 10
  Number of future calls: 0 out of 50
  Number of queueable jobs added to the queue: 0 out of 50
  Number of Mobile Apex push calls: 0 out of 10

20:54:37.175 (175672458)|CUMULATIVE_LIMIT_USAGE_END

20:54:37.0 (175713475)|CODE_UNIT_FINISHED|VF: /apex/auCXKnowledgeListPage
20:54:37.0 (176468616)|EXECUTION_FINISHED
