42.0 APEX_CODE,FINEST;APEX_PROFILING,INFO;CALLOUT,INFO;DB,INFO;NBA,INFO;SYSTEM,DEBUG;VALIDATION,INFO;VISUALFORCE,INFO;WAVE,INFO;WORKFLOW,INFO
12:16:59.0 (74709)|USER_INFO|[EXTERNAL]|005N00000057PfO|thomas.remy+kddi_gwdev01@globalway.co.jp|Japan Standard Time|GMT+09:00
12:16:59.0 (110424)|EXECUTION_STARTED
12:16:59.0 (114848)|CODE_UNIT_STARTED|[EXTERNAL]|066N0000000M4pW|VF: /apex/sadailyreport
12:16:59.0 (253350)|VF_DESERIALIZE_VIEWSTATE_BEGIN|066N0000000M4pW
12:16:59.0 (3781450)|HEAP_ALLOCATE|[72]|Bytes:3
12:16:59.0 (3824068)|HEAP_ALLOCATE|[77]|Bytes:152
12:16:59.0 (3839677)|HEAP_ALLOCATE|[342]|Bytes:408
12:16:59.0 (3854357)|HEAP_ALLOCATE|[355]|Bytes:408
12:16:59.0 (3867525)|HEAP_ALLOCATE|[467]|Bytes:48
12:16:59.0 (3892306)|HEAP_ALLOCATE|[139]|Bytes:6
12:16:59.0 (4809299)|HEAP_ALLOCATE|[50]|Bytes:5
12:16:59.0 (4837748)|HEAP_ALLOCATE|[56]|Bytes:5
12:16:59.0 (4847819)|HEAP_ALLOCATE|[64]|Bytes:7
12:16:59.0 (6061789)|VARIABLE_SCOPE_BEGIN|[3]|saDailyReportCtrl.SOURCE|String|false|true
12:16:59.0 (6073863)|VARIABLE_SCOPE_BEGIN|[4]|saDailyReportCtrl.SOURCE_ID|String|false|true
12:16:59.0 (7126751)|VARIABLE_SCOPE_BEGIN|[25]|auMainTopCompCtrl.TYPE_SCREEN_ACCOUNT_LIST|Integer|false|true
12:16:59.0 (7138926)|VARIABLE_SCOPE_BEGIN|[26]|auMainTopCompCtrl.TYPE_SCREEN_ACTIVITY_LIST|Integer|false|true
12:16:59.0 (7145397)|VARIABLE_SCOPE_BEGIN|[7]|auMainTopCompCtrl.TYPE_SCREEN_CX_SCREEN|Integer|false|true
12:16:59.0 (7151572)|VARIABLE_SCOPE_BEGIN|[8]|auMainTopCompCtrl.TYPE_SCREEN_CX_TIMELINE|Integer|false|true
12:16:59.0 (7157802)|VARIABLE_SCOPE_BEGIN|[9]|auMainTopCompCtrl.TYPE_SCREEN_EVENT_SCHEDULE|Integer|false|true
12:16:59.0 (7164164)|VARIABLE_SCOPE_BEGIN|[10]|auMainTopCompCtrl.TYPE_SCREEN_EVENT_SCHEDULE_LIST|Integer|false|true
12:16:59.0 (7170903)|VARIABLE_SCOPE_BEGIN|[27]|auMainTopCompCtrl.TYPE_SCREEN_FILE_LIST|Integer|false|true
12:16:59.0 (7182566)|VARIABLE_SCOPE_BEGIN|[24]|auMainTopCompCtrl.TYPE_SCREEN_HONBU_DIRECT|Integer|false|true
12:16:59.0 (7188581)|VARIABLE_SCOPE_BEGIN|[11]|auMainTopCompCtrl.TYPE_SCREEN_KNOWLEDGE_DASHBOARD|Integer|false|true
12:16:59.0 (7194792)|VARIABLE_SCOPE_BEGIN|[12]|auMainTopCompCtrl.TYPE_SCREEN_KNOWLEDGE_LIST|Integer|false|true
12:16:59.0 (7201420)|VARIABLE_SCOPE_BEGIN|[15]|auMainTopCompCtrl.TYPE_SCREEN_SA_CHATTER|Integer|false|true
12:16:59.0 (7207587)|VARIABLE_SCOPE_BEGIN|[16]|auMainTopCompCtrl.TYPE_SCREEN_SA_DAILYREPORT|Integer|false|true
12:16:59.0 (7213152)|VARIABLE_SCOPE_BEGIN|[22]|auMainTopCompCtrl.TYPE_SCREEN_SA_DAILYREPORTLIST|Integer|false|true
12:16:59.0 (7219049)|VARIABLE_SCOPE_BEGIN|[18]|auMainTopCompCtrl.TYPE_SCREEN_SA_DOCUMENTS|Integer|false|true
12:16:59.0 (7224628)|VARIABLE_SCOPE_BEGIN|[17]|auMainTopCompCtrl.TYPE_SCREEN_SA_ENQUETE|Integer|false|true
12:16:59.0 (7230394)|VARIABLE_SCOPE_BEGIN|[20]|auMainTopCompCtrl.TYPE_SCREEN_SA_LINKS|Integer|false|true
12:16:59.0 (7236275)|VARIABLE_SCOPE_BEGIN|[13]|auMainTopCompCtrl.TYPE_SCREEN_SA_MESSAGES|Integer|false|true
12:16:59.0 (7242009)|VARIABLE_SCOPE_BEGIN|[19]|auMainTopCompCtrl.TYPE_SCREEN_SA_RANKING|Integer|false|true
12:16:59.0 (7247629)|VARIABLE_SCOPE_BEGIN|[14]|auMainTopCompCtrl.TYPE_SCREEN_SA_REPORTS|Integer|false|true
12:16:59.0 (7253495)|VARIABLE_SCOPE_BEGIN|[23]|auMainTopCompCtrl.TYPE_SCREEN_SA_TODO|Integer|false|true
12:16:59.0 (7259337)|VARIABLE_SCOPE_BEGIN|[21]|auMainTopCompCtrl.TYPE_SCREEN_SA_USRSETTINGS|Integer|false|true
12:16:59.0 (7265747)|VARIABLE_SCOPE_BEGIN|[4]|auMainTopCompCtrl.TYPE_SCREEN_STPD_EVENT|Integer|false|true
12:16:59.0 (7272080)|VARIABLE_SCOPE_BEGIN|[6]|auMainTopCompCtrl.TYPE_SCREEN_STPD_SCREEN|Integer|false|true
12:16:59.0 (7278420)|VARIABLE_SCOPE_BEGIN|[5]|auMainTopCompCtrl.TYPE_SCREEN_STPD_TIMELINE|Integer|false|true
12:16:59.0 (7284721)|VARIABLE_SCOPE_BEGIN|[3]|auMainTopCompCtrl.TYPE_SCREEN_SWITCH|Integer|false|true
12:16:59.0 (8514317)|VF_DESERIALIZE_VIEWSTATE_END
12:16:59.0 (10987053)|SYSTEM_MODE_ENTER|true
12:16:59.0 (11215597)|HEAP_ALLOCATE|[EXTERNAL]|Bytes:284
12:16:59.0 (11229512)|HEAP_ALLOCATE|[EXTERNAL]|Bytes:156
12:16:59.0 (11243004)|METHOD_ENTRY|[1]|01pN0000000Mill|auMainTopCompCtrl.auMainTopCompCtrl()
12:16:59.0 (11249322)|STATEMENT_EXECUTE|[1]
12:16:59.0 (11255116)|STATEMENT_EXECUTE|[1]
12:16:59.0 (11256661)|STATEMENT_EXECUTE|[3]
12:16:59.0 (11262278)|HEAP_ALLOCATE|[3]|Bytes:4
12:16:59.0 (11287605)|VARIABLE_ASSIGNMENT|[3]|auMainTopCompCtrl.TYPE_SCREEN_SWITCH|0
12:16:59.0 (11292992)|STATEMENT_EXECUTE|[4]
12:16:59.0 (11295942)|HEAP_ALLOCATE|[4]|Bytes:4
12:16:59.0 (11303707)|VARIABLE_ASSIGNMENT|[4]|auMainTopCompCtrl.TYPE_SCREEN_STPD_EVENT|11
12:16:59.0 (11308286)|STATEMENT_EXECUTE|[5]
12:16:59.0 (11310746)|HEAP_ALLOCATE|[5]|Bytes:4
12:16:59.0 (11317425)|VARIABLE_ASSIGNMENT|[5]|auMainTopCompCtrl.TYPE_SCREEN_STPD_TIMELINE|12
12:16:59.0 (11321269)|STATEMENT_EXECUTE|[6]
12:16:59.0 (11323294)|HEAP_ALLOCATE|[6]|Bytes:4
12:16:59.0 (11329391)|VARIABLE_ASSIGNMENT|[6]|auMainTopCompCtrl.TYPE_SCREEN_STPD_SCREEN|13
12:16:59.0 (11333357)|STATEMENT_EXECUTE|[7]
12:16:59.0 (11335781)|HEAP_ALLOCATE|[7]|Bytes:4
12:16:59.0 (11340924)|VARIABLE_ASSIGNMENT|[7]|auMainTopCompCtrl.TYPE_SCREEN_CX_SCREEN|21
12:16:59.0 (11344805)|STATEMENT_EXECUTE|[8]
12:16:59.0 (11346889)|HEAP_ALLOCATE|[8]|Bytes:4
12:16:59.0 (11351880)|VARIABLE_ASSIGNMENT|[8]|auMainTopCompCtrl.TYPE_SCREEN_CX_TIMELINE|22
12:16:59.0 (11355291)|STATEMENT_EXECUTE|[9]
12:16:59.0 (11357265)|HEAP_ALLOCATE|[9]|Bytes:4
12:16:59.0 (11362489)|VARIABLE_ASSIGNMENT|[9]|auMainTopCompCtrl.TYPE_SCREEN_EVENT_SCHEDULE|31
12:16:59.0 (11366385)|STATEMENT_EXECUTE|[10]
12:16:59.0 (11368421)|HEAP_ALLOCATE|[10]|Bytes:4
12:16:59.0 (11374437)|VARIABLE_ASSIGNMENT|[10]|auMainTopCompCtrl.TYPE_SCREEN_EVENT_SCHEDULE_LIST|32
12:16:59.0 (11378279)|STATEMENT_EXECUTE|[11]
12:16:59.0 (11380549)|HEAP_ALLOCATE|[11]|Bytes:4
12:16:59.0 (11386132)|VARIABLE_ASSIGNMENT|[11]|auMainTopCompCtrl.TYPE_SCREEN_KNOWLEDGE_DASHBOARD|41
12:16:59.0 (11390145)|STATEMENT_EXECUTE|[12]
12:16:59.0 (11392215)|HEAP_ALLOCATE|[12]|Bytes:4
12:16:59.0 (11397931)|VARIABLE_ASSIGNMENT|[12]|auMainTopCompCtrl.TYPE_SCREEN_KNOWLEDGE_LIST|42
12:16:59.0 (11402059)|STATEMENT_EXECUTE|[13]
12:16:59.0 (11404008)|HEAP_ALLOCATE|[13]|Bytes:4
12:16:59.0 (11409913)|VARIABLE_ASSIGNMENT|[13]|auMainTopCompCtrl.TYPE_SCREEN_SA_MESSAGES|51
12:16:59.0 (11413714)|STATEMENT_EXECUTE|[14]
12:16:59.0 (11415577)|HEAP_ALLOCATE|[14]|Bytes:4
12:16:59.0 (11421205)|VARIABLE_ASSIGNMENT|[14]|auMainTopCompCtrl.TYPE_SCREEN_SA_REPORTS|52
12:16:59.0 (11425153)|STATEMENT_EXECUTE|[15]
12:16:59.0 (11427283)|HEAP_ALLOCATE|[15]|Bytes:4
12:16:59.0 (11432585)|VARIABLE_ASSIGNMENT|[15]|auMainTopCompCtrl.TYPE_SCREEN_SA_CHATTER|53
12:16:59.0 (11436589)|STATEMENT_EXECUTE|[16]
12:16:59.0 (11438898)|HEAP_ALLOCATE|[16]|Bytes:4
12:16:59.0 (11444675)|VARIABLE_ASSIGNMENT|[16]|auMainTopCompCtrl.TYPE_SCREEN_SA_DAILYREPORT|54
12:16:59.0 (11447927)|STATEMENT_EXECUTE|[17]
12:16:59.0 (11449931)|HEAP_ALLOCATE|[17]|Bytes:4
12:16:59.0 (11455737)|VARIABLE_ASSIGNMENT|[17]|auMainTopCompCtrl.TYPE_SCREEN_SA_ENQUETE|55
12:16:59.0 (11459695)|STATEMENT_EXECUTE|[18]
12:16:59.0 (11461577)|HEAP_ALLOCATE|[18]|Bytes:4
12:16:59.0 (11467528)|VARIABLE_ASSIGNMENT|[18]|auMainTopCompCtrl.TYPE_SCREEN_SA_DOCUMENTS|56
12:16:59.0 (11471387)|STATEMENT_EXECUTE|[19]
12:16:59.0 (11473403)|HEAP_ALLOCATE|[19]|Bytes:4
12:16:59.0 (11479331)|VARIABLE_ASSIGNMENT|[19]|auMainTopCompCtrl.TYPE_SCREEN_SA_RANKING|57
12:16:59.0 (11483140)|STATEMENT_EXECUTE|[20]
12:16:59.0 (11485172)|HEAP_ALLOCATE|[20]|Bytes:4
12:16:59.0 (11491001)|VARIABLE_ASSIGNMENT|[20]|auMainTopCompCtrl.TYPE_SCREEN_SA_LINKS|58
12:16:59.0 (11494933)|STATEMENT_EXECUTE|[21]
12:16:59.0 (11496917)|HEAP_ALLOCATE|[21]|Bytes:4
12:16:59.0 (11502742)|VARIABLE_ASSIGNMENT|[21]|auMainTopCompCtrl.TYPE_SCREEN_SA_USRSETTINGS|59
12:16:59.0 (11506775)|STATEMENT_EXECUTE|[22]
12:16:59.0 (11508642)|HEAP_ALLOCATE|[22]|Bytes:4
12:16:59.0 (11514293)|VARIABLE_ASSIGNMENT|[22]|auMainTopCompCtrl.TYPE_SCREEN_SA_DAILYREPORTLIST|60
12:16:59.0 (11517694)|STATEMENT_EXECUTE|[23]
12:16:59.0 (11519697)|HEAP_ALLOCATE|[23]|Bytes:4
12:16:59.0 (11527019)|VARIABLE_ASSIGNMENT|[23]|auMainTopCompCtrl.TYPE_SCREEN_SA_TODO|61
12:16:59.0 (11531045)|STATEMENT_EXECUTE|[24]
12:16:59.0 (11533101)|HEAP_ALLOCATE|[24]|Bytes:4
12:16:59.0 (11538519)|VARIABLE_ASSIGNMENT|[24]|auMainTopCompCtrl.TYPE_SCREEN_HONBU_DIRECT|71
12:16:59.0 (11542201)|STATEMENT_EXECUTE|[25]
12:16:59.0 (11544317)|HEAP_ALLOCATE|[25]|Bytes:4
12:16:59.0 (11549453)|VARIABLE_ASSIGNMENT|[25]|auMainTopCompCtrl.TYPE_SCREEN_ACCOUNT_LIST|81
12:16:59.0 (11553209)|STATEMENT_EXECUTE|[26]
12:16:59.0 (11555109)|HEAP_ALLOCATE|[26]|Bytes:4
12:16:59.0 (11560262)|VARIABLE_ASSIGNMENT|[26]|auMainTopCompCtrl.TYPE_SCREEN_ACTIVITY_LIST|82
12:16:59.0 (11564121)|STATEMENT_EXECUTE|[27]
12:16:59.0 (11566654)|HEAP_ALLOCATE|[27]|Bytes:4
12:16:59.0 (11572151)|VARIABLE_ASSIGNMENT|[27]|auMainTopCompCtrl.TYPE_SCREEN_FILE_LIST|83
12:16:59.0 (11579592)|METHOD_EXIT|[1]|auMainTopCompCtrl
12:16:59.0 (11585362)|HEAP_ALLOCATE|[EXTERNAL]|Bytes:44
12:16:59.0 (11592301)|VARIABLE_SCOPE_BEGIN|[88]|this|auMainTopCompCtrl|true|false
12:16:59.0 (11648623)|VARIABLE_ASSIGNMENT|[88]|this|{"currentUser":"0x7197c327","isSAUser":false,"iTypeOfScreen":54,"urlReportsSFA":"https://cs6.lightnin (84 more) ..."}|0x30786e3a
12:16:59.0 (11660443)|STATEMENT_EXECUTE|[88]
12:16:59.0 (11662128)|STATEMENT_EXECUTE|[89]
12:16:59.0 (11711396)|VARIABLE_ASSIGNMENT|[EXTERNAL]|this|{"currentUser":"0x7197c327","isSAUser":false,"iTypeOfScreen":54,"urlReportsSFA":"https://cs6.lightnin (84 more) ..."}|0x30786e3a
12:16:59.0 (11755865)|VARIABLE_ASSIGNMENT|[EXTERNAL]|this|{"currentUser":"0x7197c327","isSAUser":false,"iTypeOfScreen":54,"urlReportsSFA":"https://cs6.lightnin (84 more) ..."}|0x30786e3a
12:16:59.0 (11792336)|VARIABLE_ASSIGNMENT|[EXTERNAL]|this|{"currentUser":"0x7197c327","isSAUser":false,"iTypeOfScreen":54,"urlReportsSFA":"https://cs6.lightnin (84 more) ..."}|0x30786e3a
12:16:59.0 (11827681)|VARIABLE_ASSIGNMENT|[EXTERNAL]|this|{"currentUser":"0x7197c327","isSAUser":false,"iTypeOfScreen":54,"urlReportsSFA":"https://cs6.lightnin (84 more) ..."}|0x30786e3a
12:16:59.0 (11845168)|HEAP_ALLOCATE|[89]|Bytes:5
12:16:59.0 (11939623)|SYSTEM_MODE_ENTER|true
12:16:59.0 (11974030)|HEAP_ALLOCATE|[EXTERNAL]|Bytes:44
12:16:59.0 (11980717)|VARIABLE_SCOPE_BEGIN|[106]|this|auMainTopCompCtrl|true|false
12:16:59.0 (12011969)|VARIABLE_ASSIGNMENT|[106]|this|{"currentUser":"0x7197c327","isSAUser":false,"iTypeOfScreen":54,"urlReportsSFA":"https://cs6.lightnin (84 more) ..."}|0x30786e3a
12:16:59.0 (12021932)|STATEMENT_EXECUTE|[106]
12:16:59.0 (12023868)|STATEMENT_EXECUTE|[107]
12:16:59.0 (12055639)|VARIABLE_ASSIGNMENT|[EXTERNAL]|this|{"currentUser":"0x7197c327","isSAUser":false,"iTypeOfScreen":54,"urlReportsSFA":"https://cs6.lightnin (84 more) ..."}|0x30786e3a
12:16:59.0 (12069641)|HEAP_ALLOCATE|[107]|Bytes:5
12:16:59.0 (12124902)|SYSTEM_MODE_ENTER|true
12:16:59.0 (12157937)|HEAP_ALLOCATE|[EXTERNAL]|Bytes:44
12:16:59.0 (12165850)|VARIABLE_SCOPE_BEGIN|[110]|this|auMainTopCompCtrl|true|false
12:16:59.0 (12200448)|VARIABLE_ASSIGNMENT|[110]|this|{"currentUser":"0x7197c327","isSAUser":false,"iTypeOfScreen":54,"urlReportsSFA":"https://cs6.lightnin (84 more) ..."}|0x30786e3a
12:16:59.0 (12208471)|STATEMENT_EXECUTE|[110]
12:16:59.0 (12210392)|STATEMENT_EXECUTE|[111]
12:16:59.0 (12241404)|VARIABLE_ASSIGNMENT|[EXTERNAL]|this|{"currentUser":"0x7197c327","isSAUser":false,"iTypeOfScreen":54,"urlReportsSFA":"https://cs6.lightnin (84 more) ..."}|0x30786e3a
12:16:59.0 (12254368)|HEAP_ALLOCATE|[111]|Bytes:5
12:16:59.0 (12305879)|SYSTEM_MODE_ENTER|true
12:16:59.0 (12332906)|HEAP_ALLOCATE|[EXTERNAL]|Bytes:44
12:16:59.0 (12338815)|VARIABLE_SCOPE_BEGIN|[114]|this|auMainTopCompCtrl|true|false
12:16:59.0 (12367406)|VARIABLE_ASSIGNMENT|[114]|this|{"currentUser":"0x7197c327","isSAUser":false,"iTypeOfScreen":54,"urlReportsSFA":"https://cs6.lightnin (84 more) ..."}|0x30786e3a
12:16:59.0 (12376306)|STATEMENT_EXECUTE|[114]
12:16:59.0 (12377974)|STATEMENT_EXECUTE|[115]
12:16:59.0 (12407422)|VARIABLE_ASSIGNMENT|[EXTERNAL]|this|{"currentUser":"0x7197c327","isSAUser":false,"iTypeOfScreen":54,"urlReportsSFA":"https://cs6.lightnin (84 more) ..."}|0x30786e3a
12:16:59.0 (12420389)|HEAP_ALLOCATE|[115]|Bytes:5
12:16:59.0 (12495014)|SYSTEM_MODE_ENTER|true
12:16:59.0 (12514512)|HEAP_ALLOCATE|[EXTERNAL]|Bytes:44
12:16:59.0 (12524508)|VARIABLE_ASSIGNMENT|[EXTERNAL]|this.iCountComments|null|0x30786e3a
12:16:59.0 (12563416)|SYSTEM_MODE_ENTER|true
12:16:59.0 (12575340)|HEAP_ALLOCATE|[EXTERNAL]|Bytes:44
12:16:59.0 (12582637)|VARIABLE_ASSIGNMENT|[EXTERNAL]|this.iCountLikes|null|0x30786e3a
12:16:59.0 (12659147)|SYSTEM_MODE_ENTER|true
12:16:59.0 (12694928)|HEAP_ALLOCATE|[EXTERNAL]|Bytes:26
12:16:59.0 (12704050)|HEAP_ALLOCATE|[EXTERNAL]|Bytes:460
12:16:59.0 (12708859)|HEAP_ALLOCATE|[EXTERNAL]|Bytes:111
12:16:59.0 (12712352)|HEAP_ALLOCATE|[EXTERNAL]|Bytes:33
12:16:59.0 (12716441)|HEAP_ALLOCATE|[EXTERNAL]|Bytes:3
12:16:59.0 (12725172)|VARIABLE_ASSIGNMENT|[EXTERNAL]|saDailyReportCtrl.SOURCE|"src"
12:16:59.0 (12729503)|HEAP_ALLOCATE|[EXTERNAL]|Bytes:2
12:16:59.0 (12735226)|VARIABLE_ASSIGNMENT|[EXTERNAL]|saDailyReportCtrl.SOURCE_ID|"id"
12:16:59.0 (12743179)|METHOD_ENTRY|[1]|01pN0000000aE0W|saDailyReportCtrl.saDailyReportCtrl()
12:16:59.0 (12747931)|STATEMENT_EXECUTE|[1]
12:16:59.0 (12751029)|STATEMENT_EXECUTE|[1]
12:16:59.0 (12758344)|SYSTEM_MODE_ENTER|false
12:16:59.0 (12764718)|HEAP_ALLOCATE|[EXTERNAL]|Bytes:5
12:16:59.0 (12769228)|STATEMENT_EXECUTE|[642]
12:16:59.0 (12771175)|STATEMENT_EXECUTE|[669]
12:16:59.0 (12774488)|SYSTEM_MODE_EXIT|false
12:16:59.0 (12780941)|METHOD_EXIT|[1]|saDailyReportCtrl
12:16:59.0 (12785606)|HEAP_ALLOCATE|[EXTERNAL]|Bytes:76
12:16:59.0 (12791222)|VARIABLE_SCOPE_BEGIN|[84]|this|saDailyReportCtrl|true|false
12:16:59.0 (13126732)|VARIABLE_ASSIGNMENT|[84]|this|{"BusinessLocationName":"","currentInquiryReply":"0xf62ee27","currentInquiryReplyDetail":"0x7c98584f","dailyReportId":"a0IN0000006RUllMAG","dCurrentDay":"2018-06-30T00:00:00Z","dCurrentMonth":"2018-07-01T00:00:00Z","iCurrentDay":0,"idBusinessLocation":"","isIPhone":false,"isPreview":true,"lsBusinessLocation":"0x33593200","lsDaysOfMonth":"0x157aedb5","messageError":"","messageQuestion":"","mpQuestions":"0xd712aeb","myUser":"0x3315512a"}|0x2861dc92
12:16:59.0 (13146981)|SYSTEM_MODE_ENTER|false
12:16:59.0 (13153819)|HEAP_ALLOCATE|[84]|Bytes:5
12:16:59.0 (13158849)|STATEMENT_EXECUTE|[84]
12:16:59.0 (13160840)|STATEMENT_EXECUTE|[84]
12:16:59.0 (13165553)|SYSTEM_MODE_EXIT|false
12:16:59.0 (13229043)|SYSTEM_MODE_ENTER|true
12:16:59.0 (13246652)|HEAP_ALLOCATE|[EXTERNAL]|Bytes:8
12:16:59.0 (13251493)|HEAP_ALLOCATE|[EXTERNAL]|Bytes:44
12:16:59.0 (13260799)|VARIABLE_ASSIGNMENT|[EXTERNAL]|this.iTypeOfScreen|54|0x30786e3a
12:16:59.0 (13354309)|SYSTEM_MODE_ENTER|true
12:16:59.0 (13624369)|SYSTEM_MODE_ENTER|true
12:16:59.0 (13699975)|SYSTEM_MODE_ENTER|true
12:16:59.0 (13879075)|SYSTEM_MODE_ENTER|true
12:16:59.0 (15047954)|SYSTEM_MODE_ENTER|true
12:16:59.0 (16819097)|SYSTEM_MODE_ENTER|true
12:16:59.0 (16866571)|SYSTEM_MODE_ENTER|true
12:16:59.0 (16902241)|SYSTEM_MODE_ENTER|true
12:16:59.0 (16936909)|SYSTEM_MODE_ENTER|true
12:16:59.0 (16972498)|SYSTEM_MODE_ENTER|true
12:16:59.0 (17020009)|SYSTEM_MODE_ENTER|true
12:16:59.0 (17057280)|HEAP_ALLOCATE|[EXTERNAL]|Bytes:44
12:16:59.0 (17064420)|VARIABLE_SCOPE_BEGIN|[88]|this|auMainTopCompCtrl|true|false
12:16:59.0 (17101739)|VARIABLE_ASSIGNMENT|[88]|this|{"currentUser":"0x7197c327","isSAUser":false,"iTypeOfScreen":54,"urlReportsSFA":"https://cs6.lightnin (84 more) ..."}|0x30786e3a
12:16:59.0 (17111702)|STATEMENT_EXECUTE|[88]
12:16:59.0 (17113826)|STATEMENT_EXECUTE|[89]
12:16:59.0 (17144162)|VARIABLE_ASSIGNMENT|[EXTERNAL]|this|{"currentUser":"0x7197c327","isSAUser":false,"iTypeOfScreen":54,"urlReportsSFA":"https://cs6.lightnin (84 more) ..."}|0x30786e3a
12:16:59.0 (17185595)|VARIABLE_ASSIGNMENT|[EXTERNAL]|this|{"currentUser":"0x7197c327","isSAUser":false,"iTypeOfScreen":54,"urlReportsSFA":"https://cs6.lightnin (84 more) ..."}|0x30786e3a
12:16:59.0 (17217878)|VARIABLE_ASSIGNMENT|[EXTERNAL]|this|{"currentUser":"0x7197c327","isSAUser":false,"iTypeOfScreen":54,"urlReportsSFA":"https://cs6.lightnin (84 more) ..."}|0x30786e3a
12:16:59.0 (17248891)|VARIABLE_ASSIGNMENT|[EXTERNAL]|this|{"currentUser":"0x7197c327","isSAUser":false,"iTypeOfScreen":54,"urlReportsSFA":"https://cs6.lightnin (84 more) ..."}|0x30786e3a
12:16:59.0 (17261850)|HEAP_ALLOCATE|[89]|Bytes:5
12:16:59.0 (17308909)|SYSTEM_MODE_ENTER|true
12:16:59.0 (17338508)|HEAP_ALLOCATE|[EXTERNAL]|Bytes:44
12:16:59.0 (17344689)|VARIABLE_SCOPE_BEGIN|[106]|this|auMainTopCompCtrl|true|false
12:16:59.0 (17373341)|VARIABLE_ASSIGNMENT|[106]|this|{"currentUser":"0x7197c327","isSAUser":false,"iTypeOfScreen":54,"urlReportsSFA":"https://cs6.lightnin (84 more) ..."}|0x30786e3a
12:16:59.0 (17381775)|STATEMENT_EXECUTE|[106]
12:16:59.0 (17383980)|STATEMENT_EXECUTE|[107]
12:16:59.0 (17408521)|VARIABLE_ASSIGNMENT|[EXTERNAL]|this|{"currentUser":"0x7197c327","isSAUser":false,"iTypeOfScreen":54,"urlReportsSFA":"https://cs6.lightnin (84 more) ..."}|0x30786e3a
12:16:59.0 (17421543)|HEAP_ALLOCATE|[107]|Bytes:5
12:16:59.0 (17461162)|SYSTEM_MODE_ENTER|true
12:16:59.0 (17487293)|HEAP_ALLOCATE|[EXTERNAL]|Bytes:44
12:16:59.0 (17493204)|VARIABLE_SCOPE_BEGIN|[110]|this|auMainTopCompCtrl|true|false
12:16:59.0 (17522354)|VARIABLE_ASSIGNMENT|[110]|this|{"currentUser":"0x7197c327","isSAUser":false,"iTypeOfScreen":54,"urlReportsSFA":"https://cs6.lightnin (84 more) ..."}|0x30786e3a
12:16:59.0 (17534053)|STATEMENT_EXECUTE|[110]
12:16:59.0 (17535835)|STATEMENT_EXECUTE|[111]
12:16:59.0 (17563800)|VARIABLE_ASSIGNMENT|[EXTERNAL]|this|{"currentUser":"0x7197c327","isSAUser":false,"iTypeOfScreen":54,"urlReportsSFA":"https://cs6.lightnin (84 more) ..."}|0x30786e3a
12:16:59.0 (17577214)|HEAP_ALLOCATE|[111]|Bytes:5
12:16:59.0 (17614919)|SYSTEM_MODE_ENTER|true
12:16:59.0 (17640443)|HEAP_ALLOCATE|[EXTERNAL]|Bytes:44
12:16:59.0 (17646446)|VARIABLE_SCOPE_BEGIN|[114]|this|auMainTopCompCtrl|true|false
12:16:59.0 (17674641)|VARIABLE_ASSIGNMENT|[114]|this|{"currentUser":"0x7197c327","isSAUser":false,"iTypeOfScreen":54,"urlReportsSFA":"https://cs6.lightnin (84 more) ..."}|0x30786e3a
12:16:59.0 (17682709)|STATEMENT_EXECUTE|[114]
12:16:59.0 (17684443)|STATEMENT_EXECUTE|[115]
12:16:59.0 (17708070)|VARIABLE_ASSIGNMENT|[EXTERNAL]|this|{"currentUser":"0x7197c327","isSAUser":false,"iTypeOfScreen":54,"urlReportsSFA":"https://cs6.lightnin (84 more) ..."}|0x30786e3a
12:16:59.0 (17719592)|HEAP_ALLOCATE|[115]|Bytes:5
12:16:59.0 (20454324)|SYSTEM_MODE_ENTER|true
12:16:59.0 (20475941)|HEAP_ALLOCATE|[EXTERNAL]|Bytes:16
12:16:59.0 (20481941)|HEAP_ALLOCATE|[EXTERNAL]|Bytes:76
12:16:59.0 (20494089)|VARIABLE_ASSIGNMENT|[EXTERNAL]|this.messageError|"正しいデーターを入れてください。"|0x2861dc92
12:16:59.0 (20523507)|SYSTEM_MODE_ENTER|true
12:16:59.0 (20537161)|HEAP_ALLOCATE|[EXTERNAL]|Bytes:76
12:16:59.0 (20545318)|VARIABLE_ASSIGNMENT|[EXTERNAL]|this.messageQuestion|""|0x2861dc92
12:16:59.0 (20567293)|SYSTEM_MODE_ENTER|true
12:16:59.0 (20580219)|HEAP_ALLOCATE|[EXTERNAL]|Bytes:5
12:16:59.0 (20584120)|HEAP_ALLOCATE|[EXTERNAL]|Bytes:76
12:16:59.0 (20590515)|VARIABLE_ASSIGNMENT|[EXTERNAL]|this.isPreview|true|0x2861dc92
12:16:59.0 (20611668)|SYSTEM_MODE_ENTER|true
12:16:59.0 (20623192)|HEAP_ALLOCATE|[EXTERNAL]|Bytes:76
12:16:59.0 (20629827)|VARIABLE_ASSIGNMENT|[EXTERNAL]|this.idBusinessLocation|""|0x2861dc92
12:16:59.0 (20650173)|SYSTEM_MODE_ENTER|true
12:16:59.0 (20660866)|HEAP_ALLOCATE|[EXTERNAL]|Bytes:8
12:16:59.0 (20664637)|HEAP_ALLOCATE|[EXTERNAL]|Bytes:76
12:16:59.0 (20671203)|VARIABLE_ASSIGNMENT|[EXTERNAL]|this.iCurrentDay|0|0x2861dc92
12:16:59.0 (20765756)|SYSTEM_MODE_ENTER|true
12:16:59.0 (20778305)|HEAP_ALLOCATE|[EXTERNAL]|Bytes:44
12:16:59.0 (20786196)|VARIABLE_ASSIGNMENT|[EXTERNAL]|this.iCountComments|null|0x30786e3a
12:16:59.0 (20812370)|SYSTEM_MODE_ENTER|true
12:16:59.0 (20822164)|HEAP_ALLOCATE|[EXTERNAL]|Bytes:44
12:16:59.0 (20828598)|VARIABLE_ASSIGNMENT|[EXTERNAL]|this.iCountLikes|null|0x30786e3a
12:16:59.0 (20861133)|SYSTEM_MODE_ENTER|true
12:16:59.0 (20895352)|HEAP_ALLOCATE|[EXTERNAL]|Bytes:76
12:16:59.0 (20902252)|VARIABLE_SCOPE_BEGIN|[84]|this|saDailyReportCtrl|true|false
12:16:59.0 (21087256)|VARIABLE_ASSIGNMENT|[84]|this|{"BusinessLocationName":"","currentInquiryReply":"0xf62ee27","currentInquiryReplyDetail":"0x7c98584f","dailyReportId":"a0IN0000006RUllMAG","dCurrentDay":"2018-06-30T00:00:00Z","dCurrentMonth":"2018-07-01T00:00:00Z","iCurrentDay":0,"idBusinessLocation":"","isIPhone":false,"isPreview":true,"lsBusinessLocation":"0x33593200","lsDaysOfMonth":"0x157aedb5","messageError":"正しいデーターを入れてください。","messageQuestion":"","mpQuestions":"0xd712aeb","myUser":"0x3315512a"}|0x2861dc92
12:16:59.0 (21107115)|SYSTEM_MODE_ENTER|false
12:16:59.0 (21113558)|HEAP_ALLOCATE|[84]|Bytes:5
12:16:59.0 (21118917)|STATEMENT_EXECUTE|[84]
12:16:59.0 (21120795)|STATEMENT_EXECUTE|[84]
12:16:59.0 (21125199)|SYSTEM_MODE_EXIT|false
12:16:59.0 (21164629)|SYSTEM_MODE_ENTER|true
12:16:59.0 (21184309)|HEAP_ALLOCATE|[EXTERNAL]|Bytes:8
12:16:59.0 (21188778)|HEAP_ALLOCATE|[EXTERNAL]|Bytes:44
12:16:59.0 (21197586)|VARIABLE_ASSIGNMENT|[EXTERNAL]|this.iTypeOfScreen|54|0x30786e3a
12:16:59.0 (21410135)|SYSTEM_MODE_ENTER|true
12:16:59.0 (23673039)|HEAP_ALLOCATE|[EXTERNAL]|Bytes:76
12:16:59.0 (23683659)|VARIABLE_SCOPE_BEGIN|[191]|this|saDailyReportCtrl|true|false
12:16:59.0 (23843493)|VARIABLE_ASSIGNMENT|[191]|this|{"BusinessLocationName":"","currentInquiryReply":"0xf62ee27","currentInquiryReplyDetail":"0x7c98584f","dailyReportId":"a0IN0000006RUllMAG","dCurrentDay":"2018-06-30T00:00:00Z","dCurrentMonth":"2018-07-01T00:00:00Z","iCurrentDay":0,"idBusinessLocation":"","isIPhone":false,"isPreview":true,"lsBusinessLocation":"0x33593200","lsDaysOfMonth":"0x157aedb5","messageError":"正しいデーターを入れてください。","messageQuestion":"","mpQuestions":"0xd712aeb","myUser":"0x3315512a"}|0x2861dc92
12:16:59.0 (23864343)|SYSTEM_MODE_ENTER|false
12:16:59.0 (23871345)|HEAP_ALLOCATE|[193]|Bytes:5
12:16:59.0 (23877333)|STATEMENT_EXECUTE|[191]
12:16:59.0 (23879214)|STATEMENT_EXECUTE|[193]
12:16:59.0 (24034388)|VARIABLE_ASSIGNMENT|[EXTERNAL]|this|{"BusinessLocationName":"","currentInquiryReply":"0xf62ee27","currentInquiryReplyDetail":"0x7c98584f","dailyReportId":"a0IN0000006RUllMAG","dCurrentDay":"2018-06-30T00:00:00Z","dCurrentMonth":"2018-07-01T00:00:00Z","iCurrentDay":0,"idBusinessLocation":"","isIPhone":false,"isPreview":true,"lsBusinessLocation":"0x33593200","lsDaysOfMonth":"0x157aedb5","messageError":"正しいデーターを入れてください。","messageQuestion":"","mpQuestions":"0xd712aeb","myUser":"0x3315512a"}|0x2861dc92
12:16:59.0 (24050591)|VARIABLE_ASSIGNMENT|[EXTERNAL]|value|""
12:16:59.0 (24061145)|VARIABLE_ASSIGNMENT|[6]|this.messageError|""|0x2861dc92
12:16:59.0 (24072459)|STATEMENT_EXECUTE|[194]
12:16:59.0 (24211882)|VARIABLE_ASSIGNMENT|[EXTERNAL]|this|{"BusinessLocationName":"","currentInquiryReply":"0xf62ee27","currentInquiryReplyDetail":"0x7c98584f","dailyReportId":"a0IN0000006RUllMAG","dCurrentDay":"2018-06-30T00:00:00Z","dCurrentMonth":"2018-07-01T00:00:00Z","iCurrentDay":0,"idBusinessLocation":"","isIPhone":false,"isPreview":true,"lsBusinessLocation":"0x33593200","lsDaysOfMonth":"0x157aedb5","messageError":"","messageQuestion":"","mpQuestions":"0xd712aeb","myUser":"0x3315512a"}|0x2861dc92
12:16:59.0 (24226614)|VARIABLE_ASSIGNMENT|[EXTERNAL]|value|""
12:16:59.0 (24235524)|VARIABLE_ASSIGNMENT|[7]|this.messageQuestion|""|0x2861dc92
12:16:59.0 (24245538)|STATEMENT_EXECUTE|[196]
12:16:59.0 (24247409)|STATEMENT_EXECUTE|[196]
12:16:59.0 (24249007)|STATEMENT_EXECUTE|[198]
12:16:59.0 (24429603)|VARIABLE_ASSIGNMENT|[EXTERNAL]|this|{"BusinessLocationName":"","currentInquiryReply":"0xf62ee27","currentInquiryReplyDetail":"0x7c98584f","dailyReportId":"a0IN0000006RUllMAG","dCurrentDay":"2018-06-30T00:00:00Z","dCurrentMonth":"2018-07-01T00:00:00Z","iCurrentDay":0,"idBusinessLocation":"","isIPhone":false,"isPreview":true,"lsBusinessLocation":"0x33593200","lsDaysOfMonth":"0x157aedb5","messageError":"","messageQuestion":"","mpQuestions":"0xd712aeb","myUser":"0x3315512a"}|0x2861dc92
12:16:59.0 (24484065)|HEAP_ALLOCATE|[198]|Bytes:4
12:16:59.0 (24517857)|VARIABLE_ASSIGNMENT|[198]|this.dCurrentDay|"2018-06-30T00:00:00.000Z"|0x2861dc92
12:16:59.0 (24525039)|STATEMENT_EXECUTE|[200]
12:16:59.0 (24540309)|HEAP_ALLOCATE|[200]|Bytes:4
12:16:59.0 (24729462)|VARIABLE_ASSIGNMENT|[EXTERNAL]|this|{"BusinessLocationName":"","currentInquiryReply":"0xf62ee27","currentInquiryReplyDetail":"0x7c98584f","dailyReportId":"a0IN0000006RUllMAG","dCurrentDay":"2018-06-30T00:00:00Z","dCurrentMonth":"2018-07-01T00:00:00Z","iCurrentDay":0,"idBusinessLocation":"","isIPhone":false,"isPreview":true,"lsBusinessLocation":"0x33593200","lsDaysOfMonth":"0x157aedb5","messageError":"","messageQuestion":"","mpQuestions":"0xd712aeb","myUser":"0x3315512a"}|0x2861dc92
12:16:59.0 (24743828)|HEAP_ALLOCATE|[EXTERNAL]|Bytes:4
12:16:59.0 (24756260)|VARIABLE_ASSIGNMENT|[EXTERNAL]|value|[]|0x622d7594
12:16:59.0 (24767370)|VARIABLE_ASSIGNMENT|[22]|this.currentInquiryReplyDetail|[]|0x2861dc92
12:16:59.0 (24777516)|STATEMENT_EXECUTE|[201]
12:16:59.0 (24790560)|HEAP_ALLOCATE|[201]|Bytes:4
12:16:59.0 (24952000)|VARIABLE_ASSIGNMENT|[EXTERNAL]|this|{"BusinessLocationName":"","currentInquiryReply":"0xf62ee27","currentInquiryReplyDetail":"0x622d7594","dailyReportId":"a0IN0000006RUllMAG","dCurrentDay":"2018-06-30T00:00:00Z","dCurrentMonth":"2018-07-01T00:00:00Z","iCurrentDay":0,"idBusinessLocation":"","isIPhone":false,"isPreview":true,"lsBusinessLocation":"0x33593200","lsDaysOfMonth":"0x157aedb5","messageError":"","messageQuestion":"","mpQuestions":"0xd712aeb","myUser":"0x3315512a"}|0x2861dc92
12:16:59.0 (24971598)|VARIABLE_ASSIGNMENT|[EXTERNAL]|value|{}|0x14e93e8f
12:16:59.0 (24982170)|VARIABLE_ASSIGNMENT|[24]|this.mpQuestions|{}|0x2861dc92
12:16:59.0 (24991558)|STATEMENT_EXECUTE|[203]
12:16:59.0 (25123566)|VARIABLE_ASSIGNMENT|[EXTERNAL]|this|{"BusinessLocationName":"","currentInquiryReply":"0xf62ee27","currentInquiryReplyDetail":"0x622d7594","dailyReportId":"a0IN0000006RUllMAG","dCurrentDay":"2018-06-30T00:00:00Z","dCurrentMonth":"2018-07-01T00:00:00Z","iCurrentDay":0,"idBusinessLocation":"","isIPhone":false,"isPreview":true,"lsBusinessLocation":"0x33593200","lsDaysOfMonth":"0x157aedb5","messageError":"","messageQuestion":"","mpQuestions":"0x14e93e8f","myUser":"0x3315512a"}|0x2861dc92
12:16:59.0 (25139068)|VARIABLE_ASSIGNMENT|[EXTERNAL]|value|""
12:16:59.0 (25150462)|VARIABLE_ASSIGNMENT|[23]|this.BusinessLocationName|""|0x2861dc92
12:16:59.0 (25162240)|HEAP_ALLOCATE|[204]|Bytes:81
12:16:59.0 (25182058)|HEAP_ALLOCATE|[204]|Bytes:4
12:16:59.0 (25191150)|HEAP_ALLOCATE|[204]|Bytes:7
12:16:59.0 (25329726)|VARIABLE_ASSIGNMENT|[EXTERNAL]|this|{"BusinessLocationName":"","currentInquiryReply":"0xf62ee27","currentInquiryReplyDetail":"0x622d7594","dailyReportId":"a0IN0000006RUllMAG","dCurrentDay":"2018-06-30T00:00:00Z","dCurrentMonth":"2018-07-01T00:00:00Z","iCurrentDay":0,"idBusinessLocation":"","isIPhone":false,"isPreview":true,"lsBusinessLocation":"0x33593200","lsDaysOfMonth":"0x157aedb5","messageError":"","messageQuestion":"","mpQuestions":"0x14e93e8f","myUser":"0x3315512a"}|0x2861dc92
12:16:59.0 (25710744)|SOQL_EXECUTE_BEGIN|[204]|Aggregations:0|SELECT Id, BusinessLocationName__c FROM saBusinessLocation__c 
12:16:59.0 (27246976)|SOQL_EXECUTE_END|[204]|Rows:0
12:16:59.0 (27407305)|HEAP_ALLOCATE|[204]|Bytes:54
12:16:59.0 (27417456)|HEAP_ALLOCATE|[204]|Bytes:8
12:16:59.0 (27443074)|SYSTEM_METHOD_ENTRY|[7]|QueryLocatorIterator.QueryLocatorIterator()
12:16:59.0 (27448189)|STATEMENT_EXECUTE|[7]
12:16:59.0 (27454383)|SYSTEM_METHOD_EXIT|[7]|QueryLocatorIterator
12:16:59.0 (27463333)|HEAP_ALLOCATE|[204]|Bytes:28
12:16:59.0 (27477747)|HEAP_ALLOCATE|[204]|Bytes:8
12:16:59.0 (27481959)|HEAP_ALLOCATE|[204]|Bytes:8
12:16:59.0 (27487757)|VARIABLE_SCOPE_BEGIN|[15]|this|Database.QueryLocatorIterator|true|false
12:16:59.0 (27516379)|VARIABLE_ASSIGNMENT|[15]|this|{}|0x43a33183
12:16:59.0 (27523106)|VARIABLE_SCOPE_BEGIN|[15]|values|List<SObject>|true|false
12:16:59.0 (27530852)|VARIABLE_ASSIGNMENT|[15]|values|null|
12:16:59.0 (27535175)|VARIABLE_SCOPE_BEGIN|[15]|ql|Database.QueryLocator|true|false
12:16:59.0 (27552802)|VARIABLE_ASSIGNMENT|[15]|ql|{"query":"SELECT Id, BusinessL (61 more) ..."}|0x5ace5d07
12:16:59.0 (27558533)|VARIABLE_SCOPE_BEGIN|[15]|totalNumRecords|Integer|false|false
12:16:59.0 (27565738)|VARIABLE_ASSIGNMENT|[15]|totalNumRecords|0
12:16:59.0 (27569695)|VARIABLE_SCOPE_BEGIN|[15]|queryMoreSize|Integer|false|false
12:16:59.0 (27576507)|VARIABLE_ASSIGNMENT|[15]|queryMoreSize|50000
12:16:59.0 (27648610)|HEAP_ALLOCATE|[204]|Bytes:28
12:16:59.0 (27666863)|METHOD_ENTRY|[204]||Database.QueryLocatorIterator.hasNext()
12:16:59.0 (27684321)|METHOD_EXIT|[204]||Database.QueryLocatorIterator.hasNext()
12:16:59.0 (27717326)|VARIABLE_ASSIGNMENT|[204]|bl|null|
12:16:59.0 (27723950)|STATEMENT_EXECUTE|[204]
12:16:59.0 (27737359)|STATEMENT_EXECUTE|[211]
12:16:59.0 (27741576)|HEAP_ALLOCATE|[211]|Bytes:195
12:16:59.0 (27755874)|HEAP_ALLOCATE|[211]|Bytes:4
12:16:59.0 (27777530)|HEAP_ALLOCATE|[211]|Bytes:7
12:16:59.0 (27810266)|HEAP_ALLOCATE|[215]|Bytes:89
12:16:59.0 (27819540)|SYSTEM_METHOD_ENTRY|[1]|UserInfo.UserInfo()
12:16:59.0 (27822963)|STATEMENT_EXECUTE|[1]
12:16:59.0 (27827687)|SYSTEM_METHOD_EXIT|[1]|UserInfo
12:16:59.0 (27836645)|METHOD_ENTRY|[215]||System.UserInfo.getUserId()
12:16:59.0 (27869895)|METHOD_EXIT|[215]||System.UserInfo.getUserId()
12:16:59.0 (28362309)|SOQL_EXECUTE_BEGIN|[211]|Aggregations:0|SELECT Id, saBusinessLocation__c, Status__c, saInquiry__c, Comment__c FROM saInquiryReply__c WHERE (saInquiry__r.Type__c = 'DAILY_REPORT' AND DailyReportDate__c = :tmpVar1 AND User__c = :tmpVar2)
12:16:59.0 (34767547)|SOQL_EXECUTE_END|[211]|Rows:0
12:16:59.0 (34791317)|HEAP_ALLOCATE|[211]|Bytes:4
12:16:59.0 (34803273)|HEAP_ALLOCATE|[211]|Bytes:0
12:16:59.0 (34862543)|HEAP_ALLOCATE|[211]|Bytes:4
12:16:59.0 (34875234)|VARIABLE_SCOPE_BEGIN|[211]|lsInqRep|List<saInquiryReply__c>|true|false
12:16:59.0 (34891423)|VARIABLE_ASSIGNMENT|[211]|lsInqRep|[]|0x344cffb3
12:16:59.0 (34944841)|STATEMENT_EXECUTE|[217]
12:16:59.0 (34947559)|STATEMENT_EXECUTE|[219]
12:16:59.0 (34951245)|HEAP_ALLOCATE|[219]|Bytes:207
12:16:59.0 (34965200)|HEAP_ALLOCATE|[219]|Bytes:4
12:16:59.0 (35147315)|VARIABLE_ASSIGNMENT|[EXTERNAL]|this|{"BusinessLocationName":"","currentInquiryReply":"0xf62ee27","currentInquiryReplyDetail":"0x622d7594","dailyReportId":"a0IN0000006RUllMAG","dCurrentDay":"2018-06-30T00:00:00Z","dCurrentMonth":"2018-07-01T00:00:00Z","iCurrentDay":0,"idBusinessLocation":"","isIPhone":false,"isPreview":true,"lsBusinessLocation":"0x33593200","lsDaysOfMonth":"0x157aedb5","messageError":"","messageQuestion":"","mpQuestions":"0x14e93e8f","myUser":"0x3315512a"}|0x2861dc92
12:16:59.0 (35178300)|HEAP_ALLOCATE|[219]|Bytes:7
12:16:59.0 (35188259)|METHOD_ENTRY|[224]||System.UserInfo.getUserId()
12:16:59.0 (35208913)|METHOD_EXIT|[224]||System.UserInfo.getUserId()
12:16:59.0 (35501563)|SOQL_EXECUTE_BEGIN|[219]|Aggregations:0|SELECT Id, saBusinessLocation__c, Status__c FROM saInquiryReply__c WHERE (saInquiry__r.Type__c = 'DAILY_REPORT' AND DailyReportDate__c = :tmpVar1 AND saBusinessLocation__c = :tmpVar2 AND User__c != :tmpVar3)
12:16:59.0 (37939406)|SOQL_EXECUTE_END|[219]|Rows:0
12:16:59.0 (37961256)|HEAP_ALLOCATE|[219]|Bytes:4
12:16:59.0 (37973218)|HEAP_ALLOCATE|[219]|Bytes:0
12:16:59.0 (37996371)|HEAP_ALLOCATE|[219]|Bytes:4
12:16:59.0 (38006915)|VARIABLE_SCOPE_BEGIN|[219]|lsInqOtherPeople|List<saInquiryReply__c>|true|false
12:16:59.0 (38022696)|VARIABLE_ASSIGNMENT|[219]|lsInqOtherPeople|[]|0x38743652
12:16:59.0 (38054256)|STATEMENT_EXECUTE|[226]
12:16:59.0 (38056969)|STATEMENT_EXECUTE|[232]
12:16:59.0 (38059686)|VARIABLE_SCOPE_BEGIN|[232]|lsTemplate|List<saInquiryReply__c>|true|false
12:16:59.0 (38069954)|VARIABLE_ASSIGNMENT|[232]|lsTemplate|null|
12:16:59.0 (38241958)|VARIABLE_ASSIGNMENT|[EXTERNAL]|this|{"BusinessLocationName":"","currentInquiryReply":"0xf62ee27","currentInquiryReplyDetail":"0x622d7594","dailyReportId":"a0IN0000006RUllMAG","dCurrentDay":"2018-06-30T00:00:00Z","dCurrentMonth":"2018-07-01T00:00:00Z","iCurrentDay":0,"idBusinessLocation":"","isIPhone":false,"isPreview":true,"lsBusinessLocation":"0x33593200","lsDaysOfMonth":"0x157aedb5","messageError":"","messageQuestion":"","mpQuestions":"0x14e93e8f","myUser":"0x3315512a"}|0x2861dc92
12:16:59.0 (38262361)|STATEMENT_EXECUTE|[244]
12:16:59.0 (38264785)|STATEMENT_EXECUTE|[245]
12:16:59.0 (38268313)|HEAP_ALLOCATE|[245]|Bytes:393
12:16:59.0 (38283219)|HEAP_ALLOCATE|[245]|Bytes:4
12:16:59.0 (38312485)|METHOD_ENTRY|[251]||System.UserInfo.getUserId()
12:16:59.0 (38333968)|METHOD_EXIT|[251]||System.UserInfo.getUserId()
12:16:59.0 (38734851)|SOQL_EXECUTE_BEGIN|[245]|Aggregations:0|SELECT Id, saBusinessLocation__c, Status__c, saInquiry__c, Comment__c FROM saInquiryReply__c WHERE (saInquiry__r.Type__c = 'DAILY_REPORT' AND (saInquiry__r.ValidFrom__c = NULL OR saInquiry__r.ValidFrom__c <= :tmpVar1) AND (saInquiry__r.ValidTo__c = NULL OR saInquiry__r.ValidTo__c >= :tmpVar2) AND DailyReportDate__c = NULL AND User__c = :tmpVar3) ORDER BY CreatedDate DESC NULLS FIRST LIMIT 1
12:16:59.0 (42865344)|SOQL_EXECUTE_END|[245]|Rows:1
12:16:59.0 (42885371)|HEAP_ALLOCATE|[245]|Bytes:8
12:16:59.0 (42898336)|HEAP_ALLOCATE|[245]|Bytes:89
12:16:59.0 (42922271)|HEAP_ALLOCATE|[245]|Bytes:8
12:16:59.0 (42950844)|VARIABLE_ASSIGNMENT|[245]|lsTemplate|[{"Id":"a0KN0000007Kg4nMAC","Status__c":"WAITING_REPLY","saInquiry__c":"a0IN0000006RUllMAG"}]|0x49f265fc
12:16:59.0 (42958342)|STATEMENT_EXECUTE|[256]
12:16:59.0 (42962429)|HEAP_ALLOCATE|[256]|Bytes:11
12:16:59.0 (43047813)|HEAP_ALLOCATE|[256]|Bytes:101
12:16:59.0 (43070689)|HEAP_ALLOCATE|[256]|Bytes:112
12:16:59.0 (43089183)|USER_DEBUG|[256]|DEBUG|Template : (saInquiryReply__c:{Id=a0KN0000007Kg4nMAC, Status__c=WAITING_REPLY, saInquiry__c=a0IN0000006RUllMAG})
12:16:59.0 (43117753)|STATEMENT_EXECUTE|[257]
12:16:59.0 (43120314)|STATEMENT_EXECUTE|[263]
12:16:59.0 (43134916)|HEAP_ALLOCATE|[263]|Bytes:16
12:16:59.0 (43165119)|VARIABLE_SCOPE_BEGIN|[263]|idInquiry|Id|false|false
12:16:59.0 (43237469)|VARIABLE_ASSIGNMENT|[263]|idInquiry|"a0IN0000006RUllMAG"
12:16:59.0 (43243897)|STATEMENT_EXECUTE|[264]
12:16:59.0 (43263617)|HEAP_ALLOCATE|[264]|Bytes:4
12:16:59.0 (43508030)|VARIABLE_ASSIGNMENT|[EXTERNAL]|this|{"BusinessLocationName":"","currentInquiryReply":"0xf62ee27","currentInquiryReplyDetail":"0x622d7594","dailyReportId":"a0IN0000006RUllMAG","dCurrentDay":"2018-06-30T00:00:00Z","dCurrentMonth":"2018-07-01T00:00:00Z","iCurrentDay":0,"idBusinessLocation":"","isIPhone":false,"isPreview":true,"lsBusinessLocation":"0x33593200","lsDaysOfMonth":"0x157aedb5","messageError":"","messageQuestion":"","mpQuestions":"0x14e93e8f","myUser":"0x3315512a"}|0x2861dc92
12:16:59.0 (43526995)|VARIABLE_ASSIGNMENT|[EXTERNAL]|value|{}|0x1c9ffe68
12:16:59.0 (43539646)|VARIABLE_ASSIGNMENT|[21]|this.currentInquiryReply|{}|0x2861dc92
12:16:59.0 (43550338)|STATEMENT_EXECUTE|[265]
12:16:59.0 (43688292)|VARIABLE_ASSIGNMENT|[EXTERNAL]|this|{"BusinessLocationName":"","currentInquiryReply":"0x1c9ffe68","currentInquiryReplyDetail":"0x622d7594","dailyReportId":"a0IN0000006RUllMAG","dCurrentDay":"2018-06-30T00:00:00Z","dCurrentMonth":"2018-07-01T00:00:00Z","iCurrentDay":0,"idBusinessLocation":"","isIPhone":false,"isPreview":true,"lsBusinessLocation":"0x33593200","lsDaysOfMonth":"0x157aedb5","messageError":"","messageQuestion":"","mpQuestions":"0x14e93e8f","myUser":"0x3315512a"}|0x2861dc92
12:16:59.0 (43769583)|VARIABLE_ASSIGNMENT|[265]|this.saInquiry__c|"a0IN0000006RUllMAG"|0x1c9ffe68
12:16:59.0 (43914604)|VARIABLE_ASSIGNMENT|[EXTERNAL]|this|{"BusinessLocationName":"","currentInquiryReply":"0x1c9ffe68","currentInquiryReplyDetail":"0x622d7594","dailyReportId":"a0IN0000006RUllMAG","dCurrentDay":"2018-06-30T00:00:00Z","dCurrentMonth":"2018-07-01T00:00:00Z","iCurrentDay":0,"idBusinessLocation":"","isIPhone":false,"isPreview":true,"lsBusinessLocation":"0x33593200","lsDaysOfMonth":"0x157aedb5","messageError":"","messageQuestion":"","mpQuestions":"0x14e93e8f","myUser":"0x3315512a"}|0x2861dc92
12:16:59.0 (43933573)|STATEMENT_EXECUTE|[269]
12:16:59.0 (43935762)|STATEMENT_EXECUTE|[272]
12:16:59.0 (43941505)|METHOD_ENTRY|[272]||System.UserInfo.getUserId()
12:16:59.0 (43962890)|METHOD_EXIT|[272]||System.UserInfo.getUserId()
12:16:59.0 (43977919)|HEAP_ALLOCATE|[272]|Bytes:4
12:16:59.0 (44109970)|VARIABLE_ASSIGNMENT|[EXTERNAL]|this|{"BusinessLocationName":"","currentInquiryReply":"0x1c9ffe68","currentInquiryReplyDetail":"0x622d7594","dailyReportId":"a0IN0000006RUllMAG","dCurrentDay":"2018-06-30T00:00:00Z","dCurrentMonth":"2018-07-01T00:00:00Z","iCurrentDay":0,"idBusinessLocation":"","isIPhone":false,"isPreview":true,"lsBusinessLocation":"0x33593200","lsDaysOfMonth":"0x157aedb5","messageError":"","messageQuestion":"","mpQuestions":"0x14e93e8f","myUser":"0x3315512a"}|0x2861dc92
12:16:59.0 (44166803)|VARIABLE_ASSIGNMENT|[272]|this.User__c|"005N00000057PfOIAU"|0x1c9ffe68
12:16:59.0 (44178997)|STATEMENT_EXECUTE|[273]
12:16:59.0 (44318537)|VARIABLE_ASSIGNMENT|[EXTERNAL]|this|{"BusinessLocationName":"","currentInquiryReply":"0x1c9ffe68","currentInquiryReplyDetail":"0x622d7594","dailyReportId":"a0IN0000006RUllMAG","dCurrentDay":"2018-06-30T00:00:00Z","dCurrentMonth":"2018-07-01T00:00:00Z","iCurrentDay":0,"idBusinessLocation":"","isIPhone":false,"isPreview":true,"lsBusinessLocation":"0x33593200","lsDaysOfMonth":"0x157aedb5","messageError":"","messageQuestion":"","mpQuestions":"0x14e93e8f","myUser":"0x3315512a"}|0x2861dc92
12:16:59.0 (44380238)|VARIABLE_ASSIGNMENT|[273]|this.DailyReportDate__c|"2018-06-30T00:00:00.000Z"|0x1c9ffe68
12:16:59.0 (44387462)|STATEMENT_EXECUTE|[274]
12:16:59.0 (44391409)|HEAP_ALLOCATE|[274]|Bytes:13
12:16:59.0 (44532884)|VARIABLE_ASSIGNMENT|[EXTERNAL]|this|{"BusinessLocationName":"","currentInquiryReply":"0x1c9ffe68","currentInquiryReplyDetail":"0x622d7594","dailyReportId":"a0IN0000006RUllMAG","dCurrentDay":"2018-06-30T00:00:00Z","dCurrentMonth":"2018-07-01T00:00:00Z","iCurrentDay":0,"idBusinessLocation":"","isIPhone":false,"isPreview":true,"lsBusinessLocation":"0x33593200","lsDaysOfMonth":"0x157aedb5","messageError":"","messageQuestion":"","mpQuestions":"0x14e93e8f","myUser":"0x3315512a"}|0x2861dc92
12:16:59.0 (44578884)|VARIABLE_ASSIGNMENT|[274]|this.Status__c|"WAITING_REPLY"|0x1c9ffe68
12:16:59.0 (44585780)|STATEMENT_EXECUTE|[275]
12:16:59.0 (44721423)|VARIABLE_ASSIGNMENT|[EXTERNAL]|this|{"BusinessLocationName":"","currentInquiryReply":"0x1c9ffe68","currentInquiryReplyDetail":"0x622d7594","dailyReportId":"a0IN0000006RUllMAG","dCurrentDay":"2018-06-30T00:00:00Z","dCurrentMonth":"2018-07-01T00:00:00Z","iCurrentDay":0,"idBusinessLocation":"","isIPhone":false,"isPreview":true,"lsBusinessLocation":"0x33593200","lsDaysOfMonth":"0x157aedb5","messageError":"","messageQuestion":"","mpQuestions":"0x14e93e8f","myUser":"0x3315512a"}|0x2861dc92
12:16:59.0 (44764223)|VARIABLE_ASSIGNMENT|[275]|this.Comment__c|""|0x1c9ffe68
12:16:59.0 (44770987)|STATEMENT_EXECUTE|[277]
12:16:59.0 (44774582)|HEAP_ALLOCATE|[277]|Bytes:625
12:16:59.0 (44789162)|HEAP_ALLOCATE|[277]|Bytes:4
12:16:59.0 (45264841)|SOQL_EXECUTE_BEGIN|[277]|Aggregations:0|SELECT Id, QuestionLabel__c, AnswerType__c, NumberPossibleReplies__c, IsShortReply__c, SortNo__c, IsRequired__c, Reply01Label__c, Reply02Label__c, Reply03Label__c, Reply04Label__c, Reply05Label__c, Reply06Label__c, Reply07Label__c, Reply08Label__c, Reply09Label__c, Reply10Label__c, Reply11Label__c, Reply12Label__c, Reply13Label__c, Reply14Label__c, Reply15Label__c, Reply16Label__c, Reply17Label__c, Reply18Label__c, Reply19Label__c, Reply20Label__c, Reply21Label__c, Reply22Label__c, Reply23Label__c, Reply24Label__c, Reply25Label__c FROM saInquiryDetail__c WHERE saInquiry__c = :tmpVar1 ORDER BY SortNo__c ASC NULLS FIRST
12:16:59.0 (55007341)|SOQL_EXECUTE_END|[277]|Rows:1
12:16:59.0 (55031786)|HEAP_ALLOCATE|[277]|Bytes:8
12:16:59.0 (55056529)|HEAP_ALLOCATE|[277]|Bytes:282
12:16:59.0 (55109232)|HEAP_ALLOCATE|[277]|Bytes:8
12:16:59.0 (55125699)|VARIABLE_SCOPE_BEGIN|[277]|lsTmpQuest|List<saInquiryDetail__c>|true|false
12:16:59.0 (55166124)|VARIABLE_ASSIGNMENT|[277]|lsTmpQuest|[{"Id":"a0JN0000008h2r2MAA","QuestionLabel__c":"Works?","AnswerType__c":"CHECKBOX","NumberPossibleReplies__c":2,"IsShortReply__c":true,"SortNo__c":0,"IsRequired__c":false,"Reply01Label__c":"Yes!","Reply02Label__c":"No!"}]|0x4b9798f0
12:16:59.0 (55338725)|HEAP_ALLOCATE|[287]|Bytes:5
12:16:59.0 (55361903)|HEAP_ALLOCATE|[287]|Bytes:40
12:16:59.0 (55373927)|VARIABLE_SCOPE_BEGIN|[287]|quest|saInquiryDetail__c|true|false
12:16:59.0 (55399693)|VARIABLE_ASSIGNMENT|[287]|quest|{"Id":"a0JN0000008h2r2MAA","QuestionLabel__c":"Works?","AnswerType__c":"CHECKBOX","NumberPossibleReplies__c":2,"IsShortReply__c":true,"SortNo__c":0,"IsRequired__c":false,"Reply01Label__c":"Yes!","Reply02Label__c":"No!"}|0x575051c4
12:16:59.0 (55408627)|STATEMENT_EXECUTE|[287]
12:16:59.0 (55410911)|STATEMENT_EXECUTE|[288]
12:16:59.0 (55436100)|HEAP_ALLOCATE|[288]|Bytes:4
12:16:59.0 (55521993)|VARIABLE_SCOPE_BEGIN|[288]|questReply|saInquiryReplyDetail__c|true|false
12:16:59.0 (55537062)|VARIABLE_ASSIGNMENT|[288]|questReply|{}|0x20f713c6
12:16:59.0 (55542990)|STATEMENT_EXECUTE|[289]
12:16:59.0 (55642539)|VARIABLE_ASSIGNMENT|[289]|this.saInquiryDetail__c|"a0JN0000008h2r2MAA"|0x20f713c6
12:16:59.0 (55649911)|STATEMENT_EXECUTE|[290]
12:16:59.0 (55844334)|VARIABLE_ASSIGNMENT|[EXTERNAL]|this|{"BusinessLocationName":"","currentInquiryReply":"0x1c9ffe68","currentInquiryReplyDetail":"0x622d7594","dailyReportId":"a0IN0000006RUllMAG","dCurrentDay":"2018-06-30T00:00:00Z","dCurrentMonth":"2018-07-01T00:00:00Z","iCurrentDay":0,"idBusinessLocation":"","isIPhone":false,"isPreview":true,"lsBusinessLocation":"0x33593200","lsDaysOfMonth":"0x157aedb5","messageError":"","messageQuestion":"","mpQuestions":"0x14e93e8f","myUser":"0x3315512a"}|0x2861dc92
12:16:59.0 (55876371)|HEAP_ALLOCATE|[EXTERNAL]|Bytes:4
12:16:59.0 (55884904)|STATEMENT_EXECUTE|[291]
12:16:59.0 (56028677)|VARIABLE_ASSIGNMENT|[EXTERNAL]|this|{"BusinessLocationName":"","currentInquiryReply":"0x1c9ffe68","currentInquiryReplyDetail":"0x622d7594","dailyReportId":"a0IN0000006RUllMAG","dCurrentDay":"2018-06-30T00:00:00Z","dCurrentMonth":"2018-07-01T00:00:00Z","iCurrentDay":0,"idBusinessLocation":"","isIPhone":false,"isPreview":true,"lsBusinessLocation":"0x33593200","lsDaysOfMonth":"0x157aedb5","messageError":"","messageQuestion":"","mpQuestions":"0x14e93e8f","myUser":"0x3315512a"}|0x2861dc92
12:16:59.0 (56064128)|HEAP_ALLOCATE|[EXTERNAL]|Bytes:-4
12:16:59.0 (56080323)|HEAP_ALLOCATE|[287]|Bytes:5
12:16:59.0 (56093758)|VARIABLE_ASSIGNMENT|[287]|quest|null|
12:16:59.0 (56105924)|SYSTEM_MODE_EXIT|false
12:16:59.0 (72717328)|SYSTEM_MODE_ENTER|true
12:16:59.0 (72753769)|HEAP_ALLOCATE|[EXTERNAL]|Bytes:44
12:16:59.0 (72772696)|VARIABLE_ASSIGNMENT|[EXTERNAL]|this.iCountComments|null|0x30786e3a
12:16:59.0 (72820448)|SYSTEM_MODE_ENTER|true
12:16:59.0 (72832603)|HEAP_ALLOCATE|[EXTERNAL]|Bytes:44
12:16:59.0 (72840654)|VARIABLE_ASSIGNMENT|[EXTERNAL]|this.iCountLikes|null|0x30786e3a
12:16:59.0 (72902244)|SYSTEM_MODE_ENTER|true
12:16:59.0 (72953670)|HEAP_ALLOCATE|[EXTERNAL]|Bytes:76
12:16:59.0 (72963511)|VARIABLE_SCOPE_BEGIN|[84]|this|saDailyReportCtrl|true|false
12:16:59.0 (73190365)|VARIABLE_ASSIGNMENT|[84]|this|{"BusinessLocationName":"","currentInquiryReply":"0x1c9ffe68","currentInquiryReplyDetail":"0x622d7594","dailyReportId":"a0IN0000006RUllMAG","dCurrentDay":"2018-06-30T00:00:00Z","dCurrentMonth":"2018-07-01T00:00:00Z","iCurrentDay":0,"idBusinessLocation":"","isIPhone":false,"isPreview":true,"lsBusinessLocation":"0x33593200","lsDaysOfMonth":"0x157aedb5","messageError":"","messageQuestion":"","mpQuestions":"0x14e93e8f","myUser":"0x3315512a"}|0x2861dc92
12:16:59.0 (73214710)|SYSTEM_MODE_ENTER|false
12:16:59.0 (73223936)|HEAP_ALLOCATE|[84]|Bytes:5
12:16:59.0 (73229986)|STATEMENT_EXECUTE|[84]
12:16:59.0 (73231928)|STATEMENT_EXECUTE|[84]
12:16:59.0 (73239609)|SYSTEM_MODE_EXIT|false
12:16:59.0 (73287328)|SYSTEM_MODE_ENTER|true
12:16:59.0 (73304308)|HEAP_ALLOCATE|[EXTERNAL]|Bytes:8
12:16:59.0 (73308931)|HEAP_ALLOCATE|[EXTERNAL]|Bytes:44
12:16:59.0 (73317917)|VARIABLE_ASSIGNMENT|[EXTERNAL]|this.iTypeOfScreen|54|0x30786e3a
12:16:59.0 (73383588)|SYSTEM_MODE_ENTER|true
12:16:59.0 (73417420)|HEAP_ALLOCATE|[EXTERNAL]|Bytes:44
12:16:59.0 (73424051)|VARIABLE_SCOPE_BEGIN|[88]|this|auMainTopCompCtrl|true|false
12:16:59.0 (73460465)|VARIABLE_ASSIGNMENT|[88]|this|{"currentUser":"0x7197c327","isSAUser":false,"iTypeOfScreen":54,"urlReportsSFA":"https://cs6.lightnin (84 more) ..."}|0x30786e3a
12:16:59.0 (73470718)|STATEMENT_EXECUTE|[88]
12:16:59.0 (73472641)|STATEMENT_EXECUTE|[89]
12:16:59.0 (73504383)|VARIABLE_ASSIGNMENT|[EXTERNAL]|this|{"currentUser":"0x7197c327","isSAUser":false,"iTypeOfScreen":54,"urlReportsSFA":"https://cs6.lightnin (84 more) ..."}|0x30786e3a
12:16:59.0 (73544646)|VARIABLE_ASSIGNMENT|[EXTERNAL]|this|{"currentUser":"0x7197c327","isSAUser":false,"iTypeOfScreen":54,"urlReportsSFA":"https://cs6.lightnin (84 more) ..."}|0x30786e3a
12:16:59.0 (73577309)|VARIABLE_ASSIGNMENT|[EXTERNAL]|this|{"currentUser":"0x7197c327","isSAUser":false,"iTypeOfScreen":54,"urlReportsSFA":"https://cs6.lightnin (84 more) ..."}|0x30786e3a
12:16:59.0 (73608847)|VARIABLE_ASSIGNMENT|[EXTERNAL]|this|{"currentUser":"0x7197c327","isSAUser":false,"iTypeOfScreen":54,"urlReportsSFA":"https://cs6.lightnin (84 more) ..."}|0x30786e3a
12:16:59.0 (73624294)|HEAP_ALLOCATE|[89]|Bytes:5
12:16:59.0 (73687312)|SYSTEM_MODE_ENTER|true
12:16:59.0 (73716559)|HEAP_ALLOCATE|[EXTERNAL]|Bytes:44
12:16:59.0 (73722716)|VARIABLE_SCOPE_BEGIN|[106]|this|auMainTopCompCtrl|true|false
12:16:59.0 (73752315)|VARIABLE_ASSIGNMENT|[106]|this|{"currentUser":"0x7197c327","isSAUser":false,"iTypeOfScreen":54,"urlReportsSFA":"https://cs6.lightnin (84 more) ..."}|0x30786e3a
12:16:59.0 (73760530)|STATEMENT_EXECUTE|[106]
12:16:59.0 (73762424)|STATEMENT_EXECUTE|[107]
12:16:59.0 (73787582)|VARIABLE_ASSIGNMENT|[EXTERNAL]|this|{"currentUser":"0x7197c327","isSAUser":false,"iTypeOfScreen":54,"urlReportsSFA":"https://cs6.lightnin (84 more) ..."}|0x30786e3a
12:16:59.0 (73800509)|HEAP_ALLOCATE|[107]|Bytes:5
12:16:59.0 (73848588)|SYSTEM_MODE_ENTER|true
12:16:59.0 (73875063)|HEAP_ALLOCATE|[EXTERNAL]|Bytes:44
12:16:59.0 (73880433)|VARIABLE_SCOPE_BEGIN|[110]|this|auMainTopCompCtrl|true|false
12:16:59.0 (73910390)|VARIABLE_ASSIGNMENT|[110]|this|{"currentUser":"0x7197c327","isSAUser":false,"iTypeOfScreen":54,"urlReportsSFA":"https://cs6.lightnin (84 more) ..."}|0x30786e3a
12:16:59.0 (73918710)|STATEMENT_EXECUTE|[110]
12:16:59.0 (73920863)|STATEMENT_EXECUTE|[111]
12:16:59.0 (73945149)|VARIABLE_ASSIGNMENT|[EXTERNAL]|this|{"currentUser":"0x7197c327","isSAUser":false,"iTypeOfScreen":54,"urlReportsSFA":"https://cs6.lightnin (84 more) ..."}|0x30786e3a
12:16:59.0 (73957692)|HEAP_ALLOCATE|[111]|Bytes:5
12:16:59.0 (73999856)|SYSTEM_MODE_ENTER|true
12:16:59.0 (74042027)|HEAP_ALLOCATE|[EXTERNAL]|Bytes:44
12:16:59.0 (74048921)|VARIABLE_SCOPE_BEGIN|[114]|this|auMainTopCompCtrl|true|false
12:16:59.0 (74078249)|VARIABLE_ASSIGNMENT|[114]|this|{"currentUser":"0x7197c327","isSAUser":false,"iTypeOfScreen":54,"urlReportsSFA":"https://cs6.lightnin (84 more) ..."}|0x30786e3a
12:16:59.0 (74086319)|STATEMENT_EXECUTE|[114]
12:16:59.0 (74088028)|STATEMENT_EXECUTE|[115]
12:16:59.0 (74112053)|VARIABLE_ASSIGNMENT|[EXTERNAL]|this|{"currentUser":"0x7197c327","isSAUser":false,"iTypeOfScreen":54,"urlReportsSFA":"https://cs6.lightnin (84 more) ..."}|0x30786e3a
12:16:59.0 (74124085)|HEAP_ALLOCATE|[115]|Bytes:5
12:16:59.0 (74209003)|SYSTEM_MODE_ENTER|true
12:16:59.0 (74759896)|SYSTEM_MODE_ENTER|true
12:16:59.0 (74877759)|SYSTEM_MODE_ENTER|true
12:16:59.0 (75129415)|SYSTEM_MODE_ENTER|true
12:16:59.0 (78133122)|SYSTEM_MODE_ENTER|true
12:16:59.0 (78216945)|SYSTEM_MODE_ENTER|true
12:16:59.0 (80437353)|SYSTEM_MODE_ENTER|true
12:16:59.0 (80478550)|HEAP_ALLOCATE|[EXTERNAL]|Bytes:76
12:16:59.0 (80487026)|VARIABLE_SCOPE_BEGIN|[133]|this|saDailyReportCtrl|true|false
12:16:59.0 (80660024)|VARIABLE_ASSIGNMENT|[133]|this|{"BusinessLocationName":"","currentInquiryReply":"0x1c9ffe68","currentInquiryReplyDetail":"0x622d7594","dailyReportId":"a0IN0000006RUllMAG","dCurrentDay":"2018-06-30T00:00:00Z","dCurrentMonth":"2018-07-01T00:00:00Z","iCurrentDay":0,"idBusinessLocation":"","isIPhone":false,"isPreview":true,"lsBusinessLocation":"0x33593200","lsDaysOfMonth":"0x157aedb5","messageError":"","messageQuestion":"","mpQuestions":"0x14e93e8f","myUser":"0x3315512a"}|0x2861dc92
12:16:59.0 (80682807)|SYSTEM_MODE_ENTER|false
12:16:59.0 (80690481)|HEAP_ALLOCATE|[134]|Bytes:5
12:16:59.0 (80696193)|STATEMENT_EXECUTE|[133]
12:16:59.0 (80698326)|STATEMENT_EXECUTE|[134]
12:16:59.0 (80772361)|HEAP_ALLOCATE|[134]|Bytes:4
12:16:59.0 (80784576)|HEAP_ALLOCATE|[134]|Bytes:1
12:16:59.0 (80804359)|HEAP_ALLOCATE|[134]|Bytes:1
12:16:59.0 (80812524)|HEAP_ALLOCATE|[134]|Bytes:1
12:16:59.0 (80838913)|HEAP_ALLOCATE|[134]|Bytes:2
12:16:59.0 (80854383)|HEAP_ALLOCATE|[134]|Bytes:9
12:16:59.0 (80861043)|HEAP_ALLOCATE|[134]|Bytes:10
12:16:59.0 (80868267)|SYSTEM_MODE_EXIT|false
12:16:59.0 (81038512)|SYSTEM_MODE_ENTER|true
12:16:59.0 (81443016)|SYSTEM_MODE_ENTER|true
12:16:59.0 (94675079)|VF_SERIALIZE_VIEWSTATE_BEGIN|066N0000000M4pW
12:16:59.0 (98643155)|VF_SERIALIZE_VIEWSTATE_END
12:16:59.102 (102234205)|CUMULATIVE_LIMIT_USAGE
12:16:59.102 (102234205)|LIMIT_USAGE_FOR_NS|(default)|
  Number of SOQL queries: 5 out of 100
  Number of query rows: 2 out of 50000
  Number of SOSL queries: 0 out of 20
  Number of DML statements: 0 out of 150
  Number of DML rows: 0 out of 10000
  Maximum CPU time: 0 out of 10000
  Maximum heap size: 0 out of 6000000
  Number of callouts: 0 out of 100
  Number of Email Invocations: 0 out of 10
  Number of future calls: 0 out of 50
  Number of queueable jobs added to the queue: 0 out of 50
  Number of Mobile Apex push calls: 0 out of 10

12:16:59.102 (102234205)|CUMULATIVE_LIMIT_USAGE_END

12:16:59.0 (102282775)|CODE_UNIT_FINISHED|VF: /apex/sadailyreport
12:16:59.0 (103000680)|EXECUTION_FINISHED
