38.0 APEX_CODE,FINEST;APEX_PROFILING,INFO;CALLOUT,INFO;DB,INFO;NBA,INFO;SYSTEM,DEBUG;VALIDATION,INFO;VISUALFORCE,INFO;WAVE,INFO;WORKFLOW,INFO
14:13:50.0 (127338)|USER_INFO|[EXTERNAL]|005N00000057RPN|duc.huynhmanh+kddi-gwdev01@globalway.co.jp|日本標準時|GMT+09:00
14:13:50.0 (173103)|EXECUTION_STARTED
14:13:50.0 (181289)|CODE_UNIT_STARTED|[EXTERNAL]|066N0000000F0Uk|VF: /apex/auSwitchScreenPage
14:13:50.0 (1968049)|SYSTEM_MODE_ENTER|true
14:13:50.0 (2231654)|VARIABLE_SCOPE_BEGIN|[25]|auMainTopCompCtrl.TYPE_SCREEN_ACCOUNT_LIST|Integer|false|true
14:13:50.0 (2250407)|VARIABLE_SCOPE_BEGIN|[26]|auMainTopCompCtrl.TYPE_SCREEN_ACTIVITY_LIST|Integer|false|true
14:13:50.0 (2261089)|VARIABLE_SCOPE_BEGIN|[7]|auMainTopCompCtrl.TYPE_SCREEN_CX_SCREEN|Integer|false|true
14:13:50.0 (2271798)|VARIABLE_SCOPE_BEGIN|[8]|auMainTopCompCtrl.TYPE_SCREEN_CX_TIMELINE|Integer|false|true
14:13:50.0 (2282752)|VARIABLE_SCOPE_BEGIN|[9]|auMainTopCompCtrl.TYPE_SCREEN_EVENT_SCHEDULE|Integer|false|true
14:13:50.0 (2296970)|VARIABLE_SCOPE_BEGIN|[10]|auMainTopCompCtrl.TYPE_SCREEN_EVENT_SCHEDULE_LIST|Integer|false|true
14:13:50.0 (2308482)|VARIABLE_SCOPE_BEGIN|[27]|auMainTopCompCtrl.TYPE_SCREEN_FILE_LIST|Integer|false|true
14:13:50.0 (2320688)|VARIABLE_SCOPE_BEGIN|[24]|auMainTopCompCtrl.TYPE_SCREEN_HONBU_DIRECT|Integer|false|true
14:13:50.0 (2332155)|VARIABLE_SCOPE_BEGIN|[11]|auMainTopCompCtrl.TYPE_SCREEN_KNOWLEDGE_DASHBOARD|Integer|false|true
14:13:50.0 (2344117)|VARIABLE_SCOPE_BEGIN|[12]|auMainTopCompCtrl.TYPE_SCREEN_KNOWLEDGE_LIST|Integer|false|true
14:13:50.0 (2355417)|VARIABLE_SCOPE_BEGIN|[15]|auMainTopCompCtrl.TYPE_SCREEN_SA_CHATTER|Integer|false|true
14:13:50.0 (2367153)|VARIABLE_SCOPE_BEGIN|[16]|auMainTopCompCtrl.TYPE_SCREEN_SA_DAILYREPORT|Integer|false|true
14:13:50.0 (2378544)|VARIABLE_SCOPE_BEGIN|[22]|auMainTopCompCtrl.TYPE_SCREEN_SA_DAILYREPORTLIST|Integer|false|true
14:13:50.0 (2390613)|VARIABLE_SCOPE_BEGIN|[18]|auMainTopCompCtrl.TYPE_SCREEN_SA_DOCUMENTS|Integer|false|true
14:13:50.0 (2401747)|VARIABLE_SCOPE_BEGIN|[17]|auMainTopCompCtrl.TYPE_SCREEN_SA_ENQUETE|Integer|false|true
14:13:50.0 (2412879)|VARIABLE_SCOPE_BEGIN|[20]|auMainTopCompCtrl.TYPE_SCREEN_SA_LINKS|Integer|false|true
14:13:50.0 (2424004)|VARIABLE_SCOPE_BEGIN|[13]|auMainTopCompCtrl.TYPE_SCREEN_SA_MESSAGES|Integer|false|true
14:13:50.0 (2434772)|VARIABLE_SCOPE_BEGIN|[19]|auMainTopCompCtrl.TYPE_SCREEN_SA_RANKING|Integer|false|true
14:13:50.0 (2446724)|VARIABLE_SCOPE_BEGIN|[14]|auMainTopCompCtrl.TYPE_SCREEN_SA_REPORTS|Integer|false|true
14:13:50.0 (2459131)|VARIABLE_SCOPE_BEGIN|[23]|auMainTopCompCtrl.TYPE_SCREEN_SA_TODO|Integer|false|true
14:13:50.0 (2470698)|VARIABLE_SCOPE_BEGIN|[21]|auMainTopCompCtrl.TYPE_SCREEN_SA_USRSETTINGS|Integer|false|true
14:13:50.0 (2484150)|VARIABLE_SCOPE_BEGIN|[4]|auMainTopCompCtrl.TYPE_SCREEN_STPD_EVENT|Integer|false|true
14:13:50.0 (2496609)|VARIABLE_SCOPE_BEGIN|[6]|auMainTopCompCtrl.TYPE_SCREEN_STPD_SCREEN|Integer|false|true
14:13:50.0 (2508997)|VARIABLE_SCOPE_BEGIN|[5]|auMainTopCompCtrl.TYPE_SCREEN_STPD_TIMELINE|Integer|false|true
14:13:50.0 (2521618)|VARIABLE_SCOPE_BEGIN|[3]|auMainTopCompCtrl.TYPE_SCREEN_SWITCH|Integer|false|true
14:13:50.0 (2744132)|HEAP_ALLOCATE|[72]|Bytes:3
14:13:50.0 (2811706)|HEAP_ALLOCATE|[77]|Bytes:152
14:13:50.0 (2838800)|HEAP_ALLOCATE|[342]|Bytes:408
14:13:50.0 (2860710)|HEAP_ALLOCATE|[355]|Bytes:408
14:13:50.0 (2878364)|HEAP_ALLOCATE|[467]|Bytes:48
14:13:50.0 (2917344)|HEAP_ALLOCATE|[139]|Bytes:6
14:13:50.0 (2950009)|HEAP_ALLOCATE|[EXTERNAL]|Bytes:284
14:13:50.0 (2963111)|HEAP_ALLOCATE|[EXTERNAL]|Bytes:160
14:13:50.0 (2981723)|METHOD_ENTRY|[1]|01pN0000000Mill|auMainTopCompCtrl.auMainTopCompCtrl()
14:13:50.0 (2992106)|STATEMENT_EXECUTE|[1]
14:13:50.0 (2999264)|STATEMENT_EXECUTE|[1]
14:13:50.0 (3001307)|STATEMENT_EXECUTE|[3]
14:13:50.0 (3011921)|HEAP_ALLOCATE|[3]|Bytes:4
14:13:50.0 (3051001)|VARIABLE_ASSIGNMENT|[3]|auMainTopCompCtrl.TYPE_SCREEN_SWITCH|0
14:13:50.0 (3059168)|STATEMENT_EXECUTE|[4]
14:13:50.0 (3063457)|HEAP_ALLOCATE|[4]|Bytes:4
14:13:50.0 (3075883)|VARIABLE_ASSIGNMENT|[4]|auMainTopCompCtrl.TYPE_SCREEN_STPD_EVENT|11
14:13:50.0 (3088391)|STATEMENT_EXECUTE|[5]
14:13:50.0 (3092165)|HEAP_ALLOCATE|[5]|Bytes:4
14:13:50.0 (3103239)|VARIABLE_ASSIGNMENT|[5]|auMainTopCompCtrl.TYPE_SCREEN_STPD_TIMELINE|12
14:13:50.0 (3109749)|STATEMENT_EXECUTE|[6]
14:13:50.0 (3113004)|HEAP_ALLOCATE|[6]|Bytes:4
14:13:50.0 (3122372)|VARIABLE_ASSIGNMENT|[6]|auMainTopCompCtrl.TYPE_SCREEN_STPD_SCREEN|13
14:13:50.0 (3128717)|STATEMENT_EXECUTE|[7]
14:13:50.0 (3131895)|HEAP_ALLOCATE|[7]|Bytes:4
14:13:50.0 (3140632)|VARIABLE_ASSIGNMENT|[7]|auMainTopCompCtrl.TYPE_SCREEN_CX_SCREEN|21
14:13:50.0 (3147385)|STATEMENT_EXECUTE|[8]
14:13:50.0 (3150517)|HEAP_ALLOCATE|[8]|Bytes:4
14:13:50.0 (3159352)|VARIABLE_ASSIGNMENT|[8]|auMainTopCompCtrl.TYPE_SCREEN_CX_TIMELINE|22
14:13:50.0 (3165080)|STATEMENT_EXECUTE|[9]
14:13:50.0 (3168160)|HEAP_ALLOCATE|[9]|Bytes:4
14:13:50.0 (3177158)|VARIABLE_ASSIGNMENT|[9]|auMainTopCompCtrl.TYPE_SCREEN_EVENT_SCHEDULE|31
14:13:50.0 (3183916)|STATEMENT_EXECUTE|[10]
14:13:50.0 (3187570)|HEAP_ALLOCATE|[10]|Bytes:4
14:13:50.0 (3196797)|VARIABLE_ASSIGNMENT|[10]|auMainTopCompCtrl.TYPE_SCREEN_EVENT_SCHEDULE_LIST|32
14:13:50.0 (3202371)|STATEMENT_EXECUTE|[11]
14:13:50.0 (3205746)|HEAP_ALLOCATE|[11]|Bytes:4
14:13:50.0 (3214790)|VARIABLE_ASSIGNMENT|[11]|auMainTopCompCtrl.TYPE_SCREEN_KNOWLEDGE_DASHBOARD|41
14:13:50.0 (3220592)|STATEMENT_EXECUTE|[12]
14:13:50.0 (3223839)|HEAP_ALLOCATE|[12]|Bytes:4
14:13:50.0 (3233975)|VARIABLE_ASSIGNMENT|[12]|auMainTopCompCtrl.TYPE_SCREEN_KNOWLEDGE_LIST|42
14:13:50.0 (3240392)|STATEMENT_EXECUTE|[13]
14:13:50.0 (3243945)|HEAP_ALLOCATE|[13]|Bytes:4
14:13:50.0 (3253975)|VARIABLE_ASSIGNMENT|[13]|auMainTopCompCtrl.TYPE_SCREEN_SA_MESSAGES|51
14:13:50.0 (3260476)|STATEMENT_EXECUTE|[14]
14:13:50.0 (3264059)|HEAP_ALLOCATE|[14]|Bytes:4
14:13:50.0 (3273475)|VARIABLE_ASSIGNMENT|[14]|auMainTopCompCtrl.TYPE_SCREEN_SA_REPORTS|52
14:13:50.0 (3279885)|STATEMENT_EXECUTE|[15]
14:13:50.0 (3283012)|HEAP_ALLOCATE|[15]|Bytes:4
14:13:50.0 (3291848)|VARIABLE_ASSIGNMENT|[15]|auMainTopCompCtrl.TYPE_SCREEN_SA_CHATTER|53
14:13:50.0 (3298734)|STATEMENT_EXECUTE|[16]
14:13:50.0 (3301636)|HEAP_ALLOCATE|[16]|Bytes:4
14:13:50.0 (3311675)|VARIABLE_ASSIGNMENT|[16]|auMainTopCompCtrl.TYPE_SCREEN_SA_DAILYREPORT|54
14:13:50.0 (3318560)|STATEMENT_EXECUTE|[17]
14:13:50.0 (3322030)|HEAP_ALLOCATE|[17]|Bytes:4
14:13:50.0 (3331477)|VARIABLE_ASSIGNMENT|[17]|auMainTopCompCtrl.TYPE_SCREEN_SA_ENQUETE|55
14:13:50.0 (3337494)|STATEMENT_EXECUTE|[18]
14:13:50.0 (3340671)|HEAP_ALLOCATE|[18]|Bytes:4
14:13:50.0 (3349789)|VARIABLE_ASSIGNMENT|[18]|auMainTopCompCtrl.TYPE_SCREEN_SA_DOCUMENTS|56
14:13:50.0 (3355894)|STATEMENT_EXECUTE|[19]
14:13:50.0 (3359135)|HEAP_ALLOCATE|[19]|Bytes:4
14:13:50.0 (3370218)|VARIABLE_ASSIGNMENT|[19]|auMainTopCompCtrl.TYPE_SCREEN_SA_RANKING|57
14:13:50.0 (3374801)|STATEMENT_EXECUTE|[20]
14:13:50.0 (3377180)|HEAP_ALLOCATE|[20]|Bytes:4
14:13:50.0 (3383369)|VARIABLE_ASSIGNMENT|[20]|auMainTopCompCtrl.TYPE_SCREEN_SA_LINKS|58
14:13:50.0 (3387261)|STATEMENT_EXECUTE|[21]
14:13:50.0 (3389345)|HEAP_ALLOCATE|[21]|Bytes:4
14:13:50.0 (3395711)|VARIABLE_ASSIGNMENT|[21]|auMainTopCompCtrl.TYPE_SCREEN_SA_USRSETTINGS|59
14:13:50.0 (3399236)|STATEMENT_EXECUTE|[22]
14:13:50.0 (3401680)|HEAP_ALLOCATE|[22]|Bytes:4
14:13:50.0 (3407700)|VARIABLE_ASSIGNMENT|[22]|auMainTopCompCtrl.TYPE_SCREEN_SA_DAILYREPORTLIST|60
14:13:50.0 (3411373)|STATEMENT_EXECUTE|[23]
14:13:50.0 (3413380)|HEAP_ALLOCATE|[23]|Bytes:4
14:13:50.0 (3419155)|VARIABLE_ASSIGNMENT|[23]|auMainTopCompCtrl.TYPE_SCREEN_SA_TODO|61
14:13:50.0 (3422967)|STATEMENT_EXECUTE|[24]
14:13:50.0 (3425031)|HEAP_ALLOCATE|[24]|Bytes:4
14:13:50.0 (3430440)|VARIABLE_ASSIGNMENT|[24]|auMainTopCompCtrl.TYPE_SCREEN_HONBU_DIRECT|71
14:13:50.0 (3434004)|STATEMENT_EXECUTE|[25]
14:13:50.0 (3436238)|HEAP_ALLOCATE|[25]|Bytes:4
14:13:50.0 (3441260)|VARIABLE_ASSIGNMENT|[25]|auMainTopCompCtrl.TYPE_SCREEN_ACCOUNT_LIST|81
14:13:50.0 (3444958)|STATEMENT_EXECUTE|[26]
14:13:50.0 (3447141)|HEAP_ALLOCATE|[26]|Bytes:4
14:13:50.0 (3451997)|VARIABLE_ASSIGNMENT|[26]|auMainTopCompCtrl.TYPE_SCREEN_ACTIVITY_LIST|82
14:13:50.0 (3455534)|STATEMENT_EXECUTE|[27]
14:13:50.0 (3457438)|HEAP_ALLOCATE|[27]|Bytes:4
14:13:50.0 (3464390)|VARIABLE_ASSIGNMENT|[27]|auMainTopCompCtrl.TYPE_SCREEN_FILE_LIST|83
14:13:50.0 (3472681)|METHOD_EXIT|[1]|auMainTopCompCtrl
14:13:50.0 (3496092)|HEAP_ALLOCATE|[EXTERNAL]|Bytes:44
14:13:50.0 (3505118)|VARIABLE_SCOPE_BEGIN|[48]|this|auMainTopCompCtrl|true|false
14:13:50.0 (3565258)|VARIABLE_ASSIGNMENT|[48]|this|{}|0x5a5c10b4
14:13:50.0 (3575409)|STATEMENT_EXECUTE|[1]
14:13:50.0 (3577162)|STATEMENT_EXECUTE|[29]
14:13:50.0 (3578672)|STATEMENT_EXECUTE|[30]
14:13:50.0 (3580016)|STATEMENT_EXECUTE|[31]
14:13:50.0 (3581839)|STATEMENT_EXECUTE|[34]
14:13:50.0 (3583202)|STATEMENT_EXECUTE|[35]
14:13:50.0 (3584652)|STATEMENT_EXECUTE|[36]
14:13:50.0 (3586279)|STATEMENT_EXECUTE|[38]
14:13:50.0 (3587718)|STATEMENT_EXECUTE|[39]
14:13:50.0 (3589150)|STATEMENT_EXECUTE|[41]
14:13:50.0 (3590608)|STATEMENT_EXECUTE|[46]
14:13:50.0 (3624235)|HEAP_ALLOCATE|[50]|Bytes:5
14:13:50.0 (3661591)|HEAP_ALLOCATE|[56]|Bytes:5
14:13:50.0 (3672521)|HEAP_ALLOCATE|[64]|Bytes:7
14:13:50.0 (3698169)|HEAP_ALLOCATE|[46]|Bytes:5
14:13:50.0 (3710157)|VARIABLE_ASSIGNMENT|[46]|this.isSAUser|false|0x5a5c10b4
14:13:50.0 (3720570)|HEAP_ALLOCATE|[46]|Bytes:6
14:13:50.0 (3758051)|STATEMENT_EXECUTE|[48]
14:13:50.0 (3760874)|STATEMENT_EXECUTE|[49]
14:13:50.0 (3845851)|VARIABLE_ASSIGNMENT|[EXTERNAL]|this|{"isSAUser":false}|0x5a5c10b4
14:13:50.0 (3864664)|VARIABLE_ASSIGNMENT|[EXTERNAL]|value|0
14:13:50.0 (3876206)|HEAP_ALLOCATE|[34]|Bytes:4
14:13:50.0 (3887903)|VARIABLE_ASSIGNMENT|[34]|this.iTypeOfScreen|0|0x5a5c10b4
14:13:50.0 (3902227)|STATEMENT_EXECUTE|[51]
14:13:50.0 (4319280)|HEAP_ALLOCATE|[51]|Bytes:152
14:13:50.0 (4409346)|VARIABLE_ASSIGNMENT|[EXTERNAL]|this|{"isSAUser":false,"iTypeOfScreen":0}|0x5a5c10b4
14:13:50.0 (4426272)|VARIABLE_ASSIGNMENT|[EXTERNAL]|value|"https://cs6.lightnin (84 more) ..."
14:13:50.0 (4439573)|VARIABLE_ASSIGNMENT|[39]|this.urlReportsSFA|"https://cs6.lightnin (84 more) ..."|0x5a5c10b4
14:13:50.0 (4448584)|STATEMENT_EXECUTE|[53]
14:13:50.0 (4452416)|HEAP_ALLOCATE|[53]|Bytes:202
14:13:50.0 (4481579)|HEAP_ALLOCATE|[53]|Bytes:4
14:13:50.0 (4496930)|HEAP_ALLOCATE|[53]|Bytes:7
14:13:50.0 (4537953)|HEAP_ALLOCATE|[58]|Bytes:93
14:13:50.0 (4548281)|SYSTEM_METHOD_ENTRY|[1]|UserInfo.UserInfo()
14:13:50.0 (4552386)|STATEMENT_EXECUTE|[1]
14:13:50.0 (4557524)|SYSTEM_METHOD_EXIT|[1]|UserInfo
14:13:50.0 (4567152)|METHOD_ENTRY|[58]||System.UserInfo.getUserId()
14:13:50.0 (4605675)|METHOD_EXIT|[58]||System.UserInfo.getUserId()
14:13:50.0 (5333897)|SOQL_EXECUTE_BEGIN|[53]|Aggregations:0|SELECT SmallPhotoUrl, Account.Name, Account.RegionalOfficeId__r.RegionalOfficeName__c, Account.BranchId__r.BranchName__c, Name, Department, UserRole.Name, Profile.Name FROM User WHERE User.ID = :tmpVar1
14:13:50.0 (17806371)|SOQL_EXECUTE_END|[53]|Rows:1
14:13:50.0 (17848133)|HEAP_ALLOCATE|[53]|Bytes:8
14:13:50.0 (17887483)|HEAP_ALLOCATE|[53]|Bytes:264
14:13:50.0 (18043472)|HEAP_ALLOCATE|[53]|Bytes:8
14:13:50.0 (18068579)|HEAP_ALLOCATE|[53]|Bytes:30
14:13:50.0 (18141568)|HEAP_ALLOCATE|[53]|Bytes:32
14:13:50.0 (18262649)|VARIABLE_ASSIGNMENT|[EXTERNAL]|this|{"isSAUser":false,"iTypeOfScreen":0,"urlReportsSFA":"https://cs6.lightnin (84 more) ..."}|0x5a5c10b4
14:13:50.0 (18294167)|VARIABLE_ASSIGNMENT|[EXTERNAL]|value|{"SmallPhotoUrl":"/profilephoto/005/T","Name":"Duc","UserRoleId":"00EN0000000pDkiMAE","ProfileId":"00e6F000002RS1oQAG","Id":"005N00000057RPNIA2","UserRole":{"Name":"コンシューマ事業本部","Id":"00EN0000000pDkiMAE"},"Profile":{"Name":"System Administrator","Id":"00e6F000002RS1oQAG"}}|0x30a49cfc
14:13:50.0 (18328035)|VARIABLE_ASSIGNMENT|[38]|this.currentUser|{"SmallPhotoUrl":"/profilephoto/005/T","Name":"Duc","UserRoleId":"00EN0000000pDkiMAE","ProfileId":"00e6F000002RS1oQAG","Id":"005N00000057RPNIA2","UserRole":{"Name":"コンシューマ事業本部","Id":"00EN0000000pDkiMAE"},"Profile":{"Name":"System Administrator","Id":"00e6F000002RS1oQAG"}}|0x5a5c10b4
14:13:50.0 (18342948)|STATEMENT_EXECUTE|[60]
14:13:50.0 (18405306)|VARIABLE_ASSIGNMENT|[EXTERNAL]|this|{"currentUser":"0x30a49cfc","isSAUser":false,"iTypeOfScreen":0,"urlReportsSFA":"https://cs6.lightnin (84 more) ..."}|0x5a5c10b4
14:13:50.0 (48422092)|VARIABLE_SCOPE_BEGIN|[138]|auConstantCmn.ACCESS_TYPE_KDDI|String|false|true
14:13:50.0 (48452735)|VARIABLE_SCOPE_BEGIN|[137]|auConstantCmn.ACCESS_TYPE_SA|String|false|true
14:13:50.0 (48465735)|VARIABLE_SCOPE_BEGIN|[139]|auConstantCmn.ACCESS_TYPE_SHOP|String|false|true
14:13:50.0 (48478103)|VARIABLE_SCOPE_BEGIN|[58]|auConstantCmn.ACCOUNT_CHANNEL_DAIRITEN|String|false|true
14:13:50.0 (48489907)|VARIABLE_SCOPE_BEGIN|[56]|auConstantCmn.ACCOUNT_CHANNEL_SHOP|String|false|true
14:13:50.0 (48501398)|VARIABLE_SCOPE_BEGIN|[57]|auConstantCmn.ACCOUNT_CHANNEL_UNEIHOJIN|String|false|true
14:13:50.0 (48512586)|VARIABLE_SCOPE_BEGIN|[113]|auConstantCmn.CX_KNOWLEDGE_SHARING_NATIONAL|String|false|true
14:13:50.0 (48525145)|VARIABLE_SCOPE_BEGIN|[112]|auConstantCmn.CX_KNOWLEDGE_SHARING_REGIONAL_OFFICE|String|false|true
14:13:50.0 (48537760)|VARIABLE_SCOPE_BEGIN|[118]|auConstantCmn.CX_KNOWLEDGE_STATUS_APPROVED|String|false|true
14:13:50.0 (48550727)|VARIABLE_SCOPE_BEGIN|[119]|auConstantCmn.CX_KNOWLEDGE_STATUS_NATIONAL_APPROVED|String|false|true
14:13:50.0 (48558783)|VARIABLE_SCOPE_BEGIN|[120]|auConstantCmn.CX_KNOWLEDGE_STATUS_REJECTED|String|false|true
14:13:50.0 (48566083)|VARIABLE_SCOPE_BEGIN|[117]|auConstantCmn.CX_KNOWLEDGE_STATUS_SAVED|String|false|true
14:13:50.0 (48573882)|VARIABLE_SCOPE_BEGIN|[116]|auConstantCmn.CX_KNOWLEDGE_STATUS_TEMPORARY_SAVED|String|false|true
14:13:50.0 (48580914)|VARIABLE_SCOPE_BEGIN|[20]|auConstantCmn.FORGOT_PASSWORD_ERR_MESSAGE001|String|false|true
14:13:50.0 (48587598)|VARIABLE_SCOPE_BEGIN|[21]|auConstantCmn.FORGOT_PASSWORD_ERR_MESSAGE002|String|false|true
14:13:50.0 (48594566)|VARIABLE_SCOPE_BEGIN|[134]|auConstantCmn.HONBU_DIRECT_DETAIL_TYPE_FAVORITE|String|false|true
14:13:50.0 (48601487)|VARIABLE_SCOPE_BEGIN|[133]|auConstantCmn.HONBU_DIRECT_DETAIL_TYPE_READ|String|false|true
14:13:50.0 (48609510)|VARIABLE_SCOPE_BEGIN|[132]|auConstantCmn.HONBU_DIRECT_DETAIL_TYPE_VIEW|String|false|true
14:13:50.0 (48617577)|VARIABLE_SCOPE_BEGIN|[124]|auConstantCmn.KDDI_KNOWLEDGE_STATUS_SAVED|String|false|true
14:13:50.0 (48625441)|VARIABLE_SCOPE_BEGIN|[123]|auConstantCmn.KDDI_KNOWLEDGE_STATUS_TEMPORARY_SAVED|String|false|true
14:13:50.0 (48632302)|VARIABLE_SCOPE_BEGIN|[14]|auConstantCmn.LOGIN_ERR_MESSAGE001|String|false|true
14:13:50.0 (48639171)|VARIABLE_SCOPE_BEGIN|[15]|auConstantCmn.LOGIN_ERR_MESSAGE002|String|false|true
14:13:50.0 (48649895)|VARIABLE_SCOPE_BEGIN|[16]|auConstantCmn.LOGIN_ERR_MESSAGE003|String|false|true
14:13:50.0 (48658276)|VARIABLE_SCOPE_BEGIN|[17]|auConstantCmn.LOGIN_ERR_MESSAGE004|String|false|true
14:13:50.0 (48666066)|VARIABLE_SCOPE_BEGIN|[99]|auConstantCmn.PAGE_ALIAS_SHOP_CX|String|false|true
14:13:50.0 (48674093)|VARIABLE_SCOPE_BEGIN|[90]|auConstantCmn.PAGE_ALIAS_SHOP_EVENTS|String|false|true
14:13:50.0 (48681421)|VARIABLE_SCOPE_BEGIN|[72]|auConstantCmn.PAGE_ALIAS_SHOP_FORGOTPW|String|false|true
14:13:50.0 (48688696)|VARIABLE_SCOPE_BEGIN|[80]|auConstantCmn.PAGE_ALIAS_SHOP_FORGOTPWCOMP|String|false|true
14:13:50.0 (48697126)|VARIABLE_SCOPE_BEGIN|[76]|auConstantCmn.PAGE_ALIAS_SHOP_FORGOTPWFORCE|String|false|true
14:13:50.0 (48704837)|VARIABLE_SCOPE_BEGIN|[87]|auConstantCmn.PAGE_ALIAS_SHOP_HOME|String|false|true
14:13:50.0 (48712934)|VARIABLE_SCOPE_BEGIN|[64]|auConstantCmn.PAGE_ALIAS_SHOP_LOGIN|String|false|true
14:13:50.0 (48721178)|VARIABLE_SCOPE_BEGIN|[68]|auConstantCmn.PAGE_ALIAS_SHOP_LOGOUT|String|false|true
14:13:50.0 (48729470)|VARIABLE_SCOPE_BEGIN|[84]|auConstantCmn.PAGE_ALIAS_SHOP_PASSWORDSIGNUP|String|false|true
14:13:50.0 (48737132)|VARIABLE_SCOPE_BEGIN|[105]|auConstantCmn.PAGE_ALIAS_SHOP_SCHEDULE|String|false|true
14:13:50.0 (48744953)|VARIABLE_SCOPE_BEGIN|[108]|auConstantCmn.PAGE_ALIAS_SHOP_SCHEDULE_LIST|String|false|true
14:13:50.0 (48753762)|VARIABLE_SCOPE_BEGIN|[93]|auConstantCmn.PAGE_ALIAS_SHOP_STPD|String|false|true
14:13:50.0 (48761600)|VARIABLE_SCOPE_BEGIN|[102]|auConstantCmn.PAGE_ALIAS_SHOP_TIMELINE_CX|String|false|true
14:13:50.0 (48769739)|VARIABLE_SCOPE_BEGIN|[96]|auConstantCmn.PAGE_ALIAS_SHOP_TIMELINE_STPD|String|false|true
14:13:50.0 (48778502)|VARIABLE_SCOPE_BEGIN|[98]|auConstantCmn.PAGE_VF_SHOP_CX|String|false|true
14:13:50.0 (48787301)|VARIABLE_SCOPE_BEGIN|[89]|auConstantCmn.PAGE_VF_SHOP_EVENTS|String|false|true
14:13:50.0 (48795891)|VARIABLE_SCOPE_BEGIN|[71]|auConstantCmn.PAGE_VF_SHOP_FORGOTPW|String|false|true
14:13:50.0 (48803636)|VARIABLE_SCOPE_BEGIN|[79]|auConstantCmn.PAGE_VF_SHOP_FORGOTPWCOMP|String|false|true
14:13:50.0 (48812596)|VARIABLE_SCOPE_BEGIN|[75]|auConstantCmn.PAGE_VF_SHOP_FORGOTPWFORCE|String|false|true
14:13:50.0 (48820906)|VARIABLE_SCOPE_BEGIN|[86]|auConstantCmn.PAGE_VF_SHOP_HOME|String|false|true
14:13:50.0 (48830178)|VARIABLE_SCOPE_BEGIN|[63]|auConstantCmn.PAGE_VF_SHOP_LOGIN|String|false|true
14:13:50.0 (48838499)|VARIABLE_SCOPE_BEGIN|[67]|auConstantCmn.PAGE_VF_SHOP_LOGOUT|String|false|true
14:13:50.0 (48848213)|VARIABLE_SCOPE_BEGIN|[83]|auConstantCmn.PAGE_VF_SHOP_PASSWORDSIGNUP|String|false|true
14:13:50.0 (48856625)|VARIABLE_SCOPE_BEGIN|[104]|auConstantCmn.PAGE_VF_SHOP_SCHEDULE|String|false|true
14:13:50.0 (48865907)|VARIABLE_SCOPE_BEGIN|[107]|auConstantCmn.PAGE_VF_SHOP_SCHEDULE_LIST|String|false|true
14:13:50.0 (48874786)|VARIABLE_SCOPE_BEGIN|[92]|auConstantCmn.PAGE_VF_SHOP_STPD|String|false|true
14:13:50.0 (48884232)|VARIABLE_SCOPE_BEGIN|[101]|auConstantCmn.PAGE_VF_SHOP_TIMELINE_CX|String|false|true
14:13:50.0 (48892614)|VARIABLE_SCOPE_BEGIN|[95]|auConstantCmn.PAGE_VF_SHOP_TIMELINE_STPD|String|false|true
14:13:50.0 (48901655)|VARIABLE_SCOPE_BEGIN|[29]|auConstantCmn.PASSWORD_SIGNUP_ERR_EXPIREDURL|String|false|true
14:13:50.0 (48911118)|VARIABLE_SCOPE_BEGIN|[32]|auConstantCmn.PASSWORD_SIGNUP_ERR_INTERNAL|String|false|true
14:13:50.0 (48920588)|VARIABLE_SCOPE_BEGIN|[30]|auConstantCmn.PASSWORD_SIGNUP_ERR_INVALIDURL|String|false|true
14:13:50.0 (48929862)|VARIABLE_SCOPE_BEGIN|[24]|auConstantCmn.PASSWORD_SIGNUP_ERR_MESSAGE001|String|false|true
14:13:50.0 (48938214)|VARIABLE_SCOPE_BEGIN|[25]|auConstantCmn.PASSWORD_SIGNUP_ERR_MESSAGE002|String|false|true
14:13:50.0 (48947725)|VARIABLE_SCOPE_BEGIN|[26]|auConstantCmn.PASSWORD_SIGNUP_ERR_MESSAGE003|String|false|true
14:13:50.0 (48956779)|VARIABLE_SCOPE_BEGIN|[27]|auConstantCmn.PASSWORD_SIGNUP_ERR_MESSAGE004|String|false|true
14:13:50.0 (48965448)|VARIABLE_SCOPE_BEGIN|[28]|auConstantCmn.PASSWORD_SIGNUP_ERR_MESSAGE005|String|false|true
14:13:50.0 (48974953)|VARIABLE_SCOPE_BEGIN|[31]|auConstantCmn.PASSWORD_SIGNUP_ERR_OLDURL|String|false|true
14:13:50.0 (48983908)|VARIABLE_SCOPE_BEGIN|[36]|auConstantCmn.PROFILE_COMMUNITY_MANAGEMENT|String|false|true
14:13:50.0 (48993447)|VARIABLE_SCOPE_BEGIN|[37]|auConstantCmn.PROFILE_COMMUNITY_PRIMARY_AGENT|String|false|true
14:13:50.0 (49003347)|VARIABLE_SCOPE_BEGIN|[35]|auConstantCmn.PROFILE_COMMUNITY_SHOP|String|false|true
14:13:50.0 (49013451)|VARIABLE_SCOPE_BEGIN|[50]|auConstantCmn.PROFILE_EVOLVA_ADMIN_USER|String|false|true
14:13:50.0 (49022884)|VARIABLE_SCOPE_BEGIN|[49]|auConstantCmn.PROFILE_EVOLVA_USER|String|false|true
14:13:50.0 (49031952)|VARIABLE_SCOPE_BEGIN|[38]|auConstantCmn.PROFILE_KDDI_BRANCH|String|false|true
14:13:50.0 (49041287)|VARIABLE_SCOPE_BEGIN|[40]|auConstantCmn.PROFILE_KDDI_HEADQUARTERS|String|false|true
14:13:50.0 (49050579)|VARIABLE_SCOPE_BEGIN|[41]|auConstantCmn.PROFILE_KDDI_HEADQUARTERS_V2|String|false|true
14:13:50.0 (49060560)|VARIABLE_SCOPE_BEGIN|[43]|auConstantCmn.PROFILE_KDDI_KNOWLEDGE_ACTIVITIES|String|false|true
14:13:50.0 (49071062)|VARIABLE_SCOPE_BEGIN|[42]|auConstantCmn.PROFILE_KDDI_KNOWLEDGE_ONLY|String|false|true
14:13:50.0 (49081479)|VARIABLE_SCOPE_BEGIN|[44]|auConstantCmn.PROFILE_KDDI_OKINAWA_SHISHA|String|false|true
14:13:50.0 (49097894)|VARIABLE_SCOPE_BEGIN|[45]|auConstantCmn.PROFILE_KDDI_OKINAWA_SHITEN_1|String|false|true
14:13:50.0 (49108604)|VARIABLE_SCOPE_BEGIN|[46]|auConstantCmn.PROFILE_KDDI_OKINAWA_SHITEN_2|String|false|true
14:13:50.0 (49118029)|VARIABLE_SCOPE_BEGIN|[39]|auConstantCmn.PROFILE_KDDI_REGIONAL_OFFICE|String|false|true
14:13:50.0 (49128507)|VARIABLE_SCOPE_BEGIN|[48]|auConstantCmn.PROFILE_SA_USER_CSA|String|false|true
14:13:50.0 (49138574)|VARIABLE_SCOPE_BEGIN|[47]|auConstantCmn.PROFILE_SA_USER_SA|String|false|true
14:13:50.0 (49148127)|VARIABLE_SCOPE_BEGIN|[51]|auConstantCmn.PROFILE_SYSADMIN_CUSTOM|String|false|true
14:13:50.0 (49158315)|VARIABLE_SCOPE_BEGIN|[52]|auConstantCmn.PROFILE_SYSADMIN_DEFAULT_EN|String|false|true
14:13:50.0 (49168010)|VARIABLE_SCOPE_BEGIN|[53]|auConstantCmn.PROFILE_SYSADMIN_DEFAULT_JP|String|false|true
14:13:50.0 (49178198)|VARIABLE_SCOPE_BEGIN|[9]|auConstantCmn.ROLE_CODE_EVOLVA_HONBU|String|false|true
14:13:50.0 (49190973)|VARIABLE_SCOPE_BEGIN|[10]|auConstantCmn.ROLE_CODE_EVOLVA_SHISHA|String|false|true
14:13:50.0 (49210866)|VARIABLE_SCOPE_BEGIN|[11]|auConstantCmn.ROLE_CODE_EVOLVA_SHITEN|String|false|true
14:13:50.0 (49229992)|VARIABLE_SCOPE_BEGIN|[7]|auConstantCmn.ROLE_CODE_HONBU|String|false|true
14:13:50.0 (49250271)|VARIABLE_SCOPE_BEGIN|[8]|auConstantCmn.ROLE_CODE_SA_HONBU|String|false|true
14:13:50.0 (49262917)|VARIABLE_SCOPE_BEGIN|[129]|auConstantCmn.USER_CLASSIFICATION_CONTRACTOR|String|false|true
14:13:50.0 (49274296)|VARIABLE_SCOPE_BEGIN|[128]|auConstantCmn.USER_CLASSIFICATION_CSA|String|false|true
14:13:50.0 (49285997)|VARIABLE_SCOPE_BEGIN|[127]|auConstantCmn.USER_CLASSIFICATION_SA|String|false|true
14:13:50.0 (49311861)|HEAP_ALLOCATE|[60]|Bytes:11
14:13:50.0 (49344017)|VARIABLE_ASSIGNMENT|[60]|auConstantCmn.ACCESS_TYPE_KDDI|"KDDI_ACCESS"
14:13:50.0 (49349831)|HEAP_ALLOCATE|[60]|Bytes:9
14:13:50.0 (49356459)|VARIABLE_ASSIGNMENT|[60]|auConstantCmn.ACCESS_TYPE_SA|"SA_ACCESS"
14:13:50.0 (49362073)|HEAP_ALLOCATE|[60]|Bytes:11
14:13:50.0 (49371541)|VARIABLE_ASSIGNMENT|[60]|auConstantCmn.ACCESS_TYPE_SHOP|"SHOP_ACCESS"
14:13:50.0 (49378932)|HEAP_ALLOCATE|[60]|Bytes:5
14:13:50.0 (49388792)|VARIABLE_ASSIGNMENT|[60]|auConstantCmn.ACCOUNT_CHANNEL_DAIRITEN|"一次代理店"
14:13:50.0 (49396407)|HEAP_ALLOCATE|[60]|Bytes:6
14:13:50.0 (49405503)|VARIABLE_ASSIGNMENT|[60]|auConstantCmn.ACCOUNT_CHANNEL_SHOP|"auショップ"
14:13:50.0 (49412074)|HEAP_ALLOCATE|[60]|Bytes:4
14:13:50.0 (49420947)|VARIABLE_ASSIGNMENT|[60]|auConstantCmn.ACCOUNT_CHANNEL_UNEIHOJIN|"運営法人"
14:13:50.0 (49427752)|HEAP_ALLOCATE|[60]|Bytes:8
14:13:50.0 (49436364)|VARIABLE_ASSIGNMENT|[60]|auConstantCmn.CX_KNOWLEDGE_SHARING_NATIONAL|"National"
14:13:50.0 (49443529)|HEAP_ALLOCATE|[60]|Bytes:14
14:13:50.0 (49452681)|VARIABLE_ASSIGNMENT|[60]|auConstantCmn.CX_KNOWLEDGE_SHARING_REGIONAL_OFFICE|"RegionalOffice"
14:13:50.0 (49459844)|HEAP_ALLOCATE|[60]|Bytes:8
14:13:50.0 (49470007)|VARIABLE_ASSIGNMENT|[60]|auConstantCmn.CX_KNOWLEDGE_STATUS_APPROVED|"Approved"
14:13:50.0 (49477090)|HEAP_ALLOCATE|[60]|Bytes:16
14:13:50.0 (49487567)|VARIABLE_ASSIGNMENT|[60]|auConstantCmn.CX_KNOWLEDGE_STATUS_NATIONAL_APPROVED|"NationalApproved"
14:13:50.0 (49494441)|HEAP_ALLOCATE|[60]|Bytes:8
14:13:50.0 (49504029)|VARIABLE_ASSIGNMENT|[60]|auConstantCmn.CX_KNOWLEDGE_STATUS_REJECTED|"Rejected"
14:13:50.0 (49511306)|HEAP_ALLOCATE|[60]|Bytes:5
14:13:50.0 (49521712)|VARIABLE_ASSIGNMENT|[60]|auConstantCmn.CX_KNOWLEDGE_STATUS_SAVED|"Saved"
14:13:50.0 (49528239)|HEAP_ALLOCATE|[60]|Bytes:14
14:13:50.0 (49539122)|VARIABLE_ASSIGNMENT|[60]|auConstantCmn.CX_KNOWLEDGE_STATUS_TEMPORARY_SAVED|"TemporarySaved"
14:13:50.0 (49545864)|HEAP_ALLOCATE|[60]|Bytes:12
14:13:50.0 (49556021)|VARIABLE_ASSIGNMENT|[60]|auConstantCmn.FORGOT_PASSWORD_ERR_MESSAGE001|"IDを入力してください。"
14:13:50.0 (49563946)|HEAP_ALLOCATE|[60]|Bytes:35
14:13:50.0 (49578254)|VARIABLE_ASSIGNMENT|[60]|auConstantCmn.FORGOT_PASSWORD_ERR_MESSAGE002|"入力されたIDは正しくありません。半角英 (15 more) ..."
14:13:50.0 (49585401)|HEAP_ALLOCATE|[60]|Bytes:8
14:13:50.0 (49595987)|VARIABLE_ASSIGNMENT|[60]|auConstantCmn.HONBU_DIRECT_DETAIL_TYPE_FAVORITE|"FAVORITE"
14:13:50.0 (49603394)|HEAP_ALLOCATE|[60]|Bytes:4
14:13:50.0 (49614330)|VARIABLE_ASSIGNMENT|[60]|auConstantCmn.HONBU_DIRECT_DETAIL_TYPE_READ|"READ"
14:13:50.0 (49621056)|HEAP_ALLOCATE|[60]|Bytes:4
14:13:50.0 (49630994)|VARIABLE_ASSIGNMENT|[60]|auConstantCmn.HONBU_DIRECT_DETAIL_TYPE_VIEW|"VIEW"
14:13:50.0 (49637591)|HEAP_ALLOCATE|[60]|Bytes:5
14:13:50.0 (49648335)|VARIABLE_ASSIGNMENT|[60]|auConstantCmn.KDDI_KNOWLEDGE_STATUS_SAVED|"Saved"
14:13:50.0 (49655815)|HEAP_ALLOCATE|[60]|Bytes:14
14:13:50.0 (49666830)|VARIABLE_ASSIGNMENT|[60]|auConstantCmn.KDDI_KNOWLEDGE_STATUS_TEMPORARY_SAVED|"TemporarySaved"
14:13:50.0 (49674047)|HEAP_ALLOCATE|[60]|Bytes:15
14:13:50.0 (49685930)|VARIABLE_ASSIGNMENT|[60]|auConstantCmn.LOGIN_ERR_MESSAGE001|"パスワードを入力してください。"
14:13:50.0 (49693139)|HEAP_ALLOCATE|[60]|Bytes:27
14:13:50.0 (49706690)|VARIABLE_ASSIGNMENT|[60]|auConstantCmn.LOGIN_ERR_MESSAGE002|"8文字以上の英数字混在のパスワードを指定 (7 more) ..."
14:13:50.0 (49714599)|HEAP_ALLOCATE|[60]|Bytes:19
14:13:50.0 (49726376)|VARIABLE_ASSIGNMENT|[60]|auConstantCmn.LOGIN_ERR_MESSAGE003|"ID或いはパスワードが間違っています。"
14:13:50.0 (49734166)|HEAP_ALLOCATE|[60]|Bytes:46
14:13:50.0 (49747315)|VARIABLE_ASSIGNMENT|[60]|auConstantCmn.LOGIN_ERR_MESSAGE004|"ログイン失敗回数を超えた為、ロックされま (26 more) ..."
14:13:50.0 (49755386)|HEAP_ALLOCATE|[60]|Bytes:3
14:13:50.0 (49767063)|VARIABLE_ASSIGNMENT|[60]|auConstantCmn.PAGE_ALIAS_SHOP_CX|"/CX"
14:13:50.0 (49774278)|HEAP_ALLOCATE|[60]|Bytes:7
14:13:50.0 (49786382)|VARIABLE_ASSIGNMENT|[60]|auConstantCmn.PAGE_ALIAS_SHOP_EVENTS|"/events"
14:13:50.0 (49793641)|HEAP_ALLOCATE|[60]|Bytes:16
14:13:50.0 (49805784)|VARIABLE_ASSIGNMENT|[60]|auConstantCmn.PAGE_ALIAS_SHOP_FORGOTPW|"/forgot-password"
14:13:50.0 (49813953)|HEAP_ALLOCATE|[60]|Bytes:25
14:13:50.0 (49827579)|VARIABLE_ASSIGNMENT|[60]|auConstantCmn.PAGE_ALIAS_SHOP_FORGOTPWCOMP|"/forgot-password-com (5 more) ..."
14:13:50.0 (49835232)|HEAP_ALLOCATE|[60]|Bytes:22
14:13:50.0 (49849165)|VARIABLE_ASSIGNMENT|[60]|auConstantCmn.PAGE_ALIAS_SHOP_FORGOTPWFORCE|"/forgot-password-for (2 more) ..."
14:13:50.0 (49856444)|HEAP_ALLOCATE|[60]|Bytes:5
14:13:50.0 (49867968)|VARIABLE_ASSIGNMENT|[60]|auConstantCmn.PAGE_ALIAS_SHOP_HOME|"/home"
14:13:50.0 (49875432)|HEAP_ALLOCATE|[60]|Bytes:6
14:13:50.0 (49886846)|VARIABLE_ASSIGNMENT|[60]|auConstantCmn.PAGE_ALIAS_SHOP_LOGIN|"/login"
14:13:50.0 (49894018)|HEAP_ALLOCATE|[60]|Bytes:7
14:13:50.0 (49905084)|VARIABLE_ASSIGNMENT|[60]|auConstantCmn.PAGE_ALIAS_SHOP_LOGOUT|"/logout"
14:13:50.0 (49911793)|HEAP_ALLOCATE|[60]|Bytes:16
14:13:50.0 (49923763)|VARIABLE_ASSIGNMENT|[60]|auConstantCmn.PAGE_ALIAS_SHOP_PASSWORDSIGNUP|"/password-signup"
14:13:50.0 (49930448)|HEAP_ALLOCATE|[60]|Bytes:9
14:13:50.0 (49941774)|VARIABLE_ASSIGNMENT|[60]|auConstantCmn.PAGE_ALIAS_SHOP_SCHEDULE|"/calendar"
14:13:50.0 (49948878)|HEAP_ALLOCATE|[60]|Bytes:11
14:13:50.0 (49961614)|VARIABLE_ASSIGNMENT|[60]|auConstantCmn.PAGE_ALIAS_SHOP_SCHEDULE_LIST|"/activities"
14:13:50.0 (49968567)|HEAP_ALLOCATE|[60]|Bytes:5
14:13:50.0 (49980420)|VARIABLE_ASSIGNMENT|[60]|auConstantCmn.PAGE_ALIAS_SHOP_STPD|"/STPD"
14:13:50.0 (49987225)|HEAP_ALLOCATE|[60]|Bytes:11
14:13:50.0 (49998997)|VARIABLE_ASSIGNMENT|[60]|auConstantCmn.PAGE_ALIAS_SHOP_TIMELINE_CX|"/timelineCX"
14:13:50.0 (50010091)|HEAP_ALLOCATE|[60]|Bytes:13
14:13:50.0 (50024111)|VARIABLE_ASSIGNMENT|[60]|auConstantCmn.PAGE_ALIAS_SHOP_TIMELINE_STPD|"/timelineSTPD"
14:13:50.0 (50030909)|HEAP_ALLOCATE|[60]|Bytes:27
14:13:50.0 (50044814)|VARIABLE_ASSIGNMENT|[60]|auConstantCmn.PAGE_VF_SHOP_CX|"/apex/auCXKnowledgeL (7 more) ..."
14:13:50.0 (50051425)|HEAP_ALLOCATE|[60]|Bytes:22
14:13:50.0 (50064973)|VARIABLE_ASSIGNMENT|[60]|auConstantCmn.PAGE_VF_SHOP_EVENTS|"/apex/auEventsListPa (2 more) ..."
14:13:50.0 (50072527)|HEAP_ALLOCATE|[60]|Bytes:21
14:13:50.0 (50091450)|VARIABLE_ASSIGNMENT|[60]|auConstantCmn.PAGE_VF_SHOP_FORGOTPW|"/auForgotPasswordPag (1 more) ..."
14:13:50.0 (50098743)|HEAP_ALLOCATE|[60]|Bytes:29
14:13:50.0 (50120363)|VARIABLE_ASSIGNMENT|[60]|auConstantCmn.PAGE_VF_SHOP_FORGOTPWCOMP|"/auForgotPasswordCom (9 more) ..."
14:13:50.0 (50128107)|HEAP_ALLOCATE|[60]|Bytes:26
14:13:50.0 (50142018)|VARIABLE_ASSIGNMENT|[60]|auConstantCmn.PAGE_VF_SHOP_FORGOTPWFORCE|"/auForgotPasswordFor (6 more) ..."
14:13:50.0 (50149015)|HEAP_ALLOCATE|[60]|Bytes:24
14:13:50.0 (50162297)|VARIABLE_ASSIGNMENT|[60]|auConstantCmn.PAGE_VF_SHOP_HOME|"/apex/auSwitchScreen (4 more) ..."
14:13:50.0 (50169706)|HEAP_ALLOCATE|[60]|Bytes:12
14:13:50.0 (50182277)|VARIABLE_ASSIGNMENT|[60]|auConstantCmn.PAGE_VF_SHOP_LOGIN|"/auLoginPage"
14:13:50.0 (50189380)|HEAP_ALLOCATE|[60]|Bytes:13
14:13:50.0 (50202166)|VARIABLE_ASSIGNMENT|[60]|auConstantCmn.PAGE_VF_SHOP_LOGOUT|"/auLogoutPage"
14:13:50.0 (50209988)|HEAP_ALLOCATE|[60]|Bytes:21
14:13:50.0 (50224311)|VARIABLE_ASSIGNMENT|[60]|auConstantCmn.PAGE_VF_SHOP_PASSWORDSIGNUP|"/auPasswordSignupPag (1 more) ..."
14:13:50.0 (50231291)|HEAP_ALLOCATE|[60]|Bytes:16
14:13:50.0 (50244586)|VARIABLE_ASSIGNMENT|[60]|auConstantCmn.PAGE_VF_SHOP_SCHEDULE|"/apex/auSchedule"
14:13:50.0 (50251792)|HEAP_ALLOCATE|[60]|Bytes:20
14:13:50.0 (50265120)|VARIABLE_ASSIGNMENT|[60]|auConstantCmn.PAGE_VF_SHOP_SCHEDULE_LIST|"/apex/auScheduleList"
14:13:50.0 (50271963)|HEAP_ALLOCATE|[60]|Bytes:20
14:13:50.0 (50285475)|VARIABLE_ASSIGNMENT|[60]|auConstantCmn.PAGE_VF_SHOP_STPD|"/apex/auSTPDListPage"
14:13:50.0 (50292737)|HEAP_ALLOCATE|[60]|Bytes:31
14:13:50.0 (50308406)|VARIABLE_ASSIGNMENT|[60]|auConstantCmn.PAGE_VF_SHOP_TIMELINE_CX|"/apex/auCxKnowledgeT (11 more) ..."
14:13:50.0 (50315631)|HEAP_ALLOCATE|[60]|Bytes:24
14:13:50.0 (50330241)|VARIABLE_ASSIGNMENT|[60]|auConstantCmn.PAGE_VF_SHOP_TIMELINE_STPD|"/apex/auSTPDTimeline (4 more) ..."
14:13:50.0 (50337778)|HEAP_ALLOCATE|[60]|Bytes:55
14:13:50.0 (50352873)|VARIABLE_ASSIGNMENT|[60]|auConstantCmn.PASSWORD_SIGNUP_ERR_EXPIREDURL|"パスワードリセットの有効期限が切れていま (35 more) ..."
14:13:50.0 (50360381)|HEAP_ALLOCATE|[60]|Bytes:27
14:13:50.0 (50375398)|VARIABLE_ASSIGNMENT|[60]|auConstantCmn.PASSWORD_SIGNUP_ERR_INTERNAL|"内部エラーが発生しました。サイト管理者に (7 more) ..."
14:13:50.0 (50383114)|HEAP_ALLOCATE|[60]|Bytes:51
14:13:50.0 (50398474)|VARIABLE_ASSIGNMENT|[60]|auConstantCmn.PASSWORD_SIGNUP_ERR_INVALIDURL|"不正なパスワードリセットURLです。<b (31 more) ..."
14:13:50.0 (50406445)|HEAP_ALLOCATE|[60]|Bytes:15
14:13:50.0 (50421075)|VARIABLE_ASSIGNMENT|[60]|auConstantCmn.PASSWORD_SIGNUP_ERR_MESSAGE001|"パスワードを入力してください。"
14:13:50.0 (50428552)|HEAP_ALLOCATE|[60]|Bytes:19
14:13:50.0 (50442357)|VARIABLE_ASSIGNMENT|[60]|auConstantCmn.PASSWORD_SIGNUP_ERR_MESSAGE002|"確認用のパスワードを入力してください。"
14:13:50.0 (50450360)|HEAP_ALLOCATE|[60]|Bytes:27
14:13:50.0 (50465885)|VARIABLE_ASSIGNMENT|[60]|auConstantCmn.PASSWORD_SIGNUP_ERR_MESSAGE003|"8文字以上の英数字混在のパスワードを指定 (7 more) ..."
14:13:50.0 (50473330)|HEAP_ALLOCATE|[60]|Bytes:22
14:13:50.0 (50489008)|VARIABLE_ASSIGNMENT|[60]|auConstantCmn.PASSWORD_SIGNUP_ERR_MESSAGE004|"パスワードと確認用のパスワードが不一致で (2 more) ..."
14:13:50.0 (50496880)|HEAP_ALLOCATE|[60]|Bytes:21
14:13:50.0 (50512404)|VARIABLE_ASSIGNMENT|[60]|auConstantCmn.PASSWORD_SIGNUP_ERR_MESSAGE005|"以前利用したパスワードはご利用できません (1 more) ..."
14:13:50.0 (50520003)|HEAP_ALLOCATE|[60]|Bytes:46
14:13:50.0 (50536572)|VARIABLE_ASSIGNMENT|[60]|auConstantCmn.PASSWORD_SIGNUP_ERR_OLDURL|"以前のパスワードリセットURLは利用でき (26 more) ..."
14:13:50.0 (50544122)|HEAP_ALLOCATE|[60]|Bytes:14
14:13:50.0 (50558606)|VARIABLE_ASSIGNMENT|[60]|auConstantCmn.PROFILE_COMMUNITY_MANAGEMENT|"au ショップ - 運営法人"
14:13:50.0 (50566197)|HEAP_ALLOCATE|[60]|Bytes:15
14:13:50.0 (50580438)|VARIABLE_ASSIGNMENT|[60]|auConstantCmn.PROFILE_COMMUNITY_PRIMARY_AGENT|"au ショップ - 一次代理店"
14:13:50.0 (50588097)|HEAP_ALLOCATE|[60]|Bytes:12
14:13:50.0 (50602566)|VARIABLE_ASSIGNMENT|[60]|auConstantCmn.PROFILE_COMMUNITY_SHOP|"au ショップ - 店舗"
14:13:50.0 (50609542)|HEAP_ALLOCATE|[60]|Bytes:17
14:13:50.0 (50624827)|VARIABLE_ASSIGNMENT|[60]|auConstantCmn.PROFILE_EVOLVA_ADMIN_USER|"Evolva Admin User"
14:13:50.0 (50632025)|HEAP_ALLOCATE|[60]|Bytes:11
14:13:50.0 (50646251)|VARIABLE_ASSIGNMENT|[60]|auConstantCmn.PROFILE_EVOLVA_USER|"Evolva User"
14:13:50.0 (50653438)|HEAP_ALLOCATE|[60]|Bytes:9
14:13:50.0 (50668215)|VARIABLE_ASSIGNMENT|[60]|auConstantCmn.PROFILE_KDDI_BRANCH|"KDDI - 支店"
14:13:50.0 (50675288)|HEAP_ALLOCATE|[60]|Bytes:9
14:13:50.0 (50690197)|VARIABLE_ASSIGNMENT|[60]|auConstantCmn.PROFILE_KDDI_HEADQUARTERS|"KDDI - 本部"
14:13:50.0 (50697447)|HEAP_ALLOCATE|[60]|Bytes:12
14:13:50.0 (50712549)|VARIABLE_ASSIGNMENT|[60]|auConstantCmn.PROFILE_KDDI_HEADQUARTERS_V2|"KDDI - 本部 v2"
14:13:50.0 (50720091)|HEAP_ALLOCATE|[60]|Bytes:29
14:13:50.0 (50736706)|VARIABLE_ASSIGNMENT|[60]|auConstantCmn.PROFILE_KDDI_KNOWLEDGE_ACTIVITIES|"KDDI - Knowledge & A (9 more) ..."
14:13:50.0 (50744365)|HEAP_ALLOCATE|[60]|Bytes:21
14:13:50.0 (50761122)|VARIABLE_ASSIGNMENT|[60]|auConstantCmn.PROFILE_KDDI_KNOWLEDGE_ONLY|"KDDI - Knowledge onl (1 more) ..."
14:13:50.0 (50768754)|HEAP_ALLOCATE|[60]|Bytes:13
14:13:50.0 (50783665)|VARIABLE_ASSIGNMENT|[60]|auConstantCmn.PROFILE_KDDI_OKINAWA_SHISHA|"KDDI - 支社（沖縄）"
14:13:50.0 (50791119)|HEAP_ALLOCATE|[60]|Bytes:14
14:13:50.0 (50806779)|VARIABLE_ASSIGNMENT|[60]|auConstantCmn.PROFILE_KDDI_OKINAWA_SHITEN_1|"KDDI - 支店（沖縄1）"
14:13:50.0 (50814367)|HEAP_ALLOCATE|[60]|Bytes:14
14:13:50.0 (50829549)|VARIABLE_ASSIGNMENT|[60]|auConstantCmn.PROFILE_KDDI_OKINAWA_SHITEN_2|"KDDI - 支店（沖縄2）"
14:13:50.0 (50836911)|HEAP_ALLOCATE|[60]|Bytes:9
14:13:50.0 (50853103)|VARIABLE_ASSIGNMENT|[60]|auConstantCmn.PROFILE_KDDI_REGIONAL_OFFICE|"KDDI - 支社"
14:13:50.0 (50860234)|HEAP_ALLOCATE|[60]|Bytes:13
14:13:50.0 (50875427)|VARIABLE_ASSIGNMENT|[60]|auConstantCmn.PROFILE_SA_USER_CSA|"SA User - CSA"
14:13:50.0 (50882365)|HEAP_ALLOCATE|[60]|Bytes:12
14:13:50.0 (50897904)|VARIABLE_ASSIGNMENT|[60]|auConstantCmn.PROFILE_SA_USER_SA|"SA User - SA"
14:13:50.0 (50904632)|HEAP_ALLOCATE|[60]|Bytes:12
14:13:50.0 (50919942)|VARIABLE_ASSIGNMENT|[60]|auConstantCmn.PROFILE_SYSADMIN_CUSTOM|"System Admin"
14:13:50.0 (50926886)|HEAP_ALLOCATE|[60]|Bytes:20
14:13:50.0 (50943254)|VARIABLE_ASSIGNMENT|[60]|auConstantCmn.PROFILE_SYSADMIN_DEFAULT_EN|"System Administrator"
14:13:50.0 (50950760)|HEAP_ALLOCATE|[60]|Bytes:7
14:13:50.0 (50966320)|VARIABLE_ASSIGNMENT|[60]|auConstantCmn.PROFILE_SYSADMIN_DEFAULT_JP|"システム管理者"
14:13:50.0 (50973548)|HEAP_ALLOCATE|[60]|Bytes:7
14:13:50.0 (50989568)|VARIABLE_ASSIGNMENT|[60]|auConstantCmn.ROLE_CODE_EVOLVA_HONBU|"E000000"
14:13:50.0 (50996341)|HEAP_ALLOCATE|[60]|Bytes:6
14:13:50.0 (51011878)|VARIABLE_ASSIGNMENT|[60]|auConstantCmn.ROLE_CODE_EVOLVA_SHISHA|"EKEV01"
14:13:50.0 (51019448)|HEAP_ALLOCATE|[60]|Bytes:8
14:13:50.0 (51035526)|VARIABLE_ASSIGNMENT|[60]|auConstantCmn.ROLE_CODE_EVOLVA_SHITEN|"EKEV0101"
14:13:50.0 (51042453)|HEAP_ALLOCATE|[60]|Bytes:7
14:13:50.0 (51059088)|VARIABLE_ASSIGNMENT|[60]|auConstantCmn.ROLE_CODE_HONBU|"C000000"
14:13:50.0 (51066094)|HEAP_ALLOCATE|[60]|Bytes:7
14:13:50.0 (51086260)|VARIABLE_ASSIGNMENT|[60]|auConstantCmn.ROLE_CODE_SA_HONBU|"S000000"
14:13:50.0 (51095175)|HEAP_ALLOCATE|[60]|Bytes:10
14:13:50.0 (51114393)|VARIABLE_ASSIGNMENT|[60]|auConstantCmn.USER_CLASSIFICATION_CONTRACTOR|"CONTRACTOR"
14:13:50.0 (51122339)|HEAP_ALLOCATE|[60]|Bytes:3
14:13:50.0 (51138562)|VARIABLE_ASSIGNMENT|[60]|auConstantCmn.USER_CLASSIFICATION_CSA|"CSA"
14:13:50.0 (51150930)|HEAP_ALLOCATE|[60]|Bytes:2
14:13:50.0 (51169120)|VARIABLE_ASSIGNMENT|[60]|auConstantCmn.USER_CLASSIFICATION_SA|"SA"
14:13:50.0 (51209099)|METHOD_ENTRY|[4]|01pN0000000Miks|auConstantCmn.auConstantCmn()
14:13:50.0 (51220320)|STATEMENT_EXECUTE|[4]
14:13:50.0 (51227616)|STATEMENT_EXECUTE|[4]
14:13:50.0 (51628121)|SYSTEM_MODE_ENTER|false
14:13:50.0 (51678498)|HEAP_ALLOCATE|[60]|Bytes:5
14:13:50.0 (51692501)|SYSTEM_MODE_EXIT|false
14:13:50.0 (51706135)|METHOD_EXIT|[4]|auConstantCmn
14:13:50.0 (51890001)|VARIABLE_ASSIGNMENT|[EXTERNAL]|this|{"currentUser":"0x30a49cfc","isSAUser":false,"iTypeOfScreen":0,"urlReportsSFA":"https://cs6.lightnin (84 more) ..."}|0x5a5c10b4
14:13:50.0 (52005777)|VARIABLE_ASSIGNMENT|[EXTERNAL]|this|{"currentUser":"0x30a49cfc","isSAUser":false,"iTypeOfScreen":0,"urlReportsSFA":"https://cs6.lightnin (84 more) ..."}|0x5a5c10b4
14:13:50.0 (52078470)|VARIABLE_ASSIGNMENT|[EXTERNAL]|this|{"currentUser":"0x30a49cfc","isSAUser":false,"iTypeOfScreen":0,"urlReportsSFA":"https://cs6.lightnin (84 more) ..."}|0x5a5c10b4
14:13:50.0 (52124268)|HEAP_ALLOCATE|[60]|Bytes:5
14:13:50.0 (52142566)|VARIABLE_ASSIGNMENT|[60]|this.isSAUser|false|0x5a5c10b4
14:13:50.0 (54586267)|SYSTEM_MODE_ENTER|true
14:13:50.0 (54631958)|HEAP_ALLOCATE|[EXTERNAL]|Bytes:136
14:13:50.0 (54640871)|HEAP_ALLOCATE|[EXTERNAL]|Bytes:48
14:13:50.0 (54650344)|METHOD_ENTRY|[1]|01pN0000000Mim0|auSwitchScreenCtrl.auSwitchScreenCtrl()
14:13:50.0 (54655970)|STATEMENT_EXECUTE|[1]
14:13:50.0 (54659772)|STATEMENT_EXECUTE|[1]
14:13:50.0 (54665567)|SYSTEM_MODE_ENTER|false
14:13:50.0 (54672774)|HEAP_ALLOCATE|[EXTERNAL]|Bytes:5
14:13:50.0 (54679418)|SYSTEM_MODE_EXIT|false
14:13:50.0 (54685640)|METHOD_EXIT|[1]|auSwitchScreenCtrl
14:13:50.0 (54703831)|HEAP_ALLOCATE|[EXTERNAL]|Bytes:40
14:13:50.0 (54711255)|VARIABLE_SCOPE_BEGIN|[16]|this|auSwitchScreenCtrl|true|false
14:13:50.0 (54744455)|VARIABLE_ASSIGNMENT|[16]|this|{}|0x5f7145be
14:13:50.0 (54754993)|SYSTEM_MODE_ENTER|false
14:13:50.0 (54759941)|HEAP_ALLOCATE|[18]|Bytes:5
14:13:50.0 (54764506)|STATEMENT_EXECUTE|[1]
14:13:50.0 (54767270)|HEAP_ALLOCATE|[18]|Bytes:5
14:13:50.0 (54770602)|STATEMENT_EXECUTE|[3]
14:13:50.0 (54772428)|STATEMENT_EXECUTE|[4]
14:13:50.0 (54774088)|STATEMENT_EXECUTE|[6]
14:13:50.0 (54775567)|STATEMENT_EXECUTE|[7]
14:13:50.0 (54776928)|STATEMENT_EXECUTE|[8]
14:13:50.0 (54778277)|STATEMENT_EXECUTE|[9]
14:13:50.0 (54779812)|STATEMENT_EXECUTE|[10]
14:13:50.0 (54781283)|STATEMENT_EXECUTE|[11]
14:13:50.0 (54782930)|STATEMENT_EXECUTE|[12]
14:13:50.0 (54822624)|STATEMENT_EXECUTE|[16]
14:13:50.0 (54824745)|STATEMENT_EXECUTE|[18]
14:13:50.0 (54895134)|HEAP_ALLOCATE|[18]|Bytes:28
14:13:50.0 (54966253)|HEAP_ALLOCATE|[18]|Bytes:558
14:13:50.0 (55042814)|HEAP_ALLOCATE|[18]|Bytes:10
14:13:50.0 (55078486)|VARIABLE_SCOPE_BEGIN|[18]|userAgent|String|false|false
14:13:50.0 (55100943)|VARIABLE_ASSIGNMENT|[18]|userAgent|"Mozilla/5.0 (Macinto (101 more) ..."
14:13:50.0 (55106264)|STATEMENT_EXECUTE|[19]
14:13:50.0 (55109915)|HEAP_ALLOCATE|[19]|Bytes:6
14:13:50.0 (55169849)|HEAP_ALLOCATE|[19]|Bytes:5
14:13:50.0 (55180002)|VARIABLE_ASSIGNMENT|[19]|this.isIPhone|false|0x5f7145be
14:13:50.0 (55185936)|STATEMENT_EXECUTE|[21]
14:13:50.0 (55189461)|HEAP_ALLOCATE|[21]|Bytes:54
14:13:50.0 (55205535)|HEAP_ALLOCATE|[21]|Bytes:4
14:13:50.0 (55223924)|METHOD_ENTRY|[23]||System.UserInfo.getUserId()
14:13:50.0 (55250776)|METHOD_EXIT|[23]||System.UserInfo.getUserId()
14:13:50.0 (55580881)|SOQL_EXECUTE_BEGIN|[21]|Aggregations:0|SELECT Profile.Name FROM User WHERE User.ID = :tmpVar1
14:13:50.0 (61835436)|SOQL_EXECUTE_END|[21]|Rows:1
14:13:50.0 (61862381)|HEAP_ALLOCATE|[21]|Bytes:8
14:13:50.0 (61887384)|HEAP_ALLOCATE|[21]|Bytes:127
14:13:50.0 (61936824)|HEAP_ALLOCATE|[21]|Bytes:8
14:13:50.0 (61980412)|HEAP_ALLOCATE|[21]|Bytes:16
14:13:50.0 (61994874)|VARIABLE_SCOPE_BEGIN|[21]|currentUser|User|true|false
14:13:50.0 (62029652)|VARIABLE_ASSIGNMENT|[21]|currentUser|{"ProfileId":"00e6F000002RS1oQAG","Id":"005N00000057RPNIA2","Profile":{"Name":"System Administrator","Id":"00e6F000002RS1oQAG"}}|0x6527ef0f
14:13:50.0 (62038252)|STATEMENT_EXECUTE|[25]
14:13:50.0 (62194800)|VARIABLE_ASSIGNMENT|[EXTERNAL]|this|{"isIPhone":false}|0x5f7145be
14:13:50.0 (62216112)|VARIABLE_ASSIGNMENT|[EXTERNAL]|value|false
14:13:50.0 (62228260)|HEAP_ALLOCATE|[4]|Bytes:5
14:13:50.0 (62240550)|VARIABLE_ASSIGNMENT|[4]|this.isCommunityUser|false|0x5f7145be
14:13:50.0 (62256155)|STATEMENT_EXECUTE|[29]
14:13:50.0 (62310077)|HEAP_ALLOCATE|[29]|Bytes:5
14:13:50.0 (62323758)|VARIABLE_ASSIGNMENT|[29]|this.isSystemAdministrator|true|0x5f7145be
14:13:50.0 (62332919)|STATEMENT_EXECUTE|[33]
14:13:50.0 (62341502)|HEAP_ALLOCATE|[33]|Bytes:5
14:13:50.0 (62349944)|VARIABLE_ASSIGNMENT|[33]|this.isKDDIUser|true|0x5f7145be
14:13:50.0 (62357051)|STATEMENT_EXECUTE|[38]
14:13:50.0 (62406039)|HEAP_ALLOCATE|[38]|Bytes:5
14:13:50.0 (62417118)|VARIABLE_ASSIGNMENT|[38]|this.isSAorEvolvaUser|false|0x5f7145be
14:13:50.0 (62423964)|STATEMENT_EXECUTE|[43]
14:13:50.0 (62508681)|VARIABLE_ASSIGNMENT|[EXTERNAL]|this|{"isCommunityUser":false,"isIPhone":false,"isKDDIUser":true,"isSAorEvolvaUser":false,"isSystemAdministrator":true}|0x5f7145be
14:13:50.0 (62526781)|VARIABLE_ASSIGNMENT|[EXTERNAL]|value|false
14:13:50.0 (62537181)|HEAP_ALLOCATE|[3]|Bytes:5
14:13:50.0 (62547608)|VARIABLE_ASSIGNMENT|[3]|this.isKDDIKnowledgeOnly|false|0x5f7145be
14:13:50.0 (62561553)|STATEMENT_EXECUTE|[45]
14:13:50.0 (62586481)|HEAP_ALLOCATE|[45]|Bytes:5
14:13:50.0 (62598046)|VARIABLE_ASSIGNMENT|[45]|this.isKDDIKnowledgeActivities|false|0x5f7145be
14:13:50.0 (62606742)|STATEMENT_EXECUTE|[47]
14:13:50.0 (62641656)|HEAP_ALLOCATE|[47]|Bytes:5
14:13:50.0 (62654592)|VARIABLE_ASSIGNMENT|[47]|this.isOkinawaFull|false|0x5f7145be
14:13:50.0 (62663948)|STATEMENT_EXECUTE|[50]
14:13:50.0 (62685891)|HEAP_ALLOCATE|[50]|Bytes:5
14:13:50.0 (62696751)|VARIABLE_ASSIGNMENT|[50]|this.isOkinawaRestricted|false|0x5f7145be
14:13:50.0 (62706090)|SYSTEM_MODE_EXIT|false
14:13:50.0 (62807365)|HEAP_ALLOCATE|[EXTERNAL]|Bytes:40
14:13:50.0 (62816899)|VARIABLE_SCOPE_BEGIN|[59]|this|auSwitchScreenCtrl|true|false
14:13:50.0 (62850056)|VARIABLE_ASSIGNMENT|[59]|this|{"isCommunityUser":false,"isIPhone":false,"isKDDIKnowledgeActivities":false,"isKDDIKnowledgeOnly":false,"isKDDIUser":true,"isOkinawaFull":false,"isOkinawaRestricted":false,"isSAorEvolvaUser":false,"isSystemAdministrator":true}|0x5f7145be
14:13:50.0 (62864549)|SYSTEM_MODE_ENTER|false
14:13:50.0 (62870557)|HEAP_ALLOCATE|[61]|Bytes:5
14:13:50.0 (62874761)|STATEMENT_EXECUTE|[59]
14:13:50.0 (62876499)|STATEMENT_EXECUTE|[61]
14:13:50.0 (62880113)|HEAP_ALLOCATE|[61]|Bytes:63
14:13:50.0 (62893777)|HEAP_ALLOCATE|[61]|Bytes:4
14:13:50.0 (62906967)|METHOD_ENTRY|[63]||System.UserInfo.getUserId()
14:13:50.0 (62928987)|METHOD_EXIT|[63]||System.UserInfo.getUserId()
14:13:50.0 (63113970)|SOQL_EXECUTE_BEGIN|[61]|Aggregations:0|SELECT ForcePasswordReset__c FROM User WHERE User.ID = :tmpVar1
14:13:50.0 (65645153)|SOQL_EXECUTE_END|[61]|Rows:1
14:13:50.0 (65689262)|HEAP_ALLOCATE|[61]|Bytes:8
14:13:50.0 (65723749)|HEAP_ALLOCATE|[61]|Bytes:58
14:13:50.0 (65771821)|HEAP_ALLOCATE|[61]|Bytes:8
14:13:50.0 (65797131)|HEAP_ALLOCATE|[61]|Bytes:12
14:13:50.0 (65807502)|VARIABLE_SCOPE_BEGIN|[61]|currentUser|User|true|false
14:13:50.0 (65833572)|VARIABLE_ASSIGNMENT|[61]|currentUser|{"ForcePasswordReset__c":false,"Id":"005N00000057RPNIA2"}|0x4eda5dab
14:13:50.0 (65875812)|STATEMENT_EXECUTE|[65]
14:13:50.0 (65882792)|STATEMENT_EXECUTE|[70]
14:13:50.0 (65885211)|STATEMENT_EXECUTE|[75]
14:13:50.0 (65890960)|SYSTEM_MODE_EXIT|false
14:13:50.0 (66417745)|SYSTEM_MODE_ENTER|true
14:13:50.0 (66443305)|HEAP_ALLOCATE|[EXTERNAL]|Bytes:44
14:13:50.0 (66453673)|VARIABLE_SCOPE_BEGIN|[48]|this|auMainTopCompCtrl|true|false
14:13:50.0 (66496484)|VARIABLE_ASSIGNMENT|[48]|this|{}|0x56eb4ca6
14:13:50.0 (66508771)|STATEMENT_EXECUTE|[1]
14:13:50.0 (66511516)|STATEMENT_EXECUTE|[29]
14:13:50.0 (66514345)|STATEMENT_EXECUTE|[30]
14:13:50.0 (66516626)|STATEMENT_EXECUTE|[31]
14:13:50.0 (66519232)|STATEMENT_EXECUTE|[34]
14:13:50.0 (66521504)|STATEMENT_EXECUTE|[35]
14:13:50.0 (66523409)|STATEMENT_EXECUTE|[36]
14:13:50.0 (66525370)|STATEMENT_EXECUTE|[38]
14:13:50.0 (66527600)|STATEMENT_EXECUTE|[39]
14:13:50.0 (66529707)|STATEMENT_EXECUTE|[41]
14:13:50.0 (66531795)|STATEMENT_EXECUTE|[46]
14:13:50.0 (66539706)|HEAP_ALLOCATE|[46]|Bytes:5
14:13:50.0 (66553585)|VARIABLE_ASSIGNMENT|[46]|this.isSAUser|false|0x56eb4ca6
14:13:50.0 (66582577)|STATEMENT_EXECUTE|[48]
14:13:50.0 (66587058)|STATEMENT_EXECUTE|[49]
14:13:50.0 (66626237)|VARIABLE_ASSIGNMENT|[EXTERNAL]|this|{"isSAUser":false}|0x56eb4ca6
14:13:50.0 (66643040)|VARIABLE_ASSIGNMENT|[EXTERNAL]|value|0
14:13:50.0 (66652818)|HEAP_ALLOCATE|[34]|Bytes:4
14:13:50.0 (66663793)|VARIABLE_ASSIGNMENT|[34]|this.iTypeOfScreen|0|0x56eb4ca6
14:13:50.0 (66678106)|STATEMENT_EXECUTE|[51]
14:13:50.0 (66916781)|HEAP_ALLOCATE|[51]|Bytes:152
14:13:50.0 (66984031)|VARIABLE_ASSIGNMENT|[EXTERNAL]|this|{"isSAUser":false,"iTypeOfScreen":0}|0x56eb4ca6
14:13:50.0 (67003943)|VARIABLE_ASSIGNMENT|[EXTERNAL]|value|"https://cs6.lightnin (84 more) ..."
14:13:50.0 (67025886)|VARIABLE_ASSIGNMENT|[39]|this.urlReportsSFA|"https://cs6.lightnin (84 more) ..."|0x56eb4ca6
14:13:50.0 (67036607)|STATEMENT_EXECUTE|[53]
14:13:50.0 (67049748)|HEAP_ALLOCATE|[53]|Bytes:4
14:13:50.0 (67059838)|METHOD_ENTRY|[58]||System.UserInfo.getUserId()
14:13:50.0 (67074536)|METHOD_EXIT|[58]||System.UserInfo.getUserId()
14:13:50.0 (67465204)|SOQL_EXECUTE_BEGIN|[53]|Aggregations:0|SELECT SmallPhotoUrl, Account.Name, Account.RegionalOfficeId__r.RegionalOfficeName__c, Account.BranchId__r.BranchName__c, Name, Department, UserRole.Name, Profile.Name FROM User WHERE User.ID = :tmpVar1
14:13:50.0 (73178804)|SOQL_EXECUTE_END|[53]|Rows:1
14:13:50.0 (73200336)|HEAP_ALLOCATE|[53]|Bytes:8
14:13:50.0 (73224684)|HEAP_ALLOCATE|[53]|Bytes:264
14:13:50.0 (73253727)|HEAP_ALLOCATE|[53]|Bytes:8
14:13:50.0 (73273702)|HEAP_ALLOCATE|[53]|Bytes:32
14:13:50.0 (73322049)|VARIABLE_ASSIGNMENT|[EXTERNAL]|this|{"isSAUser":false,"iTypeOfScreen":0,"urlReportsSFA":"https://cs6.lightnin (84 more) ..."}|0x56eb4ca6
14:13:50.0 (73349451)|VARIABLE_ASSIGNMENT|[EXTERNAL]|value|{"SmallPhotoUrl":"/profilephoto/005/T","Name":"Duc","UserRoleId":"00EN0000000pDkiMAE","ProfileId":"00e6F000002RS1oQAG","Id":"005N00000057RPNIA2","UserRole":{"Name":"コンシューマ事業本部","Id":"00EN0000000pDkiMAE"},"Profile":{"Name":"System Administrator","Id":"00e6F000002RS1oQAG"}}|0x3212defb
14:13:50.0 (73377320)|VARIABLE_ASSIGNMENT|[38]|this.currentUser|{"SmallPhotoUrl":"/profilephoto/005/T","Name":"Duc","UserRoleId":"00EN0000000pDkiMAE","ProfileId":"00e6F000002RS1oQAG","Id":"005N00000057RPNIA2","UserRole":{"Name":"コンシューマ事業本部","Id":"00EN0000000pDkiMAE"},"Profile":{"Name":"System Administrator","Id":"00e6F000002RS1oQAG"}}|0x56eb4ca6
14:13:50.0 (73389431)|STATEMENT_EXECUTE|[60]
14:13:50.0 (73418254)|VARIABLE_ASSIGNMENT|[EXTERNAL]|this|{"currentUser":"0x3212defb","isSAUser":false,"iTypeOfScreen":0,"urlReportsSFA":"https://cs6.lightnin (84 more) ..."}|0x56eb4ca6
14:13:50.0 (73487307)|VARIABLE_ASSIGNMENT|[EXTERNAL]|this|{"currentUser":"0x3212defb","isSAUser":false,"iTypeOfScreen":0,"urlReportsSFA":"https://cs6.lightnin (84 more) ..."}|0x56eb4ca6
14:13:50.0 (73531953)|VARIABLE_ASSIGNMENT|[EXTERNAL]|this|{"currentUser":"0x3212defb","isSAUser":false,"iTypeOfScreen":0,"urlReportsSFA":"https://cs6.lightnin (84 more) ..."}|0x56eb4ca6
14:13:50.0 (73578949)|VARIABLE_ASSIGNMENT|[EXTERNAL]|this|{"currentUser":"0x3212defb","isSAUser":false,"iTypeOfScreen":0,"urlReportsSFA":"https://cs6.lightnin (84 more) ..."}|0x56eb4ca6
14:13:50.0 (73613706)|HEAP_ALLOCATE|[60]|Bytes:5
14:13:50.0 (73627328)|VARIABLE_ASSIGNMENT|[60]|this.isSAUser|false|0x56eb4ca6
14:13:50.0 (74065915)|SYSTEM_MODE_ENTER|true
14:13:50.0 (74111198)|HEAP_ALLOCATE|[EXTERNAL]|Bytes:44
14:13:50.0 (74125578)|VARIABLE_ASSIGNMENT|[EXTERNAL]|this.iCountComments|null|0x56eb4ca6
14:13:50.0 (74194868)|SYSTEM_MODE_ENTER|true
14:13:50.0 (74216093)|HEAP_ALLOCATE|[EXTERNAL]|Bytes:44
14:13:50.0 (74228040)|VARIABLE_ASSIGNMENT|[EXTERNAL]|this.iCountLikes|null|0x56eb4ca6
14:13:50.0 (74419124)|SYSTEM_MODE_ENTER|true
14:13:50.0 (74480448)|HEAP_ALLOCATE|[EXTERNAL]|Bytes:40
14:13:50.0 (74492701)|VARIABLE_SCOPE_BEGIN|[14]|this|auSwitchScreenCtrl|true|false
14:13:50.0 (74545366)|VARIABLE_ASSIGNMENT|[14]|this|{"isCommunityUser":false,"isIPhone":false,"isKDDIKnowledgeActivities":false,"isKDDIKnowledgeOnly":false,"isKDDIUser":true,"isOkinawaFull":false,"isOkinawaRestricted":false,"isSAorEvolvaUser":false,"isSystemAdministrator":true}|0x5f7145be
14:13:50.0 (74567372)|SYSTEM_MODE_ENTER|false
14:13:50.0 (74576923)|HEAP_ALLOCATE|[14]|Bytes:5
14:13:50.0 (74583726)|STATEMENT_EXECUTE|[14]
14:13:50.0 (74586373)|STATEMENT_EXECUTE|[14]
14:13:50.0 (74595476)|SYSTEM_MODE_EXIT|false
14:13:50.0 (74671687)|SYSTEM_MODE_ENTER|true
14:13:50.0 (74697626)|HEAP_ALLOCATE|[EXTERNAL]|Bytes:8
14:13:50.0 (74705349)|HEAP_ALLOCATE|[EXTERNAL]|Bytes:44
14:13:50.0 (74716697)|VARIABLE_ASSIGNMENT|[EXTERNAL]|this.iTypeOfScreen|0|0x56eb4ca6
14:13:50.0 (74905936)|SYSTEM_MODE_ENTER|true
14:13:50.0 (74956599)|HEAP_ALLOCATE|[EXTERNAL]|Bytes:44
14:13:50.0 (74971238)|VARIABLE_SCOPE_BEGIN|[204]|this|auMainTopCompCtrl|true|false
14:13:50.0 (75022507)|VARIABLE_ASSIGNMENT|[204]|this|{"currentUser":"0x3212defb","isSAUser":false,"iTypeOfScreen":0,"urlReportsSFA":"https://cs6.lightnin (84 more) ..."}|0x56eb4ca6
14:13:50.0 (75040228)|STATEMENT_EXECUTE|[204]
14:13:50.0 (75113584)|VARIABLE_ASSIGNMENT|[EXTERNAL]|this|{"currentUser":"0x3212defb","isSAUser":false,"iTypeOfScreen":0,"urlReportsSFA":"https://cs6.lightnin (84 more) ..."}|0x56eb4ca6
14:13:50.0 (75187758)|VARIABLE_ASSIGNMENT|[EXTERNAL]|this|{"currentUser":"0x3212defb","isSAUser":false,"iTypeOfScreen":0,"urlReportsSFA":"https://cs6.lightnin (84 more) ..."}|0x56eb4ca6
14:13:50.0 (75244839)|VARIABLE_ASSIGNMENT|[EXTERNAL]|this|{"currentUser":"0x3212defb","isSAUser":false,"iTypeOfScreen":0,"urlReportsSFA":"https://cs6.lightnin (84 more) ..."}|0x56eb4ca6
14:13:50.0 (75307779)|VARIABLE_ASSIGNMENT|[EXTERNAL]|this|{"currentUser":"0x3212defb","isSAUser":false,"iTypeOfScreen":0,"urlReportsSFA":"https://cs6.lightnin (84 more) ..."}|0x56eb4ca6
14:13:50.0 (75355859)|VARIABLE_ASSIGNMENT|[EXTERNAL]|this|{"currentUser":"0x3212defb","isSAUser":false,"iTypeOfScreen":0,"urlReportsSFA":"https://cs6.lightnin (84 more) ..."}|0x56eb4ca6
14:13:50.0 (75369434)|STATEMENT_EXECUTE|[213]
14:13:50.0 (75371587)|STATEMENT_EXECUTE|[214]
14:13:50.0 (75537793)|SYSTEM_MODE_ENTER|true
14:13:50.0 (75590422)|HEAP_ALLOCATE|[EXTERNAL]|Bytes:44
14:13:50.0 (75602544)|VARIABLE_SCOPE_BEGIN|[218]|this|auMainTopCompCtrl|true|false
14:13:50.0 (75650515)|VARIABLE_ASSIGNMENT|[218]|this|{"currentUser":"0x3212defb","isSAUser":false,"iTypeOfScreen":0,"urlReportsSFA":"https://cs6.lightnin (84 more) ..."}|0x56eb4ca6
14:13:50.0 (75665999)|STATEMENT_EXECUTE|[218]
14:13:50.0 (75719041)|VARIABLE_ASSIGNMENT|[EXTERNAL]|this|{"currentUser":"0x3212defb","isSAUser":false,"iTypeOfScreen":0,"urlReportsSFA":"https://cs6.lightnin (84 more) ..."}|0x56eb4ca6
14:13:50.0 (75783313)|VARIABLE_ASSIGNMENT|[EXTERNAL]|this|{"currentUser":"0x3212defb","isSAUser":false,"iTypeOfScreen":0,"urlReportsSFA":"https://cs6.lightnin (84 more) ..."}|0x56eb4ca6
14:13:50.0 (75839215)|VARIABLE_ASSIGNMENT|[EXTERNAL]|this|{"currentUser":"0x3212defb","isSAUser":false,"iTypeOfScreen":0,"urlReportsSFA":"https://cs6.lightnin (84 more) ..."}|0x56eb4ca6
14:13:50.0 (75901212)|VARIABLE_ASSIGNMENT|[EXTERNAL]|this|{"currentUser":"0x3212defb","isSAUser":false,"iTypeOfScreen":0,"urlReportsSFA":"https://cs6.lightnin (84 more) ..."}|0x56eb4ca6
14:13:50.0 (75955180)|VARIABLE_ASSIGNMENT|[EXTERNAL]|this|{"currentUser":"0x3212defb","isSAUser":false,"iTypeOfScreen":0,"urlReportsSFA":"https://cs6.lightnin (84 more) ..."}|0x56eb4ca6
14:13:50.0 (75973012)|STATEMENT_EXECUTE|[227]
14:13:50.0 (75975756)|STATEMENT_EXECUTE|[228]
14:13:50.0 (77330030)|SYSTEM_MODE_ENTER|true
14:13:50.0 (79834609)|SYSTEM_MODE_ENTER|true
14:13:50.0 (79882237)|HEAP_ALLOCATE|[EXTERNAL]|Bytes:44
14:13:50.0 (79892704)|VARIABLE_SCOPE_BEGIN|[67]|this|auMainTopCompCtrl|true|false
14:13:50.0 (79943444)|VARIABLE_ASSIGNMENT|[67]|this|{"currentUser":"0x3212defb","isSAUser":false,"iTypeOfScreen":0,"urlReportsSFA":"https://cs6.lightnin (84 more) ..."}|0x56eb4ca6
14:13:50.0 (79954776)|STATEMENT_EXECUTE|[67]
14:13:50.0 (79956672)|STATEMENT_EXECUTE|[68]
14:13:50.0 (79996014)|VARIABLE_ASSIGNMENT|[EXTERNAL]|this|{"currentUser":"0x3212defb","isSAUser":false,"iTypeOfScreen":0,"urlReportsSFA":"https://cs6.lightnin (84 more) ..."}|0x56eb4ca6
14:13:50.0 (80041696)|VARIABLE_ASSIGNMENT|[EXTERNAL]|this|{"currentUser":"0x3212defb","isSAUser":false,"iTypeOfScreen":0,"urlReportsSFA":"https://cs6.lightnin (84 more) ..."}|0x56eb4ca6
14:13:50.0 (80079243)|VARIABLE_ASSIGNMENT|[EXTERNAL]|this|{"currentUser":"0x3212defb","isSAUser":false,"iTypeOfScreen":0,"urlReportsSFA":"https://cs6.lightnin (84 more) ..."}|0x56eb4ca6
14:13:50.0 (80093681)|HEAP_ALLOCATE|[68]|Bytes:5
14:13:50.0 (80164526)|SYSTEM_MODE_ENTER|true
14:13:50.0 (80198119)|HEAP_ALLOCATE|[EXTERNAL]|Bytes:44
14:13:50.0 (80205941)|VARIABLE_SCOPE_BEGIN|[73]|this|auMainTopCompCtrl|true|false
14:13:50.0 (80236328)|VARIABLE_ASSIGNMENT|[73]|this|{"currentUser":"0x3212defb","isSAUser":false,"iTypeOfScreen":0,"urlReportsSFA":"https://cs6.lightnin (84 more) ..."}|0x56eb4ca6
14:13:50.0 (80245795)|STATEMENT_EXECUTE|[73]
14:13:50.0 (80247619)|STATEMENT_EXECUTE|[74]
14:13:50.0 (80278297)|VARIABLE_ASSIGNMENT|[EXTERNAL]|this|{"currentUser":"0x3212defb","isSAUser":false,"iTypeOfScreen":0,"urlReportsSFA":"https://cs6.lightnin (84 more) ..."}|0x56eb4ca6
14:13:50.0 (80315645)|VARIABLE_ASSIGNMENT|[EXTERNAL]|this|{"currentUser":"0x3212defb","isSAUser":false,"iTypeOfScreen":0,"urlReportsSFA":"https://cs6.lightnin (84 more) ..."}|0x56eb4ca6
14:13:50.0 (80329028)|HEAP_ALLOCATE|[74]|Bytes:5
14:13:50.0 (80402348)|SYSTEM_MODE_ENTER|true
14:13:50.0 (80434530)|HEAP_ALLOCATE|[EXTERNAL]|Bytes:44
14:13:50.0 (80442657)|VARIABLE_SCOPE_BEGIN|[83]|this|auMainTopCompCtrl|true|false
14:13:50.0 (80472736)|VARIABLE_ASSIGNMENT|[83]|this|{"currentUser":"0x3212defb","isSAUser":false,"iTypeOfScreen":0,"urlReportsSFA":"https://cs6.lightnin (84 more) ..."}|0x56eb4ca6
14:13:50.0 (80482318)|STATEMENT_EXECUTE|[83]
14:13:50.0 (80484032)|STATEMENT_EXECUTE|[84]
14:13:50.0 (80514491)|VARIABLE_ASSIGNMENT|[EXTERNAL]|this|{"currentUser":"0x3212defb","isSAUser":false,"iTypeOfScreen":0,"urlReportsSFA":"https://cs6.lightnin (84 more) ..."}|0x56eb4ca6
14:13:50.0 (80553086)|VARIABLE_ASSIGNMENT|[EXTERNAL]|this|{"currentUser":"0x3212defb","isSAUser":false,"iTypeOfScreen":0,"urlReportsSFA":"https://cs6.lightnin (84 more) ..."}|0x56eb4ca6
14:13:50.0 (80567768)|HEAP_ALLOCATE|[84]|Bytes:5
14:13:50.0 (80638243)|SYSTEM_MODE_ENTER|true
14:13:50.0 (80677119)|HEAP_ALLOCATE|[EXTERNAL]|Bytes:44
14:13:50.0 (80685262)|VARIABLE_SCOPE_BEGIN|[100]|this|auMainTopCompCtrl|true|false
14:13:50.0 (80714461)|VARIABLE_ASSIGNMENT|[100]|this|{"currentUser":"0x3212defb","isSAUser":false,"iTypeOfScreen":0,"urlReportsSFA":"https://cs6.lightnin (84 more) ..."}|0x56eb4ca6
14:13:50.0 (80723401)|STATEMENT_EXECUTE|[100]
14:13:50.0 (80725302)|STATEMENT_EXECUTE|[101]
14:13:50.0 (80755895)|VARIABLE_ASSIGNMENT|[EXTERNAL]|this|{"currentUser":"0x3212defb","isSAUser":false,"iTypeOfScreen":0,"urlReportsSFA":"https://cs6.lightnin (84 more) ..."}|0x56eb4ca6
14:13:50.0 (80792784)|VARIABLE_ASSIGNMENT|[EXTERNAL]|this|{"currentUser":"0x3212defb","isSAUser":false,"iTypeOfScreen":0,"urlReportsSFA":"https://cs6.lightnin (84 more) ..."}|0x56eb4ca6
14:13:50.0 (80828425)|VARIABLE_ASSIGNMENT|[EXTERNAL]|this|{"currentUser":"0x3212defb","isSAUser":false,"iTypeOfScreen":0,"urlReportsSFA":"https://cs6.lightnin (84 more) ..."}|0x56eb4ca6
14:13:50.0 (80842758)|HEAP_ALLOCATE|[101]|Bytes:5
14:13:50.0 (80929915)|SYSTEM_MODE_ENTER|true
14:13:50.0 (80962535)|HEAP_ALLOCATE|[EXTERNAL]|Bytes:40
14:13:50.0 (80970071)|VARIABLE_SCOPE_BEGIN|[78]|this|auSwitchScreenCtrl|true|false
14:13:50.0 (81002240)|VARIABLE_ASSIGNMENT|[78]|this|{"isCommunityUser":false,"isIPhone":false,"isKDDIKnowledgeActivities":false,"isKDDIKnowledgeOnly":false,"isKDDIUser":true,"isOkinawaFull":false,"isOkinawaRestricted":false,"isSAorEvolvaUser":false,"isSystemAdministrator":true}|0x5f7145be
14:13:50.0 (81016091)|SYSTEM_MODE_ENTER|false
14:13:50.0 (81022070)|HEAP_ALLOCATE|[80]|Bytes:5
14:13:50.0 (81026704)|STATEMENT_EXECUTE|[78]
14:13:50.0 (81028492)|STATEMENT_EXECUTE|[80]
14:13:50.0 (81034852)|HEAP_ALLOCATE|[80]|Bytes:5
14:13:50.0 (81040357)|SYSTEM_MODE_EXIT|false
14:13:50.0 (81045690)|HEAP_ALLOCATE|[80]|Bytes:5
14:13:50.0 (81109273)|SYSTEM_MODE_ENTER|true
14:13:50.0 (81138195)|HEAP_ALLOCATE|[EXTERNAL]|Bytes:40
14:13:50.0 (81145540)|VARIABLE_SCOPE_BEGIN|[84]|this|auSwitchScreenCtrl|true|false
14:13:50.0 (81176076)|VARIABLE_ASSIGNMENT|[84]|this|{"isCommunityUser":false,"isIPhone":false,"isKDDIKnowledgeActivities":false,"isKDDIKnowledgeOnly":false,"isKDDIUser":true,"isOkinawaFull":false,"isOkinawaRestricted":false,"isSAorEvolvaUser":false,"isSystemAdministrator":true}|0x5f7145be
14:13:50.0 (81188669)|SYSTEM_MODE_ENTER|false
14:13:50.0 (81194661)|HEAP_ALLOCATE|[86]|Bytes:5
14:13:50.0 (81198660)|STATEMENT_EXECUTE|[84]
14:13:50.0 (81200352)|STATEMENT_EXECUTE|[86]
14:13:50.0 (81206583)|HEAP_ALLOCATE|[86]|Bytes:5
14:13:50.0 (81210916)|SYSTEM_MODE_EXIT|false
14:13:50.0 (81215229)|HEAP_ALLOCATE|[86]|Bytes:5
14:13:50.0 (81275560)|SYSTEM_MODE_ENTER|true
14:13:50.0 (81338567)|HEAP_ALLOCATE|[EXTERNAL]|Bytes:40
14:13:50.0 (81347593)|VARIABLE_SCOPE_BEGIN|[90]|this|auSwitchScreenCtrl|true|false
14:13:50.0 (81378722)|VARIABLE_ASSIGNMENT|[90]|this|{"isCommunityUser":false,"isIPhone":false,"isKDDIKnowledgeActivities":false,"isKDDIKnowledgeOnly":false,"isKDDIUser":true,"isOkinawaFull":false,"isOkinawaRestricted":false,"isSAorEvolvaUser":false,"isSystemAdministrator":true}|0x5f7145be
14:13:50.0 (81391522)|SYSTEM_MODE_ENTER|false
14:13:50.0 (81396729)|HEAP_ALLOCATE|[92]|Bytes:5
14:13:50.0 (81401208)|STATEMENT_EXECUTE|[90]
14:13:50.0 (81402914)|STATEMENT_EXECUTE|[92]
14:13:50.0 (81408861)|HEAP_ALLOCATE|[92]|Bytes:5
14:13:50.0 (81413148)|SYSTEM_MODE_EXIT|false
14:13:50.0 (81417990)|HEAP_ALLOCATE|[92]|Bytes:5
14:13:50.0 (81478910)|SYSTEM_MODE_ENTER|true
14:13:50.0 (81506856)|HEAP_ALLOCATE|[EXTERNAL]|Bytes:40
14:13:50.0 (81513934)|VARIABLE_SCOPE_BEGIN|[114]|this|auSwitchScreenCtrl|true|false
14:13:50.0 (81544567)|VARIABLE_ASSIGNMENT|[114]|this|{"isCommunityUser":false,"isIPhone":false,"isKDDIKnowledgeActivities":false,"isKDDIKnowledgeOnly":false,"isKDDIUser":true,"isOkinawaFull":false,"isOkinawaRestricted":false,"isSAorEvolvaUser":false,"isSystemAdministrator":true}|0x5f7145be
14:13:50.0 (81556732)|SYSTEM_MODE_ENTER|false
14:13:50.0 (81561892)|HEAP_ALLOCATE|[116]|Bytes:5
14:13:50.0 (81565930)|STATEMENT_EXECUTE|[114]
14:13:50.0 (81567600)|STATEMENT_EXECUTE|[116]
14:13:50.0 (81571687)|SYSTEM_MODE_EXIT|false
14:13:50.0 (81632591)|SYSTEM_MODE_ENTER|true
14:13:50.0 (81690007)|SYSTEM_MODE_ENTER|true
14:13:50.0 (81718031)|HEAP_ALLOCATE|[EXTERNAL]|Bytes:40
14:13:50.0 (81725276)|VARIABLE_SCOPE_BEGIN|[102]|this|auSwitchScreenCtrl|true|false
14:13:50.0 (81755471)|VARIABLE_ASSIGNMENT|[102]|this|{"isCommunityUser":false,"isIPhone":false,"isKDDIKnowledgeActivities":false,"isKDDIKnowledgeOnly":false,"isKDDIUser":true,"isOkinawaFull":false,"isOkinawaRestricted":false,"isSAorEvolvaUser":false,"isSystemAdministrator":true}|0x5f7145be
14:13:50.0 (81767146)|SYSTEM_MODE_ENTER|false
14:13:50.0 (81772918)|HEAP_ALLOCATE|[104]|Bytes:5
14:13:50.0 (81776772)|STATEMENT_EXECUTE|[102]
14:13:50.0 (81778580)|STATEMENT_EXECUTE|[104]
14:13:50.0 (81782763)|SYSTEM_MODE_EXIT|false
14:13:50.0 (81838162)|SYSTEM_MODE_ENTER|true
14:13:50.0 (81864748)|HEAP_ALLOCATE|[EXTERNAL]|Bytes:40
14:13:50.0 (81871802)|VARIABLE_SCOPE_BEGIN|[120]|this|auSwitchScreenCtrl|true|false
14:13:50.0 (81906191)|VARIABLE_ASSIGNMENT|[120]|this|{"isCommunityUser":false,"isIPhone":false,"isKDDIKnowledgeActivities":false,"isKDDIKnowledgeOnly":false,"isKDDIUser":true,"isOkinawaFull":false,"isOkinawaRestricted":false,"isSAorEvolvaUser":false,"isSystemAdministrator":true}|0x5f7145be
14:13:50.0 (81917934)|SYSTEM_MODE_ENTER|false
14:13:50.0 (81922909)|HEAP_ALLOCATE|[122]|Bytes:5
14:13:50.0 (81927640)|STATEMENT_EXECUTE|[120]
14:13:50.0 (81929312)|STATEMENT_EXECUTE|[122]
14:13:50.0 (81933226)|SYSTEM_MODE_EXIT|false
14:13:50.0 (81987887)|SYSTEM_MODE_ENTER|true
14:13:50.0 (82013956)|HEAP_ALLOCATE|[EXTERNAL]|Bytes:40
14:13:50.0 (82021122)|VARIABLE_SCOPE_BEGIN|[96]|this|auSwitchScreenCtrl|true|false
14:13:50.0 (82050351)|VARIABLE_ASSIGNMENT|[96]|this|{"isCommunityUser":false,"isIPhone":false,"isKDDIKnowledgeActivities":false,"isKDDIKnowledgeOnly":false,"isKDDIUser":true,"isOkinawaFull":false,"isOkinawaRestricted":false,"isSAorEvolvaUser":false,"isSystemAdministrator":true}|0x5f7145be
14:13:50.0 (82062343)|SYSTEM_MODE_ENTER|false
14:13:50.0 (82067011)|HEAP_ALLOCATE|[98]|Bytes:5
14:13:50.0 (82071241)|STATEMENT_EXECUTE|[96]
14:13:50.0 (82072862)|STATEMENT_EXECUTE|[98]
14:13:50.0 (82077173)|HEAP_ALLOCATE|[98]|Bytes:5
14:13:50.0 (82081336)|SYSTEM_MODE_EXIT|false
14:13:50.0 (82085416)|HEAP_ALLOCATE|[98]|Bytes:5
14:13:50.0 (82140283)|SYSTEM_MODE_ENTER|true
14:13:50.0 (82166461)|HEAP_ALLOCATE|[EXTERNAL]|Bytes:40
14:13:50.0 (82173305)|VARIABLE_SCOPE_BEGIN|[126]|this|auSwitchScreenCtrl|true|false
14:13:50.0 (82201397)|VARIABLE_ASSIGNMENT|[126]|this|{"isCommunityUser":false,"isIPhone":false,"isKDDIKnowledgeActivities":false,"isKDDIKnowledgeOnly":false,"isKDDIUser":true,"isOkinawaFull":false,"isOkinawaRestricted":false,"isSAorEvolvaUser":false,"isSystemAdministrator":true}|0x5f7145be
14:13:50.0 (82212261)|SYSTEM_MODE_ENTER|false
14:13:50.0 (82217832)|HEAP_ALLOCATE|[128]|Bytes:5
14:13:50.0 (82221722)|STATEMENT_EXECUTE|[126]
14:13:50.0 (82223234)|STATEMENT_EXECUTE|[128]
14:13:50.0 (82228766)|HEAP_ALLOCATE|[128]|Bytes:5
14:13:50.0 (82232871)|SYSTEM_MODE_EXIT|false
14:13:50.0 (82237316)|HEAP_ALLOCATE|[128]|Bytes:5
14:13:50.0 (82290838)|SYSTEM_MODE_ENTER|true
14:13:50.0 (82316438)|HEAP_ALLOCATE|[EXTERNAL]|Bytes:40
14:13:50.0 (82323104)|VARIABLE_SCOPE_BEGIN|[132]|this|auSwitchScreenCtrl|true|false
14:13:50.0 (82351576)|VARIABLE_ASSIGNMENT|[132]|this|{"isCommunityUser":false,"isIPhone":false,"isKDDIKnowledgeActivities":false,"isKDDIKnowledgeOnly":false,"isKDDIUser":true,"isOkinawaFull":false,"isOkinawaRestricted":false,"isSAorEvolvaUser":false,"isSystemAdministrator":true}|0x5f7145be
14:13:50.0 (82363123)|SYSTEM_MODE_ENTER|false
14:13:50.0 (82367684)|HEAP_ALLOCATE|[134]|Bytes:5
14:13:50.0 (82371783)|STATEMENT_EXECUTE|[132]
14:13:50.0 (82373634)|STATEMENT_EXECUTE|[134]
14:13:50.0 (82379237)|HEAP_ALLOCATE|[134]|Bytes:5
14:13:50.0 (82383283)|SYSTEM_MODE_EXIT|false
14:13:50.0 (82387404)|HEAP_ALLOCATE|[134]|Bytes:5
14:13:50.0 (82442545)|SYSTEM_MODE_ENTER|true
14:13:50.0 (82468835)|HEAP_ALLOCATE|[EXTERNAL]|Bytes:40
14:13:50.0 (82475793)|VARIABLE_SCOPE_BEGIN|[108]|this|auSwitchScreenCtrl|true|false
14:13:50.0 (82505335)|VARIABLE_ASSIGNMENT|[108]|this|{"isCommunityUser":false,"isIPhone":false,"isKDDIKnowledgeActivities":false,"isKDDIKnowledgeOnly":false,"isKDDIUser":true,"isOkinawaFull":false,"isOkinawaRestricted":false,"isSAorEvolvaUser":false,"isSystemAdministrator":true}|0x5f7145be
14:13:50.0 (82516431)|SYSTEM_MODE_ENTER|false
14:13:50.0 (82521685)|HEAP_ALLOCATE|[110]|Bytes:5
14:13:50.0 (82525298)|STATEMENT_EXECUTE|[108]
14:13:50.0 (82527079)|STATEMENT_EXECUTE|[110]
14:13:50.0 (82567439)|VARIABLE_ASSIGNMENT|[EXTERNAL]|this|{"isCommunityUser":false,"isIPhone":false,"isKDDIKnowledgeActivities":false,"isKDDIKnowledgeOnly":false,"isKDDIUser":true,"isOkinawaFull":false,"isOkinawaRestricted":false,"isSAorEvolvaUser":false,"isSystemAdministrator":true}|0x5f7145be
14:13:50.0 (82583193)|SYSTEM_MODE_EXIT|false
14:13:50.0 (82644919)|SYSTEM_MODE_ENTER|true
14:13:50.0 (82779743)|SYSTEM_MODE_ENTER|true
14:13:50.0 (82808654)|HEAP_ALLOCATE|[EXTERNAL]|Bytes:284
14:13:50.0 (82816769)|HEAP_ALLOCATE|[EXTERNAL]|Bytes:19
14:13:50.0 (82826903)|METHOD_ENTRY|[1]|01pN0000000XhLs|auSwitchScreenBtmCompCtrl.auSwitchScreenBtmCompCtrl()
14:13:50.0 (82833069)|STATEMENT_EXECUTE|[1]
14:13:50.0 (82836305)|STATEMENT_EXECUTE|[1]
14:13:50.0 (82840388)|METHOD_EXIT|[1]|auSwitchScreenBtmCompCtrl
14:13:50.0 (82853835)|HEAP_ALLOCATE|[EXTERNAL]|Bytes:36
14:13:50.0 (82859481)|VARIABLE_SCOPE_BEGIN|[12]|this|auSwitchScreenBtmCompCtrl|true|false
14:13:50.0 (82890978)|VARIABLE_ASSIGNMENT|[12]|this|{}|0x51e6f59a
14:13:50.0 (82904413)|STATEMENT_EXECUTE|[1]
14:13:50.0 (82906233)|STATEMENT_EXECUTE|[3]
14:13:50.0 (82907756)|STATEMENT_EXECUTE|[4]
14:13:50.0 (82909261)|STATEMENT_EXECUTE|[5]
14:13:50.0 (82910692)|STATEMENT_EXECUTE|[6]
14:13:50.0 (82912042)|STATEMENT_EXECUTE|[7]
14:13:50.0 (82913418)|STATEMENT_EXECUTE|[8]
14:13:50.0 (82914771)|STATEMENT_EXECUTE|[9]
14:13:50.0 (82916152)|STATEMENT_EXECUTE|[10]
14:13:50.0 (82931942)|STATEMENT_EXECUTE|[12]
14:13:50.0 (82933687)|STATEMENT_EXECUTE|[14]
14:13:50.0 (83126629)|HEAP_ALLOCATE|[14]|Bytes:152
14:13:50.0 (83192887)|VARIABLE_ASSIGNMENT|[EXTERNAL]|this|{}|0x51e6f59a
14:13:50.0 (83206995)|VARIABLE_ASSIGNMENT|[EXTERNAL]|value|"https://c.cs6.conten (102 more) ..."
14:13:50.0 (83219776)|VARIABLE_ASSIGNMENT|[4]|this.urlDailyReportManual|"https://c.cs6.conten (102 more) ..."|0x51e6f59a
14:13:50.0 (83228085)|STATEMENT_EXECUTE|[15]
14:13:50.0 (83324568)|HEAP_ALLOCATE|[15]|Bytes:152
14:13:50.0 (83380276)|VARIABLE_ASSIGNMENT|[EXTERNAL]|this|{"urlDailyReportManual":"https://c.cs6.conten (102 more) ..."}|0x51e6f59a
14:13:50.0 (83392902)|VARIABLE_ASSIGNMENT|[EXTERNAL]|value|"https://cs6.salesfor (84 more) ..."
14:13:50.0 (83403399)|VARIABLE_ASSIGNMENT|[5]|this.urlExternalCxSTPDManual|"https://cs6.salesfor (84 more) ..."|0x51e6f59a
14:13:50.0 (83412013)|STATEMENT_EXECUTE|[16]
14:13:50.0 (83502343)|HEAP_ALLOCATE|[16]|Bytes:152
14:13:50.0 (83557099)|VARIABLE_ASSIGNMENT|[EXTERNAL]|this|{"urlDailyReportManual":"https://c.cs6.conten (102 more) ...","urlExternalCxSTPDManual":"https://cs6.salesfor (84 more) ..."}|0x51e6f59a
14:13:50.0 (83570594)|VARIABLE_ASSIGNMENT|[EXTERNAL]|value|"https://c.cs6.conten (102 more) ..."
14:13:50.0 (83580930)|VARIABLE_ASSIGNMENT|[6]|this.urlInternalCxSTPDManual|"https://c.cs6.conten (102 more) ..."|0x51e6f59a
14:13:50.0 (83588651)|STATEMENT_EXECUTE|[17]
14:13:50.0 (83673451)|HEAP_ALLOCATE|[17]|Bytes:152
14:13:50.0 (83728226)|VARIABLE_ASSIGNMENT|[EXTERNAL]|this|{"urlDailyReportManual":"https://c.cs6.conten (102 more) ...","urlExternalCxSTPDManual":"https://cs6.salesfor (84 more) ...","urlInternalCxSTPDManual":"https://c.cs6.conten (102 more) ..."}|0x51e6f59a
14:13:50.0 (83741007)|VARIABLE_ASSIGNMENT|[EXTERNAL]|value|"https://cs6.salesfor (84 more) ..."
14:13:50.0 (83750438)|VARIABLE_ASSIGNMENT|[7]|this.urlExternalAuChannelManual|"https://cs6.salesfor (84 more) ..."|0x51e6f59a
14:13:50.0 (83758116)|STATEMENT_EXECUTE|[18]
14:13:50.0 (83841300)|HEAP_ALLOCATE|[18]|Bytes:152
14:13:50.0 (83903485)|VARIABLE_ASSIGNMENT|[EXTERNAL]|this|{"urlDailyReportManual":"https://c.cs6.conten (102 more) ...","urlExternalAuChannelManual":"https://cs6.salesfor (84 more) ...","urlExternalCxSTPDManual":"https://cs6.salesfor (84 more) ...","urlInternalCxSTPDManual":"https://c.cs6.conten (102 more) ..."}|0x51e6f59a
14:13:50.0 (83917050)|VARIABLE_ASSIGNMENT|[EXTERNAL]|value|"https://gwdev01-au-c (115 more) ..."
14:13:50.0 (83927173)|VARIABLE_ASSIGNMENT|[8]|this.urlInternalAuChannelManual|"https://gwdev01-au-c (115 more) ..."|0x51e6f59a
14:13:50.0 (83935283)|STATEMENT_EXECUTE|[20]
14:13:50.0 (83949026)|HEAP_ALLOCATE|[20]|Bytes:4
14:13:50.0 (83962812)|METHOD_ENTRY|[22]||System.UserInfo.getUserId()
14:13:50.0 (83986885)|METHOD_EXIT|[22]||System.UserInfo.getUserId()
14:13:50.0 (84268192)|SOQL_EXECUTE_BEGIN|[20]|Aggregations:0|SELECT Profile.Name FROM User WHERE User.ID = :tmpVar1
14:13:50.0 (90038821)|SOQL_EXECUTE_END|[20]|Rows:1
14:13:50.0 (90077354)|HEAP_ALLOCATE|[20]|Bytes:8
14:13:50.0 (90106360)|HEAP_ALLOCATE|[20]|Bytes:127
14:13:50.0 (90156183)|HEAP_ALLOCATE|[20]|Bytes:8
14:13:50.0 (90202841)|HEAP_ALLOCATE|[20]|Bytes:16
14:13:50.0 (90216568)|VARIABLE_SCOPE_BEGIN|[20]|currentUser|User|true|false
14:13:50.0 (90267729)|VARIABLE_ASSIGNMENT|[20]|currentUser|{"ProfileId":"00e6F000002RS1oQAG","Id":"005N00000057RPNIA2","Profile":{"Name":"System Administrator","Id":"00e6F000002RS1oQAG"}}|0x57157089
14:13:50.0 (90280246)|STATEMENT_EXECUTE|[24]
14:13:50.0 (90551411)|VARIABLE_ASSIGNMENT|[EXTERNAL]|this|{"urlDailyReportManual":"https://c.cs6.conten (102 more) ...","urlExternalAuChannelManual":"https://cs6.salesfor (84 more) ...","urlExternalCxSTPDManual":"https://cs6.salesfor (84 more) ...","urlInternalAuChannelManual":"https://gwdev01-au-c (115 more) ...","urlInternalCxSTPDManual":"https://c.cs6.conten (102 more) ..."}|0x51e6f59a
14:13:50.0 (90576908)|VARIABLE_ASSIGNMENT|[EXTERNAL]|value|false
14:13:50.0 (90587658)|HEAP_ALLOCATE|[9]|Bytes:5
14:13:50.0 (90600808)|VARIABLE_ASSIGNMENT|[9]|this.isCommunityUser|false|0x51e6f59a
14:13:50.0 (90616508)|STATEMENT_EXECUTE|[28]
14:13:50.0 (90694474)|VARIABLE_ASSIGNMENT|[EXTERNAL]|this|{"isCommunityUser":false,"urlDailyReportManual":"https://c.cs6.conten (102 more) ...","urlExternalAuChannelManual":"https://cs6.salesfor (84 more) ...","urlExternalCxSTPDManual":"https://cs6.salesfor (84 more) ...","urlInternalAuChannelManual":"https://gwdev01-au-c (115 more) ...","urlInternalCxSTPDManual":"https://c.cs6.conten (102 more) ..."}|0x51e6f59a
14:13:50.0 (90714249)|VARIABLE_ASSIGNMENT|[EXTERNAL]|value|""
14:13:50.0 (90727654)|VARIABLE_ASSIGNMENT|[3]|this.urlSFDCHome|""|0x51e6f59a
14:13:50.0 (90795456)|VARIABLE_ASSIGNMENT|[EXTERNAL]|this|{"isCommunityUser":false,"urlDailyReportManual":"https://c.cs6.conten (102 more) ...","urlExternalAuChannelManual":"https://cs6.salesfor (84 more) ...","urlExternalCxSTPDManual":"https://cs6.salesfor (84 more) ...","urlInternalAuChannelManual":"https://gwdev01-au-c (115 more) ...","urlInternalCxSTPDManual":"https://c.cs6.conten (102 more) ...","urlSFDCHome":""}|0x51e6f59a
14:13:50.0 (90819361)|STATEMENT_EXECUTE|[29]
14:13:50.0 (90822037)|STATEMENT_EXECUTE|[30]
14:13:50.0 (91013259)|HEAP_ALLOCATE|[30]|Bytes:152
14:13:50.0 (91091196)|VARIABLE_ASSIGNMENT|[EXTERNAL]|this|{"isCommunityUser":false,"urlDailyReportManual":"https://c.cs6.conten (102 more) ...","urlExternalAuChannelManual":"https://cs6.salesfor (84 more) ...","urlExternalCxSTPDManual":"https://cs6.salesfor (84 more) ...","urlInternalAuChannelManual":"https://gwdev01-au-c (115 more) ...","urlInternalCxSTPDManual":"https://c.cs6.conten (102 more) ...","urlSFDCHome":""}|0x51e6f59a
14:13:50.0 (91105763)|VARIABLE_ASSIGNMENT|[EXTERNAL]|value|"https://cs6.lightnin (43 more) ..."
14:13:50.0 (91115765)|VARIABLE_ASSIGNMENT|[3]|this.urlSFDCHome|"https://cs6.lightnin (43 more) ..."|0x51e6f59a
14:13:50.0 (91125976)|STATEMENT_EXECUTE|[31]
14:13:50.0 (91224324)|HEAP_ALLOCATE|[31]|Bytes:152
14:13:50.0 (91293382)|VARIABLE_ASSIGNMENT|[EXTERNAL]|this|{"isCommunityUser":false,"urlDailyReportManual":"https://c.cs6.conten (102 more) ...","urlExternalAuChannelManual":"https://cs6.salesfor (84 more) ...","urlExternalCxSTPDManual":"https://cs6.salesfor (84 more) ...","urlInternalAuChannelManual":"https://gwdev01-au-c (115 more) ...","urlInternalCxSTPDManual":"https://c.cs6.conten (102 more) ...","urlSFDCHome":"https://cs6.lightnin (43 more) ..."}|0x51e6f59a
14:13:50.0 (91309107)|VARIABLE_ASSIGNMENT|[EXTERNAL]|value|"http://lucas-idp.kdd (77 more) ..."
14:13:50.0 (91319879)|VARIABLE_ASSIGNMENT|[10]|this.urlSingleSignOn|"http://lucas-idp.kdd (77 more) ..."|0x51e6f59a
14:13:50.0 (91883473)|SYSTEM_MODE_ENTER|true
14:13:50.0 (92807743)|SYSTEM_MODE_ENTER|true
14:13:50.0 (92838175)|HEAP_ALLOCATE|[EXTERNAL]|Bytes:44
14:13:50.0 (92850931)|VARIABLE_ASSIGNMENT|[EXTERNAL]|this.iCountComments|null|0x56eb4ca6
14:13:50.0 (92890332)|SYSTEM_MODE_ENTER|true
14:13:50.0 (92904004)|HEAP_ALLOCATE|[EXTERNAL]|Bytes:44
14:13:50.0 (92912213)|VARIABLE_ASSIGNMENT|[EXTERNAL]|this.iCountLikes|null|0x56eb4ca6
14:13:50.0 (92973635)|SYSTEM_MODE_ENTER|true
14:13:50.0 (92990966)|HEAP_ALLOCATE|[EXTERNAL]|Bytes:8
14:13:50.0 (92995794)|HEAP_ALLOCATE|[EXTERNAL]|Bytes:44
14:13:50.0 (93005208)|VARIABLE_ASSIGNMENT|[EXTERNAL]|this.iTypeOfScreen|0|0x56eb4ca6
14:13:50.0 (93344838)|SYSTEM_MODE_ENTER|true
14:13:50.0 (93401395)|HEAP_ALLOCATE|[EXTERNAL]|Bytes:44
14:13:50.0 (93411749)|VARIABLE_SCOPE_BEGIN|[204]|this|auMainTopCompCtrl|true|false
14:13:50.0 (93455116)|VARIABLE_ASSIGNMENT|[204]|this|{"currentUser":"0x3212defb","isSAUser":false,"iTypeOfScreen":0,"urlReportsSFA":"https://cs6.lightnin (84 more) ..."}|0x56eb4ca6
14:13:50.0 (93466208)|STATEMENT_EXECUTE|[204]
14:13:50.0 (93498531)|VARIABLE_ASSIGNMENT|[EXTERNAL]|this|{"currentUser":"0x3212defb","isSAUser":false,"iTypeOfScreen":0,"urlReportsSFA":"https://cs6.lightnin (84 more) ..."}|0x56eb4ca6
14:13:50.0 (93535849)|VARIABLE_ASSIGNMENT|[EXTERNAL]|this|{"currentUser":"0x3212defb","isSAUser":false,"iTypeOfScreen":0,"urlReportsSFA":"https://cs6.lightnin (84 more) ..."}|0x56eb4ca6
14:13:50.0 (93567717)|VARIABLE_ASSIGNMENT|[EXTERNAL]|this|{"currentUser":"0x3212defb","isSAUser":false,"iTypeOfScreen":0,"urlReportsSFA":"https://cs6.lightnin (84 more) ..."}|0x56eb4ca6
14:13:50.0 (93600826)|VARIABLE_ASSIGNMENT|[EXTERNAL]|this|{"currentUser":"0x3212defb","isSAUser":false,"iTypeOfScreen":0,"urlReportsSFA":"https://cs6.lightnin (84 more) ..."}|0x56eb4ca6
14:13:50.0 (93631130)|VARIABLE_ASSIGNMENT|[EXTERNAL]|this|{"currentUser":"0x3212defb","isSAUser":false,"iTypeOfScreen":0,"urlReportsSFA":"https://cs6.lightnin (84 more) ..."}|0x56eb4ca6
14:13:50.0 (93642152)|STATEMENT_EXECUTE|[213]
14:13:50.0 (93644011)|STATEMENT_EXECUTE|[214]
14:13:50.0 (93703322)|SYSTEM_MODE_ENTER|true
14:13:50.0 (93733877)|HEAP_ALLOCATE|[EXTERNAL]|Bytes:44
14:13:50.0 (93741220)|VARIABLE_SCOPE_BEGIN|[218]|this|auMainTopCompCtrl|true|false
14:13:50.0 (93771236)|VARIABLE_ASSIGNMENT|[218]|this|{"currentUser":"0x3212defb","isSAUser":false,"iTypeOfScreen":0,"urlReportsSFA":"https://cs6.lightnin (84 more) ..."}|0x56eb4ca6
14:13:50.0 (93780848)|STATEMENT_EXECUTE|[218]
14:13:50.0 (93806558)|VARIABLE_ASSIGNMENT|[EXTERNAL]|this|{"currentUser":"0x3212defb","isSAUser":false,"iTypeOfScreen":0,"urlReportsSFA":"https://cs6.lightnin (84 more) ..."}|0x56eb4ca6
14:13:50.0 (93838701)|VARIABLE_ASSIGNMENT|[EXTERNAL]|this|{"currentUser":"0x3212defb","isSAUser":false,"iTypeOfScreen":0,"urlReportsSFA":"https://cs6.lightnin (84 more) ..."}|0x56eb4ca6
14:13:50.0 (93868384)|VARIABLE_ASSIGNMENT|[EXTERNAL]|this|{"currentUser":"0x3212defb","isSAUser":false,"iTypeOfScreen":0,"urlReportsSFA":"https://cs6.lightnin (84 more) ..."}|0x56eb4ca6
14:13:50.0 (93900651)|VARIABLE_ASSIGNMENT|[EXTERNAL]|this|{"currentUser":"0x3212defb","isSAUser":false,"iTypeOfScreen":0,"urlReportsSFA":"https://cs6.lightnin (84 more) ..."}|0x56eb4ca6
14:13:50.0 (93930211)|VARIABLE_ASSIGNMENT|[EXTERNAL]|this|{"currentUser":"0x3212defb","isSAUser":false,"iTypeOfScreen":0,"urlReportsSFA":"https://cs6.lightnin (84 more) ..."}|0x56eb4ca6
14:13:50.0 (93944411)|STATEMENT_EXECUTE|[227]
14:13:50.0 (93946230)|STATEMENT_EXECUTE|[228]
14:13:50.0 (94161164)|SYSTEM_MODE_ENTER|true
14:13:50.0 (99357549)|SYSTEM_MODE_ENTER|true
14:13:50.0 (99398421)|HEAP_ALLOCATE|[EXTERNAL]|Bytes:44
14:13:50.0 (99407077)|VARIABLE_SCOPE_BEGIN|[67]|this|auMainTopCompCtrl|true|false
14:13:50.0 (99446863)|VARIABLE_ASSIGNMENT|[67]|this|{"currentUser":"0x3212defb","isSAUser":false,"iTypeOfScreen":0,"urlReportsSFA":"https://cs6.lightnin (84 more) ..."}|0x56eb4ca6
14:13:50.0 (99457217)|STATEMENT_EXECUTE|[67]
14:13:50.0 (99459260)|STATEMENT_EXECUTE|[68]
14:13:50.0 (99490553)|VARIABLE_ASSIGNMENT|[EXTERNAL]|this|{"currentUser":"0x3212defb","isSAUser":false,"iTypeOfScreen":0,"urlReportsSFA":"https://cs6.lightnin (84 more) ..."}|0x56eb4ca6
14:13:50.0 (99526443)|VARIABLE_ASSIGNMENT|[EXTERNAL]|this|{"currentUser":"0x3212defb","isSAUser":false,"iTypeOfScreen":0,"urlReportsSFA":"https://cs6.lightnin (84 more) ..."}|0x56eb4ca6
14:13:50.0 (99557786)|VARIABLE_ASSIGNMENT|[EXTERNAL]|this|{"currentUser":"0x3212defb","isSAUser":false,"iTypeOfScreen":0,"urlReportsSFA":"https://cs6.lightnin (84 more) ..."}|0x56eb4ca6
14:13:50.0 (99571894)|HEAP_ALLOCATE|[68]|Bytes:5
14:13:50.0 (99623825)|SYSTEM_MODE_ENTER|true
14:13:50.0 (99652977)|HEAP_ALLOCATE|[EXTERNAL]|Bytes:44
14:13:50.0 (99659600)|VARIABLE_SCOPE_BEGIN|[73]|this|auMainTopCompCtrl|true|false
14:13:50.0 (99689256)|VARIABLE_ASSIGNMENT|[73]|this|{"currentUser":"0x3212defb","isSAUser":false,"iTypeOfScreen":0,"urlReportsSFA":"https://cs6.lightnin (84 more) ..."}|0x56eb4ca6
14:13:50.0 (99698867)|STATEMENT_EXECUTE|[73]
14:13:50.0 (99700759)|STATEMENT_EXECUTE|[74]
14:13:50.0 (99725926)|VARIABLE_ASSIGNMENT|[EXTERNAL]|this|{"currentUser":"0x3212defb","isSAUser":false,"iTypeOfScreen":0,"urlReportsSFA":"https://cs6.lightnin (84 more) ..."}|0x56eb4ca6
14:13:50.0 (99757754)|VARIABLE_ASSIGNMENT|[EXTERNAL]|this|{"currentUser":"0x3212defb","isSAUser":false,"iTypeOfScreen":0,"urlReportsSFA":"https://cs6.lightnin (84 more) ..."}|0x56eb4ca6
14:13:50.0 (99770153)|HEAP_ALLOCATE|[74]|Bytes:5
14:13:50.0 (99818119)|SYSTEM_MODE_ENTER|true
14:13:50.0 (99845440)|HEAP_ALLOCATE|[EXTERNAL]|Bytes:44
14:13:50.0 (99851161)|VARIABLE_SCOPE_BEGIN|[83]|this|auMainTopCompCtrl|true|false
14:13:50.0 (99880310)|VARIABLE_ASSIGNMENT|[83]|this|{"currentUser":"0x3212defb","isSAUser":false,"iTypeOfScreen":0,"urlReportsSFA":"https://cs6.lightnin (84 more) ..."}|0x56eb4ca6
14:13:50.0 (99889047)|STATEMENT_EXECUTE|[83]
14:13:50.0 (99890755)|STATEMENT_EXECUTE|[84]
14:13:50.0 (99920629)|VARIABLE_ASSIGNMENT|[EXTERNAL]|this|{"currentUser":"0x3212defb","isSAUser":false,"iTypeOfScreen":0,"urlReportsSFA":"https://cs6.lightnin (84 more) ..."}|0x56eb4ca6
14:13:50.0 (99952426)|VARIABLE_ASSIGNMENT|[EXTERNAL]|this|{"currentUser":"0x3212defb","isSAUser":false,"iTypeOfScreen":0,"urlReportsSFA":"https://cs6.lightnin (84 more) ..."}|0x56eb4ca6
14:13:50.0 (99964895)|HEAP_ALLOCATE|[84]|Bytes:5
14:13:50.0 (100005744)|SYSTEM_MODE_ENTER|true
14:13:50.0 (100031764)|HEAP_ALLOCATE|[EXTERNAL]|Bytes:44
14:13:50.0 (100037991)|VARIABLE_SCOPE_BEGIN|[100]|this|auMainTopCompCtrl|true|false
14:13:50.0 (100069938)|VARIABLE_ASSIGNMENT|[100]|this|{"currentUser":"0x3212defb","isSAUser":false,"iTypeOfScreen":0,"urlReportsSFA":"https://cs6.lightnin (84 more) ..."}|0x56eb4ca6
14:13:50.0 (100078857)|STATEMENT_EXECUTE|[100]
14:13:50.0 (100080809)|STATEMENT_EXECUTE|[101]
14:13:50.0 (100111662)|VARIABLE_ASSIGNMENT|[EXTERNAL]|this|{"currentUser":"0x3212defb","isSAUser":false,"iTypeOfScreen":0,"urlReportsSFA":"https://cs6.lightnin (84 more) ..."}|0x56eb4ca6
14:13:50.0 (100144795)|VARIABLE_ASSIGNMENT|[EXTERNAL]|this|{"currentUser":"0x3212defb","isSAUser":false,"iTypeOfScreen":0,"urlReportsSFA":"https://cs6.lightnin (84 more) ..."}|0x56eb4ca6
14:13:50.0 (100176106)|VARIABLE_ASSIGNMENT|[EXTERNAL]|this|{"currentUser":"0x3212defb","isSAUser":false,"iTypeOfScreen":0,"urlReportsSFA":"https://cs6.lightnin (84 more) ..."}|0x56eb4ca6
14:13:50.0 (100188638)|HEAP_ALLOCATE|[101]|Bytes:5
14:13:50.0 (102283226)|SYSTEM_MODE_ENTER|true
14:13:50.0 (102678569)|SYSTEM_MODE_ENTER|true
14:13:50.0 (102775241)|SYSTEM_MODE_ENTER|true
14:13:50.0 (104878011)|VF_SERIALIZE_VIEWSTATE_BEGIN|066N0000000F0Uk
14:13:50.0 (109632836)|VF_SERIALIZE_VIEWSTATE_END
14:13:50.114 (114770841)|CUMULATIVE_LIMIT_USAGE
14:13:50.114 (114770841)|LIMIT_USAGE_FOR_NS|(default)|
  Number of SOQL queries: 5 out of 100
  Number of query rows: 5 out of 50000
  Number of SOSL queries: 0 out of 20
  Number of DML statements: 0 out of 150
  Number of DML rows: 0 out of 10000
  Maximum CPU time: 0 out of 10000
  Maximum heap size: 0 out of 6000000
  Number of callouts: 0 out of 100
  Number of Email Invocations: 0 out of 10
  Number of future calls: 0 out of 50
  Number of queueable jobs added to the queue: 0 out of 50
  Number of Mobile Apex push calls: 0 out of 10

14:13:50.114 (114770841)|CUMULATIVE_LIMIT_USAGE_END

14:13:50.0 (114819784)|CODE_UNIT_FINISHED|VF: /apex/auSwitchScreenPage
14:13:50.0 (115574704)|EXECUTION_FINISHED
