42.0 APEX_CODE,FINEST;APEX_PROFILING,INFO;CALLOUT,INFO;DB,INFO;NBA,INFO;SYSTEM,DEBUG;VALIDATION,INFO;VISUALFORCE,INFO;WAVE,INFO;WORKFLOW,INFO
10:43:09.0 (84326)|USER_INFO|[EXTERNAL]|005N00000057PfO|thomas.remy+kddi_gwdev01@globalway.co.jp|Japan Standard Time|GMT+09:00
10:43:09.0 (132188)|EXECUTION_STARTED
10:43:09.0 (137995)|CODE_UNIT_STARTED|[EXTERNAL]|066N0000000M4pW|VF: /apex/sadailyreport
10:43:09.0 (329542)|VF_DESERIALIZE_VIEWSTATE_BEGIN|066N0000000M4pW
10:43:09.0 (4073935)|HEAP_ALLOCATE|[72]|Bytes:3
10:43:09.0 (4128350)|HEAP_ALLOCATE|[77]|Bytes:152
10:43:09.0 (4149187)|HEAP_ALLOCATE|[342]|Bytes:408
10:43:09.0 (4166166)|HEAP_ALLOCATE|[355]|Bytes:408
10:43:09.0 (4180391)|HEAP_ALLOCATE|[467]|Bytes:48
10:43:09.0 (4211466)|HEAP_ALLOCATE|[139]|Bytes:6
10:43:09.0 (5194517)|HEAP_ALLOCATE|[50]|Bytes:5
10:43:09.0 (5229723)|HEAP_ALLOCATE|[56]|Bytes:5
10:43:09.0 (5239389)|HEAP_ALLOCATE|[64]|Bytes:7
10:43:09.0 (6102479)|VARIABLE_SCOPE_BEGIN|[3]|saDailyReportCtrl.SOURCE|String|false|true
10:43:09.0 (6115158)|VARIABLE_SCOPE_BEGIN|[4]|saDailyReportCtrl.SOURCE_ID|String|false|true
10:43:09.0 (7246642)|VARIABLE_SCOPE_BEGIN|[25]|auMainTopCompCtrl.TYPE_SCREEN_ACCOUNT_LIST|Integer|false|true
10:43:09.0 (7262338)|VARIABLE_SCOPE_BEGIN|[26]|auMainTopCompCtrl.TYPE_SCREEN_ACTIVITY_LIST|Integer|false|true
10:43:09.0 (7272132)|VARIABLE_SCOPE_BEGIN|[7]|auMainTopCompCtrl.TYPE_SCREEN_CX_SCREEN|Integer|false|true
10:43:09.0 (7278891)|VARIABLE_SCOPE_BEGIN|[8]|auMainTopCompCtrl.TYPE_SCREEN_CX_TIMELINE|Integer|false|true
10:43:09.0 (7288951)|VARIABLE_SCOPE_BEGIN|[9]|auMainTopCompCtrl.TYPE_SCREEN_EVENT_SCHEDULE|Integer|false|true
10:43:09.0 (7296474)|VARIABLE_SCOPE_BEGIN|[10]|auMainTopCompCtrl.TYPE_SCREEN_EVENT_SCHEDULE_LIST|Integer|false|true
10:43:09.0 (7303108)|VARIABLE_SCOPE_BEGIN|[27]|auMainTopCompCtrl.TYPE_SCREEN_FILE_LIST|Integer|false|true
10:43:09.0 (7311145)|VARIABLE_SCOPE_BEGIN|[24]|auMainTopCompCtrl.TYPE_SCREEN_HONBU_DIRECT|Integer|false|true
10:43:09.0 (7317361)|VARIABLE_SCOPE_BEGIN|[11]|auMainTopCompCtrl.TYPE_SCREEN_KNOWLEDGE_DASHBOARD|Integer|false|true
10:43:09.0 (7324292)|VARIABLE_SCOPE_BEGIN|[12]|auMainTopCompCtrl.TYPE_SCREEN_KNOWLEDGE_LIST|Integer|false|true
10:43:09.0 (7331753)|VARIABLE_SCOPE_BEGIN|[15]|auMainTopCompCtrl.TYPE_SCREEN_SA_CHATTER|Integer|false|true
10:43:09.0 (7339991)|VARIABLE_SCOPE_BEGIN|[16]|auMainTopCompCtrl.TYPE_SCREEN_SA_DAILYREPORT|Integer|false|true
10:43:09.0 (7346985)|VARIABLE_SCOPE_BEGIN|[22]|auMainTopCompCtrl.TYPE_SCREEN_SA_DAILYREPORTLIST|Integer|false|true
10:43:09.0 (7354570)|VARIABLE_SCOPE_BEGIN|[18]|auMainTopCompCtrl.TYPE_SCREEN_SA_DOCUMENTS|Integer|false|true
10:43:09.0 (7362258)|VARIABLE_SCOPE_BEGIN|[17]|auMainTopCompCtrl.TYPE_SCREEN_SA_ENQUETE|Integer|false|true
10:43:09.0 (7368195)|VARIABLE_SCOPE_BEGIN|[20]|auMainTopCompCtrl.TYPE_SCREEN_SA_LINKS|Integer|false|true
10:43:09.0 (7376931)|VARIABLE_SCOPE_BEGIN|[13]|auMainTopCompCtrl.TYPE_SCREEN_SA_MESSAGES|Integer|false|true
10:43:09.0 (7385098)|VARIABLE_SCOPE_BEGIN|[19]|auMainTopCompCtrl.TYPE_SCREEN_SA_RANKING|Integer|false|true
10:43:09.0 (7393401)|VARIABLE_SCOPE_BEGIN|[14]|auMainTopCompCtrl.TYPE_SCREEN_SA_REPORTS|Integer|false|true
10:43:09.0 (7400448)|VARIABLE_SCOPE_BEGIN|[23]|auMainTopCompCtrl.TYPE_SCREEN_SA_TODO|Integer|false|true
10:43:09.0 (7408250)|VARIABLE_SCOPE_BEGIN|[21]|auMainTopCompCtrl.TYPE_SCREEN_SA_USRSETTINGS|Integer|false|true
10:43:09.0 (7417552)|VARIABLE_SCOPE_BEGIN|[4]|auMainTopCompCtrl.TYPE_SCREEN_STPD_EVENT|Integer|false|true
10:43:09.0 (7425780)|VARIABLE_SCOPE_BEGIN|[6]|auMainTopCompCtrl.TYPE_SCREEN_STPD_SCREEN|Integer|false|true
10:43:09.0 (7432631)|VARIABLE_SCOPE_BEGIN|[5]|auMainTopCompCtrl.TYPE_SCREEN_STPD_TIMELINE|Integer|false|true
10:43:09.0 (7440830)|VARIABLE_SCOPE_BEGIN|[3]|auMainTopCompCtrl.TYPE_SCREEN_SWITCH|Integer|false|true
10:43:09.0 (8689142)|VF_DESERIALIZE_VIEWSTATE_END
10:43:09.0 (11305397)|SYSTEM_MODE_ENTER|true
10:43:09.0 (11627650)|HEAP_ALLOCATE|[EXTERNAL]|Bytes:284
10:43:09.0 (11648422)|HEAP_ALLOCATE|[EXTERNAL]|Bytes:146
10:43:09.0 (11664286)|METHOD_ENTRY|[1]|01pN0000000Mill|auMainTopCompCtrl.auMainTopCompCtrl()
10:43:09.0 (11672544)|STATEMENT_EXECUTE|[1]
10:43:09.0 (11679435)|STATEMENT_EXECUTE|[1]
10:43:09.0 (11681774)|STATEMENT_EXECUTE|[3]
10:43:09.0 (11691103)|HEAP_ALLOCATE|[3]|Bytes:4
10:43:09.0 (11720753)|VARIABLE_ASSIGNMENT|[3]|auMainTopCompCtrl.TYPE_SCREEN_SWITCH|0
10:43:09.0 (11726067)|STATEMENT_EXECUTE|[4]
10:43:09.0 (11729269)|HEAP_ALLOCATE|[4]|Bytes:4
10:43:09.0 (11739965)|VARIABLE_ASSIGNMENT|[4]|auMainTopCompCtrl.TYPE_SCREEN_STPD_EVENT|11
10:43:09.0 (11745346)|STATEMENT_EXECUTE|[5]
10:43:09.0 (11748271)|HEAP_ALLOCATE|[5]|Bytes:4
10:43:09.0 (11757596)|VARIABLE_ASSIGNMENT|[5]|auMainTopCompCtrl.TYPE_SCREEN_STPD_TIMELINE|12
10:43:09.0 (11762253)|STATEMENT_EXECUTE|[6]
10:43:09.0 (11764550)|HEAP_ALLOCATE|[6]|Bytes:4
10:43:09.0 (11771610)|VARIABLE_ASSIGNMENT|[6]|auMainTopCompCtrl.TYPE_SCREEN_STPD_SCREEN|13
10:43:09.0 (11777364)|STATEMENT_EXECUTE|[7]
10:43:09.0 (11779499)|HEAP_ALLOCATE|[7]|Bytes:4
10:43:09.0 (11785330)|VARIABLE_ASSIGNMENT|[7]|auMainTopCompCtrl.TYPE_SCREEN_CX_SCREEN|21
10:43:09.0 (11789355)|STATEMENT_EXECUTE|[8]
10:43:09.0 (11791218)|HEAP_ALLOCATE|[8]|Bytes:4
10:43:09.0 (11797973)|VARIABLE_ASSIGNMENT|[8]|auMainTopCompCtrl.TYPE_SCREEN_CX_TIMELINE|22
10:43:09.0 (11802119)|STATEMENT_EXECUTE|[9]
10:43:09.0 (11804299)|HEAP_ALLOCATE|[9]|Bytes:4
10:43:09.0 (11810285)|VARIABLE_ASSIGNMENT|[9]|auMainTopCompCtrl.TYPE_SCREEN_EVENT_SCHEDULE|31
10:43:09.0 (11815439)|STATEMENT_EXECUTE|[10]
10:43:09.0 (11817547)|HEAP_ALLOCATE|[10]|Bytes:4
10:43:09.0 (11823482)|VARIABLE_ASSIGNMENT|[10]|auMainTopCompCtrl.TYPE_SCREEN_EVENT_SCHEDULE_LIST|32
10:43:09.0 (11827454)|STATEMENT_EXECUTE|[11]
10:43:09.0 (11829600)|HEAP_ALLOCATE|[11]|Bytes:4
10:43:09.0 (11836938)|VARIABLE_ASSIGNMENT|[11]|auMainTopCompCtrl.TYPE_SCREEN_KNOWLEDGE_DASHBOARD|41
10:43:09.0 (11840680)|STATEMENT_EXECUTE|[12]
10:43:09.0 (11842643)|HEAP_ALLOCATE|[12]|Bytes:4
10:43:09.0 (11848527)|VARIABLE_ASSIGNMENT|[12]|auMainTopCompCtrl.TYPE_SCREEN_KNOWLEDGE_LIST|42
10:43:09.0 (11853368)|STATEMENT_EXECUTE|[13]
10:43:09.0 (11855407)|HEAP_ALLOCATE|[13]|Bytes:4
10:43:09.0 (11861363)|VARIABLE_ASSIGNMENT|[13]|auMainTopCompCtrl.TYPE_SCREEN_SA_MESSAGES|51
10:43:09.0 (11865106)|STATEMENT_EXECUTE|[14]
10:43:09.0 (11868203)|HEAP_ALLOCATE|[14]|Bytes:4
10:43:09.0 (11874533)|VARIABLE_ASSIGNMENT|[14]|auMainTopCompCtrl.TYPE_SCREEN_SA_REPORTS|52
10:43:09.0 (11878384)|STATEMENT_EXECUTE|[15]
10:43:09.0 (11880713)|HEAP_ALLOCATE|[15]|Bytes:4
10:43:09.0 (11887471)|VARIABLE_ASSIGNMENT|[15]|auMainTopCompCtrl.TYPE_SCREEN_SA_CHATTER|53
10:43:09.0 (11891100)|STATEMENT_EXECUTE|[16]
10:43:09.0 (11893424)|HEAP_ALLOCATE|[16]|Bytes:4
10:43:09.0 (11899562)|VARIABLE_ASSIGNMENT|[16]|auMainTopCompCtrl.TYPE_SCREEN_SA_DAILYREPORT|54
10:43:09.0 (11904748)|STATEMENT_EXECUTE|[17]
10:43:09.0 (11906832)|HEAP_ALLOCATE|[17]|Bytes:4
10:43:09.0 (11912669)|VARIABLE_ASSIGNMENT|[17]|auMainTopCompCtrl.TYPE_SCREEN_SA_ENQUETE|55
10:43:09.0 (11916648)|STATEMENT_EXECUTE|[18]
10:43:09.0 (11920432)|HEAP_ALLOCATE|[18]|Bytes:4
10:43:09.0 (11927192)|VARIABLE_ASSIGNMENT|[18]|auMainTopCompCtrl.TYPE_SCREEN_SA_DOCUMENTS|56
10:43:09.0 (11931134)|STATEMENT_EXECUTE|[19]
10:43:09.0 (11933403)|HEAP_ALLOCATE|[19]|Bytes:4
10:43:09.0 (11941508)|VARIABLE_ASSIGNMENT|[19]|auMainTopCompCtrl.TYPE_SCREEN_SA_RANKING|57
10:43:09.0 (11945434)|STATEMENT_EXECUTE|[20]
10:43:09.0 (11947508)|HEAP_ALLOCATE|[20]|Bytes:4
10:43:09.0 (11953308)|VARIABLE_ASSIGNMENT|[20]|auMainTopCompCtrl.TYPE_SCREEN_SA_LINKS|58
10:43:09.0 (11958406)|STATEMENT_EXECUTE|[21]
10:43:09.0 (11960392)|HEAP_ALLOCATE|[21]|Bytes:4
10:43:09.0 (11966708)|VARIABLE_ASSIGNMENT|[21]|auMainTopCompCtrl.TYPE_SCREEN_SA_USRSETTINGS|59
10:43:09.0 (11972323)|STATEMENT_EXECUTE|[22]
10:43:09.0 (11975031)|HEAP_ALLOCATE|[22]|Bytes:4
10:43:09.0 (11980993)|VARIABLE_ASSIGNMENT|[22]|auMainTopCompCtrl.TYPE_SCREEN_SA_DAILYREPORTLIST|60
10:43:09.0 (11984949)|STATEMENT_EXECUTE|[23]
10:43:09.0 (11987051)|HEAP_ALLOCATE|[23]|Bytes:4
10:43:09.0 (11996571)|VARIABLE_ASSIGNMENT|[23]|auMainTopCompCtrl.TYPE_SCREEN_SA_TODO|61
10:43:09.0 (12001058)|STATEMENT_EXECUTE|[24]
10:43:09.0 (12003628)|HEAP_ALLOCATE|[24]|Bytes:4
10:43:09.0 (12009308)|VARIABLE_ASSIGNMENT|[24]|auMainTopCompCtrl.TYPE_SCREEN_HONBU_DIRECT|71
10:43:09.0 (12015924)|STATEMENT_EXECUTE|[25]
10:43:09.0 (12018176)|HEAP_ALLOCATE|[25]|Bytes:4
10:43:09.0 (12024168)|VARIABLE_ASSIGNMENT|[25]|auMainTopCompCtrl.TYPE_SCREEN_ACCOUNT_LIST|81
10:43:09.0 (12027720)|STATEMENT_EXECUTE|[26]
10:43:09.0 (12029539)|HEAP_ALLOCATE|[26]|Bytes:4
10:43:09.0 (12036593)|VARIABLE_ASSIGNMENT|[26]|auMainTopCompCtrl.TYPE_SCREEN_ACTIVITY_LIST|82
10:43:09.0 (12040613)|STATEMENT_EXECUTE|[27]
10:43:09.0 (12042750)|HEAP_ALLOCATE|[27]|Bytes:4
10:43:09.0 (12048331)|VARIABLE_ASSIGNMENT|[27]|auMainTopCompCtrl.TYPE_SCREEN_FILE_LIST|83
10:43:09.0 (12059907)|METHOD_EXIT|[1]|auMainTopCompCtrl
10:43:09.0 (12068515)|HEAP_ALLOCATE|[EXTERNAL]|Bytes:40
10:43:09.0 (12077151)|VARIABLE_SCOPE_BEGIN|[80]|this|auMainTopCompCtrl|true|false
10:43:09.0 (12145156)|VARIABLE_ASSIGNMENT|[80]|this|{"currentUser":"0x43234e9f","iTypeOfScreen":54,"urlReportsSFA":"https://cs6.lightnin (84 more) ..."}|0x2b4596b9
10:43:09.0 (12162551)|STATEMENT_EXECUTE|[80]
10:43:09.0 (12164567)|STATEMENT_EXECUTE|[81]
10:43:09.0 (12218235)|VARIABLE_ASSIGNMENT|[EXTERNAL]|this|{"currentUser":"0x43234e9f","iTypeOfScreen":54,"urlReportsSFA":"https://cs6.lightnin (84 more) ..."}|0x2b4596b9
10:43:09.0 (12273455)|VARIABLE_ASSIGNMENT|[EXTERNAL]|this|{"currentUser":"0x43234e9f","iTypeOfScreen":54,"urlReportsSFA":"https://cs6.lightnin (84 more) ..."}|0x2b4596b9
10:43:09.0 (12329399)|VARIABLE_ASSIGNMENT|[EXTERNAL]|this|{"currentUser":"0x43234e9f","iTypeOfScreen":54,"urlReportsSFA":"https://cs6.lightnin (84 more) ..."}|0x2b4596b9
10:43:09.0 (12369592)|VARIABLE_ASSIGNMENT|[EXTERNAL]|this|{"currentUser":"0x43234e9f","iTypeOfScreen":54,"urlReportsSFA":"https://cs6.lightnin (84 more) ..."}|0x2b4596b9
10:43:09.0 (12398808)|HEAP_ALLOCATE|[81]|Bytes:5
10:43:09.0 (12511041)|SYSTEM_MODE_ENTER|true
10:43:09.0 (12554935)|HEAP_ALLOCATE|[EXTERNAL]|Bytes:40
10:43:09.0 (12562200)|VARIABLE_SCOPE_BEGIN|[99]|this|auMainTopCompCtrl|true|false
10:43:09.0 (12595948)|VARIABLE_ASSIGNMENT|[99]|this|{"currentUser":"0x43234e9f","iTypeOfScreen":54,"urlReportsSFA":"https://cs6.lightnin (84 more) ..."}|0x2b4596b9
10:43:09.0 (12605363)|STATEMENT_EXECUTE|[99]
10:43:09.0 (12607267)|STATEMENT_EXECUTE|[100]
10:43:09.0 (12643707)|VARIABLE_ASSIGNMENT|[EXTERNAL]|this|{"currentUser":"0x43234e9f","iTypeOfScreen":54,"urlReportsSFA":"https://cs6.lightnin (84 more) ..."}|0x2b4596b9
10:43:09.0 (12658826)|HEAP_ALLOCATE|[100]|Bytes:5
10:43:09.0 (12749585)|SYSTEM_MODE_ENTER|true
10:43:09.0 (12775703)|HEAP_ALLOCATE|[EXTERNAL]|Bytes:40
10:43:09.0 (12788009)|VARIABLE_ASSIGNMENT|[EXTERNAL]|this.iCountComments|null|0x2b4596b9
10:43:09.0 (12834460)|SYSTEM_MODE_ENTER|true
10:43:09.0 (12851133)|HEAP_ALLOCATE|[EXTERNAL]|Bytes:40
10:43:09.0 (12858220)|VARIABLE_ASSIGNMENT|[EXTERNAL]|this.iCountLikes|null|0x2b4596b9
10:43:09.0 (12955608)|SYSTEM_MODE_ENTER|true
10:43:09.0 (12994309)|HEAP_ALLOCATE|[EXTERNAL]|Bytes:26
10:43:09.0 (13003568)|HEAP_ALLOCATE|[EXTERNAL]|Bytes:460
10:43:09.0 (13011704)|HEAP_ALLOCATE|[EXTERNAL]|Bytes:113
10:43:09.0 (13015895)|HEAP_ALLOCATE|[EXTERNAL]|Bytes:39
10:43:09.0 (13019637)|HEAP_ALLOCATE|[EXTERNAL]|Bytes:3
10:43:09.0 (13028615)|VARIABLE_ASSIGNMENT|[EXTERNAL]|saDailyReportCtrl.SOURCE|"src"
10:43:09.0 (13034628)|HEAP_ALLOCATE|[EXTERNAL]|Bytes:2
10:43:09.0 (13040952)|VARIABLE_ASSIGNMENT|[EXTERNAL]|saDailyReportCtrl.SOURCE_ID|"id"
10:43:09.0 (13050480)|METHOD_ENTRY|[1]|01pN0000000aE0W|saDailyReportCtrl.saDailyReportCtrl()
10:43:09.0 (13058198)|STATEMENT_EXECUTE|[1]
10:43:09.0 (13061995)|STATEMENT_EXECUTE|[1]
10:43:09.0 (13071359)|SYSTEM_MODE_ENTER|false
10:43:09.0 (13078710)|HEAP_ALLOCATE|[EXTERNAL]|Bytes:5
10:43:09.0 (13083435)|STATEMENT_EXECUTE|[651]
10:43:09.0 (13085761)|STATEMENT_EXECUTE|[678]
10:43:09.0 (13091657)|SYSTEM_MODE_EXIT|false
10:43:09.0 (13099137)|METHOD_EXIT|[1]|saDailyReportCtrl
10:43:09.0 (13106586)|HEAP_ALLOCATE|[EXTERNAL]|Bytes:76
10:43:09.0 (13111670)|VARIABLE_SCOPE_BEGIN|[92]|this|saDailyReportCtrl|true|false
10:43:09.0 (13538260)|VARIABLE_ASSIGNMENT|[92]|this|{"BusinessLocationName":"","currentInquiryReply":"0x2bf6a04b","currentInquiryReplyDetail":"0x2c811bd2","dailyReportId":"a0IN0000006RUllMAG","dCurrentDay":"2018-06-30T00:00:00Z","dCurrentMonth":"2018-07-01T00:00:00Z","iCurrentDay":0,"idBusinessLocation":"","isIPhone":false,"isPreview":true,"lsBusinessLocation":"0x750fff6b","messageError":"","messageQuestion":"","mpQuestions":"0x326ac998","myUser":"0x2c80d366","sourceOfTheCall":"preview"}|0x4170ca58
10:43:09.0 (13560903)|SYSTEM_MODE_ENTER|false
10:43:09.0 (13569882)|HEAP_ALLOCATE|[92]|Bytes:5
10:43:09.0 (13575577)|STATEMENT_EXECUTE|[92]
10:43:09.0 (13577567)|STATEMENT_EXECUTE|[92]
10:43:09.0 (13582722)|SYSTEM_MODE_EXIT|false
10:43:09.0 (13645253)|SYSTEM_MODE_ENTER|true
10:43:09.0 (13669776)|HEAP_ALLOCATE|[EXTERNAL]|Bytes:8
10:43:09.0 (13674726)|HEAP_ALLOCATE|[EXTERNAL]|Bytes:40
10:43:09.0 (13684300)|VARIABLE_ASSIGNMENT|[EXTERNAL]|this.iTypeOfScreen|54|0x2b4596b9
10:43:09.0 (13864768)|SYSTEM_MODE_ENTER|true
10:43:09.0 (13966762)|SYSTEM_MODE_ENTER|true
10:43:09.0 (14060715)|SYSTEM_MODE_ENTER|true
10:43:09.0 (14288482)|SYSTEM_MODE_ENTER|true
10:43:09.0 (15856103)|SYSTEM_MODE_ENTER|true
10:43:09.0 (17965338)|SYSTEM_MODE_ENTER|true
10:43:09.0 (18025396)|SYSTEM_MODE_ENTER|true
10:43:09.0 (18067265)|SYSTEM_MODE_ENTER|true
10:43:09.0 (18111120)|SYSTEM_MODE_ENTER|true
10:43:09.0 (18149735)|SYSTEM_MODE_ENTER|true
10:43:09.0 (18207155)|SYSTEM_MODE_ENTER|true
10:43:09.0 (18257286)|HEAP_ALLOCATE|[EXTERNAL]|Bytes:40
10:43:09.0 (18267055)|VARIABLE_SCOPE_BEGIN|[80]|this|auMainTopCompCtrl|true|false
10:43:09.0 (18319842)|VARIABLE_ASSIGNMENT|[80]|this|{"currentUser":"0x43234e9f","iTypeOfScreen":54,"urlReportsSFA":"https://cs6.lightnin (84 more) ..."}|0x2b4596b9
10:43:09.0 (18336936)|STATEMENT_EXECUTE|[80]
10:43:09.0 (18339406)|STATEMENT_EXECUTE|[81]
10:43:09.0 (18372979)|VARIABLE_ASSIGNMENT|[EXTERNAL]|this|{"currentUser":"0x43234e9f","iTypeOfScreen":54,"urlReportsSFA":"https://cs6.lightnin (84 more) ..."}|0x2b4596b9
10:43:09.0 (18416113)|VARIABLE_ASSIGNMENT|[EXTERNAL]|this|{"currentUser":"0x43234e9f","iTypeOfScreen":54,"urlReportsSFA":"https://cs6.lightnin (84 more) ..."}|0x2b4596b9
10:43:09.0 (18450558)|VARIABLE_ASSIGNMENT|[EXTERNAL]|this|{"currentUser":"0x43234e9f","iTypeOfScreen":54,"urlReportsSFA":"https://cs6.lightnin (84 more) ..."}|0x2b4596b9
10:43:09.0 (18511656)|VARIABLE_ASSIGNMENT|[EXTERNAL]|this|{"currentUser":"0x43234e9f","iTypeOfScreen":54,"urlReportsSFA":"https://cs6.lightnin (84 more) ..."}|0x2b4596b9
10:43:09.0 (18536977)|HEAP_ALLOCATE|[81]|Bytes:5
10:43:09.0 (18595794)|SYSTEM_MODE_ENTER|true
10:43:09.0 (18633432)|HEAP_ALLOCATE|[EXTERNAL]|Bytes:40
10:43:09.0 (18640793)|VARIABLE_SCOPE_BEGIN|[99]|this|auMainTopCompCtrl|true|false
10:43:09.0 (18674371)|VARIABLE_ASSIGNMENT|[99]|this|{"currentUser":"0x43234e9f","iTypeOfScreen":54,"urlReportsSFA":"https://cs6.lightnin (84 more) ..."}|0x2b4596b9
10:43:09.0 (18686120)|STATEMENT_EXECUTE|[99]
10:43:09.0 (18687927)|STATEMENT_EXECUTE|[100]
10:43:09.0 (18713816)|VARIABLE_ASSIGNMENT|[EXTERNAL]|this|{"currentUser":"0x43234e9f","iTypeOfScreen":54,"urlReportsSFA":"https://cs6.lightnin (84 more) ..."}|0x2b4596b9
10:43:09.0 (18730625)|HEAP_ALLOCATE|[100]|Bytes:5
10:43:09.0 (21758105)|SYSTEM_MODE_ENTER|true
10:43:09.0 (21792587)|HEAP_ALLOCATE|[EXTERNAL]|Bytes:16
10:43:09.0 (21798866)|HEAP_ALLOCATE|[EXTERNAL]|Bytes:76
10:43:09.0 (21818062)|VARIABLE_ASSIGNMENT|[EXTERNAL]|this.messageError|"正しいデーターを入れてください。"|0x4170ca58
10:43:09.0 (21849999)|SYSTEM_MODE_ENTER|true
10:43:09.0 (21864532)|HEAP_ALLOCATE|[EXTERNAL]|Bytes:76
10:43:09.0 (21875309)|VARIABLE_ASSIGNMENT|[EXTERNAL]|this.messageQuestion|""|0x4170ca58
10:43:09.0 (21898364)|SYSTEM_MODE_ENTER|true
10:43:09.0 (21915678)|HEAP_ALLOCATE|[EXTERNAL]|Bytes:5
10:43:09.0 (21920004)|HEAP_ALLOCATE|[EXTERNAL]|Bytes:76
10:43:09.0 (21926679)|VARIABLE_ASSIGNMENT|[EXTERNAL]|this.isPreview|true|0x4170ca58
10:43:09.0 (21953459)|SYSTEM_MODE_ENTER|true
10:43:09.0 (21966647)|HEAP_ALLOCATE|[EXTERNAL]|Bytes:76
10:43:09.0 (21973725)|VARIABLE_ASSIGNMENT|[EXTERNAL]|this.idBusinessLocation|""|0x4170ca58
10:43:09.0 (21998093)|SYSTEM_MODE_ENTER|true
10:43:09.0 (22010605)|HEAP_ALLOCATE|[EXTERNAL]|Bytes:8
10:43:09.0 (22014987)|HEAP_ALLOCATE|[EXTERNAL]|Bytes:76
10:43:09.0 (22021570)|VARIABLE_ASSIGNMENT|[EXTERNAL]|this.iCurrentDay|0|0x4170ca58
10:43:09.0 (22117873)|SYSTEM_MODE_ENTER|true
10:43:09.0 (22137416)|HEAP_ALLOCATE|[EXTERNAL]|Bytes:40
10:43:09.0 (22146184)|VARIABLE_ASSIGNMENT|[EXTERNAL]|this.iCountComments|null|0x2b4596b9
10:43:09.0 (22176917)|SYSTEM_MODE_ENTER|true
10:43:09.0 (22192103)|HEAP_ALLOCATE|[EXTERNAL]|Bytes:40
10:43:09.0 (22198368)|VARIABLE_ASSIGNMENT|[EXTERNAL]|this.iCountLikes|null|0x2b4596b9
10:43:09.0 (22244739)|SYSTEM_MODE_ENTER|true
10:43:09.0 (22286688)|HEAP_ALLOCATE|[EXTERNAL]|Bytes:76
10:43:09.0 (22295367)|VARIABLE_SCOPE_BEGIN|[92]|this|saDailyReportCtrl|true|false
10:43:09.0 (22783358)|VARIABLE_ASSIGNMENT|[92]|this|{"BusinessLocationName":"","currentInquiryReply":"0x2bf6a04b","currentInquiryReplyDetail":"0x2c811bd2","dailyReportId":"a0IN0000006RUllMAG","dCurrentDay":"2018-06-30T00:00:00Z","dCurrentMonth":"2018-07-01T00:00:00Z","iCurrentDay":0,"idBusinessLocation":"","isIPhone":false,"isPreview":true,"lsBusinessLocation":"0x750fff6b","messageError":"正しいデーターを入れてください。","messageQuestion":"","mpQuestions":"0x326ac998","myUser":"0x2c80d366","sourceOfTheCall":"preview"}|0x4170ca58
10:43:09.0 (22810822)|SYSTEM_MODE_ENTER|false
10:43:09.0 (22820969)|HEAP_ALLOCATE|[92]|Bytes:5
10:43:09.0 (22826965)|STATEMENT_EXECUTE|[92]
10:43:09.0 (22828955)|STATEMENT_EXECUTE|[92]
10:43:09.0 (22835782)|SYSTEM_MODE_EXIT|false
10:43:09.0 (22882430)|SYSTEM_MODE_ENTER|true
10:43:09.0 (22901150)|HEAP_ALLOCATE|[EXTERNAL]|Bytes:8
10:43:09.0 (22905800)|HEAP_ALLOCATE|[EXTERNAL]|Bytes:40
10:43:09.0 (22914852)|VARIABLE_ASSIGNMENT|[EXTERNAL]|this.iTypeOfScreen|54|0x2b4596b9
10:43:09.0 (23090318)|SYSTEM_MODE_ENTER|true
10:43:09.0 (25757289)|HEAP_ALLOCATE|[EXTERNAL]|Bytes:76
10:43:09.0 (25770419)|VARIABLE_SCOPE_BEGIN|[199]|this|saDailyReportCtrl|true|false
10:43:09.0 (25967767)|VARIABLE_ASSIGNMENT|[199]|this|{"BusinessLocationName":"","currentInquiryReply":"0x2bf6a04b","currentInquiryReplyDetail":"0x2c811bd2","dailyReportId":"a0IN0000006RUllMAG","dCurrentDay":"2018-06-30T00:00:00Z","dCurrentMonth":"2018-07-01T00:00:00Z","iCurrentDay":0,"idBusinessLocation":"","isIPhone":false,"isPreview":true,"lsBusinessLocation":"0x750fff6b","messageError":"正しいデーターを入れてください。","messageQuestion":"","mpQuestions":"0x326ac998","myUser":"0x2c80d366","sourceOfTheCall":"preview"}|0x4170ca58
10:43:09.0 (25991170)|SYSTEM_MODE_ENTER|false
10:43:09.0 (26002241)|HEAP_ALLOCATE|[201]|Bytes:5
10:43:09.0 (26009607)|STATEMENT_EXECUTE|[199]
10:43:09.0 (26011783)|STATEMENT_EXECUTE|[201]
10:43:09.0 (26190721)|VARIABLE_ASSIGNMENT|[EXTERNAL]|this|{"BusinessLocationName":"","currentInquiryReply":"0x2bf6a04b","currentInquiryReplyDetail":"0x2c811bd2","dailyReportId":"a0IN0000006RUllMAG","dCurrentDay":"2018-06-30T00:00:00Z","dCurrentMonth":"2018-07-01T00:00:00Z","iCurrentDay":0,"idBusinessLocation":"","isIPhone":false,"isPreview":true,"lsBusinessLocation":"0x750fff6b","messageError":"正しいデーターを入れてください。","messageQuestion":"","mpQuestions":"0x326ac998","myUser":"0x2c80d366","sourceOfTheCall":"preview"}|0x4170ca58
10:43:09.0 (26209419)|VARIABLE_ASSIGNMENT|[EXTERNAL]|value|""
10:43:09.0 (26223934)|VARIABLE_ASSIGNMENT|[6]|this.messageError|""|0x4170ca58
10:43:09.0 (26241579)|STATEMENT_EXECUTE|[202]
10:43:09.0 (26404690)|VARIABLE_ASSIGNMENT|[EXTERNAL]|this|{"BusinessLocationName":"","currentInquiryReply":"0x2bf6a04b","currentInquiryReplyDetail":"0x2c811bd2","dailyReportId":"a0IN0000006RUllMAG","dCurrentDay":"2018-06-30T00:00:00Z","dCurrentMonth":"2018-07-01T00:00:00Z","iCurrentDay":0,"idBusinessLocation":"","isIPhone":false,"isPreview":true,"lsBusinessLocation":"0x750fff6b","messageError":"","messageQuestion":"","mpQuestions":"0x326ac998","myUser":"0x2c80d366","sourceOfTheCall":"preview"}|0x4170ca58
10:43:09.0 (26422323)|VARIABLE_ASSIGNMENT|[EXTERNAL]|value|""
10:43:09.0 (26433419)|VARIABLE_ASSIGNMENT|[7]|this.messageQuestion|""|0x4170ca58
10:43:09.0 (26444144)|STATEMENT_EXECUTE|[204]
10:43:09.0 (26445907)|STATEMENT_EXECUTE|[204]
10:43:09.0 (26447357)|STATEMENT_EXECUTE|[206]
10:43:09.0 (26659585)|VARIABLE_ASSIGNMENT|[EXTERNAL]|this|{"BusinessLocationName":"","currentInquiryReply":"0x2bf6a04b","currentInquiryReplyDetail":"0x2c811bd2","dailyReportId":"a0IN0000006RUllMAG","dCurrentDay":"2018-06-30T00:00:00Z","dCurrentMonth":"2018-07-01T00:00:00Z","iCurrentDay":0,"idBusinessLocation":"","isIPhone":false,"isPreview":true,"lsBusinessLocation":"0x750fff6b","messageError":"","messageQuestion":"","mpQuestions":"0x326ac998","myUser":"0x2c80d366","sourceOfTheCall":"preview"}|0x4170ca58
10:43:09.0 (26728289)|HEAP_ALLOCATE|[206]|Bytes:4
10:43:09.0 (26761937)|VARIABLE_ASSIGNMENT|[206]|this.dCurrentDay|"2018-06-30T00:00:00.000Z"|0x4170ca58
10:43:09.0 (26768841)|STATEMENT_EXECUTE|[208]
10:43:09.0 (26793670)|HEAP_ALLOCATE|[208]|Bytes:4
10:43:09.0 (27027012)|VARIABLE_ASSIGNMENT|[EXTERNAL]|this|{"BusinessLocationName":"","currentInquiryReply":"0x2bf6a04b","currentInquiryReplyDetail":"0x2c811bd2","dailyReportId":"a0IN0000006RUllMAG","dCurrentDay":"2018-06-30T00:00:00Z","dCurrentMonth":"2018-07-01T00:00:00Z","iCurrentDay":0,"idBusinessLocation":"","isIPhone":false,"isPreview":true,"lsBusinessLocation":"0x750fff6b","messageError":"","messageQuestion":"","mpQuestions":"0x326ac998","myUser":"0x2c80d366","sourceOfTheCall":"preview"}|0x4170ca58
10:43:09.0 (27042826)|HEAP_ALLOCATE|[EXTERNAL]|Bytes:4
10:43:09.0 (27055496)|VARIABLE_ASSIGNMENT|[EXTERNAL]|value|[]|0x21e76496
10:43:09.0 (27066802)|VARIABLE_ASSIGNMENT|[22]|this.currentInquiryReplyDetail|[]|0x4170ca58
10:43:09.0 (27078519)|STATEMENT_EXECUTE|[209]
10:43:09.0 (27096756)|HEAP_ALLOCATE|[209]|Bytes:4
10:43:09.0 (27273906)|VARIABLE_ASSIGNMENT|[EXTERNAL]|this|{"BusinessLocationName":"","currentInquiryReply":"0x2bf6a04b","currentInquiryReplyDetail":"0x21e76496","dailyReportId":"a0IN0000006RUllMAG","dCurrentDay":"2018-06-30T00:00:00Z","dCurrentMonth":"2018-07-01T00:00:00Z","iCurrentDay":0,"idBusinessLocation":"","isIPhone":false,"isPreview":true,"lsBusinessLocation":"0x750fff6b","messageError":"","messageQuestion":"","mpQuestions":"0x326ac998","myUser":"0x2c80d366","sourceOfTheCall":"preview"}|0x4170ca58
10:43:09.0 (27300700)|VARIABLE_ASSIGNMENT|[EXTERNAL]|value|{}|0x75a0db86
10:43:09.0 (27314312)|VARIABLE_ASSIGNMENT|[24]|this.mpQuestions|{}|0x4170ca58
10:43:09.0 (27323768)|STATEMENT_EXECUTE|[211]
10:43:09.0 (27469822)|VARIABLE_ASSIGNMENT|[EXTERNAL]|this|{"BusinessLocationName":"","currentInquiryReply":"0x2bf6a04b","currentInquiryReplyDetail":"0x21e76496","dailyReportId":"a0IN0000006RUllMAG","dCurrentDay":"2018-06-30T00:00:00Z","dCurrentMonth":"2018-07-01T00:00:00Z","iCurrentDay":0,"idBusinessLocation":"","isIPhone":false,"isPreview":true,"lsBusinessLocation":"0x750fff6b","messageError":"","messageQuestion":"","mpQuestions":"0x75a0db86","myUser":"0x2c80d366","sourceOfTheCall":"preview"}|0x4170ca58
10:43:09.0 (27486604)|VARIABLE_ASSIGNMENT|[EXTERNAL]|value|""
10:43:09.0 (27495380)|VARIABLE_ASSIGNMENT|[23]|this.BusinessLocationName|""|0x4170ca58
10:43:09.0 (27508778)|HEAP_ALLOCATE|[212]|Bytes:81
10:43:09.0 (27534798)|HEAP_ALLOCATE|[212]|Bytes:4
10:43:09.0 (27545745)|HEAP_ALLOCATE|[212]|Bytes:7
10:43:09.0 (27694028)|VARIABLE_ASSIGNMENT|[EXTERNAL]|this|{"BusinessLocationName":"","currentInquiryReply":"0x2bf6a04b","currentInquiryReplyDetail":"0x21e76496","dailyReportId":"a0IN0000006RUllMAG","dCurrentDay":"2018-06-30T00:00:00Z","dCurrentMonth":"2018-07-01T00:00:00Z","iCurrentDay":0,"idBusinessLocation":"","isIPhone":false,"isPreview":true,"lsBusinessLocation":"0x750fff6b","messageError":"","messageQuestion":"","mpQuestions":"0x75a0db86","myUser":"0x2c80d366","sourceOfTheCall":"preview"}|0x4170ca58
10:43:09.0 (28190961)|SOQL_EXECUTE_BEGIN|[212]|Aggregations:0|SELECT Id, BusinessLocationName__c FROM saBusinessLocation__c 
10:43:09.0 (30079992)|SOQL_EXECUTE_END|[212]|Rows:0
10:43:09.0 (30296905)|HEAP_ALLOCATE|[212]|Bytes:54
10:43:09.0 (30307899)|HEAP_ALLOCATE|[212]|Bytes:8
10:43:09.0 (30345089)|SYSTEM_METHOD_ENTRY|[7]|QueryLocatorIterator.QueryLocatorIterator()
10:43:09.0 (30350883)|STATEMENT_EXECUTE|[7]
10:43:09.0 (30359290)|SYSTEM_METHOD_EXIT|[7]|QueryLocatorIterator
10:43:09.0 (30369488)|HEAP_ALLOCATE|[212]|Bytes:28
10:43:09.0 (30386556)|HEAP_ALLOCATE|[212]|Bytes:8
10:43:09.0 (30393390)|HEAP_ALLOCATE|[212]|Bytes:8
10:43:09.0 (30398684)|VARIABLE_SCOPE_BEGIN|[15]|this|Database.QueryLocatorIterator|true|false
10:43:09.0 (30427775)|VARIABLE_ASSIGNMENT|[15]|this|{}|0x7ed3027
10:43:09.0 (30436835)|VARIABLE_SCOPE_BEGIN|[15]|values|List<SObject>|true|false
10:43:09.0 (30445548)|VARIABLE_ASSIGNMENT|[15]|values|null|
10:43:09.0 (30450949)|VARIABLE_SCOPE_BEGIN|[15]|ql|Database.QueryLocator|true|false
10:43:09.0 (30471563)|VARIABLE_ASSIGNMENT|[15]|ql|{"query":"SELECT Id, BusinessL (61 more) ..."}|0x7e932e17
10:43:09.0 (30478848)|VARIABLE_SCOPE_BEGIN|[15]|totalNumRecords|Integer|false|false
10:43:09.0 (30487464)|VARIABLE_ASSIGNMENT|[15]|totalNumRecords|0
10:43:09.0 (30492330)|VARIABLE_SCOPE_BEGIN|[15]|queryMoreSize|Integer|false|false
10:43:09.0 (30499205)|VARIABLE_ASSIGNMENT|[15]|queryMoreSize|50000
10:43:09.0 (30596065)|HEAP_ALLOCATE|[212]|Bytes:28
10:43:09.0 (30618351)|METHOD_ENTRY|[212]||Database.QueryLocatorIterator.hasNext()
10:43:09.0 (30641969)|METHOD_EXIT|[212]||Database.QueryLocatorIterator.hasNext()
10:43:09.0 (30687382)|VARIABLE_ASSIGNMENT|[212]|bl|null|
10:43:09.0 (30694917)|STATEMENT_EXECUTE|[212]
10:43:09.0 (30712226)|STATEMENT_EXECUTE|[219]
10:43:09.0 (30716024)|HEAP_ALLOCATE|[219]|Bytes:195
10:43:09.0 (30730710)|HEAP_ALLOCATE|[219]|Bytes:4
10:43:09.0 (30758888)|HEAP_ALLOCATE|[219]|Bytes:7
10:43:09.0 (30793997)|HEAP_ALLOCATE|[223]|Bytes:89
10:43:09.0 (30803183)|SYSTEM_METHOD_ENTRY|[1]|UserInfo.UserInfo()
10:43:09.0 (30806947)|STATEMENT_EXECUTE|[1]
10:43:09.0 (30812192)|SYSTEM_METHOD_EXIT|[1]|UserInfo
10:43:09.0 (30825515)|METHOD_ENTRY|[223]||System.UserInfo.getUserId()
10:43:09.0 (30864010)|METHOD_EXIT|[223]||System.UserInfo.getUserId()
10:43:09.0 (31449481)|SOQL_EXECUTE_BEGIN|[219]|Aggregations:0|SELECT Id, saBusinessLocation__c, Status__c, saInquiry__c, Comment__c FROM saInquiryReply__c WHERE (saInquiry__r.Type__c = 'DAILY_REPORT' AND DailyReportDate__c = :tmpVar1 AND User__c = :tmpVar2)
10:43:09.0 (37403912)|SOQL_EXECUTE_END|[219]|Rows:0
10:43:09.0 (37440156)|HEAP_ALLOCATE|[219]|Bytes:4
10:43:09.0 (37455242)|HEAP_ALLOCATE|[219]|Bytes:0
10:43:09.0 (37555580)|HEAP_ALLOCATE|[219]|Bytes:4
10:43:09.0 (37577035)|VARIABLE_SCOPE_BEGIN|[219]|lsInqRep|List<saInquiryReply__c>|true|false
10:43:09.0 (37603457)|VARIABLE_ASSIGNMENT|[219]|lsInqRep|[]|0x29f620a6
10:43:09.0 (37698492)|STATEMENT_EXECUTE|[225]
10:43:09.0 (37701139)|STATEMENT_EXECUTE|[227]
10:43:09.0 (37706280)|HEAP_ALLOCATE|[227]|Bytes:207
10:43:09.0 (37726949)|HEAP_ALLOCATE|[227]|Bytes:4
10:43:09.0 (38065986)|VARIABLE_ASSIGNMENT|[EXTERNAL]|this|{"BusinessLocationName":"","currentInquiryReply":"0x2bf6a04b","currentInquiryReplyDetail":"0x21e76496","dailyReportId":"a0IN0000006RUllMAG","dCurrentDay":"2018-06-30T00:00:00Z","dCurrentMonth":"2018-07-01T00:00:00Z","iCurrentDay":0,"idBusinessLocation":"","isIPhone":false,"isPreview":true,"lsBusinessLocation":"0x750fff6b","messageError":"","messageQuestion":"","mpQuestions":"0x75a0db86","myUser":"0x2c80d366","sourceOfTheCall":"preview"}|0x4170ca58
10:43:09.0 (38097101)|HEAP_ALLOCATE|[227]|Bytes:7
10:43:09.0 (38109603)|METHOD_ENTRY|[232]||System.UserInfo.getUserId()
10:43:09.0 (38140495)|METHOD_EXIT|[232]||System.UserInfo.getUserId()
10:43:09.0 (38547880)|SOQL_EXECUTE_BEGIN|[227]|Aggregations:0|SELECT Id, saBusinessLocation__c, Status__c FROM saInquiryReply__c WHERE (saInquiry__r.Type__c = 'DAILY_REPORT' AND DailyReportDate__c = :tmpVar1 AND saBusinessLocation__c = :tmpVar2 AND User__c != :tmpVar3)
10:43:09.0 (41439002)|SOQL_EXECUTE_END|[227]|Rows:0
10:43:09.0 (41462772)|HEAP_ALLOCATE|[227]|Bytes:4
10:43:09.0 (41477922)|HEAP_ALLOCATE|[227]|Bytes:0
10:43:09.0 (41505479)|HEAP_ALLOCATE|[227]|Bytes:4
10:43:09.0 (41516945)|VARIABLE_SCOPE_BEGIN|[227]|lsInqOtherPeople|List<saInquiryReply__c>|true|false
10:43:09.0 (41541923)|VARIABLE_ASSIGNMENT|[227]|lsInqOtherPeople|[]|0x1c8a078a
10:43:09.0 (41581008)|STATEMENT_EXECUTE|[234]
10:43:09.0 (41583694)|STATEMENT_EXECUTE|[240]
10:43:09.0 (41590801)|VARIABLE_SCOPE_BEGIN|[240]|lsTemplate|List<saInquiryReply__c>|true|false
10:43:09.0 (41601553)|VARIABLE_ASSIGNMENT|[240]|lsTemplate|null|
10:43:09.0 (41817858)|VARIABLE_ASSIGNMENT|[EXTERNAL]|this|{"BusinessLocationName":"","currentInquiryReply":"0x2bf6a04b","currentInquiryReplyDetail":"0x21e76496","dailyReportId":"a0IN0000006RUllMAG","dCurrentDay":"2018-06-30T00:00:00Z","dCurrentMonth":"2018-07-01T00:00:00Z","iCurrentDay":0,"idBusinessLocation":"","isIPhone":false,"isPreview":true,"lsBusinessLocation":"0x750fff6b","messageError":"","messageQuestion":"","mpQuestions":"0x75a0db86","myUser":"0x2c80d366","sourceOfTheCall":"preview"}|0x4170ca58
10:43:09.0 (41844732)|STATEMENT_EXECUTE|[252]
10:43:09.0 (41846768)|STATEMENT_EXECUTE|[253]
10:43:09.0 (41850447)|HEAP_ALLOCATE|[253]|Bytes:393
10:43:09.0 (41870310)|HEAP_ALLOCATE|[253]|Bytes:4
10:43:09.0 (41902693)|METHOD_ENTRY|[259]||System.UserInfo.getUserId()
10:43:09.0 (41927702)|METHOD_EXIT|[259]||System.UserInfo.getUserId()
10:43:09.0 (42399500)|SOQL_EXECUTE_BEGIN|[253]|Aggregations:0|SELECT Id, saBusinessLocation__c, Status__c, saInquiry__c, Comment__c FROM saInquiryReply__c WHERE (saInquiry__r.Type__c = 'DAILY_REPORT' AND (saInquiry__r.ValidFrom__c = NULL OR saInquiry__r.ValidFrom__c <= :tmpVar1) AND (saInquiry__r.ValidTo__c = NULL OR saInquiry__r.ValidTo__c >= :tmpVar2) AND DailyReportDate__c = NULL AND User__c = :tmpVar3) ORDER BY CreatedDate DESC NULLS FIRST LIMIT 1
10:43:09.0 (47296162)|SOQL_EXECUTE_END|[253]|Rows:1
10:43:09.0 (47321088)|HEAP_ALLOCATE|[253]|Bytes:8
10:43:09.0 (47337830)|HEAP_ALLOCATE|[253]|Bytes:89
10:43:09.0 (47370320)|HEAP_ALLOCATE|[253]|Bytes:8
10:43:09.0 (47406991)|VARIABLE_ASSIGNMENT|[253]|lsTemplate|[{"Id":"a0KN0000007Kg4nMAC","Status__c":"WAITING_REPLY","saInquiry__c":"a0IN0000006RUllMAG"}]|0x9437b0e
10:43:09.0 (47417109)|STATEMENT_EXECUTE|[264]
10:43:09.0 (47421845)|HEAP_ALLOCATE|[264]|Bytes:11
10:43:09.0 (47553370)|HEAP_ALLOCATE|[264]|Bytes:101
10:43:09.0 (47580038)|HEAP_ALLOCATE|[264]|Bytes:112
10:43:09.0 (47604938)|USER_DEBUG|[264]|DEBUG|Template : (saInquiryReply__c:{Id=a0KN0000007Kg4nMAC, Status__c=WAITING_REPLY, saInquiry__c=a0IN0000006RUllMAG})
10:43:09.0 (47640986)|STATEMENT_EXECUTE|[265]
10:43:09.0 (47643354)|STATEMENT_EXECUTE|[271]
10:43:09.0 (47660017)|HEAP_ALLOCATE|[271]|Bytes:16
10:43:09.0 (47695706)|VARIABLE_SCOPE_BEGIN|[271]|idInquiry|Id|false|false
10:43:09.0 (47816611)|VARIABLE_ASSIGNMENT|[271]|idInquiry|"a0IN0000006RUllMAG"
10:43:09.0 (47827526)|STATEMENT_EXECUTE|[272]
10:43:09.0 (47848971)|HEAP_ALLOCATE|[272]|Bytes:4
10:43:09.0 (48149376)|VARIABLE_ASSIGNMENT|[EXTERNAL]|this|{"BusinessLocationName":"","currentInquiryReply":"0x2bf6a04b","currentInquiryReplyDetail":"0x21e76496","dailyReportId":"a0IN0000006RUllMAG","dCurrentDay":"2018-06-30T00:00:00Z","dCurrentMonth":"2018-07-01T00:00:00Z","iCurrentDay":0,"idBusinessLocation":"","isIPhone":false,"isPreview":true,"lsBusinessLocation":"0x750fff6b","messageError":"","messageQuestion":"","mpQuestions":"0x75a0db86","myUser":"0x2c80d366","sourceOfTheCall":"preview"}|0x4170ca58
10:43:09.0 (48173772)|VARIABLE_ASSIGNMENT|[EXTERNAL]|value|{}|0x6a379685
10:43:09.0 (48192311)|VARIABLE_ASSIGNMENT|[21]|this.currentInquiryReply|{}|0x4170ca58
10:43:09.0 (48204914)|STATEMENT_EXECUTE|[273]
10:43:09.0 (48362492)|VARIABLE_ASSIGNMENT|[EXTERNAL]|this|{"BusinessLocationName":"","currentInquiryReply":"0x6a379685","currentInquiryReplyDetail":"0x21e76496","dailyReportId":"a0IN0000006RUllMAG","dCurrentDay":"2018-06-30T00:00:00Z","dCurrentMonth":"2018-07-01T00:00:00Z","iCurrentDay":0,"idBusinessLocation":"","isIPhone":false,"isPreview":true,"lsBusinessLocation":"0x750fff6b","messageError":"","messageQuestion":"","mpQuestions":"0x75a0db86","myUser":"0x2c80d366","sourceOfTheCall":"preview"}|0x4170ca58
10:43:09.0 (48464951)|VARIABLE_ASSIGNMENT|[273]|this.saInquiry__c|"a0IN0000006RUllMAG"|0x6a379685
10:43:09.0 (48632767)|VARIABLE_ASSIGNMENT|[EXTERNAL]|this|{"BusinessLocationName":"","currentInquiryReply":"0x6a379685","currentInquiryReplyDetail":"0x21e76496","dailyReportId":"a0IN0000006RUllMAG","dCurrentDay":"2018-06-30T00:00:00Z","dCurrentMonth":"2018-07-01T00:00:00Z","iCurrentDay":0,"idBusinessLocation":"","isIPhone":false,"isPreview":true,"lsBusinessLocation":"0x750fff6b","messageError":"","messageQuestion":"","mpQuestions":"0x75a0db86","myUser":"0x2c80d366","sourceOfTheCall":"preview"}|0x4170ca58
10:43:09.0 (48652846)|STATEMENT_EXECUTE|[277]
10:43:09.0 (48655025)|STATEMENT_EXECUTE|[280]
10:43:09.0 (48665037)|METHOD_ENTRY|[280]||System.UserInfo.getUserId()
10:43:09.0 (48692845)|METHOD_EXIT|[280]||System.UserInfo.getUserId()
10:43:09.0 (48707282)|HEAP_ALLOCATE|[280]|Bytes:4
10:43:09.0 (48850651)|VARIABLE_ASSIGNMENT|[EXTERNAL]|this|{"BusinessLocationName":"","currentInquiryReply":"0x6a379685","currentInquiryReplyDetail":"0x21e76496","dailyReportId":"a0IN0000006RUllMAG","dCurrentDay":"2018-06-30T00:00:00Z","dCurrentMonth":"2018-07-01T00:00:00Z","iCurrentDay":0,"idBusinessLocation":"","isIPhone":false,"isPreview":true,"lsBusinessLocation":"0x750fff6b","messageError":"","messageQuestion":"","mpQuestions":"0x75a0db86","myUser":"0x2c80d366","sourceOfTheCall":"preview"}|0x4170ca58
10:43:09.0 (48911724)|VARIABLE_ASSIGNMENT|[280]|this.User__c|"005N00000057PfOIAU"|0x6a379685
10:43:09.0 (48918864)|STATEMENT_EXECUTE|[281]
10:43:09.0 (49071162)|VARIABLE_ASSIGNMENT|[EXTERNAL]|this|{"BusinessLocationName":"","currentInquiryReply":"0x6a379685","currentInquiryReplyDetail":"0x21e76496","dailyReportId":"a0IN0000006RUllMAG","dCurrentDay":"2018-06-30T00:00:00Z","dCurrentMonth":"2018-07-01T00:00:00Z","iCurrentDay":0,"idBusinessLocation":"","isIPhone":false,"isPreview":true,"lsBusinessLocation":"0x750fff6b","messageError":"","messageQuestion":"","mpQuestions":"0x75a0db86","myUser":"0x2c80d366","sourceOfTheCall":"preview"}|0x4170ca58
10:43:09.0 (49147676)|VARIABLE_ASSIGNMENT|[281]|this.DailyReportDate__c|"2018-06-30T00:00:00.000Z"|0x6a379685
10:43:09.0 (49155406)|STATEMENT_EXECUTE|[282]
10:43:09.0 (49159553)|HEAP_ALLOCATE|[282]|Bytes:13
10:43:09.0 (49315904)|VARIABLE_ASSIGNMENT|[EXTERNAL]|this|{"BusinessLocationName":"","currentInquiryReply":"0x6a379685","currentInquiryReplyDetail":"0x21e76496","dailyReportId":"a0IN0000006RUllMAG","dCurrentDay":"2018-06-30T00:00:00Z","dCurrentMonth":"2018-07-01T00:00:00Z","iCurrentDay":0,"idBusinessLocation":"","isIPhone":false,"isPreview":true,"lsBusinessLocation":"0x750fff6b","messageError":"","messageQuestion":"","mpQuestions":"0x75a0db86","myUser":"0x2c80d366","sourceOfTheCall":"preview"}|0x4170ca58
10:43:09.0 (49368475)|VARIABLE_ASSIGNMENT|[282]|this.Status__c|"WAITING_REPLY"|0x6a379685
10:43:09.0 (49375526)|STATEMENT_EXECUTE|[283]
10:43:09.0 (49523211)|VARIABLE_ASSIGNMENT|[EXTERNAL]|this|{"BusinessLocationName":"","currentInquiryReply":"0x6a379685","currentInquiryReplyDetail":"0x21e76496","dailyReportId":"a0IN0000006RUllMAG","dCurrentDay":"2018-06-30T00:00:00Z","dCurrentMonth":"2018-07-01T00:00:00Z","iCurrentDay":0,"idBusinessLocation":"","isIPhone":false,"isPreview":true,"lsBusinessLocation":"0x750fff6b","messageError":"","messageQuestion":"","mpQuestions":"0x75a0db86","myUser":"0x2c80d366","sourceOfTheCall":"preview"}|0x4170ca58
10:43:09.0 (49574194)|VARIABLE_ASSIGNMENT|[283]|this.Comment__c|""|0x6a379685
10:43:09.0 (49583816)|STATEMENT_EXECUTE|[285]
10:43:09.0 (49587547)|HEAP_ALLOCATE|[285]|Bytes:625
10:43:09.0 (49606683)|HEAP_ALLOCATE|[285]|Bytes:4
10:43:09.0 (50195927)|SOQL_EXECUTE_BEGIN|[285]|Aggregations:0|SELECT Id, QuestionLabel__c, AnswerType__c, NumberPossibleReplies__c, IsShortReply__c, SortNo__c, IsRequired__c, Reply01Label__c, Reply02Label__c, Reply03Label__c, Reply04Label__c, Reply05Label__c, Reply06Label__c, Reply07Label__c, Reply08Label__c, Reply09Label__c, Reply10Label__c, Reply11Label__c, Reply12Label__c, Reply13Label__c, Reply14Label__c, Reply15Label__c, Reply16Label__c, Reply17Label__c, Reply18Label__c, Reply19Label__c, Reply20Label__c, Reply21Label__c, Reply22Label__c, Reply23Label__c, Reply24Label__c, Reply25Label__c FROM saInquiryDetail__c WHERE saInquiry__c = :tmpVar1 ORDER BY SortNo__c ASC NULLS FIRST
10:43:09.0 (61211474)|SOQL_EXECUTE_END|[285]|Rows:1
10:43:09.0 (61256699)|HEAP_ALLOCATE|[285]|Bytes:8
10:43:09.0 (61294733)|HEAP_ALLOCATE|[285]|Bytes:282
10:43:09.0 (61392596)|HEAP_ALLOCATE|[285]|Bytes:8
10:43:09.0 (61416685)|VARIABLE_SCOPE_BEGIN|[285]|lsTmpQuest|List<saInquiryDetail__c>|true|false
10:43:09.0 (61476483)|VARIABLE_ASSIGNMENT|[285]|lsTmpQuest|[{"Id":"a0JN0000008h2r2MAA","QuestionLabel__c":"Works?","AnswerType__c":"CHECKBOX","NumberPossibleReplies__c":2,"IsShortReply__c":true,"SortNo__c":0,"IsRequired__c":false,"Reply01Label__c":"Yes!","Reply02Label__c":"No!"}]|0x11d91bd9
10:43:09.0 (61713565)|HEAP_ALLOCATE|[295]|Bytes:5
10:43:09.0 (61742831)|HEAP_ALLOCATE|[295]|Bytes:40
10:43:09.0 (61760696)|VARIABLE_SCOPE_BEGIN|[295]|quest|saInquiryDetail__c|true|false
10:43:09.0 (61788718)|VARIABLE_ASSIGNMENT|[295]|quest|{"Id":"a0JN0000008h2r2MAA","QuestionLabel__c":"Works?","AnswerType__c":"CHECKBOX","NumberPossibleReplies__c":2,"IsShortReply__c":true,"SortNo__c":0,"IsRequired__c":false,"Reply01Label__c":"Yes!","Reply02Label__c":"No!"}|0x16aaf518
10:43:09.0 (61800604)|STATEMENT_EXECUTE|[295]
10:43:09.0 (61803183)|STATEMENT_EXECUTE|[296]
10:43:09.0 (61834588)|HEAP_ALLOCATE|[296]|Bytes:4
10:43:09.0 (61946008)|VARIABLE_SCOPE_BEGIN|[296]|questReply|saInquiryReplyDetail__c|true|false
10:43:09.0 (61966128)|VARIABLE_ASSIGNMENT|[296]|questReply|{}|0x4ff423c7
10:43:09.0 (61972378)|STATEMENT_EXECUTE|[297]
10:43:09.0 (62125066)|VARIABLE_ASSIGNMENT|[297]|this.saInquiryDetail__c|"a0JN0000008h2r2MAA"|0x4ff423c7
10:43:09.0 (62133787)|STATEMENT_EXECUTE|[298]
10:43:09.0 (62443192)|VARIABLE_ASSIGNMENT|[EXTERNAL]|this|{"BusinessLocationName":"","currentInquiryReply":"0x6a379685","currentInquiryReplyDetail":"0x21e76496","dailyReportId":"a0IN0000006RUllMAG","dCurrentDay":"2018-06-30T00:00:00Z","dCurrentMonth":"2018-07-01T00:00:00Z","iCurrentDay":0,"idBusinessLocation":"","isIPhone":false,"isPreview":true,"lsBusinessLocation":"0x750fff6b","messageError":"","messageQuestion":"","mpQuestions":"0x75a0db86","myUser":"0x2c80d366","sourceOfTheCall":"preview"}|0x4170ca58
10:43:09.0 (62480858)|HEAP_ALLOCATE|[EXTERNAL]|Bytes:4
10:43:09.0 (62489058)|STATEMENT_EXECUTE|[299]
10:43:09.0 (62648515)|VARIABLE_ASSIGNMENT|[EXTERNAL]|this|{"BusinessLocationName":"","currentInquiryReply":"0x6a379685","currentInquiryReplyDetail":"0x21e76496","dailyReportId":"a0IN0000006RUllMAG","dCurrentDay":"2018-06-30T00:00:00Z","dCurrentMonth":"2018-07-01T00:00:00Z","iCurrentDay":0,"idBusinessLocation":"","isIPhone":false,"isPreview":true,"lsBusinessLocation":"0x750fff6b","messageError":"","messageQuestion":"","mpQuestions":"0x75a0db86","myUser":"0x2c80d366","sourceOfTheCall":"preview"}|0x4170ca58
10:43:09.0 (62693920)|HEAP_ALLOCATE|[EXTERNAL]|Bytes:-4
10:43:09.0 (62712163)|HEAP_ALLOCATE|[295]|Bytes:5
10:43:09.0 (62726522)|VARIABLE_ASSIGNMENT|[295]|quest|null|
10:43:09.0 (62740608)|SYSTEM_MODE_EXIT|false
10:43:09.0 (80201141)|SYSTEM_MODE_ENTER|true
10:43:09.0 (80248910)|HEAP_ALLOCATE|[EXTERNAL]|Bytes:40
10:43:09.0 (80275422)|VARIABLE_ASSIGNMENT|[EXTERNAL]|this.iCountComments|null|0x2b4596b9
10:43:09.0 (80348181)|SYSTEM_MODE_ENTER|true
10:43:09.0 (80361206)|HEAP_ALLOCATE|[EXTERNAL]|Bytes:40
10:43:09.0 (80368717)|VARIABLE_ASSIGNMENT|[EXTERNAL]|this.iCountLikes|null|0x2b4596b9
10:43:09.0 (80448309)|SYSTEM_MODE_ENTER|true
10:43:09.0 (80519027)|HEAP_ALLOCATE|[EXTERNAL]|Bytes:76
10:43:09.0 (80536443)|VARIABLE_SCOPE_BEGIN|[92]|this|saDailyReportCtrl|true|false
10:43:09.0 (80890952)|VARIABLE_ASSIGNMENT|[92]|this|{"BusinessLocationName":"","currentInquiryReply":"0x6a379685","currentInquiryReplyDetail":"0x21e76496","dailyReportId":"a0IN0000006RUllMAG","dCurrentDay":"2018-06-30T00:00:00Z","dCurrentMonth":"2018-07-01T00:00:00Z","iCurrentDay":0,"idBusinessLocation":"","isIPhone":false,"isPreview":true,"lsBusinessLocation":"0x750fff6b","messageError":"","messageQuestion":"","mpQuestions":"0x75a0db86","myUser":"0x2c80d366","sourceOfTheCall":"preview"}|0x4170ca58
10:43:09.0 (80922646)|SYSTEM_MODE_ENTER|false
10:43:09.0 (80936686)|HEAP_ALLOCATE|[92]|Bytes:5
10:43:09.0 (80943855)|STATEMENT_EXECUTE|[92]
10:43:09.0 (80946658)|STATEMENT_EXECUTE|[92]
10:43:09.0 (80956801)|SYSTEM_MODE_EXIT|false
10:43:09.0 (81014281)|SYSTEM_MODE_ENTER|true
10:43:09.0 (81034902)|HEAP_ALLOCATE|[EXTERNAL]|Bytes:8
10:43:09.0 (81039797)|HEAP_ALLOCATE|[EXTERNAL]|Bytes:40
10:43:09.0 (81052005)|VARIABLE_ASSIGNMENT|[EXTERNAL]|this.iTypeOfScreen|54|0x2b4596b9
10:43:09.0 (81124862)|SYSTEM_MODE_ENTER|true
10:43:09.0 (81163489)|HEAP_ALLOCATE|[EXTERNAL]|Bytes:40
10:43:09.0 (81171091)|VARIABLE_SCOPE_BEGIN|[80]|this|auMainTopCompCtrl|true|false
10:43:09.0 (81211446)|VARIABLE_ASSIGNMENT|[80]|this|{"currentUser":"0x43234e9f","iTypeOfScreen":54,"urlReportsSFA":"https://cs6.lightnin (84 more) ..."}|0x2b4596b9
10:43:09.0 (81222708)|STATEMENT_EXECUTE|[80]
10:43:09.0 (81226529)|STATEMENT_EXECUTE|[81]
10:43:09.0 (81262451)|VARIABLE_ASSIGNMENT|[EXTERNAL]|this|{"currentUser":"0x43234e9f","iTypeOfScreen":54,"urlReportsSFA":"https://cs6.lightnin (84 more) ..."}|0x2b4596b9
10:43:09.0 (81308652)|VARIABLE_ASSIGNMENT|[EXTERNAL]|this|{"currentUser":"0x43234e9f","iTypeOfScreen":54,"urlReportsSFA":"https://cs6.lightnin (84 more) ..."}|0x2b4596b9
10:43:09.0 (81344989)|VARIABLE_ASSIGNMENT|[EXTERNAL]|this|{"currentUser":"0x43234e9f","iTypeOfScreen":54,"urlReportsSFA":"https://cs6.lightnin (84 more) ..."}|0x2b4596b9
10:43:09.0 (81377166)|VARIABLE_ASSIGNMENT|[EXTERNAL]|this|{"currentUser":"0x43234e9f","iTypeOfScreen":54,"urlReportsSFA":"https://cs6.lightnin (84 more) ..."}|0x2b4596b9
10:43:09.0 (81396217)|HEAP_ALLOCATE|[81]|Bytes:5
10:43:09.0 (81466711)|SYSTEM_MODE_ENTER|true
10:43:09.0 (81498864)|HEAP_ALLOCATE|[EXTERNAL]|Bytes:40
10:43:09.0 (81505774)|VARIABLE_SCOPE_BEGIN|[99]|this|auMainTopCompCtrl|true|false
10:43:09.0 (81543950)|VARIABLE_ASSIGNMENT|[99]|this|{"currentUser":"0x43234e9f","iTypeOfScreen":54,"urlReportsSFA":"https://cs6.lightnin (84 more) ..."}|0x2b4596b9
10:43:09.0 (81556009)|STATEMENT_EXECUTE|[99]
10:43:09.0 (81558035)|STATEMENT_EXECUTE|[100]
10:43:09.0 (81585046)|VARIABLE_ASSIGNMENT|[EXTERNAL]|this|{"currentUser":"0x43234e9f","iTypeOfScreen":54,"urlReportsSFA":"https://cs6.lightnin (84 more) ..."}|0x2b4596b9
10:43:09.0 (81602261)|HEAP_ALLOCATE|[100]|Bytes:5
10:43:09.0 (81688932)|SYSTEM_MODE_ENTER|true
10:43:09.0 (81795240)|SYSTEM_MODE_ENTER|true
10:43:09.0 (81898492)|SYSTEM_MODE_ENTER|true
10:43:09.0 (82089165)|SYSTEM_MODE_ENTER|true
10:43:09.0 (84623289)|SYSTEM_MODE_ENTER|true
10:43:09.0 (84711804)|SYSTEM_MODE_ENTER|true
10:43:09.0 (85317594)|SYSTEM_MODE_ENTER|true
10:43:09.0 (85361787)|HEAP_ALLOCATE|[EXTERNAL]|Bytes:76
10:43:09.0 (85371083)|VARIABLE_SCOPE_BEGIN|[141]|this|saDailyReportCtrl|true|false
10:43:09.0 (85556893)|VARIABLE_ASSIGNMENT|[141]|this|{"BusinessLocationName":"","currentInquiryReply":"0x6a379685","currentInquiryReplyDetail":"0x21e76496","dailyReportId":"a0IN0000006RUllMAG","dCurrentDay":"2018-06-30T00:00:00Z","dCurrentMonth":"2018-07-01T00:00:00Z","iCurrentDay":0,"idBusinessLocation":"","isIPhone":false,"isPreview":true,"lsBusinessLocation":"0x750fff6b","messageError":"","messageQuestion":"","mpQuestions":"0x75a0db86","myUser":"0x2c80d366","sourceOfTheCall":"preview"}|0x4170ca58
10:43:09.0 (85580866)|SYSTEM_MODE_ENTER|false
10:43:09.0 (85588571)|HEAP_ALLOCATE|[142]|Bytes:5
10:43:09.0 (85597440)|STATEMENT_EXECUTE|[141]
10:43:09.0 (85599757)|STATEMENT_EXECUTE|[142]
10:43:09.0 (85688567)|HEAP_ALLOCATE|[142]|Bytes:4
10:43:09.0 (85699998)|HEAP_ALLOCATE|[142]|Bytes:1
10:43:09.0 (85723366)|HEAP_ALLOCATE|[142]|Bytes:1
10:43:09.0 (85731979)|HEAP_ALLOCATE|[142]|Bytes:1
10:43:09.0 (85759351)|HEAP_ALLOCATE|[142]|Bytes:2
10:43:09.0 (85776173)|HEAP_ALLOCATE|[142]|Bytes:9
10:43:09.0 (85785261)|HEAP_ALLOCATE|[142]|Bytes:10
10:43:09.0 (85792122)|SYSTEM_MODE_EXIT|false
10:43:09.0 (85981202)|SYSTEM_MODE_ENTER|true
10:43:09.0 (86454100)|SYSTEM_MODE_ENTER|true
10:43:09.0 (103223598)|VF_SERIALIZE_VIEWSTATE_BEGIN|066N0000000M4pW
10:43:09.0 (107092453)|VF_SERIALIZE_VIEWSTATE_END
10:43:09.110 (110951300)|CUMULATIVE_LIMIT_USAGE
10:43:09.110 (110951300)|LIMIT_USAGE_FOR_NS|(default)|
  Number of SOQL queries: 5 out of 100
  Number of query rows: 2 out of 50000
  Number of SOSL queries: 0 out of 20
  Number of DML statements: 0 out of 150
  Number of DML rows: 0 out of 10000
  Maximum CPU time: 0 out of 10000
  Maximum heap size: 0 out of 6000000
  Number of callouts: 0 out of 100
  Number of Email Invocations: 0 out of 10
  Number of future calls: 0 out of 50
  Number of queueable jobs added to the queue: 0 out of 50
  Number of Mobile Apex push calls: 0 out of 10

10:43:09.110 (110951300)|CUMULATIVE_LIMIT_USAGE_END

10:43:09.0 (111004535)|CODE_UNIT_FINISHED|VF: /apex/sadailyreport
10:43:09.0 (111748206)|EXECUTION_FINISHED
