38.0 APEX_CODE,FINEST;APEX_PROFILING,INFO;CALLOUT,INFO;DB,INFO;SYSTEM,DEBUG;VALIDATION,INFO;VISUALFORCE,INFO;WAVE,INFO;WORKFLOW,INFO
14:38:44.0 (349042)|USER_INFO|[EXTERNAL]|005N00000057PfO|thomas.remy+kddi_gwdev01@globalway.co.jp|Japan Standard Time|GMT+09:00
14:38:44.0 (390839)|EXECUTION_STARTED
14:38:44.0 (396479)|CODE_UNIT_STARTED|[EXTERNAL]|066N0000000M59u|VF: /apex/saReport
14:38:44.0 (905092)|VF_DESERIALIZE_VIEWSTATE_BEGIN|066N0000000M59u
14:38:44.0 (4599233)|HEAP_ALLOCATE|[72]|Bytes:3
14:38:44.0 (4646526)|HEAP_ALLOCATE|[77]|Bytes:152
14:38:44.0 (4663634)|HEAP_ALLOCATE|[342]|Bytes:408
14:38:44.0 (4678451)|HEAP_ALLOCATE|[355]|Bytes:408
14:38:44.0 (4690266)|HEAP_ALLOCATE|[467]|Bytes:48
14:38:44.0 (4719100)|HEAP_ALLOCATE|[139]|Bytes:6
14:38:44.0 (5143909)|HEAP_ALLOCATE|[50]|Bytes:5
14:38:44.0 (5181344)|HEAP_ALLOCATE|[56]|Bytes:5
14:38:44.0 (5196915)|HEAP_ALLOCATE|[64]|Bytes:7
14:38:44.0 (6592948)|VARIABLE_SCOPE_BEGIN|[5]|saReportCtrl.CASES_CHARACTER|String|false|true
14:38:44.0 (6607794)|VARIABLE_SCOPE_BEGIN|[8]|saReportCtrl.SEARCH_COUNT_NUMBER100|String|false|true
14:38:44.0 (6614762)|VARIABLE_SCOPE_BEGIN|[6]|saReportCtrl.SEARCH_COUNT_NUMBER20|String|false|true
14:38:44.0 (6620837)|VARIABLE_SCOPE_BEGIN|[7]|saReportCtrl.SEARCH_COUNT_NUMBER50|String|false|true
14:38:44.0 (6626858)|VARIABLE_SCOPE_BEGIN|[13]|saReportCtrl.SORTED_BY_FAVORITES_LABEL|String|false|true
14:38:44.0 (6633249)|VARIABLE_SCOPE_BEGIN|[19]|saReportCtrl.SORTED_BY_FAVORITES_VALUE|String|false|true
14:38:44.0 (6639851)|VARIABLE_SCOPE_BEGIN|[11]|saReportCtrl.SORTED_BY_NEWS_LABEL|String|false|true
14:38:44.0 (6645936)|VARIABLE_SCOPE_BEGIN|[17]|saReportCtrl.SORTED_BY_NEWS_VALUE|String|false|true
14:38:44.0 (6652017)|VARIABLE_SCOPE_BEGIN|[10]|saReportCtrl.SORTED_BY_NONE_LABEL|String|false|true
14:38:44.0 (6658040)|VARIABLE_SCOPE_BEGIN|[16]|saReportCtrl.SORTED_BY_NONE_VALUE|String|false|true
14:38:44.0 (6664305)|VARIABLE_SCOPE_BEGIN|[12]|saReportCtrl.SORTED_BY_NUMBER_OF_VIEWS_LABEL|String|false|true
14:38:44.0 (6670732)|VARIABLE_SCOPE_BEGIN|[18]|saReportCtrl.SORTED_BY_NUMBER_OF_VIEWS_VALUE|String|false|true
14:38:44.0 (6676777)|VARIABLE_SCOPE_BEGIN|[14]|saReportCtrl.SORTED_BY_RELEASE_DATES_LABEL|String|false|true
14:38:44.0 (6683023)|VARIABLE_SCOPE_BEGIN|[20]|saReportCtrl.SORTED_BY_RELEASE_DATES_VALUE|String|false|true
14:38:44.0 (8559521)|VARIABLE_SCOPE_BEGIN|[7]|auMainTopCompCtrl.TYPE_SCREEN_CX_SCREEN|Integer|false|true
14:38:44.0 (8571875)|VARIABLE_SCOPE_BEGIN|[8]|auMainTopCompCtrl.TYPE_SCREEN_CX_TIMELINE|Integer|false|true
14:38:44.0 (8578862)|VARIABLE_SCOPE_BEGIN|[9]|auMainTopCompCtrl.TYPE_SCREEN_EVENT_SCHEDULE|Integer|false|true
14:38:44.0 (8585358)|VARIABLE_SCOPE_BEGIN|[10]|auMainTopCompCtrl.TYPE_SCREEN_EVENT_SCHEDULE_LIST|Integer|false|true
14:38:44.0 (8591365)|VARIABLE_SCOPE_BEGIN|[11]|auMainTopCompCtrl.TYPE_SCREEN_KNOWLEDGE_DASHBOARD|Integer|false|true
14:38:44.0 (8597656)|VARIABLE_SCOPE_BEGIN|[12]|auMainTopCompCtrl.TYPE_SCREEN_KNOWLEDGE_LIST|Integer|false|true
14:38:44.0 (8603532)|VARIABLE_SCOPE_BEGIN|[15]|auMainTopCompCtrl.TYPE_SCREEN_SA_CHATTER|Integer|false|true
14:38:44.0 (8610037)|VARIABLE_SCOPE_BEGIN|[16]|auMainTopCompCtrl.TYPE_SCREEN_SA_DAILYREPORT|Integer|false|true
14:38:44.0 (8615761)|VARIABLE_SCOPE_BEGIN|[18]|auMainTopCompCtrl.TYPE_SCREEN_SA_DOCUMENTS|Integer|false|true
14:38:44.0 (8621721)|VARIABLE_SCOPE_BEGIN|[17]|auMainTopCompCtrl.TYPE_SCREEN_SA_ENQUETE|Integer|false|true
14:38:44.0 (8627674)|VARIABLE_SCOPE_BEGIN|[13]|auMainTopCompCtrl.TYPE_SCREEN_SA_MESSAGES|Integer|false|true
14:38:44.0 (8633814)|VARIABLE_SCOPE_BEGIN|[19]|auMainTopCompCtrl.TYPE_SCREEN_SA_RANKING|Integer|false|true
14:38:44.0 (8639762)|VARIABLE_SCOPE_BEGIN|[14]|auMainTopCompCtrl.TYPE_SCREEN_SA_REPORTS|Integer|false|true
14:38:44.0 (8645614)|VARIABLE_SCOPE_BEGIN|[4]|auMainTopCompCtrl.TYPE_SCREEN_STPD_EVENT|Integer|false|true
14:38:44.0 (8651645)|VARIABLE_SCOPE_BEGIN|[6]|auMainTopCompCtrl.TYPE_SCREEN_STPD_SCREEN|Integer|false|true
14:38:44.0 (8657674)|VARIABLE_SCOPE_BEGIN|[5]|auMainTopCompCtrl.TYPE_SCREEN_STPD_TIMELINE|Integer|false|true
14:38:44.0 (8663863)|VARIABLE_SCOPE_BEGIN|[3]|auMainTopCompCtrl.TYPE_SCREEN_SWITCH|Integer|false|true
14:38:44.0 (9875447)|VF_DESERIALIZE_VIEWSTATE_END
14:38:44.93 (93367105)|CUMULATIVE_LIMIT_USAGE
14:38:44.93 (93367105)|LIMIT_USAGE_FOR_NS|(default)|
  Number of SOQL queries: 0 out of 100
  Number of query rows: 0 out of 50000
  Number of SOSL queries: 0 out of 20
  Number of DML statements: 0 out of 150
  Number of DML rows: 0 out of 10000
  Maximum CPU time: 0 out of 10000
  Maximum heap size: 0 out of 6000000
  Number of callouts: 0 out of 100
  Number of Email Invocations: 0 out of 10
  Number of future calls: 0 out of 50
  Number of queueable jobs added to the queue: 0 out of 50
  Number of Mobile Apex push calls: 0 out of 10

14:38:44.93 (93367105)|CUMULATIVE_LIMIT_USAGE_END

14:38:44.0 (93416697)|CODE_UNIT_FINISHED|VF: /apex/saReport
14:38:44.0 (94209783)|EXECUTION_FINISHED
