42.0 APEX_CODE,FINEST;APEX_PROFILING,INFO;CALLOUT,INFO;DB,INFO;NBA,INFO;SYSTEM,DEBUG;VALIDATION,INFO;VISUALFORCE,INFO;WAVE,INFO;WORKFLOW,INFO
12:07:49.0 (72315)|USER_INFO|[EXTERNAL]|005N00000057PfO|thomas.remy+kddi_gwdev01@globalway.co.jp|Japan Standard Time|GMT+09:00
12:07:49.0 (108468)|EXECUTION_STARTED
12:07:49.0 (113327)|CODE_UNIT_STARTED|[EXTERNAL]|066N0000000M4pW|VF: /apex/sadailyreport
12:07:49.0 (246611)|VF_DESERIALIZE_VIEWSTATE_BEGIN|066N0000000M4pW
12:07:49.0 (3486705)|HEAP_ALLOCATE|[72]|Bytes:3
12:07:49.0 (3534250)|HEAP_ALLOCATE|[77]|Bytes:152
12:07:49.0 (3550997)|HEAP_ALLOCATE|[342]|Bytes:408
12:07:49.0 (3566661)|HEAP_ALLOCATE|[355]|Bytes:408
12:07:49.0 (3581427)|HEAP_ALLOCATE|[467]|Bytes:48
12:07:49.0 (3607195)|HEAP_ALLOCATE|[139]|Bytes:6
12:07:49.0 (4424149)|HEAP_ALLOCATE|[50]|Bytes:5
12:07:49.0 (4453290)|HEAP_ALLOCATE|[56]|Bytes:5
12:07:49.0 (4463571)|HEAP_ALLOCATE|[64]|Bytes:7
12:07:49.0 (5584686)|VARIABLE_SCOPE_BEGIN|[3]|saDailyReportCtrl.SOURCE|String|false|true
12:07:49.0 (5596670)|VARIABLE_SCOPE_BEGIN|[4]|saDailyReportCtrl.SOURCE_ID|String|false|true
12:07:49.0 (6554425)|VARIABLE_SCOPE_BEGIN|[25]|auMainTopCompCtrl.TYPE_SCREEN_ACCOUNT_LIST|Integer|false|true
12:07:49.0 (6565420)|VARIABLE_SCOPE_BEGIN|[26]|auMainTopCompCtrl.TYPE_SCREEN_ACTIVITY_LIST|Integer|false|true
12:07:49.0 (6572273)|VARIABLE_SCOPE_BEGIN|[7]|auMainTopCompCtrl.TYPE_SCREEN_CX_SCREEN|Integer|false|true
12:07:49.0 (6578357)|VARIABLE_SCOPE_BEGIN|[8]|auMainTopCompCtrl.TYPE_SCREEN_CX_TIMELINE|Integer|false|true
12:07:49.0 (6585129)|VARIABLE_SCOPE_BEGIN|[9]|auMainTopCompCtrl.TYPE_SCREEN_EVENT_SCHEDULE|Integer|false|true
12:07:49.0 (6591733)|VARIABLE_SCOPE_BEGIN|[10]|auMainTopCompCtrl.TYPE_SCREEN_EVENT_SCHEDULE_LIST|Integer|false|true
12:07:49.0 (6597952)|VARIABLE_SCOPE_BEGIN|[27]|auMainTopCompCtrl.TYPE_SCREEN_FILE_LIST|Integer|false|true
12:07:49.0 (6603391)|VARIABLE_SCOPE_BEGIN|[24]|auMainTopCompCtrl.TYPE_SCREEN_HONBU_DIRECT|Integer|false|true
12:07:49.0 (6609009)|VARIABLE_SCOPE_BEGIN|[11]|auMainTopCompCtrl.TYPE_SCREEN_KNOWLEDGE_DASHBOARD|Integer|false|true
12:07:49.0 (6614725)|VARIABLE_SCOPE_BEGIN|[12]|auMainTopCompCtrl.TYPE_SCREEN_KNOWLEDGE_LIST|Integer|false|true
12:07:49.0 (6620376)|VARIABLE_SCOPE_BEGIN|[15]|auMainTopCompCtrl.TYPE_SCREEN_SA_CHATTER|Integer|false|true
12:07:49.0 (6626278)|VARIABLE_SCOPE_BEGIN|[16]|auMainTopCompCtrl.TYPE_SCREEN_SA_DAILYREPORT|Integer|false|true
12:07:49.0 (6631855)|VARIABLE_SCOPE_BEGIN|[22]|auMainTopCompCtrl.TYPE_SCREEN_SA_DAILYREPORTLIST|Integer|false|true
12:07:49.0 (6637992)|VARIABLE_SCOPE_BEGIN|[18]|auMainTopCompCtrl.TYPE_SCREEN_SA_DOCUMENTS|Integer|false|true
12:07:49.0 (6643834)|VARIABLE_SCOPE_BEGIN|[17]|auMainTopCompCtrl.TYPE_SCREEN_SA_ENQUETE|Integer|false|true
12:07:49.0 (6649414)|VARIABLE_SCOPE_BEGIN|[20]|auMainTopCompCtrl.TYPE_SCREEN_SA_LINKS|Integer|false|true
12:07:49.0 (6654952)|VARIABLE_SCOPE_BEGIN|[13]|auMainTopCompCtrl.TYPE_SCREEN_SA_MESSAGES|Integer|false|true
12:07:49.0 (6660811)|VARIABLE_SCOPE_BEGIN|[19]|auMainTopCompCtrl.TYPE_SCREEN_SA_RANKING|Integer|false|true
12:07:49.0 (6666859)|VARIABLE_SCOPE_BEGIN|[14]|auMainTopCompCtrl.TYPE_SCREEN_SA_REPORTS|Integer|false|true
12:07:49.0 (6672555)|VARIABLE_SCOPE_BEGIN|[23]|auMainTopCompCtrl.TYPE_SCREEN_SA_TODO|Integer|false|true
12:07:49.0 (6678595)|VARIABLE_SCOPE_BEGIN|[21]|auMainTopCompCtrl.TYPE_SCREEN_SA_USRSETTINGS|Integer|false|true
12:07:49.0 (6684511)|VARIABLE_SCOPE_BEGIN|[4]|auMainTopCompCtrl.TYPE_SCREEN_STPD_EVENT|Integer|false|true
12:07:49.0 (6691017)|VARIABLE_SCOPE_BEGIN|[6]|auMainTopCompCtrl.TYPE_SCREEN_STPD_SCREEN|Integer|false|true
12:07:49.0 (6697450)|VARIABLE_SCOPE_BEGIN|[5]|auMainTopCompCtrl.TYPE_SCREEN_STPD_TIMELINE|Integer|false|true
12:07:49.0 (6703456)|VARIABLE_SCOPE_BEGIN|[3]|auMainTopCompCtrl.TYPE_SCREEN_SWITCH|Integer|false|true
12:07:49.0 (7859543)|VF_DESERIALIZE_VIEWSTATE_END
12:07:49.0 (9859102)|SYSTEM_MODE_ENTER|true
12:07:49.0 (10082150)|HEAP_ALLOCATE|[EXTERNAL]|Bytes:284
12:07:49.0 (10095485)|HEAP_ALLOCATE|[EXTERNAL]|Bytes:156
12:07:49.0 (10108451)|METHOD_ENTRY|[1]|01pN0000000Mill|auMainTopCompCtrl.auMainTopCompCtrl()
12:07:49.0 (10115217)|STATEMENT_EXECUTE|[1]
12:07:49.0 (10120906)|STATEMENT_EXECUTE|[1]
12:07:49.0 (10122445)|STATEMENT_EXECUTE|[3]
12:07:49.0 (10128309)|HEAP_ALLOCATE|[3]|Bytes:4
12:07:49.0 (10151635)|VARIABLE_ASSIGNMENT|[3]|auMainTopCompCtrl.TYPE_SCREEN_SWITCH|0
12:07:49.0 (10157379)|STATEMENT_EXECUTE|[4]
12:07:49.0 (10160123)|HEAP_ALLOCATE|[4]|Bytes:4
12:07:49.0 (10168069)|VARIABLE_ASSIGNMENT|[4]|auMainTopCompCtrl.TYPE_SCREEN_STPD_EVENT|11
12:07:49.0 (10172972)|STATEMENT_EXECUTE|[5]
12:07:49.0 (10175392)|HEAP_ALLOCATE|[5]|Bytes:4
12:07:49.0 (10182770)|VARIABLE_ASSIGNMENT|[5]|auMainTopCompCtrl.TYPE_SCREEN_STPD_TIMELINE|12
12:07:49.0 (10186804)|STATEMENT_EXECUTE|[6]
12:07:49.0 (10188820)|HEAP_ALLOCATE|[6]|Bytes:4
12:07:49.0 (10194920)|VARIABLE_ASSIGNMENT|[6]|auMainTopCompCtrl.TYPE_SCREEN_STPD_SCREEN|13
12:07:49.0 (10199095)|STATEMENT_EXECUTE|[7]
12:07:49.0 (10201739)|HEAP_ALLOCATE|[7]|Bytes:4
12:07:49.0 (10207076)|VARIABLE_ASSIGNMENT|[7]|auMainTopCompCtrl.TYPE_SCREEN_CX_SCREEN|21
12:07:49.0 (10211146)|STATEMENT_EXECUTE|[8]
12:07:49.0 (10213106)|HEAP_ALLOCATE|[8]|Bytes:4
12:07:49.0 (10218282)|VARIABLE_ASSIGNMENT|[8]|auMainTopCompCtrl.TYPE_SCREEN_CX_TIMELINE|22
12:07:49.0 (10221683)|STATEMENT_EXECUTE|[9]
12:07:49.0 (10223723)|HEAP_ALLOCATE|[9]|Bytes:4
12:07:49.0 (10228773)|VARIABLE_ASSIGNMENT|[9]|auMainTopCompCtrl.TYPE_SCREEN_EVENT_SCHEDULE|31
12:07:49.0 (10232722)|STATEMENT_EXECUTE|[10]
12:07:49.0 (10234925)|HEAP_ALLOCATE|[10]|Bytes:4
12:07:49.0 (10240583)|VARIABLE_ASSIGNMENT|[10]|auMainTopCompCtrl.TYPE_SCREEN_EVENT_SCHEDULE_LIST|32
12:07:49.0 (10244234)|STATEMENT_EXECUTE|[11]
12:07:49.0 (10246486)|HEAP_ALLOCATE|[11]|Bytes:4
12:07:49.0 (10252026)|VARIABLE_ASSIGNMENT|[11]|auMainTopCompCtrl.TYPE_SCREEN_KNOWLEDGE_DASHBOARD|41
12:07:49.0 (10256577)|STATEMENT_EXECUTE|[12]
12:07:49.0 (10258558)|HEAP_ALLOCATE|[12]|Bytes:4
12:07:49.0 (10264300)|VARIABLE_ASSIGNMENT|[12]|auMainTopCompCtrl.TYPE_SCREEN_KNOWLEDGE_LIST|42
12:07:49.0 (10268581)|STATEMENT_EXECUTE|[13]
12:07:49.0 (10270714)|HEAP_ALLOCATE|[13]|Bytes:4
12:07:49.0 (10276756)|VARIABLE_ASSIGNMENT|[13]|auMainTopCompCtrl.TYPE_SCREEN_SA_MESSAGES|51
12:07:49.0 (10280233)|STATEMENT_EXECUTE|[14]
12:07:49.0 (10282239)|HEAP_ALLOCATE|[14]|Bytes:4
12:07:49.0 (10287833)|VARIABLE_ASSIGNMENT|[14]|auMainTopCompCtrl.TYPE_SCREEN_SA_REPORTS|52
12:07:49.0 (10291629)|STATEMENT_EXECUTE|[15]
12:07:49.0 (10293693)|HEAP_ALLOCATE|[15]|Bytes:4
12:07:49.0 (10299479)|VARIABLE_ASSIGNMENT|[15]|auMainTopCompCtrl.TYPE_SCREEN_SA_CHATTER|53
12:07:49.0 (10302854)|STATEMENT_EXECUTE|[16]
12:07:49.0 (10305151)|HEAP_ALLOCATE|[16]|Bytes:4
12:07:49.0 (10310941)|VARIABLE_ASSIGNMENT|[16]|auMainTopCompCtrl.TYPE_SCREEN_SA_DAILYREPORT|54
12:07:49.0 (10314150)|STATEMENT_EXECUTE|[17]
12:07:49.0 (10316400)|HEAP_ALLOCATE|[17]|Bytes:4
12:07:49.0 (10321776)|VARIABLE_ASSIGNMENT|[17]|auMainTopCompCtrl.TYPE_SCREEN_SA_ENQUETE|55
12:07:49.0 (10325559)|STATEMENT_EXECUTE|[18]
12:07:49.0 (10327520)|HEAP_ALLOCATE|[18]|Bytes:4
12:07:49.0 (10333164)|VARIABLE_ASSIGNMENT|[18]|auMainTopCompCtrl.TYPE_SCREEN_SA_DOCUMENTS|56
12:07:49.0 (10336587)|STATEMENT_EXECUTE|[19]
12:07:49.0 (10338554)|HEAP_ALLOCATE|[19]|Bytes:4
12:07:49.0 (10344260)|VARIABLE_ASSIGNMENT|[19]|auMainTopCompCtrl.TYPE_SCREEN_SA_RANKING|57
12:07:49.0 (10347780)|STATEMENT_EXECUTE|[20]
12:07:49.0 (10349856)|HEAP_ALLOCATE|[20]|Bytes:4
12:07:49.0 (10355481)|VARIABLE_ASSIGNMENT|[20]|auMainTopCompCtrl.TYPE_SCREEN_SA_LINKS|58
12:07:49.0 (10358919)|STATEMENT_EXECUTE|[21]
12:07:49.0 (10361063)|HEAP_ALLOCATE|[21]|Bytes:4
12:07:49.0 (10366876)|VARIABLE_ASSIGNMENT|[21]|auMainTopCompCtrl.TYPE_SCREEN_SA_USRSETTINGS|59
12:07:49.0 (10371086)|STATEMENT_EXECUTE|[22]
12:07:49.0 (10373022)|HEAP_ALLOCATE|[22]|Bytes:4
12:07:49.0 (10378424)|VARIABLE_ASSIGNMENT|[22]|auMainTopCompCtrl.TYPE_SCREEN_SA_DAILYREPORTLIST|60
12:07:49.0 (10382310)|STATEMENT_EXECUTE|[23]
12:07:49.0 (10384342)|HEAP_ALLOCATE|[23]|Bytes:4
12:07:49.0 (10391464)|VARIABLE_ASSIGNMENT|[23]|auMainTopCompCtrl.TYPE_SCREEN_SA_TODO|61
12:07:49.0 (10395404)|STATEMENT_EXECUTE|[24]
12:07:49.0 (10397665)|HEAP_ALLOCATE|[24]|Bytes:4
12:07:49.0 (10402886)|VARIABLE_ASSIGNMENT|[24]|auMainTopCompCtrl.TYPE_SCREEN_HONBU_DIRECT|71
12:07:49.0 (10406622)|STATEMENT_EXECUTE|[25]
12:07:49.0 (10408737)|HEAP_ALLOCATE|[25]|Bytes:4
12:07:49.0 (10413875)|VARIABLE_ASSIGNMENT|[25]|auMainTopCompCtrl.TYPE_SCREEN_ACCOUNT_LIST|81
12:07:49.0 (10417502)|STATEMENT_EXECUTE|[26]
12:07:49.0 (10419371)|HEAP_ALLOCATE|[26]|Bytes:4
12:07:49.0 (10424320)|VARIABLE_ASSIGNMENT|[26]|auMainTopCompCtrl.TYPE_SCREEN_ACTIVITY_LIST|82
12:07:49.0 (10427535)|STATEMENT_EXECUTE|[27]
12:07:49.0 (10429761)|HEAP_ALLOCATE|[27]|Bytes:4
12:07:49.0 (10434886)|VARIABLE_ASSIGNMENT|[27]|auMainTopCompCtrl.TYPE_SCREEN_FILE_LIST|83
12:07:49.0 (10443616)|METHOD_EXIT|[1]|auMainTopCompCtrl
12:07:49.0 (10449987)|HEAP_ALLOCATE|[EXTERNAL]|Bytes:44
12:07:49.0 (10458248)|VARIABLE_SCOPE_BEGIN|[88]|this|auMainTopCompCtrl|true|false
12:07:49.0 (10518214)|VARIABLE_ASSIGNMENT|[88]|this|{"currentUser":"0x63fde980","isSAUser":false,"iTypeOfScreen":54,"urlReportsSFA":"https://cs6.lightnin (84 more) ..."}|0x5cd24530
12:07:49.0 (10530796)|STATEMENT_EXECUTE|[88]
12:07:49.0 (10532722)|STATEMENT_EXECUTE|[89]
12:07:49.0 (10583301)|VARIABLE_ASSIGNMENT|[EXTERNAL]|this|{"currentUser":"0x63fde980","isSAUser":false,"iTypeOfScreen":54,"urlReportsSFA":"https://cs6.lightnin (84 more) ..."}|0x5cd24530
12:07:49.0 (10632250)|VARIABLE_ASSIGNMENT|[EXTERNAL]|this|{"currentUser":"0x63fde980","isSAUser":false,"iTypeOfScreen":54,"urlReportsSFA":"https://cs6.lightnin (84 more) ..."}|0x5cd24530
12:07:49.0 (10668757)|VARIABLE_ASSIGNMENT|[EXTERNAL]|this|{"currentUser":"0x63fde980","isSAUser":false,"iTypeOfScreen":54,"urlReportsSFA":"https://cs6.lightnin (84 more) ..."}|0x5cd24530
12:07:49.0 (10704093)|VARIABLE_ASSIGNMENT|[EXTERNAL]|this|{"currentUser":"0x63fde980","isSAUser":false,"iTypeOfScreen":54,"urlReportsSFA":"https://cs6.lightnin (84 more) ..."}|0x5cd24530
12:07:49.0 (10727070)|HEAP_ALLOCATE|[89]|Bytes:5
12:07:49.0 (10820224)|SYSTEM_MODE_ENTER|true
12:07:49.0 (10852638)|HEAP_ALLOCATE|[EXTERNAL]|Bytes:44
12:07:49.0 (10859534)|VARIABLE_SCOPE_BEGIN|[106]|this|auMainTopCompCtrl|true|false
12:07:49.0 (10891193)|VARIABLE_ASSIGNMENT|[106]|this|{"currentUser":"0x63fde980","isSAUser":false,"iTypeOfScreen":54,"urlReportsSFA":"https://cs6.lightnin (84 more) ..."}|0x5cd24530
12:07:49.0 (10901957)|STATEMENT_EXECUTE|[106]
12:07:49.0 (10903989)|STATEMENT_EXECUTE|[107]
12:07:49.0 (10937421)|VARIABLE_ASSIGNMENT|[EXTERNAL]|this|{"currentUser":"0x63fde980","isSAUser":false,"iTypeOfScreen":54,"urlReportsSFA":"https://cs6.lightnin (84 more) ..."}|0x5cd24530
12:07:49.0 (10958279)|HEAP_ALLOCATE|[107]|Bytes:5
12:07:49.0 (11014882)|SYSTEM_MODE_ENTER|true
12:07:49.0 (11042421)|HEAP_ALLOCATE|[EXTERNAL]|Bytes:44
12:07:49.0 (11049225)|VARIABLE_SCOPE_BEGIN|[110]|this|auMainTopCompCtrl|true|false
12:07:49.0 (11079609)|VARIABLE_ASSIGNMENT|[110]|this|{"currentUser":"0x63fde980","isSAUser":false,"iTypeOfScreen":54,"urlReportsSFA":"https://cs6.lightnin (84 more) ..."}|0x5cd24530
12:07:49.0 (11088324)|STATEMENT_EXECUTE|[110]
12:07:49.0 (11090071)|STATEMENT_EXECUTE|[111]
12:07:49.0 (11121600)|VARIABLE_ASSIGNMENT|[EXTERNAL]|this|{"currentUser":"0x63fde980","isSAUser":false,"iTypeOfScreen":54,"urlReportsSFA":"https://cs6.lightnin (84 more) ..."}|0x5cd24530
12:07:49.0 (11136058)|HEAP_ALLOCATE|[111]|Bytes:5
12:07:49.0 (11185468)|SYSTEM_MODE_ENTER|true
12:07:49.0 (11210205)|HEAP_ALLOCATE|[EXTERNAL]|Bytes:44
12:07:49.0 (11216745)|VARIABLE_SCOPE_BEGIN|[114]|this|auMainTopCompCtrl|true|false
12:07:49.0 (11246362)|VARIABLE_ASSIGNMENT|[114]|this|{"currentUser":"0x63fde980","isSAUser":false,"iTypeOfScreen":54,"urlReportsSFA":"https://cs6.lightnin (84 more) ..."}|0x5cd24530
12:07:49.0 (11255719)|STATEMENT_EXECUTE|[114]
12:07:49.0 (11257646)|STATEMENT_EXECUTE|[115]
12:07:49.0 (11288835)|VARIABLE_ASSIGNMENT|[EXTERNAL]|this|{"currentUser":"0x63fde980","isSAUser":false,"iTypeOfScreen":54,"urlReportsSFA":"https://cs6.lightnin (84 more) ..."}|0x5cd24530
12:07:49.0 (11302424)|HEAP_ALLOCATE|[115]|Bytes:5
12:07:49.0 (11377224)|SYSTEM_MODE_ENTER|true
12:07:49.0 (11398930)|HEAP_ALLOCATE|[EXTERNAL]|Bytes:44
12:07:49.0 (11410060)|VARIABLE_ASSIGNMENT|[EXTERNAL]|this.iCountComments|null|0x5cd24530
12:07:49.0 (11449015)|SYSTEM_MODE_ENTER|true
12:07:49.0 (11467289)|HEAP_ALLOCATE|[EXTERNAL]|Bytes:44
12:07:49.0 (11476136)|VARIABLE_ASSIGNMENT|[EXTERNAL]|this.iCountLikes|null|0x5cd24530
12:07:49.0 (11551942)|SYSTEM_MODE_ENTER|true
12:07:49.0 (11585178)|HEAP_ALLOCATE|[EXTERNAL]|Bytes:26
12:07:49.0 (11593679)|HEAP_ALLOCATE|[EXTERNAL]|Bytes:460
12:07:49.0 (11598583)|HEAP_ALLOCATE|[EXTERNAL]|Bytes:111
12:07:49.0 (11602850)|HEAP_ALLOCATE|[EXTERNAL]|Bytes:33
12:07:49.0 (11606898)|HEAP_ALLOCATE|[EXTERNAL]|Bytes:3
12:07:49.0 (11615504)|VARIABLE_ASSIGNMENT|[EXTERNAL]|saDailyReportCtrl.SOURCE|"src"
12:07:49.0 (11620289)|HEAP_ALLOCATE|[EXTERNAL]|Bytes:2
12:07:49.0 (11625930)|VARIABLE_ASSIGNMENT|[EXTERNAL]|saDailyReportCtrl.SOURCE_ID|"id"
12:07:49.0 (11633981)|METHOD_ENTRY|[1]|01pN0000000aE0W|saDailyReportCtrl.saDailyReportCtrl()
12:07:49.0 (11638807)|STATEMENT_EXECUTE|[1]
12:07:49.0 (11642311)|STATEMENT_EXECUTE|[1]
12:07:49.0 (11650173)|SYSTEM_MODE_ENTER|false
12:07:49.0 (11657349)|HEAP_ALLOCATE|[EXTERNAL]|Bytes:5
12:07:49.0 (11662354)|STATEMENT_EXECUTE|[642]
12:07:49.0 (11664274)|STATEMENT_EXECUTE|[669]
12:07:49.0 (11668877)|SYSTEM_MODE_EXIT|false
12:07:49.0 (11676727)|METHOD_EXIT|[1]|saDailyReportCtrl
12:07:49.0 (11681931)|HEAP_ALLOCATE|[EXTERNAL]|Bytes:76
12:07:49.0 (11687702)|VARIABLE_SCOPE_BEGIN|[84]|this|saDailyReportCtrl|true|false
12:07:49.0 (12011769)|VARIABLE_ASSIGNMENT|[84]|this|{"BusinessLocationName":"","currentInquiryReply":"0x689d77f4","currentInquiryReplyDetail":"0x26a85412","dailyReportId":"a0IN0000006RUlWMAW","dCurrentDay":"2018-06-30T00:00:00Z","dCurrentMonth":"2018-07-01T00:00:00Z","iCurrentDay":0,"idBusinessLocation":"","isIPhone":false,"isPreview":true,"lsBusinessLocation":"0x2a1508ae","lsDaysOfMonth":"0x23f0ece7","messageError":"","messageQuestion":"","mpQuestions":"0x20d10dba","myUser":"0x44bdd576"}|0xc80bd86
12:07:49.0 (12033306)|SYSTEM_MODE_ENTER|false
12:07:49.0 (12040657)|HEAP_ALLOCATE|[84]|Bytes:5
12:07:49.0 (12046136)|STATEMENT_EXECUTE|[84]
12:07:49.0 (12048173)|STATEMENT_EXECUTE|[84]
12:07:49.0 (12052593)|SYSTEM_MODE_EXIT|false
12:07:49.0 (12109724)|SYSTEM_MODE_ENTER|true
12:07:49.0 (12127447)|HEAP_ALLOCATE|[EXTERNAL]|Bytes:8
12:07:49.0 (12132138)|HEAP_ALLOCATE|[EXTERNAL]|Bytes:44
12:07:49.0 (12142024)|VARIABLE_ASSIGNMENT|[EXTERNAL]|this.iTypeOfScreen|54|0x5cd24530
12:07:49.0 (12236925)|SYSTEM_MODE_ENTER|true
12:07:49.0 (12494743)|SYSTEM_MODE_ENTER|true
12:07:49.0 (12566876)|SYSTEM_MODE_ENTER|true
12:07:49.0 (12741682)|SYSTEM_MODE_ENTER|true
12:07:49.0 (13876057)|SYSTEM_MODE_ENTER|true
12:07:49.0 (15757582)|SYSTEM_MODE_ENTER|true
12:07:49.0 (15804335)|SYSTEM_MODE_ENTER|true
12:07:49.0 (15839672)|SYSTEM_MODE_ENTER|true
12:07:49.0 (15872981)|SYSTEM_MODE_ENTER|true
12:07:49.0 (15903418)|SYSTEM_MODE_ENTER|true
12:07:49.0 (15954865)|SYSTEM_MODE_ENTER|true
12:07:49.0 (15989322)|HEAP_ALLOCATE|[EXTERNAL]|Bytes:44
12:07:49.0 (15996677)|VARIABLE_SCOPE_BEGIN|[88]|this|auMainTopCompCtrl|true|false
12:07:49.0 (16034873)|VARIABLE_ASSIGNMENT|[88]|this|{"currentUser":"0x63fde980","isSAUser":false,"iTypeOfScreen":54,"urlReportsSFA":"https://cs6.lightnin (84 more) ..."}|0x5cd24530
12:07:49.0 (16046728)|STATEMENT_EXECUTE|[88]
12:07:49.0 (16048652)|STATEMENT_EXECUTE|[89]
12:07:49.0 (16079466)|VARIABLE_ASSIGNMENT|[EXTERNAL]|this|{"currentUser":"0x63fde980","isSAUser":false,"iTypeOfScreen":54,"urlReportsSFA":"https://cs6.lightnin (84 more) ..."}|0x5cd24530
12:07:49.0 (16118080)|VARIABLE_ASSIGNMENT|[EXTERNAL]|this|{"currentUser":"0x63fde980","isSAUser":false,"iTypeOfScreen":54,"urlReportsSFA":"https://cs6.lightnin (84 more) ..."}|0x5cd24530
12:07:49.0 (16149785)|VARIABLE_ASSIGNMENT|[EXTERNAL]|this|{"currentUser":"0x63fde980","isSAUser":false,"iTypeOfScreen":54,"urlReportsSFA":"https://cs6.lightnin (84 more) ..."}|0x5cd24530
12:07:49.0 (16180230)|VARIABLE_ASSIGNMENT|[EXTERNAL]|this|{"currentUser":"0x63fde980","isSAUser":false,"iTypeOfScreen":54,"urlReportsSFA":"https://cs6.lightnin (84 more) ..."}|0x5cd24530
12:07:49.0 (16193278)|HEAP_ALLOCATE|[89]|Bytes:5
12:07:49.0 (16239382)|SYSTEM_MODE_ENTER|true
12:07:49.0 (16269014)|HEAP_ALLOCATE|[EXTERNAL]|Bytes:44
12:07:49.0 (16275226)|VARIABLE_SCOPE_BEGIN|[106]|this|auMainTopCompCtrl|true|false
12:07:49.0 (16306511)|VARIABLE_ASSIGNMENT|[106]|this|{"currentUser":"0x63fde980","isSAUser":false,"iTypeOfScreen":54,"urlReportsSFA":"https://cs6.lightnin (84 more) ..."}|0x5cd24530
12:07:49.0 (16315568)|STATEMENT_EXECUTE|[106]
12:07:49.0 (16317460)|STATEMENT_EXECUTE|[107]
12:07:49.0 (16342387)|VARIABLE_ASSIGNMENT|[EXTERNAL]|this|{"currentUser":"0x63fde980","isSAUser":false,"iTypeOfScreen":54,"urlReportsSFA":"https://cs6.lightnin (84 more) ..."}|0x5cd24530
12:07:49.0 (16355457)|HEAP_ALLOCATE|[107]|Bytes:5
12:07:49.0 (16396993)|SYSTEM_MODE_ENTER|true
12:07:49.0 (16422196)|HEAP_ALLOCATE|[EXTERNAL]|Bytes:44
12:07:49.0 (16428060)|VARIABLE_SCOPE_BEGIN|[110]|this|auMainTopCompCtrl|true|false
12:07:49.0 (16463288)|VARIABLE_ASSIGNMENT|[110]|this|{"currentUser":"0x63fde980","isSAUser":false,"iTypeOfScreen":54,"urlReportsSFA":"https://cs6.lightnin (84 more) ..."}|0x5cd24530
12:07:49.0 (16472385)|STATEMENT_EXECUTE|[110]
12:07:49.0 (16474111)|STATEMENT_EXECUTE|[111]
12:07:49.0 (16500148)|VARIABLE_ASSIGNMENT|[EXTERNAL]|this|{"currentUser":"0x63fde980","isSAUser":false,"iTypeOfScreen":54,"urlReportsSFA":"https://cs6.lightnin (84 more) ..."}|0x5cd24530
12:07:49.0 (16514236)|HEAP_ALLOCATE|[111]|Bytes:5
12:07:49.0 (16552890)|SYSTEM_MODE_ENTER|true
12:07:49.0 (16576536)|HEAP_ALLOCATE|[EXTERNAL]|Bytes:44
12:07:49.0 (16582337)|VARIABLE_SCOPE_BEGIN|[114]|this|auMainTopCompCtrl|true|false
12:07:49.0 (16611917)|VARIABLE_ASSIGNMENT|[114]|this|{"currentUser":"0x63fde980","isSAUser":false,"iTypeOfScreen":54,"urlReportsSFA":"https://cs6.lightnin (84 more) ..."}|0x5cd24530
12:07:49.0 (16620505)|STATEMENT_EXECUTE|[114]
12:07:49.0 (16622281)|STATEMENT_EXECUTE|[115]
12:07:49.0 (16646709)|VARIABLE_ASSIGNMENT|[EXTERNAL]|this|{"currentUser":"0x63fde980","isSAUser":false,"iTypeOfScreen":54,"urlReportsSFA":"https://cs6.lightnin (84 more) ..."}|0x5cd24530
12:07:49.0 (16659792)|HEAP_ALLOCATE|[115]|Bytes:5
12:07:49.0 (19304748)|SYSTEM_MODE_ENTER|true
12:07:49.0 (19326534)|HEAP_ALLOCATE|[EXTERNAL]|Bytes:16
12:07:49.0 (19332714)|HEAP_ALLOCATE|[EXTERNAL]|Bytes:76
12:07:49.0 (19345417)|VARIABLE_ASSIGNMENT|[EXTERNAL]|this.messageError|"正しいデーターを入れてください。"|0xc80bd86
12:07:49.0 (19374239)|SYSTEM_MODE_ENTER|true
12:07:49.0 (19386998)|HEAP_ALLOCATE|[EXTERNAL]|Bytes:76
12:07:49.0 (19396107)|VARIABLE_ASSIGNMENT|[EXTERNAL]|this.messageQuestion|""|0xc80bd86
12:07:49.0 (19417139)|SYSTEM_MODE_ENTER|true
12:07:49.0 (19430114)|HEAP_ALLOCATE|[EXTERNAL]|Bytes:5
12:07:49.0 (19434678)|HEAP_ALLOCATE|[EXTERNAL]|Bytes:76
12:07:49.0 (19441412)|VARIABLE_ASSIGNMENT|[EXTERNAL]|this.isPreview|true|0xc80bd86
12:07:49.0 (19462494)|SYSTEM_MODE_ENTER|true
12:07:49.0 (19473274)|HEAP_ALLOCATE|[EXTERNAL]|Bytes:76
12:07:49.0 (19480415)|VARIABLE_ASSIGNMENT|[EXTERNAL]|this.idBusinessLocation|""|0xc80bd86
12:07:49.0 (19500658)|SYSTEM_MODE_ENTER|true
12:07:49.0 (19510911)|HEAP_ALLOCATE|[EXTERNAL]|Bytes:8
12:07:49.0 (19514683)|HEAP_ALLOCATE|[EXTERNAL]|Bytes:76
12:07:49.0 (19521244)|VARIABLE_ASSIGNMENT|[EXTERNAL]|this.iCurrentDay|0|0xc80bd86
12:07:49.0 (19613183)|SYSTEM_MODE_ENTER|true
12:07:49.0 (19626055)|HEAP_ALLOCATE|[EXTERNAL]|Bytes:44
12:07:49.0 (19634769)|VARIABLE_ASSIGNMENT|[EXTERNAL]|this.iCountComments|null|0x5cd24530
12:07:49.0 (19660544)|SYSTEM_MODE_ENTER|true
12:07:49.0 (19670215)|HEAP_ALLOCATE|[EXTERNAL]|Bytes:44
12:07:49.0 (19676862)|VARIABLE_ASSIGNMENT|[EXTERNAL]|this.iCountLikes|null|0x5cd24530
12:07:49.0 (19708884)|SYSTEM_MODE_ENTER|true
12:07:49.0 (19740756)|HEAP_ALLOCATE|[EXTERNAL]|Bytes:76
12:07:49.0 (19747361)|VARIABLE_SCOPE_BEGIN|[84]|this|saDailyReportCtrl|true|false
12:07:49.0 (19918389)|VARIABLE_ASSIGNMENT|[84]|this|{"BusinessLocationName":"","currentInquiryReply":"0x689d77f4","currentInquiryReplyDetail":"0x26a85412","dailyReportId":"a0IN0000006RUlWMAW","dCurrentDay":"2018-06-30T00:00:00Z","dCurrentMonth":"2018-07-01T00:00:00Z","iCurrentDay":0,"idBusinessLocation":"","isIPhone":false,"isPreview":true,"lsBusinessLocation":"0x2a1508ae","lsDaysOfMonth":"0x23f0ece7","messageError":"正しいデーターを入れてください。","messageQuestion":"","mpQuestions":"0x20d10dba","myUser":"0x44bdd576"}|0xc80bd86
12:07:49.0 (19938680)|SYSTEM_MODE_ENTER|false
12:07:49.0 (19950042)|HEAP_ALLOCATE|[84]|Bytes:5
12:07:49.0 (19955786)|STATEMENT_EXECUTE|[84]
12:07:49.0 (19957661)|STATEMENT_EXECUTE|[84]
12:07:49.0 (19961907)|SYSTEM_MODE_EXIT|false
12:07:49.0 (20001578)|SYSTEM_MODE_ENTER|true
12:07:49.0 (20015908)|HEAP_ALLOCATE|[EXTERNAL]|Bytes:8
12:07:49.0 (20020301)|HEAP_ALLOCATE|[EXTERNAL]|Bytes:44
12:07:49.0 (20029587)|VARIABLE_ASSIGNMENT|[EXTERNAL]|this.iTypeOfScreen|54|0x5cd24530
12:07:49.0 (20238817)|SYSTEM_MODE_ENTER|true
12:07:49.0 (22424511)|HEAP_ALLOCATE|[EXTERNAL]|Bytes:76
12:07:49.0 (22435782)|VARIABLE_SCOPE_BEGIN|[191]|this|saDailyReportCtrl|true|false
12:07:49.0 (22607441)|VARIABLE_ASSIGNMENT|[191]|this|{"BusinessLocationName":"","currentInquiryReply":"0x689d77f4","currentInquiryReplyDetail":"0x26a85412","dailyReportId":"a0IN0000006RUlWMAW","dCurrentDay":"2018-06-30T00:00:00Z","dCurrentMonth":"2018-07-01T00:00:00Z","iCurrentDay":0,"idBusinessLocation":"","isIPhone":false,"isPreview":true,"lsBusinessLocation":"0x2a1508ae","lsDaysOfMonth":"0x23f0ece7","messageError":"正しいデーターを入れてください。","messageQuestion":"","mpQuestions":"0x20d10dba","myUser":"0x44bdd576"}|0xc80bd86
12:07:49.0 (22628246)|SYSTEM_MODE_ENTER|false
12:07:49.0 (22635560)|HEAP_ALLOCATE|[193]|Bytes:5
12:07:49.0 (22641543)|STATEMENT_EXECUTE|[191]
12:07:49.0 (22643528)|STATEMENT_EXECUTE|[193]
12:07:49.0 (22808210)|VARIABLE_ASSIGNMENT|[EXTERNAL]|this|{"BusinessLocationName":"","currentInquiryReply":"0x689d77f4","currentInquiryReplyDetail":"0x26a85412","dailyReportId":"a0IN0000006RUlWMAW","dCurrentDay":"2018-06-30T00:00:00Z","dCurrentMonth":"2018-07-01T00:00:00Z","iCurrentDay":0,"idBusinessLocation":"","isIPhone":false,"isPreview":true,"lsBusinessLocation":"0x2a1508ae","lsDaysOfMonth":"0x23f0ece7","messageError":"正しいデーターを入れてください。","messageQuestion":"","mpQuestions":"0x20d10dba","myUser":"0x44bdd576"}|0xc80bd86
12:07:49.0 (22825090)|VARIABLE_ASSIGNMENT|[EXTERNAL]|value|""
12:07:49.0 (22836769)|VARIABLE_ASSIGNMENT|[6]|this.messageError|""|0xc80bd86
12:07:49.0 (22847843)|STATEMENT_EXECUTE|[194]
12:07:49.0 (22993542)|VARIABLE_ASSIGNMENT|[EXTERNAL]|this|{"BusinessLocationName":"","currentInquiryReply":"0x689d77f4","currentInquiryReplyDetail":"0x26a85412","dailyReportId":"a0IN0000006RUlWMAW","dCurrentDay":"2018-06-30T00:00:00Z","dCurrentMonth":"2018-07-01T00:00:00Z","iCurrentDay":0,"idBusinessLocation":"","isIPhone":false,"isPreview":true,"lsBusinessLocation":"0x2a1508ae","lsDaysOfMonth":"0x23f0ece7","messageError":"","messageQuestion":"","mpQuestions":"0x20d10dba","myUser":"0x44bdd576"}|0xc80bd86
12:07:49.0 (23008573)|VARIABLE_ASSIGNMENT|[EXTERNAL]|value|""
12:07:49.0 (23019066)|VARIABLE_ASSIGNMENT|[7]|this.messageQuestion|""|0xc80bd86
12:07:49.0 (23028503)|STATEMENT_EXECUTE|[196]
12:07:49.0 (23030314)|STATEMENT_EXECUTE|[196]
12:07:49.0 (23031997)|STATEMENT_EXECUTE|[198]
12:07:49.0 (23220485)|VARIABLE_ASSIGNMENT|[EXTERNAL]|this|{"BusinessLocationName":"","currentInquiryReply":"0x689d77f4","currentInquiryReplyDetail":"0x26a85412","dailyReportId":"a0IN0000006RUlWMAW","dCurrentDay":"2018-06-30T00:00:00Z","dCurrentMonth":"2018-07-01T00:00:00Z","iCurrentDay":0,"idBusinessLocation":"","isIPhone":false,"isPreview":true,"lsBusinessLocation":"0x2a1508ae","lsDaysOfMonth":"0x23f0ece7","messageError":"","messageQuestion":"","mpQuestions":"0x20d10dba","myUser":"0x44bdd576"}|0xc80bd86
12:07:49.0 (23273790)|HEAP_ALLOCATE|[198]|Bytes:4
12:07:49.0 (23306594)|VARIABLE_ASSIGNMENT|[198]|this.dCurrentDay|"2018-06-30T00:00:00.000Z"|0xc80bd86
12:07:49.0 (23314090)|STATEMENT_EXECUTE|[200]
12:07:49.0 (23328407)|HEAP_ALLOCATE|[200]|Bytes:4
12:07:49.0 (23537018)|VARIABLE_ASSIGNMENT|[EXTERNAL]|this|{"BusinessLocationName":"","currentInquiryReply":"0x689d77f4","currentInquiryReplyDetail":"0x26a85412","dailyReportId":"a0IN0000006RUlWMAW","dCurrentDay":"2018-06-30T00:00:00Z","dCurrentMonth":"2018-07-01T00:00:00Z","iCurrentDay":0,"idBusinessLocation":"","isIPhone":false,"isPreview":true,"lsBusinessLocation":"0x2a1508ae","lsDaysOfMonth":"0x23f0ece7","messageError":"","messageQuestion":"","mpQuestions":"0x20d10dba","myUser":"0x44bdd576"}|0xc80bd86
12:07:49.0 (23552787)|HEAP_ALLOCATE|[EXTERNAL]|Bytes:4
12:07:49.0 (23564084)|VARIABLE_ASSIGNMENT|[EXTERNAL]|value|[]|0x7761d660
12:07:49.0 (23575564)|VARIABLE_ASSIGNMENT|[22]|this.currentInquiryReplyDetail|[]|0xc80bd86
12:07:49.0 (23585213)|STATEMENT_EXECUTE|[201]
12:07:49.0 (23597770)|HEAP_ALLOCATE|[201]|Bytes:4
12:07:49.0 (23768566)|VARIABLE_ASSIGNMENT|[EXTERNAL]|this|{"BusinessLocationName":"","currentInquiryReply":"0x689d77f4","currentInquiryReplyDetail":"0x7761d660","dailyReportId":"a0IN0000006RUlWMAW","dCurrentDay":"2018-06-30T00:00:00Z","dCurrentMonth":"2018-07-01T00:00:00Z","iCurrentDay":0,"idBusinessLocation":"","isIPhone":false,"isPreview":true,"lsBusinessLocation":"0x2a1508ae","lsDaysOfMonth":"0x23f0ece7","messageError":"","messageQuestion":"","mpQuestions":"0x20d10dba","myUser":"0x44bdd576"}|0xc80bd86
12:07:49.0 (23789234)|VARIABLE_ASSIGNMENT|[EXTERNAL]|value|{}|0x7d748907
12:07:49.0 (23800366)|VARIABLE_ASSIGNMENT|[24]|this.mpQuestions|{}|0xc80bd86
12:07:49.0 (23809657)|STATEMENT_EXECUTE|[203]
12:07:49.0 (23955396)|VARIABLE_ASSIGNMENT|[EXTERNAL]|this|{"BusinessLocationName":"","currentInquiryReply":"0x689d77f4","currentInquiryReplyDetail":"0x7761d660","dailyReportId":"a0IN0000006RUlWMAW","dCurrentDay":"2018-06-30T00:00:00Z","dCurrentMonth":"2018-07-01T00:00:00Z","iCurrentDay":0,"idBusinessLocation":"","isIPhone":false,"isPreview":true,"lsBusinessLocation":"0x2a1508ae","lsDaysOfMonth":"0x23f0ece7","messageError":"","messageQuestion":"","mpQuestions":"0x7d748907","myUser":"0x44bdd576"}|0xc80bd86
12:07:49.0 (23970615)|VARIABLE_ASSIGNMENT|[EXTERNAL]|value|""
12:07:49.0 (23979806)|VARIABLE_ASSIGNMENT|[23]|this.BusinessLocationName|""|0xc80bd86
12:07:49.0 (23993095)|HEAP_ALLOCATE|[204]|Bytes:81
12:07:49.0 (24007413)|HEAP_ALLOCATE|[204]|Bytes:4
12:07:49.0 (24016929)|HEAP_ALLOCATE|[204]|Bytes:7
12:07:49.0 (24159059)|VARIABLE_ASSIGNMENT|[EXTERNAL]|this|{"BusinessLocationName":"","currentInquiryReply":"0x689d77f4","currentInquiryReplyDetail":"0x7761d660","dailyReportId":"a0IN0000006RUlWMAW","dCurrentDay":"2018-06-30T00:00:00Z","dCurrentMonth":"2018-07-01T00:00:00Z","iCurrentDay":0,"idBusinessLocation":"","isIPhone":false,"isPreview":true,"lsBusinessLocation":"0x2a1508ae","lsDaysOfMonth":"0x23f0ece7","messageError":"","messageQuestion":"","mpQuestions":"0x7d748907","myUser":"0x44bdd576"}|0xc80bd86
12:07:49.0 (24496343)|SOQL_EXECUTE_BEGIN|[204]|Aggregations:0|SELECT Id, BusinessLocationName__c FROM saBusinessLocation__c 
12:07:49.0 (25925441)|SOQL_EXECUTE_END|[204]|Rows:0
12:07:49.0 (26085146)|HEAP_ALLOCATE|[204]|Bytes:54
12:07:49.0 (26094890)|HEAP_ALLOCATE|[204]|Bytes:8
12:07:49.0 (26122042)|SYSTEM_METHOD_ENTRY|[7]|QueryLocatorIterator.QueryLocatorIterator()
12:07:49.0 (26127083)|STATEMENT_EXECUTE|[7]
12:07:49.0 (26133961)|SYSTEM_METHOD_EXIT|[7]|QueryLocatorIterator
12:07:49.0 (26142320)|HEAP_ALLOCATE|[204]|Bytes:28
12:07:49.0 (26158841)|HEAP_ALLOCATE|[204]|Bytes:8
12:07:49.0 (26162841)|HEAP_ALLOCATE|[204]|Bytes:8
12:07:49.0 (26168839)|VARIABLE_SCOPE_BEGIN|[15]|this|Database.QueryLocatorIterator|true|false
12:07:49.0 (26195806)|VARIABLE_ASSIGNMENT|[15]|this|{}|0x64e71666
12:07:49.0 (26202757)|VARIABLE_SCOPE_BEGIN|[15]|values|List<SObject>|true|false
12:07:49.0 (26211142)|VARIABLE_ASSIGNMENT|[15]|values|null|
12:07:49.0 (26215649)|VARIABLE_SCOPE_BEGIN|[15]|ql|Database.QueryLocator|true|false
12:07:49.0 (26234277)|VARIABLE_ASSIGNMENT|[15]|ql|{"query":"SELECT Id, BusinessL (61 more) ..."}|0x4f1e9949
12:07:49.0 (26240399)|VARIABLE_SCOPE_BEGIN|[15]|totalNumRecords|Integer|false|false
12:07:49.0 (26248709)|VARIABLE_ASSIGNMENT|[15]|totalNumRecords|0
12:07:49.0 (26253686)|VARIABLE_SCOPE_BEGIN|[15]|queryMoreSize|Integer|false|false
12:07:49.0 (26260905)|VARIABLE_ASSIGNMENT|[15]|queryMoreSize|50000
12:07:49.0 (26340956)|HEAP_ALLOCATE|[204]|Bytes:28
12:07:49.0 (26361473)|METHOD_ENTRY|[204]||Database.QueryLocatorIterator.hasNext()
12:07:49.0 (26380030)|METHOD_EXIT|[204]||Database.QueryLocatorIterator.hasNext()
12:07:49.0 (26410454)|VARIABLE_ASSIGNMENT|[204]|bl|null|
12:07:49.0 (26417607)|STATEMENT_EXECUTE|[204]
12:07:49.0 (26433083)|STATEMENT_EXECUTE|[211]
12:07:49.0 (26436827)|HEAP_ALLOCATE|[211]|Bytes:195
12:07:49.0 (26450425)|HEAP_ALLOCATE|[211]|Bytes:4
12:07:49.0 (26474408)|HEAP_ALLOCATE|[211]|Bytes:7
12:07:49.0 (26507079)|HEAP_ALLOCATE|[215]|Bytes:89
12:07:49.0 (26516309)|SYSTEM_METHOD_ENTRY|[1]|UserInfo.UserInfo()
12:07:49.0 (26520024)|STATEMENT_EXECUTE|[1]
12:07:49.0 (26524920)|SYSTEM_METHOD_EXIT|[1]|UserInfo
12:07:49.0 (26534794)|METHOD_ENTRY|[215]||System.UserInfo.getUserId()
12:07:49.0 (26568532)|METHOD_EXIT|[215]||System.UserInfo.getUserId()
12:07:49.0 (27036203)|SOQL_EXECUTE_BEGIN|[211]|Aggregations:0|SELECT Id, saBusinessLocation__c, Status__c, saInquiry__c, Comment__c FROM saInquiryReply__c WHERE (saInquiry__r.Type__c = 'DAILY_REPORT' AND DailyReportDate__c = :tmpVar1 AND User__c = :tmpVar2)
12:07:49.0 (32177591)|SOQL_EXECUTE_END|[211]|Rows:0
12:07:49.0 (32200915)|HEAP_ALLOCATE|[211]|Bytes:4
12:07:49.0 (32213397)|HEAP_ALLOCATE|[211]|Bytes:0
12:07:49.0 (32267318)|HEAP_ALLOCATE|[211]|Bytes:4
12:07:49.0 (32279528)|VARIABLE_SCOPE_BEGIN|[211]|lsInqRep|List<saInquiryReply__c>|true|false
12:07:49.0 (32295136)|VARIABLE_ASSIGNMENT|[211]|lsInqRep|[]|0x463eb85e
12:07:49.0 (32346947)|STATEMENT_EXECUTE|[217]
12:07:49.0 (32349413)|STATEMENT_EXECUTE|[219]
12:07:49.0 (32353445)|HEAP_ALLOCATE|[219]|Bytes:207
12:07:49.0 (32366675)|HEAP_ALLOCATE|[219]|Bytes:4
12:07:49.0 (32558350)|VARIABLE_ASSIGNMENT|[EXTERNAL]|this|{"BusinessLocationName":"","currentInquiryReply":"0x689d77f4","currentInquiryReplyDetail":"0x7761d660","dailyReportId":"a0IN0000006RUlWMAW","dCurrentDay":"2018-06-30T00:00:00Z","dCurrentMonth":"2018-07-01T00:00:00Z","iCurrentDay":0,"idBusinessLocation":"","isIPhone":false,"isPreview":true,"lsBusinessLocation":"0x2a1508ae","lsDaysOfMonth":"0x23f0ece7","messageError":"","messageQuestion":"","mpQuestions":"0x7d748907","myUser":"0x44bdd576"}|0xc80bd86
12:07:49.0 (32585449)|HEAP_ALLOCATE|[219]|Bytes:7
12:07:49.0 (32594718)|METHOD_ENTRY|[224]||System.UserInfo.getUserId()
12:07:49.0 (32615096)|METHOD_EXIT|[224]||System.UserInfo.getUserId()
12:07:49.0 (32899545)|SOQL_EXECUTE_BEGIN|[219]|Aggregations:0|SELECT Id, saBusinessLocation__c, Status__c FROM saInquiryReply__c WHERE (saInquiry__r.Type__c = 'DAILY_REPORT' AND DailyReportDate__c = :tmpVar1 AND saBusinessLocation__c = :tmpVar2 AND User__c != :tmpVar3)
12:07:49.0 (35423981)|SOQL_EXECUTE_END|[219]|Rows:0
12:07:49.0 (35445454)|HEAP_ALLOCATE|[219]|Bytes:4
12:07:49.0 (35457903)|HEAP_ALLOCATE|[219]|Bytes:0
12:07:49.0 (35480648)|HEAP_ALLOCATE|[219]|Bytes:4
12:07:49.0 (35491459)|VARIABLE_SCOPE_BEGIN|[219]|lsInqOtherPeople|List<saInquiryReply__c>|true|false
12:07:49.0 (35507503)|VARIABLE_ASSIGNMENT|[219]|lsInqOtherPeople|[]|0x382b0c13
12:07:49.0 (35539024)|STATEMENT_EXECUTE|[226]
12:07:49.0 (35541532)|STATEMENT_EXECUTE|[232]
12:07:49.0 (35544050)|VARIABLE_SCOPE_BEGIN|[232]|lsTemplate|List<saInquiryReply__c>|true|false
12:07:49.0 (35554482)|VARIABLE_ASSIGNMENT|[232]|lsTemplate|null|
12:07:49.0 (35730407)|VARIABLE_ASSIGNMENT|[EXTERNAL]|this|{"BusinessLocationName":"","currentInquiryReply":"0x689d77f4","currentInquiryReplyDetail":"0x7761d660","dailyReportId":"a0IN0000006RUlWMAW","dCurrentDay":"2018-06-30T00:00:00Z","dCurrentMonth":"2018-07-01T00:00:00Z","iCurrentDay":0,"idBusinessLocation":"","isIPhone":false,"isPreview":true,"lsBusinessLocation":"0x2a1508ae","lsDaysOfMonth":"0x23f0ece7","messageError":"","messageQuestion":"","mpQuestions":"0x7d748907","myUser":"0x44bdd576"}|0xc80bd86
12:07:49.0 (35751981)|STATEMENT_EXECUTE|[244]
12:07:49.0 (35754103)|STATEMENT_EXECUTE|[245]
12:07:49.0 (35757835)|HEAP_ALLOCATE|[245]|Bytes:393
12:07:49.0 (35771715)|HEAP_ALLOCATE|[245]|Bytes:4
12:07:49.0 (35801696)|METHOD_ENTRY|[251]||System.UserInfo.getUserId()
12:07:49.0 (35823901)|METHOD_EXIT|[251]||System.UserInfo.getUserId()
12:07:49.0 (36245581)|SOQL_EXECUTE_BEGIN|[245]|Aggregations:0|SELECT Id, saBusinessLocation__c, Status__c, saInquiry__c, Comment__c FROM saInquiryReply__c WHERE (saInquiry__r.Type__c = 'DAILY_REPORT' AND (saInquiry__r.ValidFrom__c = NULL OR saInquiry__r.ValidFrom__c <= :tmpVar1) AND (saInquiry__r.ValidTo__c = NULL OR saInquiry__r.ValidTo__c >= :tmpVar2) AND DailyReportDate__c = NULL AND User__c = :tmpVar3) ORDER BY CreatedDate DESC NULLS FIRST LIMIT 1
12:07:49.0 (40687820)|SOQL_EXECUTE_END|[245]|Rows:1
12:07:49.0 (40707777)|HEAP_ALLOCATE|[245]|Bytes:8
12:07:49.0 (40721236)|HEAP_ALLOCATE|[245]|Bytes:89
12:07:49.0 (40745009)|HEAP_ALLOCATE|[245]|Bytes:8
12:07:49.0 (40774920)|VARIABLE_ASSIGNMENT|[245]|lsTemplate|[{"Id":"a0KN0000007Kg4nMAC","Status__c":"WAITING_REPLY","saInquiry__c":"a0IN0000006RUllMAG"}]|0x261625df
12:07:49.0 (40782793)|STATEMENT_EXECUTE|[256]
12:07:49.0 (40787076)|HEAP_ALLOCATE|[256]|Bytes:11
12:07:49.0 (40874679)|HEAP_ALLOCATE|[256]|Bytes:101
12:07:49.0 (40897427)|HEAP_ALLOCATE|[256]|Bytes:112
12:07:49.0 (40916939)|USER_DEBUG|[256]|DEBUG|Template : (saInquiryReply__c:{Id=a0KN0000007Kg4nMAC, Status__c=WAITING_REPLY, saInquiry__c=a0IN0000006RUllMAG})
12:07:49.0 (40943705)|STATEMENT_EXECUTE|[257]
12:07:49.0 (40951105)|STATEMENT_EXECUTE|[263]
12:07:49.0 (40965644)|HEAP_ALLOCATE|[263]|Bytes:16
12:07:49.0 (40997393)|VARIABLE_SCOPE_BEGIN|[263]|idInquiry|Id|false|false
12:07:49.0 (41073814)|VARIABLE_ASSIGNMENT|[263]|idInquiry|"a0IN0000006RUllMAG"
12:07:49.0 (41081298)|STATEMENT_EXECUTE|[264]
12:07:49.0 (41100517)|HEAP_ALLOCATE|[264]|Bytes:4
12:07:49.0 (41360685)|VARIABLE_ASSIGNMENT|[EXTERNAL]|this|{"BusinessLocationName":"","currentInquiryReply":"0x689d77f4","currentInquiryReplyDetail":"0x7761d660","dailyReportId":"a0IN0000006RUlWMAW","dCurrentDay":"2018-06-30T00:00:00Z","dCurrentMonth":"2018-07-01T00:00:00Z","iCurrentDay":0,"idBusinessLocation":"","isIPhone":false,"isPreview":true,"lsBusinessLocation":"0x2a1508ae","lsDaysOfMonth":"0x23f0ece7","messageError":"","messageQuestion":"","mpQuestions":"0x7d748907","myUser":"0x44bdd576"}|0xc80bd86
12:07:49.0 (41380604)|VARIABLE_ASSIGNMENT|[EXTERNAL]|value|{}|0x622d1418
12:07:49.0 (41394336)|VARIABLE_ASSIGNMENT|[21]|this.currentInquiryReply|{}|0xc80bd86
12:07:49.0 (41405549)|STATEMENT_EXECUTE|[265]
12:07:49.0 (41553419)|VARIABLE_ASSIGNMENT|[EXTERNAL]|this|{"BusinessLocationName":"","currentInquiryReply":"0x622d1418","currentInquiryReplyDetail":"0x7761d660","dailyReportId":"a0IN0000006RUlWMAW","dCurrentDay":"2018-06-30T00:00:00Z","dCurrentMonth":"2018-07-01T00:00:00Z","iCurrentDay":0,"idBusinessLocation":"","isIPhone":false,"isPreview":true,"lsBusinessLocation":"0x2a1508ae","lsDaysOfMonth":"0x23f0ece7","messageError":"","messageQuestion":"","mpQuestions":"0x7d748907","myUser":"0x44bdd576"}|0xc80bd86
12:07:49.0 (41638803)|VARIABLE_ASSIGNMENT|[265]|this.saInquiry__c|"a0IN0000006RUllMAG"|0x622d1418
12:07:49.0 (41795390)|VARIABLE_ASSIGNMENT|[EXTERNAL]|this|{"BusinessLocationName":"","currentInquiryReply":"0x622d1418","currentInquiryReplyDetail":"0x7761d660","dailyReportId":"a0IN0000006RUlWMAW","dCurrentDay":"2018-06-30T00:00:00Z","dCurrentMonth":"2018-07-01T00:00:00Z","iCurrentDay":0,"idBusinessLocation":"","isIPhone":false,"isPreview":true,"lsBusinessLocation":"0x2a1508ae","lsDaysOfMonth":"0x23f0ece7","messageError":"","messageQuestion":"","mpQuestions":"0x7d748907","myUser":"0x44bdd576"}|0xc80bd86
12:07:49.0 (41814868)|STATEMENT_EXECUTE|[269]
12:07:49.0 (41817141)|STATEMENT_EXECUTE|[272]
12:07:49.0 (41822572)|METHOD_ENTRY|[272]||System.UserInfo.getUserId()
12:07:49.0 (41844996)|METHOD_EXIT|[272]||System.UserInfo.getUserId()
12:07:49.0 (41859162)|HEAP_ALLOCATE|[272]|Bytes:4
12:07:49.0 (42005099)|VARIABLE_ASSIGNMENT|[EXTERNAL]|this|{"BusinessLocationName":"","currentInquiryReply":"0x622d1418","currentInquiryReplyDetail":"0x7761d660","dailyReportId":"a0IN0000006RUlWMAW","dCurrentDay":"2018-06-30T00:00:00Z","dCurrentMonth":"2018-07-01T00:00:00Z","iCurrentDay":0,"idBusinessLocation":"","isIPhone":false,"isPreview":true,"lsBusinessLocation":"0x2a1508ae","lsDaysOfMonth":"0x23f0ece7","messageError":"","messageQuestion":"","mpQuestions":"0x7d748907","myUser":"0x44bdd576"}|0xc80bd86
12:07:49.0 (42061854)|VARIABLE_ASSIGNMENT|[272]|this.User__c|"005N00000057PfOIAU"|0x622d1418
12:07:49.0 (42069522)|STATEMENT_EXECUTE|[273]
12:07:49.0 (42217549)|VARIABLE_ASSIGNMENT|[EXTERNAL]|this|{"BusinessLocationName":"","currentInquiryReply":"0x622d1418","currentInquiryReplyDetail":"0x7761d660","dailyReportId":"a0IN0000006RUlWMAW","dCurrentDay":"2018-06-30T00:00:00Z","dCurrentMonth":"2018-07-01T00:00:00Z","iCurrentDay":0,"idBusinessLocation":"","isIPhone":false,"isPreview":true,"lsBusinessLocation":"0x2a1508ae","lsDaysOfMonth":"0x23f0ece7","messageError":"","messageQuestion":"","mpQuestions":"0x7d748907","myUser":"0x44bdd576"}|0xc80bd86
12:07:49.0 (42280354)|VARIABLE_ASSIGNMENT|[273]|this.DailyReportDate__c|"2018-06-30T00:00:00.000Z"|0x622d1418
12:07:49.0 (42288030)|STATEMENT_EXECUTE|[274]
12:07:49.0 (42292368)|HEAP_ALLOCATE|[274]|Bytes:13
12:07:49.0 (42442168)|VARIABLE_ASSIGNMENT|[EXTERNAL]|this|{"BusinessLocationName":"","currentInquiryReply":"0x622d1418","currentInquiryReplyDetail":"0x7761d660","dailyReportId":"a0IN0000006RUlWMAW","dCurrentDay":"2018-06-30T00:00:00Z","dCurrentMonth":"2018-07-01T00:00:00Z","iCurrentDay":0,"idBusinessLocation":"","isIPhone":false,"isPreview":true,"lsBusinessLocation":"0x2a1508ae","lsDaysOfMonth":"0x23f0ece7","messageError":"","messageQuestion":"","mpQuestions":"0x7d748907","myUser":"0x44bdd576"}|0xc80bd86
12:07:49.0 (42490122)|VARIABLE_ASSIGNMENT|[274]|this.Status__c|"WAITING_REPLY"|0x622d1418
12:07:49.0 (42497404)|STATEMENT_EXECUTE|[275]
12:07:49.0 (42642893)|VARIABLE_ASSIGNMENT|[EXTERNAL]|this|{"BusinessLocationName":"","currentInquiryReply":"0x622d1418","currentInquiryReplyDetail":"0x7761d660","dailyReportId":"a0IN0000006RUlWMAW","dCurrentDay":"2018-06-30T00:00:00Z","dCurrentMonth":"2018-07-01T00:00:00Z","iCurrentDay":0,"idBusinessLocation":"","isIPhone":false,"isPreview":true,"lsBusinessLocation":"0x2a1508ae","lsDaysOfMonth":"0x23f0ece7","messageError":"","messageQuestion":"","mpQuestions":"0x7d748907","myUser":"0x44bdd576"}|0xc80bd86
12:07:49.0 (42688808)|VARIABLE_ASSIGNMENT|[275]|this.Comment__c|""|0x622d1418
12:07:49.0 (42696381)|STATEMENT_EXECUTE|[277]
12:07:49.0 (42700518)|HEAP_ALLOCATE|[277]|Bytes:625
12:07:49.0 (42714749)|HEAP_ALLOCATE|[277]|Bytes:4
12:07:49.0 (43210192)|SOQL_EXECUTE_BEGIN|[277]|Aggregations:0|SELECT Id, QuestionLabel__c, AnswerType__c, NumberPossibleReplies__c, IsShortReply__c, SortNo__c, IsRequired__c, Reply01Label__c, Reply02Label__c, Reply03Label__c, Reply04Label__c, Reply05Label__c, Reply06Label__c, Reply07Label__c, Reply08Label__c, Reply09Label__c, Reply10Label__c, Reply11Label__c, Reply12Label__c, Reply13Label__c, Reply14Label__c, Reply15Label__c, Reply16Label__c, Reply17Label__c, Reply18Label__c, Reply19Label__c, Reply20Label__c, Reply21Label__c, Reply22Label__c, Reply23Label__c, Reply24Label__c, Reply25Label__c FROM saInquiryDetail__c WHERE saInquiry__c = :tmpVar1 ORDER BY SortNo__c ASC NULLS FIRST
12:07:49.0 (54375167)|SOQL_EXECUTE_END|[277]|Rows:1
12:07:49.0 (54398460)|HEAP_ALLOCATE|[277]|Bytes:8
12:07:49.0 (54421564)|HEAP_ALLOCATE|[277]|Bytes:282
12:07:49.0 (54474044)|HEAP_ALLOCATE|[277]|Bytes:8
12:07:49.0 (54490543)|VARIABLE_SCOPE_BEGIN|[277]|lsTmpQuest|List<saInquiryDetail__c>|true|false
12:07:49.0 (54528630)|VARIABLE_ASSIGNMENT|[277]|lsTmpQuest|[{"Id":"a0JN0000008h2r2MAA","QuestionLabel__c":"Works?","AnswerType__c":"CHECKBOX","NumberPossibleReplies__c":2,"IsShortReply__c":true,"SortNo__c":0,"IsRequired__c":false,"Reply01Label__c":"Yes!","Reply02Label__c":"No!"}]|0x4d38ddc8
12:07:49.0 (54699142)|HEAP_ALLOCATE|[287]|Bytes:5
12:07:49.0 (54722018)|HEAP_ALLOCATE|[287]|Bytes:40
12:07:49.0 (54733632)|VARIABLE_SCOPE_BEGIN|[287]|quest|saInquiryDetail__c|true|false
12:07:49.0 (54760959)|VARIABLE_ASSIGNMENT|[287]|quest|{"Id":"a0JN0000008h2r2MAA","QuestionLabel__c":"Works?","AnswerType__c":"CHECKBOX","NumberPossibleReplies__c":2,"IsShortReply__c":true,"SortNo__c":0,"IsRequired__c":false,"Reply01Label__c":"Yes!","Reply02Label__c":"No!"}|0x2afeb26a
12:07:49.0 (54769995)|STATEMENT_EXECUTE|[287]
12:07:49.0 (54771945)|STATEMENT_EXECUTE|[288]
12:07:49.0 (54795546)|HEAP_ALLOCATE|[288]|Bytes:4
12:07:49.0 (54868105)|VARIABLE_SCOPE_BEGIN|[288]|questReply|saInquiryReplyDetail__c|true|false
12:07:49.0 (54883221)|VARIABLE_ASSIGNMENT|[288]|questReply|{}|0x21a3ec60
12:07:49.0 (54889053)|STATEMENT_EXECUTE|[289]
12:07:49.0 (54983317)|VARIABLE_ASSIGNMENT|[289]|this.saInquiryDetail__c|"a0JN0000008h2r2MAA"|0x21a3ec60
12:07:49.0 (54990994)|STATEMENT_EXECUTE|[290]
12:07:49.0 (55192482)|VARIABLE_ASSIGNMENT|[EXTERNAL]|this|{"BusinessLocationName":"","currentInquiryReply":"0x622d1418","currentInquiryReplyDetail":"0x7761d660","dailyReportId":"a0IN0000006RUlWMAW","dCurrentDay":"2018-06-30T00:00:00Z","dCurrentMonth":"2018-07-01T00:00:00Z","iCurrentDay":0,"idBusinessLocation":"","isIPhone":false,"isPreview":true,"lsBusinessLocation":"0x2a1508ae","lsDaysOfMonth":"0x23f0ece7","messageError":"","messageQuestion":"","mpQuestions":"0x7d748907","myUser":"0x44bdd576"}|0xc80bd86
12:07:49.0 (55225737)|HEAP_ALLOCATE|[EXTERNAL]|Bytes:4
12:07:49.0 (55234274)|STATEMENT_EXECUTE|[291]
12:07:49.0 (55384215)|VARIABLE_ASSIGNMENT|[EXTERNAL]|this|{"BusinessLocationName":"","currentInquiryReply":"0x622d1418","currentInquiryReplyDetail":"0x7761d660","dailyReportId":"a0IN0000006RUlWMAW","dCurrentDay":"2018-06-30T00:00:00Z","dCurrentMonth":"2018-07-01T00:00:00Z","iCurrentDay":0,"idBusinessLocation":"","isIPhone":false,"isPreview":true,"lsBusinessLocation":"0x2a1508ae","lsDaysOfMonth":"0x23f0ece7","messageError":"","messageQuestion":"","mpQuestions":"0x7d748907","myUser":"0x44bdd576"}|0xc80bd86
12:07:49.0 (55419235)|HEAP_ALLOCATE|[EXTERNAL]|Bytes:-4
12:07:49.0 (55436392)|HEAP_ALLOCATE|[287]|Bytes:5
12:07:49.0 (55450490)|VARIABLE_ASSIGNMENT|[287]|quest|null|
12:07:49.0 (55461162)|SYSTEM_MODE_EXIT|false
12:07:49.0 (72160666)|SYSTEM_MODE_ENTER|true
12:07:49.0 (72202909)|HEAP_ALLOCATE|[EXTERNAL]|Bytes:44
12:07:49.0 (72226850)|VARIABLE_ASSIGNMENT|[EXTERNAL]|this.iCountComments|null|0x5cd24530
12:07:49.0 (72276612)|SYSTEM_MODE_ENTER|true
12:07:49.0 (72289189)|HEAP_ALLOCATE|[EXTERNAL]|Bytes:44
12:07:49.0 (72297671)|VARIABLE_ASSIGNMENT|[EXTERNAL]|this.iCountLikes|null|0x5cd24530
12:07:49.0 (72372822)|SYSTEM_MODE_ENTER|true
12:07:49.0 (72426778)|HEAP_ALLOCATE|[EXTERNAL]|Bytes:76
12:07:49.0 (72438270)|VARIABLE_SCOPE_BEGIN|[84]|this|saDailyReportCtrl|true|false
12:07:49.0 (72734658)|VARIABLE_ASSIGNMENT|[84]|this|{"BusinessLocationName":"","currentInquiryReply":"0x622d1418","currentInquiryReplyDetail":"0x7761d660","dailyReportId":"a0IN0000006RUlWMAW","dCurrentDay":"2018-06-30T00:00:00Z","dCurrentMonth":"2018-07-01T00:00:00Z","iCurrentDay":0,"idBusinessLocation":"","isIPhone":false,"isPreview":true,"lsBusinessLocation":"0x2a1508ae","lsDaysOfMonth":"0x23f0ece7","messageError":"","messageQuestion":"","mpQuestions":"0x7d748907","myUser":"0x44bdd576"}|0xc80bd86
12:07:49.0 (72760110)|SYSTEM_MODE_ENTER|false
12:07:49.0 (72770653)|HEAP_ALLOCATE|[84]|Bytes:5
12:07:49.0 (72776272)|STATEMENT_EXECUTE|[84]
12:07:49.0 (72778530)|STATEMENT_EXECUTE|[84]
12:07:49.0 (72786456)|SYSTEM_MODE_EXIT|false
12:07:49.0 (72837199)|SYSTEM_MODE_ENTER|true
12:07:49.0 (72854347)|HEAP_ALLOCATE|[EXTERNAL]|Bytes:8
12:07:49.0 (72859278)|HEAP_ALLOCATE|[EXTERNAL]|Bytes:44
12:07:49.0 (72869478)|VARIABLE_ASSIGNMENT|[EXTERNAL]|this.iTypeOfScreen|54|0x5cd24530
12:07:49.0 (72936234)|SYSTEM_MODE_ENTER|true
12:07:49.0 (72975272)|HEAP_ALLOCATE|[EXTERNAL]|Bytes:44
12:07:49.0 (72982674)|VARIABLE_SCOPE_BEGIN|[88]|this|auMainTopCompCtrl|true|false
12:07:49.0 (73022065)|VARIABLE_ASSIGNMENT|[88]|this|{"currentUser":"0x63fde980","isSAUser":false,"iTypeOfScreen":54,"urlReportsSFA":"https://cs6.lightnin (84 more) ..."}|0x5cd24530
12:07:49.0 (73033033)|STATEMENT_EXECUTE|[88]
12:07:49.0 (73034949)|STATEMENT_EXECUTE|[89]
12:07:49.0 (73071942)|VARIABLE_ASSIGNMENT|[EXTERNAL]|this|{"currentUser":"0x63fde980","isSAUser":false,"iTypeOfScreen":54,"urlReportsSFA":"https://cs6.lightnin (84 more) ..."}|0x5cd24530
12:07:49.0 (73112191)|VARIABLE_ASSIGNMENT|[EXTERNAL]|this|{"currentUser":"0x63fde980","isSAUser":false,"iTypeOfScreen":54,"urlReportsSFA":"https://cs6.lightnin (84 more) ..."}|0x5cd24530
12:07:49.0 (73144725)|VARIABLE_ASSIGNMENT|[EXTERNAL]|this|{"currentUser":"0x63fde980","isSAUser":false,"iTypeOfScreen":54,"urlReportsSFA":"https://cs6.lightnin (84 more) ..."}|0x5cd24530
12:07:49.0 (73174866)|VARIABLE_ASSIGNMENT|[EXTERNAL]|this|{"currentUser":"0x63fde980","isSAUser":false,"iTypeOfScreen":54,"urlReportsSFA":"https://cs6.lightnin (84 more) ..."}|0x5cd24530
12:07:49.0 (73190966)|HEAP_ALLOCATE|[89]|Bytes:5
12:07:49.0 (73255520)|SYSTEM_MODE_ENTER|true
12:07:49.0 (73285439)|HEAP_ALLOCATE|[EXTERNAL]|Bytes:44
12:07:49.0 (73292136)|VARIABLE_SCOPE_BEGIN|[106]|this|auMainTopCompCtrl|true|false
12:07:49.0 (73323664)|VARIABLE_ASSIGNMENT|[106]|this|{"currentUser":"0x63fde980","isSAUser":false,"iTypeOfScreen":54,"urlReportsSFA":"https://cs6.lightnin (84 more) ..."}|0x5cd24530
12:07:49.0 (73334330)|STATEMENT_EXECUTE|[106]
12:07:49.0 (73336469)|STATEMENT_EXECUTE|[107]
12:07:49.0 (73363427)|VARIABLE_ASSIGNMENT|[EXTERNAL]|this|{"currentUser":"0x63fde980","isSAUser":false,"iTypeOfScreen":54,"urlReportsSFA":"https://cs6.lightnin (84 more) ..."}|0x5cd24530
12:07:49.0 (73378276)|HEAP_ALLOCATE|[107]|Bytes:5
12:07:49.0 (73426251)|SYSTEM_MODE_ENTER|true
12:07:49.0 (73452160)|HEAP_ALLOCATE|[EXTERNAL]|Bytes:44
12:07:49.0 (73458818)|VARIABLE_SCOPE_BEGIN|[110]|this|auMainTopCompCtrl|true|false
12:07:49.0 (73488805)|VARIABLE_ASSIGNMENT|[110]|this|{"currentUser":"0x63fde980","isSAUser":false,"iTypeOfScreen":54,"urlReportsSFA":"https://cs6.lightnin (84 more) ..."}|0x5cd24530
12:07:49.0 (73497637)|STATEMENT_EXECUTE|[110]
12:07:49.0 (73499368)|STATEMENT_EXECUTE|[111]
12:07:49.0 (73525553)|VARIABLE_ASSIGNMENT|[EXTERNAL]|this|{"currentUser":"0x63fde980","isSAUser":false,"iTypeOfScreen":54,"urlReportsSFA":"https://cs6.lightnin (84 more) ..."}|0x5cd24530
12:07:49.0 (73539219)|HEAP_ALLOCATE|[111]|Bytes:5
12:07:49.0 (73583132)|SYSTEM_MODE_ENTER|true
12:07:49.0 (73607842)|HEAP_ALLOCATE|[EXTERNAL]|Bytes:44
12:07:49.0 (73613894)|VARIABLE_SCOPE_BEGIN|[114]|this|auMainTopCompCtrl|true|false
12:07:49.0 (73643602)|VARIABLE_ASSIGNMENT|[114]|this|{"currentUser":"0x63fde980","isSAUser":false,"iTypeOfScreen":54,"urlReportsSFA":"https://cs6.lightnin (84 more) ..."}|0x5cd24530
12:07:49.0 (73652301)|STATEMENT_EXECUTE|[114]
12:07:49.0 (73654204)|STATEMENT_EXECUTE|[115]
12:07:49.0 (73679852)|VARIABLE_ASSIGNMENT|[EXTERNAL]|this|{"currentUser":"0x63fde980","isSAUser":false,"iTypeOfScreen":54,"urlReportsSFA":"https://cs6.lightnin (84 more) ..."}|0x5cd24530
12:07:49.0 (73694006)|HEAP_ALLOCATE|[115]|Bytes:5
12:07:49.0 (73773938)|SYSTEM_MODE_ENTER|true
12:07:49.0 (74318634)|SYSTEM_MODE_ENTER|true
12:07:49.0 (74408264)|SYSTEM_MODE_ENTER|true
12:07:49.0 (74587038)|SYSTEM_MODE_ENTER|true
12:07:49.0 (76850287)|SYSTEM_MODE_ENTER|true
12:07:49.0 (76927006)|SYSTEM_MODE_ENTER|true
12:07:49.0 (79613252)|SYSTEM_MODE_ENTER|true
12:07:49.0 (79651011)|HEAP_ALLOCATE|[EXTERNAL]|Bytes:76
12:07:49.0 (79659957)|VARIABLE_SCOPE_BEGIN|[133]|this|saDailyReportCtrl|true|false
12:07:49.0 (79834357)|VARIABLE_ASSIGNMENT|[133]|this|{"BusinessLocationName":"","currentInquiryReply":"0x622d1418","currentInquiryReplyDetail":"0x7761d660","dailyReportId":"a0IN0000006RUlWMAW","dCurrentDay":"2018-06-30T00:00:00Z","dCurrentMonth":"2018-07-01T00:00:00Z","iCurrentDay":0,"idBusinessLocation":"","isIPhone":false,"isPreview":true,"lsBusinessLocation":"0x2a1508ae","lsDaysOfMonth":"0x23f0ece7","messageError":"","messageQuestion":"","mpQuestions":"0x7d748907","myUser":"0x44bdd576"}|0xc80bd86
12:07:49.0 (79855409)|SYSTEM_MODE_ENTER|false
12:07:49.0 (79862724)|HEAP_ALLOCATE|[134]|Bytes:5
12:07:49.0 (79868459)|STATEMENT_EXECUTE|[133]
12:07:49.0 (79870364)|STATEMENT_EXECUTE|[134]
12:07:49.0 (79950517)|HEAP_ALLOCATE|[134]|Bytes:4
12:07:49.0 (79962745)|HEAP_ALLOCATE|[134]|Bytes:1
12:07:49.0 (79984087)|HEAP_ALLOCATE|[134]|Bytes:1
12:07:49.0 (79993383)|HEAP_ALLOCATE|[134]|Bytes:1
12:07:49.0 (80020492)|HEAP_ALLOCATE|[134]|Bytes:2
12:07:49.0 (80037274)|HEAP_ALLOCATE|[134]|Bytes:9
12:07:49.0 (80044775)|HEAP_ALLOCATE|[134]|Bytes:10
12:07:49.0 (80051324)|SYSTEM_MODE_EXIT|false
12:07:49.0 (80226054)|SYSTEM_MODE_ENTER|true
12:07:49.0 (80648203)|SYSTEM_MODE_ENTER|true
12:07:49.0 (129578032)|VF_SERIALIZE_VIEWSTATE_BEGIN|066N0000000M4pW
12:07:49.0 (133681702)|VF_SERIALIZE_VIEWSTATE_END
12:07:49.137 (137271775)|CUMULATIVE_LIMIT_USAGE
12:07:49.137 (137271775)|LIMIT_USAGE_FOR_NS|(default)|
  Number of SOQL queries: 5 out of 100
  Number of query rows: 2 out of 50000
  Number of SOSL queries: 0 out of 20
  Number of DML statements: 0 out of 150
  Number of DML rows: 0 out of 10000
  Maximum CPU time: 0 out of 10000
  Maximum heap size: 0 out of 6000000
  Number of callouts: 0 out of 100
  Number of Email Invocations: 0 out of 10
  Number of future calls: 0 out of 50
  Number of queueable jobs added to the queue: 0 out of 50
  Number of Mobile Apex push calls: 0 out of 10

12:07:49.137 (137271775)|CUMULATIVE_LIMIT_USAGE_END

12:07:49.0 (137319639)|CODE_UNIT_FINISHED|VF: /apex/sadailyreport
12:07:49.0 (138059248)|EXECUTION_FINISHED
