42.0 APEX_CODE,FINEST;APEX_PROFILING,INFO;CALLOUT,INFO;DB,INFO;NBA,INFO;SYSTEM,DEBUG;VALIDATION,INFO;VISUALFORCE,INFO;WAVE,INFO;WORKFLOW,INFO
11:55:25.0 (98457)|USER_INFO|[EXTERNAL]|005N00000057PfO|thomas.remy+kddi_gwdev01@globalway.co.jp|Japan Standard Time|GMT+09:00
11:55:25.0 (137931)|EXECUTION_STARTED
11:55:25.0 (142967)|CODE_UNIT_STARTED|[EXTERNAL]|066N0000000M4pW|VF: /apex/sadailyreport
11:55:25.0 (305668)|VF_DESERIALIZE_VIEWSTATE_BEGIN|066N0000000M4pW
11:55:25.0 (3817141)|HEAP_ALLOCATE|[72]|Bytes:3
11:55:25.0 (3866462)|HEAP_ALLOCATE|[77]|Bytes:152
11:55:25.0 (3883509)|HEAP_ALLOCATE|[342]|Bytes:408
11:55:25.0 (3900293)|HEAP_ALLOCATE|[355]|Bytes:408
11:55:25.0 (3915345)|HEAP_ALLOCATE|[467]|Bytes:48
11:55:25.0 (3950086)|HEAP_ALLOCATE|[139]|Bytes:6
11:55:25.0 (4950329)|HEAP_ALLOCATE|[50]|Bytes:5
11:55:25.0 (4990638)|HEAP_ALLOCATE|[56]|Bytes:5
11:55:25.0 (5002857)|HEAP_ALLOCATE|[64]|Bytes:7
11:55:25.0 (5825055)|VARIABLE_SCOPE_BEGIN|[3]|saDailyReportCtrl.SOURCE|String|false|true
11:55:25.0 (5843361)|VARIABLE_SCOPE_BEGIN|[4]|saDailyReportCtrl.SOURCE_ID|String|false|true
11:55:25.0 (6931936)|VARIABLE_SCOPE_BEGIN|[25]|auMainTopCompCtrl.TYPE_SCREEN_ACCOUNT_LIST|Integer|false|true
11:55:25.0 (6943985)|VARIABLE_SCOPE_BEGIN|[26]|auMainTopCompCtrl.TYPE_SCREEN_ACTIVITY_LIST|Integer|false|true
11:55:25.0 (6950887)|VARIABLE_SCOPE_BEGIN|[7]|auMainTopCompCtrl.TYPE_SCREEN_CX_SCREEN|Integer|false|true
11:55:25.0 (6958103)|VARIABLE_SCOPE_BEGIN|[8]|auMainTopCompCtrl.TYPE_SCREEN_CX_TIMELINE|Integer|false|true
11:55:25.0 (6964878)|VARIABLE_SCOPE_BEGIN|[9]|auMainTopCompCtrl.TYPE_SCREEN_EVENT_SCHEDULE|Integer|false|true
11:55:25.0 (6971074)|VARIABLE_SCOPE_BEGIN|[10]|auMainTopCompCtrl.TYPE_SCREEN_EVENT_SCHEDULE_LIST|Integer|false|true
11:55:25.0 (6977226)|VARIABLE_SCOPE_BEGIN|[27]|auMainTopCompCtrl.TYPE_SCREEN_FILE_LIST|Integer|false|true
11:55:25.0 (6983150)|VARIABLE_SCOPE_BEGIN|[24]|auMainTopCompCtrl.TYPE_SCREEN_HONBU_DIRECT|Integer|false|true
11:55:25.0 (6989057)|VARIABLE_SCOPE_BEGIN|[11]|auMainTopCompCtrl.TYPE_SCREEN_KNOWLEDGE_DASHBOARD|Integer|false|true
11:55:25.0 (6995069)|VARIABLE_SCOPE_BEGIN|[12]|auMainTopCompCtrl.TYPE_SCREEN_KNOWLEDGE_LIST|Integer|false|true
11:55:25.0 (7001068)|VARIABLE_SCOPE_BEGIN|[15]|auMainTopCompCtrl.TYPE_SCREEN_SA_CHATTER|Integer|false|true
11:55:25.0 (7007349)|VARIABLE_SCOPE_BEGIN|[16]|auMainTopCompCtrl.TYPE_SCREEN_SA_DAILYREPORT|Integer|false|true
11:55:25.0 (7013324)|VARIABLE_SCOPE_BEGIN|[22]|auMainTopCompCtrl.TYPE_SCREEN_SA_DAILYREPORTLIST|Integer|false|true
11:55:25.0 (7020095)|VARIABLE_SCOPE_BEGIN|[18]|auMainTopCompCtrl.TYPE_SCREEN_SA_DOCUMENTS|Integer|false|true
11:55:25.0 (7027061)|VARIABLE_SCOPE_BEGIN|[17]|auMainTopCompCtrl.TYPE_SCREEN_SA_ENQUETE|Integer|false|true
11:55:25.0 (7033147)|VARIABLE_SCOPE_BEGIN|[20]|auMainTopCompCtrl.TYPE_SCREEN_SA_LINKS|Integer|false|true
11:55:25.0 (7039301)|VARIABLE_SCOPE_BEGIN|[13]|auMainTopCompCtrl.TYPE_SCREEN_SA_MESSAGES|Integer|false|true
11:55:25.0 (7045651)|VARIABLE_SCOPE_BEGIN|[19]|auMainTopCompCtrl.TYPE_SCREEN_SA_RANKING|Integer|false|true
11:55:25.0 (7051876)|VARIABLE_SCOPE_BEGIN|[14]|auMainTopCompCtrl.TYPE_SCREEN_SA_REPORTS|Integer|false|true
11:55:25.0 (7057943)|VARIABLE_SCOPE_BEGIN|[23]|auMainTopCompCtrl.TYPE_SCREEN_SA_TODO|Integer|false|true
11:55:25.0 (7064487)|VARIABLE_SCOPE_BEGIN|[21]|auMainTopCompCtrl.TYPE_SCREEN_SA_USRSETTINGS|Integer|false|true
11:55:25.0 (7071139)|VARIABLE_SCOPE_BEGIN|[4]|auMainTopCompCtrl.TYPE_SCREEN_STPD_EVENT|Integer|false|true
11:55:25.0 (7077874)|VARIABLE_SCOPE_BEGIN|[6]|auMainTopCompCtrl.TYPE_SCREEN_STPD_SCREEN|Integer|false|true
11:55:25.0 (7084279)|VARIABLE_SCOPE_BEGIN|[5]|auMainTopCompCtrl.TYPE_SCREEN_STPD_TIMELINE|Integer|false|true
11:55:25.0 (7090738)|VARIABLE_SCOPE_BEGIN|[3]|auMainTopCompCtrl.TYPE_SCREEN_SWITCH|Integer|false|true
11:55:25.0 (8263559)|VF_DESERIALIZE_VIEWSTATE_END
11:55:25.0 (10269712)|SYSTEM_MODE_ENTER|true
11:55:25.0 (10510837)|HEAP_ALLOCATE|[EXTERNAL]|Bytes:284
11:55:25.0 (10523453)|HEAP_ALLOCATE|[EXTERNAL]|Bytes:156
11:55:25.0 (10537487)|METHOD_ENTRY|[1]|01pN0000000Mill|auMainTopCompCtrl.auMainTopCompCtrl()
11:55:25.0 (10544083)|STATEMENT_EXECUTE|[1]
11:55:25.0 (10549802)|STATEMENT_EXECUTE|[1]
11:55:25.0 (10551609)|STATEMENT_EXECUTE|[3]
11:55:25.0 (10557754)|HEAP_ALLOCATE|[3]|Bytes:4
11:55:25.0 (10582693)|VARIABLE_ASSIGNMENT|[3]|auMainTopCompCtrl.TYPE_SCREEN_SWITCH|0
11:55:25.0 (10588816)|STATEMENT_EXECUTE|[4]
11:55:25.0 (10591548)|HEAP_ALLOCATE|[4]|Bytes:4
11:55:25.0 (10600040)|VARIABLE_ASSIGNMENT|[4]|auMainTopCompCtrl.TYPE_SCREEN_STPD_EVENT|11
11:55:25.0 (10603972)|STATEMENT_EXECUTE|[5]
11:55:25.0 (10606206)|HEAP_ALLOCATE|[5]|Bytes:4
11:55:25.0 (10613768)|VARIABLE_ASSIGNMENT|[5]|auMainTopCompCtrl.TYPE_SCREEN_STPD_TIMELINE|12
11:55:25.0 (10617674)|STATEMENT_EXECUTE|[6]
11:55:25.0 (10619573)|HEAP_ALLOCATE|[6]|Bytes:4
11:55:25.0 (10625960)|VARIABLE_ASSIGNMENT|[6]|auMainTopCompCtrl.TYPE_SCREEN_STPD_SCREEN|13
11:55:25.0 (10630423)|STATEMENT_EXECUTE|[7]
11:55:25.0 (10632517)|HEAP_ALLOCATE|[7]|Bytes:4
11:55:25.0 (10638018)|VARIABLE_ASSIGNMENT|[7]|auMainTopCompCtrl.TYPE_SCREEN_CX_SCREEN|21
11:55:25.0 (10641878)|STATEMENT_EXECUTE|[8]
11:55:25.0 (10643906)|HEAP_ALLOCATE|[8]|Bytes:4
11:55:25.0 (10649077)|VARIABLE_ASSIGNMENT|[8]|auMainTopCompCtrl.TYPE_SCREEN_CX_TIMELINE|22
11:55:25.0 (10652652)|STATEMENT_EXECUTE|[9]
11:55:25.0 (10654604)|HEAP_ALLOCATE|[9]|Bytes:4
11:55:25.0 (10659894)|VARIABLE_ASSIGNMENT|[9]|auMainTopCompCtrl.TYPE_SCREEN_EVENT_SCHEDULE|31
11:55:25.0 (10664313)|STATEMENT_EXECUTE|[10]
11:55:25.0 (10666437)|HEAP_ALLOCATE|[10]|Bytes:4
11:55:25.0 (10672346)|VARIABLE_ASSIGNMENT|[10]|auMainTopCompCtrl.TYPE_SCREEN_EVENT_SCHEDULE_LIST|32
11:55:25.0 (10676280)|STATEMENT_EXECUTE|[11]
11:55:25.0 (10678514)|HEAP_ALLOCATE|[11]|Bytes:4
11:55:25.0 (10684193)|VARIABLE_ASSIGNMENT|[11]|auMainTopCompCtrl.TYPE_SCREEN_KNOWLEDGE_DASHBOARD|41
11:55:25.0 (10688398)|STATEMENT_EXECUTE|[12]
11:55:25.0 (10690583)|HEAP_ALLOCATE|[12]|Bytes:4
11:55:25.0 (10696246)|VARIABLE_ASSIGNMENT|[12]|auMainTopCompCtrl.TYPE_SCREEN_KNOWLEDGE_LIST|42
11:55:25.0 (10700237)|STATEMENT_EXECUTE|[13]
11:55:25.0 (10702302)|HEAP_ALLOCATE|[13]|Bytes:4
11:55:25.0 (10708142)|VARIABLE_ASSIGNMENT|[13]|auMainTopCompCtrl.TYPE_SCREEN_SA_MESSAGES|51
11:55:25.0 (10711940)|STATEMENT_EXECUTE|[14]
11:55:25.0 (10714069)|HEAP_ALLOCATE|[14]|Bytes:4
11:55:25.0 (10720264)|VARIABLE_ASSIGNMENT|[14]|auMainTopCompCtrl.TYPE_SCREEN_SA_REPORTS|52
11:55:25.0 (10724388)|STATEMENT_EXECUTE|[15]
11:55:25.0 (10726442)|HEAP_ALLOCATE|[15]|Bytes:4
11:55:25.0 (10732125)|VARIABLE_ASSIGNMENT|[15]|auMainTopCompCtrl.TYPE_SCREEN_SA_CHATTER|53
11:55:25.0 (10735681)|STATEMENT_EXECUTE|[16]
11:55:25.0 (10737959)|HEAP_ALLOCATE|[16]|Bytes:4
11:55:25.0 (10744177)|VARIABLE_ASSIGNMENT|[16]|auMainTopCompCtrl.TYPE_SCREEN_SA_DAILYREPORT|54
11:55:25.0 (10747819)|STATEMENT_EXECUTE|[17]
11:55:25.0 (10749963)|HEAP_ALLOCATE|[17]|Bytes:4
11:55:25.0 (10755821)|VARIABLE_ASSIGNMENT|[17]|auMainTopCompCtrl.TYPE_SCREEN_SA_ENQUETE|55
11:55:25.0 (10759795)|STATEMENT_EXECUTE|[18]
11:55:25.0 (10761784)|HEAP_ALLOCATE|[18]|Bytes:4
11:55:25.0 (10768072)|VARIABLE_ASSIGNMENT|[18]|auMainTopCompCtrl.TYPE_SCREEN_SA_DOCUMENTS|56
11:55:25.0 (10771938)|STATEMENT_EXECUTE|[19]
11:55:25.0 (10773758)|HEAP_ALLOCATE|[19]|Bytes:4
11:55:25.0 (10779646)|VARIABLE_ASSIGNMENT|[19]|auMainTopCompCtrl.TYPE_SCREEN_SA_RANKING|57
11:55:25.0 (10783530)|STATEMENT_EXECUTE|[20]
11:55:25.0 (10785588)|HEAP_ALLOCATE|[20]|Bytes:4
11:55:25.0 (10792110)|VARIABLE_ASSIGNMENT|[20]|auMainTopCompCtrl.TYPE_SCREEN_SA_LINKS|58
11:55:25.0 (10796190)|STATEMENT_EXECUTE|[21]
11:55:25.0 (10798113)|HEAP_ALLOCATE|[21]|Bytes:4
11:55:25.0 (10804115)|VARIABLE_ASSIGNMENT|[21]|auMainTopCompCtrl.TYPE_SCREEN_SA_USRSETTINGS|59
11:55:25.0 (10808317)|STATEMENT_EXECUTE|[22]
11:55:25.0 (10810227)|HEAP_ALLOCATE|[22]|Bytes:4
11:55:25.0 (10816026)|VARIABLE_ASSIGNMENT|[22]|auMainTopCompCtrl.TYPE_SCREEN_SA_DAILYREPORTLIST|60
11:55:25.0 (10820058)|STATEMENT_EXECUTE|[23]
11:55:25.0 (10822280)|HEAP_ALLOCATE|[23]|Bytes:4
11:55:25.0 (10829811)|VARIABLE_ASSIGNMENT|[23]|auMainTopCompCtrl.TYPE_SCREEN_SA_TODO|61
11:55:25.0 (10834020)|STATEMENT_EXECUTE|[24]
11:55:25.0 (10836261)|HEAP_ALLOCATE|[24]|Bytes:4
11:55:25.0 (10841716)|VARIABLE_ASSIGNMENT|[24]|auMainTopCompCtrl.TYPE_SCREEN_HONBU_DIRECT|71
11:55:25.0 (10845430)|STATEMENT_EXECUTE|[25]
11:55:25.0 (10847344)|HEAP_ALLOCATE|[25]|Bytes:4
11:55:25.0 (10852452)|VARIABLE_ASSIGNMENT|[25]|auMainTopCompCtrl.TYPE_SCREEN_ACCOUNT_LIST|81
11:55:25.0 (10856485)|STATEMENT_EXECUTE|[26]
11:55:25.0 (10858308)|HEAP_ALLOCATE|[26]|Bytes:4
11:55:25.0 (10863535)|VARIABLE_ASSIGNMENT|[26]|auMainTopCompCtrl.TYPE_SCREEN_ACTIVITY_LIST|82
11:55:25.0 (10867788)|STATEMENT_EXECUTE|[27]
11:55:25.0 (10870023)|HEAP_ALLOCATE|[27]|Bytes:4
11:55:25.0 (10875683)|VARIABLE_ASSIGNMENT|[27]|auMainTopCompCtrl.TYPE_SCREEN_FILE_LIST|83
11:55:25.0 (10883958)|METHOD_EXIT|[1]|auMainTopCompCtrl
11:55:25.0 (10890160)|HEAP_ALLOCATE|[EXTERNAL]|Bytes:44
11:55:25.0 (10898160)|VARIABLE_SCOPE_BEGIN|[88]|this|auMainTopCompCtrl|true|false
11:55:25.0 (10959509)|VARIABLE_ASSIGNMENT|[88]|this|{"currentUser":"0x2955e1e5","isSAUser":false,"iTypeOfScreen":54,"urlReportsSFA":"https://cs6.lightnin (84 more) ..."}|0x2be2c2d4
11:55:25.0 (10973703)|STATEMENT_EXECUTE|[88]
11:55:25.0 (10975525)|STATEMENT_EXECUTE|[89]
11:55:25.0 (11026489)|VARIABLE_ASSIGNMENT|[EXTERNAL]|this|{"currentUser":"0x2955e1e5","isSAUser":false,"iTypeOfScreen":54,"urlReportsSFA":"https://cs6.lightnin (84 more) ..."}|0x2be2c2d4
11:55:25.0 (11079952)|VARIABLE_ASSIGNMENT|[EXTERNAL]|this|{"currentUser":"0x2955e1e5","isSAUser":false,"iTypeOfScreen":54,"urlReportsSFA":"https://cs6.lightnin (84 more) ..."}|0x2be2c2d4
11:55:25.0 (11125924)|VARIABLE_ASSIGNMENT|[EXTERNAL]|this|{"currentUser":"0x2955e1e5","isSAUser":false,"iTypeOfScreen":54,"urlReportsSFA":"https://cs6.lightnin (84 more) ..."}|0x2be2c2d4
11:55:25.0 (11164986)|VARIABLE_ASSIGNMENT|[EXTERNAL]|this|{"currentUser":"0x2955e1e5","isSAUser":false,"iTypeOfScreen":54,"urlReportsSFA":"https://cs6.lightnin (84 more) ..."}|0x2be2c2d4
11:55:25.0 (11186615)|HEAP_ALLOCATE|[89]|Bytes:5
11:55:25.0 (11288863)|SYSTEM_MODE_ENTER|true
11:55:25.0 (11325585)|HEAP_ALLOCATE|[EXTERNAL]|Bytes:44
11:55:25.0 (11332579)|VARIABLE_SCOPE_BEGIN|[106]|this|auMainTopCompCtrl|true|false
11:55:25.0 (11366409)|VARIABLE_ASSIGNMENT|[106]|this|{"currentUser":"0x2955e1e5","isSAUser":false,"iTypeOfScreen":54,"urlReportsSFA":"https://cs6.lightnin (84 more) ..."}|0x2be2c2d4
11:55:25.0 (11376866)|STATEMENT_EXECUTE|[106]
11:55:25.0 (11378841)|STATEMENT_EXECUTE|[107]
11:55:25.0 (11412559)|VARIABLE_ASSIGNMENT|[EXTERNAL]|this|{"currentUser":"0x2955e1e5","isSAUser":false,"iTypeOfScreen":54,"urlReportsSFA":"https://cs6.lightnin (84 more) ..."}|0x2be2c2d4
11:55:25.0 (11427980)|HEAP_ALLOCATE|[107]|Bytes:5
11:55:25.0 (11489913)|SYSTEM_MODE_ENTER|true
11:55:25.0 (11519947)|HEAP_ALLOCATE|[EXTERNAL]|Bytes:44
11:55:25.0 (11526268)|VARIABLE_SCOPE_BEGIN|[110]|this|auMainTopCompCtrl|true|false
11:55:25.0 (11556067)|VARIABLE_ASSIGNMENT|[110]|this|{"currentUser":"0x2955e1e5","isSAUser":false,"iTypeOfScreen":54,"urlReportsSFA":"https://cs6.lightnin (84 more) ..."}|0x2be2c2d4
11:55:25.0 (11565335)|STATEMENT_EXECUTE|[110]
11:55:25.0 (11567227)|STATEMENT_EXECUTE|[111]
11:55:25.0 (11599248)|VARIABLE_ASSIGNMENT|[EXTERNAL]|this|{"currentUser":"0x2955e1e5","isSAUser":false,"iTypeOfScreen":54,"urlReportsSFA":"https://cs6.lightnin (84 more) ..."}|0x2be2c2d4
11:55:25.0 (11613697)|HEAP_ALLOCATE|[111]|Bytes:5
11:55:25.0 (11667452)|SYSTEM_MODE_ENTER|true
11:55:25.0 (11695839)|HEAP_ALLOCATE|[EXTERNAL]|Bytes:44
11:55:25.0 (11702246)|VARIABLE_SCOPE_BEGIN|[114]|this|auMainTopCompCtrl|true|false
11:55:25.0 (11731948)|VARIABLE_ASSIGNMENT|[114]|this|{"currentUser":"0x2955e1e5","isSAUser":false,"iTypeOfScreen":54,"urlReportsSFA":"https://cs6.lightnin (84 more) ..."}|0x2be2c2d4
11:55:25.0 (11740553)|STATEMENT_EXECUTE|[114]
11:55:25.0 (11742314)|STATEMENT_EXECUTE|[115]
11:55:25.0 (11773932)|VARIABLE_ASSIGNMENT|[EXTERNAL]|this|{"currentUser":"0x2955e1e5","isSAUser":false,"iTypeOfScreen":54,"urlReportsSFA":"https://cs6.lightnin (84 more) ..."}|0x2be2c2d4
11:55:25.0 (11788041)|HEAP_ALLOCATE|[115]|Bytes:5
11:55:25.0 (11867341)|SYSTEM_MODE_ENTER|true
11:55:25.0 (11890154)|HEAP_ALLOCATE|[EXTERNAL]|Bytes:44
11:55:25.0 (11900503)|VARIABLE_ASSIGNMENT|[EXTERNAL]|this.iCountComments|null|0x2be2c2d4
11:55:25.0 (11942070)|SYSTEM_MODE_ENTER|true
11:55:25.0 (11955224)|HEAP_ALLOCATE|[EXTERNAL]|Bytes:44
11:55:25.0 (11962432)|VARIABLE_ASSIGNMENT|[EXTERNAL]|this.iCountLikes|null|0x2be2c2d4
11:55:25.0 (12041418)|SYSTEM_MODE_ENTER|true
11:55:25.0 (12078710)|HEAP_ALLOCATE|[EXTERNAL]|Bytes:26
11:55:25.0 (12086610)|HEAP_ALLOCATE|[EXTERNAL]|Bytes:460
11:55:25.0 (12098256)|HEAP_ALLOCATE|[EXTERNAL]|Bytes:111
11:55:25.0 (12102351)|HEAP_ALLOCATE|[EXTERNAL]|Bytes:33
11:55:25.0 (12106341)|HEAP_ALLOCATE|[EXTERNAL]|Bytes:3
11:55:25.0 (12115108)|VARIABLE_ASSIGNMENT|[EXTERNAL]|saDailyReportCtrl.SOURCE|"src"
11:55:25.0 (12119950)|HEAP_ALLOCATE|[EXTERNAL]|Bytes:2
11:55:25.0 (12125587)|VARIABLE_ASSIGNMENT|[EXTERNAL]|saDailyReportCtrl.SOURCE_ID|"id"
11:55:25.0 (12133834)|METHOD_ENTRY|[1]|01pN0000000aE0W|saDailyReportCtrl.saDailyReportCtrl()
11:55:25.0 (12139190)|STATEMENT_EXECUTE|[1]
11:55:25.0 (12142367)|STATEMENT_EXECUTE|[1]
11:55:25.0 (12151364)|SYSTEM_MODE_ENTER|false
11:55:25.0 (12158443)|HEAP_ALLOCATE|[EXTERNAL]|Bytes:5
11:55:25.0 (12163370)|STATEMENT_EXECUTE|[644]
11:55:25.0 (12165062)|STATEMENT_EXECUTE|[671]
11:55:25.0 (12170047)|SYSTEM_MODE_EXIT|false
11:55:25.0 (12178232)|METHOD_EXIT|[1]|saDailyReportCtrl
11:55:25.0 (12183055)|HEAP_ALLOCATE|[EXTERNAL]|Bytes:76
11:55:25.0 (12188195)|VARIABLE_SCOPE_BEGIN|[84]|this|saDailyReportCtrl|true|false
11:55:25.0 (12512286)|VARIABLE_ASSIGNMENT|[84]|this|{"BusinessLocationName":"","currentInquiryReply":"0x41a54e6c","currentInquiryReplyDetail":"0x7c6cc0ee","dailyReportId":"a0IN0000006RUlWMAW","dCurrentDay":"2018-06-30T00:00:00Z","dCurrentMonth":"2018-07-01T00:00:00Z","iCurrentDay":0,"idBusinessLocation":"","isIPhone":false,"isPreview":true,"lsBusinessLocation":"0x7a304c4f","messageError":"","messageQuestion":"","mpQuestions":"0x566c2d37","myUser":"0x3d51cfb8"}|0x20018e30
11:55:25.0 (12533690)|SYSTEM_MODE_ENTER|false
11:55:25.0 (12541084)|HEAP_ALLOCATE|[84]|Bytes:5
11:55:25.0 (12546189)|STATEMENT_EXECUTE|[84]
11:55:25.0 (12548303)|STATEMENT_EXECUTE|[84]
11:55:25.0 (12552943)|SYSTEM_MODE_EXIT|false
11:55:25.0 (12614232)|SYSTEM_MODE_ENTER|true
11:55:25.0 (12631568)|HEAP_ALLOCATE|[EXTERNAL]|Bytes:8
11:55:25.0 (12636468)|HEAP_ALLOCATE|[EXTERNAL]|Bytes:44
11:55:25.0 (12645130)|VARIABLE_ASSIGNMENT|[EXTERNAL]|this.iTypeOfScreen|54|0x2be2c2d4
11:55:25.0 (12790957)|SYSTEM_MODE_ENTER|true
11:55:25.0 (12876856)|SYSTEM_MODE_ENTER|true
11:55:25.0 (12958055)|SYSTEM_MODE_ENTER|true
11:55:25.0 (13162011)|SYSTEM_MODE_ENTER|true
11:55:25.0 (14435489)|SYSTEM_MODE_ENTER|true
11:55:25.0 (16392763)|SYSTEM_MODE_ENTER|true
11:55:25.0 (16446238)|SYSTEM_MODE_ENTER|true
11:55:25.0 (16485913)|SYSTEM_MODE_ENTER|true
11:55:25.0 (16525207)|SYSTEM_MODE_ENTER|true
11:55:25.0 (16560096)|SYSTEM_MODE_ENTER|true
11:55:25.0 (16610477)|SYSTEM_MODE_ENTER|true
11:55:25.0 (16648494)|HEAP_ALLOCATE|[EXTERNAL]|Bytes:44
11:55:25.0 (16656082)|VARIABLE_SCOPE_BEGIN|[88]|this|auMainTopCompCtrl|true|false
11:55:25.0 (16695679)|VARIABLE_ASSIGNMENT|[88]|this|{"currentUser":"0x2955e1e5","isSAUser":false,"iTypeOfScreen":54,"urlReportsSFA":"https://cs6.lightnin (84 more) ..."}|0x2be2c2d4
11:55:25.0 (16706602)|STATEMENT_EXECUTE|[88]
11:55:25.0 (16708776)|STATEMENT_EXECUTE|[89]
11:55:25.0 (16740701)|VARIABLE_ASSIGNMENT|[EXTERNAL]|this|{"currentUser":"0x2955e1e5","isSAUser":false,"iTypeOfScreen":54,"urlReportsSFA":"https://cs6.lightnin (84 more) ..."}|0x2be2c2d4
11:55:25.0 (16779536)|VARIABLE_ASSIGNMENT|[EXTERNAL]|this|{"currentUser":"0x2955e1e5","isSAUser":false,"iTypeOfScreen":54,"urlReportsSFA":"https://cs6.lightnin (84 more) ..."}|0x2be2c2d4
11:55:25.0 (16812505)|VARIABLE_ASSIGNMENT|[EXTERNAL]|this|{"currentUser":"0x2955e1e5","isSAUser":false,"iTypeOfScreen":54,"urlReportsSFA":"https://cs6.lightnin (84 more) ..."}|0x2be2c2d4
11:55:25.0 (16844827)|VARIABLE_ASSIGNMENT|[EXTERNAL]|this|{"currentUser":"0x2955e1e5","isSAUser":false,"iTypeOfScreen":54,"urlReportsSFA":"https://cs6.lightnin (84 more) ..."}|0x2be2c2d4
11:55:25.0 (16859275)|HEAP_ALLOCATE|[89]|Bytes:5
11:55:25.0 (16911971)|SYSTEM_MODE_ENTER|true
11:55:25.0 (16943791)|HEAP_ALLOCATE|[EXTERNAL]|Bytes:44
11:55:25.0 (16949901)|VARIABLE_SCOPE_BEGIN|[106]|this|auMainTopCompCtrl|true|false
11:55:25.0 (16981201)|VARIABLE_ASSIGNMENT|[106]|this|{"currentUser":"0x2955e1e5","isSAUser":false,"iTypeOfScreen":54,"urlReportsSFA":"https://cs6.lightnin (84 more) ..."}|0x2be2c2d4
11:55:25.0 (16990831)|STATEMENT_EXECUTE|[106]
11:55:25.0 (16992763)|STATEMENT_EXECUTE|[107]
11:55:25.0 (17019849)|VARIABLE_ASSIGNMENT|[EXTERNAL]|this|{"currentUser":"0x2955e1e5","isSAUser":false,"iTypeOfScreen":54,"urlReportsSFA":"https://cs6.lightnin (84 more) ..."}|0x2be2c2d4
11:55:25.0 (17035458)|HEAP_ALLOCATE|[107]|Bytes:5
11:55:25.0 (17080306)|SYSTEM_MODE_ENTER|true
11:55:25.0 (17118030)|HEAP_ALLOCATE|[EXTERNAL]|Bytes:44
11:55:25.0 (17124246)|VARIABLE_SCOPE_BEGIN|[110]|this|auMainTopCompCtrl|true|false
11:55:25.0 (17154536)|VARIABLE_ASSIGNMENT|[110]|this|{"currentUser":"0x2955e1e5","isSAUser":false,"iTypeOfScreen":54,"urlReportsSFA":"https://cs6.lightnin (84 more) ..."}|0x2be2c2d4
11:55:25.0 (17163777)|STATEMENT_EXECUTE|[110]
11:55:25.0 (17165607)|STATEMENT_EXECUTE|[111]
11:55:25.0 (17192375)|VARIABLE_ASSIGNMENT|[EXTERNAL]|this|{"currentUser":"0x2955e1e5","isSAUser":false,"iTypeOfScreen":54,"urlReportsSFA":"https://cs6.lightnin (84 more) ..."}|0x2be2c2d4
11:55:25.0 (17205483)|HEAP_ALLOCATE|[111]|Bytes:5
11:55:25.0 (17247491)|SYSTEM_MODE_ENTER|true
11:55:25.0 (17274540)|HEAP_ALLOCATE|[EXTERNAL]|Bytes:44
11:55:25.0 (17280167)|VARIABLE_SCOPE_BEGIN|[114]|this|auMainTopCompCtrl|true|false
11:55:25.0 (17310150)|VARIABLE_ASSIGNMENT|[114]|this|{"currentUser":"0x2955e1e5","isSAUser":false,"iTypeOfScreen":54,"urlReportsSFA":"https://cs6.lightnin (84 more) ..."}|0x2be2c2d4
11:55:25.0 (17319512)|STATEMENT_EXECUTE|[114]
11:55:25.0 (17321345)|STATEMENT_EXECUTE|[115]
11:55:25.0 (17349866)|VARIABLE_ASSIGNMENT|[EXTERNAL]|this|{"currentUser":"0x2955e1e5","isSAUser":false,"iTypeOfScreen":54,"urlReportsSFA":"https://cs6.lightnin (84 more) ..."}|0x2be2c2d4
11:55:25.0 (17363531)|HEAP_ALLOCATE|[115]|Bytes:5
11:55:25.0 (20316818)|SYSTEM_MODE_ENTER|true
11:55:25.0 (20340213)|HEAP_ALLOCATE|[EXTERNAL]|Bytes:16
11:55:25.0 (20346330)|HEAP_ALLOCATE|[EXTERNAL]|Bytes:76
11:55:25.0 (20358668)|VARIABLE_ASSIGNMENT|[EXTERNAL]|this.messageError|"正しいデーターを入れてください。"|0x20018e30
11:55:25.0 (20390537)|SYSTEM_MODE_ENTER|true
11:55:25.0 (20404439)|HEAP_ALLOCATE|[EXTERNAL]|Bytes:76
11:55:25.0 (20412815)|VARIABLE_ASSIGNMENT|[EXTERNAL]|this.messageQuestion|""|0x20018e30
11:55:25.0 (20436105)|SYSTEM_MODE_ENTER|true
11:55:25.0 (20450005)|HEAP_ALLOCATE|[EXTERNAL]|Bytes:5
11:55:25.0 (20454357)|HEAP_ALLOCATE|[EXTERNAL]|Bytes:76
11:55:25.0 (20461017)|VARIABLE_ASSIGNMENT|[EXTERNAL]|this.isPreview|true|0x20018e30
11:55:25.0 (20484312)|SYSTEM_MODE_ENTER|true
11:55:25.0 (20496496)|HEAP_ALLOCATE|[EXTERNAL]|Bytes:76
11:55:25.0 (20503911)|VARIABLE_ASSIGNMENT|[EXTERNAL]|this.idBusinessLocation|""|0x20018e30
11:55:25.0 (20526262)|SYSTEM_MODE_ENTER|true
11:55:25.0 (20537239)|HEAP_ALLOCATE|[EXTERNAL]|Bytes:8
11:55:25.0 (20541168)|HEAP_ALLOCATE|[EXTERNAL]|Bytes:76
11:55:25.0 (20547479)|VARIABLE_ASSIGNMENT|[EXTERNAL]|this.iCurrentDay|0|0x20018e30
11:55:25.0 (20647662)|SYSTEM_MODE_ENTER|true
11:55:25.0 (20660967)|HEAP_ALLOCATE|[EXTERNAL]|Bytes:44
11:55:25.0 (20669171)|VARIABLE_ASSIGNMENT|[EXTERNAL]|this.iCountComments|null|0x2be2c2d4
11:55:25.0 (20699270)|SYSTEM_MODE_ENTER|true
11:55:25.0 (20710146)|HEAP_ALLOCATE|[EXTERNAL]|Bytes:44
11:55:25.0 (20716835)|VARIABLE_ASSIGNMENT|[EXTERNAL]|this.iCountLikes|null|0x2be2c2d4
11:55:25.0 (20752977)|SYSTEM_MODE_ENTER|true
11:55:25.0 (20789606)|HEAP_ALLOCATE|[EXTERNAL]|Bytes:76
11:55:25.0 (20796055)|VARIABLE_SCOPE_BEGIN|[84]|this|saDailyReportCtrl|true|false
11:55:25.0 (20965773)|VARIABLE_ASSIGNMENT|[84]|this|{"BusinessLocationName":"","currentInquiryReply":"0x41a54e6c","currentInquiryReplyDetail":"0x7c6cc0ee","dailyReportId":"a0IN0000006RUlWMAW","dCurrentDay":"2018-06-30T00:00:00Z","dCurrentMonth":"2018-07-01T00:00:00Z","iCurrentDay":0,"idBusinessLocation":"","isIPhone":false,"isPreview":true,"lsBusinessLocation":"0x7a304c4f","messageError":"正しいデーターを入れてください。","messageQuestion":"","mpQuestions":"0x566c2d37","myUser":"0x3d51cfb8"}|0x20018e30
11:55:25.0 (20985832)|SYSTEM_MODE_ENTER|false
11:55:25.0 (20993032)|HEAP_ALLOCATE|[84]|Bytes:5
11:55:25.0 (20997672)|STATEMENT_EXECUTE|[84]
11:55:25.0 (20999566)|STATEMENT_EXECUTE|[84]
11:55:25.0 (21003768)|SYSTEM_MODE_EXIT|false
11:55:25.0 (21047821)|SYSTEM_MODE_ENTER|true
11:55:25.0 (21061835)|HEAP_ALLOCATE|[EXTERNAL]|Bytes:8
11:55:25.0 (21066529)|HEAP_ALLOCATE|[EXTERNAL]|Bytes:44
11:55:25.0 (21074596)|VARIABLE_ASSIGNMENT|[EXTERNAL]|this.iTypeOfScreen|54|0x2be2c2d4
11:55:25.0 (21216656)|SYSTEM_MODE_ENTER|true
11:55:25.0 (24366714)|HEAP_ALLOCATE|[EXTERNAL]|Bytes:76
11:55:25.0 (24378003)|VARIABLE_SCOPE_BEGIN|[191]|this|saDailyReportCtrl|true|false
11:55:25.0 (24544559)|VARIABLE_ASSIGNMENT|[191]|this|{"BusinessLocationName":"","currentInquiryReply":"0x41a54e6c","currentInquiryReplyDetail":"0x7c6cc0ee","dailyReportId":"a0IN0000006RUlWMAW","dCurrentDay":"2018-06-30T00:00:00Z","dCurrentMonth":"2018-07-01T00:00:00Z","iCurrentDay":0,"idBusinessLocation":"","isIPhone":false,"isPreview":true,"lsBusinessLocation":"0x7a304c4f","messageError":"正しいデーターを入れてください。","messageQuestion":"","mpQuestions":"0x566c2d37","myUser":"0x3d51cfb8"}|0x20018e30
11:55:25.0 (24566350)|SYSTEM_MODE_ENTER|false
11:55:25.0 (24573874)|HEAP_ALLOCATE|[193]|Bytes:5
11:55:25.0 (24580187)|STATEMENT_EXECUTE|[191]
11:55:25.0 (24582211)|STATEMENT_EXECUTE|[193]
11:55:25.0 (24747107)|VARIABLE_ASSIGNMENT|[EXTERNAL]|this|{"BusinessLocationName":"","currentInquiryReply":"0x41a54e6c","currentInquiryReplyDetail":"0x7c6cc0ee","dailyReportId":"a0IN0000006RUlWMAW","dCurrentDay":"2018-06-30T00:00:00Z","dCurrentMonth":"2018-07-01T00:00:00Z","iCurrentDay":0,"idBusinessLocation":"","isIPhone":false,"isPreview":true,"lsBusinessLocation":"0x7a304c4f","messageError":"正しいデーターを入れてください。","messageQuestion":"","mpQuestions":"0x566c2d37","myUser":"0x3d51cfb8"}|0x20018e30
11:55:25.0 (24763202)|VARIABLE_ASSIGNMENT|[EXTERNAL]|value|""
11:55:25.0 (24774656)|VARIABLE_ASSIGNMENT|[6]|this.messageError|""|0x20018e30
11:55:25.0 (24786335)|STATEMENT_EXECUTE|[194]
11:55:25.0 (24932653)|VARIABLE_ASSIGNMENT|[EXTERNAL]|this|{"BusinessLocationName":"","currentInquiryReply":"0x41a54e6c","currentInquiryReplyDetail":"0x7c6cc0ee","dailyReportId":"a0IN0000006RUlWMAW","dCurrentDay":"2018-06-30T00:00:00Z","dCurrentMonth":"2018-07-01T00:00:00Z","iCurrentDay":0,"idBusinessLocation":"","isIPhone":false,"isPreview":true,"lsBusinessLocation":"0x7a304c4f","messageError":"","messageQuestion":"","mpQuestions":"0x566c2d37","myUser":"0x3d51cfb8"}|0x20018e30
11:55:25.0 (24948292)|VARIABLE_ASSIGNMENT|[EXTERNAL]|value|""
11:55:25.0 (24958158)|VARIABLE_ASSIGNMENT|[7]|this.messageQuestion|""|0x20018e30
11:55:25.0 (24968419)|STATEMENT_EXECUTE|[196]
11:55:25.0 (24970196)|STATEMENT_EXECUTE|[196]
11:55:25.0 (24971838)|STATEMENT_EXECUTE|[198]
11:55:25.0 (25168314)|VARIABLE_ASSIGNMENT|[EXTERNAL]|this|{"BusinessLocationName":"","currentInquiryReply":"0x41a54e6c","currentInquiryReplyDetail":"0x7c6cc0ee","dailyReportId":"a0IN0000006RUlWMAW","dCurrentDay":"2018-06-30T00:00:00Z","dCurrentMonth":"2018-07-01T00:00:00Z","iCurrentDay":0,"idBusinessLocation":"","isIPhone":false,"isPreview":true,"lsBusinessLocation":"0x7a304c4f","messageError":"","messageQuestion":"","mpQuestions":"0x566c2d37","myUser":"0x3d51cfb8"}|0x20018e30
11:55:25.0 (25224813)|HEAP_ALLOCATE|[198]|Bytes:4
11:55:25.0 (25256905)|VARIABLE_ASSIGNMENT|[198]|this.dCurrentDay|"2018-06-30T00:00:00.000Z"|0x20018e30
11:55:25.0 (25263632)|STATEMENT_EXECUTE|[200]
11:55:25.0 (25277097)|HEAP_ALLOCATE|[200]|Bytes:4
11:55:25.0 (25494135)|VARIABLE_ASSIGNMENT|[EXTERNAL]|this|{"BusinessLocationName":"","currentInquiryReply":"0x41a54e6c","currentInquiryReplyDetail":"0x7c6cc0ee","dailyReportId":"a0IN0000006RUlWMAW","dCurrentDay":"2018-06-30T00:00:00Z","dCurrentMonth":"2018-07-01T00:00:00Z","iCurrentDay":0,"idBusinessLocation":"","isIPhone":false,"isPreview":true,"lsBusinessLocation":"0x7a304c4f","messageError":"","messageQuestion":"","mpQuestions":"0x566c2d37","myUser":"0x3d51cfb8"}|0x20018e30
11:55:25.0 (25509707)|HEAP_ALLOCATE|[EXTERNAL]|Bytes:4
11:55:25.0 (25520232)|VARIABLE_ASSIGNMENT|[EXTERNAL]|value|[]|0x37a7a674
11:55:25.0 (25530941)|VARIABLE_ASSIGNMENT|[22]|this.currentInquiryReplyDetail|[]|0x20018e30
11:55:25.0 (25540466)|STATEMENT_EXECUTE|[201]
11:55:25.0 (25553526)|HEAP_ALLOCATE|[201]|Bytes:4
11:55:25.0 (25725312)|VARIABLE_ASSIGNMENT|[EXTERNAL]|this|{"BusinessLocationName":"","currentInquiryReply":"0x41a54e6c","currentInquiryReplyDetail":"0x37a7a674","dailyReportId":"a0IN0000006RUlWMAW","dCurrentDay":"2018-06-30T00:00:00Z","dCurrentMonth":"2018-07-01T00:00:00Z","iCurrentDay":0,"idBusinessLocation":"","isIPhone":false,"isPreview":true,"lsBusinessLocation":"0x7a304c4f","messageError":"","messageQuestion":"","mpQuestions":"0x566c2d37","myUser":"0x3d51cfb8"}|0x20018e30
11:55:25.0 (25744741)|VARIABLE_ASSIGNMENT|[EXTERNAL]|value|{}|0x619d143e
11:55:25.0 (25755855)|VARIABLE_ASSIGNMENT|[24]|this.mpQuestions|{}|0x20018e30
11:55:25.0 (25765414)|STATEMENT_EXECUTE|[203]
11:55:25.0 (25903761)|VARIABLE_ASSIGNMENT|[EXTERNAL]|this|{"BusinessLocationName":"","currentInquiryReply":"0x41a54e6c","currentInquiryReplyDetail":"0x37a7a674","dailyReportId":"a0IN0000006RUlWMAW","dCurrentDay":"2018-06-30T00:00:00Z","dCurrentMonth":"2018-07-01T00:00:00Z","iCurrentDay":0,"idBusinessLocation":"","isIPhone":false,"isPreview":true,"lsBusinessLocation":"0x7a304c4f","messageError":"","messageQuestion":"","mpQuestions":"0x619d143e","myUser":"0x3d51cfb8"}|0x20018e30
11:55:25.0 (25918061)|VARIABLE_ASSIGNMENT|[EXTERNAL]|value|""
11:55:25.0 (25927249)|VARIABLE_ASSIGNMENT|[23]|this.BusinessLocationName|""|0x20018e30
11:55:25.0 (25939422)|HEAP_ALLOCATE|[204]|Bytes:81
11:55:25.0 (25955843)|HEAP_ALLOCATE|[204]|Bytes:4
11:55:25.0 (25964715)|HEAP_ALLOCATE|[204]|Bytes:7
11:55:25.0 (26113964)|VARIABLE_ASSIGNMENT|[EXTERNAL]|this|{"BusinessLocationName":"","currentInquiryReply":"0x41a54e6c","currentInquiryReplyDetail":"0x37a7a674","dailyReportId":"a0IN0000006RUlWMAW","dCurrentDay":"2018-06-30T00:00:00Z","dCurrentMonth":"2018-07-01T00:00:00Z","iCurrentDay":0,"idBusinessLocation":"","isIPhone":false,"isPreview":true,"lsBusinessLocation":"0x7a304c4f","messageError":"","messageQuestion":"","mpQuestions":"0x619d143e","myUser":"0x3d51cfb8"}|0x20018e30
11:55:25.0 (26447918)|SOQL_EXECUTE_BEGIN|[204]|Aggregations:0|SELECT Id, BusinessLocationName__c FROM saBusinessLocation__c 
11:55:25.0 (27848082)|SOQL_EXECUTE_END|[204]|Rows:0
11:55:25.0 (28005721)|HEAP_ALLOCATE|[204]|Bytes:54
11:55:25.0 (28015521)|HEAP_ALLOCATE|[204]|Bytes:8
11:55:25.0 (28039753)|SYSTEM_METHOD_ENTRY|[7]|QueryLocatorIterator.QueryLocatorIterator()
11:55:25.0 (28044826)|STATEMENT_EXECUTE|[7]
11:55:25.0 (28052282)|SYSTEM_METHOD_EXIT|[7]|QueryLocatorIterator
11:55:25.0 (28059180)|HEAP_ALLOCATE|[204]|Bytes:28
11:55:25.0 (28074828)|HEAP_ALLOCATE|[204]|Bytes:8
11:55:25.0 (28078660)|HEAP_ALLOCATE|[204]|Bytes:8
11:55:25.0 (28084303)|VARIABLE_SCOPE_BEGIN|[15]|this|Database.QueryLocatorIterator|true|false
11:55:25.0 (28115101)|VARIABLE_ASSIGNMENT|[15]|this|{}|0x51e94052
11:55:25.0 (28126528)|VARIABLE_SCOPE_BEGIN|[15]|values|List<SObject>|true|false
11:55:25.0 (28135033)|VARIABLE_ASSIGNMENT|[15]|values|null|
11:55:25.0 (28139513)|VARIABLE_SCOPE_BEGIN|[15]|ql|Database.QueryLocator|true|false
11:55:25.0 (28157807)|VARIABLE_ASSIGNMENT|[15]|ql|{"query":"SELECT Id, BusinessL (61 more) ..."}|0x26ef13f3
11:55:25.0 (28163666)|VARIABLE_SCOPE_BEGIN|[15]|totalNumRecords|Integer|false|false
11:55:25.0 (28171156)|VARIABLE_ASSIGNMENT|[15]|totalNumRecords|0
11:55:25.0 (28175751)|VARIABLE_SCOPE_BEGIN|[15]|queryMoreSize|Integer|false|false
11:55:25.0 (28182618)|VARIABLE_ASSIGNMENT|[15]|queryMoreSize|50000
11:55:25.0 (28255399)|HEAP_ALLOCATE|[204]|Bytes:28
11:55:25.0 (28276412)|METHOD_ENTRY|[204]||Database.QueryLocatorIterator.hasNext()
11:55:25.0 (28295580)|METHOD_EXIT|[204]||Database.QueryLocatorIterator.hasNext()
11:55:25.0 (28326885)|VARIABLE_ASSIGNMENT|[204]|bl|null|
11:55:25.0 (28333985)|STATEMENT_EXECUTE|[204]
11:55:25.0 (28354948)|STATEMENT_EXECUTE|[211]
11:55:25.0 (28358653)|HEAP_ALLOCATE|[211]|Bytes:195
11:55:25.0 (28372602)|HEAP_ALLOCATE|[211]|Bytes:4
11:55:25.0 (28395747)|HEAP_ALLOCATE|[211]|Bytes:7
11:55:25.0 (28429396)|HEAP_ALLOCATE|[215]|Bytes:89
11:55:25.0 (28437614)|SYSTEM_METHOD_ENTRY|[1]|UserInfo.UserInfo()
11:55:25.0 (28441423)|STATEMENT_EXECUTE|[1]
11:55:25.0 (28446763)|SYSTEM_METHOD_EXIT|[1]|UserInfo
11:55:25.0 (28456283)|METHOD_ENTRY|[215]||System.UserInfo.getUserId()
11:55:25.0 (28491831)|METHOD_EXIT|[215]||System.UserInfo.getUserId()
11:55:25.0 (28970112)|SOQL_EXECUTE_BEGIN|[211]|Aggregations:0|SELECT Id, saBusinessLocation__c, Status__c, saInquiry__c, Comment__c FROM saInquiryReply__c WHERE (saInquiry__r.Type__c = 'DAILY_REPORT' AND DailyReportDate__c = :tmpVar1 AND User__c = :tmpVar2)
11:55:25.0 (34409218)|SOQL_EXECUTE_END|[211]|Rows:0
11:55:25.0 (34439208)|HEAP_ALLOCATE|[211]|Bytes:4
11:55:25.0 (34456620)|HEAP_ALLOCATE|[211]|Bytes:0
11:55:25.0 (34518099)|HEAP_ALLOCATE|[211]|Bytes:4
11:55:25.0 (34531514)|VARIABLE_SCOPE_BEGIN|[211]|lsInqRep|List<saInquiryReply__c>|true|false
11:55:25.0 (34548138)|VARIABLE_ASSIGNMENT|[211]|lsInqRep|[]|0x47084e96
11:55:25.0 (34623058)|STATEMENT_EXECUTE|[217]
11:55:25.0 (34626194)|STATEMENT_EXECUTE|[219]
11:55:25.0 (34630317)|HEAP_ALLOCATE|[219]|Bytes:207
11:55:25.0 (34645682)|HEAP_ALLOCATE|[219]|Bytes:4
11:55:25.0 (34867580)|VARIABLE_ASSIGNMENT|[EXTERNAL]|this|{"BusinessLocationName":"","currentInquiryReply":"0x41a54e6c","currentInquiryReplyDetail":"0x37a7a674","dailyReportId":"a0IN0000006RUlWMAW","dCurrentDay":"2018-06-30T00:00:00Z","dCurrentMonth":"2018-07-01T00:00:00Z","iCurrentDay":0,"idBusinessLocation":"","isIPhone":false,"isPreview":true,"lsBusinessLocation":"0x7a304c4f","messageError":"","messageQuestion":"","mpQuestions":"0x619d143e","myUser":"0x3d51cfb8"}|0x20018e30
11:55:25.0 (34904854)|HEAP_ALLOCATE|[219]|Bytes:7
11:55:25.0 (34918908)|METHOD_ENTRY|[224]||System.UserInfo.getUserId()
11:55:25.0 (34949631)|METHOD_EXIT|[224]||System.UserInfo.getUserId()
11:55:25.0 (35304148)|SOQL_EXECUTE_BEGIN|[219]|Aggregations:0|SELECT Id, saBusinessLocation__c, Status__c FROM saInquiryReply__c WHERE (saInquiry__r.Type__c = 'DAILY_REPORT' AND DailyReportDate__c = :tmpVar1 AND saBusinessLocation__c = :tmpVar2 AND User__c != :tmpVar3)
11:55:25.0 (37978402)|SOQL_EXECUTE_END|[219]|Rows:0
11:55:25.0 (38007501)|HEAP_ALLOCATE|[219]|Bytes:4
11:55:25.0 (38025349)|HEAP_ALLOCATE|[219]|Bytes:0
11:55:25.0 (38052717)|HEAP_ALLOCATE|[219]|Bytes:4
11:55:25.0 (38063485)|VARIABLE_SCOPE_BEGIN|[219]|lsInqOtherPeople|List<saInquiryReply__c>|true|false
11:55:25.0 (38079170)|VARIABLE_ASSIGNMENT|[219]|lsInqOtherPeople|[]|0x6ced9314
11:55:25.0 (38117024)|STATEMENT_EXECUTE|[226]
11:55:25.0 (38120157)|STATEMENT_EXECUTE|[232]
11:55:25.0 (38123873)|VARIABLE_SCOPE_BEGIN|[232]|lsTemplate|List<saInquiryReply__c>|true|false
11:55:25.0 (38139297)|VARIABLE_ASSIGNMENT|[232]|lsTemplate|null|
11:55:25.0 (38329079)|VARIABLE_ASSIGNMENT|[EXTERNAL]|this|{"BusinessLocationName":"","currentInquiryReply":"0x41a54e6c","currentInquiryReplyDetail":"0x37a7a674","dailyReportId":"a0IN0000006RUlWMAW","dCurrentDay":"2018-06-30T00:00:00Z","dCurrentMonth":"2018-07-01T00:00:00Z","iCurrentDay":0,"idBusinessLocation":"","isIPhone":false,"isPreview":true,"lsBusinessLocation":"0x7a304c4f","messageError":"","messageQuestion":"","mpQuestions":"0x619d143e","myUser":"0x3d51cfb8"}|0x20018e30
11:55:25.0 (38356782)|STATEMENT_EXECUTE|[244]
11:55:25.0 (38359123)|STATEMENT_EXECUTE|[245]
11:55:25.0 (38363097)|HEAP_ALLOCATE|[245]|Bytes:393
11:55:25.0 (38378052)|HEAP_ALLOCATE|[245]|Bytes:4
11:55:25.0 (38408240)|METHOD_ENTRY|[251]||System.UserInfo.getUserId()
11:55:25.0 (38431826)|METHOD_EXIT|[251]||System.UserInfo.getUserId()
11:55:25.0 (38840029)|SOQL_EXECUTE_BEGIN|[245]|Aggregations:0|SELECT Id, saBusinessLocation__c, Status__c, saInquiry__c, Comment__c FROM saInquiryReply__c WHERE (saInquiry__r.Type__c = 'DAILY_REPORT' AND (saInquiry__r.ValidFrom__c = NULL OR saInquiry__r.ValidFrom__c <= :tmpVar1) AND (saInquiry__r.ValidTo__c = NULL OR saInquiry__r.ValidTo__c >= :tmpVar2) AND DailyReportDate__c = NULL AND User__c = :tmpVar3) ORDER BY CreatedDate DESC NULLS FIRST LIMIT 1
11:55:25.0 (44119924)|SOQL_EXECUTE_END|[245]|Rows:1
11:55:25.0 (44147333)|HEAP_ALLOCATE|[245]|Bytes:8
11:55:25.0 (44165617)|HEAP_ALLOCATE|[245]|Bytes:89
11:55:25.0 (44190163)|HEAP_ALLOCATE|[245]|Bytes:8
11:55:25.0 (44219232)|VARIABLE_ASSIGNMENT|[245]|lsTemplate|[{"Id":"a0KN0000007Kg4nMAC","Status__c":"WAITING_REPLY","saInquiry__c":"a0IN0000006RUllMAG"}]|0xf453d25
11:55:25.0 (44227424)|STATEMENT_EXECUTE|[256]
11:55:25.0 (44231535)|HEAP_ALLOCATE|[256]|Bytes:11
11:55:25.0 (44346386)|HEAP_ALLOCATE|[256]|Bytes:101
11:55:25.0 (44373703)|HEAP_ALLOCATE|[256]|Bytes:112
11:55:25.0 (44394084)|USER_DEBUG|[256]|DEBUG|Template : (saInquiryReply__c:{Id=a0KN0000007Kg4nMAC, Status__c=WAITING_REPLY, saInquiry__c=a0IN0000006RUllMAG})
11:55:25.0 (44428429)|STATEMENT_EXECUTE|[257]
11:55:25.0 (44431762)|STATEMENT_EXECUTE|[263]
11:55:25.0 (44448816)|HEAP_ALLOCATE|[263]|Bytes:16
11:55:25.0 (44493431)|VARIABLE_SCOPE_BEGIN|[263]|idInquiry|Id|false|false
11:55:25.0 (44568625)|VARIABLE_ASSIGNMENT|[263]|idInquiry|"a0IN0000006RUllMAG"
11:55:25.0 (44576978)|STATEMENT_EXECUTE|[264]
11:55:25.0 (44600840)|HEAP_ALLOCATE|[264]|Bytes:4
11:55:25.0 (44907167)|VARIABLE_ASSIGNMENT|[EXTERNAL]|this|{"BusinessLocationName":"","currentInquiryReply":"0x41a54e6c","currentInquiryReplyDetail":"0x37a7a674","dailyReportId":"a0IN0000006RUlWMAW","dCurrentDay":"2018-06-30T00:00:00Z","dCurrentMonth":"2018-07-01T00:00:00Z","iCurrentDay":0,"idBusinessLocation":"","isIPhone":false,"isPreview":true,"lsBusinessLocation":"0x7a304c4f","messageError":"","messageQuestion":"","mpQuestions":"0x619d143e","myUser":"0x3d51cfb8"}|0x20018e30
11:55:25.0 (44934686)|VARIABLE_ASSIGNMENT|[EXTERNAL]|value|{}|0x598ebd04
11:55:25.0 (44954068)|VARIABLE_ASSIGNMENT|[21]|this.currentInquiryReply|{}|0x20018e30
11:55:25.0 (44970562)|STATEMENT_EXECUTE|[265]
11:55:25.0 (45158088)|VARIABLE_ASSIGNMENT|[EXTERNAL]|this|{"BusinessLocationName":"","currentInquiryReply":"0x598ebd04","currentInquiryReplyDetail":"0x37a7a674","dailyReportId":"a0IN0000006RUlWMAW","dCurrentDay":"2018-06-30T00:00:00Z","dCurrentMonth":"2018-07-01T00:00:00Z","iCurrentDay":0,"idBusinessLocation":"","isIPhone":false,"isPreview":true,"lsBusinessLocation":"0x7a304c4f","messageError":"","messageQuestion":"","mpQuestions":"0x619d143e","myUser":"0x3d51cfb8"}|0x20018e30
11:55:25.0 (45252898)|VARIABLE_ASSIGNMENT|[265]|this.saInquiry__c|"a0IN0000006RUllMAG"|0x598ebd04
11:55:25.0 (45488602)|VARIABLE_ASSIGNMENT|[EXTERNAL]|this|{"BusinessLocationName":"","currentInquiryReply":"0x598ebd04","currentInquiryReplyDetail":"0x37a7a674","dailyReportId":"a0IN0000006RUlWMAW","dCurrentDay":"2018-06-30T00:00:00Z","dCurrentMonth":"2018-07-01T00:00:00Z","iCurrentDay":0,"idBusinessLocation":"","isIPhone":false,"isPreview":true,"lsBusinessLocation":"0x7a304c4f","messageError":"","messageQuestion":"","mpQuestions":"0x619d143e","myUser":"0x3d51cfb8"}|0x20018e30
11:55:25.0 (45512966)|STATEMENT_EXECUTE|[269]
11:55:25.0 (45515255)|STATEMENT_EXECUTE|[272]
11:55:25.0 (45521779)|METHOD_ENTRY|[272]||System.UserInfo.getUserId()
11:55:25.0 (45547601)|METHOD_EXIT|[272]||System.UserInfo.getUserId()
11:55:25.0 (45563275)|HEAP_ALLOCATE|[272]|Bytes:4
11:55:25.0 (45710212)|VARIABLE_ASSIGNMENT|[EXTERNAL]|this|{"BusinessLocationName":"","currentInquiryReply":"0x598ebd04","currentInquiryReplyDetail":"0x37a7a674","dailyReportId":"a0IN0000006RUlWMAW","dCurrentDay":"2018-06-30T00:00:00Z","dCurrentMonth":"2018-07-01T00:00:00Z","iCurrentDay":0,"idBusinessLocation":"","isIPhone":false,"isPreview":true,"lsBusinessLocation":"0x7a304c4f","messageError":"","messageQuestion":"","mpQuestions":"0x619d143e","myUser":"0x3d51cfb8"}|0x20018e30
11:55:25.0 (45791409)|VARIABLE_ASSIGNMENT|[272]|this.User__c|"005N00000057PfOIAU"|0x598ebd04
11:55:25.0 (45800681)|STATEMENT_EXECUTE|[273]
11:55:25.0 (45963055)|VARIABLE_ASSIGNMENT|[EXTERNAL]|this|{"BusinessLocationName":"","currentInquiryReply":"0x598ebd04","currentInquiryReplyDetail":"0x37a7a674","dailyReportId":"a0IN0000006RUlWMAW","dCurrentDay":"2018-06-30T00:00:00Z","dCurrentMonth":"2018-07-01T00:00:00Z","iCurrentDay":0,"idBusinessLocation":"","isIPhone":false,"isPreview":true,"lsBusinessLocation":"0x7a304c4f","messageError":"","messageQuestion":"","mpQuestions":"0x619d143e","myUser":"0x3d51cfb8"}|0x20018e30
11:55:25.0 (46027862)|VARIABLE_ASSIGNMENT|[273]|this.DailyReportDate__c|"2018-06-30T00:00:00.000Z"|0x598ebd04
11:55:25.0 (46036298)|STATEMENT_EXECUTE|[274]
11:55:25.0 (46040954)|HEAP_ALLOCATE|[274]|Bytes:13
11:55:25.0 (46221308)|VARIABLE_ASSIGNMENT|[EXTERNAL]|this|{"BusinessLocationName":"","currentInquiryReply":"0x598ebd04","currentInquiryReplyDetail":"0x37a7a674","dailyReportId":"a0IN0000006RUlWMAW","dCurrentDay":"2018-06-30T00:00:00Z","dCurrentMonth":"2018-07-01T00:00:00Z","iCurrentDay":0,"idBusinessLocation":"","isIPhone":false,"isPreview":true,"lsBusinessLocation":"0x7a304c4f","messageError":"","messageQuestion":"","mpQuestions":"0x619d143e","myUser":"0x3d51cfb8"}|0x20018e30
11:55:25.0 (46288326)|VARIABLE_ASSIGNMENT|[274]|this.Status__c|"WAITING_REPLY"|0x598ebd04
11:55:25.0 (46296416)|STATEMENT_EXECUTE|[275]
11:55:25.0 (46487335)|VARIABLE_ASSIGNMENT|[EXTERNAL]|this|{"BusinessLocationName":"","currentInquiryReply":"0x598ebd04","currentInquiryReplyDetail":"0x37a7a674","dailyReportId":"a0IN0000006RUlWMAW","dCurrentDay":"2018-06-30T00:00:00Z","dCurrentMonth":"2018-07-01T00:00:00Z","iCurrentDay":0,"idBusinessLocation":"","isIPhone":false,"isPreview":true,"lsBusinessLocation":"0x7a304c4f","messageError":"","messageQuestion":"","mpQuestions":"0x619d143e","myUser":"0x3d51cfb8"}|0x20018e30
11:55:25.0 (46553948)|VARIABLE_ASSIGNMENT|[275]|this.Comment__c|""|0x598ebd04
11:55:25.0 (46566407)|STATEMENT_EXECUTE|[277]
11:55:25.0 (46572153)|HEAP_ALLOCATE|[277]|Bytes:625
11:55:25.0 (46591411)|HEAP_ALLOCATE|[277]|Bytes:4
11:55:25.0 (47187044)|SOQL_EXECUTE_BEGIN|[277]|Aggregations:0|SELECT Id, QuestionLabel__c, AnswerType__c, NumberPossibleReplies__c, IsShortReply__c, SortNo__c, IsRequired__c, Reply01Label__c, Reply02Label__c, Reply03Label__c, Reply04Label__c, Reply05Label__c, Reply06Label__c, Reply07Label__c, Reply08Label__c, Reply09Label__c, Reply10Label__c, Reply11Label__c, Reply12Label__c, Reply13Label__c, Reply14Label__c, Reply15Label__c, Reply16Label__c, Reply17Label__c, Reply18Label__c, Reply19Label__c, Reply20Label__c, Reply21Label__c, Reply22Label__c, Reply23Label__c, Reply24Label__c, Reply25Label__c FROM saInquiryDetail__c WHERE saInquiry__c = :tmpVar1 ORDER BY SortNo__c ASC NULLS FIRST
11:55:25.0 (57315054)|SOQL_EXECUTE_END|[277]|Rows:1
11:55:25.0 (57336386)|HEAP_ALLOCATE|[277]|Bytes:8
11:55:25.0 (57363830)|HEAP_ALLOCATE|[277]|Bytes:282
11:55:25.0 (57401476)|HEAP_ALLOCATE|[277]|Bytes:8
11:55:25.0 (57414006)|VARIABLE_SCOPE_BEGIN|[277]|lsTmpQuest|List<saInquiryDetail__c>|true|false
11:55:25.0 (57447922)|VARIABLE_ASSIGNMENT|[277]|lsTmpQuest|[{"Id":"a0JN0000008h2r2MAA","QuestionLabel__c":"Works?","AnswerType__c":"CHECKBOX","NumberPossibleReplies__c":2,"IsShortReply__c":true,"SortNo__c":0,"IsRequired__c":false,"Reply01Label__c":"Yes!","Reply02Label__c":"No!"}]|0x583a52ab
11:55:25.0 (57614480)|HEAP_ALLOCATE|[287]|Bytes:5
11:55:25.0 (57636176)|HEAP_ALLOCATE|[287]|Bytes:40
11:55:25.0 (57646377)|VARIABLE_SCOPE_BEGIN|[287]|quest|saInquiryDetail__c|true|false
11:55:25.0 (57673672)|VARIABLE_ASSIGNMENT|[287]|quest|{"Id":"a0JN0000008h2r2MAA","QuestionLabel__c":"Works?","AnswerType__c":"CHECKBOX","NumberPossibleReplies__c":2,"IsShortReply__c":true,"SortNo__c":0,"IsRequired__c":false,"Reply01Label__c":"Yes!","Reply02Label__c":"No!"}|0x2ca34ca3
11:55:25.0 (57683158)|STATEMENT_EXECUTE|[287]
11:55:25.0 (57685379)|STATEMENT_EXECUTE|[288]
11:55:25.0 (57706684)|HEAP_ALLOCATE|[288]|Bytes:4
11:55:25.0 (57765207)|VARIABLE_SCOPE_BEGIN|[288]|questReply|saInquiryReplyDetail__c|true|false
11:55:25.0 (57779645)|VARIABLE_ASSIGNMENT|[288]|questReply|{}|0x2686ec96
11:55:25.0 (57786006)|STATEMENT_EXECUTE|[289]
11:55:25.0 (57867971)|VARIABLE_ASSIGNMENT|[289]|this.saInquiryDetail__c|"a0JN0000008h2r2MAA"|0x2686ec96
11:55:25.0 (57875881)|STATEMENT_EXECUTE|[290]
11:55:25.0 (58052533)|VARIABLE_ASSIGNMENT|[EXTERNAL]|this|{"BusinessLocationName":"","currentInquiryReply":"0x598ebd04","currentInquiryReplyDetail":"0x37a7a674","dailyReportId":"a0IN0000006RUlWMAW","dCurrentDay":"2018-06-30T00:00:00Z","dCurrentMonth":"2018-07-01T00:00:00Z","iCurrentDay":0,"idBusinessLocation":"","isIPhone":false,"isPreview":true,"lsBusinessLocation":"0x7a304c4f","messageError":"","messageQuestion":"","mpQuestions":"0x619d143e","myUser":"0x3d51cfb8"}|0x20018e30
11:55:25.0 (58085574)|HEAP_ALLOCATE|[EXTERNAL]|Bytes:4
11:55:25.0 (58094130)|STATEMENT_EXECUTE|[291]
11:55:25.0 (58241216)|VARIABLE_ASSIGNMENT|[EXTERNAL]|this|{"BusinessLocationName":"","currentInquiryReply":"0x598ebd04","currentInquiryReplyDetail":"0x37a7a674","dailyReportId":"a0IN0000006RUlWMAW","dCurrentDay":"2018-06-30T00:00:00Z","dCurrentMonth":"2018-07-01T00:00:00Z","iCurrentDay":0,"idBusinessLocation":"","isIPhone":false,"isPreview":true,"lsBusinessLocation":"0x7a304c4f","messageError":"","messageQuestion":"","mpQuestions":"0x619d143e","myUser":"0x3d51cfb8"}|0x20018e30
11:55:25.0 (58276376)|HEAP_ALLOCATE|[EXTERNAL]|Bytes:-4
11:55:25.0 (58293112)|HEAP_ALLOCATE|[287]|Bytes:5
11:55:25.0 (58306534)|VARIABLE_ASSIGNMENT|[287]|quest|null|
11:55:25.0 (58316957)|SYSTEM_MODE_EXIT|false
11:55:25.0 (74584767)|SYSTEM_MODE_ENTER|true
11:55:25.0 (74632038)|HEAP_ALLOCATE|[EXTERNAL]|Bytes:44
11:55:25.0 (74649810)|VARIABLE_ASSIGNMENT|[EXTERNAL]|this.iCountComments|null|0x2be2c2d4
11:55:25.0 (74713808)|SYSTEM_MODE_ENTER|true
11:55:25.0 (74732017)|HEAP_ALLOCATE|[EXTERNAL]|Bytes:44
11:55:25.0 (74740796)|VARIABLE_ASSIGNMENT|[EXTERNAL]|this.iCountLikes|null|0x2be2c2d4
11:55:25.0 (74802057)|SYSTEM_MODE_ENTER|true
11:55:25.0 (74871702)|HEAP_ALLOCATE|[EXTERNAL]|Bytes:76
11:55:25.0 (74883353)|VARIABLE_SCOPE_BEGIN|[84]|this|saDailyReportCtrl|true|false
11:55:25.0 (75239590)|VARIABLE_ASSIGNMENT|[84]|this|{"BusinessLocationName":"","currentInquiryReply":"0x598ebd04","currentInquiryReplyDetail":"0x37a7a674","dailyReportId":"a0IN0000006RUlWMAW","dCurrentDay":"2018-06-30T00:00:00Z","dCurrentMonth":"2018-07-01T00:00:00Z","iCurrentDay":0,"idBusinessLocation":"","isIPhone":false,"isPreview":true,"lsBusinessLocation":"0x7a304c4f","messageError":"","messageQuestion":"","mpQuestions":"0x619d143e","myUser":"0x3d51cfb8"}|0x20018e30
11:55:25.0 (75268181)|SYSTEM_MODE_ENTER|false
11:55:25.0 (75276663)|HEAP_ALLOCATE|[84]|Bytes:5
11:55:25.0 (75282582)|STATEMENT_EXECUTE|[84]
11:55:25.0 (75284539)|STATEMENT_EXECUTE|[84]
11:55:25.0 (75289871)|SYSTEM_MODE_EXIT|false
11:55:25.0 (75360082)|SYSTEM_MODE_ENTER|true
11:55:25.0 (75387189)|HEAP_ALLOCATE|[EXTERNAL]|Bytes:8
11:55:25.0 (75394026)|HEAP_ALLOCATE|[EXTERNAL]|Bytes:44
11:55:25.0 (75407124)|VARIABLE_ASSIGNMENT|[EXTERNAL]|this.iTypeOfScreen|54|0x2be2c2d4
11:55:25.0 (75484353)|SYSTEM_MODE_ENTER|true
11:55:25.0 (75542472)|HEAP_ALLOCATE|[EXTERNAL]|Bytes:44
11:55:25.0 (75552165)|VARIABLE_SCOPE_BEGIN|[88]|this|auMainTopCompCtrl|true|false
11:55:25.0 (75601423)|VARIABLE_ASSIGNMENT|[88]|this|{"currentUser":"0x2955e1e5","isSAUser":false,"iTypeOfScreen":54,"urlReportsSFA":"https://cs6.lightnin (84 more) ..."}|0x2be2c2d4
11:55:25.0 (75612975)|STATEMENT_EXECUTE|[88]
11:55:25.0 (75614926)|STATEMENT_EXECUTE|[89]
11:55:25.0 (75648188)|VARIABLE_ASSIGNMENT|[EXTERNAL]|this|{"currentUser":"0x2955e1e5","isSAUser":false,"iTypeOfScreen":54,"urlReportsSFA":"https://cs6.lightnin (84 more) ..."}|0x2be2c2d4
11:55:25.0 (75701777)|VARIABLE_ASSIGNMENT|[EXTERNAL]|this|{"currentUser":"0x2955e1e5","isSAUser":false,"iTypeOfScreen":54,"urlReportsSFA":"https://cs6.lightnin (84 more) ..."}|0x2be2c2d4
11:55:25.0 (75759361)|VARIABLE_ASSIGNMENT|[EXTERNAL]|this|{"currentUser":"0x2955e1e5","isSAUser":false,"iTypeOfScreen":54,"urlReportsSFA":"https://cs6.lightnin (84 more) ..."}|0x2be2c2d4
11:55:25.0 (75798061)|VARIABLE_ASSIGNMENT|[EXTERNAL]|this|{"currentUser":"0x2955e1e5","isSAUser":false,"iTypeOfScreen":54,"urlReportsSFA":"https://cs6.lightnin (84 more) ..."}|0x2be2c2d4
11:55:25.0 (75813107)|HEAP_ALLOCATE|[89]|Bytes:5
11:55:25.0 (75914236)|SYSTEM_MODE_ENTER|true
11:55:25.0 (75956911)|HEAP_ALLOCATE|[EXTERNAL]|Bytes:44
11:55:25.0 (75963517)|VARIABLE_SCOPE_BEGIN|[106]|this|auMainTopCompCtrl|true|false
11:55:25.0 (75998220)|VARIABLE_ASSIGNMENT|[106]|this|{"currentUser":"0x2955e1e5","isSAUser":false,"iTypeOfScreen":54,"urlReportsSFA":"https://cs6.lightnin (84 more) ..."}|0x2be2c2d4
11:55:25.0 (76011778)|STATEMENT_EXECUTE|[106]
11:55:25.0 (76029095)|STATEMENT_EXECUTE|[107]
11:55:25.0 (76073638)|VARIABLE_ASSIGNMENT|[EXTERNAL]|this|{"currentUser":"0x2955e1e5","isSAUser":false,"iTypeOfScreen":54,"urlReportsSFA":"https://cs6.lightnin (84 more) ..."}|0x2be2c2d4
11:55:25.0 (76102584)|HEAP_ALLOCATE|[107]|Bytes:5
11:55:25.0 (76167072)|SYSTEM_MODE_ENTER|true
11:55:25.0 (76229049)|HEAP_ALLOCATE|[EXTERNAL]|Bytes:44
11:55:25.0 (76238597)|VARIABLE_SCOPE_BEGIN|[110]|this|auMainTopCompCtrl|true|false
11:55:25.0 (76283386)|VARIABLE_ASSIGNMENT|[110]|this|{"currentUser":"0x2955e1e5","isSAUser":false,"iTypeOfScreen":54,"urlReportsSFA":"https://cs6.lightnin (84 more) ..."}|0x2be2c2d4
11:55:25.0 (76296247)|STATEMENT_EXECUTE|[110]
11:55:25.0 (76298664)|STATEMENT_EXECUTE|[111]
11:55:25.0 (76339759)|VARIABLE_ASSIGNMENT|[EXTERNAL]|this|{"currentUser":"0x2955e1e5","isSAUser":false,"iTypeOfScreen":54,"urlReportsSFA":"https://cs6.lightnin (84 more) ..."}|0x2be2c2d4
11:55:25.0 (76365160)|HEAP_ALLOCATE|[111]|Bytes:5
11:55:25.0 (76437666)|SYSTEM_MODE_ENTER|true
11:55:25.0 (76481279)|HEAP_ALLOCATE|[EXTERNAL]|Bytes:44
11:55:25.0 (76492432)|VARIABLE_SCOPE_BEGIN|[114]|this|auMainTopCompCtrl|true|false
11:55:25.0 (76540883)|VARIABLE_ASSIGNMENT|[114]|this|{"currentUser":"0x2955e1e5","isSAUser":false,"iTypeOfScreen":54,"urlReportsSFA":"https://cs6.lightnin (84 more) ..."}|0x2be2c2d4
11:55:25.0 (76555566)|STATEMENT_EXECUTE|[114]
11:55:25.0 (76558258)|STATEMENT_EXECUTE|[115]
11:55:25.0 (76601986)|VARIABLE_ASSIGNMENT|[EXTERNAL]|this|{"currentUser":"0x2955e1e5","isSAUser":false,"iTypeOfScreen":54,"urlReportsSFA":"https://cs6.lightnin (84 more) ..."}|0x2be2c2d4
11:55:25.0 (76620620)|HEAP_ALLOCATE|[115]|Bytes:5
11:55:25.0 (76720838)|SYSTEM_MODE_ENTER|true
11:55:25.0 (76812579)|SYSTEM_MODE_ENTER|true
11:55:25.0 (76912617)|SYSTEM_MODE_ENTER|true
11:55:25.0 (77079566)|SYSTEM_MODE_ENTER|true
11:55:25.0 (80117025)|SYSTEM_MODE_ENTER|true
11:55:25.0 (80232013)|SYSTEM_MODE_ENTER|true
11:55:25.0 (81149135)|SYSTEM_MODE_ENTER|true
11:55:25.0 (81209157)|HEAP_ALLOCATE|[EXTERNAL]|Bytes:76
11:55:25.0 (81220861)|VARIABLE_SCOPE_BEGIN|[133]|this|saDailyReportCtrl|true|false
11:55:25.0 (81436028)|VARIABLE_ASSIGNMENT|[133]|this|{"BusinessLocationName":"","currentInquiryReply":"0x598ebd04","currentInquiryReplyDetail":"0x37a7a674","dailyReportId":"a0IN0000006RUlWMAW","dCurrentDay":"2018-06-30T00:00:00Z","dCurrentMonth":"2018-07-01T00:00:00Z","iCurrentDay":0,"idBusinessLocation":"","isIPhone":false,"isPreview":true,"lsBusinessLocation":"0x7a304c4f","messageError":"","messageQuestion":"","mpQuestions":"0x619d143e","myUser":"0x3d51cfb8"}|0x20018e30
11:55:25.0 (81458904)|SYSTEM_MODE_ENTER|false
11:55:25.0 (81466749)|HEAP_ALLOCATE|[134]|Bytes:5
11:55:25.0 (81472719)|STATEMENT_EXECUTE|[133]
11:55:25.0 (81474905)|STATEMENT_EXECUTE|[134]
11:55:25.0 (81549100)|HEAP_ALLOCATE|[134]|Bytes:4
11:55:25.0 (81568754)|HEAP_ALLOCATE|[134]|Bytes:1
11:55:25.0 (81596610)|HEAP_ALLOCATE|[134]|Bytes:1
11:55:25.0 (81605624)|HEAP_ALLOCATE|[134]|Bytes:1
11:55:25.0 (81629409)|HEAP_ALLOCATE|[134]|Bytes:2
11:55:25.0 (81645555)|HEAP_ALLOCATE|[134]|Bytes:9
11:55:25.0 (81652284)|HEAP_ALLOCATE|[134]|Bytes:10
11:55:25.0 (81659717)|SYSTEM_MODE_EXIT|false
11:55:25.0 (81838312)|SYSTEM_MODE_ENTER|true
11:55:25.0 (82274684)|SYSTEM_MODE_ENTER|true
11:55:25.0 (100911011)|VF_SERIALIZE_VIEWSTATE_BEGIN|066N0000000M4pW
11:55:25.0 (104450829)|VF_SERIALIZE_VIEWSTATE_END
11:55:25.107 (107847307)|CUMULATIVE_LIMIT_USAGE
11:55:25.107 (107847307)|LIMIT_USAGE_FOR_NS|(default)|
  Number of SOQL queries: 5 out of 100
  Number of query rows: 2 out of 50000
  Number of SOSL queries: 0 out of 20
  Number of DML statements: 0 out of 150
  Number of DML rows: 0 out of 10000
  Maximum CPU time: 0 out of 10000
  Maximum heap size: 0 out of 6000000
  Number of callouts: 0 out of 100
  Number of Email Invocations: 0 out of 10
  Number of future calls: 0 out of 50
  Number of queueable jobs added to the queue: 0 out of 50
  Number of Mobile Apex push calls: 0 out of 10

11:55:25.107 (107847307)|CUMULATIVE_LIMIT_USAGE_END

11:55:25.0 (107913712)|CODE_UNIT_FINISHED|VF: /apex/sadailyreport
11:55:25.0 (108622892)|EXECUTION_FINISHED
