38.0 APEX_CODE,FINEST;APEX_PROFILING,INFO;CALLOUT,INFO;DB,INFO;NBA,INFO;SYSTEM,DEBUG;VALIDATION,INFO;VISUALFORCE,INFO;WAVE,INFO;WORKFLOW,INFO
14:23:35.0 (96005)|USER_INFO|[EXTERNAL]|005N00000057PfO|thomas.remy+kddi_gwdev01@globalway.co.jp|日本標準時|GMT+09:00
14:23:35.0 (131989)|EXECUTION_STARTED
14:23:35.0 (143617)|CODE_UNIT_STARTED|[EXTERNAL]|066N0000000M59u|VF: /apex/saReport
14:23:35.0 (792180)|VF_DESERIALIZE_VIEWSTATE_BEGIN|066N0000000M59u
14:23:35.0 (7071921)|HEAP_ALLOCATE|[72]|Bytes:3
14:23:35.0 (7123688)|HEAP_ALLOCATE|[77]|Bytes:152
14:23:35.0 (7145188)|HEAP_ALLOCATE|[342]|Bytes:408
14:23:35.0 (7160191)|HEAP_ALLOCATE|[355]|Bytes:408
14:23:35.0 (7171733)|HEAP_ALLOCATE|[467]|Bytes:48
14:23:35.0 (7197856)|HEAP_ALLOCATE|[139]|Bytes:6
14:23:35.0 (8462560)|HEAP_ALLOCATE|[50]|Bytes:5
14:23:35.0 (8495991)|HEAP_ALLOCATE|[56]|Bytes:5
14:23:35.0 (8508253)|HEAP_ALLOCATE|[64]|Bytes:7
14:23:35.0 (10812932)|VARIABLE_SCOPE_BEGIN|[30]|saReportCtrl.ERROR_CATEGORY_MISSING|String|false|true
14:23:35.0 (10826685)|VARIABLE_SCOPE_BEGIN|[31]|saReportCtrl.ERROR_COMMENT_MISSING|String|false|true
14:23:35.0 (10834746)|VARIABLE_SCOPE_BEGIN|[29]|saReportCtrl.ERROR_TITLE_MISSING|String|false|true
14:23:35.0 (10844087)|VARIABLE_SCOPE_BEGIN|[32]|saReportCtrl.MESSAGE_ASK_FOR_VALIDATION|String|false|true
14:23:35.0 (10852001)|VARIABLE_SCOPE_BEGIN|[33]|saReportCtrl.MESSAGE_PUBLISHED|String|false|true
14:23:35.0 (10861886)|VARIABLE_SCOPE_BEGIN|[34]|saReportCtrl.MESSAGE_TEMPORARY_SAVED|String|false|true
14:23:35.0 (10870408)|VARIABLE_SCOPE_BEGIN|[27]|saReportCtrl.SA_REPORT_STATE_NONE_LABEL|String|false|true
14:23:35.0 (10878790)|VARIABLE_SCOPE_BEGIN|[26]|saReportCtrl.SA_REPORT_STATE_NONE_VALUE|String|false|true
14:23:35.0 (10890675)|VARIABLE_SCOPE_BEGIN|[8]|saReportCtrl.SEARCH_COUNT_AVERAGE_LABEL|String|false|true
14:23:35.0 (10898436)|VARIABLE_SCOPE_BEGIN|[11]|saReportCtrl.SEARCH_COUNT_AVERAGE_VALUE|String|false|true
14:23:35.0 (10906419)|VARIABLE_SCOPE_BEGIN|[7]|saReportCtrl.SEARCH_COUNT_FEW_LABEL|String|false|true
14:23:35.0 (10913811)|VARIABLE_SCOPE_BEGIN|[10]|saReportCtrl.SEARCH_COUNT_FEW_VALUE|String|false|true
14:23:35.0 (10923349)|VARIABLE_SCOPE_BEGIN|[9]|saReportCtrl.SEARCH_COUNT_LOT_LABEL|String|false|true
14:23:35.0 (10932322)|VARIABLE_SCOPE_BEGIN|[12]|saReportCtrl.SEARCH_COUNT_LOT_VALUE|String|false|true
14:23:35.0 (10941235)|VARIABLE_SCOPE_BEGIN|[17]|saReportCtrl.SORTED_BY_FAVORITES_LABEL|String|false|true
14:23:35.0 (10951409)|VARIABLE_SCOPE_BEGIN|[23]|saReportCtrl.SORTED_BY_FAVORITES_VALUE|String|false|true
14:23:35.0 (10959900)|VARIABLE_SCOPE_BEGIN|[15]|saReportCtrl.SORTED_BY_NEWS_LABEL|String|false|true
14:23:35.0 (10972371)|VARIABLE_SCOPE_BEGIN|[21]|saReportCtrl.SORTED_BY_NEWS_VALUE|String|false|true
14:23:35.0 (10981042)|VARIABLE_SCOPE_BEGIN|[14]|saReportCtrl.SORTED_BY_NONE_LABEL|String|false|true
14:23:35.0 (10989810)|VARIABLE_SCOPE_BEGIN|[20]|saReportCtrl.SORTED_BY_NONE_VALUE|String|false|true
14:23:35.0 (10998493)|VARIABLE_SCOPE_BEGIN|[16]|saReportCtrl.SORTED_BY_NUMBER_OF_VIEWS_LABEL|String|false|true
14:23:35.0 (11009761)|VARIABLE_SCOPE_BEGIN|[22]|saReportCtrl.SORTED_BY_NUMBER_OF_VIEWS_VALUE|String|false|true
14:23:35.0 (11019003)|VARIABLE_SCOPE_BEGIN|[18]|saReportCtrl.SORTED_BY_RELEASE_DATES_LABEL|String|false|true
14:23:35.0 (11027511)|VARIABLE_SCOPE_BEGIN|[24]|saReportCtrl.SORTED_BY_RELEASE_DATES_VALUE|String|false|true
14:23:35.0 (11038134)|VARIABLE_SCOPE_BEGIN|[37]|saReportCtrl.SOURCE_RANKING_LIKE|String|false|true
14:23:35.0 (11047584)|VARIABLE_SCOPE_BEGIN|[36]|saReportCtrl.SOURCE_RANKING_VIEW|String|false|true
14:23:35.0 (15511178)|VARIABLE_SCOPE_BEGIN|[25]|auMainTopCompCtrl.TYPE_SCREEN_ACCOUNT_LIST|Integer|false|true
14:23:35.0 (15530198)|VARIABLE_SCOPE_BEGIN|[26]|auMainTopCompCtrl.TYPE_SCREEN_ACTIVITY_LIST|Integer|false|true
14:23:35.0 (15537638)|VARIABLE_SCOPE_BEGIN|[7]|auMainTopCompCtrl.TYPE_SCREEN_CX_SCREEN|Integer|false|true
14:23:35.0 (15544614)|VARIABLE_SCOPE_BEGIN|[8]|auMainTopCompCtrl.TYPE_SCREEN_CX_TIMELINE|Integer|false|true
14:23:35.0 (15551251)|VARIABLE_SCOPE_BEGIN|[9]|auMainTopCompCtrl.TYPE_SCREEN_EVENT_SCHEDULE|Integer|false|true
14:23:35.0 (15560045)|VARIABLE_SCOPE_BEGIN|[10]|auMainTopCompCtrl.TYPE_SCREEN_EVENT_SCHEDULE_LIST|Integer|false|true
14:23:35.0 (15568268)|VARIABLE_SCOPE_BEGIN|[27]|auMainTopCompCtrl.TYPE_SCREEN_FILE_LIST|Integer|false|true
14:23:35.0 (15575168)|VARIABLE_SCOPE_BEGIN|[24]|auMainTopCompCtrl.TYPE_SCREEN_HONBU_DIRECT|Integer|false|true
14:23:35.0 (15582454)|VARIABLE_SCOPE_BEGIN|[11]|auMainTopCompCtrl.TYPE_SCREEN_KNOWLEDGE_DASHBOARD|Integer|false|true
14:23:35.0 (15593204)|VARIABLE_SCOPE_BEGIN|[12]|auMainTopCompCtrl.TYPE_SCREEN_KNOWLEDGE_LIST|Integer|false|true
14:23:35.0 (15600282)|VARIABLE_SCOPE_BEGIN|[15]|auMainTopCompCtrl.TYPE_SCREEN_SA_CHATTER|Integer|false|true
14:23:35.0 (15607955)|VARIABLE_SCOPE_BEGIN|[16]|auMainTopCompCtrl.TYPE_SCREEN_SA_DAILYREPORT|Integer|false|true
14:23:35.0 (15614387)|VARIABLE_SCOPE_BEGIN|[22]|auMainTopCompCtrl.TYPE_SCREEN_SA_DAILYREPORTLIST|Integer|false|true
14:23:35.0 (15620921)|VARIABLE_SCOPE_BEGIN|[18]|auMainTopCompCtrl.TYPE_SCREEN_SA_DOCUMENTS|Integer|false|true
14:23:35.0 (15627325)|VARIABLE_SCOPE_BEGIN|[17]|auMainTopCompCtrl.TYPE_SCREEN_SA_ENQUETE|Integer|false|true
14:23:35.0 (15634015)|VARIABLE_SCOPE_BEGIN|[20]|auMainTopCompCtrl.TYPE_SCREEN_SA_LINKS|Integer|false|true
14:23:35.0 (15640651)|VARIABLE_SCOPE_BEGIN|[13]|auMainTopCompCtrl.TYPE_SCREEN_SA_MESSAGES|Integer|false|true
14:23:35.0 (15649008)|VARIABLE_SCOPE_BEGIN|[19]|auMainTopCompCtrl.TYPE_SCREEN_SA_RANKING|Integer|false|true
14:23:35.0 (15656767)|VARIABLE_SCOPE_BEGIN|[14]|auMainTopCompCtrl.TYPE_SCREEN_SA_REPORTS|Integer|false|true
14:23:35.0 (15664182)|VARIABLE_SCOPE_BEGIN|[23]|auMainTopCompCtrl.TYPE_SCREEN_SA_TODO|Integer|false|true
14:23:35.0 (15671547)|VARIABLE_SCOPE_BEGIN|[21]|auMainTopCompCtrl.TYPE_SCREEN_SA_USRSETTINGS|Integer|false|true
14:23:35.0 (15678091)|VARIABLE_SCOPE_BEGIN|[4]|auMainTopCompCtrl.TYPE_SCREEN_STPD_EVENT|Integer|false|true
14:23:35.0 (15688933)|VARIABLE_SCOPE_BEGIN|[6]|auMainTopCompCtrl.TYPE_SCREEN_STPD_SCREEN|Integer|false|true
14:23:35.0 (15696274)|VARIABLE_SCOPE_BEGIN|[5]|auMainTopCompCtrl.TYPE_SCREEN_STPD_TIMELINE|Integer|false|true
14:23:35.0 (15703823)|VARIABLE_SCOPE_BEGIN|[3]|auMainTopCompCtrl.TYPE_SCREEN_SWITCH|Integer|false|true
14:23:35.0 (22982408)|VF_DESERIALIZE_VIEWSTATE_END
14:23:35.0 (29389171)|SYSTEM_MODE_ENTER|true
14:23:35.0 (29432960)|HEAP_ALLOCATE|[EXTERNAL]|Bytes:1728
14:23:35.0 (29467909)|HEAP_ALLOCATE|[EXTERNAL]|Bytes:847
14:23:35.0 (29477895)|HEAP_ALLOCATE|[EXTERNAL]|Bytes:586
14:23:35.0 (29485382)|HEAP_ALLOCATE|[EXTERNAL]|Bytes:10
14:23:35.0 (29559666)|VARIABLE_ASSIGNMENT|[EXTERNAL]|saReportCtrl.ERROR_CATEGORY_MISSING|"カテゴリが必須です。"
14:23:35.0 (29568184)|HEAP_ALLOCATE|[EXTERNAL]|Bytes:10
14:23:35.0 (29577457)|VARIABLE_ASSIGNMENT|[EXTERNAL]|saReportCtrl.ERROR_COMMENT_MISSING|"コメントが必須です。"
14:23:35.0 (29582138)|HEAP_ALLOCATE|[EXTERNAL]|Bytes:10
14:23:35.0 (29588332)|VARIABLE_ASSIGNMENT|[EXTERNAL]|saReportCtrl.ERROR_TITLE_MISSING|"タイトルが必須です。"
14:23:35.0 (29592602)|HEAP_ALLOCATE|[EXTERNAL]|Bytes:11
14:23:35.0 (29599665)|VARIABLE_ASSIGNMENT|[EXTERNAL]|saReportCtrl.MESSAGE_ASK_FOR_VALIDATION|"承認申請を出しました。"
14:23:35.0 (29608590)|HEAP_ALLOCATE|[EXTERNAL]|Bytes:7
14:23:35.0 (29616071)|VARIABLE_ASSIGNMENT|[EXTERNAL]|saReportCtrl.MESSAGE_PUBLISHED|"公開しました。"
14:23:35.0 (29620546)|HEAP_ALLOCATE|[EXTERNAL]|Bytes:9
14:23:35.0 (29627169)|VARIABLE_ASSIGNMENT|[EXTERNAL]|saReportCtrl.MESSAGE_TEMPORARY_SAVED|"一時保存しました。"
14:23:35.0 (29632136)|HEAP_ALLOCATE|[EXTERNAL]|Bytes:3
14:23:35.0 (29639804)|VARIABLE_ASSIGNMENT|[EXTERNAL]|saReportCtrl.SA_REPORT_STATE_NONE_LABEL|"未選択"
14:23:35.0 (29643995)|HEAP_ALLOCATE|[EXTERNAL]|Bytes:1
14:23:35.0 (29650077)|VARIABLE_ASSIGNMENT|[EXTERNAL]|saReportCtrl.SA_REPORT_STATE_NONE_VALUE|" "
14:23:35.0 (29654352)|HEAP_ALLOCATE|[EXTERNAL]|Bytes:3
14:23:35.0 (29660908)|VARIABLE_ASSIGNMENT|[EXTERNAL]|saReportCtrl.SEARCH_COUNT_AVERAGE_LABEL|"50件"
14:23:35.0 (29665138)|HEAP_ALLOCATE|[EXTERNAL]|Bytes:2
14:23:35.0 (29671423)|VARIABLE_ASSIGNMENT|[EXTERNAL]|saReportCtrl.SEARCH_COUNT_AVERAGE_VALUE|"50"
14:23:35.0 (29675922)|HEAP_ALLOCATE|[EXTERNAL]|Bytes:3
14:23:35.0 (29684134)|VARIABLE_ASSIGNMENT|[EXTERNAL]|saReportCtrl.SEARCH_COUNT_FEW_LABEL|"20件"
14:23:35.0 (29688446)|HEAP_ALLOCATE|[EXTERNAL]|Bytes:2
14:23:35.0 (29695472)|VARIABLE_ASSIGNMENT|[EXTERNAL]|saReportCtrl.SEARCH_COUNT_FEW_VALUE|"20"
14:23:35.0 (29699765)|HEAP_ALLOCATE|[EXTERNAL]|Bytes:4
14:23:35.0 (29706745)|VARIABLE_ASSIGNMENT|[EXTERNAL]|saReportCtrl.SEARCH_COUNT_LOT_LABEL|"100件"
14:23:35.0 (29711208)|HEAP_ALLOCATE|[EXTERNAL]|Bytes:3
14:23:35.0 (29721281)|VARIABLE_ASSIGNMENT|[EXTERNAL]|saReportCtrl.SEARCH_COUNT_LOT_VALUE|"100"
14:23:35.0 (29725838)|HEAP_ALLOCATE|[EXTERNAL]|Bytes:4
14:23:35.0 (29732788)|VARIABLE_ASSIGNMENT|[EXTERNAL]|saReportCtrl.SORTED_BY_FAVORITES_LABEL|"いいね順"
14:23:35.0 (29737241)|HEAP_ALLOCATE|[EXTERNAL]|Bytes:4
14:23:35.0 (29743855)|VARIABLE_ASSIGNMENT|[EXTERNAL]|saReportCtrl.SORTED_BY_FAVORITES_VALUE|"いいね順"
14:23:35.0 (29748525)|HEAP_ALLOCATE|[EXTERNAL]|Bytes:3
14:23:35.0 (29755541)|VARIABLE_ASSIGNMENT|[EXTERNAL]|saReportCtrl.SORTED_BY_NEWS_LABEL|"NEW"
14:23:35.0 (29759558)|HEAP_ALLOCATE|[EXTERNAL]|Bytes:3
14:23:35.0 (29766684)|VARIABLE_ASSIGNMENT|[EXTERNAL]|saReportCtrl.SORTED_BY_NEWS_VALUE|"NEW"
14:23:35.0 (29770961)|HEAP_ALLOCATE|[EXTERNAL]|Bytes:1
14:23:35.0 (29779901)|VARIABLE_ASSIGNMENT|[EXTERNAL]|saReportCtrl.SORTED_BY_NONE_LABEL|" "
14:23:35.0 (29784438)|HEAP_ALLOCATE|[EXTERNAL]|Bytes:1
14:23:35.0 (29793620)|VARIABLE_ASSIGNMENT|[EXTERNAL]|saReportCtrl.SORTED_BY_NONE_VALUE|" "
14:23:35.0 (29798369)|HEAP_ALLOCATE|[EXTERNAL]|Bytes:4
14:23:35.0 (29812649)|VARIABLE_ASSIGNMENT|[EXTERNAL]|saReportCtrl.SORTED_BY_NUMBER_OF_VIEWS_LABEL|"閲覧数順"
14:23:35.0 (29817646)|HEAP_ALLOCATE|[EXTERNAL]|Bytes:4
14:23:35.0 (29824850)|VARIABLE_ASSIGNMENT|[EXTERNAL]|saReportCtrl.SORTED_BY_NUMBER_OF_VIEWS_VALUE|"閲覧数順"
14:23:35.0 (29829799)|HEAP_ALLOCATE|[EXTERNAL]|Bytes:4
14:23:35.0 (29836650)|VARIABLE_ASSIGNMENT|[EXTERNAL]|saReportCtrl.SORTED_BY_RELEASE_DATES_LABEL|"公開日時"
14:23:35.0 (29841210)|HEAP_ALLOCATE|[EXTERNAL]|Bytes:4
14:23:35.0 (29848366)|VARIABLE_ASSIGNMENT|[EXTERNAL]|saReportCtrl.SORTED_BY_RELEASE_DATES_VALUE|"公開日時"
14:23:35.0 (29852923)|HEAP_ALLOCATE|[EXTERNAL]|Bytes:6
14:23:35.0 (29860518)|VARIABLE_ASSIGNMENT|[EXTERNAL]|saReportCtrl.SOURCE_RANKING_LIKE|"rsLike"
14:23:35.0 (29865101)|HEAP_ALLOCATE|[EXTERNAL]|Bytes:6
14:23:35.0 (29873099)|VARIABLE_ASSIGNMENT|[EXTERNAL]|saReportCtrl.SOURCE_RANKING_VIEW|"rsView"
14:23:35.0 (29892270)|METHOD_ENTRY|[1]|01pN0000000aEUV|saReportCtrl.saReportCtrl()
14:23:35.0 (29898480)|STATEMENT_EXECUTE|[1]
14:23:35.0 (29904430)|STATEMENT_EXECUTE|[1]
14:23:35.0 (29915838)|SYSTEM_MODE_ENTER|false
14:23:35.0 (29935082)|HEAP_ALLOCATE|[EXTERNAL]|Bytes:5
14:23:35.0 (29944628)|SYSTEM_MODE_EXIT|false
14:23:35.0 (29955079)|METHOD_EXIT|[1]|saReportCtrl
14:23:35.0 (30095920)|SYSTEM_MODE_ENTER|true
14:23:35.0 (30438737)|SYSTEM_MODE_ENTER|true
14:23:35.0 (30541583)|SYSTEM_MODE_ENTER|true
14:23:35.0 (32294486)|SYSTEM_MODE_ENTER|true
14:23:35.0 (32954830)|SYSTEM_MODE_ENTER|true
14:23:35.0 (33034994)|SYSTEM_MODE_ENTER|true
14:23:35.0 (33144875)|SYSTEM_MODE_ENTER|true
14:23:35.0 (33219356)|SYSTEM_MODE_ENTER|true
14:23:35.0 (33503140)|SYSTEM_MODE_ENTER|true
14:23:35.0 (33584005)|SYSTEM_MODE_ENTER|true
14:23:35.0 (33687576)|SYSTEM_MODE_ENTER|true
14:23:35.0 (35153106)|SYSTEM_MODE_ENTER|true
14:23:35.0 (35221085)|SYSTEM_MODE_ENTER|true
14:23:35.0 (35259551)|SYSTEM_MODE_ENTER|true
14:23:35.0 (35302883)|SYSTEM_MODE_ENTER|true
14:23:35.0 (35340102)|SYSTEM_MODE_ENTER|true
14:23:35.0 (35377651)|SYSTEM_MODE_ENTER|true
14:23:35.0 (35418378)|SYSTEM_MODE_ENTER|true
14:23:35.0 (35451958)|SYSTEM_MODE_ENTER|true
14:23:35.0 (35483816)|SYSTEM_MODE_ENTER|true
14:23:35.0 (35518506)|SYSTEM_MODE_ENTER|true
14:23:35.0 (35555730)|SYSTEM_MODE_ENTER|true
14:23:35.0 (35590813)|SYSTEM_MODE_ENTER|true
14:23:35.0 (35626782)|SYSTEM_MODE_ENTER|true
14:23:35.0 (35722779)|SYSTEM_MODE_ENTER|true
14:23:35.0 (35760005)|SYSTEM_MODE_ENTER|true
14:23:35.0 (35793805)|SYSTEM_MODE_ENTER|true
14:23:35.0 (35861036)|SYSTEM_MODE_ENTER|true
14:23:35.0 (35939429)|SYSTEM_MODE_ENTER|true
14:23:35.0 (35984497)|SYSTEM_MODE_ENTER|true
14:23:35.0 (36025691)|SYSTEM_MODE_ENTER|true
14:23:35.0 (36065558)|SYSTEM_MODE_ENTER|true
14:23:35.0 (36102956)|SYSTEM_MODE_ENTER|true
14:23:35.0 (36148734)|SYSTEM_MODE_ENTER|true
14:23:35.0 (36205372)|SYSTEM_MODE_ENTER|true
14:23:35.0 (36500054)|SYSTEM_MODE_ENTER|true
14:23:35.0 (36563792)|SYSTEM_MODE_ENTER|true
14:23:35.0 (36619766)|SYSTEM_MODE_ENTER|true
14:23:35.0 (36673647)|SYSTEM_MODE_ENTER|true
14:23:35.0 (36717496)|SYSTEM_MODE_ENTER|true
14:23:35.0 (36762612)|SYSTEM_MODE_ENTER|true
14:23:35.0 (36898120)|SYSTEM_MODE_ENTER|true
14:23:35.0 (36964305)|SYSTEM_MODE_ENTER|true
14:23:35.0 (37007099)|SYSTEM_MODE_ENTER|true
14:23:35.0 (37041684)|SYSTEM_MODE_ENTER|true
14:23:35.0 (37169722)|SYSTEM_MODE_ENTER|true
14:23:35.0 (37220415)|SYSTEM_MODE_ENTER|true
14:23:35.0 (37266253)|SYSTEM_MODE_ENTER|true
14:23:35.0 (37302641)|SYSTEM_MODE_ENTER|true
14:23:35.0 (37481435)|SYSTEM_MODE_ENTER|true
14:23:35.0 (37529091)|SYSTEM_MODE_ENTER|true
14:23:35.0 (37598868)|SYSTEM_MODE_ENTER|true
14:23:35.0 (37655810)|SYSTEM_MODE_ENTER|true
14:23:35.0 (37744214)|SYSTEM_MODE_ENTER|true
14:23:35.0 (37779251)|SYSTEM_MODE_ENTER|true
14:23:35.0 (37815671)|SYSTEM_MODE_ENTER|true
14:23:35.0 (38079378)|SYSTEM_MODE_ENTER|true
14:23:35.0 (38115318)|HEAP_ALLOCATE|[EXTERNAL]|Bytes:408
14:23:35.0 (38150864)|VARIABLE_ASSIGNMENT|[EXTERNAL]|this.attachmentId|""|0x54b8eef
14:23:35.0 (38185372)|SYSTEM_MODE_ENTER|true
14:23:35.0 (38199934)|HEAP_ALLOCATE|[EXTERNAL]|Bytes:408
14:23:35.0 (38220367)|VARIABLE_ASSIGNMENT|[EXTERNAL]|this.selectedReportName|""|0x54b8eef
14:23:35.0 (38248428)|SYSTEM_MODE_ENTER|true
14:23:35.0 (38264669)|HEAP_ALLOCATE|[EXTERNAL]|Bytes:408
14:23:35.0 (38275201)|VARIABLE_ASSIGNMENT|[EXTERNAL]|this.selectedCategoryName|""|0x54b8eef
14:23:35.0 (38300438)|SYSTEM_MODE_ENTER|true
14:23:35.0 (38316527)|HEAP_ALLOCATE|[EXTERNAL]|Bytes:408
14:23:35.0 (38325634)|VARIABLE_ASSIGNMENT|[EXTERNAL]|this.messageError|""|0x54b8eef
14:23:35.0 (38347967)|SYSTEM_MODE_ENTER|true
14:23:35.0 (38359752)|HEAP_ALLOCATE|[EXTERNAL]|Bytes:408
14:23:35.0 (38367541)|VARIABLE_ASSIGNMENT|[EXTERNAL]|this.messageSubmissionComplete|""|0x54b8eef
14:23:35.0 (38387888)|SYSTEM_MODE_ENTER|true
14:23:35.0 (38398740)|HEAP_ALLOCATE|[EXTERNAL]|Bytes:408
14:23:35.0 (38405098)|VARIABLE_ASSIGNMENT|[EXTERNAL]|this.basicSearchCategory|""|0x54b8eef
14:23:35.0 (38424050)|SYSTEM_MODE_ENTER|true
14:23:35.0 (38434511)|HEAP_ALLOCATE|[EXTERNAL]|Bytes:408
14:23:35.0 (38441259)|VARIABLE_ASSIGNMENT|[EXTERNAL]|this.basicSearchCount|""|0x54b8eef
14:23:35.0 (38463496)|SYSTEM_MODE_ENTER|true
14:23:35.0 (38478623)|HEAP_ALLOCATE|[EXTERNAL]|Bytes:408
14:23:35.0 (38485023)|VARIABLE_ASSIGNMENT|[EXTERNAL]|this.basicSearchSort|""|0x54b8eef
14:23:35.0 (38504459)|SYSTEM_MODE_ENTER|true
14:23:35.0 (38515150)|HEAP_ALLOCATE|[EXTERNAL]|Bytes:408
14:23:35.0 (38524290)|VARIABLE_ASSIGNMENT|[EXTERNAL]|this.mySearchCount|""|0x54b8eef
14:23:35.0 (38548530)|SYSTEM_MODE_ENTER|true
14:23:35.0 (38563958)|HEAP_ALLOCATE|[EXTERNAL]|Bytes:408
14:23:35.0 (38572551)|VARIABLE_ASSIGNMENT|[EXTERNAL]|this.mySearchState|""|0x54b8eef
14:23:35.0 (38593551)|SYSTEM_MODE_ENTER|true
14:23:35.0 (38604744)|HEAP_ALLOCATE|[EXTERNAL]|Bytes:408
14:23:35.0 (38612978)|VARIABLE_ASSIGNMENT|[EXTERNAL]|this.pendingCount|""|0x54b8eef
14:23:35.0 (38632498)|SYSTEM_MODE_ENTER|true
14:23:35.0 (38643373)|HEAP_ALLOCATE|[EXTERNAL]|Bytes:408
14:23:35.0 (38651681)|VARIABLE_ASSIGNMENT|[EXTERNAL]|this.remandCategory|""|0x54b8eef
14:23:35.0 (38670844)|SYSTEM_MODE_ENTER|true
14:23:35.0 (38681386)|HEAP_ALLOCATE|[EXTERNAL]|Bytes:408
14:23:35.0 (38692023)|VARIABLE_ASSIGNMENT|[EXTERNAL]|this.remandProcess|""|0x54b8eef
14:23:35.0 (38722758)|SYSTEM_MODE_ENTER|true
14:23:35.0 (38794298)|SYSTEM_MODE_ENTER|true
14:23:35.0 (38808352)|HEAP_ALLOCATE|[EXTERNAL]|Bytes:408
14:23:35.0 (38815598)|VARIABLE_ASSIGNMENT|[EXTERNAL]|this.basicSearchKeywords|""|0x54b8eef
14:23:35.0 (38837758)|SYSTEM_MODE_ENTER|true
14:23:35.0 (38848837)|HEAP_ALLOCATE|[EXTERNAL]|Bytes:408
14:23:35.0 (38855499)|VARIABLE_ASSIGNMENT|[EXTERNAL]|this.basicSearchDateStart|""|0x54b8eef
14:23:35.0 (38874765)|SYSTEM_MODE_ENTER|true
14:23:35.0 (38885232)|HEAP_ALLOCATE|[EXTERNAL]|Bytes:408
14:23:35.0 (38891182)|VARIABLE_ASSIGNMENT|[EXTERNAL]|this.basicSearchDateEnd|""|0x54b8eef
14:23:35.0 (38910914)|SYSTEM_MODE_ENTER|true
14:23:35.0 (38921510)|HEAP_ALLOCATE|[EXTERNAL]|Bytes:1
14:23:35.0 (38925880)|HEAP_ALLOCATE|[EXTERNAL]|Bytes:408
14:23:35.0 (38933478)|VARIABLE_ASSIGNMENT|[EXTERNAL]|this.basicSearchCategory|" "|0x54b8eef
14:23:35.0 (38953918)|SYSTEM_MODE_ENTER|true
14:23:35.0 (38965522)|HEAP_ALLOCATE|[EXTERNAL]|Bytes:11
14:23:35.0 (38969984)|HEAP_ALLOCATE|[EXTERNAL]|Bytes:408
14:23:35.0 (38977039)|VARIABLE_ASSIGNMENT|[EXTERNAL]|this.basicSearchRole1|"S010M0L020A"|0x54b8eef
14:23:35.0 (38997418)|SYSTEM_MODE_ENTER|true
14:23:35.0 (39008123)|HEAP_ALLOCATE|[EXTERNAL]|Bytes:13
14:23:35.0 (39012326)|HEAP_ALLOCATE|[EXTERNAL]|Bytes:408
14:23:35.0 (39018877)|VARIABLE_ASSIGNMENT|[EXTERNAL]|this.basicSearchRole2|"S010M0L020A02"|0x54b8eef
14:23:35.0 (39038184)|SYSTEM_MODE_ENTER|true
14:23:35.0 (39048418)|HEAP_ALLOCATE|[EXTERNAL]|Bytes:408
14:23:35.0 (39055354)|VARIABLE_ASSIGNMENT|[EXTERNAL]|this.basicSearchRole3|null|0x54b8eef
14:23:35.0 (39074432)|SYSTEM_MODE_ENTER|true
14:23:35.0 (39084415)|HEAP_ALLOCATE|[EXTERNAL]|Bytes:1
14:23:35.0 (39088090)|HEAP_ALLOCATE|[EXTERNAL]|Bytes:408
14:23:35.0 (39093589)|VARIABLE_ASSIGNMENT|[EXTERNAL]|this.basicSearchSort|" "|0x54b8eef
14:23:35.0 (39117136)|SYSTEM_MODE_ENTER|true
14:23:35.0 (39128294)|HEAP_ALLOCATE|[EXTERNAL]|Bytes:2
14:23:35.0 (39131826)|HEAP_ALLOCATE|[EXTERNAL]|Bytes:408
14:23:35.0 (39141670)|VARIABLE_ASSIGNMENT|[EXTERNAL]|this.basicSearchCount|"20"|0x54b8eef
14:23:35.0 (39170154)|SYSTEM_MODE_ENTER|true
14:23:35.0 (39205792)|SYSTEM_MODE_ENTER|true
14:23:35.0 (39277240)|SYSTEM_MODE_ENTER|true
14:23:35.0 (39383888)|SYSTEM_MODE_ENTER|true
14:23:35.0 (39426234)|SYSTEM_MODE_ENTER|true
14:23:35.0 (39462254)|SYSTEM_MODE_ENTER|true
14:23:35.0 (39562761)|SYSTEM_MODE_ENTER|true
14:23:35.0 (39578964)|HEAP_ALLOCATE|[EXTERNAL]|Bytes:408
14:23:35.0 (39592058)|VARIABLE_ASSIGNMENT|[EXTERNAL]|this.newCommentValue1|""|0x54b8eef
14:23:35.0 (39641276)|SYSTEM_MODE_ENTER|true
14:23:35.0 (39654873)|HEAP_ALLOCATE|[EXTERNAL]|Bytes:408
14:23:35.0 (39662614)|VARIABLE_ASSIGNMENT|[EXTERNAL]|this.createSubject|""|0x54b8eef
14:23:35.0 (39685817)|SYSTEM_MODE_ENTER|true
14:23:35.0 (39698544)|HEAP_ALLOCATE|[EXTERNAL]|Bytes:1
14:23:35.0 (39702633)|HEAP_ALLOCATE|[EXTERNAL]|Bytes:408
14:23:35.0 (39709791)|VARIABLE_ASSIGNMENT|[EXTERNAL]|this.createCategory|" "|0x54b8eef
14:23:35.0 (39736106)|SYSTEM_MODE_ENTER|true
14:23:35.0 (39747329)|HEAP_ALLOCATE|[EXTERNAL]|Bytes:1
14:23:35.0 (39751052)|HEAP_ALLOCATE|[EXTERNAL]|Bytes:408
14:23:35.0 (39757388)|VARIABLE_ASSIGNMENT|[EXTERNAL]|this.createProcess|" "|0x54b8eef
14:23:35.0 (39778879)|SYSTEM_MODE_ENTER|true
14:23:35.0 (39789942)|HEAP_ALLOCATE|[EXTERNAL]|Bytes:408
14:23:35.0 (39796676)|VARIABLE_ASSIGNMENT|[EXTERNAL]|this.createBody|""|0x54b8eef
14:23:35.0 (39830771)|SYSTEM_MODE_ENTER|true
14:23:35.0 (39864367)|SYSTEM_MODE_ENTER|true
14:23:35.0 (39959167)|SYSTEM_MODE_ENTER|true
14:23:35.0 (39974226)|HEAP_ALLOCATE|[EXTERNAL]|Bytes:1
14:23:35.0 (39979148)|HEAP_ALLOCATE|[EXTERNAL]|Bytes:408
14:23:35.0 (39988833)|VARIABLE_ASSIGNMENT|[EXTERNAL]|this.mySearchState|" "|0x54b8eef
14:23:35.0 (40016307)|SYSTEM_MODE_ENTER|true
14:23:35.0 (40029208)|HEAP_ALLOCATE|[EXTERNAL]|Bytes:408
14:23:35.0 (40037600)|VARIABLE_ASSIGNMENT|[EXTERNAL]|this.mySearchKeywords|""|0x54b8eef
14:23:35.0 (40061769)|SYSTEM_MODE_ENTER|true
14:23:35.0 (40072810)|HEAP_ALLOCATE|[EXTERNAL]|Bytes:408
14:23:35.0 (40080762)|VARIABLE_ASSIGNMENT|[EXTERNAL]|this.mySearchDateStart|""|0x54b8eef
14:23:35.0 (40100945)|SYSTEM_MODE_ENTER|true
14:23:35.0 (40112484)|HEAP_ALLOCATE|[EXTERNAL]|Bytes:408
14:23:35.0 (40120223)|VARIABLE_ASSIGNMENT|[EXTERNAL]|this.mySearchDateEnd|""|0x54b8eef
14:23:35.0 (40155730)|SYSTEM_MODE_ENTER|true
14:23:35.0 (40170303)|HEAP_ALLOCATE|[EXTERNAL]|Bytes:2
14:23:35.0 (40174259)|HEAP_ALLOCATE|[EXTERNAL]|Bytes:408
14:23:35.0 (40184048)|VARIABLE_ASSIGNMENT|[EXTERNAL]|this.mySearchCount|"20"|0x54b8eef
14:23:35.0 (40218868)|SYSTEM_MODE_ENTER|true
14:23:35.0 (40252459)|SYSTEM_MODE_ENTER|true
14:23:35.0 (40340770)|SYSTEM_MODE_ENTER|true
14:23:35.0 (40355046)|HEAP_ALLOCATE|[EXTERNAL]|Bytes:408
14:23:35.0 (40363129)|VARIABLE_ASSIGNMENT|[EXTERNAL]|this.draftSubject|""|0x54b8eef
14:23:35.0 (40386118)|SYSTEM_MODE_ENTER|true
14:23:35.0 (40397600)|HEAP_ALLOCATE|[EXTERNAL]|Bytes:1
14:23:35.0 (40401657)|HEAP_ALLOCATE|[EXTERNAL]|Bytes:408
14:23:35.0 (40407982)|VARIABLE_ASSIGNMENT|[EXTERNAL]|this.draftCategory|" "|0x54b8eef
14:23:35.0 (40427849)|SYSTEM_MODE_ENTER|true
14:23:35.0 (40438281)|HEAP_ALLOCATE|[EXTERNAL]|Bytes:1
14:23:35.0 (40441622)|HEAP_ALLOCATE|[EXTERNAL]|Bytes:408
14:23:35.0 (40449205)|VARIABLE_ASSIGNMENT|[EXTERNAL]|this.draftProcess|" "|0x54b8eef
14:23:35.0 (40479831)|SYSTEM_MODE_ENTER|true
14:23:35.0 (40492144)|HEAP_ALLOCATE|[EXTERNAL]|Bytes:408
14:23:35.0 (40500236)|VARIABLE_ASSIGNMENT|[EXTERNAL]|this.draftBody|""|0x54b8eef
14:23:35.0 (40545402)|SYSTEM_MODE_ENTER|true
14:23:35.0 (40688364)|SYSTEM_MODE_ENTER|true
14:23:35.0 (40702863)|HEAP_ALLOCATE|[EXTERNAL]|Bytes:408
14:23:35.0 (40713659)|VARIABLE_ASSIGNMENT|[EXTERNAL]|this.newCommentValue2|""|0x54b8eef
14:23:35.0 (40746093)|SYSTEM_MODE_ENTER|true
14:23:35.0 (40761855)|HEAP_ALLOCATE|[EXTERNAL]|Bytes:408
14:23:35.0 (40771192)|VARIABLE_ASSIGNMENT|[EXTERNAL]|this.remandSubject|""|0x54b8eef
14:23:35.0 (40793192)|SYSTEM_MODE_ENTER|true
14:23:35.0 (40804629)|HEAP_ALLOCATE|[EXTERNAL]|Bytes:1
14:23:35.0 (40807869)|HEAP_ALLOCATE|[EXTERNAL]|Bytes:408
14:23:35.0 (40815795)|VARIABLE_ASSIGNMENT|[EXTERNAL]|this.remandCategory|" "|0x54b8eef
14:23:35.0 (40835388)|SYSTEM_MODE_ENTER|true
14:23:35.0 (40846239)|HEAP_ALLOCATE|[EXTERNAL]|Bytes:1
14:23:35.0 (40849736)|HEAP_ALLOCATE|[EXTERNAL]|Bytes:408
14:23:35.0 (40857045)|VARIABLE_ASSIGNMENT|[EXTERNAL]|this.remandProcess|" "|0x54b8eef
14:23:35.0 (40876616)|SYSTEM_MODE_ENTER|true
14:23:35.0 (40886639)|HEAP_ALLOCATE|[EXTERNAL]|Bytes:408
14:23:35.0 (40894514)|VARIABLE_ASSIGNMENT|[EXTERNAL]|this.remandBody|""|0x54b8eef
14:23:35.0 (40933908)|SYSTEM_MODE_ENTER|true
14:23:35.0 (40945871)|HEAP_ALLOCATE|[EXTERNAL]|Bytes:408
14:23:35.0 (40952562)|VARIABLE_ASSIGNMENT|[EXTERNAL]|this.approveCommentValue|""|0x54b8eef
14:23:35.0 (40982271)|SYSTEM_MODE_ENTER|true
14:23:35.0 (41018687)|SYSTEM_MODE_ENTER|true
14:23:35.0 (41100985)|SYSTEM_MODE_ENTER|true
14:23:35.0 (41115881)|HEAP_ALLOCATE|[EXTERNAL]|Bytes:408
14:23:35.0 (41126649)|VARIABLE_ASSIGNMENT|[EXTERNAL]|this.pendingKeywords|""|0x54b8eef
14:23:35.0 (41154746)|SYSTEM_MODE_ENTER|true
14:23:35.0 (41166722)|HEAP_ALLOCATE|[EXTERNAL]|Bytes:408
14:23:35.0 (41177322)|VARIABLE_ASSIGNMENT|[EXTERNAL]|this.pendingDateStart|""|0x54b8eef
14:23:35.0 (41205819)|SYSTEM_MODE_ENTER|true
14:23:35.0 (41217500)|HEAP_ALLOCATE|[EXTERNAL]|Bytes:408
14:23:35.0 (41225986)|VARIABLE_ASSIGNMENT|[EXTERNAL]|this.pendingDateEnd|""|0x54b8eef
14:23:35.0 (41247627)|SYSTEM_MODE_ENTER|true
14:23:35.0 (41259728)|HEAP_ALLOCATE|[EXTERNAL]|Bytes:2
14:23:35.0 (41263519)|HEAP_ALLOCATE|[EXTERNAL]|Bytes:408
14:23:35.0 (41271608)|VARIABLE_ASSIGNMENT|[EXTERNAL]|this.pendingCount|"20"|0x54b8eef
14:23:35.0 (41304795)|SYSTEM_MODE_ENTER|true
14:23:35.0 (41337408)|SYSTEM_MODE_ENTER|true
14:23:35.0 (89395621)|SYSTEM_MODE_ENTER|true
14:23:35.0 (89440348)|HEAP_ALLOCATE|[EXTERNAL]|Bytes:284
14:23:35.0 (89465278)|HEAP_ALLOCATE|[EXTERNAL]|Bytes:160
14:23:35.0 (89482085)|METHOD_ENTRY|[1]|01pN0000000Mill|auMainTopCompCtrl.auMainTopCompCtrl()
14:23:35.0 (89488787)|STATEMENT_EXECUTE|[1]
14:23:35.0 (89494585)|STATEMENT_EXECUTE|[1]
14:23:35.0 (89496918)|STATEMENT_EXECUTE|[3]
14:23:35.0 (89506953)|HEAP_ALLOCATE|[3]|Bytes:4
14:23:35.0 (89528907)|VARIABLE_ASSIGNMENT|[3]|auMainTopCompCtrl.TYPE_SCREEN_SWITCH|0
14:23:35.0 (89535022)|STATEMENT_EXECUTE|[4]
14:23:35.0 (89538874)|HEAP_ALLOCATE|[4]|Bytes:4
14:23:35.0 (89547523)|VARIABLE_ASSIGNMENT|[4]|auMainTopCompCtrl.TYPE_SCREEN_STPD_EVENT|11
14:23:35.0 (89551998)|STATEMENT_EXECUTE|[5]
14:23:35.0 (89554855)|HEAP_ALLOCATE|[5]|Bytes:4
14:23:35.0 (89561813)|VARIABLE_ASSIGNMENT|[5]|auMainTopCompCtrl.TYPE_SCREEN_STPD_TIMELINE|12
14:23:35.0 (89565970)|STATEMENT_EXECUTE|[6]
14:23:35.0 (89568319)|HEAP_ALLOCATE|[6]|Bytes:4
14:23:35.0 (89574857)|VARIABLE_ASSIGNMENT|[6]|auMainTopCompCtrl.TYPE_SCREEN_STPD_SCREEN|13
14:23:35.0 (89578468)|STATEMENT_EXECUTE|[7]
14:23:35.0 (89585236)|HEAP_ALLOCATE|[7]|Bytes:4
14:23:35.0 (89591333)|VARIABLE_ASSIGNMENT|[7]|auMainTopCompCtrl.TYPE_SCREEN_CX_SCREEN|21
14:23:35.0 (89597652)|STATEMENT_EXECUTE|[8]
14:23:35.0 (89600260)|HEAP_ALLOCATE|[8]|Bytes:4
14:23:35.0 (89606174)|VARIABLE_ASSIGNMENT|[8]|auMainTopCompCtrl.TYPE_SCREEN_CX_TIMELINE|22
14:23:35.0 (89609982)|STATEMENT_EXECUTE|[9]
14:23:35.0 (89612434)|HEAP_ALLOCATE|[9]|Bytes:4
14:23:35.0 (89617805)|VARIABLE_ASSIGNMENT|[9]|auMainTopCompCtrl.TYPE_SCREEN_EVENT_SCHEDULE|31
14:23:35.0 (89621798)|STATEMENT_EXECUTE|[10]
14:23:35.0 (89624717)|HEAP_ALLOCATE|[10]|Bytes:4
14:23:35.0 (89630495)|VARIABLE_ASSIGNMENT|[10]|auMainTopCompCtrl.TYPE_SCREEN_EVENT_SCHEDULE_LIST|32
14:23:35.0 (89634822)|STATEMENT_EXECUTE|[11]
14:23:35.0 (89637414)|HEAP_ALLOCATE|[11]|Bytes:4
14:23:35.0 (89643488)|VARIABLE_ASSIGNMENT|[11]|auMainTopCompCtrl.TYPE_SCREEN_KNOWLEDGE_DASHBOARD|41
14:23:35.0 (89647265)|STATEMENT_EXECUTE|[12]
14:23:35.0 (89649592)|HEAP_ALLOCATE|[12]|Bytes:4
14:23:35.0 (89655358)|VARIABLE_ASSIGNMENT|[12]|auMainTopCompCtrl.TYPE_SCREEN_KNOWLEDGE_LIST|42
14:23:35.0 (89658939)|STATEMENT_EXECUTE|[13]
14:23:35.0 (89661310)|HEAP_ALLOCATE|[13]|Bytes:4
14:23:35.0 (89667137)|VARIABLE_ASSIGNMENT|[13]|auMainTopCompCtrl.TYPE_SCREEN_SA_MESSAGES|51
14:23:35.0 (89670852)|STATEMENT_EXECUTE|[14]
14:23:35.0 (89673414)|HEAP_ALLOCATE|[14]|Bytes:4
14:23:35.0 (89679485)|VARIABLE_ASSIGNMENT|[14]|auMainTopCompCtrl.TYPE_SCREEN_SA_REPORTS|52
14:23:35.0 (89683841)|STATEMENT_EXECUTE|[15]
14:23:35.0 (89686179)|HEAP_ALLOCATE|[15]|Bytes:4
14:23:35.0 (89691796)|VARIABLE_ASSIGNMENT|[15]|auMainTopCompCtrl.TYPE_SCREEN_SA_CHATTER|53
14:23:35.0 (89696019)|STATEMENT_EXECUTE|[16]
14:23:35.0 (89698462)|HEAP_ALLOCATE|[16]|Bytes:4
14:23:35.0 (89704038)|VARIABLE_ASSIGNMENT|[16]|auMainTopCompCtrl.TYPE_SCREEN_SA_DAILYREPORT|54
14:23:35.0 (89707382)|STATEMENT_EXECUTE|[17]
14:23:35.0 (89709837)|HEAP_ALLOCATE|[17]|Bytes:4
14:23:35.0 (89715784)|VARIABLE_ASSIGNMENT|[17]|auMainTopCompCtrl.TYPE_SCREEN_SA_ENQUETE|55
14:23:35.0 (89719568)|STATEMENT_EXECUTE|[18]
14:23:35.0 (89722249)|HEAP_ALLOCATE|[18]|Bytes:4
14:23:35.0 (89728125)|VARIABLE_ASSIGNMENT|[18]|auMainTopCompCtrl.TYPE_SCREEN_SA_DOCUMENTS|56
14:23:35.0 (89732252)|STATEMENT_EXECUTE|[19]
14:23:35.0 (89734496)|HEAP_ALLOCATE|[19]|Bytes:4
14:23:35.0 (89740588)|VARIABLE_ASSIGNMENT|[19]|auMainTopCompCtrl.TYPE_SCREEN_SA_RANKING|57
14:23:35.0 (89744062)|STATEMENT_EXECUTE|[20]
14:23:35.0 (89746561)|HEAP_ALLOCATE|[20]|Bytes:4
14:23:35.0 (89752237)|VARIABLE_ASSIGNMENT|[20]|auMainTopCompCtrl.TYPE_SCREEN_SA_LINKS|58
14:23:35.0 (89755802)|STATEMENT_EXECUTE|[21]
14:23:35.0 (89757933)|HEAP_ALLOCATE|[21]|Bytes:4
14:23:35.0 (89764091)|VARIABLE_ASSIGNMENT|[21]|auMainTopCompCtrl.TYPE_SCREEN_SA_USRSETTINGS|59
14:23:35.0 (89767477)|STATEMENT_EXECUTE|[22]
14:23:35.0 (89769861)|HEAP_ALLOCATE|[22]|Bytes:4
14:23:35.0 (89775369)|VARIABLE_ASSIGNMENT|[22]|auMainTopCompCtrl.TYPE_SCREEN_SA_DAILYREPORTLIST|60
14:23:35.0 (89779032)|STATEMENT_EXECUTE|[23]
14:23:35.0 (89781407)|HEAP_ALLOCATE|[23]|Bytes:4
14:23:35.0 (89787153)|VARIABLE_ASSIGNMENT|[23]|auMainTopCompCtrl.TYPE_SCREEN_SA_TODO|61
14:23:35.0 (89790876)|STATEMENT_EXECUTE|[24]
14:23:35.0 (89793167)|HEAP_ALLOCATE|[24]|Bytes:4
14:23:35.0 (89798346)|VARIABLE_ASSIGNMENT|[24]|auMainTopCompCtrl.TYPE_SCREEN_HONBU_DIRECT|71
14:23:35.0 (89802619)|STATEMENT_EXECUTE|[25]
14:23:35.0 (89805133)|HEAP_ALLOCATE|[25]|Bytes:4
14:23:35.0 (89810558)|VARIABLE_ASSIGNMENT|[25]|auMainTopCompCtrl.TYPE_SCREEN_ACCOUNT_LIST|81
14:23:35.0 (89814125)|STATEMENT_EXECUTE|[26]
14:23:35.0 (89816634)|HEAP_ALLOCATE|[26]|Bytes:4
14:23:35.0 (89822146)|VARIABLE_ASSIGNMENT|[26]|auMainTopCompCtrl.TYPE_SCREEN_ACTIVITY_LIST|82
14:23:35.0 (89825979)|STATEMENT_EXECUTE|[27]
14:23:35.0 (89828020)|HEAP_ALLOCATE|[27]|Bytes:4
14:23:35.0 (89833211)|VARIABLE_ASSIGNMENT|[27]|auMainTopCompCtrl.TYPE_SCREEN_FILE_LIST|83
14:23:35.0 (89842794)|METHOD_EXIT|[1]|auMainTopCompCtrl
14:23:35.0 (89856772)|HEAP_ALLOCATE|[EXTERNAL]|Bytes:44
14:23:35.0 (89867513)|VARIABLE_ASSIGNMENT|[EXTERNAL]|this.iCountComments|null|0x21aed985
14:23:35.0 (89939988)|SYSTEM_MODE_ENTER|true
14:23:35.0 (89953865)|HEAP_ALLOCATE|[EXTERNAL]|Bytes:44
14:23:35.0 (89961876)|VARIABLE_ASSIGNMENT|[EXTERNAL]|this.iCountLikes|null|0x21aed985
14:23:35.0 (90058347)|SYSTEM_MODE_ENTER|true
14:23:35.0 (90319525)|HEAP_ALLOCATE|[EXTERNAL]|Bytes:408
14:23:35.0 (90329930)|VARIABLE_SCOPE_BEGIN|[188]|this|saReportCtrl|true|false
14:23:35.0 (90674675)|VARIABLE_ASSIGNMENT|[188]|this|{"approveCommentValue":"","attachmentId":"","basicSearchCategory":" ","basicSearchCount":"20","basicSearchDateEnd":"","basicSearchDateStart":"","basicSearchKeywords":"","basicSearchRole1":"S010M0L020A","basicSearchRole2":"S010M0L020A02","basicSearchSort":" ","categoryDataOptions":"0x730d7e07","countDataOptions":"0x47561fd7","createBody":"","createCategory":" ","createdReportId":"","createProcess":" ","createSubject":"","currentUser":"0x2f0de902","draftBody":"","draftCategory":" ","draftProcess":" ","draftSubject":"","isApprover":true,"isBackCall":false,"isCopySelected":false,"isGoodSelected":false,"isVeryGoodSelected":false,"latestBasicSearchCategory":"","latestBasicSearchCount":"","latestBasicSearchDateEnd":"","latestBasicSearchDateStart":"","latestBasicSearchKeywords":"","latestBasicSearchRole1":"","latestBasicSearchRole2":"","latestBasicSearchRole3":"","latestBasicSearchSort":"","latestMySearchCount":"","latestMySearchDateEnd":"","latestMySearchDateStart":"","latestMySearchKeywords":"","latestMySearchState":"","latestPendingCount":"","latestPendingDateEnd":"","latestPendingDateStart":"","latestPendingKeywords":"","latestSelectedProcess":"","listOfCategory":"0x13568179","listOfSAReports":"0x5fe68086","lsAttachments":"0x853080e","lsRolesFull":"0x4fce0b86","mapOfCategory":"0xf4bae84","messageError":"","messageSubmissionComplete":"","mySearchCount":"20","mySearchDateEnd":"","mySearchDateStart":"","mySearchKeywords":"","mySearchState":" ","newCommentValue1":"","newCommentValue2":"","pageNum":1,"pageSize":20,"pendingCount":"20","pendingDateEnd":"","pendingDateStart":"","pendingKeywords":"","processDataOptions":"0x74c8c3ad","recordsCount":0,"remandBody":"","remandCategory":" ","remandProcess":" ","remandSubject":"","reportComments":"0x6442fd5b","reportGoodViews":"0x74c18aa5","reportManagedViews":"0x4bec2d80","reportRendered":false,"reportState":"","roleLevel1DataOptions":"0x2262179","roleLevel2DataOptions":"0x5f5fe507","roleLevel3DataOptions":"0x198185f7","scrollTopValue":0.0,"searchCategoryLabel":"","searchCountLabel":"","searchParttern":0,"searchStateLabel":"","selectedCategoryName":"","selectedProcess":"","selectedReport":"0x6ada1bb9","selectedReportName":"","selectedView":"","sortDataOptions":"0x5fb3bf60","stateDataOptions":"0x549f67ee"}|0x54b8eef
14:23:35.0 (90714964)|SYSTEM_MODE_ENTER|false
14:23:35.0 (90723710)|HEAP_ALLOCATE|[188]|Bytes:5
14:23:35.0 (90729129)|STATEMENT_EXECUTE|[188]
14:23:35.0 (90731037)|STATEMENT_EXECUTE|[188]
14:23:35.0 (90738167)|SYSTEM_MODE_EXIT|false
14:23:35.0 (90805135)|SYSTEM_MODE_ENTER|true
14:23:35.0 (90821880)|HEAP_ALLOCATE|[EXTERNAL]|Bytes:8
14:23:35.0 (90826466)|HEAP_ALLOCATE|[EXTERNAL]|Bytes:44
14:23:35.0 (90834654)|VARIABLE_ASSIGNMENT|[EXTERNAL]|this.iTypeOfScreen|52|0x21aed985
14:23:35.0 (91064830)|SYSTEM_MODE_ENTER|true
14:23:35.0 (91110130)|HEAP_ALLOCATE|[EXTERNAL]|Bytes:44
14:23:35.0 (91118204)|VARIABLE_SCOPE_BEGIN|[88]|this|auMainTopCompCtrl|true|false
14:23:35.0 (91175127)|VARIABLE_ASSIGNMENT|[88]|this|{"currentUser":"0x2d270bc7","isSAUser":false,"iTypeOfScreen":52,"urlReportsSFA":"https://cs6.lightnin (84 more) ..."}|0x21aed985
14:23:35.0 (91185659)|STATEMENT_EXECUTE|[88]
14:23:35.0 (91187689)|STATEMENT_EXECUTE|[89]
14:23:35.0 (91240124)|VARIABLE_ASSIGNMENT|[EXTERNAL]|this|{"currentUser":"0x2d270bc7","isSAUser":false,"iTypeOfScreen":52,"urlReportsSFA":"https://cs6.lightnin (84 more) ..."}|0x21aed985
14:23:35.0 (91292572)|VARIABLE_ASSIGNMENT|[EXTERNAL]|this|{"currentUser":"0x2d270bc7","isSAUser":false,"iTypeOfScreen":52,"urlReportsSFA":"https://cs6.lightnin (84 more) ..."}|0x21aed985
14:23:35.0 (91310240)|HEAP_ALLOCATE|[89]|Bytes:5
14:23:35.0 (91394102)|SYSTEM_MODE_ENTER|true
14:23:35.0 (91432439)|HEAP_ALLOCATE|[EXTERNAL]|Bytes:44
14:23:35.0 (91439607)|VARIABLE_SCOPE_BEGIN|[106]|this|auMainTopCompCtrl|true|false
14:23:35.0 (91471524)|VARIABLE_ASSIGNMENT|[106]|this|{"currentUser":"0x2d270bc7","isSAUser":false,"iTypeOfScreen":52,"urlReportsSFA":"https://cs6.lightnin (84 more) ..."}|0x21aed985
14:23:35.0 (91481115)|STATEMENT_EXECUTE|[106]
14:23:35.0 (91482952)|STATEMENT_EXECUTE|[107]
14:23:35.0 (91516484)|VARIABLE_ASSIGNMENT|[EXTERNAL]|this|{"currentUser":"0x2d270bc7","isSAUser":false,"iTypeOfScreen":52,"urlReportsSFA":"https://cs6.lightnin (84 more) ..."}|0x21aed985
14:23:35.0 (91533053)|HEAP_ALLOCATE|[107]|Bytes:5
14:23:35.0 (91597155)|SYSTEM_MODE_ENTER|true
14:23:35.0 (91631278)|HEAP_ALLOCATE|[EXTERNAL]|Bytes:44
14:23:35.0 (91638220)|VARIABLE_SCOPE_BEGIN|[110]|this|auMainTopCompCtrl|true|false
14:23:35.0 (91669809)|VARIABLE_ASSIGNMENT|[110]|this|{"currentUser":"0x2d270bc7","isSAUser":false,"iTypeOfScreen":52,"urlReportsSFA":"https://cs6.lightnin (84 more) ..."}|0x21aed985
14:23:35.0 (91678148)|STATEMENT_EXECUTE|[110]
14:23:35.0 (91680117)|STATEMENT_EXECUTE|[111]
14:23:35.0 (91711305)|VARIABLE_ASSIGNMENT|[EXTERNAL]|this|{"currentUser":"0x2d270bc7","isSAUser":false,"iTypeOfScreen":52,"urlReportsSFA":"https://cs6.lightnin (84 more) ..."}|0x21aed985
14:23:35.0 (91726891)|HEAP_ALLOCATE|[111]|Bytes:5
14:23:35.0 (91786259)|SYSTEM_MODE_ENTER|true
14:23:35.0 (91818464)|HEAP_ALLOCATE|[EXTERNAL]|Bytes:44
14:23:35.0 (91825192)|VARIABLE_SCOPE_BEGIN|[114]|this|auMainTopCompCtrl|true|false
14:23:35.0 (91854691)|VARIABLE_ASSIGNMENT|[114]|this|{"currentUser":"0x2d270bc7","isSAUser":false,"iTypeOfScreen":52,"urlReportsSFA":"https://cs6.lightnin (84 more) ..."}|0x21aed985
14:23:35.0 (91863801)|STATEMENT_EXECUTE|[114]
14:23:35.0 (91865692)|STATEMENT_EXECUTE|[115]
14:23:35.0 (91896077)|VARIABLE_ASSIGNMENT|[EXTERNAL]|this|{"currentUser":"0x2d270bc7","isSAUser":false,"iTypeOfScreen":52,"urlReportsSFA":"https://cs6.lightnin (84 more) ..."}|0x21aed985
14:23:35.0 (91910790)|HEAP_ALLOCATE|[115]|Bytes:5
14:23:35.0 (92087520)|SYSTEM_MODE_ENTER|true
14:23:35.0 (92146436)|SYSTEM_MODE_ENTER|true
14:23:35.0 (92510314)|SYSTEM_MODE_ENTER|true
14:23:35.0 (92577971)|SYSTEM_MODE_ENTER|true
14:23:35.0 (92715254)|SYSTEM_MODE_ENTER|true
14:23:35.0 (92871679)|SYSTEM_MODE_ENTER|true
14:23:35.0 (92944917)|SYSTEM_MODE_ENTER|true
14:23:35.0 (93002516)|SYSTEM_MODE_ENTER|true
14:23:35.0 (93057217)|SYSTEM_MODE_ENTER|true
14:23:35.0 (93217220)|SYSTEM_MODE_ENTER|true
14:23:35.0 (93292603)|SYSTEM_MODE_ENTER|true
14:23:35.0 (93359170)|SYSTEM_MODE_ENTER|true
14:23:35.0 (105050338)|VF_SERIALIZE_VIEWSTATE_BEGIN|066N0000000M59u
14:23:35.0 (121921927)|VF_SERIALIZE_VIEWSTATE_END
14:23:35.135 (135943684)|CUMULATIVE_LIMIT_USAGE
14:23:35.135 (135943684)|LIMIT_USAGE_FOR_NS|(default)|
  Number of SOQL queries: 0 out of 100
  Number of query rows: 0 out of 50000
  Number of SOSL queries: 0 out of 20
  Number of DML statements: 0 out of 150
  Number of DML rows: 0 out of 10000
  Maximum CPU time: 0 out of 10000
  Maximum heap size: 0 out of 6000000
  Number of callouts: 0 out of 100
  Number of Email Invocations: 0 out of 10
  Number of future calls: 0 out of 50
  Number of queueable jobs added to the queue: 0 out of 50
  Number of Mobile Apex push calls: 0 out of 10

14:23:35.135 (135943684)|CUMULATIVE_LIMIT_USAGE_END

14:23:35.0 (135992487)|CODE_UNIT_FINISHED|VF: /apex/saReport
14:23:35.0 (136810474)|EXECUTION_FINISHED
