38.0 APEX_CODE,FINEST;APEX_PROFILING,INFO;CALLOUT,INFO;DB,INFO;SYSTEM,DEBUG;VALIDATION,INFO;VISUALFORCE,INFO;WAVE,INFO;WORKFLOW,INFO
11:33:03.0 (49524)|USER_INFO|[EXTERNAL]|005N00000057PfO|thomas.remy+kddi_gwdev01@globalway.co.jp|Japan Standard Time|GMT+09:00
11:33:03.0 (88508)|EXECUTION_STARTED
11:33:03.0 (92329)|CODE_UNIT_STARTED|[EXTERNAL]|066N0000000M59u|VF: /apex/saReport
11:33:03.0 (256120)|VF_DESERIALIZE_VIEWSTATE_BEGIN|066N0000000M59u
11:33:03.0 (2877026)|HEAP_ALLOCATE|[72]|Bytes:3
11:33:03.0 (2906499)|HEAP_ALLOCATE|[77]|Bytes:152
11:33:03.0 (2916468)|HEAP_ALLOCATE|[342]|Bytes:408
11:33:03.0 (2926651)|HEAP_ALLOCATE|[355]|Bytes:408
11:33:03.0 (2936977)|HEAP_ALLOCATE|[467]|Bytes:48
11:33:03.0 (2959399)|HEAP_ALLOCATE|[139]|Bytes:6
11:33:03.0 (3191754)|HEAP_ALLOCATE|[50]|Bytes:5
11:33:03.0 (3210482)|HEAP_ALLOCATE|[56]|Bytes:5
11:33:03.0 (3217947)|HEAP_ALLOCATE|[64]|Bytes:7
11:33:03.0 (4432349)|VARIABLE_SCOPE_BEGIN|[5]|saReportCtrl.CASES_CHARACTER|String|false|true
11:33:03.0 (4445341)|VARIABLE_SCOPE_BEGIN|[8]|saReportCtrl.SEARCH_COUNT_NUMBER100|String|false|true
11:33:03.0 (4451704)|VARIABLE_SCOPE_BEGIN|[6]|saReportCtrl.SEARCH_COUNT_NUMBER20|String|false|true
11:33:03.0 (4457573)|VARIABLE_SCOPE_BEGIN|[7]|saReportCtrl.SEARCH_COUNT_NUMBER50|String|false|true
11:33:03.0 (4463858)|VARIABLE_SCOPE_BEGIN|[13]|saReportCtrl.SORTED_BY_FAVORITES_LABEL|String|false|true
11:33:03.0 (4475020)|VARIABLE_SCOPE_BEGIN|[19]|saReportCtrl.SORTED_BY_FAVORITES_VALUE|String|false|true
11:33:03.0 (4481822)|VARIABLE_SCOPE_BEGIN|[11]|saReportCtrl.SORTED_BY_NEWS_LABEL|String|false|true
11:33:03.0 (4487980)|VARIABLE_SCOPE_BEGIN|[17]|saReportCtrl.SORTED_BY_NEWS_VALUE|String|false|true
11:33:03.0 (4494251)|VARIABLE_SCOPE_BEGIN|[10]|saReportCtrl.SORTED_BY_NONE_LABEL|String|false|true
11:33:03.0 (4499900)|VARIABLE_SCOPE_BEGIN|[16]|saReportCtrl.SORTED_BY_NONE_VALUE|String|false|true
11:33:03.0 (4505655)|VARIABLE_SCOPE_BEGIN|[12]|saReportCtrl.SORTED_BY_NUMBER_OF_VIEWS_LABEL|String|false|true
11:33:03.0 (4512023)|VARIABLE_SCOPE_BEGIN|[18]|saReportCtrl.SORTED_BY_NUMBER_OF_VIEWS_VALUE|String|false|true
11:33:03.0 (4517826)|VARIABLE_SCOPE_BEGIN|[14]|saReportCtrl.SORTED_BY_RELEASE_DATES_LABEL|String|false|true
11:33:03.0 (4523651)|VARIABLE_SCOPE_BEGIN|[20]|saReportCtrl.SORTED_BY_RELEASE_DATES_VALUE|String|false|true
11:33:03.0 (5308197)|VARIABLE_SCOPE_BEGIN|[7]|auMainTopCompCtrl.TYPE_SCREEN_CX_SCREEN|Integer|false|true
11:33:03.0 (5319329)|VARIABLE_SCOPE_BEGIN|[8]|auMainTopCompCtrl.TYPE_SCREEN_CX_TIMELINE|Integer|false|true
11:33:03.0 (5325976)|VARIABLE_SCOPE_BEGIN|[9]|auMainTopCompCtrl.TYPE_SCREEN_EVENT_SCHEDULE|Integer|false|true
11:33:03.0 (5332236)|VARIABLE_SCOPE_BEGIN|[10]|auMainTopCompCtrl.TYPE_SCREEN_EVENT_SCHEDULE_LIST|Integer|false|true
11:33:03.0 (5338629)|VARIABLE_SCOPE_BEGIN|[11]|auMainTopCompCtrl.TYPE_SCREEN_KNOWLEDGE_DASHBOARD|Integer|false|true
11:33:03.0 (5343998)|VARIABLE_SCOPE_BEGIN|[12]|auMainTopCompCtrl.TYPE_SCREEN_KNOWLEDGE_LIST|Integer|false|true
11:33:03.0 (5349549)|VARIABLE_SCOPE_BEGIN|[15]|auMainTopCompCtrl.TYPE_SCREEN_SA_CHATTER|Integer|false|true
11:33:03.0 (5354917)|VARIABLE_SCOPE_BEGIN|[16]|auMainTopCompCtrl.TYPE_SCREEN_SA_DAILYREPORT|Integer|false|true
11:33:03.0 (5360691)|VARIABLE_SCOPE_BEGIN|[18]|auMainTopCompCtrl.TYPE_SCREEN_SA_DOCUMENTS|Integer|false|true
11:33:03.0 (5366341)|VARIABLE_SCOPE_BEGIN|[17]|auMainTopCompCtrl.TYPE_SCREEN_SA_ENQUETE|Integer|false|true
11:33:03.0 (5371985)|VARIABLE_SCOPE_BEGIN|[13]|auMainTopCompCtrl.TYPE_SCREEN_SA_MESSAGES|Integer|false|true
11:33:03.0 (5377820)|VARIABLE_SCOPE_BEGIN|[19]|auMainTopCompCtrl.TYPE_SCREEN_SA_RANKING|Integer|false|true
11:33:03.0 (5383412)|VARIABLE_SCOPE_BEGIN|[14]|auMainTopCompCtrl.TYPE_SCREEN_SA_REPORTS|Integer|false|true
11:33:03.0 (5388947)|VARIABLE_SCOPE_BEGIN|[4]|auMainTopCompCtrl.TYPE_SCREEN_STPD_EVENT|Integer|false|true
11:33:03.0 (5394502)|VARIABLE_SCOPE_BEGIN|[6]|auMainTopCompCtrl.TYPE_SCREEN_STPD_SCREEN|Integer|false|true
11:33:03.0 (5403252)|VARIABLE_SCOPE_BEGIN|[5]|auMainTopCompCtrl.TYPE_SCREEN_STPD_TIMELINE|Integer|false|true
11:33:03.0 (5409718)|VARIABLE_SCOPE_BEGIN|[3]|auMainTopCompCtrl.TYPE_SCREEN_SWITCH|Integer|false|true
11:33:03.0 (6728460)|VF_DESERIALIZE_VIEWSTATE_END
11:33:03.0 (8962401)|SYSTEM_MODE_ENTER|true
11:33:03.0 (8999653)|HEAP_ALLOCATE|[EXTERNAL]|Bytes:284
11:33:03.0 (9011051)|HEAP_ALLOCATE|[EXTERNAL]|Bytes:113
11:33:03.0 (9026167)|METHOD_ENTRY|[1]|01pN0000000Mill|auMainTopCompCtrl.auMainTopCompCtrl()
11:33:03.0 (9032343)|STATEMENT_EXECUTE|[1]
11:33:03.0 (9036862)|STATEMENT_EXECUTE|[1]
11:33:03.0 (9038200)|STATEMENT_EXECUTE|[3]
11:33:03.0 (9043845)|HEAP_ALLOCATE|[3]|Bytes:4
11:33:03.0 (9065816)|VARIABLE_ASSIGNMENT|[3]|auMainTopCompCtrl.TYPE_SCREEN_SWITCH|0
11:33:03.0 (9072549)|STATEMENT_EXECUTE|[4]
11:33:03.0 (9076070)|HEAP_ALLOCATE|[4]|Bytes:4
11:33:03.0 (9087591)|VARIABLE_ASSIGNMENT|[4]|auMainTopCompCtrl.TYPE_SCREEN_STPD_EVENT|11
11:33:03.0 (9093965)|STATEMENT_EXECUTE|[5]
11:33:03.0 (9096473)|HEAP_ALLOCATE|[5]|Bytes:4
11:33:03.0 (9105952)|VARIABLE_ASSIGNMENT|[5]|auMainTopCompCtrl.TYPE_SCREEN_STPD_TIMELINE|12
11:33:03.0 (9109980)|STATEMENT_EXECUTE|[6]
11:33:03.0 (9111595)|HEAP_ALLOCATE|[6]|Bytes:4
11:33:03.0 (9118162)|VARIABLE_ASSIGNMENT|[6]|auMainTopCompCtrl.TYPE_SCREEN_STPD_SCREEN|13
11:33:03.0 (9121614)|STATEMENT_EXECUTE|[7]
11:33:03.0 (9123760)|HEAP_ALLOCATE|[7]|Bytes:4
11:33:03.0 (9130250)|VARIABLE_ASSIGNMENT|[7]|auMainTopCompCtrl.TYPE_SCREEN_CX_SCREEN|21
11:33:03.0 (9133582)|STATEMENT_EXECUTE|[8]
11:33:03.0 (9135333)|HEAP_ALLOCATE|[8]|Bytes:4
11:33:03.0 (9140253)|VARIABLE_ASSIGNMENT|[8]|auMainTopCompCtrl.TYPE_SCREEN_CX_TIMELINE|22
11:33:03.0 (9143409)|STATEMENT_EXECUTE|[9]
11:33:03.0 (9145482)|HEAP_ALLOCATE|[9]|Bytes:4
11:33:03.0 (9150625)|VARIABLE_ASSIGNMENT|[9]|auMainTopCompCtrl.TYPE_SCREEN_EVENT_SCHEDULE|31
11:33:03.0 (9154471)|STATEMENT_EXECUTE|[10]
11:33:03.0 (9156401)|HEAP_ALLOCATE|[10]|Bytes:4
11:33:03.0 (9161791)|VARIABLE_ASSIGNMENT|[10]|auMainTopCompCtrl.TYPE_SCREEN_EVENT_SCHEDULE_LIST|32
11:33:03.0 (9164938)|STATEMENT_EXECUTE|[11]
11:33:03.0 (9166446)|HEAP_ALLOCATE|[11]|Bytes:4
11:33:03.0 (9171312)|VARIABLE_ASSIGNMENT|[11]|auMainTopCompCtrl.TYPE_SCREEN_KNOWLEDGE_DASHBOARD|41
11:33:03.0 (9174582)|STATEMENT_EXECUTE|[12]
11:33:03.0 (9176240)|HEAP_ALLOCATE|[12]|Bytes:4
11:33:03.0 (9181343)|VARIABLE_ASSIGNMENT|[12]|auMainTopCompCtrl.TYPE_SCREEN_KNOWLEDGE_LIST|42
11:33:03.0 (9184954)|STATEMENT_EXECUTE|[13]
11:33:03.0 (9186598)|HEAP_ALLOCATE|[13]|Bytes:4
11:33:03.0 (9191809)|VARIABLE_ASSIGNMENT|[13]|auMainTopCompCtrl.TYPE_SCREEN_SA_MESSAGES|51
11:33:03.0 (9194849)|STATEMENT_EXECUTE|[14]
11:33:03.0 (9196454)|HEAP_ALLOCATE|[14]|Bytes:4
11:33:03.0 (9201992)|VARIABLE_ASSIGNMENT|[14]|auMainTopCompCtrl.TYPE_SCREEN_SA_REPORTS|52
11:33:03.0 (9204932)|STATEMENT_EXECUTE|[15]
11:33:03.0 (9206509)|HEAP_ALLOCATE|[15]|Bytes:4
11:33:03.0 (9211479)|VARIABLE_ASSIGNMENT|[15]|auMainTopCompCtrl.TYPE_SCREEN_SA_CHATTER|53
11:33:03.0 (9214916)|STATEMENT_EXECUTE|[16]
11:33:03.0 (9216499)|HEAP_ALLOCATE|[16]|Bytes:4
11:33:03.0 (9221922)|VARIABLE_ASSIGNMENT|[16]|auMainTopCompCtrl.TYPE_SCREEN_SA_DAILYREPORT|54
11:33:03.0 (9225471)|STATEMENT_EXECUTE|[17]
11:33:03.0 (9227105)|HEAP_ALLOCATE|[17]|Bytes:4
11:33:03.0 (9232128)|VARIABLE_ASSIGNMENT|[17]|auMainTopCompCtrl.TYPE_SCREEN_SA_ENQUETE|55
11:33:03.0 (9235303)|STATEMENT_EXECUTE|[18]
11:33:03.0 (9236829)|HEAP_ALLOCATE|[18]|Bytes:4
11:33:03.0 (9241960)|VARIABLE_ASSIGNMENT|[18]|auMainTopCompCtrl.TYPE_SCREEN_SA_DOCUMENTS|56
11:33:03.0 (9245459)|STATEMENT_EXECUTE|[19]
11:33:03.0 (9246966)|HEAP_ALLOCATE|[19]|Bytes:4
11:33:03.0 (9252466)|VARIABLE_ASSIGNMENT|[19]|auMainTopCompCtrl.TYPE_SCREEN_SA_RANKING|57
11:33:03.0 (9261938)|METHOD_EXIT|[1]|auMainTopCompCtrl
11:33:03.0 (9267772)|HEAP_ALLOCATE|[EXTERNAL]|Bytes:40
11:33:03.0 (9278361)|VARIABLE_ASSIGNMENT|[EXTERNAL]|this.iCountComments|null|0x4c7befbb
11:33:03.0 (9339769)|SYSTEM_MODE_ENTER|true
11:33:03.0 (9356139)|HEAP_ALLOCATE|[EXTERNAL]|Bytes:40
11:33:03.0 (9363533)|VARIABLE_ASSIGNMENT|[EXTERNAL]|this.iCountLikes|null|0x4c7befbb
11:33:03.0 (9539978)|SYSTEM_MODE_ENTER|true
11:33:03.0 (9748849)|HEAP_ALLOCATE|[EXTERNAL]|Bytes:644
11:33:03.0 (9759132)|HEAP_ALLOCATE|[EXTERNAL]|Bytes:160
11:33:03.0 (9763982)|HEAP_ALLOCATE|[EXTERNAL]|Bytes:134
11:33:03.0 (9768041)|HEAP_ALLOCATE|[EXTERNAL]|Bytes:1
11:33:03.0 (9780437)|VARIABLE_ASSIGNMENT|[EXTERNAL]|saReportCtrl.CASES_CHARACTER|"件"
11:33:03.0 (9785471)|HEAP_ALLOCATE|[EXTERNAL]|Bytes:4
11:33:03.0 (9790969)|VARIABLE_ASSIGNMENT|[EXTERNAL]|saReportCtrl.SEARCH_COUNT_NUMBER100|"100件"
11:33:03.0 (9795340)|HEAP_ALLOCATE|[EXTERNAL]|Bytes:3
11:33:03.0 (9800256)|VARIABLE_ASSIGNMENT|[EXTERNAL]|saReportCtrl.SEARCH_COUNT_NUMBER20|"20件"
11:33:03.0 (9804358)|HEAP_ALLOCATE|[EXTERNAL]|Bytes:3
11:33:03.0 (9809511)|VARIABLE_ASSIGNMENT|[EXTERNAL]|saReportCtrl.SEARCH_COUNT_NUMBER50|"50件"
11:33:03.0 (9812885)|HEAP_ALLOCATE|[EXTERNAL]|Bytes:4
11:33:03.0 (9818032)|VARIABLE_ASSIGNMENT|[EXTERNAL]|saReportCtrl.SORTED_BY_FAVORITES_LABEL|"いいね順"
11:33:03.0 (9821583)|HEAP_ALLOCATE|[EXTERNAL]|Bytes:4
11:33:03.0 (9826818)|VARIABLE_ASSIGNMENT|[EXTERNAL]|saReportCtrl.SORTED_BY_FAVORITES_VALUE|"いいね順"
11:33:03.0 (9830451)|HEAP_ALLOCATE|[EXTERNAL]|Bytes:3
11:33:03.0 (9835784)|VARIABLE_ASSIGNMENT|[EXTERNAL]|saReportCtrl.SORTED_BY_NEWS_LABEL|"NEW"
11:33:03.0 (9839482)|HEAP_ALLOCATE|[EXTERNAL]|Bytes:3
11:33:03.0 (9844489)|VARIABLE_ASSIGNMENT|[EXTERNAL]|saReportCtrl.SORTED_BY_NEWS_VALUE|"NEW"
11:33:03.0 (9847978)|HEAP_ALLOCATE|[EXTERNAL]|Bytes:1
11:33:03.0 (9853062)|VARIABLE_ASSIGNMENT|[EXTERNAL]|saReportCtrl.SORTED_BY_NONE_LABEL|" "
11:33:03.0 (9856384)|HEAP_ALLOCATE|[EXTERNAL]|Bytes:1
11:33:03.0 (9861376)|VARIABLE_ASSIGNMENT|[EXTERNAL]|saReportCtrl.SORTED_BY_NONE_VALUE|" "
11:33:03.0 (9867394)|HEAP_ALLOCATE|[EXTERNAL]|Bytes:4
11:33:03.0 (9873372)|VARIABLE_ASSIGNMENT|[EXTERNAL]|saReportCtrl.SORTED_BY_NUMBER_OF_VIEWS_LABEL|"閲覧数順"
11:33:03.0 (9877084)|HEAP_ALLOCATE|[EXTERNAL]|Bytes:4
11:33:03.0 (9882800)|VARIABLE_ASSIGNMENT|[EXTERNAL]|saReportCtrl.SORTED_BY_NUMBER_OF_VIEWS_VALUE|"閲覧数順"
11:33:03.0 (9887805)|HEAP_ALLOCATE|[EXTERNAL]|Bytes:4
11:33:03.0 (9893520)|VARIABLE_ASSIGNMENT|[EXTERNAL]|saReportCtrl.SORTED_BY_RELEASE_DATES_LABEL|"公開日時"
11:33:03.0 (9897498)|HEAP_ALLOCATE|[EXTERNAL]|Bytes:4
11:33:03.0 (9902772)|VARIABLE_ASSIGNMENT|[EXTERNAL]|saReportCtrl.SORTED_BY_RELEASE_DATES_VALUE|"公開日時"
11:33:03.0 (9910790)|METHOD_ENTRY|[1]|01pN0000000aEUV|saReportCtrl.saReportCtrl()
11:33:03.0 (9915441)|STATEMENT_EXECUTE|[1]
11:33:03.0 (9917789)|STATEMENT_EXECUTE|[1]
11:33:03.0 (9931617)|SYSTEM_MODE_ENTER|false
11:33:03.0 (9941948)|HEAP_ALLOCATE|[EXTERNAL]|Bytes:5
11:33:03.0 (9949819)|SYSTEM_MODE_EXIT|false
11:33:03.0 (9957050)|METHOD_EXIT|[1]|saReportCtrl
11:33:03.0 (9962200)|HEAP_ALLOCATE|[EXTERNAL]|Bytes:120
11:33:03.0 (9968302)|VARIABLE_SCOPE_BEGIN|[62]|this|saReportCtrl|true|false
11:33:03.0 (10075790)|VARIABLE_ASSIGNMENT|[62]|this|{"categoryDataOptions":"0x576dd75e","countDataOptions":"0x73d75250","currentDay":"2018-03-12T02:33:02.001Z","currentDayMinusSeven":"2018-03-05T02:33:02.001Z","filterDateEnd":"","filterDateStart":"","filteredRecords":"0x60426da6","filterKeyword":"","isFromHome":true,"isGoodSelected":true,"isNew":true,"isTrySelected":false,"isVeryGoodSelected":false,"listOfCategory":"0x5081fe5","listOfSAReports":"0x3ce6ef3d","newCommentValue":"","numberOfGoodViews":1,"numberOfManagedViews":1,"reportComments":"0x756a7f23","reportGoodViews":"0x6b61375","reportManagedViews":"0x4304d371","selectedCategoryData":"新iPhone","selectedCountData":"20","selectedReport":"0x4890432b","selectedReportName":"SA_Report-00000001","selectedSortData":" ","sortDataOptions":"0x6ea5be7d"}|0x7923918a
11:33:03.0 (10103492)|SYSTEM_MODE_ENTER|false
11:33:03.0 (10109637)|HEAP_ALLOCATE|[62]|Bytes:5
11:33:03.0 (10114171)|STATEMENT_EXECUTE|[62]
11:33:03.0 (10115816)|STATEMENT_EXECUTE|[62]
11:33:03.0 (10120505)|SYSTEM_MODE_EXIT|false
11:33:03.0 (10183461)|SYSTEM_MODE_ENTER|true
11:33:03.0 (10201515)|HEAP_ALLOCATE|[EXTERNAL]|Bytes:8
11:33:03.0 (10205747)|HEAP_ALLOCATE|[EXTERNAL]|Bytes:40
11:33:03.0 (10214058)|VARIABLE_ASSIGNMENT|[EXTERNAL]|this.iTypeOfScreen|52|0x4c7befbb
11:33:03.0 (10350310)|SYSTEM_MODE_ENTER|true
11:33:03.0 (10544079)|SYSTEM_MODE_ENTER|true
11:33:03.0 (11205097)|SYSTEM_MODE_ENTER|true
11:33:03.0 (11479011)|SYSTEM_MODE_ENTER|true
11:33:03.0 (12882781)|SYSTEM_MODE_ENTER|true
11:33:03.0 (12956332)|SYSTEM_MODE_ENTER|true
11:33:03.0 (13040003)|SYSTEM_MODE_ENTER|true
11:33:03.0 (13121826)|SYSTEM_MODE_ENTER|true
11:33:03.0 (13233536)|SYSTEM_MODE_ENTER|true
11:33:03.0 (13328709)|SYSTEM_MODE_ENTER|true
11:33:03.0 (13435418)|SYSTEM_MODE_ENTER|true
11:33:03.0 (13525902)|SYSTEM_MODE_ENTER|true
11:33:03.0 (15147433)|SYSTEM_MODE_ENTER|true
11:33:03.0 (15208230)|SYSTEM_MODE_ENTER|true
11:33:03.0 (15258507)|SYSTEM_MODE_ENTER|true
11:33:03.0 (15357259)|SYSTEM_MODE_ENTER|true
11:33:03.0 (15438270)|SYSTEM_MODE_ENTER|true
11:33:03.0 (15504379)|SYSTEM_MODE_ENTER|true
11:33:03.0 (15562696)|SYSTEM_MODE_ENTER|true
11:33:03.0 (15618789)|SYSTEM_MODE_ENTER|true
11:33:03.0 (15671982)|SYSTEM_MODE_ENTER|true
11:33:03.0 (16143690)|SYSTEM_MODE_ENTER|true
11:33:03.0 (16163070)|HEAP_ALLOCATE|[EXTERNAL]|Bytes:40
11:33:03.0 (16174369)|VARIABLE_ASSIGNMENT|[EXTERNAL]|this.iCountComments|null|0x4c7befbb
11:33:03.0 (16211645)|SYSTEM_MODE_ENTER|true
11:33:03.0 (16224143)|HEAP_ALLOCATE|[EXTERNAL]|Bytes:40
11:33:03.0 (16231300)|VARIABLE_ASSIGNMENT|[EXTERNAL]|this.iCountLikes|null|0x4c7befbb
11:33:03.0 (16286263)|SYSTEM_MODE_ENTER|true
11:33:03.0 (16301078)|HEAP_ALLOCATE|[EXTERNAL]|Bytes:8
11:33:03.0 (16305583)|HEAP_ALLOCATE|[EXTERNAL]|Bytes:40
11:33:03.0 (16313010)|VARIABLE_ASSIGNMENT|[EXTERNAL]|this.iTypeOfScreen|52|0x4c7befbb
11:33:03.0 (17444156)|SYSTEM_MODE_ENTER|true
11:33:03.0 (17466694)|HEAP_ALLOCATE|[EXTERNAL]|Bytes:120
11:33:03.0 (17481895)|VARIABLE_ASSIGNMENT|[EXTERNAL]|this.filterKeyword|""|0x7923918a
11:33:03.0 (17512485)|SYSTEM_MODE_ENTER|true
11:33:03.0 (17527195)|HEAP_ALLOCATE|[EXTERNAL]|Bytes:120
11:33:03.0 (17534519)|VARIABLE_ASSIGNMENT|[EXTERNAL]|this.filterDateStart|""|0x7923918a
11:33:03.0 (17558618)|SYSTEM_MODE_ENTER|true
11:33:03.0 (17570914)|HEAP_ALLOCATE|[EXTERNAL]|Bytes:120
11:33:03.0 (17577581)|VARIABLE_ASSIGNMENT|[EXTERNAL]|this.filterDateEnd|""|0x7923918a
11:33:03.0 (17609085)|SYSTEM_MODE_ENTER|true
11:33:03.0 (17622285)|HEAP_ALLOCATE|[EXTERNAL]|Bytes:7
11:33:03.0 (17626680)|HEAP_ALLOCATE|[EXTERNAL]|Bytes:120
11:33:03.0 (17635254)|VARIABLE_ASSIGNMENT|[EXTERNAL]|this.selectedCategoryData|"新iPhone"|0x7923918a
11:33:03.0 (17679951)|SYSTEM_MODE_ENTER|true
11:33:03.0 (17699291)|HEAP_ALLOCATE|[EXTERNAL]|Bytes:1
11:33:03.0 (17703735)|HEAP_ALLOCATE|[EXTERNAL]|Bytes:120
11:33:03.0 (17711369)|VARIABLE_ASSIGNMENT|[EXTERNAL]|this.selectedSortData|" "|0x7923918a
11:33:03.0 (17739296)|SYSTEM_MODE_ENTER|true
11:33:03.0 (17752096)|HEAP_ALLOCATE|[EXTERNAL]|Bytes:2
11:33:03.0 (17755743)|HEAP_ALLOCATE|[EXTERNAL]|Bytes:120
11:33:03.0 (17762213)|VARIABLE_ASSIGNMENT|[EXTERNAL]|this.selectedCountData|"20"|0x7923918a
11:33:03.0 (17885768)|SYSTEM_MODE_ENTER|true
11:33:03.0 (17943470)|SYSTEM_MODE_ENTER|true
11:33:03.0 (17993319)|SYSTEM_MODE_ENTER|true
11:33:03.0 (18043106)|SYSTEM_MODE_ENTER|true
11:33:03.0 (18086623)|SYSTEM_MODE_ENTER|true
11:33:03.0 (18101762)|HEAP_ALLOCATE|[EXTERNAL]|Bytes:120
11:33:03.0 (18110617)|VARIABLE_ASSIGNMENT|[EXTERNAL]|this.newCommentValue|""|0x7923918a
11:33:03.0 (18146376)|SYSTEM_MODE_ENTER|true
11:33:03.0 (18424082)|SYSTEM_MODE_ENTER|true
11:33:03.0 (18442733)|HEAP_ALLOCATE|[EXTERNAL]|Bytes:18
11:33:03.0 (18448493)|HEAP_ALLOCATE|[EXTERNAL]|Bytes:120
11:33:03.0 (18458426)|VARIABLE_ASSIGNMENT|[EXTERNAL]|this.selectedReportName|"SA_Report-00000001"|0x7923918a
11:33:03.0 (18506606)|SYSTEM_MODE_ENTER|true
11:33:03.0 (18522375)|HEAP_ALLOCATE|[EXTERNAL]|Bytes:5
11:33:03.0 (18526560)|HEAP_ALLOCATE|[EXTERNAL]|Bytes:120
11:33:03.0 (18533859)|VARIABLE_ASSIGNMENT|[EXTERNAL]|this.isFromHome|true|0x7923918a
11:33:03.0 (18676448)|HEAP_ALLOCATE|[EXTERNAL]|Bytes:120
11:33:03.0 (18686991)|VARIABLE_SCOPE_BEGIN|[434]|this|saReportCtrl|true|false
11:33:03.0 (18763105)|VARIABLE_ASSIGNMENT|[434]|this|{"categoryDataOptions":"0x576dd75e","countDataOptions":"0x73d75250","currentDay":"2018-03-12T02:33:02.001Z","currentDayMinusSeven":"2018-03-05T02:33:02.001Z","filterDateEnd":"","filterDateStart":"","filteredRecords":"0x60426da6","filterKeyword":"","isFromHome":true,"isGoodSelected":true,"isNew":true,"isTrySelected":false,"isVeryGoodSelected":false,"listOfCategory":"0x5081fe5","listOfSAReports":"0x3ce6ef3d","newCommentValue":"","numberOfGoodViews":1,"numberOfManagedViews":1,"reportComments":"0x756a7f23","reportGoodViews":"0x6b61375","reportManagedViews":"0x4304d371","selectedCategoryData":"新iPhone","selectedCountData":"20","selectedReport":"0x4890432b","selectedReportName":"SA_Report-00000001","selectedSortData":" ","sortDataOptions":"0x6ea5be7d"}|0x7923918a
11:33:03.0 (18790103)|SYSTEM_MODE_ENTER|false
11:33:03.0 (18796644)|HEAP_ALLOCATE|[436]|Bytes:5
11:33:03.0 (18801797)|STATEMENT_EXECUTE|[434]
11:33:03.0 (18803918)|STATEMENT_EXECUTE|[436]
11:33:03.0 (18807290)|HEAP_ALLOCATE|[436]|Bytes:38
11:33:03.0 (18848205)|USER_DEBUG|[436]|DEBUG|Run: initSelectedReportDetailsFromHome
11:33:03.0 (18858759)|STATEMENT_EXECUTE|[438]
11:33:03.0 (18937551)|VARIABLE_ASSIGNMENT|[EXTERNAL]|this|{"categoryDataOptions":"0x576dd75e","countDataOptions":"0x73d75250","currentDay":"2018-03-12T02:33:02.001Z","currentDayMinusSeven":"2018-03-05T02:33:02.001Z","filterDateEnd":"","filterDateStart":"","filteredRecords":"0x60426da6","filterKeyword":"","isFromHome":true,"isGoodSelected":true,"isNew":true,"isTrySelected":false,"isVeryGoodSelected":false,"listOfCategory":"0x5081fe5","listOfSAReports":"0x3ce6ef3d","newCommentValue":"","numberOfGoodViews":1,"numberOfManagedViews":1,"reportComments":"0x756a7f23","reportGoodViews":"0x6b61375","reportManagedViews":"0x4304d371","selectedCategoryData":"新iPhone","selectedCountData":"20","selectedReport":"0x4890432b","selectedReportName":"SA_Report-00000001","selectedSortData":" ","sortDataOptions":"0x6ea5be7d"}|0x7923918a
11:33:03.0 (18955434)|VARIABLE_ASSIGNMENT|[EXTERNAL]|value|false
11:33:03.0 (18962837)|HEAP_ALLOCATE|[40]|Bytes:5
11:33:03.0 (18972287)|VARIABLE_ASSIGNMENT|[40]|this.isFromHome|false|0x7923918a
11:33:03.0 (18981977)|STATEMENT_EXECUTE|[440]
11:33:03.0 (18985293)|HEAP_ALLOCATE|[440]|Bytes:21
11:33:03.0 (19050793)|VARIABLE_ASSIGNMENT|[EXTERNAL]|this|{"categoryDataOptions":"0x576dd75e","countDataOptions":"0x73d75250","currentDay":"2018-03-12T02:33:02.001Z","currentDayMinusSeven":"2018-03-05T02:33:02.001Z","filterDateEnd":"","filterDateStart":"","filteredRecords":"0x60426da6","filterKeyword":"","isFromHome":false,"isGoodSelected":true,"isNew":true,"isTrySelected":false,"isVeryGoodSelected":false,"listOfCategory":"0x5081fe5","listOfSAReports":"0x3ce6ef3d","newCommentValue":"","numberOfGoodViews":1,"numberOfManagedViews":1,"reportComments":"0x756a7f23","reportGoodViews":"0x6b61375","reportManagedViews":"0x4304d371","selectedCategoryData":"新iPhone","selectedCountData":"20","selectedReport":"0x4890432b","selectedReportName":"SA_Report-00000001","selectedSortData":" ","sortDataOptions":"0x6ea5be7d"}|0x7923918a
11:33:03.0 (19103734)|HEAP_ALLOCATE|[440]|Bytes:5
11:33:03.0 (19122002)|HEAP_ALLOCATE|[440]|Bytes:26
11:33:03.0 (19132161)|USER_DEBUG|[440]|DEBUG|Check Home is false: false
11:33:03.0 (19138998)|STATEMENT_EXECUTE|[442]
11:33:03.0 (19158385)|METHOD_ENTRY|[442]|01pN0000000aEUV|saReportCtrl.initSelectedReportDetails()
11:33:03.0 (19170887)|VARIABLE_SCOPE_BEGIN|[453]|this|saReportCtrl|true|false
11:33:03.0 (19230035)|VARIABLE_ASSIGNMENT|[453]|this|{"categoryDataOptions":"0x576dd75e","countDataOptions":"0x73d75250","currentDay":"2018-03-12T02:33:02.001Z","currentDayMinusSeven":"2018-03-05T02:33:02.001Z","filterDateEnd":"","filterDateStart":"","filteredRecords":"0x60426da6","filterKeyword":"","isFromHome":false,"isGoodSelected":true,"isNew":true,"isTrySelected":false,"isVeryGoodSelected":false,"listOfCategory":"0x5081fe5","listOfSAReports":"0x3ce6ef3d","newCommentValue":"","numberOfGoodViews":1,"numberOfManagedViews":1,"reportComments":"0x756a7f23","reportGoodViews":"0x6b61375","reportManagedViews":"0x4304d371","selectedCategoryData":"新iPhone","selectedCountData":"20","selectedReport":"0x4890432b","selectedReportName":"SA_Report-00000001","selectedSortData":" ","sortDataOptions":"0x6ea5be7d"}|0x7923918a
11:33:03.0 (19254133)|HEAP_ALLOCATE|[455]|Bytes:5
11:33:03.0 (19259120)|STATEMENT_EXECUTE|[453]
11:33:03.0 (19260691)|STATEMENT_EXECUTE|[455]
11:33:03.0 (19263161)|HEAP_ALLOCATE|[455]|Bytes:30
11:33:03.0 (19278296)|USER_DEBUG|[455]|DEBUG|Run: initSelectedReportDetails
11:33:03.0 (19286000)|STATEMENT_EXECUTE|[456]
11:33:03.0 (19288413)|HEAP_ALLOCATE|[456]|Bytes:14
11:33:03.0 (19350237)|VARIABLE_ASSIGNMENT|[EXTERNAL]|this|{"categoryDataOptions":"0x576dd75e","countDataOptions":"0x73d75250","currentDay":"2018-03-12T02:33:02.001Z","currentDayMinusSeven":"2018-03-05T02:33:02.001Z","filterDateEnd":"","filterDateStart":"","filteredRecords":"0x60426da6","filterKeyword":"","isFromHome":false,"isGoodSelected":true,"isNew":true,"isTrySelected":false,"isVeryGoodSelected":false,"listOfCategory":"0x5081fe5","listOfSAReports":"0x3ce6ef3d","newCommentValue":"","numberOfGoodViews":1,"numberOfManagedViews":1,"reportComments":"0x756a7f23","reportGoodViews":"0x6b61375","reportManagedViews":"0x4304d371","selectedCategoryData":"新iPhone","selectedCountData":"20","selectedReport":"0x4890432b","selectedReportName":"SA_Report-00000001","selectedSortData":" ","sortDataOptions":"0x6ea5be7d"}|0x7923918a
11:33:03.0 (19381698)|HEAP_ALLOCATE|[456]|Bytes:5
11:33:03.0 (19394043)|HEAP_ALLOCATE|[456]|Bytes:19
11:33:03.0 (19401758)|USER_DEBUG|[456]|DEBUG|Check Source: false
11:33:03.0 (19408087)|STATEMENT_EXECUTE|[458]
11:33:03.0 (19487629)|HEAP_ALLOCATE|[458]|Bytes:576
11:33:03.0 (19534905)|HEAP_ALLOCATE|[458]|Bytes:558
11:33:03.0 (19557475)|HEAP_ALLOCATE|[458]|Bytes:13
11:33:03.0 (19642375)|VARIABLE_ASSIGNMENT|[EXTERNAL]|this|{"categoryDataOptions":"0x576dd75e","countDataOptions":"0x73d75250","currentDay":"2018-03-12T02:33:02.001Z","currentDayMinusSeven":"2018-03-05T02:33:02.001Z","filterDateEnd":"","filterDateStart":"","filteredRecords":"0x60426da6","filterKeyword":"","isFromHome":false,"isGoodSelected":true,"isNew":true,"isTrySelected":false,"isVeryGoodSelected":false,"listOfCategory":"0x5081fe5","listOfSAReports":"0x3ce6ef3d","newCommentValue":"","numberOfGoodViews":1,"numberOfManagedViews":1,"reportComments":"0x756a7f23","reportGoodViews":"0x6b61375","reportManagedViews":"0x4304d371","selectedCategoryData":"新iPhone","selectedCountData":"20","selectedReport":"0x4890432b","selectedReportName":"SA_Report-00000001","selectedSortData":" ","sortDataOptions":"0x6ea5be7d"}|0x7923918a
11:33:03.0 (19659811)|VARIABLE_ASSIGNMENT|[EXTERNAL]|value|"SA_Report-00000001"
11:33:03.0 (19669965)|VARIABLE_ASSIGNMENT|[35]|this.selectedReportName|"SA_Report-00000001"|0x7923918a
11:33:03.0 (19677911)|STATEMENT_EXECUTE|[461]
11:33:03.0 (19680760)|HEAP_ALLOCATE|[461]|Bytes:176
11:33:03.0 (19751899)|VARIABLE_ASSIGNMENT|[EXTERNAL]|this|{"categoryDataOptions":"0x576dd75e","countDataOptions":"0x73d75250","currentDay":"2018-03-12T02:33:02.001Z","currentDayMinusSeven":"2018-03-05T02:33:02.001Z","filterDateEnd":"","filterDateStart":"","filteredRecords":"0x60426da6","filterKeyword":"","isFromHome":false,"isGoodSelected":true,"isNew":true,"isTrySelected":false,"isVeryGoodSelected":false,"listOfCategory":"0x5081fe5","listOfSAReports":"0x3ce6ef3d","newCommentValue":"","numberOfGoodViews":1,"numberOfManagedViews":1,"reportComments":"0x756a7f23","reportGoodViews":"0x6b61375","reportManagedViews":"0x4304d371","selectedCategoryData":"新iPhone","selectedCountData":"20","selectedReport":"0x4890432b","selectedReportName":"SA_Report-00000001","selectedSortData":" ","sortDataOptions":"0x6ea5be7d"}|0x7923918a
11:33:03.0 (19771337)|HEAP_ALLOCATE|[461]|Bytes:30
11:33:03.0 (19781255)|HEAP_ALLOCATE|[461]|Bytes:224
11:33:03.0 (19787437)|VARIABLE_SCOPE_BEGIN|[461]|queryStr|String|false|false
11:33:03.0 (19799285)|VARIABLE_ASSIGNMENT|[461]|queryStr|" SELECT Name, Subjec (204 more) ..."
11:33:03.0 (19803796)|STATEMENT_EXECUTE|[462]
11:33:03.0 (20248602)|SOQL_EXECUTE_BEGIN|[462]|Aggregations:0| SELECT Name, Subject__c, Category__c, Process__c, Report_body__c, CreatedBy__r.DisplayedUsernameFormula__c, CreatedDate__c, AvailabilityDate__c FROM saReport__c WHERE Name = 'SA_Report-00000001' ORDER BY CreatedDate__c Desc
11:33:03.0 (27716585)|SOQL_EXECUTE_END|[462]|Rows:1
11:33:03.0 (27744291)|HEAP_ALLOCATE|[462]|Bytes:8
11:33:03.0 (27771291)|HEAP_ALLOCATE|[462]|Bytes:341
11:33:03.0 (27805953)|HEAP_ALLOCATE|[462]|Bytes:8
11:33:03.0 (27823623)|VARIABLE_SCOPE_BEGIN|[462]|selectedReportList|List<saReport__c>|true|false
11:33:03.0 (27860859)|VARIABLE_ASSIGNMENT|[462]|selectedReportList|[{"Name":"SA_Report-00000001","Subject__c":"新iPhoneの販売について","Category__c":"新iPhone","Process__c":"声掛け","Report_body__c":"It should have comme (12 more) ...","CreatedBy__c":"005N00000057PfOIAU","CreatedDate__c":"2018-03-06T01:59:00.000Z","AvailabilityDate__c":"2018-03-09T05:34:00.000Z","Id":"a0HN0000008OfbOMAS","CreatedBy__r":{"DisplayedUsernameFor (7 more) ...":"Remy Thomas","Id":"005N00000057PfOIAU"}}]|0x16fbb45b
11:33:03.0 (27872547)|STATEMENT_EXECUTE|[464]
11:33:03.0 (27932138)|HEAP_ALLOCATE|[464]|Bytes:44
11:33:03.0 (28016256)|VARIABLE_ASSIGNMENT|[EXTERNAL]|this|{"categoryDataOptions":"0x576dd75e","countDataOptions":"0x73d75250","currentDay":"2018-03-12T02:33:02.001Z","currentDayMinusSeven":"2018-03-05T02:33:02.001Z","filterDateEnd":"","filterDateStart":"","filteredRecords":"0x60426da6","filterKeyword":"","isFromHome":false,"isGoodSelected":true,"isNew":true,"isTrySelected":false,"isVeryGoodSelected":false,"listOfCategory":"0x5081fe5","listOfSAReports":"0x3ce6ef3d","newCommentValue":"","numberOfGoodViews":1,"numberOfManagedViews":1,"reportComments":"0x756a7f23","reportGoodViews":"0x6b61375","reportManagedViews":"0x4304d371","selectedCategoryData":"新iPhone","selectedCountData":"20","selectedReport":"0x4890432b","selectedReportName":"SA_Report-00000001","selectedSortData":" ","sortDataOptions":"0x6ea5be7d"}|0x7923918a
11:33:03.0 (28050482)|VARIABLE_ASSIGNMENT|[EXTERNAL]|value|{"Name":"SA_Report-00000001","Subject__c":"新iPhoneの販売について","Category__c":"新iPhone","Process__c":"声掛け","Report_body__c":"It should have comme (12 more) ...","CreatedBy__c":"005N00000057PfOIAU","CreatedDate__c":"2018-03-06T01:59:00.000Z","AvailabilityDate__c":"2018-03-09T05:34:00.000Z","Id":"a0HN0000008OfbOMAS","CreatedBy__r":{"DisplayedUsernameFor (7 more) ...":"Remy Thomas","Id":"005N00000057PfOIAU"}}|0x6ede2ccb
11:33:03.0 (28076898)|VARIABLE_ASSIGNMENT|[34]|this.selectedReport|{"Name":"SA_Report-00000001","Subject__c":"新iPhoneの販売について","Category__c":"新iPhone","Process__c":"声掛け","Report_body__c":"It should have comme (12 more) ...","CreatedBy__c":"005N00000057PfOIAU","CreatedDate__c":"2018-03-06T01:59:00.000Z","AvailabilityDate__c":"2018-03-09T05:34:00.000Z","Id":"a0HN0000008OfbOMAS","CreatedBy__r":{"DisplayedUsernameFor (7 more) ...":"Remy Thomas","Id":"005N00000057PfOIAU"}}|0x7923918a
11:33:03.0 (28158526)|VARIABLE_ASSIGNMENT|[EXTERNAL]|this|{"categoryDataOptions":"0x576dd75e","countDataOptions":"0x73d75250","currentDay":"2018-03-12T02:33:02.001Z","currentDayMinusSeven":"2018-03-05T02:33:02.001Z","filterDateEnd":"","filterDateStart":"","filteredRecords":"0x60426da6","filterKeyword":"","isFromHome":false,"isGoodSelected":true,"isNew":true,"isTrySelected":false,"isVeryGoodSelected":false,"listOfCategory":"0x5081fe5","listOfSAReports":"0x3ce6ef3d","newCommentValue":"","numberOfGoodViews":1,"numberOfManagedViews":1,"reportComments":"0x756a7f23","reportGoodViews":"0x6b61375","reportManagedViews":"0x4304d371","selectedCategoryData":"新iPhone","selectedCountData":"20","selectedReport":"0x6ede2ccb","selectedReportName":"SA_Report-00000001","selectedSortData":" ","sortDataOptions":"0x6ea5be7d"}|0x7923918a
11:33:03.0 (28220604)|HEAP_ALLOCATE|[466]|Bytes:56
11:33:03.0 (28300740)|VARIABLE_ASSIGNMENT|[EXTERNAL]|this|{"categoryDataOptions":"0x576dd75e","countDataOptions":"0x73d75250","currentDay":"2018-03-12T02:33:02.001Z","currentDayMinusSeven":"2018-03-05T02:33:02.001Z","filterDateEnd":"","filterDateStart":"","filteredRecords":"0x60426da6","filterKeyword":"","isFromHome":false,"isGoodSelected":true,"isNew":true,"isTrySelected":false,"isVeryGoodSelected":false,"listOfCategory":"0x5081fe5","listOfSAReports":"0x3ce6ef3d","newCommentValue":"","numberOfGoodViews":1,"numberOfManagedViews":1,"reportComments":"0x756a7f23","reportGoodViews":"0x6b61375","reportManagedViews":"0x4304d371","selectedCategoryData":"新iPhone","selectedCountData":"20","selectedReport":"0x6ede2ccb","selectedReportName":"SA_Report-00000001","selectedSortData":" ","sortDataOptions":"0x6ea5be7d"}|0x7923918a
11:33:03.0 (28332267)|HEAP_ALLOCATE|[466]|Bytes:56
11:33:03.0 (28350776)|HEAP_ALLOCATE|[466]|Bytes:56
11:33:03.0 (28364801)|STATEMENT_EXECUTE|[466]
11:33:03.0 (28366659)|STATEMENT_EXECUTE|[467]
11:33:03.0 (28437495)|VARIABLE_ASSIGNMENT|[EXTERNAL]|this|{"categoryDataOptions":"0x576dd75e","countDataOptions":"0x73d75250","currentDay":"2018-03-12T02:33:02.001Z","currentDayMinusSeven":"2018-03-05T02:33:02.001Z","filterDateEnd":"","filterDateStart":"","filteredRecords":"0x60426da6","filterKeyword":"","isFromHome":false,"isGoodSelected":true,"isNew":true,"isTrySelected":false,"isVeryGoodSelected":false,"listOfCategory":"0x5081fe5","listOfSAReports":"0x3ce6ef3d","newCommentValue":"","numberOfGoodViews":1,"numberOfManagedViews":1,"reportComments":"0x756a7f23","reportGoodViews":"0x6b61375","reportManagedViews":"0x4304d371","selectedCategoryData":"新iPhone","selectedCountData":"20","selectedReport":"0x6ede2ccb","selectedReportName":"SA_Report-00000001","selectedSortData":" ","sortDataOptions":"0x6ea5be7d"}|0x7923918a
11:33:03.0 (28456642)|VARIABLE_ASSIGNMENT|[EXTERNAL]|value|true
11:33:03.0 (28463059)|HEAP_ALLOCATE|[37]|Bytes:5
11:33:03.0 (28475368)|VARIABLE_ASSIGNMENT|[37]|this.isNew|true|0x7923918a
11:33:03.0 (28484303)|STATEMENT_EXECUTE|[472]
11:33:03.0 (28494016)|METHOD_ENTRY|[472]|01pN0000000aEUV|saReportCtrl.getReportDetailPageViews()
11:33:03.0 (28505286)|VARIABLE_SCOPE_BEGIN|[487]|this|saReportCtrl|true|false
11:33:03.0 (28561618)|VARIABLE_ASSIGNMENT|[487]|this|{"categoryDataOptions":"0x576dd75e","countDataOptions":"0x73d75250","currentDay":"2018-03-12T02:33:02.001Z","currentDayMinusSeven":"2018-03-05T02:33:02.001Z","filterDateEnd":"","filterDateStart":"","filteredRecords":"0x60426da6","filterKeyword":"","isFromHome":false,"isGoodSelected":true,"isNew":true,"isTrySelected":false,"isVeryGoodSelected":false,"listOfCategory":"0x5081fe5","listOfSAReports":"0x3ce6ef3d","newCommentValue":"","numberOfGoodViews":1,"numberOfManagedViews":1,"reportComments":"0x756a7f23","reportGoodViews":"0x6b61375","reportManagedViews":"0x4304d371","selectedCategoryData":"新iPhone","selectedCountData":"20","selectedReport":"0x6ede2ccb","selectedReportName":"SA_Report-00000001","selectedSortData":" ","sortDataOptions":"0x6ea5be7d"}|0x7923918a
11:33:03.0 (28586801)|HEAP_ALLOCATE|[489]|Bytes:5
11:33:03.0 (28591438)|STATEMENT_EXECUTE|[487]
11:33:03.0 (28592790)|STATEMENT_EXECUTE|[489]
11:33:03.0 (28595357)|HEAP_ALLOCATE|[489]|Bytes:29
11:33:03.0 (28614192)|USER_DEBUG|[489]|DEBUG|Run: getReportDetailPageViews
11:33:03.0 (28621763)|STATEMENT_EXECUTE|[492]
11:33:03.0 (28624459)|HEAP_ALLOCATE|[492]|Bytes:166
11:33:03.0 (28689042)|VARIABLE_ASSIGNMENT|[EXTERNAL]|this|{"categoryDataOptions":"0x576dd75e","countDataOptions":"0x73d75250","currentDay":"2018-03-12T02:33:02.001Z","currentDayMinusSeven":"2018-03-05T02:33:02.001Z","filterDateEnd":"","filterDateStart":"","filteredRecords":"0x60426da6","filterKeyword":"","isFromHome":false,"isGoodSelected":true,"isNew":true,"isTrySelected":false,"isVeryGoodSelected":false,"listOfCategory":"0x5081fe5","listOfSAReports":"0x3ce6ef3d","newCommentValue":"","numberOfGoodViews":1,"numberOfManagedViews":1,"reportComments":"0x756a7f23","reportGoodViews":"0x6b61375","reportManagedViews":"0x4304d371","selectedCategoryData":"新iPhone","selectedCountData":"20","selectedReport":"0x6ede2ccb","selectedReportName":"SA_Report-00000001","selectedSortData":" ","sortDataOptions":"0x6ea5be7d"}|0x7923918a
11:33:03.0 (28707817)|HEAP_ALLOCATE|[492]|Bytes:75
11:33:03.0 (28715532)|HEAP_ALLOCATE|[492]|Bytes:259
11:33:03.0 (28721016)|VARIABLE_SCOPE_BEGIN|[492]|queryStr|String|false|false
11:33:03.0 (28731635)|VARIABLE_ASSIGNMENT|[492]|queryStr|" SELECT Name, Create (239 more) ..."
11:33:03.0 (28735808)|STATEMENT_EXECUTE|[493]
11:33:03.0 (28738203)|HEAP_ALLOCATE|[493]|Bytes:19
11:33:03.0 (28743187)|HEAP_ALLOCATE|[493]|Bytes:278
11:33:03.0 (28757451)|USER_DEBUG|[493]|DEBUG|Requete Get Good :  SELECT Name, CreatedBy__r.DisplayedUsernameFormula__c, Type__c, Comment__c, CreatedDate__c, ConcernedReport__c FROM saReportDetail__c WHERE ConcernedReport__r.Name='SA_Report-00000001' And (Type__c='LIKE' OR Type__c='VERY_LIKE') ORDER BY CreatedDate__c Desc 
11:33:03.0 (28767036)|STATEMENT_EXECUTE|[494]
11:33:03.0 (29181329)|SOQL_EXECUTE_BEGIN|[494]|Aggregations:0| SELECT Name, CreatedBy__r.DisplayedUsernameFormula__c, Type__c, Comment__c, CreatedDate__c, ConcernedReport__c FROM saReportDetail__c WHERE ConcernedReport__r.Name='SA_Report-00000001' And (Type__c='LIKE' OR Type__c='VERY_LIKE') ORDER BY CreatedDate__c Desc 
11:33:03.0 (37019640)|SOQL_EXECUTE_END|[494]|Rows:1
11:33:03.0 (37040451)|HEAP_ALLOCATE|[494]|Bytes:8
11:33:03.0 (37055979)|HEAP_ALLOCATE|[494]|Bytes:252
11:33:03.0 (37087597)|HEAP_ALLOCATE|[494]|Bytes:8
11:33:03.0 (37182845)|VARIABLE_ASSIGNMENT|[EXTERNAL]|this|{"categoryDataOptions":"0x576dd75e","countDataOptions":"0x73d75250","currentDay":"2018-03-12T02:33:02.001Z","currentDayMinusSeven":"2018-03-05T02:33:02.001Z","filterDateEnd":"","filterDateStart":"","filteredRecords":"0x60426da6","filterKeyword":"","isFromHome":false,"isGoodSelected":true,"isNew":true,"isTrySelected":false,"isVeryGoodSelected":false,"listOfCategory":"0x5081fe5","listOfSAReports":"0x3ce6ef3d","newCommentValue":"","numberOfGoodViews":1,"numberOfManagedViews":1,"reportComments":"0x756a7f23","reportGoodViews":"0x6b61375","reportManagedViews":"0x4304d371","selectedCategoryData":"新iPhone","selectedCountData":"20","selectedReport":"0x6ede2ccb","selectedReportName":"SA_Report-00000001","selectedSortData":" ","sortDataOptions":"0x6ea5be7d"}|0x7923918a
11:33:03.0 (37213747)|VARIABLE_ASSIGNMENT|[EXTERNAL]|value|[{"Name":"SA_Detail-00000008","CreatedBy__c":"005N00000057PfOIAU","Type__c":"LIKE","CreatedDate__c":"2018-03-09T01:30:13.000Z","ConcernedReport__c":"a0HN0000008OfbOMAS","Id":"a0GN000000Bwz3OMAR","CreatedBy__r":{"DisplayedUsernameFor (7 more) ...":"Remy Thomas","Id":"005N00000057PfOIAU"}}]|0x7e017b89
11:33:03.0 (37236388)|VARIABLE_ASSIGNMENT|[67]|this.reportGoodViews|[{"Name":"SA_Detail-00000008","CreatedBy__c":"005N00000057PfOIAU","Type__c":"LIKE","CreatedDate__c":"2018-03-09T01:30:13.000Z","ConcernedReport__c":"a0HN0000008OfbOMAS","Id":"a0GN000000Bwz3OMAR","CreatedBy__r":{"DisplayedUsernameFor (7 more) ...":"Remy Thomas","Id":"005N00000057PfOIAU"}}]|0x7923918a
11:33:03.0 (37249248)|STATEMENT_EXECUTE|[495]
11:33:03.0 (37322726)|VARIABLE_ASSIGNMENT|[EXTERNAL]|this|{"categoryDataOptions":"0x576dd75e","countDataOptions":"0x73d75250","currentDay":"2018-03-12T02:33:02.001Z","currentDayMinusSeven":"2018-03-05T02:33:02.001Z","filterDateEnd":"","filterDateStart":"","filteredRecords":"0x60426da6","filterKeyword":"","isFromHome":false,"isGoodSelected":true,"isNew":true,"isTrySelected":false,"isVeryGoodSelected":false,"listOfCategory":"0x5081fe5","listOfSAReports":"0x3ce6ef3d","newCommentValue":"","numberOfGoodViews":1,"numberOfManagedViews":1,"reportComments":"0x756a7f23","reportGoodViews":"0x7e017b89","reportManagedViews":"0x4304d371","selectedCategoryData":"新iPhone","selectedCountData":"20","selectedReport":"0x6ede2ccb","selectedReportName":"SA_Report-00000001","selectedSortData":" ","sortDataOptions":"0x6ea5be7d"}|0x7923918a
11:33:03.0 (37428107)|VARIABLE_ASSIGNMENT|[EXTERNAL]|this|{"categoryDataOptions":"0x576dd75e","countDataOptions":"0x73d75250","currentDay":"2018-03-12T02:33:02.001Z","currentDayMinusSeven":"2018-03-05T02:33:02.001Z","filterDateEnd":"","filterDateStart":"","filteredRecords":"0x60426da6","filterKeyword":"","isFromHome":false,"isGoodSelected":true,"isNew":true,"isTrySelected":false,"isVeryGoodSelected":false,"listOfCategory":"0x5081fe5","listOfSAReports":"0x3ce6ef3d","newCommentValue":"","numberOfGoodViews":1,"numberOfManagedViews":1,"reportComments":"0x756a7f23","reportGoodViews":"0x7e017b89","reportManagedViews":"0x4304d371","selectedCategoryData":"新iPhone","selectedCountData":"20","selectedReport":"0x6ede2ccb","selectedReportName":"SA_Report-00000001","selectedSortData":" ","sortDataOptions":"0x6ea5be7d"}|0x7923918a
11:33:03.0 (37445024)|VARIABLE_ASSIGNMENT|[EXTERNAL]|value|1
11:33:03.0 (37450606)|HEAP_ALLOCATE|[68]|Bytes:4
11:33:03.0 (37458552)|VARIABLE_ASSIGNMENT|[68]|this.numberOfGoodViews|1|0x7923918a
11:33:03.0 (37472351)|STATEMENT_EXECUTE|[498]
11:33:03.0 (37537461)|VARIABLE_ASSIGNMENT|[EXTERNAL]|this|{"categoryDataOptions":"0x576dd75e","countDataOptions":"0x73d75250","currentDay":"2018-03-12T02:33:02.001Z","currentDayMinusSeven":"2018-03-05T02:33:02.001Z","filterDateEnd":"","filterDateStart":"","filteredRecords":"0x60426da6","filterKeyword":"","isFromHome":false,"isGoodSelected":true,"isNew":true,"isTrySelected":false,"isVeryGoodSelected":false,"listOfCategory":"0x5081fe5","listOfSAReports":"0x3ce6ef3d","newCommentValue":"","numberOfGoodViews":1,"numberOfManagedViews":1,"reportComments":"0x756a7f23","reportGoodViews":"0x7e017b89","reportManagedViews":"0x4304d371","selectedCategoryData":"新iPhone","selectedCountData":"20","selectedReport":"0x6ede2ccb","selectedReportName":"SA_Report-00000001","selectedSortData":" ","sortDataOptions":"0x6ea5be7d"}|0x7923918a
11:33:03.0 (37556884)|HEAP_ALLOCATE|[498]|Bytes:50
11:33:03.0 (37565164)|HEAP_ALLOCATE|[498]|Bytes:234
11:33:03.0 (37574388)|VARIABLE_ASSIGNMENT|[498]|queryStr|" SELECT Name, Create (214 more) ..."
11:33:03.0 (37579573)|STATEMENT_EXECUTE|[499]
11:33:03.0 (37581951)|HEAP_ALLOCATE|[499]|Bytes:18
11:33:03.0 (37588631)|HEAP_ALLOCATE|[499]|Bytes:252
11:33:03.0 (37606372)|USER_DEBUG|[499]|DEBUG|Requete Get Bad :  SELECT Name, CreatedBy__r.DisplayedUsernameFormula__c, Type__c, Comment__c, CreatedDate__c, ConcernedReport__c FROM saReportDetail__c WHERE ConcernedReport__r.Name='SA_Report-00000001' And Type__c='COPY' ORDER BY CreatedDate__c Desc 
11:33:03.0 (37616294)|STATEMENT_EXECUTE|[500]
11:33:03.0 (37952599)|SOQL_EXECUTE_BEGIN|[500]|Aggregations:0| SELECT Name, CreatedBy__r.DisplayedUsernameFormula__c, Type__c, Comment__c, CreatedDate__c, ConcernedReport__c FROM saReportDetail__c WHERE ConcernedReport__r.Name='SA_Report-00000001' And Type__c='COPY' ORDER BY CreatedDate__c Desc 
11:33:03.0 (43501269)|SOQL_EXECUTE_END|[500]|Rows:1
11:33:03.0 (43522099)|HEAP_ALLOCATE|[500]|Bytes:8
11:33:03.0 (43537847)|HEAP_ALLOCATE|[500]|Bytes:251
11:33:03.0 (43565632)|HEAP_ALLOCATE|[500]|Bytes:8
11:33:03.0 (43658809)|VARIABLE_ASSIGNMENT|[EXTERNAL]|this|{"categoryDataOptions":"0x576dd75e","countDataOptions":"0x73d75250","currentDay":"2018-03-12T02:33:02.001Z","currentDayMinusSeven":"2018-03-05T02:33:02.001Z","filterDateEnd":"","filterDateStart":"","filteredRecords":"0x60426da6","filterKeyword":"","isFromHome":false,"isGoodSelected":true,"isNew":true,"isTrySelected":false,"isVeryGoodSelected":false,"listOfCategory":"0x5081fe5","listOfSAReports":"0x3ce6ef3d","newCommentValue":"","numberOfGoodViews":1,"numberOfManagedViews":1,"reportComments":"0x756a7f23","reportGoodViews":"0x7e017b89","reportManagedViews":"0x4304d371","selectedCategoryData":"新iPhone","selectedCountData":"20","selectedReport":"0x6ede2ccb","selectedReportName":"SA_Report-00000001","selectedSortData":" ","sortDataOptions":"0x6ea5be7d"}|0x7923918a
11:33:03.0 (43688495)|VARIABLE_ASSIGNMENT|[EXTERNAL]|value|[{"Name":"SA_Detail-00000009","CreatedBy__c":"005N0000003dz53IAA","Type__c":"COPY","CreatedDate__c":"2018-03-09T07:15:17.000Z","ConcernedReport__c":"a0HN0000008OfbOMAS","Id":"a0GN000000Bwz55MAB","CreatedBy__r":{"DisplayedUsernameFor (7 more) ...":"支社S User S","Id":"005N0000003dz53IAA"}}]|0x3b56ac5f
11:33:03.0 (43712569)|VARIABLE_ASSIGNMENT|[69]|this.reportManagedViews|[{"Name":"SA_Detail-00000009","CreatedBy__c":"005N0000003dz53IAA","Type__c":"COPY","CreatedDate__c":"2018-03-09T07:15:17.000Z","ConcernedReport__c":"a0HN0000008OfbOMAS","Id":"a0GN000000Bwz55MAB","CreatedBy__r":{"DisplayedUsernameFor (7 more) ...":"支社S User S","Id":"005N0000003dz53IAA"}}]|0x7923918a
11:33:03.0 (43725816)|STATEMENT_EXECUTE|[501]
11:33:03.0 (43799630)|VARIABLE_ASSIGNMENT|[EXTERNAL]|this|{"categoryDataOptions":"0x576dd75e","countDataOptions":"0x73d75250","currentDay":"2018-03-12T02:33:02.001Z","currentDayMinusSeven":"2018-03-05T02:33:02.001Z","filterDateEnd":"","filterDateStart":"","filteredRecords":"0x60426da6","filterKeyword":"","isFromHome":false,"isGoodSelected":true,"isNew":true,"isTrySelected":false,"isVeryGoodSelected":false,"listOfCategory":"0x5081fe5","listOfSAReports":"0x3ce6ef3d","newCommentValue":"","numberOfGoodViews":1,"numberOfManagedViews":1,"reportComments":"0x756a7f23","reportGoodViews":"0x7e017b89","reportManagedViews":"0x3b56ac5f","selectedCategoryData":"新iPhone","selectedCountData":"20","selectedReport":"0x6ede2ccb","selectedReportName":"SA_Report-00000001","selectedSortData":" ","sortDataOptions":"0x6ea5be7d"}|0x7923918a
11:33:03.0 (43883350)|VARIABLE_ASSIGNMENT|[EXTERNAL]|this|{"categoryDataOptions":"0x576dd75e","countDataOptions":"0x73d75250","currentDay":"2018-03-12T02:33:02.001Z","currentDayMinusSeven":"2018-03-05T02:33:02.001Z","filterDateEnd":"","filterDateStart":"","filteredRecords":"0x60426da6","filterKeyword":"","isFromHome":false,"isGoodSelected":true,"isNew":true,"isTrySelected":false,"isVeryGoodSelected":false,"listOfCategory":"0x5081fe5","listOfSAReports":"0x3ce6ef3d","newCommentValue":"","numberOfGoodViews":1,"numberOfManagedViews":1,"reportComments":"0x756a7f23","reportGoodViews":"0x7e017b89","reportManagedViews":"0x3b56ac5f","selectedCategoryData":"新iPhone","selectedCountData":"20","selectedReport":"0x6ede2ccb","selectedReportName":"SA_Report-00000001","selectedSortData":" ","sortDataOptions":"0x6ea5be7d"}|0x7923918a
11:33:03.0 (43900267)|VARIABLE_ASSIGNMENT|[EXTERNAL]|value|1
11:33:03.0 (43905628)|HEAP_ALLOCATE|[70]|Bytes:4
11:33:03.0 (43913050)|VARIABLE_ASSIGNMENT|[70]|this.numberOfManagedViews|1|0x7923918a
11:33:03.0 (43926146)|METHOD_EXIT|[472]|01pN0000000aEUV|saReportCtrl.getReportDetailPageViews()
11:33:03.0 (43931923)|STATEMENT_EXECUTE|[474]
11:33:03.0 (43942386)|METHOD_ENTRY|[474]|01pN0000000aEUV|saReportCtrl.getReportDetailPageComment()
11:33:03.0 (43954671)|VARIABLE_SCOPE_BEGIN|[510]|this|saReportCtrl|true|false
11:33:03.0 (44011335)|VARIABLE_ASSIGNMENT|[510]|this|{"categoryDataOptions":"0x576dd75e","countDataOptions":"0x73d75250","currentDay":"2018-03-12T02:33:02.001Z","currentDayMinusSeven":"2018-03-05T02:33:02.001Z","filterDateEnd":"","filterDateStart":"","filteredRecords":"0x60426da6","filterKeyword":"","isFromHome":false,"isGoodSelected":true,"isNew":true,"isTrySelected":false,"isVeryGoodSelected":false,"listOfCategory":"0x5081fe5","listOfSAReports":"0x3ce6ef3d","newCommentValue":"","numberOfGoodViews":1,"numberOfManagedViews":1,"reportComments":"0x756a7f23","reportGoodViews":"0x7e017b89","reportManagedViews":"0x3b56ac5f","selectedCategoryData":"新iPhone","selectedCountData":"20","selectedReport":"0x6ede2ccb","selectedReportName":"SA_Report-00000001","selectedSortData":" ","sortDataOptions":"0x6ea5be7d"}|0x7923918a
11:33:03.0 (44036961)|HEAP_ALLOCATE|[512]|Bytes:5
11:33:03.0 (44041744)|STATEMENT_EXECUTE|[510]
11:33:03.0 (44043348)|STATEMENT_EXECUTE|[512]
11:33:03.0 (44046275)|HEAP_ALLOCATE|[512]|Bytes:31
11:33:03.0 (44068981)|USER_DEBUG|[512]|DEBUG|Run: getReportDetailPageComment
11:33:03.0 (44076714)|STATEMENT_EXECUTE|[515]
11:33:03.0 (44138338)|VARIABLE_ASSIGNMENT|[EXTERNAL]|this|{"categoryDataOptions":"0x576dd75e","countDataOptions":"0x73d75250","currentDay":"2018-03-12T02:33:02.001Z","currentDayMinusSeven":"2018-03-05T02:33:02.001Z","filterDateEnd":"","filterDateStart":"","filteredRecords":"0x60426da6","filterKeyword":"","isFromHome":false,"isGoodSelected":true,"isNew":true,"isTrySelected":false,"isVeryGoodSelected":false,"listOfCategory":"0x5081fe5","listOfSAReports":"0x3ce6ef3d","newCommentValue":"","numberOfGoodViews":1,"numberOfManagedViews":1,"reportComments":"0x756a7f23","reportGoodViews":"0x7e017b89","reportManagedViews":"0x3b56ac5f","selectedCategoryData":"新iPhone","selectedCountData":"20","selectedReport":"0x6ede2ccb","selectedReportName":"SA_Report-00000001","selectedSortData":" ","sortDataOptions":"0x6ea5be7d"}|0x7923918a
11:33:03.0 (44156658)|HEAP_ALLOCATE|[515]|Bytes:55
11:33:03.0 (44165160)|HEAP_ALLOCATE|[515]|Bytes:239
11:33:03.0 (44171014)|VARIABLE_SCOPE_BEGIN|[515]|queryStr|String|false|false
11:33:03.0 (44181592)|VARIABLE_ASSIGNMENT|[515]|queryStr|" SELECT Name, Create (219 more) ..."
11:33:03.0 (44185612)|STATEMENT_EXECUTE|[516]
11:33:03.0 (44515416)|SOQL_EXECUTE_BEGIN|[516]|Aggregations:0| SELECT Name, CreatedBy__r.DisplayedUsernameFormula__c, Type__c, Comment__c, CreatedDate__c, ConcernedReport__c FROM saReportDetail__c WHERE ConcernedReport__r.Name='SA_Report-00000001' And Type__c LIKE '%コメント%' ORDER BY CreatedDate__c Asc
11:33:03.0 (50255521)|SOQL_EXECUTE_END|[516]|Rows:3
11:33:03.0 (50276242)|HEAP_ALLOCATE|[516]|Bytes:16
11:33:03.0 (50297230)|HEAP_ALLOCATE|[516]|Bytes:796
11:33:03.0 (50325826)|HEAP_ALLOCATE|[516]|Bytes:16
11:33:03.0 (50418393)|VARIABLE_ASSIGNMENT|[EXTERNAL]|this|{"categoryDataOptions":"0x576dd75e","countDataOptions":"0x73d75250","currentDay":"2018-03-12T02:33:02.001Z","currentDayMinusSeven":"2018-03-05T02:33:02.001Z","filterDateEnd":"","filterDateStart":"","filteredRecords":"0x60426da6","filterKeyword":"","isFromHome":false,"isGoodSelected":true,"isNew":true,"isTrySelected":false,"isVeryGoodSelected":false,"listOfCategory":"0x5081fe5","listOfSAReports":"0x3ce6ef3d","newCommentValue":"","numberOfGoodViews":1,"numberOfManagedViews":1,"reportComments":"0x756a7f23","reportGoodViews":"0x7e017b89","reportManagedViews":"0x3b56ac5f","selectedCategoryData":"新iPhone","selectedCountData":"20","selectedReport":"0x6ede2ccb","selectedReportName":"SA_Report-00000001","selectedSortData":" ","sortDataOptions":"0x6ea5be7d"}|0x7923918a
11:33:03.0 (50462831)|VARIABLE_ASSIGNMENT|[EXTERNAL]|value|[{"Name":"SA_Detail-00000001","CreatedBy__c":"005N00000057PfOIAU","Type__c":"COMMENT","Comment__c":"You've displayed a c (7 more) ...","CreatedDate__c":"2018-03-07T08:57:00.000Z","ConcernedReport__c":"a0HN0000008OfbOMAS","Id":"a0GN000000BwytTMAR","CreatedBy__r":{"DisplayedUsernameFor (7 more) ...":"Remy Thomas","Id":"005N00000057PfOIAU"}},{"Name":"SA_Detail-00000003","CreatedBy__c":"005N00000057PfOIAU","Type__c":"COMMENT","Comment__c":"I've input a new com (5 more) ...","CreatedDate__c":"2018-03-08T01:35:41.000Z","ConcernedReport__c":"a0HN0000008OfbOMAS","Id":"a0GN000000BwyxBMAR","CreatedBy__r":{"DisplayedUsernameFor (7 more) ...":"Remy Thomas","Id":"005N00000057PfOIAU"}},{"Name":"SA_Detail-00000010","CreatedBy__c":"005N0000003dz53IAA","Type__c":"COMMENT","Comment__c":"Me too !","CreatedDate__c":"2018-03-09T07:15:34.000Z","ConcernedReport__c":"a0HN0000008OfbOMAS","Id":"a0GN000000Bwz5AMAR","CreatedBy__r":{"DisplayedUsernameFor (7 more) ...":"支社S User S","Id":"005N0000003dz53IAA"}}]|0x7d6f5cf2
11:33:03.0 (50510392)|VARIABLE_ASSIGNMENT|[71]|this.reportComments|[{"Name":"SA_Detail-00000001","CreatedBy__c":"005N00000057PfOIAU","Type__c":"COMMENT","Comment__c":"You've displayed a c (7 more) ...","CreatedDate__c":"2018-03-07T08:57:00.000Z","ConcernedReport__c":"a0HN0000008OfbOMAS","Id":"a0GN000000BwytTMAR","CreatedBy__r":{"DisplayedUsernameFor (7 more) ...":"Remy Thomas","Id":"005N00000057PfOIAU"}},{"Name":"SA_Detail-00000003","CreatedBy__c":"005N00000057PfOIAU","Type__c":"COMMENT","Comment__c":"I've input a new com (5 more) ...","CreatedDate__c":"2018-03-08T01:35:41.000Z","ConcernedReport__c":"a0HN0000008OfbOMAS","Id":"a0GN000000BwyxBMAR","CreatedBy__r":{"DisplayedUsernameFor (7 more) ...":"Remy Thomas","Id":"005N00000057PfOIAU"}},{"Name":"SA_Detail-00000010","CreatedBy__c":"005N0000003dz53IAA","Type__c":"COMMENT","Comment__c":"Me too !","CreatedDate__c":"2018-03-09T07:15:34.000Z","ConcernedReport__c":"a0HN0000008OfbOMAS","Id":"a0GN000000Bwz5AMAR","CreatedBy__r":{"DisplayedUsernameFor (7 more) ...":"支社S User S","Id":"005N0000003dz53IAA"}}]|0x7923918a
11:33:03.0 (50536199)|METHOD_EXIT|[474]|01pN0000000aEUV|saReportCtrl.getReportDetailPageComment()
11:33:03.0 (50541943)|STATEMENT_EXECUTE|[476]
11:33:03.0 (50619154)|VARIABLE_ASSIGNMENT|[EXTERNAL]|this|{"categoryDataOptions":"0x576dd75e","countDataOptions":"0x73d75250","currentDay":"2018-03-12T02:33:02.001Z","currentDayMinusSeven":"2018-03-05T02:33:02.001Z","filterDateEnd":"","filterDateStart":"","filteredRecords":"0x60426da6","filterKeyword":"","isFromHome":false,"isGoodSelected":true,"isNew":true,"isTrySelected":false,"isVeryGoodSelected":false,"listOfCategory":"0x5081fe5","listOfSAReports":"0x3ce6ef3d","newCommentValue":"","numberOfGoodViews":1,"numberOfManagedViews":1,"reportComments":"0x7d6f5cf2","reportGoodViews":"0x7e017b89","reportManagedViews":"0x3b56ac5f","selectedCategoryData":"新iPhone","selectedCountData":"20","selectedReport":"0x6ede2ccb","selectedReportName":"SA_Report-00000001","selectedSortData":" ","sortDataOptions":"0x6ea5be7d"}|0x7923918a
11:33:03.0 (50635014)|VARIABLE_ASSIGNMENT|[EXTERNAL]|value|""
11:33:03.0 (50643955)|VARIABLE_ASSIGNMENT|[72]|this.newCommentValue|""|0x7923918a
11:33:03.0 (50652052)|STATEMENT_EXECUTE|[478]
11:33:03.0 (50662346)|METHOD_ENTRY|[478]|01pN0000000aEUV|saReportCtrl.initSelectedViewButton()
11:33:03.0 (50673453)|VARIABLE_SCOPE_BEGIN|[525]|this|saReportCtrl|true|false
11:33:03.0 (50730694)|VARIABLE_ASSIGNMENT|[525]|this|{"categoryDataOptions":"0x576dd75e","countDataOptions":"0x73d75250","currentDay":"2018-03-12T02:33:02.001Z","currentDayMinusSeven":"2018-03-05T02:33:02.001Z","filterDateEnd":"","filterDateStart":"","filteredRecords":"0x60426da6","filterKeyword":"","isFromHome":false,"isGoodSelected":true,"isNew":true,"isTrySelected":false,"isVeryGoodSelected":false,"listOfCategory":"0x5081fe5","listOfSAReports":"0x3ce6ef3d","newCommentValue":"","numberOfGoodViews":1,"numberOfManagedViews":1,"reportComments":"0x7d6f5cf2","reportGoodViews":"0x7e017b89","reportManagedViews":"0x3b56ac5f","selectedCategoryData":"新iPhone","selectedCountData":"20","selectedReport":"0x6ede2ccb","selectedReportName":"SA_Report-00000001","selectedSortData":" ","sortDataOptions":"0x6ea5be7d"}|0x7923918a
11:33:03.0 (50756672)|HEAP_ALLOCATE|[527]|Bytes:5
11:33:03.0 (50761644)|STATEMENT_EXECUTE|[525]
11:33:03.0 (50763149)|STATEMENT_EXECUTE|[527]
11:33:03.0 (50765862)|HEAP_ALLOCATE|[527]|Bytes:27
11:33:03.0 (50783989)|USER_DEBUG|[527]|DEBUG|Run: initSelectedViewButton
11:33:03.0 (50791882)|STATEMENT_EXECUTE|[529]
11:33:03.0 (50856667)|VARIABLE_ASSIGNMENT|[EXTERNAL]|this|{"categoryDataOptions":"0x576dd75e","countDataOptions":"0x73d75250","currentDay":"2018-03-12T02:33:02.001Z","currentDayMinusSeven":"2018-03-05T02:33:02.001Z","filterDateEnd":"","filterDateStart":"","filteredRecords":"0x60426da6","filterKeyword":"","isFromHome":false,"isGoodSelected":true,"isNew":true,"isTrySelected":false,"isVeryGoodSelected":false,"listOfCategory":"0x5081fe5","listOfSAReports":"0x3ce6ef3d","newCommentValue":"","numberOfGoodViews":1,"numberOfManagedViews":1,"reportComments":"0x7d6f5cf2","reportGoodViews":"0x7e017b89","reportManagedViews":"0x3b56ac5f","selectedCategoryData":"新iPhone","selectedCountData":"20","selectedReport":"0x6ede2ccb","selectedReportName":"SA_Report-00000001","selectedSortData":" ","sortDataOptions":"0x6ea5be7d"}|0x7923918a
11:33:03.0 (50873876)|VARIABLE_ASSIGNMENT|[EXTERNAL]|value|false
11:33:03.0 (50880322)|HEAP_ALLOCATE|[44]|Bytes:5
11:33:03.0 (50887543)|VARIABLE_ASSIGNMENT|[44]|this.isGoodSelected|false|0x7923918a
11:33:03.0 (50895845)|STATEMENT_EXECUTE|[530]
11:33:03.0 (50958309)|VARIABLE_ASSIGNMENT|[EXTERNAL]|this|{"categoryDataOptions":"0x576dd75e","countDataOptions":"0x73d75250","currentDay":"2018-03-12T02:33:02.001Z","currentDayMinusSeven":"2018-03-05T02:33:02.001Z","filterDateEnd":"","filterDateStart":"","filteredRecords":"0x60426da6","filterKeyword":"","isFromHome":false,"isGoodSelected":false,"isNew":true,"isTrySelected":false,"isVeryGoodSelected":false,"listOfCategory":"0x5081fe5","listOfSAReports":"0x3ce6ef3d","newCommentValue":"","numberOfGoodViews":1,"numberOfManagedViews":1,"reportComments":"0x7d6f5cf2","reportGoodViews":"0x7e017b89","reportManagedViews":"0x3b56ac5f","selectedCategoryData":"新iPhone","selectedCountData":"20","selectedReport":"0x6ede2ccb","selectedReportName":"SA_Report-00000001","selectedSortData":" ","sortDataOptions":"0x6ea5be7d"}|0x7923918a
11:33:03.0 (50974784)|VARIABLE_ASSIGNMENT|[EXTERNAL]|value|false
11:33:03.0 (50980303)|HEAP_ALLOCATE|[45]|Bytes:5
11:33:03.0 (50986673)|VARIABLE_ASSIGNMENT|[45]|this.isVeryGoodSelected|false|0x7923918a
11:33:03.0 (50994124)|STATEMENT_EXECUTE|[531]
11:33:03.0 (51054150)|VARIABLE_ASSIGNMENT|[EXTERNAL]|this|{"categoryDataOptions":"0x576dd75e","countDataOptions":"0x73d75250","currentDay":"2018-03-12T02:33:02.001Z","currentDayMinusSeven":"2018-03-05T02:33:02.001Z","filterDateEnd":"","filterDateStart":"","filteredRecords":"0x60426da6","filterKeyword":"","isFromHome":false,"isGoodSelected":false,"isNew":true,"isTrySelected":false,"isVeryGoodSelected":false,"listOfCategory":"0x5081fe5","listOfSAReports":"0x3ce6ef3d","newCommentValue":"","numberOfGoodViews":1,"numberOfManagedViews":1,"reportComments":"0x7d6f5cf2","reportGoodViews":"0x7e017b89","reportManagedViews":"0x3b56ac5f","selectedCategoryData":"新iPhone","selectedCountData":"20","selectedReport":"0x6ede2ccb","selectedReportName":"SA_Report-00000001","selectedSortData":" ","sortDataOptions":"0x6ea5be7d"}|0x7923918a
11:33:03.0 (51071251)|VARIABLE_ASSIGNMENT|[EXTERNAL]|value|false
11:33:03.0 (51076259)|HEAP_ALLOCATE|[46]|Bytes:5
11:33:03.0 (51082451)|VARIABLE_ASSIGNMENT|[46]|this.isTrySelected|false|0x7923918a
11:33:03.0 (51089724)|STATEMENT_EXECUTE|[533]
11:33:03.0 (51149401)|VARIABLE_ASSIGNMENT|[EXTERNAL]|this|{"categoryDataOptions":"0x576dd75e","countDataOptions":"0x73d75250","currentDay":"2018-03-12T02:33:02.001Z","currentDayMinusSeven":"2018-03-05T02:33:02.001Z","filterDateEnd":"","filterDateStart":"","filteredRecords":"0x60426da6","filterKeyword":"","isFromHome":false,"isGoodSelected":false,"isNew":true,"isTrySelected":false,"isVeryGoodSelected":false,"listOfCategory":"0x5081fe5","listOfSAReports":"0x3ce6ef3d","newCommentValue":"","numberOfGoodViews":1,"numberOfManagedViews":1,"reportComments":"0x7d6f5cf2","reportGoodViews":"0x7e017b89","reportManagedViews":"0x3b56ac5f","selectedCategoryData":"新iPhone","selectedCountData":"20","selectedReport":"0x6ede2ccb","selectedReportName":"SA_Report-00000001","selectedSortData":" ","sortDataOptions":"0x6ea5be7d"}|0x7923918a
11:33:03.0 (51168046)|HEAP_ALLOCATE|[533]|Bytes:20
11:33:03.0 (51206043)|HEAP_ALLOCATE|[533]|Bytes:85
11:33:03.0 (51233093)|SYSTEM_METHOD_ENTRY|[1]|UserInfo.UserInfo()
11:33:03.0 (51237587)|STATEMENT_EXECUTE|[1]
11:33:03.0 (51246008)|SYSTEM_METHOD_EXIT|[1]|UserInfo
11:33:03.0 (51257095)|METHOD_ENTRY|[533]||System.UserInfo.getUserId()
11:33:03.0 (51279766)|METHOD_EXIT|[533]||System.UserInfo.getUserId()
11:33:03.0 (51285035)|HEAP_ALLOCATE|[533]|Bytes:24
11:33:03.0 (51295760)|HEAP_ALLOCATE|[533]|Bytes:246
11:33:03.0 (51301667)|VARIABLE_SCOPE_BEGIN|[533]|queryStr|String|false|false
11:33:03.0 (51312703)|VARIABLE_ASSIGNMENT|[533]|queryStr|" SELECT Name, Create (226 more) ..."
11:33:03.0 (51317212)|STATEMENT_EXECUTE|[534]
11:33:03.0 (51319570)|HEAP_ALLOCATE|[534]|Bytes:25
11:33:03.0 (51325359)|HEAP_ALLOCATE|[534]|Bytes:271
11:33:03.0 (51345826)|USER_DEBUG|[534]|DEBUG|Requete Get Engagement :  SELECT Name, CreatedBy__r.DisplayedUsernameFormula__c, Type__c, Comment__c, CreatedDate__c, ConcernedReport__c FROM saReportDetail__c WHERE ConcernedReport__r.Name='SA_Report-00000001' And CreatedBy__c='005N00000057PfOIAU' And Type__c!='COMMENT'
11:33:03.0 (51355058)|STATEMENT_EXECUTE|[535]
11:33:03.0 (51678778)|SOQL_EXECUTE_BEGIN|[535]|Aggregations:0| SELECT Name, CreatedBy__r.DisplayedUsernameFormula__c, Type__c, Comment__c, CreatedDate__c, ConcernedReport__c FROM saReportDetail__c WHERE ConcernedReport__r.Name='SA_Report-00000001' And CreatedBy__c='005N00000057PfOIAU' And Type__c!='COMMENT'
11:33:03.0 (57645601)|SOQL_EXECUTE_END|[535]|Rows:1
11:33:03.0 (57666933)|HEAP_ALLOCATE|[535]|Bytes:8
11:33:03.0 (57683061)|HEAP_ALLOCATE|[535]|Bytes:252
11:33:03.0 (57711766)|HEAP_ALLOCATE|[535]|Bytes:8
11:33:03.0 (57728737)|VARIABLE_SCOPE_BEGIN|[535]|listOfViews|List<saReportDetail__c>|true|false
11:33:03.0 (57758972)|VARIABLE_ASSIGNMENT|[535]|listOfViews|[{"Name":"SA_Detail-00000008","CreatedBy__c":"005N00000057PfOIAU","Type__c":"LIKE","CreatedDate__c":"2018-03-09T01:30:13.000Z","ConcernedReport__c":"a0HN0000008OfbOMAS","Id":"a0GN000000Bwz3OMAR","CreatedBy__r":{"DisplayedUsernameFor (7 more) ...":"Remy Thomas","Id":"005N00000057PfOIAU"}}]|0x33dac611
11:33:03.0 (57768655)|STATEMENT_EXECUTE|[538]
11:33:03.0 (57772786)|HEAP_ALLOCATE|[538]|Bytes:19
11:33:03.0 (57782329)|HEAP_ALLOCATE|[538]|Bytes:265
11:33:03.0 (57804819)|USER_DEBUG|[538]|DEBUG|Get View request :  SELECT Name, CreatedBy__r.DisplayedUsernameFormula__c, Type__c, Comment__c, CreatedDate__c, ConcernedReport__c FROM saReportDetail__c WHERE ConcernedReport__r.Name='SA_Report-00000001' And CreatedBy__c='005N00000057PfOIAU' And Type__c!='COMMENT'
11:33:03.0 (57815309)|STATEMENT_EXECUTE|[539]
11:33:03.0 (57817775)|HEAP_ALLOCATE|[539]|Bytes:18
11:33:03.0 (57912809)|HEAP_ALLOCATE|[539]|Bytes:190
11:33:03.0 (57933288)|HEAP_ALLOCATE|[539]|Bytes:208
11:33:03.0 (57946508)|USER_DEBUG|[539]|DEBUG|Get View result : (saReportDetail__c:{Name=SA_Detail-00000008, CreatedBy__c=005N00000057PfOIAU, Type__c=LIKE, CreatedDate__c=2018-03-09 01:30:13, ConcernedReport__c=a0HN0000008OfbOMAS, Id=a0GN000000Bwz3OMAR})
11:33:03.0 (57986412)|STATEMENT_EXECUTE|[541]
11:33:03.0 (57988405)|STATEMENT_EXECUTE|[543]
11:33:03.0 (58009324)|HEAP_ALLOCATE|[543]|Bytes:32
11:33:03.0 (58037739)|VARIABLE_SCOPE_BEGIN|[543]|typeView|String|false|false
11:33:03.0 (58049712)|VARIABLE_ASSIGNMENT|[543]|typeView|"LIKE"
11:33:03.0 (58055965)|HEAP_ALLOCATE|[545]|Bytes:4
11:33:03.0 (58071891)|STATEMENT_EXECUTE|[546]
11:33:03.0 (58155882)|VARIABLE_ASSIGNMENT|[EXTERNAL]|this|{"categoryDataOptions":"0x576dd75e","countDataOptions":"0x73d75250","currentDay":"2018-03-12T02:33:02.001Z","currentDayMinusSeven":"2018-03-05T02:33:02.001Z","filterDateEnd":"","filterDateStart":"","filteredRecords":"0x60426da6","filterKeyword":"","isFromHome":false,"isGoodSelected":false,"isNew":true,"isTrySelected":false,"isVeryGoodSelected":false,"listOfCategory":"0x5081fe5","listOfSAReports":"0x3ce6ef3d","newCommentValue":"","numberOfGoodViews":1,"numberOfManagedViews":1,"reportComments":"0x7d6f5cf2","reportGoodViews":"0x7e017b89","reportManagedViews":"0x3b56ac5f","selectedCategoryData":"新iPhone","selectedCountData":"20","selectedReport":"0x6ede2ccb","selectedReportName":"SA_Report-00000001","selectedSortData":" ","sortDataOptions":"0x6ea5be7d"}|0x7923918a
11:33:03.0 (58174965)|VARIABLE_ASSIGNMENT|[EXTERNAL]|value|true
11:33:03.0 (58181729)|HEAP_ALLOCATE|[44]|Bytes:5
11:33:03.0 (58190049)|VARIABLE_ASSIGNMENT|[44]|this.isGoodSelected|true|0x7923918a
11:33:03.0 (58200472)|HEAP_ALLOCATE|[547]|Bytes:9
11:33:03.0 (58210592)|STATEMENT_EXECUTE|[547]
11:33:03.0 (58213250)|HEAP_ALLOCATE|[549]|Bytes:4
11:33:03.0 (58219395)|STATEMENT_EXECUTE|[549]
11:33:03.0 (58226742)|METHOD_EXIT|[478]|01pN0000000aEUV|saReportCtrl.initSelectedViewButton()
11:33:03.0 (58234242)|METHOD_EXIT|[442]|01pN0000000aEUV|saReportCtrl.initSelectedReportDetails()
11:33:03.0 (58238823)|STATEMENT_EXECUTE|[444]
11:33:03.0 (58241855)|SYSTEM_MODE_EXIT|false
11:33:03.0 (75057656)|SYSTEM_MODE_ENTER|true
11:33:03.0 (75093720)|HEAP_ALLOCATE|[EXTERNAL]|Bytes:40
11:33:03.0 (75108179)|VARIABLE_ASSIGNMENT|[EXTERNAL]|this.iCountComments|null|0x4c7befbb
11:33:03.0 (75154564)|SYSTEM_MODE_ENTER|true
11:33:03.0 (75173346)|HEAP_ALLOCATE|[EXTERNAL]|Bytes:40
11:33:03.0 (75181906)|VARIABLE_ASSIGNMENT|[EXTERNAL]|this.iCountLikes|null|0x4c7befbb
11:33:03.0 (75255311)|SYSTEM_MODE_ENTER|true
11:33:03.0 (75301334)|HEAP_ALLOCATE|[EXTERNAL]|Bytes:120
11:33:03.0 (75310573)|VARIABLE_SCOPE_BEGIN|[62]|this|saReportCtrl|true|false
11:33:03.0 (75416794)|VARIABLE_ASSIGNMENT|[62]|this|{"categoryDataOptions":"0x576dd75e","countDataOptions":"0x73d75250","currentDay":"2018-03-12T02:33:02.001Z","currentDayMinusSeven":"2018-03-05T02:33:02.001Z","filterDateEnd":"","filterDateStart":"","filteredRecords":"0x60426da6","filterKeyword":"","isFromHome":false,"isGoodSelected":true,"isNew":true,"isTrySelected":false,"isVeryGoodSelected":false,"listOfCategory":"0x5081fe5","listOfSAReports":"0x3ce6ef3d","newCommentValue":"","numberOfGoodViews":1,"numberOfManagedViews":1,"reportComments":"0x7d6f5cf2","reportGoodViews":"0x7e017b89","reportManagedViews":"0x3b56ac5f","selectedCategoryData":"新iPhone","selectedCountData":"20","selectedReport":"0x6ede2ccb","selectedReportName":"SA_Report-00000001","selectedSortData":" ","sortDataOptions":"0x6ea5be7d"}|0x7923918a
11:33:03.0 (75455785)|SYSTEM_MODE_ENTER|false
11:33:03.0 (75465000)|HEAP_ALLOCATE|[62]|Bytes:5
11:33:03.0 (75475970)|STATEMENT_EXECUTE|[62]
11:33:03.0 (75478659)|STATEMENT_EXECUTE|[62]
11:33:03.0 (75494652)|SYSTEM_MODE_EXIT|false
11:33:03.0 (75554231)|SYSTEM_MODE_ENTER|true
11:33:03.0 (75575441)|HEAP_ALLOCATE|[EXTERNAL]|Bytes:8
11:33:03.0 (75580457)|HEAP_ALLOCATE|[EXTERNAL]|Bytes:40
11:33:03.0 (75589774)|VARIABLE_ASSIGNMENT|[EXTERNAL]|this.iTypeOfScreen|52|0x4c7befbb
11:33:03.0 (75684975)|SYSTEM_MODE_ENTER|true
11:33:03.0 (75826397)|SYSTEM_MODE_ENTER|true
11:33:03.0 (76116418)|SYSTEM_MODE_ENTER|true
11:33:03.0 (76353673)|SYSTEM_MODE_ENTER|true
11:33:03.0 (77425207)|SYSTEM_MODE_ENTER|true
11:33:03.0 (77502642)|SYSTEM_MODE_ENTER|true
11:33:03.0 (77568525)|SYSTEM_MODE_ENTER|true
11:33:03.0 (77632283)|SYSTEM_MODE_ENTER|true
11:33:03.0 (77724780)|SYSTEM_MODE_ENTER|true
11:33:03.0 (77795531)|SYSTEM_MODE_ENTER|true
11:33:03.0 (77905522)|SYSTEM_MODE_ENTER|true
11:33:03.0 (77999492)|SYSTEM_MODE_ENTER|true
11:33:03.0 (82533347)|VF_SERIALIZE_VIEWSTATE_BEGIN|066N0000000M59u
11:33:03.0 (86617807)|VF_SERIALIZE_VIEWSTATE_END
11:33:03.90 (90608350)|CUMULATIVE_LIMIT_USAGE
11:33:03.90 (90608350)|LIMIT_USAGE_FOR_NS|(default)|
  Number of SOQL queries: 5 out of 100
  Number of query rows: 7 out of 50000
  Number of SOSL queries: 0 out of 20
  Number of DML statements: 0 out of 150
  Number of DML rows: 0 out of 10000
  Maximum CPU time: 0 out of 10000
  Maximum heap size: 0 out of 6000000
  Number of callouts: 0 out of 100
  Number of Email Invocations: 0 out of 10
  Number of future calls: 0 out of 50
  Number of queueable jobs added to the queue: 0 out of 50
  Number of Mobile Apex push calls: 0 out of 10

11:33:03.90 (90608350)|CUMULATIVE_LIMIT_USAGE_END

11:33:03.0 (90648404)|CODE_UNIT_FINISHED|VF: /apex/saReport
11:33:03.0 (91371193)|EXECUTION_FINISHED
