42.0 APEX_CODE,FINEST;APEX_PROFILING,INFO;CALLOUT,INFO;DB,INFO;SYSTEM,DEBUG;VALIDATION,INFO;VISUALFORCE,INFO;WAVE,INFO;WORKFLOW,INFO
18:25:53.0 (48627)|USER_INFO|[EXTERNAL]|0056F000006PtYl|gwadmin@gw.jp.kddi.gwdev01|日本標準時|GMT+09:00
18:25:53.0 (76400)|EXECUTION_STARTED
18:25:53.0 (80629)|CODE_UNIT_STARTED|[EXTERNAL]|066N0000000I4Es|VF: /apex/auHonbuDirect
18:25:53.0 (8200206)|SYSTEM_MODE_ENTER|true
18:25:53.0 (8578724)|HEAP_ALLOCATE|[72]|Bytes:3
18:25:53.0 (8611612)|HEAP_ALLOCATE|[77]|Bytes:152
18:25:53.0 (8623612)|HEAP_ALLOCATE|[342]|Bytes:408
18:25:53.0 (8636096)|HEAP_ALLOCATE|[355]|Bytes:408
18:25:53.0 (8648415)|HEAP_ALLOCATE|[467]|Bytes:48
18:25:53.0 (8673803)|HEAP_ALLOCATE|[139]|Bytes:6
18:25:53.0 (8688986)|HEAP_ALLOCATE|[EXTERNAL]|Bytes:14
18:25:53.0 (8694689)|HEAP_ALLOCATE|[EXTERNAL]|Bytes:424
18:25:53.0 (8698372)|HEAP_ALLOCATE|[EXTERNAL]|Bytes:66
18:25:53.0 (8702339)|HEAP_ALLOCATE|[EXTERNAL]|Bytes:3
18:25:53.0 (8710795)|METHOD_ENTRY|[1]|01pN0000000g4U3|auHonbuDirectCtrl.auHonbuDirectCtrl()
18:25:53.0 (8716889)|STATEMENT_EXECUTE|[1]
18:25:53.0 (8721163)|STATEMENT_EXECUTE|[1]
18:25:53.0 (8745772)|HEAP_ALLOCATE|[50]|Bytes:5
18:25:53.0 (8764064)|HEAP_ALLOCATE|[56]|Bytes:5
18:25:53.0 (8771348)|HEAP_ALLOCATE|[64]|Bytes:7
18:25:53.0 (8792270)|SYSTEM_MODE_ENTER|false
18:25:53.0 (8803260)|HEAP_ALLOCATE|[EXTERNAL]|Bytes:5
18:25:53.0 (8808092)|STATEMENT_EXECUTE|[134]
18:25:53.0 (8812731)|SYSTEM_MODE_EXIT|false
18:25:53.0 (8820868)|METHOD_EXIT|[1]|auHonbuDirectCtrl
18:25:53.0 (9003340)|HEAP_ALLOCATE|[EXTERNAL]|Bytes:68
18:25:53.0 (9016610)|VARIABLE_SCOPE_BEGIN|[21]|this|auHonbuDirectCtrl|true|false
18:25:53.0 (9098266)|VARIABLE_ASSIGNMENT|[21]|this|{}|0x396237f4
18:25:53.0 (9119806)|SYSTEM_MODE_ENTER|false
18:25:53.0 (9127153)|HEAP_ALLOCATE|[23]|Bytes:5
18:25:53.0 (9131845)|STATEMENT_EXECUTE|[1]
18:25:53.0 (9137480)|HEAP_ALLOCATE|[23]|Bytes:5
18:25:53.0 (9140786)|STATEMENT_EXECUTE|[3]
18:25:53.0 (9142641)|STATEMENT_EXECUTE|[4]
18:25:53.0 (9143995)|STATEMENT_EXECUTE|[5]
18:25:53.0 (9145312)|STATEMENT_EXECUTE|[7]
18:25:53.0 (9146697)|STATEMENT_EXECUTE|[8]
18:25:53.0 (9147988)|STATEMENT_EXECUTE|[9]
18:25:53.0 (9149321)|STATEMENT_EXECUTE|[10]
18:25:53.0 (9150779)|STATEMENT_EXECUTE|[11]
18:25:53.0 (9152105)|STATEMENT_EXECUTE|[12]
18:25:53.0 (9153441)|STATEMENT_EXECUTE|[13]
18:25:53.0 (9154733)|STATEMENT_EXECUTE|[14]
18:25:53.0 (9156037)|STATEMENT_EXECUTE|[15]
18:25:53.0 (9157337)|STATEMENT_EXECUTE|[17]
18:25:53.0 (9158639)|STATEMENT_EXECUTE|[18]
18:25:53.0 (9159938)|STATEMENT_EXECUTE|[19]
18:25:53.0 (9161242)|STATEMENT_EXECUTE|[44]
18:25:53.0 (9169933)|HEAP_ALLOCATE|[23]|Bytes:6
18:25:53.0 (9202026)|STATEMENT_EXECUTE|[21]
18:25:53.0 (9204285)|STATEMENT_EXECUTE|[23]
18:25:53.0 (9207006)|HEAP_ALLOCATE|[23]|Bytes:16
18:25:53.0 (9304820)|VARIABLE_ASSIGNMENT|[EXTERNAL]|this|{}|0x396237f4
18:25:53.0 (9345709)|VARIABLE_ASSIGNMENT|[EXTERNAL]|value|"正しいデーターを入れてください。"
18:25:53.0 (9368520)|VARIABLE_ASSIGNMENT|[3]|this.messageError|"正しいデーターを入れてください。"|0x396237f4
18:25:53.0 (9387532)|STATEMENT_EXECUTE|[24]
18:25:53.0 (9462338)|VARIABLE_ASSIGNMENT|[EXTERNAL]|this|{"messageError":"正しいデーターを入れてください。"}|0x396237f4
18:25:53.0 (9479126)|VARIABLE_ASSIGNMENT|[EXTERNAL]|value|""
18:25:53.0 (9493705)|VARIABLE_ASSIGNMENT|[4]|this.messageQuestion|""|0x396237f4
18:25:53.0 (9508193)|STATEMENT_EXECUTE|[26]
18:25:53.0 (9577714)|HEAP_ALLOCATE|[26]|Bytes:23
18:25:53.0 (9646840)|HEAP_ALLOCATE|[26]|Bytes:554
18:25:53.0 (9697388)|HEAP_ALLOCATE|[26]|Bytes:10
18:25:53.0 (9731228)|VARIABLE_SCOPE_BEGIN|[26]|userAgent|String|false|false
18:25:53.0 (9753355)|VARIABLE_ASSIGNMENT|[26]|userAgent|"Mozilla/5.0 (Macinto (101 more) ..."
18:25:53.0 (9761887)|STATEMENT_EXECUTE|[27]
18:25:53.0 (9766433)|HEAP_ALLOCATE|[27]|Bytes:6
18:25:53.0 (9882252)|VARIABLE_ASSIGNMENT|[EXTERNAL]|this|{"messageError":"正しいデーターを入れてください。","messageQuestion":""}|0x396237f4
18:25:53.0 (9898763)|VARIABLE_ASSIGNMENT|[EXTERNAL]|value|false
18:25:53.0 (9906002)|HEAP_ALLOCATE|[5]|Bytes:5
18:25:53.0 (9913733)|VARIABLE_ASSIGNMENT|[5]|this.isIPhone|false|0x396237f4
18:25:53.0 (9922498)|STATEMENT_EXECUTE|[29]
18:25:53.0 (9925513)|HEAP_ALLOCATE|[29]|Bytes:181
18:25:53.0 (9941659)|HEAP_ALLOCATE|[29]|Bytes:4
18:25:53.0 (9951389)|HEAP_ALLOCATE|[29]|Bytes:7
18:25:53.0 (9987128)|HEAP_ALLOCATE|[32]|Bytes:85
18:25:53.0 (9997125)|SYSTEM_METHOD_ENTRY|[1]|UserInfo.UserInfo()
18:25:53.0 (10001435)|STATEMENT_EXECUTE|[1]
18:25:53.0 (10008430)|SYSTEM_METHOD_EXIT|[1]|UserInfo
18:25:53.0 (10018566)|METHOD_ENTRY|[32]||System.UserInfo.getUserId()
18:25:53.0 (10052823)|METHOD_EXIT|[32]||System.UserInfo.getUserId()
18:25:53.0 (13614334)|SOQL_EXECUTE_BEGIN|[29]|Aggregations:0|SELECT Id, Name, Profile.Name, SAClassification__c, UserRole.DeveloperName, UserRole.ParentRoleId, Department, Signature, EmailHeader__c, SmallPhotoUrl FROM USER WHERE Id = :tmpVar1
18:25:53.0 (21375212)|SOQL_EXECUTE_END|[29]|Rows:1
18:25:53.0 (21399603)|HEAP_ALLOCATE|[29]|Bytes:8
18:25:53.0 (21414930)|HEAP_ALLOCATE|[29]|Bytes:626
18:25:53.0 (21467608)|HEAP_ALLOCATE|[29]|Bytes:8
18:25:53.0 (21480186)|HEAP_ALLOCATE|[29]|Bytes:30
18:25:53.0 (21523587)|HEAP_ALLOCATE|[29]|Bytes:44
18:25:53.0 (21588757)|VARIABLE_ASSIGNMENT|[EXTERNAL]|this|{"isIPhone":false,"messageError":"正しいデーターを入れてください。","messageQuestion":""}|0x396237f4
18:25:53.0 (21617028)|VARIABLE_ASSIGNMENT|[EXTERNAL]|value|{"Id":"0056F000006PtYlQAK","Name":"GW Admin","ProfileId":"00e6F000002RS1oQAG","UserRoleId":"00EN0000000pDkiMAE","Department":"Dept","Signature":"-------------------- (260 more) ...","EmailHeader__c":"お疲れ様です。３３３","SmallPhotoUrl":"/profilephoto/729N00 (11 more) ...","Profile":{"Name":"System Administrator","Id":"00e6F000002RS1oQAG"},"UserRole":{"DeveloperName":"C000000","Id":"00EN0000000pDkiMAE"}}|0x43c8d65f
18:25:53.0 (21645078)|VARIABLE_ASSIGNMENT|[44]|this.myUser|{"Id":"0056F000006PtYlQAK","Name":"GW Admin","ProfileId":"00e6F000002RS1oQAG","UserRoleId":"00EN0000000pDkiMAE","Department":"Dept","Signature":"-------------------- (260 more) ...","EmailHeader__c":"お疲れ様です。３３３","SmallPhotoUrl":"/profilephoto/729N00 (11 more) ...","Profile":{"Name":"System Administrator","Id":"00e6F000002RS1oQAG"},"UserRole":{"DeveloperName":"C000000","Id":"00EN0000000pDkiMAE"}}|0x396237f4
18:25:53.0 (21661191)|STATEMENT_EXECUTE|[34]
18:25:53.0 (21727416)|HEAP_ALLOCATE|[34]|Bytes:4
18:25:53.0 (21819679)|VARIABLE_ASSIGNMENT|[EXTERNAL]|this|{"isIPhone":false,"messageError":"正しいデーターを入れてください。","messageQuestion":"","myUser":"0x43c8d65f"}|0x396237f4
18:25:53.0 (21840982)|HEAP_ALLOCATE|[EXTERNAL]|Bytes:4
18:25:53.0 (21851032)|VARIABLE_ASSIGNMENT|[EXTERNAL]|value|[]|0x4ee968a7
18:25:53.0 (21862819)|VARIABLE_ASSIGNMENT|[17]|this.lsHonbuDirect|[]|0x396237f4
18:25:53.0 (21871939)|STATEMENT_EXECUTE|[36]
18:25:53.0 (21901685)|METHOD_ENTRY|[36]|01pN0000000g4U3|auHonbuDirectCtrl.getCategoryOptions()
18:25:53.0 (21921254)|VARIABLE_SCOPE_BEGIN|[69]|this|auHonbuDirectCtrl|true|false
18:25:53.0 (21953157)|VARIABLE_ASSIGNMENT|[69]|this|{"isIPhone":false,"lsHonbuDirect":"0x4ee968a7","messageError":"正しいデーターを入れてください。","messageQuestion":"","myUser":"0x43c8d65f"}|0x396237f4
18:25:53.0 (21975200)|HEAP_ALLOCATE|[71]|Bytes:5
18:25:53.0 (21980073)|STATEMENT_EXECUTE|[69]
18:25:53.0 (21981728)|STATEMENT_EXECUTE|[71]
18:25:53.0 (21994092)|HEAP_ALLOCATE|[71]|Bytes:4
18:25:53.0 (22015571)|VARIABLE_SCOPE_BEGIN|[71]|lsReturn|List<System.SelectOption>|true|false
18:25:53.0 (22041091)|HEAP_ALLOCATE|[EXTERNAL]|Bytes:4
18:25:53.0 (22048881)|VARIABLE_ASSIGNMENT|[71]|lsReturn|[]|0x6fd26ff9
18:25:53.0 (22054237)|STATEMENT_EXECUTE|[72]
18:25:53.0 (22110544)|HEAP_ALLOCATE|[EXTERNAL]|Bytes:4
18:25:53.0 (22121631)|HEAP_ALLOCATE|[72]|Bytes:16
18:25:53.0 (22126684)|HEAP_ALLOCATE|[72]|Bytes:11
18:25:53.0 (23102612)|HEAP_ALLOCATE|[74]|Bytes:8
18:25:53.0 (23585099)|HEAP_ALLOCATE|[EXTERNAL]|Bytes:16
18:25:53.0 (23641595)|HEAP_ALLOCATE|[74]|Bytes:16
18:25:53.0 (23799722)|HEAP_ALLOCATE|[74]|Bytes:5
18:25:53.0 (23863041)|HEAP_ALLOCATE|[74]|Bytes:4
18:25:53.0 (23885723)|VARIABLE_SCOPE_BEGIN|[74]|ple|Schema.PicklistEntry|true|false
18:25:53.0 (23902234)|VARIABLE_ASSIGNMENT|[74]|ple|CAT1|0x11b84a5b
18:25:53.0 (23908453)|STATEMENT_EXECUTE|[74]
18:25:53.0 (23910357)|STATEMENT_EXECUTE|[75]
18:25:53.0 (23928893)|HEAP_ALLOCATE|[75]|Bytes:4
18:25:53.0 (23938924)|HEAP_ALLOCATE|[75]|Bytes:10
18:25:53.0 (23982068)|HEAP_ALLOCATE|[EXTERNAL]|Bytes:4
18:25:53.0 (23998743)|HEAP_ALLOCATE|[74]|Bytes:5
18:25:53.0 (24009650)|HEAP_ALLOCATE|[74]|Bytes:4
18:25:53.0 (24024260)|VARIABLE_SCOPE_BEGIN|[74]|ple|Schema.PicklistEntry|true|false
18:25:53.0 (24035927)|VARIABLE_ASSIGNMENT|[74]|ple|CAT2|0x52e31237
18:25:53.0 (24041520)|STATEMENT_EXECUTE|[74]
18:25:53.0 (24043085)|STATEMENT_EXECUTE|[75]
18:25:53.0 (24050177)|HEAP_ALLOCATE|[75]|Bytes:4
18:25:53.0 (24056051)|HEAP_ALLOCATE|[75]|Bytes:10
18:25:53.0 (24066830)|HEAP_ALLOCATE|[EXTERNAL]|Bytes:4
18:25:53.0 (24077643)|HEAP_ALLOCATE|[74]|Bytes:5
18:25:53.0 (24086675)|HEAP_ALLOCATE|[74]|Bytes:4
18:25:53.0 (24097657)|VARIABLE_SCOPE_BEGIN|[74]|ple|Schema.PicklistEntry|true|false
18:25:53.0 (24108409)|VARIABLE_ASSIGNMENT|[74]|ple|CAT3|0x6568d021
18:25:53.0 (24113179)|STATEMENT_EXECUTE|[74]
18:25:53.0 (24114666)|STATEMENT_EXECUTE|[75]
18:25:53.0 (24120045)|HEAP_ALLOCATE|[75]|Bytes:4
18:25:53.0 (24125416)|HEAP_ALLOCATE|[75]|Bytes:10
18:25:53.0 (24134060)|HEAP_ALLOCATE|[EXTERNAL]|Bytes:4
18:25:53.0 (24143961)|HEAP_ALLOCATE|[74]|Bytes:5
18:25:53.0 (24152776)|VARIABLE_ASSIGNMENT|[74]|ple|null|
18:25:53.0 (24157531)|STATEMENT_EXECUTE|[78]
18:25:53.0 (24165053)|METHOD_EXIT|[36]|01pN0000000g4U3|auHonbuDirectCtrl.getCategoryOptions()
18:25:53.0 (24220850)|VARIABLE_ASSIGNMENT|[EXTERNAL]|this|{"isIPhone":false,"lsHonbuDirect":"0x4ee968a7","messageError":"正しいデーターを入れてください。","messageQuestion":"","myUser":"0x43c8d65f"}|0x396237f4
18:25:53.0 (24353936)|VARIABLE_ASSIGNMENT|[EXTERNAL]|value|"common.apex.runtime.impl.ScalarList@d73fc04d"|0x6fd26ff9
18:25:53.0 (24431710)|VARIABLE_ASSIGNMENT|[18]|this.lsCategoryOptions|"common.apex.runtime.impl.ScalarList@d73fc04d"|0x396237f4
18:25:53.0 (24445661)|STATEMENT_EXECUTE|[37]
18:25:53.0 (24458083)|HEAP_ALLOCATE|[37]|Bytes:4
18:25:53.0 (24530748)|VARIABLE_ASSIGNMENT|[EXTERNAL]|this|{"isIPhone":false,"lsCategoryOptions":"0x6fd26ff9","lsHonbuDirect":"0x4ee968a7","messageError":"正しいデーターを入れてください。","messageQuestion":"","myUser":"0x43c8d65f"}|0x396237f4
18:25:53.0 (24550209)|VARIABLE_ASSIGNMENT|[EXTERNAL]|value|{}|0x5f0704f6
18:25:53.0 (24560869)|VARIABLE_ASSIGNMENT|[19]|this.mpCategoryOptions|{}|0x396237f4
18:25:53.0 (24569709)|STATEMENT_EXECUTE|[38]
18:25:53.0 (24613064)|VARIABLE_ASSIGNMENT|[EXTERNAL]|this|{"isIPhone":false,"lsCategoryOptions":"0x6fd26ff9","lsHonbuDirect":"0x4ee968a7","messageError":"正しいデーターを入れてください。","messageQuestion":"","mpCategoryOptions":"0x5f0704f6","myUser":"0x43c8d65f"}|0x396237f4
18:25:53.0 (24642879)|HEAP_ALLOCATE|[EXTERNAL]|Bytes:-4
18:25:53.0 (24690531)|VARIABLE_ASSIGNMENT|[EXTERNAL]|this|{"isIPhone":false,"lsCategoryOptions":"0x6fd26ff9","lsHonbuDirect":"0x4ee968a7","messageError":"正しいデーターを入れてください。","messageQuestion":"","mpCategoryOptions":"0x5f0704f6","myUser":"0x43c8d65f"}|0x396237f4
18:25:53.0 (24727977)|HEAP_ALLOCATE|[39]|Bytes:5
18:25:53.0 (24746963)|VARIABLE_SCOPE_BEGIN|[39]|so|System.SelectOption|true|false
18:25:53.0 (24816566)|VARIABLE_ASSIGNMENT|[39]|so|"common.apex.runtime.impl.ApexSelectOptionValue@252739b"|0x64ec213e
18:25:53.0 (24825368)|STATEMENT_EXECUTE|[39]
18:25:53.0 (24827009)|STATEMENT_EXECUTE|[40]
18:25:53.0 (24873276)|VARIABLE_ASSIGNMENT|[EXTERNAL]|this|{"isIPhone":false,"lsCategoryOptions":"0x6fd26ff9","lsHonbuDirect":"0x4ee968a7","messageError":"正しいデーターを入れてください。","messageQuestion":"","mpCategoryOptions":"0x5f0704f6","myUser":"0x43c8d65f"}|0x396237f4
18:25:53.0 (24917101)|HEAP_ALLOCATE|[EXTERNAL]|Bytes:-4
18:25:53.0 (24931312)|HEAP_ALLOCATE|[39]|Bytes:5
18:25:53.0 (24942045)|HEAP_ALLOCATE|[39]|Bytes:14
18:25:53.0 (24948237)|VARIABLE_SCOPE_BEGIN|[39]|so|System.SelectOption|true|false
18:25:53.0 (25012099)|VARIABLE_ASSIGNMENT|[39]|so|"common.apex.runtime.impl.ApexSelectOptionValue@c1834707"|0x32bb9e1
18:25:53.0 (25021492)|STATEMENT_EXECUTE|[39]
18:25:53.0 (25023056)|STATEMENT_EXECUTE|[40]
18:25:53.0 (25059960)|VARIABLE_ASSIGNMENT|[EXTERNAL]|this|{"isIPhone":false,"lsCategoryOptions":"0x6fd26ff9","lsHonbuDirect":"0x4ee968a7","messageError":"正しいデーターを入れてください。","messageQuestion":"","mpCategoryOptions":"0x5f0704f6","myUser":"0x43c8d65f"}|0x396237f4
18:25:53.0 (25077900)|HEAP_ALLOCATE|[40]|Bytes:4
18:25:53.0 (25085983)|HEAP_ALLOCATE|[40]|Bytes:10
18:25:53.0 (25094580)|HEAP_ALLOCATE|[EXTERNAL]|Bytes:-4
18:25:53.0 (25105829)|HEAP_ALLOCATE|[39]|Bytes:5
18:25:53.0 (25115073)|HEAP_ALLOCATE|[39]|Bytes:14
18:25:53.0 (25120719)|VARIABLE_SCOPE_BEGIN|[39]|so|System.SelectOption|true|false
18:25:53.0 (25182033)|VARIABLE_ASSIGNMENT|[39]|so|"common.apex.runtime.impl.ApexSelectOptionValue@c1834727"|0x1604453d
18:25:53.0 (25189970)|STATEMENT_EXECUTE|[39]
18:25:53.0 (25191610)|STATEMENT_EXECUTE|[40]
18:25:53.0 (25234039)|VARIABLE_ASSIGNMENT|[EXTERNAL]|this|{"isIPhone":false,"lsCategoryOptions":"0x6fd26ff9","lsHonbuDirect":"0x4ee968a7","messageError":"正しいデーターを入れてください。","messageQuestion":"","mpCategoryOptions":"0x5f0704f6","myUser":"0x43c8d65f"}|0x396237f4
18:25:53.0 (25251649)|HEAP_ALLOCATE|[40]|Bytes:4
18:25:53.0 (25259688)|HEAP_ALLOCATE|[40]|Bytes:10
18:25:53.0 (25268377)|HEAP_ALLOCATE|[EXTERNAL]|Bytes:-4
18:25:53.0 (25279554)|HEAP_ALLOCATE|[39]|Bytes:5
18:25:53.0 (25288471)|HEAP_ALLOCATE|[39]|Bytes:14
18:25:53.0 (25293721)|VARIABLE_SCOPE_BEGIN|[39]|so|System.SelectOption|true|false
18:25:53.0 (25355493)|VARIABLE_ASSIGNMENT|[39]|so|"common.apex.runtime.impl.ApexSelectOptionValue@c1834747"|0x6f8e5bb7
18:25:53.0 (25363506)|STATEMENT_EXECUTE|[39]
18:25:53.0 (25365089)|STATEMENT_EXECUTE|[40]
18:25:53.0 (25400810)|VARIABLE_ASSIGNMENT|[EXTERNAL]|this|{"isIPhone":false,"lsCategoryOptions":"0x6fd26ff9","lsHonbuDirect":"0x4ee968a7","messageError":"正しいデーターを入れてください。","messageQuestion":"","mpCategoryOptions":"0x5f0704f6","myUser":"0x43c8d65f"}|0x396237f4
18:25:53.0 (25418128)|HEAP_ALLOCATE|[40]|Bytes:4
18:25:53.0 (25425889)|HEAP_ALLOCATE|[40]|Bytes:10
18:25:53.0 (25434348)|HEAP_ALLOCATE|[EXTERNAL]|Bytes:-4
18:25:53.0 (25445547)|HEAP_ALLOCATE|[39]|Bytes:5
18:25:53.0 (25454817)|VARIABLE_ASSIGNMENT|[39]|so|null|
18:25:53.0 (25461905)|SYSTEM_MODE_EXIT|false
18:25:53.0 (31220581)|HEAP_ALLOCATE|[EXTERNAL]|Bytes:68
18:25:53.0 (31233744)|VARIABLE_SCOPE_BEGIN|[60]|this|auHonbuDirectCtrl|true|false
18:25:53.0 (31276312)|VARIABLE_ASSIGNMENT|[60]|this|{"isIPhone":false,"lsCategoryOptions":"0x6fd26ff9","lsHonbuDirect":"0x4ee968a7","messageError":"正しいデーターを入れてください。","messageQuestion":"","mpCategoryOptions":"0x5f0704f6","myUser":"0x43c8d65f"}|0x396237f4
18:25:53.0 (31297711)|SYSTEM_MODE_ENTER|false
18:25:53.0 (31305334)|HEAP_ALLOCATE|[62]|Bytes:5
18:25:53.0 (31310670)|STATEMENT_EXECUTE|[60]
18:25:53.0 (31363928)|VARIABLE_ASSIGNMENT|[EXTERNAL]|this|{"isIPhone":false,"lsCategoryOptions":"0x6fd26ff9","lsHonbuDirect":"0x4ee968a7","messageError":"正しいデーターを入れてください。","messageQuestion":"","mpCategoryOptions":"0x5f0704f6","myUser":"0x43c8d65f"}|0x396237f4
18:25:53.0 (31383225)|STATEMENT_EXECUTE|[62]
18:25:53.0 (31385592)|STATEMENT_EXECUTE|[66]
18:25:53.0 (31389633)|SYSTEM_MODE_EXIT|false
18:25:53.0 (34008763)|SYSTEM_MODE_ENTER|true
18:25:53.0 (34083117)|VARIABLE_SCOPE_BEGIN|[7]|auMainTopCompCtrl.TYPE_SCREEN_CX_SCREEN|Integer|false|true
18:25:53.0 (34092987)|VARIABLE_SCOPE_BEGIN|[8]|auMainTopCompCtrl.TYPE_SCREEN_CX_TIMELINE|Integer|false|true
18:25:53.0 (34099976)|VARIABLE_SCOPE_BEGIN|[9]|auMainTopCompCtrl.TYPE_SCREEN_EVENT_SCHEDULE|Integer|false|true
18:25:53.0 (34106829)|VARIABLE_SCOPE_BEGIN|[10]|auMainTopCompCtrl.TYPE_SCREEN_EVENT_SCHEDULE_LIST|Integer|false|true
18:25:53.0 (34113707)|VARIABLE_SCOPE_BEGIN|[11]|auMainTopCompCtrl.TYPE_SCREEN_KNOWLEDGE_DASHBOARD|Integer|false|true
18:25:53.0 (34120445)|VARIABLE_SCOPE_BEGIN|[12]|auMainTopCompCtrl.TYPE_SCREEN_KNOWLEDGE_LIST|Integer|false|true
18:25:53.0 (34127449)|VARIABLE_SCOPE_BEGIN|[15]|auMainTopCompCtrl.TYPE_SCREEN_SA_CHATTER|Integer|false|true
18:25:53.0 (34134276)|VARIABLE_SCOPE_BEGIN|[16]|auMainTopCompCtrl.TYPE_SCREEN_SA_DAILYREPORT|Integer|false|true
18:25:53.0 (34140838)|VARIABLE_SCOPE_BEGIN|[22]|auMainTopCompCtrl.TYPE_SCREEN_SA_DAILYREPORTLIST|Integer|false|true
18:25:53.0 (34147617)|VARIABLE_SCOPE_BEGIN|[18]|auMainTopCompCtrl.TYPE_SCREEN_SA_DOCUMENTS|Integer|false|true
18:25:53.0 (34154486)|VARIABLE_SCOPE_BEGIN|[17]|auMainTopCompCtrl.TYPE_SCREEN_SA_ENQUETE|Integer|false|true
18:25:53.0 (34161323)|VARIABLE_SCOPE_BEGIN|[20]|auMainTopCompCtrl.TYPE_SCREEN_SA_LINKS|Integer|false|true
18:25:53.0 (34168316)|VARIABLE_SCOPE_BEGIN|[13]|auMainTopCompCtrl.TYPE_SCREEN_SA_MESSAGES|Integer|false|true
18:25:53.0 (34175377)|VARIABLE_SCOPE_BEGIN|[19]|auMainTopCompCtrl.TYPE_SCREEN_SA_RANKING|Integer|false|true
18:25:53.0 (34182238)|VARIABLE_SCOPE_BEGIN|[14]|auMainTopCompCtrl.TYPE_SCREEN_SA_REPORTS|Integer|false|true
18:25:53.0 (34189476)|VARIABLE_SCOPE_BEGIN|[21]|auMainTopCompCtrl.TYPE_SCREEN_SA_USRSETTINGS|Integer|false|true
18:25:53.0 (34196661)|VARIABLE_SCOPE_BEGIN|[4]|auMainTopCompCtrl.TYPE_SCREEN_STPD_EVENT|Integer|false|true
18:25:53.0 (34203771)|VARIABLE_SCOPE_BEGIN|[6]|auMainTopCompCtrl.TYPE_SCREEN_STPD_SCREEN|Integer|false|true
18:25:53.0 (34216763)|VARIABLE_SCOPE_BEGIN|[5]|auMainTopCompCtrl.TYPE_SCREEN_STPD_TIMELINE|Integer|false|true
18:25:53.0 (34224553)|VARIABLE_SCOPE_BEGIN|[3]|auMainTopCompCtrl.TYPE_SCREEN_SWITCH|Integer|false|true
18:25:53.0 (34250723)|HEAP_ALLOCATE|[EXTERNAL]|Bytes:288
18:25:53.0 (34261022)|HEAP_ALLOCATE|[EXTERNAL]|Bytes:114
18:25:53.0 (34272710)|METHOD_ENTRY|[1]|01pN0000000Mill|auMainTopCompCtrl.auMainTopCompCtrl()
18:25:53.0 (34277829)|STATEMENT_EXECUTE|[1]
18:25:53.0 (34280906)|STATEMENT_EXECUTE|[1]
18:25:53.0 (34282424)|STATEMENT_EXECUTE|[3]
18:25:53.0 (34289252)|HEAP_ALLOCATE|[3]|Bytes:4
18:25:53.0 (34303213)|VARIABLE_ASSIGNMENT|[3]|auMainTopCompCtrl.TYPE_SCREEN_SWITCH|0
18:25:53.0 (34307487)|STATEMENT_EXECUTE|[4]
18:25:53.0 (34310742)|HEAP_ALLOCATE|[4]|Bytes:4
18:25:53.0 (34317942)|VARIABLE_ASSIGNMENT|[4]|auMainTopCompCtrl.TYPE_SCREEN_STPD_EVENT|11
18:25:53.0 (34321673)|STATEMENT_EXECUTE|[5]
18:25:53.0 (34323930)|HEAP_ALLOCATE|[5]|Bytes:4
18:25:53.0 (34330124)|VARIABLE_ASSIGNMENT|[5]|auMainTopCompCtrl.TYPE_SCREEN_STPD_TIMELINE|12
18:25:53.0 (34333851)|STATEMENT_EXECUTE|[6]
18:25:53.0 (34335882)|HEAP_ALLOCATE|[6]|Bytes:4
18:25:53.0 (34342149)|VARIABLE_ASSIGNMENT|[6]|auMainTopCompCtrl.TYPE_SCREEN_STPD_SCREEN|13
18:25:53.0 (34345678)|STATEMENT_EXECUTE|[7]
18:25:53.0 (34347983)|HEAP_ALLOCATE|[7]|Bytes:4
18:25:53.0 (34353048)|VARIABLE_ASSIGNMENT|[7]|auMainTopCompCtrl.TYPE_SCREEN_CX_SCREEN|21
18:25:53.0 (34356827)|STATEMENT_EXECUTE|[8]
18:25:53.0 (34358920)|HEAP_ALLOCATE|[8]|Bytes:4
18:25:53.0 (34363878)|VARIABLE_ASSIGNMENT|[8]|auMainTopCompCtrl.TYPE_SCREEN_CX_TIMELINE|22
18:25:53.0 (34367222)|STATEMENT_EXECUTE|[9]
18:25:53.0 (34369466)|HEAP_ALLOCATE|[9]|Bytes:4
18:25:53.0 (34374501)|VARIABLE_ASSIGNMENT|[9]|auMainTopCompCtrl.TYPE_SCREEN_EVENT_SCHEDULE|31
18:25:53.0 (34378298)|STATEMENT_EXECUTE|[10]
18:25:53.0 (34380656)|HEAP_ALLOCATE|[10]|Bytes:4
18:25:53.0 (34385985)|VARIABLE_ASSIGNMENT|[10]|auMainTopCompCtrl.TYPE_SCREEN_EVENT_SCHEDULE_LIST|32
18:25:53.0 (34389977)|STATEMENT_EXECUTE|[11]
18:25:53.0 (34392335)|HEAP_ALLOCATE|[11]|Bytes:4
18:25:53.0 (34397720)|VARIABLE_ASSIGNMENT|[11]|auMainTopCompCtrl.TYPE_SCREEN_KNOWLEDGE_DASHBOARD|41
18:25:53.0 (34401202)|STATEMENT_EXECUTE|[12]
18:25:53.0 (34403199)|HEAP_ALLOCATE|[12]|Bytes:4
18:25:53.0 (34408451)|VARIABLE_ASSIGNMENT|[12]|auMainTopCompCtrl.TYPE_SCREEN_KNOWLEDGE_LIST|42
18:25:53.0 (34411912)|STATEMENT_EXECUTE|[13]
18:25:53.0 (34414186)|HEAP_ALLOCATE|[13]|Bytes:4
18:25:53.0 (34420124)|VARIABLE_ASSIGNMENT|[13]|auMainTopCompCtrl.TYPE_SCREEN_SA_MESSAGES|51
18:25:53.0 (34423687)|STATEMENT_EXECUTE|[14]
18:25:53.0 (34425886)|HEAP_ALLOCATE|[14]|Bytes:4
18:25:53.0 (34431755)|VARIABLE_ASSIGNMENT|[14]|auMainTopCompCtrl.TYPE_SCREEN_SA_REPORTS|52
18:25:53.0 (34435239)|STATEMENT_EXECUTE|[15]
18:25:53.0 (34437420)|HEAP_ALLOCATE|[15]|Bytes:4
18:25:53.0 (34443048)|VARIABLE_ASSIGNMENT|[15]|auMainTopCompCtrl.TYPE_SCREEN_SA_CHATTER|53
18:25:53.0 (34446555)|STATEMENT_EXECUTE|[16]
18:25:53.0 (34448693)|HEAP_ALLOCATE|[16]|Bytes:4
18:25:53.0 (34453972)|VARIABLE_ASSIGNMENT|[16]|auMainTopCompCtrl.TYPE_SCREEN_SA_DAILYREPORT|54
18:25:53.0 (34457783)|STATEMENT_EXECUTE|[17]
18:25:53.0 (34459979)|HEAP_ALLOCATE|[17]|Bytes:4
18:25:53.0 (34467682)|VARIABLE_ASSIGNMENT|[17]|auMainTopCompCtrl.TYPE_SCREEN_SA_ENQUETE|55
18:25:53.0 (34471221)|STATEMENT_EXECUTE|[18]
18:25:53.0 (34473284)|HEAP_ALLOCATE|[18]|Bytes:4
18:25:53.0 (34478887)|VARIABLE_ASSIGNMENT|[18]|auMainTopCompCtrl.TYPE_SCREEN_SA_DOCUMENTS|56
18:25:53.0 (34486007)|STATEMENT_EXECUTE|[19]
18:25:53.0 (34488223)|HEAP_ALLOCATE|[19]|Bytes:4
18:25:53.0 (34494528)|VARIABLE_ASSIGNMENT|[19]|auMainTopCompCtrl.TYPE_SCREEN_SA_RANKING|57
18:25:53.0 (34497999)|STATEMENT_EXECUTE|[20]
18:25:53.0 (34500125)|HEAP_ALLOCATE|[20]|Bytes:4
18:25:53.0 (34505619)|VARIABLE_ASSIGNMENT|[20]|auMainTopCompCtrl.TYPE_SCREEN_SA_LINKS|58
18:25:53.0 (34509245)|STATEMENT_EXECUTE|[21]
18:25:53.0 (34511436)|HEAP_ALLOCATE|[21]|Bytes:4
18:25:53.0 (34517158)|VARIABLE_ASSIGNMENT|[21]|auMainTopCompCtrl.TYPE_SCREEN_SA_USRSETTINGS|59
18:25:53.0 (34520700)|STATEMENT_EXECUTE|[22]
18:25:53.0 (34522903)|HEAP_ALLOCATE|[22]|Bytes:4
18:25:53.0 (34528488)|VARIABLE_ASSIGNMENT|[22]|auMainTopCompCtrl.TYPE_SCREEN_SA_DAILYREPORTLIST|60
18:25:53.0 (34537196)|METHOD_EXIT|[1]|auMainTopCompCtrl
18:25:53.0 (34570035)|HEAP_ALLOCATE|[EXTERNAL]|Bytes:40
18:25:53.0 (34576600)|VARIABLE_SCOPE_BEGIN|[41]|this|auMainTopCompCtrl|true|false
18:25:53.0 (34616776)|VARIABLE_ASSIGNMENT|[41]|this|{}|0x46396999
18:25:53.0 (34625667)|STATEMENT_EXECUTE|[1]
18:25:53.0 (34627413)|STATEMENT_EXECUTE|[24]
18:25:53.0 (34628974)|STATEMENT_EXECUTE|[25]
18:25:53.0 (34630272)|STATEMENT_EXECUTE|[26]
18:25:53.0 (34631578)|STATEMENT_EXECUTE|[29]
18:25:53.0 (34632865)|STATEMENT_EXECUTE|[30]
18:25:53.0 (34634154)|STATEMENT_EXECUTE|[31]
18:25:53.0 (34635458)|STATEMENT_EXECUTE|[33]
18:25:53.0 (34636797)|STATEMENT_EXECUTE|[34]
18:25:53.0 (34638111)|STATEMENT_EXECUTE|[36]
18:25:53.0 (34654474)|STATEMENT_EXECUTE|[41]
18:25:53.0 (34656331)|STATEMENT_EXECUTE|[42]
18:25:53.0 (34762341)|VARIABLE_ASSIGNMENT|[EXTERNAL]|this|{}|0x46396999
18:25:53.0 (34773335)|VARIABLE_ASSIGNMENT|[EXTERNAL]|value|0
18:25:53.0 (34779665)|HEAP_ALLOCATE|[29]|Bytes:4
18:25:53.0 (34787578)|VARIABLE_ASSIGNMENT|[29]|this.iTypeOfScreen|0|0x46396999
18:25:53.0 (34797782)|STATEMENT_EXECUTE|[44]
18:25:53.0 (35830412)|HEAP_ALLOCATE|[44]|Bytes:120
18:25:53.0 (35921038)|VARIABLE_ASSIGNMENT|[EXTERNAL]|this|{"iTypeOfScreen":0}|0x46396999
18:25:53.0 (35935222)|VARIABLE_ASSIGNMENT|[EXTERNAL]|value|"https://cs6.lightnin (84 more) ..."
18:25:53.0 (35948651)|VARIABLE_ASSIGNMENT|[34]|this.urlReportsSFA|"https://cs6.lightnin (84 more) ..."|0x46396999
18:25:53.0 (35958707)|STATEMENT_EXECUTE|[46]
18:25:53.0 (35962589)|HEAP_ALLOCATE|[46]|Bytes:173
18:25:53.0 (35976720)|HEAP_ALLOCATE|[46]|Bytes:4
18:25:53.0 (35989235)|METHOD_ENTRY|[50]||System.UserInfo.getUserId()
18:25:53.0 (36014717)|METHOD_EXIT|[50]||System.UserInfo.getUserId()
18:25:53.0 (37713123)|SOQL_EXECUTE_BEGIN|[46]|Aggregations:0|SELECT SmallPhotoUrl, Account.Name, Account.RegionalOfficeId__r.RegionalOfficeName__c, Account.BranchId__r.BranchName__c, Name, Department FROM User WHERE User.ID = :tmpVar1
18:25:53.0 (42213355)|SOQL_EXECUTE_END|[46]|Rows:1
18:25:53.0 (42234304)|HEAP_ALLOCATE|[46]|Bytes:8
18:25:53.0 (42251460)|HEAP_ALLOCATE|[46]|Bytes:111
18:25:53.0 (42285632)|HEAP_ALLOCATE|[46]|Bytes:8
18:25:53.0 (42305985)|HEAP_ALLOCATE|[46]|Bytes:20
18:25:53.0 (42354811)|VARIABLE_ASSIGNMENT|[EXTERNAL]|this|{"iTypeOfScreen":0,"urlReportsSFA":"https://cs6.lightnin (84 more) ..."}|0x46396999
18:25:53.0 (42372892)|VARIABLE_ASSIGNMENT|[EXTERNAL]|value|{"SmallPhotoUrl":"/profilephoto/729N00 (11 more) ...","Name":"GW Admin","Department":"Dept","Id":"0056F000006PtYlQAK"}|0x6ae7d237
18:25:53.0 (42388603)|VARIABLE_ASSIGNMENT|[33]|this.currentUser|{"SmallPhotoUrl":"/profilephoto/729N00 (11 more) ...","Name":"GW Admin","Department":"Dept","Id":"0056F000006PtYlQAK"}|0x46396999
18:25:53.0 (42798263)|SYSTEM_MODE_ENTER|true
18:25:53.0 (42824696)|HEAP_ALLOCATE|[EXTERNAL]|Bytes:40
18:25:53.0 (42855512)|VARIABLE_ASSIGNMENT|[EXTERNAL]|this.iCountComments|null|0x46396999
18:25:53.0 (42911193)|SYSTEM_MODE_ENTER|true
18:25:53.0 (42927114)|HEAP_ALLOCATE|[EXTERNAL]|Bytes:40
18:25:53.0 (42935695)|VARIABLE_ASSIGNMENT|[EXTERNAL]|this.iCountLikes|null|0x46396999
18:25:53.0 (43092176)|SYSTEM_MODE_ENTER|true
18:25:53.0 (43124635)|HEAP_ALLOCATE|[EXTERNAL]|Bytes:68
18:25:53.0 (43132986)|VARIABLE_SCOPE_BEGIN|[46]|this|auHonbuDirectCtrl|true|false
18:25:53.0 (43173141)|VARIABLE_ASSIGNMENT|[46]|this|{"isIPhone":false,"lsCategoryOptions":"0x6fd26ff9","lsHonbuDirect":"0x4ee968a7","messageError":"正しいデーターを入れてください。","messageQuestion":"","mpCategoryOptions":"0x5f0704f6","myUser":"0x43c8d65f"}|0x396237f4
18:25:53.0 (43193390)|SYSTEM_MODE_ENTER|false
18:25:53.0 (43200882)|HEAP_ALLOCATE|[46]|Bytes:5
18:25:53.0 (43205893)|STATEMENT_EXECUTE|[46]
18:25:53.0 (43207791)|STATEMENT_EXECUTE|[46]
18:25:53.0 (43214545)|SYSTEM_MODE_EXIT|false
18:25:53.0 (43280222)|SYSTEM_MODE_ENTER|true
18:25:53.0 (43299213)|HEAP_ALLOCATE|[EXTERNAL]|Bytes:8
18:25:53.0 (43303967)|HEAP_ALLOCATE|[EXTERNAL]|Bytes:40
18:25:53.0 (43312258)|VARIABLE_ASSIGNMENT|[EXTERNAL]|this.iTypeOfScreen|58|0x46396999
18:25:53.0 (43493144)|SYSTEM_MODE_ENTER|true
18:25:53.0 (44047500)|SYSTEM_MODE_ENTER|true
18:25:53.0 (44138506)|SYSTEM_MODE_ENTER|true
18:25:53.0 (44367038)|SYSTEM_MODE_ENTER|true
18:25:53.0 (44386791)|HEAP_ALLOCATE|[EXTERNAL]|Bytes:40
18:25:53.0 (44397966)|VARIABLE_ASSIGNMENT|[EXTERNAL]|this.iCountComments|null|0x46396999
18:25:53.0 (44435678)|SYSTEM_MODE_ENTER|true
18:25:53.0 (44449250)|HEAP_ALLOCATE|[EXTERNAL]|Bytes:40
18:25:53.0 (44457243)|VARIABLE_ASSIGNMENT|[EXTERNAL]|this.iCountLikes|null|0x46396999
18:25:53.0 (44516633)|SYSTEM_MODE_ENTER|true
18:25:53.0 (44532981)|HEAP_ALLOCATE|[EXTERNAL]|Bytes:8
18:25:53.0 (44537428)|HEAP_ALLOCATE|[EXTERNAL]|Bytes:40
18:25:53.0 (44545225)|VARIABLE_ASSIGNMENT|[EXTERNAL]|this.iTypeOfScreen|58|0x46396999
18:25:53.0 (44666387)|SYSTEM_MODE_ENTER|true
18:25:53.0 (44695270)|HEAP_ALLOCATE|[EXTERNAL]|Bytes:40
18:25:53.0 (44702947)|VARIABLE_SCOPE_BEGIN|[110]|this|auMainTopCompCtrl|true|false
18:25:53.0 (44734558)|VARIABLE_ASSIGNMENT|[110]|this|{"currentUser":"0x6ae7d237","iTypeOfScreen":58,"urlReportsSFA":"https://cs6.lightnin (84 more) ..."}|0x46396999
18:25:53.0 (44744969)|STATEMENT_EXECUTE|[110]
18:25:53.0 (44747089)|STATEMENT_EXECUTE|[111]
18:25:53.0 (44787199)|VARIABLE_ASSIGNMENT|[EXTERNAL]|this|{"currentUser":"0x6ae7d237","iTypeOfScreen":58,"urlReportsSFA":"https://cs6.lightnin (84 more) ..."}|0x46396999
18:25:53.0 (44808499)|HEAP_ALLOCATE|[111]|Bytes:5
18:25:53.0 (44907018)|SYSTEM_MODE_ENTER|true
18:25:53.0 (44933027)|HEAP_ALLOCATE|[EXTERNAL]|Bytes:40
18:25:53.0 (44940487)|VARIABLE_SCOPE_BEGIN|[114]|this|auMainTopCompCtrl|true|false
18:25:53.0 (44967994)|VARIABLE_ASSIGNMENT|[114]|this|{"currentUser":"0x6ae7d237","iTypeOfScreen":58,"urlReportsSFA":"https://cs6.lightnin (84 more) ..."}|0x46396999
18:25:53.0 (44977360)|STATEMENT_EXECUTE|[114]
18:25:53.0 (44979181)|STATEMENT_EXECUTE|[115]
18:25:53.0 (45010698)|VARIABLE_ASSIGNMENT|[EXTERNAL]|this|{"currentUser":"0x6ae7d237","iTypeOfScreen":58,"urlReportsSFA":"https://cs6.lightnin (84 more) ..."}|0x46396999
18:25:53.0 (45029038)|HEAP_ALLOCATE|[115]|Bytes:5
18:25:53.0 (45118679)|SYSTEM_MODE_ENTER|true
18:25:53.0 (45142325)|HEAP_ALLOCATE|[EXTERNAL]|Bytes:40
18:25:53.0 (45149675)|VARIABLE_SCOPE_BEGIN|[118]|this|auMainTopCompCtrl|true|false
18:25:53.0 (45175849)|VARIABLE_ASSIGNMENT|[118]|this|{"currentUser":"0x6ae7d237","iTypeOfScreen":58,"urlReportsSFA":"https://cs6.lightnin (84 more) ..."}|0x46396999
18:25:53.0 (45184369)|STATEMENT_EXECUTE|[118]
18:25:53.0 (45186209)|STATEMENT_EXECUTE|[119]
18:25:53.0 (45215844)|VARIABLE_ASSIGNMENT|[EXTERNAL]|this|{"currentUser":"0x6ae7d237","iTypeOfScreen":58,"urlReportsSFA":"https://cs6.lightnin (84 more) ..."}|0x46396999
18:25:53.0 (45232482)|HEAP_ALLOCATE|[119]|Bytes:5
18:25:53.0 (45324043)|SYSTEM_MODE_ENTER|true
18:25:53.0 (45348172)|HEAP_ALLOCATE|[EXTERNAL]|Bytes:40
18:25:53.0 (45355126)|VARIABLE_SCOPE_BEGIN|[122]|this|auMainTopCompCtrl|true|false
18:25:53.0 (45380948)|VARIABLE_ASSIGNMENT|[122]|this|{"currentUser":"0x6ae7d237","iTypeOfScreen":58,"urlReportsSFA":"https://cs6.lightnin (84 more) ..."}|0x46396999
18:25:53.0 (45389012)|STATEMENT_EXECUTE|[122]
18:25:53.0 (45390664)|STATEMENT_EXECUTE|[123]
18:25:53.0 (45419218)|VARIABLE_ASSIGNMENT|[EXTERNAL]|this|{"currentUser":"0x6ae7d237","iTypeOfScreen":58,"urlReportsSFA":"https://cs6.lightnin (84 more) ..."}|0x46396999
18:25:53.0 (45457430)|VARIABLE_ASSIGNMENT|[EXTERNAL]|this|{"currentUser":"0x6ae7d237","iTypeOfScreen":58,"urlReportsSFA":"https://cs6.lightnin (84 more) ..."}|0x46396999
18:25:53.0 (45472200)|HEAP_ALLOCATE|[123]|Bytes:5
18:25:53.0 (45555515)|SYSTEM_MODE_ENTER|true
18:25:53.0 (45579035)|HEAP_ALLOCATE|[EXTERNAL]|Bytes:40
18:25:53.0 (45586070)|VARIABLE_SCOPE_BEGIN|[127]|this|auMainTopCompCtrl|true|false
18:25:53.0 (45611758)|VARIABLE_ASSIGNMENT|[127]|this|{"currentUser":"0x6ae7d237","iTypeOfScreen":58,"urlReportsSFA":"https://cs6.lightnin (84 more) ..."}|0x46396999
18:25:53.0 (45620088)|STATEMENT_EXECUTE|[127]
18:25:53.0 (45621749)|STATEMENT_EXECUTE|[128]
18:25:53.0 (45649578)|VARIABLE_ASSIGNMENT|[EXTERNAL]|this|{"currentUser":"0x6ae7d237","iTypeOfScreen":58,"urlReportsSFA":"https://cs6.lightnin (84 more) ..."}|0x46396999
18:25:53.0 (45665270)|HEAP_ALLOCATE|[128]|Bytes:5
18:25:53.0 (45748953)|SYSTEM_MODE_ENTER|true
18:25:53.0 (45772268)|HEAP_ALLOCATE|[EXTERNAL]|Bytes:40
18:25:53.0 (45779344)|VARIABLE_SCOPE_BEGIN|[131]|this|auMainTopCompCtrl|true|false
18:25:53.0 (45805061)|VARIABLE_ASSIGNMENT|[131]|this|{"currentUser":"0x6ae7d237","iTypeOfScreen":58,"urlReportsSFA":"https://cs6.lightnin (84 more) ..."}|0x46396999
18:25:53.0 (45813277)|STATEMENT_EXECUTE|[131]
18:25:53.0 (45814848)|STATEMENT_EXECUTE|[132]
18:25:53.0 (45842501)|VARIABLE_ASSIGNMENT|[EXTERNAL]|this|{"currentUser":"0x6ae7d237","iTypeOfScreen":58,"urlReportsSFA":"https://cs6.lightnin (84 more) ..."}|0x46396999
18:25:53.0 (45857704)|HEAP_ALLOCATE|[132]|Bytes:5
18:25:53.0 (45940096)|SYSTEM_MODE_ENTER|true
18:25:53.0 (45963329)|HEAP_ALLOCATE|[EXTERNAL]|Bytes:40
18:25:53.0 (45970096)|VARIABLE_SCOPE_BEGIN|[135]|this|auMainTopCompCtrl|true|false
18:25:53.0 (45995787)|VARIABLE_ASSIGNMENT|[135]|this|{"currentUser":"0x6ae7d237","iTypeOfScreen":58,"urlReportsSFA":"https://cs6.lightnin (84 more) ..."}|0x46396999
18:25:53.0 (46004303)|STATEMENT_EXECUTE|[135]
18:25:53.0 (46006516)|STATEMENT_EXECUTE|[136]
18:25:53.0 (46035003)|VARIABLE_ASSIGNMENT|[EXTERNAL]|this|{"currentUser":"0x6ae7d237","iTypeOfScreen":58,"urlReportsSFA":"https://cs6.lightnin (84 more) ..."}|0x46396999
18:25:53.0 (46050176)|HEAP_ALLOCATE|[136]|Bytes:5
18:25:53.0 (46175311)|SYSTEM_MODE_ENTER|true
18:25:53.0 (46561750)|SYSTEM_MODE_ENTER|true
18:25:53.0 (46731610)|SYSTEM_MODE_ENTER|true
18:25:53.0 (76622108)|SYSTEM_MODE_ENTER|true
18:25:53.0 (76855731)|SYSTEM_MODE_ENTER|true
18:25:53.0 (76992791)|SYSTEM_MODE_ENTER|true
18:25:53.0 (77129615)|SYSTEM_MODE_ENTER|true
18:25:53.0 (77303718)|SYSTEM_MODE_ENTER|true
18:25:53.0 (77432037)|SYSTEM_MODE_ENTER|true
18:25:53.0 (77704028)|SYSTEM_MODE_ENTER|true
18:25:53.0 (77834030)|SYSTEM_MODE_ENTER|true
18:25:53.0 (77912896)|SYSTEM_MODE_ENTER|true
18:25:53.0 (78780753)|VF_SERIALIZE_VIEWSTATE_BEGIN|066N0000000I4Es
18:25:53.0 (82075756)|VF_SERIALIZE_VIEWSTATE_END
18:25:53.86 (86799314)|CUMULATIVE_LIMIT_USAGE
18:25:53.86 (86799314)|LIMIT_USAGE_FOR_NS|(default)|
  Number of SOQL queries: 2 out of 100
  Number of query rows: 2 out of 50000
  Number of SOSL queries: 0 out of 20
  Number of DML statements: 0 out of 150
  Number of DML rows: 0 out of 10000
  Maximum CPU time: 0 out of 10000
  Maximum heap size: 0 out of 6000000
  Number of callouts: 0 out of 100
  Number of Email Invocations: 0 out of 10
  Number of future calls: 0 out of 50
  Number of queueable jobs added to the queue: 0 out of 50
  Number of Mobile Apex push calls: 0 out of 10

18:25:53.86 (86799314)|CUMULATIVE_LIMIT_USAGE_END

18:25:53.0 (86842917)|CODE_UNIT_FINISHED|VF: /apex/auHonbuDirect
18:25:53.0 (87662583)|EXECUTION_FINISHED
