42.0 APEX_CODE,FINEST;APEX_PROFILING,INFO;CALLOUT,INFO;DB,INFO;NBA,INFO;SYSTEM,DEBUG;VALIDATION,INFO;VISUALFORCE,INFO;WAVE,INFO;WORKFLOW,INFO
10:42:57.0 (81978)|USER_INFO|[EXTERNAL]|005N00000057PfO|thomas.remy+kddi_gwdev01@globalway.co.jp|Japan Standard Time|GMT+09:00
10:42:57.0 (113533)|EXECUTION_STARTED
10:42:57.0 (117447)|CODE_UNIT_STARTED|[EXTERNAL]|066N0000000M4pW|VF: /apex/sadailyreport
10:42:57.0 (289496)|VF_DESERIALIZE_VIEWSTATE_BEGIN|066N0000000M4pW
10:42:57.0 (4246746)|HEAP_ALLOCATE|[72]|Bytes:3
10:42:57.0 (4277456)|HEAP_ALLOCATE|[77]|Bytes:152
10:42:57.0 (4291384)|HEAP_ALLOCATE|[342]|Bytes:408
10:42:57.0 (4304515)|HEAP_ALLOCATE|[355]|Bytes:408
10:42:57.0 (4315604)|HEAP_ALLOCATE|[467]|Bytes:48
10:42:57.0 (4340683)|HEAP_ALLOCATE|[139]|Bytes:6
10:42:57.0 (5252137)|HEAP_ALLOCATE|[50]|Bytes:5
10:42:57.0 (5283760)|HEAP_ALLOCATE|[56]|Bytes:5
10:42:57.0 (5297073)|HEAP_ALLOCATE|[64]|Bytes:7
10:42:57.0 (6231348)|VARIABLE_SCOPE_BEGIN|[3]|saDailyReportCtrl.SOURCE|String|false|true
10:42:57.0 (6248748)|VARIABLE_SCOPE_BEGIN|[4]|saDailyReportCtrl.SOURCE_ID|String|false|true
10:42:57.0 (7316321)|VARIABLE_SCOPE_BEGIN|[25]|auMainTopCompCtrl.TYPE_SCREEN_ACCOUNT_LIST|Integer|false|true
10:42:57.0 (7328658)|VARIABLE_SCOPE_BEGIN|[26]|auMainTopCompCtrl.TYPE_SCREEN_ACTIVITY_LIST|Integer|false|true
10:42:57.0 (7335426)|VARIABLE_SCOPE_BEGIN|[7]|auMainTopCompCtrl.TYPE_SCREEN_CX_SCREEN|Integer|false|true
10:42:57.0 (7341891)|VARIABLE_SCOPE_BEGIN|[8]|auMainTopCompCtrl.TYPE_SCREEN_CX_TIMELINE|Integer|false|true
10:42:57.0 (7353259)|VARIABLE_SCOPE_BEGIN|[9]|auMainTopCompCtrl.TYPE_SCREEN_EVENT_SCHEDULE|Integer|false|true
10:42:57.0 (7359151)|VARIABLE_SCOPE_BEGIN|[10]|auMainTopCompCtrl.TYPE_SCREEN_EVENT_SCHEDULE_LIST|Integer|false|true
10:42:57.0 (7365141)|VARIABLE_SCOPE_BEGIN|[27]|auMainTopCompCtrl.TYPE_SCREEN_FILE_LIST|Integer|false|true
10:42:57.0 (7370745)|VARIABLE_SCOPE_BEGIN|[24]|auMainTopCompCtrl.TYPE_SCREEN_HONBU_DIRECT|Integer|false|true
10:42:57.0 (7376020)|VARIABLE_SCOPE_BEGIN|[11]|auMainTopCompCtrl.TYPE_SCREEN_KNOWLEDGE_DASHBOARD|Integer|false|true
10:42:57.0 (7382056)|VARIABLE_SCOPE_BEGIN|[12]|auMainTopCompCtrl.TYPE_SCREEN_KNOWLEDGE_LIST|Integer|false|true
10:42:57.0 (7388244)|VARIABLE_SCOPE_BEGIN|[15]|auMainTopCompCtrl.TYPE_SCREEN_SA_CHATTER|Integer|false|true
10:42:57.0 (7393785)|VARIABLE_SCOPE_BEGIN|[16]|auMainTopCompCtrl.TYPE_SCREEN_SA_DAILYREPORT|Integer|false|true
10:42:57.0 (7399118)|VARIABLE_SCOPE_BEGIN|[22]|auMainTopCompCtrl.TYPE_SCREEN_SA_DAILYREPORTLIST|Integer|false|true
10:42:57.0 (7404822)|VARIABLE_SCOPE_BEGIN|[18]|auMainTopCompCtrl.TYPE_SCREEN_SA_DOCUMENTS|Integer|false|true
10:42:57.0 (7410491)|VARIABLE_SCOPE_BEGIN|[17]|auMainTopCompCtrl.TYPE_SCREEN_SA_ENQUETE|Integer|false|true
10:42:57.0 (7416221)|VARIABLE_SCOPE_BEGIN|[20]|auMainTopCompCtrl.TYPE_SCREEN_SA_LINKS|Integer|false|true
10:42:57.0 (7422060)|VARIABLE_SCOPE_BEGIN|[13]|auMainTopCompCtrl.TYPE_SCREEN_SA_MESSAGES|Integer|false|true
10:42:57.0 (7427661)|VARIABLE_SCOPE_BEGIN|[19]|auMainTopCompCtrl.TYPE_SCREEN_SA_RANKING|Integer|false|true
10:42:57.0 (7433363)|VARIABLE_SCOPE_BEGIN|[14]|auMainTopCompCtrl.TYPE_SCREEN_SA_REPORTS|Integer|false|true
10:42:57.0 (7439349)|VARIABLE_SCOPE_BEGIN|[23]|auMainTopCompCtrl.TYPE_SCREEN_SA_TODO|Integer|false|true
10:42:57.0 (7445191)|VARIABLE_SCOPE_BEGIN|[21]|auMainTopCompCtrl.TYPE_SCREEN_SA_USRSETTINGS|Integer|false|true
10:42:57.0 (7451135)|VARIABLE_SCOPE_BEGIN|[4]|auMainTopCompCtrl.TYPE_SCREEN_STPD_EVENT|Integer|false|true
10:42:57.0 (7457149)|VARIABLE_SCOPE_BEGIN|[6]|auMainTopCompCtrl.TYPE_SCREEN_STPD_SCREEN|Integer|false|true
10:42:57.0 (7463226)|VARIABLE_SCOPE_BEGIN|[5]|auMainTopCompCtrl.TYPE_SCREEN_STPD_TIMELINE|Integer|false|true
10:42:57.0 (7469639)|VARIABLE_SCOPE_BEGIN|[3]|auMainTopCompCtrl.TYPE_SCREEN_SWITCH|Integer|false|true
10:42:57.0 (8651888)|VF_DESERIALIZE_VIEWSTATE_END
10:42:57.0 (10929218)|SYSTEM_MODE_ENTER|true
10:42:57.0 (11135891)|HEAP_ALLOCATE|[EXTERNAL]|Bytes:284
10:42:57.0 (11149704)|HEAP_ALLOCATE|[EXTERNAL]|Bytes:146
10:42:57.0 (11163025)|METHOD_ENTRY|[1]|01pN0000000Mill|auMainTopCompCtrl.auMainTopCompCtrl()
10:42:57.0 (11169612)|STATEMENT_EXECUTE|[1]
10:42:57.0 (11173802)|STATEMENT_EXECUTE|[1]
10:42:57.0 (11175748)|STATEMENT_EXECUTE|[3]
10:42:57.0 (11181140)|HEAP_ALLOCATE|[3]|Bytes:4
10:42:57.0 (11202571)|VARIABLE_ASSIGNMENT|[3]|auMainTopCompCtrl.TYPE_SCREEN_SWITCH|0
10:42:57.0 (11208049)|STATEMENT_EXECUTE|[4]
10:42:57.0 (11210593)|HEAP_ALLOCATE|[4]|Bytes:4
10:42:57.0 (11218743)|VARIABLE_ASSIGNMENT|[4]|auMainTopCompCtrl.TYPE_SCREEN_STPD_EVENT|11
10:42:57.0 (11223225)|STATEMENT_EXECUTE|[5]
10:42:57.0 (11225819)|HEAP_ALLOCATE|[5]|Bytes:4
10:42:57.0 (11232481)|VARIABLE_ASSIGNMENT|[5]|auMainTopCompCtrl.TYPE_SCREEN_STPD_TIMELINE|12
10:42:57.0 (11236443)|STATEMENT_EXECUTE|[6]
10:42:57.0 (11238450)|HEAP_ALLOCATE|[6]|Bytes:4
10:42:57.0 (11244648)|VARIABLE_ASSIGNMENT|[6]|auMainTopCompCtrl.TYPE_SCREEN_STPD_SCREEN|13
10:42:57.0 (11248568)|STATEMENT_EXECUTE|[7]
10:42:57.0 (11250498)|HEAP_ALLOCATE|[7]|Bytes:4
10:42:57.0 (11256633)|VARIABLE_ASSIGNMENT|[7]|auMainTopCompCtrl.TYPE_SCREEN_CX_SCREEN|21
10:42:57.0 (11260537)|STATEMENT_EXECUTE|[8]
10:42:57.0 (11262789)|HEAP_ALLOCATE|[8]|Bytes:4
10:42:57.0 (11268130)|VARIABLE_ASSIGNMENT|[8]|auMainTopCompCtrl.TYPE_SCREEN_CX_TIMELINE|22
10:42:57.0 (11271823)|STATEMENT_EXECUTE|[9]
10:42:57.0 (11274018)|HEAP_ALLOCATE|[9]|Bytes:4
10:42:57.0 (11279330)|VARIABLE_ASSIGNMENT|[9]|auMainTopCompCtrl.TYPE_SCREEN_EVENT_SCHEDULE|31
10:42:57.0 (11282726)|STATEMENT_EXECUTE|[10]
10:42:57.0 (11284822)|HEAP_ALLOCATE|[10]|Bytes:4
10:42:57.0 (11290465)|VARIABLE_ASSIGNMENT|[10]|auMainTopCompCtrl.TYPE_SCREEN_EVENT_SCHEDULE_LIST|32
10:42:57.0 (11294638)|STATEMENT_EXECUTE|[11]
10:42:57.0 (11296587)|HEAP_ALLOCATE|[11]|Bytes:4
10:42:57.0 (11302366)|VARIABLE_ASSIGNMENT|[11]|auMainTopCompCtrl.TYPE_SCREEN_KNOWLEDGE_DASHBOARD|41
10:42:57.0 (11305900)|STATEMENT_EXECUTE|[12]
10:42:57.0 (11307858)|HEAP_ALLOCATE|[12]|Bytes:4
10:42:57.0 (11313632)|VARIABLE_ASSIGNMENT|[12]|auMainTopCompCtrl.TYPE_SCREEN_KNOWLEDGE_LIST|42
10:42:57.0 (11317195)|STATEMENT_EXECUTE|[13]
10:42:57.0 (11319263)|HEAP_ALLOCATE|[13]|Bytes:4
10:42:57.0 (11325302)|VARIABLE_ASSIGNMENT|[13]|auMainTopCompCtrl.TYPE_SCREEN_SA_MESSAGES|51
10:42:57.0 (11329223)|STATEMENT_EXECUTE|[14]
10:42:57.0 (11331119)|HEAP_ALLOCATE|[14]|Bytes:4
10:42:57.0 (11337097)|VARIABLE_ASSIGNMENT|[14]|auMainTopCompCtrl.TYPE_SCREEN_SA_REPORTS|52
10:42:57.0 (11340659)|STATEMENT_EXECUTE|[15]
10:42:57.0 (11346626)|HEAP_ALLOCATE|[15]|Bytes:4
10:42:57.0 (11353136)|VARIABLE_ASSIGNMENT|[15]|auMainTopCompCtrl.TYPE_SCREEN_SA_CHATTER|53
10:42:57.0 (11356840)|STATEMENT_EXECUTE|[16]
10:42:57.0 (11359243)|HEAP_ALLOCATE|[16]|Bytes:4
10:42:57.0 (11365196)|VARIABLE_ASSIGNMENT|[16]|auMainTopCompCtrl.TYPE_SCREEN_SA_DAILYREPORT|54
10:42:57.0 (11369054)|STATEMENT_EXECUTE|[17]
10:42:57.0 (11370819)|HEAP_ALLOCATE|[17]|Bytes:4
10:42:57.0 (11377204)|VARIABLE_ASSIGNMENT|[17]|auMainTopCompCtrl.TYPE_SCREEN_SA_ENQUETE|55
10:42:57.0 (11381041)|STATEMENT_EXECUTE|[18]
10:42:57.0 (11383067)|HEAP_ALLOCATE|[18]|Bytes:4
10:42:57.0 (11388840)|VARIABLE_ASSIGNMENT|[18]|auMainTopCompCtrl.TYPE_SCREEN_SA_DOCUMENTS|56
10:42:57.0 (11392623)|STATEMENT_EXECUTE|[19]
10:42:57.0 (11394719)|HEAP_ALLOCATE|[19]|Bytes:4
10:42:57.0 (11401223)|VARIABLE_ASSIGNMENT|[19]|auMainTopCompCtrl.TYPE_SCREEN_SA_RANKING|57
10:42:57.0 (11404818)|STATEMENT_EXECUTE|[20]
10:42:57.0 (11406819)|HEAP_ALLOCATE|[20]|Bytes:4
10:42:57.0 (11412630)|VARIABLE_ASSIGNMENT|[20]|auMainTopCompCtrl.TYPE_SCREEN_SA_LINKS|58
10:42:57.0 (11416520)|STATEMENT_EXECUTE|[21]
10:42:57.0 (11418379)|HEAP_ALLOCATE|[21]|Bytes:4
10:42:57.0 (11424958)|VARIABLE_ASSIGNMENT|[21]|auMainTopCompCtrl.TYPE_SCREEN_SA_USRSETTINGS|59
10:42:57.0 (11428438)|STATEMENT_EXECUTE|[22]
10:42:57.0 (11430303)|HEAP_ALLOCATE|[22]|Bytes:4
10:42:57.0 (11436456)|VARIABLE_ASSIGNMENT|[22]|auMainTopCompCtrl.TYPE_SCREEN_SA_DAILYREPORTLIST|60
10:42:57.0 (11440309)|STATEMENT_EXECUTE|[23]
10:42:57.0 (11442300)|HEAP_ALLOCATE|[23]|Bytes:4
10:42:57.0 (11449899)|VARIABLE_ASSIGNMENT|[23]|auMainTopCompCtrl.TYPE_SCREEN_SA_TODO|61
10:42:57.0 (11454035)|STATEMENT_EXECUTE|[24]
10:42:57.0 (11456039)|HEAP_ALLOCATE|[24]|Bytes:4
10:42:57.0 (11462003)|VARIABLE_ASSIGNMENT|[24]|auMainTopCompCtrl.TYPE_SCREEN_HONBU_DIRECT|71
10:42:57.0 (11465584)|STATEMENT_EXECUTE|[25]
10:42:57.0 (11467751)|HEAP_ALLOCATE|[25]|Bytes:4
10:42:57.0 (11472875)|VARIABLE_ASSIGNMENT|[25]|auMainTopCompCtrl.TYPE_SCREEN_ACCOUNT_LIST|81
10:42:57.0 (11476461)|STATEMENT_EXECUTE|[26]
10:42:57.0 (11478772)|HEAP_ALLOCATE|[26]|Bytes:4
10:42:57.0 (11483886)|VARIABLE_ASSIGNMENT|[26]|auMainTopCompCtrl.TYPE_SCREEN_ACTIVITY_LIST|82
10:42:57.0 (11487629)|STATEMENT_EXECUTE|[27]
10:42:57.0 (11489708)|HEAP_ALLOCATE|[27]|Bytes:4
10:42:57.0 (11495537)|VARIABLE_ASSIGNMENT|[27]|auMainTopCompCtrl.TYPE_SCREEN_FILE_LIST|83
10:42:57.0 (11503535)|METHOD_EXIT|[1]|auMainTopCompCtrl
10:42:57.0 (11510243)|HEAP_ALLOCATE|[EXTERNAL]|Bytes:40
10:42:57.0 (11516947)|VARIABLE_SCOPE_BEGIN|[80]|this|auMainTopCompCtrl|true|false
10:42:57.0 (11562009)|VARIABLE_ASSIGNMENT|[80]|this|{"currentUser":"0x5f38aae4","iTypeOfScreen":54,"urlReportsSFA":"https://cs6.lightnin (84 more) ..."}|0xb6a4ad4
10:42:57.0 (11572927)|STATEMENT_EXECUTE|[80]
10:42:57.0 (11574555)|STATEMENT_EXECUTE|[81]
10:42:57.0 (11623442)|VARIABLE_ASSIGNMENT|[EXTERNAL]|this|{"currentUser":"0x5f38aae4","iTypeOfScreen":54,"urlReportsSFA":"https://cs6.lightnin (84 more) ..."}|0xb6a4ad4
10:42:57.0 (11671360)|VARIABLE_ASSIGNMENT|[EXTERNAL]|this|{"currentUser":"0x5f38aae4","iTypeOfScreen":54,"urlReportsSFA":"https://cs6.lightnin (84 more) ..."}|0xb6a4ad4
10:42:57.0 (11707904)|VARIABLE_ASSIGNMENT|[EXTERNAL]|this|{"currentUser":"0x5f38aae4","iTypeOfScreen":54,"urlReportsSFA":"https://cs6.lightnin (84 more) ..."}|0xb6a4ad4
10:42:57.0 (11742752)|VARIABLE_ASSIGNMENT|[EXTERNAL]|this|{"currentUser":"0x5f38aae4","iTypeOfScreen":54,"urlReportsSFA":"https://cs6.lightnin (84 more) ..."}|0xb6a4ad4
10:42:57.0 (11761242)|HEAP_ALLOCATE|[81]|Bytes:5
10:42:57.0 (11853897)|SYSTEM_MODE_ENTER|true
10:42:57.0 (11885677)|HEAP_ALLOCATE|[EXTERNAL]|Bytes:40
10:42:57.0 (11892412)|VARIABLE_SCOPE_BEGIN|[99]|this|auMainTopCompCtrl|true|false
10:42:57.0 (11922118)|VARIABLE_ASSIGNMENT|[99]|this|{"currentUser":"0x5f38aae4","iTypeOfScreen":54,"urlReportsSFA":"https://cs6.lightnin (84 more) ..."}|0xb6a4ad4
10:42:57.0 (11932271)|STATEMENT_EXECUTE|[99]
10:42:57.0 (11934150)|STATEMENT_EXECUTE|[100]
10:42:57.0 (11965447)|VARIABLE_ASSIGNMENT|[EXTERNAL]|this|{"currentUser":"0x5f38aae4","iTypeOfScreen":54,"urlReportsSFA":"https://cs6.lightnin (84 more) ..."}|0xb6a4ad4
10:42:57.0 (11979832)|HEAP_ALLOCATE|[100]|Bytes:5
10:42:57.0 (12069586)|SYSTEM_MODE_ENTER|true
10:42:57.0 (12092293)|HEAP_ALLOCATE|[EXTERNAL]|Bytes:40
10:42:57.0 (12102627)|VARIABLE_ASSIGNMENT|[EXTERNAL]|this.iCountComments|null|0xb6a4ad4
10:42:57.0 (12146269)|SYSTEM_MODE_ENTER|true
10:42:57.0 (12159257)|HEAP_ALLOCATE|[EXTERNAL]|Bytes:40
10:42:57.0 (12167500)|VARIABLE_ASSIGNMENT|[EXTERNAL]|this.iCountLikes|null|0xb6a4ad4
10:42:57.0 (12251639)|SYSTEM_MODE_ENTER|true
10:42:57.0 (12288018)|HEAP_ALLOCATE|[EXTERNAL]|Bytes:26
10:42:57.0 (12297216)|HEAP_ALLOCATE|[EXTERNAL]|Bytes:460
10:42:57.0 (12301821)|HEAP_ALLOCATE|[EXTERNAL]|Bytes:113
10:42:57.0 (12305452)|HEAP_ALLOCATE|[EXTERNAL]|Bytes:39
10:42:57.0 (12309606)|HEAP_ALLOCATE|[EXTERNAL]|Bytes:3
10:42:57.0 (12318557)|VARIABLE_ASSIGNMENT|[EXTERNAL]|saDailyReportCtrl.SOURCE|"src"
10:42:57.0 (12323750)|HEAP_ALLOCATE|[EXTERNAL]|Bytes:2
10:42:57.0 (12329822)|VARIABLE_ASSIGNMENT|[EXTERNAL]|saDailyReportCtrl.SOURCE_ID|"id"
10:42:57.0 (12338151)|METHOD_ENTRY|[1]|01pN0000000aE0W|saDailyReportCtrl.saDailyReportCtrl()
10:42:57.0 (12348224)|STATEMENT_EXECUTE|[1]
10:42:57.0 (12351906)|STATEMENT_EXECUTE|[1]
10:42:57.0 (12359963)|SYSTEM_MODE_ENTER|false
10:42:57.0 (12366908)|HEAP_ALLOCATE|[EXTERNAL]|Bytes:5
10:42:57.0 (12371137)|STATEMENT_EXECUTE|[651]
10:42:57.0 (12373436)|STATEMENT_EXECUTE|[678]
10:42:57.0 (12378360)|SYSTEM_MODE_EXIT|false
10:42:57.0 (12385503)|METHOD_EXIT|[1]|saDailyReportCtrl
10:42:57.0 (12390949)|HEAP_ALLOCATE|[EXTERNAL]|Bytes:76
10:42:57.0 (12396649)|VARIABLE_SCOPE_BEGIN|[92]|this|saDailyReportCtrl|true|false
10:42:57.0 (12734490)|VARIABLE_ASSIGNMENT|[92]|this|{"BusinessLocationName":"","currentInquiryReply":"0x52af0912","currentInquiryReplyDetail":"0xb4ac579","dailyReportId":"a0IN0000006RUllMAG","dCurrentDay":"2018-06-30T00:00:00Z","dCurrentMonth":"2018-07-01T00:00:00Z","iCurrentDay":0,"idBusinessLocation":"","isIPhone":false,"isPreview":true,"lsBusinessLocation":"0x113f217e","messageError":"","messageQuestion":"","mpQuestions":"0x5311bc39","myUser":"0x795cc8d0","sourceOfTheCall":"preview"}|0x41306b93
10:42:57.0 (12755366)|SYSTEM_MODE_ENTER|false
10:42:57.0 (12762489)|HEAP_ALLOCATE|[92]|Bytes:5
10:42:57.0 (12767428)|STATEMENT_EXECUTE|[92]
10:42:57.0 (12769326)|STATEMENT_EXECUTE|[92]
10:42:57.0 (12774405)|SYSTEM_MODE_EXIT|false
10:42:57.0 (12836415)|SYSTEM_MODE_ENTER|true
10:42:57.0 (12856543)|HEAP_ALLOCATE|[EXTERNAL]|Bytes:8
10:42:57.0 (12861399)|HEAP_ALLOCATE|[EXTERNAL]|Bytes:40
10:42:57.0 (12870696)|VARIABLE_ASSIGNMENT|[EXTERNAL]|this.iTypeOfScreen|54|0xb6a4ad4
10:42:57.0 (13012264)|SYSTEM_MODE_ENTER|true
10:42:57.0 (13099525)|SYSTEM_MODE_ENTER|true
10:42:57.0 (13181551)|SYSTEM_MODE_ENTER|true
10:42:57.0 (13377784)|SYSTEM_MODE_ENTER|true
10:42:57.0 (14615079)|SYSTEM_MODE_ENTER|true
10:42:57.0 (16447237)|SYSTEM_MODE_ENTER|true
10:42:57.0 (16515305)|SYSTEM_MODE_ENTER|true
10:42:57.0 (16574738)|SYSTEM_MODE_ENTER|true
10:42:57.0 (16631881)|SYSTEM_MODE_ENTER|true
10:42:57.0 (16684769)|SYSTEM_MODE_ENTER|true
10:42:57.0 (16752902)|SYSTEM_MODE_ENTER|true
10:42:57.0 (16822121)|HEAP_ALLOCATE|[EXTERNAL]|Bytes:40
10:42:57.0 (16840907)|VARIABLE_SCOPE_BEGIN|[80]|this|auMainTopCompCtrl|true|false
10:42:57.0 (16926774)|VARIABLE_ASSIGNMENT|[80]|this|{"currentUser":"0x5f38aae4","iTypeOfScreen":54,"urlReportsSFA":"https://cs6.lightnin (84 more) ..."}|0xb6a4ad4
10:42:57.0 (16951917)|STATEMENT_EXECUTE|[80]
10:42:57.0 (16957574)|STATEMENT_EXECUTE|[81]
10:42:57.0 (17037737)|VARIABLE_ASSIGNMENT|[EXTERNAL]|this|{"currentUser":"0x5f38aae4","iTypeOfScreen":54,"urlReportsSFA":"https://cs6.lightnin (84 more) ..."}|0xb6a4ad4
10:42:57.0 (17100483)|VARIABLE_ASSIGNMENT|[EXTERNAL]|this|{"currentUser":"0x5f38aae4","iTypeOfScreen":54,"urlReportsSFA":"https://cs6.lightnin (84 more) ..."}|0xb6a4ad4
10:42:57.0 (17149434)|VARIABLE_ASSIGNMENT|[EXTERNAL]|this|{"currentUser":"0x5f38aae4","iTypeOfScreen":54,"urlReportsSFA":"https://cs6.lightnin (84 more) ..."}|0xb6a4ad4
10:42:57.0 (17199821)|VARIABLE_ASSIGNMENT|[EXTERNAL]|this|{"currentUser":"0x5f38aae4","iTypeOfScreen":54,"urlReportsSFA":"https://cs6.lightnin (84 more) ..."}|0xb6a4ad4
10:42:57.0 (17221769)|HEAP_ALLOCATE|[81]|Bytes:5
10:42:57.0 (17281666)|SYSTEM_MODE_ENTER|true
10:42:57.0 (17318701)|HEAP_ALLOCATE|[EXTERNAL]|Bytes:40
10:42:57.0 (17325367)|VARIABLE_SCOPE_BEGIN|[99]|this|auMainTopCompCtrl|true|false
10:42:57.0 (17360007)|VARIABLE_ASSIGNMENT|[99]|this|{"currentUser":"0x5f38aae4","iTypeOfScreen":54,"urlReportsSFA":"https://cs6.lightnin (84 more) ..."}|0xb6a4ad4
10:42:57.0 (17369596)|STATEMENT_EXECUTE|[99]
10:42:57.0 (17371493)|STATEMENT_EXECUTE|[100]
10:42:57.0 (17400696)|VARIABLE_ASSIGNMENT|[EXTERNAL]|this|{"currentUser":"0x5f38aae4","iTypeOfScreen":54,"urlReportsSFA":"https://cs6.lightnin (84 more) ..."}|0xb6a4ad4
10:42:57.0 (17415094)|HEAP_ALLOCATE|[100]|Bytes:5
10:42:57.0 (21237477)|SYSTEM_MODE_ENTER|true
10:42:57.0 (21270234)|HEAP_ALLOCATE|[EXTERNAL]|Bytes:16
10:42:57.0 (21278976)|HEAP_ALLOCATE|[EXTERNAL]|Bytes:76
10:42:57.0 (21294974)|VARIABLE_ASSIGNMENT|[EXTERNAL]|this.messageError|"正しいデーターを入れてください。"|0x41306b93
10:42:57.0 (21356443)|SYSTEM_MODE_ENTER|true
10:42:57.0 (21382502)|HEAP_ALLOCATE|[EXTERNAL]|Bytes:76
10:42:57.0 (21397652)|VARIABLE_ASSIGNMENT|[EXTERNAL]|this.messageQuestion|""|0x41306b93
10:42:57.0 (21448079)|SYSTEM_MODE_ENTER|true
10:42:57.0 (21465579)|HEAP_ALLOCATE|[EXTERNAL]|Bytes:5
10:42:57.0 (21470368)|HEAP_ALLOCATE|[EXTERNAL]|Bytes:76
10:42:57.0 (21479008)|VARIABLE_ASSIGNMENT|[EXTERNAL]|this.isPreview|true|0x41306b93
10:42:57.0 (21512479)|SYSTEM_MODE_ENTER|true
10:42:57.0 (21530217)|HEAP_ALLOCATE|[EXTERNAL]|Bytes:76
10:42:57.0 (21539484)|VARIABLE_ASSIGNMENT|[EXTERNAL]|this.idBusinessLocation|""|0x41306b93
10:42:57.0 (21566618)|SYSTEM_MODE_ENTER|true
10:42:57.0 (21579573)|HEAP_ALLOCATE|[EXTERNAL]|Bytes:8
10:42:57.0 (21583962)|HEAP_ALLOCATE|[EXTERNAL]|Bytes:76
10:42:57.0 (21591144)|VARIABLE_ASSIGNMENT|[EXTERNAL]|this.iCurrentDay|0|0x41306b93
10:42:57.0 (21700429)|SYSTEM_MODE_ENTER|true
10:42:57.0 (21721332)|HEAP_ALLOCATE|[EXTERNAL]|Bytes:40
10:42:57.0 (21733990)|VARIABLE_ASSIGNMENT|[EXTERNAL]|this.iCountComments|null|0xb6a4ad4
10:42:57.0 (21778695)|SYSTEM_MODE_ENTER|true
10:42:57.0 (21791374)|HEAP_ALLOCATE|[EXTERNAL]|Bytes:40
10:42:57.0 (21799432)|VARIABLE_ASSIGNMENT|[EXTERNAL]|this.iCountLikes|null|0xb6a4ad4
10:42:57.0 (21840015)|SYSTEM_MODE_ENTER|true
10:42:57.0 (21873532)|HEAP_ALLOCATE|[EXTERNAL]|Bytes:76
10:42:57.0 (21880370)|VARIABLE_SCOPE_BEGIN|[92]|this|saDailyReportCtrl|true|false
10:42:57.0 (22080652)|VARIABLE_ASSIGNMENT|[92]|this|{"BusinessLocationName":"","currentInquiryReply":"0x52af0912","currentInquiryReplyDetail":"0xb4ac579","dailyReportId":"a0IN0000006RUllMAG","dCurrentDay":"2018-06-30T00:00:00Z","dCurrentMonth":"2018-07-01T00:00:00Z","iCurrentDay":0,"idBusinessLocation":"","isIPhone":false,"isPreview":true,"lsBusinessLocation":"0x113f217e","messageError":"正しいデーターを入れてください。","messageQuestion":"","mpQuestions":"0x5311bc39","myUser":"0x795cc8d0","sourceOfTheCall":"preview"}|0x41306b93
10:42:57.0 (22101217)|SYSTEM_MODE_ENTER|false
10:42:57.0 (22108959)|HEAP_ALLOCATE|[92]|Bytes:5
10:42:57.0 (22114185)|STATEMENT_EXECUTE|[92]
10:42:57.0 (22116295)|STATEMENT_EXECUTE|[92]
10:42:57.0 (22120633)|SYSTEM_MODE_EXIT|false
10:42:57.0 (22166145)|SYSTEM_MODE_ENTER|true
10:42:57.0 (22181649)|HEAP_ALLOCATE|[EXTERNAL]|Bytes:8
10:42:57.0 (22186772)|HEAP_ALLOCATE|[EXTERNAL]|Bytes:40
10:42:57.0 (22194927)|VARIABLE_ASSIGNMENT|[EXTERNAL]|this.iTypeOfScreen|54|0xb6a4ad4
10:42:57.0 (22334171)|SYSTEM_MODE_ENTER|true
10:42:57.0 (25626508)|HEAP_ALLOCATE|[EXTERNAL]|Bytes:76
10:42:57.0 (25638014)|VARIABLE_SCOPE_BEGIN|[199]|this|saDailyReportCtrl|true|false
10:42:57.0 (25818555)|VARIABLE_ASSIGNMENT|[199]|this|{"BusinessLocationName":"","currentInquiryReply":"0x52af0912","currentInquiryReplyDetail":"0xb4ac579","dailyReportId":"a0IN0000006RUllMAG","dCurrentDay":"2018-06-30T00:00:00Z","dCurrentMonth":"2018-07-01T00:00:00Z","iCurrentDay":0,"idBusinessLocation":"","isIPhone":false,"isPreview":true,"lsBusinessLocation":"0x113f217e","messageError":"正しいデーターを入れてください。","messageQuestion":"","mpQuestions":"0x5311bc39","myUser":"0x795cc8d0","sourceOfTheCall":"preview"}|0x41306b93
10:42:57.0 (25839585)|SYSTEM_MODE_ENTER|false
10:42:57.0 (25846955)|HEAP_ALLOCATE|[201]|Bytes:5
10:42:57.0 (25852932)|STATEMENT_EXECUTE|[199]
10:42:57.0 (25855013)|STATEMENT_EXECUTE|[201]
10:42:57.0 (26015657)|VARIABLE_ASSIGNMENT|[EXTERNAL]|this|{"BusinessLocationName":"","currentInquiryReply":"0x52af0912","currentInquiryReplyDetail":"0xb4ac579","dailyReportId":"a0IN0000006RUllMAG","dCurrentDay":"2018-06-30T00:00:00Z","dCurrentMonth":"2018-07-01T00:00:00Z","iCurrentDay":0,"idBusinessLocation":"","isIPhone":false,"isPreview":true,"lsBusinessLocation":"0x113f217e","messageError":"正しいデーターを入れてください。","messageQuestion":"","mpQuestions":"0x5311bc39","myUser":"0x795cc8d0","sourceOfTheCall":"preview"}|0x41306b93
10:42:57.0 (26032283)|VARIABLE_ASSIGNMENT|[EXTERNAL]|value|""
10:42:57.0 (26043813)|VARIABLE_ASSIGNMENT|[6]|this.messageError|""|0x41306b93
10:42:57.0 (26056342)|STATEMENT_EXECUTE|[202]
10:42:57.0 (26197672)|VARIABLE_ASSIGNMENT|[EXTERNAL]|this|{"BusinessLocationName":"","currentInquiryReply":"0x52af0912","currentInquiryReplyDetail":"0xb4ac579","dailyReportId":"a0IN0000006RUllMAG","dCurrentDay":"2018-06-30T00:00:00Z","dCurrentMonth":"2018-07-01T00:00:00Z","iCurrentDay":0,"idBusinessLocation":"","isIPhone":false,"isPreview":true,"lsBusinessLocation":"0x113f217e","messageError":"","messageQuestion":"","mpQuestions":"0x5311bc39","myUser":"0x795cc8d0","sourceOfTheCall":"preview"}|0x41306b93
10:42:57.0 (26212213)|VARIABLE_ASSIGNMENT|[EXTERNAL]|value|""
10:42:57.0 (26221983)|VARIABLE_ASSIGNMENT|[7]|this.messageQuestion|""|0x41306b93
10:42:57.0 (26232917)|STATEMENT_EXECUTE|[204]
10:42:57.0 (26234652)|STATEMENT_EXECUTE|[204]
10:42:57.0 (26236204)|STATEMENT_EXECUTE|[206]
10:42:57.0 (26465819)|VARIABLE_ASSIGNMENT|[EXTERNAL]|this|{"BusinessLocationName":"","currentInquiryReply":"0x52af0912","currentInquiryReplyDetail":"0xb4ac579","dailyReportId":"a0IN0000006RUllMAG","dCurrentDay":"2018-06-30T00:00:00Z","dCurrentMonth":"2018-07-01T00:00:00Z","iCurrentDay":0,"idBusinessLocation":"","isIPhone":false,"isPreview":true,"lsBusinessLocation":"0x113f217e","messageError":"","messageQuestion":"","mpQuestions":"0x5311bc39","myUser":"0x795cc8d0","sourceOfTheCall":"preview"}|0x41306b93
10:42:57.0 (26524160)|HEAP_ALLOCATE|[206]|Bytes:4
10:42:57.0 (26545485)|VARIABLE_ASSIGNMENT|[206]|this.dCurrentDay|"2018-06-30T00:00:00.000Z"|0x41306b93
10:42:57.0 (26551972)|STATEMENT_EXECUTE|[208]
10:42:57.0 (26563307)|HEAP_ALLOCATE|[208]|Bytes:4
10:42:57.0 (26769529)|VARIABLE_ASSIGNMENT|[EXTERNAL]|this|{"BusinessLocationName":"","currentInquiryReply":"0x52af0912","currentInquiryReplyDetail":"0xb4ac579","dailyReportId":"a0IN0000006RUllMAG","dCurrentDay":"2018-06-30T00:00:00Z","dCurrentMonth":"2018-07-01T00:00:00Z","iCurrentDay":0,"idBusinessLocation":"","isIPhone":false,"isPreview":true,"lsBusinessLocation":"0x113f217e","messageError":"","messageQuestion":"","mpQuestions":"0x5311bc39","myUser":"0x795cc8d0","sourceOfTheCall":"preview"}|0x41306b93
10:42:57.0 (26784413)|HEAP_ALLOCATE|[EXTERNAL]|Bytes:4
10:42:57.0 (26792600)|VARIABLE_ASSIGNMENT|[EXTERNAL]|value|[]|0x441445f1
10:42:57.0 (26804211)|VARIABLE_ASSIGNMENT|[22]|this.currentInquiryReplyDetail|[]|0x41306b93
10:42:57.0 (26814312)|STATEMENT_EXECUTE|[209]
10:42:57.0 (26826352)|HEAP_ALLOCATE|[209]|Bytes:4
10:42:57.0 (26996721)|VARIABLE_ASSIGNMENT|[EXTERNAL]|this|{"BusinessLocationName":"","currentInquiryReply":"0x52af0912","currentInquiryReplyDetail":"0x441445f1","dailyReportId":"a0IN0000006RUllMAG","dCurrentDay":"2018-06-30T00:00:00Z","dCurrentMonth":"2018-07-01T00:00:00Z","iCurrentDay":0,"idBusinessLocation":"","isIPhone":false,"isPreview":true,"lsBusinessLocation":"0x113f217e","messageError":"","messageQuestion":"","mpQuestions":"0x5311bc39","myUser":"0x795cc8d0","sourceOfTheCall":"preview"}|0x41306b93
10:42:57.0 (27014220)|VARIABLE_ASSIGNMENT|[EXTERNAL]|value|{}|0x65586fa7
10:42:57.0 (27025836)|VARIABLE_ASSIGNMENT|[24]|this.mpQuestions|{}|0x41306b93
10:42:57.0 (27035838)|STATEMENT_EXECUTE|[211]
10:42:57.0 (27174649)|VARIABLE_ASSIGNMENT|[EXTERNAL]|this|{"BusinessLocationName":"","currentInquiryReply":"0x52af0912","currentInquiryReplyDetail":"0x441445f1","dailyReportId":"a0IN0000006RUllMAG","dCurrentDay":"2018-06-30T00:00:00Z","dCurrentMonth":"2018-07-01T00:00:00Z","iCurrentDay":0,"idBusinessLocation":"","isIPhone":false,"isPreview":true,"lsBusinessLocation":"0x113f217e","messageError":"","messageQuestion":"","mpQuestions":"0x65586fa7","myUser":"0x795cc8d0","sourceOfTheCall":"preview"}|0x41306b93
10:42:57.0 (27189522)|VARIABLE_ASSIGNMENT|[EXTERNAL]|value|""
10:42:57.0 (27198634)|VARIABLE_ASSIGNMENT|[23]|this.BusinessLocationName|""|0x41306b93
10:42:57.0 (27210602)|HEAP_ALLOCATE|[212]|Bytes:81
10:42:57.0 (27225921)|HEAP_ALLOCATE|[212]|Bytes:4
10:42:57.0 (27234484)|HEAP_ALLOCATE|[212]|Bytes:7
10:42:57.0 (27380003)|VARIABLE_ASSIGNMENT|[EXTERNAL]|this|{"BusinessLocationName":"","currentInquiryReply":"0x52af0912","currentInquiryReplyDetail":"0x441445f1","dailyReportId":"a0IN0000006RUllMAG","dCurrentDay":"2018-06-30T00:00:00Z","dCurrentMonth":"2018-07-01T00:00:00Z","iCurrentDay":0,"idBusinessLocation":"","isIPhone":false,"isPreview":true,"lsBusinessLocation":"0x113f217e","messageError":"","messageQuestion":"","mpQuestions":"0x65586fa7","myUser":"0x795cc8d0","sourceOfTheCall":"preview"}|0x41306b93
10:42:57.0 (27722887)|SOQL_EXECUTE_BEGIN|[212]|Aggregations:0|SELECT Id, BusinessLocationName__c FROM saBusinessLocation__c 
10:42:57.0 (29150923)|SOQL_EXECUTE_END|[212]|Rows:0
10:42:57.0 (29320779)|HEAP_ALLOCATE|[212]|Bytes:54
10:42:57.0 (29334745)|HEAP_ALLOCATE|[212]|Bytes:8
10:42:57.0 (29373740)|SYSTEM_METHOD_ENTRY|[7]|QueryLocatorIterator.QueryLocatorIterator()
10:42:57.0 (29382015)|STATEMENT_EXECUTE|[7]
10:42:57.0 (29390778)|SYSTEM_METHOD_EXIT|[7]|QueryLocatorIterator
10:42:57.0 (29399893)|HEAP_ALLOCATE|[212]|Bytes:28
10:42:57.0 (29420601)|HEAP_ALLOCATE|[212]|Bytes:8
10:42:57.0 (29427553)|HEAP_ALLOCATE|[212]|Bytes:8
10:42:57.0 (29434193)|VARIABLE_SCOPE_BEGIN|[15]|this|Database.QueryLocatorIterator|true|false
10:42:57.0 (29465581)|VARIABLE_ASSIGNMENT|[15]|this|{}|0x16e7a673
10:42:57.0 (29476197)|VARIABLE_SCOPE_BEGIN|[15]|values|List<SObject>|true|false
10:42:57.0 (29489134)|VARIABLE_ASSIGNMENT|[15]|values|null|
10:42:57.0 (29495520)|VARIABLE_SCOPE_BEGIN|[15]|ql|Database.QueryLocator|true|false
10:42:57.0 (29517475)|VARIABLE_ASSIGNMENT|[15]|ql|{"query":"SELECT Id, BusinessL (61 more) ..."}|0x5baa3ccf
10:42:57.0 (29526434)|VARIABLE_SCOPE_BEGIN|[15]|totalNumRecords|Integer|false|false
10:42:57.0 (29539408)|VARIABLE_ASSIGNMENT|[15]|totalNumRecords|0
10:42:57.0 (29546555)|VARIABLE_SCOPE_BEGIN|[15]|queryMoreSize|Integer|false|false
10:42:57.0 (29558138)|VARIABLE_ASSIGNMENT|[15]|queryMoreSize|50000
10:42:57.0 (29655222)|HEAP_ALLOCATE|[212]|Bytes:28
10:42:57.0 (29680699)|METHOD_ENTRY|[212]||Database.QueryLocatorIterator.hasNext()
10:42:57.0 (29705547)|METHOD_EXIT|[212]||Database.QueryLocatorIterator.hasNext()
10:42:57.0 (29747663)|VARIABLE_ASSIGNMENT|[212]|bl|null|
10:42:57.0 (29756928)|STATEMENT_EXECUTE|[212]
10:42:57.0 (29774591)|STATEMENT_EXECUTE|[219]
10:42:57.0 (29779259)|HEAP_ALLOCATE|[219]|Bytes:195
10:42:57.0 (29797284)|HEAP_ALLOCATE|[219]|Bytes:4
10:42:57.0 (29829866)|HEAP_ALLOCATE|[219]|Bytes:7
10:42:57.0 (29871318)|HEAP_ALLOCATE|[223]|Bytes:89
10:42:57.0 (29884013)|SYSTEM_METHOD_ENTRY|[1]|UserInfo.UserInfo()
10:42:57.0 (29889854)|STATEMENT_EXECUTE|[1]
10:42:57.0 (29896264)|SYSTEM_METHOD_EXIT|[1]|UserInfo
10:42:57.0 (29910789)|METHOD_ENTRY|[223]||System.UserInfo.getUserId()
10:42:57.0 (29958761)|METHOD_EXIT|[223]||System.UserInfo.getUserId()
10:42:57.0 (30674384)|SOQL_EXECUTE_BEGIN|[219]|Aggregations:0|SELECT Id, saBusinessLocation__c, Status__c, saInquiry__c, Comment__c FROM saInquiryReply__c WHERE (saInquiry__r.Type__c = 'DAILY_REPORT' AND DailyReportDate__c = :tmpVar1 AND User__c = :tmpVar2)
10:42:57.0 (36528150)|SOQL_EXECUTE_END|[219]|Rows:0
10:42:57.0 (36551741)|HEAP_ALLOCATE|[219]|Bytes:4
10:42:57.0 (36564709)|HEAP_ALLOCATE|[219]|Bytes:0
10:42:57.0 (36620777)|HEAP_ALLOCATE|[219]|Bytes:4
10:42:57.0 (36633599)|VARIABLE_SCOPE_BEGIN|[219]|lsInqRep|List<saInquiryReply__c>|true|false
10:42:57.0 (36649178)|VARIABLE_ASSIGNMENT|[219]|lsInqRep|[]|0x147c1b23
10:42:57.0 (36702990)|STATEMENT_EXECUTE|[225]
10:42:57.0 (36705423)|STATEMENT_EXECUTE|[227]
10:42:57.0 (36709030)|HEAP_ALLOCATE|[227]|Bytes:207
10:42:57.0 (36722661)|HEAP_ALLOCATE|[227]|Bytes:4
10:42:57.0 (36922291)|VARIABLE_ASSIGNMENT|[EXTERNAL]|this|{"BusinessLocationName":"","currentInquiryReply":"0x52af0912","currentInquiryReplyDetail":"0x441445f1","dailyReportId":"a0IN0000006RUllMAG","dCurrentDay":"2018-06-30T00:00:00Z","dCurrentMonth":"2018-07-01T00:00:00Z","iCurrentDay":0,"idBusinessLocation":"","isIPhone":false,"isPreview":true,"lsBusinessLocation":"0x113f217e","messageError":"","messageQuestion":"","mpQuestions":"0x65586fa7","myUser":"0x795cc8d0","sourceOfTheCall":"preview"}|0x41306b93
10:42:57.0 (36949359)|HEAP_ALLOCATE|[227]|Bytes:7
10:42:57.0 (36959821)|METHOD_ENTRY|[232]||System.UserInfo.getUserId()
10:42:57.0 (36982279)|METHOD_EXIT|[232]||System.UserInfo.getUserId()
10:42:57.0 (37280929)|SOQL_EXECUTE_BEGIN|[227]|Aggregations:0|SELECT Id, saBusinessLocation__c, Status__c FROM saInquiryReply__c WHERE (saInquiry__r.Type__c = 'DAILY_REPORT' AND DailyReportDate__c = :tmpVar1 AND saBusinessLocation__c = :tmpVar2 AND User__c != :tmpVar3)
10:42:57.0 (39786445)|SOQL_EXECUTE_END|[227]|Rows:0
10:42:57.0 (39808261)|HEAP_ALLOCATE|[227]|Bytes:4
10:42:57.0 (39821002)|HEAP_ALLOCATE|[227]|Bytes:0
10:42:57.0 (39844861)|HEAP_ALLOCATE|[227]|Bytes:4
10:42:57.0 (39855366)|VARIABLE_SCOPE_BEGIN|[227]|lsInqOtherPeople|List<saInquiryReply__c>|true|false
10:42:57.0 (39869900)|VARIABLE_ASSIGNMENT|[227]|lsInqOtherPeople|[]|0x432f67b3
10:42:57.0 (39901616)|STATEMENT_EXECUTE|[234]
10:42:57.0 (39903858)|STATEMENT_EXECUTE|[240]
10:42:57.0 (39906714)|VARIABLE_SCOPE_BEGIN|[240]|lsTemplate|List<saInquiryReply__c>|true|false
10:42:57.0 (39917073)|VARIABLE_ASSIGNMENT|[240]|lsTemplate|null|
10:42:57.0 (40090719)|VARIABLE_ASSIGNMENT|[EXTERNAL]|this|{"BusinessLocationName":"","currentInquiryReply":"0x52af0912","currentInquiryReplyDetail":"0x441445f1","dailyReportId":"a0IN0000006RUllMAG","dCurrentDay":"2018-06-30T00:00:00Z","dCurrentMonth":"2018-07-01T00:00:00Z","iCurrentDay":0,"idBusinessLocation":"","isIPhone":false,"isPreview":true,"lsBusinessLocation":"0x113f217e","messageError":"","messageQuestion":"","mpQuestions":"0x65586fa7","myUser":"0x795cc8d0","sourceOfTheCall":"preview"}|0x41306b93
10:42:57.0 (40112268)|STATEMENT_EXECUTE|[252]
10:42:57.0 (40114350)|STATEMENT_EXECUTE|[253]
10:42:57.0 (40117764)|HEAP_ALLOCATE|[253]|Bytes:393
10:42:57.0 (40132125)|HEAP_ALLOCATE|[253]|Bytes:4
10:42:57.0 (40162414)|METHOD_ENTRY|[259]||System.UserInfo.getUserId()
10:42:57.0 (40185160)|METHOD_EXIT|[259]||System.UserInfo.getUserId()
10:42:57.0 (40673164)|SOQL_EXECUTE_BEGIN|[253]|Aggregations:0|SELECT Id, saBusinessLocation__c, Status__c, saInquiry__c, Comment__c FROM saInquiryReply__c WHERE (saInquiry__r.Type__c = 'DAILY_REPORT' AND (saInquiry__r.ValidFrom__c = NULL OR saInquiry__r.ValidFrom__c <= :tmpVar1) AND (saInquiry__r.ValidTo__c = NULL OR saInquiry__r.ValidTo__c >= :tmpVar2) AND DailyReportDate__c = NULL AND User__c = :tmpVar3) ORDER BY CreatedDate DESC NULLS FIRST LIMIT 1
10:42:57.0 (44757425)|SOQL_EXECUTE_END|[253]|Rows:1
10:42:57.0 (44776660)|HEAP_ALLOCATE|[253]|Bytes:8
10:42:57.0 (44790455)|HEAP_ALLOCATE|[253]|Bytes:89
10:42:57.0 (44814434)|HEAP_ALLOCATE|[253]|Bytes:8
10:42:57.0 (44840613)|VARIABLE_ASSIGNMENT|[253]|lsTemplate|[{"Id":"a0KN0000007Kg4nMAC","Status__c":"WAITING_REPLY","saInquiry__c":"a0IN0000006RUllMAG"}]|0x1b765a1b
10:42:57.0 (44847897)|STATEMENT_EXECUTE|[264]
10:42:57.0 (44851877)|HEAP_ALLOCATE|[264]|Bytes:11
10:42:57.0 (44943903)|HEAP_ALLOCATE|[264]|Bytes:101
10:42:57.0 (44966681)|HEAP_ALLOCATE|[264]|Bytes:112
10:42:57.0 (44986355)|USER_DEBUG|[264]|DEBUG|Template : (saInquiryReply__c:{Id=a0KN0000007Kg4nMAC, Status__c=WAITING_REPLY, saInquiry__c=a0IN0000006RUllMAG})
10:42:57.0 (45016049)|STATEMENT_EXECUTE|[265]
10:42:57.0 (45018810)|STATEMENT_EXECUTE|[271]
10:42:57.0 (45031361)|HEAP_ALLOCATE|[271]|Bytes:16
10:42:57.0 (45062277)|VARIABLE_SCOPE_BEGIN|[271]|idInquiry|Id|false|false
10:42:57.0 (45144437)|VARIABLE_ASSIGNMENT|[271]|idInquiry|"a0IN0000006RUllMAG"
10:42:57.0 (45154497)|STATEMENT_EXECUTE|[272]
10:42:57.0 (45180697)|HEAP_ALLOCATE|[272]|Bytes:4
10:42:57.0 (45448297)|VARIABLE_ASSIGNMENT|[EXTERNAL]|this|{"BusinessLocationName":"","currentInquiryReply":"0x52af0912","currentInquiryReplyDetail":"0x441445f1","dailyReportId":"a0IN0000006RUllMAG","dCurrentDay":"2018-06-30T00:00:00Z","dCurrentMonth":"2018-07-01T00:00:00Z","iCurrentDay":0,"idBusinessLocation":"","isIPhone":false,"isPreview":true,"lsBusinessLocation":"0x113f217e","messageError":"","messageQuestion":"","mpQuestions":"0x65586fa7","myUser":"0x795cc8d0","sourceOfTheCall":"preview"}|0x41306b93
10:42:57.0 (45467952)|VARIABLE_ASSIGNMENT|[EXTERNAL]|value|{}|0x1476bf6c
10:42:57.0 (45480939)|VARIABLE_ASSIGNMENT|[21]|this.currentInquiryReply|{}|0x41306b93
10:42:57.0 (45493163)|STATEMENT_EXECUTE|[273]
10:42:57.0 (45640791)|VARIABLE_ASSIGNMENT|[EXTERNAL]|this|{"BusinessLocationName":"","currentInquiryReply":"0x1476bf6c","currentInquiryReplyDetail":"0x441445f1","dailyReportId":"a0IN0000006RUllMAG","dCurrentDay":"2018-06-30T00:00:00Z","dCurrentMonth":"2018-07-01T00:00:00Z","iCurrentDay":0,"idBusinessLocation":"","isIPhone":false,"isPreview":true,"lsBusinessLocation":"0x113f217e","messageError":"","messageQuestion":"","mpQuestions":"0x65586fa7","myUser":"0x795cc8d0","sourceOfTheCall":"preview"}|0x41306b93
10:42:57.0 (45731592)|VARIABLE_ASSIGNMENT|[273]|this.saInquiry__c|"a0IN0000006RUllMAG"|0x1476bf6c
10:42:57.0 (45921254)|VARIABLE_ASSIGNMENT|[EXTERNAL]|this|{"BusinessLocationName":"","currentInquiryReply":"0x1476bf6c","currentInquiryReplyDetail":"0x441445f1","dailyReportId":"a0IN0000006RUllMAG","dCurrentDay":"2018-06-30T00:00:00Z","dCurrentMonth":"2018-07-01T00:00:00Z","iCurrentDay":0,"idBusinessLocation":"","isIPhone":false,"isPreview":true,"lsBusinessLocation":"0x113f217e","messageError":"","messageQuestion":"","mpQuestions":"0x65586fa7","myUser":"0x795cc8d0","sourceOfTheCall":"preview"}|0x41306b93
10:42:57.0 (45942555)|STATEMENT_EXECUTE|[277]
10:42:57.0 (45944755)|STATEMENT_EXECUTE|[280]
10:42:57.0 (45951583)|METHOD_ENTRY|[280]||System.UserInfo.getUserId()
10:42:57.0 (45975929)|METHOD_EXIT|[280]||System.UserInfo.getUserId()
10:42:57.0 (45989288)|HEAP_ALLOCATE|[280]|Bytes:4
10:42:57.0 (46131726)|VARIABLE_ASSIGNMENT|[EXTERNAL]|this|{"BusinessLocationName":"","currentInquiryReply":"0x1476bf6c","currentInquiryReplyDetail":"0x441445f1","dailyReportId":"a0IN0000006RUllMAG","dCurrentDay":"2018-06-30T00:00:00Z","dCurrentMonth":"2018-07-01T00:00:00Z","iCurrentDay":0,"idBusinessLocation":"","isIPhone":false,"isPreview":true,"lsBusinessLocation":"0x113f217e","messageError":"","messageQuestion":"","mpQuestions":"0x65586fa7","myUser":"0x795cc8d0","sourceOfTheCall":"preview"}|0x41306b93
10:42:57.0 (46193087)|VARIABLE_ASSIGNMENT|[280]|this.User__c|"005N00000057PfOIAU"|0x1476bf6c
10:42:57.0 (46200089)|STATEMENT_EXECUTE|[281]
10:42:57.0 (46350993)|VARIABLE_ASSIGNMENT|[EXTERNAL]|this|{"BusinessLocationName":"","currentInquiryReply":"0x1476bf6c","currentInquiryReplyDetail":"0x441445f1","dailyReportId":"a0IN0000006RUllMAG","dCurrentDay":"2018-06-30T00:00:00Z","dCurrentMonth":"2018-07-01T00:00:00Z","iCurrentDay":0,"idBusinessLocation":"","isIPhone":false,"isPreview":true,"lsBusinessLocation":"0x113f217e","messageError":"","messageQuestion":"","mpQuestions":"0x65586fa7","myUser":"0x795cc8d0","sourceOfTheCall":"preview"}|0x41306b93
10:42:57.0 (46416054)|VARIABLE_ASSIGNMENT|[281]|this.DailyReportDate__c|"2018-06-30T00:00:00.000Z"|0x1476bf6c
10:42:57.0 (46422904)|STATEMENT_EXECUTE|[282]
10:42:57.0 (46426774)|HEAP_ALLOCATE|[282]|Bytes:13
10:42:57.0 (46573294)|VARIABLE_ASSIGNMENT|[EXTERNAL]|this|{"BusinessLocationName":"","currentInquiryReply":"0x1476bf6c","currentInquiryReplyDetail":"0x441445f1","dailyReportId":"a0IN0000006RUllMAG","dCurrentDay":"2018-06-30T00:00:00Z","dCurrentMonth":"2018-07-01T00:00:00Z","iCurrentDay":0,"idBusinessLocation":"","isIPhone":false,"isPreview":true,"lsBusinessLocation":"0x113f217e","messageError":"","messageQuestion":"","mpQuestions":"0x65586fa7","myUser":"0x795cc8d0","sourceOfTheCall":"preview"}|0x41306b93
10:42:57.0 (46624240)|VARIABLE_ASSIGNMENT|[282]|this.Status__c|"WAITING_REPLY"|0x1476bf6c
10:42:57.0 (46630709)|STATEMENT_EXECUTE|[283]
10:42:57.0 (46770883)|VARIABLE_ASSIGNMENT|[EXTERNAL]|this|{"BusinessLocationName":"","currentInquiryReply":"0x1476bf6c","currentInquiryReplyDetail":"0x441445f1","dailyReportId":"a0IN0000006RUllMAG","dCurrentDay":"2018-06-30T00:00:00Z","dCurrentMonth":"2018-07-01T00:00:00Z","iCurrentDay":0,"idBusinessLocation":"","isIPhone":false,"isPreview":true,"lsBusinessLocation":"0x113f217e","messageError":"","messageQuestion":"","mpQuestions":"0x65586fa7","myUser":"0x795cc8d0","sourceOfTheCall":"preview"}|0x41306b93
10:42:57.0 (46815306)|VARIABLE_ASSIGNMENT|[283]|this.Comment__c|""|0x1476bf6c
10:42:57.0 (46821788)|STATEMENT_EXECUTE|[285]
10:42:57.0 (46825913)|HEAP_ALLOCATE|[285]|Bytes:625
10:42:57.0 (46840072)|HEAP_ALLOCATE|[285]|Bytes:4
10:42:57.0 (47365452)|SOQL_EXECUTE_BEGIN|[285]|Aggregations:0|SELECT Id, QuestionLabel__c, AnswerType__c, NumberPossibleReplies__c, IsShortReply__c, SortNo__c, IsRequired__c, Reply01Label__c, Reply02Label__c, Reply03Label__c, Reply04Label__c, Reply05Label__c, Reply06Label__c, Reply07Label__c, Reply08Label__c, Reply09Label__c, Reply10Label__c, Reply11Label__c, Reply12Label__c, Reply13Label__c, Reply14Label__c, Reply15Label__c, Reply16Label__c, Reply17Label__c, Reply18Label__c, Reply19Label__c, Reply20Label__c, Reply21Label__c, Reply22Label__c, Reply23Label__c, Reply24Label__c, Reply25Label__c FROM saInquiryDetail__c WHERE saInquiry__c = :tmpVar1 ORDER BY SortNo__c ASC NULLS FIRST
10:42:57.0 (56928966)|SOQL_EXECUTE_END|[285]|Rows:1
10:42:57.0 (56950808)|HEAP_ALLOCATE|[285]|Bytes:8
10:42:57.0 (56972562)|HEAP_ALLOCATE|[285]|Bytes:282
10:42:57.0 (57023439)|HEAP_ALLOCATE|[285]|Bytes:8
10:42:57.0 (57037677)|VARIABLE_SCOPE_BEGIN|[285]|lsTmpQuest|List<saInquiryDetail__c>|true|false
10:42:57.0 (57071297)|VARIABLE_ASSIGNMENT|[285]|lsTmpQuest|[{"Id":"a0JN0000008h2r2MAA","QuestionLabel__c":"Works?","AnswerType__c":"CHECKBOX","NumberPossibleReplies__c":2,"IsShortReply__c":true,"SortNo__c":0,"IsRequired__c":false,"Reply01Label__c":"Yes!","Reply02Label__c":"No!"}]|0x53b1d1be
10:42:57.0 (57241930)|HEAP_ALLOCATE|[295]|Bytes:5
10:42:57.0 (57259698)|HEAP_ALLOCATE|[295]|Bytes:40
10:42:57.0 (57268736)|VARIABLE_SCOPE_BEGIN|[295]|quest|saInquiryDetail__c|true|false
10:42:57.0 (57295275)|VARIABLE_ASSIGNMENT|[295]|quest|{"Id":"a0JN0000008h2r2MAA","QuestionLabel__c":"Works?","AnswerType__c":"CHECKBOX","NumberPossibleReplies__c":2,"IsShortReply__c":true,"SortNo__c":0,"IsRequired__c":false,"Reply01Label__c":"Yes!","Reply02Label__c":"No!"}|0xf5e614d
10:42:57.0 (57303476)|STATEMENT_EXECUTE|[295]
10:42:57.0 (57305558)|STATEMENT_EXECUTE|[296]
10:42:57.0 (57329408)|HEAP_ALLOCATE|[296]|Bytes:4
10:42:57.0 (57421204)|VARIABLE_SCOPE_BEGIN|[296]|questReply|saInquiryReplyDetail__c|true|false
10:42:57.0 (57434767)|VARIABLE_ASSIGNMENT|[296]|questReply|{}|0x523f7d39
10:42:57.0 (57441115)|STATEMENT_EXECUTE|[297]
10:42:57.0 (57531830)|VARIABLE_ASSIGNMENT|[297]|this.saInquiryDetail__c|"a0JN0000008h2r2MAA"|0x523f7d39
10:42:57.0 (57538635)|STATEMENT_EXECUTE|[298]
10:42:57.0 (57746619)|VARIABLE_ASSIGNMENT|[EXTERNAL]|this|{"BusinessLocationName":"","currentInquiryReply":"0x1476bf6c","currentInquiryReplyDetail":"0x441445f1","dailyReportId":"a0IN0000006RUllMAG","dCurrentDay":"2018-06-30T00:00:00Z","dCurrentMonth":"2018-07-01T00:00:00Z","iCurrentDay":0,"idBusinessLocation":"","isIPhone":false,"isPreview":true,"lsBusinessLocation":"0x113f217e","messageError":"","messageQuestion":"","mpQuestions":"0x65586fa7","myUser":"0x795cc8d0","sourceOfTheCall":"preview"}|0x41306b93
10:42:57.0 (57777524)|HEAP_ALLOCATE|[EXTERNAL]|Bytes:4
10:42:57.0 (57785552)|STATEMENT_EXECUTE|[299]
10:42:57.0 (57931766)|VARIABLE_ASSIGNMENT|[EXTERNAL]|this|{"BusinessLocationName":"","currentInquiryReply":"0x1476bf6c","currentInquiryReplyDetail":"0x441445f1","dailyReportId":"a0IN0000006RUllMAG","dCurrentDay":"2018-06-30T00:00:00Z","dCurrentMonth":"2018-07-01T00:00:00Z","iCurrentDay":0,"idBusinessLocation":"","isIPhone":false,"isPreview":true,"lsBusinessLocation":"0x113f217e","messageError":"","messageQuestion":"","mpQuestions":"0x65586fa7","myUser":"0x795cc8d0","sourceOfTheCall":"preview"}|0x41306b93
10:42:57.0 (57967205)|HEAP_ALLOCATE|[EXTERNAL]|Bytes:-4
10:42:57.0 (57984286)|HEAP_ALLOCATE|[295]|Bytes:5
10:42:57.0 (58007140)|VARIABLE_ASSIGNMENT|[295]|quest|null|
10:42:57.0 (58019531)|SYSTEM_MODE_EXIT|false
10:42:57.0 (80521892)|SYSTEM_MODE_ENTER|true
10:42:57.0 (80564647)|HEAP_ALLOCATE|[EXTERNAL]|Bytes:40
10:42:57.0 (80582300)|VARIABLE_ASSIGNMENT|[EXTERNAL]|this.iCountComments|null|0xb6a4ad4
10:42:57.0 (80655928)|SYSTEM_MODE_ENTER|true
10:42:57.0 (80678914)|HEAP_ALLOCATE|[EXTERNAL]|Bytes:40
10:42:57.0 (80692177)|VARIABLE_ASSIGNMENT|[EXTERNAL]|this.iCountLikes|null|0xb6a4ad4
10:42:57.0 (80787583)|SYSTEM_MODE_ENTER|true
10:42:57.0 (80845599)|HEAP_ALLOCATE|[EXTERNAL]|Bytes:76
10:42:57.0 (80857383)|VARIABLE_SCOPE_BEGIN|[92]|this|saDailyReportCtrl|true|false
10:42:57.0 (81206148)|VARIABLE_ASSIGNMENT|[92]|this|{"BusinessLocationName":"","currentInquiryReply":"0x1476bf6c","currentInquiryReplyDetail":"0x441445f1","dailyReportId":"a0IN0000006RUllMAG","dCurrentDay":"2018-06-30T00:00:00Z","dCurrentMonth":"2018-07-01T00:00:00Z","iCurrentDay":0,"idBusinessLocation":"","isIPhone":false,"isPreview":true,"lsBusinessLocation":"0x113f217e","messageError":"","messageQuestion":"","mpQuestions":"0x65586fa7","myUser":"0x795cc8d0","sourceOfTheCall":"preview"}|0x41306b93
10:42:57.0 (81236769)|SYSTEM_MODE_ENTER|false
10:42:57.0 (81247151)|HEAP_ALLOCATE|[92]|Bytes:5
10:42:57.0 (81255820)|STATEMENT_EXECUTE|[92]
10:42:57.0 (81258692)|STATEMENT_EXECUTE|[92]
10:42:57.0 (81265856)|SYSTEM_MODE_EXIT|false
10:42:57.0 (81340948)|SYSTEM_MODE_ENTER|true
10:42:57.0 (81377163)|HEAP_ALLOCATE|[EXTERNAL]|Bytes:8
10:42:57.0 (81384634)|HEAP_ALLOCATE|[EXTERNAL]|Bytes:40
10:42:57.0 (81397765)|VARIABLE_ASSIGNMENT|[EXTERNAL]|this.iTypeOfScreen|54|0xb6a4ad4
10:42:57.0 (81496860)|SYSTEM_MODE_ENTER|true
10:42:57.0 (81545851)|HEAP_ALLOCATE|[EXTERNAL]|Bytes:40
10:42:57.0 (81556125)|VARIABLE_SCOPE_BEGIN|[80]|this|auMainTopCompCtrl|true|false
10:42:57.0 (81612240)|VARIABLE_ASSIGNMENT|[80]|this|{"currentUser":"0x5f38aae4","iTypeOfScreen":54,"urlReportsSFA":"https://cs6.lightnin (84 more) ..."}|0xb6a4ad4
10:42:57.0 (81627132)|STATEMENT_EXECUTE|[80]
10:42:57.0 (81629994)|STATEMENT_EXECUTE|[81]
10:42:57.0 (81678033)|VARIABLE_ASSIGNMENT|[EXTERNAL]|this|{"currentUser":"0x5f38aae4","iTypeOfScreen":54,"urlReportsSFA":"https://cs6.lightnin (84 more) ..."}|0xb6a4ad4
10:42:57.0 (81738256)|VARIABLE_ASSIGNMENT|[EXTERNAL]|this|{"currentUser":"0x5f38aae4","iTypeOfScreen":54,"urlReportsSFA":"https://cs6.lightnin (84 more) ..."}|0xb6a4ad4
10:42:57.0 (81791519)|VARIABLE_ASSIGNMENT|[EXTERNAL]|this|{"currentUser":"0x5f38aae4","iTypeOfScreen":54,"urlReportsSFA":"https://cs6.lightnin (84 more) ..."}|0xb6a4ad4
10:42:57.0 (81842737)|VARIABLE_ASSIGNMENT|[EXTERNAL]|this|{"currentUser":"0x5f38aae4","iTypeOfScreen":54,"urlReportsSFA":"https://cs6.lightnin (84 more) ..."}|0xb6a4ad4
10:42:57.0 (81864139)|HEAP_ALLOCATE|[81]|Bytes:5
10:42:57.0 (81969806)|SYSTEM_MODE_ENTER|true
10:42:57.0 (82015588)|HEAP_ALLOCATE|[EXTERNAL]|Bytes:40
10:42:57.0 (82026033)|VARIABLE_SCOPE_BEGIN|[99]|this|auMainTopCompCtrl|true|false
10:42:57.0 (82070171)|VARIABLE_ASSIGNMENT|[99]|this|{"currentUser":"0x5f38aae4","iTypeOfScreen":54,"urlReportsSFA":"https://cs6.lightnin (84 more) ..."}|0xb6a4ad4
10:42:57.0 (82084060)|STATEMENT_EXECUTE|[99]
10:42:57.0 (82086756)|STATEMENT_EXECUTE|[100]
10:42:57.0 (82129009)|VARIABLE_ASSIGNMENT|[EXTERNAL]|this|{"currentUser":"0x5f38aae4","iTypeOfScreen":54,"urlReportsSFA":"https://cs6.lightnin (84 more) ..."}|0xb6a4ad4
10:42:57.0 (82152443)|HEAP_ALLOCATE|[100]|Bytes:5
10:42:57.0 (82289050)|SYSTEM_MODE_ENTER|true
10:42:57.0 (82411963)|SYSTEM_MODE_ENTER|true
10:42:57.0 (82510900)|SYSTEM_MODE_ENTER|true
10:42:57.0 (82684798)|SYSTEM_MODE_ENTER|true
10:42:57.0 (85038897)|SYSTEM_MODE_ENTER|true
10:42:57.0 (85120351)|SYSTEM_MODE_ENTER|true
10:42:57.0 (85711883)|SYSTEM_MODE_ENTER|true
10:42:57.0 (85754276)|HEAP_ALLOCATE|[EXTERNAL]|Bytes:76
10:42:57.0 (85763045)|VARIABLE_SCOPE_BEGIN|[141]|this|saDailyReportCtrl|true|false
10:42:57.0 (85939337)|VARIABLE_ASSIGNMENT|[141]|this|{"BusinessLocationName":"","currentInquiryReply":"0x1476bf6c","currentInquiryReplyDetail":"0x441445f1","dailyReportId":"a0IN0000006RUllMAG","dCurrentDay":"2018-06-30T00:00:00Z","dCurrentMonth":"2018-07-01T00:00:00Z","iCurrentDay":0,"idBusinessLocation":"","isIPhone":false,"isPreview":true,"lsBusinessLocation":"0x113f217e","messageError":"","messageQuestion":"","mpQuestions":"0x65586fa7","myUser":"0x795cc8d0","sourceOfTheCall":"preview"}|0x41306b93
10:42:57.0 (85959669)|SYSTEM_MODE_ENTER|false
10:42:57.0 (85967602)|HEAP_ALLOCATE|[142]|Bytes:5
10:42:57.0 (85973335)|STATEMENT_EXECUTE|[141]
10:42:57.0 (85975532)|STATEMENT_EXECUTE|[142]
10:42:57.0 (86040571)|HEAP_ALLOCATE|[142]|Bytes:4
10:42:57.0 (86053172)|HEAP_ALLOCATE|[142]|Bytes:1
10:42:57.0 (86076453)|HEAP_ALLOCATE|[142]|Bytes:1
10:42:57.0 (86085937)|HEAP_ALLOCATE|[142]|Bytes:1
10:42:57.0 (86112678)|HEAP_ALLOCATE|[142]|Bytes:2
10:42:57.0 (86129001)|HEAP_ALLOCATE|[142]|Bytes:9
10:42:57.0 (86135555)|HEAP_ALLOCATE|[142]|Bytes:10
10:42:57.0 (86142324)|SYSTEM_MODE_EXIT|false
10:42:57.0 (86358664)|SYSTEM_MODE_ENTER|true
10:42:57.0 (86969783)|SYSTEM_MODE_ENTER|true
10:42:57.0 (102817436)|VF_SERIALIZE_VIEWSTATE_BEGIN|066N0000000M4pW
10:42:57.0 (106340671)|VF_SERIALIZE_VIEWSTATE_END
10:42:57.109 (109722072)|CUMULATIVE_LIMIT_USAGE
10:42:57.109 (109722072)|LIMIT_USAGE_FOR_NS|(default)|
  Number of SOQL queries: 5 out of 100
  Number of query rows: 2 out of 50000
  Number of SOSL queries: 0 out of 20
  Number of DML statements: 0 out of 150
  Number of DML rows: 0 out of 10000
  Maximum CPU time: 0 out of 10000
  Maximum heap size: 0 out of 6000000
  Number of callouts: 0 out of 100
  Number of Email Invocations: 0 out of 10
  Number of future calls: 0 out of 50
  Number of queueable jobs added to the queue: 0 out of 50
  Number of Mobile Apex push calls: 0 out of 10

10:42:57.109 (109722072)|CUMULATIVE_LIMIT_USAGE_END

10:42:57.0 (109773608)|CODE_UNIT_FINISHED|VF: /apex/sadailyreport
10:42:57.0 (110565961)|EXECUTION_FINISHED
